2025-06-23 15:07:09,326 [INFO] Using device: cpu
2025-06-23 15:07:09,326 [INFO] 开始创建数据加载器...
2025-06-23 15:07:09,330 [INFO] Successfully loaded dataset ENZYMES from ./data, total graphs: 600
2025-06-23 15:07:09,330 [INFO] Class allocation analysis:
2025-06-23 15:07:09,330 [INFO]   Source classes: [0, 1, 2, 3]
2025-06-23 15:07:09,330 [INFO]   Target classes: [0, 1, 2, 3, 4, 5]
2025-06-23 15:07:09,330 [INFO]   Overlap classes (to be split): [0, 1, 2, 3]
2025-06-23 15:07:09,330 [INFO]   Target novel classes (unknown): [4, 5]
2025-06-23 15:07:09,344 [INFO]   Class 0: 100 total -> Source: 70, Target: 30
2025-06-23 15:07:09,345 [INFO]   Class 1: 100 total -> Source: 70, Target: 30
2025-06-23 15:07:09,345 [INFO]   Class 2: 100 total -> Source: 70, Target: 30
2025-06-23 15:07:09,345 [INFO]   Class 3: 100 total -> Source: 70, Target: 30
2025-06-23 15:07:09,345 [INFO]   Class 4 (novel/unknown): 100 samples -> Target
2025-06-23 15:07:09,345 [INFO]   Class 5 (novel/unknown): 100 samples -> Target
2025-06-23 15:07:09,345 [INFO] Final allocation:
2025-06-23 15:07:09,345 [INFO]   Source domain: 280 samples
2025-06-23 15:07:09,345 [INFO]   Target domain: 320 samples
2025-06-23 15:07:09,346 [INFO] Source domain setup:
2025-06-23 15:07:09,347 [INFO]   Original classes: [0, 1, 2, 3]
2025-06-23 15:07:09,347 [INFO]   Overlap classes used: [0, 1, 2, 3]
2025-06-23 15:07:09,347 [INFO]   Label mapping: {0: 0, 1: 1, 2: 2, 3: 3}
2025-06-23 15:07:09,347 [INFO]   Total data after allocation: 280
2025-06-23 15:07:09,347 [INFO]   Data split - Train: 224, Val: 56
2025-06-23 15:07:09,347 [INFO]   Train label distribution: {0: 56, 1: 56, 3: 56, 2: 56}
2025-06-23 15:07:09,347 [INFO]   Val label distribution: {1: 14, 2: 14, 0: 14, 3: 14}
2025-06-23 15:07:09,348 [INFO] Successfully loaded dataset ENZYMES from ./data, total graphs: 600
2025-06-23 15:07:09,348 [INFO] Class allocation analysis:
2025-06-23 15:07:09,348 [INFO]   Source classes: [0, 1, 2, 3]
2025-06-23 15:07:09,349 [INFO]   Target classes: [0, 1, 2, 3, 4, 5]
2025-06-23 15:07:09,349 [INFO]   Overlap classes (to be split): [0, 1, 2, 3]
2025-06-23 15:07:09,349 [INFO]   Target novel classes (unknown): [4, 5]
2025-06-23 15:07:09,362 [INFO]   Class 0: 100 total -> Source: 70, Target: 30
2025-06-23 15:07:09,362 [INFO]   Class 1: 100 total -> Source: 70, Target: 30
2025-06-23 15:07:09,362 [INFO]   Class 2: 100 total -> Source: 70, Target: 30
2025-06-23 15:07:09,362 [INFO]   Class 3: 100 total -> Source: 70, Target: 30
2025-06-23 15:07:09,362 [INFO]   Class 4 (novel/unknown): 100 samples -> Target
2025-06-23 15:07:09,362 [INFO]   Class 5 (novel/unknown): 100 samples -> Target
2025-06-23 15:07:09,362 [INFO] Final allocation:
2025-06-23 15:07:09,362 [INFO]   Source domain: 280 samples
2025-06-23 15:07:09,363 [INFO]   Target domain: 320 samples
2025-06-23 15:07:09,364 [INFO] Target domain setup:
2025-06-23 15:07:09,364 [INFO]   Original classes: [0, 1, 2, 3, 4, 5]
2025-06-23 15:07:09,364 [INFO]   Overlap classes: [0, 1, 2, 3]
2025-06-23 15:07:09,364 [INFO]   Novel classes: [4, 5] -> mapped to unknown label 4
2025-06-23 15:07:09,364 [INFO]   Label mapping: {0: 0, 1: 1, 2: 2, 3: 3, 4: 4, 5: 4}
2025-06-23 15:07:09,364 [INFO]   Total data after allocation: 320
2025-06-23 15:07:09,364 [INFO]   Data split - Train: 256, Val: 64
2025-06-23 15:07:09,364 [INFO]   Total count: 320 (known: 120, unknown: 200)
2025-06-23 15:07:09,364 [INFO]   Total label distribution: {4: 200, 3: 30, 0: 30, 1: 30, 2: 30}
2025-06-23 15:07:09,364 [INFO]   Train label distribution: {4: 160, 0: 24, 2: 24, 3: 24, 1: 24}
2025-06-23 15:07:09,364 [INFO]   Val label distribution: {1: 6, 4: 40, 3: 6, 0: 6, 2: 6}
2025-06-23 15:07:09,365 [INFO] 数据加载器创建完成!
2025-06-23 15:07:09,365 [INFO] 源域类别数: 4 (重叠类别)
2025-06-23 15:07:09,365 [INFO] 目标域类别数: 5 (4个重叠类别 + 1个未知类别)
2025-06-23 15:07:09,365 [INFO] 重叠类别: [0, 1, 2, 3]
2025-06-23 15:07:09,365 [INFO] 目标域新类别: [4, 5]
2025-06-23 15:07:09,365 [INFO] Data allocation verification:
2025-06-23 15:07:09,365 [INFO]   Source data samples: 280
2025-06-23 15:07:09,365 [INFO]   Target data samples: 320
2025-06-23 15:07:09,365 [INFO]   Overlapping samples: 0
2025-06-23 15:07:09,365 [INFO]   ✓ Data allocation is correct - no overlapping samples
2025-06-23 15:07:09,366 [INFO] Model initialized with 18052 parameters
2025-06-23 15:07:09,366 [INFO] Previous best validation accuracy read from record.txt: 0.6429
2025-06-23 15:07:09,366 [INFO] Starting training...
2025-06-23 15:07:09,381 [INFO] Epoch 001 | Train Loss: 11.3628 | Val Loss: 9.4462 | Val Acc: 0.2679
2025-06-23 15:07:10,531 [INFO] New best model at epoch 1 (Val Acc: 0.2679)
2025-06-23 15:07:10,546 [INFO] Epoch 002 | Train Loss: 6.7184 | Val Loss: 8.8691 | Val Acc: 0.2679
2025-06-23 15:07:10,560 [INFO] Epoch 003 | Train Loss: 5.6867 | Val Loss: 4.7897 | Val Acc: 0.3571
2025-06-23 15:07:10,562 [INFO] New best model at epoch 3 (Val Acc: 0.3571)
2025-06-23 15:07:10,576 [INFO] Epoch 004 | Train Loss: 4.7609 | Val Loss: 3.5345 | Val Acc: 0.4107
2025-06-23 15:07:10,578 [INFO] New best model at epoch 4 (Val Acc: 0.4107)
2025-06-23 15:07:10,592 [INFO] Epoch 005 | Train Loss: 5.5297 | Val Loss: 3.1560 | Val Acc: 0.2500
2025-06-23 15:07:10,613 [INFO] Epoch 006 | Train Loss: 4.1791 | Val Loss: 3.9755 | Val Acc: 0.3571
2025-06-23 15:07:10,630 [INFO] Epoch 007 | Train Loss: 4.2057 | Val Loss: 3.2704 | Val Acc: 0.3393
2025-06-23 15:07:10,642 [INFO] Epoch 008 | Train Loss: 3.7781 | Val Loss: 3.5167 | Val Acc: 0.3393
2025-06-23 15:07:10,654 [INFO] Epoch 009 | Train Loss: 3.6513 | Val Loss: 1.7590 | Val Acc: 0.3393
2025-06-23 15:07:10,665 [INFO] Epoch 010 | Train Loss: 2.6816 | Val Loss: 1.5480 | Val Acc: 0.4643
2025-06-23 15:07:11,783 [INFO] New best model at epoch 10 (Val Acc: 0.4643)
2025-06-23 15:07:11,795 [INFO] Epoch 011 | Train Loss: 3.1745 | Val Loss: 1.8079 | Val Acc: 0.3571
2025-06-23 15:07:11,809 [INFO] Epoch 012 | Train Loss: 2.7268 | Val Loss: 4.3084 | Val Acc: 0.2679
2025-06-23 15:07:11,824 [INFO] Epoch 013 | Train Loss: 3.6797 | Val Loss: 2.7287 | Val Acc: 0.3214
2025-06-23 15:07:11,838 [INFO] Epoch 014 | Train Loss: 3.5853 | Val Loss: 2.2723 | Val Acc: 0.4107
2025-06-23 15:07:11,853 [INFO] Epoch 015 | Train Loss: 2.2530 | Val Loss: 1.6318 | Val Acc: 0.2679
2025-06-23 15:07:11,869 [INFO] Epoch 016 | Train Loss: 2.2866 | Val Loss: 1.8601 | Val Acc: 0.2857
2025-06-23 15:07:11,883 [INFO] Epoch 017 | Train Loss: 1.9171 | Val Loss: 1.9035 | Val Acc: 0.3750
2025-06-23 15:07:11,895 [INFO] Epoch 018 | Train Loss: 1.7062 | Val Loss: 1.7397 | Val Acc: 0.3393
2025-06-23 15:07:11,906 [INFO] Epoch 019 | Train Loss: 1.8118 | Val Loss: 1.6432 | Val Acc: 0.3214
2025-06-23 15:07:11,917 [INFO] Epoch 020 | Train Loss: 1.8795 | Val Loss: 1.4580 | Val Acc: 0.3036
2025-06-23 15:07:13,081 [INFO] Epoch 021 | Train Loss: 1.9792 | Val Loss: 1.9258 | Val Acc: 0.3393
2025-06-23 15:07:13,094 [INFO] Epoch 022 | Train Loss: 1.6598 | Val Loss: 1.6233 | Val Acc: 0.3571
2025-06-23 15:07:13,110 [INFO] Epoch 023 | Train Loss: 1.6381 | Val Loss: 1.5006 | Val Acc: 0.3214
2025-06-23 15:07:13,125 [INFO] Epoch 024 | Train Loss: 1.7339 | Val Loss: 1.3631 | Val Acc: 0.4464
2025-06-23 15:07:13,138 [INFO] Epoch 025 | Train Loss: 1.5750 | Val Loss: 1.4989 | Val Acc: 0.3929
2025-06-23 15:07:13,152 [INFO] Epoch 026 | Train Loss: 1.7145 | Val Loss: 1.6048 | Val Acc: 0.3571
2025-06-23 15:07:13,166 [INFO] Epoch 027 | Train Loss: 1.5462 | Val Loss: 1.5615 | Val Acc: 0.2679
2025-06-23 15:07:13,178 [INFO] Epoch 028 | Train Loss: 1.5207 | Val Loss: 1.5728 | Val Acc: 0.2679
2025-06-23 15:07:13,190 [INFO] Epoch 029 | Train Loss: 1.5565 | Val Loss: 1.4277 | Val Acc: 0.4286
2025-06-23 15:07:13,201 [INFO] Epoch 030 | Train Loss: 1.5256 | Val Loss: 1.6994 | Val Acc: 0.4286
2025-06-23 15:07:14,325 [INFO] Epoch 031 | Train Loss: 1.6444 | Val Loss: 1.4220 | Val Acc: 0.3214
2025-06-23 15:07:14,338 [INFO] Epoch 032 | Train Loss: 1.7611 | Val Loss: 1.3689 | Val Acc: 0.3929
2025-06-23 15:07:14,352 [INFO] Epoch 033 | Train Loss: 1.6167 | Val Loss: 1.9324 | Val Acc: 0.3393
2025-06-23 15:07:14,367 [INFO] Epoch 034 | Train Loss: 1.6966 | Val Loss: 1.6470 | Val Acc: 0.2857
2025-06-23 15:07:14,381 [INFO] Epoch 035 | Train Loss: 1.4942 | Val Loss: 1.4301 | Val Acc: 0.2857
2025-06-23 15:07:14,395 [INFO] Epoch 036 | Train Loss: 1.6140 | Val Loss: 1.9827 | Val Acc: 0.2500
2025-06-23 15:07:14,410 [INFO] Epoch 037 | Train Loss: 1.6986 | Val Loss: 1.4449 | Val Acc: 0.3571
2025-06-23 15:07:14,422 [INFO] Epoch 038 | Train Loss: 1.4352 | Val Loss: 1.3629 | Val Acc: 0.4464
2025-06-23 15:07:14,433 [INFO] Epoch 039 | Train Loss: 1.3837 | Val Loss: 1.2412 | Val Acc: 0.3929
2025-06-23 15:07:14,445 [INFO] Epoch 040 | Train Loss: 1.3990 | Val Loss: 1.3594 | Val Acc: 0.3036
2025-06-23 15:07:15,631 [INFO] Epoch 041 | Train Loss: 1.3720 | Val Loss: 1.4169 | Val Acc: 0.4107
2025-06-23 15:07:15,645 [INFO] Epoch 042 | Train Loss: 1.3905 | Val Loss: 1.4207 | Val Acc: 0.3036
2025-06-23 15:07:15,660 [INFO] Epoch 043 | Train Loss: 1.3142 | Val Loss: 1.2710 | Val Acc: 0.4464
2025-06-23 15:07:15,675 [INFO] Epoch 044 | Train Loss: 1.4240 | Val Loss: 1.2889 | Val Acc: 0.4286
2025-06-23 15:07:15,690 [INFO] Epoch 045 | Train Loss: 1.3276 | Val Loss: 1.6024 | Val Acc: 0.2321
2025-06-23 15:07:15,704 [INFO] Epoch 046 | Train Loss: 1.4716 | Val Loss: 1.3615 | Val Acc: 0.4464
2025-06-23 15:07:15,718 [INFO] Epoch 047 | Train Loss: 1.3682 | Val Loss: 1.5756 | Val Acc: 0.3393
2025-06-23 15:07:15,730 [INFO] Epoch 048 | Train Loss: 1.3143 | Val Loss: 1.4948 | Val Acc: 0.3929
2025-06-23 15:07:15,741 [INFO] Epoch 049 | Train Loss: 1.2705 | Val Loss: 1.4748 | Val Acc: 0.3393
2025-06-23 15:07:15,752 [INFO] Epoch 050 | Train Loss: 1.3489 | Val Loss: 1.2687 | Val Acc: 0.5000
2025-06-23 15:07:18,919 [INFO] New best model at epoch 50 (Val Acc: 0.5000)
2025-06-23 15:07:18,978 [INFO] Epoch 051 | Train Loss: 1.3239 | Val Loss: 1.3480 | Val Acc: 0.3571
2025-06-23 15:07:19,004 [INFO] Epoch 052 | Train Loss: 1.4135 | Val Loss: 1.3872 | Val Acc: 0.3750
2025-06-23 15:07:19,033 [INFO] Epoch 053 | Train Loss: 1.4354 | Val Loss: 1.4619 | Val Acc: 0.3393
2025-06-23 15:07:19,046 [INFO] Epoch 054 | Train Loss: 1.3397 | Val Loss: 1.3325 | Val Acc: 0.4643
2025-06-23 15:07:19,058 [INFO] Epoch 055 | Train Loss: 1.3420 | Val Loss: 1.4858 | Val Acc: 0.3750
2025-06-23 15:07:19,069 [INFO] Epoch 056 | Train Loss: 1.3417 | Val Loss: 1.5167 | Val Acc: 0.2679
2025-06-23 15:07:19,081 [INFO] Epoch 057 | Train Loss: 1.2996 | Val Loss: 1.3955 | Val Acc: 0.3571
2025-06-23 15:07:19,094 [INFO] Epoch 058 | Train Loss: 1.1695 | Val Loss: 1.3216 | Val Acc: 0.3929
2025-06-23 15:07:19,120 [INFO] Epoch 059 | Train Loss: 1.2950 | Val Loss: 1.4254 | Val Acc: 0.3750
2025-06-23 15:07:19,131 [INFO] Epoch 060 | Train Loss: 1.3284 | Val Loss: 1.3312 | Val Acc: 0.4286
2025-06-23 15:07:20,295 [INFO] Epoch 061 | Train Loss: 1.2953 | Val Loss: 1.3498 | Val Acc: 0.4464
2025-06-23 15:07:20,310 [INFO] Epoch 062 | Train Loss: 1.3151 | Val Loss: 1.3165 | Val Acc: 0.4286
2025-06-23 15:07:20,325 [INFO] Epoch 063 | Train Loss: 1.2764 | Val Loss: 1.3621 | Val Acc: 0.4643
2025-06-23 15:07:20,338 [INFO] Epoch 064 | Train Loss: 1.2250 | Val Loss: 1.3853 | Val Acc: 0.3750
2025-06-23 15:07:20,349 [INFO] Epoch 065 | Train Loss: 1.2882 | Val Loss: 1.3254 | Val Acc: 0.4286
2025-06-23 15:07:20,362 [INFO] Epoch 066 | Train Loss: 1.2570 | Val Loss: 1.3645 | Val Acc: 0.4107
2025-06-23 15:07:20,373 [INFO] Epoch 067 | Train Loss: 1.2516 | Val Loss: 1.3247 | Val Acc: 0.3571
2025-06-23 15:07:20,384 [INFO] Epoch 068 | Train Loss: 1.2912 | Val Loss: 1.3517 | Val Acc: 0.4107
2025-06-23 15:07:20,398 [INFO] Epoch 069 | Train Loss: 1.3524 | Val Loss: 1.4938 | Val Acc: 0.3750
2025-06-23 15:07:20,415 [INFO] Epoch 070 | Train Loss: 1.2248 | Val Loss: 1.4201 | Val Acc: 0.3571
2025-06-23 15:07:22,487 [INFO] Epoch 071 | Train Loss: 1.2449 | Val Loss: 1.3247 | Val Acc: 0.3929
2025-06-23 15:07:22,502 [INFO] Epoch 072 | Train Loss: 1.2200 | Val Loss: 1.3275 | Val Acc: 0.3929
2025-06-23 15:07:22,518 [INFO] Epoch 073 | Train Loss: 1.2632 | Val Loss: 1.3332 | Val Acc: 0.4107
2025-06-23 15:07:22,537 [INFO] Epoch 074 | Train Loss: 1.2457 | Val Loss: 1.2972 | Val Acc: 0.4286
2025-06-23 15:07:22,554 [INFO] Epoch 075 | Train Loss: 1.2205 | Val Loss: 1.4226 | Val Acc: 0.4464
2025-06-23 15:07:22,569 [INFO] Epoch 076 | Train Loss: 1.2317 | Val Loss: 1.4457 | Val Acc: 0.3214
2025-06-23 15:07:22,584 [INFO] Epoch 077 | Train Loss: 1.1588 | Val Loss: 1.4092 | Val Acc: 0.3750
2025-06-23 15:07:22,597 [INFO] Epoch 078 | Train Loss: 1.1629 | Val Loss: 1.3860 | Val Acc: 0.3393
2025-06-23 15:07:22,609 [INFO] Epoch 079 | Train Loss: 1.1502 | Val Loss: 1.2975 | Val Acc: 0.4643
2025-06-23 15:07:22,622 [INFO] Epoch 080 | Train Loss: 1.1880 | Val Loss: 1.3202 | Val Acc: 0.3750
2025-06-23 15:07:23,886 [INFO] Epoch 081 | Train Loss: 1.1315 | Val Loss: 1.3091 | Val Acc: 0.4107
2025-06-23 15:07:23,898 [INFO] Epoch 082 | Train Loss: 1.1239 | Val Loss: 1.3740 | Val Acc: 0.3750
2025-06-23 15:07:23,920 [INFO] Epoch 083 | Train Loss: 1.1906 | Val Loss: 1.4163 | Val Acc: 0.3393
2025-06-23 15:07:23,938 [INFO] Epoch 084 | Train Loss: 1.1794 | Val Loss: 1.3772 | Val Acc: 0.4464
2025-06-23 15:07:23,952 [INFO] Epoch 085 | Train Loss: 1.2260 | Val Loss: 1.6791 | Val Acc: 0.3036
2025-06-23 15:07:23,967 [INFO] Epoch 086 | Train Loss: 1.1637 | Val Loss: 1.4713 | Val Acc: 0.3393
2025-06-23 15:07:23,989 [INFO] Epoch 087 | Train Loss: 1.1812 | Val Loss: 1.3824 | Val Acc: 0.3750
2025-06-23 15:07:24,033 [INFO] Epoch 088 | Train Loss: 1.2296 | Val Loss: 1.3566 | Val Acc: 0.3750
2025-06-23 15:07:24,072 [INFO] Epoch 089 | Train Loss: 1.1628 | Val Loss: 1.3548 | Val Acc: 0.3571
2025-06-23 15:07:24,091 [INFO] Epoch 090 | Train Loss: 1.1678 | Val Loss: 1.3288 | Val Acc: 0.4107
2025-06-23 15:07:25,225 [INFO] Epoch 091 | Train Loss: 1.1346 | Val Loss: 1.4620 | Val Acc: 0.3036
2025-06-23 15:07:25,236 [INFO] Epoch 092 | Train Loss: 1.1476 | Val Loss: 1.4401 | Val Acc: 0.3750
2025-06-23 15:07:25,251 [INFO] Epoch 093 | Train Loss: 1.1428 | Val Loss: 1.3918 | Val Acc: 0.3750
2025-06-23 15:07:25,266 [INFO] Epoch 094 | Train Loss: 1.2087 | Val Loss: 1.3370 | Val Acc: 0.4107
2025-06-23 15:07:25,281 [INFO] Epoch 095 | Train Loss: 1.1700 | Val Loss: 1.2702 | Val Acc: 0.4821
2025-06-23 15:07:25,295 [INFO] Epoch 096 | Train Loss: 1.1567 | Val Loss: 1.3035 | Val Acc: 0.4107
2025-06-23 15:07:25,309 [INFO] Epoch 097 | Train Loss: 1.1569 | Val Loss: 1.3229 | Val Acc: 0.4286
2025-06-23 15:07:25,320 [INFO] Epoch 098 | Train Loss: 1.1585 | Val Loss: 1.3305 | Val Acc: 0.4286
2025-06-23 15:07:25,332 [INFO] Epoch 099 | Train Loss: 1.2165 | Val Loss: 1.3451 | Val Acc: 0.3214
2025-06-23 15:07:25,343 [INFO] Epoch 100 | Train Loss: 1.1758 | Val Loss: 1.3424 | Val Acc: 0.3214
2025-06-23 15:07:26,491 [INFO] Best model saved to <built-in function time>/ENZYMES/best/best_source_gin.pth (Val Acc: 0.5000 at epoch 50)
2025-06-23 15:07:26,492 [INFO] Training/validation metrics saved to <built-in function time>/ENZYMES/GIN_0.01/train_metrics.csv
2025-06-23 15:07:30,186 [INFO] Final training curves saved
2025-06-23 15:07:30,186 [INFO] Training completed!
2025-06-23 15:07:30,186 [INFO] Best validation accuracy: 0.5000
2025-06-23 15:07:30,186 [INFO] Best epoch: 50
2025-06-23 15:07:30,186 [INFO] Total epochs trained: 100
2025-06-23 15:07:30,187 [INFO] Starting training with parameters: (0.01, 0.3, 128, 1, 100, 0.0001)
