2025-06-22 11:50:47,268 [INFO] Using device: cpu
2025-06-22 11:50:47,268 [INFO] 开始创建数据加载器...
2025-06-22 11:50:47,283 [INFO] Successfully loaded dataset ENZYMES from ./data, total graphs: 600
2025-06-22 11:50:47,283 [INFO] Class allocation analysis:
2025-06-22 11:50:47,283 [INFO]   Source classes: [0, 1, 2, 3]
2025-06-22 11:50:47,283 [INFO]   Target classes: [0, 1, 2, 3, 4, 5]
2025-06-22 11:50:47,283 [INFO]   Overlap classes (to be split): [0, 1, 2, 3]
2025-06-22 11:50:47,283 [INFO]   Target novel classes (unknown): [4, 5]
2025-06-22 11:50:47,299 [INFO]   Class 0: 100 total -> Source: 70, Target: 30
2025-06-22 11:50:47,299 [INFO]   Class 1: 100 total -> Source: 70, Target: 30
2025-06-22 11:50:47,299 [INFO]   Class 2: 100 total -> Source: 70, Target: 30
2025-06-22 11:50:47,299 [INFO]   Class 3: 100 total -> Source: 70, Target: 30
2025-06-22 11:50:47,299 [INFO]   Class 4 (novel/unknown): 100 samples -> Target
2025-06-22 11:50:47,299 [INFO]   Class 5 (novel/unknown): 100 samples -> Target
2025-06-22 11:50:47,300 [INFO] Final allocation:
2025-06-22 11:50:47,300 [INFO]   Source domain: 280 samples
2025-06-22 11:50:47,300 [INFO]   Target domain: 320 samples
2025-06-22 11:50:47,301 [INFO] Source domain setup:
2025-06-22 11:50:47,301 [INFO]   Original classes: [0, 1, 2, 3]
2025-06-22 11:50:47,301 [INFO]   Overlap classes used: [0, 1, 2, 3]
2025-06-22 11:50:47,301 [INFO]   Label mapping: {0: 0, 1: 1, 2: 2, 3: 3}
2025-06-22 11:50:47,301 [INFO]   Total data after allocation: 280
2025-06-22 11:50:47,301 [INFO]   Data split - Train: 224, Val: 56
2025-06-22 11:50:47,301 [INFO]   Train label distribution: {0: 56, 1: 56, 3: 56, 2: 56}
2025-06-22 11:50:47,301 [INFO]   Val label distribution: {1: 14, 2: 14, 0: 14, 3: 14}
2025-06-22 11:50:47,303 [INFO] Successfully loaded dataset ENZYMES from ./data, total graphs: 600
2025-06-22 11:50:47,303 [INFO] Class allocation analysis:
2025-06-22 11:50:47,303 [INFO]   Source classes: [0, 1, 2, 3]
2025-06-22 11:50:47,303 [INFO]   Target classes: [0, 1, 2, 3, 4, 5]
2025-06-22 11:50:47,303 [INFO]   Overlap classes (to be split): [0, 1, 2, 3]
2025-06-22 11:50:47,303 [INFO]   Target novel classes (unknown): [4, 5]
2025-06-22 11:50:47,316 [INFO]   Class 0: 100 total -> Source: 70, Target: 30
2025-06-22 11:50:47,316 [INFO]   Class 1: 100 total -> Source: 70, Target: 30
2025-06-22 11:50:47,316 [INFO]   Class 2: 100 total -> Source: 70, Target: 30
2025-06-22 11:50:47,317 [INFO]   Class 3: 100 total -> Source: 70, Target: 30
2025-06-22 11:50:47,317 [INFO]   Class 4 (novel/unknown): 100 samples -> Target
2025-06-22 11:50:47,317 [INFO]   Class 5 (novel/unknown): 100 samples -> Target
2025-06-22 11:50:47,317 [INFO] Final allocation:
2025-06-22 11:50:47,317 [INFO]   Source domain: 280 samples
2025-06-22 11:50:47,317 [INFO]   Target domain: 320 samples
2025-06-22 11:50:47,318 [INFO] Target domain setup:
2025-06-22 11:50:47,318 [INFO]   Original classes: [0, 1, 2, 3, 4, 5]
2025-06-22 11:50:47,318 [INFO]   Overlap classes: [0, 1, 2, 3]
2025-06-22 11:50:47,318 [INFO]   Novel classes: [4, 5] -> mapped to unknown label 4
2025-06-22 11:50:47,318 [INFO]   Label mapping: {0: 0, 1: 1, 2: 2, 3: 3, 4: 4, 5: 4}
2025-06-22 11:50:47,318 [INFO]   Total data after allocation: 320
2025-06-22 11:50:47,318 [INFO]   Data split - Train: 256, Val: 64
2025-06-22 11:50:47,318 [INFO]   Total count: 320 (known: 120, unknown: 200)
2025-06-22 11:50:47,318 [INFO]   Total label distribution: {4: 200, 3: 30, 0: 30, 1: 30, 2: 30}
2025-06-22 11:50:47,318 [INFO]   Train label distribution: {4: 160, 0: 24, 2: 24, 3: 24, 1: 24}
2025-06-22 11:50:47,318 [INFO]   Val label distribution: {1: 6, 4: 40, 3: 6, 0: 6, 2: 6}
2025-06-22 11:50:47,319 [INFO] 数据加载器创建完成!
2025-06-22 11:50:47,319 [INFO] 源域类别数: 4 (重叠类别)
2025-06-22 11:50:47,319 [INFO] 目标域类别数: 5 (4个重叠类别 + 1个未知类别)
2025-06-22 11:50:47,319 [INFO] 重叠类别: [0, 1, 2, 3]
2025-06-22 11:50:47,319 [INFO] 目标域新类别: [4, 5]
2025-06-22 11:50:47,319 [INFO] Data allocation verification:
2025-06-22 11:50:47,319 [INFO]   Source data samples: 280
2025-06-22 11:50:47,319 [INFO]   Target data samples: 320
2025-06-22 11:50:47,319 [INFO]   Overlapping samples: 0
2025-06-22 11:50:47,319 [INFO]   ✓ Data allocation is correct - no overlapping samples
2025-06-22 11:50:47,321 [INFO] Model initialized with 3684 parameters
2025-06-22 11:50:47,321 [INFO] Previous best validation accuracy read from record.txt: 0.6250
2025-06-22 11:50:47,321 [INFO] Starting training...
2025-06-22 11:50:47,345 [INFO] Epoch 001 | Train Loss: 6.3087 | Val Loss: 3.0630 | Val Acc: 0.2679
2025-06-22 11:50:48,179 [INFO] New best model at epoch 1 (Val Acc: 0.2679)
2025-06-22 11:50:48,205 [INFO] Epoch 002 | Train Loss: 3.7077 | Val Loss: 3.1925 | Val Acc: 0.2679
2025-06-22 11:50:48,222 [INFO] Epoch 003 | Train Loss: 2.6285 | Val Loss: 2.7826 | Val Acc: 0.2143
2025-06-22 11:50:48,236 [INFO] Epoch 004 | Train Loss: 1.9960 | Val Loss: 2.0579 | Val Acc: 0.3214
2025-06-22 11:50:48,238 [INFO] New best model at epoch 4 (Val Acc: 0.3214)
2025-06-22 11:50:48,253 [INFO] Epoch 005 | Train Loss: 1.6090 | Val Loss: 1.8106 | Val Acc: 0.3214
2025-06-22 11:50:48,269 [INFO] Epoch 006 | Train Loss: 1.6994 | Val Loss: 1.8708 | Val Acc: 0.1964
2025-06-22 11:50:48,290 [INFO] Epoch 007 | Train Loss: 1.6202 | Val Loss: 1.5667 | Val Acc: 0.2857
2025-06-22 11:50:48,306 [INFO] Epoch 008 | Train Loss: 1.5571 | Val Loss: 1.4911 | Val Acc: 0.3036
2025-06-22 11:50:48,324 [INFO] Epoch 009 | Train Loss: 1.8901 | Val Loss: 1.5635 | Val Acc: 0.3571
2025-06-22 11:50:48,326 [INFO] New best model at epoch 9 (Val Acc: 0.3571)
2025-06-22 11:50:48,348 [INFO] Epoch 010 | Train Loss: 1.6930 | Val Loss: 1.8768 | Val Acc: 0.2143
2025-06-22 11:50:49,174 [INFO] Epoch 011 | Train Loss: 1.6722 | Val Loss: 1.7023 | Val Acc: 0.2321
2025-06-22 11:50:49,191 [INFO] Epoch 012 | Train Loss: 1.5192 | Val Loss: 1.6713 | Val Acc: 0.3214
2025-06-22 11:50:49,211 [INFO] Epoch 013 | Train Loss: 1.3913 | Val Loss: 1.7214 | Val Acc: 0.3214
2025-06-22 11:50:49,233 [INFO] Epoch 014 | Train Loss: 1.6079 | Val Loss: 2.0371 | Val Acc: 0.3393
2025-06-22 11:50:49,268 [INFO] Epoch 015 | Train Loss: 1.4291 | Val Loss: 1.7356 | Val Acc: 0.3571
2025-06-22 11:50:49,281 [INFO] Epoch 016 | Train Loss: 1.4612 | Val Loss: 1.8546 | Val Acc: 0.2500
2025-06-22 11:50:49,295 [INFO] Epoch 017 | Train Loss: 1.4930 | Val Loss: 1.4605 | Val Acc: 0.3393
2025-06-22 11:50:49,309 [INFO] Epoch 018 | Train Loss: 1.2374 | Val Loss: 1.5672 | Val Acc: 0.3214
2025-06-22 11:50:49,323 [INFO] Epoch 019 | Train Loss: 1.3044 | Val Loss: 1.7963 | Val Acc: 0.4464
2025-06-22 11:50:49,325 [INFO] New best model at epoch 19 (Val Acc: 0.4464)
2025-06-22 11:50:49,337 [INFO] Epoch 020 | Train Loss: 1.3647 | Val Loss: 1.4115 | Val Acc: 0.3214
2025-06-22 11:50:50,148 [INFO] Epoch 021 | Train Loss: 1.3680 | Val Loss: 1.6110 | Val Acc: 0.2679
2025-06-22 11:50:50,168 [INFO] Epoch 022 | Train Loss: 1.2060 | Val Loss: 1.4234 | Val Acc: 0.4107
2025-06-22 11:50:50,186 [INFO] Epoch 023 | Train Loss: 1.4303 | Val Loss: 1.9581 | Val Acc: 0.2679
2025-06-22 11:50:50,206 [INFO] Epoch 024 | Train Loss: 1.3694 | Val Loss: 1.8940 | Val Acc: 0.4286
2025-06-22 11:50:50,223 [INFO] Epoch 025 | Train Loss: 1.4094 | Val Loss: 1.5769 | Val Acc: 0.2500
2025-06-22 11:50:50,242 [INFO] Epoch 026 | Train Loss: 1.3165 | Val Loss: 1.7332 | Val Acc: 0.3929
2025-06-22 11:50:50,256 [INFO] Epoch 027 | Train Loss: 1.5141 | Val Loss: 1.4894 | Val Acc: 0.4107
2025-06-22 11:50:50,273 [INFO] Epoch 028 | Train Loss: 1.6456 | Val Loss: 1.9082 | Val Acc: 0.2500
2025-06-22 11:50:50,290 [INFO] Epoch 029 | Train Loss: 1.4300 | Val Loss: 1.4126 | Val Acc: 0.3929
2025-06-22 11:50:50,307 [INFO] Epoch 030 | Train Loss: 1.1579 | Val Loss: 1.4942 | Val Acc: 0.3214
2025-06-22 11:50:51,116 [INFO] Epoch 031 | Train Loss: 1.3597 | Val Loss: 1.3761 | Val Acc: 0.3571
2025-06-22 11:50:51,130 [INFO] Epoch 032 | Train Loss: 1.2703 | Val Loss: 1.5825 | Val Acc: 0.3214
2025-06-22 11:50:51,143 [INFO] Epoch 033 | Train Loss: 1.2661 | Val Loss: 1.3353 | Val Acc: 0.3571
2025-06-22 11:50:51,160 [INFO] Epoch 034 | Train Loss: 1.2438 | Val Loss: 1.6680 | Val Acc: 0.3393
2025-06-22 11:50:51,177 [INFO] Epoch 035 | Train Loss: 1.1513 | Val Loss: 1.6582 | Val Acc: 0.2857
2025-06-22 11:50:51,197 [INFO] Epoch 036 | Train Loss: 1.0812 | Val Loss: 1.6181 | Val Acc: 0.4107
2025-06-22 11:50:51,215 [INFO] Epoch 037 | Train Loss: 1.0559 | Val Loss: 1.4251 | Val Acc: 0.3393
2025-06-22 11:50:51,231 [INFO] Epoch 038 | Train Loss: 1.0892 | Val Loss: 1.5640 | Val Acc: 0.3929
2025-06-22 11:50:51,245 [INFO] Epoch 039 | Train Loss: 1.1967 | Val Loss: 1.5400 | Val Acc: 0.4107
2025-06-22 11:50:51,258 [INFO] Epoch 040 | Train Loss: 1.2106 | Val Loss: 1.5938 | Val Acc: 0.3393
2025-06-22 11:50:52,064 [INFO] Epoch 041 | Train Loss: 1.1725 | Val Loss: 1.5835 | Val Acc: 0.3571
2025-06-22 11:50:52,080 [INFO] Epoch 042 | Train Loss: 1.1066 | Val Loss: 1.6095 | Val Acc: 0.3571
2025-06-22 11:50:52,097 [INFO] Epoch 043 | Train Loss: 1.0460 | Val Loss: 1.6712 | Val Acc: 0.2857
2025-06-22 11:50:52,114 [INFO] Epoch 044 | Train Loss: 1.0039 | Val Loss: 1.4714 | Val Acc: 0.3036
2025-06-22 11:50:52,131 [INFO] Epoch 045 | Train Loss: 0.9979 | Val Loss: 1.5188 | Val Acc: 0.4643
2025-06-22 11:50:52,134 [INFO] New best model at epoch 45 (Val Acc: 0.4643)
2025-06-22 11:50:52,150 [INFO] Epoch 046 | Train Loss: 1.0827 | Val Loss: 1.5308 | Val Acc: 0.4107
2025-06-22 11:50:52,171 [INFO] Epoch 047 | Train Loss: 1.0248 | Val Loss: 1.5564 | Val Acc: 0.3036
2025-06-22 11:50:52,185 [INFO] Epoch 048 | Train Loss: 1.0619 | Val Loss: 1.5006 | Val Acc: 0.2321
2025-06-22 11:50:52,198 [INFO] Epoch 049 | Train Loss: 1.0473 | Val Loss: 1.7556 | Val Acc: 0.2857
2025-06-22 11:50:52,212 [INFO] Epoch 050 | Train Loss: 1.0292 | Val Loss: 1.7396 | Val Acc: 0.3036
2025-06-22 11:50:53,118 [INFO] Epoch 051 | Train Loss: 1.0462 | Val Loss: 1.6749 | Val Acc: 0.3750
2025-06-22 11:50:53,143 [INFO] Epoch 052 | Train Loss: 0.9657 | Val Loss: 1.8311 | Val Acc: 0.3571
2025-06-22 11:50:53,166 [INFO] Epoch 053 | Train Loss: 0.9404 | Val Loss: 1.5986 | Val Acc: 0.4286
2025-06-22 11:50:53,183 [INFO] Epoch 054 | Train Loss: 0.9392 | Val Loss: 1.6458 | Val Acc: 0.4286
2025-06-22 11:50:53,199 [INFO] Epoch 055 | Train Loss: 0.9354 | Val Loss: 1.4511 | Val Acc: 0.4821
2025-06-22 11:50:53,202 [INFO] New best model at epoch 55 (Val Acc: 0.4821)
2025-06-22 11:50:53,216 [INFO] Epoch 056 | Train Loss: 0.9195 | Val Loss: 1.6270 | Val Acc: 0.3929
2025-06-22 11:50:53,230 [INFO] Epoch 057 | Train Loss: 0.9762 | Val Loss: 2.0718 | Val Acc: 0.4464
2025-06-22 11:50:53,244 [INFO] Epoch 058 | Train Loss: 0.9986 | Val Loss: 1.5554 | Val Acc: 0.4464
2025-06-22 11:50:53,258 [INFO] Epoch 059 | Train Loss: 0.9562 | Val Loss: 1.4191 | Val Acc: 0.3571
2025-06-22 11:50:53,272 [INFO] Epoch 060 | Train Loss: 0.9701 | Val Loss: 1.5635 | Val Acc: 0.4286
2025-06-22 11:50:54,086 [INFO] Epoch 061 | Train Loss: 0.9309 | Val Loss: 1.7507 | Val Acc: 0.3393
2025-06-22 11:50:54,099 [INFO] Epoch 062 | Train Loss: 0.9037 | Val Loss: 1.8835 | Val Acc: 0.3571
2025-06-22 11:50:54,115 [INFO] Epoch 063 | Train Loss: 0.9237 | Val Loss: 1.6578 | Val Acc: 0.3571
2025-06-22 11:50:54,130 [INFO] Epoch 064 | Train Loss: 0.8413 | Val Loss: 1.5318 | Val Acc: 0.3393
2025-06-22 11:50:54,146 [INFO] Epoch 065 | Train Loss: 0.9111 | Val Loss: 1.6270 | Val Acc: 0.4821
2025-06-22 11:50:54,162 [INFO] Epoch 066 | Train Loss: 0.9750 | Val Loss: 1.7801 | Val Acc: 0.3393
2025-06-22 11:50:54,190 [INFO] Epoch 067 | Train Loss: 0.8178 | Val Loss: 1.7632 | Val Acc: 0.4107
2025-06-22 11:50:54,213 [INFO] Epoch 068 | Train Loss: 0.9676 | Val Loss: 1.8944 | Val Acc: 0.3393
2025-06-22 11:50:54,226 [INFO] Epoch 069 | Train Loss: 1.0686 | Val Loss: 2.1302 | Val Acc: 0.3929
2025-06-22 11:50:54,240 [INFO] Epoch 070 | Train Loss: 0.8991 | Val Loss: 2.1346 | Val Acc: 0.4107
2025-06-22 11:50:55,063 [INFO] Epoch 071 | Train Loss: 0.9015 | Val Loss: 1.8323 | Val Acc: 0.4107
2025-06-22 11:50:55,078 [INFO] Epoch 072 | Train Loss: 0.9424 | Val Loss: 1.5967 | Val Acc: 0.4107
2025-06-22 11:50:55,094 [INFO] Epoch 073 | Train Loss: 0.9431 | Val Loss: 1.9707 | Val Acc: 0.3393
2025-06-22 11:50:55,110 [INFO] Epoch 074 | Train Loss: 0.9239 | Val Loss: 1.4537 | Val Acc: 0.4821
2025-06-22 11:50:55,126 [INFO] Epoch 075 | Train Loss: 0.8666 | Val Loss: 1.8230 | Val Acc: 0.3750
2025-06-22 11:50:55,145 [INFO] Epoch 076 | Train Loss: 0.8907 | Val Loss: 1.6653 | Val Acc: 0.4286
2025-06-22 11:50:55,162 [INFO] Epoch 077 | Train Loss: 0.9034 | Val Loss: 1.7959 | Val Acc: 0.3571
2025-06-22 11:50:55,176 [INFO] Epoch 078 | Train Loss: 0.8488 | Val Loss: 1.9236 | Val Acc: 0.3929
2025-06-22 11:50:55,189 [INFO] Epoch 079 | Train Loss: 0.8379 | Val Loss: 1.7142 | Val Acc: 0.3929
2025-06-22 11:50:55,203 [INFO] Epoch 080 | Train Loss: 0.8124 | Val Loss: 1.8315 | Val Acc: 0.4464
2025-06-22 11:50:56,532 [INFO] Epoch 081 | Train Loss: 0.7732 | Val Loss: 1.6786 | Val Acc: 0.4107
2025-06-22 11:50:56,547 [INFO] Epoch 082 | Train Loss: 0.7770 | Val Loss: 1.7269 | Val Acc: 0.4286
2025-06-22 11:50:56,564 [INFO] Epoch 083 | Train Loss: 0.8417 | Val Loss: 2.1413 | Val Acc: 0.2857
2025-06-22 11:50:56,587 [INFO] Epoch 084 | Train Loss: 0.8289 | Val Loss: 1.8297 | Val Acc: 0.3393
2025-06-22 11:50:56,607 [INFO] Epoch 085 | Train Loss: 0.7300 | Val Loss: 1.5528 | Val Acc: 0.4464
2025-06-22 11:50:56,625 [INFO] Epoch 086 | Train Loss: 0.9071 | Val Loss: 1.8673 | Val Acc: 0.3571
2025-06-22 11:50:56,642 [INFO] Epoch 087 | Train Loss: 0.7102 | Val Loss: 1.8109 | Val Acc: 0.4107
2025-06-22 11:50:56,656 [INFO] Epoch 088 | Train Loss: 0.8472 | Val Loss: 1.5027 | Val Acc: 0.3929
2025-06-22 11:50:56,672 [INFO] Epoch 089 | Train Loss: 0.8509 | Val Loss: 1.7279 | Val Acc: 0.4107
2025-06-22 11:50:56,688 [INFO] Epoch 090 | Train Loss: 0.8123 | Val Loss: 1.7972 | Val Acc: 0.4643
2025-06-22 11:50:57,498 [INFO] Epoch 091 | Train Loss: 0.7643 | Val Loss: 1.6235 | Val Acc: 0.4464
2025-06-22 11:50:57,512 [INFO] Epoch 092 | Train Loss: 0.9034 | Val Loss: 1.9696 | Val Acc: 0.3214
2025-06-22 11:50:57,529 [INFO] Epoch 093 | Train Loss: 0.8913 | Val Loss: 2.3808 | Val Acc: 0.4643
2025-06-22 11:50:57,547 [INFO] Epoch 094 | Train Loss: 0.7596 | Val Loss: 2.3452 | Val Acc: 0.3214
2025-06-22 11:50:57,562 [INFO] Epoch 095 | Train Loss: 0.7779 | Val Loss: 1.9230 | Val Acc: 0.3571
2025-06-22 11:50:57,595 [INFO] Epoch 096 | Train Loss: 0.6801 | Val Loss: 1.7339 | Val Acc: 0.4107
2025-06-22 11:50:57,608 [INFO] Epoch 097 | Train Loss: 0.6868 | Val Loss: 1.7982 | Val Acc: 0.3929
2025-06-22 11:50:57,622 [INFO] Epoch 098 | Train Loss: 0.6763 | Val Loss: 1.9988 | Val Acc: 0.3750
2025-06-22 11:50:57,636 [INFO] Epoch 099 | Train Loss: 0.6506 | Val Loss: 1.6848 | Val Acc: 0.5179
2025-06-22 11:50:57,638 [INFO] New best model at epoch 99 (Val Acc: 0.5179)
2025-06-22 11:50:57,650 [INFO] Epoch 100 | Train Loss: 0.7167 | Val Loss: 1.7527 | Val Acc: 0.3750
2025-06-22 11:50:58,442 [INFO] Best model saved to <built-in function time>/ENZYMES/best/best_source_gin.pth (Val Acc: 0.5179 at epoch 99)
2025-06-22 11:50:58,442 [INFO] Training/validation metrics saved to <built-in function time>/ENZYMES/GIN_0.01/train_metrics.csv
2025-06-22 11:51:00,797 [INFO] Final training curves saved
2025-06-22 11:51:00,798 [INFO] Training completed!
2025-06-22 11:51:00,798 [INFO] Best validation accuracy: 0.5179
2025-06-22 11:51:00,798 [INFO] Best epoch: 99
2025-06-22 11:51:00,798 [INFO] Total epochs trained: 100
2025-06-22 11:51:00,799 [INFO] Starting training with parameters: (0.01, 0.0, 32, 2, 150, 0.0)
