2025-06-21 20:09:14,251 [INFO] Using device: cpu
2025-06-21 20:09:14,251 [INFO] 开始创建数据加载器...
2025-06-21 20:09:14,253 [INFO] Successfully loaded dataset ENZYMES from ./data, total graphs: 600
2025-06-21 20:09:14,253 [INFO] Class allocation analysis:
2025-06-21 20:09:14,253 [INFO]   Source classes: [0, 1, 2, 3]
2025-06-21 20:09:14,253 [INFO]   Target classes: [0, 1, 2, 3, 4, 5]
2025-06-21 20:09:14,253 [INFO]   Overlap classes (to be split): [0, 1, 2, 3]
2025-06-21 20:09:14,253 [INFO]   Target novel classes (unknown): [4, 5]
2025-06-21 20:09:14,266 [INFO]   Class 0: 100 total -> Source: 70, Target: 30
2025-06-21 20:09:14,266 [INFO]   Class 1: 100 total -> Source: 70, Target: 30
2025-06-21 20:09:14,267 [INFO]   Class 2: 100 total -> Source: 70, Target: 30
2025-06-21 20:09:14,267 [INFO]   Class 3: 100 total -> Source: 70, Target: 30
2025-06-21 20:09:14,267 [INFO]   Class 4 (novel/unknown): 100 samples -> Target
2025-06-21 20:09:14,267 [INFO]   Class 5 (novel/unknown): 100 samples -> Target
2025-06-21 20:09:14,267 [INFO] Final allocation:
2025-06-21 20:09:14,267 [INFO]   Source domain: 280 samples
2025-06-21 20:09:14,267 [INFO]   Target domain: 320 samples
2025-06-21 20:09:14,268 [INFO] Source domain setup:
2025-06-21 20:09:14,268 [INFO]   Original classes: [0, 1, 2, 3]
2025-06-21 20:09:14,268 [INFO]   Overlap classes used: [0, 1, 2, 3]
2025-06-21 20:09:14,268 [INFO]   Label mapping: {0: 0, 1: 1, 2: 2, 3: 3}
2025-06-21 20:09:14,268 [INFO]   Total data after allocation: 280
2025-06-21 20:09:14,268 [INFO]   Data split - Train: 224, Val: 56
2025-06-21 20:09:14,268 [INFO]   Train label distribution: {0: 56, 1: 56, 3: 56, 2: 56}
2025-06-21 20:09:14,268 [INFO]   Val label distribution: {1: 14, 2: 14, 0: 14, 3: 14}
2025-06-21 20:09:14,270 [INFO] Successfully loaded dataset ENZYMES from ./data, total graphs: 600
2025-06-21 20:09:14,270 [INFO] Class allocation analysis:
2025-06-21 20:09:14,270 [INFO]   Source classes: [0, 1, 2, 3]
2025-06-21 20:09:14,270 [INFO]   Target classes: [0, 1, 2, 3, 4, 5]
2025-06-21 20:09:14,270 [INFO]   Overlap classes (to be split): [0, 1, 2, 3]
2025-06-21 20:09:14,270 [INFO]   Target novel classes (unknown): [4, 5]
2025-06-21 20:09:14,283 [INFO]   Class 0: 100 total -> Source: 70, Target: 30
2025-06-21 20:09:14,283 [INFO]   Class 1: 100 total -> Source: 70, Target: 30
2025-06-21 20:09:14,283 [INFO]   Class 2: 100 total -> Source: 70, Target: 30
2025-06-21 20:09:14,284 [INFO]   Class 3: 100 total -> Source: 70, Target: 30
2025-06-21 20:09:14,284 [INFO]   Class 4 (novel/unknown): 100 samples -> Target
2025-06-21 20:09:14,284 [INFO]   Class 5 (novel/unknown): 100 samples -> Target
2025-06-21 20:09:14,284 [INFO] Final allocation:
2025-06-21 20:09:14,284 [INFO]   Source domain: 280 samples
2025-06-21 20:09:14,284 [INFO]   Target domain: 320 samples
2025-06-21 20:09:14,285 [INFO] Target domain setup:
2025-06-21 20:09:14,285 [INFO]   Original classes: [0, 1, 2, 3, 4, 5]
2025-06-21 20:09:14,285 [INFO]   Overlap classes: [0, 1, 2, 3]
2025-06-21 20:09:14,285 [INFO]   Novel classes: [4, 5] -> mapped to unknown label 4
2025-06-21 20:09:14,285 [INFO]   Label mapping: {0: 0, 1: 1, 2: 2, 3: 3, 4: 4, 5: 4}
2025-06-21 20:09:14,285 [INFO]   Total data after allocation: 320
2025-06-21 20:09:14,285 [INFO]   Data split - Train: 256, Val: 64
2025-06-21 20:09:14,285 [INFO]   Total count: 320 (known: 120, unknown: 200)
2025-06-21 20:09:14,285 [INFO]   Total label distribution: {4: 200, 3: 30, 0: 30, 1: 30, 2: 30}
2025-06-21 20:09:14,285 [INFO]   Train label distribution: {4: 160, 0: 24, 2: 24, 3: 24, 1: 24}
2025-06-21 20:09:14,285 [INFO]   Val label distribution: {1: 6, 4: 40, 3: 6, 0: 6, 2: 6}
2025-06-21 20:09:14,286 [INFO] 数据加载器创建完成!
2025-06-21 20:09:14,286 [INFO] 源域类别数: 4 (重叠类别)
2025-06-21 20:09:14,286 [INFO] 目标域类别数: 5 (4个重叠类别 + 1个未知类别)
2025-06-21 20:09:14,286 [INFO] 重叠类别: [0, 1, 2, 3]
2025-06-21 20:09:14,286 [INFO] 目标域新类别: [4, 5]
2025-06-21 20:09:14,286 [INFO] Data allocation verification:
2025-06-21 20:09:14,286 [INFO]   Source data samples: 280
2025-06-21 20:09:14,286 [INFO]   Target data samples: 320
2025-06-21 20:09:14,286 [INFO]   Overlapping samples: 0
2025-06-21 20:09:14,286 [INFO]   ✓ Data allocation is correct - no overlapping samples
2025-06-21 20:09:14,289 [INFO] Model initialized with 599300 parameters
2025-06-21 20:09:14,289 [INFO] Previous best validation accuracy read from record.txt: 0.6250
2025-06-21 20:09:14,290 [INFO] Starting training...
2025-06-21 20:09:14,368 [INFO] Epoch 001 | Train Loss: 10.9630 | Val Loss: 1.3856 | Val Acc: 0.2679
2025-06-21 20:09:14,627 [INFO] New best model at epoch 1 (Val Acc: 0.2679)
2025-06-21 20:09:14,710 [INFO] Epoch 002 | Train Loss: 7.8661 | Val Loss: 1.5006 | Val Acc: 0.2500
2025-06-21 20:09:14,796 [INFO] Epoch 003 | Train Loss: 8.1517 | Val Loss: 1.7163 | Val Acc: 0.2679
2025-06-21 20:09:14,919 [INFO] Epoch 004 | Train Loss: 6.5433 | Val Loss: 2.0120 | Val Acc: 0.2857
2025-06-21 20:09:14,936 [INFO] New best model at epoch 4 (Val Acc: 0.2857)
2025-06-21 20:09:15,025 [INFO] Epoch 005 | Train Loss: 5.8778 | Val Loss: 2.3923 | Val Acc: 0.2857
2025-06-21 20:09:15,126 [INFO] Epoch 006 | Train Loss: 7.6016 | Val Loss: 3.7165 | Val Acc: 0.3214
2025-06-21 20:09:15,143 [INFO] New best model at epoch 6 (Val Acc: 0.3214)
2025-06-21 20:09:15,243 [INFO] Epoch 007 | Train Loss: 6.2850 | Val Loss: 4.0077 | Val Acc: 0.1964
2025-06-21 20:09:15,363 [INFO] Epoch 008 | Train Loss: 6.3847 | Val Loss: 4.0241 | Val Acc: 0.2143
2025-06-21 20:09:15,465 [INFO] Epoch 009 | Train Loss: 4.9536 | Val Loss: 4.7602 | Val Acc: 0.2321
2025-06-21 20:09:15,597 [INFO] Epoch 010 | Train Loss: 5.5037 | Val Loss: 4.5280 | Val Acc: 0.3750
2025-06-21 20:09:15,892 [INFO] New best model at epoch 10 (Val Acc: 0.3750)
2025-06-21 20:09:16,008 [INFO] Epoch 011 | Train Loss: 5.7020 | Val Loss: 4.2636 | Val Acc: 0.3929
2025-06-21 20:09:16,024 [INFO] New best model at epoch 11 (Val Acc: 0.3929)
2025-06-21 20:09:16,137 [INFO] Epoch 012 | Train Loss: 5.5215 | Val Loss: 4.3617 | Val Acc: 0.4643
2025-06-21 20:09:16,156 [INFO] New best model at epoch 12 (Val Acc: 0.4643)
2025-06-21 20:09:16,290 [INFO] Epoch 013 | Train Loss: 5.5210 | Val Loss: 5.3028 | Val Acc: 0.3750
2025-06-21 20:09:16,409 [INFO] Epoch 014 | Train Loss: 4.7074 | Val Loss: 4.6713 | Val Acc: 0.4286
2025-06-21 20:09:16,526 [INFO] Epoch 015 | Train Loss: 4.3855 | Val Loss: 4.1127 | Val Acc: 0.3929
2025-06-21 20:09:16,647 [INFO] Epoch 016 | Train Loss: 5.9225 | Val Loss: 5.1939 | Val Acc: 0.4464
2025-06-21 20:09:16,774 [INFO] Epoch 017 | Train Loss: 3.9250 | Val Loss: 5.0961 | Val Acc: 0.4643
2025-06-21 20:09:16,896 [INFO] Epoch 018 | Train Loss: 4.3229 | Val Loss: 5.2173 | Val Acc: 0.4821
2025-06-21 20:09:16,914 [INFO] New best model at epoch 18 (Val Acc: 0.4821)
2025-06-21 20:09:17,015 [INFO] Epoch 019 | Train Loss: 4.7888 | Val Loss: 5.4680 | Val Acc: 0.4643
2025-06-21 20:09:17,118 [INFO] Epoch 020 | Train Loss: 3.8171 | Val Loss: 4.8804 | Val Acc: 0.3750
2025-06-21 20:09:17,628 [INFO] Epoch 021 | Train Loss: 4.2513 | Val Loss: 3.8280 | Val Acc: 0.3750
2025-06-21 20:09:17,782 [INFO] Epoch 022 | Train Loss: 4.0501 | Val Loss: 4.2661 | Val Acc: 0.3929
2025-06-21 20:09:17,962 [INFO] Epoch 023 | Train Loss: 4.5333 | Val Loss: 4.8234 | Val Acc: 0.4286
2025-06-21 20:09:18,130 [INFO] Epoch 024 | Train Loss: 4.8237 | Val Loss: 5.0971 | Val Acc: 0.4464
2025-06-21 20:09:18,272 [INFO] Epoch 025 | Train Loss: 3.6777 | Val Loss: 5.2542 | Val Acc: 0.5179
2025-06-21 20:09:18,292 [INFO] New best model at epoch 25 (Val Acc: 0.5179)
2025-06-21 20:09:18,450 [INFO] Epoch 026 | Train Loss: 3.9709 | Val Loss: 6.2270 | Val Acc: 0.3571
2025-06-21 20:09:18,597 [INFO] Epoch 027 | Train Loss: 2.9969 | Val Loss: 4.7859 | Val Acc: 0.3750
2025-06-21 20:09:18,704 [INFO] Epoch 028 | Train Loss: 3.6693 | Val Loss: 4.4846 | Val Acc: 0.4643
2025-06-21 20:09:18,809 [INFO] Epoch 029 | Train Loss: 3.9051 | Val Loss: 4.6806 | Val Acc: 0.4286
2025-06-21 20:09:18,911 [INFO] Epoch 030 | Train Loss: 4.0852 | Val Loss: 5.4882 | Val Acc: 0.4464
2025-06-21 20:09:19,319 [INFO] Epoch 031 | Train Loss: 3.5535 | Val Loss: 6.8376 | Val Acc: 0.4107
2025-06-21 20:09:19,418 [INFO] Epoch 032 | Train Loss: 2.4517 | Val Loss: 6.9013 | Val Acc: 0.4464
2025-06-21 20:09:19,517 [INFO] Epoch 033 | Train Loss: 4.3275 | Val Loss: 4.9381 | Val Acc: 0.4464
2025-06-21 20:09:19,617 [INFO] Epoch 034 | Train Loss: 4.5262 | Val Loss: 4.0003 | Val Acc: 0.4464
2025-06-21 20:09:19,757 [INFO] Epoch 035 | Train Loss: 2.8174 | Val Loss: 3.7554 | Val Acc: 0.4286
2025-06-21 20:09:19,873 [INFO] Epoch 036 | Train Loss: 3.3194 | Val Loss: 4.0999 | Val Acc: 0.4286
2025-06-21 20:09:19,991 [INFO] Epoch 037 | Train Loss: 2.8133 | Val Loss: 4.2680 | Val Acc: 0.4643
2025-06-21 20:09:20,097 [INFO] Epoch 038 | Train Loss: 2.8662 | Val Loss: 4.4383 | Val Acc: 0.5000
2025-06-21 20:09:20,304 [INFO] Epoch 039 | Train Loss: 3.1548 | Val Loss: 4.2601 | Val Acc: 0.4821
2025-06-21 20:09:20,403 [INFO] Epoch 040 | Train Loss: 2.5472 | Val Loss: 4.3807 | Val Acc: 0.5000
2025-06-21 20:09:20,792 [INFO] Epoch 041 | Train Loss: 3.5913 | Val Loss: 3.9785 | Val Acc: 0.5000
2025-06-21 20:09:20,889 [INFO] Epoch 042 | Train Loss: 3.3875 | Val Loss: 4.9827 | Val Acc: 0.4643
2025-06-21 20:09:20,988 [INFO] Epoch 043 | Train Loss: 2.3654 | Val Loss: 5.5080 | Val Acc: 0.4286
2025-06-21 20:09:21,090 [INFO] Epoch 044 | Train Loss: 2.5406 | Val Loss: 5.7628 | Val Acc: 0.4107
2025-06-21 20:09:21,196 [INFO] Epoch 045 | Train Loss: 3.0270 | Val Loss: 5.2279 | Val Acc: 0.3571
2025-06-21 20:09:21,328 [INFO] Epoch 046 | Train Loss: 2.0515 | Val Loss: 4.3600 | Val Acc: 0.4107
2025-06-21 20:09:21,427 [INFO] Epoch 047 | Train Loss: 3.5396 | Val Loss: 4.3361 | Val Acc: 0.4286
2025-06-21 20:09:21,529 [INFO] Epoch 048 | Train Loss: 2.4081 | Val Loss: 4.0758 | Val Acc: 0.4286
2025-06-21 20:09:21,625 [INFO] Epoch 049 | Train Loss: 3.2654 | Val Loss: 3.9643 | Val Acc: 0.4464
2025-06-21 20:09:21,736 [INFO] Epoch 050 | Train Loss: 2.9812 | Val Loss: 3.7251 | Val Acc: 0.5000
2025-06-21 20:09:22,248 [INFO] Best model saved to <built-in function time>/ENZYMES/best/best_source_gin.pth (Val Acc: 0.5179 at epoch 25)
2025-06-21 20:09:22,248 [INFO] Training/validation metrics saved to <built-in function time>/ENZYMES/GIN_0.0001/train_metrics.csv
2025-06-21 20:09:22,525 [INFO] Final training curves saved
2025-06-21 20:09:22,525 [INFO] Training completed!
2025-06-21 20:09:22,525 [INFO] Best validation accuracy: 0.5179
2025-06-21 20:09:22,525 [INFO] Best epoch: 25
2025-06-21 20:09:22,525 [INFO] Total epochs trained: 50
2025-06-21 20:09:22,525 [INFO] Starting training with parameters: (0.0001, 0.4, 256, 5, 50, 0.001)
