2025-06-22 08:03:05,490 [INFO] Using device: cpu
2025-06-22 08:03:05,490 [INFO] 开始创建数据加载器...
2025-06-22 08:03:05,493 [INFO] Successfully loaded dataset ENZYMES from ./data, total graphs: 600
2025-06-22 08:03:05,493 [INFO] Class allocation analysis:
2025-06-22 08:03:05,493 [INFO]   Source classes: [0, 1, 2, 3]
2025-06-22 08:03:05,493 [INFO]   Target classes: [0, 1, 2, 3, 4, 5]
2025-06-22 08:03:05,493 [INFO]   Overlap classes (to be split): [0, 1, 2, 3]
2025-06-22 08:03:05,493 [INFO]   Target novel classes (unknown): [4, 5]
2025-06-22 08:03:05,507 [INFO]   Class 0: 100 total -> Source: 70, Target: 30
2025-06-22 08:03:05,507 [INFO]   Class 1: 100 total -> Source: 70, Target: 30
2025-06-22 08:03:05,507 [INFO]   Class 2: 100 total -> Source: 70, Target: 30
2025-06-22 08:03:05,507 [INFO]   Class 3: 100 total -> Source: 70, Target: 30
2025-06-22 08:03:05,507 [INFO]   Class 4 (novel/unknown): 100 samples -> Target
2025-06-22 08:03:05,507 [INFO]   Class 5 (novel/unknown): 100 samples -> Target
2025-06-22 08:03:05,507 [INFO] Final allocation:
2025-06-22 08:03:05,507 [INFO]   Source domain: 280 samples
2025-06-22 08:03:05,507 [INFO]   Target domain: 320 samples
2025-06-22 08:03:05,508 [INFO] Source domain setup:
2025-06-22 08:03:05,508 [INFO]   Original classes: [0, 1, 2, 3]
2025-06-22 08:03:05,509 [INFO]   Overlap classes used: [0, 1, 2, 3]
2025-06-22 08:03:05,509 [INFO]   Label mapping: {0: 0, 1: 1, 2: 2, 3: 3}
2025-06-22 08:03:05,509 [INFO]   Total data after allocation: 280
2025-06-22 08:03:05,509 [INFO]   Data split - Train: 224, Val: 56
2025-06-22 08:03:05,509 [INFO]   Train label distribution: {0: 56, 1: 56, 3: 56, 2: 56}
2025-06-22 08:03:05,509 [INFO]   Val label distribution: {1: 14, 2: 14, 0: 14, 3: 14}
2025-06-22 08:03:05,510 [INFO] Successfully loaded dataset ENZYMES from ./data, total graphs: 600
2025-06-22 08:03:05,510 [INFO] Class allocation analysis:
2025-06-22 08:03:05,510 [INFO]   Source classes: [0, 1, 2, 3]
2025-06-22 08:03:05,510 [INFO]   Target classes: [0, 1, 2, 3, 4, 5]
2025-06-22 08:03:05,510 [INFO]   Overlap classes (to be split): [0, 1, 2, 3]
2025-06-22 08:03:05,510 [INFO]   Target novel classes (unknown): [4, 5]
2025-06-22 08:03:05,523 [INFO]   Class 0: 100 total -> Source: 70, Target: 30
2025-06-22 08:03:05,523 [INFO]   Class 1: 100 total -> Source: 70, Target: 30
2025-06-22 08:03:05,523 [INFO]   Class 2: 100 total -> Source: 70, Target: 30
2025-06-22 08:03:05,524 [INFO]   Class 3: 100 total -> Source: 70, Target: 30
2025-06-22 08:03:05,524 [INFO]   Class 4 (novel/unknown): 100 samples -> Target
2025-06-22 08:03:05,524 [INFO]   Class 5 (novel/unknown): 100 samples -> Target
2025-06-22 08:03:05,524 [INFO] Final allocation:
2025-06-22 08:03:05,524 [INFO]   Source domain: 280 samples
2025-06-22 08:03:05,524 [INFO]   Target domain: 320 samples
2025-06-22 08:03:05,525 [INFO] Target domain setup:
2025-06-22 08:03:05,525 [INFO]   Original classes: [0, 1, 2, 3, 4, 5]
2025-06-22 08:03:05,525 [INFO]   Overlap classes: [0, 1, 2, 3]
2025-06-22 08:03:05,525 [INFO]   Novel classes: [4, 5] -> mapped to unknown label 4
2025-06-22 08:03:05,525 [INFO]   Label mapping: {0: 0, 1: 1, 2: 2, 3: 3, 4: 4, 5: 4}
2025-06-22 08:03:05,525 [INFO]   Total data after allocation: 320
2025-06-22 08:03:05,525 [INFO]   Data split - Train: 256, Val: 64
2025-06-22 08:03:05,525 [INFO]   Total count: 320 (known: 120, unknown: 200)
2025-06-22 08:03:05,525 [INFO]   Total label distribution: {4: 200, 3: 30, 0: 30, 1: 30, 2: 30}
2025-06-22 08:03:05,526 [INFO]   Train label distribution: {4: 160, 0: 24, 2: 24, 3: 24, 1: 24}
2025-06-22 08:03:05,526 [INFO]   Val label distribution: {1: 6, 4: 40, 3: 6, 0: 6, 2: 6}
2025-06-22 08:03:05,526 [INFO] 数据加载器创建完成!
2025-06-22 08:03:05,526 [INFO] 源域类别数: 4 (重叠类别)
2025-06-22 08:03:05,526 [INFO] 目标域类别数: 5 (4个重叠类别 + 1个未知类别)
2025-06-22 08:03:05,526 [INFO] 重叠类别: [0, 1, 2, 3]
2025-06-22 08:03:05,526 [INFO] 目标域新类别: [4, 5]
2025-06-22 08:03:05,526 [INFO] Data allocation verification:
2025-06-22 08:03:05,526 [INFO]   Source data samples: 280
2025-06-22 08:03:05,526 [INFO]   Target data samples: 320
2025-06-22 08:03:05,526 [INFO]   Overlapping samples: 0
2025-06-22 08:03:05,526 [INFO]   ✓ Data allocation is correct - no overlapping samples
2025-06-22 08:03:05,529 [INFO] Model initialized with 466692 parameters
2025-06-22 08:03:05,530 [INFO] Previous best validation accuracy read from record.txt: 0.6250
2025-06-22 08:03:05,530 [INFO] Starting training...
2025-06-22 08:03:05,626 [INFO] Epoch 001 | Train Loss: 11.5571 | Val Loss: 1.6142 | Val Acc: 0.2500
2025-06-22 08:03:06,342 [INFO] New best model at epoch 1 (Val Acc: 0.2500)
2025-06-22 08:03:06,427 [INFO] Epoch 002 | Train Loss: 8.0285 | Val Loss: 1.4652 | Val Acc: 0.2679
2025-06-22 08:03:06,438 [INFO] New best model at epoch 2 (Val Acc: 0.2679)
2025-06-22 08:03:06,503 [INFO] Epoch 003 | Train Loss: 7.0561 | Val Loss: 2.0474 | Val Acc: 0.2500
2025-06-22 08:03:06,563 [INFO] Epoch 004 | Train Loss: 7.3136 | Val Loss: 2.1796 | Val Acc: 0.3571
2025-06-22 08:03:06,574 [INFO] New best model at epoch 4 (Val Acc: 0.3571)
2025-06-22 08:03:06,627 [INFO] Epoch 005 | Train Loss: 5.5421 | Val Loss: 2.6321 | Val Acc: 0.4107
2025-06-22 08:03:06,638 [INFO] New best model at epoch 5 (Val Acc: 0.4107)
2025-06-22 08:03:06,691 [INFO] Epoch 006 | Train Loss: 5.4364 | Val Loss: 4.2499 | Val Acc: 0.3750
2025-06-22 08:03:06,754 [INFO] Epoch 007 | Train Loss: 4.9769 | Val Loss: 3.9283 | Val Acc: 0.3214
2025-06-22 08:03:06,818 [INFO] Epoch 008 | Train Loss: 4.5804 | Val Loss: 3.0847 | Val Acc: 0.3750
2025-06-22 08:03:06,880 [INFO] Epoch 009 | Train Loss: 5.2983 | Val Loss: 3.7913 | Val Acc: 0.3750
2025-06-22 08:03:06,948 [INFO] Epoch 010 | Train Loss: 5.0263 | Val Loss: 4.2969 | Val Acc: 0.4464
2025-06-22 08:03:09,455 [INFO] New best model at epoch 10 (Val Acc: 0.4464)
2025-06-22 08:03:09,586 [INFO] Epoch 011 | Train Loss: 4.0914 | Val Loss: 4.4436 | Val Acc: 0.3214
2025-06-22 08:03:09,652 [INFO] Epoch 012 | Train Loss: 4.9297 | Val Loss: 3.9896 | Val Acc: 0.3929
2025-06-22 08:03:09,719 [INFO] Epoch 013 | Train Loss: 4.8428 | Val Loss: 3.0996 | Val Acc: 0.3750
2025-06-22 08:03:09,787 [INFO] Epoch 014 | Train Loss: 4.3318 | Val Loss: 3.0109 | Val Acc: 0.3750
2025-06-22 08:03:09,850 [INFO] Epoch 015 | Train Loss: 4.8627 | Val Loss: 2.8192 | Val Acc: 0.3929
2025-06-22 08:03:09,912 [INFO] Epoch 016 | Train Loss: 3.0959 | Val Loss: 3.7918 | Val Acc: 0.3571
2025-06-22 08:03:09,973 [INFO] Epoch 017 | Train Loss: 3.6073 | Val Loss: 3.5110 | Val Acc: 0.3571
2025-06-22 08:03:10,063 [INFO] Epoch 018 | Train Loss: 2.5342 | Val Loss: 2.9521 | Val Acc: 0.3571
2025-06-22 08:03:10,122 [INFO] Epoch 019 | Train Loss: 3.0614 | Val Loss: 2.6369 | Val Acc: 0.4286
2025-06-22 08:03:10,184 [INFO] Epoch 020 | Train Loss: 2.8384 | Val Loss: 3.3203 | Val Acc: 0.4464
2025-06-22 08:03:11,014 [INFO] Epoch 021 | Train Loss: 2.9799 | Val Loss: 2.5058 | Val Acc: 0.4464
2025-06-22 08:03:11,080 [INFO] Epoch 022 | Train Loss: 2.1496 | Val Loss: 2.4025 | Val Acc: 0.4286
2025-06-22 08:03:11,145 [INFO] Epoch 023 | Train Loss: 3.0072 | Val Loss: 2.4382 | Val Acc: 0.4286
2025-06-22 08:03:11,229 [INFO] Epoch 024 | Train Loss: 2.4841 | Val Loss: 3.2324 | Val Acc: 0.3393
2025-06-22 08:03:11,326 [INFO] Epoch 025 | Train Loss: 2.0348 | Val Loss: 2.3638 | Val Acc: 0.3750
2025-06-22 08:03:11,395 [INFO] Epoch 026 | Train Loss: 1.7301 | Val Loss: 1.8601 | Val Acc: 0.4286
2025-06-22 08:03:11,457 [INFO] Epoch 027 | Train Loss: 2.6789 | Val Loss: 2.4956 | Val Acc: 0.3750
2025-06-22 08:03:11,539 [INFO] Epoch 028 | Train Loss: 2.5701 | Val Loss: 2.9830 | Val Acc: 0.3214
2025-06-22 08:03:11,599 [INFO] Epoch 029 | Train Loss: 1.6322 | Val Loss: 2.6453 | Val Acc: 0.3571
2025-06-22 08:03:11,661 [INFO] Epoch 030 | Train Loss: 2.0169 | Val Loss: 2.1070 | Val Acc: 0.4286
2025-06-22 08:03:12,410 [INFO] Epoch 031 | Train Loss: 2.0384 | Val Loss: 2.7804 | Val Acc: 0.2857
2025-06-22 08:03:12,472 [INFO] Epoch 032 | Train Loss: 2.8679 | Val Loss: 2.1412 | Val Acc: 0.3750
2025-06-22 08:03:12,533 [INFO] Epoch 033 | Train Loss: 1.7208 | Val Loss: 2.8255 | Val Acc: 0.3929
2025-06-22 08:03:12,594 [INFO] Epoch 034 | Train Loss: 2.3282 | Val Loss: 2.9326 | Val Acc: 0.3750
2025-06-22 08:03:12,655 [INFO] Epoch 035 | Train Loss: 1.6434 | Val Loss: 2.5249 | Val Acc: 0.4464
2025-06-22 08:03:12,716 [INFO] Epoch 036 | Train Loss: 1.6986 | Val Loss: 2.4968 | Val Acc: 0.4107
2025-06-22 08:03:12,779 [INFO] Epoch 037 | Train Loss: 1.0301 | Val Loss: 2.3037 | Val Acc: 0.3750
2025-06-22 08:03:12,840 [INFO] Epoch 038 | Train Loss: 1.5057 | Val Loss: 2.8379 | Val Acc: 0.3929
2025-06-22 08:03:12,912 [INFO] Epoch 039 | Train Loss: 1.7174 | Val Loss: 2.1750 | Val Acc: 0.4464
2025-06-22 08:03:12,973 [INFO] Epoch 040 | Train Loss: 2.0007 | Val Loss: 2.4395 | Val Acc: 0.3214
2025-06-22 08:03:13,765 [INFO] Epoch 041 | Train Loss: 1.3545 | Val Loss: 2.1602 | Val Acc: 0.3393
2025-06-22 08:03:13,844 [INFO] Epoch 042 | Train Loss: 1.4943 | Val Loss: 2.7037 | Val Acc: 0.4286
2025-06-22 08:03:13,927 [INFO] Epoch 043 | Train Loss: 1.8575 | Val Loss: 2.6570 | Val Acc: 0.4286
2025-06-22 08:03:14,027 [INFO] Epoch 044 | Train Loss: 1.1854 | Val Loss: 2.4701 | Val Acc: 0.2857
2025-06-22 08:03:14,131 [INFO] Epoch 045 | Train Loss: 1.2995 | Val Loss: 2.5395 | Val Acc: 0.3214
2025-06-22 08:03:14,243 [INFO] Epoch 046 | Train Loss: 1.2043 | Val Loss: 2.8441 | Val Acc: 0.3393
2025-06-22 08:03:14,305 [INFO] Epoch 047 | Train Loss: 1.2139 | Val Loss: 2.7207 | Val Acc: 0.3750
2025-06-22 08:03:14,381 [INFO] Epoch 048 | Train Loss: 1.3702 | Val Loss: 2.3239 | Val Acc: 0.4286
2025-06-22 08:03:14,445 [INFO] Epoch 049 | Train Loss: 1.9790 | Val Loss: 2.8540 | Val Acc: 0.4107
2025-06-22 08:03:14,507 [INFO] Epoch 050 | Train Loss: 1.1257 | Val Loss: 2.1596 | Val Acc: 0.3929
2025-06-22 08:03:15,253 [INFO] Epoch 051 | Train Loss: 1.4568 | Val Loss: 3.8889 | Val Acc: 0.3571
2025-06-22 08:03:15,318 [INFO] Epoch 052 | Train Loss: 1.3403 | Val Loss: 3.1705 | Val Acc: 0.3750
2025-06-22 08:03:15,378 [INFO] Epoch 053 | Train Loss: 1.2819 | Val Loss: 2.4852 | Val Acc: 0.4643
2025-06-22 08:03:15,388 [INFO] New best model at epoch 53 (Val Acc: 0.4643)
2025-06-22 08:03:15,440 [INFO] Epoch 054 | Train Loss: 1.4934 | Val Loss: 2.5764 | Val Acc: 0.4107
2025-06-22 08:03:15,501 [INFO] Epoch 055 | Train Loss: 1.0930 | Val Loss: 2.4233 | Val Acc: 0.3929
2025-06-22 08:03:15,564 [INFO] Epoch 056 | Train Loss: 1.0911 | Val Loss: 3.1598 | Val Acc: 0.3929
2025-06-22 08:03:15,625 [INFO] Epoch 057 | Train Loss: 1.6263 | Val Loss: 2.3312 | Val Acc: 0.4464
2025-06-22 08:03:15,687 [INFO] Epoch 058 | Train Loss: 1.3720 | Val Loss: 2.7833 | Val Acc: 0.3750
2025-06-22 08:03:15,758 [INFO] Epoch 059 | Train Loss: 1.4795 | Val Loss: 3.6258 | Val Acc: 0.3036
2025-06-22 08:03:15,818 [INFO] Epoch 060 | Train Loss: 1.0758 | Val Loss: 4.1148 | Val Acc: 0.3393
2025-06-22 08:03:16,735 [INFO] Epoch 061 | Train Loss: 2.1345 | Val Loss: 3.2082 | Val Acc: 0.4107
2025-06-22 08:03:16,798 [INFO] Epoch 062 | Train Loss: 1.6640 | Val Loss: 2.7350 | Val Acc: 0.4286
2025-06-22 08:03:16,861 [INFO] Epoch 063 | Train Loss: 0.9524 | Val Loss: 2.9343 | Val Acc: 0.3750
2025-06-22 08:03:16,930 [INFO] Epoch 064 | Train Loss: 1.3397 | Val Loss: 4.2515 | Val Acc: 0.4107
2025-06-22 08:03:16,995 [INFO] Epoch 065 | Train Loss: 0.9364 | Val Loss: 2.7820 | Val Acc: 0.4464
2025-06-22 08:03:17,062 [INFO] Epoch 066 | Train Loss: 1.6966 | Val Loss: 2.6041 | Val Acc: 0.4286
2025-06-22 08:03:17,123 [INFO] Epoch 067 | Train Loss: 0.9306 | Val Loss: 2.6382 | Val Acc: 0.3750
2025-06-22 08:03:17,203 [INFO] Epoch 068 | Train Loss: 1.0067 | Val Loss: 3.2942 | Val Acc: 0.3393
2025-06-22 08:03:17,265 [INFO] Epoch 069 | Train Loss: 0.9282 | Val Loss: 2.6803 | Val Acc: 0.4464
2025-06-22 08:03:17,338 [INFO] Epoch 070 | Train Loss: 1.6204 | Val Loss: 2.5508 | Val Acc: 0.4286
2025-06-22 08:03:18,220 [INFO] Epoch 071 | Train Loss: 0.7087 | Val Loss: 2.1995 | Val Acc: 0.5000
2025-06-22 08:03:18,234 [INFO] New best model at epoch 71 (Val Acc: 0.5000)
2025-06-22 08:03:18,332 [INFO] Epoch 072 | Train Loss: 0.7978 | Val Loss: 2.2013 | Val Acc: 0.4286
2025-06-22 08:03:18,415 [INFO] Epoch 073 | Train Loss: 1.1135 | Val Loss: 2.8138 | Val Acc: 0.4107
2025-06-22 08:03:18,481 [INFO] Epoch 074 | Train Loss: 2.0953 | Val Loss: 2.1898 | Val Acc: 0.4286
2025-06-22 08:03:18,544 [INFO] Epoch 075 | Train Loss: 1.0141 | Val Loss: 2.1833 | Val Acc: 0.3929
2025-06-22 08:03:18,605 [INFO] Epoch 076 | Train Loss: 1.3165 | Val Loss: 2.8371 | Val Acc: 0.4107
2025-06-22 08:03:18,681 [INFO] Epoch 077 | Train Loss: 0.8010 | Val Loss: 3.1563 | Val Acc: 0.4107
2025-06-22 08:03:18,764 [INFO] Epoch 078 | Train Loss: 1.0907 | Val Loss: 3.0033 | Val Acc: 0.4464
2025-06-22 08:03:18,835 [INFO] Epoch 079 | Train Loss: 1.0310 | Val Loss: 2.5129 | Val Acc: 0.4464
2025-06-22 08:03:18,897 [INFO] Epoch 080 | Train Loss: 0.7658 | Val Loss: 2.6276 | Val Acc: 0.4464
2025-06-22 08:03:20,106 [INFO] Epoch 081 | Train Loss: 0.6924 | Val Loss: 3.4623 | Val Acc: 0.4286
2025-06-22 08:03:20,166 [INFO] Epoch 082 | Train Loss: 1.2803 | Val Loss: 3.1579 | Val Acc: 0.4821
2025-06-22 08:03:20,225 [INFO] Epoch 083 | Train Loss: 1.0280 | Val Loss: 3.8096 | Val Acc: 0.4464
2025-06-22 08:03:20,287 [INFO] Epoch 084 | Train Loss: 1.1139 | Val Loss: 3.9582 | Val Acc: 0.4286
2025-06-22 08:03:20,347 [INFO] Epoch 085 | Train Loss: 1.1726 | Val Loss: 3.7267 | Val Acc: 0.4286
2025-06-22 08:03:20,408 [INFO] Epoch 086 | Train Loss: 1.0087 | Val Loss: 3.4860 | Val Acc: 0.4643
2025-06-22 08:03:20,468 [INFO] Epoch 087 | Train Loss: 0.5309 | Val Loss: 3.2381 | Val Acc: 0.4643
2025-06-22 08:03:20,530 [INFO] Epoch 088 | Train Loss: 1.1868 | Val Loss: 3.4263 | Val Acc: 0.3750
2025-06-22 08:03:20,601 [INFO] Epoch 089 | Train Loss: 1.2174 | Val Loss: 3.3945 | Val Acc: 0.3571
2025-06-22 08:03:20,662 [INFO] Epoch 090 | Train Loss: 0.8600 | Val Loss: 3.1525 | Val Acc: 0.4107
2025-06-22 08:03:22,830 [INFO] Epoch 091 | Train Loss: 1.0769 | Val Loss: 3.3599 | Val Acc: 0.4286
2025-06-22 08:03:22,933 [INFO] Epoch 092 | Train Loss: 1.5254 | Val Loss: 3.7465 | Val Acc: 0.4286
2025-06-22 08:03:23,044 [INFO] Epoch 093 | Train Loss: 1.0554 | Val Loss: 3.3886 | Val Acc: 0.5000
2025-06-22 08:03:23,136 [INFO] Epoch 094 | Train Loss: 0.8775 | Val Loss: 2.8736 | Val Acc: 0.4286
2025-06-22 08:03:23,206 [INFO] Epoch 095 | Train Loss: 0.6126 | Val Loss: 2.3701 | Val Acc: 0.3571
2025-06-22 08:03:23,290 [INFO] Epoch 096 | Train Loss: 0.9666 | Val Loss: 2.6595 | Val Acc: 0.3929
2025-06-22 08:03:23,357 [INFO] Epoch 097 | Train Loss: 1.0860 | Val Loss: 3.8198 | Val Acc: 0.3571
2025-06-22 08:03:23,427 [INFO] Epoch 098 | Train Loss: 0.6865 | Val Loss: 3.5997 | Val Acc: 0.4107
2025-06-22 08:03:23,495 [INFO] Epoch 099 | Train Loss: 0.7164 | Val Loss: 3.2816 | Val Acc: 0.3750
2025-06-22 08:03:23,558 [INFO] Epoch 100 | Train Loss: 0.6882 | Val Loss: 2.9702 | Val Acc: 0.3393
2025-06-22 08:03:24,308 [INFO] Epoch 101 | Train Loss: 0.8084 | Val Loss: 4.1616 | Val Acc: 0.3393
2025-06-22 08:03:24,397 [INFO] Epoch 102 | Train Loss: 0.6089 | Val Loss: 3.6959 | Val Acc: 0.3750
2025-06-22 08:03:24,458 [INFO] Epoch 103 | Train Loss: 0.5085 | Val Loss: 3.3695 | Val Acc: 0.3929
2025-06-22 08:03:24,522 [INFO] Epoch 104 | Train Loss: 0.5547 | Val Loss: 3.1524 | Val Acc: 0.5179
2025-06-22 08:03:24,533 [INFO] New best model at epoch 104 (Val Acc: 0.5179)
2025-06-22 08:03:24,589 [INFO] Epoch 105 | Train Loss: 0.6845 | Val Loss: 2.8199 | Val Acc: 0.4821
2025-06-22 08:03:24,651 [INFO] Epoch 106 | Train Loss: 1.1161 | Val Loss: 3.2079 | Val Acc: 0.3929
2025-06-22 08:03:24,732 [INFO] Epoch 107 | Train Loss: 0.6527 | Val Loss: 2.6233 | Val Acc: 0.3750
2025-06-22 08:03:24,820 [INFO] Epoch 108 | Train Loss: 0.4729 | Val Loss: 2.2240 | Val Acc: 0.5000
2025-06-22 08:03:24,893 [INFO] Epoch 109 | Train Loss: 0.5934 | Val Loss: 2.2218 | Val Acc: 0.4643
2025-06-22 08:03:24,954 [INFO] Epoch 110 | Train Loss: 1.1748 | Val Loss: 3.0944 | Val Acc: 0.3571
2025-06-22 08:03:25,722 [INFO] Epoch 111 | Train Loss: 0.6757 | Val Loss: 3.1457 | Val Acc: 0.4464
2025-06-22 08:03:25,787 [INFO] Epoch 112 | Train Loss: 0.9936 | Val Loss: 3.5400 | Val Acc: 0.4107
2025-06-22 08:03:25,846 [INFO] Epoch 113 | Train Loss: 1.3265 | Val Loss: 3.9607 | Val Acc: 0.2857
2025-06-22 08:03:25,907 [INFO] Epoch 114 | Train Loss: 0.6991 | Val Loss: 3.7364 | Val Acc: 0.3571
2025-06-22 08:03:25,969 [INFO] Epoch 115 | Train Loss: 0.9860 | Val Loss: 3.7630 | Val Acc: 0.4107
2025-06-22 08:03:26,031 [INFO] Epoch 116 | Train Loss: 0.4882 | Val Loss: 4.2778 | Val Acc: 0.4464
2025-06-22 08:03:26,093 [INFO] Epoch 117 | Train Loss: 0.8679 | Val Loss: 4.4227 | Val Acc: 0.3571
2025-06-22 08:03:26,158 [INFO] Epoch 118 | Train Loss: 0.6752 | Val Loss: 4.3510 | Val Acc: 0.4286
2025-06-22 08:03:26,232 [INFO] Epoch 119 | Train Loss: 0.5470 | Val Loss: 4.0736 | Val Acc: 0.4286
2025-06-22 08:03:26,293 [INFO] Epoch 120 | Train Loss: 0.6543 | Val Loss: 3.4911 | Val Acc: 0.4286
2025-06-22 08:03:27,078 [INFO] Epoch 121 | Train Loss: 0.8780 | Val Loss: 2.7646 | Val Acc: 0.4286
2025-06-22 08:03:27,141 [INFO] Epoch 122 | Train Loss: 0.6092 | Val Loss: 3.3582 | Val Acc: 0.4464
2025-06-22 08:03:27,202 [INFO] Epoch 123 | Train Loss: 0.3598 | Val Loss: 3.7405 | Val Acc: 0.4107
2025-06-22 08:03:27,264 [INFO] Epoch 124 | Train Loss: 0.5300 | Val Loss: 4.1620 | Val Acc: 0.4286
2025-06-22 08:03:27,324 [INFO] Epoch 125 | Train Loss: 0.5245 | Val Loss: 3.5698 | Val Acc: 0.4464
2025-06-22 08:03:27,388 [INFO] Epoch 126 | Train Loss: 0.3307 | Val Loss: 3.1114 | Val Acc: 0.3571
2025-06-22 08:03:27,450 [INFO] Epoch 127 | Train Loss: 0.6327 | Val Loss: 3.1558 | Val Acc: 0.3571
2025-06-22 08:03:27,511 [INFO] Epoch 128 | Train Loss: 0.7823 | Val Loss: 3.4473 | Val Acc: 0.3750
2025-06-22 08:03:27,585 [INFO] Epoch 129 | Train Loss: 0.4981 | Val Loss: 3.8289 | Val Acc: 0.3750
2025-06-22 08:03:27,645 [INFO] Epoch 130 | Train Loss: 0.7015 | Val Loss: 3.6591 | Val Acc: 0.3929
2025-06-22 08:03:28,426 [INFO] Epoch 131 | Train Loss: 0.8971 | Val Loss: 4.4104 | Val Acc: 0.4107
2025-06-22 08:03:28,494 [INFO] Epoch 132 | Train Loss: 0.6911 | Val Loss: 5.0951 | Val Acc: 0.4286
2025-06-22 08:03:28,562 [INFO] Epoch 133 | Train Loss: 0.9518 | Val Loss: 5.3144 | Val Acc: 0.4286
2025-06-22 08:03:28,624 [INFO] Epoch 134 | Train Loss: 0.6016 | Val Loss: 4.4486 | Val Acc: 0.4286
2025-06-22 08:03:28,686 [INFO] Epoch 135 | Train Loss: 0.4677 | Val Loss: 5.1051 | Val Acc: 0.4107
2025-06-22 08:03:28,748 [INFO] Epoch 136 | Train Loss: 0.7426 | Val Loss: 5.2717 | Val Acc: 0.4286
2025-06-22 08:03:28,811 [INFO] Epoch 137 | Train Loss: 0.5118 | Val Loss: 4.1904 | Val Acc: 0.3393
2025-06-22 08:03:28,872 [INFO] Epoch 138 | Train Loss: 0.5925 | Val Loss: 4.2226 | Val Acc: 0.4107
2025-06-22 08:03:28,951 [INFO] Epoch 139 | Train Loss: 0.4698 | Val Loss: 5.0385 | Val Acc: 0.3929
2025-06-22 08:03:29,015 [INFO] Epoch 140 | Train Loss: 0.4503 | Val Loss: 4.9903 | Val Acc: 0.4286
2025-06-22 08:03:29,824 [INFO] Epoch 141 | Train Loss: 0.5337 | Val Loss: 4.1034 | Val Acc: 0.4107
2025-06-22 08:03:29,890 [INFO] Epoch 142 | Train Loss: 0.4494 | Val Loss: 3.4634 | Val Acc: 0.4821
2025-06-22 08:03:29,951 [INFO] Epoch 143 | Train Loss: 0.3443 | Val Loss: 3.8052 | Val Acc: 0.5000
2025-06-22 08:03:30,012 [INFO] Epoch 144 | Train Loss: 0.4400 | Val Loss: 4.0618 | Val Acc: 0.4464
2025-06-22 08:03:30,073 [INFO] Epoch 145 | Train Loss: 0.3257 | Val Loss: 4.0136 | Val Acc: 0.4643
2025-06-22 08:03:30,136 [INFO] Epoch 146 | Train Loss: 0.5790 | Val Loss: 4.8482 | Val Acc: 0.3929
2025-06-22 08:03:30,199 [INFO] Epoch 147 | Train Loss: 0.5706 | Val Loss: 4.5744 | Val Acc: 0.4107
2025-06-22 08:03:30,261 [INFO] Epoch 148 | Train Loss: 0.2571 | Val Loss: 4.3772 | Val Acc: 0.3929
2025-06-22 08:03:30,340 [INFO] Epoch 149 | Train Loss: 0.4396 | Val Loss: 4.7292 | Val Acc: 0.3929
2025-06-22 08:03:30,404 [INFO] Epoch 150 | Train Loss: 0.3882 | Val Loss: 4.3935 | Val Acc: 0.3929
2025-06-22 08:03:33,561 [INFO] Epoch 151 | Train Loss: 0.3792 | Val Loss: 4.1639 | Val Acc: 0.3571
2025-06-22 08:03:33,644 [INFO] Epoch 152 | Train Loss: 0.3444 | Val Loss: 4.0764 | Val Acc: 0.4107
2025-06-22 08:03:33,712 [INFO] Epoch 153 | Train Loss: 0.2240 | Val Loss: 4.6548 | Val Acc: 0.4286
2025-06-22 08:03:33,776 [INFO] Epoch 154 | Train Loss: 0.3818 | Val Loss: 4.1542 | Val Acc: 0.4464
2025-06-22 08:03:33,840 [INFO] Epoch 155 | Train Loss: 0.4634 | Val Loss: 4.1241 | Val Acc: 0.3929
2025-06-22 08:03:33,901 [INFO] Epoch 156 | Train Loss: 0.2423 | Val Loss: 5.4102 | Val Acc: 0.3929
2025-06-22 08:03:33,963 [INFO] Epoch 157 | Train Loss: 0.3541 | Val Loss: 3.7936 | Val Acc: 0.4643
2025-06-22 08:03:34,066 [INFO] Epoch 158 | Train Loss: 0.3318 | Val Loss: 3.7835 | Val Acc: 0.4464
2025-06-22 08:03:34,127 [INFO] Epoch 159 | Train Loss: 0.5991 | Val Loss: 4.6132 | Val Acc: 0.3571
2025-06-22 08:03:34,194 [INFO] Epoch 160 | Train Loss: 0.6780 | Val Loss: 5.0114 | Val Acc: 0.3929
2025-06-22 08:03:34,991 [INFO] Epoch 161 | Train Loss: 0.5824 | Val Loss: 4.4591 | Val Acc: 0.4464
2025-06-22 08:03:35,061 [INFO] Epoch 162 | Train Loss: 0.3411 | Val Loss: 4.7610 | Val Acc: 0.4643
2025-06-22 08:03:35,124 [INFO] Epoch 163 | Train Loss: 0.6344 | Val Loss: 4.6580 | Val Acc: 0.3393
2025-06-22 08:03:35,192 [INFO] Epoch 164 | Train Loss: 0.8324 | Val Loss: 3.3445 | Val Acc: 0.3393
2025-06-22 08:03:35,260 [INFO] Epoch 165 | Train Loss: 0.4948 | Val Loss: 3.5118 | Val Acc: 0.3750
2025-06-22 08:03:35,426 [INFO] Epoch 166 | Train Loss: 0.5495 | Val Loss: 3.5795 | Val Acc: 0.4107
2025-06-22 08:03:35,518 [INFO] Epoch 167 | Train Loss: 0.6683 | Val Loss: 3.4116 | Val Acc: 0.4107
2025-06-22 08:03:35,579 [INFO] Epoch 168 | Train Loss: 0.6487 | Val Loss: 3.4017 | Val Acc: 0.4107
2025-06-22 08:03:35,642 [INFO] Epoch 169 | Train Loss: 0.4571 | Val Loss: 4.0289 | Val Acc: 0.3571
2025-06-22 08:03:35,703 [INFO] Epoch 170 | Train Loss: 0.6311 | Val Loss: 4.0033 | Val Acc: 0.4286
2025-06-22 08:03:36,474 [INFO] Epoch 171 | Train Loss: 0.3030 | Val Loss: 4.4887 | Val Acc: 0.4107
2025-06-22 08:03:36,537 [INFO] Epoch 172 | Train Loss: 0.7202 | Val Loss: 3.6255 | Val Acc: 0.4464
2025-06-22 08:03:36,598 [INFO] Epoch 173 | Train Loss: 0.4716 | Val Loss: 2.9389 | Val Acc: 0.4464
2025-06-22 08:03:36,662 [INFO] Epoch 174 | Train Loss: 0.2442 | Val Loss: 2.5971 | Val Acc: 0.4464
2025-06-22 08:03:36,725 [INFO] Epoch 175 | Train Loss: 0.4436 | Val Loss: 3.1480 | Val Acc: 0.4643
2025-06-22 08:03:36,785 [INFO] Epoch 176 | Train Loss: 0.4030 | Val Loss: 3.6958 | Val Acc: 0.4286
2025-06-22 08:03:36,846 [INFO] Epoch 177 | Train Loss: 0.5351 | Val Loss: 3.5104 | Val Acc: 0.4643
2025-06-22 08:03:36,911 [INFO] Epoch 178 | Train Loss: 0.4762 | Val Loss: 4.2835 | Val Acc: 0.4286
2025-06-22 08:03:36,988 [INFO] Epoch 179 | Train Loss: 0.3709 | Val Loss: 5.1301 | Val Acc: 0.3929
2025-06-22 08:03:37,053 [INFO] Epoch 180 | Train Loss: 0.4532 | Val Loss: 4.5641 | Val Acc: 0.5179
2025-06-22 08:03:37,841 [INFO] Epoch 181 | Train Loss: 0.1706 | Val Loss: 3.9945 | Val Acc: 0.5000
2025-06-22 08:03:37,904 [INFO] Epoch 182 | Train Loss: 0.3827 | Val Loss: 3.9546 | Val Acc: 0.4821
2025-06-22 08:03:37,965 [INFO] Epoch 183 | Train Loss: 0.6267 | Val Loss: 4.4175 | Val Acc: 0.4107
2025-06-22 08:03:38,028 [INFO] Epoch 184 | Train Loss: 0.5154 | Val Loss: 4.6143 | Val Acc: 0.4107
2025-06-22 08:03:38,090 [INFO] Epoch 185 | Train Loss: 0.8215 | Val Loss: 3.1595 | Val Acc: 0.5179
2025-06-22 08:03:38,153 [INFO] Epoch 186 | Train Loss: 0.5192 | Val Loss: 3.7494 | Val Acc: 0.4821
2025-06-22 08:03:38,214 [INFO] Epoch 187 | Train Loss: 0.5719 | Val Loss: 3.6317 | Val Acc: 0.5000
2025-06-22 08:03:38,276 [INFO] Epoch 188 | Train Loss: 0.4150 | Val Loss: 3.5479 | Val Acc: 0.4821
2025-06-22 08:03:38,347 [INFO] Epoch 189 | Train Loss: 0.3176 | Val Loss: 3.8765 | Val Acc: 0.4643
2025-06-22 08:03:38,409 [INFO] Epoch 190 | Train Loss: 0.4812 | Val Loss: 3.9352 | Val Acc: 0.5000
2025-06-22 08:03:39,486 [INFO] Epoch 191 | Train Loss: 0.3142 | Val Loss: 3.5178 | Val Acc: 0.4821
2025-06-22 08:03:39,556 [INFO] Epoch 192 | Train Loss: 0.7065 | Val Loss: 3.7841 | Val Acc: 0.4821
2025-06-22 08:03:39,617 [INFO] Epoch 193 | Train Loss: 0.3148 | Val Loss: 4.0372 | Val Acc: 0.4107
2025-06-22 08:03:39,679 [INFO] Epoch 194 | Train Loss: 0.5243 | Val Loss: 3.5492 | Val Acc: 0.4107
2025-06-22 08:03:39,738 [INFO] Epoch 195 | Train Loss: 0.4778 | Val Loss: 4.0637 | Val Acc: 0.4643
2025-06-22 08:03:39,801 [INFO] Epoch 196 | Train Loss: 0.3544 | Val Loss: 4.7675 | Val Acc: 0.4286
2025-06-22 08:03:39,864 [INFO] Epoch 197 | Train Loss: 0.2600 | Val Loss: 4.5606 | Val Acc: 0.4643
2025-06-22 08:03:39,926 [INFO] Epoch 198 | Train Loss: 0.2933 | Val Loss: 4.2625 | Val Acc: 0.4286
2025-06-22 08:03:40,000 [INFO] Epoch 199 | Train Loss: 0.2609 | Val Loss: 4.2234 | Val Acc: 0.4464
2025-06-22 08:03:40,062 [INFO] Epoch 200 | Train Loss: 0.1912 | Val Loss: 4.5115 | Val Acc: 0.4643
2025-06-22 08:03:40,838 [INFO] Epoch 201 | Train Loss: 0.3103 | Val Loss: 5.4268 | Val Acc: 0.4821
2025-06-22 08:03:40,905 [INFO] Epoch 202 | Train Loss: 0.3190 | Val Loss: 5.2831 | Val Acc: 0.3929
2025-06-22 08:03:40,964 [INFO] Epoch 203 | Train Loss: 0.3634 | Val Loss: 4.6750 | Val Acc: 0.4821
2025-06-22 08:03:41,025 [INFO] Epoch 204 | Train Loss: 0.2742 | Val Loss: 3.9974 | Val Acc: 0.4464
2025-06-22 08:03:41,089 [INFO] Epoch 205 | Train Loss: 0.2629 | Val Loss: 4.2056 | Val Acc: 0.5000
2025-06-22 08:03:41,153 [INFO] Epoch 206 | Train Loss: 0.1638 | Val Loss: 4.4636 | Val Acc: 0.4821
2025-06-22 08:03:41,215 [INFO] Epoch 207 | Train Loss: 0.2587 | Val Loss: 4.5175 | Val Acc: 0.4107
2025-06-22 08:03:41,277 [INFO] Epoch 208 | Train Loss: 0.2982 | Val Loss: 5.8446 | Val Acc: 0.3929
2025-06-22 08:03:41,354 [INFO] Epoch 209 | Train Loss: 0.3220 | Val Loss: 5.7432 | Val Acc: 0.4821
2025-06-22 08:03:41,418 [INFO] Epoch 210 | Train Loss: 0.4136 | Val Loss: 4.6604 | Val Acc: 0.4464
2025-06-22 08:03:42,163 [INFO] Epoch 211 | Train Loss: 0.3418 | Val Loss: 4.3199 | Val Acc: 0.4821
2025-06-22 08:03:42,231 [INFO] Epoch 212 | Train Loss: 0.4091 | Val Loss: 5.1470 | Val Acc: 0.5000
2025-06-22 08:03:42,291 [INFO] Epoch 213 | Train Loss: 0.4017 | Val Loss: 4.9557 | Val Acc: 0.5179
2025-06-22 08:03:42,355 [INFO] Epoch 214 | Train Loss: 0.4377 | Val Loss: 4.7369 | Val Acc: 0.4821
2025-06-22 08:03:42,418 [INFO] Epoch 215 | Train Loss: 0.3232 | Val Loss: 4.8552 | Val Acc: 0.3750
2025-06-22 08:03:42,479 [INFO] Epoch 216 | Train Loss: 0.4268 | Val Loss: 4.2791 | Val Acc: 0.4286
2025-06-22 08:03:42,541 [INFO] Epoch 217 | Train Loss: 0.3397 | Val Loss: 4.3014 | Val Acc: 0.4464
2025-06-22 08:03:42,604 [INFO] Epoch 218 | Train Loss: 0.3711 | Val Loss: 3.8289 | Val Acc: 0.4464
2025-06-22 08:03:42,671 [INFO] Epoch 219 | Train Loss: 0.5092 | Val Loss: 4.6762 | Val Acc: 0.4821
2025-06-22 08:03:42,733 [INFO] Epoch 220 | Train Loss: 0.3378 | Val Loss: 5.0205 | Val Acc: 0.5000
2025-06-22 08:03:43,505 [INFO] Epoch 221 | Train Loss: 0.5987 | Val Loss: 4.7189 | Val Acc: 0.4643
2025-06-22 08:03:43,574 [INFO] Epoch 222 | Train Loss: 0.4658 | Val Loss: 4.5809 | Val Acc: 0.4643
2025-06-22 08:03:43,635 [INFO] Epoch 223 | Train Loss: 0.2630 | Val Loss: 4.4631 | Val Acc: 0.4821
2025-06-22 08:03:43,698 [INFO] Epoch 224 | Train Loss: 0.4219 | Val Loss: 4.3369 | Val Acc: 0.4464
2025-06-22 08:03:43,758 [INFO] Epoch 225 | Train Loss: 0.2564 | Val Loss: 4.1166 | Val Acc: 0.4464
2025-06-22 08:03:43,820 [INFO] Epoch 226 | Train Loss: 0.1845 | Val Loss: 3.9106 | Val Acc: 0.5000
2025-06-22 08:03:43,881 [INFO] Epoch 227 | Train Loss: 0.2312 | Val Loss: 4.2662 | Val Acc: 0.4464
2025-06-22 08:03:43,944 [INFO] Epoch 228 | Train Loss: 0.3008 | Val Loss: 4.2071 | Val Acc: 0.4286
2025-06-22 08:03:44,020 [INFO] Epoch 229 | Train Loss: 0.1680 | Val Loss: 4.6458 | Val Acc: 0.3750
2025-06-22 08:03:44,109 [INFO] Epoch 230 | Train Loss: 0.5333 | Val Loss: 4.4967 | Val Acc: 0.4286
2025-06-22 08:03:44,918 [INFO] Epoch 231 | Train Loss: 0.2323 | Val Loss: 4.3738 | Val Acc: 0.4107
2025-06-22 08:03:44,984 [INFO] Epoch 232 | Train Loss: 0.2715 | Val Loss: 4.9170 | Val Acc: 0.4107
2025-06-22 08:03:45,045 [INFO] Epoch 233 | Train Loss: 0.3017 | Val Loss: 4.9845 | Val Acc: 0.3750
2025-06-22 08:03:45,105 [INFO] Epoch 234 | Train Loss: 0.4661 | Val Loss: 4.3588 | Val Acc: 0.4107
2025-06-22 08:03:45,166 [INFO] Epoch 235 | Train Loss: 0.2392 | Val Loss: 4.1488 | Val Acc: 0.4643
2025-06-22 08:03:45,227 [INFO] Epoch 236 | Train Loss: 0.6770 | Val Loss: 3.3777 | Val Acc: 0.4464
2025-06-22 08:03:45,286 [INFO] Epoch 237 | Train Loss: 0.3535 | Val Loss: 3.6877 | Val Acc: 0.5000
2025-06-22 08:03:45,348 [INFO] Epoch 238 | Train Loss: 0.4769 | Val Loss: 4.0823 | Val Acc: 0.4286
2025-06-22 08:03:45,417 [INFO] Epoch 239 | Train Loss: 0.3479 | Val Loss: 4.2087 | Val Acc: 0.4107
2025-06-22 08:03:45,480 [INFO] Epoch 240 | Train Loss: 0.3500 | Val Loss: 4.2221 | Val Acc: 0.4643
2025-06-22 08:03:46,323 [INFO] Epoch 241 | Train Loss: 0.1494 | Val Loss: 4.9280 | Val Acc: 0.4286
2025-06-22 08:03:46,386 [INFO] Epoch 242 | Train Loss: 0.2978 | Val Loss: 4.6701 | Val Acc: 0.4107
2025-06-22 08:03:46,446 [INFO] Epoch 243 | Train Loss: 0.2356 | Val Loss: 4.1270 | Val Acc: 0.4286
2025-06-22 08:03:46,511 [INFO] Epoch 244 | Train Loss: 0.5272 | Val Loss: 3.7845 | Val Acc: 0.3571
2025-06-22 08:03:46,574 [INFO] Epoch 245 | Train Loss: 0.4404 | Val Loss: 3.8329 | Val Acc: 0.4107
2025-06-22 08:03:46,639 [INFO] Epoch 246 | Train Loss: 0.2403 | Val Loss: 4.5677 | Val Acc: 0.3929
2025-06-22 08:03:46,702 [INFO] Epoch 247 | Train Loss: 0.2122 | Val Loss: 4.4177 | Val Acc: 0.3750
2025-06-22 08:03:46,767 [INFO] Epoch 248 | Train Loss: 0.3437 | Val Loss: 4.8576 | Val Acc: 0.4643
2025-06-22 08:03:46,844 [INFO] Epoch 249 | Train Loss: 0.2548 | Val Loss: 5.2243 | Val Acc: 0.4286
2025-06-22 08:03:46,911 [INFO] Epoch 250 | Train Loss: 0.4010 | Val Loss: 5.5665 | Val Acc: 0.3750
2025-06-22 08:03:47,779 [INFO] Epoch 251 | Train Loss: 0.1550 | Val Loss: 5.6098 | Val Acc: 0.3929
2025-06-22 08:03:47,880 [INFO] Epoch 252 | Train Loss: 0.3408 | Val Loss: 5.6111 | Val Acc: 0.5179
2025-06-22 08:03:47,939 [INFO] Epoch 253 | Train Loss: 0.4437 | Val Loss: 5.6794 | Val Acc: 0.3929
2025-06-22 08:03:47,997 [INFO] Epoch 254 | Train Loss: 0.3116 | Val Loss: 5.3346 | Val Acc: 0.3750
2025-06-22 08:03:48,006 [INFO] Early stopping at epoch 254 (no improvement in 150 epochs).
2025-06-22 08:03:48,016 [INFO] Best model saved to <built-in function time>/ENZYMES/best/best_source_gin.pth (Val Acc: 0.5179 at epoch 104)
2025-06-22 08:03:48,017 [INFO] Training/validation metrics saved to <built-in function time>/ENZYMES/GIN_0.001/train_metrics.csv
2025-06-22 08:03:48,680 [INFO] Final training curves saved
2025-06-22 08:03:48,680 [INFO] Training completed!
2025-06-22 08:03:48,680 [INFO] Best validation accuracy: 0.5179
2025-06-22 08:03:48,680 [INFO] Best epoch: 104
2025-06-22 08:03:48,680 [INFO] Total epochs trained: 254
2025-06-22 08:03:48,681 [INFO] Starting training with parameters: (0.001, 0.4, 256, 5, 50, 0.0)
