2025-06-20 17:56:25,225 [INFO] Using device: cpu
2025-06-20 17:56:25,225 [INFO] 开始创建数据加载器...
2025-06-20 17:56:25,228 [INFO] Successfully loaded dataset ENZYMES from ./data, total graphs: 600
2025-06-20 17:56:25,228 [INFO] Class allocation analysis:
2025-06-20 17:56:25,229 [INFO]   Source classes: [0, 1, 2, 3]
2025-06-20 17:56:25,229 [INFO]   Target classes: [0, 1, 2, 3, 4, 5]
2025-06-20 17:56:25,229 [INFO]   Overlap classes (to be split): [0, 1, 2, 3]
2025-06-20 17:56:25,229 [INFO]   Target novel classes (unknown): [4, 5]
2025-06-20 17:56:25,244 [INFO]   Class 0: 100 total -> Source: 70, Target: 30
2025-06-20 17:56:25,244 [INFO]   Class 1: 100 total -> Source: 70, Target: 30
2025-06-20 17:56:25,244 [INFO]   Class 2: 100 total -> Source: 70, Target: 30
2025-06-20 17:56:25,244 [INFO]   Class 3: 100 total -> Source: 70, Target: 30
2025-06-20 17:56:25,244 [INFO]   Class 4 (novel/unknown): 100 samples -> Target
2025-06-20 17:56:25,244 [INFO]   Class 5 (novel/unknown): 100 samples -> Target
2025-06-20 17:56:25,244 [INFO] Final allocation:
2025-06-20 17:56:25,245 [INFO]   Source domain: 280 samples
2025-06-20 17:56:25,245 [INFO]   Target domain: 320 samples
2025-06-20 17:56:25,246 [INFO] Source domain setup:
2025-06-20 17:56:25,246 [INFO]   Original classes: [0, 1, 2, 3]
2025-06-20 17:56:25,246 [INFO]   Overlap classes used: [0, 1, 2, 3]
2025-06-20 17:56:25,246 [INFO]   Label mapping: {0: 0, 1: 1, 2: 2, 3: 3}
2025-06-20 17:56:25,246 [INFO]   Total data after allocation: 280
2025-06-20 17:56:25,246 [INFO]   Data split - Train: 224, Val: 56
2025-06-20 17:56:25,246 [INFO]   Train label distribution: {0: 56, 1: 56, 3: 56, 2: 56}
2025-06-20 17:56:25,246 [INFO]   Val label distribution: {1: 14, 2: 14, 0: 14, 3: 14}
2025-06-20 17:56:25,248 [INFO] Successfully loaded dataset ENZYMES from ./data, total graphs: 600
2025-06-20 17:56:25,248 [INFO] Class allocation analysis:
2025-06-20 17:56:25,248 [INFO]   Source classes: [0, 1, 2, 3]
2025-06-20 17:56:25,248 [INFO]   Target classes: [0, 1, 2, 3, 4, 5]
2025-06-20 17:56:25,248 [INFO]   Overlap classes (to be split): [0, 1, 2, 3]
2025-06-20 17:56:25,248 [INFO]   Target novel classes (unknown): [4, 5]
2025-06-20 17:56:25,263 [INFO]   Class 0: 100 total -> Source: 70, Target: 30
2025-06-20 17:56:25,263 [INFO]   Class 1: 100 total -> Source: 70, Target: 30
2025-06-20 17:56:25,263 [INFO]   Class 2: 100 total -> Source: 70, Target: 30
2025-06-20 17:56:25,264 [INFO]   Class 3: 100 total -> Source: 70, Target: 30
2025-06-20 17:56:25,264 [INFO]   Class 4 (novel/unknown): 100 samples -> Target
2025-06-20 17:56:25,264 [INFO]   Class 5 (novel/unknown): 100 samples -> Target
2025-06-20 17:56:25,264 [INFO] Final allocation:
2025-06-20 17:56:25,264 [INFO]   Source domain: 280 samples
2025-06-20 17:56:25,264 [INFO]   Target domain: 320 samples
2025-06-20 17:56:25,265 [INFO] Target domain setup:
2025-06-20 17:56:25,265 [INFO]   Original classes: [0, 1, 2, 3, 4, 5]
2025-06-20 17:56:25,265 [INFO]   Overlap classes: [0, 1, 2, 3]
2025-06-20 17:56:25,265 [INFO]   Novel classes: [4, 5] -> mapped to unknown label 4
2025-06-20 17:56:25,265 [INFO]   Label mapping: {0: 0, 1: 1, 2: 2, 3: 3, 4: 4, 5: 4}
2025-06-20 17:56:25,265 [INFO]   Total data after allocation: 320
2025-06-20 17:56:25,265 [INFO]   Data split - Train: 256, Val: 64
2025-06-20 17:56:25,265 [INFO]   Total count: 320 (known: 120, unknown: 200)
2025-06-20 17:56:25,265 [INFO]   Total label distribution: {4: 200, 3: 30, 0: 30, 1: 30, 2: 30}
2025-06-20 17:56:25,265 [INFO]   Train label distribution: {4: 160, 0: 24, 2: 24, 3: 24, 1: 24}
2025-06-20 17:56:25,266 [INFO]   Val label distribution: {1: 6, 4: 40, 3: 6, 0: 6, 2: 6}
2025-06-20 17:56:25,266 [INFO] 数据加载器创建完成!
2025-06-20 17:56:25,266 [INFO] 源域类别数: 4 (重叠类别)
2025-06-20 17:56:25,266 [INFO] 目标域类别数: 5 (4个重叠类别 + 1个未知类别)
2025-06-20 17:56:25,266 [INFO] 重叠类别: [0, 1, 2, 3]
2025-06-20 17:56:25,266 [INFO] 目标域新类别: [4, 5]
2025-06-20 17:56:25,266 [INFO] Data allocation verification:
2025-06-20 17:56:25,266 [INFO]   Source data samples: 280
2025-06-20 17:56:25,266 [INFO]   Target data samples: 320
2025-06-20 17:56:25,266 [INFO]   Overlapping samples: 0
2025-06-20 17:56:25,266 [INFO]   ✓ Data allocation is correct - no overlapping samples
2025-06-20 17:56:25,268 [INFO] Model initialized with 118660 parameters
2025-06-20 17:56:25,269 [INFO] Previous best validation accuracy read from record.txt: 0.6071
2025-06-20 17:56:25,269 [INFO] Starting training...
2025-06-20 17:56:25,337 [INFO] Epoch 001 | Train Loss: 11.5456 | Val Loss: 1.7089 | Val Acc: 0.2500
2025-06-20 17:56:25,458 [INFO] New best model at epoch 1 (Val Acc: 0.2500)
2025-06-20 17:56:25,506 [INFO] Epoch 002 | Train Loss: 8.6962 | Val Loss: 1.6536 | Val Acc: 0.2500
2025-06-20 17:56:25,558 [INFO] Epoch 003 | Train Loss: 5.7232 | Val Loss: 1.6635 | Val Acc: 0.2500
2025-06-20 17:56:25,624 [INFO] Epoch 004 | Train Loss: 4.7248 | Val Loss: 1.9873 | Val Acc: 0.2857
2025-06-20 17:56:25,629 [INFO] New best model at epoch 4 (Val Acc: 0.2857)
2025-06-20 17:56:25,676 [INFO] Epoch 005 | Train Loss: 4.6613 | Val Loss: 2.4033 | Val Acc: 0.3214
2025-06-20 17:56:25,682 [INFO] New best model at epoch 5 (Val Acc: 0.3214)
2025-06-20 17:56:25,736 [INFO] Epoch 006 | Train Loss: 4.6960 | Val Loss: 2.6541 | Val Acc: 0.2500
2025-06-20 17:56:25,791 [INFO] Epoch 007 | Train Loss: 3.4222 | Val Loss: 3.0418 | Val Acc: 0.2143
2025-06-20 17:56:25,866 [INFO] Epoch 008 | Train Loss: 3.5023 | Val Loss: 3.4735 | Val Acc: 0.2143
2025-06-20 17:56:25,924 [INFO] Epoch 009 | Train Loss: 3.5568 | Val Loss: 4.2507 | Val Acc: 0.2500
2025-06-20 17:56:25,981 [INFO] Epoch 010 | Train Loss: 3.5440 | Val Loss: 4.5501 | Val Acc: 0.2321
2025-06-20 17:56:26,256 [INFO] Epoch 011 | Train Loss: 2.9387 | Val Loss: 4.7303 | Val Acc: 0.2679
2025-06-20 17:56:26,315 [INFO] Epoch 012 | Train Loss: 2.5188 | Val Loss: 4.7433 | Val Acc: 0.2679
2025-06-20 17:56:26,374 [INFO] Epoch 013 | Train Loss: 2.9065 | Val Loss: 4.5219 | Val Acc: 0.3571
2025-06-20 17:56:26,380 [INFO] New best model at epoch 13 (Val Acc: 0.3571)
2025-06-20 17:56:26,419 [INFO] Epoch 014 | Train Loss: 3.0551 | Val Loss: 3.7756 | Val Acc: 0.3571
2025-06-20 17:56:26,470 [INFO] Epoch 015 | Train Loss: 2.3394 | Val Loss: 3.4238 | Val Acc: 0.3571
2025-06-20 17:56:26,518 [INFO] Epoch 016 | Train Loss: 2.2666 | Val Loss: 3.3825 | Val Acc: 0.3571
2025-06-20 17:56:26,564 [INFO] Epoch 017 | Train Loss: 2.4734 | Val Loss: 3.3503 | Val Acc: 0.3214
2025-06-20 17:56:26,611 [INFO] Epoch 018 | Train Loss: 1.9757 | Val Loss: 3.1812 | Val Acc: 0.3393
2025-06-20 17:56:26,688 [INFO] Epoch 019 | Train Loss: 1.9335 | Val Loss: 3.0221 | Val Acc: 0.3393
2025-06-20 17:56:26,732 [INFO] Epoch 020 | Train Loss: 2.4477 | Val Loss: 2.8830 | Val Acc: 0.3571
2025-06-20 17:56:26,903 [INFO] Epoch 021 | Train Loss: 2.4452 | Val Loss: 2.7433 | Val Acc: 0.3036
2025-06-20 17:56:26,949 [INFO] Epoch 022 | Train Loss: 2.4636 | Val Loss: 2.7601 | Val Acc: 0.3571
2025-06-20 17:56:26,998 [INFO] Epoch 023 | Train Loss: 1.5242 | Val Loss: 2.8669 | Val Acc: 0.3571
2025-06-20 17:56:27,045 [INFO] Epoch 024 | Train Loss: 2.7664 | Val Loss: 3.1793 | Val Acc: 0.2857
2025-06-20 17:56:27,150 [INFO] Epoch 025 | Train Loss: 2.1831 | Val Loss: 3.3775 | Val Acc: 0.2857
2025-06-20 17:56:27,205 [INFO] Epoch 026 | Train Loss: 1.8782 | Val Loss: 2.9745 | Val Acc: 0.3214
2025-06-20 17:56:27,255 [INFO] Epoch 027 | Train Loss: 2.2543 | Val Loss: 3.0761 | Val Acc: 0.3214
2025-06-20 17:56:27,303 [INFO] Epoch 028 | Train Loss: 1.4328 | Val Loss: 3.0182 | Val Acc: 0.3214
2025-06-20 17:56:27,347 [INFO] Epoch 029 | Train Loss: 1.7815 | Val Loss: 3.3697 | Val Acc: 0.2857
2025-06-20 17:56:27,393 [INFO] Epoch 030 | Train Loss: 1.5623 | Val Loss: 3.4166 | Val Acc: 0.3393
2025-06-20 17:56:27,560 [INFO] Epoch 031 | Train Loss: 1.7637 | Val Loss: 3.3758 | Val Acc: 0.3214
2025-06-20 17:56:27,605 [INFO] Epoch 032 | Train Loss: 1.5678 | Val Loss: 3.1799 | Val Acc: 0.3214
2025-06-20 17:56:27,651 [INFO] Epoch 033 | Train Loss: 1.8517 | Val Loss: 3.0125 | Val Acc: 0.3393
2025-06-20 17:56:27,695 [INFO] Epoch 034 | Train Loss: 1.5610 | Val Loss: 3.0297 | Val Acc: 0.3214
2025-06-20 17:56:27,742 [INFO] Epoch 035 | Train Loss: 1.7214 | Val Loss: 2.8729 | Val Acc: 0.3750
2025-06-20 17:56:27,748 [INFO] New best model at epoch 35 (Val Acc: 0.3750)
2025-06-20 17:56:27,787 [INFO] Epoch 036 | Train Loss: 1.6101 | Val Loss: 2.9764 | Val Acc: 0.3393
2025-06-20 17:56:27,831 [INFO] Epoch 037 | Train Loss: 2.0213 | Val Loss: 2.9611 | Val Acc: 0.3750
2025-06-20 17:56:27,875 [INFO] Epoch 038 | Train Loss: 1.5451 | Val Loss: 3.1576 | Val Acc: 0.4286
2025-06-20 17:56:27,882 [INFO] New best model at epoch 38 (Val Acc: 0.4286)
2025-06-20 17:56:27,924 [INFO] Epoch 039 | Train Loss: 1.6002 | Val Loss: 3.5641 | Val Acc: 0.3393
2025-06-20 17:56:27,984 [INFO] Epoch 040 | Train Loss: 1.4831 | Val Loss: 3.3757 | Val Acc: 0.3571
2025-06-20 17:56:28,159 [INFO] Epoch 041 | Train Loss: 1.6332 | Val Loss: 3.0346 | Val Acc: 0.4821
2025-06-20 17:56:28,165 [INFO] New best model at epoch 41 (Val Acc: 0.4821)
2025-06-20 17:56:28,217 [INFO] Epoch 042 | Train Loss: 1.9203 | Val Loss: 2.9662 | Val Acc: 0.4286
2025-06-20 17:56:28,275 [INFO] Epoch 043 | Train Loss: 2.0169 | Val Loss: 2.9612 | Val Acc: 0.4286
2025-06-20 17:56:28,322 [INFO] Epoch 044 | Train Loss: 1.3964 | Val Loss: 3.1070 | Val Acc: 0.3929
2025-06-20 17:56:28,367 [INFO] Epoch 045 | Train Loss: 1.8817 | Val Loss: 2.8075 | Val Acc: 0.3929
2025-06-20 17:56:28,412 [INFO] Epoch 046 | Train Loss: 1.3874 | Val Loss: 2.9041 | Val Acc: 0.3929
2025-06-20 17:56:28,459 [INFO] Epoch 047 | Train Loss: 1.7846 | Val Loss: 2.7404 | Val Acc: 0.4107
2025-06-20 17:56:28,526 [INFO] Epoch 048 | Train Loss: 1.3978 | Val Loss: 2.7148 | Val Acc: 0.4286
2025-06-20 17:56:28,576 [INFO] Epoch 049 | Train Loss: 1.5266 | Val Loss: 2.6931 | Val Acc: 0.4643
2025-06-20 17:56:28,642 [INFO] Epoch 050 | Train Loss: 1.1412 | Val Loss: 2.6445 | Val Acc: 0.4464
2025-06-20 17:56:28,813 [INFO] Epoch 051 | Train Loss: 1.4147 | Val Loss: 2.6828 | Val Acc: 0.4643
2025-06-20 17:56:28,861 [INFO] Epoch 052 | Train Loss: 1.6999 | Val Loss: 2.4848 | Val Acc: 0.4821
2025-06-20 17:56:28,909 [INFO] Epoch 053 | Train Loss: 1.4179 | Val Loss: 2.5111 | Val Acc: 0.4286
2025-06-20 17:56:28,971 [INFO] Epoch 054 | Train Loss: 1.4591 | Val Loss: 2.6677 | Val Acc: 0.4643
2025-06-20 17:56:29,034 [INFO] Epoch 055 | Train Loss: 1.4164 | Val Loss: 2.7537 | Val Acc: 0.5179
2025-06-20 17:56:29,041 [INFO] New best model at epoch 55 (Val Acc: 0.5179)
2025-06-20 17:56:29,091 [INFO] Epoch 056 | Train Loss: 1.2388 | Val Loss: 2.6918 | Val Acc: 0.5000
2025-06-20 17:56:29,141 [INFO] Epoch 057 | Train Loss: 1.4871 | Val Loss: 2.6341 | Val Acc: 0.4643
2025-06-20 17:56:29,189 [INFO] Epoch 058 | Train Loss: 1.6544 | Val Loss: 2.7128 | Val Acc: 0.4464
2025-06-20 17:56:29,238 [INFO] Epoch 059 | Train Loss: 0.8636 | Val Loss: 2.5299 | Val Acc: 0.5000
2025-06-20 17:56:29,288 [INFO] Epoch 060 | Train Loss: 1.1639 | Val Loss: 2.6230 | Val Acc: 0.4643
2025-06-20 17:56:29,471 [INFO] Epoch 061 | Train Loss: 1.0814 | Val Loss: 2.5605 | Val Acc: 0.4464
2025-06-20 17:56:29,524 [INFO] Epoch 062 | Train Loss: 1.5706 | Val Loss: 2.6954 | Val Acc: 0.4821
2025-06-20 17:56:29,580 [INFO] Epoch 063 | Train Loss: 1.2937 | Val Loss: 2.8591 | Val Acc: 0.5000
2025-06-20 17:56:29,634 [INFO] Epoch 064 | Train Loss: 1.2108 | Val Loss: 2.8978 | Val Acc: 0.4821
2025-06-20 17:56:29,683 [INFO] Epoch 065 | Train Loss: 1.4878 | Val Loss: 2.9257 | Val Acc: 0.5000
2025-06-20 17:56:29,729 [INFO] Epoch 066 | Train Loss: 1.1888 | Val Loss: 2.9021 | Val Acc: 0.5000
2025-06-20 17:56:29,776 [INFO] Epoch 067 | Train Loss: 0.9712 | Val Loss: 2.9706 | Val Acc: 0.4643
2025-06-20 17:56:29,822 [INFO] Epoch 068 | Train Loss: 1.0124 | Val Loss: 2.8568 | Val Acc: 0.4286
2025-06-20 17:56:29,886 [INFO] Epoch 069 | Train Loss: 1.0980 | Val Loss: 2.5230 | Val Acc: 0.4821
2025-06-20 17:56:29,956 [INFO] Epoch 070 | Train Loss: 1.0284 | Val Loss: 2.4203 | Val Acc: 0.4464
2025-06-20 17:56:30,149 [INFO] Epoch 071 | Train Loss: 0.8733 | Val Loss: 2.2401 | Val Acc: 0.4464
2025-06-20 17:56:30,225 [INFO] Epoch 072 | Train Loss: 1.2342 | Val Loss: 2.3042 | Val Acc: 0.4821
2025-06-20 17:56:30,287 [INFO] Epoch 073 | Train Loss: 1.4905 | Val Loss: 2.2910 | Val Acc: 0.4643
2025-06-20 17:56:30,331 [INFO] Epoch 074 | Train Loss: 1.0402 | Val Loss: 2.5961 | Val Acc: 0.4286
2025-06-20 17:56:30,376 [INFO] Epoch 075 | Train Loss: 0.8111 | Val Loss: 2.8117 | Val Acc: 0.4643
2025-06-20 17:56:30,422 [INFO] Epoch 076 | Train Loss: 1.0335 | Val Loss: 2.5643 | Val Acc: 0.5536
2025-06-20 17:56:30,428 [INFO] New best model at epoch 76 (Val Acc: 0.5536)
2025-06-20 17:56:30,469 [INFO] Epoch 077 | Train Loss: 1.3068 | Val Loss: 2.4991 | Val Acc: 0.5536
2025-06-20 17:56:30,545 [INFO] Epoch 078 | Train Loss: 0.7666 | Val Loss: 2.4486 | Val Acc: 0.5536
2025-06-20 17:56:30,602 [INFO] Epoch 079 | Train Loss: 1.1181 | Val Loss: 2.5640 | Val Acc: 0.5179
2025-06-20 17:56:30,659 [INFO] Epoch 080 | Train Loss: 0.9124 | Val Loss: 2.8326 | Val Acc: 0.4643
2025-06-20 17:56:30,878 [INFO] Epoch 081 | Train Loss: 1.0121 | Val Loss: 2.7886 | Val Acc: 0.5000
2025-06-20 17:56:30,970 [INFO] Epoch 082 | Train Loss: 1.1187 | Val Loss: 2.6533 | Val Acc: 0.4821
2025-06-20 17:56:31,021 [INFO] Epoch 083 | Train Loss: 0.9425 | Val Loss: 2.6426 | Val Acc: 0.5000
2025-06-20 17:56:31,085 [INFO] Epoch 084 | Train Loss: 0.8804 | Val Loss: 2.7239 | Val Acc: 0.5000
2025-06-20 17:56:31,148 [INFO] Epoch 085 | Train Loss: 0.7330 | Val Loss: 2.8109 | Val Acc: 0.5000
2025-06-20 17:56:31,194 [INFO] Epoch 086 | Train Loss: 0.7252 | Val Loss: 2.7277 | Val Acc: 0.5000
2025-06-20 17:56:31,241 [INFO] Epoch 087 | Train Loss: 0.9944 | Val Loss: 2.4934 | Val Acc: 0.4821
2025-06-20 17:56:31,310 [INFO] Epoch 088 | Train Loss: 0.9499 | Val Loss: 2.5010 | Val Acc: 0.4464
2025-06-20 17:56:31,379 [INFO] Epoch 089 | Train Loss: 0.8378 | Val Loss: 2.5265 | Val Acc: 0.5000
2025-06-20 17:56:31,431 [INFO] Epoch 090 | Train Loss: 1.2185 | Val Loss: 2.6328 | Val Acc: 0.5000
2025-06-20 17:56:31,622 [INFO] Epoch 091 | Train Loss: 0.8148 | Val Loss: 2.5084 | Val Acc: 0.5179
2025-06-20 17:56:31,669 [INFO] Epoch 092 | Train Loss: 0.8461 | Val Loss: 2.4947 | Val Acc: 0.5714
2025-06-20 17:56:31,675 [INFO] New best model at epoch 92 (Val Acc: 0.5714)
2025-06-20 17:56:31,730 [INFO] Epoch 093 | Train Loss: 1.0123 | Val Loss: 2.5371 | Val Acc: 0.5536
2025-06-20 17:56:31,779 [INFO] Epoch 094 | Train Loss: 0.8357 | Val Loss: 2.7033 | Val Acc: 0.4643
2025-06-20 17:56:31,883 [INFO] Epoch 095 | Train Loss: 0.9912 | Val Loss: 2.8089 | Val Acc: 0.5000
2025-06-20 17:56:31,940 [INFO] Epoch 096 | Train Loss: 0.8819 | Val Loss: 2.8800 | Val Acc: 0.5000
2025-06-20 17:56:31,990 [INFO] Epoch 097 | Train Loss: 0.8089 | Val Loss: 2.7194 | Val Acc: 0.5000
2025-06-20 17:56:32,058 [INFO] Epoch 098 | Train Loss: 0.9703 | Val Loss: 2.7362 | Val Acc: 0.5000
2025-06-20 17:56:32,112 [INFO] Epoch 099 | Train Loss: 0.6031 | Val Loss: 2.6839 | Val Acc: 0.5179
2025-06-20 17:56:32,161 [INFO] Epoch 100 | Train Loss: 1.0349 | Val Loss: 2.7238 | Val Acc: 0.5179
2025-06-20 17:56:32,332 [INFO] Epoch 101 | Train Loss: 0.8525 | Val Loss: 2.9105 | Val Acc: 0.4643
2025-06-20 17:56:32,377 [INFO] Epoch 102 | Train Loss: 0.9465 | Val Loss: 3.1182 | Val Acc: 0.5000
2025-06-20 17:56:32,424 [INFO] Epoch 103 | Train Loss: 0.7707 | Val Loss: 3.0283 | Val Acc: 0.5179
2025-06-20 17:56:32,469 [INFO] Epoch 104 | Train Loss: 0.7882 | Val Loss: 2.5665 | Val Acc: 0.5179
2025-06-20 17:56:32,514 [INFO] Epoch 105 | Train Loss: 0.7951 | Val Loss: 2.5950 | Val Acc: 0.5179
2025-06-20 17:56:32,567 [INFO] Epoch 106 | Train Loss: 0.9271 | Val Loss: 2.2753 | Val Acc: 0.5536
2025-06-20 17:56:32,613 [INFO] Epoch 107 | Train Loss: 1.0305 | Val Loss: 2.3341 | Val Acc: 0.5357
2025-06-20 17:56:32,669 [INFO] Epoch 108 | Train Loss: 0.7355 | Val Loss: 2.5059 | Val Acc: 0.5357
2025-06-20 17:56:32,738 [INFO] Epoch 109 | Train Loss: 0.8313 | Val Loss: 2.6367 | Val Acc: 0.5357
2025-06-20 17:56:32,797 [INFO] Epoch 110 | Train Loss: 0.6775 | Val Loss: 2.6245 | Val Acc: 0.5000
2025-06-20 17:56:33,037 [INFO] Epoch 111 | Train Loss: 0.8277 | Val Loss: 2.7394 | Val Acc: 0.5536
2025-06-20 17:56:33,085 [INFO] Epoch 112 | Train Loss: 0.8265 | Val Loss: 3.1429 | Val Acc: 0.4643
2025-06-20 17:56:33,132 [INFO] Epoch 113 | Train Loss: 1.1459 | Val Loss: 3.2492 | Val Acc: 0.4821
2025-06-20 17:56:33,178 [INFO] Epoch 114 | Train Loss: 0.6656 | Val Loss: 3.0307 | Val Acc: 0.5179
2025-06-20 17:56:33,227 [INFO] Epoch 115 | Train Loss: 0.6749 | Val Loss: 2.8647 | Val Acc: 0.5357
2025-06-20 17:56:33,274 [INFO] Epoch 116 | Train Loss: 0.8035 | Val Loss: 2.7957 | Val Acc: 0.5536
2025-06-20 17:56:33,330 [INFO] Epoch 117 | Train Loss: 0.4896 | Val Loss: 2.8559 | Val Acc: 0.5536
2025-06-20 17:56:33,378 [INFO] Epoch 118 | Train Loss: 0.7298 | Val Loss: 2.8934 | Val Acc: 0.5000
2025-06-20 17:56:33,453 [INFO] Epoch 119 | Train Loss: 1.0214 | Val Loss: 3.1388 | Val Acc: 0.4821
2025-06-20 17:56:33,504 [INFO] Epoch 120 | Train Loss: 1.0779 | Val Loss: 3.2437 | Val Acc: 0.5179
2025-06-20 17:56:33,732 [INFO] Epoch 121 | Train Loss: 0.9609 | Val Loss: 3.2041 | Val Acc: 0.5357
2025-06-20 17:56:33,780 [INFO] Epoch 122 | Train Loss: 0.7042 | Val Loss: 3.1857 | Val Acc: 0.5000
2025-06-20 17:56:33,844 [INFO] Epoch 123 | Train Loss: 0.6791 | Val Loss: 3.3144 | Val Acc: 0.4821
2025-06-20 17:56:33,915 [INFO] Epoch 124 | Train Loss: 0.8246 | Val Loss: 3.2532 | Val Acc: 0.4821
2025-06-20 17:56:33,983 [INFO] Epoch 125 | Train Loss: 0.5941 | Val Loss: 3.2315 | Val Acc: 0.5000
2025-06-20 17:56:34,037 [INFO] Epoch 126 | Train Loss: 0.8250 | Val Loss: 3.0669 | Val Acc: 0.5000
2025-06-20 17:56:34,090 [INFO] Epoch 127 | Train Loss: 0.9216 | Val Loss: 2.9135 | Val Acc: 0.4821
2025-06-20 17:56:34,138 [INFO] Epoch 128 | Train Loss: 0.6274 | Val Loss: 2.9164 | Val Acc: 0.4821
2025-06-20 17:56:34,194 [INFO] Epoch 129 | Train Loss: 0.7201 | Val Loss: 3.0536 | Val Acc: 0.5179
2025-06-20 17:56:34,247 [INFO] Epoch 130 | Train Loss: 0.5943 | Val Loss: 3.3339 | Val Acc: 0.5179
2025-06-20 17:56:34,459 [INFO] Epoch 131 | Train Loss: 0.5674 | Val Loss: 3.4089 | Val Acc: 0.5179
2025-06-20 17:56:34,512 [INFO] Epoch 132 | Train Loss: 0.6078 | Val Loss: 3.1675 | Val Acc: 0.5000
2025-06-20 17:56:34,573 [INFO] Epoch 133 | Train Loss: 1.0569 | Val Loss: 2.9917 | Val Acc: 0.5357
2025-06-20 17:56:34,620 [INFO] Epoch 134 | Train Loss: 0.8003 | Val Loss: 2.9316 | Val Acc: 0.5357
2025-06-20 17:56:34,670 [INFO] Epoch 135 | Train Loss: 0.7001 | Val Loss: 2.9478 | Val Acc: 0.5000
2025-06-20 17:56:34,720 [INFO] Epoch 136 | Train Loss: 0.6402 | Val Loss: 2.8416 | Val Acc: 0.5179
2025-06-20 17:56:34,764 [INFO] Epoch 137 | Train Loss: 0.9445 | Val Loss: 2.5534 | Val Acc: 0.5357
2025-06-20 17:56:34,820 [INFO] Epoch 138 | Train Loss: 0.6642 | Val Loss: 2.6996 | Val Acc: 0.5536
2025-06-20 17:56:34,883 [INFO] Epoch 139 | Train Loss: 0.6682 | Val Loss: 2.7462 | Val Acc: 0.5179
2025-06-20 17:56:34,937 [INFO] Epoch 140 | Train Loss: 0.6954 | Val Loss: 2.7429 | Val Acc: 0.5357
2025-06-20 17:56:35,110 [INFO] Epoch 141 | Train Loss: 0.9698 | Val Loss: 2.6387 | Val Acc: 0.5714
2025-06-20 17:56:35,155 [INFO] Epoch 142 | Train Loss: 0.8589 | Val Loss: 2.7194 | Val Acc: 0.5714
2025-06-20 17:56:35,200 [INFO] Epoch 143 | Train Loss: 0.4603 | Val Loss: 2.9856 | Val Acc: 0.5536
2025-06-20 17:56:35,248 [INFO] Epoch 144 | Train Loss: 0.7752 | Val Loss: 3.0157 | Val Acc: 0.4464
2025-06-20 17:56:35,292 [INFO] Epoch 145 | Train Loss: 0.7099 | Val Loss: 2.9789 | Val Acc: 0.4821
2025-06-20 17:56:35,347 [INFO] Epoch 146 | Train Loss: 0.7771 | Val Loss: 3.0613 | Val Acc: 0.5000
2025-06-20 17:56:35,394 [INFO] Epoch 147 | Train Loss: 0.7348 | Val Loss: 3.2920 | Val Acc: 0.5000
2025-06-20 17:56:35,448 [INFO] Epoch 148 | Train Loss: 0.7867 | Val Loss: 3.2192 | Val Acc: 0.4821
2025-06-20 17:56:35,497 [INFO] Epoch 149 | Train Loss: 1.0681 | Val Loss: 2.9004 | Val Acc: 0.5000
2025-06-20 17:56:35,546 [INFO] Epoch 150 | Train Loss: 0.4732 | Val Loss: 2.7973 | Val Acc: 0.5179
2025-06-20 17:56:35,720 [INFO] Epoch 151 | Train Loss: 0.6347 | Val Loss: 2.8834 | Val Acc: 0.5536
2025-06-20 17:56:35,764 [INFO] Epoch 152 | Train Loss: 0.6489 | Val Loss: 2.6677 | Val Acc: 0.5536
2025-06-20 17:56:35,822 [INFO] Epoch 153 | Train Loss: 0.5314 | Val Loss: 2.5772 | Val Acc: 0.5179
2025-06-20 17:56:35,881 [INFO] Epoch 154 | Train Loss: 0.3460 | Val Loss: 2.8318 | Val Acc: 0.4821
2025-06-20 17:56:35,979 [INFO] Epoch 155 | Train Loss: 0.4376 | Val Loss: 3.0627 | Val Acc: 0.5000
2025-06-20 17:56:36,027 [INFO] Epoch 156 | Train Loss: 0.6880 | Val Loss: 2.9830 | Val Acc: 0.5000
2025-06-20 17:56:36,074 [INFO] Epoch 157 | Train Loss: 0.6435 | Val Loss: 2.9221 | Val Acc: 0.5357
2025-06-20 17:56:36,122 [INFO] Epoch 158 | Train Loss: 0.7226 | Val Loss: 3.0714 | Val Acc: 0.5000
2025-06-20 17:56:36,170 [INFO] Epoch 159 | Train Loss: 0.4720 | Val Loss: 2.9832 | Val Acc: 0.5000
2025-06-20 17:56:36,216 [INFO] Epoch 160 | Train Loss: 0.6846 | Val Loss: 2.8701 | Val Acc: 0.5000
2025-06-20 17:56:36,391 [INFO] Epoch 161 | Train Loss: 0.7082 | Val Loss: 3.0419 | Val Acc: 0.5357
2025-06-20 17:56:36,437 [INFO] Epoch 162 | Train Loss: 0.6425 | Val Loss: 3.0929 | Val Acc: 0.5536
2025-06-20 17:56:36,485 [INFO] Epoch 163 | Train Loss: 0.8572 | Val Loss: 3.4952 | Val Acc: 0.4821
2025-06-20 17:56:36,532 [INFO] Epoch 164 | Train Loss: 0.5539 | Val Loss: 3.2607 | Val Acc: 0.5000
2025-06-20 17:56:36,582 [INFO] Epoch 165 | Train Loss: 0.6775 | Val Loss: 3.0663 | Val Acc: 0.4821
2025-06-20 17:56:36,631 [INFO] Epoch 166 | Train Loss: 0.3913 | Val Loss: 3.1109 | Val Acc: 0.5179
2025-06-20 17:56:36,676 [INFO] Epoch 167 | Train Loss: 0.4975 | Val Loss: 3.0107 | Val Acc: 0.5357
2025-06-20 17:56:36,719 [INFO] Epoch 168 | Train Loss: 0.7376 | Val Loss: 3.2800 | Val Acc: 0.4643
2025-06-20 17:56:36,765 [INFO] Epoch 169 | Train Loss: 0.4736 | Val Loss: 3.5980 | Val Acc: 0.4464
2025-06-20 17:56:36,833 [INFO] Epoch 170 | Train Loss: 0.6894 | Val Loss: 3.5853 | Val Acc: 0.4821
2025-06-20 17:56:37,045 [INFO] Epoch 171 | Train Loss: 0.5581 | Val Loss: 3.2737 | Val Acc: 0.5179
2025-06-20 17:56:37,135 [INFO] Epoch 172 | Train Loss: 0.8329 | Val Loss: 2.9034 | Val Acc: 0.5000
2025-06-20 17:56:37,221 [INFO] Epoch 173 | Train Loss: 0.5556 | Val Loss: 2.7430 | Val Acc: 0.5179
2025-06-20 17:56:37,284 [INFO] Epoch 174 | Train Loss: 0.6800 | Val Loss: 2.8664 | Val Acc: 0.5357
2025-06-20 17:56:37,341 [INFO] Epoch 175 | Train Loss: 0.8923 | Val Loss: 2.9910 | Val Acc: 0.5000
2025-06-20 17:56:37,401 [INFO] Epoch 176 | Train Loss: 0.3741 | Val Loss: 2.9833 | Val Acc: 0.4821
2025-06-20 17:56:37,461 [INFO] Epoch 177 | Train Loss: 0.4911 | Val Loss: 3.0234 | Val Acc: 0.5536
2025-06-20 17:56:37,512 [INFO] Epoch 178 | Train Loss: 0.3245 | Val Loss: 3.1240 | Val Acc: 0.5714
2025-06-20 17:56:37,596 [INFO] Epoch 179 | Train Loss: 0.3405 | Val Loss: 3.1485 | Val Acc: 0.5357
2025-06-20 17:56:37,663 [INFO] Epoch 180 | Train Loss: 0.3913 | Val Loss: 3.2777 | Val Acc: 0.4821
2025-06-20 17:56:37,873 [INFO] Epoch 181 | Train Loss: 0.3996 | Val Loss: 3.2020 | Val Acc: 0.4821
2025-06-20 17:56:37,958 [INFO] Epoch 182 | Train Loss: 0.4312 | Val Loss: 3.1837 | Val Acc: 0.5000
2025-06-20 17:56:38,026 [INFO] Epoch 183 | Train Loss: 0.7756 | Val Loss: 3.2503 | Val Acc: 0.5357
2025-06-20 17:56:38,082 [INFO] Epoch 184 | Train Loss: 0.3668 | Val Loss: 3.1590 | Val Acc: 0.5179
2025-06-20 17:56:38,133 [INFO] Epoch 185 | Train Loss: 0.5754 | Val Loss: 2.9241 | Val Acc: 0.5000
2025-06-20 17:56:38,175 [INFO] Epoch 186 | Train Loss: 0.4446 | Val Loss: 2.7977 | Val Acc: 0.5357
2025-06-20 17:56:38,222 [INFO] Epoch 187 | Train Loss: 0.7414 | Val Loss: 2.6957 | Val Acc: 0.5179
2025-06-20 17:56:38,270 [INFO] Epoch 188 | Train Loss: 0.2379 | Val Loss: 2.8911 | Val Acc: 0.5000
2025-06-20 17:56:38,315 [INFO] Epoch 189 | Train Loss: 0.4347 | Val Loss: 3.0733 | Val Acc: 0.4464
2025-06-20 17:56:38,370 [INFO] Epoch 190 | Train Loss: 0.6573 | Val Loss: 2.9719 | Val Acc: 0.5536
2025-06-20 17:56:38,551 [INFO] Epoch 191 | Train Loss: 0.5140 | Val Loss: 3.0455 | Val Acc: 0.5536
2025-06-20 17:56:38,603 [INFO] Epoch 192 | Train Loss: 0.3655 | Val Loss: 3.1510 | Val Acc: 0.5357
2025-06-20 17:56:38,656 [INFO] Epoch 193 | Train Loss: 0.5029 | Val Loss: 3.0005 | Val Acc: 0.5179
2025-06-20 17:56:38,738 [INFO] Epoch 194 | Train Loss: 0.4146 | Val Loss: 2.9491 | Val Acc: 0.5536
2025-06-20 17:56:38,841 [INFO] Epoch 195 | Train Loss: 0.4291 | Val Loss: 2.9273 | Val Acc: 0.5179
2025-06-20 17:56:38,893 [INFO] Epoch 196 | Train Loss: 0.4869 | Val Loss: 2.9350 | Val Acc: 0.5357
2025-06-20 17:56:38,940 [INFO] Epoch 197 | Train Loss: 0.4732 | Val Loss: 2.8651 | Val Acc: 0.5000
2025-06-20 17:56:38,988 [INFO] Epoch 198 | Train Loss: 0.4442 | Val Loss: 2.7753 | Val Acc: 0.5179
2025-06-20 17:56:39,034 [INFO] Epoch 199 | Train Loss: 0.6722 | Val Loss: 2.8317 | Val Acc: 0.5357
2025-06-20 17:56:39,082 [INFO] Epoch 200 | Train Loss: 0.2897 | Val Loss: 2.9034 | Val Acc: 0.5179
2025-06-20 17:56:39,272 [INFO] Epoch 201 | Train Loss: 0.7249 | Val Loss: 2.8096 | Val Acc: 0.5179
2025-06-20 17:56:39,397 [INFO] Epoch 202 | Train Loss: 0.3489 | Val Loss: 2.7768 | Val Acc: 0.5357
2025-06-20 17:56:39,441 [INFO] Epoch 203 | Train Loss: 0.2211 | Val Loss: 2.6438 | Val Acc: 0.5536
2025-06-20 17:56:39,487 [INFO] Epoch 204 | Train Loss: 0.4311 | Val Loss: 2.8117 | Val Acc: 0.5536
2025-06-20 17:56:39,533 [INFO] Epoch 205 | Train Loss: 0.3739 | Val Loss: 3.1049 | Val Acc: 0.5179
2025-06-20 17:56:39,581 [INFO] Epoch 206 | Train Loss: 0.4722 | Val Loss: 3.2274 | Val Acc: 0.5536
2025-06-20 17:56:39,628 [INFO] Epoch 207 | Train Loss: 0.5500 | Val Loss: 3.1094 | Val Acc: 0.5179
2025-06-20 17:56:39,673 [INFO] Epoch 208 | Train Loss: 0.3468 | Val Loss: 3.0095 | Val Acc: 0.5179
2025-06-20 17:56:39,715 [INFO] Epoch 209 | Train Loss: 0.2742 | Val Loss: 3.2200 | Val Acc: 0.5179
2025-06-20 17:56:39,772 [INFO] Epoch 210 | Train Loss: 0.4638 | Val Loss: 3.3207 | Val Acc: 0.5536
2025-06-20 17:56:39,945 [INFO] Epoch 211 | Train Loss: 0.3798 | Val Loss: 3.0870 | Val Acc: 0.5893
2025-06-20 17:56:39,951 [INFO] New best model at epoch 211 (Val Acc: 0.5893)
2025-06-20 17:56:39,993 [INFO] Epoch 212 | Train Loss: 0.4394 | Val Loss: 2.8633 | Val Acc: 0.5893
2025-06-20 17:56:40,038 [INFO] Epoch 213 | Train Loss: 0.4329 | Val Loss: 2.8583 | Val Acc: 0.5357
2025-06-20 17:56:40,088 [INFO] Epoch 214 | Train Loss: 0.3170 | Val Loss: 2.8728 | Val Acc: 0.5000
2025-06-20 17:56:40,133 [INFO] Epoch 215 | Train Loss: 0.7599 | Val Loss: 3.3083 | Val Acc: 0.4643
2025-06-20 17:56:40,182 [INFO] Epoch 216 | Train Loss: 0.3923 | Val Loss: 3.4205 | Val Acc: 0.5000
2025-06-20 17:56:40,224 [INFO] Epoch 217 | Train Loss: 0.2883 | Val Loss: 3.5104 | Val Acc: 0.4464
2025-06-20 17:56:40,279 [INFO] Epoch 218 | Train Loss: 0.3053 | Val Loss: 3.3555 | Val Acc: 0.5357
2025-06-20 17:56:40,336 [INFO] Epoch 219 | Train Loss: 0.4799 | Val Loss: 3.3032 | Val Acc: 0.5000
2025-06-20 17:56:40,391 [INFO] Epoch 220 | Train Loss: 0.3653 | Val Loss: 3.3584 | Val Acc: 0.5357
2025-06-20 17:56:40,566 [INFO] Epoch 221 | Train Loss: 0.2888 | Val Loss: 3.4041 | Val Acc: 0.4821
2025-06-20 17:56:40,612 [INFO] Epoch 222 | Train Loss: 0.5872 | Val Loss: 3.2736 | Val Acc: 0.5536
2025-06-20 17:56:40,658 [INFO] Epoch 223 | Train Loss: 0.2608 | Val Loss: 3.0833 | Val Acc: 0.5179
2025-06-20 17:56:40,704 [INFO] Epoch 224 | Train Loss: 0.5587 | Val Loss: 3.2188 | Val Acc: 0.5893
2025-06-20 17:56:40,748 [INFO] Epoch 225 | Train Loss: 0.4340 | Val Loss: 3.3396 | Val Acc: 0.5357
2025-06-20 17:56:40,800 [INFO] Epoch 226 | Train Loss: 0.3327 | Val Loss: 3.4186 | Val Acc: 0.5179
2025-06-20 17:56:40,863 [INFO] Epoch 227 | Train Loss: 0.2015 | Val Loss: 3.5087 | Val Acc: 0.5000
2025-06-20 17:56:40,916 [INFO] Epoch 228 | Train Loss: 0.5543 | Val Loss: 3.4758 | Val Acc: 0.4821
2025-06-20 17:56:40,964 [INFO] Epoch 229 | Train Loss: 0.4053 | Val Loss: 3.5204 | Val Acc: 0.4821
2025-06-20 17:56:41,009 [INFO] Epoch 230 | Train Loss: 0.5113 | Val Loss: 3.4368 | Val Acc: 0.5000
2025-06-20 17:56:41,218 [INFO] Epoch 231 | Train Loss: 0.3874 | Val Loss: 3.6214 | Val Acc: 0.5000
2025-06-20 17:56:41,273 [INFO] Epoch 232 | Train Loss: 0.1760 | Val Loss: 3.5337 | Val Acc: 0.4821
2025-06-20 17:56:41,340 [INFO] Epoch 233 | Train Loss: 0.3101 | Val Loss: 3.3995 | Val Acc: 0.5179
2025-06-20 17:56:41,397 [INFO] Epoch 234 | Train Loss: 0.5571 | Val Loss: 3.4085 | Val Acc: 0.5179
2025-06-20 17:56:41,442 [INFO] Epoch 235 | Train Loss: 0.2743 | Val Loss: 3.5002 | Val Acc: 0.5179
2025-06-20 17:56:41,489 [INFO] Epoch 236 | Train Loss: 0.4121 | Val Loss: 3.6008 | Val Acc: 0.5000
2025-06-20 17:56:41,535 [INFO] Epoch 237 | Train Loss: 0.4921 | Val Loss: 3.5666 | Val Acc: 0.5893
2025-06-20 17:56:41,583 [INFO] Epoch 238 | Train Loss: 0.7377 | Val Loss: 3.8406 | Val Acc: 0.5536
2025-06-20 17:56:41,636 [INFO] Epoch 239 | Train Loss: 0.3542 | Val Loss: 3.7908 | Val Acc: 0.5179
2025-06-20 17:56:41,700 [INFO] Epoch 240 | Train Loss: 0.2926 | Val Loss: 3.6198 | Val Acc: 0.5000
2025-06-20 17:56:41,888 [INFO] Epoch 241 | Train Loss: 0.3834 | Val Loss: 3.6908 | Val Acc: 0.5179
2025-06-20 17:56:41,935 [INFO] Epoch 242 | Train Loss: 0.3115 | Val Loss: 3.3386 | Val Acc: 0.5000
2025-06-20 17:56:41,987 [INFO] Epoch 243 | Train Loss: 0.3902 | Val Loss: 3.4562 | Val Acc: 0.4643
2025-06-20 17:56:42,042 [INFO] Epoch 244 | Train Loss: 0.3186 | Val Loss: 3.4958 | Val Acc: 0.5179
2025-06-20 17:56:42,090 [INFO] Epoch 245 | Train Loss: 0.2872 | Val Loss: 3.5847 | Val Acc: 0.5536
2025-06-20 17:56:42,136 [INFO] Epoch 246 | Train Loss: 0.1170 | Val Loss: 3.5889 | Val Acc: 0.5536
2025-06-20 17:56:42,188 [INFO] Epoch 247 | Train Loss: 0.4584 | Val Loss: 3.3701 | Val Acc: 0.5179
2025-06-20 17:56:42,246 [INFO] Epoch 248 | Train Loss: 0.5184 | Val Loss: 3.1533 | Val Acc: 0.5536
2025-06-20 17:56:42,298 [INFO] Epoch 249 | Train Loss: 0.2919 | Val Loss: 3.1778 | Val Acc: 0.5714
2025-06-20 17:56:42,344 [INFO] Epoch 250 | Train Loss: 0.3922 | Val Loss: 3.4631 | Val Acc: 0.5179
2025-06-20 17:56:42,514 [INFO] Epoch 251 | Train Loss: 0.4758 | Val Loss: 3.2371 | Val Acc: 0.5536
2025-06-20 17:56:42,562 [INFO] Epoch 252 | Train Loss: 0.4020 | Val Loss: 3.0737 | Val Acc: 0.5357
2025-06-20 17:56:42,612 [INFO] Epoch 253 | Train Loss: 0.2151 | Val Loss: 3.1479 | Val Acc: 0.5357
2025-06-20 17:56:42,668 [INFO] Epoch 254 | Train Loss: 0.2375 | Val Loss: 3.2686 | Val Acc: 0.5179
2025-06-20 17:56:42,733 [INFO] Epoch 255 | Train Loss: 0.3389 | Val Loss: 3.3508 | Val Acc: 0.5000
2025-06-20 17:56:42,781 [INFO] Epoch 256 | Train Loss: 0.2374 | Val Loss: 3.3899 | Val Acc: 0.5179
2025-06-20 17:56:42,827 [INFO] Epoch 257 | Train Loss: 0.1866 | Val Loss: 3.2553 | Val Acc: 0.5714
2025-06-20 17:56:42,873 [INFO] Epoch 258 | Train Loss: 0.2541 | Val Loss: 3.2433 | Val Acc: 0.5536
2025-06-20 17:56:42,918 [INFO] Epoch 259 | Train Loss: 0.5920 | Val Loss: 2.9974 | Val Acc: 0.5536
2025-06-20 17:56:42,961 [INFO] Epoch 260 | Train Loss: 0.2536 | Val Loss: 3.0609 | Val Acc: 0.5536
2025-06-20 17:56:43,145 [INFO] Epoch 261 | Train Loss: 0.4395 | Val Loss: 3.1057 | Val Acc: 0.5357
2025-06-20 17:56:43,207 [INFO] Epoch 262 | Train Loss: 0.2259 | Val Loss: 3.2348 | Val Acc: 0.5179
2025-06-20 17:56:43,253 [INFO] Epoch 263 | Train Loss: 0.3397 | Val Loss: 3.3307 | Val Acc: 0.5179
2025-06-20 17:56:43,303 [INFO] Epoch 264 | Train Loss: 0.2974 | Val Loss: 3.3780 | Val Acc: 0.5000
2025-06-20 17:56:43,352 [INFO] Epoch 265 | Train Loss: 0.3263 | Val Loss: 3.4313 | Val Acc: 0.5357
2025-06-20 17:56:43,396 [INFO] Epoch 266 | Train Loss: 0.2457 | Val Loss: 3.4070 | Val Acc: 0.5357
2025-06-20 17:56:43,443 [INFO] Epoch 267 | Train Loss: 0.2878 | Val Loss: 3.1475 | Val Acc: 0.5536
2025-06-20 17:56:43,490 [INFO] Epoch 268 | Train Loss: 0.3606 | Val Loss: 3.1905 | Val Acc: 0.5000
2025-06-20 17:56:43,534 [INFO] Epoch 269 | Train Loss: 0.2991 | Val Loss: 3.1896 | Val Acc: 0.5179
2025-06-20 17:56:43,579 [INFO] Epoch 270 | Train Loss: 0.3155 | Val Loss: 3.2952 | Val Acc: 0.5179
2025-06-20 17:56:43,752 [INFO] Epoch 271 | Train Loss: 0.2547 | Val Loss: 3.1501 | Val Acc: 0.5357
2025-06-20 17:56:43,797 [INFO] Epoch 272 | Train Loss: 0.6153 | Val Loss: 2.9876 | Val Acc: 0.6071
2025-06-20 17:56:43,803 [INFO] New best model at epoch 272 (Val Acc: 0.6071)
2025-06-20 17:56:43,843 [INFO] Epoch 273 | Train Loss: 0.2989 | Val Loss: 3.2660 | Val Acc: 0.5714
2025-06-20 17:56:43,890 [INFO] Epoch 274 | Train Loss: 0.3549 | Val Loss: 3.1304 | Val Acc: 0.5357
2025-06-20 17:56:43,932 [INFO] Epoch 275 | Train Loss: 0.5152 | Val Loss: 3.0192 | Val Acc: 0.5357
2025-06-20 17:56:43,980 [INFO] Epoch 276 | Train Loss: 0.4363 | Val Loss: 3.0021 | Val Acc: 0.5536
2025-06-20 17:56:44,025 [INFO] Epoch 277 | Train Loss: 0.2676 | Val Loss: 3.0545 | Val Acc: 0.4643
2025-06-20 17:56:44,074 [INFO] Epoch 278 | Train Loss: 0.4564 | Val Loss: 3.0745 | Val Acc: 0.5179
2025-06-20 17:56:44,124 [INFO] Epoch 279 | Train Loss: 0.2506 | Val Loss: 3.3311 | Val Acc: 0.5179
2025-06-20 17:56:44,176 [INFO] Epoch 280 | Train Loss: 0.4488 | Val Loss: 3.4856 | Val Acc: 0.5357
2025-06-20 17:56:44,369 [INFO] Epoch 281 | Train Loss: 0.3656 | Val Loss: 3.4063 | Val Acc: 0.5714
2025-06-20 17:56:44,415 [INFO] Epoch 282 | Train Loss: 0.1823 | Val Loss: 3.1673 | Val Acc: 0.5893
2025-06-20 17:56:44,460 [INFO] Epoch 283 | Train Loss: 0.3248 | Val Loss: 2.9168 | Val Acc: 0.5536
2025-06-20 17:56:44,506 [INFO] Epoch 284 | Train Loss: 0.3362 | Val Loss: 2.8894 | Val Acc: 0.5714
2025-06-20 17:56:44,552 [INFO] Epoch 285 | Train Loss: 0.4663 | Val Loss: 2.9182 | Val Acc: 0.5536
2025-06-20 17:56:44,615 [INFO] Epoch 286 | Train Loss: 0.4448 | Val Loss: 3.2296 | Val Acc: 0.5357
2025-06-20 17:56:44,668 [INFO] Epoch 287 | Train Loss: 0.2332 | Val Loss: 3.3263 | Val Acc: 0.5000
2025-06-20 17:56:44,722 [INFO] Epoch 288 | Train Loss: 0.4590 | Val Loss: 3.1809 | Val Acc: 0.5357
2025-06-20 17:56:44,765 [INFO] Epoch 289 | Train Loss: 0.3215 | Val Loss: 3.1728 | Val Acc: 0.5357
2025-06-20 17:56:44,809 [INFO] Epoch 290 | Train Loss: 0.1686 | Val Loss: 3.0442 | Val Acc: 0.5536
2025-06-20 17:56:44,980 [INFO] Epoch 291 | Train Loss: 0.1914 | Val Loss: 3.1528 | Val Acc: 0.5179
2025-06-20 17:56:45,026 [INFO] Epoch 292 | Train Loss: 0.2004 | Val Loss: 3.2102 | Val Acc: 0.5179
2025-06-20 17:56:45,076 [INFO] Epoch 293 | Train Loss: 0.1339 | Val Loss: 3.2981 | Val Acc: 0.5000
2025-06-20 17:56:45,136 [INFO] Epoch 294 | Train Loss: 0.2775 | Val Loss: 3.5783 | Val Acc: 0.5179
2025-06-20 17:56:45,180 [INFO] Epoch 295 | Train Loss: 0.2105 | Val Loss: 3.5445 | Val Acc: 0.4821
2025-06-20 17:56:45,234 [INFO] Epoch 296 | Train Loss: 0.1595 | Val Loss: 3.5308 | Val Acc: 0.5179
2025-06-20 17:56:45,279 [INFO] Epoch 297 | Train Loss: 0.2358 | Val Loss: 3.2573 | Val Acc: 0.5536
2025-06-20 17:56:45,325 [INFO] Epoch 298 | Train Loss: 0.1625 | Val Loss: 2.9627 | Val Acc: 0.5357
2025-06-20 17:56:45,370 [INFO] Epoch 299 | Train Loss: 0.2094 | Val Loss: 3.0380 | Val Acc: 0.5179
2025-06-20 17:56:45,415 [INFO] Epoch 300 | Train Loss: 0.5757 | Val Loss: 3.1852 | Val Acc: 0.4821
2025-06-20 17:56:45,615 [INFO] Epoch 301 | Train Loss: 0.1032 | Val Loss: 3.4073 | Val Acc: 0.4821
2025-06-20 17:56:45,663 [INFO] Epoch 302 | Train Loss: 0.1763 | Val Loss: 3.4025 | Val Acc: 0.4464
2025-06-20 17:56:45,718 [INFO] Epoch 303 | Train Loss: 0.1644 | Val Loss: 3.3371 | Val Acc: 0.4821
2025-06-20 17:56:45,766 [INFO] Epoch 304 | Train Loss: 0.1213 | Val Loss: 3.3093 | Val Acc: 0.5000
2025-06-20 17:56:45,878 [INFO] Epoch 305 | Train Loss: 0.3023 | Val Loss: 3.5523 | Val Acc: 0.4821
2025-06-20 17:56:45,925 [INFO] Epoch 306 | Train Loss: 0.2859 | Val Loss: 3.4362 | Val Acc: 0.5000
2025-06-20 17:56:45,971 [INFO] Epoch 307 | Train Loss: 0.1246 | Val Loss: 3.4018 | Val Acc: 0.5000
2025-06-20 17:56:46,018 [INFO] Epoch 308 | Train Loss: 0.3004 | Val Loss: 3.4066 | Val Acc: 0.5179
2025-06-20 17:56:46,075 [INFO] Epoch 309 | Train Loss: 0.1889 | Val Loss: 3.4250 | Val Acc: 0.5357
2025-06-20 17:56:46,151 [INFO] Epoch 310 | Train Loss: 0.1826 | Val Loss: 3.3888 | Val Acc: 0.5714
2025-06-20 17:56:46,356 [INFO] Epoch 311 | Train Loss: 0.1652 | Val Loss: 3.4152 | Val Acc: 0.5179
2025-06-20 17:56:46,404 [INFO] Epoch 312 | Train Loss: 0.2459 | Val Loss: 3.5257 | Val Acc: 0.5179
2025-06-20 17:56:46,461 [INFO] Epoch 313 | Train Loss: 0.1622 | Val Loss: 3.6911 | Val Acc: 0.5000
2025-06-20 17:56:46,519 [INFO] Epoch 314 | Train Loss: 0.2206 | Val Loss: 3.5003 | Val Acc: 0.4821
2025-06-20 17:56:46,586 [INFO] Epoch 315 | Train Loss: 0.1463 | Val Loss: 3.4081 | Val Acc: 0.5179
2025-06-20 17:56:46,639 [INFO] Epoch 316 | Train Loss: 0.3628 | Val Loss: 3.4535 | Val Acc: 0.4821
2025-06-20 17:56:46,688 [INFO] Epoch 317 | Train Loss: 0.1264 | Val Loss: 3.5162 | Val Acc: 0.5179
2025-06-20 17:56:46,735 [INFO] Epoch 318 | Train Loss: 0.3565 | Val Loss: 3.9828 | Val Acc: 0.5357
2025-06-20 17:56:46,796 [INFO] Epoch 319 | Train Loss: 0.1942 | Val Loss: 4.0033 | Val Acc: 0.5179
2025-06-20 17:56:46,895 [INFO] Epoch 320 | Train Loss: 0.2143 | Val Loss: 3.6728 | Val Acc: 0.5536
2025-06-20 17:56:47,110 [INFO] Epoch 321 | Train Loss: 0.3124 | Val Loss: 3.4006 | Val Acc: 0.5179
2025-06-20 17:56:47,181 [INFO] Epoch 322 | Train Loss: 0.1624 | Val Loss: 3.4515 | Val Acc: 0.5179
2025-06-20 17:56:47,255 [INFO] Epoch 323 | Train Loss: 0.2633 | Val Loss: 3.1941 | Val Acc: 0.5179
2025-06-20 17:56:47,325 [INFO] Epoch 324 | Train Loss: 0.2153 | Val Loss: 3.0601 | Val Acc: 0.5179
2025-06-20 17:56:47,395 [INFO] Epoch 325 | Train Loss: 0.2132 | Val Loss: 3.1590 | Val Acc: 0.5179
2025-06-20 17:56:47,474 [INFO] Epoch 326 | Train Loss: 0.1616 | Val Loss: 3.0416 | Val Acc: 0.5536
2025-06-20 17:56:47,545 [INFO] Epoch 327 | Train Loss: 0.1359 | Val Loss: 2.9563 | Val Acc: 0.5893
2025-06-20 17:56:47,610 [INFO] Epoch 328 | Train Loss: 0.2174 | Val Loss: 2.7587 | Val Acc: 0.6071
2025-06-20 17:56:47,658 [INFO] Epoch 329 | Train Loss: 0.1286 | Val Loss: 2.8823 | Val Acc: 0.5357
2025-06-20 17:56:47,706 [INFO] Epoch 330 | Train Loss: 0.2542 | Val Loss: 3.1715 | Val Acc: 0.4821
2025-06-20 17:56:47,925 [INFO] Epoch 331 | Train Loss: 0.1761 | Val Loss: 3.4478 | Val Acc: 0.4821
2025-06-20 17:56:47,973 [INFO] Epoch 332 | Train Loss: 0.1432 | Val Loss: 3.4757 | Val Acc: 0.5000
2025-06-20 17:56:48,031 [INFO] Epoch 333 | Train Loss: 0.1038 | Val Loss: 3.3589 | Val Acc: 0.5000
2025-06-20 17:56:48,099 [INFO] Epoch 334 | Train Loss: 0.4794 | Val Loss: 3.2712 | Val Acc: 0.5536
2025-06-20 17:56:48,147 [INFO] Epoch 335 | Train Loss: 0.1969 | Val Loss: 3.1141 | Val Acc: 0.5357
2025-06-20 17:56:48,197 [INFO] Epoch 336 | Train Loss: 0.3848 | Val Loss: 3.0977 | Val Acc: 0.4643
2025-06-20 17:56:48,244 [INFO] Epoch 337 | Train Loss: 0.3166 | Val Loss: 3.0429 | Val Acc: 0.5179
2025-06-20 17:56:48,298 [INFO] Epoch 338 | Train Loss: 0.1037 | Val Loss: 3.1496 | Val Acc: 0.4286
2025-06-20 17:56:48,351 [INFO] Epoch 339 | Train Loss: 0.2039 | Val Loss: 3.0521 | Val Acc: 0.5179
2025-06-20 17:56:48,402 [INFO] Epoch 340 | Train Loss: 0.0608 | Val Loss: 2.9390 | Val Acc: 0.5357
2025-06-20 17:56:48,599 [INFO] Epoch 341 | Train Loss: 0.1121 | Val Loss: 2.9586 | Val Acc: 0.5357
2025-06-20 17:56:48,644 [INFO] Epoch 342 | Train Loss: 0.2786 | Val Loss: 3.4478 | Val Acc: 0.5536
2025-06-20 17:56:48,709 [INFO] Epoch 343 | Train Loss: 0.1488 | Val Loss: 3.6135 | Val Acc: 0.5536
2025-06-20 17:56:48,756 [INFO] Epoch 344 | Train Loss: 0.1747 | Val Loss: 3.9514 | Val Acc: 0.5179
2025-06-20 17:56:48,803 [INFO] Epoch 345 | Train Loss: 0.1328 | Val Loss: 4.1739 | Val Acc: 0.5714
2025-06-20 17:56:48,851 [INFO] Epoch 346 | Train Loss: 0.2621 | Val Loss: 4.3110 | Val Acc: 0.5536
2025-06-20 17:56:48,900 [INFO] Epoch 347 | Train Loss: 0.3154 | Val Loss: 4.2090 | Val Acc: 0.5357
2025-06-20 17:56:48,947 [INFO] Epoch 348 | Train Loss: 0.1454 | Val Loss: 3.9742 | Val Acc: 0.5357
2025-06-20 17:56:48,996 [INFO] Epoch 349 | Train Loss: 0.3705 | Val Loss: 3.9946 | Val Acc: 0.5179
2025-06-20 17:56:49,051 [INFO] Epoch 350 | Train Loss: 0.1126 | Val Loss: 3.8346 | Val Acc: 0.5179
2025-06-20 17:56:49,239 [INFO] Epoch 351 | Train Loss: 0.2319 | Val Loss: 3.7997 | Val Acc: 0.5000
2025-06-20 17:56:49,285 [INFO] Epoch 352 | Train Loss: 0.3436 | Val Loss: 3.5871 | Val Acc: 0.5000
2025-06-20 17:56:49,337 [INFO] Epoch 353 | Train Loss: 0.1147 | Val Loss: 3.5665 | Val Acc: 0.5179
2025-06-20 17:56:49,387 [INFO] Epoch 354 | Train Loss: 0.1469 | Val Loss: 3.3191 | Val Acc: 0.5357
2025-06-20 17:56:49,435 [INFO] Epoch 355 | Train Loss: 0.0975 | Val Loss: 3.4996 | Val Acc: 0.5536
2025-06-20 17:56:49,494 [INFO] Epoch 356 | Train Loss: 0.1409 | Val Loss: 3.5420 | Val Acc: 0.5714
2025-06-20 17:56:49,559 [INFO] Epoch 357 | Train Loss: 0.1273 | Val Loss: 3.7046 | Val Acc: 0.5536
2025-06-20 17:56:49,611 [INFO] Epoch 358 | Train Loss: 0.1444 | Val Loss: 3.7933 | Val Acc: 0.5179
2025-06-20 17:56:49,657 [INFO] Epoch 359 | Train Loss: 0.1334 | Val Loss: 3.8183 | Val Acc: 0.4821
2025-06-20 17:56:49,704 [INFO] Epoch 360 | Train Loss: 0.0871 | Val Loss: 3.9885 | Val Acc: 0.5357
2025-06-20 17:56:49,890 [INFO] Epoch 361 | Train Loss: 0.1531 | Val Loss: 3.9075 | Val Acc: 0.5000
2025-06-20 17:56:49,939 [INFO] Epoch 362 | Train Loss: 0.1081 | Val Loss: 3.8375 | Val Acc: 0.5179
2025-06-20 17:56:49,993 [INFO] Epoch 363 | Train Loss: 0.2277 | Val Loss: 3.7297 | Val Acc: 0.5000
2025-06-20 17:56:50,047 [INFO] Epoch 364 | Train Loss: 0.1225 | Val Loss: 3.6299 | Val Acc: 0.5536
2025-06-20 17:56:50,106 [INFO] Epoch 365 | Train Loss: 0.3091 | Val Loss: 3.8031 | Val Acc: 0.5000
2025-06-20 17:56:50,152 [INFO] Epoch 366 | Train Loss: 0.1381 | Val Loss: 3.8693 | Val Acc: 0.5536
2025-06-20 17:56:50,199 [INFO] Epoch 367 | Train Loss: 0.2803 | Val Loss: 3.9724 | Val Acc: 0.5179
2025-06-20 17:56:50,248 [INFO] Epoch 368 | Train Loss: 0.2450 | Val Loss: 3.7931 | Val Acc: 0.5357
2025-06-20 17:56:50,293 [INFO] Epoch 369 | Train Loss: 0.1697 | Val Loss: 3.4928 | Val Acc: 0.5179
2025-06-20 17:56:50,338 [INFO] Epoch 370 | Train Loss: 0.0966 | Val Loss: 3.3167 | Val Acc: 0.4821
2025-06-20 17:56:50,516 [INFO] Epoch 371 | Train Loss: 0.1082 | Val Loss: 3.3139 | Val Acc: 0.4821
2025-06-20 17:56:50,577 [INFO] Epoch 372 | Train Loss: 0.1309 | Val Loss: 3.1881 | Val Acc: 0.4643
2025-06-20 17:56:50,638 [INFO] Epoch 373 | Train Loss: 0.0893 | Val Loss: 3.1265 | Val Acc: 0.4643
2025-06-20 17:56:50,692 [INFO] Epoch 374 | Train Loss: 0.1731 | Val Loss: 2.9255 | Val Acc: 0.5179
2025-06-20 17:56:50,769 [INFO] Epoch 375 | Train Loss: 0.1458 | Val Loss: 3.0663 | Val Acc: 0.5536
2025-06-20 17:56:50,832 [INFO] Epoch 376 | Train Loss: 0.1213 | Val Loss: 3.2369 | Val Acc: 0.5714
2025-06-20 17:56:50,888 [INFO] Epoch 377 | Train Loss: 0.0914 | Val Loss: 3.3032 | Val Acc: 0.5536
2025-06-20 17:56:50,944 [INFO] Epoch 378 | Train Loss: 0.0800 | Val Loss: 3.4829 | Val Acc: 0.5179
2025-06-20 17:56:51,002 [INFO] Epoch 379 | Train Loss: 0.1153 | Val Loss: 3.5958 | Val Acc: 0.5357
2025-06-20 17:56:51,063 [INFO] Epoch 380 | Train Loss: 0.1729 | Val Loss: 3.7710 | Val Acc: 0.5179
2025-06-20 17:56:51,241 [INFO] Epoch 381 | Train Loss: 0.0954 | Val Loss: 3.8596 | Val Acc: 0.5357
2025-06-20 17:56:51,305 [INFO] Epoch 382 | Train Loss: 0.0601 | Val Loss: 3.9376 | Val Acc: 0.4821
2025-06-20 17:56:51,353 [INFO] Epoch 383 | Train Loss: 0.1545 | Val Loss: 4.0974 | Val Acc: 0.4643
2025-06-20 17:56:51,408 [INFO] Epoch 384 | Train Loss: 0.1961 | Val Loss: 3.8797 | Val Acc: 0.5000
2025-06-20 17:56:51,454 [INFO] Epoch 385 | Train Loss: 0.1391 | Val Loss: 3.7785 | Val Acc: 0.4821
2025-06-20 17:56:51,500 [INFO] Epoch 386 | Train Loss: 0.2327 | Val Loss: 3.6980 | Val Acc: 0.5179
2025-06-20 17:56:51,550 [INFO] Epoch 387 | Train Loss: 0.2760 | Val Loss: 3.7674 | Val Acc: 0.4821
2025-06-20 17:56:51,615 [INFO] Epoch 388 | Train Loss: 0.1357 | Val Loss: 3.5897 | Val Acc: 0.4821
2025-06-20 17:56:51,658 [INFO] Epoch 389 | Train Loss: 0.1785 | Val Loss: 3.3946 | Val Acc: 0.4464
2025-06-20 17:56:51,705 [INFO] Epoch 390 | Train Loss: 0.1638 | Val Loss: 3.3452 | Val Acc: 0.5179
2025-06-20 17:56:51,884 [INFO] Epoch 391 | Train Loss: 0.1114 | Val Loss: 3.2387 | Val Acc: 0.5179
2025-06-20 17:56:51,936 [INFO] Epoch 392 | Train Loss: 0.1647 | Val Loss: 3.4998 | Val Acc: 0.4464
2025-06-20 17:56:51,984 [INFO] Epoch 393 | Train Loss: 0.0658 | Val Loss: 3.5771 | Val Acc: 0.4286
2025-06-20 17:56:52,029 [INFO] Epoch 394 | Train Loss: 0.1855 | Val Loss: 3.6841 | Val Acc: 0.4464
2025-06-20 17:56:52,102 [INFO] Epoch 395 | Train Loss: 0.1959 | Val Loss: 3.8088 | Val Acc: 0.5000
2025-06-20 17:56:52,147 [INFO] Epoch 396 | Train Loss: 0.0480 | Val Loss: 3.8422 | Val Acc: 0.5000
2025-06-20 17:56:52,192 [INFO] Epoch 397 | Train Loss: 0.1779 | Val Loss: 3.8534 | Val Acc: 0.5357
2025-06-20 17:56:52,238 [INFO] Epoch 398 | Train Loss: 0.2418 | Val Loss: 3.9368 | Val Acc: 0.5179
2025-06-20 17:56:52,285 [INFO] Epoch 399 | Train Loss: 0.0679 | Val Loss: 3.7845 | Val Acc: 0.5179
2025-06-20 17:56:52,329 [INFO] Epoch 400 | Train Loss: 0.1518 | Val Loss: 3.5339 | Val Acc: 0.5179
2025-06-20 17:56:52,538 [INFO] Best model saved to <built-in function time>/ENZYMES/best/best_source_gin.pth (Val Acc: 0.6071 at epoch 272)
2025-06-20 17:56:52,539 [INFO] Updated record.txt with new best validation accuracy: 0.6071
2025-06-20 17:56:52,540 [INFO] Training/validation metrics saved to <built-in function time>/ENZYMES/GIN_0.0001/train_metrics.csv
2025-06-20 17:56:52,666 [INFO] Final training curves saved
2025-06-20 17:56:52,666 [INFO] Training completed!
2025-06-20 17:56:52,667 [INFO] Best validation accuracy: 0.6071
2025-06-20 17:56:52,667 [INFO] Best epoch: 272
2025-06-20 17:56:52,667 [INFO] Total epochs trained: 400
2025-06-20 17:56:52,668 [INFO] Starting training with parameters: (0.0001, 0.1, 128, 4, 400, 0.0001)
