2025-06-23 17:01:28,822 [INFO] Using device: cpu
2025-06-23 17:01:28,823 [INFO] 开始创建数据加载器...
2025-06-23 17:01:28,826 [INFO] Successfully loaded dataset ENZYMES from ./data, total graphs: 600
2025-06-23 17:01:28,826 [INFO] Class allocation analysis:
2025-06-23 17:01:28,826 [INFO]   Source classes: [0, 1, 2, 3]
2025-06-23 17:01:28,826 [INFO]   Target classes: [0, 1, 2, 3, 4, 5]
2025-06-23 17:01:28,826 [INFO]   Overlap classes (to be split): [0, 1, 2, 3]
2025-06-23 17:01:28,826 [INFO]   Target novel classes (unknown): [4, 5]
2025-06-23 17:01:28,840 [INFO]   Class 0: 100 total -> Source: 70, Target: 30
2025-06-23 17:01:28,840 [INFO]   Class 1: 100 total -> Source: 70, Target: 30
2025-06-23 17:01:28,840 [INFO]   Class 2: 100 total -> Source: 70, Target: 30
2025-06-23 17:01:28,840 [INFO]   Class 3: 100 total -> Source: 70, Target: 30
2025-06-23 17:01:28,840 [INFO]   Class 4 (novel/unknown): 100 samples -> Target
2025-06-23 17:01:28,840 [INFO]   Class 5 (novel/unknown): 100 samples -> Target
2025-06-23 17:01:28,841 [INFO] Final allocation:
2025-06-23 17:01:28,841 [INFO]   Source domain: 280 samples
2025-06-23 17:01:28,841 [INFO]   Target domain: 320 samples
2025-06-23 17:01:28,842 [INFO] Source domain setup:
2025-06-23 17:01:28,842 [INFO]   Original classes: [0, 1, 2, 3]
2025-06-23 17:01:28,842 [INFO]   Overlap classes used: [0, 1, 2, 3]
2025-06-23 17:01:28,842 [INFO]   Label mapping: {0: 0, 1: 1, 2: 2, 3: 3}
2025-06-23 17:01:28,842 [INFO]   Total data after allocation: 280
2025-06-23 17:01:28,842 [INFO]   Data split - Train: 224, Val: 56
2025-06-23 17:01:28,842 [INFO]   Train label distribution: {0: 56, 1: 56, 3: 56, 2: 56}
2025-06-23 17:01:28,842 [INFO]   Val label distribution: {1: 14, 2: 14, 0: 14, 3: 14}
2025-06-23 17:01:28,844 [INFO] Successfully loaded dataset ENZYMES from ./data, total graphs: 600
2025-06-23 17:01:28,844 [INFO] Class allocation analysis:
2025-06-23 17:01:28,844 [INFO]   Source classes: [0, 1, 2, 3]
2025-06-23 17:01:28,844 [INFO]   Target classes: [0, 1, 2, 3, 4, 5]
2025-06-23 17:01:28,844 [INFO]   Overlap classes (to be split): [0, 1, 2, 3]
2025-06-23 17:01:28,844 [INFO]   Target novel classes (unknown): [4, 5]
2025-06-23 17:01:28,858 [INFO]   Class 0: 100 total -> Source: 70, Target: 30
2025-06-23 17:01:28,858 [INFO]   Class 1: 100 total -> Source: 70, Target: 30
2025-06-23 17:01:28,858 [INFO]   Class 2: 100 total -> Source: 70, Target: 30
2025-06-23 17:01:28,858 [INFO]   Class 3: 100 total -> Source: 70, Target: 30
2025-06-23 17:01:28,858 [INFO]   Class 4 (novel/unknown): 100 samples -> Target
2025-06-23 17:01:28,858 [INFO]   Class 5 (novel/unknown): 100 samples -> Target
2025-06-23 17:01:28,858 [INFO] Final allocation:
2025-06-23 17:01:28,858 [INFO]   Source domain: 280 samples
2025-06-23 17:01:28,858 [INFO]   Target domain: 320 samples
2025-06-23 17:01:28,860 [INFO] Target domain setup:
2025-06-23 17:01:28,860 [INFO]   Original classes: [0, 1, 2, 3, 4, 5]
2025-06-23 17:01:28,860 [INFO]   Overlap classes: [0, 1, 2, 3]
2025-06-23 17:01:28,860 [INFO]   Novel classes: [4, 5] -> mapped to unknown label 4
2025-06-23 17:01:28,860 [INFO]   Label mapping: {0: 0, 1: 1, 2: 2, 3: 3, 4: 4, 5: 4}
2025-06-23 17:01:28,860 [INFO]   Total data after allocation: 320
2025-06-23 17:01:28,860 [INFO]   Data split - Train: 256, Val: 64
2025-06-23 17:01:28,860 [INFO]   Total count: 320 (known: 120, unknown: 200)
2025-06-23 17:01:28,860 [INFO]   Total label distribution: {4: 200, 3: 30, 0: 30, 1: 30, 2: 30}
2025-06-23 17:01:28,860 [INFO]   Train label distribution: {4: 160, 0: 24, 2: 24, 3: 24, 1: 24}
2025-06-23 17:01:28,860 [INFO]   Val label distribution: {1: 6, 4: 40, 3: 6, 0: 6, 2: 6}
2025-06-23 17:01:28,861 [INFO] 数据加载器创建完成!
2025-06-23 17:01:28,861 [INFO] 源域类别数: 4 (重叠类别)
2025-06-23 17:01:28,861 [INFO] 目标域类别数: 5 (4个重叠类别 + 1个未知类别)
2025-06-23 17:01:28,861 [INFO] 重叠类别: [0, 1, 2, 3]
2025-06-23 17:01:28,861 [INFO] 目标域新类别: [4, 5]
2025-06-23 17:01:28,861 [INFO] Data allocation verification:
2025-06-23 17:01:28,861 [INFO]   Source data samples: 280
2025-06-23 17:01:28,861 [INFO]   Target data samples: 320
2025-06-23 17:01:28,861 [INFO]   Overlapping samples: 0
2025-06-23 17:01:28,861 [INFO]   ✓ Data allocation is correct - no overlapping samples
2025-06-23 17:01:28,865 [INFO] Model initialized with 796164 parameters
2025-06-23 17:01:28,865 [INFO] Previous best validation accuracy read from record.txt: 0.6429
2025-06-23 17:01:28,865 [INFO] Starting training...
2025-06-23 17:01:28,967 [INFO] Epoch 001 | Train Loss: 26.9629 | Val Loss: 1093.0655 | Val Acc: 0.2500
2025-06-23 17:01:32,639 [INFO] New best model at epoch 1 (Val Acc: 0.2500)
2025-06-23 17:01:32,744 [INFO] Epoch 002 | Train Loss: 15.4846 | Val Loss: 221.0105 | Val Acc: 0.3750
2025-06-23 17:01:32,759 [INFO] New best model at epoch 2 (Val Acc: 0.3750)
2025-06-23 17:01:32,830 [INFO] Epoch 003 | Train Loss: 22.3939 | Val Loss: 17.0327 | Val Acc: 0.2857
2025-06-23 17:01:32,907 [INFO] Epoch 004 | Train Loss: 19.1266 | Val Loss: 24.6882 | Val Acc: 0.2857
2025-06-23 17:01:32,975 [INFO] Epoch 005 | Train Loss: 11.2392 | Val Loss: 11.1604 | Val Acc: 0.2500
2025-06-23 17:01:33,048 [INFO] Epoch 006 | Train Loss: 11.3749 | Val Loss: 6.7442 | Val Acc: 0.3214
2025-06-23 17:01:33,114 [INFO] Epoch 007 | Train Loss: 7.4999 | Val Loss: 3.9967 | Val Acc: 0.2679
2025-06-23 17:01:33,199 [INFO] Epoch 008 | Train Loss: 8.4696 | Val Loss: 6.2714 | Val Acc: 0.3036
2025-06-23 17:01:33,270 [INFO] Epoch 009 | Train Loss: 9.7425 | Val Loss: 5.2008 | Val Acc: 0.1429
2025-06-23 17:01:33,339 [INFO] Epoch 010 | Train Loss: 7.3060 | Val Loss: 1.8523 | Val Acc: 0.3214
2025-06-23 17:01:34,672 [INFO] Epoch 011 | Train Loss: 9.2187 | Val Loss: 4.9141 | Val Acc: 0.3036
2025-06-23 17:01:34,741 [INFO] Epoch 012 | Train Loss: 17.5924 | Val Loss: 4.3208 | Val Acc: 0.2321
2025-06-23 17:01:34,813 [INFO] Epoch 013 | Train Loss: 11.7122 | Val Loss: 4.6970 | Val Acc: 0.3393
2025-06-23 17:01:34,876 [INFO] Epoch 014 | Train Loss: 8.0584 | Val Loss: 4.9112 | Val Acc: 0.2679
2025-06-23 17:01:34,940 [INFO] Epoch 015 | Train Loss: 7.5610 | Val Loss: 6.0033 | Val Acc: 0.2857
2025-06-23 17:01:35,008 [INFO] Epoch 016 | Train Loss: 9.6012 | Val Loss: 3.8550 | Val Acc: 0.4286
2025-06-23 17:01:35,022 [INFO] New best model at epoch 16 (Val Acc: 0.4286)
2025-06-23 17:01:35,071 [INFO] Epoch 017 | Train Loss: 7.2970 | Val Loss: 3.4008 | Val Acc: 0.3036
2025-06-23 17:01:35,140 [INFO] Epoch 018 | Train Loss: 4.0922 | Val Loss: 2.3861 | Val Acc: 0.3393
2025-06-23 17:01:35,229 [INFO] Epoch 019 | Train Loss: 5.8917 | Val Loss: 2.0391 | Val Acc: 0.3929
2025-06-23 17:01:35,290 [INFO] Epoch 020 | Train Loss: 5.6477 | Val Loss: 2.5835 | Val Acc: 0.4286
2025-06-23 17:01:36,586 [INFO] Epoch 021 | Train Loss: 4.5337 | Val Loss: 2.8211 | Val Acc: 0.2143
2025-06-23 17:01:36,651 [INFO] Epoch 022 | Train Loss: 4.6771 | Val Loss: 2.1569 | Val Acc: 0.2321
2025-06-23 17:01:36,716 [INFO] Epoch 023 | Train Loss: 8.3364 | Val Loss: 1.7344 | Val Acc: 0.3036
2025-06-23 17:01:36,779 [INFO] Epoch 024 | Train Loss: 6.2947 | Val Loss: 1.8483 | Val Acc: 0.3393
2025-06-23 17:01:36,842 [INFO] Epoch 025 | Train Loss: 5.5096 | Val Loss: 2.2400 | Val Acc: 0.3036
2025-06-23 17:01:36,905 [INFO] Epoch 026 | Train Loss: 4.9440 | Val Loss: 2.6345 | Val Acc: 0.2143
2025-06-23 17:01:36,967 [INFO] Epoch 027 | Train Loss: 5.8753 | Val Loss: 3.0807 | Val Acc: 0.3214
2025-06-23 17:01:37,048 [INFO] Epoch 028 | Train Loss: 6.7498 | Val Loss: 2.5624 | Val Acc: 0.3571
2025-06-23 17:01:37,118 [INFO] Epoch 029 | Train Loss: 3.5521 | Val Loss: 2.9090 | Val Acc: 0.3036
2025-06-23 17:01:37,183 [INFO] Epoch 030 | Train Loss: 4.2600 | Val Loss: 2.0536 | Val Acc: 0.3929
2025-06-23 17:01:38,470 [INFO] Epoch 031 | Train Loss: 4.7626 | Val Loss: 1.8056 | Val Acc: 0.3571
2025-06-23 17:01:38,537 [INFO] Epoch 032 | Train Loss: 3.0150 | Val Loss: 1.8499 | Val Acc: 0.4107
2025-06-23 17:01:38,597 [INFO] Epoch 033 | Train Loss: 3.5109 | Val Loss: 1.6836 | Val Acc: 0.3571
2025-06-23 17:01:38,658 [INFO] Epoch 034 | Train Loss: 2.0718 | Val Loss: 1.5972 | Val Acc: 0.2500
2025-06-23 17:01:38,722 [INFO] Epoch 035 | Train Loss: 3.0600 | Val Loss: 1.6517 | Val Acc: 0.3214
2025-06-23 17:01:38,786 [INFO] Epoch 036 | Train Loss: 3.2570 | Val Loss: 1.6157 | Val Acc: 0.3750
2025-06-23 17:01:38,846 [INFO] Epoch 037 | Train Loss: 2.9620 | Val Loss: 1.6738 | Val Acc: 0.3750
2025-06-23 17:01:38,910 [INFO] Epoch 038 | Train Loss: 4.0447 | Val Loss: 1.5671 | Val Acc: 0.3750
2025-06-23 17:01:38,987 [INFO] Epoch 039 | Train Loss: 2.1985 | Val Loss: 1.5835 | Val Acc: 0.3393
2025-06-23 17:01:39,049 [INFO] Epoch 040 | Train Loss: 1.3270 | Val Loss: 2.4666 | Val Acc: 0.3571
2025-06-23 17:01:40,313 [INFO] Epoch 041 | Train Loss: 2.7630 | Val Loss: 2.0054 | Val Acc: 0.3036
2025-06-23 17:01:40,381 [INFO] Epoch 042 | Train Loss: 1.6251 | Val Loss: 1.8672 | Val Acc: 0.3214
2025-06-23 17:01:40,452 [INFO] Epoch 043 | Train Loss: 1.8217 | Val Loss: 1.7409 | Val Acc: 0.3929
2025-06-23 17:01:40,515 [INFO] Epoch 044 | Train Loss: 2.6611 | Val Loss: 2.1983 | Val Acc: 0.3036
2025-06-23 17:01:40,578 [INFO] Epoch 045 | Train Loss: 2.5749 | Val Loss: 1.4610 | Val Acc: 0.2679
2025-06-23 17:01:40,711 [INFO] Epoch 046 | Train Loss: 2.4073 | Val Loss: 1.4636 | Val Acc: 0.3929
2025-06-23 17:01:40,789 [INFO] Epoch 047 | Train Loss: 4.0212 | Val Loss: 1.7271 | Val Acc: 0.2857
2025-06-23 17:01:40,861 [INFO] Epoch 048 | Train Loss: 2.6047 | Val Loss: 2.3448 | Val Acc: 0.3750
2025-06-23 17:01:40,925 [INFO] Epoch 049 | Train Loss: 2.8021 | Val Loss: 2.2076 | Val Acc: 0.3036
2025-06-23 17:01:40,998 [INFO] Epoch 050 | Train Loss: 2.3995 | Val Loss: 1.4425 | Val Acc: 0.3750
2025-06-23 17:01:42,409 [INFO] Epoch 051 | Train Loss: 2.8995 | Val Loss: 1.6292 | Val Acc: 0.3393
2025-06-23 17:01:42,475 [INFO] Epoch 052 | Train Loss: 2.4587 | Val Loss: 2.0940 | Val Acc: 0.3214
2025-06-23 17:01:42,537 [INFO] Epoch 053 | Train Loss: 2.4242 | Val Loss: 1.6382 | Val Acc: 0.3571
2025-06-23 17:01:42,597 [INFO] Epoch 054 | Train Loss: 2.2912 | Val Loss: 38.0023 | Val Acc: 0.2321
2025-06-23 17:01:42,659 [INFO] Epoch 055 | Train Loss: 2.7323 | Val Loss: 2.2514 | Val Acc: 0.4107
2025-06-23 17:01:42,721 [INFO] Epoch 056 | Train Loss: 1.4251 | Val Loss: 2.3987 | Val Acc: 0.3214
2025-06-23 17:01:42,782 [INFO] Epoch 057 | Train Loss: 1.4335 | Val Loss: 1.4660 | Val Acc: 0.3393
2025-06-23 17:01:42,841 [INFO] Epoch 058 | Train Loss: 1.5211 | Val Loss: 2.1615 | Val Acc: 0.3393
2025-06-23 17:01:42,916 [INFO] Epoch 059 | Train Loss: 1.3948 | Val Loss: 1.4602 | Val Acc: 0.3929
2025-06-23 17:01:42,976 [INFO] Epoch 060 | Train Loss: 1.5766 | Val Loss: 1.7170 | Val Acc: 0.3571
2025-06-23 17:01:44,407 [INFO] Epoch 061 | Train Loss: 1.4332 | Val Loss: 2.0235 | Val Acc: 0.2857
2025-06-23 17:01:44,497 [INFO] Epoch 062 | Train Loss: 2.8523 | Val Loss: 1.5636 | Val Acc: 0.3571
2025-06-23 17:01:44,573 [INFO] Epoch 063 | Train Loss: 1.2241 | Val Loss: 1.9010 | Val Acc: 0.3571
2025-06-23 17:01:44,650 [INFO] Epoch 064 | Train Loss: 1.7480 | Val Loss: 1.3116 | Val Acc: 0.4643
2025-06-23 17:01:44,665 [INFO] New best model at epoch 64 (Val Acc: 0.4643)
2025-06-23 17:01:44,727 [INFO] Epoch 065 | Train Loss: 1.6726 | Val Loss: 3.6434 | Val Acc: 0.3750
2025-06-23 17:01:44,795 [INFO] Epoch 066 | Train Loss: 4.1289 | Val Loss: 2.3291 | Val Acc: 0.2857
2025-06-23 17:01:44,868 [INFO] Epoch 067 | Train Loss: 1.5231 | Val Loss: 1.4622 | Val Acc: 0.3929
2025-06-23 17:01:44,942 [INFO] Epoch 068 | Train Loss: 1.4079 | Val Loss: 1.4573 | Val Acc: 0.3214
2025-06-23 17:01:45,014 [INFO] Epoch 069 | Train Loss: 1.8157 | Val Loss: 1.5237 | Val Acc: 0.3750
2025-06-23 17:01:45,081 [INFO] Epoch 070 | Train Loss: 1.4853 | Val Loss: 1.4194 | Val Acc: 0.3571
2025-06-23 17:01:46,442 [INFO] Epoch 071 | Train Loss: 2.1771 | Val Loss: 1.4298 | Val Acc: 0.3393
2025-06-23 17:01:46,506 [INFO] Epoch 072 | Train Loss: 1.3348 | Val Loss: 1.4127 | Val Acc: 0.3214
2025-06-23 17:01:46,567 [INFO] Epoch 073 | Train Loss: 2.0725 | Val Loss: 1.3983 | Val Acc: 0.3571
2025-06-23 17:01:46,628 [INFO] Epoch 074 | Train Loss: 1.4321 | Val Loss: 1.3938 | Val Acc: 0.3214
2025-06-23 17:01:46,703 [INFO] Epoch 075 | Train Loss: 1.2584 | Val Loss: 1.4766 | Val Acc: 0.4107
2025-06-23 17:01:46,768 [INFO] Epoch 076 | Train Loss: 1.4786 | Val Loss: 2.8385 | Val Acc: 0.3214
2025-06-23 17:01:46,845 [INFO] Epoch 077 | Train Loss: 1.4370 | Val Loss: 1.8196 | Val Acc: 0.3214
2025-06-23 17:01:46,918 [INFO] Epoch 078 | Train Loss: 1.5863 | Val Loss: 1.4116 | Val Acc: 0.3214
2025-06-23 17:01:46,992 [INFO] Epoch 079 | Train Loss: 1.6252 | Val Loss: 1.4959 | Val Acc: 0.3393
2025-06-23 17:01:47,061 [INFO] Epoch 080 | Train Loss: 1.8214 | Val Loss: 1.4887 | Val Acc: 0.3750
2025-06-23 17:01:48,484 [INFO] Epoch 081 | Train Loss: 2.4949 | Val Loss: 1.9459 | Val Acc: 0.3214
2025-06-23 17:01:48,548 [INFO] Epoch 082 | Train Loss: 1.2270 | Val Loss: 2.6693 | Val Acc: 0.3214
2025-06-23 17:01:48,608 [INFO] Epoch 083 | Train Loss: 1.6684 | Val Loss: 1.7032 | Val Acc: 0.3214
2025-06-23 17:01:48,675 [INFO] Epoch 084 | Train Loss: 1.1744 | Val Loss: 1.5741 | Val Acc: 0.3393
2025-06-23 17:01:48,739 [INFO] Epoch 085 | Train Loss: 1.1834 | Val Loss: 1.4738 | Val Acc: 0.2857
2025-06-23 17:01:48,802 [INFO] Epoch 086 | Train Loss: 1.2786 | Val Loss: 1.3733 | Val Acc: 0.2500
2025-06-23 17:01:48,864 [INFO] Epoch 087 | Train Loss: 1.6761 | Val Loss: 1.8451 | Val Acc: 0.3571
2025-06-23 17:01:48,934 [INFO] Epoch 088 | Train Loss: 1.2301 | Val Loss: 1.3326 | Val Acc: 0.3750
2025-06-23 17:01:49,007 [INFO] Epoch 089 | Train Loss: 1.3197 | Val Loss: 1.5625 | Val Acc: 0.3750
2025-06-23 17:01:49,070 [INFO] Epoch 090 | Train Loss: 1.1052 | Val Loss: 2.1958 | Val Acc: 0.3214
2025-06-23 17:01:51,504 [INFO] Epoch 091 | Train Loss: 1.2144 | Val Loss: 1.5609 | Val Acc: 0.4286
2025-06-23 17:01:51,580 [INFO] Epoch 092 | Train Loss: 1.1080 | Val Loss: 1.3855 | Val Acc: 0.3571
2025-06-23 17:01:51,650 [INFO] Epoch 093 | Train Loss: 1.0830 | Val Loss: 1.4146 | Val Acc: 0.3571
2025-06-23 17:01:51,722 [INFO] Epoch 094 | Train Loss: 1.0292 | Val Loss: 1.3940 | Val Acc: 0.3393
2025-06-23 17:01:51,793 [INFO] Epoch 095 | Train Loss: 1.1461 | Val Loss: 1.7160 | Val Acc: 0.3393
2025-06-23 17:01:51,862 [INFO] Epoch 096 | Train Loss: 1.1274 | Val Loss: 1.2966 | Val Acc: 0.3929
2025-06-23 17:01:51,941 [INFO] Epoch 097 | Train Loss: 1.1593 | Val Loss: 1.5662 | Val Acc: 0.2500
2025-06-23 17:01:52,028 [INFO] Epoch 098 | Train Loss: 1.1223 | Val Loss: 1.5065 | Val Acc: 0.4107
2025-06-23 17:01:52,100 [INFO] Epoch 099 | Train Loss: 1.0359 | Val Loss: 1.4897 | Val Acc: 0.4107
2025-06-23 17:01:52,168 [INFO] Epoch 100 | Train Loss: 1.1713 | Val Loss: 1.3575 | Val Acc: 0.3393
2025-06-23 17:01:57,078 [INFO] Epoch 101 | Train Loss: 1.1410 | Val Loss: 1.4052 | Val Acc: 0.2857
2025-06-23 17:01:57,161 [INFO] Epoch 102 | Train Loss: 1.0274 | Val Loss: 2.4099 | Val Acc: 0.3393
2025-06-23 17:01:57,236 [INFO] Epoch 103 | Train Loss: 1.0493 | Val Loss: 1.4984 | Val Acc: 0.3214
2025-06-23 17:01:57,336 [INFO] Epoch 104 | Train Loss: 1.0303 | Val Loss: 1.4829 | Val Acc: 0.2857
2025-06-23 17:01:57,414 [INFO] Epoch 105 | Train Loss: 1.1369 | Val Loss: 1.4412 | Val Acc: 0.3393
2025-06-23 17:01:57,489 [INFO] Epoch 106 | Train Loss: 1.6933 | Val Loss: 4.1485 | Val Acc: 0.3214
2025-06-23 17:01:57,568 [INFO] Epoch 107 | Train Loss: 1.1792 | Val Loss: 2.2077 | Val Acc: 0.3036
2025-06-23 17:01:57,649 [INFO] Epoch 108 | Train Loss: 1.2573 | Val Loss: 1.5608 | Val Acc: 0.4286
2025-06-23 17:01:57,724 [INFO] Epoch 109 | Train Loss: 1.0011 | Val Loss: 1.5696 | Val Acc: 0.3036
2025-06-23 17:01:57,790 [INFO] Epoch 110 | Train Loss: 0.9916 | Val Loss: 1.4501 | Val Acc: 0.3571
2025-06-23 17:01:59,156 [INFO] Epoch 111 | Train Loss: 1.0403 | Val Loss: 1.5519 | Val Acc: 0.3571
2025-06-23 17:01:59,229 [INFO] Epoch 112 | Train Loss: 0.9972 | Val Loss: 1.3573 | Val Acc: 0.3393
2025-06-23 17:01:59,292 [INFO] Epoch 113 | Train Loss: 1.1740 | Val Loss: 1.5022 | Val Acc: 0.3214
2025-06-23 17:01:59,357 [INFO] Epoch 114 | Train Loss: 1.0717 | Val Loss: 1.5370 | Val Acc: 0.3036
2025-06-23 17:01:59,423 [INFO] Epoch 115 | Train Loss: 0.9724 | Val Loss: 1.5047 | Val Acc: 0.3214
2025-06-23 17:01:59,485 [INFO] Epoch 116 | Train Loss: 0.9260 | Val Loss: 1.5908 | Val Acc: 0.3571
2025-06-23 17:01:59,549 [INFO] Epoch 117 | Train Loss: 1.1820 | Val Loss: 1.5434 | Val Acc: 0.2500
2025-06-23 17:01:59,631 [INFO] Epoch 118 | Train Loss: 1.0311 | Val Loss: 1.4744 | Val Acc: 0.3393
2025-06-23 17:01:59,698 [INFO] Epoch 119 | Train Loss: 0.9122 | Val Loss: 1.3444 | Val Acc: 0.3929
2025-06-23 17:01:59,768 [INFO] Epoch 120 | Train Loss: 1.0323 | Val Loss: 1.4480 | Val Acc: 0.3393
2025-06-23 17:02:01,063 [INFO] Epoch 121 | Train Loss: 1.0402 | Val Loss: 2.1571 | Val Acc: 0.3393
2025-06-23 17:02:01,134 [INFO] Epoch 122 | Train Loss: 0.9330 | Val Loss: 1.5280 | Val Acc: 0.3393
2025-06-23 17:02:01,207 [INFO] Epoch 123 | Train Loss: 0.9255 | Val Loss: 1.7768 | Val Acc: 0.3571
2025-06-23 17:02:01,278 [INFO] Epoch 124 | Train Loss: 0.9410 | Val Loss: 1.8445 | Val Acc: 0.4107
2025-06-23 17:02:01,452 [INFO] Epoch 125 | Train Loss: 1.0799 | Val Loss: 1.4499 | Val Acc: 0.3750
2025-06-23 17:02:01,549 [INFO] Epoch 126 | Train Loss: 0.9922 | Val Loss: 1.5380 | Val Acc: 0.4107
2025-06-23 17:02:01,626 [INFO] Epoch 127 | Train Loss: 0.9713 | Val Loss: 1.2165 | Val Acc: 0.5357
2025-06-23 17:02:01,639 [INFO] New best model at epoch 127 (Val Acc: 0.5357)
2025-06-23 17:02:01,692 [INFO] Epoch 128 | Train Loss: 0.8995 | Val Loss: 1.7391 | Val Acc: 0.3571
2025-06-23 17:02:01,763 [INFO] Epoch 129 | Train Loss: 0.9597 | Val Loss: 1.5907 | Val Acc: 0.3214
2025-06-23 17:02:01,840 [INFO] Epoch 130 | Train Loss: 0.9594 | Val Loss: 3.0873 | Val Acc: 0.3214
2025-06-23 17:02:03,146 [INFO] Epoch 131 | Train Loss: 0.9086 | Val Loss: 1.4793 | Val Acc: 0.4107
2025-06-23 17:02:03,215 [INFO] Epoch 132 | Train Loss: 0.9194 | Val Loss: 2.7051 | Val Acc: 0.4107
2025-06-23 17:02:03,277 [INFO] Epoch 133 | Train Loss: 1.0585 | Val Loss: 1.9195 | Val Acc: 0.3214
2025-06-23 17:02:03,338 [INFO] Epoch 134 | Train Loss: 0.9107 | Val Loss: 1.8188 | Val Acc: 0.3214
2025-06-23 17:02:03,404 [INFO] Epoch 135 | Train Loss: 1.0352 | Val Loss: 1.5010 | Val Acc: 0.3393
2025-06-23 17:02:03,467 [INFO] Epoch 136 | Train Loss: 0.9166 | Val Loss: 772.5985 | Val Acc: 0.2857
2025-06-23 17:02:03,531 [INFO] Epoch 137 | Train Loss: 1.0074 | Val Loss: 1.9301 | Val Acc: 0.4821
2025-06-23 17:02:03,592 [INFO] Epoch 138 | Train Loss: 1.1486 | Val Loss: 1.5494 | Val Acc: 0.4286
2025-06-23 17:02:03,666 [INFO] Epoch 139 | Train Loss: 0.8719 | Val Loss: 1.8758 | Val Acc: 0.3750
2025-06-23 17:02:03,740 [INFO] Epoch 140 | Train Loss: 0.9924 | Val Loss: 2.1174 | Val Acc: 0.3750
2025-06-23 17:02:05,073 [INFO] Epoch 141 | Train Loss: 0.9256 | Val Loss: 1.8510 | Val Acc: 0.3571
2025-06-23 17:02:05,156 [INFO] Epoch 142 | Train Loss: 0.9475 | Val Loss: 1.6489 | Val Acc: 0.3214
2025-06-23 17:02:05,234 [INFO] Epoch 143 | Train Loss: 0.9085 | Val Loss: 1.6165 | Val Acc: 0.3571
2025-06-23 17:02:05,313 [INFO] Epoch 144 | Train Loss: 1.0038 | Val Loss: 39.9842 | Val Acc: 0.2500
2025-06-23 17:02:05,395 [INFO] Epoch 145 | Train Loss: 0.9222 | Val Loss: 1.3655 | Val Acc: 0.3571
2025-06-23 17:02:05,473 [INFO] Epoch 146 | Train Loss: 0.8703 | Val Loss: 1.6487 | Val Acc: 0.3571
2025-06-23 17:02:05,564 [INFO] Epoch 147 | Train Loss: 0.8538 | Val Loss: 1.6525 | Val Acc: 0.3929
2025-06-23 17:02:05,648 [INFO] Epoch 148 | Train Loss: 0.9383 | Val Loss: 1.7611 | Val Acc: 0.3571
2025-06-23 17:02:05,728 [INFO] Epoch 149 | Train Loss: 0.9568 | Val Loss: 1.7293 | Val Acc: 0.3750
2025-06-23 17:02:05,809 [INFO] Epoch 150 | Train Loss: 0.9275 | Val Loss: 1.3679 | Val Acc: 0.4643
2025-06-23 17:02:07,120 [INFO] Best model saved to <built-in function time>/ENZYMES/best/best_source_gin.pth (Val Acc: 0.5357 at epoch 127)
2025-06-23 17:02:07,120 [INFO] Training/validation metrics saved to <built-in function time>/ENZYMES/GIN_0.01/train_metrics.csv
2025-06-23 17:02:08,451 [INFO] Final training curves saved
2025-06-23 17:02:08,451 [INFO] Training completed!
2025-06-23 17:02:08,451 [INFO] Best validation accuracy: 0.5357
2025-06-23 17:02:08,451 [INFO] Best epoch: 127
2025-06-23 17:02:08,451 [INFO] Total epochs trained: 150
2025-06-23 17:02:08,452 [INFO] Starting training with parameters: (0.01, 0.3, 512, 2, 300, 0.0)
