2025-06-21 20:56:15,946 [INFO] Using device: cpu
2025-06-21 20:56:15,946 [INFO] 开始创建数据加载器...
2025-06-21 20:56:15,947 [INFO] Successfully loaded dataset ENZYMES from ./data, total graphs: 600
2025-06-21 20:56:15,947 [INFO] Class allocation analysis:
2025-06-21 20:56:15,947 [INFO]   Source classes: [0, 1, 2, 3]
2025-06-21 20:56:15,947 [INFO]   Target classes: [0, 1, 2, 3, 4, 5]
2025-06-21 20:56:15,947 [INFO]   Overlap classes (to be split): [0, 1, 2, 3]
2025-06-21 20:56:15,947 [INFO]   Target novel classes (unknown): [4, 5]
2025-06-21 20:56:15,960 [INFO]   Class 0: 100 total -> Source: 70, Target: 30
2025-06-21 20:56:15,961 [INFO]   Class 1: 100 total -> Source: 70, Target: 30
2025-06-21 20:56:15,961 [INFO]   Class 2: 100 total -> Source: 70, Target: 30
2025-06-21 20:56:15,961 [INFO]   Class 3: 100 total -> Source: 70, Target: 30
2025-06-21 20:56:15,961 [INFO]   Class 4 (novel/unknown): 100 samples -> Target
2025-06-21 20:56:15,961 [INFO]   Class 5 (novel/unknown): 100 samples -> Target
2025-06-21 20:56:15,961 [INFO] Final allocation:
2025-06-21 20:56:15,961 [INFO]   Source domain: 280 samples
2025-06-21 20:56:15,961 [INFO]   Target domain: 320 samples
2025-06-21 20:56:15,962 [INFO] Source domain setup:
2025-06-21 20:56:15,962 [INFO]   Original classes: [0, 1, 2, 3]
2025-06-21 20:56:15,962 [INFO]   Overlap classes used: [0, 1, 2, 3]
2025-06-21 20:56:15,962 [INFO]   Label mapping: {0: 0, 1: 1, 2: 2, 3: 3}
2025-06-21 20:56:15,962 [INFO]   Total data after allocation: 280
2025-06-21 20:56:15,962 [INFO]   Data split - Train: 224, Val: 56
2025-06-21 20:56:15,962 [INFO]   Train label distribution: {0: 56, 1: 56, 3: 56, 2: 56}
2025-06-21 20:56:15,962 [INFO]   Val label distribution: {1: 14, 2: 14, 0: 14, 3: 14}
2025-06-21 20:56:15,964 [INFO] Successfully loaded dataset ENZYMES from ./data, total graphs: 600
2025-06-21 20:56:15,964 [INFO] Class allocation analysis:
2025-06-21 20:56:15,964 [INFO]   Source classes: [0, 1, 2, 3]
2025-06-21 20:56:15,964 [INFO]   Target classes: [0, 1, 2, 3, 4, 5]
2025-06-21 20:56:15,964 [INFO]   Overlap classes (to be split): [0, 1, 2, 3]
2025-06-21 20:56:15,964 [INFO]   Target novel classes (unknown): [4, 5]
2025-06-21 20:56:15,977 [INFO]   Class 0: 100 total -> Source: 70, Target: 30
2025-06-21 20:56:15,977 [INFO]   Class 1: 100 total -> Source: 70, Target: 30
2025-06-21 20:56:15,977 [INFO]   Class 2: 100 total -> Source: 70, Target: 30
2025-06-21 20:56:15,977 [INFO]   Class 3: 100 total -> Source: 70, Target: 30
2025-06-21 20:56:15,977 [INFO]   Class 4 (novel/unknown): 100 samples -> Target
2025-06-21 20:56:15,977 [INFO]   Class 5 (novel/unknown): 100 samples -> Target
2025-06-21 20:56:15,977 [INFO] Final allocation:
2025-06-21 20:56:15,977 [INFO]   Source domain: 280 samples
2025-06-21 20:56:15,977 [INFO]   Target domain: 320 samples
2025-06-21 20:56:15,979 [INFO] Target domain setup:
2025-06-21 20:56:15,979 [INFO]   Original classes: [0, 1, 2, 3, 4, 5]
2025-06-21 20:56:15,979 [INFO]   Overlap classes: [0, 1, 2, 3]
2025-06-21 20:56:15,979 [INFO]   Novel classes: [4, 5] -> mapped to unknown label 4
2025-06-21 20:56:15,979 [INFO]   Label mapping: {0: 0, 1: 1, 2: 2, 3: 3, 4: 4, 5: 4}
2025-06-21 20:56:15,979 [INFO]   Total data after allocation: 320
2025-06-21 20:56:15,979 [INFO]   Data split - Train: 256, Val: 64
2025-06-21 20:56:15,979 [INFO]   Total count: 320 (known: 120, unknown: 200)
2025-06-21 20:56:15,979 [INFO]   Total label distribution: {4: 200, 3: 30, 0: 30, 1: 30, 2: 30}
2025-06-21 20:56:15,979 [INFO]   Train label distribution: {4: 160, 0: 24, 2: 24, 3: 24, 1: 24}
2025-06-21 20:56:15,979 [INFO]   Val label distribution: {1: 6, 4: 40, 3: 6, 0: 6, 2: 6}
2025-06-21 20:56:15,979 [INFO] 数据加载器创建完成!
2025-06-21 20:56:15,979 [INFO] 源域类别数: 4 (重叠类别)
2025-06-21 20:56:15,979 [INFO] 目标域类别数: 5 (4个重叠类别 + 1个未知类别)
2025-06-21 20:56:15,979 [INFO] 重叠类别: [0, 1, 2, 3]
2025-06-21 20:56:15,979 [INFO] 目标域新类别: [4, 5]
2025-06-21 20:56:15,979 [INFO] Data allocation verification:
2025-06-21 20:56:15,979 [INFO]   Source data samples: 280
2025-06-21 20:56:15,979 [INFO]   Target data samples: 320
2025-06-21 20:56:15,979 [INFO]   Overlapping samples: 0
2025-06-21 20:56:15,979 [INFO]   ✓ Data allocation is correct - no overlapping samples
2025-06-21 20:56:15,980 [INFO] Model initialized with 13508 parameters
2025-06-21 20:56:15,981 [INFO] Previous best validation accuracy read from record.txt: 0.6250
2025-06-21 20:56:15,981 [INFO] Starting training...
2025-06-21 20:56:15,998 [INFO] Epoch 001 | Train Loss: 19.1561 | Val Loss: 2.9623 | Val Acc: 0.2143
2025-06-21 20:56:16,371 [INFO] New best model at epoch 1 (Val Acc: 0.2143)
2025-06-21 20:56:16,393 [INFO] Epoch 002 | Train Loss: 16.1285 | Val Loss: 2.8993 | Val Acc: 0.2679
2025-06-21 20:56:16,395 [INFO] New best model at epoch 2 (Val Acc: 0.2679)
2025-06-21 20:56:16,415 [INFO] Epoch 003 | Train Loss: 15.3401 | Val Loss: 3.2969 | Val Acc: 0.2500
2025-06-21 20:56:16,435 [INFO] Epoch 004 | Train Loss: 13.5856 | Val Loss: 3.7889 | Val Acc: 0.2500
2025-06-21 20:56:16,457 [INFO] Epoch 005 | Train Loss: 13.8785 | Val Loss: 4.0427 | Val Acc: 0.2143
2025-06-21 20:56:16,472 [INFO] Epoch 006 | Train Loss: 11.9178 | Val Loss: 4.3666 | Val Acc: 0.2321
2025-06-21 20:56:16,488 [INFO] Epoch 007 | Train Loss: 11.3303 | Val Loss: 4.8596 | Val Acc: 0.2679
2025-06-21 20:56:16,502 [INFO] Epoch 008 | Train Loss: 12.2544 | Val Loss: 5.1281 | Val Acc: 0.2857
2025-06-21 20:56:16,505 [INFO] New best model at epoch 8 (Val Acc: 0.2857)
2025-06-21 20:56:16,519 [INFO] Epoch 009 | Train Loss: 9.6015 | Val Loss: 5.4587 | Val Acc: 0.3214
2025-06-21 20:56:16,522 [INFO] New best model at epoch 9 (Val Acc: 0.3214)
2025-06-21 20:56:16,536 [INFO] Epoch 010 | Train Loss: 10.3920 | Val Loss: 5.8464 | Val Acc: 0.3214
2025-06-21 20:56:16,850 [INFO] Epoch 011 | Train Loss: 12.0740 | Val Loss: 6.0969 | Val Acc: 0.3571
2025-06-21 20:56:16,853 [INFO] New best model at epoch 11 (Val Acc: 0.3571)
2025-06-21 20:56:16,869 [INFO] Epoch 012 | Train Loss: 9.7074 | Val Loss: 6.1369 | Val Acc: 0.3393
2025-06-21 20:56:16,885 [INFO] Epoch 013 | Train Loss: 8.4904 | Val Loss: 6.1635 | Val Acc: 0.3393
2025-06-21 20:56:16,905 [INFO] Epoch 014 | Train Loss: 9.6692 | Val Loss: 6.1248 | Val Acc: 0.3571
2025-06-21 20:56:16,927 [INFO] Epoch 015 | Train Loss: 10.3417 | Val Loss: 6.0975 | Val Acc: 0.3393
2025-06-21 20:56:16,945 [INFO] Epoch 016 | Train Loss: 9.2400 | Val Loss: 5.8241 | Val Acc: 0.3214
2025-06-21 20:56:16,961 [INFO] Epoch 017 | Train Loss: 8.7356 | Val Loss: 5.7081 | Val Acc: 0.3036
2025-06-21 20:56:16,976 [INFO] Epoch 018 | Train Loss: 9.3914 | Val Loss: 5.3584 | Val Acc: 0.3214
2025-06-21 20:56:16,993 [INFO] Epoch 019 | Train Loss: 7.5536 | Val Loss: 5.0225 | Val Acc: 0.3214
2025-06-21 20:56:17,008 [INFO] Epoch 020 | Train Loss: 8.9136 | Val Loss: 5.2270 | Val Acc: 0.3036
2025-06-21 20:56:17,293 [INFO] Epoch 021 | Train Loss: 8.9000 | Val Loss: 5.3216 | Val Acc: 0.3214
2025-06-21 20:56:17,311 [INFO] Epoch 022 | Train Loss: 9.3456 | Val Loss: 4.9975 | Val Acc: 0.3214
2025-06-21 20:56:17,330 [INFO] Epoch 023 | Train Loss: 8.3377 | Val Loss: 4.9849 | Val Acc: 0.3393
2025-06-21 20:56:17,349 [INFO] Epoch 024 | Train Loss: 9.2197 | Val Loss: 4.9344 | Val Acc: 0.3393
2025-06-21 20:56:17,370 [INFO] Epoch 025 | Train Loss: 8.5908 | Val Loss: 4.7986 | Val Acc: 0.3214
2025-06-21 20:56:17,389 [INFO] Epoch 026 | Train Loss: 7.0641 | Val Loss: 4.9043 | Val Acc: 0.3393
2025-06-21 20:56:17,410 [INFO] Epoch 027 | Train Loss: 7.4124 | Val Loss: 4.7611 | Val Acc: 0.3393
2025-06-21 20:56:17,428 [INFO] Epoch 028 | Train Loss: 8.0270 | Val Loss: 4.3178 | Val Acc: 0.3750
2025-06-21 20:56:17,431 [INFO] New best model at epoch 28 (Val Acc: 0.3750)
2025-06-21 20:56:17,446 [INFO] Epoch 029 | Train Loss: 7.1987 | Val Loss: 3.9648 | Val Acc: 0.4107
2025-06-21 20:56:17,448 [INFO] New best model at epoch 29 (Val Acc: 0.4107)
2025-06-21 20:56:17,463 [INFO] Epoch 030 | Train Loss: 8.2803 | Val Loss: 3.9023 | Val Acc: 0.3929
2025-06-21 20:56:17,740 [INFO] Epoch 031 | Train Loss: 8.4211 | Val Loss: 3.8789 | Val Acc: 0.3929
2025-06-21 20:56:17,757 [INFO] Epoch 032 | Train Loss: 6.6980 | Val Loss: 3.8805 | Val Acc: 0.3929
2025-06-21 20:56:17,773 [INFO] Epoch 033 | Train Loss: 7.3912 | Val Loss: 4.0797 | Val Acc: 0.3929
2025-06-21 20:56:17,788 [INFO] Epoch 034 | Train Loss: 7.3091 | Val Loss: 4.1206 | Val Acc: 0.4107
2025-06-21 20:56:17,803 [INFO] Epoch 035 | Train Loss: 6.3201 | Val Loss: 3.8838 | Val Acc: 0.4107
2025-06-21 20:56:17,822 [INFO] Epoch 036 | Train Loss: 7.7236 | Val Loss: 3.7347 | Val Acc: 0.4286
2025-06-21 20:56:17,825 [INFO] New best model at epoch 36 (Val Acc: 0.4286)
2025-06-21 20:56:17,839 [INFO] Epoch 037 | Train Loss: 6.6839 | Val Loss: 3.6430 | Val Acc: 0.4286
2025-06-21 20:56:17,857 [INFO] Epoch 038 | Train Loss: 7.3414 | Val Loss: 3.4902 | Val Acc: 0.4107
2025-06-21 20:56:17,879 [INFO] Epoch 039 | Train Loss: 6.8915 | Val Loss: 3.5735 | Val Acc: 0.4107
2025-06-21 20:56:17,900 [INFO] Epoch 040 | Train Loss: 5.4381 | Val Loss: 3.6250 | Val Acc: 0.4107
2025-06-21 20:56:18,249 [INFO] Epoch 041 | Train Loss: 5.7616 | Val Loss: 3.7181 | Val Acc: 0.3571
2025-06-21 20:56:18,266 [INFO] Epoch 042 | Train Loss: 7.5077 | Val Loss: 3.5103 | Val Acc: 0.4107
2025-06-21 20:56:18,286 [INFO] Epoch 043 | Train Loss: 6.1745 | Val Loss: 3.3613 | Val Acc: 0.4464
2025-06-21 20:56:18,288 [INFO] New best model at epoch 43 (Val Acc: 0.4464)
2025-06-21 20:56:18,305 [INFO] Epoch 044 | Train Loss: 6.7375 | Val Loss: 3.3233 | Val Acc: 0.4286
2025-06-21 20:56:18,329 [INFO] Epoch 045 | Train Loss: 5.8211 | Val Loss: 3.3198 | Val Acc: 0.4107
2025-06-21 20:56:18,356 [INFO] Epoch 046 | Train Loss: 5.7938 | Val Loss: 3.3835 | Val Acc: 0.4286
2025-06-21 20:56:18,377 [INFO] Epoch 047 | Train Loss: 5.9200 | Val Loss: 3.4434 | Val Acc: 0.3929
2025-06-21 20:56:18,401 [INFO] Epoch 048 | Train Loss: 5.1085 | Val Loss: 3.2781 | Val Acc: 0.4286
2025-06-21 20:56:18,418 [INFO] Epoch 049 | Train Loss: 6.5159 | Val Loss: 3.3721 | Val Acc: 0.3929
2025-06-21 20:56:18,433 [INFO] Epoch 050 | Train Loss: 5.9061 | Val Loss: 3.4112 | Val Acc: 0.4107
2025-06-21 20:56:18,720 [INFO] Epoch 051 | Train Loss: 6.7455 | Val Loss: 3.2354 | Val Acc: 0.4107
2025-06-21 20:56:18,735 [INFO] Epoch 052 | Train Loss: 6.0119 | Val Loss: 3.0680 | Val Acc: 0.4107
2025-06-21 20:56:18,752 [INFO] Epoch 053 | Train Loss: 6.0832 | Val Loss: 2.9065 | Val Acc: 0.4107
2025-06-21 20:56:18,768 [INFO] Epoch 054 | Train Loss: 4.9584 | Val Loss: 2.8916 | Val Acc: 0.4464
2025-06-21 20:56:18,786 [INFO] Epoch 055 | Train Loss: 4.8602 | Val Loss: 2.9281 | Val Acc: 0.3750
2025-06-21 20:56:18,801 [INFO] Epoch 056 | Train Loss: 5.2625 | Val Loss: 2.9323 | Val Acc: 0.4107
2025-06-21 20:56:18,818 [INFO] Epoch 057 | Train Loss: 6.0803 | Val Loss: 2.8360 | Val Acc: 0.4107
2025-06-21 20:56:18,838 [INFO] Epoch 058 | Train Loss: 6.2722 | Val Loss: 2.7999 | Val Acc: 0.4286
2025-06-21 20:56:18,859 [INFO] Epoch 059 | Train Loss: 4.6893 | Val Loss: 2.8993 | Val Acc: 0.3929
2025-06-21 20:56:18,880 [INFO] Epoch 060 | Train Loss: 5.5546 | Val Loss: 2.8865 | Val Acc: 0.4643
2025-06-21 20:56:19,198 [INFO] New best model at epoch 60 (Val Acc: 0.4643)
2025-06-21 20:56:19,217 [INFO] Epoch 061 | Train Loss: 5.8999 | Val Loss: 2.9455 | Val Acc: 0.4643
2025-06-21 20:56:19,237 [INFO] Epoch 062 | Train Loss: 5.3542 | Val Loss: 3.0057 | Val Acc: 0.4107
2025-06-21 20:56:19,259 [INFO] Epoch 063 | Train Loss: 5.8481 | Val Loss: 2.9698 | Val Acc: 0.3750
2025-06-21 20:56:19,282 [INFO] Epoch 064 | Train Loss: 5.6402 | Val Loss: 3.0181 | Val Acc: 0.3750
2025-06-21 20:56:19,303 [INFO] Epoch 065 | Train Loss: 5.5006 | Val Loss: 2.9324 | Val Acc: 0.3571
2025-06-21 20:56:19,322 [INFO] Epoch 066 | Train Loss: 5.0528 | Val Loss: 2.8460 | Val Acc: 0.4107
2025-06-21 20:56:19,340 [INFO] Epoch 067 | Train Loss: 4.7904 | Val Loss: 2.8570 | Val Acc: 0.3929
2025-06-21 20:56:19,357 [INFO] Epoch 068 | Train Loss: 4.4084 | Val Loss: 2.8954 | Val Acc: 0.3750
2025-06-21 20:56:19,374 [INFO] Epoch 069 | Train Loss: 5.1670 | Val Loss: 2.8546 | Val Acc: 0.3929
2025-06-21 20:56:19,391 [INFO] Epoch 070 | Train Loss: 4.8078 | Val Loss: 2.9420 | Val Acc: 0.3750
2025-06-21 20:56:19,682 [INFO] Epoch 071 | Train Loss: 5.2899 | Val Loss: 2.9328 | Val Acc: 0.3750
2025-06-21 20:56:19,708 [INFO] Epoch 072 | Train Loss: 5.4826 | Val Loss: 2.9312 | Val Acc: 0.3929
2025-06-21 20:56:19,727 [INFO] Epoch 073 | Train Loss: 5.2529 | Val Loss: 2.8777 | Val Acc: 0.3929
2025-06-21 20:56:19,745 [INFO] Epoch 074 | Train Loss: 4.3469 | Val Loss: 2.9079 | Val Acc: 0.4107
2025-06-21 20:56:19,764 [INFO] Epoch 075 | Train Loss: 4.5713 | Val Loss: 2.8710 | Val Acc: 0.4107
2025-06-21 20:56:19,788 [INFO] Epoch 076 | Train Loss: 5.2623 | Val Loss: 2.9646 | Val Acc: 0.4107
2025-06-21 20:56:19,808 [INFO] Epoch 077 | Train Loss: 5.0787 | Val Loss: 2.9533 | Val Acc: 0.3750
2025-06-21 20:56:19,826 [INFO] Epoch 078 | Train Loss: 4.5686 | Val Loss: 2.9592 | Val Acc: 0.4107
2025-06-21 20:56:19,845 [INFO] Epoch 079 | Train Loss: 4.4884 | Val Loss: 2.9464 | Val Acc: 0.4107
2025-06-21 20:56:19,863 [INFO] Epoch 080 | Train Loss: 5.2529 | Val Loss: 2.9484 | Val Acc: 0.4107
2025-06-21 20:56:20,175 [INFO] Epoch 081 | Train Loss: 4.4398 | Val Loss: 2.9936 | Val Acc: 0.3750
2025-06-21 20:56:20,195 [INFO] Epoch 082 | Train Loss: 5.1622 | Val Loss: 3.0454 | Val Acc: 0.3750
2025-06-21 20:56:20,210 [INFO] Epoch 083 | Train Loss: 3.5758 | Val Loss: 3.0089 | Val Acc: 0.3750
2025-06-21 20:56:20,225 [INFO] Epoch 084 | Train Loss: 4.2611 | Val Loss: 2.9015 | Val Acc: 0.3750
2025-06-21 20:56:20,241 [INFO] Epoch 085 | Train Loss: 3.6828 | Val Loss: 2.8185 | Val Acc: 0.3750
2025-06-21 20:56:20,255 [INFO] Epoch 086 | Train Loss: 4.6857 | Val Loss: 2.8106 | Val Acc: 0.3393
2025-06-21 20:56:20,272 [INFO] Epoch 087 | Train Loss: 3.8543 | Val Loss: 2.8211 | Val Acc: 0.3750
2025-06-21 20:56:20,289 [INFO] Epoch 088 | Train Loss: 4.2553 | Val Loss: 2.8700 | Val Acc: 0.3571
2025-06-21 20:56:20,305 [INFO] Epoch 089 | Train Loss: 4.3247 | Val Loss: 2.7423 | Val Acc: 0.3750
2025-06-21 20:56:20,322 [INFO] Epoch 090 | Train Loss: 3.8898 | Val Loss: 2.5093 | Val Acc: 0.3929
2025-06-21 20:56:20,616 [INFO] Epoch 091 | Train Loss: 3.9543 | Val Loss: 2.4804 | Val Acc: 0.3750
2025-06-21 20:56:20,636 [INFO] Epoch 092 | Train Loss: 5.2121 | Val Loss: 2.4369 | Val Acc: 0.4286
2025-06-21 20:56:20,657 [INFO] Epoch 093 | Train Loss: 5.0633 | Val Loss: 2.4327 | Val Acc: 0.4464
2025-06-21 20:56:20,673 [INFO] Epoch 094 | Train Loss: 3.8844 | Val Loss: 2.3714 | Val Acc: 0.4464
2025-06-21 20:56:20,687 [INFO] Epoch 095 | Train Loss: 3.9336 | Val Loss: 2.3528 | Val Acc: 0.4464
2025-06-21 20:56:20,703 [INFO] Epoch 096 | Train Loss: 3.9782 | Val Loss: 2.3606 | Val Acc: 0.4286
2025-06-21 20:56:20,718 [INFO] Epoch 097 | Train Loss: 3.8722 | Val Loss: 2.4387 | Val Acc: 0.4286
2025-06-21 20:56:20,734 [INFO] Epoch 098 | Train Loss: 5.3022 | Val Loss: 2.5831 | Val Acc: 0.3571
2025-06-21 20:56:20,751 [INFO] Epoch 099 | Train Loss: 4.2370 | Val Loss: 2.5903 | Val Acc: 0.3929
2025-06-21 20:56:20,766 [INFO] Epoch 100 | Train Loss: 4.7411 | Val Loss: 2.5073 | Val Acc: 0.3929
2025-06-21 20:56:21,040 [INFO] Epoch 101 | Train Loss: 3.9079 | Val Loss: 2.5701 | Val Acc: 0.3750
2025-06-21 20:56:21,062 [INFO] Epoch 102 | Train Loss: 5.0278 | Val Loss: 2.4987 | Val Acc: 0.3571
2025-06-21 20:56:21,078 [INFO] Epoch 103 | Train Loss: 4.4166 | Val Loss: 2.5232 | Val Acc: 0.3929
2025-06-21 20:56:21,092 [INFO] Epoch 104 | Train Loss: 4.3237 | Val Loss: 2.4814 | Val Acc: 0.3750
2025-06-21 20:56:21,107 [INFO] Epoch 105 | Train Loss: 4.0063 | Val Loss: 2.4817 | Val Acc: 0.4107
2025-06-21 20:56:21,124 [INFO] Epoch 106 | Train Loss: 4.0162 | Val Loss: 2.4459 | Val Acc: 0.4107
2025-06-21 20:56:21,140 [INFO] Epoch 107 | Train Loss: 4.1556 | Val Loss: 2.4052 | Val Acc: 0.3750
2025-06-21 20:56:21,159 [INFO] Epoch 108 | Train Loss: 3.9580 | Val Loss: 2.3613 | Val Acc: 0.3750
2025-06-21 20:56:21,177 [INFO] Epoch 109 | Train Loss: 4.8040 | Val Loss: 2.4099 | Val Acc: 0.3929
2025-06-21 20:56:21,193 [INFO] Epoch 110 | Train Loss: 4.2953 | Val Loss: 2.3641 | Val Acc: 0.4107
2025-06-21 20:56:21,596 [INFO] Epoch 111 | Train Loss: 5.3648 | Val Loss: 2.4986 | Val Acc: 0.4286
2025-06-21 20:56:21,610 [INFO] Epoch 112 | Train Loss: 3.9324 | Val Loss: 2.4663 | Val Acc: 0.4286
2025-06-21 20:56:21,627 [INFO] Epoch 113 | Train Loss: 3.8735 | Val Loss: 2.3859 | Val Acc: 0.4107
2025-06-21 20:56:21,643 [INFO] Epoch 114 | Train Loss: 3.5561 | Val Loss: 2.3739 | Val Acc: 0.3750
2025-06-21 20:56:21,658 [INFO] Epoch 115 | Train Loss: 3.7236 | Val Loss: 2.3733 | Val Acc: 0.3750
2025-06-21 20:56:21,673 [INFO] Epoch 116 | Train Loss: 4.2646 | Val Loss: 2.3434 | Val Acc: 0.3929
2025-06-21 20:56:21,689 [INFO] Epoch 117 | Train Loss: 3.6314 | Val Loss: 2.3252 | Val Acc: 0.3929
2025-06-21 20:56:21,704 [INFO] Epoch 118 | Train Loss: 4.3733 | Val Loss: 2.3573 | Val Acc: 0.3929
2025-06-21 20:56:21,721 [INFO] Epoch 119 | Train Loss: 3.2871 | Val Loss: 2.3981 | Val Acc: 0.3929
2025-06-21 20:56:21,739 [INFO] Epoch 120 | Train Loss: 3.7351 | Val Loss: 2.3866 | Val Acc: 0.3929
2025-06-21 20:56:22,038 [INFO] Epoch 121 | Train Loss: 3.5282 | Val Loss: 2.7184 | Val Acc: 0.3750
2025-06-21 20:56:22,053 [INFO] Epoch 122 | Train Loss: 3.1980 | Val Loss: 2.4189 | Val Acc: 0.4107
2025-06-21 20:56:22,070 [INFO] Epoch 123 | Train Loss: 3.1503 | Val Loss: 2.4339 | Val Acc: 0.3571
2025-06-21 20:56:22,087 [INFO] Epoch 124 | Train Loss: 3.3266 | Val Loss: 2.4768 | Val Acc: 0.3750
2025-06-21 20:56:22,104 [INFO] Epoch 125 | Train Loss: 3.8298 | Val Loss: 2.5660 | Val Acc: 0.3750
2025-06-21 20:56:22,120 [INFO] Epoch 126 | Train Loss: 4.2035 | Val Loss: 2.4532 | Val Acc: 0.3750
2025-06-21 20:56:22,136 [INFO] Epoch 127 | Train Loss: 4.2274 | Val Loss: 2.4023 | Val Acc: 0.3929
2025-06-21 20:56:22,154 [INFO] Epoch 128 | Train Loss: 4.1976 | Val Loss: 2.4755 | Val Acc: 0.3750
2025-06-21 20:56:22,170 [INFO] Epoch 129 | Train Loss: 3.2855 | Val Loss: 2.3905 | Val Acc: 0.3571
2025-06-21 20:56:22,186 [INFO] Epoch 130 | Train Loss: 4.3794 | Val Loss: 2.4105 | Val Acc: 0.3571
2025-06-21 20:56:22,482 [INFO] Epoch 131 | Train Loss: 4.0120 | Val Loss: 2.2790 | Val Acc: 0.3571
2025-06-21 20:56:22,500 [INFO] Epoch 132 | Train Loss: 3.1735 | Val Loss: 2.3064 | Val Acc: 0.3750
2025-06-21 20:56:22,517 [INFO] Epoch 133 | Train Loss: 3.4843 | Val Loss: 2.3161 | Val Acc: 0.3929
2025-06-21 20:56:22,532 [INFO] Epoch 134 | Train Loss: 3.7174 | Val Loss: 2.3541 | Val Acc: 0.3929
2025-06-21 20:56:22,547 [INFO] Epoch 135 | Train Loss: 3.5957 | Val Loss: 2.3650 | Val Acc: 0.3929
2025-06-21 20:56:22,561 [INFO] Epoch 136 | Train Loss: 4.1614 | Val Loss: 2.3144 | Val Acc: 0.4107
2025-06-21 20:56:22,577 [INFO] Epoch 137 | Train Loss: 3.7793 | Val Loss: 2.3049 | Val Acc: 0.3750
2025-06-21 20:56:22,592 [INFO] Epoch 138 | Train Loss: 3.2122 | Val Loss: 2.2358 | Val Acc: 0.3929
2025-06-21 20:56:22,607 [INFO] Epoch 139 | Train Loss: 3.0353 | Val Loss: 2.2775 | Val Acc: 0.4107
2025-06-21 20:56:22,622 [INFO] Epoch 140 | Train Loss: 2.9648 | Val Loss: 2.2104 | Val Acc: 0.3929
2025-06-21 20:56:23,026 [INFO] Epoch 141 | Train Loss: 3.3182 | Val Loss: 2.1434 | Val Acc: 0.3929
2025-06-21 20:56:23,044 [INFO] Epoch 142 | Train Loss: 4.3190 | Val Loss: 2.1383 | Val Acc: 0.3750
2025-06-21 20:56:23,060 [INFO] Epoch 143 | Train Loss: 3.4275 | Val Loss: 2.1617 | Val Acc: 0.3571
2025-06-21 20:56:23,076 [INFO] Epoch 144 | Train Loss: 3.9572 | Val Loss: 2.1734 | Val Acc: 0.4107
2025-06-21 20:56:23,093 [INFO] Epoch 145 | Train Loss: 3.3728 | Val Loss: 2.1484 | Val Acc: 0.4107
2025-06-21 20:56:23,108 [INFO] Epoch 146 | Train Loss: 3.2332 | Val Loss: 2.1269 | Val Acc: 0.4107
2025-06-21 20:56:23,127 [INFO] Epoch 147 | Train Loss: 3.2428 | Val Loss: 2.1982 | Val Acc: 0.3929
2025-06-21 20:56:23,146 [INFO] Epoch 148 | Train Loss: 4.3920 | Val Loss: 2.1885 | Val Acc: 0.3929
2025-06-21 20:56:23,163 [INFO] Epoch 149 | Train Loss: 3.2059 | Val Loss: 2.1707 | Val Acc: 0.3571
2025-06-21 20:56:23,182 [INFO] Epoch 150 | Train Loss: 3.6168 | Val Loss: 2.1263 | Val Acc: 0.3571
2025-06-21 20:56:23,543 [INFO] Best model saved to <built-in function time>/ENZYMES/best/best_source_gin.pth (Val Acc: 0.4643 at epoch 60)
2025-06-21 20:56:23,543 [INFO] Training/validation metrics saved to <built-in function time>/ENZYMES/GIN_0.0001/train_metrics.csv
2025-06-21 20:56:23,792 [INFO] Final training curves saved
2025-06-21 20:56:23,792 [INFO] Training completed!
2025-06-21 20:56:23,792 [INFO] Best validation accuracy: 0.4643
2025-06-21 20:56:23,792 [INFO] Best epoch: 60
2025-06-21 20:56:23,792 [INFO] Total epochs trained: 150
2025-06-21 20:56:23,793 [INFO] Starting training with parameters: (0.0001, 0.5, 64, 2, 300, 0.0)
