2025-06-20 19:25:19,093 [INFO] Using device: cpu
2025-06-20 19:25:19,093 [INFO] 开始创建数据加载器...
2025-06-20 19:25:19,097 [INFO] Successfully loaded dataset ENZYMES from ./data, total graphs: 600
2025-06-20 19:25:19,097 [INFO] Class allocation analysis:
2025-06-20 19:25:19,097 [INFO]   Source classes: [0, 1, 2, 3]
2025-06-20 19:25:19,097 [INFO]   Target classes: [0, 1, 2, 3, 4, 5]
2025-06-20 19:25:19,097 [INFO]   Overlap classes (to be split): [0, 1, 2, 3]
2025-06-20 19:25:19,097 [INFO]   Target novel classes (unknown): [4, 5]
2025-06-20 19:25:19,120 [INFO]   Class 0: 100 total -> Source: 70, Target: 30
2025-06-20 19:25:19,120 [INFO]   Class 1: 100 total -> Source: 70, Target: 30
2025-06-20 19:25:19,120 [INFO]   Class 2: 100 total -> Source: 70, Target: 30
2025-06-20 19:25:19,120 [INFO]   Class 3: 100 total -> Source: 70, Target: 30
2025-06-20 19:25:19,121 [INFO]   Class 4 (novel/unknown): 100 samples -> Target
2025-06-20 19:25:19,121 [INFO]   Class 5 (novel/unknown): 100 samples -> Target
2025-06-20 19:25:19,121 [INFO] Final allocation:
2025-06-20 19:25:19,121 [INFO]   Source domain: 280 samples
2025-06-20 19:25:19,121 [INFO]   Target domain: 320 samples
2025-06-20 19:25:19,123 [INFO] Source domain setup:
2025-06-20 19:25:19,123 [INFO]   Original classes: [0, 1, 2, 3]
2025-06-20 19:25:19,123 [INFO]   Overlap classes used: [0, 1, 2, 3]
2025-06-20 19:25:19,123 [INFO]   Label mapping: {0: 0, 1: 1, 2: 2, 3: 3}
2025-06-20 19:25:19,123 [INFO]   Total data after allocation: 280
2025-06-20 19:25:19,123 [INFO]   Data split - Train: 224, Val: 56
2025-06-20 19:25:19,123 [INFO]   Train label distribution: {0: 56, 1: 56, 3: 56, 2: 56}
2025-06-20 19:25:19,123 [INFO]   Val label distribution: {1: 14, 2: 14, 0: 14, 3: 14}
2025-06-20 19:25:19,125 [INFO] Successfully loaded dataset ENZYMES from ./data, total graphs: 600
2025-06-20 19:25:19,125 [INFO] Class allocation analysis:
2025-06-20 19:25:19,125 [INFO]   Source classes: [0, 1, 2, 3]
2025-06-20 19:25:19,125 [INFO]   Target classes: [0, 1, 2, 3, 4, 5]
2025-06-20 19:25:19,125 [INFO]   Overlap classes (to be split): [0, 1, 2, 3]
2025-06-20 19:25:19,125 [INFO]   Target novel classes (unknown): [4, 5]
2025-06-20 19:25:19,147 [INFO]   Class 0: 100 total -> Source: 70, Target: 30
2025-06-20 19:25:19,148 [INFO]   Class 1: 100 total -> Source: 70, Target: 30
2025-06-20 19:25:19,148 [INFO]   Class 2: 100 total -> Source: 70, Target: 30
2025-06-20 19:25:19,148 [INFO]   Class 3: 100 total -> Source: 70, Target: 30
2025-06-20 19:25:19,148 [INFO]   Class 4 (novel/unknown): 100 samples -> Target
2025-06-20 19:25:19,148 [INFO]   Class 5 (novel/unknown): 100 samples -> Target
2025-06-20 19:25:19,148 [INFO] Final allocation:
2025-06-20 19:25:19,148 [INFO]   Source domain: 280 samples
2025-06-20 19:25:19,148 [INFO]   Target domain: 320 samples
2025-06-20 19:25:19,151 [INFO] Target domain setup:
2025-06-20 19:25:19,151 [INFO]   Original classes: [0, 1, 2, 3, 4, 5]
2025-06-20 19:25:19,151 [INFO]   Overlap classes: [0, 1, 2, 3]
2025-06-20 19:25:19,151 [INFO]   Novel classes: [4, 5] -> mapped to unknown label 4
2025-06-20 19:25:19,151 [INFO]   Label mapping: {0: 0, 1: 1, 2: 2, 3: 3, 4: 4, 5: 4}
2025-06-20 19:25:19,151 [INFO]   Total data after allocation: 320
2025-06-20 19:25:19,151 [INFO]   Data split - Train: 256, Val: 64
2025-06-20 19:25:19,151 [INFO]   Total count: 320 (known: 120, unknown: 200)
2025-06-20 19:25:19,151 [INFO]   Total label distribution: {4: 200, 3: 30, 0: 30, 1: 30, 2: 30}
2025-06-20 19:25:19,151 [INFO]   Train label distribution: {4: 160, 0: 24, 2: 24, 3: 24, 1: 24}
2025-06-20 19:25:19,151 [INFO]   Val label distribution: {1: 6, 4: 40, 3: 6, 0: 6, 2: 6}
2025-06-20 19:25:19,152 [INFO] 数据加载器创建完成!
2025-06-20 19:25:19,152 [INFO] 源域类别数: 4 (重叠类别)
2025-06-20 19:25:19,152 [INFO] 目标域类别数: 5 (4个重叠类别 + 1个未知类别)
2025-06-20 19:25:19,152 [INFO] 重叠类别: [0, 1, 2, 3]
2025-06-20 19:25:19,152 [INFO] 目标域新类别: [4, 5]
2025-06-20 19:25:19,152 [INFO] Data allocation verification:
2025-06-20 19:25:19,152 [INFO]   Source data samples: 280
2025-06-20 19:25:19,152 [INFO]   Target data samples: 320
2025-06-20 19:25:19,152 [INFO]   Overlapping samples: 0
2025-06-20 19:25:19,152 [INFO]   ✓ Data allocation is correct - no overlapping samples
2025-06-20 19:25:19,154 [INFO] Model initialized with 201476 parameters
2025-06-20 19:25:19,154 [INFO] Previous best validation accuracy read from record.txt: 0.6250
2025-06-20 19:25:19,155 [INFO] Starting training...
2025-06-20 19:25:19,196 [INFO] Epoch 001 | Train Loss: 8.8993 | Val Loss: 1.9625 | Val Acc: 0.2321
2025-06-20 19:25:19,404 [INFO] New best model at epoch 1 (Val Acc: 0.2321)
2025-06-20 19:25:19,445 [INFO] Epoch 002 | Train Loss: 4.7998 | Val Loss: 2.0824 | Val Acc: 0.1607
2025-06-20 19:25:19,505 [INFO] Epoch 003 | Train Loss: 4.8013 | Val Loss: 2.2401 | Val Acc: 0.1964
2025-06-20 19:25:19,573 [INFO] Epoch 004 | Train Loss: 4.7450 | Val Loss: 2.3123 | Val Acc: 0.1964
2025-06-20 19:25:19,622 [INFO] Epoch 005 | Train Loss: 4.2191 | Val Loss: 2.2563 | Val Acc: 0.2321
2025-06-20 19:25:19,671 [INFO] Epoch 006 | Train Loss: 3.9057 | Val Loss: 2.4098 | Val Acc: 0.2679
2025-06-20 19:25:19,680 [INFO] New best model at epoch 6 (Val Acc: 0.2679)
2025-06-20 19:25:19,731 [INFO] Epoch 007 | Train Loss: 3.7784 | Val Loss: 2.6893 | Val Acc: 0.3750
2025-06-20 19:25:19,740 [INFO] New best model at epoch 7 (Val Acc: 0.3750)
2025-06-20 19:25:19,786 [INFO] Epoch 008 | Train Loss: 3.8354 | Val Loss: 2.3702 | Val Acc: 0.3750
2025-06-20 19:25:19,836 [INFO] Epoch 009 | Train Loss: 3.8206 | Val Loss: 2.8314 | Val Acc: 0.4107
2025-06-20 19:25:19,845 [INFO] New best model at epoch 9 (Val Acc: 0.4107)
2025-06-20 19:25:19,888 [INFO] Epoch 010 | Train Loss: 3.4049 | Val Loss: 2.4823 | Val Acc: 0.4107
2025-06-20 19:25:20,229 [INFO] Epoch 011 | Train Loss: 3.0801 | Val Loss: 2.8631 | Val Acc: 0.4107
2025-06-20 19:25:20,290 [INFO] Epoch 012 | Train Loss: 3.0732 | Val Loss: 2.8451 | Val Acc: 0.4107
2025-06-20 19:25:20,369 [INFO] Epoch 013 | Train Loss: 3.6026 | Val Loss: 3.0986 | Val Acc: 0.3929
2025-06-20 19:25:20,431 [INFO] Epoch 014 | Train Loss: 2.6531 | Val Loss: 2.9609 | Val Acc: 0.3750
2025-06-20 19:25:20,495 [INFO] Epoch 015 | Train Loss: 3.1836 | Val Loss: 3.3502 | Val Acc: 0.3750
2025-06-20 19:25:20,555 [INFO] Epoch 016 | Train Loss: 3.2354 | Val Loss: 2.7589 | Val Acc: 0.4107
2025-06-20 19:25:20,618 [INFO] Epoch 017 | Train Loss: 2.6553 | Val Loss: 3.1088 | Val Acc: 0.4286
2025-06-20 19:25:20,628 [INFO] New best model at epoch 17 (Val Acc: 0.4286)
2025-06-20 19:25:20,677 [INFO] Epoch 018 | Train Loss: 3.1025 | Val Loss: 3.0045 | Val Acc: 0.3750
2025-06-20 19:25:20,741 [INFO] Epoch 019 | Train Loss: 2.6407 | Val Loss: 2.5510 | Val Acc: 0.3929
2025-06-20 19:25:20,806 [INFO] Epoch 020 | Train Loss: 2.9752 | Val Loss: 3.1946 | Val Acc: 0.5000
2025-06-20 19:25:21,170 [INFO] New best model at epoch 20 (Val Acc: 0.5000)
2025-06-20 19:25:21,221 [INFO] Epoch 021 | Train Loss: 2.5923 | Val Loss: 2.8825 | Val Acc: 0.3750
2025-06-20 19:25:21,280 [INFO] Epoch 022 | Train Loss: 3.0902 | Val Loss: 3.7837 | Val Acc: 0.3393
2025-06-20 19:25:21,348 [INFO] Epoch 023 | Train Loss: 2.8672 | Val Loss: 2.9372 | Val Acc: 0.3750
2025-06-20 19:25:21,405 [INFO] Epoch 024 | Train Loss: 2.3616 | Val Loss: 3.4021 | Val Acc: 0.3036
2025-06-20 19:25:21,478 [INFO] Epoch 025 | Train Loss: 2.3307 | Val Loss: 2.7954 | Val Acc: 0.3214
2025-06-20 19:25:21,532 [INFO] Epoch 026 | Train Loss: 2.6690 | Val Loss: 2.6513 | Val Acc: 0.4464
2025-06-20 19:25:21,597 [INFO] Epoch 027 | Train Loss: 2.8091 | Val Loss: 2.9813 | Val Acc: 0.4286
2025-06-20 19:25:21,652 [INFO] Epoch 028 | Train Loss: 2.3950 | Val Loss: 3.3335 | Val Acc: 0.3750
2025-06-20 19:25:21,709 [INFO] Epoch 029 | Train Loss: 2.6838 | Val Loss: 3.0588 | Val Acc: 0.4107
2025-06-20 19:25:21,764 [INFO] Epoch 030 | Train Loss: 2.2643 | Val Loss: 3.2612 | Val Acc: 0.3750
2025-06-20 19:25:22,098 [INFO] Epoch 031 | Train Loss: 2.9249 | Val Loss: 3.1845 | Val Acc: 0.4286
2025-06-20 19:25:22,155 [INFO] Epoch 032 | Train Loss: 2.5041 | Val Loss: 3.1244 | Val Acc: 0.4643
2025-06-20 19:25:22,220 [INFO] Epoch 033 | Train Loss: 2.0416 | Val Loss: 2.8480 | Val Acc: 0.4464
2025-06-20 19:25:22,276 [INFO] Epoch 034 | Train Loss: 2.3306 | Val Loss: 3.2501 | Val Acc: 0.3750
2025-06-20 19:25:22,339 [INFO] Epoch 035 | Train Loss: 2.2669 | Val Loss: 3.2248 | Val Acc: 0.3750
2025-06-20 19:25:22,403 [INFO] Epoch 036 | Train Loss: 2.0816 | Val Loss: 3.2227 | Val Acc: 0.3393
2025-06-20 19:25:22,476 [INFO] Epoch 037 | Train Loss: 2.0946 | Val Loss: 3.0266 | Val Acc: 0.3393
2025-06-20 19:25:22,546 [INFO] Epoch 038 | Train Loss: 2.0290 | Val Loss: 2.8861 | Val Acc: 0.4643
2025-06-20 19:25:22,609 [INFO] Epoch 039 | Train Loss: 2.8337 | Val Loss: 3.1309 | Val Acc: 0.3393
2025-06-20 19:25:22,672 [INFO] Epoch 040 | Train Loss: 2.0808 | Val Loss: 3.0896 | Val Acc: 0.3929
2025-06-20 19:25:23,106 [INFO] Epoch 041 | Train Loss: 2.3628 | Val Loss: 2.8781 | Val Acc: 0.4286
2025-06-20 19:25:23,161 [INFO] Epoch 042 | Train Loss: 2.0162 | Val Loss: 3.0883 | Val Acc: 0.4286
2025-06-20 19:25:23,225 [INFO] Epoch 043 | Train Loss: 2.5016 | Val Loss: 2.8071 | Val Acc: 0.3750
2025-06-20 19:25:23,286 [INFO] Epoch 044 | Train Loss: 2.0776 | Val Loss: 2.7549 | Val Acc: 0.4107
2025-06-20 19:25:23,341 [INFO] Epoch 045 | Train Loss: 2.3061 | Val Loss: 2.5341 | Val Acc: 0.4464
2025-06-20 19:25:23,391 [INFO] Epoch 046 | Train Loss: 2.0011 | Val Loss: 3.1217 | Val Acc: 0.4107
2025-06-20 19:25:23,446 [INFO] Epoch 047 | Train Loss: 2.0944 | Val Loss: 2.7391 | Val Acc: 0.3750
2025-06-20 19:25:23,514 [INFO] Epoch 048 | Train Loss: 1.8494 | Val Loss: 3.8913 | Val Acc: 0.3571
2025-06-20 19:25:23,582 [INFO] Epoch 049 | Train Loss: 2.1130 | Val Loss: 3.7652 | Val Acc: 0.2857
2025-06-20 19:25:23,639 [INFO] Epoch 050 | Train Loss: 2.0853 | Val Loss: 3.0385 | Val Acc: 0.3750
2025-06-20 19:25:23,969 [INFO] Epoch 051 | Train Loss: 1.7168 | Val Loss: 2.7790 | Val Acc: 0.4464
2025-06-20 19:25:24,030 [INFO] Epoch 052 | Train Loss: 2.1004 | Val Loss: 2.7466 | Val Acc: 0.4286
2025-06-20 19:25:24,113 [INFO] Epoch 053 | Train Loss: 2.0437 | Val Loss: 2.7770 | Val Acc: 0.4107
2025-06-20 19:25:24,174 [INFO] Epoch 054 | Train Loss: 1.7759 | Val Loss: 2.8008 | Val Acc: 0.4107
2025-06-20 19:25:24,239 [INFO] Epoch 055 | Train Loss: 2.0115 | Val Loss: 2.7573 | Val Acc: 0.4464
2025-06-20 19:25:24,322 [INFO] Epoch 056 | Train Loss: 1.9868 | Val Loss: 2.5157 | Val Acc: 0.5000
2025-06-20 19:25:24,379 [INFO] Epoch 057 | Train Loss: 1.7047 | Val Loss: 2.5879 | Val Acc: 0.4107
2025-06-20 19:25:24,437 [INFO] Epoch 058 | Train Loss: 2.2047 | Val Loss: 2.6781 | Val Acc: 0.4107
2025-06-20 19:25:24,507 [INFO] Epoch 059 | Train Loss: 2.3003 | Val Loss: 2.9016 | Val Acc: 0.4464
2025-06-20 19:25:24,563 [INFO] Epoch 060 | Train Loss: 1.6534 | Val Loss: 2.8818 | Val Acc: 0.4286
2025-06-20 19:25:24,906 [INFO] Epoch 061 | Train Loss: 1.6197 | Val Loss: 2.3782 | Val Acc: 0.5536
2025-06-20 19:25:24,917 [INFO] New best model at epoch 61 (Val Acc: 0.5536)
2025-06-20 19:25:24,968 [INFO] Epoch 062 | Train Loss: 1.6568 | Val Loss: 2.4137 | Val Acc: 0.4643
2025-06-20 19:25:25,038 [INFO] Epoch 063 | Train Loss: 1.8720 | Val Loss: 2.7740 | Val Acc: 0.3750
2025-06-20 19:25:25,118 [INFO] Epoch 064 | Train Loss: 1.5199 | Val Loss: 3.0001 | Val Acc: 0.4286
2025-06-20 19:25:25,191 [INFO] Epoch 065 | Train Loss: 1.8319 | Val Loss: 3.0294 | Val Acc: 0.3571
2025-06-20 19:25:25,255 [INFO] Epoch 066 | Train Loss: 1.5816 | Val Loss: 3.4692 | Val Acc: 0.3571
2025-06-20 19:25:25,330 [INFO] Epoch 067 | Train Loss: 1.7550 | Val Loss: 2.7653 | Val Acc: 0.3571
2025-06-20 19:25:25,387 [INFO] Epoch 068 | Train Loss: 1.4007 | Val Loss: 2.4481 | Val Acc: 0.4643
2025-06-20 19:25:25,450 [INFO] Epoch 069 | Train Loss: 1.5306 | Val Loss: 3.0521 | Val Acc: 0.4286
2025-06-20 19:25:25,509 [INFO] Epoch 070 | Train Loss: 1.5570 | Val Loss: 2.5800 | Val Acc: 0.4464
2025-06-20 19:25:25,858 [INFO] Epoch 071 | Train Loss: 1.4132 | Val Loss: 2.6650 | Val Acc: 0.4821
2025-06-20 19:25:25,914 [INFO] Epoch 072 | Train Loss: 1.3687 | Val Loss: 2.7816 | Val Acc: 0.3571
2025-06-20 19:25:25,986 [INFO] Epoch 073 | Train Loss: 1.4703 | Val Loss: 2.8341 | Val Acc: 0.3929
2025-06-20 19:25:26,048 [INFO] Epoch 074 | Train Loss: 1.4795 | Val Loss: 2.4491 | Val Acc: 0.4286
2025-06-20 19:25:26,137 [INFO] Epoch 075 | Train Loss: 1.5024 | Val Loss: 2.5390 | Val Acc: 0.4464
2025-06-20 19:25:26,200 [INFO] Epoch 076 | Train Loss: 1.9918 | Val Loss: 2.3510 | Val Acc: 0.5000
2025-06-20 19:25:26,263 [INFO] Epoch 077 | Train Loss: 2.0067 | Val Loss: 2.3205 | Val Acc: 0.4821
2025-06-20 19:25:26,327 [INFO] Epoch 078 | Train Loss: 1.7680 | Val Loss: 2.1394 | Val Acc: 0.4643
2025-06-20 19:25:26,392 [INFO] Epoch 079 | Train Loss: 1.6573 | Val Loss: 2.8992 | Val Acc: 0.3750
2025-06-20 19:25:26,456 [INFO] Epoch 080 | Train Loss: 1.3718 | Val Loss: 2.8574 | Val Acc: 0.3750
2025-06-20 19:25:26,800 [INFO] Epoch 081 | Train Loss: 1.7197 | Val Loss: 2.5483 | Val Acc: 0.4643
2025-06-20 19:25:26,856 [INFO] Epoch 082 | Train Loss: 1.7228 | Val Loss: 2.2784 | Val Acc: 0.5000
2025-06-20 19:25:26,928 [INFO] Epoch 083 | Train Loss: 1.5573 | Val Loss: 2.4153 | Val Acc: 0.4821
2025-06-20 19:25:27,000 [INFO] Epoch 084 | Train Loss: 1.4130 | Val Loss: 2.6068 | Val Acc: 0.4464
2025-06-20 19:25:27,068 [INFO] Epoch 085 | Train Loss: 1.3906 | Val Loss: 2.7564 | Val Acc: 0.3571
2025-06-20 19:25:27,130 [INFO] Epoch 086 | Train Loss: 1.5610 | Val Loss: 3.1720 | Val Acc: 0.3750
2025-06-20 19:25:27,197 [INFO] Epoch 087 | Train Loss: 1.2079 | Val Loss: 2.4978 | Val Acc: 0.4464
2025-06-20 19:25:27,260 [INFO] Epoch 088 | Train Loss: 1.6651 | Val Loss: 2.5272 | Val Acc: 0.5000
2025-06-20 19:25:27,324 [INFO] Epoch 089 | Train Loss: 1.7079 | Val Loss: 3.7387 | Val Acc: 0.3929
2025-06-20 19:25:27,386 [INFO] Epoch 090 | Train Loss: 1.7859 | Val Loss: 3.7867 | Val Acc: 0.3214
2025-06-20 19:25:27,716 [INFO] Epoch 091 | Train Loss: 1.4748 | Val Loss: 3.1049 | Val Acc: 0.3393
2025-06-20 19:25:27,771 [INFO] Epoch 092 | Train Loss: 1.2702 | Val Loss: 2.7611 | Val Acc: 0.4643
2025-06-20 19:25:27,841 [INFO] Epoch 093 | Train Loss: 1.3816 | Val Loss: 2.5236 | Val Acc: 0.4464
2025-06-20 19:25:27,903 [INFO] Epoch 094 | Train Loss: 1.4647 | Val Loss: 2.4826 | Val Acc: 0.4286
2025-06-20 19:25:27,967 [INFO] Epoch 095 | Train Loss: 1.6241 | Val Loss: 2.5701 | Val Acc: 0.4286
2025-06-20 19:25:28,036 [INFO] Epoch 096 | Train Loss: 1.6317 | Val Loss: 2.9225 | Val Acc: 0.3929
2025-06-20 19:25:28,103 [INFO] Epoch 097 | Train Loss: 1.1456 | Val Loss: 2.6907 | Val Acc: 0.4286
2025-06-20 19:25:28,167 [INFO] Epoch 098 | Train Loss: 1.1566 | Val Loss: 2.6292 | Val Acc: 0.3929
2025-06-20 19:25:28,230 [INFO] Epoch 099 | Train Loss: 1.6029 | Val Loss: 2.4504 | Val Acc: 0.3929
2025-06-20 19:25:28,287 [INFO] Epoch 100 | Train Loss: 1.3551 | Val Loss: 2.4884 | Val Acc: 0.4643
2025-06-20 19:25:28,666 [INFO] Epoch 101 | Train Loss: 1.2387 | Val Loss: 2.8448 | Val Acc: 0.4643
2025-06-20 19:25:28,718 [INFO] Epoch 102 | Train Loss: 1.2073 | Val Loss: 2.7817 | Val Acc: 0.4464
2025-06-20 19:25:28,776 [INFO] Epoch 103 | Train Loss: 1.4893 | Val Loss: 2.6885 | Val Acc: 0.4107
2025-06-20 19:25:28,828 [INFO] Epoch 104 | Train Loss: 1.4082 | Val Loss: 2.4895 | Val Acc: 0.3929
2025-06-20 19:25:28,878 [INFO] Epoch 105 | Train Loss: 1.4142 | Val Loss: 2.3284 | Val Acc: 0.4464
2025-06-20 19:25:28,932 [INFO] Epoch 106 | Train Loss: 1.3177 | Val Loss: 2.4205 | Val Acc: 0.4643
2025-06-20 19:25:28,986 [INFO] Epoch 107 | Train Loss: 0.9728 | Val Loss: 2.3261 | Val Acc: 0.4821
2025-06-20 19:25:29,054 [INFO] Epoch 108 | Train Loss: 1.5925 | Val Loss: 2.3946 | Val Acc: 0.3929
2025-06-20 19:25:29,116 [INFO] Epoch 109 | Train Loss: 1.3503 | Val Loss: 2.3194 | Val Acc: 0.4821
2025-06-20 19:25:29,175 [INFO] Epoch 110 | Train Loss: 1.1602 | Val Loss: 2.3102 | Val Acc: 0.3750
2025-06-20 19:25:29,508 [INFO] Epoch 111 | Train Loss: 1.2799 | Val Loss: 2.6554 | Val Acc: 0.3750
2025-06-20 19:25:29,573 [INFO] Epoch 112 | Train Loss: 1.4349 | Val Loss: 2.7778 | Val Acc: 0.4107
2025-06-20 19:25:29,632 [INFO] Epoch 113 | Train Loss: 1.0707 | Val Loss: 2.9911 | Val Acc: 0.4464
2025-06-20 19:25:29,687 [INFO] Epoch 114 | Train Loss: 0.9401 | Val Loss: 3.0655 | Val Acc: 0.3571
2025-06-20 19:25:29,741 [INFO] Epoch 115 | Train Loss: 1.2948 | Val Loss: 2.6277 | Val Acc: 0.3214
2025-06-20 19:25:29,804 [INFO] Epoch 116 | Train Loss: 1.4013 | Val Loss: 2.5334 | Val Acc: 0.4464
2025-06-20 19:25:29,867 [INFO] Epoch 117 | Train Loss: 1.0219 | Val Loss: 2.6503 | Val Acc: 0.4821
2025-06-20 19:25:29,925 [INFO] Epoch 118 | Train Loss: 0.9729 | Val Loss: 2.9137 | Val Acc: 0.3571
2025-06-20 19:25:29,997 [INFO] Epoch 119 | Train Loss: 0.9722 | Val Loss: 2.9796 | Val Acc: 0.4286
2025-06-20 19:25:30,058 [INFO] Epoch 120 | Train Loss: 1.3916 | Val Loss: 2.5271 | Val Acc: 0.4286
2025-06-20 19:25:30,412 [INFO] Epoch 121 | Train Loss: 0.7402 | Val Loss: 2.4355 | Val Acc: 0.4643
2025-06-20 19:25:30,470 [INFO] Epoch 122 | Train Loss: 1.0918 | Val Loss: 2.6039 | Val Acc: 0.4821
2025-06-20 19:25:30,545 [INFO] Epoch 123 | Train Loss: 0.8670 | Val Loss: 2.6281 | Val Acc: 0.4107
2025-06-20 19:25:30,601 [INFO] Epoch 124 | Train Loss: 0.9448 | Val Loss: 2.7856 | Val Acc: 0.4107
2025-06-20 19:25:30,657 [INFO] Epoch 125 | Train Loss: 0.8467 | Val Loss: 2.8407 | Val Acc: 0.4107
2025-06-20 19:25:30,712 [INFO] Epoch 126 | Train Loss: 0.9150 | Val Loss: 2.9425 | Val Acc: 0.4643
2025-06-20 19:25:30,767 [INFO] Epoch 127 | Train Loss: 1.0713 | Val Loss: 3.0648 | Val Acc: 0.4821
2025-06-20 19:25:30,821 [INFO] Epoch 128 | Train Loss: 0.9369 | Val Loss: 3.0008 | Val Acc: 0.4286
2025-06-20 19:25:30,882 [INFO] Epoch 129 | Train Loss: 1.4951 | Val Loss: 3.1529 | Val Acc: 0.4286
2025-06-20 19:25:30,944 [INFO] Epoch 130 | Train Loss: 0.8554 | Val Loss: 3.0683 | Val Acc: 0.3929
2025-06-20 19:25:31,356 [INFO] Epoch 131 | Train Loss: 0.9262 | Val Loss: 2.2082 | Val Acc: 0.4643
2025-06-20 19:25:31,413 [INFO] Epoch 132 | Train Loss: 1.3240 | Val Loss: 2.3618 | Val Acc: 0.4821
2025-06-20 19:25:31,491 [INFO] Epoch 133 | Train Loss: 0.7796 | Val Loss: 2.4720 | Val Acc: 0.4464
2025-06-20 19:25:31,550 [INFO] Epoch 134 | Train Loss: 1.5840 | Val Loss: 2.8654 | Val Acc: 0.3214
2025-06-20 19:25:31,606 [INFO] Epoch 135 | Train Loss: 0.9843 | Val Loss: 3.2004 | Val Acc: 0.3571
2025-06-20 19:25:31,660 [INFO] Epoch 136 | Train Loss: 1.4365 | Val Loss: 3.4020 | Val Acc: 0.4286
2025-06-20 19:25:31,718 [INFO] Epoch 137 | Train Loss: 0.9970 | Val Loss: 3.2134 | Val Acc: 0.4643
2025-06-20 19:25:31,772 [INFO] Epoch 138 | Train Loss: 0.6931 | Val Loss: 3.0452 | Val Acc: 0.4286
2025-06-20 19:25:31,825 [INFO] Epoch 139 | Train Loss: 0.7486 | Val Loss: 2.6198 | Val Acc: 0.3929
2025-06-20 19:25:31,880 [INFO] Epoch 140 | Train Loss: 0.6770 | Val Loss: 2.4899 | Val Acc: 0.4464
2025-06-20 19:25:32,275 [INFO] Epoch 141 | Train Loss: 1.0681 | Val Loss: 2.5109 | Val Acc: 0.4107
2025-06-20 19:25:32,333 [INFO] Epoch 142 | Train Loss: 1.0595 | Val Loss: 2.8458 | Val Acc: 0.3929
2025-06-20 19:25:32,399 [INFO] Epoch 143 | Train Loss: 1.1815 | Val Loss: 3.1028 | Val Acc: 0.4464
2025-06-20 19:25:32,455 [INFO] Epoch 144 | Train Loss: 1.0420 | Val Loss: 2.6555 | Val Acc: 0.4821
2025-06-20 19:25:32,523 [INFO] Epoch 145 | Train Loss: 0.8920 | Val Loss: 2.8551 | Val Acc: 0.5000
2025-06-20 19:25:32,577 [INFO] Epoch 146 | Train Loss: 0.9575 | Val Loss: 2.6065 | Val Acc: 0.5357
2025-06-20 19:25:32,631 [INFO] Epoch 147 | Train Loss: 0.8681 | Val Loss: 2.6191 | Val Acc: 0.4286
2025-06-20 19:25:32,680 [INFO] Epoch 148 | Train Loss: 1.0479 | Val Loss: 2.7811 | Val Acc: 0.4464
2025-06-20 19:25:32,733 [INFO] Epoch 149 | Train Loss: 0.9245 | Val Loss: 2.6360 | Val Acc: 0.5000
2025-06-20 19:25:32,782 [INFO] Epoch 150 | Train Loss: 0.7213 | Val Loss: 2.3973 | Val Acc: 0.4464
2025-06-20 19:25:33,078 [INFO] Epoch 151 | Train Loss: 1.1738 | Val Loss: 2.6523 | Val Acc: 0.4464
2025-06-20 19:25:33,132 [INFO] Epoch 152 | Train Loss: 0.5718 | Val Loss: 3.0837 | Val Acc: 0.3929
2025-06-20 19:25:33,197 [INFO] Epoch 153 | Train Loss: 0.6815 | Val Loss: 3.1345 | Val Acc: 0.4286
2025-06-20 19:25:33,248 [INFO] Epoch 154 | Train Loss: 0.8061 | Val Loss: 2.9217 | Val Acc: 0.4107
2025-06-20 19:25:33,306 [INFO] Epoch 155 | Train Loss: 1.4230 | Val Loss: 2.8249 | Val Acc: 0.4464
2025-06-20 19:25:33,368 [INFO] Epoch 156 | Train Loss: 0.7330 | Val Loss: 2.7969 | Val Acc: 0.4286
2025-06-20 19:25:33,429 [INFO] Epoch 157 | Train Loss: 0.7696 | Val Loss: 2.6359 | Val Acc: 0.4643
2025-06-20 19:25:33,500 [INFO] Epoch 158 | Train Loss: 0.8457 | Val Loss: 3.0637 | Val Acc: 0.4107
2025-06-20 19:25:33,567 [INFO] Epoch 159 | Train Loss: 1.1562 | Val Loss: 3.5931 | Val Acc: 0.3393
2025-06-20 19:25:33,626 [INFO] Epoch 160 | Train Loss: 1.5267 | Val Loss: 3.7204 | Val Acc: 0.3750
2025-06-20 19:25:33,959 [INFO] Epoch 161 | Train Loss: 0.8537 | Val Loss: 3.1855 | Val Acc: 0.3929
2025-06-20 19:25:34,022 [INFO] Epoch 162 | Train Loss: 0.7351 | Val Loss: 2.6911 | Val Acc: 0.4107
2025-06-20 19:25:34,092 [INFO] Epoch 163 | Train Loss: 0.6863 | Val Loss: 2.4389 | Val Acc: 0.4464
2025-06-20 19:25:34,146 [INFO] Epoch 164 | Train Loss: 0.9396 | Val Loss: 2.7834 | Val Acc: 0.4107
2025-06-20 19:25:34,218 [INFO] Epoch 165 | Train Loss: 1.4874 | Val Loss: 3.0777 | Val Acc: 0.4286
2025-06-20 19:25:34,280 [INFO] Epoch 166 | Train Loss: 0.8434 | Val Loss: 3.0087 | Val Acc: 0.4464
2025-06-20 19:25:34,344 [INFO] Epoch 167 | Train Loss: 0.7143 | Val Loss: 2.7424 | Val Acc: 0.4286
2025-06-20 19:25:34,406 [INFO] Epoch 168 | Train Loss: 0.7581 | Val Loss: 2.6619 | Val Acc: 0.4643
2025-06-20 19:25:34,468 [INFO] Epoch 169 | Train Loss: 1.0591 | Val Loss: 2.8389 | Val Acc: 0.4821
2025-06-20 19:25:34,544 [INFO] Epoch 170 | Train Loss: 0.5812 | Val Loss: 3.2260 | Val Acc: 0.4821
2025-06-20 19:25:34,876 [INFO] Epoch 171 | Train Loss: 0.6100 | Val Loss: 3.2386 | Val Acc: 0.5000
2025-06-20 19:25:34,932 [INFO] Epoch 172 | Train Loss: 0.7840 | Val Loss: 3.5897 | Val Acc: 0.4464
2025-06-20 19:25:34,996 [INFO] Epoch 173 | Train Loss: 0.7656 | Val Loss: 3.1751 | Val Acc: 0.4821
2025-06-20 19:25:35,069 [INFO] Epoch 174 | Train Loss: 0.5110 | Val Loss: 3.0240 | Val Acc: 0.5000
2025-06-20 19:25:35,132 [INFO] Epoch 175 | Train Loss: 0.6176 | Val Loss: 3.3602 | Val Acc: 0.4821
2025-06-20 19:25:35,198 [INFO] Epoch 176 | Train Loss: 0.5727 | Val Loss: 3.3020 | Val Acc: 0.4464
2025-06-20 19:25:35,253 [INFO] Epoch 177 | Train Loss: 0.7002 | Val Loss: 3.1654 | Val Acc: 0.4107
2025-06-20 19:25:35,310 [INFO] Epoch 178 | Train Loss: 0.6418 | Val Loss: 3.1518 | Val Acc: 0.4643
2025-06-20 19:25:35,372 [INFO] Epoch 179 | Train Loss: 0.9768 | Val Loss: 3.0533 | Val Acc: 0.4643
2025-06-20 19:25:35,439 [INFO] Epoch 180 | Train Loss: 0.6814 | Val Loss: 2.8539 | Val Acc: 0.4464
2025-06-20 19:25:35,771 [INFO] Epoch 181 | Train Loss: 1.1495 | Val Loss: 2.8527 | Val Acc: 0.5000
2025-06-20 19:25:35,825 [INFO] Epoch 182 | Train Loss: 0.8750 | Val Loss: 2.8325 | Val Acc: 0.4821
2025-06-20 19:25:35,889 [INFO] Epoch 183 | Train Loss: 0.6064 | Val Loss: 2.8123 | Val Acc: 0.5000
2025-06-20 19:25:35,947 [INFO] Epoch 184 | Train Loss: 1.0247 | Val Loss: 2.8924 | Val Acc: 0.4464
2025-06-20 19:25:36,002 [INFO] Epoch 185 | Train Loss: 1.0595 | Val Loss: 3.0666 | Val Acc: 0.4821
2025-06-20 19:25:36,059 [INFO] Epoch 186 | Train Loss: 0.8034 | Val Loss: 3.1045 | Val Acc: 0.4821
2025-06-20 19:25:36,124 [INFO] Epoch 187 | Train Loss: 0.5461 | Val Loss: 3.4049 | Val Acc: 0.4464
2025-06-20 19:25:36,192 [INFO] Epoch 188 | Train Loss: 1.1405 | Val Loss: 3.4119 | Val Acc: 0.4464
2025-06-20 19:25:36,256 [INFO] Epoch 189 | Train Loss: 0.9370 | Val Loss: 3.3625 | Val Acc: 0.4286
2025-06-20 19:25:36,319 [INFO] Epoch 190 | Train Loss: 0.7191 | Val Loss: 2.9294 | Val Acc: 0.4643
2025-06-20 19:25:36,688 [INFO] Epoch 191 | Train Loss: 0.8008 | Val Loss: 3.0348 | Val Acc: 0.4286
2025-06-20 19:25:36,741 [INFO] Epoch 192 | Train Loss: 0.4678 | Val Loss: 3.2358 | Val Acc: 0.4286
2025-06-20 19:25:36,803 [INFO] Epoch 193 | Train Loss: 0.6833 | Val Loss: 3.1759 | Val Acc: 0.4286
2025-06-20 19:25:36,859 [INFO] Epoch 194 | Train Loss: 1.0721 | Val Loss: 3.1264 | Val Acc: 0.4107
2025-06-20 19:25:36,910 [INFO] Epoch 195 | Train Loss: 0.8015 | Val Loss: 3.0158 | Val Acc: 0.4286
2025-06-20 19:25:36,962 [INFO] Epoch 196 | Train Loss: 0.6900 | Val Loss: 3.1010 | Val Acc: 0.4107
2025-06-20 19:25:37,013 [INFO] Epoch 197 | Train Loss: 0.5901 | Val Loss: 3.1009 | Val Acc: 0.4286
2025-06-20 19:25:37,147 [INFO] Epoch 198 | Train Loss: 0.7758 | Val Loss: 2.8189 | Val Acc: 0.4464
2025-06-20 19:25:37,226 [INFO] Epoch 199 | Train Loss: 0.6977 | Val Loss: 2.5402 | Val Acc: 0.4643
2025-06-20 19:25:37,291 [INFO] Epoch 200 | Train Loss: 0.3704 | Val Loss: 2.7924 | Val Acc: 0.4643
2025-06-20 19:25:37,643 [INFO] Epoch 201 | Train Loss: 0.7085 | Val Loss: 3.1479 | Val Acc: 0.4643
2025-06-20 19:25:37,694 [INFO] Epoch 202 | Train Loss: 0.5438 | Val Loss: 3.2941 | Val Acc: 0.4286
2025-06-20 19:25:37,758 [INFO] Epoch 203 | Train Loss: 0.6065 | Val Loss: 3.2095 | Val Acc: 0.4107
2025-06-20 19:25:37,809 [INFO] Epoch 204 | Train Loss: 0.7480 | Val Loss: 2.9310 | Val Acc: 0.4286
2025-06-20 19:25:37,865 [INFO] Epoch 205 | Train Loss: 0.8892 | Val Loss: 3.1015 | Val Acc: 0.4107
2025-06-20 19:25:37,916 [INFO] Epoch 206 | Train Loss: 0.9083 | Val Loss: 3.1118 | Val Acc: 0.4286
2025-06-20 19:25:37,974 [INFO] Epoch 207 | Train Loss: 0.5048 | Val Loss: 2.9117 | Val Acc: 0.4286
2025-06-20 19:25:38,032 [INFO] Epoch 208 | Train Loss: 0.6780 | Val Loss: 2.6226 | Val Acc: 0.4821
2025-06-20 19:25:38,098 [INFO] Epoch 209 | Train Loss: 0.4991 | Val Loss: 2.5530 | Val Acc: 0.4464
2025-06-20 19:25:38,187 [INFO] Epoch 210 | Train Loss: 0.4673 | Val Loss: 2.3662 | Val Acc: 0.4821
2025-06-20 19:25:38,509 [INFO] Epoch 211 | Train Loss: 0.6543 | Val Loss: 2.7271 | Val Acc: 0.4643
2025-06-20 19:25:38,516 [INFO] Early stopping at epoch 211 (no improvement in 150 epochs).
2025-06-20 19:25:38,523 [INFO] Best model saved to <built-in function time>/ENZYMES/best/best_source_gin.pth (Val Acc: 0.5536 at epoch 61)
2025-06-20 19:25:38,524 [INFO] Training/validation metrics saved to <built-in function time>/ENZYMES/GIN_0.0001/train_metrics.csv
2025-06-20 19:25:38,770 [INFO] Final training curves saved
2025-06-20 19:25:38,770 [INFO] Training completed!
2025-06-20 19:25:38,770 [INFO] Best validation accuracy: 0.5536
2025-06-20 19:25:38,770 [INFO] Best epoch: 61
2025-06-20 19:25:38,770 [INFO] Total epochs trained: 211
2025-06-20 19:25:38,772 [INFO] Starting training with parameters: (0.0001, 0.2, 256, 2, 300, 0.0001)
