2025-06-22 04:22:47,714 [INFO] Using device: cpu
2025-06-22 04:22:47,714 [INFO] 开始创建数据加载器...
2025-06-22 04:22:47,717 [INFO] Successfully loaded dataset ENZYMES from ./data, total graphs: 600
2025-06-22 04:22:47,717 [INFO] Class allocation analysis:
2025-06-22 04:22:47,718 [INFO]   Source classes: [0, 1, 2, 3]
2025-06-22 04:22:47,718 [INFO]   Target classes: [0, 1, 2, 3, 4, 5]
2025-06-22 04:22:47,718 [INFO]   Overlap classes (to be split): [0, 1, 2, 3]
2025-06-22 04:22:47,718 [INFO]   Target novel classes (unknown): [4, 5]
2025-06-22 04:22:47,731 [INFO]   Class 0: 100 total -> Source: 70, Target: 30
2025-06-22 04:22:47,731 [INFO]   Class 1: 100 total -> Source: 70, Target: 30
2025-06-22 04:22:47,731 [INFO]   Class 2: 100 total -> Source: 70, Target: 30
2025-06-22 04:22:47,732 [INFO]   Class 3: 100 total -> Source: 70, Target: 30
2025-06-22 04:22:47,732 [INFO]   Class 4 (novel/unknown): 100 samples -> Target
2025-06-22 04:22:47,732 [INFO]   Class 5 (novel/unknown): 100 samples -> Target
2025-06-22 04:22:47,732 [INFO] Final allocation:
2025-06-22 04:22:47,732 [INFO]   Source domain: 280 samples
2025-06-22 04:22:47,732 [INFO]   Target domain: 320 samples
2025-06-22 04:22:47,733 [INFO] Source domain setup:
2025-06-22 04:22:47,733 [INFO]   Original classes: [0, 1, 2, 3]
2025-06-22 04:22:47,733 [INFO]   Overlap classes used: [0, 1, 2, 3]
2025-06-22 04:22:47,733 [INFO]   Label mapping: {0: 0, 1: 1, 2: 2, 3: 3}
2025-06-22 04:22:47,733 [INFO]   Total data after allocation: 280
2025-06-22 04:22:47,733 [INFO]   Data split - Train: 224, Val: 56
2025-06-22 04:22:47,733 [INFO]   Train label distribution: {0: 56, 1: 56, 3: 56, 2: 56}
2025-06-22 04:22:47,733 [INFO]   Val label distribution: {1: 14, 2: 14, 0: 14, 3: 14}
2025-06-22 04:22:47,734 [INFO] Successfully loaded dataset ENZYMES from ./data, total graphs: 600
2025-06-22 04:22:47,734 [INFO] Class allocation analysis:
2025-06-22 04:22:47,734 [INFO]   Source classes: [0, 1, 2, 3]
2025-06-22 04:22:47,734 [INFO]   Target classes: [0, 1, 2, 3, 4, 5]
2025-06-22 04:22:47,734 [INFO]   Overlap classes (to be split): [0, 1, 2, 3]
2025-06-22 04:22:47,734 [INFO]   Target novel classes (unknown): [4, 5]
2025-06-22 04:22:47,747 [INFO]   Class 0: 100 total -> Source: 70, Target: 30
2025-06-22 04:22:47,747 [INFO]   Class 1: 100 total -> Source: 70, Target: 30
2025-06-22 04:22:47,748 [INFO]   Class 2: 100 total -> Source: 70, Target: 30
2025-06-22 04:22:47,748 [INFO]   Class 3: 100 total -> Source: 70, Target: 30
2025-06-22 04:22:47,748 [INFO]   Class 4 (novel/unknown): 100 samples -> Target
2025-06-22 04:22:47,748 [INFO]   Class 5 (novel/unknown): 100 samples -> Target
2025-06-22 04:22:47,748 [INFO] Final allocation:
2025-06-22 04:22:47,748 [INFO]   Source domain: 280 samples
2025-06-22 04:22:47,748 [INFO]   Target domain: 320 samples
2025-06-22 04:22:47,749 [INFO] Target domain setup:
2025-06-22 04:22:47,749 [INFO]   Original classes: [0, 1, 2, 3, 4, 5]
2025-06-22 04:22:47,749 [INFO]   Overlap classes: [0, 1, 2, 3]
2025-06-22 04:22:47,749 [INFO]   Novel classes: [4, 5] -> mapped to unknown label 4
2025-06-22 04:22:47,749 [INFO]   Label mapping: {0: 0, 1: 1, 2: 2, 3: 3, 4: 4, 5: 4}
2025-06-22 04:22:47,749 [INFO]   Total data after allocation: 320
2025-06-22 04:22:47,749 [INFO]   Data split - Train: 256, Val: 64
2025-06-22 04:22:47,749 [INFO]   Total count: 320 (known: 120, unknown: 200)
2025-06-22 04:22:47,749 [INFO]   Total label distribution: {4: 200, 3: 30, 0: 30, 1: 30, 2: 30}
2025-06-22 04:22:47,750 [INFO]   Train label distribution: {4: 160, 0: 24, 2: 24, 3: 24, 1: 24}
2025-06-22 04:22:47,750 [INFO]   Val label distribution: {1: 6, 4: 40, 3: 6, 0: 6, 2: 6}
2025-06-22 04:22:47,750 [INFO] 数据加载器创建完成!
2025-06-22 04:22:47,750 [INFO] 源域类别数: 4 (重叠类别)
2025-06-22 04:22:47,750 [INFO] 目标域类别数: 5 (4个重叠类别 + 1个未知类别)
2025-06-22 04:22:47,750 [INFO] 重叠类别: [0, 1, 2, 3]
2025-06-22 04:22:47,750 [INFO] 目标域新类别: [4, 5]
2025-06-22 04:22:47,750 [INFO] Data allocation verification:
2025-06-22 04:22:47,750 [INFO]   Source data samples: 280
2025-06-22 04:22:47,750 [INFO]   Target data samples: 320
2025-06-22 04:22:47,750 [INFO]   Overlapping samples: 0
2025-06-22 04:22:47,750 [INFO]   ✓ Data allocation is correct - no overlapping samples
2025-06-22 04:22:47,751 [INFO] Model initialized with 13508 parameters
2025-06-22 04:22:47,751 [INFO] Previous best validation accuracy read from record.txt: 0.6250
2025-06-22 04:22:47,752 [INFO] Starting training...
2025-06-22 04:22:47,772 [INFO] Epoch 001 | Train Loss: 13.1337 | Val Loss: 2.6848 | Val Acc: 0.3036
2025-06-22 04:22:48,340 [INFO] New best model at epoch 1 (Val Acc: 0.3036)
2025-06-22 04:22:48,359 [INFO] Epoch 002 | Train Loss: 7.2649 | Val Loss: 2.9110 | Val Acc: 0.3214
2025-06-22 04:22:48,362 [INFO] New best model at epoch 2 (Val Acc: 0.3214)
2025-06-22 04:22:48,375 [INFO] Epoch 003 | Train Loss: 6.7835 | Val Loss: 3.0169 | Val Acc: 0.2321
2025-06-22 04:22:48,391 [INFO] Epoch 004 | Train Loss: 5.6982 | Val Loss: 3.5116 | Val Acc: 0.3036
2025-06-22 04:22:48,406 [INFO] Epoch 005 | Train Loss: 4.8540 | Val Loss: 4.2027 | Val Acc: 0.3393
2025-06-22 04:22:48,409 [INFO] New best model at epoch 5 (Val Acc: 0.3393)
2025-06-22 04:22:48,422 [INFO] Epoch 006 | Train Loss: 4.7533 | Val Loss: 3.5632 | Val Acc: 0.3214
2025-06-22 04:22:48,445 [INFO] Epoch 007 | Train Loss: 4.4455 | Val Loss: 2.9027 | Val Acc: 0.2857
2025-06-22 04:22:48,460 [INFO] Epoch 008 | Train Loss: 4.1814 | Val Loss: 2.2873 | Val Acc: 0.3929
2025-06-22 04:22:48,463 [INFO] New best model at epoch 8 (Val Acc: 0.3929)
2025-06-22 04:22:48,477 [INFO] Epoch 009 | Train Loss: 3.6978 | Val Loss: 3.0278 | Val Acc: 0.3750
2025-06-22 04:22:48,492 [INFO] Epoch 010 | Train Loss: 3.1017 | Val Loss: 3.7009 | Val Acc: 0.2679
2025-06-22 04:22:49,055 [INFO] Epoch 011 | Train Loss: 3.7284 | Val Loss: 3.1335 | Val Acc: 0.2679
2025-06-22 04:22:49,075 [INFO] Epoch 012 | Train Loss: 3.8311 | Val Loss: 2.7343 | Val Acc: 0.2679
2025-06-22 04:22:49,092 [INFO] Epoch 013 | Train Loss: 3.5724 | Val Loss: 2.7157 | Val Acc: 0.3214
2025-06-22 04:22:49,133 [INFO] Epoch 014 | Train Loss: 3.4411 | Val Loss: 2.4498 | Val Acc: 0.3214
2025-06-22 04:22:49,149 [INFO] Epoch 015 | Train Loss: 3.2437 | Val Loss: 2.3219 | Val Acc: 0.3929
2025-06-22 04:22:49,172 [INFO] Epoch 016 | Train Loss: 3.2807 | Val Loss: 2.2332 | Val Acc: 0.3929
2025-06-22 04:22:49,188 [INFO] Epoch 017 | Train Loss: 3.5418 | Val Loss: 2.4377 | Val Acc: 0.3393
2025-06-22 04:22:49,203 [INFO] Epoch 018 | Train Loss: 3.1744 | Val Loss: 2.7257 | Val Acc: 0.3214
2025-06-22 04:22:49,218 [INFO] Epoch 019 | Train Loss: 2.8889 | Val Loss: 2.6935 | Val Acc: 0.3393
2025-06-22 04:22:49,232 [INFO] Epoch 020 | Train Loss: 2.6261 | Val Loss: 2.4975 | Val Acc: 0.3214
2025-06-22 04:22:49,808 [INFO] Epoch 021 | Train Loss: 2.9304 | Val Loss: 1.9616 | Val Acc: 0.3393
2025-06-22 04:22:49,824 [INFO] Epoch 022 | Train Loss: 2.2237 | Val Loss: 1.8971 | Val Acc: 0.3929
2025-06-22 04:22:49,841 [INFO] Epoch 023 | Train Loss: 2.1067 | Val Loss: 2.3332 | Val Acc: 0.3393
2025-06-22 04:22:49,856 [INFO] Epoch 024 | Train Loss: 2.5740 | Val Loss: 2.9369 | Val Acc: 0.3393
2025-06-22 04:22:49,871 [INFO] Epoch 025 | Train Loss: 2.7746 | Val Loss: 2.3588 | Val Acc: 0.3929
2025-06-22 04:22:49,893 [INFO] Epoch 026 | Train Loss: 2.3269 | Val Loss: 2.3362 | Val Acc: 0.4464
2025-06-22 04:22:49,896 [INFO] New best model at epoch 26 (Val Acc: 0.4464)
2025-06-22 04:22:49,915 [INFO] Epoch 027 | Train Loss: 2.5640 | Val Loss: 2.1632 | Val Acc: 0.4464
2025-06-22 04:22:49,936 [INFO] Epoch 028 | Train Loss: 2.4912 | Val Loss: 1.9308 | Val Acc: 0.4286
2025-06-22 04:22:49,954 [INFO] Epoch 029 | Train Loss: 2.5854 | Val Loss: 1.9948 | Val Acc: 0.4107
2025-06-22 04:22:49,975 [INFO] Epoch 030 | Train Loss: 2.5912 | Val Loss: 1.9771 | Val Acc: 0.3750
2025-06-22 04:22:50,567 [INFO] Epoch 031 | Train Loss: 2.3955 | Val Loss: 1.8478 | Val Acc: 0.4464
2025-06-22 04:22:50,582 [INFO] Epoch 032 | Train Loss: 1.9439 | Val Loss: 1.9847 | Val Acc: 0.4464
2025-06-22 04:22:50,598 [INFO] Epoch 033 | Train Loss: 2.0943 | Val Loss: 2.1687 | Val Acc: 0.3929
2025-06-22 04:22:50,613 [INFO] Epoch 034 | Train Loss: 1.9241 | Val Loss: 2.0942 | Val Acc: 0.3393
2025-06-22 04:22:50,632 [INFO] Epoch 035 | Train Loss: 1.9359 | Val Loss: 2.1848 | Val Acc: 0.3929
2025-06-22 04:22:50,648 [INFO] Epoch 036 | Train Loss: 1.8246 | Val Loss: 2.0814 | Val Acc: 0.3393
2025-06-22 04:22:50,663 [INFO] Epoch 037 | Train Loss: 1.7812 | Val Loss: 2.0401 | Val Acc: 0.3750
2025-06-22 04:22:50,678 [INFO] Epoch 038 | Train Loss: 2.0757 | Val Loss: 2.0569 | Val Acc: 0.3571
2025-06-22 04:22:50,694 [INFO] Epoch 039 | Train Loss: 1.6191 | Val Loss: 1.9444 | Val Acc: 0.3393
2025-06-22 04:22:50,709 [INFO] Epoch 040 | Train Loss: 1.4482 | Val Loss: 1.8764 | Val Acc: 0.3393
2025-06-22 04:22:52,027 [INFO] Epoch 041 | Train Loss: 1.5832 | Val Loss: 1.8959 | Val Acc: 0.3393
2025-06-22 04:22:52,045 [INFO] Epoch 042 | Train Loss: 1.9575 | Val Loss: 1.8234 | Val Acc: 0.3571
2025-06-22 04:22:52,070 [INFO] Epoch 043 | Train Loss: 1.7950 | Val Loss: 2.0427 | Val Acc: 0.3571
2025-06-22 04:22:52,091 [INFO] Epoch 044 | Train Loss: 1.6963 | Val Loss: 2.2012 | Val Acc: 0.3393
2025-06-22 04:22:52,116 [INFO] Epoch 045 | Train Loss: 1.6677 | Val Loss: 2.1456 | Val Acc: 0.3214
2025-06-22 04:22:52,133 [INFO] Epoch 046 | Train Loss: 1.4875 | Val Loss: 1.8830 | Val Acc: 0.3036
2025-06-22 04:22:52,149 [INFO] Epoch 047 | Train Loss: 1.3189 | Val Loss: 1.7400 | Val Acc: 0.3750
2025-06-22 04:22:52,172 [INFO] Epoch 048 | Train Loss: 1.5279 | Val Loss: 1.7614 | Val Acc: 0.3750
2025-06-22 04:22:52,187 [INFO] Epoch 049 | Train Loss: 1.3148 | Val Loss: 1.8362 | Val Acc: 0.3750
2025-06-22 04:22:52,202 [INFO] Epoch 050 | Train Loss: 1.3417 | Val Loss: 2.0559 | Val Acc: 0.4286
2025-06-22 04:22:52,807 [INFO] Epoch 051 | Train Loss: 1.8487 | Val Loss: 2.0303 | Val Acc: 0.3036
2025-06-22 04:22:52,823 [INFO] Epoch 052 | Train Loss: 1.3537 | Val Loss: 1.8263 | Val Acc: 0.3571
2025-06-22 04:22:52,839 [INFO] Epoch 053 | Train Loss: 1.3793 | Val Loss: 1.8318 | Val Acc: 0.3571
2025-06-22 04:22:52,854 [INFO] Epoch 054 | Train Loss: 1.3675 | Val Loss: 1.9762 | Val Acc: 0.3750
2025-06-22 04:22:52,876 [INFO] Epoch 055 | Train Loss: 1.3709 | Val Loss: 2.0946 | Val Acc: 0.3750
2025-06-22 04:22:52,891 [INFO] Epoch 056 | Train Loss: 1.5140 | Val Loss: 1.9277 | Val Acc: 0.3214
2025-06-22 04:22:52,907 [INFO] Epoch 057 | Train Loss: 1.3697 | Val Loss: 1.8591 | Val Acc: 0.3750
2025-06-22 04:22:52,923 [INFO] Epoch 058 | Train Loss: 1.3600 | Val Loss: 1.9304 | Val Acc: 0.3036
2025-06-22 04:22:52,946 [INFO] Epoch 059 | Train Loss: 1.3903 | Val Loss: 1.7687 | Val Acc: 0.2679
2025-06-22 04:22:52,968 [INFO] Epoch 060 | Train Loss: 1.5338 | Val Loss: 1.7113 | Val Acc: 0.3750
2025-06-22 04:22:53,532 [INFO] Epoch 061 | Train Loss: 1.2510 | Val Loss: 1.5969 | Val Acc: 0.3750
2025-06-22 04:22:53,551 [INFO] Epoch 062 | Train Loss: 1.3537 | Val Loss: 1.6357 | Val Acc: 0.3036
2025-06-22 04:22:53,569 [INFO] Epoch 063 | Train Loss: 1.2786 | Val Loss: 1.6338 | Val Acc: 0.3393
2025-06-22 04:22:53,587 [INFO] Epoch 064 | Train Loss: 1.2626 | Val Loss: 1.7700 | Val Acc: 0.3036
2025-06-22 04:22:53,606 [INFO] Epoch 065 | Train Loss: 1.2722 | Val Loss: 1.9095 | Val Acc: 0.3750
2025-06-22 04:22:53,632 [INFO] Epoch 066 | Train Loss: 1.4265 | Val Loss: 1.7831 | Val Acc: 0.3750
2025-06-22 04:22:53,647 [INFO] Epoch 067 | Train Loss: 1.1239 | Val Loss: 1.7254 | Val Acc: 0.3750
2025-06-22 04:22:53,662 [INFO] Epoch 068 | Train Loss: 0.9646 | Val Loss: 1.6865 | Val Acc: 0.3750
2025-06-22 04:22:53,678 [INFO] Epoch 069 | Train Loss: 1.1591 | Val Loss: 1.5237 | Val Acc: 0.3929
2025-06-22 04:22:53,693 [INFO] Epoch 070 | Train Loss: 1.1004 | Val Loss: 1.5251 | Val Acc: 0.3571
2025-06-22 04:22:54,267 [INFO] Epoch 071 | Train Loss: 1.3722 | Val Loss: 1.6971 | Val Acc: 0.2857
2025-06-22 04:22:54,283 [INFO] Epoch 072 | Train Loss: 1.2926 | Val Loss: 1.7048 | Val Acc: 0.3929
2025-06-22 04:22:54,298 [INFO] Epoch 073 | Train Loss: 0.9757 | Val Loss: 1.7071 | Val Acc: 0.4286
2025-06-22 04:22:54,314 [INFO] Epoch 074 | Train Loss: 1.0434 | Val Loss: 1.4830 | Val Acc: 0.4286
2025-06-22 04:22:54,329 [INFO] Epoch 075 | Train Loss: 1.1311 | Val Loss: 1.5691 | Val Acc: 0.4286
2025-06-22 04:22:54,348 [INFO] Epoch 076 | Train Loss: 1.1420 | Val Loss: 1.6495 | Val Acc: 0.3929
2025-06-22 04:22:54,365 [INFO] Epoch 077 | Train Loss: 1.2261 | Val Loss: 1.7018 | Val Acc: 0.4286
2025-06-22 04:22:54,380 [INFO] Epoch 078 | Train Loss: 1.1188 | Val Loss: 1.4986 | Val Acc: 0.3929
2025-06-22 04:22:54,398 [INFO] Epoch 079 | Train Loss: 0.9550 | Val Loss: 1.6028 | Val Acc: 0.3571
2025-06-22 04:22:54,413 [INFO] Epoch 080 | Train Loss: 0.9462 | Val Loss: 1.5613 | Val Acc: 0.3393
2025-06-22 04:22:55,230 [INFO] Epoch 081 | Train Loss: 1.0225 | Val Loss: 1.8090 | Val Acc: 0.2857
2025-06-22 04:22:55,246 [INFO] Epoch 082 | Train Loss: 1.0330 | Val Loss: 1.8191 | Val Acc: 0.3571
2025-06-22 04:22:55,269 [INFO] Epoch 083 | Train Loss: 1.1608 | Val Loss: 2.2990 | Val Acc: 0.3750
2025-06-22 04:22:55,304 [INFO] Epoch 084 | Train Loss: 1.0151 | Val Loss: 1.6126 | Val Acc: 0.3571
2025-06-22 04:22:55,321 [INFO] Epoch 085 | Train Loss: 0.9283 | Val Loss: 1.5858 | Val Acc: 0.3750
2025-06-22 04:22:55,340 [INFO] Epoch 086 | Train Loss: 1.1833 | Val Loss: 1.5117 | Val Acc: 0.3750
2025-06-22 04:22:55,355 [INFO] Epoch 087 | Train Loss: 1.2030 | Val Loss: 1.5446 | Val Acc: 0.4464
2025-06-22 04:22:55,370 [INFO] Epoch 088 | Train Loss: 0.9797 | Val Loss: 1.6634 | Val Acc: 0.4286
2025-06-22 04:22:55,386 [INFO] Epoch 089 | Train Loss: 1.0936 | Val Loss: 1.6989 | Val Acc: 0.3393
2025-06-22 04:22:55,400 [INFO] Epoch 090 | Train Loss: 1.1699 | Val Loss: 1.8442 | Val Acc: 0.3393
2025-06-22 04:22:56,007 [INFO] Epoch 091 | Train Loss: 1.0767 | Val Loss: 1.8283 | Val Acc: 0.3571
2025-06-22 04:22:56,024 [INFO] Epoch 092 | Train Loss: 1.1841 | Val Loss: 1.5266 | Val Acc: 0.4107
2025-06-22 04:22:56,039 [INFO] Epoch 093 | Train Loss: 1.0935 | Val Loss: 1.5130 | Val Acc: 0.4107
2025-06-22 04:22:56,064 [INFO] Epoch 094 | Train Loss: 0.9069 | Val Loss: 1.6791 | Val Acc: 0.3750
2025-06-22 04:22:56,089 [INFO] Epoch 095 | Train Loss: 0.8216 | Val Loss: 1.8124 | Val Acc: 0.3571
2025-06-22 04:22:56,105 [INFO] Epoch 096 | Train Loss: 0.8410 | Val Loss: 1.8364 | Val Acc: 0.3393
2025-06-22 04:22:56,120 [INFO] Epoch 097 | Train Loss: 0.8612 | Val Loss: 1.8238 | Val Acc: 0.3750
2025-06-22 04:22:56,135 [INFO] Epoch 098 | Train Loss: 0.9356 | Val Loss: 2.0277 | Val Acc: 0.3929
2025-06-22 04:22:56,150 [INFO] Epoch 099 | Train Loss: 1.0668 | Val Loss: 2.1901 | Val Acc: 0.3571
2025-06-22 04:22:56,165 [INFO] Epoch 100 | Train Loss: 1.0380 | Val Loss: 1.9368 | Val Acc: 0.3750
2025-06-22 04:22:57,626 [INFO] Epoch 101 | Train Loss: 0.9804 | Val Loss: 1.7585 | Val Acc: 0.4286
2025-06-22 04:22:57,647 [INFO] Epoch 102 | Train Loss: 0.9511 | Val Loss: 1.7434 | Val Acc: 0.3750
2025-06-22 04:22:57,672 [INFO] Epoch 103 | Train Loss: 0.8249 | Val Loss: 1.7846 | Val Acc: 0.3750
2025-06-22 04:22:57,698 [INFO] Epoch 104 | Train Loss: 0.9368 | Val Loss: 1.7449 | Val Acc: 0.3571
2025-06-22 04:22:57,723 [INFO] Epoch 105 | Train Loss: 1.0203 | Val Loss: 1.8679 | Val Acc: 0.3393
2025-06-22 04:22:57,738 [INFO] Epoch 106 | Train Loss: 0.9234 | Val Loss: 1.7628 | Val Acc: 0.3393
2025-06-22 04:22:57,754 [INFO] Epoch 107 | Train Loss: 1.1170 | Val Loss: 1.6166 | Val Acc: 0.3036
2025-06-22 04:22:57,782 [INFO] Epoch 108 | Train Loss: 0.7958 | Val Loss: 1.6899 | Val Acc: 0.3036
2025-06-22 04:22:57,804 [INFO] Epoch 109 | Train Loss: 1.0571 | Val Loss: 1.7543 | Val Acc: 0.3214
2025-06-22 04:22:57,825 [INFO] Epoch 110 | Train Loss: 1.2013 | Val Loss: 2.6494 | Val Acc: 0.2679
2025-06-22 04:22:58,415 [INFO] Epoch 111 | Train Loss: 1.2459 | Val Loss: 3.6970 | Val Acc: 0.2679
2025-06-22 04:22:58,430 [INFO] Epoch 112 | Train Loss: 1.0485 | Val Loss: 1.8828 | Val Acc: 0.3393
2025-06-22 04:22:58,451 [INFO] Epoch 113 | Train Loss: 1.1303 | Val Loss: 1.5776 | Val Acc: 0.3393
2025-06-22 04:22:58,476 [INFO] Epoch 114 | Train Loss: 1.1408 | Val Loss: 1.5536 | Val Acc: 0.3929
2025-06-22 04:22:58,503 [INFO] Epoch 115 | Train Loss: 0.9850 | Val Loss: 1.6779 | Val Acc: 0.4464
2025-06-22 04:22:58,521 [INFO] Epoch 116 | Train Loss: 0.9547 | Val Loss: 1.7863 | Val Acc: 0.4286
2025-06-22 04:22:58,536 [INFO] Epoch 117 | Train Loss: 1.0670 | Val Loss: 1.7469 | Val Acc: 0.3393
2025-06-22 04:22:58,551 [INFO] Epoch 118 | Train Loss: 0.9730 | Val Loss: 1.6073 | Val Acc: 0.3750
2025-06-22 04:22:58,566 [INFO] Epoch 119 | Train Loss: 0.9536 | Val Loss: 1.4209 | Val Acc: 0.3929
2025-06-22 04:22:58,581 [INFO] Epoch 120 | Train Loss: 1.0641 | Val Loss: 1.6129 | Val Acc: 0.4107
2025-06-22 04:22:59,167 [INFO] Epoch 121 | Train Loss: 0.8084 | Val Loss: 1.7607 | Val Acc: 0.3929
2025-06-22 04:22:59,183 [INFO] Epoch 122 | Train Loss: 0.8799 | Val Loss: 1.7363 | Val Acc: 0.3750
2025-06-22 04:22:59,199 [INFO] Epoch 123 | Train Loss: 0.9715 | Val Loss: 1.5425 | Val Acc: 0.3929
2025-06-22 04:22:59,214 [INFO] Epoch 124 | Train Loss: 0.8620 | Val Loss: 1.6168 | Val Acc: 0.3571
2025-06-22 04:22:59,231 [INFO] Epoch 125 | Train Loss: 0.8376 | Val Loss: 1.5815 | Val Acc: 0.3571
2025-06-22 04:22:59,251 [INFO] Epoch 126 | Train Loss: 0.8675 | Val Loss: 1.6442 | Val Acc: 0.4107
2025-06-22 04:22:59,267 [INFO] Epoch 127 | Train Loss: 0.9952 | Val Loss: 1.6166 | Val Acc: 0.4286
2025-06-22 04:22:59,282 [INFO] Epoch 128 | Train Loss: 0.8922 | Val Loss: 1.5609 | Val Acc: 0.4286
2025-06-22 04:22:59,302 [INFO] Epoch 129 | Train Loss: 0.8504 | Val Loss: 1.6469 | Val Acc: 0.3571
2025-06-22 04:22:59,322 [INFO] Epoch 130 | Train Loss: 0.8936 | Val Loss: 1.7570 | Val Acc: 0.3929
2025-06-22 04:22:59,876 [INFO] Epoch 131 | Train Loss: 0.9090 | Val Loss: 1.8350 | Val Acc: 0.3929
2025-06-22 04:22:59,901 [INFO] Epoch 132 | Train Loss: 0.8819 | Val Loss: 1.7984 | Val Acc: 0.3929
2025-06-22 04:22:59,922 [INFO] Epoch 133 | Train Loss: 0.7430 | Val Loss: 1.8742 | Val Acc: 0.3214
2025-06-22 04:22:59,941 [INFO] Epoch 134 | Train Loss: 1.0072 | Val Loss: 1.9752 | Val Acc: 0.3929
2025-06-22 04:22:59,960 [INFO] Epoch 135 | Train Loss: 0.9459 | Val Loss: 1.9062 | Val Acc: 0.3393
2025-06-22 04:22:59,985 [INFO] Epoch 136 | Train Loss: 0.7927 | Val Loss: 1.7880 | Val Acc: 0.3571
2025-06-22 04:23:00,006 [INFO] Epoch 137 | Train Loss: 0.7576 | Val Loss: 1.8205 | Val Acc: 0.4286
2025-06-22 04:23:00,024 [INFO] Epoch 138 | Train Loss: 0.8262 | Val Loss: 1.7021 | Val Acc: 0.4286
2025-06-22 04:23:00,039 [INFO] Epoch 139 | Train Loss: 0.8859 | Val Loss: 1.7705 | Val Acc: 0.4107
2025-06-22 04:23:00,055 [INFO] Epoch 140 | Train Loss: 0.8340 | Val Loss: 1.8847 | Val Acc: 0.3929
2025-06-22 04:23:00,623 [INFO] Epoch 141 | Train Loss: 0.8027 | Val Loss: 1.9387 | Val Acc: 0.3214
2025-06-22 04:23:00,642 [INFO] Epoch 142 | Train Loss: 0.7758 | Val Loss: 1.6055 | Val Acc: 0.4107
2025-06-22 04:23:00,663 [INFO] Epoch 143 | Train Loss: 0.7880 | Val Loss: 1.5290 | Val Acc: 0.4107
2025-06-22 04:23:00,680 [INFO] Epoch 144 | Train Loss: 0.7597 | Val Loss: 1.9093 | Val Acc: 0.3929
2025-06-22 04:23:00,696 [INFO] Epoch 145 | Train Loss: 0.7498 | Val Loss: 2.1154 | Val Acc: 0.3929
2025-06-22 04:23:00,720 [INFO] Epoch 146 | Train Loss: 0.8163 | Val Loss: 2.0077 | Val Acc: 0.3929
2025-06-22 04:23:00,735 [INFO] Epoch 147 | Train Loss: 0.7271 | Val Loss: 1.9662 | Val Acc: 0.3929
2025-06-22 04:23:00,752 [INFO] Epoch 148 | Train Loss: 0.7038 | Val Loss: 1.9805 | Val Acc: 0.4107
2025-06-22 04:23:00,773 [INFO] Epoch 149 | Train Loss: 0.8193 | Val Loss: 1.9234 | Val Acc: 0.4286
2025-06-22 04:23:00,794 [INFO] Epoch 150 | Train Loss: 0.7277 | Val Loss: 1.9104 | Val Acc: 0.3929
2025-06-22 04:23:01,523 [INFO] Epoch 151 | Train Loss: 0.7613 | Val Loss: 1.9900 | Val Acc: 0.3571
2025-06-22 04:23:01,539 [INFO] Epoch 152 | Train Loss: 0.8101 | Val Loss: 1.9803 | Val Acc: 0.3750
2025-06-22 04:23:01,564 [INFO] Epoch 153 | Train Loss: 0.7006 | Val Loss: 1.9190 | Val Acc: 0.3571
2025-06-22 04:23:01,582 [INFO] Epoch 154 | Train Loss: 0.8153 | Val Loss: 2.0093 | Val Acc: 0.3750
2025-06-22 04:23:01,604 [INFO] Epoch 155 | Train Loss: 0.7556 | Val Loss: 1.9726 | Val Acc: 0.4286
2025-06-22 04:23:01,620 [INFO] Epoch 156 | Train Loss: 0.6792 | Val Loss: 1.9434 | Val Acc: 0.4464
2025-06-22 04:23:01,636 [INFO] Epoch 157 | Train Loss: 0.7302 | Val Loss: 1.8286 | Val Acc: 0.3929
2025-06-22 04:23:01,651 [INFO] Epoch 158 | Train Loss: 0.7307 | Val Loss: 1.8692 | Val Acc: 0.4107
2025-06-22 04:23:01,666 [INFO] Epoch 159 | Train Loss: 0.6784 | Val Loss: 1.7330 | Val Acc: 0.3750
2025-06-22 04:23:01,681 [INFO] Epoch 160 | Train Loss: 0.7851 | Val Loss: 1.8352 | Val Acc: 0.4107
2025-06-22 04:23:02,285 [INFO] Epoch 161 | Train Loss: 0.6780 | Val Loss: 1.8446 | Val Acc: 0.4464
2025-06-22 04:23:02,304 [INFO] Epoch 162 | Train Loss: 0.7656 | Val Loss: 1.9828 | Val Acc: 0.4286
2025-06-22 04:23:02,327 [INFO] Epoch 163 | Train Loss: 0.8757 | Val Loss: 1.8698 | Val Acc: 0.4464
2025-06-22 04:23:02,355 [INFO] Epoch 164 | Train Loss: 0.6784 | Val Loss: 1.7500 | Val Acc: 0.4286
2025-06-22 04:23:02,386 [INFO] Epoch 165 | Train Loss: 0.6662 | Val Loss: 1.9061 | Val Acc: 0.4286
2025-06-22 04:23:02,431 [INFO] Epoch 166 | Train Loss: 0.7267 | Val Loss: 1.9618 | Val Acc: 0.4107
2025-06-22 04:23:02,453 [INFO] Epoch 167 | Train Loss: 0.7760 | Val Loss: 1.8132 | Val Acc: 0.4286
2025-06-22 04:23:02,474 [INFO] Epoch 168 | Train Loss: 0.7559 | Val Loss: 1.5505 | Val Acc: 0.5000
2025-06-22 04:23:02,477 [INFO] New best model at epoch 168 (Val Acc: 0.5000)
2025-06-22 04:23:02,494 [INFO] Epoch 169 | Train Loss: 0.7928 | Val Loss: 1.7696 | Val Acc: 0.4821
2025-06-22 04:23:02,514 [INFO] Epoch 170 | Train Loss: 0.7925 | Val Loss: 1.7858 | Val Acc: 0.4821
2025-06-22 04:23:03,090 [INFO] Epoch 171 | Train Loss: 0.6709 | Val Loss: 1.9090 | Val Acc: 0.3929
2025-06-22 04:23:03,109 [INFO] Epoch 172 | Train Loss: 0.7234 | Val Loss: 1.9262 | Val Acc: 0.4464
2025-06-22 04:23:03,130 [INFO] Epoch 173 | Train Loss: 0.6494 | Val Loss: 2.1385 | Val Acc: 0.4107
2025-06-22 04:23:03,147 [INFO] Epoch 174 | Train Loss: 0.6779 | Val Loss: 2.1152 | Val Acc: 0.4821
2025-06-22 04:23:03,174 [INFO] Epoch 175 | Train Loss: 0.7025 | Val Loss: 1.9527 | Val Acc: 0.4643
2025-06-22 04:23:03,195 [INFO] Epoch 176 | Train Loss: 0.6556 | Val Loss: 1.8712 | Val Acc: 0.4464
2025-06-22 04:23:03,219 [INFO] Epoch 177 | Train Loss: 0.6540 | Val Loss: 1.9032 | Val Acc: 0.4286
2025-06-22 04:23:03,234 [INFO] Epoch 178 | Train Loss: 0.6829 | Val Loss: 1.9907 | Val Acc: 0.4286
2025-06-22 04:23:03,250 [INFO] Epoch 179 | Train Loss: 0.6799 | Val Loss: 1.9990 | Val Acc: 0.3929
2025-06-22 04:23:03,265 [INFO] Epoch 180 | Train Loss: 0.7551 | Val Loss: 1.9789 | Val Acc: 0.4464
2025-06-22 04:23:03,825 [INFO] Epoch 181 | Train Loss: 0.7165 | Val Loss: 2.0309 | Val Acc: 0.4107
2025-06-22 04:23:03,840 [INFO] Epoch 182 | Train Loss: 0.6951 | Val Loss: 1.9721 | Val Acc: 0.3929
2025-06-22 04:23:03,855 [INFO] Epoch 183 | Train Loss: 0.7046 | Val Loss: 2.0223 | Val Acc: 0.3929
2025-06-22 04:23:03,870 [INFO] Epoch 184 | Train Loss: 0.7043 | Val Loss: 2.2093 | Val Acc: 0.4107
2025-06-22 04:23:03,886 [INFO] Epoch 185 | Train Loss: 0.6988 | Val Loss: 2.1131 | Val Acc: 0.4464
2025-06-22 04:23:03,901 [INFO] Epoch 186 | Train Loss: 0.6010 | Val Loss: 2.1196 | Val Acc: 0.4821
2025-06-22 04:23:03,916 [INFO] Epoch 187 | Train Loss: 0.7551 | Val Loss: 2.3174 | Val Acc: 0.4286
2025-06-22 04:23:03,938 [INFO] Epoch 188 | Train Loss: 0.6332 | Val Loss: 2.0727 | Val Acc: 0.4286
2025-06-22 04:23:03,953 [INFO] Epoch 189 | Train Loss: 0.6798 | Val Loss: 1.7254 | Val Acc: 0.3750
2025-06-22 04:23:03,968 [INFO] Epoch 190 | Train Loss: 0.6659 | Val Loss: 1.8778 | Val Acc: 0.4643
2025-06-22 04:23:04,890 [INFO] Epoch 191 | Train Loss: 0.6109 | Val Loss: 2.0023 | Val Acc: 0.3929
2025-06-22 04:23:04,910 [INFO] Epoch 192 | Train Loss: 0.5897 | Val Loss: 1.9701 | Val Acc: 0.4107
2025-06-22 04:23:04,926 [INFO] Epoch 193 | Train Loss: 0.6424 | Val Loss: 2.0770 | Val Acc: 0.4464
2025-06-22 04:23:04,942 [INFO] Epoch 194 | Train Loss: 0.6275 | Val Loss: 2.0885 | Val Acc: 0.4286
2025-06-22 04:23:04,963 [INFO] Epoch 195 | Train Loss: 0.7396 | Val Loss: 1.9815 | Val Acc: 0.4821
2025-06-22 04:23:04,979 [INFO] Epoch 196 | Train Loss: 0.5913 | Val Loss: 2.0545 | Val Acc: 0.4464
2025-06-22 04:23:04,995 [INFO] Epoch 197 | Train Loss: 0.6349 | Val Loss: 2.2072 | Val Acc: 0.4643
2025-06-22 04:23:05,010 [INFO] Epoch 198 | Train Loss: 0.6978 | Val Loss: 2.0505 | Val Acc: 0.4464
2025-06-22 04:23:05,025 [INFO] Epoch 199 | Train Loss: 0.6219 | Val Loss: 2.0100 | Val Acc: 0.4107
2025-06-22 04:23:05,040 [INFO] Epoch 200 | Train Loss: 0.6260 | Val Loss: 1.7944 | Val Acc: 0.4643
2025-06-22 04:23:05,625 [INFO] Epoch 201 | Train Loss: 0.6741 | Val Loss: 1.9760 | Val Acc: 0.4286
2025-06-22 04:23:05,641 [INFO] Epoch 202 | Train Loss: 0.6606 | Val Loss: 2.1356 | Val Acc: 0.4286
2025-06-22 04:23:05,657 [INFO] Epoch 203 | Train Loss: 0.5803 | Val Loss: 2.1550 | Val Acc: 0.4643
2025-06-22 04:23:05,672 [INFO] Epoch 204 | Train Loss: 0.6034 | Val Loss: 2.1266 | Val Acc: 0.4464
2025-06-22 04:23:05,693 [INFO] Epoch 205 | Train Loss: 0.5598 | Val Loss: 2.2268 | Val Acc: 0.3929
2025-06-22 04:23:05,709 [INFO] Epoch 206 | Train Loss: 0.5970 | Val Loss: 2.1620 | Val Acc: 0.3929
2025-06-22 04:23:05,728 [INFO] Epoch 207 | Train Loss: 0.6066 | Val Loss: 2.1602 | Val Acc: 0.4464
2025-06-22 04:23:05,746 [INFO] Epoch 208 | Train Loss: 0.6206 | Val Loss: 2.1290 | Val Acc: 0.4107
2025-06-22 04:23:05,762 [INFO] Epoch 209 | Train Loss: 0.5764 | Val Loss: 2.1458 | Val Acc: 0.3214
2025-06-22 04:23:05,777 [INFO] Epoch 210 | Train Loss: 0.5583 | Val Loss: 2.0491 | Val Acc: 0.3750
2025-06-22 04:23:06,360 [INFO] Epoch 211 | Train Loss: 0.5771 | Val Loss: 1.9798 | Val Acc: 0.5000
2025-06-22 04:23:06,381 [INFO] Epoch 212 | Train Loss: 0.6630 | Val Loss: 1.9005 | Val Acc: 0.4821
2025-06-22 04:23:06,401 [INFO] Epoch 213 | Train Loss: 0.5626 | Val Loss: 1.7067 | Val Acc: 0.4643
2025-06-22 04:23:06,416 [INFO] Epoch 214 | Train Loss: 0.5056 | Val Loss: 1.7353 | Val Acc: 0.5179
2025-06-22 04:23:06,419 [INFO] New best model at epoch 214 (Val Acc: 0.5179)
2025-06-22 04:23:06,442 [INFO] Epoch 215 | Train Loss: 0.5670 | Val Loss: 2.0295 | Val Acc: 0.5000
2025-06-22 04:23:06,458 [INFO] Epoch 216 | Train Loss: 0.5851 | Val Loss: 2.1505 | Val Acc: 0.5000
2025-06-22 04:23:06,473 [INFO] Epoch 217 | Train Loss: 0.5511 | Val Loss: 1.9661 | Val Acc: 0.4464
2025-06-22 04:23:06,489 [INFO] Epoch 218 | Train Loss: 0.6504 | Val Loss: 1.9888 | Val Acc: 0.4821
2025-06-22 04:23:06,503 [INFO] Epoch 219 | Train Loss: 0.5958 | Val Loss: 1.9748 | Val Acc: 0.5000
2025-06-22 04:23:06,522 [INFO] Epoch 220 | Train Loss: 0.5960 | Val Loss: 1.9194 | Val Acc: 0.4107
2025-06-22 04:23:07,943 [INFO] Epoch 221 | Train Loss: 0.5104 | Val Loss: 1.7639 | Val Acc: 0.4643
2025-06-22 04:23:07,966 [INFO] Epoch 222 | Train Loss: 0.5758 | Val Loss: 1.8222 | Val Acc: 0.4643
2025-06-22 04:23:07,984 [INFO] Epoch 223 | Train Loss: 0.6430 | Val Loss: 2.0964 | Val Acc: 0.3929
2025-06-22 04:23:08,019 [INFO] Epoch 224 | Train Loss: 0.6596 | Val Loss: 2.3160 | Val Acc: 0.4286
2025-06-22 04:23:08,036 [INFO] Epoch 225 | Train Loss: 0.6850 | Val Loss: 2.0496 | Val Acc: 0.4464
2025-06-22 04:23:08,053 [INFO] Epoch 226 | Train Loss: 0.5999 | Val Loss: 1.9314 | Val Acc: 0.5179
2025-06-22 04:23:08,068 [INFO] Epoch 227 | Train Loss: 0.6160 | Val Loss: 2.0357 | Val Acc: 0.4286
2025-06-22 04:23:08,084 [INFO] Epoch 228 | Train Loss: 0.5704 | Val Loss: 2.0120 | Val Acc: 0.4643
2025-06-22 04:23:08,099 [INFO] Epoch 229 | Train Loss: 0.6239 | Val Loss: 2.3663 | Val Acc: 0.4107
2025-06-22 04:23:08,115 [INFO] Epoch 230 | Train Loss: 0.6166 | Val Loss: 2.5932 | Val Acc: 0.4464
2025-06-22 04:23:08,690 [INFO] Epoch 231 | Train Loss: 0.6318 | Val Loss: 2.1925 | Val Acc: 0.4107
2025-06-22 04:23:08,706 [INFO] Epoch 232 | Train Loss: 0.5699 | Val Loss: 2.1221 | Val Acc: 0.4286
2025-06-22 04:23:08,727 [INFO] Epoch 233 | Train Loss: 0.5860 | Val Loss: 2.3479 | Val Acc: 0.4464
2025-06-22 04:23:08,748 [INFO] Epoch 234 | Train Loss: 0.6196 | Val Loss: 2.2716 | Val Acc: 0.4286
2025-06-22 04:23:08,772 [INFO] Epoch 235 | Train Loss: 0.5614 | Val Loss: 2.1204 | Val Acc: 0.4286
2025-06-22 04:23:08,795 [INFO] Epoch 236 | Train Loss: 0.5725 | Val Loss: 2.0611 | Val Acc: 0.4643
2025-06-22 04:23:08,811 [INFO] Epoch 237 | Train Loss: 0.5304 | Val Loss: 2.0074 | Val Acc: 0.4821
2025-06-22 04:23:08,825 [INFO] Epoch 238 | Train Loss: 0.4750 | Val Loss: 2.0113 | Val Acc: 0.4107
2025-06-22 04:23:08,840 [INFO] Epoch 239 | Train Loss: 0.4344 | Val Loss: 2.1560 | Val Acc: 0.4286
2025-06-22 04:23:08,857 [INFO] Epoch 240 | Train Loss: 0.5961 | Val Loss: 2.1714 | Val Acc: 0.4464
2025-06-22 04:23:10,221 [INFO] Epoch 241 | Train Loss: 0.6635 | Val Loss: 2.1172 | Val Acc: 0.4107
2025-06-22 04:23:10,241 [INFO] Epoch 242 | Train Loss: 0.5555 | Val Loss: 2.1799 | Val Acc: 0.3571
2025-06-22 04:23:10,277 [INFO] Epoch 243 | Train Loss: 0.5090 | Val Loss: 2.3540 | Val Acc: 0.3214
2025-06-22 04:23:10,313 [INFO] Epoch 244 | Train Loss: 0.5639 | Val Loss: 2.4244 | Val Acc: 0.3750
2025-06-22 04:23:10,332 [INFO] Epoch 245 | Train Loss: 0.5839 | Val Loss: 2.5305 | Val Acc: 0.3929
2025-06-22 04:23:10,349 [INFO] Epoch 246 | Train Loss: 0.5756 | Val Loss: 2.1019 | Val Acc: 0.4643
2025-06-22 04:23:10,369 [INFO] Epoch 247 | Train Loss: 0.4683 | Val Loss: 1.7851 | Val Acc: 0.4464
2025-06-22 04:23:10,389 [INFO] Epoch 248 | Train Loss: 0.6153 | Val Loss: 2.1915 | Val Acc: 0.4643
2025-06-22 04:23:10,412 [INFO] Epoch 249 | Train Loss: 0.4735 | Val Loss: 1.9512 | Val Acc: 0.5357
2025-06-22 04:23:10,415 [INFO] New best model at epoch 249 (Val Acc: 0.5357)
2025-06-22 04:23:10,441 [INFO] Epoch 250 | Train Loss: 0.6037 | Val Loss: 1.7285 | Val Acc: 0.5000
2025-06-22 04:23:11,084 [INFO] Epoch 251 | Train Loss: 0.5258 | Val Loss: 1.9354 | Val Acc: 0.5357
2025-06-22 04:23:11,105 [INFO] Epoch 252 | Train Loss: 0.5961 | Val Loss: 2.1290 | Val Acc: 0.4464
2025-06-22 04:23:11,126 [INFO] Epoch 253 | Train Loss: 0.5144 | Val Loss: 2.1250 | Val Acc: 0.4464
2025-06-22 04:23:11,157 [INFO] Epoch 254 | Train Loss: 0.5745 | Val Loss: 1.9908 | Val Acc: 0.4286
2025-06-22 04:23:11,179 [INFO] Epoch 255 | Train Loss: 0.5184 | Val Loss: 1.9974 | Val Acc: 0.3393
2025-06-22 04:23:11,195 [INFO] Epoch 256 | Train Loss: 0.5991 | Val Loss: 2.1617 | Val Acc: 0.3929
2025-06-22 04:23:11,209 [INFO] Epoch 257 | Train Loss: 0.4931 | Val Loss: 2.4356 | Val Acc: 0.4107
2025-06-22 04:23:11,225 [INFO] Epoch 258 | Train Loss: 0.4915 | Val Loss: 2.6193 | Val Acc: 0.4464
2025-06-22 04:23:11,239 [INFO] Epoch 259 | Train Loss: 0.5177 | Val Loss: 2.3694 | Val Acc: 0.4464
2025-06-22 04:23:11,254 [INFO] Epoch 260 | Train Loss: 0.6276 | Val Loss: 2.2347 | Val Acc: 0.4464
2025-06-22 04:23:11,963 [INFO] Epoch 261 | Train Loss: 0.6596 | Val Loss: 2.1409 | Val Acc: 0.5000
2025-06-22 04:23:11,979 [INFO] Epoch 262 | Train Loss: 0.5869 | Val Loss: 1.8910 | Val Acc: 0.4464
2025-06-22 04:23:11,999 [INFO] Epoch 263 | Train Loss: 0.5434 | Val Loss: 1.9012 | Val Acc: 0.4643
2025-06-22 04:23:12,023 [INFO] Epoch 264 | Train Loss: 0.4956 | Val Loss: 2.2802 | Val Acc: 0.4821
2025-06-22 04:23:12,056 [INFO] Epoch 265 | Train Loss: 0.5548 | Val Loss: 2.4600 | Val Acc: 0.4821
2025-06-22 04:23:12,071 [INFO] Epoch 266 | Train Loss: 0.4647 | Val Loss: 1.9871 | Val Acc: 0.4821
2025-06-22 04:23:12,093 [INFO] Epoch 267 | Train Loss: 0.4586 | Val Loss: 1.8241 | Val Acc: 0.4464
2025-06-22 04:23:12,108 [INFO] Epoch 268 | Train Loss: 0.5057 | Val Loss: 2.0607 | Val Acc: 0.5000
2025-06-22 04:23:12,123 [INFO] Epoch 269 | Train Loss: 0.5075 | Val Loss: 2.3109 | Val Acc: 0.5357
2025-06-22 04:23:12,138 [INFO] Epoch 270 | Train Loss: 0.5882 | Val Loss: 2.6405 | Val Acc: 0.4643
2025-06-22 04:23:12,696 [INFO] Epoch 271 | Train Loss: 0.5206 | Val Loss: 2.2827 | Val Acc: 0.4286
2025-06-22 04:23:12,719 [INFO] Epoch 272 | Train Loss: 0.4574 | Val Loss: 2.2620 | Val Acc: 0.4821
2025-06-22 04:23:12,739 [INFO] Epoch 273 | Train Loss: 0.4774 | Val Loss: 2.5133 | Val Acc: 0.4821
2025-06-22 04:23:12,759 [INFO] Epoch 274 | Train Loss: 0.4620 | Val Loss: 2.3813 | Val Acc: 0.5000
2025-06-22 04:23:12,779 [INFO] Epoch 275 | Train Loss: 0.4022 | Val Loss: 1.9166 | Val Acc: 0.4643
2025-06-22 04:23:12,805 [INFO] Epoch 276 | Train Loss: 0.4731 | Val Loss: 1.8504 | Val Acc: 0.4643
2025-06-22 04:23:12,836 [INFO] Epoch 277 | Train Loss: 0.4227 | Val Loss: 1.9103 | Val Acc: 0.4643
2025-06-22 04:23:12,855 [INFO] Epoch 278 | Train Loss: 0.5728 | Val Loss: 1.9868 | Val Acc: 0.4464
2025-06-22 04:23:12,873 [INFO] Epoch 279 | Train Loss: 0.4566 | Val Loss: 2.3108 | Val Acc: 0.4286
2025-06-22 04:23:12,893 [INFO] Epoch 280 | Train Loss: 0.4110 | Val Loss: 2.3108 | Val Acc: 0.3929
2025-06-22 04:23:13,484 [INFO] Epoch 281 | Train Loss: 0.4595 | Val Loss: 2.3281 | Val Acc: 0.4643
2025-06-22 04:23:13,500 [INFO] Epoch 282 | Train Loss: 0.4934 | Val Loss: 2.3229 | Val Acc: 0.5000
2025-06-22 04:23:13,515 [INFO] Epoch 283 | Train Loss: 0.4752 | Val Loss: 2.4021 | Val Acc: 0.4107
2025-06-22 04:23:13,530 [INFO] Epoch 284 | Train Loss: 0.5217 | Val Loss: 2.6528 | Val Acc: 0.4286
2025-06-22 04:23:13,551 [INFO] Epoch 285 | Train Loss: 0.5102 | Val Loss: 2.7231 | Val Acc: 0.3929
2025-06-22 04:23:13,567 [INFO] Epoch 286 | Train Loss: 0.4402 | Val Loss: 2.3900 | Val Acc: 0.4107
2025-06-22 04:23:13,582 [INFO] Epoch 287 | Train Loss: 0.4488 | Val Loss: 2.0794 | Val Acc: 0.4643
2025-06-22 04:23:13,597 [INFO] Epoch 288 | Train Loss: 0.4120 | Val Loss: 2.2722 | Val Acc: 0.4107
2025-06-22 04:23:13,613 [INFO] Epoch 289 | Train Loss: 0.3887 | Val Loss: 2.0509 | Val Acc: 0.4821
2025-06-22 04:23:13,629 [INFO] Epoch 290 | Train Loss: 0.3912 | Val Loss: 2.2298 | Val Acc: 0.4821
2025-06-22 04:23:14,214 [INFO] Epoch 291 | Train Loss: 0.4863 | Val Loss: 2.3061 | Val Acc: 0.4464
2025-06-22 04:23:14,229 [INFO] Epoch 292 | Train Loss: 0.3385 | Val Loss: 2.4626 | Val Acc: 0.3571
2025-06-22 04:23:14,245 [INFO] Epoch 293 | Train Loss: 0.4920 | Val Loss: 2.7865 | Val Acc: 0.3929
2025-06-22 04:23:14,264 [INFO] Epoch 294 | Train Loss: 0.4373 | Val Loss: 2.6909 | Val Acc: 0.4643
2025-06-22 04:23:14,298 [INFO] Epoch 295 | Train Loss: 0.5020 | Val Loss: 2.6293 | Val Acc: 0.4464
2025-06-22 04:23:14,315 [INFO] Epoch 296 | Train Loss: 0.4671 | Val Loss: 2.8152 | Val Acc: 0.4286
2025-06-22 04:23:14,330 [INFO] Epoch 297 | Train Loss: 0.4016 | Val Loss: 2.5708 | Val Acc: 0.4107
2025-06-22 04:23:14,346 [INFO] Epoch 298 | Train Loss: 0.4895 | Val Loss: 2.1280 | Val Acc: 0.4286
2025-06-22 04:23:14,361 [INFO] Epoch 299 | Train Loss: 0.4241 | Val Loss: 2.1329 | Val Acc: 0.4107
2025-06-22 04:23:14,376 [INFO] Epoch 300 | Train Loss: 0.4403 | Val Loss: 2.3494 | Val Acc: 0.4464
2025-06-22 04:23:15,166 [INFO] Best model saved to <built-in function time>/ENZYMES/best/best_source_gin.pth (Val Acc: 0.5357 at epoch 249)
2025-06-22 04:23:15,166 [INFO] Training/validation metrics saved to <built-in function time>/ENZYMES/GIN_0.001/train_metrics.csv
2025-06-22 04:23:15,711 [INFO] Final training curves saved
2025-06-22 04:23:15,711 [INFO] Training completed!
2025-06-22 04:23:15,711 [INFO] Best validation accuracy: 0.5357
2025-06-22 04:23:15,711 [INFO] Best epoch: 249
2025-06-22 04:23:15,711 [INFO] Total epochs trained: 300
2025-06-22 04:23:15,712 [INFO] Starting training with parameters: (0.001, 0.3, 64, 2, 300, 0.001)
