2025-06-22 04:21:10,696 [INFO] Using device: cpu
2025-06-22 04:21:10,696 [INFO] 开始创建数据加载器...
2025-06-22 04:21:10,697 [INFO] Successfully loaded dataset ENZYMES from ./data, total graphs: 600
2025-06-22 04:21:10,697 [INFO] Class allocation analysis:
2025-06-22 04:21:10,697 [INFO]   Source classes: [0, 1, 2, 3]
2025-06-22 04:21:10,697 [INFO]   Target classes: [0, 1, 2, 3, 4, 5]
2025-06-22 04:21:10,697 [INFO]   Overlap classes (to be split): [0, 1, 2, 3]
2025-06-22 04:21:10,697 [INFO]   Target novel classes (unknown): [4, 5]
2025-06-22 04:21:10,710 [INFO]   Class 0: 100 total -> Source: 70, Target: 30
2025-06-22 04:21:10,710 [INFO]   Class 1: 100 total -> Source: 70, Target: 30
2025-06-22 04:21:10,710 [INFO]   Class 2: 100 total -> Source: 70, Target: 30
2025-06-22 04:21:10,711 [INFO]   Class 3: 100 total -> Source: 70, Target: 30
2025-06-22 04:21:10,711 [INFO]   Class 4 (novel/unknown): 100 samples -> Target
2025-06-22 04:21:10,711 [INFO]   Class 5 (novel/unknown): 100 samples -> Target
2025-06-22 04:21:10,711 [INFO] Final allocation:
2025-06-22 04:21:10,711 [INFO]   Source domain: 280 samples
2025-06-22 04:21:10,711 [INFO]   Target domain: 320 samples
2025-06-22 04:21:10,712 [INFO] Source domain setup:
2025-06-22 04:21:10,712 [INFO]   Original classes: [0, 1, 2, 3]
2025-06-22 04:21:10,712 [INFO]   Overlap classes used: [0, 1, 2, 3]
2025-06-22 04:21:10,712 [INFO]   Label mapping: {0: 0, 1: 1, 2: 2, 3: 3}
2025-06-22 04:21:10,712 [INFO]   Total data after allocation: 280
2025-06-22 04:21:10,712 [INFO]   Data split - Train: 224, Val: 56
2025-06-22 04:21:10,712 [INFO]   Train label distribution: {0: 56, 1: 56, 3: 56, 2: 56}
2025-06-22 04:21:10,712 [INFO]   Val label distribution: {1: 14, 2: 14, 0: 14, 3: 14}
2025-06-22 04:21:10,713 [INFO] Successfully loaded dataset ENZYMES from ./data, total graphs: 600
2025-06-22 04:21:10,713 [INFO] Class allocation analysis:
2025-06-22 04:21:10,713 [INFO]   Source classes: [0, 1, 2, 3]
2025-06-22 04:21:10,713 [INFO]   Target classes: [0, 1, 2, 3, 4, 5]
2025-06-22 04:21:10,713 [INFO]   Overlap classes (to be split): [0, 1, 2, 3]
2025-06-22 04:21:10,713 [INFO]   Target novel classes (unknown): [4, 5]
2025-06-22 04:21:10,726 [INFO]   Class 0: 100 total -> Source: 70, Target: 30
2025-06-22 04:21:10,726 [INFO]   Class 1: 100 total -> Source: 70, Target: 30
2025-06-22 04:21:10,726 [INFO]   Class 2: 100 total -> Source: 70, Target: 30
2025-06-22 04:21:10,726 [INFO]   Class 3: 100 total -> Source: 70, Target: 30
2025-06-22 04:21:10,726 [INFO]   Class 4 (novel/unknown): 100 samples -> Target
2025-06-22 04:21:10,726 [INFO]   Class 5 (novel/unknown): 100 samples -> Target
2025-06-22 04:21:10,727 [INFO] Final allocation:
2025-06-22 04:21:10,727 [INFO]   Source domain: 280 samples
2025-06-22 04:21:10,727 [INFO]   Target domain: 320 samples
2025-06-22 04:21:10,728 [INFO] Target domain setup:
2025-06-22 04:21:10,728 [INFO]   Original classes: [0, 1, 2, 3, 4, 5]
2025-06-22 04:21:10,728 [INFO]   Overlap classes: [0, 1, 2, 3]
2025-06-22 04:21:10,728 [INFO]   Novel classes: [4, 5] -> mapped to unknown label 4
2025-06-22 04:21:10,728 [INFO]   Label mapping: {0: 0, 1: 1, 2: 2, 3: 3, 4: 4, 5: 4}
2025-06-22 04:21:10,728 [INFO]   Total data after allocation: 320
2025-06-22 04:21:10,728 [INFO]   Data split - Train: 256, Val: 64
2025-06-22 04:21:10,728 [INFO]   Total count: 320 (known: 120, unknown: 200)
2025-06-22 04:21:10,728 [INFO]   Total label distribution: {4: 200, 3: 30, 0: 30, 1: 30, 2: 30}
2025-06-22 04:21:10,728 [INFO]   Train label distribution: {4: 160, 0: 24, 2: 24, 3: 24, 1: 24}
2025-06-22 04:21:10,728 [INFO]   Val label distribution: {1: 6, 4: 40, 3: 6, 0: 6, 2: 6}
2025-06-22 04:21:10,728 [INFO] 数据加载器创建完成!
2025-06-22 04:21:10,728 [INFO] 源域类别数: 4 (重叠类别)
2025-06-22 04:21:10,728 [INFO] 目标域类别数: 5 (4个重叠类别 + 1个未知类别)
2025-06-22 04:21:10,728 [INFO] 重叠类别: [0, 1, 2, 3]
2025-06-22 04:21:10,728 [INFO] 目标域新类别: [4, 5]
2025-06-22 04:21:10,729 [INFO] Data allocation verification:
2025-06-22 04:21:10,729 [INFO]   Source data samples: 280
2025-06-22 04:21:10,729 [INFO]   Target data samples: 320
2025-06-22 04:21:10,729 [INFO]   Overlapping samples: 0
2025-06-22 04:21:10,729 [INFO]   ✓ Data allocation is correct - no overlapping samples
2025-06-22 04:21:10,730 [INFO] Model initialized with 13508 parameters
2025-06-22 04:21:10,730 [INFO] Previous best validation accuracy read from record.txt: 0.6250
2025-06-22 04:21:10,730 [INFO] Starting training...
2025-06-22 04:21:10,747 [INFO] Epoch 001 | Train Loss: 13.1337 | Val Loss: 2.6848 | Val Acc: 0.3036
2025-06-22 04:21:13,170 [INFO] New best model at epoch 1 (Val Acc: 0.3036)
2025-06-22 04:21:13,195 [INFO] Epoch 002 | Train Loss: 7.2649 | Val Loss: 2.9110 | Val Acc: 0.3214
2025-06-22 04:21:13,198 [INFO] New best model at epoch 2 (Val Acc: 0.3214)
2025-06-22 04:21:13,230 [INFO] Epoch 003 | Train Loss: 6.7835 | Val Loss: 3.0169 | Val Acc: 0.2321
2025-06-22 04:21:13,275 [INFO] Epoch 004 | Train Loss: 5.6982 | Val Loss: 3.5116 | Val Acc: 0.3036
2025-06-22 04:21:13,326 [INFO] Epoch 005 | Train Loss: 4.8540 | Val Loss: 4.2027 | Val Acc: 0.3393
2025-06-22 04:21:13,329 [INFO] New best model at epoch 5 (Val Acc: 0.3393)
2025-06-22 04:21:13,350 [INFO] Epoch 006 | Train Loss: 4.7533 | Val Loss: 3.5632 | Val Acc: 0.3214
2025-06-22 04:21:13,368 [INFO] Epoch 007 | Train Loss: 4.4455 | Val Loss: 2.9027 | Val Acc: 0.2857
2025-06-22 04:21:13,386 [INFO] Epoch 008 | Train Loss: 4.1814 | Val Loss: 2.2873 | Val Acc: 0.3929
2025-06-22 04:21:13,389 [INFO] New best model at epoch 8 (Val Acc: 0.3929)
2025-06-22 04:21:13,402 [INFO] Epoch 009 | Train Loss: 3.6978 | Val Loss: 3.0278 | Val Acc: 0.3750
2025-06-22 04:21:13,418 [INFO] Epoch 010 | Train Loss: 3.1017 | Val Loss: 3.7009 | Val Acc: 0.2679
2025-06-22 04:21:14,679 [INFO] Epoch 011 | Train Loss: 3.7284 | Val Loss: 3.1335 | Val Acc: 0.2679
2025-06-22 04:21:14,698 [INFO] Epoch 012 | Train Loss: 3.8311 | Val Loss: 2.7343 | Val Acc: 0.2679
2025-06-22 04:21:14,719 [INFO] Epoch 013 | Train Loss: 3.5724 | Val Loss: 2.7157 | Val Acc: 0.3214
2025-06-22 04:21:14,739 [INFO] Epoch 014 | Train Loss: 3.4411 | Val Loss: 2.4498 | Val Acc: 0.3214
2025-06-22 04:21:14,768 [INFO] Epoch 015 | Train Loss: 3.2437 | Val Loss: 2.3219 | Val Acc: 0.3929
2025-06-22 04:21:14,784 [INFO] Epoch 016 | Train Loss: 3.2807 | Val Loss: 2.2332 | Val Acc: 0.3929
2025-06-22 04:21:14,801 [INFO] Epoch 017 | Train Loss: 3.5418 | Val Loss: 2.4377 | Val Acc: 0.3393
2025-06-22 04:21:14,816 [INFO] Epoch 018 | Train Loss: 3.1744 | Val Loss: 2.7257 | Val Acc: 0.3214
2025-06-22 04:21:14,831 [INFO] Epoch 019 | Train Loss: 2.8889 | Val Loss: 2.6935 | Val Acc: 0.3393
2025-06-22 04:21:14,846 [INFO] Epoch 020 | Train Loss: 2.6261 | Val Loss: 2.4975 | Val Acc: 0.3214
2025-06-22 04:21:15,415 [INFO] Epoch 021 | Train Loss: 2.9304 | Val Loss: 1.9616 | Val Acc: 0.3393
2025-06-22 04:21:15,436 [INFO] Epoch 022 | Train Loss: 2.2237 | Val Loss: 1.8971 | Val Acc: 0.3929
2025-06-22 04:21:15,460 [INFO] Epoch 023 | Train Loss: 2.1067 | Val Loss: 2.3332 | Val Acc: 0.3393
2025-06-22 04:21:15,482 [INFO] Epoch 024 | Train Loss: 2.5740 | Val Loss: 2.9369 | Val Acc: 0.3393
2025-06-22 04:21:15,508 [INFO] Epoch 025 | Train Loss: 2.7746 | Val Loss: 2.3588 | Val Acc: 0.3929
2025-06-22 04:21:15,524 [INFO] Epoch 026 | Train Loss: 2.3269 | Val Loss: 2.3362 | Val Acc: 0.4464
2025-06-22 04:21:15,527 [INFO] New best model at epoch 26 (Val Acc: 0.4464)
2025-06-22 04:21:15,541 [INFO] Epoch 027 | Train Loss: 2.5640 | Val Loss: 2.1632 | Val Acc: 0.4464
2025-06-22 04:21:15,557 [INFO] Epoch 028 | Train Loss: 2.4912 | Val Loss: 1.9308 | Val Acc: 0.4286
2025-06-22 04:21:15,581 [INFO] Epoch 029 | Train Loss: 2.5854 | Val Loss: 1.9948 | Val Acc: 0.4107
2025-06-22 04:21:15,597 [INFO] Epoch 030 | Train Loss: 2.5912 | Val Loss: 1.9771 | Val Acc: 0.3750
2025-06-22 04:21:16,170 [INFO] Epoch 031 | Train Loss: 2.3955 | Val Loss: 1.8478 | Val Acc: 0.4464
2025-06-22 04:21:16,186 [INFO] Epoch 032 | Train Loss: 1.9439 | Val Loss: 1.9847 | Val Acc: 0.4464
2025-06-22 04:21:16,202 [INFO] Epoch 033 | Train Loss: 2.0943 | Val Loss: 2.1687 | Val Acc: 0.3929
2025-06-22 04:21:16,218 [INFO] Epoch 034 | Train Loss: 1.9241 | Val Loss: 2.0942 | Val Acc: 0.3393
2025-06-22 04:21:16,233 [INFO] Epoch 035 | Train Loss: 1.9359 | Val Loss: 2.1848 | Val Acc: 0.3929
2025-06-22 04:21:16,255 [INFO] Epoch 036 | Train Loss: 1.8246 | Val Loss: 2.0814 | Val Acc: 0.3393
2025-06-22 04:21:16,288 [INFO] Epoch 037 | Train Loss: 1.7812 | Val Loss: 2.0401 | Val Acc: 0.3750
2025-06-22 04:21:16,320 [INFO] Epoch 038 | Train Loss: 2.0757 | Val Loss: 2.0569 | Val Acc: 0.3571
2025-06-22 04:21:16,337 [INFO] Epoch 039 | Train Loss: 1.6191 | Val Loss: 1.9444 | Val Acc: 0.3393
2025-06-22 04:21:16,352 [INFO] Epoch 040 | Train Loss: 1.4482 | Val Loss: 1.8764 | Val Acc: 0.3393
2025-06-22 04:21:16,963 [INFO] Epoch 041 | Train Loss: 1.5832 | Val Loss: 1.8959 | Val Acc: 0.3393
2025-06-22 04:21:16,979 [INFO] Epoch 042 | Train Loss: 1.9575 | Val Loss: 1.8234 | Val Acc: 0.3571
2025-06-22 04:21:16,995 [INFO] Epoch 043 | Train Loss: 1.7950 | Val Loss: 2.0427 | Val Acc: 0.3571
2025-06-22 04:21:17,011 [INFO] Epoch 044 | Train Loss: 1.6963 | Val Loss: 2.2012 | Val Acc: 0.3393
2025-06-22 04:21:17,026 [INFO] Epoch 045 | Train Loss: 1.6677 | Val Loss: 2.1456 | Val Acc: 0.3214
2025-06-22 04:21:17,050 [INFO] Epoch 046 | Train Loss: 1.4875 | Val Loss: 1.8830 | Val Acc: 0.3036
2025-06-22 04:21:17,066 [INFO] Epoch 047 | Train Loss: 1.3189 | Val Loss: 1.7400 | Val Acc: 0.3750
2025-06-22 04:21:17,082 [INFO] Epoch 048 | Train Loss: 1.5279 | Val Loss: 1.7614 | Val Acc: 0.3750
2025-06-22 04:21:17,097 [INFO] Epoch 049 | Train Loss: 1.3148 | Val Loss: 1.8362 | Val Acc: 0.3750
2025-06-22 04:21:17,113 [INFO] Epoch 050 | Train Loss: 1.3417 | Val Loss: 2.0559 | Val Acc: 0.4286
2025-06-22 04:21:17,729 [INFO] Epoch 051 | Train Loss: 1.8487 | Val Loss: 2.0303 | Val Acc: 0.3036
2025-06-22 04:21:17,745 [INFO] Epoch 052 | Train Loss: 1.3537 | Val Loss: 1.8263 | Val Acc: 0.3571
2025-06-22 04:21:17,761 [INFO] Epoch 053 | Train Loss: 1.3793 | Val Loss: 1.8318 | Val Acc: 0.3571
2025-06-22 04:21:17,776 [INFO] Epoch 054 | Train Loss: 1.3675 | Val Loss: 1.9762 | Val Acc: 0.3750
2025-06-22 04:21:17,791 [INFO] Epoch 055 | Train Loss: 1.3709 | Val Loss: 2.0946 | Val Acc: 0.3750
2025-06-22 04:21:17,815 [INFO] Epoch 056 | Train Loss: 1.5140 | Val Loss: 1.9277 | Val Acc: 0.3214
2025-06-22 04:21:17,832 [INFO] Epoch 057 | Train Loss: 1.3697 | Val Loss: 1.8591 | Val Acc: 0.3750
2025-06-22 04:21:17,848 [INFO] Epoch 058 | Train Loss: 1.3600 | Val Loss: 1.9304 | Val Acc: 0.3036
2025-06-22 04:21:17,864 [INFO] Epoch 059 | Train Loss: 1.3903 | Val Loss: 1.7687 | Val Acc: 0.2679
2025-06-22 04:21:17,879 [INFO] Epoch 060 | Train Loss: 1.5338 | Val Loss: 1.7113 | Val Acc: 0.3750
2025-06-22 04:21:18,429 [INFO] Epoch 061 | Train Loss: 1.2510 | Val Loss: 1.5969 | Val Acc: 0.3750
2025-06-22 04:21:18,445 [INFO] Epoch 062 | Train Loss: 1.3537 | Val Loss: 1.6357 | Val Acc: 0.3036
2025-06-22 04:21:18,461 [INFO] Epoch 063 | Train Loss: 1.2786 | Val Loss: 1.6338 | Val Acc: 0.3393
2025-06-22 04:21:18,477 [INFO] Epoch 064 | Train Loss: 1.2626 | Val Loss: 1.7700 | Val Acc: 0.3036
2025-06-22 04:21:18,492 [INFO] Epoch 065 | Train Loss: 1.2722 | Val Loss: 1.9095 | Val Acc: 0.3750
2025-06-22 04:21:18,510 [INFO] Epoch 066 | Train Loss: 1.4265 | Val Loss: 1.7831 | Val Acc: 0.3750
2025-06-22 04:21:18,538 [INFO] Epoch 067 | Train Loss: 1.1239 | Val Loss: 1.7254 | Val Acc: 0.3750
2025-06-22 04:21:18,556 [INFO] Epoch 068 | Train Loss: 0.9646 | Val Loss: 1.6865 | Val Acc: 0.3750
2025-06-22 04:21:18,580 [INFO] Epoch 069 | Train Loss: 1.1591 | Val Loss: 1.5237 | Val Acc: 0.3929
2025-06-22 04:21:18,599 [INFO] Epoch 070 | Train Loss: 1.1004 | Val Loss: 1.5251 | Val Acc: 0.3571
2025-06-22 04:21:19,365 [INFO] Epoch 071 | Train Loss: 1.3722 | Val Loss: 1.6971 | Val Acc: 0.2857
2025-06-22 04:21:19,380 [INFO] Epoch 072 | Train Loss: 1.2926 | Val Loss: 1.7048 | Val Acc: 0.3929
2025-06-22 04:21:19,397 [INFO] Epoch 073 | Train Loss: 0.9757 | Val Loss: 1.7071 | Val Acc: 0.4286
2025-06-22 04:21:19,412 [INFO] Epoch 074 | Train Loss: 1.0434 | Val Loss: 1.4830 | Val Acc: 0.4286
2025-06-22 04:21:19,428 [INFO] Epoch 075 | Train Loss: 1.1311 | Val Loss: 1.5691 | Val Acc: 0.4286
2025-06-22 04:21:19,449 [INFO] Epoch 076 | Train Loss: 1.1420 | Val Loss: 1.6495 | Val Acc: 0.3929
2025-06-22 04:21:19,465 [INFO] Epoch 077 | Train Loss: 1.2261 | Val Loss: 1.7018 | Val Acc: 0.4286
2025-06-22 04:21:19,481 [INFO] Epoch 078 | Train Loss: 1.1188 | Val Loss: 1.4986 | Val Acc: 0.3929
2025-06-22 04:21:19,498 [INFO] Epoch 079 | Train Loss: 0.9550 | Val Loss: 1.6028 | Val Acc: 0.3571
2025-06-22 04:21:19,513 [INFO] Epoch 080 | Train Loss: 0.9462 | Val Loss: 1.5613 | Val Acc: 0.3393
2025-06-22 04:21:20,177 [INFO] Epoch 081 | Train Loss: 1.0225 | Val Loss: 1.8090 | Val Acc: 0.2857
2025-06-22 04:21:20,193 [INFO] Epoch 082 | Train Loss: 1.0330 | Val Loss: 1.8191 | Val Acc: 0.3571
2025-06-22 04:21:20,208 [INFO] Epoch 083 | Train Loss: 1.1608 | Val Loss: 2.2990 | Val Acc: 0.3750
2025-06-22 04:21:20,224 [INFO] Epoch 084 | Train Loss: 1.0151 | Val Loss: 1.6126 | Val Acc: 0.3571
2025-06-22 04:21:20,238 [INFO] Epoch 085 | Train Loss: 0.9283 | Val Loss: 1.5858 | Val Acc: 0.3750
2025-06-22 04:21:20,260 [INFO] Epoch 086 | Train Loss: 1.1833 | Val Loss: 1.5117 | Val Acc: 0.3750
2025-06-22 04:21:20,275 [INFO] Epoch 087 | Train Loss: 1.2030 | Val Loss: 1.5446 | Val Acc: 0.4464
2025-06-22 04:21:20,290 [INFO] Epoch 088 | Train Loss: 0.9797 | Val Loss: 1.6634 | Val Acc: 0.4286
2025-06-22 04:21:20,305 [INFO] Epoch 089 | Train Loss: 1.0936 | Val Loss: 1.6989 | Val Acc: 0.3393
2025-06-22 04:21:20,321 [INFO] Epoch 090 | Train Loss: 1.1699 | Val Loss: 1.8442 | Val Acc: 0.3393
2025-06-22 04:21:20,923 [INFO] Epoch 091 | Train Loss: 1.0767 | Val Loss: 1.8283 | Val Acc: 0.3571
2025-06-22 04:21:20,939 [INFO] Epoch 092 | Train Loss: 1.1841 | Val Loss: 1.5266 | Val Acc: 0.4107
2025-06-22 04:21:20,954 [INFO] Epoch 093 | Train Loss: 1.0935 | Val Loss: 1.5130 | Val Acc: 0.4107
2025-06-22 04:21:20,971 [INFO] Epoch 094 | Train Loss: 0.9069 | Val Loss: 1.6791 | Val Acc: 0.3750
2025-06-22 04:21:20,991 [INFO] Epoch 095 | Train Loss: 0.8216 | Val Loss: 1.8124 | Val Acc: 0.3571
2025-06-22 04:21:21,015 [INFO] Epoch 096 | Train Loss: 0.8410 | Val Loss: 1.8364 | Val Acc: 0.3393
2025-06-22 04:21:21,031 [INFO] Epoch 097 | Train Loss: 0.8612 | Val Loss: 1.8238 | Val Acc: 0.3750
2025-06-22 04:21:21,047 [INFO] Epoch 098 | Train Loss: 0.9356 | Val Loss: 2.0277 | Val Acc: 0.3929
2025-06-22 04:21:21,062 [INFO] Epoch 099 | Train Loss: 1.0668 | Val Loss: 2.1901 | Val Acc: 0.3571
2025-06-22 04:21:21,077 [INFO] Epoch 100 | Train Loss: 1.0380 | Val Loss: 1.9368 | Val Acc: 0.3750
2025-06-22 04:21:21,655 [INFO] Best model saved to <built-in function time>/ENZYMES/best/best_source_gin.pth (Val Acc: 0.4464 at epoch 26)
2025-06-22 04:21:21,656 [INFO] Training/validation metrics saved to <built-in function time>/ENZYMES/GIN_0.001/train_metrics.csv
2025-06-22 04:21:22,179 [INFO] Final training curves saved
2025-06-22 04:21:22,179 [INFO] Training completed!
2025-06-22 04:21:22,179 [INFO] Best validation accuracy: 0.4464
2025-06-22 04:21:22,179 [INFO] Best epoch: 26
2025-06-22 04:21:22,179 [INFO] Total epochs trained: 100
2025-06-22 04:21:22,179 [INFO] Starting training with parameters: (0.001, 0.3, 64, 2, 100, 0.001)
