2025-06-22 07:27:13,431 [INFO] Using device: cpu
2025-06-22 07:27:13,432 [INFO] 开始创建数据加载器...
2025-06-22 07:27:13,435 [INFO] Successfully loaded dataset ENZYMES from ./data, total graphs: 600
2025-06-22 07:27:13,435 [INFO] Class allocation analysis:
2025-06-22 07:27:13,435 [INFO]   Source classes: [0, 1, 2, 3]
2025-06-22 07:27:13,435 [INFO]   Target classes: [0, 1, 2, 3, 4, 5]
2025-06-22 07:27:13,435 [INFO]   Overlap classes (to be split): [0, 1, 2, 3]
2025-06-22 07:27:13,435 [INFO]   Target novel classes (unknown): [4, 5]
2025-06-22 07:27:13,565 [INFO]   Class 0: 100 total -> Source: 70, Target: 30
2025-06-22 07:27:13,565 [INFO]   Class 1: 100 total -> Source: 70, Target: 30
2025-06-22 07:27:13,566 [INFO]   Class 2: 100 total -> Source: 70, Target: 30
2025-06-22 07:27:13,566 [INFO]   Class 3: 100 total -> Source: 70, Target: 30
2025-06-22 07:27:13,566 [INFO]   Class 4 (novel/unknown): 100 samples -> Target
2025-06-22 07:27:13,566 [INFO]   Class 5 (novel/unknown): 100 samples -> Target
2025-06-22 07:27:13,566 [INFO] Final allocation:
2025-06-22 07:27:13,566 [INFO]   Source domain: 280 samples
2025-06-22 07:27:13,566 [INFO]   Target domain: 320 samples
2025-06-22 07:27:13,567 [INFO] Source domain setup:
2025-06-22 07:27:13,567 [INFO]   Original classes: [0, 1, 2, 3]
2025-06-22 07:27:13,567 [INFO]   Overlap classes used: [0, 1, 2, 3]
2025-06-22 07:27:13,567 [INFO]   Label mapping: {0: 0, 1: 1, 2: 2, 3: 3}
2025-06-22 07:27:13,567 [INFO]   Total data after allocation: 280
2025-06-22 07:27:13,567 [INFO]   Data split - Train: 224, Val: 56
2025-06-22 07:27:13,567 [INFO]   Train label distribution: {0: 56, 1: 56, 3: 56, 2: 56}
2025-06-22 07:27:13,567 [INFO]   Val label distribution: {1: 14, 2: 14, 0: 14, 3: 14}
2025-06-22 07:27:13,569 [INFO] Successfully loaded dataset ENZYMES from ./data, total graphs: 600
2025-06-22 07:27:13,569 [INFO] Class allocation analysis:
2025-06-22 07:27:13,569 [INFO]   Source classes: [0, 1, 2, 3]
2025-06-22 07:27:13,569 [INFO]   Target classes: [0, 1, 2, 3, 4, 5]
2025-06-22 07:27:13,569 [INFO]   Overlap classes (to be split): [0, 1, 2, 3]
2025-06-22 07:27:13,569 [INFO]   Target novel classes (unknown): [4, 5]
2025-06-22 07:27:13,582 [INFO]   Class 0: 100 total -> Source: 70, Target: 30
2025-06-22 07:27:13,582 [INFO]   Class 1: 100 total -> Source: 70, Target: 30
2025-06-22 07:27:13,582 [INFO]   Class 2: 100 total -> Source: 70, Target: 30
2025-06-22 07:27:13,582 [INFO]   Class 3: 100 total -> Source: 70, Target: 30
2025-06-22 07:27:13,582 [INFO]   Class 4 (novel/unknown): 100 samples -> Target
2025-06-22 07:27:13,582 [INFO]   Class 5 (novel/unknown): 100 samples -> Target
2025-06-22 07:27:13,582 [INFO] Final allocation:
2025-06-22 07:27:13,583 [INFO]   Source domain: 280 samples
2025-06-22 07:27:13,583 [INFO]   Target domain: 320 samples
2025-06-22 07:27:13,584 [INFO] Target domain setup:
2025-06-22 07:27:13,584 [INFO]   Original classes: [0, 1, 2, 3, 4, 5]
2025-06-22 07:27:13,584 [INFO]   Overlap classes: [0, 1, 2, 3]
2025-06-22 07:27:13,584 [INFO]   Novel classes: [4, 5] -> mapped to unknown label 4
2025-06-22 07:27:13,584 [INFO]   Label mapping: {0: 0, 1: 1, 2: 2, 3: 3, 4: 4, 5: 4}
2025-06-22 07:27:13,584 [INFO]   Total data after allocation: 320
2025-06-22 07:27:13,584 [INFO]   Data split - Train: 256, Val: 64
2025-06-22 07:27:13,584 [INFO]   Total count: 320 (known: 120, unknown: 200)
2025-06-22 07:27:13,584 [INFO]   Total label distribution: {4: 200, 3: 30, 0: 30, 1: 30, 2: 30}
2025-06-22 07:27:13,584 [INFO]   Train label distribution: {4: 160, 0: 24, 2: 24, 3: 24, 1: 24}
2025-06-22 07:27:13,584 [INFO]   Val label distribution: {1: 6, 4: 40, 3: 6, 0: 6, 2: 6}
2025-06-22 07:27:13,584 [INFO] 数据加载器创建完成!
2025-06-22 07:27:13,584 [INFO] 源域类别数: 4 (重叠类别)
2025-06-22 07:27:13,584 [INFO] 目标域类别数: 5 (4个重叠类别 + 1个未知类别)
2025-06-22 07:27:13,584 [INFO] 重叠类别: [0, 1, 2, 3]
2025-06-22 07:27:13,585 [INFO] 目标域新类别: [4, 5]
2025-06-22 07:27:13,585 [INFO] Data allocation verification:
2025-06-22 07:27:13,585 [INFO]   Source data samples: 280
2025-06-22 07:27:13,585 [INFO]   Target data samples: 320
2025-06-22 07:27:13,585 [INFO]   Overlapping samples: 0
2025-06-22 07:27:13,585 [INFO]   ✓ Data allocation is correct - no overlapping samples
2025-06-22 07:27:13,587 [INFO] Model initialized with 118660 parameters
2025-06-22 07:27:13,587 [INFO] Previous best validation accuracy read from record.txt: 0.6250
2025-06-22 07:27:13,587 [INFO] Starting training...
2025-06-22 07:27:13,639 [INFO] Epoch 001 | Train Loss: 10.7148 | Val Loss: 1.4526 | Val Acc: 0.3571
2025-06-22 07:27:14,388 [INFO] New best model at epoch 1 (Val Acc: 0.3571)
2025-06-22 07:27:14,425 [INFO] Epoch 002 | Train Loss: 6.6372 | Val Loss: 1.5762 | Val Acc: 0.2500
2025-06-22 07:27:14,461 [INFO] Epoch 003 | Train Loss: 6.7826 | Val Loss: 2.1301 | Val Acc: 0.2500
2025-06-22 07:27:14,504 [INFO] Epoch 004 | Train Loss: 6.5108 | Val Loss: 2.2437 | Val Acc: 0.3571
2025-06-22 07:27:14,541 [INFO] Epoch 005 | Train Loss: 5.9933 | Val Loss: 2.1805 | Val Acc: 0.4464
2025-06-22 07:27:14,547 [INFO] New best model at epoch 5 (Val Acc: 0.4464)
2025-06-22 07:27:14,577 [INFO] Epoch 006 | Train Loss: 6.0316 | Val Loss: 2.1370 | Val Acc: 0.3929
2025-06-22 07:27:14,651 [INFO] Epoch 007 | Train Loss: 4.4800 | Val Loss: 2.2605 | Val Acc: 0.3750
2025-06-22 07:27:14,702 [INFO] Epoch 008 | Train Loss: 4.7149 | Val Loss: 2.4540 | Val Acc: 0.3571
2025-06-22 07:27:14,739 [INFO] Epoch 009 | Train Loss: 4.5293 | Val Loss: 2.4935 | Val Acc: 0.3393
2025-06-22 07:27:14,774 [INFO] Epoch 010 | Train Loss: 3.8811 | Val Loss: 2.4752 | Val Acc: 0.3571
2025-06-22 07:27:15,616 [INFO] Epoch 011 | Train Loss: 4.5916 | Val Loss: 2.4020 | Val Acc: 0.3571
2025-06-22 07:27:15,650 [INFO] Epoch 012 | Train Loss: 4.9226 | Val Loss: 3.0459 | Val Acc: 0.3571
2025-06-22 07:27:15,686 [INFO] Epoch 013 | Train Loss: 2.9983 | Val Loss: 2.8848 | Val Acc: 0.3393
2025-06-22 07:27:15,738 [INFO] Epoch 014 | Train Loss: 2.9376 | Val Loss: 2.2022 | Val Acc: 0.3929
2025-06-22 07:27:15,774 [INFO] Epoch 015 | Train Loss: 2.7460 | Val Loss: 2.5322 | Val Acc: 0.3571
2025-06-22 07:27:15,810 [INFO] Epoch 016 | Train Loss: 2.4274 | Val Loss: 2.3981 | Val Acc: 0.2857
2025-06-22 07:27:15,845 [INFO] Epoch 017 | Train Loss: 2.6609 | Val Loss: 3.5040 | Val Acc: 0.2321
2025-06-22 07:27:15,881 [INFO] Epoch 018 | Train Loss: 2.2241 | Val Loss: 4.6787 | Val Acc: 0.2679
2025-06-22 07:27:15,915 [INFO] Epoch 019 | Train Loss: 2.1308 | Val Loss: 4.1216 | Val Acc: 0.3929
2025-06-22 07:27:15,951 [INFO] Epoch 020 | Train Loss: 3.8854 | Val Loss: 1.6285 | Val Acc: 0.3929
2025-06-22 07:27:16,721 [INFO] Epoch 021 | Train Loss: 2.1836 | Val Loss: 2.1738 | Val Acc: 0.3571
2025-06-22 07:27:16,772 [INFO] Epoch 022 | Train Loss: 1.9626 | Val Loss: 1.6714 | Val Acc: 0.4643
2025-06-22 07:27:16,778 [INFO] New best model at epoch 22 (Val Acc: 0.4643)
2025-06-22 07:27:16,809 [INFO] Epoch 023 | Train Loss: 2.2497 | Val Loss: 1.5695 | Val Acc: 0.3571
2025-06-22 07:27:16,843 [INFO] Epoch 024 | Train Loss: 1.8300 | Val Loss: 2.1931 | Val Acc: 0.2857
2025-06-22 07:27:16,883 [INFO] Epoch 025 | Train Loss: 2.1901 | Val Loss: 2.1038 | Val Acc: 0.2857
2025-06-22 07:27:16,930 [INFO] Epoch 026 | Train Loss: 2.0923 | Val Loss: 1.6865 | Val Acc: 0.3214
2025-06-22 07:27:16,963 [INFO] Epoch 027 | Train Loss: 2.0997 | Val Loss: 1.7435 | Val Acc: 0.3750
2025-06-22 07:27:16,998 [INFO] Epoch 028 | Train Loss: 2.0819 | Val Loss: 1.9890 | Val Acc: 0.3929
2025-06-22 07:27:17,034 [INFO] Epoch 029 | Train Loss: 2.3004 | Val Loss: 2.1419 | Val Acc: 0.3750
2025-06-22 07:27:17,074 [INFO] Epoch 030 | Train Loss: 1.4434 | Val Loss: 3.2573 | Val Acc: 0.4643
2025-06-22 07:27:18,263 [INFO] Epoch 031 | Train Loss: 2.3694 | Val Loss: 2.4579 | Val Acc: 0.3929
2025-06-22 07:27:18,326 [INFO] Epoch 032 | Train Loss: 2.4054 | Val Loss: 1.8589 | Val Acc: 0.3214
2025-06-22 07:27:18,366 [INFO] Epoch 033 | Train Loss: 2.1139 | Val Loss: 1.6777 | Val Acc: 0.3393
2025-06-22 07:27:18,400 [INFO] Epoch 034 | Train Loss: 2.0640 | Val Loss: 1.8224 | Val Acc: 0.3214
2025-06-22 07:27:18,438 [INFO] Epoch 035 | Train Loss: 1.4767 | Val Loss: 1.6756 | Val Acc: 0.3750
2025-06-22 07:27:18,474 [INFO] Epoch 036 | Train Loss: 1.7342 | Val Loss: 1.5713 | Val Acc: 0.3036
2025-06-22 07:27:18,509 [INFO] Epoch 037 | Train Loss: 1.9962 | Val Loss: 1.5471 | Val Acc: 0.3571
2025-06-22 07:27:18,552 [INFO] Epoch 038 | Train Loss: 1.7090 | Val Loss: 1.6843 | Val Acc: 0.3750
2025-06-22 07:27:18,619 [INFO] Epoch 039 | Train Loss: 1.6585 | Val Loss: 1.7715 | Val Acc: 0.2679
2025-06-22 07:27:18,665 [INFO] Epoch 040 | Train Loss: 1.6183 | Val Loss: 2.4546 | Val Acc: 0.3036
2025-06-22 07:27:19,361 [INFO] Epoch 041 | Train Loss: 2.3884 | Val Loss: 2.3918 | Val Acc: 0.3214
2025-06-22 07:27:19,429 [INFO] Epoch 042 | Train Loss: 1.9762 | Val Loss: 2.3785 | Val Acc: 0.3393
2025-06-22 07:27:19,515 [INFO] Epoch 043 | Train Loss: 1.6615 | Val Loss: 1.7013 | Val Acc: 0.3036
2025-06-22 07:27:19,576 [INFO] Epoch 044 | Train Loss: 1.8008 | Val Loss: 1.6344 | Val Acc: 0.3750
2025-06-22 07:27:19,633 [INFO] Epoch 045 | Train Loss: 1.7253 | Val Loss: 1.6769 | Val Acc: 0.3036
2025-06-22 07:27:19,694 [INFO] Epoch 046 | Train Loss: 1.4823 | Val Loss: 1.7651 | Val Acc: 0.3571
2025-06-22 07:27:19,748 [INFO] Epoch 047 | Train Loss: 1.4391 | Val Loss: 1.6021 | Val Acc: 0.3571
2025-06-22 07:27:19,798 [INFO] Epoch 048 | Train Loss: 1.8454 | Val Loss: 1.6314 | Val Acc: 0.3214
2025-06-22 07:27:19,866 [INFO] Epoch 049 | Train Loss: 1.3089 | Val Loss: 1.6355 | Val Acc: 0.3214
2025-06-22 07:27:19,965 [INFO] Epoch 050 | Train Loss: 1.5260 | Val Loss: 1.8542 | Val Acc: 0.2857
2025-06-22 07:27:20,881 [INFO] Epoch 051 | Train Loss: 1.2868 | Val Loss: 2.1949 | Val Acc: 0.2857
2025-06-22 07:27:20,952 [INFO] Epoch 052 | Train Loss: 1.7639 | Val Loss: 2.1261 | Val Acc: 0.3750
2025-06-22 07:27:21,032 [INFO] Epoch 053 | Train Loss: 1.7536 | Val Loss: 1.6078 | Val Acc: 0.4464
2025-06-22 07:27:21,100 [INFO] Epoch 054 | Train Loss: 0.9455 | Val Loss: 1.7552 | Val Acc: 0.4107
2025-06-22 07:27:21,179 [INFO] Epoch 055 | Train Loss: 1.2963 | Val Loss: 1.8286 | Val Acc: 0.4107
2025-06-22 07:27:21,229 [INFO] Epoch 056 | Train Loss: 1.4118 | Val Loss: 1.7157 | Val Acc: 0.4464
2025-06-22 07:27:21,295 [INFO] Epoch 057 | Train Loss: 1.7052 | Val Loss: 1.6789 | Val Acc: 0.3929
2025-06-22 07:27:21,379 [INFO] Epoch 058 | Train Loss: 1.2083 | Val Loss: 1.6903 | Val Acc: 0.3036
2025-06-22 07:27:21,457 [INFO] Epoch 059 | Train Loss: 1.0781 | Val Loss: 1.5630 | Val Acc: 0.3750
2025-06-22 07:27:21,493 [INFO] Epoch 060 | Train Loss: 1.3086 | Val Loss: 1.5569 | Val Acc: 0.4464
2025-06-22 07:27:22,213 [INFO] Epoch 061 | Train Loss: 1.1108 | Val Loss: 1.5773 | Val Acc: 0.4286
2025-06-22 07:27:22,280 [INFO] Epoch 062 | Train Loss: 1.2562 | Val Loss: 1.7715 | Val Acc: 0.3393
2025-06-22 07:27:22,316 [INFO] Epoch 063 | Train Loss: 1.3209 | Val Loss: 2.0200 | Val Acc: 0.3214
2025-06-22 07:27:22,349 [INFO] Epoch 064 | Train Loss: 1.3248 | Val Loss: 1.9350 | Val Acc: 0.3393
2025-06-22 07:27:22,384 [INFO] Epoch 065 | Train Loss: 1.8235 | Val Loss: 2.2148 | Val Acc: 0.3214
2025-06-22 07:27:22,420 [INFO] Epoch 066 | Train Loss: 1.9216 | Val Loss: 1.8837 | Val Acc: 0.4464
2025-06-22 07:27:22,455 [INFO] Epoch 067 | Train Loss: 1.3889 | Val Loss: 2.1792 | Val Acc: 0.4107
2025-06-22 07:27:22,491 [INFO] Epoch 068 | Train Loss: 1.5239 | Val Loss: 1.5484 | Val Acc: 0.3393
2025-06-22 07:27:22,529 [INFO] Epoch 069 | Train Loss: 1.2197 | Val Loss: 1.7222 | Val Acc: 0.2500
2025-06-22 07:27:22,567 [INFO] Epoch 070 | Train Loss: 1.0119 | Val Loss: 1.7164 | Val Acc: 0.3036
2025-06-22 07:27:23,303 [INFO] Epoch 071 | Train Loss: 1.2229 | Val Loss: 1.7881 | Val Acc: 0.4107
2025-06-22 07:27:23,394 [INFO] Epoch 072 | Train Loss: 1.6627 | Val Loss: 1.5840 | Val Acc: 0.4107
2025-06-22 07:27:23,431 [INFO] Epoch 073 | Train Loss: 1.4130 | Val Loss: 1.4790 | Val Acc: 0.3929
2025-06-22 07:27:23,484 [INFO] Epoch 074 | Train Loss: 1.5622 | Val Loss: 1.6517 | Val Acc: 0.3929
2025-06-22 07:27:23,547 [INFO] Epoch 075 | Train Loss: 1.1752 | Val Loss: 1.5491 | Val Acc: 0.3571
2025-06-22 07:27:23,611 [INFO] Epoch 076 | Train Loss: 1.3728 | Val Loss: 2.0792 | Val Acc: 0.3929
2025-06-22 07:27:23,665 [INFO] Epoch 077 | Train Loss: 1.6556 | Val Loss: 2.1173 | Val Acc: 0.3929
2025-06-22 07:27:23,712 [INFO] Epoch 078 | Train Loss: 1.1072 | Val Loss: 1.6773 | Val Acc: 0.4821
2025-06-22 07:27:23,717 [INFO] New best model at epoch 78 (Val Acc: 0.4821)
2025-06-22 07:27:23,762 [INFO] Epoch 079 | Train Loss: 1.0034 | Val Loss: 1.6335 | Val Acc: 0.4643
2025-06-22 07:27:23,805 [INFO] Epoch 080 | Train Loss: 1.1229 | Val Loss: 1.7401 | Val Acc: 0.4464
2025-06-22 07:27:24,565 [INFO] Epoch 081 | Train Loss: 0.9443 | Val Loss: 1.6698 | Val Acc: 0.4286
2025-06-22 07:27:24,639 [INFO] Epoch 082 | Train Loss: 1.1762 | Val Loss: 1.8621 | Val Acc: 0.4464
2025-06-22 07:27:24,680 [INFO] Epoch 083 | Train Loss: 1.1150 | Val Loss: 2.0693 | Val Acc: 0.4286
2025-06-22 07:27:24,716 [INFO] Epoch 084 | Train Loss: 1.1182 | Val Loss: 1.9183 | Val Acc: 0.4821
2025-06-22 07:27:24,758 [INFO] Epoch 085 | Train Loss: 0.8615 | Val Loss: 2.0430 | Val Acc: 0.3929
2025-06-22 07:27:24,800 [INFO] Epoch 086 | Train Loss: 0.8083 | Val Loss: 1.9442 | Val Acc: 0.4107
2025-06-22 07:27:24,836 [INFO] Epoch 087 | Train Loss: 0.8702 | Val Loss: 1.4940 | Val Acc: 0.5357
2025-06-22 07:27:24,842 [INFO] New best model at epoch 87 (Val Acc: 0.5357)
2025-06-22 07:27:24,874 [INFO] Epoch 088 | Train Loss: 0.7483 | Val Loss: 1.6241 | Val Acc: 0.4464
2025-06-22 07:27:24,916 [INFO] Epoch 089 | Train Loss: 1.0965 | Val Loss: 1.9152 | Val Acc: 0.4821
2025-06-22 07:27:24,966 [INFO] Epoch 090 | Train Loss: 0.8573 | Val Loss: 2.5756 | Val Acc: 0.4107
2025-06-22 07:27:25,756 [INFO] Epoch 091 | Train Loss: 1.1712 | Val Loss: 1.9887 | Val Acc: 0.4286
2025-06-22 07:27:25,790 [INFO] Epoch 092 | Train Loss: 0.7700 | Val Loss: 1.8425 | Val Acc: 0.5000
2025-06-22 07:27:25,833 [INFO] Epoch 093 | Train Loss: 0.9758 | Val Loss: 1.7810 | Val Acc: 0.4821
2025-06-22 07:27:25,868 [INFO] Epoch 094 | Train Loss: 0.6789 | Val Loss: 1.8524 | Val Acc: 0.4464
2025-06-22 07:27:25,903 [INFO] Epoch 095 | Train Loss: 1.2345 | Val Loss: 1.7461 | Val Acc: 0.4643
2025-06-22 07:27:25,938 [INFO] Epoch 096 | Train Loss: 1.1851 | Val Loss: 1.9007 | Val Acc: 0.3929
2025-06-22 07:27:26,024 [INFO] Epoch 097 | Train Loss: 0.8636 | Val Loss: 1.8889 | Val Acc: 0.5000
2025-06-22 07:27:26,071 [INFO] Epoch 098 | Train Loss: 1.0187 | Val Loss: 1.7753 | Val Acc: 0.5000
2025-06-22 07:27:26,111 [INFO] Epoch 099 | Train Loss: 0.7833 | Val Loss: 1.8287 | Val Acc: 0.4286
2025-06-22 07:27:26,147 [INFO] Epoch 100 | Train Loss: 1.2418 | Val Loss: 1.8652 | Val Acc: 0.5000
2025-06-22 07:27:26,895 [INFO] Epoch 101 | Train Loss: 0.8061 | Val Loss: 1.7598 | Val Acc: 0.5179
2025-06-22 07:27:26,950 [INFO] Epoch 102 | Train Loss: 0.7041 | Val Loss: 1.8947 | Val Acc: 0.4464
2025-06-22 07:27:26,986 [INFO] Epoch 103 | Train Loss: 0.8326 | Val Loss: 2.3179 | Val Acc: 0.4821
2025-06-22 07:27:27,020 [INFO] Epoch 104 | Train Loss: 1.0999 | Val Loss: 2.6709 | Val Acc: 0.5000
2025-06-22 07:27:27,111 [INFO] Epoch 105 | Train Loss: 0.8185 | Val Loss: 2.6690 | Val Acc: 0.5179
2025-06-22 07:27:27,176 [INFO] Epoch 106 | Train Loss: 0.8195 | Val Loss: 2.3878 | Val Acc: 0.4821
2025-06-22 07:27:27,243 [INFO] Epoch 107 | Train Loss: 1.0086 | Val Loss: 2.2121 | Val Acc: 0.4286
2025-06-22 07:27:27,316 [INFO] Epoch 108 | Train Loss: 0.6940 | Val Loss: 1.9575 | Val Acc: 0.4107
2025-06-22 07:27:27,370 [INFO] Epoch 109 | Train Loss: 0.7365 | Val Loss: 1.8182 | Val Acc: 0.4107
2025-06-22 07:27:27,414 [INFO] Epoch 110 | Train Loss: 0.7531 | Val Loss: 1.8258 | Val Acc: 0.5000
2025-06-22 07:27:28,196 [INFO] Epoch 111 | Train Loss: 1.1454 | Val Loss: 2.1577 | Val Acc: 0.5000
2025-06-22 07:27:28,232 [INFO] Epoch 112 | Train Loss: 0.8454 | Val Loss: 1.9337 | Val Acc: 0.5357
2025-06-22 07:27:28,266 [INFO] Epoch 113 | Train Loss: 1.1388 | Val Loss: 2.1153 | Val Acc: 0.4464
2025-06-22 07:27:28,301 [INFO] Epoch 114 | Train Loss: 0.7909 | Val Loss: 2.4687 | Val Acc: 0.3750
2025-06-22 07:27:28,339 [INFO] Epoch 115 | Train Loss: 0.7154 | Val Loss: 2.9830 | Val Acc: 0.5000
2025-06-22 07:27:28,373 [INFO] Epoch 116 | Train Loss: 0.9673 | Val Loss: 2.5576 | Val Acc: 0.5179
2025-06-22 07:27:28,411 [INFO] Epoch 117 | Train Loss: 0.5636 | Val Loss: 2.3748 | Val Acc: 0.5000
2025-06-22 07:27:28,445 [INFO] Epoch 118 | Train Loss: 0.7641 | Val Loss: 2.1784 | Val Acc: 0.3750
2025-06-22 07:27:28,480 [INFO] Epoch 119 | Train Loss: 1.5089 | Val Loss: 2.1576 | Val Acc: 0.4107
2025-06-22 07:27:28,519 [INFO] Epoch 120 | Train Loss: 0.8541 | Val Loss: 2.3751 | Val Acc: 0.4286
2025-06-22 07:27:31,061 [INFO] Epoch 121 | Train Loss: 0.9468 | Val Loss: 2.2348 | Val Acc: 0.4464
2025-06-22 07:27:31,110 [INFO] Epoch 122 | Train Loss: 0.6946 | Val Loss: 2.4544 | Val Acc: 0.3750
2025-06-22 07:27:31,186 [INFO] Epoch 123 | Train Loss: 0.6799 | Val Loss: 2.2507 | Val Acc: 0.3214
2025-06-22 07:27:31,224 [INFO] Epoch 124 | Train Loss: 0.7264 | Val Loss: 2.4025 | Val Acc: 0.4286
2025-06-22 07:27:31,327 [INFO] Epoch 125 | Train Loss: 0.6440 | Val Loss: 2.4713 | Val Acc: 0.4464
2025-06-22 07:27:31,384 [INFO] Epoch 126 | Train Loss: 0.6781 | Val Loss: 3.0723 | Val Acc: 0.3929
2025-06-22 07:27:31,425 [INFO] Epoch 127 | Train Loss: 0.8564 | Val Loss: 3.1345 | Val Acc: 0.4286
2025-06-22 07:27:31,487 [INFO] Epoch 128 | Train Loss: 0.5841 | Val Loss: 2.7273 | Val Acc: 0.3929
2025-06-22 07:27:31,560 [INFO] Epoch 129 | Train Loss: 0.6113 | Val Loss: 2.6891 | Val Acc: 0.3571
2025-06-22 07:27:31,640 [INFO] Epoch 130 | Train Loss: 0.5378 | Val Loss: 2.3972 | Val Acc: 0.4464
2025-06-22 07:27:33,964 [INFO] Epoch 131 | Train Loss: 0.5077 | Val Loss: 2.3443 | Val Acc: 0.5179
2025-06-22 07:27:34,002 [INFO] Epoch 132 | Train Loss: 0.5457 | Val Loss: 2.8454 | Val Acc: 0.5179
2025-06-22 07:27:34,050 [INFO] Epoch 133 | Train Loss: 0.5801 | Val Loss: 3.1106 | Val Acc: 0.4107
2025-06-22 07:27:34,093 [INFO] Epoch 134 | Train Loss: 0.7360 | Val Loss: 2.7833 | Val Acc: 0.3929
2025-06-22 07:27:34,131 [INFO] Epoch 135 | Train Loss: 0.6116 | Val Loss: 2.7246 | Val Acc: 0.4107
2025-06-22 07:27:34,166 [INFO] Epoch 136 | Train Loss: 0.6613 | Val Loss: 2.6095 | Val Acc: 0.4286
2025-06-22 07:27:34,203 [INFO] Epoch 137 | Train Loss: 0.7999 | Val Loss: 2.9913 | Val Acc: 0.4107
2025-06-22 07:27:34,239 [INFO] Epoch 138 | Train Loss: 0.5829 | Val Loss: 3.0299 | Val Acc: 0.4464
2025-06-22 07:27:34,273 [INFO] Epoch 139 | Train Loss: 0.5613 | Val Loss: 3.4300 | Val Acc: 0.3571
2025-06-22 07:27:34,311 [INFO] Epoch 140 | Train Loss: 0.7349 | Val Loss: 3.1534 | Val Acc: 0.4286
2025-06-22 07:27:35,412 [INFO] Epoch 141 | Train Loss: 0.5197 | Val Loss: 3.1212 | Val Acc: 0.4107
2025-06-22 07:27:35,481 [INFO] Epoch 142 | Train Loss: 0.6953 | Val Loss: 3.5454 | Val Acc: 0.4107
2025-06-22 07:27:35,517 [INFO] Epoch 143 | Train Loss: 0.8466 | Val Loss: 3.7597 | Val Acc: 0.4107
2025-06-22 07:27:35,636 [INFO] Epoch 144 | Train Loss: 0.5930 | Val Loss: 3.3989 | Val Acc: 0.4464
2025-06-22 07:27:35,681 [INFO] Epoch 145 | Train Loss: 1.1109 | Val Loss: 3.2563 | Val Acc: 0.4286
2025-06-22 07:27:35,721 [INFO] Epoch 146 | Train Loss: 0.7290 | Val Loss: 3.6718 | Val Acc: 0.4643
2025-06-22 07:27:35,757 [INFO] Epoch 147 | Train Loss: 0.6713 | Val Loss: 4.3015 | Val Acc: 0.4464
2025-06-22 07:27:35,813 [INFO] Epoch 148 | Train Loss: 0.7083 | Val Loss: 3.6735 | Val Acc: 0.4821
2025-06-22 07:27:35,852 [INFO] Epoch 149 | Train Loss: 0.8699 | Val Loss: 3.4940 | Val Acc: 0.4464
2025-06-22 07:27:35,886 [INFO] Epoch 150 | Train Loss: 0.8052 | Val Loss: 3.3157 | Val Acc: 0.4286
2025-06-22 07:27:36,592 [INFO] Best model saved to <built-in function time>/ENZYMES/best/best_source_gin.pth (Val Acc: 0.5357 at epoch 87)
2025-06-22 07:27:36,593 [INFO] Training/validation metrics saved to <built-in function time>/ENZYMES/GIN_0.001/train_metrics.csv
2025-06-22 07:27:37,246 [INFO] Final training curves saved
2025-06-22 07:27:37,247 [INFO] Training completed!
2025-06-22 07:27:37,247 [INFO] Best validation accuracy: 0.5357
2025-06-22 07:27:37,247 [INFO] Best epoch: 87
2025-06-22 07:27:37,247 [INFO] Total epochs trained: 150
2025-06-22 07:27:37,248 [INFO] Starting training with parameters: (0.001, 0.4, 128, 4, 150, 0.001)
