2025-06-22 07:08:45,883 [INFO] Using device: cpu
2025-06-22 07:08:45,883 [INFO] 开始创建数据加载器...
2025-06-22 07:08:45,884 [INFO] Successfully loaded dataset ENZYMES from ./data, total graphs: 600
2025-06-22 07:08:45,885 [INFO] Class allocation analysis:
2025-06-22 07:08:45,885 [INFO]   Source classes: [0, 1, 2, 3]
2025-06-22 07:08:45,885 [INFO]   Target classes: [0, 1, 2, 3, 4, 5]
2025-06-22 07:08:45,885 [INFO]   Overlap classes (to be split): [0, 1, 2, 3]
2025-06-22 07:08:45,885 [INFO]   Target novel classes (unknown): [4, 5]
2025-06-22 07:08:45,984 [INFO]   Class 0: 100 total -> Source: 70, Target: 30
2025-06-22 07:08:45,985 [INFO]   Class 1: 100 total -> Source: 70, Target: 30
2025-06-22 07:08:45,985 [INFO]   Class 2: 100 total -> Source: 70, Target: 30
2025-06-22 07:08:45,985 [INFO]   Class 3: 100 total -> Source: 70, Target: 30
2025-06-22 07:08:45,985 [INFO]   Class 4 (novel/unknown): 100 samples -> Target
2025-06-22 07:08:45,985 [INFO]   Class 5 (novel/unknown): 100 samples -> Target
2025-06-22 07:08:45,985 [INFO] Final allocation:
2025-06-22 07:08:45,985 [INFO]   Source domain: 280 samples
2025-06-22 07:08:45,985 [INFO]   Target domain: 320 samples
2025-06-22 07:08:45,986 [INFO] Source domain setup:
2025-06-22 07:08:45,986 [INFO]   Original classes: [0, 1, 2, 3]
2025-06-22 07:08:45,986 [INFO]   Overlap classes used: [0, 1, 2, 3]
2025-06-22 07:08:45,986 [INFO]   Label mapping: {0: 0, 1: 1, 2: 2, 3: 3}
2025-06-22 07:08:45,987 [INFO]   Total data after allocation: 280
2025-06-22 07:08:45,987 [INFO]   Data split - Train: 224, Val: 56
2025-06-22 07:08:45,987 [INFO]   Train label distribution: {0: 56, 1: 56, 3: 56, 2: 56}
2025-06-22 07:08:45,987 [INFO]   Val label distribution: {1: 14, 2: 14, 0: 14, 3: 14}
2025-06-22 07:08:45,988 [INFO] Successfully loaded dataset ENZYMES from ./data, total graphs: 600
2025-06-22 07:08:45,988 [INFO] Class allocation analysis:
2025-06-22 07:08:45,988 [INFO]   Source classes: [0, 1, 2, 3]
2025-06-22 07:08:45,988 [INFO]   Target classes: [0, 1, 2, 3, 4, 5]
2025-06-22 07:08:45,988 [INFO]   Overlap classes (to be split): [0, 1, 2, 3]
2025-06-22 07:08:45,988 [INFO]   Target novel classes (unknown): [4, 5]
2025-06-22 07:08:46,001 [INFO]   Class 0: 100 total -> Source: 70, Target: 30
2025-06-22 07:08:46,001 [INFO]   Class 1: 100 total -> Source: 70, Target: 30
2025-06-22 07:08:46,001 [INFO]   Class 2: 100 total -> Source: 70, Target: 30
2025-06-22 07:08:46,001 [INFO]   Class 3: 100 total -> Source: 70, Target: 30
2025-06-22 07:08:46,001 [INFO]   Class 4 (novel/unknown): 100 samples -> Target
2025-06-22 07:08:46,001 [INFO]   Class 5 (novel/unknown): 100 samples -> Target
2025-06-22 07:08:46,002 [INFO] Final allocation:
2025-06-22 07:08:46,002 [INFO]   Source domain: 280 samples
2025-06-22 07:08:46,002 [INFO]   Target domain: 320 samples
2025-06-22 07:08:46,003 [INFO] Target domain setup:
2025-06-22 07:08:46,003 [INFO]   Original classes: [0, 1, 2, 3, 4, 5]
2025-06-22 07:08:46,003 [INFO]   Overlap classes: [0, 1, 2, 3]
2025-06-22 07:08:46,003 [INFO]   Novel classes: [4, 5] -> mapped to unknown label 4
2025-06-22 07:08:46,003 [INFO]   Label mapping: {0: 0, 1: 1, 2: 2, 3: 3, 4: 4, 5: 4}
2025-06-22 07:08:46,003 [INFO]   Total data after allocation: 320
2025-06-22 07:08:46,003 [INFO]   Data split - Train: 256, Val: 64
2025-06-22 07:08:46,003 [INFO]   Total count: 320 (known: 120, unknown: 200)
2025-06-22 07:08:46,003 [INFO]   Total label distribution: {4: 200, 3: 30, 0: 30, 1: 30, 2: 30}
2025-06-22 07:08:46,003 [INFO]   Train label distribution: {4: 160, 0: 24, 2: 24, 3: 24, 1: 24}
2025-06-22 07:08:46,003 [INFO]   Val label distribution: {1: 6, 4: 40, 3: 6, 0: 6, 2: 6}
2025-06-22 07:08:46,003 [INFO] 数据加载器创建完成!
2025-06-22 07:08:46,003 [INFO] 源域类别数: 4 (重叠类别)
2025-06-22 07:08:46,003 [INFO] 目标域类别数: 5 (4个重叠类别 + 1个未知类别)
2025-06-22 07:08:46,003 [INFO] 重叠类别: [0, 1, 2, 3]
2025-06-22 07:08:46,004 [INFO] 目标域新类别: [4, 5]
2025-06-22 07:08:46,004 [INFO] Data allocation verification:
2025-06-22 07:08:46,004 [INFO]   Source data samples: 280
2025-06-22 07:08:46,004 [INFO]   Target data samples: 320
2025-06-22 07:08:46,004 [INFO]   Overlapping samples: 0
2025-06-22 07:08:46,004 [INFO]   ✓ Data allocation is correct - no overlapping samples
2025-06-22 07:08:46,005 [INFO] Model initialized with 18052 parameters
2025-06-22 07:08:46,005 [INFO] Previous best validation accuracy read from record.txt: 0.6250
2025-06-22 07:08:46,005 [INFO] Starting training...
2025-06-22 07:08:46,015 [INFO] Epoch 001 | Train Loss: 11.4245 | Val Loss: 4.2579 | Val Acc: 0.3393
2025-06-22 07:08:46,688 [INFO] New best model at epoch 1 (Val Acc: 0.3393)
2025-06-22 07:08:46,705 [INFO] Epoch 002 | Train Loss: 6.9391 | Val Loss: 2.6241 | Val Acc: 0.3393
2025-06-22 07:08:46,726 [INFO] Epoch 003 | Train Loss: 7.4650 | Val Loss: 2.4015 | Val Acc: 0.2679
2025-06-22 07:08:46,743 [INFO] Epoch 004 | Train Loss: 6.6975 | Val Loss: 2.2153 | Val Acc: 0.4464
2025-06-22 07:08:46,745 [INFO] New best model at epoch 4 (Val Acc: 0.4464)
2025-06-22 07:08:46,758 [INFO] Epoch 005 | Train Loss: 5.8663 | Val Loss: 2.3616 | Val Acc: 0.3571
2025-06-22 07:08:46,773 [INFO] Epoch 006 | Train Loss: 5.3188 | Val Loss: 2.7189 | Val Acc: 0.2679
2025-06-22 07:08:46,790 [INFO] Epoch 007 | Train Loss: 5.9467 | Val Loss: 3.3764 | Val Acc: 0.3571
2025-06-22 07:08:46,802 [INFO] Epoch 008 | Train Loss: 5.6343 | Val Loss: 2.9557 | Val Acc: 0.4464
2025-06-22 07:08:46,812 [INFO] Epoch 009 | Train Loss: 5.1546 | Val Loss: 2.2933 | Val Acc: 0.3214
2025-06-22 07:08:46,823 [INFO] Epoch 010 | Train Loss: 5.1002 | Val Loss: 2.4550 | Val Acc: 0.3036
2025-06-22 07:08:47,534 [INFO] Epoch 011 | Train Loss: 5.1716 | Val Loss: 2.3068 | Val Acc: 0.3929
2025-06-22 07:08:47,547 [INFO] Epoch 012 | Train Loss: 4.8245 | Val Loss: 2.4046 | Val Acc: 0.3571
2025-06-22 07:08:47,561 [INFO] Epoch 013 | Train Loss: 5.3000 | Val Loss: 2.8418 | Val Acc: 0.3571
2025-06-22 07:08:47,572 [INFO] Epoch 014 | Train Loss: 5.3297 | Val Loss: 3.5314 | Val Acc: 0.3036
2025-06-22 07:08:47,583 [INFO] Epoch 015 | Train Loss: 4.1460 | Val Loss: 2.1649 | Val Acc: 0.3571
2025-06-22 07:08:47,593 [INFO] Epoch 016 | Train Loss: 4.5221 | Val Loss: 1.9714 | Val Acc: 0.4107
2025-06-22 07:08:47,613 [INFO] Epoch 017 | Train Loss: 4.2633 | Val Loss: 2.1126 | Val Acc: 0.3929
2025-06-22 07:08:47,625 [INFO] Epoch 018 | Train Loss: 3.4861 | Val Loss: 2.3943 | Val Acc: 0.3929
2025-06-22 07:08:47,635 [INFO] Epoch 019 | Train Loss: 3.3443 | Val Loss: 2.1000 | Val Acc: 0.3929
2025-06-22 07:08:47,646 [INFO] Epoch 020 | Train Loss: 3.4392 | Val Loss: 2.1997 | Val Acc: 0.3929
2025-06-22 07:08:48,314 [INFO] Epoch 021 | Train Loss: 3.7195 | Val Loss: 2.3221 | Val Acc: 0.3929
2025-06-22 07:08:48,325 [INFO] Epoch 022 | Train Loss: 3.3438 | Val Loss: 2.6374 | Val Acc: 0.3929
2025-06-22 07:08:48,336 [INFO] Epoch 023 | Train Loss: 3.3879 | Val Loss: 2.2818 | Val Acc: 0.3214
2025-06-22 07:08:48,349 [INFO] Epoch 024 | Train Loss: 3.6849 | Val Loss: 2.1483 | Val Acc: 0.3393
2025-06-22 07:08:48,364 [INFO] Epoch 025 | Train Loss: 3.1968 | Val Loss: 1.9870 | Val Acc: 0.3929
2025-06-22 07:08:48,378 [INFO] Epoch 026 | Train Loss: 3.3430 | Val Loss: 1.8860 | Val Acc: 0.3929
2025-06-22 07:08:48,392 [INFO] Epoch 027 | Train Loss: 2.8919 | Val Loss: 2.0340 | Val Acc: 0.3571
2025-06-22 07:08:48,407 [INFO] Epoch 028 | Train Loss: 2.8941 | Val Loss: 2.0505 | Val Acc: 0.3571
2025-06-22 07:08:48,417 [INFO] Epoch 029 | Train Loss: 3.0711 | Val Loss: 2.0148 | Val Acc: 0.3929
2025-06-22 07:08:48,427 [INFO] Epoch 030 | Train Loss: 2.5974 | Val Loss: 1.7373 | Val Acc: 0.3929
2025-06-22 07:08:49,476 [INFO] Epoch 031 | Train Loss: 2.6717 | Val Loss: 1.6388 | Val Acc: 0.4464
2025-06-22 07:08:49,494 [INFO] Epoch 032 | Train Loss: 2.6948 | Val Loss: 1.6040 | Val Acc: 0.3750
2025-06-22 07:08:49,510 [INFO] Epoch 033 | Train Loss: 2.7544 | Val Loss: 2.0548 | Val Acc: 0.2143
2025-06-22 07:08:49,524 [INFO] Epoch 034 | Train Loss: 2.4878 | Val Loss: 1.9034 | Val Acc: 0.3214
2025-06-22 07:08:49,539 [INFO] Epoch 035 | Train Loss: 2.1004 | Val Loss: 1.9625 | Val Acc: 0.3393
2025-06-22 07:08:49,557 [INFO] Epoch 036 | Train Loss: 2.3574 | Val Loss: 1.7071 | Val Acc: 0.3750
2025-06-22 07:08:49,570 [INFO] Epoch 037 | Train Loss: 2.3525 | Val Loss: 1.6108 | Val Acc: 0.3929
2025-06-22 07:08:49,582 [INFO] Epoch 038 | Train Loss: 2.2990 | Val Loss: 1.8212 | Val Acc: 0.3036
2025-06-22 07:08:49,593 [INFO] Epoch 039 | Train Loss: 2.2991 | Val Loss: 1.6639 | Val Acc: 0.3214
2025-06-22 07:08:49,604 [INFO] Epoch 040 | Train Loss: 2.0761 | Val Loss: 1.6596 | Val Acc: 0.3214
2025-06-22 07:08:50,307 [INFO] Epoch 041 | Train Loss: 1.9094 | Val Loss: 1.7627 | Val Acc: 0.3214
2025-06-22 07:08:50,322 [INFO] Epoch 042 | Train Loss: 2.0698 | Val Loss: 1.8217 | Val Acc: 0.2857
2025-06-22 07:08:50,337 [INFO] Epoch 043 | Train Loss: 1.8695 | Val Loss: 1.5782 | Val Acc: 0.3750
2025-06-22 07:08:50,354 [INFO] Epoch 044 | Train Loss: 1.8324 | Val Loss: 1.5458 | Val Acc: 0.4107
2025-06-22 07:08:50,370 [INFO] Epoch 045 | Train Loss: 1.7033 | Val Loss: 1.4250 | Val Acc: 0.4286
2025-06-22 07:08:50,393 [INFO] Epoch 046 | Train Loss: 1.8865 | Val Loss: 1.4742 | Val Acc: 0.3929
2025-06-22 07:08:50,408 [INFO] Epoch 047 | Train Loss: 1.8479 | Val Loss: 1.4247 | Val Acc: 0.4107
2025-06-22 07:08:50,419 [INFO] Epoch 048 | Train Loss: 1.6680 | Val Loss: 1.4449 | Val Acc: 0.3571
2025-06-22 07:08:50,430 [INFO] Epoch 049 | Train Loss: 1.5473 | Val Loss: 1.4355 | Val Acc: 0.4107
2025-06-22 07:08:50,441 [INFO] Epoch 050 | Train Loss: 1.5510 | Val Loss: 1.5517 | Val Acc: 0.3214
2025-06-22 07:08:51,123 [INFO] Best model saved to <built-in function time>/ENZYMES/best/best_source_gin.pth (Val Acc: 0.4464 at epoch 4)
2025-06-22 07:08:51,123 [INFO] Training/validation metrics saved to <built-in function time>/ENZYMES/GIN_0.001/train_metrics.csv
2025-06-22 07:08:51,757 [INFO] Final training curves saved
2025-06-22 07:08:51,757 [INFO] Training completed!
2025-06-22 07:08:51,757 [INFO] Best validation accuracy: 0.4464
2025-06-22 07:08:51,757 [INFO] Best epoch: 4
2025-06-22 07:08:51,757 [INFO] Total epochs trained: 50
2025-06-22 07:08:51,757 [INFO] Starting training with parameters: (0.001, 0.4, 128, 1, 100, 0.0)
