2025-06-22 09:37:15,458 [INFO] Using device: cpu
2025-06-22 09:37:15,458 [INFO] 开始创建数据加载器...
2025-06-22 09:37:15,461 [INFO] Successfully loaded dataset ENZYMES from ./data, total graphs: 600
2025-06-22 09:37:15,461 [INFO] Class allocation analysis:
2025-06-22 09:37:15,461 [INFO]   Source classes: [0, 1, 2, 3]
2025-06-22 09:37:15,462 [INFO]   Target classes: [0, 1, 2, 3, 4, 5]
2025-06-22 09:37:15,462 [INFO]   Overlap classes (to be split): [0, 1, 2, 3]
2025-06-22 09:37:15,462 [INFO]   Target novel classes (unknown): [4, 5]
2025-06-22 09:37:15,475 [INFO]   Class 0: 100 total -> Source: 70, Target: 30
2025-06-22 09:37:15,475 [INFO]   Class 1: 100 total -> Source: 70, Target: 30
2025-06-22 09:37:15,475 [INFO]   Class 2: 100 total -> Source: 70, Target: 30
2025-06-22 09:37:15,475 [INFO]   Class 3: 100 total -> Source: 70, Target: 30
2025-06-22 09:37:15,476 [INFO]   Class 4 (novel/unknown): 100 samples -> Target
2025-06-22 09:37:15,476 [INFO]   Class 5 (novel/unknown): 100 samples -> Target
2025-06-22 09:37:15,476 [INFO] Final allocation:
2025-06-22 09:37:15,476 [INFO]   Source domain: 280 samples
2025-06-22 09:37:15,476 [INFO]   Target domain: 320 samples
2025-06-22 09:37:15,477 [INFO] Source domain setup:
2025-06-22 09:37:15,477 [INFO]   Original classes: [0, 1, 2, 3]
2025-06-22 09:37:15,477 [INFO]   Overlap classes used: [0, 1, 2, 3]
2025-06-22 09:37:15,477 [INFO]   Label mapping: {0: 0, 1: 1, 2: 2, 3: 3}
2025-06-22 09:37:15,477 [INFO]   Total data after allocation: 280
2025-06-22 09:37:15,477 [INFO]   Data split - Train: 224, Val: 56
2025-06-22 09:37:15,477 [INFO]   Train label distribution: {0: 56, 1: 56, 3: 56, 2: 56}
2025-06-22 09:37:15,477 [INFO]   Val label distribution: {1: 14, 2: 14, 0: 14, 3: 14}
2025-06-22 09:37:15,478 [INFO] Successfully loaded dataset ENZYMES from ./data, total graphs: 600
2025-06-22 09:37:15,478 [INFO] Class allocation analysis:
2025-06-22 09:37:15,478 [INFO]   Source classes: [0, 1, 2, 3]
2025-06-22 09:37:15,478 [INFO]   Target classes: [0, 1, 2, 3, 4, 5]
2025-06-22 09:37:15,478 [INFO]   Overlap classes (to be split): [0, 1, 2, 3]
2025-06-22 09:37:15,478 [INFO]   Target novel classes (unknown): [4, 5]
2025-06-22 09:37:15,491 [INFO]   Class 0: 100 total -> Source: 70, Target: 30
2025-06-22 09:37:15,491 [INFO]   Class 1: 100 total -> Source: 70, Target: 30
2025-06-22 09:37:15,491 [INFO]   Class 2: 100 total -> Source: 70, Target: 30
2025-06-22 09:37:15,491 [INFO]   Class 3: 100 total -> Source: 70, Target: 30
2025-06-22 09:37:15,491 [INFO]   Class 4 (novel/unknown): 100 samples -> Target
2025-06-22 09:37:15,492 [INFO]   Class 5 (novel/unknown): 100 samples -> Target
2025-06-22 09:37:15,492 [INFO] Final allocation:
2025-06-22 09:37:15,492 [INFO]   Source domain: 280 samples
2025-06-22 09:37:15,492 [INFO]   Target domain: 320 samples
2025-06-22 09:37:15,493 [INFO] Target domain setup:
2025-06-22 09:37:15,493 [INFO]   Original classes: [0, 1, 2, 3, 4, 5]
2025-06-22 09:37:15,493 [INFO]   Overlap classes: [0, 1, 2, 3]
2025-06-22 09:37:15,493 [INFO]   Novel classes: [4, 5] -> mapped to unknown label 4
2025-06-22 09:37:15,493 [INFO]   Label mapping: {0: 0, 1: 1, 2: 2, 3: 3, 4: 4, 5: 4}
2025-06-22 09:37:15,493 [INFO]   Total data after allocation: 320
2025-06-22 09:37:15,493 [INFO]   Data split - Train: 256, Val: 64
2025-06-22 09:37:15,493 [INFO]   Total count: 320 (known: 120, unknown: 200)
2025-06-22 09:37:15,493 [INFO]   Total label distribution: {4: 200, 3: 30, 0: 30, 1: 30, 2: 30}
2025-06-22 09:37:15,493 [INFO]   Train label distribution: {4: 160, 0: 24, 2: 24, 3: 24, 1: 24}
2025-06-22 09:37:15,493 [INFO]   Val label distribution: {1: 6, 4: 40, 3: 6, 0: 6, 2: 6}
2025-06-22 09:37:15,494 [INFO] 数据加载器创建完成!
2025-06-22 09:37:15,494 [INFO] 源域类别数: 4 (重叠类别)
2025-06-22 09:37:15,494 [INFO] 目标域类别数: 5 (4个重叠类别 + 1个未知类别)
2025-06-22 09:37:15,494 [INFO] 重叠类别: [0, 1, 2, 3]
2025-06-22 09:37:15,494 [INFO] 目标域新类别: [4, 5]
2025-06-22 09:37:15,494 [INFO] Data allocation verification:
2025-06-22 09:37:15,494 [INFO]   Source data samples: 280
2025-06-22 09:37:15,494 [INFO]   Target data samples: 320
2025-06-22 09:37:15,494 [INFO]   Overlapping samples: 0
2025-06-22 09:37:15,494 [INFO]   ✓ Data allocation is correct - no overlapping samples
2025-06-22 09:37:15,496 [INFO] Model initialized with 22084 parameters
2025-06-22 09:37:15,496 [INFO] Previous best validation accuracy read from record.txt: 0.6250
2025-06-22 09:37:15,496 [INFO] Starting training...
2025-06-22 09:37:15,517 [INFO] Epoch 001 | Train Loss: 12.9898 | Val Loss: 1.6957 | Val Acc: 0.2321
2025-06-22 09:37:16,253 [INFO] New best model at epoch 1 (Val Acc: 0.2321)
2025-06-22 09:37:16,283 [INFO] Epoch 002 | Train Loss: 10.3806 | Val Loss: 1.6345 | Val Acc: 0.3750
2025-06-22 09:37:16,286 [INFO] New best model at epoch 2 (Val Acc: 0.3750)
2025-06-22 09:37:16,320 [INFO] Epoch 003 | Train Loss: 8.0053 | Val Loss: 2.0270 | Val Acc: 0.3036
2025-06-22 09:37:16,349 [INFO] Epoch 004 | Train Loss: 5.5994 | Val Loss: 2.4802 | Val Acc: 0.3929
2025-06-22 09:37:16,354 [INFO] New best model at epoch 4 (Val Acc: 0.3929)
2025-06-22 09:37:16,410 [INFO] Epoch 005 | Train Loss: 5.0279 | Val Loss: 2.7886 | Val Acc: 0.3750
2025-06-22 09:37:16,451 [INFO] Epoch 006 | Train Loss: 5.4482 | Val Loss: 1.9667 | Val Acc: 0.3036
2025-06-22 09:37:16,479 [INFO] Epoch 007 | Train Loss: 5.3633 | Val Loss: 1.7143 | Val Acc: 0.3571
2025-06-22 09:37:16,510 [INFO] Epoch 008 | Train Loss: 5.4909 | Val Loss: 2.5659 | Val Acc: 0.3393
2025-06-22 09:37:16,533 [INFO] Epoch 009 | Train Loss: 4.9784 | Val Loss: 2.9969 | Val Acc: 0.2857
2025-06-22 09:37:16,554 [INFO] Epoch 010 | Train Loss: 4.2576 | Val Loss: 2.3125 | Val Acc: 0.3214
2025-06-22 09:37:17,359 [INFO] Epoch 011 | Train Loss: 5.6252 | Val Loss: 2.2973 | Val Acc: 0.3750
2025-06-22 09:37:17,388 [INFO] Epoch 012 | Train Loss: 3.2563 | Val Loss: 2.3868 | Val Acc: 0.3393
2025-06-22 09:37:17,424 [INFO] Epoch 013 | Train Loss: 4.1041 | Val Loss: 2.7418 | Val Acc: 0.2321
2025-06-22 09:37:17,457 [INFO] Epoch 014 | Train Loss: 4.3233 | Val Loss: 2.1131 | Val Acc: 0.3393
2025-06-22 09:37:17,480 [INFO] Epoch 015 | Train Loss: 4.0414 | Val Loss: 2.2997 | Val Acc: 0.4464
2025-06-22 09:37:17,484 [INFO] New best model at epoch 15 (Val Acc: 0.4464)
2025-06-22 09:37:17,504 [INFO] Epoch 016 | Train Loss: 3.5316 | Val Loss: 2.6473 | Val Acc: 0.3929
2025-06-22 09:37:17,525 [INFO] Epoch 017 | Train Loss: 3.8933 | Val Loss: 2.1678 | Val Acc: 0.4464
2025-06-22 09:37:17,546 [INFO] Epoch 018 | Train Loss: 4.3461 | Val Loss: 1.9848 | Val Acc: 0.4643
2025-06-22 09:37:17,549 [INFO] New best model at epoch 18 (Val Acc: 0.4643)
2025-06-22 09:37:17,568 [INFO] Epoch 019 | Train Loss: 3.4006 | Val Loss: 1.9765 | Val Acc: 0.3750
2025-06-22 09:37:17,590 [INFO] Epoch 020 | Train Loss: 2.3956 | Val Loss: 2.6921 | Val Acc: 0.3393
2025-06-22 09:37:18,891 [INFO] Epoch 021 | Train Loss: 3.7964 | Val Loss: 2.2598 | Val Acc: 0.3214
2025-06-22 09:37:18,917 [INFO] Epoch 022 | Train Loss: 2.6838 | Val Loss: 1.8151 | Val Acc: 0.4107
2025-06-22 09:37:18,951 [INFO] Epoch 023 | Train Loss: 2.6045 | Val Loss: 1.8248 | Val Acc: 0.3750
2025-06-22 09:37:18,979 [INFO] Epoch 024 | Train Loss: 3.6462 | Val Loss: 1.8010 | Val Acc: 0.3750
2025-06-22 09:37:18,999 [INFO] Epoch 025 | Train Loss: 3.2002 | Val Loss: 2.0495 | Val Acc: 0.3929
2025-06-22 09:37:19,020 [INFO] Epoch 026 | Train Loss: 2.7401 | Val Loss: 2.2415 | Val Acc: 0.4464
2025-06-22 09:37:19,041 [INFO] Epoch 027 | Train Loss: 2.3164 | Val Loss: 1.7505 | Val Acc: 0.3929
2025-06-22 09:37:19,062 [INFO] Epoch 028 | Train Loss: 1.9904 | Val Loss: 1.7204 | Val Acc: 0.3750
2025-06-22 09:37:19,083 [INFO] Epoch 029 | Train Loss: 2.5708 | Val Loss: 1.5694 | Val Acc: 0.3571
2025-06-22 09:37:19,105 [INFO] Epoch 030 | Train Loss: 2.8637 | Val Loss: 1.6702 | Val Acc: 0.4107
2025-06-22 09:37:21,719 [INFO] Epoch 031 | Train Loss: 2.6584 | Val Loss: 1.7601 | Val Acc: 0.3571
2025-06-22 09:37:21,749 [INFO] Epoch 032 | Train Loss: 2.3482 | Val Loss: 1.7899 | Val Acc: 0.3750
2025-06-22 09:37:21,806 [INFO] Epoch 033 | Train Loss: 2.0042 | Val Loss: 1.6419 | Val Acc: 0.3929
2025-06-22 09:37:21,829 [INFO] Epoch 034 | Train Loss: 1.8465 | Val Loss: 1.8812 | Val Acc: 0.3393
2025-06-22 09:37:21,864 [INFO] Epoch 035 | Train Loss: 2.5735 | Val Loss: 2.2010 | Val Acc: 0.3036
2025-06-22 09:37:21,888 [INFO] Epoch 036 | Train Loss: 2.1175 | Val Loss: 1.7955 | Val Acc: 0.2500
2025-06-22 09:37:21,909 [INFO] Epoch 037 | Train Loss: 2.1787 | Val Loss: 1.5837 | Val Acc: 0.3214
2025-06-22 09:37:21,929 [INFO] Epoch 038 | Train Loss: 2.6853 | Val Loss: 1.5907 | Val Acc: 0.3571
2025-06-22 09:37:21,950 [INFO] Epoch 039 | Train Loss: 1.9847 | Val Loss: 1.6081 | Val Acc: 0.3750
2025-06-22 09:37:21,973 [INFO] Epoch 040 | Train Loss: 2.0699 | Val Loss: 1.5226 | Val Acc: 0.3393
2025-06-22 09:37:23,052 [INFO] Epoch 041 | Train Loss: 2.5207 | Val Loss: 1.7676 | Val Acc: 0.2857
2025-06-22 09:37:23,083 [INFO] Epoch 042 | Train Loss: 1.7725 | Val Loss: 1.7643 | Val Acc: 0.3393
2025-06-22 09:37:23,110 [INFO] Epoch 043 | Train Loss: 2.0622 | Val Loss: 1.4247 | Val Acc: 0.4107
2025-06-22 09:37:23,141 [INFO] Epoch 044 | Train Loss: 2.4498 | Val Loss: 1.5782 | Val Acc: 0.4464
2025-06-22 09:37:23,163 [INFO] Epoch 045 | Train Loss: 2.2544 | Val Loss: 1.5239 | Val Acc: 0.4821
2025-06-22 09:37:23,167 [INFO] New best model at epoch 45 (Val Acc: 0.4821)
2025-06-22 09:37:23,187 [INFO] Epoch 046 | Train Loss: 1.5197 | Val Loss: 1.3179 | Val Acc: 0.5179
2025-06-22 09:37:23,190 [INFO] New best model at epoch 46 (Val Acc: 0.5179)
2025-06-22 09:37:23,215 [INFO] Epoch 047 | Train Loss: 1.3824 | Val Loss: 1.3014 | Val Acc: 0.5179
2025-06-22 09:37:23,238 [INFO] Epoch 048 | Train Loss: 1.9082 | Val Loss: 1.3483 | Val Acc: 0.3750
2025-06-22 09:37:23,261 [INFO] Epoch 049 | Train Loss: 1.5497 | Val Loss: 1.3733 | Val Acc: 0.3571
2025-06-22 09:37:23,298 [INFO] Epoch 050 | Train Loss: 1.8307 | Val Loss: 1.3807 | Val Acc: 0.4107
2025-06-22 09:37:24,075 [INFO] Epoch 051 | Train Loss: 1.4837 | Val Loss: 1.3323 | Val Acc: 0.4464
2025-06-22 09:37:24,104 [INFO] Epoch 052 | Train Loss: 1.9009 | Val Loss: 1.5432 | Val Acc: 0.3929
2025-06-22 09:37:24,135 [INFO] Epoch 053 | Train Loss: 1.4460 | Val Loss: 1.6677 | Val Acc: 0.3571
2025-06-22 09:37:24,161 [INFO] Epoch 054 | Train Loss: 1.4787 | Val Loss: 1.7675 | Val Acc: 0.3393
2025-06-22 09:37:24,182 [INFO] Epoch 055 | Train Loss: 1.2470 | Val Loss: 1.9608 | Val Acc: 0.3214
2025-06-22 09:37:24,203 [INFO] Epoch 056 | Train Loss: 2.1674 | Val Loss: 1.7310 | Val Acc: 0.2857
2025-06-22 09:37:24,223 [INFO] Epoch 057 | Train Loss: 1.4870 | Val Loss: 1.5493 | Val Acc: 0.3393
2025-06-22 09:37:24,244 [INFO] Epoch 058 | Train Loss: 1.2045 | Val Loss: 1.4742 | Val Acc: 0.3393
2025-06-22 09:37:24,265 [INFO] Epoch 059 | Train Loss: 1.1841 | Val Loss: 1.4567 | Val Acc: 0.3571
2025-06-22 09:37:24,286 [INFO] Epoch 060 | Train Loss: 1.5763 | Val Loss: 1.4202 | Val Acc: 0.3393
2025-06-22 09:37:25,037 [INFO] Epoch 061 | Train Loss: 1.6799 | Val Loss: 1.7606 | Val Acc: 0.3393
2025-06-22 09:37:25,065 [INFO] Epoch 062 | Train Loss: 1.6068 | Val Loss: 1.7510 | Val Acc: 0.3929
2025-06-22 09:37:25,093 [INFO] Epoch 063 | Train Loss: 1.2837 | Val Loss: 1.4270 | Val Acc: 0.4286
2025-06-22 09:37:25,125 [INFO] Epoch 064 | Train Loss: 1.4006 | Val Loss: 1.4663 | Val Acc: 0.3929
2025-06-22 09:37:25,146 [INFO] Epoch 065 | Train Loss: 1.2596 | Val Loss: 1.4495 | Val Acc: 0.3929
2025-06-22 09:37:25,167 [INFO] Epoch 066 | Train Loss: 1.2614 | Val Loss: 1.3428 | Val Acc: 0.4107
2025-06-22 09:37:25,188 [INFO] Epoch 067 | Train Loss: 1.3950 | Val Loss: 1.5409 | Val Acc: 0.3393
2025-06-22 09:37:25,209 [INFO] Epoch 068 | Train Loss: 1.2794 | Val Loss: 1.5188 | Val Acc: 0.3393
2025-06-22 09:37:25,234 [INFO] Epoch 069 | Train Loss: 1.2450 | Val Loss: 1.6552 | Val Acc: 0.3571
2025-06-22 09:37:25,255 [INFO] Epoch 070 | Train Loss: 1.2778 | Val Loss: 1.6365 | Val Acc: 0.2679
2025-06-22 09:37:25,991 [INFO] Epoch 071 | Train Loss: 1.1386 | Val Loss: 1.5901 | Val Acc: 0.3036
2025-06-22 09:37:26,019 [INFO] Epoch 072 | Train Loss: 1.2543 | Val Loss: 1.4617 | Val Acc: 0.3571
2025-06-22 09:37:26,054 [INFO] Epoch 073 | Train Loss: 1.6084 | Val Loss: 1.4655 | Val Acc: 0.3036
2025-06-22 09:37:26,082 [INFO] Epoch 074 | Train Loss: 1.1440 | Val Loss: 1.5956 | Val Acc: 0.3036
2025-06-22 09:37:26,103 [INFO] Epoch 075 | Train Loss: 1.0816 | Val Loss: 1.4571 | Val Acc: 0.3393
2025-06-22 09:37:26,124 [INFO] Epoch 076 | Train Loss: 1.2419 | Val Loss: 1.3418 | Val Acc: 0.3571
2025-06-22 09:37:26,145 [INFO] Epoch 077 | Train Loss: 1.5329 | Val Loss: 1.4104 | Val Acc: 0.3750
2025-06-22 09:37:26,167 [INFO] Epoch 078 | Train Loss: 1.1540 | Val Loss: 1.7560 | Val Acc: 0.3214
2025-06-22 09:37:26,188 [INFO] Epoch 079 | Train Loss: 1.6574 | Val Loss: 1.3188 | Val Acc: 0.3214
2025-06-22 09:37:26,210 [INFO] Epoch 080 | Train Loss: 1.6393 | Val Loss: 1.3481 | Val Acc: 0.3571
2025-06-22 09:37:27,010 [INFO] Epoch 081 | Train Loss: 1.7310 | Val Loss: 1.2623 | Val Acc: 0.4107
2025-06-22 09:37:27,038 [INFO] Epoch 082 | Train Loss: 1.0480 | Val Loss: 1.2929 | Val Acc: 0.4821
2025-06-22 09:37:27,073 [INFO] Epoch 083 | Train Loss: 1.1010 | Val Loss: 1.4380 | Val Acc: 0.4464
2025-06-22 09:37:27,100 [INFO] Epoch 084 | Train Loss: 1.3112 | Val Loss: 1.4577 | Val Acc: 0.4464
2025-06-22 09:37:27,121 [INFO] Epoch 085 | Train Loss: 1.4707 | Val Loss: 1.7810 | Val Acc: 0.3929
2025-06-22 09:37:27,142 [INFO] Epoch 086 | Train Loss: 1.1981 | Val Loss: 1.9134 | Val Acc: 0.3393
2025-06-22 09:37:27,163 [INFO] Epoch 087 | Train Loss: 1.5083 | Val Loss: 1.6201 | Val Acc: 0.3214
2025-06-22 09:37:27,184 [INFO] Epoch 088 | Train Loss: 1.3194 | Val Loss: 1.7505 | Val Acc: 0.3571
2025-06-22 09:37:27,204 [INFO] Epoch 089 | Train Loss: 1.4281 | Val Loss: 1.6871 | Val Acc: 0.3393
2025-06-22 09:37:27,225 [INFO] Epoch 090 | Train Loss: 1.1184 | Val Loss: 1.5178 | Val Acc: 0.3571
2025-06-22 09:37:27,976 [INFO] Epoch 091 | Train Loss: 1.3359 | Val Loss: 1.5407 | Val Acc: 0.3036
2025-06-22 09:37:28,007 [INFO] Epoch 092 | Train Loss: 1.3637 | Val Loss: 1.6207 | Val Acc: 0.3571
2025-06-22 09:37:28,036 [INFO] Epoch 093 | Train Loss: 1.1892 | Val Loss: 1.7441 | Val Acc: 0.3571
2025-06-22 09:37:28,068 [INFO] Epoch 094 | Train Loss: 1.1034 | Val Loss: 1.7161 | Val Acc: 0.3393
2025-06-22 09:37:28,089 [INFO] Epoch 095 | Train Loss: 1.3210 | Val Loss: 1.6538 | Val Acc: 0.3214
2025-06-22 09:37:28,110 [INFO] Epoch 096 | Train Loss: 1.4419 | Val Loss: 1.5289 | Val Acc: 0.3036
2025-06-22 09:37:28,131 [INFO] Epoch 097 | Train Loss: 1.3141 | Val Loss: 1.4837 | Val Acc: 0.3929
2025-06-22 09:37:28,151 [INFO] Epoch 098 | Train Loss: 1.2186 | Val Loss: 1.5134 | Val Acc: 0.4286
2025-06-22 09:37:28,173 [INFO] Epoch 099 | Train Loss: 1.0990 | Val Loss: 1.3931 | Val Acc: 0.3929
2025-06-22 09:37:28,194 [INFO] Epoch 100 | Train Loss: 1.3154 | Val Loss: 1.3506 | Val Acc: 0.3393
2025-06-22 09:37:28,985 [INFO] Epoch 101 | Train Loss: 1.1363 | Val Loss: 1.3908 | Val Acc: 0.3393
2025-06-22 09:37:29,015 [INFO] Epoch 102 | Train Loss: 1.1506 | Val Loss: 1.3640 | Val Acc: 0.3393
2025-06-22 09:37:29,043 [INFO] Epoch 103 | Train Loss: 1.1246 | Val Loss: 1.3650 | Val Acc: 0.3571
2025-06-22 09:37:29,070 [INFO] Epoch 104 | Train Loss: 1.3051 | Val Loss: 1.4438 | Val Acc: 0.3929
2025-06-22 09:37:29,091 [INFO] Epoch 105 | Train Loss: 1.2109 | Val Loss: 1.8361 | Val Acc: 0.3750
2025-06-22 09:37:29,111 [INFO] Epoch 106 | Train Loss: 1.2225 | Val Loss: 1.5503 | Val Acc: 0.4107
2025-06-22 09:37:29,132 [INFO] Epoch 107 | Train Loss: 1.0564 | Val Loss: 1.5780 | Val Acc: 0.3750
2025-06-22 09:37:29,153 [INFO] Epoch 108 | Train Loss: 0.9979 | Val Loss: 1.6157 | Val Acc: 0.4286
2025-06-22 09:37:29,174 [INFO] Epoch 109 | Train Loss: 1.1099 | Val Loss: 1.5109 | Val Acc: 0.4107
2025-06-22 09:37:29,196 [INFO] Epoch 110 | Train Loss: 0.9864 | Val Loss: 1.5739 | Val Acc: 0.3929
2025-06-22 09:37:30,011 [INFO] Epoch 111 | Train Loss: 0.9965 | Val Loss: 1.5018 | Val Acc: 0.3929
2025-06-22 09:37:30,048 [INFO] Epoch 112 | Train Loss: 0.9153 | Val Loss: 1.6161 | Val Acc: 0.3750
2025-06-22 09:37:30,085 [INFO] Epoch 113 | Train Loss: 0.9877 | Val Loss: 2.0649 | Val Acc: 0.3393
2025-06-22 09:37:30,114 [INFO] Epoch 114 | Train Loss: 1.1902 | Val Loss: 2.2508 | Val Acc: 0.3214
2025-06-22 09:37:30,141 [INFO] Epoch 115 | Train Loss: 1.0553 | Val Loss: 1.6662 | Val Acc: 0.3929
2025-06-22 09:37:30,174 [INFO] Epoch 116 | Train Loss: 1.1498 | Val Loss: 1.4373 | Val Acc: 0.4286
2025-06-22 09:37:30,201 [INFO] Epoch 117 | Train Loss: 1.2096 | Val Loss: 1.5046 | Val Acc: 0.4464
2025-06-22 09:37:30,405 [INFO] Epoch 118 | Train Loss: 0.8254 | Val Loss: 1.5977 | Val Acc: 0.3929
2025-06-22 09:37:30,462 [INFO] Epoch 119 | Train Loss: 0.9727 | Val Loss: 1.6602 | Val Acc: 0.4107
2025-06-22 09:37:30,639 [INFO] Epoch 120 | Train Loss: 1.0360 | Val Loss: 1.7210 | Val Acc: 0.4643
2025-06-22 09:37:31,457 [INFO] Epoch 121 | Train Loss: 1.0639 | Val Loss: 1.7490 | Val Acc: 0.4643
2025-06-22 09:37:31,484 [INFO] Epoch 122 | Train Loss: 1.0134 | Val Loss: 1.6487 | Val Acc: 0.4464
2025-06-22 09:37:31,513 [INFO] Epoch 123 | Train Loss: 0.9435 | Val Loss: 1.8160 | Val Acc: 0.4107
2025-06-22 09:37:31,574 [INFO] Epoch 124 | Train Loss: 0.9611 | Val Loss: 1.6177 | Val Acc: 0.4464
2025-06-22 09:37:31,616 [INFO] Epoch 125 | Train Loss: 0.8934 | Val Loss: 1.6328 | Val Acc: 0.4286
2025-06-22 09:37:31,636 [INFO] Epoch 126 | Train Loss: 0.9167 | Val Loss: 1.6630 | Val Acc: 0.3929
2025-06-22 09:37:31,659 [INFO] Epoch 127 | Train Loss: 0.9594 | Val Loss: 1.5904 | Val Acc: 0.4464
2025-06-22 09:37:31,704 [INFO] Epoch 128 | Train Loss: 0.9027 | Val Loss: 1.5574 | Val Acc: 0.4464
2025-06-22 09:37:31,725 [INFO] Epoch 129 | Train Loss: 0.9286 | Val Loss: 1.5195 | Val Acc: 0.4286
2025-06-22 09:37:31,755 [INFO] Epoch 130 | Train Loss: 0.9051 | Val Loss: 1.6389 | Val Acc: 0.4286
2025-06-22 09:37:33,289 [INFO] Epoch 131 | Train Loss: 0.8752 | Val Loss: 1.7587 | Val Acc: 0.4286
2025-06-22 09:37:33,317 [INFO] Epoch 132 | Train Loss: 0.8880 | Val Loss: 1.6396 | Val Acc: 0.4464
2025-06-22 09:37:33,345 [INFO] Epoch 133 | Train Loss: 0.8118 | Val Loss: 1.5099 | Val Acc: 0.4286
2025-06-22 09:37:33,373 [INFO] Epoch 134 | Train Loss: 1.0255 | Val Loss: 1.5922 | Val Acc: 0.4107
2025-06-22 09:37:33,400 [INFO] Epoch 135 | Train Loss: 0.8800 | Val Loss: 1.6289 | Val Acc: 0.4821
2025-06-22 09:37:33,427 [INFO] Epoch 136 | Train Loss: 0.8271 | Val Loss: 1.5781 | Val Acc: 0.4821
2025-06-22 09:37:33,454 [INFO] Epoch 137 | Train Loss: 0.9158 | Val Loss: 2.1032 | Val Acc: 0.5000
2025-06-22 09:37:33,482 [INFO] Epoch 138 | Train Loss: 0.9539 | Val Loss: 2.0654 | Val Acc: 0.4107
2025-06-22 09:37:33,509 [INFO] Epoch 139 | Train Loss: 0.8082 | Val Loss: 1.7996 | Val Acc: 0.4107
2025-06-22 09:37:33,538 [INFO] Epoch 140 | Train Loss: 1.0024 | Val Loss: 1.7322 | Val Acc: 0.3750
2025-06-22 09:37:34,447 [INFO] Epoch 141 | Train Loss: 0.8690 | Val Loss: 1.6448 | Val Acc: 0.4643
2025-06-22 09:37:34,480 [INFO] Epoch 142 | Train Loss: 0.8309 | Val Loss: 1.7365 | Val Acc: 0.5000
2025-06-22 09:37:34,514 [INFO] Epoch 143 | Train Loss: 0.7658 | Val Loss: 1.7825 | Val Acc: 0.4107
2025-06-22 09:37:34,544 [INFO] Epoch 144 | Train Loss: 0.8653 | Val Loss: 1.6447 | Val Acc: 0.5000
2025-06-22 09:37:34,574 [INFO] Epoch 145 | Train Loss: 0.9054 | Val Loss: 2.0173 | Val Acc: 0.4821
2025-06-22 09:37:34,602 [INFO] Epoch 146 | Train Loss: 0.7552 | Val Loss: 2.0215 | Val Acc: 0.4464
2025-06-22 09:37:34,631 [INFO] Epoch 147 | Train Loss: 0.8929 | Val Loss: 1.7255 | Val Acc: 0.4107
2025-06-22 09:37:34,661 [INFO] Epoch 148 | Train Loss: 1.1915 | Val Loss: 1.8924 | Val Acc: 0.3571
2025-06-22 09:37:34,693 [INFO] Epoch 149 | Train Loss: 0.8536 | Val Loss: 2.2541 | Val Acc: 0.3929
2025-06-22 09:37:34,725 [INFO] Epoch 150 | Train Loss: 1.1596 | Val Loss: 1.9179 | Val Acc: 0.3571
2025-06-22 09:37:37,171 [INFO] Epoch 151 | Train Loss: 0.8682 | Val Loss: 1.6466 | Val Acc: 0.4821
2025-06-22 09:37:37,221 [INFO] Epoch 152 | Train Loss: 0.8005 | Val Loss: 1.6681 | Val Acc: 0.4821
2025-06-22 09:37:37,262 [INFO] Epoch 153 | Train Loss: 0.8897 | Val Loss: 1.6008 | Val Acc: 0.4821
2025-06-22 09:37:37,292 [INFO] Epoch 154 | Train Loss: 0.8441 | Val Loss: 1.5750 | Val Acc: 0.4286
2025-06-22 09:37:37,333 [INFO] Epoch 155 | Train Loss: 0.8331 | Val Loss: 1.6727 | Val Acc: 0.4107
2025-06-22 09:37:37,362 [INFO] Epoch 156 | Train Loss: 0.7495 | Val Loss: 1.7672 | Val Acc: 0.4286
2025-06-22 09:37:37,398 [INFO] Epoch 157 | Train Loss: 0.7620 | Val Loss: 1.7200 | Val Acc: 0.4643
2025-06-22 09:37:37,429 [INFO] Epoch 158 | Train Loss: 0.9238 | Val Loss: 1.6661 | Val Acc: 0.4643
2025-06-22 09:37:37,458 [INFO] Epoch 159 | Train Loss: 0.7400 | Val Loss: 1.7136 | Val Acc: 0.4464
2025-06-22 09:37:37,496 [INFO] Epoch 160 | Train Loss: 0.7931 | Val Loss: 1.7791 | Val Acc: 0.4286
2025-06-22 09:37:38,410 [INFO] Epoch 161 | Train Loss: 0.7645 | Val Loss: 1.9164 | Val Acc: 0.4821
2025-06-22 09:37:38,442 [INFO] Epoch 162 | Train Loss: 0.7682 | Val Loss: 1.9100 | Val Acc: 0.4286
2025-06-22 09:37:38,472 [INFO] Epoch 163 | Train Loss: 0.8587 | Val Loss: 2.0106 | Val Acc: 0.4464
2025-06-22 09:37:38,522 [INFO] Epoch 164 | Train Loss: 0.8269 | Val Loss: 1.9394 | Val Acc: 0.3929
2025-06-22 09:37:38,543 [INFO] Epoch 165 | Train Loss: 0.7715 | Val Loss: 1.7590 | Val Acc: 0.5179
2025-06-22 09:37:38,564 [INFO] Epoch 166 | Train Loss: 0.7905 | Val Loss: 1.9272 | Val Acc: 0.4643
2025-06-22 09:37:38,585 [INFO] Epoch 167 | Train Loss: 0.7418 | Val Loss: 1.9172 | Val Acc: 0.4643
2025-06-22 09:37:38,609 [INFO] Epoch 168 | Train Loss: 0.7400 | Val Loss: 1.6916 | Val Acc: 0.5000
2025-06-22 09:37:38,631 [INFO] Epoch 169 | Train Loss: 0.7160 | Val Loss: 1.9547 | Val Acc: 0.5000
2025-06-22 09:37:38,655 [INFO] Epoch 170 | Train Loss: 0.8317 | Val Loss: 1.8765 | Val Acc: 0.5536
2025-06-22 09:37:39,428 [INFO] New best model at epoch 170 (Val Acc: 0.5536)
2025-06-22 09:37:39,451 [INFO] Epoch 171 | Train Loss: 0.6678 | Val Loss: 2.9568 | Val Acc: 0.4821
2025-06-22 09:37:39,482 [INFO] Epoch 172 | Train Loss: 0.7977 | Val Loss: 2.3912 | Val Acc: 0.3929
2025-06-22 09:37:39,512 [INFO] Epoch 173 | Train Loss: 0.7902 | Val Loss: 2.2305 | Val Acc: 0.4107
2025-06-22 09:37:39,543 [INFO] Epoch 174 | Train Loss: 0.7458 | Val Loss: 1.9274 | Val Acc: 0.3750
2025-06-22 09:37:39,564 [INFO] Epoch 175 | Train Loss: 0.8033 | Val Loss: 1.7694 | Val Acc: 0.4821
2025-06-22 09:37:39,584 [INFO] Epoch 176 | Train Loss: 0.7351 | Val Loss: 1.7772 | Val Acc: 0.4643
2025-06-22 09:37:39,605 [INFO] Epoch 177 | Train Loss: 0.6525 | Val Loss: 2.0503 | Val Acc: 0.4464
2025-06-22 09:37:39,626 [INFO] Epoch 178 | Train Loss: 0.8031 | Val Loss: 2.0867 | Val Acc: 0.4821
2025-06-22 09:37:39,647 [INFO] Epoch 179 | Train Loss: 0.6849 | Val Loss: 2.2548 | Val Acc: 0.4286
2025-06-22 09:37:39,669 [INFO] Epoch 180 | Train Loss: 0.6233 | Val Loss: 2.5311 | Val Acc: 0.4107
2025-06-22 09:37:42,867 [INFO] Epoch 181 | Train Loss: 0.8016 | Val Loss: 2.4148 | Val Acc: 0.4643
2025-06-22 09:37:42,906 [INFO] Epoch 182 | Train Loss: 0.6463 | Val Loss: 2.2039 | Val Acc: 0.4107
2025-06-22 09:37:42,947 [INFO] Epoch 183 | Train Loss: 0.6572 | Val Loss: 2.1138 | Val Acc: 0.4464
2025-06-22 09:37:42,971 [INFO] Epoch 184 | Train Loss: 0.6531 | Val Loss: 2.0460 | Val Acc: 0.5000
2025-06-22 09:37:42,993 [INFO] Epoch 185 | Train Loss: 0.6049 | Val Loss: 2.1341 | Val Acc: 0.5179
2025-06-22 09:37:43,017 [INFO] Epoch 186 | Train Loss: 0.5694 | Val Loss: 2.0383 | Val Acc: 0.5357
2025-06-22 09:37:43,042 [INFO] Epoch 187 | Train Loss: 0.6939 | Val Loss: 2.3990 | Val Acc: 0.4464
2025-06-22 09:37:43,063 [INFO] Epoch 188 | Train Loss: 0.6906 | Val Loss: 2.5854 | Val Acc: 0.4464
2025-06-22 09:37:43,084 [INFO] Epoch 189 | Train Loss: 0.6404 | Val Loss: 2.3136 | Val Acc: 0.4643
2025-06-22 09:37:43,104 [INFO] Epoch 190 | Train Loss: 0.6438 | Val Loss: 2.3788 | Val Acc: 0.4643
2025-06-22 09:37:43,948 [INFO] Epoch 191 | Train Loss: 0.5798 | Val Loss: 2.1570 | Val Acc: 0.4643
2025-06-22 09:37:43,979 [INFO] Epoch 192 | Train Loss: 0.6615 | Val Loss: 2.1794 | Val Acc: 0.5000
2025-06-22 09:37:44,012 [INFO] Epoch 193 | Train Loss: 0.6662 | Val Loss: 2.4738 | Val Acc: 0.5000
2025-06-22 09:37:44,034 [INFO] Epoch 194 | Train Loss: 0.5454 | Val Loss: 2.4358 | Val Acc: 0.4286
2025-06-22 09:37:44,108 [INFO] Epoch 195 | Train Loss: 0.6619 | Val Loss: 2.6298 | Val Acc: 0.4107
2025-06-22 09:37:44,129 [INFO] Epoch 196 | Train Loss: 0.5901 | Val Loss: 2.6467 | Val Acc: 0.4107
2025-06-22 09:37:44,154 [INFO] Epoch 197 | Train Loss: 0.5357 | Val Loss: 2.2149 | Val Acc: 0.4643
2025-06-22 09:37:44,177 [INFO] Epoch 198 | Train Loss: 0.5998 | Val Loss: 2.0155 | Val Acc: 0.5179
2025-06-22 09:37:44,203 [INFO] Epoch 199 | Train Loss: 0.5912 | Val Loss: 2.1317 | Val Acc: 0.5000
2025-06-22 09:37:44,235 [INFO] Epoch 200 | Train Loss: 0.6162 | Val Loss: 2.2190 | Val Acc: 0.4821
2025-06-22 09:37:45,052 [INFO] Epoch 201 | Train Loss: 0.5179 | Val Loss: 2.2647 | Val Acc: 0.5179
2025-06-22 09:37:45,078 [INFO] Epoch 202 | Train Loss: 0.6425 | Val Loss: 3.1841 | Val Acc: 0.4643
2025-06-22 09:37:45,109 [INFO] Epoch 203 | Train Loss: 0.5649 | Val Loss: 2.6964 | Val Acc: 0.4464
2025-06-22 09:37:45,149 [INFO] Epoch 204 | Train Loss: 0.5105 | Val Loss: 2.6647 | Val Acc: 0.5357
2025-06-22 09:37:45,170 [INFO] Epoch 205 | Train Loss: 0.5783 | Val Loss: 2.6201 | Val Acc: 0.4821
2025-06-22 09:37:45,191 [INFO] Epoch 206 | Train Loss: 0.6864 | Val Loss: 2.8443 | Val Acc: 0.4464
2025-06-22 09:37:45,212 [INFO] Epoch 207 | Train Loss: 0.6214 | Val Loss: 2.6985 | Val Acc: 0.3750
2025-06-22 09:37:45,233 [INFO] Epoch 208 | Train Loss: 0.6060 | Val Loss: 2.5408 | Val Acc: 0.4107
2025-06-22 09:37:45,259 [INFO] Epoch 209 | Train Loss: 0.6041 | Val Loss: 2.2216 | Val Acc: 0.4643
2025-06-22 09:37:45,281 [INFO] Epoch 210 | Train Loss: 0.5852 | Val Loss: 2.3288 | Val Acc: 0.5000
2025-06-22 09:37:46,057 [INFO] Epoch 211 | Train Loss: 0.6331 | Val Loss: 2.3909 | Val Acc: 0.4821
2025-06-22 09:37:46,095 [INFO] Epoch 212 | Train Loss: 0.6170 | Val Loss: 2.3238 | Val Acc: 0.5536
2025-06-22 09:37:46,129 [INFO] Epoch 213 | Train Loss: 0.5163 | Val Loss: 2.5912 | Val Acc: 0.4643
2025-06-22 09:37:46,152 [INFO] Epoch 214 | Train Loss: 0.5675 | Val Loss: 2.4501 | Val Acc: 0.4643
2025-06-22 09:37:46,174 [INFO] Epoch 215 | Train Loss: 0.7369 | Val Loss: 3.0187 | Val Acc: 0.4286
2025-06-22 09:37:46,194 [INFO] Epoch 216 | Train Loss: 0.6571 | Val Loss: 3.0519 | Val Acc: 0.3929
2025-06-22 09:37:46,215 [INFO] Epoch 217 | Train Loss: 0.5815 | Val Loss: 2.1933 | Val Acc: 0.4821
2025-06-22 09:37:46,237 [INFO] Epoch 218 | Train Loss: 0.6834 | Val Loss: 2.2525 | Val Acc: 0.4286
2025-06-22 09:37:46,259 [INFO] Epoch 219 | Train Loss: 0.6226 | Val Loss: 2.3324 | Val Acc: 0.5000
2025-06-22 09:37:46,280 [INFO] Epoch 220 | Train Loss: 0.5973 | Val Loss: 2.5474 | Val Acc: 0.5179
2025-06-22 09:37:47,120 [INFO] Epoch 221 | Train Loss: 0.6379 | Val Loss: 2.8411 | Val Acc: 0.5536
2025-06-22 09:37:47,151 [INFO] Epoch 222 | Train Loss: 0.6081 | Val Loss: 3.2442 | Val Acc: 0.4464
2025-06-22 09:37:47,197 [INFO] Epoch 223 | Train Loss: 0.4977 | Val Loss: 2.0571 | Val Acc: 0.5179
2025-06-22 09:37:47,220 [INFO] Epoch 224 | Train Loss: 0.5640 | Val Loss: 2.2261 | Val Acc: 0.4821
2025-06-22 09:37:47,241 [INFO] Epoch 225 | Train Loss: 0.5280 | Val Loss: 2.7707 | Val Acc: 0.5000
2025-06-22 09:37:47,265 [INFO] Epoch 226 | Train Loss: 0.5792 | Val Loss: 2.7238 | Val Acc: 0.5536
2025-06-22 09:37:47,287 [INFO] Epoch 227 | Train Loss: 0.6299 | Val Loss: 2.5538 | Val Acc: 0.4643
2025-06-22 09:37:47,309 [INFO] Epoch 228 | Train Loss: 0.5482 | Val Loss: 2.5784 | Val Acc: 0.4107
2025-06-22 09:37:47,330 [INFO] Epoch 229 | Train Loss: 0.6545 | Val Loss: 2.4306 | Val Acc: 0.4821
2025-06-22 09:37:47,350 [INFO] Epoch 230 | Train Loss: 0.5383 | Val Loss: 2.9003 | Val Acc: 0.4286
2025-06-22 09:37:48,141 [INFO] Epoch 231 | Train Loss: 0.5566 | Val Loss: 2.9049 | Val Acc: 0.4286
2025-06-22 09:37:48,170 [INFO] Epoch 232 | Train Loss: 0.5567 | Val Loss: 2.3968 | Val Acc: 0.4464
2025-06-22 09:37:48,199 [INFO] Epoch 233 | Train Loss: 0.5713 | Val Loss: 2.5878 | Val Acc: 0.5357
2025-06-22 09:37:48,228 [INFO] Epoch 234 | Train Loss: 0.4958 | Val Loss: 2.7355 | Val Acc: 0.5000
2025-06-22 09:37:48,248 [INFO] Epoch 235 | Train Loss: 0.4850 | Val Loss: 2.8187 | Val Acc: 0.4643
2025-06-22 09:37:48,269 [INFO] Epoch 236 | Train Loss: 0.5893 | Val Loss: 2.4882 | Val Acc: 0.4643
2025-06-22 09:37:48,290 [INFO] Epoch 237 | Train Loss: 0.5111 | Val Loss: 2.5874 | Val Acc: 0.4107
2025-06-22 09:37:48,311 [INFO] Epoch 238 | Train Loss: 0.6075 | Val Loss: 3.0886 | Val Acc: 0.4286
2025-06-22 09:37:48,333 [INFO] Epoch 239 | Train Loss: 0.5901 | Val Loss: 3.3908 | Val Acc: 0.4286
2025-06-22 09:37:48,354 [INFO] Epoch 240 | Train Loss: 0.5804 | Val Loss: 2.8762 | Val Acc: 0.4643
2025-06-22 09:37:49,564 [INFO] Epoch 241 | Train Loss: 0.4982 | Val Loss: 2.7148 | Val Acc: 0.5000
2025-06-22 09:37:49,596 [INFO] Epoch 242 | Train Loss: 0.5726 | Val Loss: 2.6954 | Val Acc: 0.4286
2025-06-22 09:37:49,654 [INFO] Epoch 243 | Train Loss: 0.5029 | Val Loss: 2.9828 | Val Acc: 0.5179
2025-06-22 09:37:49,675 [INFO] Epoch 244 | Train Loss: 0.4852 | Val Loss: 2.8778 | Val Acc: 0.4821
2025-06-22 09:37:49,696 [INFO] Epoch 245 | Train Loss: 0.5527 | Val Loss: 2.4034 | Val Acc: 0.5357
2025-06-22 09:37:49,717 [INFO] Epoch 246 | Train Loss: 0.4648 | Val Loss: 2.4077 | Val Acc: 0.5357
2025-06-22 09:37:49,739 [INFO] Epoch 247 | Train Loss: 0.6457 | Val Loss: 3.3672 | Val Acc: 0.4286
2025-06-22 09:37:49,760 [INFO] Epoch 248 | Train Loss: 0.5383 | Val Loss: 3.8360 | Val Acc: 0.4286
2025-06-22 09:37:49,781 [INFO] Epoch 249 | Train Loss: 0.5176 | Val Loss: 2.9350 | Val Acc: 0.5357
2025-06-22 09:37:49,802 [INFO] Epoch 250 | Train Loss: 0.5270 | Val Loss: 2.5998 | Val Acc: 0.4643
2025-06-22 09:37:50,598 [INFO] Epoch 251 | Train Loss: 0.5611 | Val Loss: 2.6180 | Val Acc: 0.5000
2025-06-22 09:37:50,631 [INFO] Epoch 252 | Train Loss: 0.5226 | Val Loss: 3.2142 | Val Acc: 0.4821
2025-06-22 09:37:50,663 [INFO] Epoch 253 | Train Loss: 0.6180 | Val Loss: 3.5241 | Val Acc: 0.4464
2025-06-22 09:37:50,694 [INFO] Epoch 254 | Train Loss: 0.3825 | Val Loss: 2.8267 | Val Acc: 0.4643
2025-06-22 09:37:50,714 [INFO] Epoch 255 | Train Loss: 0.5884 | Val Loss: 2.8021 | Val Acc: 0.5000
2025-06-22 09:37:50,736 [INFO] Epoch 256 | Train Loss: 0.4869 | Val Loss: 2.8683 | Val Acc: 0.5179
2025-06-22 09:37:50,757 [INFO] Epoch 257 | Train Loss: 0.5141 | Val Loss: 3.2027 | Val Acc: 0.4464
2025-06-22 09:37:50,779 [INFO] Epoch 258 | Train Loss: 0.5649 | Val Loss: 2.8777 | Val Acc: 0.5000
2025-06-22 09:37:50,800 [INFO] Epoch 259 | Train Loss: 0.4918 | Val Loss: 2.6131 | Val Acc: 0.5000
2025-06-22 09:37:50,823 [INFO] Epoch 260 | Train Loss: 0.4281 | Val Loss: 2.6723 | Val Acc: 0.5179
2025-06-22 09:37:51,584 [INFO] Epoch 261 | Train Loss: 0.5666 | Val Loss: 2.9922 | Val Acc: 0.5000
2025-06-22 09:37:51,611 [INFO] Epoch 262 | Train Loss: 0.4515 | Val Loss: 3.0794 | Val Acc: 0.4821
2025-06-22 09:37:51,644 [INFO] Epoch 263 | Train Loss: 0.4691 | Val Loss: 3.1518 | Val Acc: 0.5000
2025-06-22 09:37:51,681 [INFO] Epoch 264 | Train Loss: 0.4262 | Val Loss: 2.8796 | Val Acc: 0.5357
2025-06-22 09:37:51,709 [INFO] Epoch 265 | Train Loss: 0.4518 | Val Loss: 2.5060 | Val Acc: 0.5357
2025-06-22 09:37:51,732 [INFO] Epoch 266 | Train Loss: 0.4621 | Val Loss: 2.6089 | Val Acc: 0.5536
2025-06-22 09:37:51,759 [INFO] Epoch 267 | Train Loss: 0.3955 | Val Loss: 3.0165 | Val Acc: 0.5357
2025-06-22 09:37:51,780 [INFO] Epoch 268 | Train Loss: 0.3705 | Val Loss: 3.2349 | Val Acc: 0.5357
2025-06-22 09:37:51,801 [INFO] Epoch 269 | Train Loss: 0.4214 | Val Loss: 3.3434 | Val Acc: 0.5000
2025-06-22 09:37:51,822 [INFO] Epoch 270 | Train Loss: 0.4031 | Val Loss: 3.0557 | Val Acc: 0.5000
2025-06-22 09:37:52,576 [INFO] Epoch 271 | Train Loss: 0.4534 | Val Loss: 3.2081 | Val Acc: 0.4821
2025-06-22 09:37:52,601 [INFO] Epoch 272 | Train Loss: 0.3768 | Val Loss: 3.6490 | Val Acc: 0.4821
2025-06-22 09:37:52,636 [INFO] Epoch 273 | Train Loss: 0.4635 | Val Loss: 3.7487 | Val Acc: 0.4464
2025-06-22 09:37:52,669 [INFO] Epoch 274 | Train Loss: 0.3959 | Val Loss: 2.9235 | Val Acc: 0.4643
2025-06-22 09:37:52,691 [INFO] Epoch 275 | Train Loss: 0.4756 | Val Loss: 3.0206 | Val Acc: 0.4643
2025-06-22 09:37:52,711 [INFO] Epoch 276 | Train Loss: 0.3253 | Val Loss: 3.2649 | Val Acc: 0.4464
2025-06-22 09:37:52,732 [INFO] Epoch 277 | Train Loss: 0.3884 | Val Loss: 3.4314 | Val Acc: 0.4643
2025-06-22 09:37:52,755 [INFO] Epoch 278 | Train Loss: 0.4217 | Val Loss: 3.4759 | Val Acc: 0.4821
2025-06-22 09:37:52,776 [INFO] Epoch 279 | Train Loss: 0.3241 | Val Loss: 3.4745 | Val Acc: 0.4286
2025-06-22 09:37:52,797 [INFO] Epoch 280 | Train Loss: 0.4138 | Val Loss: 3.7709 | Val Acc: 0.4643
2025-06-22 09:37:53,598 [INFO] Epoch 281 | Train Loss: 0.3677 | Val Loss: 3.5267 | Val Acc: 0.4821
2025-06-22 09:37:53,643 [INFO] Epoch 282 | Train Loss: 0.2771 | Val Loss: 3.2265 | Val Acc: 0.4464
2025-06-22 09:37:53,672 [INFO] Epoch 283 | Train Loss: 0.3355 | Val Loss: 3.0231 | Val Acc: 0.5179
2025-06-22 09:37:53,694 [INFO] Epoch 284 | Train Loss: 0.3943 | Val Loss: 3.1453 | Val Acc: 0.5000
2025-06-22 09:37:53,714 [INFO] Epoch 285 | Train Loss: 0.3255 | Val Loss: 3.2302 | Val Acc: 0.4821
2025-06-22 09:37:53,746 [INFO] Epoch 286 | Train Loss: 0.3287 | Val Loss: 3.2194 | Val Acc: 0.4821
2025-06-22 09:37:53,774 [INFO] Epoch 287 | Train Loss: 0.3219 | Val Loss: 3.3799 | Val Acc: 0.5179
2025-06-22 09:37:53,798 [INFO] Epoch 288 | Train Loss: 0.3465 | Val Loss: 3.5668 | Val Acc: 0.4286
2025-06-22 09:37:53,831 [INFO] Epoch 289 | Train Loss: 0.2705 | Val Loss: 3.3795 | Val Acc: 0.4821
2025-06-22 09:37:53,854 [INFO] Epoch 290 | Train Loss: 0.2863 | Val Loss: 3.5523 | Val Acc: 0.5179
2025-06-22 09:37:54,635 [INFO] Epoch 291 | Train Loss: 0.3557 | Val Loss: 4.0289 | Val Acc: 0.4821
2025-06-22 09:37:54,661 [INFO] Epoch 292 | Train Loss: 0.3006 | Val Loss: 4.3036 | Val Acc: 0.4286
2025-06-22 09:37:54,691 [INFO] Epoch 293 | Train Loss: 0.3376 | Val Loss: 4.6902 | Val Acc: 0.4643
2025-06-22 09:37:54,720 [INFO] Epoch 294 | Train Loss: 0.3260 | Val Loss: 4.2506 | Val Acc: 0.4643
2025-06-22 09:37:54,742 [INFO] Epoch 295 | Train Loss: 0.3252 | Val Loss: 3.8280 | Val Acc: 0.4643
2025-06-22 09:37:54,763 [INFO] Epoch 296 | Train Loss: 0.3229 | Val Loss: 3.2219 | Val Acc: 0.5000
2025-06-22 09:37:54,784 [INFO] Epoch 297 | Train Loss: 0.3880 | Val Loss: 3.2856 | Val Acc: 0.4821
2025-06-22 09:37:54,805 [INFO] Epoch 298 | Train Loss: 0.3405 | Val Loss: 3.7483 | Val Acc: 0.4643
2025-06-22 09:37:54,827 [INFO] Epoch 299 | Train Loss: 0.3626 | Val Loss: 3.6352 | Val Acc: 0.4464
2025-06-22 09:37:54,849 [INFO] Epoch 300 | Train Loss: 0.3190 | Val Loss: 3.9142 | Val Acc: 0.4286
2025-06-22 09:37:55,557 [INFO] Best model saved to <built-in function time>/ENZYMES/best/best_source_gin.pth (Val Acc: 0.5536 at epoch 170)
2025-06-22 09:37:55,558 [INFO] Training/validation metrics saved to <built-in function time>/ENZYMES/GIN_0.001/train_metrics.csv
2025-06-22 09:37:56,275 [INFO] Final training curves saved
2025-06-22 09:37:56,275 [INFO] Training completed!
2025-06-22 09:37:56,275 [INFO] Best validation accuracy: 0.5536
2025-06-22 09:37:56,275 [INFO] Best epoch: 170
2025-06-22 09:37:56,275 [INFO] Total epochs trained: 300
2025-06-22 09:37:56,276 [INFO] Starting training with parameters: (0.001, 0.5, 64, 3, 400, 0.0)
