2025-06-23 13:40:42,711 [INFO] Using device: cpu
2025-06-23 13:40:42,711 [INFO] 开始创建数据加载器...
2025-06-23 13:40:42,722 [INFO] Successfully loaded dataset ENZYMES from ./data, total graphs: 600
2025-06-23 13:40:42,722 [INFO] Class allocation analysis:
2025-06-23 13:40:42,722 [INFO]   Source classes: [0, 1, 2, 3]
2025-06-23 13:40:42,722 [INFO]   Target classes: [0, 1, 2, 3, 4, 5]
2025-06-23 13:40:42,722 [INFO]   Overlap classes (to be split): [0, 1, 2, 3]
2025-06-23 13:40:42,722 [INFO]   Target novel classes (unknown): [4, 5]
2025-06-23 13:40:42,762 [INFO]   Class 0: 100 total -> Source: 70, Target: 30
2025-06-23 13:40:42,762 [INFO]   Class 1: 100 total -> Source: 70, Target: 30
2025-06-23 13:40:42,762 [INFO]   Class 2: 100 total -> Source: 70, Target: 30
2025-06-23 13:40:42,762 [INFO]   Class 3: 100 total -> Source: 70, Target: 30
2025-06-23 13:40:42,762 [INFO]   Class 4 (novel/unknown): 100 samples -> Target
2025-06-23 13:40:42,762 [INFO]   Class 5 (novel/unknown): 100 samples -> Target
2025-06-23 13:40:42,762 [INFO] Final allocation:
2025-06-23 13:40:42,762 [INFO]   Source domain: 280 samples
2025-06-23 13:40:42,762 [INFO]   Target domain: 320 samples
2025-06-23 13:40:42,766 [INFO] Source domain setup:
2025-06-23 13:40:42,766 [INFO]   Original classes: [0, 1, 2, 3]
2025-06-23 13:40:42,766 [INFO]   Overlap classes used: [0, 1, 2, 3]
2025-06-23 13:40:42,766 [INFO]   Label mapping: {0: 0, 1: 1, 2: 2, 3: 3}
2025-06-23 13:40:42,766 [INFO]   Total data after allocation: 280
2025-06-23 13:40:42,766 [INFO]   Data split - Train: 224, Val: 56
2025-06-23 13:40:42,766 [INFO]   Train label distribution: {0: 56, 1: 56, 3: 56, 2: 56}
2025-06-23 13:40:42,766 [INFO]   Val label distribution: {1: 14, 2: 14, 0: 14, 3: 14}
2025-06-23 13:40:42,770 [INFO] Successfully loaded dataset ENZYMES from ./data, total graphs: 600
2025-06-23 13:40:42,770 [INFO] Class allocation analysis:
2025-06-23 13:40:42,770 [INFO]   Source classes: [0, 1, 2, 3]
2025-06-23 13:40:42,770 [INFO]   Target classes: [0, 1, 2, 3, 4, 5]
2025-06-23 13:40:42,771 [INFO]   Overlap classes (to be split): [0, 1, 2, 3]
2025-06-23 13:40:42,771 [INFO]   Target novel classes (unknown): [4, 5]
2025-06-23 13:40:42,784 [INFO]   Class 0: 100 total -> Source: 70, Target: 30
2025-06-23 13:40:42,785 [INFO]   Class 1: 100 total -> Source: 70, Target: 30
2025-06-23 13:40:42,785 [INFO]   Class 2: 100 total -> Source: 70, Target: 30
2025-06-23 13:40:42,785 [INFO]   Class 3: 100 total -> Source: 70, Target: 30
2025-06-23 13:40:42,785 [INFO]   Class 4 (novel/unknown): 100 samples -> Target
2025-06-23 13:40:42,785 [INFO]   Class 5 (novel/unknown): 100 samples -> Target
2025-06-23 13:40:42,785 [INFO] Final allocation:
2025-06-23 13:40:42,785 [INFO]   Source domain: 280 samples
2025-06-23 13:40:42,785 [INFO]   Target domain: 320 samples
2025-06-23 13:40:42,787 [INFO] Target domain setup:
2025-06-23 13:40:42,787 [INFO]   Original classes: [0, 1, 2, 3, 4, 5]
2025-06-23 13:40:42,787 [INFO]   Overlap classes: [0, 1, 2, 3]
2025-06-23 13:40:42,787 [INFO]   Novel classes: [4, 5] -> mapped to unknown label 4
2025-06-23 13:40:42,787 [INFO]   Label mapping: {0: 0, 1: 1, 2: 2, 3: 3, 4: 4, 5: 4}
2025-06-23 13:40:42,787 [INFO]   Total data after allocation: 320
2025-06-23 13:40:42,787 [INFO]   Data split - Train: 256, Val: 64
2025-06-23 13:40:42,787 [INFO]   Total count: 320 (known: 120, unknown: 200)
2025-06-23 13:40:42,787 [INFO]   Total label distribution: {4: 200, 3: 30, 0: 30, 1: 30, 2: 30}
2025-06-23 13:40:42,787 [INFO]   Train label distribution: {4: 160, 0: 24, 2: 24, 3: 24, 1: 24}
2025-06-23 13:40:42,787 [INFO]   Val label distribution: {1: 6, 4: 40, 3: 6, 0: 6, 2: 6}
2025-06-23 13:40:42,787 [INFO] 数据加载器创建完成!
2025-06-23 13:40:42,787 [INFO] 源域类别数: 4 (重叠类别)
2025-06-23 13:40:42,787 [INFO] 目标域类别数: 5 (4个重叠类别 + 1个未知类别)
2025-06-23 13:40:42,787 [INFO] 重叠类别: [0, 1, 2, 3]
2025-06-23 13:40:42,787 [INFO] 目标域新类别: [4, 5]
2025-06-23 13:40:42,787 [INFO] Data allocation verification:
2025-06-23 13:40:42,787 [INFO]   Source data samples: 280
2025-06-23 13:40:42,787 [INFO]   Target data samples: 320
2025-06-23 13:40:42,787 [INFO]   Overlapping samples: 0
2025-06-23 13:40:42,787 [INFO]   ✓ Data allocation is correct - no overlapping samples
2025-06-23 13:40:42,791 [INFO] Model initialized with 1444 parameters
2025-06-23 13:40:42,791 [INFO] Previous best validation accuracy read from record.txt: 0.6429
2025-06-23 13:40:42,791 [INFO] Starting training...
2025-06-23 13:40:42,809 [INFO] Epoch 001 | Train Loss: 7.6645 | Val Loss: 3.2632 | Val Acc: 0.3214
2025-06-23 13:40:44,018 [INFO] New best model at epoch 1 (Val Acc: 0.3214)
2025-06-23 13:40:44,033 [INFO] Epoch 002 | Train Loss: 4.1120 | Val Loss: 1.7752 | Val Acc: 0.3750
2025-06-23 13:40:44,034 [INFO] New best model at epoch 2 (Val Acc: 0.3750)
2025-06-23 13:40:44,043 [INFO] Epoch 003 | Train Loss: 3.4288 | Val Loss: 1.4321 | Val Acc: 0.3571
2025-06-23 13:40:44,078 [INFO] Epoch 004 | Train Loss: 2.5655 | Val Loss: 1.4057 | Val Acc: 0.3214
2025-06-23 13:40:44,119 [INFO] Epoch 005 | Train Loss: 2.6365 | Val Loss: 1.5486 | Val Acc: 0.3393
2025-06-23 13:40:44,144 [INFO] Epoch 006 | Train Loss: 1.9031 | Val Loss: 1.7409 | Val Acc: 0.3750
2025-06-23 13:40:44,155 [INFO] Epoch 007 | Train Loss: 1.9153 | Val Loss: 1.4500 | Val Acc: 0.3214
2025-06-23 13:40:44,167 [INFO] Epoch 008 | Train Loss: 1.9333 | Val Loss: 1.6273 | Val Acc: 0.3036
2025-06-23 13:40:44,179 [INFO] Epoch 009 | Train Loss: 1.5635 | Val Loss: 1.3375 | Val Acc: 0.3571
2025-06-23 13:40:44,189 [INFO] Epoch 010 | Train Loss: 1.6196 | Val Loss: 1.3335 | Val Acc: 0.3750
2025-06-23 13:40:45,316 [INFO] Epoch 011 | Train Loss: 1.4641 | Val Loss: 1.4053 | Val Acc: 0.2500
2025-06-23 13:40:45,328 [INFO] Epoch 012 | Train Loss: 1.4814 | Val Loss: 1.3538 | Val Acc: 0.3750
2025-06-23 13:40:45,339 [INFO] Epoch 013 | Train Loss: 1.4067 | Val Loss: 1.2944 | Val Acc: 0.3750
2025-06-23 13:40:45,354 [INFO] Epoch 014 | Train Loss: 1.3824 | Val Loss: 1.2512 | Val Acc: 0.4107
2025-06-23 13:40:45,355 [INFO] New best model at epoch 14 (Val Acc: 0.4107)
2025-06-23 13:40:45,365 [INFO] Epoch 015 | Train Loss: 1.4115 | Val Loss: 1.3571 | Val Acc: 0.3036
2025-06-23 13:40:45,376 [INFO] Epoch 016 | Train Loss: 1.3688 | Val Loss: 1.3057 | Val Acc: 0.4107
2025-06-23 13:40:45,387 [INFO] Epoch 017 | Train Loss: 1.3890 | Val Loss: 1.2849 | Val Acc: 0.4107
2025-06-23 13:40:45,397 [INFO] Epoch 018 | Train Loss: 1.4335 | Val Loss: 1.2950 | Val Acc: 0.4464
2025-06-23 13:40:45,399 [INFO] New best model at epoch 18 (Val Acc: 0.4464)
2025-06-23 13:40:45,408 [INFO] Epoch 019 | Train Loss: 1.3725 | Val Loss: 1.3598 | Val Acc: 0.3393
2025-06-23 13:40:45,418 [INFO] Epoch 020 | Train Loss: 1.4928 | Val Loss: 1.2906 | Val Acc: 0.3929
2025-06-23 13:40:46,567 [INFO] Epoch 021 | Train Loss: 1.4080 | Val Loss: 1.2586 | Val Acc: 0.4107
2025-06-23 13:40:46,580 [INFO] Epoch 022 | Train Loss: 1.3510 | Val Loss: 1.3042 | Val Acc: 0.3393
2025-06-23 13:40:46,591 [INFO] Epoch 023 | Train Loss: 1.4463 | Val Loss: 1.3513 | Val Acc: 0.3929
2025-06-23 13:40:46,602 [INFO] Epoch 024 | Train Loss: 1.5615 | Val Loss: 1.2805 | Val Acc: 0.3036
2025-06-23 13:40:46,613 [INFO] Epoch 025 | Train Loss: 1.3944 | Val Loss: 1.2821 | Val Acc: 0.4821
2025-06-23 13:40:46,615 [INFO] New best model at epoch 25 (Val Acc: 0.4821)
2025-06-23 13:40:46,626 [INFO] Epoch 026 | Train Loss: 1.3507 | Val Loss: 1.2431 | Val Acc: 0.4464
2025-06-23 13:40:46,638 [INFO] Epoch 027 | Train Loss: 1.3395 | Val Loss: 1.2252 | Val Acc: 0.4286
2025-06-23 13:40:46,648 [INFO] Epoch 028 | Train Loss: 1.4039 | Val Loss: 1.2111 | Val Acc: 0.5000
2025-06-23 13:40:46,649 [INFO] New best model at epoch 28 (Val Acc: 0.5000)
2025-06-23 13:40:46,659 [INFO] Epoch 029 | Train Loss: 1.3843 | Val Loss: 1.2363 | Val Acc: 0.4821
2025-06-23 13:40:46,674 [INFO] Epoch 030 | Train Loss: 1.3263 | Val Loss: 1.2527 | Val Acc: 0.4107
2025-06-23 13:40:47,807 [INFO] Epoch 031 | Train Loss: 1.3102 | Val Loss: 1.2908 | Val Acc: 0.4286
2025-06-23 13:40:47,817 [INFO] Epoch 032 | Train Loss: 1.3422 | Val Loss: 1.2911 | Val Acc: 0.3929
2025-06-23 13:40:47,827 [INFO] Epoch 033 | Train Loss: 1.3346 | Val Loss: 1.2744 | Val Acc: 0.4643
2025-06-23 13:40:47,837 [INFO] Epoch 034 | Train Loss: 1.3580 | Val Loss: 1.2980 | Val Acc: 0.3929
2025-06-23 13:40:47,847 [INFO] Epoch 035 | Train Loss: 1.3022 | Val Loss: 1.2919 | Val Acc: 0.3571
2025-06-23 13:40:47,857 [INFO] Epoch 036 | Train Loss: 1.2973 | Val Loss: 1.2694 | Val Acc: 0.4107
2025-06-23 13:40:47,867 [INFO] Epoch 037 | Train Loss: 1.3161 | Val Loss: 1.3124 | Val Acc: 0.3929
2025-06-23 13:40:47,877 [INFO] Epoch 038 | Train Loss: 1.3143 | Val Loss: 1.2581 | Val Acc: 0.3571
2025-06-23 13:40:47,889 [INFO] Epoch 039 | Train Loss: 1.2902 | Val Loss: 1.2967 | Val Acc: 0.3036
2025-06-23 13:40:47,899 [INFO] Epoch 040 | Train Loss: 1.2467 | Val Loss: 1.2869 | Val Acc: 0.4286
2025-06-23 13:40:49,065 [INFO] Epoch 041 | Train Loss: 1.3252 | Val Loss: 1.5369 | Val Acc: 0.3036
2025-06-23 13:40:49,089 [INFO] Epoch 042 | Train Loss: 1.3050 | Val Loss: 1.2841 | Val Acc: 0.5000
2025-06-23 13:40:49,103 [INFO] Epoch 043 | Train Loss: 1.2828 | Val Loss: 1.2980 | Val Acc: 0.4464
2025-06-23 13:40:49,116 [INFO] Epoch 044 | Train Loss: 1.2647 | Val Loss: 1.2440 | Val Acc: 0.3929
2025-06-23 13:40:49,126 [INFO] Epoch 045 | Train Loss: 1.2361 | Val Loss: 1.2474 | Val Acc: 0.4286
2025-06-23 13:40:49,137 [INFO] Epoch 046 | Train Loss: 1.2784 | Val Loss: 1.2305 | Val Acc: 0.5000
2025-06-23 13:40:49,147 [INFO] Epoch 047 | Train Loss: 1.2826 | Val Loss: 1.3141 | Val Acc: 0.3393
2025-06-23 13:40:49,158 [INFO] Epoch 048 | Train Loss: 1.2910 | Val Loss: 1.2721 | Val Acc: 0.4821
2025-06-23 13:40:49,168 [INFO] Epoch 049 | Train Loss: 1.2544 | Val Loss: 1.2706 | Val Acc: 0.3929
2025-06-23 13:40:49,178 [INFO] Epoch 050 | Train Loss: 1.3108 | Val Loss: 1.2949 | Val Acc: 0.4821
2025-06-23 13:40:50,410 [INFO] Epoch 051 | Train Loss: 1.2912 | Val Loss: 1.2534 | Val Acc: 0.4464
2025-06-23 13:40:50,426 [INFO] Epoch 052 | Train Loss: 1.2342 | Val Loss: 1.2864 | Val Acc: 0.4107
2025-06-23 13:40:50,439 [INFO] Epoch 053 | Train Loss: 1.2257 | Val Loss: 1.2828 | Val Acc: 0.4286
2025-06-23 13:40:50,458 [INFO] Epoch 054 | Train Loss: 1.2238 | Val Loss: 1.3001 | Val Acc: 0.3929
2025-06-23 13:40:50,469 [INFO] Epoch 055 | Train Loss: 1.2092 | Val Loss: 1.2560 | Val Acc: 0.4464
2025-06-23 13:40:50,481 [INFO] Epoch 056 | Train Loss: 1.2444 | Val Loss: 1.2604 | Val Acc: 0.4464
2025-06-23 13:40:50,492 [INFO] Epoch 057 | Train Loss: 1.2403 | Val Loss: 1.2838 | Val Acc: 0.3393
2025-06-23 13:40:50,506 [INFO] Epoch 058 | Train Loss: 1.2737 | Val Loss: 1.2758 | Val Acc: 0.4286
2025-06-23 13:40:50,517 [INFO] Epoch 059 | Train Loss: 1.2392 | Val Loss: 1.2809 | Val Acc: 0.4464
2025-06-23 13:40:50,528 [INFO] Epoch 060 | Train Loss: 1.2160 | Val Loss: 1.3726 | Val Acc: 0.3929
2025-06-23 13:40:55,018 [INFO] Epoch 061 | Train Loss: 1.2311 | Val Loss: 1.3184 | Val Acc: 0.3929
2025-06-23 13:40:55,044 [INFO] Epoch 062 | Train Loss: 1.2208 | Val Loss: 1.3304 | Val Acc: 0.3750
2025-06-23 13:40:55,058 [INFO] Epoch 063 | Train Loss: 1.2696 | Val Loss: 1.2864 | Val Acc: 0.4821
2025-06-23 13:40:55,072 [INFO] Epoch 064 | Train Loss: 1.2135 | Val Loss: 1.3319 | Val Acc: 0.3393
2025-06-23 13:40:55,086 [INFO] Epoch 065 | Train Loss: 1.2276 | Val Loss: 1.3191 | Val Acc: 0.3750
2025-06-23 13:40:55,099 [INFO] Epoch 066 | Train Loss: 1.2481 | Val Loss: 1.2827 | Val Acc: 0.3571
2025-06-23 13:40:55,110 [INFO] Epoch 067 | Train Loss: 1.1935 | Val Loss: 1.2850 | Val Acc: 0.3750
2025-06-23 13:40:55,119 [INFO] Epoch 068 | Train Loss: 1.1991 | Val Loss: 1.2809 | Val Acc: 0.4107
2025-06-23 13:40:55,130 [INFO] Epoch 069 | Train Loss: 1.2289 | Val Loss: 1.2845 | Val Acc: 0.4107
2025-06-23 13:40:55,139 [INFO] Epoch 070 | Train Loss: 1.2217 | Val Loss: 1.2813 | Val Acc: 0.4464
2025-06-23 13:40:57,268 [INFO] Epoch 071 | Train Loss: 1.1709 | Val Loss: 1.2773 | Val Acc: 0.4107
2025-06-23 13:40:57,295 [INFO] Epoch 072 | Train Loss: 1.2267 | Val Loss: 1.2917 | Val Acc: 0.3929
2025-06-23 13:40:57,305 [INFO] Epoch 073 | Train Loss: 1.2830 | Val Loss: 1.3356 | Val Acc: 0.3750
2025-06-23 13:40:57,318 [INFO] Epoch 074 | Train Loss: 1.1937 | Val Loss: 1.3463 | Val Acc: 0.3750
2025-06-23 13:40:57,330 [INFO] Epoch 075 | Train Loss: 1.1738 | Val Loss: 1.2890 | Val Acc: 0.3393
2025-06-23 13:40:57,341 [INFO] Epoch 076 | Train Loss: 1.2213 | Val Loss: 1.2788 | Val Acc: 0.4464
2025-06-23 13:40:57,351 [INFO] Epoch 077 | Train Loss: 1.1816 | Val Loss: 1.2594 | Val Acc: 0.3929
2025-06-23 13:40:57,363 [INFO] Epoch 078 | Train Loss: 1.2080 | Val Loss: 1.2748 | Val Acc: 0.4821
2025-06-23 13:40:57,373 [INFO] Epoch 079 | Train Loss: 1.1939 | Val Loss: 1.2902 | Val Acc: 0.4821
2025-06-23 13:40:57,383 [INFO] Epoch 080 | Train Loss: 1.2093 | Val Loss: 1.2772 | Val Acc: 0.4821
2025-06-23 13:40:58,635 [INFO] Epoch 081 | Train Loss: 1.2425 | Val Loss: 1.3025 | Val Acc: 0.4107
2025-06-23 13:40:58,655 [INFO] Epoch 082 | Train Loss: 1.2328 | Val Loss: 1.3041 | Val Acc: 0.3750
2025-06-23 13:40:58,672 [INFO] Epoch 083 | Train Loss: 1.2101 | Val Loss: 1.2597 | Val Acc: 0.4464
2025-06-23 13:40:58,683 [INFO] Epoch 084 | Train Loss: 1.1692 | Val Loss: 1.2872 | Val Acc: 0.3571
2025-06-23 13:40:58,694 [INFO] Epoch 085 | Train Loss: 1.2342 | Val Loss: 1.3168 | Val Acc: 0.3393
2025-06-23 13:40:58,706 [INFO] Epoch 086 | Train Loss: 1.1956 | Val Loss: 1.3194 | Val Acc: 0.3571
2025-06-23 13:40:58,719 [INFO] Epoch 087 | Train Loss: 1.2097 | Val Loss: 1.3389 | Val Acc: 0.3393
2025-06-23 13:40:58,729 [INFO] Epoch 088 | Train Loss: 1.1710 | Val Loss: 1.3509 | Val Acc: 0.3571
2025-06-23 13:40:58,739 [INFO] Epoch 089 | Train Loss: 1.2008 | Val Loss: 1.3425 | Val Acc: 0.3571
2025-06-23 13:40:58,748 [INFO] Epoch 090 | Train Loss: 1.1964 | Val Loss: 1.3709 | Val Acc: 0.4464
2025-06-23 13:40:59,909 [INFO] Epoch 091 | Train Loss: 1.2151 | Val Loss: 1.2901 | Val Acc: 0.3750
2025-06-23 13:40:59,923 [INFO] Epoch 092 | Train Loss: 1.1624 | Val Loss: 1.3019 | Val Acc: 0.4107
2025-06-23 13:40:59,938 [INFO] Epoch 093 | Train Loss: 1.2161 | Val Loss: 1.3159 | Val Acc: 0.3929
2025-06-23 13:40:59,953 [INFO] Epoch 094 | Train Loss: 1.1931 | Val Loss: 1.3115 | Val Acc: 0.4464
2025-06-23 13:40:59,966 [INFO] Epoch 095 | Train Loss: 1.2468 | Val Loss: 1.3057 | Val Acc: 0.3750
2025-06-23 13:40:59,976 [INFO] Epoch 096 | Train Loss: 1.1717 | Val Loss: 1.2692 | Val Acc: 0.3750
2025-06-23 13:40:59,988 [INFO] Epoch 097 | Train Loss: 1.2145 | Val Loss: 1.2558 | Val Acc: 0.3929
2025-06-23 13:41:00,000 [INFO] Epoch 098 | Train Loss: 1.1771 | Val Loss: 1.2801 | Val Acc: 0.4107
2025-06-23 13:41:00,015 [INFO] Epoch 099 | Train Loss: 1.2013 | Val Loss: 1.2846 | Val Acc: 0.3929
2025-06-23 13:41:00,025 [INFO] Epoch 100 | Train Loss: 1.1843 | Val Loss: 1.3109 | Val Acc: 0.3571
2025-06-23 13:41:01,164 [INFO] Epoch 101 | Train Loss: 1.2310 | Val Loss: 1.2932 | Val Acc: 0.3929
2025-06-23 13:41:01,174 [INFO] Epoch 102 | Train Loss: 1.1666 | Val Loss: 1.2930 | Val Acc: 0.5000
2025-06-23 13:41:01,185 [INFO] Epoch 103 | Train Loss: 1.1704 | Val Loss: 1.2593 | Val Acc: 0.4464
2025-06-23 13:41:01,209 [INFO] Epoch 104 | Train Loss: 1.2197 | Val Loss: 1.2581 | Val Acc: 0.4821
2025-06-23 13:41:01,222 [INFO] Epoch 105 | Train Loss: 1.1871 | Val Loss: 1.2570 | Val Acc: 0.4821
2025-06-23 13:41:01,233 [INFO] Epoch 106 | Train Loss: 1.1518 | Val Loss: 1.2437 | Val Acc: 0.4464
2025-06-23 13:41:01,244 [INFO] Epoch 107 | Train Loss: 1.1850 | Val Loss: 1.2478 | Val Acc: 0.4107
2025-06-23 13:41:01,255 [INFO] Epoch 108 | Train Loss: 1.2259 | Val Loss: 1.3069 | Val Acc: 0.3750
2025-06-23 13:41:01,266 [INFO] Epoch 109 | Train Loss: 1.1611 | Val Loss: 1.3470 | Val Acc: 0.4643
2025-06-23 13:41:01,281 [INFO] Epoch 110 | Train Loss: 1.1836 | Val Loss: 1.3304 | Val Acc: 0.4286
2025-06-23 13:41:02,524 [INFO] Epoch 111 | Train Loss: 1.1861 | Val Loss: 1.3255 | Val Acc: 0.4286
2025-06-23 13:41:02,535 [INFO] Epoch 112 | Train Loss: 1.2463 | Val Loss: 1.2975 | Val Acc: 0.4286
2025-06-23 13:41:02,556 [INFO] Epoch 113 | Train Loss: 1.1978 | Val Loss: 1.2928 | Val Acc: 0.3571
2025-06-23 13:41:02,569 [INFO] Epoch 114 | Train Loss: 1.1889 | Val Loss: 1.2787 | Val Acc: 0.3393
2025-06-23 13:41:02,579 [INFO] Epoch 115 | Train Loss: 1.1632 | Val Loss: 1.2790 | Val Acc: 0.3750
2025-06-23 13:41:02,590 [INFO] Epoch 116 | Train Loss: 1.1968 | Val Loss: 1.2648 | Val Acc: 0.4643
2025-06-23 13:41:02,602 [INFO] Epoch 117 | Train Loss: 1.1825 | Val Loss: 1.2735 | Val Acc: 0.3929
2025-06-23 13:41:02,622 [INFO] Epoch 118 | Train Loss: 1.2089 | Val Loss: 1.2489 | Val Acc: 0.4643
2025-06-23 13:41:02,632 [INFO] Epoch 119 | Train Loss: 1.1817 | Val Loss: 1.2792 | Val Acc: 0.5000
2025-06-23 13:41:02,642 [INFO] Epoch 120 | Train Loss: 1.1509 | Val Loss: 1.2563 | Val Acc: 0.5000
2025-06-23 13:41:03,827 [INFO] Epoch 121 | Train Loss: 1.1905 | Val Loss: 1.2565 | Val Acc: 0.4107
2025-06-23 13:41:03,840 [INFO] Epoch 122 | Train Loss: 1.1657 | Val Loss: 1.2545 | Val Acc: 0.4107
2025-06-23 13:41:03,855 [INFO] Epoch 123 | Train Loss: 1.1690 | Val Loss: 1.2404 | Val Acc: 0.5179
2025-06-23 13:41:03,857 [INFO] New best model at epoch 123 (Val Acc: 0.5179)
2025-06-23 13:41:03,870 [INFO] Epoch 124 | Train Loss: 1.1891 | Val Loss: 1.2569 | Val Acc: 0.4643
2025-06-23 13:41:03,881 [INFO] Epoch 125 | Train Loss: 1.1636 | Val Loss: 1.2547 | Val Acc: 0.4643
2025-06-23 13:41:03,894 [INFO] Epoch 126 | Train Loss: 1.1841 | Val Loss: 1.2576 | Val Acc: 0.4464
2025-06-23 13:41:03,905 [INFO] Epoch 127 | Train Loss: 1.2025 | Val Loss: 1.2498 | Val Acc: 0.4286
2025-06-23 13:41:03,915 [INFO] Epoch 128 | Train Loss: 1.1568 | Val Loss: 1.2497 | Val Acc: 0.4464
2025-06-23 13:41:03,926 [INFO] Epoch 129 | Train Loss: 1.1837 | Val Loss: 1.2767 | Val Acc: 0.4821
2025-06-23 13:41:03,937 [INFO] Epoch 130 | Train Loss: 1.1949 | Val Loss: 1.2786 | Val Acc: 0.4643
2025-06-23 13:41:05,138 [INFO] Epoch 131 | Train Loss: 1.1921 | Val Loss: 1.2748 | Val Acc: 0.4286
2025-06-23 13:41:05,148 [INFO] Epoch 132 | Train Loss: 1.1496 | Val Loss: 1.2897 | Val Acc: 0.4286
2025-06-23 13:41:05,159 [INFO] Epoch 133 | Train Loss: 1.1767 | Val Loss: 1.3282 | Val Acc: 0.4464
2025-06-23 13:41:05,179 [INFO] Epoch 134 | Train Loss: 1.2023 | Val Loss: 1.2876 | Val Acc: 0.3929
2025-06-23 13:41:05,190 [INFO] Epoch 135 | Train Loss: 1.1957 | Val Loss: 1.3070 | Val Acc: 0.4107
2025-06-23 13:41:05,200 [INFO] Epoch 136 | Train Loss: 1.1982 | Val Loss: 1.2988 | Val Acc: 0.3929
2025-06-23 13:41:05,212 [INFO] Epoch 137 | Train Loss: 1.2011 | Val Loss: 1.2897 | Val Acc: 0.4286
2025-06-23 13:41:05,224 [INFO] Epoch 138 | Train Loss: 1.1767 | Val Loss: 1.2788 | Val Acc: 0.4286
2025-06-23 13:41:05,235 [INFO] Epoch 139 | Train Loss: 1.1755 | Val Loss: 1.2717 | Val Acc: 0.4107
2025-06-23 13:41:05,245 [INFO] Epoch 140 | Train Loss: 1.1819 | Val Loss: 1.3001 | Val Acc: 0.3571
2025-06-23 13:41:06,403 [INFO] Epoch 141 | Train Loss: 1.2428 | Val Loss: 1.2768 | Val Acc: 0.4464
2025-06-23 13:41:06,414 [INFO] Epoch 142 | Train Loss: 1.1797 | Val Loss: 1.3115 | Val Acc: 0.4643
2025-06-23 13:41:06,424 [INFO] Epoch 143 | Train Loss: 1.1922 | Val Loss: 1.3278 | Val Acc: 0.4821
2025-06-23 13:41:06,435 [INFO] Epoch 144 | Train Loss: 1.1753 | Val Loss: 1.2709 | Val Acc: 0.3929
2025-06-23 13:41:06,445 [INFO] Epoch 145 | Train Loss: 1.1743 | Val Loss: 1.2573 | Val Acc: 0.3929
2025-06-23 13:41:06,455 [INFO] Epoch 146 | Train Loss: 1.1947 | Val Loss: 1.2638 | Val Acc: 0.3929
2025-06-23 13:41:06,465 [INFO] Epoch 147 | Train Loss: 1.1370 | Val Loss: 1.2580 | Val Acc: 0.4286
2025-06-23 13:41:06,476 [INFO] Epoch 148 | Train Loss: 1.1762 | Val Loss: 1.2559 | Val Acc: 0.5179
2025-06-23 13:41:06,486 [INFO] Epoch 149 | Train Loss: 1.1889 | Val Loss: 1.2533 | Val Acc: 0.4821
2025-06-23 13:41:06,496 [INFO] Epoch 150 | Train Loss: 1.1500 | Val Loss: 1.2708 | Val Acc: 0.3929
2025-06-23 13:41:07,633 [INFO] Epoch 151 | Train Loss: 1.1889 | Val Loss: 1.2684 | Val Acc: 0.4464
2025-06-23 13:41:07,644 [INFO] Epoch 152 | Train Loss: 1.1760 | Val Loss: 1.2754 | Val Acc: 0.4107
2025-06-23 13:41:07,655 [INFO] Epoch 153 | Train Loss: 1.1835 | Val Loss: 1.2941 | Val Acc: 0.4286
2025-06-23 13:41:07,665 [INFO] Epoch 154 | Train Loss: 1.2123 | Val Loss: 1.2863 | Val Acc: 0.4286
2025-06-23 13:41:07,676 [INFO] Epoch 155 | Train Loss: 1.1932 | Val Loss: 1.2824 | Val Acc: 0.3929
2025-06-23 13:41:07,686 [INFO] Epoch 156 | Train Loss: 1.1399 | Val Loss: 1.2756 | Val Acc: 0.3750
2025-06-23 13:41:07,697 [INFO] Epoch 157 | Train Loss: 1.1580 | Val Loss: 1.2747 | Val Acc: 0.3750
2025-06-23 13:41:07,707 [INFO] Epoch 158 | Train Loss: 1.1736 | Val Loss: 1.2903 | Val Acc: 0.3750
2025-06-23 13:41:07,717 [INFO] Epoch 159 | Train Loss: 1.1847 | Val Loss: 1.2632 | Val Acc: 0.4107
2025-06-23 13:41:07,730 [INFO] Epoch 160 | Train Loss: 1.2175 | Val Loss: 1.2606 | Val Acc: 0.4107
2025-06-23 13:41:08,954 [INFO] Epoch 161 | Train Loss: 1.2012 | Val Loss: 1.2749 | Val Acc: 0.4821
2025-06-23 13:41:08,964 [INFO] Epoch 162 | Train Loss: 1.1953 | Val Loss: 1.2738 | Val Acc: 0.4464
2025-06-23 13:41:08,974 [INFO] Epoch 163 | Train Loss: 1.1545 | Val Loss: 1.2679 | Val Acc: 0.4107
2025-06-23 13:41:08,985 [INFO] Epoch 164 | Train Loss: 1.1625 | Val Loss: 1.2817 | Val Acc: 0.3571
2025-06-23 13:41:08,996 [INFO] Epoch 165 | Train Loss: 1.1793 | Val Loss: 1.2955 | Val Acc: 0.3929
2025-06-23 13:41:09,008 [INFO] Epoch 166 | Train Loss: 1.1848 | Val Loss: 1.2888 | Val Acc: 0.4464
2025-06-23 13:41:09,018 [INFO] Epoch 167 | Train Loss: 1.1587 | Val Loss: 1.2620 | Val Acc: 0.4107
2025-06-23 13:41:09,028 [INFO] Epoch 168 | Train Loss: 1.1536 | Val Loss: 1.2663 | Val Acc: 0.3750
2025-06-23 13:41:09,039 [INFO] Epoch 169 | Train Loss: 1.1518 | Val Loss: 1.2595 | Val Acc: 0.4286
2025-06-23 13:41:09,050 [INFO] Epoch 170 | Train Loss: 1.1658 | Val Loss: 1.2443 | Val Acc: 0.4107
2025-06-23 13:41:10,224 [INFO] Epoch 171 | Train Loss: 1.1776 | Val Loss: 1.2356 | Val Acc: 0.4107
2025-06-23 13:41:10,234 [INFO] Epoch 172 | Train Loss: 1.2016 | Val Loss: 1.2186 | Val Acc: 0.4464
2025-06-23 13:41:10,244 [INFO] Epoch 173 | Train Loss: 1.2010 | Val Loss: 1.2374 | Val Acc: 0.4107
2025-06-23 13:41:10,254 [INFO] Epoch 174 | Train Loss: 1.1742 | Val Loss: 1.2997 | Val Acc: 0.4464
2025-06-23 13:41:10,264 [INFO] Epoch 175 | Train Loss: 1.1704 | Val Loss: 1.3281 | Val Acc: 0.3929
2025-06-23 13:41:10,275 [INFO] Epoch 176 | Train Loss: 1.1302 | Val Loss: 1.3159 | Val Acc: 0.3214
2025-06-23 13:41:10,286 [INFO] Epoch 177 | Train Loss: 1.1854 | Val Loss: 1.2936 | Val Acc: 0.4643
2025-06-23 13:41:10,296 [INFO] Epoch 178 | Train Loss: 1.1258 | Val Loss: 1.2672 | Val Acc: 0.4286
2025-06-23 13:41:10,307 [INFO] Epoch 179 | Train Loss: 1.1808 | Val Loss: 1.2630 | Val Acc: 0.3929
2025-06-23 13:41:10,317 [INFO] Epoch 180 | Train Loss: 1.1332 | Val Loss: 1.2466 | Val Acc: 0.4107
2025-06-23 13:41:14,762 [INFO] Epoch 181 | Train Loss: 1.2167 | Val Loss: 1.2894 | Val Acc: 0.3750
2025-06-23 13:41:14,815 [INFO] Epoch 182 | Train Loss: 1.1540 | Val Loss: 1.3290 | Val Acc: 0.3750
2025-06-23 13:41:14,856 [INFO] Epoch 183 | Train Loss: 1.1756 | Val Loss: 1.2875 | Val Acc: 0.4821
2025-06-23 13:41:14,892 [INFO] Epoch 184 | Train Loss: 1.1642 | Val Loss: 1.4330 | Val Acc: 0.4464
2025-06-23 13:41:14,923 [INFO] Epoch 185 | Train Loss: 1.1183 | Val Loss: 1.3239 | Val Acc: 0.4643
2025-06-23 13:41:14,933 [INFO] Epoch 186 | Train Loss: 1.1326 | Val Loss: 1.2890 | Val Acc: 0.3929
2025-06-23 13:41:14,943 [INFO] Epoch 187 | Train Loss: 1.1687 | Val Loss: 1.2783 | Val Acc: 0.3929
2025-06-23 13:41:14,953 [INFO] Epoch 188 | Train Loss: 1.1533 | Val Loss: 1.2666 | Val Acc: 0.3750
2025-06-23 13:41:14,962 [INFO] Epoch 189 | Train Loss: 1.1665 | Val Loss: 1.2942 | Val Acc: 0.3571
2025-06-23 13:41:14,972 [INFO] Epoch 190 | Train Loss: 1.1488 | Val Loss: 1.2575 | Val Acc: 0.4286
2025-06-23 13:41:16,219 [INFO] Epoch 191 | Train Loss: 1.1291 | Val Loss: 1.2792 | Val Acc: 0.4286
2025-06-23 13:41:16,230 [INFO] Epoch 192 | Train Loss: 1.1383 | Val Loss: 1.2912 | Val Acc: 0.5000
2025-06-23 13:41:16,243 [INFO] Epoch 193 | Train Loss: 1.1558 | Val Loss: 1.3045 | Val Acc: 0.4821
2025-06-23 13:41:16,253 [INFO] Epoch 194 | Train Loss: 1.1561 | Val Loss: 1.2879 | Val Acc: 0.4107
2025-06-23 13:41:16,262 [INFO] Epoch 195 | Train Loss: 1.1569 | Val Loss: 1.2906 | Val Acc: 0.3750
2025-06-23 13:41:16,273 [INFO] Epoch 196 | Train Loss: 1.1647 | Val Loss: 1.2838 | Val Acc: 0.3214
2025-06-23 13:41:16,284 [INFO] Epoch 197 | Train Loss: 1.1158 | Val Loss: 1.2635 | Val Acc: 0.3929
2025-06-23 13:41:16,294 [INFO] Epoch 198 | Train Loss: 1.1353 | Val Loss: 1.2768 | Val Acc: 0.3929
2025-06-23 13:41:16,305 [INFO] Epoch 199 | Train Loss: 1.1144 | Val Loss: 1.3350 | Val Acc: 0.4286
2025-06-23 13:41:16,315 [INFO] Epoch 200 | Train Loss: 1.1589 | Val Loss: 1.3627 | Val Acc: 0.3929
2025-06-23 13:41:20,595 [INFO] Epoch 201 | Train Loss: 1.1277 | Val Loss: 1.3476 | Val Acc: 0.3571
2025-06-23 13:41:20,666 [INFO] Epoch 202 | Train Loss: 1.1223 | Val Loss: 1.3002 | Val Acc: 0.4286
2025-06-23 13:41:20,685 [INFO] Epoch 203 | Train Loss: 1.1443 | Val Loss: 1.3106 | Val Acc: 0.4464
2025-06-23 13:41:20,707 [INFO] Epoch 204 | Train Loss: 1.1927 | Val Loss: 1.3754 | Val Acc: 0.4286
2025-06-23 13:41:20,719 [INFO] Epoch 205 | Train Loss: 1.1901 | Val Loss: 1.3131 | Val Acc: 0.3929
2025-06-23 13:41:20,730 [INFO] Epoch 206 | Train Loss: 1.1480 | Val Loss: 1.6245 | Val Acc: 0.3750
2025-06-23 13:41:20,744 [INFO] Epoch 207 | Train Loss: 1.1681 | Val Loss: 1.3709 | Val Acc: 0.4286
2025-06-23 13:41:20,756 [INFO] Epoch 208 | Train Loss: 1.1457 | Val Loss: 1.3229 | Val Acc: 0.3750
2025-06-23 13:41:20,769 [INFO] Epoch 209 | Train Loss: 1.1788 | Val Loss: 1.3123 | Val Acc: 0.3571
2025-06-23 13:41:20,780 [INFO] Epoch 210 | Train Loss: 1.1609 | Val Loss: 1.2919 | Val Acc: 0.4107
2025-06-23 13:41:22,490 [INFO] Epoch 211 | Train Loss: 1.1270 | Val Loss: 1.2868 | Val Acc: 0.4464
2025-06-23 13:41:22,525 [INFO] Epoch 212 | Train Loss: 1.1495 | Val Loss: 1.2815 | Val Acc: 0.4107
2025-06-23 13:41:22,547 [INFO] Epoch 213 | Train Loss: 1.1931 | Val Loss: 1.2893 | Val Acc: 0.4286
2025-06-23 13:41:22,566 [INFO] Epoch 214 | Train Loss: 1.1365 | Val Loss: 1.2678 | Val Acc: 0.3929
2025-06-23 13:41:22,592 [INFO] Epoch 215 | Train Loss: 1.1298 | Val Loss: 1.2498 | Val Acc: 0.4107
2025-06-23 13:41:22,612 [INFO] Epoch 216 | Train Loss: 1.1848 | Val Loss: 1.2612 | Val Acc: 0.3929
2025-06-23 13:41:22,627 [INFO] Epoch 217 | Train Loss: 1.1172 | Val Loss: 1.2696 | Val Acc: 0.4107
2025-06-23 13:41:22,645 [INFO] Epoch 218 | Train Loss: 1.0944 | Val Loss: 1.2765 | Val Acc: 0.4286
2025-06-23 13:41:22,657 [INFO] Epoch 219 | Train Loss: 1.1487 | Val Loss: 1.2666 | Val Acc: 0.4286
2025-06-23 13:41:22,670 [INFO] Epoch 220 | Train Loss: 1.1168 | Val Loss: 1.2835 | Val Acc: 0.4107
2025-06-23 13:41:23,886 [INFO] Epoch 221 | Train Loss: 1.1548 | Val Loss: 1.4403 | Val Acc: 0.4643
2025-06-23 13:41:23,898 [INFO] Epoch 222 | Train Loss: 1.1729 | Val Loss: 1.3889 | Val Acc: 0.3929
2025-06-23 13:41:23,909 [INFO] Epoch 223 | Train Loss: 1.1262 | Val Loss: 1.3610 | Val Acc: 0.3571
2025-06-23 13:41:23,918 [INFO] Epoch 224 | Train Loss: 1.1588 | Val Loss: 1.2982 | Val Acc: 0.4286
2025-06-23 13:41:23,929 [INFO] Epoch 225 | Train Loss: 1.1315 | Val Loss: 1.2685 | Val Acc: 0.3929
2025-06-23 13:41:23,941 [INFO] Epoch 226 | Train Loss: 1.1098 | Val Loss: 1.2677 | Val Acc: 0.4286
2025-06-23 13:41:23,950 [INFO] Epoch 227 | Train Loss: 1.1494 | Val Loss: 1.2814 | Val Acc: 0.3929
2025-06-23 13:41:23,960 [INFO] Epoch 228 | Train Loss: 1.1818 | Val Loss: 1.2898 | Val Acc: 0.3750
2025-06-23 13:41:23,970 [INFO] Epoch 229 | Train Loss: 1.0909 | Val Loss: 1.3386 | Val Acc: 0.3750
2025-06-23 13:41:23,979 [INFO] Epoch 230 | Train Loss: 1.1333 | Val Loss: 1.3531 | Val Acc: 0.3750
2025-06-23 13:41:25,117 [INFO] Epoch 231 | Train Loss: 1.1957 | Val Loss: 1.2703 | Val Acc: 0.4464
2025-06-23 13:41:25,127 [INFO] Epoch 232 | Train Loss: 1.1342 | Val Loss: 1.2778 | Val Acc: 0.3571
2025-06-23 13:41:25,142 [INFO] Epoch 233 | Train Loss: 1.1129 | Val Loss: 1.3229 | Val Acc: 0.3571
2025-06-23 13:41:25,155 [INFO] Epoch 234 | Train Loss: 1.1089 | Val Loss: 1.3055 | Val Acc: 0.3929
2025-06-23 13:41:25,165 [INFO] Epoch 235 | Train Loss: 1.1436 | Val Loss: 1.2463 | Val Acc: 0.4107
2025-06-23 13:41:25,175 [INFO] Epoch 236 | Train Loss: 1.1406 | Val Loss: 1.2335 | Val Acc: 0.3750
2025-06-23 13:41:25,186 [INFO] Epoch 237 | Train Loss: 1.0873 | Val Loss: 1.3733 | Val Acc: 0.3929
2025-06-23 13:41:25,197 [INFO] Epoch 238 | Train Loss: 1.1136 | Val Loss: 1.4313 | Val Acc: 0.3929
2025-06-23 13:41:25,207 [INFO] Epoch 239 | Train Loss: 1.1200 | Val Loss: 1.2474 | Val Acc: 0.4464
2025-06-23 13:41:25,217 [INFO] Epoch 240 | Train Loss: 1.0905 | Val Loss: 1.3571 | Val Acc: 0.4286
2025-06-23 13:41:26,392 [INFO] Epoch 241 | Train Loss: 1.1262 | Val Loss: 1.4305 | Val Acc: 0.4464
2025-06-23 13:41:26,402 [INFO] Epoch 242 | Train Loss: 1.1065 | Val Loss: 1.4657 | Val Acc: 0.4464
2025-06-23 13:41:26,411 [INFO] Epoch 243 | Train Loss: 1.1381 | Val Loss: 1.3436 | Val Acc: 0.4464
2025-06-23 13:41:26,421 [INFO] Epoch 244 | Train Loss: 1.1886 | Val Loss: 1.3212 | Val Acc: 0.4286
2025-06-23 13:41:26,430 [INFO] Epoch 245 | Train Loss: 1.1439 | Val Loss: 1.2925 | Val Acc: 0.3750
2025-06-23 13:41:26,440 [INFO] Epoch 246 | Train Loss: 1.1680 | Val Loss: 1.2722 | Val Acc: 0.3571
2025-06-23 13:41:26,451 [INFO] Epoch 247 | Train Loss: 1.1810 | Val Loss: 1.3125 | Val Acc: 0.3036
2025-06-23 13:41:26,461 [INFO] Epoch 248 | Train Loss: 1.1256 | Val Loss: 1.2901 | Val Acc: 0.3929
2025-06-23 13:41:26,472 [INFO] Epoch 249 | Train Loss: 1.1250 | Val Loss: 1.2751 | Val Acc: 0.3929
2025-06-23 13:41:26,483 [INFO] Epoch 250 | Train Loss: 1.1341 | Val Loss: 1.2723 | Val Acc: 0.4286
2025-06-23 13:41:27,606 [INFO] Epoch 251 | Train Loss: 1.1473 | Val Loss: 1.3515 | Val Acc: 0.4821
2025-06-23 13:41:27,615 [INFO] Epoch 252 | Train Loss: 1.1042 | Val Loss: 1.3712 | Val Acc: 0.4821
2025-06-23 13:41:27,627 [INFO] Epoch 253 | Train Loss: 1.2041 | Val Loss: 1.3013 | Val Acc: 0.4107
2025-06-23 13:41:27,637 [INFO] Epoch 254 | Train Loss: 1.1237 | Val Loss: 1.3648 | Val Acc: 0.3571
2025-06-23 13:41:27,647 [INFO] Epoch 255 | Train Loss: 1.0862 | Val Loss: 1.3719 | Val Acc: 0.4107
2025-06-23 13:41:27,658 [INFO] Epoch 256 | Train Loss: 1.1392 | Val Loss: 1.3579 | Val Acc: 0.4107
2025-06-23 13:41:27,670 [INFO] Epoch 257 | Train Loss: 1.1303 | Val Loss: 1.3563 | Val Acc: 0.3750
2025-06-23 13:41:27,680 [INFO] Epoch 258 | Train Loss: 1.1578 | Val Loss: 1.3806 | Val Acc: 0.3929
2025-06-23 13:41:27,689 [INFO] Epoch 259 | Train Loss: 1.1296 | Val Loss: 1.3642 | Val Acc: 0.4286
2025-06-23 13:41:27,699 [INFO] Epoch 260 | Train Loss: 1.1101 | Val Loss: 1.3291 | Val Acc: 0.4107
2025-06-23 13:41:28,840 [INFO] Epoch 261 | Train Loss: 1.0925 | Val Loss: 1.2628 | Val Acc: 0.4464
2025-06-23 13:41:28,852 [INFO] Epoch 262 | Train Loss: 1.1127 | Val Loss: 1.2754 | Val Acc: 0.4286
2025-06-23 13:41:28,865 [INFO] Epoch 263 | Train Loss: 1.0961 | Val Loss: 1.2947 | Val Acc: 0.4286
2025-06-23 13:41:28,875 [INFO] Epoch 264 | Train Loss: 1.1049 | Val Loss: 1.2456 | Val Acc: 0.3929
2025-06-23 13:41:28,887 [INFO] Epoch 265 | Train Loss: 1.1815 | Val Loss: 1.2591 | Val Acc: 0.4464
2025-06-23 13:41:28,898 [INFO] Epoch 266 | Train Loss: 1.0788 | Val Loss: 1.6184 | Val Acc: 0.3214
2025-06-23 13:41:28,908 [INFO] Epoch 267 | Train Loss: 1.1342 | Val Loss: 1.4753 | Val Acc: 0.4107
2025-06-23 13:41:28,918 [INFO] Epoch 268 | Train Loss: 1.1135 | Val Loss: 1.4018 | Val Acc: 0.4107
2025-06-23 13:41:28,927 [INFO] Epoch 269 | Train Loss: 1.0842 | Val Loss: 1.3302 | Val Acc: 0.3750
2025-06-23 13:41:28,937 [INFO] Epoch 270 | Train Loss: 1.1172 | Val Loss: 1.3201 | Val Acc: 0.3929
2025-06-23 13:41:30,142 [INFO] Epoch 271 | Train Loss: 1.1241 | Val Loss: 1.2963 | Val Acc: 0.4286
2025-06-23 13:41:30,153 [INFO] Epoch 272 | Train Loss: 1.0882 | Val Loss: 1.2782 | Val Acc: 0.3750
2025-06-23 13:41:30,162 [INFO] Epoch 273 | Train Loss: 1.1055 | Val Loss: 1.2771 | Val Acc: 0.4286
2025-06-23 13:41:30,163 [INFO] Early stopping at epoch 273 (no improvement in 150 epochs).
2025-06-23 13:41:30,165 [INFO] Best model saved to <built-in function time>/ENZYMES/best/best_source_gin.pth (Val Acc: 0.5179 at epoch 123)
2025-06-23 13:41:30,165 [INFO] Training/validation metrics saved to <built-in function time>/ENZYMES/GIN_0.01/train_metrics.csv
2025-06-23 13:41:31,311 [INFO] Final training curves saved
2025-06-23 13:41:31,311 [INFO] Training completed!
2025-06-23 13:41:31,311 [INFO] Best validation accuracy: 0.5179
2025-06-23 13:41:31,311 [INFO] Best epoch: 123
2025-06-23 13:41:31,311 [INFO] Total epochs trained: 273
2025-06-23 13:41:31,312 [INFO] Starting training with parameters: (0.01, 0.3, 32, 1, 300, 0.001)
