2025-06-20 16:54:18,497 [INFO] Using device: cpu
2025-06-20 16:54:18,497 [INFO] 开始创建数据加载器...
2025-06-20 16:54:18,501 [INFO] Successfully loaded dataset ENZYMES from ./data, total graphs: 600
2025-06-20 16:54:18,501 [INFO] Class allocation analysis:
2025-06-20 16:54:18,501 [INFO]   Source classes: [0, 1, 2, 3]
2025-06-20 16:54:18,501 [INFO]   Target classes: [0, 1, 2, 3, 4, 5]
2025-06-20 16:54:18,501 [INFO]   Overlap classes (to be split): [0, 1, 2, 3]
2025-06-20 16:54:18,501 [INFO]   Target novel classes (unknown): [4, 5]
2025-06-20 16:54:18,516 [INFO]   Class 0: 100 total -> Source: 70, Target: 30
2025-06-20 16:54:18,516 [INFO]   Class 1: 100 total -> Source: 70, Target: 30
2025-06-20 16:54:18,517 [INFO]   Class 2: 100 total -> Source: 70, Target: 30
2025-06-20 16:54:18,517 [INFO]   Class 3: 100 total -> Source: 70, Target: 30
2025-06-20 16:54:18,517 [INFO]   Class 4 (novel/unknown): 100 samples -> Target
2025-06-20 16:54:18,517 [INFO]   Class 5 (novel/unknown): 100 samples -> Target
2025-06-20 16:54:18,517 [INFO] Final allocation:
2025-06-20 16:54:18,517 [INFO]   Source domain: 280 samples
2025-06-20 16:54:18,517 [INFO]   Target domain: 320 samples
2025-06-20 16:54:18,518 [INFO] Source domain setup:
2025-06-20 16:54:18,518 [INFO]   Original classes: [0, 1, 2, 3]
2025-06-20 16:54:18,518 [INFO]   Overlap classes used: [0, 1, 2, 3]
2025-06-20 16:54:18,518 [INFO]   Label mapping: {0: 0, 1: 1, 2: 2, 3: 3}
2025-06-20 16:54:18,518 [INFO]   Total data after allocation: 280
2025-06-20 16:54:18,518 [INFO]   Data split - Train: 224, Val: 56
2025-06-20 16:54:18,518 [INFO]   Train label distribution: {0: 56, 1: 56, 3: 56, 2: 56}
2025-06-20 16:54:18,518 [INFO]   Val label distribution: {1: 14, 2: 14, 0: 14, 3: 14}
2025-06-20 16:54:18,520 [INFO] Successfully loaded dataset ENZYMES from ./data, total graphs: 600
2025-06-20 16:54:18,520 [INFO] Class allocation analysis:
2025-06-20 16:54:18,521 [INFO]   Source classes: [0, 1, 2, 3]
2025-06-20 16:54:18,521 [INFO]   Target classes: [0, 1, 2, 3, 4, 5]
2025-06-20 16:54:18,521 [INFO]   Overlap classes (to be split): [0, 1, 2, 3]
2025-06-20 16:54:18,521 [INFO]   Target novel classes (unknown): [4, 5]
2025-06-20 16:54:18,536 [INFO]   Class 0: 100 total -> Source: 70, Target: 30
2025-06-20 16:54:18,536 [INFO]   Class 1: 100 total -> Source: 70, Target: 30
2025-06-20 16:54:18,536 [INFO]   Class 2: 100 total -> Source: 70, Target: 30
2025-06-20 16:54:18,536 [INFO]   Class 3: 100 total -> Source: 70, Target: 30
2025-06-20 16:54:18,536 [INFO]   Class 4 (novel/unknown): 100 samples -> Target
2025-06-20 16:54:18,536 [INFO]   Class 5 (novel/unknown): 100 samples -> Target
2025-06-20 16:54:18,536 [INFO] Final allocation:
2025-06-20 16:54:18,536 [INFO]   Source domain: 280 samples
2025-06-20 16:54:18,536 [INFO]   Target domain: 320 samples
2025-06-20 16:54:18,538 [INFO] Target domain setup:
2025-06-20 16:54:18,538 [INFO]   Original classes: [0, 1, 2, 3, 4, 5]
2025-06-20 16:54:18,538 [INFO]   Overlap classes: [0, 1, 2, 3]
2025-06-20 16:54:18,538 [INFO]   Novel classes: [4, 5] -> mapped to unknown label 4
2025-06-20 16:54:18,538 [INFO]   Label mapping: {0: 0, 1: 1, 2: 2, 3: 3, 4: 4, 5: 4}
2025-06-20 16:54:18,538 [INFO]   Total data after allocation: 320
2025-06-20 16:54:18,538 [INFO]   Data split - Train: 256, Val: 64
2025-06-20 16:54:18,538 [INFO]   Total count: 320 (known: 120, unknown: 200)
2025-06-20 16:54:18,538 [INFO]   Total label distribution: {4: 200, 3: 30, 0: 30, 1: 30, 2: 30}
2025-06-20 16:54:18,538 [INFO]   Train label distribution: {4: 160, 0: 24, 2: 24, 3: 24, 1: 24}
2025-06-20 16:54:18,538 [INFO]   Val label distribution: {1: 6, 4: 40, 3: 6, 0: 6, 2: 6}
2025-06-20 16:54:18,538 [INFO] 数据加载器创建完成!
2025-06-20 16:54:18,539 [INFO] 源域类别数: 4 (重叠类别)
2025-06-20 16:54:18,539 [INFO] 目标域类别数: 5 (4个重叠类别 + 1个未知类别)
2025-06-20 16:54:18,539 [INFO] 重叠类别: [0, 1, 2, 3]
2025-06-20 16:54:18,539 [INFO] 目标域新类别: [4, 5]
2025-06-20 16:54:18,539 [INFO] Data allocation verification:
2025-06-20 16:54:18,539 [INFO]   Source data samples: 280
2025-06-20 16:54:18,539 [INFO]   Target data samples: 320
2025-06-20 16:54:18,539 [INFO]   Overlapping samples: 0
2025-06-20 16:54:18,539 [INFO]   ✓ Data allocation is correct - no overlapping samples
2025-06-20 16:54:18,543 [INFO] Model initialized with 599300 parameters
2025-06-20 16:54:18,543 [INFO] Previous best validation accuracy read from record.txt: 0.6071
2025-06-20 16:54:18,543 [INFO] Starting training...
2025-06-20 16:54:18,697 [INFO] Epoch 001 | Train Loss: 6.6964 | Val Loss: 1.3907 | Val Acc: 0.2143
2025-06-20 16:54:18,802 [INFO] New best model at epoch 1 (Val Acc: 0.2143)
2025-06-20 16:54:18,924 [INFO] Epoch 002 | Train Loss: 4.8323 | Val Loss: 1.4607 | Val Acc: 0.2500
2025-06-20 16:54:18,937 [INFO] New best model at epoch 2 (Val Acc: 0.2500)
2025-06-20 16:54:19,094 [INFO] Epoch 003 | Train Loss: 3.9252 | Val Loss: 1.7080 | Val Acc: 0.2679
2025-06-20 16:54:19,109 [INFO] New best model at epoch 3 (Val Acc: 0.2679)
2025-06-20 16:54:19,252 [INFO] Epoch 004 | Train Loss: 4.0988 | Val Loss: 2.0800 | Val Acc: 0.3214
2025-06-20 16:54:19,267 [INFO] New best model at epoch 4 (Val Acc: 0.3214)
2025-06-20 16:54:19,415 [INFO] Epoch 005 | Train Loss: 3.1733 | Val Loss: 2.6313 | Val Acc: 0.2857
2025-06-20 16:54:19,562 [INFO] Epoch 006 | Train Loss: 3.3931 | Val Loss: 2.2660 | Val Acc: 0.3393
2025-06-20 16:54:19,577 [INFO] New best model at epoch 6 (Val Acc: 0.3393)
2025-06-20 16:54:19,708 [INFO] Epoch 007 | Train Loss: 3.2994 | Val Loss: 2.6693 | Val Acc: 0.2857
2025-06-20 16:54:19,897 [INFO] Epoch 008 | Train Loss: 2.3099 | Val Loss: 3.5832 | Val Acc: 0.3393
2025-06-20 16:54:20,035 [INFO] Epoch 009 | Train Loss: 2.5946 | Val Loss: 3.2109 | Val Acc: 0.2500
2025-06-20 16:54:20,195 [INFO] Epoch 010 | Train Loss: 2.5748 | Val Loss: 2.4150 | Val Acc: 0.3929
2025-06-20 16:54:20,310 [INFO] New best model at epoch 10 (Val Acc: 0.3929)
2025-06-20 16:54:20,460 [INFO] Epoch 011 | Train Loss: 2.4914 | Val Loss: 2.6979 | Val Acc: 0.4286
2025-06-20 16:54:20,475 [INFO] New best model at epoch 11 (Val Acc: 0.4286)
2025-06-20 16:54:20,605 [INFO] Epoch 012 | Train Loss: 2.3997 | Val Loss: 2.5040 | Val Acc: 0.4286
2025-06-20 16:54:20,728 [INFO] Epoch 013 | Train Loss: 2.5004 | Val Loss: 3.6969 | Val Acc: 0.3214
2025-06-20 16:54:20,852 [INFO] Epoch 014 | Train Loss: 2.6877 | Val Loss: 3.5627 | Val Acc: 0.3036
2025-06-20 16:54:20,963 [INFO] Epoch 015 | Train Loss: 2.0934 | Val Loss: 3.0377 | Val Acc: 0.3750
2025-06-20 16:54:21,085 [INFO] Epoch 016 | Train Loss: 2.0801 | Val Loss: 3.7192 | Val Acc: 0.3929
2025-06-20 16:54:21,254 [INFO] Epoch 017 | Train Loss: 1.5700 | Val Loss: 2.7735 | Val Acc: 0.4464
2025-06-20 16:54:21,269 [INFO] New best model at epoch 17 (Val Acc: 0.4464)
2025-06-20 16:54:21,404 [INFO] Epoch 018 | Train Loss: 2.2286 | Val Loss: 2.8049 | Val Acc: 0.3750
2025-06-20 16:54:21,540 [INFO] Epoch 019 | Train Loss: 2.6980 | Val Loss: 2.9720 | Val Acc: 0.4286
2025-06-20 16:54:21,687 [INFO] Epoch 020 | Train Loss: 1.8114 | Val Loss: 2.8350 | Val Acc: 0.3750
2025-06-20 16:54:21,976 [INFO] Epoch 021 | Train Loss: 1.9439 | Val Loss: 3.1483 | Val Acc: 0.4107
2025-06-20 16:54:22,128 [INFO] Epoch 022 | Train Loss: 1.8920 | Val Loss: 3.2040 | Val Acc: 0.3214
2025-06-20 16:54:22,262 [INFO] Epoch 023 | Train Loss: 1.8517 | Val Loss: 3.1845 | Val Acc: 0.3571
2025-06-20 16:54:22,409 [INFO] Epoch 024 | Train Loss: 1.8420 | Val Loss: 2.5678 | Val Acc: 0.4286
2025-06-20 16:54:22,543 [INFO] Epoch 025 | Train Loss: 1.3688 | Val Loss: 2.3390 | Val Acc: 0.4286
2025-06-20 16:54:22,682 [INFO] Epoch 026 | Train Loss: 1.7648 | Val Loss: 2.1766 | Val Acc: 0.5357
2025-06-20 16:54:22,699 [INFO] New best model at epoch 26 (Val Acc: 0.5357)
2025-06-20 16:54:22,833 [INFO] Epoch 027 | Train Loss: 1.4255 | Val Loss: 2.1679 | Val Acc: 0.4821
2025-06-20 16:54:22,961 [INFO] Epoch 028 | Train Loss: 1.0438 | Val Loss: 2.0719 | Val Acc: 0.4464
2025-06-20 16:54:23,090 [INFO] Epoch 029 | Train Loss: 1.0439 | Val Loss: 2.3347 | Val Acc: 0.4464
2025-06-20 16:54:23,236 [INFO] Epoch 030 | Train Loss: 0.9415 | Val Loss: 2.2802 | Val Acc: 0.4286
2025-06-20 16:54:23,498 [INFO] Epoch 031 | Train Loss: 0.9750 | Val Loss: 1.9416 | Val Acc: 0.4643
2025-06-20 16:54:23,634 [INFO] Epoch 032 | Train Loss: 1.2654 | Val Loss: 2.4832 | Val Acc: 0.3214
2025-06-20 16:54:23,755 [INFO] Epoch 033 | Train Loss: 1.1855 | Val Loss: 3.2265 | Val Acc: 0.3750
2025-06-20 16:54:23,867 [INFO] Epoch 034 | Train Loss: 0.9168 | Val Loss: 3.1330 | Val Acc: 0.5000
2025-06-20 16:54:24,000 [INFO] Epoch 035 | Train Loss: 1.0729 | Val Loss: 2.7105 | Val Acc: 0.4643
2025-06-20 16:54:24,122 [INFO] Epoch 036 | Train Loss: 0.8326 | Val Loss: 2.8053 | Val Acc: 0.4643
2025-06-20 16:54:24,252 [INFO] Epoch 037 | Train Loss: 1.0990 | Val Loss: 2.3515 | Val Acc: 0.4286
2025-06-20 16:54:24,366 [INFO] Epoch 038 | Train Loss: 0.8777 | Val Loss: 2.1378 | Val Acc: 0.4821
2025-06-20 16:54:24,496 [INFO] Epoch 039 | Train Loss: 0.8142 | Val Loss: 2.8914 | Val Acc: 0.4821
2025-06-20 16:54:24,619 [INFO] Epoch 040 | Train Loss: 1.6697 | Val Loss: 2.2505 | Val Acc: 0.5536
2025-06-20 16:54:24,742 [INFO] New best model at epoch 40 (Val Acc: 0.5536)
2025-06-20 16:54:24,883 [INFO] Epoch 041 | Train Loss: 1.2263 | Val Loss: 2.3738 | Val Acc: 0.4464
2025-06-20 16:54:25,015 [INFO] Epoch 042 | Train Loss: 0.9004 | Val Loss: 2.8596 | Val Acc: 0.4107
2025-06-20 16:54:25,144 [INFO] Epoch 043 | Train Loss: 0.8094 | Val Loss: 3.0990 | Val Acc: 0.4286
2025-06-20 16:54:25,274 [INFO] Epoch 044 | Train Loss: 0.8803 | Val Loss: 3.8764 | Val Acc: 0.3750
2025-06-20 16:54:25,396 [INFO] Epoch 045 | Train Loss: 0.8484 | Val Loss: 3.1674 | Val Acc: 0.3750
2025-06-20 16:54:25,516 [INFO] Epoch 046 | Train Loss: 0.7861 | Val Loss: 2.5983 | Val Acc: 0.4464
2025-06-20 16:54:25,643 [INFO] Epoch 047 | Train Loss: 0.7763 | Val Loss: 2.4204 | Val Acc: 0.5000
2025-06-20 16:54:25,767 [INFO] Epoch 048 | Train Loss: 0.9128 | Val Loss: 2.4274 | Val Acc: 0.4821
2025-06-20 16:54:25,897 [INFO] Epoch 049 | Train Loss: 0.8219 | Val Loss: 2.4931 | Val Acc: 0.3750
2025-06-20 16:54:26,030 [INFO] Epoch 050 | Train Loss: 0.9167 | Val Loss: 2.7923 | Val Acc: 0.4107
2025-06-20 16:54:26,283 [INFO] Epoch 051 | Train Loss: 0.5896 | Val Loss: 2.8395 | Val Acc: 0.4286
2025-06-20 16:54:26,416 [INFO] Epoch 052 | Train Loss: 0.9294 | Val Loss: 2.7994 | Val Acc: 0.3750
2025-06-20 16:54:26,542 [INFO] Epoch 053 | Train Loss: 0.8683 | Val Loss: 2.9888 | Val Acc: 0.4464
2025-06-20 16:54:26,670 [INFO] Epoch 054 | Train Loss: 0.5679 | Val Loss: 2.7955 | Val Acc: 0.4464
2025-06-20 16:54:26,798 [INFO] Epoch 055 | Train Loss: 0.7780 | Val Loss: 2.5533 | Val Acc: 0.4464
2025-06-20 16:54:26,916 [INFO] Epoch 056 | Train Loss: 0.6865 | Val Loss: 2.5414 | Val Acc: 0.4464
2025-06-20 16:54:27,030 [INFO] Epoch 057 | Train Loss: 0.6839 | Val Loss: 2.3727 | Val Acc: 0.5000
2025-06-20 16:54:27,144 [INFO] Epoch 058 | Train Loss: 0.6711 | Val Loss: 2.4540 | Val Acc: 0.4821
2025-06-20 16:54:27,258 [INFO] Epoch 059 | Train Loss: 0.5514 | Val Loss: 2.5608 | Val Acc: 0.4464
2025-06-20 16:54:27,376 [INFO] Epoch 060 | Train Loss: 0.5592 | Val Loss: 2.7569 | Val Acc: 0.4464
2025-06-20 16:54:27,617 [INFO] Epoch 061 | Train Loss: 0.5439 | Val Loss: 2.6080 | Val Acc: 0.4107
2025-06-20 16:54:27,741 [INFO] Epoch 062 | Train Loss: 0.5116 | Val Loss: 2.3858 | Val Acc: 0.5000
2025-06-20 16:54:27,860 [INFO] Epoch 063 | Train Loss: 0.4484 | Val Loss: 2.5630 | Val Acc: 0.4821
2025-06-20 16:54:27,987 [INFO] Epoch 064 | Train Loss: 0.4579 | Val Loss: 2.4796 | Val Acc: 0.4286
2025-06-20 16:54:28,121 [INFO] Epoch 065 | Train Loss: 0.5099 | Val Loss: 2.6055 | Val Acc: 0.3750
2025-06-20 16:54:28,393 [INFO] Epoch 066 | Train Loss: 0.6134 | Val Loss: 2.3814 | Val Acc: 0.3571
2025-06-20 16:54:28,528 [INFO] Epoch 067 | Train Loss: 0.5464 | Val Loss: 2.5789 | Val Acc: 0.4464
2025-06-20 16:54:28,669 [INFO] Epoch 068 | Train Loss: 0.6610 | Val Loss: 2.4700 | Val Acc: 0.4464
2025-06-20 16:54:28,840 [INFO] Epoch 069 | Train Loss: 0.5939 | Val Loss: 2.8400 | Val Acc: 0.4464
2025-06-20 16:54:28,992 [INFO] Epoch 070 | Train Loss: 0.5337 | Val Loss: 3.0396 | Val Acc: 0.4286
2025-06-20 16:54:29,339 [INFO] Epoch 071 | Train Loss: 0.5648 | Val Loss: 3.0311 | Val Acc: 0.4107
2025-06-20 16:54:29,476 [INFO] Epoch 072 | Train Loss: 0.5500 | Val Loss: 3.2270 | Val Acc: 0.3571
2025-06-20 16:54:29,628 [INFO] Epoch 073 | Train Loss: 0.3546 | Val Loss: 3.2212 | Val Acc: 0.4464
2025-06-20 16:54:29,779 [INFO] Epoch 074 | Train Loss: 0.6284 | Val Loss: 3.1247 | Val Acc: 0.4286
2025-06-20 16:54:29,907 [INFO] Epoch 075 | Train Loss: 0.5857 | Val Loss: 3.2006 | Val Acc: 0.4643
2025-06-20 16:54:30,029 [INFO] Epoch 076 | Train Loss: 0.3608 | Val Loss: 3.3231 | Val Acc: 0.4107
2025-06-20 16:54:30,148 [INFO] Epoch 077 | Train Loss: 0.6402 | Val Loss: 3.3439 | Val Acc: 0.4107
2025-06-20 16:54:30,263 [INFO] Epoch 078 | Train Loss: 0.6800 | Val Loss: 3.8580 | Val Acc: 0.3750
2025-06-20 16:54:30,376 [INFO] Epoch 079 | Train Loss: 0.5685 | Val Loss: 4.3373 | Val Acc: 0.3750
2025-06-20 16:54:30,485 [INFO] Epoch 080 | Train Loss: 0.6191 | Val Loss: 4.2110 | Val Acc: 0.3036
2025-06-20 16:54:30,755 [INFO] Epoch 081 | Train Loss: 0.4372 | Val Loss: 3.2598 | Val Acc: 0.3929
2025-06-20 16:54:30,884 [INFO] Epoch 082 | Train Loss: 0.5174 | Val Loss: 3.1755 | Val Acc: 0.4464
2025-06-20 16:54:31,000 [INFO] Epoch 083 | Train Loss: 0.8049 | Val Loss: 3.4203 | Val Acc: 0.3929
2025-06-20 16:54:31,135 [INFO] Epoch 084 | Train Loss: 0.3843 | Val Loss: 3.2386 | Val Acc: 0.4464
2025-06-20 16:54:31,292 [INFO] Epoch 085 | Train Loss: 0.5537 | Val Loss: 2.7615 | Val Acc: 0.4643
2025-06-20 16:54:31,422 [INFO] Epoch 086 | Train Loss: 0.6814 | Val Loss: 2.6618 | Val Acc: 0.4464
2025-06-20 16:54:31,557 [INFO] Epoch 087 | Train Loss: 0.3444 | Val Loss: 2.5597 | Val Acc: 0.4286
2025-06-20 16:54:31,682 [INFO] Epoch 088 | Train Loss: 0.4522 | Val Loss: 2.7929 | Val Acc: 0.4286
2025-06-20 16:54:31,805 [INFO] Epoch 089 | Train Loss: 0.3620 | Val Loss: 2.8753 | Val Acc: 0.4107
2025-06-20 16:54:31,939 [INFO] Epoch 090 | Train Loss: 0.3963 | Val Loss: 2.3958 | Val Acc: 0.4464
2025-06-20 16:54:32,212 [INFO] Epoch 091 | Train Loss: 0.2503 | Val Loss: 2.3924 | Val Acc: 0.5000
2025-06-20 16:54:32,336 [INFO] Epoch 092 | Train Loss: 0.3743 | Val Loss: 2.5393 | Val Acc: 0.4821
2025-06-20 16:54:32,462 [INFO] Epoch 093 | Train Loss: 0.3548 | Val Loss: 2.6337 | Val Acc: 0.4464
2025-06-20 16:54:32,594 [INFO] Epoch 094 | Train Loss: 0.4112 | Val Loss: 2.7649 | Val Acc: 0.4464
2025-06-20 16:54:32,723 [INFO] Epoch 095 | Train Loss: 0.2816 | Val Loss: 2.9377 | Val Acc: 0.4464
2025-06-20 16:54:32,850 [INFO] Epoch 096 | Train Loss: 0.2924 | Val Loss: 3.0719 | Val Acc: 0.5357
2025-06-20 16:54:32,987 [INFO] Epoch 097 | Train Loss: 0.5445 | Val Loss: 3.4904 | Val Acc: 0.5179
2025-06-20 16:54:33,123 [INFO] Epoch 098 | Train Loss: 0.4319 | Val Loss: 3.7563 | Val Acc: 0.5000
2025-06-20 16:54:33,249 [INFO] Epoch 099 | Train Loss: 0.4266 | Val Loss: 3.4670 | Val Acc: 0.5000
2025-06-20 16:54:33,369 [INFO] Epoch 100 | Train Loss: 0.4094 | Val Loss: 3.2190 | Val Acc: 0.5000
2025-06-20 16:54:33,622 [INFO] Epoch 101 | Train Loss: 0.3812 | Val Loss: 3.3899 | Val Acc: 0.4464
2025-06-20 16:54:33,798 [INFO] Epoch 102 | Train Loss: 0.4391 | Val Loss: 3.3076 | Val Acc: 0.4107
2025-06-20 16:54:33,963 [INFO] Epoch 103 | Train Loss: 0.4668 | Val Loss: 3.3517 | Val Acc: 0.4286
2025-06-20 16:54:34,129 [INFO] Epoch 104 | Train Loss: 0.3294 | Val Loss: 3.6451 | Val Acc: 0.4643
2025-06-20 16:54:34,295 [INFO] Epoch 105 | Train Loss: 0.6187 | Val Loss: 4.1721 | Val Acc: 0.4107
2025-06-20 16:54:34,456 [INFO] Epoch 106 | Train Loss: 0.5008 | Val Loss: 4.4911 | Val Acc: 0.4464
2025-06-20 16:54:34,594 [INFO] Epoch 107 | Train Loss: 0.2799 | Val Loss: 4.1007 | Val Acc: 0.4286
2025-06-20 16:54:34,733 [INFO] Epoch 108 | Train Loss: 0.2880 | Val Loss: 3.2737 | Val Acc: 0.3929
2025-06-20 16:54:34,841 [INFO] Epoch 109 | Train Loss: 0.3848 | Val Loss: 3.2774 | Val Acc: 0.4107
2025-06-20 16:54:34,953 [INFO] Epoch 110 | Train Loss: 0.3021 | Val Loss: 2.9629 | Val Acc: 0.4286
2025-06-20 16:54:35,220 [INFO] Epoch 111 | Train Loss: 0.3023 | Val Loss: 3.2878 | Val Acc: 0.3750
2025-06-20 16:54:35,360 [INFO] Epoch 112 | Train Loss: 0.2258 | Val Loss: 3.1438 | Val Acc: 0.4107
2025-06-20 16:54:35,490 [INFO] Epoch 113 | Train Loss: 0.4843 | Val Loss: 3.5567 | Val Acc: 0.4464
2025-06-20 16:54:35,618 [INFO] Epoch 114 | Train Loss: 0.2960 | Val Loss: 3.1679 | Val Acc: 0.4286
2025-06-20 16:54:35,731 [INFO] Epoch 115 | Train Loss: 0.1996 | Val Loss: 3.0389 | Val Acc: 0.4464
2025-06-20 16:54:35,868 [INFO] Epoch 116 | Train Loss: 0.3737 | Val Loss: 3.0606 | Val Acc: 0.4286
2025-06-20 16:54:36,038 [INFO] Epoch 117 | Train Loss: 0.3044 | Val Loss: 3.1895 | Val Acc: 0.4643
2025-06-20 16:54:36,155 [INFO] Epoch 118 | Train Loss: 0.3006 | Val Loss: 3.3171 | Val Acc: 0.5179
2025-06-20 16:54:36,272 [INFO] Epoch 119 | Train Loss: 0.5816 | Val Loss: 3.4861 | Val Acc: 0.4464
2025-06-20 16:54:36,389 [INFO] Epoch 120 | Train Loss: 0.0963 | Val Loss: 3.4141 | Val Acc: 0.3750
2025-06-20 16:54:36,653 [INFO] Epoch 121 | Train Loss: 0.3714 | Val Loss: 3.1375 | Val Acc: 0.3750
2025-06-20 16:54:36,793 [INFO] Epoch 122 | Train Loss: 0.2292 | Val Loss: 3.0769 | Val Acc: 0.4107
2025-06-20 16:54:36,914 [INFO] Epoch 123 | Train Loss: 0.4922 | Val Loss: 3.2001 | Val Acc: 0.4107
2025-06-20 16:54:37,024 [INFO] Epoch 124 | Train Loss: 0.1551 | Val Loss: 3.2521 | Val Acc: 0.4286
2025-06-20 16:54:37,153 [INFO] Epoch 125 | Train Loss: 0.2633 | Val Loss: 3.3084 | Val Acc: 0.4464
2025-06-20 16:54:37,272 [INFO] Epoch 126 | Train Loss: 0.1957 | Val Loss: 3.3791 | Val Acc: 0.4286
2025-06-20 16:54:37,380 [INFO] Epoch 127 | Train Loss: 0.1798 | Val Loss: 3.1709 | Val Acc: 0.4107
2025-06-20 16:54:37,496 [INFO] Epoch 128 | Train Loss: 0.2952 | Val Loss: 3.2330 | Val Acc: 0.4107
2025-06-20 16:54:37,620 [INFO] Epoch 129 | Train Loss: 0.2747 | Val Loss: 3.4064 | Val Acc: 0.3929
2025-06-20 16:54:37,741 [INFO] Epoch 130 | Train Loss: 0.2062 | Val Loss: 3.5840 | Val Acc: 0.4464
2025-06-20 16:54:37,995 [INFO] Epoch 131 | Train Loss: 0.1966 | Val Loss: 3.5619 | Val Acc: 0.4464
2025-06-20 16:54:38,137 [INFO] Epoch 132 | Train Loss: 0.1377 | Val Loss: 3.6939 | Val Acc: 0.3750
2025-06-20 16:54:38,272 [INFO] Epoch 133 | Train Loss: 0.2063 | Val Loss: 3.5211 | Val Acc: 0.3929
2025-06-20 16:54:38,381 [INFO] Epoch 134 | Train Loss: 0.2542 | Val Loss: 3.5087 | Val Acc: 0.4107
2025-06-20 16:54:38,510 [INFO] Epoch 135 | Train Loss: 0.1668 | Val Loss: 3.6752 | Val Acc: 0.3929
2025-06-20 16:54:38,625 [INFO] Epoch 136 | Train Loss: 0.1247 | Val Loss: 3.5441 | Val Acc: 0.4107
2025-06-20 16:54:38,733 [INFO] Epoch 137 | Train Loss: 0.1125 | Val Loss: 3.4507 | Val Acc: 0.3929
2025-06-20 16:54:38,846 [INFO] Epoch 138 | Train Loss: 0.4300 | Val Loss: 4.1300 | Val Acc: 0.3750
2025-06-20 16:54:38,964 [INFO] Epoch 139 | Train Loss: 0.1899 | Val Loss: 4.7213 | Val Acc: 0.3929
2025-06-20 16:54:39,068 [INFO] Epoch 140 | Train Loss: 0.1479 | Val Loss: 4.6815 | Val Acc: 0.3929
2025-06-20 16:54:39,315 [INFO] Epoch 141 | Train Loss: 0.1804 | Val Loss: 3.5277 | Val Acc: 0.3929
2025-06-20 16:54:39,445 [INFO] Epoch 142 | Train Loss: 0.2872 | Val Loss: 3.9539 | Val Acc: 0.3929
2025-06-20 16:54:39,560 [INFO] Epoch 143 | Train Loss: 0.5111 | Val Loss: 3.9455 | Val Acc: 0.3750
2025-06-20 16:54:39,678 [INFO] Epoch 144 | Train Loss: 0.1801 | Val Loss: 4.0480 | Val Acc: 0.3750
2025-06-20 16:54:39,834 [INFO] Epoch 145 | Train Loss: 0.2134 | Val Loss: 4.1496 | Val Acc: 0.3929
2025-06-20 16:54:39,945 [INFO] Epoch 146 | Train Loss: 0.1718 | Val Loss: 3.6122 | Val Acc: 0.4286
2025-06-20 16:54:40,060 [INFO] Epoch 147 | Train Loss: 0.1731 | Val Loss: 3.6851 | Val Acc: 0.4464
2025-06-20 16:54:40,170 [INFO] Epoch 148 | Train Loss: 0.3023 | Val Loss: 3.7493 | Val Acc: 0.4821
2025-06-20 16:54:40,295 [INFO] Epoch 149 | Train Loss: 0.2056 | Val Loss: 3.7834 | Val Acc: 0.4643
2025-06-20 16:54:40,411 [INFO] Epoch 150 | Train Loss: 0.2245 | Val Loss: 3.8215 | Val Acc: 0.4464
2025-06-20 16:54:40,542 [INFO] Best model saved to <built-in function time>/ENZYMES/best/best_source_gin.pth (Val Acc: 0.5536 at epoch 40)
2025-06-20 16:54:40,542 [INFO] Training/validation metrics saved to <built-in function time>/ENZYMES/GIN_0.0001/train_metrics.csv
2025-06-20 16:54:40,724 [INFO] Final training curves saved
2025-06-20 16:54:40,724 [INFO] Training completed!
2025-06-20 16:54:40,724 [INFO] Best validation accuracy: 0.5536
2025-06-20 16:54:40,724 [INFO] Best epoch: 40
2025-06-20 16:54:40,724 [INFO] Total epochs trained: 150
2025-06-20 16:54:40,726 [INFO] Starting training with parameters: (0.0001, 0.0, 256, 5, 150, 0.001)
