2025-06-20 19:05:24,133 [INFO] Using device: cpu
2025-06-20 19:05:24,133 [INFO] 开始创建数据加载器...
2025-06-20 19:05:24,134 [INFO] Successfully loaded dataset ENZYMES from ./data, total graphs: 600
2025-06-20 19:05:24,134 [INFO] Class allocation analysis:
2025-06-20 19:05:24,134 [INFO]   Source classes: [0, 1, 2, 3]
2025-06-20 19:05:24,134 [INFO]   Target classes: [0, 1, 2, 3, 4, 5]
2025-06-20 19:05:24,134 [INFO]   Overlap classes (to be split): [0, 1, 2, 3]
2025-06-20 19:05:24,134 [INFO]   Target novel classes (unknown): [4, 5]
2025-06-20 19:05:24,149 [INFO]   Class 0: 100 total -> Source: 70, Target: 30
2025-06-20 19:05:24,149 [INFO]   Class 1: 100 total -> Source: 70, Target: 30
2025-06-20 19:05:24,150 [INFO]   Class 2: 100 total -> Source: 70, Target: 30
2025-06-20 19:05:24,150 [INFO]   Class 3: 100 total -> Source: 70, Target: 30
2025-06-20 19:05:24,150 [INFO]   Class 4 (novel/unknown): 100 samples -> Target
2025-06-20 19:05:24,150 [INFO]   Class 5 (novel/unknown): 100 samples -> Target
2025-06-20 19:05:24,150 [INFO] Final allocation:
2025-06-20 19:05:24,150 [INFO]   Source domain: 280 samples
2025-06-20 19:05:24,150 [INFO]   Target domain: 320 samples
2025-06-20 19:05:24,151 [INFO] Source domain setup:
2025-06-20 19:05:24,151 [INFO]   Original classes: [0, 1, 2, 3]
2025-06-20 19:05:24,151 [INFO]   Overlap classes used: [0, 1, 2, 3]
2025-06-20 19:05:24,151 [INFO]   Label mapping: {0: 0, 1: 1, 2: 2, 3: 3}
2025-06-20 19:05:24,151 [INFO]   Total data after allocation: 280
2025-06-20 19:05:24,151 [INFO]   Data split - Train: 224, Val: 56
2025-06-20 19:05:24,151 [INFO]   Train label distribution: {0: 56, 1: 56, 3: 56, 2: 56}
2025-06-20 19:05:24,151 [INFO]   Val label distribution: {1: 14, 2: 14, 0: 14, 3: 14}
2025-06-20 19:05:24,153 [INFO] Successfully loaded dataset ENZYMES from ./data, total graphs: 600
2025-06-20 19:05:24,153 [INFO] Class allocation analysis:
2025-06-20 19:05:24,153 [INFO]   Source classes: [0, 1, 2, 3]
2025-06-20 19:05:24,153 [INFO]   Target classes: [0, 1, 2, 3, 4, 5]
2025-06-20 19:05:24,153 [INFO]   Overlap classes (to be split): [0, 1, 2, 3]
2025-06-20 19:05:24,153 [INFO]   Target novel classes (unknown): [4, 5]
2025-06-20 19:05:24,169 [INFO]   Class 0: 100 total -> Source: 70, Target: 30
2025-06-20 19:05:24,169 [INFO]   Class 1: 100 total -> Source: 70, Target: 30
2025-06-20 19:05:24,169 [INFO]   Class 2: 100 total -> Source: 70, Target: 30
2025-06-20 19:05:24,169 [INFO]   Class 3: 100 total -> Source: 70, Target: 30
2025-06-20 19:05:24,169 [INFO]   Class 4 (novel/unknown): 100 samples -> Target
2025-06-20 19:05:24,169 [INFO]   Class 5 (novel/unknown): 100 samples -> Target
2025-06-20 19:05:24,169 [INFO] Final allocation:
2025-06-20 19:05:24,169 [INFO]   Source domain: 280 samples
2025-06-20 19:05:24,169 [INFO]   Target domain: 320 samples
2025-06-20 19:05:24,171 [INFO] Target domain setup:
2025-06-20 19:05:24,171 [INFO]   Original classes: [0, 1, 2, 3, 4, 5]
2025-06-20 19:05:24,171 [INFO]   Overlap classes: [0, 1, 2, 3]
2025-06-20 19:05:24,171 [INFO]   Novel classes: [4, 5] -> mapped to unknown label 4
2025-06-20 19:05:24,171 [INFO]   Label mapping: {0: 0, 1: 1, 2: 2, 3: 3, 4: 4, 5: 4}
2025-06-20 19:05:24,171 [INFO]   Total data after allocation: 320
2025-06-20 19:05:24,171 [INFO]   Data split - Train: 256, Val: 64
2025-06-20 19:05:24,171 [INFO]   Total count: 320 (known: 120, unknown: 200)
2025-06-20 19:05:24,171 [INFO]   Total label distribution: {4: 200, 3: 30, 0: 30, 1: 30, 2: 30}
2025-06-20 19:05:24,171 [INFO]   Train label distribution: {4: 160, 0: 24, 2: 24, 3: 24, 1: 24}
2025-06-20 19:05:24,171 [INFO]   Val label distribution: {1: 6, 4: 40, 3: 6, 0: 6, 2: 6}
2025-06-20 19:05:24,172 [INFO] 数据加载器创建完成!
2025-06-20 19:05:24,172 [INFO] 源域类别数: 4 (重叠类别)
2025-06-20 19:05:24,172 [INFO] 目标域类别数: 5 (4个重叠类别 + 1个未知类别)
2025-06-20 19:05:24,172 [INFO] 重叠类别: [0, 1, 2, 3]
2025-06-20 19:05:24,172 [INFO] 目标域新类别: [4, 5]
2025-06-20 19:05:24,172 [INFO] Data allocation verification:
2025-06-20 19:05:24,172 [INFO]   Source data samples: 280
2025-06-20 19:05:24,172 [INFO]   Target data samples: 320
2025-06-20 19:05:24,172 [INFO]   Overlapping samples: 0
2025-06-20 19:05:24,172 [INFO]   ✓ Data allocation is correct - no overlapping samples
2025-06-20 19:05:24,174 [INFO] Model initialized with 30660 parameters
2025-06-20 19:05:24,174 [INFO] Previous best validation accuracy read from record.txt: 0.6250
2025-06-20 19:05:24,174 [INFO] Starting training...
2025-06-20 19:05:24,206 [INFO] Epoch 001 | Train Loss: 13.4846 | Val Loss: 1.5964 | Val Acc: 0.2679
2025-06-20 19:05:24,348 [INFO] New best model at epoch 1 (Val Acc: 0.2679)
2025-06-20 19:05:24,379 [INFO] Epoch 002 | Train Loss: 12.5596 | Val Loss: 1.7740 | Val Acc: 0.2500
2025-06-20 19:05:24,419 [INFO] Epoch 003 | Train Loss: 10.7242 | Val Loss: 2.0028 | Val Acc: 0.2679
2025-06-20 19:05:24,449 [INFO] Epoch 004 | Train Loss: 10.3220 | Val Loss: 2.3012 | Val Acc: 0.2321
2025-06-20 19:05:24,479 [INFO] Epoch 005 | Train Loss: 7.9241 | Val Loss: 2.4919 | Val Acc: 0.3214
2025-06-20 19:05:24,484 [INFO] New best model at epoch 5 (Val Acc: 0.3214)
2025-06-20 19:05:24,513 [INFO] Epoch 006 | Train Loss: 8.0921 | Val Loss: 2.9761 | Val Acc: 0.2500
2025-06-20 19:05:24,545 [INFO] Epoch 007 | Train Loss: 8.7341 | Val Loss: 3.7544 | Val Acc: 0.2679
2025-06-20 19:05:24,584 [INFO] Epoch 008 | Train Loss: 6.6294 | Val Loss: 4.0255 | Val Acc: 0.2143
2025-06-20 19:05:24,623 [INFO] Epoch 009 | Train Loss: 6.8942 | Val Loss: 4.4953 | Val Acc: 0.3214
2025-06-20 19:05:24,661 [INFO] Epoch 010 | Train Loss: 6.3509 | Val Loss: 4.7912 | Val Acc: 0.3214
2025-06-20 19:05:24,878 [INFO] Epoch 011 | Train Loss: 5.6966 | Val Loss: 4.5725 | Val Acc: 0.2679
2025-06-20 19:05:24,905 [INFO] Epoch 012 | Train Loss: 5.6344 | Val Loss: 4.7668 | Val Acc: 0.3036
2025-06-20 19:05:24,939 [INFO] Epoch 013 | Train Loss: 4.9736 | Val Loss: 4.8033 | Val Acc: 0.3036
2025-06-20 19:05:24,979 [INFO] Epoch 014 | Train Loss: 4.8011 | Val Loss: 4.8026 | Val Acc: 0.3036
2025-06-20 19:05:25,010 [INFO] Epoch 015 | Train Loss: 4.8430 | Val Loss: 4.4462 | Val Acc: 0.3393
2025-06-20 19:05:25,014 [INFO] New best model at epoch 15 (Val Acc: 0.3393)
2025-06-20 19:05:25,043 [INFO] Epoch 016 | Train Loss: 4.0218 | Val Loss: 4.3027 | Val Acc: 0.3036
2025-06-20 19:05:25,077 [INFO] Epoch 017 | Train Loss: 4.0763 | Val Loss: 4.1241 | Val Acc: 0.2857
2025-06-20 19:05:25,115 [INFO] Epoch 018 | Train Loss: 3.7875 | Val Loss: 4.1404 | Val Acc: 0.3036
2025-06-20 19:05:25,151 [INFO] Epoch 019 | Train Loss: 3.6226 | Val Loss: 4.0928 | Val Acc: 0.3393
2025-06-20 19:05:25,184 [INFO] Epoch 020 | Train Loss: 3.9268 | Val Loss: 4.6165 | Val Acc: 0.2857
2025-06-20 19:05:25,353 [INFO] Epoch 021 | Train Loss: 3.6400 | Val Loss: 4.2892 | Val Acc: 0.3393
2025-06-20 19:05:25,381 [INFO] Epoch 022 | Train Loss: 3.4735 | Val Loss: 3.7470 | Val Acc: 0.3214
2025-06-20 19:05:25,418 [INFO] Epoch 023 | Train Loss: 2.9378 | Val Loss: 3.6722 | Val Acc: 0.2857
2025-06-20 19:05:25,513 [INFO] Epoch 024 | Train Loss: 3.7740 | Val Loss: 3.4999 | Val Acc: 0.3214
2025-06-20 19:05:25,543 [INFO] Epoch 025 | Train Loss: 3.7257 | Val Loss: 3.2968 | Val Acc: 0.2679
2025-06-20 19:05:25,580 [INFO] Epoch 026 | Train Loss: 3.7702 | Val Loss: 3.5599 | Val Acc: 0.2857
2025-06-20 19:05:25,612 [INFO] Epoch 027 | Train Loss: 3.5563 | Val Loss: 3.3820 | Val Acc: 0.2857
2025-06-20 19:05:25,647 [INFO] Epoch 028 | Train Loss: 3.6689 | Val Loss: 3.3286 | Val Acc: 0.3036
2025-06-20 19:05:25,681 [INFO] Epoch 029 | Train Loss: 4.1138 | Val Loss: 3.1157 | Val Acc: 0.3393
2025-06-20 19:05:25,711 [INFO] Epoch 030 | Train Loss: 2.4651 | Val Loss: 2.9678 | Val Acc: 0.3571
2025-06-20 19:05:25,855 [INFO] New best model at epoch 30 (Val Acc: 0.3571)
2025-06-20 19:05:25,887 [INFO] Epoch 031 | Train Loss: 3.1568 | Val Loss: 2.9355 | Val Acc: 0.3571
2025-06-20 19:05:25,923 [INFO] Epoch 032 | Train Loss: 3.4442 | Val Loss: 3.2708 | Val Acc: 0.2857
2025-06-20 19:05:25,965 [INFO] Epoch 033 | Train Loss: 2.8603 | Val Loss: 3.3538 | Val Acc: 0.2857
2025-06-20 19:05:25,998 [INFO] Epoch 034 | Train Loss: 3.4391 | Val Loss: 3.2915 | Val Acc: 0.2857
2025-06-20 19:05:26,031 [INFO] Epoch 035 | Train Loss: 2.2925 | Val Loss: 3.1333 | Val Acc: 0.2679
2025-06-20 19:05:26,059 [INFO] Epoch 036 | Train Loss: 2.8249 | Val Loss: 3.0554 | Val Acc: 0.2500
2025-06-20 19:05:26,088 [INFO] Epoch 037 | Train Loss: 2.6593 | Val Loss: 2.9753 | Val Acc: 0.3036
2025-06-20 19:05:26,120 [INFO] Epoch 038 | Train Loss: 3.0211 | Val Loss: 3.0552 | Val Acc: 0.2857
2025-06-20 19:05:26,150 [INFO] Epoch 039 | Train Loss: 2.1932 | Val Loss: 2.9998 | Val Acc: 0.3214
2025-06-20 19:05:26,179 [INFO] Epoch 040 | Train Loss: 3.1089 | Val Loss: 2.9795 | Val Acc: 0.3214
2025-06-20 19:05:26,361 [INFO] Epoch 041 | Train Loss: 2.7690 | Val Loss: 3.1154 | Val Acc: 0.3036
2025-06-20 19:05:26,396 [INFO] Epoch 042 | Train Loss: 2.9339 | Val Loss: 3.1655 | Val Acc: 0.3393
2025-06-20 19:05:26,437 [INFO] Epoch 043 | Train Loss: 3.0126 | Val Loss: 3.3525 | Val Acc: 0.2679
2025-06-20 19:05:26,481 [INFO] Epoch 044 | Train Loss: 2.4630 | Val Loss: 3.1372 | Val Acc: 0.3036
2025-06-20 19:05:26,515 [INFO] Epoch 045 | Train Loss: 2.4238 | Val Loss: 2.8885 | Val Acc: 0.3571
2025-06-20 19:05:26,552 [INFO] Epoch 046 | Train Loss: 2.4049 | Val Loss: 2.8725 | Val Acc: 0.3929
2025-06-20 19:05:26,556 [INFO] New best model at epoch 46 (Val Acc: 0.3929)
2025-06-20 19:05:26,589 [INFO] Epoch 047 | Train Loss: 2.8105 | Val Loss: 2.8964 | Val Acc: 0.3750
2025-06-20 19:05:26,622 [INFO] Epoch 048 | Train Loss: 3.2343 | Val Loss: 3.1901 | Val Acc: 0.2500
2025-06-20 19:05:26,657 [INFO] Epoch 049 | Train Loss: 2.8841 | Val Loss: 3.3175 | Val Acc: 0.3036
2025-06-20 19:05:26,690 [INFO] Epoch 050 | Train Loss: 2.0722 | Val Loss: 3.1903 | Val Acc: 0.3393
2025-06-20 19:05:26,858 [INFO] Epoch 051 | Train Loss: 2.5553 | Val Loss: 2.9130 | Val Acc: 0.3750
2025-06-20 19:05:26,890 [INFO] Epoch 052 | Train Loss: 2.3271 | Val Loss: 3.0313 | Val Acc: 0.3393
2025-06-20 19:05:26,920 [INFO] Epoch 053 | Train Loss: 2.5478 | Val Loss: 2.9790 | Val Acc: 0.4107
2025-06-20 19:05:26,925 [INFO] New best model at epoch 53 (Val Acc: 0.4107)
2025-06-20 19:05:26,966 [INFO] Epoch 054 | Train Loss: 2.4440 | Val Loss: 2.9923 | Val Acc: 0.3929
2025-06-20 19:05:26,998 [INFO] Epoch 055 | Train Loss: 2.1209 | Val Loss: 2.9152 | Val Acc: 0.3393
2025-06-20 19:05:27,028 [INFO] Epoch 056 | Train Loss: 2.7457 | Val Loss: 2.7285 | Val Acc: 0.3929
2025-06-20 19:05:27,060 [INFO] Epoch 057 | Train Loss: 2.4570 | Val Loss: 3.0217 | Val Acc: 0.4286
2025-06-20 19:05:27,065 [INFO] New best model at epoch 57 (Val Acc: 0.4286)
2025-06-20 19:05:27,090 [INFO] Epoch 058 | Train Loss: 2.4607 | Val Loss: 3.0724 | Val Acc: 0.3036
2025-06-20 19:05:27,122 [INFO] Epoch 059 | Train Loss: 2.4235 | Val Loss: 3.0740 | Val Acc: 0.3393
2025-06-20 19:05:27,158 [INFO] Epoch 060 | Train Loss: 2.1989 | Val Loss: 2.9916 | Val Acc: 0.3036
2025-06-20 19:05:27,326 [INFO] Epoch 061 | Train Loss: 2.2463 | Val Loss: 2.7738 | Val Acc: 0.2857
2025-06-20 19:05:27,359 [INFO] Epoch 062 | Train Loss: 2.2225 | Val Loss: 2.7700 | Val Acc: 0.3571
2025-06-20 19:05:27,404 [INFO] Epoch 063 | Train Loss: 2.0072 | Val Loss: 3.0806 | Val Acc: 0.3214
2025-06-20 19:05:27,441 [INFO] Epoch 064 | Train Loss: 2.5170 | Val Loss: 3.5866 | Val Acc: 0.3036
2025-06-20 19:05:27,471 [INFO] Epoch 065 | Train Loss: 2.5264 | Val Loss: 3.8982 | Val Acc: 0.4107
2025-06-20 19:05:27,500 [INFO] Epoch 066 | Train Loss: 1.9370 | Val Loss: 3.8842 | Val Acc: 0.3571
2025-06-20 19:05:27,534 [INFO] Epoch 067 | Train Loss: 2.0269 | Val Loss: 3.8935 | Val Acc: 0.3750
2025-06-20 19:05:27,564 [INFO] Epoch 068 | Train Loss: 2.5136 | Val Loss: 3.3047 | Val Acc: 0.3571
2025-06-20 19:05:27,594 [INFO] Epoch 069 | Train Loss: 2.2425 | Val Loss: 3.1495 | Val Acc: 0.4107
2025-06-20 19:05:27,624 [INFO] Epoch 070 | Train Loss: 2.2174 | Val Loss: 3.5435 | Val Acc: 0.3750
2025-06-20 19:05:27,793 [INFO] Epoch 071 | Train Loss: 1.9988 | Val Loss: 3.5850 | Val Acc: 0.3750
2025-06-20 19:05:27,825 [INFO] Epoch 072 | Train Loss: 2.3808 | Val Loss: 3.9107 | Val Acc: 0.3750
2025-06-20 19:05:27,858 [INFO] Epoch 073 | Train Loss: 1.5611 | Val Loss: 3.3904 | Val Acc: 0.4286
2025-06-20 19:05:27,898 [INFO] Epoch 074 | Train Loss: 2.3417 | Val Loss: 3.4141 | Val Acc: 0.3393
2025-06-20 19:05:27,931 [INFO] Epoch 075 | Train Loss: 2.2485 | Val Loss: 2.9787 | Val Acc: 0.3214
2025-06-20 19:05:27,964 [INFO] Epoch 076 | Train Loss: 1.9430 | Val Loss: 2.6609 | Val Acc: 0.4107
2025-06-20 19:05:27,995 [INFO] Epoch 077 | Train Loss: 2.1905 | Val Loss: 2.8020 | Val Acc: 0.3571
2025-06-20 19:05:28,026 [INFO] Epoch 078 | Train Loss: 2.3557 | Val Loss: 2.9345 | Val Acc: 0.3750
2025-06-20 19:05:28,059 [INFO] Epoch 079 | Train Loss: 1.7369 | Val Loss: 2.9831 | Val Acc: 0.3929
2025-06-20 19:05:28,089 [INFO] Epoch 080 | Train Loss: 2.1294 | Val Loss: 2.8852 | Val Acc: 0.3750
2025-06-20 19:05:28,271 [INFO] Epoch 081 | Train Loss: 1.8156 | Val Loss: 2.8453 | Val Acc: 0.3929
2025-06-20 19:05:28,303 [INFO] Epoch 082 | Train Loss: 1.7121 | Val Loss: 2.7911 | Val Acc: 0.3571
2025-06-20 19:05:28,333 [INFO] Epoch 083 | Train Loss: 1.7209 | Val Loss: 2.5251 | Val Acc: 0.3929
2025-06-20 19:05:28,364 [INFO] Epoch 084 | Train Loss: 2.1026 | Val Loss: 2.4323 | Val Acc: 0.4286
2025-06-20 19:05:28,400 [INFO] Epoch 085 | Train Loss: 2.2213 | Val Loss: 2.3753 | Val Acc: 0.4286
2025-06-20 19:05:28,433 [INFO] Epoch 086 | Train Loss: 1.8901 | Val Loss: 2.4510 | Val Acc: 0.4107
2025-06-20 19:05:28,464 [INFO] Epoch 087 | Train Loss: 1.4601 | Val Loss: 2.8554 | Val Acc: 0.4107
2025-06-20 19:05:28,495 [INFO] Epoch 088 | Train Loss: 1.6521 | Val Loss: 3.0565 | Val Acc: 0.3929
2025-06-20 19:05:28,525 [INFO] Epoch 089 | Train Loss: 1.7950 | Val Loss: 2.9966 | Val Acc: 0.3571
2025-06-20 19:05:28,553 [INFO] Epoch 090 | Train Loss: 1.7388 | Val Loss: 2.7482 | Val Acc: 0.3571
2025-06-20 19:05:28,766 [INFO] Epoch 091 | Train Loss: 1.7500 | Val Loss: 2.8958 | Val Acc: 0.3571
2025-06-20 19:05:28,804 [INFO] Epoch 092 | Train Loss: 1.6468 | Val Loss: 3.1483 | Val Acc: 0.3571
2025-06-20 19:05:28,845 [INFO] Epoch 093 | Train Loss: 2.0402 | Val Loss: 2.9355 | Val Acc: 0.3929
2025-06-20 19:05:28,879 [INFO] Epoch 094 | Train Loss: 1.7137 | Val Loss: 2.9846 | Val Acc: 0.3929
2025-06-20 19:05:28,917 [INFO] Epoch 095 | Train Loss: 2.1188 | Val Loss: 3.1629 | Val Acc: 0.3750
2025-06-20 19:05:28,953 [INFO] Epoch 096 | Train Loss: 2.1352 | Val Loss: 3.1235 | Val Acc: 0.3393
2025-06-20 19:05:28,988 [INFO] Epoch 097 | Train Loss: 2.3186 | Val Loss: 3.0779 | Val Acc: 0.4286
2025-06-20 19:05:29,019 [INFO] Epoch 098 | Train Loss: 1.9378 | Val Loss: 2.8460 | Val Acc: 0.3929
2025-06-20 19:05:29,054 [INFO] Epoch 099 | Train Loss: 1.8196 | Val Loss: 2.7304 | Val Acc: 0.4107
2025-06-20 19:05:29,082 [INFO] Epoch 100 | Train Loss: 1.9538 | Val Loss: 2.6780 | Val Acc: 0.4107
2025-06-20 19:05:29,257 [INFO] Epoch 101 | Train Loss: 1.7071 | Val Loss: 2.7094 | Val Acc: 0.4286
2025-06-20 19:05:29,299 [INFO] Epoch 102 | Train Loss: 1.5929 | Val Loss: 2.7397 | Val Acc: 0.3929
2025-06-20 19:05:29,335 [INFO] Epoch 103 | Train Loss: 1.6391 | Val Loss: 2.6319 | Val Acc: 0.3929
2025-06-20 19:05:29,371 [INFO] Epoch 104 | Train Loss: 1.5710 | Val Loss: 2.7008 | Val Acc: 0.4464
2025-06-20 19:05:29,376 [INFO] New best model at epoch 104 (Val Acc: 0.4464)
2025-06-20 19:05:29,407 [INFO] Epoch 105 | Train Loss: 1.5518 | Val Loss: 2.5702 | Val Acc: 0.3929
2025-06-20 19:05:29,442 [INFO] Epoch 106 | Train Loss: 1.4843 | Val Loss: 2.7685 | Val Acc: 0.3929
2025-06-20 19:05:29,476 [INFO] Epoch 107 | Train Loss: 1.6209 | Val Loss: 2.9289 | Val Acc: 0.3929
2025-06-20 19:05:29,510 [INFO] Epoch 108 | Train Loss: 1.4735 | Val Loss: 2.9160 | Val Acc: 0.4107
2025-06-20 19:05:29,544 [INFO] Epoch 109 | Train Loss: 1.5947 | Val Loss: 2.9840 | Val Acc: 0.3571
2025-06-20 19:05:29,579 [INFO] Epoch 110 | Train Loss: 1.6172 | Val Loss: 2.9138 | Val Acc: 0.3571
2025-06-20 19:05:29,745 [INFO] Epoch 111 | Train Loss: 1.5653 | Val Loss: 3.0565 | Val Acc: 0.3571
2025-06-20 19:05:29,774 [INFO] Epoch 112 | Train Loss: 1.6803 | Val Loss: 2.8031 | Val Acc: 0.3214
2025-06-20 19:05:29,803 [INFO] Epoch 113 | Train Loss: 1.5230 | Val Loss: 2.7373 | Val Acc: 0.3393
2025-06-20 19:05:29,831 [INFO] Epoch 114 | Train Loss: 1.4827 | Val Loss: 2.6691 | Val Acc: 0.3571
2025-06-20 19:05:29,871 [INFO] Epoch 115 | Train Loss: 1.6655 | Val Loss: 2.6801 | Val Acc: 0.3750
2025-06-20 19:05:29,913 [INFO] Epoch 116 | Train Loss: 1.6052 | Val Loss: 2.5415 | Val Acc: 0.3571
2025-06-20 19:05:29,945 [INFO] Epoch 117 | Train Loss: 1.6430 | Val Loss: 2.5053 | Val Acc: 0.4286
2025-06-20 19:05:29,973 [INFO] Epoch 118 | Train Loss: 1.2259 | Val Loss: 2.5180 | Val Acc: 0.4107
2025-06-20 19:05:30,004 [INFO] Epoch 119 | Train Loss: 1.7678 | Val Loss: 2.5406 | Val Acc: 0.4107
2025-06-20 19:05:30,032 [INFO] Epoch 120 | Train Loss: 1.7402 | Val Loss: 2.6606 | Val Acc: 0.4107
2025-06-20 19:05:30,267 [INFO] Epoch 121 | Train Loss: 1.5372 | Val Loss: 2.6332 | Val Acc: 0.4107
2025-06-20 19:05:30,298 [INFO] Epoch 122 | Train Loss: 1.4257 | Val Loss: 2.6726 | Val Acc: 0.4107
2025-06-20 19:05:30,329 [INFO] Epoch 123 | Train Loss: 1.1178 | Val Loss: 2.6491 | Val Acc: 0.4643
2025-06-20 19:05:30,333 [INFO] New best model at epoch 123 (Val Acc: 0.4643)
2025-06-20 19:05:30,368 [INFO] Epoch 124 | Train Loss: 1.7435 | Val Loss: 2.6336 | Val Acc: 0.4286
2025-06-20 19:05:30,396 [INFO] Epoch 125 | Train Loss: 1.4338 | Val Loss: 2.4544 | Val Acc: 0.4286
2025-06-20 19:05:30,426 [INFO] Epoch 126 | Train Loss: 1.3683 | Val Loss: 2.4665 | Val Acc: 0.3929
2025-06-20 19:05:30,456 [INFO] Epoch 127 | Train Loss: 1.4014 | Val Loss: 2.4922 | Val Acc: 0.4286
2025-06-20 19:05:30,489 [INFO] Epoch 128 | Train Loss: 1.3768 | Val Loss: 2.7405 | Val Acc: 0.3929
2025-06-20 19:05:30,518 [INFO] Epoch 129 | Train Loss: 1.5075 | Val Loss: 2.7845 | Val Acc: 0.4107
2025-06-20 19:05:30,548 [INFO] Epoch 130 | Train Loss: 1.6890 | Val Loss: 2.7170 | Val Acc: 0.4286
2025-06-20 19:05:30,750 [INFO] Epoch 131 | Train Loss: 1.7062 | Val Loss: 2.8397 | Val Acc: 0.4107
2025-06-20 19:05:30,780 [INFO] Epoch 132 | Train Loss: 1.4314 | Val Loss: 2.9097 | Val Acc: 0.3929
2025-06-20 19:05:30,809 [INFO] Epoch 133 | Train Loss: 1.4552 | Val Loss: 3.0504 | Val Acc: 0.3750
2025-06-20 19:05:30,841 [INFO] Epoch 134 | Train Loss: 1.1503 | Val Loss: 3.0625 | Val Acc: 0.3929
2025-06-20 19:05:30,872 [INFO] Epoch 135 | Train Loss: 1.8356 | Val Loss: 3.1236 | Val Acc: 0.4107
2025-06-20 19:05:30,902 [INFO] Epoch 136 | Train Loss: 1.3067 | Val Loss: 3.1693 | Val Acc: 0.3750
2025-06-20 19:05:30,934 [INFO] Epoch 137 | Train Loss: 1.3582 | Val Loss: 3.2146 | Val Acc: 0.3750
2025-06-20 19:05:30,966 [INFO] Epoch 138 | Train Loss: 1.4072 | Val Loss: 3.1134 | Val Acc: 0.3393
2025-06-20 19:05:30,997 [INFO] Epoch 139 | Train Loss: 1.6965 | Val Loss: 2.8702 | Val Acc: 0.3393
2025-06-20 19:05:31,027 [INFO] Epoch 140 | Train Loss: 1.2246 | Val Loss: 3.0930 | Val Acc: 0.3929
2025-06-20 19:05:31,224 [INFO] Epoch 141 | Train Loss: 1.5670 | Val Loss: 3.4193 | Val Acc: 0.3571
2025-06-20 19:05:31,254 [INFO] Epoch 142 | Train Loss: 1.6002 | Val Loss: 3.5020 | Val Acc: 0.3214
2025-06-20 19:05:31,286 [INFO] Epoch 143 | Train Loss: 1.6253 | Val Loss: 3.0686 | Val Acc: 0.3393
2025-06-20 19:05:31,315 [INFO] Epoch 144 | Train Loss: 1.6292 | Val Loss: 2.7832 | Val Acc: 0.3571
2025-06-20 19:05:31,347 [INFO] Epoch 145 | Train Loss: 1.0646 | Val Loss: 2.6355 | Val Acc: 0.3929
2025-06-20 19:05:31,378 [INFO] Epoch 146 | Train Loss: 1.5792 | Val Loss: 2.8500 | Val Acc: 0.3571
2025-06-20 19:05:31,409 [INFO] Epoch 147 | Train Loss: 1.1367 | Val Loss: 2.6632 | Val Acc: 0.4107
2025-06-20 19:05:31,439 [INFO] Epoch 148 | Train Loss: 1.8202 | Val Loss: 2.9944 | Val Acc: 0.3929
2025-06-20 19:05:31,476 [INFO] Epoch 149 | Train Loss: 1.2227 | Val Loss: 2.7165 | Val Acc: 0.3929
2025-06-20 19:05:31,519 [INFO] Epoch 150 | Train Loss: 1.1978 | Val Loss: 2.7078 | Val Acc: 0.3929
2025-06-20 19:05:31,691 [INFO] Epoch 151 | Train Loss: 0.9996 | Val Loss: 2.7545 | Val Acc: 0.4286
2025-06-20 19:05:31,723 [INFO] Epoch 152 | Train Loss: 1.4627 | Val Loss: 2.8850 | Val Acc: 0.3750
2025-06-20 19:05:31,752 [INFO] Epoch 153 | Train Loss: 1.2836 | Val Loss: 2.5396 | Val Acc: 0.4286
2025-06-20 19:05:31,785 [INFO] Epoch 154 | Train Loss: 1.4507 | Val Loss: 2.5416 | Val Acc: 0.4464
2025-06-20 19:05:31,814 [INFO] Epoch 155 | Train Loss: 1.3374 | Val Loss: 2.6459 | Val Acc: 0.3929
2025-06-20 19:05:31,849 [INFO] Epoch 156 | Train Loss: 0.9971 | Val Loss: 2.6358 | Val Acc: 0.4107
2025-06-20 19:05:31,885 [INFO] Epoch 157 | Train Loss: 1.2260 | Val Loss: 2.8670 | Val Acc: 0.3571
2025-06-20 19:05:31,917 [INFO] Epoch 158 | Train Loss: 1.3304 | Val Loss: 3.0251 | Val Acc: 0.3929
2025-06-20 19:05:31,952 [INFO] Epoch 159 | Train Loss: 1.2906 | Val Loss: 3.1302 | Val Acc: 0.3750
2025-06-20 19:05:31,995 [INFO] Epoch 160 | Train Loss: 1.5792 | Val Loss: 3.0292 | Val Acc: 0.4107
2025-06-20 19:05:32,834 [INFO] Epoch 161 | Train Loss: 1.3527 | Val Loss: 2.8186 | Val Acc: 0.3929
2025-06-20 19:05:32,887 [INFO] Epoch 162 | Train Loss: 1.5950 | Val Loss: 3.1431 | Val Acc: 0.3571
2025-06-20 19:05:32,970 [INFO] Epoch 163 | Train Loss: 1.6974 | Val Loss: 3.1606 | Val Acc: 0.3393
2025-06-20 19:05:33,032 [INFO] Epoch 164 | Train Loss: 1.7757 | Val Loss: 3.3700 | Val Acc: 0.3036
2025-06-20 19:05:33,071 [INFO] Epoch 165 | Train Loss: 1.0110 | Val Loss: 2.8756 | Val Acc: 0.3571
2025-06-20 19:05:33,114 [INFO] Epoch 166 | Train Loss: 1.4858 | Val Loss: 2.8184 | Val Acc: 0.4107
2025-06-20 19:05:33,153 [INFO] Epoch 167 | Train Loss: 1.2510 | Val Loss: 2.8518 | Val Acc: 0.3571
2025-06-20 19:05:33,210 [INFO] Epoch 168 | Train Loss: 1.1199 | Val Loss: 2.9378 | Val Acc: 0.3214
2025-06-20 19:05:33,238 [INFO] Epoch 169 | Train Loss: 1.1717 | Val Loss: 2.6505 | Val Acc: 0.3393
2025-06-20 19:05:33,266 [INFO] Epoch 170 | Train Loss: 1.2162 | Val Loss: 2.6647 | Val Acc: 0.3929
2025-06-20 19:05:33,437 [INFO] Epoch 171 | Train Loss: 1.5304 | Val Loss: 2.5984 | Val Acc: 0.3750
2025-06-20 19:05:33,468 [INFO] Epoch 172 | Train Loss: 1.4806 | Val Loss: 2.7611 | Val Acc: 0.3393
2025-06-20 19:05:33,497 [INFO] Epoch 173 | Train Loss: 1.4708 | Val Loss: 2.8508 | Val Acc: 0.3393
2025-06-20 19:05:33,527 [INFO] Epoch 174 | Train Loss: 1.1615 | Val Loss: 2.9707 | Val Acc: 0.3214
2025-06-20 19:05:33,557 [INFO] Epoch 175 | Train Loss: 1.1109 | Val Loss: 2.8301 | Val Acc: 0.3393
2025-06-20 19:05:33,587 [INFO] Epoch 176 | Train Loss: 1.1668 | Val Loss: 2.7463 | Val Acc: 0.3393
2025-06-20 19:05:33,629 [INFO] Epoch 177 | Train Loss: 1.4767 | Val Loss: 2.7516 | Val Acc: 0.3214
2025-06-20 19:05:33,661 [INFO] Epoch 178 | Train Loss: 1.0736 | Val Loss: 2.6961 | Val Acc: 0.3393
2025-06-20 19:05:33,691 [INFO] Epoch 179 | Train Loss: 1.4870 | Val Loss: 2.6795 | Val Acc: 0.3571
2025-06-20 19:05:33,721 [INFO] Epoch 180 | Train Loss: 1.1691 | Val Loss: 2.7557 | Val Acc: 0.3571
2025-06-20 19:05:33,896 [INFO] Epoch 181 | Train Loss: 0.8788 | Val Loss: 2.7207 | Val Acc: 0.3750
2025-06-20 19:05:33,927 [INFO] Epoch 182 | Train Loss: 1.0803 | Val Loss: 2.8581 | Val Acc: 0.3750
2025-06-20 19:05:33,971 [INFO] Epoch 183 | Train Loss: 1.1729 | Val Loss: 2.7923 | Val Acc: 0.3214
2025-06-20 19:05:34,002 [INFO] Epoch 184 | Train Loss: 1.5135 | Val Loss: 2.8657 | Val Acc: 0.3571
2025-06-20 19:05:34,037 [INFO] Epoch 185 | Train Loss: 1.4339 | Val Loss: 2.8379 | Val Acc: 0.3393
2025-06-20 19:05:34,069 [INFO] Epoch 186 | Train Loss: 1.3629 | Val Loss: 2.9313 | Val Acc: 0.3036
2025-06-20 19:05:34,103 [INFO] Epoch 187 | Train Loss: 1.2110 | Val Loss: 2.6771 | Val Acc: 0.3571
2025-06-20 19:05:34,192 [INFO] Epoch 188 | Train Loss: 1.1822 | Val Loss: 2.7479 | Val Acc: 0.3929
2025-06-20 19:05:34,235 [INFO] Epoch 189 | Train Loss: 1.2630 | Val Loss: 2.8431 | Val Acc: 0.3929
2025-06-20 19:05:34,324 [INFO] Epoch 190 | Train Loss: 1.1273 | Val Loss: 2.7620 | Val Acc: 0.3929
2025-06-20 19:05:34,514 [INFO] Epoch 191 | Train Loss: 1.2087 | Val Loss: 2.5865 | Val Acc: 0.3750
2025-06-20 19:05:34,550 [INFO] Epoch 192 | Train Loss: 1.6624 | Val Loss: 2.3833 | Val Acc: 0.3750
2025-06-20 19:05:34,593 [INFO] Epoch 193 | Train Loss: 1.2656 | Val Loss: 2.3960 | Val Acc: 0.3393
2025-06-20 19:05:34,712 [INFO] Epoch 194 | Train Loss: 1.2703 | Val Loss: 2.6279 | Val Acc: 0.3393
2025-06-20 19:05:34,825 [INFO] Epoch 195 | Train Loss: 1.0661 | Val Loss: 2.7037 | Val Acc: 0.3750
2025-06-20 19:05:34,864 [INFO] Epoch 196 | Train Loss: 1.1754 | Val Loss: 2.6898 | Val Acc: 0.3929
2025-06-20 19:05:34,897 [INFO] Epoch 197 | Train Loss: 1.4051 | Val Loss: 2.8281 | Val Acc: 0.3929
2025-06-20 19:05:34,975 [INFO] Epoch 198 | Train Loss: 1.7444 | Val Loss: 2.8418 | Val Acc: 0.3750
2025-06-20 19:05:35,024 [INFO] Epoch 199 | Train Loss: 0.9945 | Val Loss: 2.8643 | Val Acc: 0.3750
2025-06-20 19:05:35,055 [INFO] Epoch 200 | Train Loss: 1.5043 | Val Loss: 2.8711 | Val Acc: 0.3750
2025-06-20 19:05:35,393 [INFO] Epoch 201 | Train Loss: 1.2978 | Val Loss: 2.7944 | Val Acc: 0.3393
2025-06-20 19:05:35,441 [INFO] Epoch 202 | Train Loss: 1.3066 | Val Loss: 2.7339 | Val Acc: 0.3214
2025-06-20 19:05:35,494 [INFO] Epoch 203 | Train Loss: 1.0712 | Val Loss: 2.6484 | Val Acc: 0.3929
2025-06-20 19:05:35,539 [INFO] Epoch 204 | Train Loss: 0.9746 | Val Loss: 2.5070 | Val Acc: 0.3571
2025-06-20 19:05:35,586 [INFO] Epoch 205 | Train Loss: 1.1533 | Val Loss: 2.4981 | Val Acc: 0.3393
2025-06-20 19:05:35,631 [INFO] Epoch 206 | Train Loss: 0.9480 | Val Loss: 2.5489 | Val Acc: 0.3571
2025-06-20 19:05:35,673 [INFO] Epoch 207 | Train Loss: 1.3395 | Val Loss: 2.5596 | Val Acc: 0.3571
2025-06-20 19:05:35,711 [INFO] Epoch 208 | Train Loss: 1.2466 | Val Loss: 2.5690 | Val Acc: 0.4107
2025-06-20 19:05:35,753 [INFO] Epoch 209 | Train Loss: 0.8393 | Val Loss: 2.4419 | Val Acc: 0.3929
2025-06-20 19:05:35,781 [INFO] Epoch 210 | Train Loss: 0.8694 | Val Loss: 2.3147 | Val Acc: 0.4107
2025-06-20 19:05:36,087 [INFO] Epoch 211 | Train Loss: 1.2656 | Val Loss: 2.4738 | Val Acc: 0.3750
2025-06-20 19:05:36,126 [INFO] Epoch 212 | Train Loss: 1.0106 | Val Loss: 2.6723 | Val Acc: 0.3393
2025-06-20 19:05:36,161 [INFO] Epoch 213 | Train Loss: 1.1954 | Val Loss: 2.8402 | Val Acc: 0.3571
2025-06-20 19:05:36,202 [INFO] Epoch 214 | Train Loss: 0.9667 | Val Loss: 2.6112 | Val Acc: 0.3571
2025-06-20 19:05:36,233 [INFO] Epoch 215 | Train Loss: 0.9727 | Val Loss: 2.6689 | Val Acc: 0.3571
2025-06-20 19:05:36,263 [INFO] Epoch 216 | Train Loss: 0.9052 | Val Loss: 2.8135 | Val Acc: 0.3571
2025-06-20 19:05:36,293 [INFO] Epoch 217 | Train Loss: 1.0493 | Val Loss: 2.8822 | Val Acc: 0.3750
2025-06-20 19:05:36,321 [INFO] Epoch 218 | Train Loss: 1.0571 | Val Loss: 2.9250 | Val Acc: 0.4107
2025-06-20 19:05:36,351 [INFO] Epoch 219 | Train Loss: 0.8598 | Val Loss: 2.7720 | Val Acc: 0.3929
2025-06-20 19:05:36,380 [INFO] Epoch 220 | Train Loss: 0.9674 | Val Loss: 2.6441 | Val Acc: 0.3750
2025-06-20 19:05:36,548 [INFO] Epoch 221 | Train Loss: 0.7471 | Val Loss: 2.5583 | Val Acc: 0.3750
2025-06-20 19:05:36,577 [INFO] Epoch 222 | Train Loss: 1.0024 | Val Loss: 2.6202 | Val Acc: 0.3571
2025-06-20 19:05:36,610 [INFO] Epoch 223 | Train Loss: 1.1470 | Val Loss: 2.6755 | Val Acc: 0.3929
2025-06-20 19:05:36,641 [INFO] Epoch 224 | Train Loss: 1.0011 | Val Loss: 2.8273 | Val Acc: 0.3929
2025-06-20 19:05:36,737 [INFO] Epoch 225 | Train Loss: 0.8892 | Val Loss: 2.6524 | Val Acc: 0.3750
2025-06-20 19:05:36,765 [INFO] Epoch 226 | Train Loss: 0.9597 | Val Loss: 2.5835 | Val Acc: 0.3750
2025-06-20 19:05:36,794 [INFO] Epoch 227 | Train Loss: 1.2908 | Val Loss: 2.4881 | Val Acc: 0.4107
2025-06-20 19:05:36,832 [INFO] Epoch 228 | Train Loss: 1.4872 | Val Loss: 2.5723 | Val Acc: 0.3750
2025-06-20 19:05:36,862 [INFO] Epoch 229 | Train Loss: 0.8377 | Val Loss: 2.4996 | Val Acc: 0.3929
2025-06-20 19:05:36,890 [INFO] Epoch 230 | Train Loss: 1.1695 | Val Loss: 2.5863 | Val Acc: 0.3571
2025-06-20 19:05:37,056 [INFO] Epoch 231 | Train Loss: 0.9701 | Val Loss: 2.8388 | Val Acc: 0.3750
2025-06-20 19:05:37,089 [INFO] Epoch 232 | Train Loss: 0.9950 | Val Loss: 2.9175 | Val Acc: 0.3929
2025-06-20 19:05:37,118 [INFO] Epoch 233 | Train Loss: 0.9486 | Val Loss: 2.9240 | Val Acc: 0.3571
2025-06-20 19:05:37,148 [INFO] Epoch 234 | Train Loss: 1.1770 | Val Loss: 3.0244 | Val Acc: 0.3750
2025-06-20 19:05:37,180 [INFO] Epoch 235 | Train Loss: 1.1298 | Val Loss: 3.2298 | Val Acc: 0.3571
2025-06-20 19:05:37,212 [INFO] Epoch 236 | Train Loss: 0.9170 | Val Loss: 3.2226 | Val Acc: 0.3571
2025-06-20 19:05:37,241 [INFO] Epoch 237 | Train Loss: 1.0072 | Val Loss: 3.4149 | Val Acc: 0.3750
2025-06-20 19:05:37,272 [INFO] Epoch 238 | Train Loss: 0.8537 | Val Loss: 3.4429 | Val Acc: 0.3929
2025-06-20 19:05:37,303 [INFO] Epoch 239 | Train Loss: 1.2412 | Val Loss: 3.2338 | Val Acc: 0.3750
2025-06-20 19:05:37,343 [INFO] Epoch 240 | Train Loss: 1.0748 | Val Loss: 2.8768 | Val Acc: 0.4107
2025-06-20 19:05:37,512 [INFO] Epoch 241 | Train Loss: 0.8690 | Val Loss: 2.6653 | Val Acc: 0.4464
2025-06-20 19:05:37,540 [INFO] Epoch 242 | Train Loss: 0.7160 | Val Loss: 2.5997 | Val Acc: 0.4464
2025-06-20 19:05:37,568 [INFO] Epoch 243 | Train Loss: 0.8781 | Val Loss: 2.4931 | Val Acc: 0.4643
2025-06-20 19:05:37,597 [INFO] Epoch 244 | Train Loss: 1.0654 | Val Loss: 2.5799 | Val Acc: 0.4643
2025-06-20 19:05:37,628 [INFO] Epoch 245 | Train Loss: 0.7596 | Val Loss: 2.5630 | Val Acc: 0.3929
2025-06-20 19:05:37,658 [INFO] Epoch 246 | Train Loss: 0.8743 | Val Loss: 2.5932 | Val Acc: 0.3571
2025-06-20 19:05:37,688 [INFO] Epoch 247 | Train Loss: 1.0550 | Val Loss: 2.7768 | Val Acc: 0.3750
2025-06-20 19:05:37,716 [INFO] Epoch 248 | Train Loss: 0.7011 | Val Loss: 2.8075 | Val Acc: 0.3750
2025-06-20 19:05:37,746 [INFO] Epoch 249 | Train Loss: 0.8187 | Val Loss: 2.6475 | Val Acc: 0.3393
2025-06-20 19:05:37,775 [INFO] Epoch 250 | Train Loss: 1.0750 | Val Loss: 2.6548 | Val Acc: 0.3750
2025-06-20 19:05:37,944 [INFO] Epoch 251 | Train Loss: 0.9186 | Val Loss: 2.7899 | Val Acc: 0.3929
2025-06-20 19:05:37,982 [INFO] Epoch 252 | Train Loss: 1.0934 | Val Loss: 2.8812 | Val Acc: 0.4107
2025-06-20 19:05:38,023 [INFO] Epoch 253 | Train Loss: 0.8722 | Val Loss: 2.6968 | Val Acc: 0.3929
2025-06-20 19:05:38,052 [INFO] Epoch 254 | Train Loss: 0.8693 | Val Loss: 2.6955 | Val Acc: 0.3750
2025-06-20 19:05:38,083 [INFO] Epoch 255 | Train Loss: 0.8389 | Val Loss: 2.7032 | Val Acc: 0.3929
2025-06-20 19:05:38,122 [INFO] Epoch 256 | Train Loss: 0.8229 | Val Loss: 2.7314 | Val Acc: 0.4107
2025-06-20 19:05:38,163 [INFO] Epoch 257 | Train Loss: 0.6449 | Val Loss: 2.7377 | Val Acc: 0.4286
2025-06-20 19:05:38,193 [INFO] Epoch 258 | Train Loss: 1.1014 | Val Loss: 2.8402 | Val Acc: 0.3571
2025-06-20 19:05:38,221 [INFO] Epoch 259 | Train Loss: 0.9152 | Val Loss: 2.8831 | Val Acc: 0.3571
2025-06-20 19:05:38,256 [INFO] Epoch 260 | Train Loss: 0.9235 | Val Loss: 2.8043 | Val Acc: 0.3571
2025-06-20 19:05:38,432 [INFO] Epoch 261 | Train Loss: 1.2698 | Val Loss: 2.9151 | Val Acc: 0.3750
2025-06-20 19:05:38,464 [INFO] Epoch 262 | Train Loss: 0.8710 | Val Loss: 2.9397 | Val Acc: 0.3393
2025-06-20 19:05:38,495 [INFO] Epoch 263 | Train Loss: 1.0753 | Val Loss: 2.9854 | Val Acc: 0.3571
2025-06-20 19:05:38,524 [INFO] Epoch 264 | Train Loss: 0.8984 | Val Loss: 3.0379 | Val Acc: 0.3750
2025-06-20 19:05:38,551 [INFO] Epoch 265 | Train Loss: 0.8818 | Val Loss: 2.7498 | Val Acc: 0.3571
2025-06-20 19:05:38,582 [INFO] Epoch 266 | Train Loss: 0.7868 | Val Loss: 2.6685 | Val Acc: 0.3571
2025-06-20 19:05:38,614 [INFO] Epoch 267 | Train Loss: 1.1856 | Val Loss: 2.8846 | Val Acc: 0.3929
2025-06-20 19:05:38,647 [INFO] Epoch 268 | Train Loss: 1.2235 | Val Loss: 3.0675 | Val Acc: 0.3393
2025-06-20 19:05:38,676 [INFO] Epoch 269 | Train Loss: 0.8433 | Val Loss: 2.9302 | Val Acc: 0.3750
2025-06-20 19:05:38,705 [INFO] Epoch 270 | Train Loss: 0.6984 | Val Loss: 2.8712 | Val Acc: 0.3929
2025-06-20 19:05:38,872 [INFO] Epoch 271 | Train Loss: 0.7553 | Val Loss: 2.9793 | Val Acc: 0.3571
2025-06-20 19:05:38,900 [INFO] Epoch 272 | Train Loss: 0.8381 | Val Loss: 2.9792 | Val Acc: 0.3393
2025-06-20 19:05:38,934 [INFO] Epoch 273 | Train Loss: 0.7389 | Val Loss: 2.9120 | Val Acc: 0.3393
2025-06-20 19:05:38,937 [INFO] Early stopping at epoch 273 (no improvement in 150 epochs).
2025-06-20 19:05:38,940 [INFO] Best model saved to <built-in function time>/ENZYMES/best/best_source_gin.pth (Val Acc: 0.4643 at epoch 123)
2025-06-20 19:05:38,941 [INFO] Training/validation metrics saved to <built-in function time>/ENZYMES/GIN_0.0001/train_metrics.csv
2025-06-20 19:05:39,525 [INFO] Final training curves saved
2025-06-20 19:05:39,525 [INFO] Training completed!
2025-06-20 19:05:39,525 [INFO] Best validation accuracy: 0.4643
2025-06-20 19:05:39,525 [INFO] Best epoch: 123
2025-06-20 19:05:39,525 [INFO] Total epochs trained: 273
2025-06-20 19:05:39,526 [INFO] Starting training with parameters: (0.0001, 0.2, 64, 5, 50, 0.0)
