2025-06-20 17:58:03,620 [INFO] Using device: cpu
2025-06-20 17:58:03,620 [INFO] 开始创建数据加载器...
2025-06-20 17:58:03,621 [INFO] Successfully loaded dataset ENZYMES from ./data, total graphs: 600
2025-06-20 17:58:03,621 [INFO] Class allocation analysis:
2025-06-20 17:58:03,621 [INFO]   Source classes: [0, 1, 2, 3]
2025-06-20 17:58:03,621 [INFO]   Target classes: [0, 1, 2, 3, 4, 5]
2025-06-20 17:58:03,621 [INFO]   Overlap classes (to be split): [0, 1, 2, 3]
2025-06-20 17:58:03,621 [INFO]   Target novel classes (unknown): [4, 5]
2025-06-20 17:58:03,636 [INFO]   Class 0: 100 total -> Source: 70, Target: 30
2025-06-20 17:58:03,636 [INFO]   Class 1: 100 total -> Source: 70, Target: 30
2025-06-20 17:58:03,636 [INFO]   Class 2: 100 total -> Source: 70, Target: 30
2025-06-20 17:58:03,636 [INFO]   Class 3: 100 total -> Source: 70, Target: 30
2025-06-20 17:58:03,636 [INFO]   Class 4 (novel/unknown): 100 samples -> Target
2025-06-20 17:58:03,636 [INFO]   Class 5 (novel/unknown): 100 samples -> Target
2025-06-20 17:58:03,637 [INFO] Final allocation:
2025-06-20 17:58:03,637 [INFO]   Source domain: 280 samples
2025-06-20 17:58:03,637 [INFO]   Target domain: 320 samples
2025-06-20 17:58:03,638 [INFO] Source domain setup:
2025-06-20 17:58:03,638 [INFO]   Original classes: [0, 1, 2, 3]
2025-06-20 17:58:03,638 [INFO]   Overlap classes used: [0, 1, 2, 3]
2025-06-20 17:58:03,638 [INFO]   Label mapping: {0: 0, 1: 1, 2: 2, 3: 3}
2025-06-20 17:58:03,638 [INFO]   Total data after allocation: 280
2025-06-20 17:58:03,638 [INFO]   Data split - Train: 224, Val: 56
2025-06-20 17:58:03,638 [INFO]   Train label distribution: {0: 56, 1: 56, 3: 56, 2: 56}
2025-06-20 17:58:03,638 [INFO]   Val label distribution: {1: 14, 2: 14, 0: 14, 3: 14}
2025-06-20 17:58:03,640 [INFO] Successfully loaded dataset ENZYMES from ./data, total graphs: 600
2025-06-20 17:58:03,640 [INFO] Class allocation analysis:
2025-06-20 17:58:03,640 [INFO]   Source classes: [0, 1, 2, 3]
2025-06-20 17:58:03,640 [INFO]   Target classes: [0, 1, 2, 3, 4, 5]
2025-06-20 17:58:03,640 [INFO]   Overlap classes (to be split): [0, 1, 2, 3]
2025-06-20 17:58:03,640 [INFO]   Target novel classes (unknown): [4, 5]
2025-06-20 17:58:03,654 [INFO]   Class 0: 100 total -> Source: 70, Target: 30
2025-06-20 17:58:03,654 [INFO]   Class 1: 100 total -> Source: 70, Target: 30
2025-06-20 17:58:03,654 [INFO]   Class 2: 100 total -> Source: 70, Target: 30
2025-06-20 17:58:03,654 [INFO]   Class 3: 100 total -> Source: 70, Target: 30
2025-06-20 17:58:03,654 [INFO]   Class 4 (novel/unknown): 100 samples -> Target
2025-06-20 17:58:03,654 [INFO]   Class 5 (novel/unknown): 100 samples -> Target
2025-06-20 17:58:03,655 [INFO] Final allocation:
2025-06-20 17:58:03,655 [INFO]   Source domain: 280 samples
2025-06-20 17:58:03,655 [INFO]   Target domain: 320 samples
2025-06-20 17:58:03,656 [INFO] Target domain setup:
2025-06-20 17:58:03,656 [INFO]   Original classes: [0, 1, 2, 3, 4, 5]
2025-06-20 17:58:03,656 [INFO]   Overlap classes: [0, 1, 2, 3]
2025-06-20 17:58:03,656 [INFO]   Novel classes: [4, 5] -> mapped to unknown label 4
2025-06-20 17:58:03,656 [INFO]   Label mapping: {0: 0, 1: 1, 2: 2, 3: 3, 4: 4, 5: 4}
2025-06-20 17:58:03,656 [INFO]   Total data after allocation: 320
2025-06-20 17:58:03,656 [INFO]   Data split - Train: 256, Val: 64
2025-06-20 17:58:03,656 [INFO]   Total count: 320 (known: 120, unknown: 200)
2025-06-20 17:58:03,656 [INFO]   Total label distribution: {4: 200, 3: 30, 0: 30, 1: 30, 2: 30}
2025-06-20 17:58:03,656 [INFO]   Train label distribution: {4: 160, 0: 24, 2: 24, 3: 24, 1: 24}
2025-06-20 17:58:03,656 [INFO]   Val label distribution: {1: 6, 4: 40, 3: 6, 0: 6, 2: 6}
2025-06-20 17:58:03,657 [INFO] 数据加载器创建完成!
2025-06-20 17:58:03,657 [INFO] 源域类别数: 4 (重叠类别)
2025-06-20 17:58:03,657 [INFO] 目标域类别数: 5 (4个重叠类别 + 1个未知类别)
2025-06-20 17:58:03,657 [INFO] 重叠类别: [0, 1, 2, 3]
2025-06-20 17:58:03,657 [INFO] 目标域新类别: [4, 5]
2025-06-20 17:58:03,657 [INFO] Data allocation verification:
2025-06-20 17:58:03,657 [INFO]   Source data samples: 280
2025-06-20 17:58:03,657 [INFO]   Target data samples: 320
2025-06-20 17:58:03,657 [INFO]   Overlapping samples: 0
2025-06-20 17:58:03,657 [INFO]   ✓ Data allocation is correct - no overlapping samples
2025-06-20 17:58:03,659 [INFO] Model initialized with 152196 parameters
2025-06-20 17:58:03,659 [INFO] Previous best validation accuracy read from record.txt: 0.6071
2025-06-20 17:58:03,659 [INFO] Starting training...
2025-06-20 17:58:03,723 [INFO] Epoch 001 | Train Loss: 10.2105 | Val Loss: 1.6538 | Val Acc: 0.2679
2025-06-20 17:58:03,839 [INFO] New best model at epoch 1 (Val Acc: 0.2679)
2025-06-20 17:58:03,891 [INFO] Epoch 002 | Train Loss: 8.1795 | Val Loss: 1.8172 | Val Acc: 0.2500
2025-06-20 17:58:03,945 [INFO] Epoch 003 | Train Loss: 6.8439 | Val Loss: 1.9320 | Val Acc: 0.2500
2025-06-20 17:58:04,024 [INFO] Epoch 004 | Train Loss: 5.9901 | Val Loss: 2.1698 | Val Acc: 0.2500
2025-06-20 17:58:04,091 [INFO] Epoch 005 | Train Loss: 5.2911 | Val Loss: 2.4073 | Val Acc: 0.2857
2025-06-20 17:58:04,098 [INFO] New best model at epoch 5 (Val Acc: 0.2857)
2025-06-20 17:58:04,152 [INFO] Epoch 006 | Train Loss: 4.2899 | Val Loss: 2.7892 | Val Acc: 0.2321
2025-06-20 17:58:04,211 [INFO] Epoch 007 | Train Loss: 4.0452 | Val Loss: 3.1273 | Val Acc: 0.2500
2025-06-20 17:58:04,272 [INFO] Epoch 008 | Train Loss: 3.8790 | Val Loss: 2.5352 | Val Acc: 0.2321
2025-06-20 17:58:04,345 [INFO] Epoch 009 | Train Loss: 3.3286 | Val Loss: 2.5186 | Val Acc: 0.2679
2025-06-20 17:58:04,407 [INFO] Epoch 010 | Train Loss: 3.2950 | Val Loss: 2.9627 | Val Acc: 0.3036
2025-06-20 17:58:04,534 [INFO] New best model at epoch 10 (Val Acc: 0.3036)
2025-06-20 17:58:04,587 [INFO] Epoch 011 | Train Loss: 3.2199 | Val Loss: 3.0938 | Val Acc: 0.2679
2025-06-20 17:58:04,643 [INFO] Epoch 012 | Train Loss: 3.2699 | Val Loss: 3.3826 | Val Acc: 0.3214
2025-06-20 17:58:04,651 [INFO] New best model at epoch 12 (Val Acc: 0.3214)
2025-06-20 17:58:04,767 [INFO] Epoch 013 | Train Loss: 3.1471 | Val Loss: 3.4817 | Val Acc: 0.3393
2025-06-20 17:58:04,775 [INFO] New best model at epoch 13 (Val Acc: 0.3393)
2025-06-20 17:58:04,826 [INFO] Epoch 014 | Train Loss: 3.1729 | Val Loss: 4.3850 | Val Acc: 0.2679
2025-06-20 17:58:04,912 [INFO] Epoch 015 | Train Loss: 3.4277 | Val Loss: 3.9522 | Val Acc: 0.2857
2025-06-20 17:58:04,968 [INFO] Epoch 016 | Train Loss: 3.1193 | Val Loss: 4.4735 | Val Acc: 0.2679
2025-06-20 17:58:05,024 [INFO] Epoch 017 | Train Loss: 2.4199 | Val Loss: 4.1194 | Val Acc: 0.2500
2025-06-20 17:58:05,079 [INFO] Epoch 018 | Train Loss: 3.1693 | Val Loss: 3.7524 | Val Acc: 0.3214
2025-06-20 17:58:05,133 [INFO] Epoch 019 | Train Loss: 2.2180 | Val Loss: 3.3662 | Val Acc: 0.3750
2025-06-20 17:58:05,141 [INFO] New best model at epoch 19 (Val Acc: 0.3750)
2025-06-20 17:58:05,213 [INFO] Epoch 020 | Train Loss: 2.6602 | Val Loss: 2.9223 | Val Acc: 0.3571
2025-06-20 17:58:05,408 [INFO] Epoch 021 | Train Loss: 2.5879 | Val Loss: 3.5604 | Val Acc: 0.3214
2025-06-20 17:58:05,467 [INFO] Epoch 022 | Train Loss: 3.3071 | Val Loss: 2.9737 | Val Acc: 0.3036
2025-06-20 17:58:05,533 [INFO] Epoch 023 | Train Loss: 2.3011 | Val Loss: 2.8878 | Val Acc: 0.3929
2025-06-20 17:58:05,541 [INFO] New best model at epoch 23 (Val Acc: 0.3929)
2025-06-20 17:58:05,605 [INFO] Epoch 024 | Train Loss: 2.1607 | Val Loss: 3.0859 | Val Acc: 0.3571
2025-06-20 17:58:05,667 [INFO] Epoch 025 | Train Loss: 2.5651 | Val Loss: 3.0180 | Val Acc: 0.3929
2025-06-20 17:58:05,754 [INFO] Epoch 026 | Train Loss: 2.6238 | Val Loss: 3.0262 | Val Acc: 0.3214
2025-06-20 17:58:05,812 [INFO] Epoch 027 | Train Loss: 2.2097 | Val Loss: 3.1675 | Val Acc: 0.3929
2025-06-20 17:58:05,867 [INFO] Epoch 028 | Train Loss: 2.5152 | Val Loss: 2.6532 | Val Acc: 0.3393
2025-06-20 17:58:05,935 [INFO] Epoch 029 | Train Loss: 2.1484 | Val Loss: 2.7147 | Val Acc: 0.3393
2025-06-20 17:58:05,997 [INFO] Epoch 030 | Train Loss: 2.2175 | Val Loss: 2.5755 | Val Acc: 0.3929
2025-06-20 17:58:06,191 [INFO] Epoch 031 | Train Loss: 1.9370 | Val Loss: 2.7908 | Val Acc: 0.3929
2025-06-20 17:58:06,263 [INFO] Epoch 032 | Train Loss: 2.4126 | Val Loss: 2.5353 | Val Acc: 0.3750
2025-06-20 17:58:06,365 [INFO] Epoch 033 | Train Loss: 2.3950 | Val Loss: 2.4132 | Val Acc: 0.4286
2025-06-20 17:58:06,372 [INFO] New best model at epoch 33 (Val Acc: 0.4286)
2025-06-20 17:58:06,436 [INFO] Epoch 034 | Train Loss: 1.9891 | Val Loss: 2.1767 | Val Acc: 0.4821
2025-06-20 17:58:06,444 [INFO] New best model at epoch 34 (Val Acc: 0.4821)
2025-06-20 17:58:06,540 [INFO] Epoch 035 | Train Loss: 2.0477 | Val Loss: 2.5362 | Val Acc: 0.4286
2025-06-20 17:58:06,599 [INFO] Epoch 036 | Train Loss: 2.0574 | Val Loss: 2.5649 | Val Acc: 0.3929
2025-06-20 17:58:06,671 [INFO] Epoch 037 | Train Loss: 1.8671 | Val Loss: 2.0744 | Val Acc: 0.4643
2025-06-20 17:58:06,751 [INFO] Epoch 038 | Train Loss: 2.2414 | Val Loss: 1.9971 | Val Acc: 0.4464
2025-06-20 17:58:06,806 [INFO] Epoch 039 | Train Loss: 2.0620 | Val Loss: 2.2931 | Val Acc: 0.4643
2025-06-20 17:58:06,861 [INFO] Epoch 040 | Train Loss: 1.8839 | Val Loss: 2.6030 | Val Acc: 0.3929
2025-06-20 17:58:07,041 [INFO] Epoch 041 | Train Loss: 1.6789 | Val Loss: 2.1438 | Val Acc: 0.4107
2025-06-20 17:58:07,096 [INFO] Epoch 042 | Train Loss: 1.7882 | Val Loss: 2.4577 | Val Acc: 0.4107
2025-06-20 17:58:07,165 [INFO] Epoch 043 | Train Loss: 2.3063 | Val Loss: 2.4866 | Val Acc: 0.4286
2025-06-20 17:58:07,237 [INFO] Epoch 044 | Train Loss: 1.6022 | Val Loss: 2.5055 | Val Acc: 0.4821
2025-06-20 17:58:07,291 [INFO] Epoch 045 | Train Loss: 1.6789 | Val Loss: 2.4567 | Val Acc: 0.4821
2025-06-20 17:58:07,347 [INFO] Epoch 046 | Train Loss: 1.7951 | Val Loss: 2.6683 | Val Acc: 0.4286
2025-06-20 17:58:07,422 [INFO] Epoch 047 | Train Loss: 1.9568 | Val Loss: 2.4470 | Val Acc: 0.3750
2025-06-20 17:58:07,481 [INFO] Epoch 048 | Train Loss: 1.6008 | Val Loss: 2.2121 | Val Acc: 0.4286
2025-06-20 17:58:07,538 [INFO] Epoch 049 | Train Loss: 1.4868 | Val Loss: 2.2642 | Val Acc: 0.4464
2025-06-20 17:58:07,617 [INFO] Epoch 050 | Train Loss: 1.9849 | Val Loss: 2.3696 | Val Acc: 0.4821
2025-06-20 17:58:07,863 [INFO] Epoch 051 | Train Loss: 1.5452 | Val Loss: 2.1503 | Val Acc: 0.4464
2025-06-20 17:58:07,928 [INFO] Epoch 052 | Train Loss: 1.5315 | Val Loss: 2.2448 | Val Acc: 0.4643
2025-06-20 17:58:07,998 [INFO] Epoch 053 | Train Loss: 2.1122 | Val Loss: 2.3218 | Val Acc: 0.4107
2025-06-20 17:58:08,061 [INFO] Epoch 054 | Train Loss: 1.7369 | Val Loss: 2.3967 | Val Acc: 0.4643
2025-06-20 17:58:08,131 [INFO] Epoch 055 | Train Loss: 1.4497 | Val Loss: 2.4047 | Val Acc: 0.4464
2025-06-20 17:58:08,205 [INFO] Epoch 056 | Train Loss: 1.6502 | Val Loss: 2.2132 | Val Acc: 0.4107
2025-06-20 17:58:08,264 [INFO] Epoch 057 | Train Loss: 2.1988 | Val Loss: 1.9169 | Val Acc: 0.4464
2025-06-20 17:58:08,325 [INFO] Epoch 058 | Train Loss: 1.7324 | Val Loss: 1.8850 | Val Acc: 0.4107
2025-06-20 17:58:08,386 [INFO] Epoch 059 | Train Loss: 1.9338 | Val Loss: 1.8309 | Val Acc: 0.4107
2025-06-20 17:58:08,459 [INFO] Epoch 060 | Train Loss: 2.0126 | Val Loss: 2.1186 | Val Acc: 0.3929
2025-06-20 17:58:08,654 [INFO] Epoch 061 | Train Loss: 1.6094 | Val Loss: 2.5821 | Val Acc: 0.3929
2025-06-20 17:58:08,715 [INFO] Epoch 062 | Train Loss: 1.7448 | Val Loss: 2.3039 | Val Acc: 0.4286
2025-06-20 17:58:08,788 [INFO] Epoch 063 | Train Loss: 1.4525 | Val Loss: 2.2770 | Val Acc: 0.4464
2025-06-20 17:58:08,848 [INFO] Epoch 064 | Train Loss: 1.4653 | Val Loss: 2.3041 | Val Acc: 0.4643
2025-06-20 17:58:08,917 [INFO] Epoch 065 | Train Loss: 1.8612 | Val Loss: 2.2121 | Val Acc: 0.4464
2025-06-20 17:58:08,977 [INFO] Epoch 066 | Train Loss: 1.6541 | Val Loss: 2.1495 | Val Acc: 0.4643
2025-06-20 17:58:09,037 [INFO] Epoch 067 | Train Loss: 1.3934 | Val Loss: 2.2197 | Val Acc: 0.4286
2025-06-20 17:58:09,112 [INFO] Epoch 068 | Train Loss: 1.4538 | Val Loss: 2.0622 | Val Acc: 0.5000
2025-06-20 17:58:09,120 [INFO] New best model at epoch 68 (Val Acc: 0.5000)
2025-06-20 17:58:09,177 [INFO] Epoch 069 | Train Loss: 1.4987 | Val Loss: 1.9972 | Val Acc: 0.4821
2025-06-20 17:58:09,243 [INFO] Epoch 070 | Train Loss: 1.9939 | Val Loss: 1.9439 | Val Acc: 0.4286
2025-06-20 17:58:09,496 [INFO] Epoch 071 | Train Loss: 1.0516 | Val Loss: 1.9849 | Val Acc: 0.4464
2025-06-20 17:58:09,601 [INFO] Epoch 072 | Train Loss: 1.5418 | Val Loss: 2.1862 | Val Acc: 0.4464
2025-06-20 17:58:09,671 [INFO] Epoch 073 | Train Loss: 1.4105 | Val Loss: 2.1668 | Val Acc: 0.4464
2025-06-20 17:58:09,736 [INFO] Epoch 074 | Train Loss: 1.4492 | Val Loss: 2.2146 | Val Acc: 0.4286
2025-06-20 17:58:09,792 [INFO] Epoch 075 | Train Loss: 1.4332 | Val Loss: 2.1338 | Val Acc: 0.4464
2025-06-20 17:58:09,849 [INFO] Epoch 076 | Train Loss: 1.2387 | Val Loss: 2.0322 | Val Acc: 0.4286
2025-06-20 17:58:09,905 [INFO] Epoch 077 | Train Loss: 1.0844 | Val Loss: 2.5006 | Val Acc: 0.3929
2025-06-20 17:58:09,974 [INFO] Epoch 078 | Train Loss: 1.7562 | Val Loss: 2.4233 | Val Acc: 0.4643
2025-06-20 17:58:10,029 [INFO] Epoch 079 | Train Loss: 1.7194 | Val Loss: 2.3904 | Val Acc: 0.4821
2025-06-20 17:58:10,088 [INFO] Epoch 080 | Train Loss: 1.6154 | Val Loss: 2.2057 | Val Acc: 0.4643
2025-06-20 17:58:10,285 [INFO] Epoch 081 | Train Loss: 1.5681 | Val Loss: 2.3104 | Val Acc: 0.4107
2025-06-20 17:58:10,376 [INFO] Epoch 082 | Train Loss: 1.2291 | Val Loss: 2.3334 | Val Acc: 0.4464
2025-06-20 17:58:10,439 [INFO] Epoch 083 | Train Loss: 1.3212 | Val Loss: 2.2004 | Val Acc: 0.4286
2025-06-20 17:58:10,499 [INFO] Epoch 084 | Train Loss: 1.1054 | Val Loss: 2.3786 | Val Acc: 0.3393
2025-06-20 17:58:10,582 [INFO] Epoch 085 | Train Loss: 1.1486 | Val Loss: 2.0980 | Val Acc: 0.4286
2025-06-20 17:58:10,660 [INFO] Epoch 086 | Train Loss: 1.3905 | Val Loss: 1.9863 | Val Acc: 0.4821
2025-06-20 17:58:10,721 [INFO] Epoch 087 | Train Loss: 1.3726 | Val Loss: 2.0269 | Val Acc: 0.5000
2025-06-20 17:58:10,776 [INFO] Epoch 088 | Train Loss: 1.2573 | Val Loss: 2.1764 | Val Acc: 0.5000
2025-06-20 17:58:10,851 [INFO] Epoch 089 | Train Loss: 0.9204 | Val Loss: 2.3474 | Val Acc: 0.4821
2025-06-20 17:58:10,910 [INFO] Epoch 090 | Train Loss: 1.2091 | Val Loss: 2.2106 | Val Acc: 0.4464
2025-06-20 17:58:11,080 [INFO] Epoch 091 | Train Loss: 1.9192 | Val Loss: 2.3901 | Val Acc: 0.4464
2025-06-20 17:58:11,137 [INFO] Epoch 092 | Train Loss: 1.3079 | Val Loss: 2.1386 | Val Acc: 0.5536
2025-06-20 17:58:11,145 [INFO] New best model at epoch 92 (Val Acc: 0.5536)
2025-06-20 17:58:11,210 [INFO] Epoch 093 | Train Loss: 0.9421 | Val Loss: 2.2220 | Val Acc: 0.4821
2025-06-20 17:58:11,272 [INFO] Epoch 094 | Train Loss: 1.2664 | Val Loss: 2.3087 | Val Acc: 0.4821
2025-06-20 17:58:11,355 [INFO] Epoch 095 | Train Loss: 1.5226 | Val Loss: 2.2500 | Val Acc: 0.5000
2025-06-20 17:58:11,415 [INFO] Epoch 096 | Train Loss: 1.0473 | Val Loss: 2.1827 | Val Acc: 0.5000
2025-06-20 17:58:11,470 [INFO] Epoch 097 | Train Loss: 1.0799 | Val Loss: 2.0770 | Val Acc: 0.4464
2025-06-20 17:58:11,527 [INFO] Epoch 098 | Train Loss: 1.6557 | Val Loss: 2.2256 | Val Acc: 0.4107
2025-06-20 17:58:11,582 [INFO] Epoch 099 | Train Loss: 1.4437 | Val Loss: 2.3630 | Val Acc: 0.4643
2025-06-20 17:58:11,643 [INFO] Epoch 100 | Train Loss: 0.9168 | Val Loss: 2.4129 | Val Acc: 0.4821
2025-06-20 17:58:11,776 [INFO] Best model saved to <built-in function time>/ENZYMES/best/best_source_gin.pth (Val Acc: 0.5536 at epoch 92)
2025-06-20 17:58:11,776 [INFO] Training/validation metrics saved to <built-in function time>/ENZYMES/GIN_0.0001/train_metrics.csv
2025-06-20 17:58:11,891 [INFO] Final training curves saved
2025-06-20 17:58:11,891 [INFO] Training completed!
2025-06-20 17:58:11,891 [INFO] Best validation accuracy: 0.5536
2025-06-20 17:58:11,891 [INFO] Best epoch: 92
2025-06-20 17:58:11,891 [INFO] Total epochs trained: 100
2025-06-20 17:58:11,892 [INFO] Starting training with parameters: (0.0001, 0.1, 128, 5, 100, 0.001)
