2025-06-24 02:44:13,601 [INFO] Using device: cpu
2025-06-24 02:44:13,602 [INFO] 开始创建数据加载器...
2025-06-24 02:44:13,611 [INFO] Successfully loaded dataset ENZYMES from ./data, total graphs: 600
2025-06-24 02:44:13,612 [INFO] Class allocation analysis:
2025-06-24 02:44:13,612 [INFO]   Source classes: [0, 1, 2, 3]
2025-06-24 02:44:13,612 [INFO]   Target classes: [0, 1, 2, 3, 4, 5]
2025-06-24 02:44:13,612 [INFO]   Overlap classes (to be split): [0, 1, 2, 3]
2025-06-24 02:44:13,612 [INFO]   Target novel classes (unknown): [4, 5]
2025-06-24 02:44:13,687 [INFO]   Class 0: 100 total -> Source: 70, Target: 30
2025-06-24 02:44:13,688 [INFO]   Class 1: 100 total -> Source: 70, Target: 30
2025-06-24 02:44:13,689 [INFO]   Class 2: 100 total -> Source: 70, Target: 30
2025-06-24 02:44:13,690 [INFO]   Class 3: 100 total -> Source: 70, Target: 30
2025-06-24 02:44:13,690 [INFO]   Class 4 (novel/unknown): 100 samples -> Target
2025-06-24 02:44:13,690 [INFO]   Class 5 (novel/unknown): 100 samples -> Target
2025-06-24 02:44:13,691 [INFO] Final allocation:
2025-06-24 02:44:13,691 [INFO]   Source domain: 280 samples
2025-06-24 02:44:13,694 [INFO]   Target domain: 320 samples
2025-06-24 02:44:13,703 [INFO] Source domain setup:
2025-06-24 02:44:13,703 [INFO]   Original classes: [0, 1, 2, 3]
2025-06-24 02:44:13,703 [INFO]   Overlap classes used: [0, 1, 2, 3]
2025-06-24 02:44:13,703 [INFO]   Label mapping: {0: 0, 1: 1, 2: 2, 3: 3}
2025-06-24 02:44:13,703 [INFO]   Total data after allocation: 280
2025-06-24 02:44:13,703 [INFO]   Data split - Train: 224, Val: 56
2025-06-24 02:44:13,704 [INFO]   Train label distribution: {0: 56, 1: 56, 3: 56, 2: 56}
2025-06-24 02:44:13,704 [INFO]   Val label distribution: {1: 14, 2: 14, 0: 14, 3: 14}
2025-06-24 02:44:13,712 [INFO] Successfully loaded dataset ENZYMES from ./data, total graphs: 600
2025-06-24 02:44:13,712 [INFO] Class allocation analysis:
2025-06-24 02:44:13,713 [INFO]   Source classes: [0, 1, 2, 3]
2025-06-24 02:44:13,713 [INFO]   Target classes: [0, 1, 2, 3, 4, 5]
2025-06-24 02:44:13,713 [INFO]   Overlap classes (to be split): [0, 1, 2, 3]
2025-06-24 02:44:13,713 [INFO]   Target novel classes (unknown): [4, 5]
2025-06-24 02:44:13,789 [INFO]   Class 0: 100 total -> Source: 70, Target: 30
2025-06-24 02:44:13,790 [INFO]   Class 1: 100 total -> Source: 70, Target: 30
2025-06-24 02:44:13,791 [INFO]   Class 2: 100 total -> Source: 70, Target: 30
2025-06-24 02:44:13,792 [INFO]   Class 3: 100 total -> Source: 70, Target: 30
2025-06-24 02:44:13,792 [INFO]   Class 4 (novel/unknown): 100 samples -> Target
2025-06-24 02:44:13,792 [INFO]   Class 5 (novel/unknown): 100 samples -> Target
2025-06-24 02:44:13,793 [INFO] Final allocation:
2025-06-24 02:44:13,793 [INFO]   Source domain: 280 samples
2025-06-24 02:44:13,793 [INFO]   Target domain: 320 samples
2025-06-24 02:44:13,801 [INFO] Target domain setup:
2025-06-24 02:44:13,801 [INFO]   Original classes: [0, 1, 2, 3, 4, 5]
2025-06-24 02:44:13,801 [INFO]   Overlap classes: [0, 1, 2, 3]
2025-06-24 02:44:13,802 [INFO]   Novel classes: [4, 5] -> mapped to unknown label 4
2025-06-24 02:44:13,802 [INFO]   Label mapping: {0: 0, 1: 1, 2: 2, 3: 3, 4: 4, 5: 4}
2025-06-24 02:44:13,802 [INFO]   Total data after allocation: 320
2025-06-24 02:44:13,802 [INFO]   Data split - Train: 256, Val: 64
2025-06-24 02:44:13,802 [INFO]   Total count: 320 (known: 120, unknown: 200)
2025-06-24 02:44:13,802 [INFO]   Total label distribution: {4: 200, 3: 30, 0: 30, 1: 30, 2: 30}
2025-06-24 02:44:13,802 [INFO]   Train label distribution: {4: 160, 0: 24, 2: 24, 3: 24, 1: 24}
2025-06-24 02:44:13,802 [INFO]   Val label distribution: {1: 6, 4: 40, 3: 6, 0: 6, 2: 6}
2025-06-24 02:44:13,804 [INFO] 数据加载器创建完成!
2025-06-24 02:44:13,804 [INFO] 源域类别数: 4 (重叠类别)
2025-06-24 02:44:13,804 [INFO] 目标域类别数: 5 (4个重叠类别 + 1个未知类别)
2025-06-24 02:44:13,804 [INFO] 重叠类别: [0, 1, 2, 3]
2025-06-24 02:44:13,804 [INFO] 目标域新类别: [4, 5]
2025-06-24 02:44:13,805 [INFO] Data allocation verification:
2025-06-24 02:44:13,805 [INFO]   Source data samples: 280
2025-06-24 02:44:13,805 [INFO]   Target data samples: 320
2025-06-24 02:44:13,805 [INFO]   Overlapping samples: 0
2025-06-24 02:44:13,805 [INFO]   ✓ Data allocation is correct - no overlapping samples
2025-06-24 02:44:13,830 [INFO] Model initialized with 599300 parameters
2025-06-24 02:44:13,831 [INFO] Previous best validation accuracy read from record.txt: 0.6429
2025-06-24 02:44:13,831 [INFO] Starting training...
2025-06-24 02:44:14,429 [INFO] Epoch 001 | Train Loss: 16.7872 | Val Loss: 8918.5469 | Val Acc: 0.2500
2025-06-24 02:44:17,950 [INFO] New best model at epoch 1 (Val Acc: 0.2500)
2025-06-24 02:44:19,049 [INFO] Epoch 002 | Train Loss: 5.9997 | Val Loss: 3261.3871 | Val Acc: 0.2500
2025-06-24 02:44:19,865 [INFO] Epoch 003 | Train Loss: 7.7270 | Val Loss: 682.1613 | Val Acc: 0.2857
2025-06-24 02:44:19,954 [INFO] New best model at epoch 3 (Val Acc: 0.2857)
2025-06-24 02:44:20,562 [INFO] Epoch 004 | Train Loss: 5.2014 | Val Loss: 118.2633 | Val Acc: 0.2857
2025-06-24 02:44:21,212 [INFO] Epoch 005 | Train Loss: 3.0720 | Val Loss: 14.3741 | Val Acc: 0.3393
2025-06-24 02:44:21,286 [INFO] New best model at epoch 5 (Val Acc: 0.3393)
2025-06-24 02:44:21,994 [INFO] Epoch 006 | Train Loss: 8.4659 | Val Loss: 6.0595 | Val Acc: 0.2857
2025-06-24 02:44:22,829 [INFO] Epoch 007 | Train Loss: 8.3429 | Val Loss: 8.9964 | Val Acc: 0.3036
2025-06-24 02:44:23,387 [INFO] Epoch 008 | Train Loss: 6.5610 | Val Loss: 4.7082 | Val Acc: 0.3393
2025-06-24 02:44:23,871 [INFO] Epoch 009 | Train Loss: 5.6483 | Val Loss: 2.5891 | Val Acc: 0.2500
2025-06-24 02:44:24,349 [INFO] Epoch 010 | Train Loss: 5.4363 | Val Loss: 3.8136 | Val Acc: 0.2857
2025-06-24 02:44:27,962 [INFO] Epoch 011 | Train Loss: 6.4237 | Val Loss: 8.0252 | Val Acc: 0.2321
2025-06-24 02:44:28,413 [INFO] Epoch 012 | Train Loss: 6.8309 | Val Loss: 10.9060 | Val Acc: 0.2857
2025-06-24 02:44:28,921 [INFO] Epoch 013 | Train Loss: 2.9814 | Val Loss: 2.0892 | Val Acc: 0.2857
2025-06-24 02:44:29,399 [INFO] Epoch 014 | Train Loss: 3.0016 | Val Loss: 6.5411 | Val Acc: 0.3036
2025-06-24 02:44:29,866 [INFO] Epoch 015 | Train Loss: 7.4896 | Val Loss: 15.1063 | Val Acc: 0.2679
2025-06-24 02:44:30,329 [INFO] Epoch 016 | Train Loss: 5.0539 | Val Loss: 4.3725 | Val Acc: 0.2143
2025-06-24 02:44:30,798 [INFO] Epoch 017 | Train Loss: 3.6344 | Val Loss: 2.4357 | Val Acc: 0.3036
2025-06-24 02:44:31,266 [INFO] Epoch 018 | Train Loss: 3.2334 | Val Loss: 3.7634 | Val Acc: 0.2143
2025-06-24 02:44:31,720 [INFO] Epoch 019 | Train Loss: 4.1145 | Val Loss: 5.1652 | Val Acc: 0.2500
2025-06-24 02:44:32,149 [INFO] Epoch 020 | Train Loss: 3.3929 | Val Loss: 9.5986 | Val Acc: 0.2857
2025-06-24 02:44:35,723 [INFO] Epoch 021 | Train Loss: 3.5510 | Val Loss: 6.2767 | Val Acc: 0.3036
2025-06-24 02:44:36,192 [INFO] Epoch 022 | Train Loss: 1.3975 | Val Loss: 4.1163 | Val Acc: 0.2679
2025-06-24 02:44:36,678 [INFO] Epoch 023 | Train Loss: 4.7406 | Val Loss: 4.4821 | Val Acc: 0.2679
2025-06-24 02:44:37,156 [INFO] Epoch 024 | Train Loss: 3.4894 | Val Loss: 1.6292 | Val Acc: 0.3571
2025-06-24 02:44:37,247 [INFO] New best model at epoch 24 (Val Acc: 0.3571)
2025-06-24 02:44:37,663 [INFO] Epoch 025 | Train Loss: 2.9210 | Val Loss: 2.2938 | Val Acc: 0.2857
2025-06-24 02:44:38,137 [INFO] Epoch 026 | Train Loss: 3.3667 | Val Loss: 9.5004 | Val Acc: 0.2857
2025-06-24 02:44:38,584 [INFO] Epoch 027 | Train Loss: 1.4230 | Val Loss: 11.8887 | Val Acc: 0.3214
2025-06-24 02:44:39,115 [INFO] Epoch 028 | Train Loss: 2.8193 | Val Loss: 1.4294 | Val Acc: 0.2857
2025-06-24 02:44:39,584 [INFO] Epoch 029 | Train Loss: 3.3306 | Val Loss: 1.3590 | Val Acc: 0.2857
2025-06-24 02:44:40,051 [INFO] Epoch 030 | Train Loss: 3.0590 | Val Loss: 1.6589 | Val Acc: 0.4107
2025-06-24 02:44:43,321 [INFO] New best model at epoch 30 (Val Acc: 0.4107)
2025-06-24 02:44:43,723 [INFO] Epoch 031 | Train Loss: 1.8043 | Val Loss: 1.3853 | Val Acc: 0.3571
2025-06-24 02:44:44,266 [INFO] Epoch 032 | Train Loss: 3.4190 | Val Loss: 1.4233 | Val Acc: 0.3214
2025-06-24 02:44:44,752 [INFO] Epoch 033 | Train Loss: 6.2216 | Val Loss: 1.3796 | Val Acc: 0.3929
2025-06-24 02:44:45,225 [INFO] Epoch 034 | Train Loss: 3.4949 | Val Loss: 1.9053 | Val Acc: 0.3571
2025-06-24 02:44:45,684 [INFO] Epoch 035 | Train Loss: 4.3080 | Val Loss: 1.4367 | Val Acc: 0.3750
2025-06-24 02:44:46,166 [INFO] Epoch 036 | Train Loss: 4.3265 | Val Loss: 4.9547 | Val Acc: 0.3750
2025-06-24 02:44:46,689 [INFO] Epoch 037 | Train Loss: 1.8500 | Val Loss: 18.2841 | Val Acc: 0.3214
2025-06-24 02:44:47,158 [INFO] Epoch 038 | Train Loss: 2.6154 | Val Loss: 5.9098 | Val Acc: 0.3393
2025-06-24 02:44:47,596 [INFO] Epoch 039 | Train Loss: 3.6218 | Val Loss: 1.3326 | Val Acc: 0.4107
2025-06-24 02:44:48,025 [INFO] Epoch 040 | Train Loss: 2.0183 | Val Loss: 1.5502 | Val Acc: 0.3393
2025-06-24 02:44:54,597 [INFO] Epoch 041 | Train Loss: 2.2266 | Val Loss: 1.3518 | Val Acc: 0.3393
2025-06-24 02:44:55,355 [INFO] Epoch 042 | Train Loss: 4.7673 | Val Loss: 1.3155 | Val Acc: 0.3929
2025-06-24 02:44:55,818 [INFO] Epoch 043 | Train Loss: 3.1645 | Val Loss: 1.5066 | Val Acc: 0.3571
2025-06-24 02:44:56,276 [INFO] Epoch 044 | Train Loss: 2.7282 | Val Loss: 2.0485 | Val Acc: 0.3393
2025-06-24 02:44:56,720 [INFO] Epoch 045 | Train Loss: 3.7685 | Val Loss: 3.6820 | Val Acc: 0.3393
2025-06-24 02:44:57,374 [INFO] Epoch 046 | Train Loss: 2.6697 | Val Loss: 3.2057 | Val Acc: 0.4107
2025-06-24 02:44:57,932 [INFO] Epoch 047 | Train Loss: 1.6186 | Val Loss: 1.6213 | Val Acc: 0.3750
2025-06-24 02:44:58,409 [INFO] Epoch 048 | Train Loss: 3.1335 | Val Loss: 2.6144 | Val Acc: 0.3214
2025-06-24 02:44:58,909 [INFO] Epoch 049 | Train Loss: 1.8857 | Val Loss: 1.8510 | Val Acc: 0.3750
2025-06-24 02:44:59,445 [INFO] Epoch 050 | Train Loss: 1.8236 | Val Loss: 1.6351 | Val Acc: 0.3929
2025-06-24 02:45:03,144 [INFO] Epoch 051 | Train Loss: 1.8641 | Val Loss: 1.5079 | Val Acc: 0.3750
2025-06-24 02:45:03,673 [INFO] Epoch 052 | Train Loss: 1.1403 | Val Loss: 1.3845 | Val Acc: 0.4286
2025-06-24 02:45:03,767 [INFO] New best model at epoch 52 (Val Acc: 0.4286)
2025-06-24 02:45:04,299 [INFO] Epoch 053 | Train Loss: 3.1194 | Val Loss: 1.4839 | Val Acc: 0.3750
2025-06-24 02:45:04,737 [INFO] Epoch 054 | Train Loss: 2.0981 | Val Loss: 1.4322 | Val Acc: 0.3750
2025-06-24 02:45:05,192 [INFO] Epoch 055 | Train Loss: 1.0263 | Val Loss: 1.4375 | Val Acc: 0.3036
2025-06-24 02:45:05,686 [INFO] Epoch 056 | Train Loss: 5.6064 | Val Loss: 4.8320 | Val Acc: 0.3393
2025-06-24 02:45:06,173 [INFO] Epoch 057 | Train Loss: 2.4535 | Val Loss: 5.2318 | Val Acc: 0.3214
2025-06-24 02:45:06,661 [INFO] Epoch 058 | Train Loss: 2.1113 | Val Loss: 7.5270 | Val Acc: 0.3750
2025-06-24 02:45:07,203 [INFO] Epoch 059 | Train Loss: 1.2773 | Val Loss: 7.2159 | Val Acc: 0.3929
2025-06-24 02:45:07,634 [INFO] Epoch 060 | Train Loss: 2.8276 | Val Loss: 7.3341 | Val Acc: 0.3750
2025-06-24 02:45:11,358 [INFO] Epoch 061 | Train Loss: 3.9587 | Val Loss: 2.5113 | Val Acc: 0.3571
2025-06-24 02:45:11,842 [INFO] Epoch 062 | Train Loss: 3.0284 | Val Loss: 2.7980 | Val Acc: 0.2857
2025-06-24 02:45:12,318 [INFO] Epoch 063 | Train Loss: 3.5424 | Val Loss: 3.3627 | Val Acc: 0.3571
2025-06-24 02:45:12,788 [INFO] Epoch 064 | Train Loss: 2.6606 | Val Loss: 8.4128 | Val Acc: 0.2857
2025-06-24 02:45:13,250 [INFO] Epoch 065 | Train Loss: 4.4919 | Val Loss: 6.6356 | Val Acc: 0.3571
2025-06-24 02:45:13,711 [INFO] Epoch 066 | Train Loss: 2.0256 | Val Loss: 3.3956 | Val Acc: 0.2857
2025-06-24 02:45:14,243 [INFO] Epoch 067 | Train Loss: 2.9838 | Val Loss: 7.4482 | Val Acc: 0.2321
2025-06-24 02:45:14,702 [INFO] Epoch 068 | Train Loss: 3.3390 | Val Loss: 11.4062 | Val Acc: 0.2857
2025-06-24 02:45:15,180 [INFO] Epoch 069 | Train Loss: 4.0010 | Val Loss: 3.5462 | Val Acc: 0.3036
2025-06-24 02:45:15,612 [INFO] Epoch 070 | Train Loss: 2.1032 | Val Loss: 6.7607 | Val Acc: 0.3571
2025-06-24 02:45:19,343 [INFO] Epoch 071 | Train Loss: 2.5087 | Val Loss: 2.4011 | Val Acc: 0.3393
2025-06-24 02:45:19,787 [INFO] Epoch 072 | Train Loss: 3.0149 | Val Loss: 5.1311 | Val Acc: 0.3393
2025-06-24 02:45:20,294 [INFO] Epoch 073 | Train Loss: 2.3855 | Val Loss: 3.3439 | Val Acc: 0.1964
2025-06-24 02:45:20,746 [INFO] Epoch 074 | Train Loss: 1.6428 | Val Loss: 2.3200 | Val Acc: 0.3036
2025-06-24 02:45:21,544 [INFO] Epoch 075 | Train Loss: 1.7904 | Val Loss: 3.9414 | Val Acc: 0.2321
2025-06-24 02:45:22,077 [INFO] Epoch 076 | Train Loss: 2.2488 | Val Loss: 1.5449 | Val Acc: 0.2857
2025-06-24 02:45:22,518 [INFO] Epoch 077 | Train Loss: 2.1363 | Val Loss: 2.0661 | Val Acc: 0.3214
2025-06-24 02:45:23,017 [INFO] Epoch 078 | Train Loss: 1.7530 | Val Loss: 3.0057 | Val Acc: 0.3750
2025-06-24 02:45:23,457 [INFO] Epoch 079 | Train Loss: 2.1163 | Val Loss: 1.7613 | Val Acc: 0.3929
2025-06-24 02:45:23,892 [INFO] Epoch 080 | Train Loss: 1.9398 | Val Loss: 1.4051 | Val Acc: 0.4107
2025-06-24 02:45:27,488 [INFO] Epoch 081 | Train Loss: 1.5587 | Val Loss: 2.4148 | Val Acc: 0.3036
2025-06-24 02:45:28,166 [INFO] Epoch 082 | Train Loss: 1.5667 | Val Loss: 2.4222 | Val Acc: 0.3214
2025-06-24 02:45:28,649 [INFO] Epoch 083 | Train Loss: 1.5093 | Val Loss: 2.0598 | Val Acc: 0.3750
2025-06-24 02:45:29,207 [INFO] Epoch 084 | Train Loss: 1.3415 | Val Loss: 3.9319 | Val Acc: 0.2857
2025-06-24 02:45:29,655 [INFO] Epoch 085 | Train Loss: 1.7652 | Val Loss: 7.8850 | Val Acc: 0.3750
2025-06-24 02:45:30,162 [INFO] Epoch 086 | Train Loss: 1.7356 | Val Loss: 4.2157 | Val Acc: 0.3036
2025-06-24 02:45:30,629 [INFO] Epoch 087 | Train Loss: 1.3111 | Val Loss: 7.3883 | Val Acc: 0.3750
2025-06-24 02:45:31,117 [INFO] Epoch 088 | Train Loss: 1.6804 | Val Loss: 2.1000 | Val Acc: 0.3750
2025-06-24 02:45:31,558 [INFO] Epoch 089 | Train Loss: 1.3772 | Val Loss: 3.9891 | Val Acc: 0.3214
2025-06-24 02:45:31,984 [INFO] Epoch 090 | Train Loss: 1.2417 | Val Loss: 3.9956 | Val Acc: 0.3929
2025-06-24 02:45:35,539 [INFO] Epoch 091 | Train Loss: 1.1227 | Val Loss: 3.5355 | Val Acc: 0.2679
2025-06-24 02:45:35,994 [INFO] Epoch 092 | Train Loss: 1.3289 | Val Loss: 3.0604 | Val Acc: 0.3036
2025-06-24 02:45:36,461 [INFO] Epoch 093 | Train Loss: 1.2190 | Val Loss: 1.4913 | Val Acc: 0.4107
2025-06-24 02:45:36,932 [INFO] Epoch 094 | Train Loss: 0.9786 | Val Loss: 1.5106 | Val Acc: 0.4286
2025-06-24 02:45:37,386 [INFO] Epoch 095 | Train Loss: 1.1058 | Val Loss: 2.0182 | Val Acc: 0.3393
2025-06-24 02:45:37,841 [INFO] Epoch 096 | Train Loss: 1.0120 | Val Loss: 1.7040 | Val Acc: 0.3393
2025-06-24 02:45:38,313 [INFO] Epoch 097 | Train Loss: 1.2086 | Val Loss: 1.4560 | Val Acc: 0.4821
2025-06-24 02:45:38,385 [INFO] New best model at epoch 97 (Val Acc: 0.4821)
2025-06-24 02:45:38,773 [INFO] Epoch 098 | Train Loss: 1.3495 | Val Loss: 2.4859 | Val Acc: 0.3571
2025-06-24 02:45:39,309 [INFO] Epoch 099 | Train Loss: 1.2821 | Val Loss: 1.7708 | Val Acc: 0.4286
2025-06-24 02:45:39,737 [INFO] Epoch 100 | Train Loss: 1.3614 | Val Loss: 1.7556 | Val Acc: 0.3929
2025-06-24 02:45:43,257 [INFO] Epoch 101 | Train Loss: 1.1472 | Val Loss: 1.7758 | Val Acc: 0.3036
2025-06-24 02:45:43,716 [INFO] Epoch 102 | Train Loss: 1.0801 | Val Loss: 2.0615 | Val Acc: 0.3214
2025-06-24 02:45:44,278 [INFO] Epoch 103 | Train Loss: 1.1713 | Val Loss: 2.1253 | Val Acc: 0.4107
2025-06-24 02:45:44,724 [INFO] Epoch 104 | Train Loss: 1.1959 | Val Loss: 1.4311 | Val Acc: 0.4107
2025-06-24 02:45:45,223 [INFO] Epoch 105 | Train Loss: 1.0639 | Val Loss: 1.3476 | Val Acc: 0.3571
2025-06-24 02:45:45,672 [INFO] Epoch 106 | Train Loss: 1.0183 | Val Loss: 1.6911 | Val Acc: 0.3214
2025-06-24 02:45:46,138 [INFO] Epoch 107 | Train Loss: 1.0229 | Val Loss: 1.3968 | Val Acc: 0.3571
2025-06-24 02:45:46,598 [INFO] Epoch 108 | Train Loss: 1.1211 | Val Loss: 1.4309 | Val Acc: 0.4107
2025-06-24 02:45:47,052 [INFO] Epoch 109 | Train Loss: 1.1457 | Val Loss: 2.3606 | Val Acc: 0.3036
2025-06-24 02:45:47,506 [INFO] Epoch 110 | Train Loss: 0.9938 | Val Loss: 2.0535 | Val Acc: 0.3571
2025-06-24 02:45:51,072 [INFO] Epoch 111 | Train Loss: 1.1024 | Val Loss: 1.5526 | Val Acc: 0.3750
2025-06-24 02:45:51,549 [INFO] Epoch 112 | Train Loss: 1.0169 | Val Loss: 1.4353 | Val Acc: 0.3571
2025-06-24 02:45:52,058 [INFO] Epoch 113 | Train Loss: 1.1534 | Val Loss: 1.4835 | Val Acc: 0.4107
2025-06-24 02:45:52,544 [INFO] Epoch 114 | Train Loss: 1.0661 | Val Loss: 1.5965 | Val Acc: 0.3571
2025-06-24 02:45:53,010 [INFO] Epoch 115 | Train Loss: 1.0058 | Val Loss: 1.3418 | Val Acc: 0.3393
2025-06-24 02:45:53,486 [INFO] Epoch 116 | Train Loss: 1.0490 | Val Loss: 1.2458 | Val Acc: 0.4464
2025-06-24 02:45:53,939 [INFO] Epoch 117 | Train Loss: 0.9808 | Val Loss: 1.3218 | Val Acc: 0.4643
2025-06-24 02:45:54,473 [INFO] Epoch 118 | Train Loss: 0.9523 | Val Loss: 1.5305 | Val Acc: 0.3929
2025-06-24 02:45:54,905 [INFO] Epoch 119 | Train Loss: 0.9900 | Val Loss: 1.3828 | Val Acc: 0.4107
2025-06-24 02:45:55,343 [INFO] Epoch 120 | Train Loss: 0.9352 | Val Loss: 1.3669 | Val Acc: 0.3571
2025-06-24 02:46:04,480 [INFO] Epoch 121 | Train Loss: 0.9641 | Val Loss: 1.4946 | Val Acc: 0.2500
2025-06-24 02:46:04,998 [INFO] Epoch 122 | Train Loss: 0.9516 | Val Loss: 1.4078 | Val Acc: 0.3571
2025-06-24 02:46:05,514 [INFO] Epoch 123 | Train Loss: 0.9736 | Val Loss: 1.6280 | Val Acc: 0.4821
2025-06-24 02:46:05,997 [INFO] Epoch 124 | Train Loss: 0.9980 | Val Loss: 1.8688 | Val Acc: 0.3750
2025-06-24 02:46:06,473 [INFO] Epoch 125 | Train Loss: 1.0251 | Val Loss: 1.3812 | Val Acc: 0.3571
2025-06-24 02:46:06,948 [INFO] Epoch 126 | Train Loss: 1.1197 | Val Loss: 1.3837 | Val Acc: 0.3393
2025-06-24 02:46:07,423 [INFO] Epoch 127 | Train Loss: 0.9561 | Val Loss: 1.4208 | Val Acc: 0.4643
2025-06-24 02:46:07,881 [INFO] Epoch 128 | Train Loss: 0.9477 | Val Loss: 1.7646 | Val Acc: 0.4107
2025-06-24 02:46:08,410 [INFO] Epoch 129 | Train Loss: 0.9496 | Val Loss: 2.0277 | Val Acc: 0.3214
2025-06-24 02:46:08,867 [INFO] Epoch 130 | Train Loss: 1.0475 | Val Loss: 2.2893 | Val Acc: 0.3214
2025-06-24 02:46:27,756 [INFO] Epoch 131 | Train Loss: 0.9447 | Val Loss: 1.8003 | Val Acc: 0.3750
2025-06-24 02:46:28,373 [INFO] Epoch 132 | Train Loss: 0.9753 | Val Loss: 1.4775 | Val Acc: 0.4643
2025-06-24 02:46:29,027 [INFO] Epoch 133 | Train Loss: 1.0112 | Val Loss: 1.5839 | Val Acc: 0.3929
2025-06-24 02:46:29,558 [INFO] Epoch 134 | Train Loss: 0.8347 | Val Loss: 1.8402 | Val Acc: 0.4107
2025-06-24 02:46:30,034 [INFO] Epoch 135 | Train Loss: 0.9362 | Val Loss: 1.7604 | Val Acc: 0.4821
2025-06-24 02:46:30,538 [INFO] Epoch 136 | Train Loss: 0.9753 | Val Loss: 1.7204 | Val Acc: 0.3750
2025-06-24 02:46:31,048 [INFO] Epoch 137 | Train Loss: 0.8412 | Val Loss: 1.9766 | Val Acc: 0.4286
2025-06-24 02:46:31,529 [INFO] Epoch 138 | Train Loss: 0.9577 | Val Loss: 1.7505 | Val Acc: 0.4464
2025-06-24 02:46:32,002 [INFO] Epoch 139 | Train Loss: 0.8525 | Val Loss: 1.7605 | Val Acc: 0.4464
2025-06-24 02:46:32,463 [INFO] Epoch 140 | Train Loss: 0.9523 | Val Loss: 2.2587 | Val Acc: 0.3214
2025-06-24 02:46:46,165 [INFO] Epoch 141 | Train Loss: 0.9451 | Val Loss: 2.2511 | Val Acc: 0.3393
2025-06-24 02:46:46,883 [INFO] Epoch 142 | Train Loss: 0.8760 | Val Loss: 2.8204 | Val Acc: 0.3571
2025-06-24 02:46:47,411 [INFO] Epoch 143 | Train Loss: 0.9116 | Val Loss: 2.9709 | Val Acc: 0.3929
2025-06-24 02:46:47,879 [INFO] Epoch 144 | Train Loss: 0.9871 | Val Loss: 1.7648 | Val Acc: 0.3750
2025-06-24 02:46:48,371 [INFO] Epoch 145 | Train Loss: 0.9431 | Val Loss: 1.4947 | Val Acc: 0.3571
2025-06-24 02:46:48,927 [INFO] Epoch 146 | Train Loss: 1.0157 | Val Loss: 1.5027 | Val Acc: 0.4464
2025-06-24 02:46:49,396 [INFO] Epoch 147 | Train Loss: 0.8794 | Val Loss: 1.8568 | Val Acc: 0.3929
2025-06-24 02:46:49,864 [INFO] Epoch 148 | Train Loss: 0.7958 | Val Loss: 1.8193 | Val Acc: 0.3750
2025-06-24 02:46:50,391 [INFO] Epoch 149 | Train Loss: 0.8452 | Val Loss: 1.8021 | Val Acc: 0.3571
2025-06-24 02:46:50,826 [INFO] Epoch 150 | Train Loss: 0.7390 | Val Loss: 1.7748 | Val Acc: 0.4464
2025-06-24 02:46:55,823 [INFO] Best model saved to <built-in function time>/ENZYMES/best/best_source_gin.pth (Val Acc: 0.4821 at epoch 97)
2025-06-24 02:46:55,826 [INFO] Training/validation metrics saved to <built-in function time>/ENZYMES/GIN_0.01/train_metrics.csv
2025-06-24 02:46:59,066 [INFO] Final training curves saved
2025-06-24 02:46:59,066 [INFO] Training completed!
2025-06-24 02:46:59,066 [INFO] Best validation accuracy: 0.4821
2025-06-24 02:46:59,066 [INFO] Best epoch: 97
2025-06-24 02:46:59,067 [INFO] Total epochs trained: 150
2025-06-24 02:46:59,071 [INFO] Starting training with parameters: (0.01, 0.4, 256, 5, 300, 0.0)
