2025-06-20 17:47:58,745 [INFO] Using device: cpu
2025-06-20 17:47:58,745 [INFO] 开始创建数据加载器...
2025-06-20 17:47:58,747 [INFO] Successfully loaded dataset ENZYMES from ./data, total graphs: 600
2025-06-20 17:47:58,747 [INFO] Class allocation analysis:
2025-06-20 17:47:58,747 [INFO]   Source classes: [0, 1, 2, 3]
2025-06-20 17:47:58,747 [INFO]   Target classes: [0, 1, 2, 3, 4, 5]
2025-06-20 17:47:58,747 [INFO]   Overlap classes (to be split): [0, 1, 2, 3]
2025-06-20 17:47:58,747 [INFO]   Target novel classes (unknown): [4, 5]
2025-06-20 17:47:58,762 [INFO]   Class 0: 100 total -> Source: 70, Target: 30
2025-06-20 17:47:58,762 [INFO]   Class 1: 100 total -> Source: 70, Target: 30
2025-06-20 17:47:58,762 [INFO]   Class 2: 100 total -> Source: 70, Target: 30
2025-06-20 17:47:58,762 [INFO]   Class 3: 100 total -> Source: 70, Target: 30
2025-06-20 17:47:58,762 [INFO]   Class 4 (novel/unknown): 100 samples -> Target
2025-06-20 17:47:58,762 [INFO]   Class 5 (novel/unknown): 100 samples -> Target
2025-06-20 17:47:58,762 [INFO] Final allocation:
2025-06-20 17:47:58,762 [INFO]   Source domain: 280 samples
2025-06-20 17:47:58,762 [INFO]   Target domain: 320 samples
2025-06-20 17:47:58,764 [INFO] Source domain setup:
2025-06-20 17:47:58,764 [INFO]   Original classes: [0, 1, 2, 3]
2025-06-20 17:47:58,764 [INFO]   Overlap classes used: [0, 1, 2, 3]
2025-06-20 17:47:58,764 [INFO]   Label mapping: {0: 0, 1: 1, 2: 2, 3: 3}
2025-06-20 17:47:58,764 [INFO]   Total data after allocation: 280
2025-06-20 17:47:58,764 [INFO]   Data split - Train: 224, Val: 56
2025-06-20 17:47:58,764 [INFO]   Train label distribution: {0: 56, 1: 56, 3: 56, 2: 56}
2025-06-20 17:47:58,764 [INFO]   Val label distribution: {1: 14, 2: 14, 0: 14, 3: 14}
2025-06-20 17:47:58,765 [INFO] Successfully loaded dataset ENZYMES from ./data, total graphs: 600
2025-06-20 17:47:58,765 [INFO] Class allocation analysis:
2025-06-20 17:47:58,765 [INFO]   Source classes: [0, 1, 2, 3]
2025-06-20 17:47:58,766 [INFO]   Target classes: [0, 1, 2, 3, 4, 5]
2025-06-20 17:47:58,766 [INFO]   Overlap classes (to be split): [0, 1, 2, 3]
2025-06-20 17:47:58,766 [INFO]   Target novel classes (unknown): [4, 5]
2025-06-20 17:47:58,780 [INFO]   Class 0: 100 total -> Source: 70, Target: 30
2025-06-20 17:47:58,780 [INFO]   Class 1: 100 total -> Source: 70, Target: 30
2025-06-20 17:47:58,780 [INFO]   Class 2: 100 total -> Source: 70, Target: 30
2025-06-20 17:47:58,781 [INFO]   Class 3: 100 total -> Source: 70, Target: 30
2025-06-20 17:47:58,781 [INFO]   Class 4 (novel/unknown): 100 samples -> Target
2025-06-20 17:47:58,781 [INFO]   Class 5 (novel/unknown): 100 samples -> Target
2025-06-20 17:47:58,781 [INFO] Final allocation:
2025-06-20 17:47:58,781 [INFO]   Source domain: 280 samples
2025-06-20 17:47:58,781 [INFO]   Target domain: 320 samples
2025-06-20 17:47:58,782 [INFO] Target domain setup:
2025-06-20 17:47:58,782 [INFO]   Original classes: [0, 1, 2, 3, 4, 5]
2025-06-20 17:47:58,782 [INFO]   Overlap classes: [0, 1, 2, 3]
2025-06-20 17:47:58,782 [INFO]   Novel classes: [4, 5] -> mapped to unknown label 4
2025-06-20 17:47:58,782 [INFO]   Label mapping: {0: 0, 1: 1, 2: 2, 3: 3, 4: 4, 5: 4}
2025-06-20 17:47:58,782 [INFO]   Total data after allocation: 320
2025-06-20 17:47:58,782 [INFO]   Data split - Train: 256, Val: 64
2025-06-20 17:47:58,783 [INFO]   Total count: 320 (known: 120, unknown: 200)
2025-06-20 17:47:58,783 [INFO]   Total label distribution: {4: 200, 3: 30, 0: 30, 1: 30, 2: 30}
2025-06-20 17:47:58,783 [INFO]   Train label distribution: {4: 160, 0: 24, 2: 24, 3: 24, 1: 24}
2025-06-20 17:47:58,783 [INFO]   Val label distribution: {1: 6, 4: 40, 3: 6, 0: 6, 2: 6}
2025-06-20 17:47:58,783 [INFO] 数据加载器创建完成!
2025-06-20 17:47:58,783 [INFO] 源域类别数: 4 (重叠类别)
2025-06-20 17:47:58,783 [INFO] 目标域类别数: 5 (4个重叠类别 + 1个未知类别)
2025-06-20 17:47:58,783 [INFO] 重叠类别: [0, 1, 2, 3]
2025-06-20 17:47:58,783 [INFO] 目标域新类别: [4, 5]
2025-06-20 17:47:58,783 [INFO] Data allocation verification:
2025-06-20 17:47:58,783 [INFO]   Source data samples: 280
2025-06-20 17:47:58,783 [INFO]   Target data samples: 320
2025-06-20 17:47:58,783 [INFO]   Overlapping samples: 0
2025-06-20 17:47:58,783 [INFO]   ✓ Data allocation is correct - no overlapping samples
2025-06-20 17:47:58,785 [INFO] Model initialized with 39236 parameters
2025-06-20 17:47:58,786 [INFO] Previous best validation accuracy read from record.txt: 0.6071
2025-06-20 17:47:58,786 [INFO] Starting training...
2025-06-20 17:47:58,823 [INFO] Epoch 001 | Train Loss: 8.0531 | Val Loss: 1.6222 | Val Acc: 0.2500
2025-06-20 17:47:58,938 [INFO] New best model at epoch 1 (Val Acc: 0.2500)
2025-06-20 17:47:58,998 [INFO] Epoch 002 | Train Loss: 7.2721 | Val Loss: 1.5347 | Val Acc: 0.2500
2025-06-20 17:47:59,045 [INFO] Epoch 003 | Train Loss: 6.5116 | Val Loss: 1.4948 | Val Acc: 0.2679
2025-06-20 17:47:59,051 [INFO] New best model at epoch 3 (Val Acc: 0.2679)
2025-06-20 17:47:59,097 [INFO] Epoch 004 | Train Loss: 6.3712 | Val Loss: 1.4896 | Val Acc: 0.2679
2025-06-20 17:47:59,141 [INFO] Epoch 005 | Train Loss: 5.1948 | Val Loss: 1.7738 | Val Acc: 0.2500
2025-06-20 17:47:59,182 [INFO] Epoch 006 | Train Loss: 5.3750 | Val Loss: 2.5623 | Val Acc: 0.2500
2025-06-20 17:47:59,222 [INFO] Epoch 007 | Train Loss: 5.4300 | Val Loss: 3.5782 | Val Acc: 0.2857
2025-06-20 17:47:59,227 [INFO] New best model at epoch 7 (Val Acc: 0.2857)
2025-06-20 17:47:59,263 [INFO] Epoch 008 | Train Loss: 5.1167 | Val Loss: 4.0272 | Val Acc: 0.3036
2025-06-20 17:47:59,269 [INFO] New best model at epoch 8 (Val Acc: 0.3036)
2025-06-20 17:47:59,304 [INFO] Epoch 009 | Train Loss: 4.3768 | Val Loss: 4.7679 | Val Acc: 0.2500
2025-06-20 17:47:59,344 [INFO] Epoch 010 | Train Loss: 4.5845 | Val Loss: 5.7294 | Val Acc: 0.2500
2025-06-20 17:47:59,523 [INFO] Epoch 011 | Train Loss: 4.5146 | Val Loss: 6.0847 | Val Acc: 0.2679
2025-06-20 17:47:59,576 [INFO] Epoch 012 | Train Loss: 4.5580 | Val Loss: 5.0308 | Val Acc: 0.3036
2025-06-20 17:47:59,626 [INFO] Epoch 013 | Train Loss: 3.9566 | Val Loss: 4.0171 | Val Acc: 0.3214
2025-06-20 17:47:59,632 [INFO] New best model at epoch 13 (Val Acc: 0.3214)
2025-06-20 17:47:59,669 [INFO] Epoch 014 | Train Loss: 4.1242 | Val Loss: 3.7835 | Val Acc: 0.3214
2025-06-20 17:47:59,715 [INFO] Epoch 015 | Train Loss: 3.5997 | Val Loss: 3.6708 | Val Acc: 0.3214
2025-06-20 17:47:59,792 [INFO] Epoch 016 | Train Loss: 3.9860 | Val Loss: 3.4939 | Val Acc: 0.2857
2025-06-20 17:47:59,853 [INFO] Epoch 017 | Train Loss: 3.4533 | Val Loss: 3.4615 | Val Acc: 0.3571
2025-06-20 17:47:59,858 [INFO] New best model at epoch 17 (Val Acc: 0.3571)
2025-06-20 17:47:59,907 [INFO] Epoch 018 | Train Loss: 3.9473 | Val Loss: 4.1732 | Val Acc: 0.3750
2025-06-20 17:47:59,913 [INFO] New best model at epoch 18 (Val Acc: 0.3750)
2025-06-20 17:47:59,959 [INFO] Epoch 019 | Train Loss: 3.0927 | Val Loss: 5.0815 | Val Acc: 0.3571
2025-06-20 17:48:00,004 [INFO] Epoch 020 | Train Loss: 3.3674 | Val Loss: 5.3393 | Val Acc: 0.3393
2025-06-20 17:48:00,191 [INFO] Epoch 021 | Train Loss: 3.1903 | Val Loss: 4.4159 | Val Acc: 0.3750
2025-06-20 17:48:00,263 [INFO] Epoch 022 | Train Loss: 3.7135 | Val Loss: 3.3266 | Val Acc: 0.3929
2025-06-20 17:48:00,269 [INFO] New best model at epoch 22 (Val Acc: 0.3929)
2025-06-20 17:48:00,325 [INFO] Epoch 023 | Train Loss: 3.4313 | Val Loss: 3.2159 | Val Acc: 0.3393
2025-06-20 17:48:00,378 [INFO] Epoch 024 | Train Loss: 2.6161 | Val Loss: 3.3667 | Val Acc: 0.3571
2025-06-20 17:48:00,434 [INFO] Epoch 025 | Train Loss: 3.4916 | Val Loss: 3.0805 | Val Acc: 0.3393
2025-06-20 17:48:00,496 [INFO] Epoch 026 | Train Loss: 2.9408 | Val Loss: 2.7953 | Val Acc: 0.3571
2025-06-20 17:48:00,564 [INFO] Epoch 027 | Train Loss: 3.3231 | Val Loss: 2.2534 | Val Acc: 0.4107
2025-06-20 17:48:00,569 [INFO] New best model at epoch 27 (Val Acc: 0.4107)
2025-06-20 17:48:00,626 [INFO] Epoch 028 | Train Loss: 2.9167 | Val Loss: 2.3043 | Val Acc: 0.3929
2025-06-20 17:48:00,712 [INFO] Epoch 029 | Train Loss: 2.9164 | Val Loss: 2.4815 | Val Acc: 0.3929
2025-06-20 17:48:00,776 [INFO] Epoch 030 | Train Loss: 2.8415 | Val Loss: 2.6228 | Val Acc: 0.4107
2025-06-20 17:48:00,985 [INFO] Epoch 031 | Train Loss: 2.3303 | Val Loss: 2.8127 | Val Acc: 0.4107
2025-06-20 17:48:01,068 [INFO] Epoch 032 | Train Loss: 3.4170 | Val Loss: 2.6868 | Val Acc: 0.3929
2025-06-20 17:48:01,149 [INFO] Epoch 033 | Train Loss: 2.6375 | Val Loss: 2.4274 | Val Acc: 0.4464
2025-06-20 17:48:01,155 [INFO] New best model at epoch 33 (Val Acc: 0.4464)
2025-06-20 17:48:01,208 [INFO] Epoch 034 | Train Loss: 2.4797 | Val Loss: 2.0295 | Val Acc: 0.5357
2025-06-20 17:48:01,213 [INFO] New best model at epoch 34 (Val Acc: 0.5357)
2025-06-20 17:48:01,265 [INFO] Epoch 035 | Train Loss: 2.4690 | Val Loss: 2.2171 | Val Acc: 0.4643
2025-06-20 17:48:01,325 [INFO] Epoch 036 | Train Loss: 2.5697 | Val Loss: 2.2475 | Val Acc: 0.5179
2025-06-20 17:48:01,389 [INFO] Epoch 037 | Train Loss: 3.1585 | Val Loss: 1.9465 | Val Acc: 0.5179
2025-06-20 17:48:01,488 [INFO] Epoch 038 | Train Loss: 2.2992 | Val Loss: 1.7182 | Val Acc: 0.5357
2025-06-20 17:48:01,579 [INFO] Epoch 039 | Train Loss: 2.2707 | Val Loss: 1.8576 | Val Acc: 0.5357
2025-06-20 17:48:01,712 [INFO] Epoch 040 | Train Loss: 2.5769 | Val Loss: 2.0082 | Val Acc: 0.4107
2025-06-20 17:48:01,903 [INFO] Epoch 041 | Train Loss: 2.3765 | Val Loss: 2.1777 | Val Acc: 0.3750
2025-06-20 17:48:01,989 [INFO] Epoch 042 | Train Loss: 2.5625 | Val Loss: 2.6079 | Val Acc: 0.3750
2025-06-20 17:48:02,068 [INFO] Epoch 043 | Train Loss: 2.2257 | Val Loss: 2.4096 | Val Acc: 0.4464
2025-06-20 17:48:02,140 [INFO] Epoch 044 | Train Loss: 2.6753 | Val Loss: 2.3042 | Val Acc: 0.4286
2025-06-20 17:48:02,205 [INFO] Epoch 045 | Train Loss: 2.0816 | Val Loss: 2.2437 | Val Acc: 0.4643
2025-06-20 17:48:02,281 [INFO] Epoch 046 | Train Loss: 2.4546 | Val Loss: 1.7850 | Val Acc: 0.4286
2025-06-20 17:48:02,365 [INFO] Epoch 047 | Train Loss: 2.3346 | Val Loss: 2.0136 | Val Acc: 0.5179
2025-06-20 17:48:02,440 [INFO] Epoch 048 | Train Loss: 2.4445 | Val Loss: 2.1387 | Val Acc: 0.4286
2025-06-20 17:48:02,506 [INFO] Epoch 049 | Train Loss: 2.5832 | Val Loss: 2.0706 | Val Acc: 0.4643
2025-06-20 17:48:02,569 [INFO] Epoch 050 | Train Loss: 2.0868 | Val Loss: 1.9856 | Val Acc: 0.4643
2025-06-20 17:48:02,739 [INFO] Epoch 051 | Train Loss: 2.6961 | Val Loss: 2.2273 | Val Acc: 0.4107
2025-06-20 17:48:02,801 [INFO] Epoch 052 | Train Loss: 2.3968 | Val Loss: 2.0239 | Val Acc: 0.4643
2025-06-20 17:48:02,865 [INFO] Epoch 053 | Train Loss: 2.2163 | Val Loss: 1.9161 | Val Acc: 0.4464
2025-06-20 17:48:02,927 [INFO] Epoch 054 | Train Loss: 2.1935 | Val Loss: 2.2417 | Val Acc: 0.4464
2025-06-20 17:48:02,991 [INFO] Epoch 055 | Train Loss: 2.3512 | Val Loss: 2.4910 | Val Acc: 0.3929
2025-06-20 17:48:03,045 [INFO] Epoch 056 | Train Loss: 2.4834 | Val Loss: 2.8642 | Val Acc: 0.3750
2025-06-20 17:48:03,093 [INFO] Epoch 057 | Train Loss: 2.3117 | Val Loss: 3.1500 | Val Acc: 0.3393
2025-06-20 17:48:03,149 [INFO] Epoch 058 | Train Loss: 2.3208 | Val Loss: 3.0662 | Val Acc: 0.3393
2025-06-20 17:48:03,218 [INFO] Epoch 059 | Train Loss: 2.4650 | Val Loss: 2.9831 | Val Acc: 0.3393
2025-06-20 17:48:03,272 [INFO] Epoch 060 | Train Loss: 2.4007 | Val Loss: 2.7946 | Val Acc: 0.3571
2025-06-20 17:48:03,444 [INFO] Epoch 061 | Train Loss: 2.2595 | Val Loss: 3.0388 | Val Acc: 0.2857
2025-06-20 17:48:03,496 [INFO] Epoch 062 | Train Loss: 2.2513 | Val Loss: 2.8596 | Val Acc: 0.2679
2025-06-20 17:48:03,543 [INFO] Epoch 063 | Train Loss: 1.7256 | Val Loss: 2.4797 | Val Acc: 0.3571
2025-06-20 17:48:03,586 [INFO] Epoch 064 | Train Loss: 2.0019 | Val Loss: 2.3595 | Val Acc: 0.4107
2025-06-20 17:48:03,628 [INFO] Epoch 065 | Train Loss: 2.0041 | Val Loss: 2.4831 | Val Acc: 0.2857
2025-06-20 17:48:03,676 [INFO] Epoch 066 | Train Loss: 1.7918 | Val Loss: 2.6272 | Val Acc: 0.2857
2025-06-20 17:48:03,722 [INFO] Epoch 067 | Train Loss: 1.9038 | Val Loss: 2.3723 | Val Acc: 0.3750
2025-06-20 17:48:03,766 [INFO] Epoch 068 | Train Loss: 1.5282 | Val Loss: 2.3210 | Val Acc: 0.3750
2025-06-20 17:48:03,808 [INFO] Epoch 069 | Train Loss: 2.5825 | Val Loss: 2.4507 | Val Acc: 0.3393
2025-06-20 17:48:03,851 [INFO] Epoch 070 | Train Loss: 2.1599 | Val Loss: 2.3310 | Val Acc: 0.3393
2025-06-20 17:48:04,085 [INFO] Epoch 071 | Train Loss: 1.9491 | Val Loss: 2.2286 | Val Acc: 0.3929
2025-06-20 17:48:04,138 [INFO] Epoch 072 | Train Loss: 2.0526 | Val Loss: 2.3246 | Val Acc: 0.3571
2025-06-20 17:48:04,196 [INFO] Epoch 073 | Train Loss: 1.5887 | Val Loss: 2.1638 | Val Acc: 0.3750
2025-06-20 17:48:04,252 [INFO] Epoch 074 | Train Loss: 1.9502 | Val Loss: 2.3212 | Val Acc: 0.3750
2025-06-20 17:48:04,296 [INFO] Epoch 075 | Train Loss: 1.9736 | Val Loss: 2.2633 | Val Acc: 0.3929
2025-06-20 17:48:04,345 [INFO] Epoch 076 | Train Loss: 2.1707 | Val Loss: 2.0574 | Val Acc: 0.4286
2025-06-20 17:48:04,392 [INFO] Epoch 077 | Train Loss: 1.6732 | Val Loss: 2.1927 | Val Acc: 0.3750
2025-06-20 17:48:04,438 [INFO] Epoch 078 | Train Loss: 2.0197 | Val Loss: 2.2953 | Val Acc: 0.4643
2025-06-20 17:48:04,516 [INFO] Epoch 079 | Train Loss: 2.1529 | Val Loss: 2.3544 | Val Acc: 0.4107
2025-06-20 17:48:04,568 [INFO] Epoch 080 | Train Loss: 1.9716 | Val Loss: 2.6712 | Val Acc: 0.3750
2025-06-20 17:48:04,728 [INFO] Epoch 081 | Train Loss: 1.5403 | Val Loss: 2.7907 | Val Acc: 0.4286
2025-06-20 17:48:04,771 [INFO] Epoch 082 | Train Loss: 2.6887 | Val Loss: 3.1440 | Val Acc: 0.3929
2025-06-20 17:48:04,816 [INFO] Epoch 083 | Train Loss: 1.6184 | Val Loss: 2.9242 | Val Acc: 0.4286
2025-06-20 17:48:04,863 [INFO] Epoch 084 | Train Loss: 1.6584 | Val Loss: 2.9634 | Val Acc: 0.3214
2025-06-20 17:48:04,920 [INFO] Epoch 085 | Train Loss: 2.0659 | Val Loss: 2.7664 | Val Acc: 0.3571
2025-06-20 17:48:04,966 [INFO] Epoch 086 | Train Loss: 1.6433 | Val Loss: 2.7217 | Val Acc: 0.3571
2025-06-20 17:48:05,013 [INFO] Epoch 087 | Train Loss: 2.0898 | Val Loss: 2.7541 | Val Acc: 0.4107
2025-06-20 17:48:05,059 [INFO] Epoch 088 | Train Loss: 1.6652 | Val Loss: 2.9155 | Val Acc: 0.3393
2025-06-20 17:48:05,106 [INFO] Epoch 089 | Train Loss: 1.7785 | Val Loss: 2.8796 | Val Acc: 0.3393
2025-06-20 17:48:05,150 [INFO] Epoch 090 | Train Loss: 1.7529 | Val Loss: 2.6952 | Val Acc: 0.3571
2025-06-20 17:48:05,335 [INFO] Epoch 091 | Train Loss: 1.6634 | Val Loss: 2.5761 | Val Acc: 0.3393
2025-06-20 17:48:05,414 [INFO] Epoch 092 | Train Loss: 1.6621 | Val Loss: 2.6668 | Val Acc: 0.3393
2025-06-20 17:48:05,509 [INFO] Epoch 093 | Train Loss: 2.0905 | Val Loss: 2.5650 | Val Acc: 0.3393
2025-06-20 17:48:05,561 [INFO] Epoch 094 | Train Loss: 1.4574 | Val Loss: 2.5545 | Val Acc: 0.3750
2025-06-20 17:48:05,606 [INFO] Epoch 095 | Train Loss: 1.3063 | Val Loss: 2.5132 | Val Acc: 0.3571
2025-06-20 17:48:05,649 [INFO] Epoch 096 | Train Loss: 1.3650 | Val Loss: 2.5485 | Val Acc: 0.3750
2025-06-20 17:48:05,696 [INFO] Epoch 097 | Train Loss: 1.5296 | Val Loss: 2.5936 | Val Acc: 0.3571
2025-06-20 17:48:05,742 [INFO] Epoch 098 | Train Loss: 1.6172 | Val Loss: 2.8822 | Val Acc: 0.3571
2025-06-20 17:48:05,802 [INFO] Epoch 099 | Train Loss: 1.7844 | Val Loss: 2.8262 | Val Acc: 0.3750
2025-06-20 17:48:05,900 [INFO] Epoch 100 | Train Loss: 1.7958 | Val Loss: 2.7601 | Val Acc: 0.3929
2025-06-20 17:48:06,093 [INFO] Epoch 101 | Train Loss: 2.4011 | Val Loss: 2.8792 | Val Acc: 0.2679
2025-06-20 17:48:06,162 [INFO] Epoch 102 | Train Loss: 1.6932 | Val Loss: 2.8632 | Val Acc: 0.4107
2025-06-20 17:48:06,229 [INFO] Epoch 103 | Train Loss: 2.0147 | Val Loss: 2.8184 | Val Acc: 0.3393
2025-06-20 17:48:06,281 [INFO] Epoch 104 | Train Loss: 1.8722 | Val Loss: 2.5596 | Val Acc: 0.3214
2025-06-20 17:48:06,341 [INFO] Epoch 105 | Train Loss: 1.5214 | Val Loss: 2.5732 | Val Acc: 0.3929
2025-06-20 17:48:06,385 [INFO] Epoch 106 | Train Loss: 1.9821 | Val Loss: 2.6654 | Val Acc: 0.3571
2025-06-20 17:48:06,427 [INFO] Epoch 107 | Train Loss: 1.5129 | Val Loss: 2.6486 | Val Acc: 0.3750
2025-06-20 17:48:06,471 [INFO] Epoch 108 | Train Loss: 1.5846 | Val Loss: 2.6670 | Val Acc: 0.3393
2025-06-20 17:48:06,516 [INFO] Epoch 109 | Train Loss: 1.4318 | Val Loss: 2.6055 | Val Acc: 0.3929
2025-06-20 17:48:06,560 [INFO] Epoch 110 | Train Loss: 1.5578 | Val Loss: 2.7144 | Val Acc: 0.3571
2025-06-20 17:48:06,729 [INFO] Epoch 111 | Train Loss: 1.6289 | Val Loss: 2.6442 | Val Acc: 0.3393
2025-06-20 17:48:06,772 [INFO] Epoch 112 | Train Loss: 1.5321 | Val Loss: 2.7810 | Val Acc: 0.3571
2025-06-20 17:48:06,814 [INFO] Epoch 113 | Train Loss: 1.1944 | Val Loss: 2.7489 | Val Acc: 0.4286
2025-06-20 17:48:06,857 [INFO] Epoch 114 | Train Loss: 1.5545 | Val Loss: 2.4268 | Val Acc: 0.4107
2025-06-20 17:48:06,901 [INFO] Epoch 115 | Train Loss: 1.6207 | Val Loss: 2.3905 | Val Acc: 0.4643
2025-06-20 17:48:06,946 [INFO] Epoch 116 | Train Loss: 1.2012 | Val Loss: 2.3620 | Val Acc: 0.4643
2025-06-20 17:48:06,992 [INFO] Epoch 117 | Train Loss: 1.2792 | Val Loss: 2.2903 | Val Acc: 0.4464
2025-06-20 17:48:07,036 [INFO] Epoch 118 | Train Loss: 2.0475 | Val Loss: 2.4677 | Val Acc: 0.3036
2025-06-20 17:48:07,083 [INFO] Epoch 119 | Train Loss: 1.3725 | Val Loss: 2.3557 | Val Acc: 0.3929
2025-06-20 17:48:07,130 [INFO] Epoch 120 | Train Loss: 1.7012 | Val Loss: 2.4820 | Val Acc: 0.3393
2025-06-20 17:48:07,303 [INFO] Epoch 121 | Train Loss: 1.5432 | Val Loss: 2.4993 | Val Acc: 0.3929
2025-06-20 17:48:07,357 [INFO] Epoch 122 | Train Loss: 1.7942 | Val Loss: 2.4247 | Val Acc: 0.3929
2025-06-20 17:48:07,406 [INFO] Epoch 123 | Train Loss: 1.4226 | Val Loss: 2.3642 | Val Acc: 0.4286
2025-06-20 17:48:07,457 [INFO] Epoch 124 | Train Loss: 1.6418 | Val Loss: 2.5722 | Val Acc: 0.3750
2025-06-20 17:48:07,526 [INFO] Epoch 125 | Train Loss: 1.4910 | Val Loss: 2.5203 | Val Acc: 0.4464
2025-06-20 17:48:07,573 [INFO] Epoch 126 | Train Loss: 1.2802 | Val Loss: 2.4910 | Val Acc: 0.4464
2025-06-20 17:48:07,619 [INFO] Epoch 127 | Train Loss: 1.5401 | Val Loss: 2.4429 | Val Acc: 0.4643
2025-06-20 17:48:07,661 [INFO] Epoch 128 | Train Loss: 1.6606 | Val Loss: 2.3654 | Val Acc: 0.4464
2025-06-20 17:48:07,705 [INFO] Epoch 129 | Train Loss: 1.2262 | Val Loss: 2.3239 | Val Acc: 0.4643
2025-06-20 17:48:07,791 [INFO] Epoch 130 | Train Loss: 1.4305 | Val Loss: 2.2992 | Val Acc: 0.3929
2025-06-20 17:48:07,962 [INFO] Epoch 131 | Train Loss: 1.2587 | Val Loss: 2.4235 | Val Acc: 0.3750
2025-06-20 17:48:08,017 [INFO] Epoch 132 | Train Loss: 1.5494 | Val Loss: 2.4835 | Val Acc: 0.3750
2025-06-20 17:48:08,069 [INFO] Epoch 133 | Train Loss: 1.3440 | Val Loss: 2.5278 | Val Acc: 0.3929
2025-06-20 17:48:08,115 [INFO] Epoch 134 | Train Loss: 1.3281 | Val Loss: 2.5627 | Val Acc: 0.3929
2025-06-20 17:48:08,161 [INFO] Epoch 135 | Train Loss: 1.2637 | Val Loss: 2.5970 | Val Acc: 0.3571
2025-06-20 17:48:08,206 [INFO] Epoch 136 | Train Loss: 1.4651 | Val Loss: 2.5377 | Val Acc: 0.3036
2025-06-20 17:48:08,246 [INFO] Epoch 137 | Train Loss: 1.5804 | Val Loss: 2.7382 | Val Acc: 0.3036
2025-06-20 17:48:08,285 [INFO] Epoch 138 | Train Loss: 1.4254 | Val Loss: 2.6865 | Val Acc: 0.3393
2025-06-20 17:48:08,323 [INFO] Epoch 139 | Train Loss: 1.2962 | Val Loss: 2.7345 | Val Acc: 0.3750
2025-06-20 17:48:08,383 [INFO] Epoch 140 | Train Loss: 1.5911 | Val Loss: 2.7348 | Val Acc: 0.3393
2025-06-20 17:48:08,597 [INFO] Epoch 141 | Train Loss: 1.9076 | Val Loss: 2.9505 | Val Acc: 0.3036
2025-06-20 17:48:08,648 [INFO] Epoch 142 | Train Loss: 1.3675 | Val Loss: 2.8260 | Val Acc: 0.2679
2025-06-20 17:48:08,698 [INFO] Epoch 143 | Train Loss: 1.1211 | Val Loss: 2.6669 | Val Acc: 0.3393
2025-06-20 17:48:08,761 [INFO] Epoch 144 | Train Loss: 1.7864 | Val Loss: 2.6344 | Val Acc: 0.3750
2025-06-20 17:48:08,803 [INFO] Epoch 145 | Train Loss: 1.2880 | Val Loss: 2.5605 | Val Acc: 0.3036
2025-06-20 17:48:08,862 [INFO] Epoch 146 | Train Loss: 1.6976 | Val Loss: 2.8697 | Val Acc: 0.2679
2025-06-20 17:48:08,912 [INFO] Epoch 147 | Train Loss: 1.3183 | Val Loss: 2.5052 | Val Acc: 0.3750
2025-06-20 17:48:08,956 [INFO] Epoch 148 | Train Loss: 1.2865 | Val Loss: 2.5217 | Val Acc: 0.4286
2025-06-20 17:48:08,999 [INFO] Epoch 149 | Train Loss: 1.2581 | Val Loss: 2.4887 | Val Acc: 0.4286
2025-06-20 17:48:09,042 [INFO] Epoch 150 | Train Loss: 1.4186 | Val Loss: 2.5861 | Val Acc: 0.3571
2025-06-20 17:48:09,205 [INFO] Epoch 151 | Train Loss: 1.5242 | Val Loss: 2.7509 | Val Acc: 0.3750
2025-06-20 17:48:09,257 [INFO] Epoch 152 | Train Loss: 1.3556 | Val Loss: 2.9060 | Val Acc: 0.3571
2025-06-20 17:48:09,303 [INFO] Epoch 153 | Train Loss: 1.4308 | Val Loss: 2.9193 | Val Acc: 0.3393
2025-06-20 17:48:09,343 [INFO] Epoch 154 | Train Loss: 1.2061 | Val Loss: 2.9556 | Val Acc: 0.3750
2025-06-20 17:48:09,391 [INFO] Epoch 155 | Train Loss: 0.9487 | Val Loss: 2.9053 | Val Acc: 0.3750
2025-06-20 17:48:09,431 [INFO] Epoch 156 | Train Loss: 1.3846 | Val Loss: 2.8262 | Val Acc: 0.3393
2025-06-20 17:48:09,475 [INFO] Epoch 157 | Train Loss: 1.0803 | Val Loss: 2.9461 | Val Acc: 0.3750
2025-06-20 17:48:09,515 [INFO] Epoch 158 | Train Loss: 1.2762 | Val Loss: 3.1305 | Val Acc: 0.3393
2025-06-20 17:48:09,555 [INFO] Epoch 159 | Train Loss: 1.5280 | Val Loss: 3.1643 | Val Acc: 0.3214
2025-06-20 17:48:09,598 [INFO] Epoch 160 | Train Loss: 1.2514 | Val Loss: 2.9833 | Val Acc: 0.3750
2025-06-20 17:48:09,831 [INFO] Epoch 161 | Train Loss: 1.1450 | Val Loss: 2.7623 | Val Acc: 0.4107
2025-06-20 17:48:09,871 [INFO] Epoch 162 | Train Loss: 1.8216 | Val Loss: 2.5087 | Val Acc: 0.4286
2025-06-20 17:48:09,925 [INFO] Epoch 163 | Train Loss: 1.6504 | Val Loss: 2.3327 | Val Acc: 0.4643
2025-06-20 17:48:09,971 [INFO] Epoch 164 | Train Loss: 1.1571 | Val Loss: 2.2884 | Val Acc: 0.4643
2025-06-20 17:48:10,014 [INFO] Epoch 165 | Train Loss: 1.3701 | Val Loss: 2.3715 | Val Acc: 0.5179
2025-06-20 17:48:10,062 [INFO] Epoch 166 | Train Loss: 1.3572 | Val Loss: 2.3910 | Val Acc: 0.5000
2025-06-20 17:48:10,106 [INFO] Epoch 167 | Train Loss: 1.3050 | Val Loss: 2.5520 | Val Acc: 0.4464
2025-06-20 17:48:10,145 [INFO] Epoch 168 | Train Loss: 1.3988 | Val Loss: 2.6088 | Val Acc: 0.4107
2025-06-20 17:48:10,200 [INFO] Epoch 169 | Train Loss: 1.0152 | Val Loss: 2.6011 | Val Acc: 0.4286
2025-06-20 17:48:10,244 [INFO] Epoch 170 | Train Loss: 1.0621 | Val Loss: 2.5850 | Val Acc: 0.3571
2025-06-20 17:48:10,424 [INFO] Epoch 171 | Train Loss: 1.3830 | Val Loss: 2.5729 | Val Acc: 0.3929
2025-06-20 17:48:10,479 [INFO] Epoch 172 | Train Loss: 1.2082 | Val Loss: 2.6691 | Val Acc: 0.3750
2025-06-20 17:48:10,523 [INFO] Epoch 173 | Train Loss: 1.2863 | Val Loss: 2.8440 | Val Acc: 0.3571
2025-06-20 17:48:10,566 [INFO] Epoch 174 | Train Loss: 0.9531 | Val Loss: 2.8069 | Val Acc: 0.3393
2025-06-20 17:48:10,616 [INFO] Epoch 175 | Train Loss: 1.1953 | Val Loss: 2.6688 | Val Acc: 0.3571
2025-06-20 17:48:10,671 [INFO] Epoch 176 | Train Loss: 1.1038 | Val Loss: 2.5130 | Val Acc: 0.3929
2025-06-20 17:48:10,725 [INFO] Epoch 177 | Train Loss: 1.2421 | Val Loss: 2.5419 | Val Acc: 0.3750
2025-06-20 17:48:10,773 [INFO] Epoch 178 | Train Loss: 1.2506 | Val Loss: 2.3687 | Val Acc: 0.4286
2025-06-20 17:48:10,821 [INFO] Epoch 179 | Train Loss: 1.4120 | Val Loss: 2.4473 | Val Acc: 0.4107
2025-06-20 17:48:10,879 [INFO] Epoch 180 | Train Loss: 1.4595 | Val Loss: 2.3997 | Val Acc: 0.4286
2025-06-20 17:48:11,063 [INFO] Epoch 181 | Train Loss: 1.1607 | Val Loss: 2.5406 | Val Acc: 0.4464
2025-06-20 17:48:11,110 [INFO] Epoch 182 | Train Loss: 0.9468 | Val Loss: 2.6292 | Val Acc: 0.4107
2025-06-20 17:48:11,169 [INFO] Epoch 183 | Train Loss: 1.2743 | Val Loss: 2.7379 | Val Acc: 0.4107
2025-06-20 17:48:11,212 [INFO] Epoch 184 | Train Loss: 1.1106 | Val Loss: 2.5606 | Val Acc: 0.4286
2025-06-20 17:48:11,215 [INFO] Early stopping at epoch 184 (no improvement in 150 epochs).
2025-06-20 17:48:11,219 [INFO] Best model saved to <built-in function time>/ENZYMES/best/best_source_gin.pth (Val Acc: 0.5357 at epoch 34)
2025-06-20 17:48:11,219 [INFO] Training/validation metrics saved to <built-in function time>/ENZYMES/GIN_0.0001/train_metrics.csv
2025-06-20 17:48:11,340 [INFO] Final training curves saved
2025-06-20 17:48:11,340 [INFO] Training completed!
2025-06-20 17:48:11,340 [INFO] Best validation accuracy: 0.5357
2025-06-20 17:48:11,340 [INFO] Best epoch: 34
2025-06-20 17:48:11,340 [INFO] Total epochs trained: 184
2025-06-20 17:48:11,341 [INFO] Starting training with parameters: (0.0001, 0.1, 64, 5, 400, 0.0001)
