2025-06-22 22:38:05,749 [INFO] Using device: cpu
2025-06-22 22:38:05,749 [INFO] 开始创建数据加载器...
2025-06-22 22:38:05,756 [INFO] Successfully loaded dataset ENZYMES from ./data, total graphs: 600
2025-06-22 22:38:05,756 [INFO] Class allocation analysis:
2025-06-22 22:38:05,756 [INFO]   Source classes: [0, 1, 2, 3]
2025-06-22 22:38:05,756 [INFO]   Target classes: [0, 1, 2, 3, 4, 5]
2025-06-22 22:38:05,756 [INFO]   Overlap classes (to be split): [0, 1, 2, 3]
2025-06-22 22:38:05,756 [INFO]   Target novel classes (unknown): [4, 5]
2025-06-22 22:38:05,781 [INFO]   Class 0: 100 total -> Source: 70, Target: 30
2025-06-22 22:38:05,782 [INFO]   Class 1: 100 total -> Source: 70, Target: 30
2025-06-22 22:38:05,782 [INFO]   Class 2: 100 total -> Source: 70, Target: 30
2025-06-22 22:38:05,782 [INFO]   Class 3: 100 total -> Source: 70, Target: 30
2025-06-22 22:38:05,782 [INFO]   Class 4 (novel/unknown): 100 samples -> Target
2025-06-22 22:38:05,782 [INFO]   Class 5 (novel/unknown): 100 samples -> Target
2025-06-22 22:38:05,783 [INFO] Final allocation:
2025-06-22 22:38:05,783 [INFO]   Source domain: 280 samples
2025-06-22 22:38:05,783 [INFO]   Target domain: 320 samples
2025-06-22 22:38:05,792 [INFO] Source domain setup:
2025-06-22 22:38:05,792 [INFO]   Original classes: [0, 1, 2, 3]
2025-06-22 22:38:05,792 [INFO]   Overlap classes used: [0, 1, 2, 3]
2025-06-22 22:38:05,792 [INFO]   Label mapping: {0: 0, 1: 1, 2: 2, 3: 3}
2025-06-22 22:38:05,792 [INFO]   Total data after allocation: 280
2025-06-22 22:38:05,792 [INFO]   Data split - Train: 224, Val: 56
2025-06-22 22:38:05,792 [INFO]   Train label distribution: {0: 56, 1: 56, 3: 56, 2: 56}
2025-06-22 22:38:05,792 [INFO]   Val label distribution: {1: 14, 2: 14, 0: 14, 3: 14}
2025-06-22 22:38:05,800 [INFO] Successfully loaded dataset ENZYMES from ./data, total graphs: 600
2025-06-22 22:38:05,800 [INFO] Class allocation analysis:
2025-06-22 22:38:05,800 [INFO]   Source classes: [0, 1, 2, 3]
2025-06-22 22:38:05,800 [INFO]   Target classes: [0, 1, 2, 3, 4, 5]
2025-06-22 22:38:05,800 [INFO]   Overlap classes (to be split): [0, 1, 2, 3]
2025-06-22 22:38:05,800 [INFO]   Target novel classes (unknown): [4, 5]
2025-06-22 22:38:05,820 [INFO]   Class 0: 100 total -> Source: 70, Target: 30
2025-06-22 22:38:05,823 [INFO]   Class 1: 100 total -> Source: 70, Target: 30
2025-06-22 22:38:05,824 [INFO]   Class 2: 100 total -> Source: 70, Target: 30
2025-06-22 22:38:05,824 [INFO]   Class 3: 100 total -> Source: 70, Target: 30
2025-06-22 22:38:05,824 [INFO]   Class 4 (novel/unknown): 100 samples -> Target
2025-06-22 22:38:05,824 [INFO]   Class 5 (novel/unknown): 100 samples -> Target
2025-06-22 22:38:05,824 [INFO] Final allocation:
2025-06-22 22:38:05,824 [INFO]   Source domain: 280 samples
2025-06-22 22:38:05,824 [INFO]   Target domain: 320 samples
2025-06-22 22:38:05,827 [INFO] Target domain setup:
2025-06-22 22:38:05,827 [INFO]   Original classes: [0, 1, 2, 3, 4, 5]
2025-06-22 22:38:05,827 [INFO]   Overlap classes: [0, 1, 2, 3]
2025-06-22 22:38:05,827 [INFO]   Novel classes: [4, 5] -> mapped to unknown label 4
2025-06-22 22:38:05,827 [INFO]   Label mapping: {0: 0, 1: 1, 2: 2, 3: 3, 4: 4, 5: 4}
2025-06-22 22:38:05,827 [INFO]   Total data after allocation: 320
2025-06-22 22:38:05,827 [INFO]   Data split - Train: 256, Val: 64
2025-06-22 22:38:05,827 [INFO]   Total count: 320 (known: 120, unknown: 200)
2025-06-22 22:38:05,827 [INFO]   Total label distribution: {4: 200, 3: 30, 0: 30, 1: 30, 2: 30}
2025-06-22 22:38:05,827 [INFO]   Train label distribution: {4: 160, 0: 24, 2: 24, 3: 24, 1: 24}
2025-06-22 22:38:05,827 [INFO]   Val label distribution: {1: 6, 4: 40, 3: 6, 0: 6, 2: 6}
2025-06-22 22:38:05,828 [INFO] 数据加载器创建完成!
2025-06-22 22:38:05,828 [INFO] 源域类别数: 4 (重叠类别)
2025-06-22 22:38:05,828 [INFO] 目标域类别数: 5 (4个重叠类别 + 1个未知类别)
2025-06-22 22:38:05,828 [INFO] 重叠类别: [0, 1, 2, 3]
2025-06-22 22:38:05,828 [INFO] 目标域新类别: [4, 5]
2025-06-22 22:38:05,829 [INFO] Data allocation verification:
2025-06-22 22:38:05,829 [INFO]   Source data samples: 280
2025-06-22 22:38:05,829 [INFO]   Target data samples: 320
2025-06-22 22:38:05,829 [INFO]   Overlapping samples: 0
2025-06-22 22:38:05,829 [INFO]   ✓ Data allocation is correct - no overlapping samples
2025-06-22 22:38:05,843 [INFO] Model initialized with 796164 parameters
2025-06-22 22:38:05,845 [INFO] Previous best validation accuracy read from record.txt: 0.6429
2025-06-22 22:38:05,845 [INFO] Starting training...
2025-06-22 22:38:05,962 [INFO] Epoch 001 | Train Loss: 31.6262 | Val Loss: 1002.0522 | Val Acc: 0.2500
2025-06-22 22:38:09,166 [INFO] New best model at epoch 1 (Val Acc: 0.2500)
2025-06-22 22:38:09,349 [INFO] Epoch 002 | Train Loss: 11.7120 | Val Loss: 93.6744 | Val Acc: 0.3929
2025-06-22 22:38:09,363 [INFO] New best model at epoch 2 (Val Acc: 0.3929)
2025-06-22 22:38:09,417 [INFO] Epoch 003 | Train Loss: 11.5052 | Val Loss: 25.6864 | Val Acc: 0.3571
2025-06-22 22:38:09,492 [INFO] Epoch 004 | Train Loss: 10.5034 | Val Loss: 10.7860 | Val Acc: 0.1786
2025-06-22 22:38:09,566 [INFO] Epoch 005 | Train Loss: 6.7734 | Val Loss: 5.1046 | Val Acc: 0.2857
2025-06-22 22:38:09,635 [INFO] Epoch 006 | Train Loss: 4.0666 | Val Loss: 4.9971 | Val Acc: 0.3929
2025-06-22 22:38:09,699 [INFO] Epoch 007 | Train Loss: 5.4592 | Val Loss: 3.0878 | Val Acc: 0.3393
2025-06-22 22:38:09,763 [INFO] Epoch 008 | Train Loss: 4.8872 | Val Loss: 2.9100 | Val Acc: 0.4107
2025-06-22 22:38:09,776 [INFO] New best model at epoch 8 (Val Acc: 0.4107)
2025-06-22 22:38:09,844 [INFO] Epoch 009 | Train Loss: 5.0233 | Val Loss: 3.6188 | Val Acc: 0.2143
2025-06-22 22:38:09,909 [INFO] Epoch 010 | Train Loss: 3.1137 | Val Loss: 2.4577 | Val Acc: 0.2857
2025-06-22 22:38:11,850 [INFO] Epoch 011 | Train Loss: 4.1234 | Val Loss: 4.5163 | Val Acc: 0.1964
2025-06-22 22:38:11,918 [INFO] Epoch 012 | Train Loss: 9.3409 | Val Loss: 2.4920 | Val Acc: 0.2500
2025-06-22 22:38:11,983 [INFO] Epoch 013 | Train Loss: 4.9526 | Val Loss: 3.5395 | Val Acc: 0.1429
2025-06-22 22:38:12,068 [INFO] Epoch 014 | Train Loss: 7.0629 | Val Loss: 3.1160 | Val Acc: 0.3036
2025-06-22 22:38:12,132 [INFO] Epoch 015 | Train Loss: 4.8447 | Val Loss: 3.2567 | Val Acc: 0.2857
2025-06-22 22:38:12,197 [INFO] Epoch 016 | Train Loss: 3.6209 | Val Loss: 2.1091 | Val Acc: 0.3750
2025-06-22 22:38:12,264 [INFO] Epoch 017 | Train Loss: 5.0730 | Val Loss: 2.6367 | Val Acc: 0.2857
2025-06-22 22:38:12,350 [INFO] Epoch 018 | Train Loss: 5.3037 | Val Loss: 2.6811 | Val Acc: 0.3393
2025-06-22 22:38:12,420 [INFO] Epoch 019 | Train Loss: 6.4924 | Val Loss: 1.7096 | Val Acc: 0.2857
2025-06-22 22:38:12,484 [INFO] Epoch 020 | Train Loss: 5.5332 | Val Loss: 2.4636 | Val Acc: 0.3929
2025-06-22 22:38:13,579 [INFO] Epoch 021 | Train Loss: 8.0155 | Val Loss: 1.9615 | Val Acc: 0.4107
2025-06-22 22:38:13,649 [INFO] Epoch 022 | Train Loss: 6.1131 | Val Loss: 3.1625 | Val Acc: 0.2679
2025-06-22 22:38:13,720 [INFO] Epoch 023 | Train Loss: 5.8452 | Val Loss: 3.2425 | Val Acc: 0.3036
2025-06-22 22:38:13,783 [INFO] Epoch 024 | Train Loss: 6.8039 | Val Loss: 3.0145 | Val Acc: 0.3036
2025-06-22 22:38:13,846 [INFO] Epoch 025 | Train Loss: 8.7724 | Val Loss: 2.7362 | Val Acc: 0.3036
2025-06-22 22:38:13,908 [INFO] Epoch 026 | Train Loss: 5.4775 | Val Loss: 2.0753 | Val Acc: 0.2679
2025-06-22 22:38:13,967 [INFO] Epoch 027 | Train Loss: 5.0521 | Val Loss: 2.6479 | Val Acc: 0.4107
2025-06-22 22:38:14,052 [INFO] Epoch 028 | Train Loss: 6.7076 | Val Loss: 3.3738 | Val Acc: 0.3750
2025-06-22 22:38:14,121 [INFO] Epoch 029 | Train Loss: 3.3622 | Val Loss: 2.1869 | Val Acc: 0.3750
2025-06-22 22:38:14,185 [INFO] Epoch 030 | Train Loss: 2.7318 | Val Loss: 2.0770 | Val Acc: 0.3214
2025-06-22 22:38:15,223 [INFO] Epoch 031 | Train Loss: 4.0403 | Val Loss: 2.3920 | Val Acc: 0.2857
2025-06-22 22:38:15,289 [INFO] Epoch 032 | Train Loss: 5.5096 | Val Loss: 2.6215 | Val Acc: 0.4107
2025-06-22 22:38:15,352 [INFO] Epoch 033 | Train Loss: 6.1936 | Val Loss: 2.0179 | Val Acc: 0.3036
2025-06-22 22:38:15,416 [INFO] Epoch 034 | Train Loss: 3.0364 | Val Loss: 1.4090 | Val Acc: 0.4464
2025-06-22 22:38:15,429 [INFO] New best model at epoch 34 (Val Acc: 0.4464)
2025-06-22 22:38:15,479 [INFO] Epoch 035 | Train Loss: 3.5098 | Val Loss: 1.8282 | Val Acc: 0.2143
2025-06-22 22:38:15,540 [INFO] Epoch 036 | Train Loss: 2.6698 | Val Loss: 1.5836 | Val Acc: 0.3571
2025-06-22 22:38:15,605 [INFO] Epoch 037 | Train Loss: 2.6628 | Val Loss: 1.6651 | Val Acc: 0.2500
2025-06-22 22:38:15,733 [INFO] Epoch 038 | Train Loss: 2.8092 | Val Loss: 1.5193 | Val Acc: 0.3036
2025-06-22 22:38:15,797 [INFO] Epoch 039 | Train Loss: 2.3537 | Val Loss: 2.0439 | Val Acc: 0.2857
2025-06-22 22:38:15,860 [INFO] Epoch 040 | Train Loss: 2.0674 | Val Loss: 1.6031 | Val Acc: 0.2679
2025-06-22 22:38:16,929 [INFO] Epoch 041 | Train Loss: 2.7877 | Val Loss: 1.7149 | Val Acc: 0.2857
2025-06-22 22:38:16,995 [INFO] Epoch 042 | Train Loss: 1.5510 | Val Loss: 1.9499 | Val Acc: 0.3214
2025-06-22 22:38:17,057 [INFO] Epoch 043 | Train Loss: 1.4891 | Val Loss: 2.1948 | Val Acc: 0.2679
2025-06-22 22:38:17,115 [INFO] Epoch 044 | Train Loss: 1.3394 | Val Loss: 1.6185 | Val Acc: 0.3393
2025-06-22 22:38:17,178 [INFO] Epoch 045 | Train Loss: 1.4061 | Val Loss: 1.6027 | Val Acc: 0.2679
2025-06-22 22:38:17,239 [INFO] Epoch 046 | Train Loss: 1.4198 | Val Loss: 1.4330 | Val Acc: 0.2857
2025-06-22 22:38:17,331 [INFO] Epoch 047 | Train Loss: 1.9684 | Val Loss: 1.8945 | Val Acc: 0.2679
2025-06-22 22:38:17,419 [INFO] Epoch 048 | Train Loss: 2.1791 | Val Loss: 2.2552 | Val Acc: 0.3571
2025-06-22 22:38:17,484 [INFO] Epoch 049 | Train Loss: 1.7635 | Val Loss: 1.7597 | Val Acc: 0.3929
2025-06-22 22:38:17,548 [INFO] Epoch 050 | Train Loss: 1.6046 | Val Loss: 2.0351 | Val Acc: 0.2500
2025-06-22 22:38:18,665 [INFO] Epoch 051 | Train Loss: 1.8755 | Val Loss: 1.4050 | Val Acc: 0.4107
2025-06-22 22:38:18,730 [INFO] Epoch 052 | Train Loss: 1.6088 | Val Loss: 1.6422 | Val Acc: 0.4107
2025-06-22 22:38:18,791 [INFO] Epoch 053 | Train Loss: 1.3496 | Val Loss: 1.7811 | Val Acc: 0.4107
2025-06-22 22:38:18,853 [INFO] Epoch 054 | Train Loss: 1.3613 | Val Loss: 1.6456 | Val Acc: 0.3750
2025-06-22 22:38:18,912 [INFO] Epoch 055 | Train Loss: 1.4641 | Val Loss: 1.7176 | Val Acc: 0.3393
2025-06-22 22:38:18,976 [INFO] Epoch 056 | Train Loss: 1.2947 | Val Loss: 1.4196 | Val Acc: 0.4286
2025-06-22 22:38:19,038 [INFO] Epoch 057 | Train Loss: 1.5261 | Val Loss: 1.5207 | Val Acc: 0.3929
2025-06-22 22:38:19,102 [INFO] Epoch 058 | Train Loss: 1.1432 | Val Loss: 2.2008 | Val Acc: 0.3393
2025-06-22 22:38:19,174 [INFO] Epoch 059 | Train Loss: 1.3242 | Val Loss: 1.3847 | Val Acc: 0.4821
2025-06-22 22:38:19,187 [INFO] New best model at epoch 59 (Val Acc: 0.4821)
2025-06-22 22:38:19,239 [INFO] Epoch 060 | Train Loss: 1.2805 | Val Loss: 1.6783 | Val Acc: 0.2857
2025-06-22 22:38:20,326 [INFO] Epoch 061 | Train Loss: 1.1412 | Val Loss: 1.6697 | Val Acc: 0.3214
2025-06-22 22:38:20,400 [INFO] Epoch 062 | Train Loss: 1.6522 | Val Loss: 4.3376 | Val Acc: 0.2679
2025-06-22 22:38:20,461 [INFO] Epoch 063 | Train Loss: 1.2019 | Val Loss: 2.0460 | Val Acc: 0.2857
2025-06-22 22:38:20,523 [INFO] Epoch 064 | Train Loss: 1.1502 | Val Loss: 1.5878 | Val Acc: 0.2857
2025-06-22 22:38:20,587 [INFO] Epoch 065 | Train Loss: 1.2298 | Val Loss: 1.4441 | Val Acc: 0.3750
2025-06-22 22:38:20,651 [INFO] Epoch 066 | Train Loss: 1.5356 | Val Loss: 1.5923 | Val Acc: 0.3929
2025-06-22 22:38:20,713 [INFO] Epoch 067 | Train Loss: 1.2866 | Val Loss: 2.0603 | Val Acc: 0.3393
2025-06-22 22:38:20,774 [INFO] Epoch 068 | Train Loss: 1.5564 | Val Loss: 1.5899 | Val Acc: 0.3571
2025-06-22 22:38:20,846 [INFO] Epoch 069 | Train Loss: 1.6729 | Val Loss: 1.7049 | Val Acc: 0.3929
2025-06-22 22:38:20,907 [INFO] Epoch 070 | Train Loss: 1.6070 | Val Loss: 2.5000 | Val Acc: 0.3393
2025-06-22 22:38:21,987 [INFO] Epoch 071 | Train Loss: 1.6017 | Val Loss: 2.2458 | Val Acc: 0.3750
2025-06-22 22:38:22,054 [INFO] Epoch 072 | Train Loss: 1.3646 | Val Loss: 1.6409 | Val Acc: 0.3214
2025-06-22 22:38:22,113 [INFO] Epoch 073 | Train Loss: 1.2904 | Val Loss: 1.6688 | Val Acc: 0.3571
2025-06-22 22:38:22,171 [INFO] Epoch 074 | Train Loss: 1.1429 | Val Loss: 1.6352 | Val Acc: 0.3750
2025-06-22 22:38:22,232 [INFO] Epoch 075 | Train Loss: 1.1960 | Val Loss: 1.6163 | Val Acc: 0.5000
2025-06-22 22:38:22,245 [INFO] New best model at epoch 75 (Val Acc: 0.5000)
2025-06-22 22:38:22,295 [INFO] Epoch 076 | Train Loss: 1.2352 | Val Loss: 1.9709 | Val Acc: 0.3214
2025-06-22 22:38:22,366 [INFO] Epoch 077 | Train Loss: 1.1470 | Val Loss: 1.5544 | Val Acc: 0.3214
2025-06-22 22:38:22,431 [INFO] Epoch 078 | Train Loss: 1.1394 | Val Loss: 1.6385 | Val Acc: 0.4286
2025-06-22 22:38:22,507 [INFO] Epoch 079 | Train Loss: 1.0501 | Val Loss: 1.4521 | Val Acc: 0.4107
2025-06-22 22:38:22,567 [INFO] Epoch 080 | Train Loss: 1.0914 | Val Loss: 1.5583 | Val Acc: 0.3750
2025-06-22 22:38:23,655 [INFO] Epoch 081 | Train Loss: 1.1617 | Val Loss: 1.8449 | Val Acc: 0.3036
2025-06-22 22:38:23,719 [INFO] Epoch 082 | Train Loss: 1.0518 | Val Loss: 1.6373 | Val Acc: 0.3393
2025-06-22 22:38:23,781 [INFO] Epoch 083 | Train Loss: 1.0389 | Val Loss: 1.7232 | Val Acc: 0.3750
2025-06-22 22:38:23,846 [INFO] Epoch 084 | Train Loss: 1.0428 | Val Loss: 1.6986 | Val Acc: 0.4643
2025-06-22 22:38:23,911 [INFO] Epoch 085 | Train Loss: 1.0719 | Val Loss: 1.6182 | Val Acc: 0.4107
2025-06-22 22:38:23,974 [INFO] Epoch 086 | Train Loss: 0.9645 | Val Loss: 1.3737 | Val Acc: 0.3929
2025-06-22 22:38:24,037 [INFO] Epoch 087 | Train Loss: 0.9862 | Val Loss: 1.5751 | Val Acc: 0.4464
2025-06-22 22:38:24,098 [INFO] Epoch 088 | Train Loss: 0.9661 | Val Loss: 1.7801 | Val Acc: 0.3750
2025-06-22 22:38:24,172 [INFO] Epoch 089 | Train Loss: 0.9332 | Val Loss: 1.4671 | Val Acc: 0.3571
2025-06-22 22:38:24,237 [INFO] Epoch 090 | Train Loss: 0.8718 | Val Loss: 1.4717 | Val Acc: 0.3393
2025-06-22 22:38:25,274 [INFO] Epoch 091 | Train Loss: 0.9627 | Val Loss: 1.4900 | Val Acc: 0.3214
2025-06-22 22:38:25,340 [INFO] Epoch 092 | Train Loss: 0.8787 | Val Loss: 1.5094 | Val Acc: 0.4643
2025-06-22 22:38:25,404 [INFO] Epoch 093 | Train Loss: 0.9259 | Val Loss: 1.5559 | Val Acc: 0.4286
2025-06-22 22:38:25,465 [INFO] Epoch 094 | Train Loss: 0.9234 | Val Loss: 1.8495 | Val Acc: 0.4107
2025-06-22 22:38:25,525 [INFO] Epoch 095 | Train Loss: 1.0900 | Val Loss: 2.0358 | Val Acc: 0.3929
2025-06-22 22:38:25,588 [INFO] Epoch 096 | Train Loss: 0.9814 | Val Loss: 2.1374 | Val Acc: 0.3036
2025-06-22 22:38:25,653 [INFO] Epoch 097 | Train Loss: 1.2348 | Val Loss: 1.9091 | Val Acc: 0.3393
2025-06-22 22:38:25,716 [INFO] Epoch 098 | Train Loss: 1.1312 | Val Loss: 1.6854 | Val Acc: 0.3214
2025-06-22 22:38:25,783 [INFO] Epoch 099 | Train Loss: 0.8671 | Val Loss: 1.7254 | Val Acc: 0.3214
2025-06-22 22:38:25,842 [INFO] Epoch 100 | Train Loss: 0.8472 | Val Loss: 1.5769 | Val Acc: 0.3571
2025-06-22 22:38:26,906 [INFO] Epoch 101 | Train Loss: 0.9351 | Val Loss: 1.6292 | Val Acc: 0.3750
2025-06-22 22:38:26,971 [INFO] Epoch 102 | Train Loss: 0.8763 | Val Loss: 1.7284 | Val Acc: 0.3750
2025-06-22 22:38:27,033 [INFO] Epoch 103 | Train Loss: 0.7920 | Val Loss: 1.9009 | Val Acc: 0.3393
2025-06-22 22:38:27,096 [INFO] Epoch 104 | Train Loss: 0.8523 | Val Loss: 1.6969 | Val Acc: 0.3750
2025-06-22 22:38:27,159 [INFO] Epoch 105 | Train Loss: 0.8418 | Val Loss: 1.4144 | Val Acc: 0.4464
2025-06-22 22:38:27,220 [INFO] Epoch 106 | Train Loss: 1.0426 | Val Loss: 1.5934 | Val Acc: 0.3929
2025-06-22 22:38:27,287 [INFO] Epoch 107 | Train Loss: 0.8899 | Val Loss: 1.7478 | Val Acc: 0.4107
2025-06-22 22:38:27,356 [INFO] Epoch 108 | Train Loss: 0.9152 | Val Loss: 1.7475 | Val Acc: 0.3929
2025-06-22 22:38:27,423 [INFO] Epoch 109 | Train Loss: 0.8468 | Val Loss: 1.5585 | Val Acc: 0.3393
2025-06-22 22:38:27,503 [INFO] Epoch 110 | Train Loss: 0.7868 | Val Loss: 1.5776 | Val Acc: 0.2857
2025-06-22 22:38:28,545 [INFO] Epoch 111 | Train Loss: 0.7954 | Val Loss: 2.2942 | Val Acc: 0.3393
2025-06-22 22:38:28,612 [INFO] Epoch 112 | Train Loss: 0.8948 | Val Loss: 2.9182 | Val Acc: 0.4286
2025-06-22 22:38:28,676 [INFO] Epoch 113 | Train Loss: 0.9460 | Val Loss: 1.9518 | Val Acc: 0.3750
2025-06-22 22:38:28,739 [INFO] Epoch 114 | Train Loss: 0.9519 | Val Loss: 2.0581 | Val Acc: 0.3750
2025-06-22 22:38:28,798 [INFO] Epoch 115 | Train Loss: 0.8497 | Val Loss: 1.6486 | Val Acc: 0.4821
2025-06-22 22:38:28,861 [INFO] Epoch 116 | Train Loss: 0.7614 | Val Loss: 1.6711 | Val Acc: 0.3036
2025-06-22 22:38:28,924 [INFO] Epoch 117 | Train Loss: 0.8749 | Val Loss: 1.5880 | Val Acc: 0.2857
2025-06-22 22:38:28,985 [INFO] Epoch 118 | Train Loss: 0.8533 | Val Loss: 2.1698 | Val Acc: 0.3036
2025-06-22 22:38:29,057 [INFO] Epoch 119 | Train Loss: 0.7791 | Val Loss: 2.1183 | Val Acc: 0.3214
2025-06-22 22:38:29,119 [INFO] Epoch 120 | Train Loss: 0.8250 | Val Loss: 1.7242 | Val Acc: 0.3929
2025-06-22 22:38:30,858 [INFO] Epoch 121 | Train Loss: 0.8297 | Val Loss: 2.0301 | Val Acc: 0.3750
2025-06-22 22:38:30,921 [INFO] Epoch 122 | Train Loss: 0.7676 | Val Loss: 1.7725 | Val Acc: 0.3750
2025-06-22 22:38:30,983 [INFO] Epoch 123 | Train Loss: 0.7465 | Val Loss: 1.6883 | Val Acc: 0.4107
2025-06-22 22:38:31,068 [INFO] Epoch 124 | Train Loss: 0.8169 | Val Loss: 1.6351 | Val Acc: 0.4286
2025-06-22 22:38:31,129 [INFO] Epoch 125 | Train Loss: 0.8442 | Val Loss: 2.3906 | Val Acc: 0.4286
2025-06-22 22:38:31,195 [INFO] Epoch 126 | Train Loss: 0.8133 | Val Loss: 2.6223 | Val Acc: 0.3571
2025-06-22 22:38:31,258 [INFO] Epoch 127 | Train Loss: 0.7907 | Val Loss: 1.6450 | Val Acc: 0.4107
2025-06-22 22:38:31,323 [INFO] Epoch 128 | Train Loss: 0.7442 | Val Loss: 1.5569 | Val Acc: 0.4107
2025-06-22 22:38:31,393 [INFO] Epoch 129 | Train Loss: 0.7976 | Val Loss: 1.5978 | Val Acc: 0.4107
2025-06-22 22:38:31,455 [INFO] Epoch 130 | Train Loss: 0.9676 | Val Loss: 1.7113 | Val Acc: 0.3929
2025-06-22 22:38:32,568 [INFO] Epoch 131 | Train Loss: 0.8199 | Val Loss: 1.8462 | Val Acc: 0.3571
2025-06-22 22:38:32,632 [INFO] Epoch 132 | Train Loss: 0.7455 | Val Loss: 2.3089 | Val Acc: 0.3393
2025-06-22 22:38:32,696 [INFO] Epoch 133 | Train Loss: 0.7476 | Val Loss: 1.8967 | Val Acc: 0.4643
2025-06-22 22:38:32,755 [INFO] Epoch 134 | Train Loss: 0.6904 | Val Loss: 1.7113 | Val Acc: 0.4286
2025-06-22 22:38:32,819 [INFO] Epoch 135 | Train Loss: 0.7478 | Val Loss: 2.0648 | Val Acc: 0.3214
2025-06-22 22:38:32,881 [INFO] Epoch 136 | Train Loss: 0.7672 | Val Loss: 2.2669 | Val Acc: 0.3929
2025-06-22 22:38:32,945 [INFO] Epoch 137 | Train Loss: 0.8014 | Val Loss: 1.9925 | Val Acc: 0.4821
2025-06-22 22:38:33,013 [INFO] Epoch 138 | Train Loss: 0.7998 | Val Loss: 1.9385 | Val Acc: 0.3571
2025-06-22 22:38:33,086 [INFO] Epoch 139 | Train Loss: 0.7038 | Val Loss: 2.0074 | Val Acc: 0.3036
2025-06-22 22:38:33,150 [INFO] Epoch 140 | Train Loss: 0.7604 | Val Loss: 1.7262 | Val Acc: 0.2857
2025-06-22 22:38:37,127 [INFO] Epoch 141 | Train Loss: 0.7137 | Val Loss: 1.8328 | Val Acc: 0.3750
2025-06-22 22:38:37,198 [INFO] Epoch 142 | Train Loss: 0.7393 | Val Loss: 2.1265 | Val Acc: 0.4286
2025-06-22 22:38:37,273 [INFO] Epoch 143 | Train Loss: 0.7048 | Val Loss: 2.1161 | Val Acc: 0.4643
2025-06-22 22:38:37,337 [INFO] Epoch 144 | Train Loss: 0.7639 | Val Loss: 2.2258 | Val Acc: 0.4643
2025-06-22 22:38:37,411 [INFO] Epoch 145 | Train Loss: 0.6885 | Val Loss: 1.8990 | Val Acc: 0.4107
2025-06-22 22:38:37,493 [INFO] Epoch 146 | Train Loss: 0.7148 | Val Loss: 2.9603 | Val Acc: 0.4464
2025-06-22 22:38:37,556 [INFO] Epoch 147 | Train Loss: 0.7700 | Val Loss: 3.9495 | Val Acc: 0.3393
2025-06-22 22:38:37,621 [INFO] Epoch 148 | Train Loss: 0.7613 | Val Loss: 2.2056 | Val Acc: 0.3571
2025-06-22 22:38:37,685 [INFO] Epoch 149 | Train Loss: 0.7063 | Val Loss: 2.1346 | Val Acc: 0.3571
2025-06-22 22:38:37,773 [INFO] Epoch 150 | Train Loss: 0.6826 | Val Loss: 2.4073 | Val Acc: 0.3214
2025-06-22 22:38:38,931 [INFO] Best model saved to <built-in function time>/ENZYMES/best/best_source_gin.pth (Val Acc: 0.5000 at epoch 75)
2025-06-22 22:38:38,932 [INFO] Training/validation metrics saved to <built-in function time>/ENZYMES/GIN_0.01/train_metrics.csv
2025-06-22 22:38:39,932 [INFO] Final training curves saved
2025-06-22 22:38:39,932 [INFO] Training completed!
2025-06-22 22:38:39,932 [INFO] Best validation accuracy: 0.5000
2025-06-22 22:38:39,932 [INFO] Best epoch: 75
2025-06-22 22:38:39,932 [INFO] Total epochs trained: 150
2025-06-22 22:38:39,932 [INFO] Starting training with parameters: (0.01, 0.1, 512, 2, 150, 0.001)
