2025-06-22 00:07:36,822 [INFO] Using device: cpu
2025-06-22 00:07:36,822 [INFO] 开始创建数据加载器...
2025-06-22 00:07:36,825 [INFO] Successfully loaded dataset ENZYMES from ./data, total graphs: 600
2025-06-22 00:07:36,825 [INFO] Class allocation analysis:
2025-06-22 00:07:36,825 [INFO]   Source classes: [0, 1, 2, 3]
2025-06-22 00:07:36,825 [INFO]   Target classes: [0, 1, 2, 3, 4, 5]
2025-06-22 00:07:36,825 [INFO]   Overlap classes (to be split): [0, 1, 2, 3]
2025-06-22 00:07:36,825 [INFO]   Target novel classes (unknown): [4, 5]
2025-06-22 00:07:36,901 [INFO]   Class 0: 100 total -> Source: 70, Target: 30
2025-06-22 00:07:36,901 [INFO]   Class 1: 100 total -> Source: 70, Target: 30
2025-06-22 00:07:36,901 [INFO]   Class 2: 100 total -> Source: 70, Target: 30
2025-06-22 00:07:36,901 [INFO]   Class 3: 100 total -> Source: 70, Target: 30
2025-06-22 00:07:36,901 [INFO]   Class 4 (novel/unknown): 100 samples -> Target
2025-06-22 00:07:36,901 [INFO]   Class 5 (novel/unknown): 100 samples -> Target
2025-06-22 00:07:36,901 [INFO] Final allocation:
2025-06-22 00:07:36,901 [INFO]   Source domain: 280 samples
2025-06-22 00:07:36,901 [INFO]   Target domain: 320 samples
2025-06-22 00:07:36,902 [INFO] Source domain setup:
2025-06-22 00:07:36,903 [INFO]   Original classes: [0, 1, 2, 3]
2025-06-22 00:07:36,903 [INFO]   Overlap classes used: [0, 1, 2, 3]
2025-06-22 00:07:36,903 [INFO]   Label mapping: {0: 0, 1: 1, 2: 2, 3: 3}
2025-06-22 00:07:36,903 [INFO]   Total data after allocation: 280
2025-06-22 00:07:36,903 [INFO]   Data split - Train: 224, Val: 56
2025-06-22 00:07:36,903 [INFO]   Train label distribution: {0: 56, 1: 56, 3: 56, 2: 56}
2025-06-22 00:07:36,903 [INFO]   Val label distribution: {1: 14, 2: 14, 0: 14, 3: 14}
2025-06-22 00:07:36,904 [INFO] Successfully loaded dataset ENZYMES from ./data, total graphs: 600
2025-06-22 00:07:36,904 [INFO] Class allocation analysis:
2025-06-22 00:07:36,904 [INFO]   Source classes: [0, 1, 2, 3]
2025-06-22 00:07:36,904 [INFO]   Target classes: [0, 1, 2, 3, 4, 5]
2025-06-22 00:07:36,904 [INFO]   Overlap classes (to be split): [0, 1, 2, 3]
2025-06-22 00:07:36,904 [INFO]   Target novel classes (unknown): [4, 5]
2025-06-22 00:07:36,917 [INFO]   Class 0: 100 total -> Source: 70, Target: 30
2025-06-22 00:07:36,917 [INFO]   Class 1: 100 total -> Source: 70, Target: 30
2025-06-22 00:07:36,918 [INFO]   Class 2: 100 total -> Source: 70, Target: 30
2025-06-22 00:07:36,918 [INFO]   Class 3: 100 total -> Source: 70, Target: 30
2025-06-22 00:07:36,918 [INFO]   Class 4 (novel/unknown): 100 samples -> Target
2025-06-22 00:07:36,918 [INFO]   Class 5 (novel/unknown): 100 samples -> Target
2025-06-22 00:07:36,918 [INFO] Final allocation:
2025-06-22 00:07:36,918 [INFO]   Source domain: 280 samples
2025-06-22 00:07:36,918 [INFO]   Target domain: 320 samples
2025-06-22 00:07:36,919 [INFO] Target domain setup:
2025-06-22 00:07:36,919 [INFO]   Original classes: [0, 1, 2, 3, 4, 5]
2025-06-22 00:07:36,919 [INFO]   Overlap classes: [0, 1, 2, 3]
2025-06-22 00:07:36,919 [INFO]   Novel classes: [4, 5] -> mapped to unknown label 4
2025-06-22 00:07:36,919 [INFO]   Label mapping: {0: 0, 1: 1, 2: 2, 3: 3, 4: 4, 5: 4}
2025-06-22 00:07:36,919 [INFO]   Total data after allocation: 320
2025-06-22 00:07:36,919 [INFO]   Data split - Train: 256, Val: 64
2025-06-22 00:07:36,919 [INFO]   Total count: 320 (known: 120, unknown: 200)
2025-06-22 00:07:36,920 [INFO]   Total label distribution: {4: 200, 3: 30, 0: 30, 1: 30, 2: 30}
2025-06-22 00:07:36,920 [INFO]   Train label distribution: {4: 160, 0: 24, 2: 24, 3: 24, 1: 24}
2025-06-22 00:07:36,920 [INFO]   Val label distribution: {1: 6, 4: 40, 3: 6, 0: 6, 2: 6}
2025-06-22 00:07:36,920 [INFO] 数据加载器创建完成!
2025-06-22 00:07:36,920 [INFO] 源域类别数: 4 (重叠类别)
2025-06-22 00:07:36,920 [INFO] 目标域类别数: 5 (4个重叠类别 + 1个未知类别)
2025-06-22 00:07:36,920 [INFO] 重叠类别: [0, 1, 2, 3]
2025-06-22 00:07:36,920 [INFO] 目标域新类别: [4, 5]
2025-06-22 00:07:36,920 [INFO] Data allocation verification:
2025-06-22 00:07:36,920 [INFO]   Source data samples: 280
2025-06-22 00:07:36,920 [INFO]   Target data samples: 320
2025-06-22 00:07:36,920 [INFO]   Overlapping samples: 0
2025-06-22 00:07:36,920 [INFO]   ✓ Data allocation is correct - no overlapping samples
2025-06-22 00:07:36,921 [INFO] Model initialized with 3684 parameters
2025-06-22 00:07:36,921 [INFO] Previous best validation accuracy read from record.txt: 0.6250
2025-06-22 00:07:36,921 [INFO] Starting training...
2025-06-22 00:07:36,938 [INFO] Epoch 001 | Train Loss: 5.9441 | Val Loss: 1.9047 | Val Acc: 0.3393
2025-06-22 00:07:37,335 [INFO] New best model at epoch 1 (Val Acc: 0.3393)
2025-06-22 00:07:37,350 [INFO] Epoch 002 | Train Loss: 4.0761 | Val Loss: 1.5681 | Val Acc: 0.3750
2025-06-22 00:07:37,353 [INFO] New best model at epoch 2 (Val Acc: 0.3750)
2025-06-22 00:07:37,369 [INFO] Epoch 003 | Train Loss: 4.0520 | Val Loss: 1.4358 | Val Acc: 0.4286
2025-06-22 00:07:37,371 [INFO] New best model at epoch 3 (Val Acc: 0.4286)
2025-06-22 00:07:37,385 [INFO] Epoch 004 | Train Loss: 3.2601 | Val Loss: 1.3483 | Val Acc: 0.4286
2025-06-22 00:07:37,400 [INFO] Epoch 005 | Train Loss: 2.7126 | Val Loss: 1.4046 | Val Acc: 0.3750
2025-06-22 00:07:37,415 [INFO] Epoch 006 | Train Loss: 2.3901 | Val Loss: 1.3953 | Val Acc: 0.4107
2025-06-22 00:07:37,430 [INFO] Epoch 007 | Train Loss: 3.1789 | Val Loss: 1.5148 | Val Acc: 0.4286
2025-06-22 00:07:37,445 [INFO] Epoch 008 | Train Loss: 3.0016 | Val Loss: 1.6198 | Val Acc: 0.3929
2025-06-22 00:07:37,461 [INFO] Epoch 009 | Train Loss: 2.4781 | Val Loss: 1.7064 | Val Acc: 0.3929
2025-06-22 00:07:37,479 [INFO] Epoch 010 | Train Loss: 2.8340 | Val Loss: 1.6138 | Val Acc: 0.4107
2025-06-22 00:07:38,122 [INFO] Epoch 011 | Train Loss: 2.6738 | Val Loss: 1.6188 | Val Acc: 0.3393
2025-06-22 00:07:38,139 [INFO] Epoch 012 | Train Loss: 2.4246 | Val Loss: 1.4904 | Val Acc: 0.3929
2025-06-22 00:07:38,155 [INFO] Epoch 013 | Train Loss: 2.7136 | Val Loss: 1.5967 | Val Acc: 0.4464
2025-06-22 00:07:38,157 [INFO] New best model at epoch 13 (Val Acc: 0.4464)
2025-06-22 00:07:38,172 [INFO] Epoch 014 | Train Loss: 2.4566 | Val Loss: 1.5591 | Val Acc: 0.3750
2025-06-22 00:07:38,189 [INFO] Epoch 015 | Train Loss: 2.1900 | Val Loss: 1.4972 | Val Acc: 0.3571
2025-06-22 00:07:38,205 [INFO] Epoch 016 | Train Loss: 2.1604 | Val Loss: 1.6389 | Val Acc: 0.4107
2025-06-22 00:07:38,220 [INFO] Epoch 017 | Train Loss: 2.2512 | Val Loss: 1.6817 | Val Acc: 0.4286
2025-06-22 00:07:38,235 [INFO] Epoch 018 | Train Loss: 2.1616 | Val Loss: 1.4957 | Val Acc: 0.4464
2025-06-22 00:07:38,250 [INFO] Epoch 019 | Train Loss: 2.1252 | Val Loss: 1.4138 | Val Acc: 0.3929
2025-06-22 00:07:38,265 [INFO] Epoch 020 | Train Loss: 2.0635 | Val Loss: 1.4339 | Val Acc: 0.3929
2025-06-22 00:07:38,772 [INFO] Epoch 021 | Train Loss: 2.2647 | Val Loss: 1.4325 | Val Acc: 0.4464
2025-06-22 00:07:38,788 [INFO] Epoch 022 | Train Loss: 2.4067 | Val Loss: 1.4957 | Val Acc: 0.3214
2025-06-22 00:07:38,802 [INFO] Epoch 023 | Train Loss: 2.2534 | Val Loss: 1.4767 | Val Acc: 0.3571
2025-06-22 00:07:38,818 [INFO] Epoch 024 | Train Loss: 1.8980 | Val Loss: 1.3833 | Val Acc: 0.4286
2025-06-22 00:07:38,833 [INFO] Epoch 025 | Train Loss: 2.1240 | Val Loss: 1.4861 | Val Acc: 0.4286
2025-06-22 00:07:38,848 [INFO] Epoch 026 | Train Loss: 1.8152 | Val Loss: 1.5529 | Val Acc: 0.3571
2025-06-22 00:07:38,863 [INFO] Epoch 027 | Train Loss: 2.1896 | Val Loss: 1.5258 | Val Acc: 0.3393
2025-06-22 00:07:38,881 [INFO] Epoch 028 | Train Loss: 1.6518 | Val Loss: 1.5856 | Val Acc: 0.3214
2025-06-22 00:07:38,900 [INFO] Epoch 029 | Train Loss: 2.0155 | Val Loss: 1.5417 | Val Acc: 0.3571
2025-06-22 00:07:38,915 [INFO] Epoch 030 | Train Loss: 2.0694 | Val Loss: 1.6381 | Val Acc: 0.2679
2025-06-22 00:07:39,326 [INFO] Epoch 031 | Train Loss: 2.0482 | Val Loss: 1.4279 | Val Acc: 0.3750
2025-06-22 00:07:39,341 [INFO] Epoch 032 | Train Loss: 1.6357 | Val Loss: 1.3420 | Val Acc: 0.3750
2025-06-22 00:07:39,357 [INFO] Epoch 033 | Train Loss: 1.6168 | Val Loss: 1.4428 | Val Acc: 0.3929
2025-06-22 00:07:39,371 [INFO] Epoch 034 | Train Loss: 1.5402 | Val Loss: 1.3935 | Val Acc: 0.3929
2025-06-22 00:07:39,386 [INFO] Epoch 035 | Train Loss: 1.9111 | Val Loss: 1.5280 | Val Acc: 0.3036
2025-06-22 00:07:39,400 [INFO] Epoch 036 | Train Loss: 1.7600 | Val Loss: 1.5092 | Val Acc: 0.2500
2025-06-22 00:07:39,414 [INFO] Epoch 037 | Train Loss: 1.7357 | Val Loss: 1.5788 | Val Acc: 0.2143
2025-06-22 00:07:39,429 [INFO] Epoch 038 | Train Loss: 1.5558 | Val Loss: 1.5554 | Val Acc: 0.2500
2025-06-22 00:07:39,443 [INFO] Epoch 039 | Train Loss: 1.6072 | Val Loss: 1.4375 | Val Acc: 0.3750
2025-06-22 00:07:39,458 [INFO] Epoch 040 | Train Loss: 1.8787 | Val Loss: 1.3690 | Val Acc: 0.3929
2025-06-22 00:07:39,863 [INFO] Epoch 041 | Train Loss: 1.4811 | Val Loss: 1.3674 | Val Acc: 0.4107
2025-06-22 00:07:39,878 [INFO] Epoch 042 | Train Loss: 1.3443 | Val Loss: 1.4290 | Val Acc: 0.4107
2025-06-22 00:07:39,893 [INFO] Epoch 043 | Train Loss: 1.9351 | Val Loss: 1.5065 | Val Acc: 0.2857
2025-06-22 00:07:39,907 [INFO] Epoch 044 | Train Loss: 1.3874 | Val Loss: 1.4887 | Val Acc: 0.3036
2025-06-22 00:07:39,922 [INFO] Epoch 045 | Train Loss: 1.3355 | Val Loss: 1.4365 | Val Acc: 0.3393
2025-06-22 00:07:39,936 [INFO] Epoch 046 | Train Loss: 1.5167 | Val Loss: 1.4672 | Val Acc: 0.3750
2025-06-22 00:07:39,950 [INFO] Epoch 047 | Train Loss: 1.5963 | Val Loss: 1.4618 | Val Acc: 0.3214
2025-06-22 00:07:39,965 [INFO] Epoch 048 | Train Loss: 1.4030 | Val Loss: 1.4771 | Val Acc: 0.3393
2025-06-22 00:07:39,979 [INFO] Epoch 049 | Train Loss: 1.5227 | Val Loss: 1.4602 | Val Acc: 0.2679
2025-06-22 00:07:39,993 [INFO] Epoch 050 | Train Loss: 1.5696 | Val Loss: 1.6323 | Val Acc: 0.3214
2025-06-22 00:07:40,432 [INFO] Epoch 051 | Train Loss: 1.5553 | Val Loss: 1.5985 | Val Acc: 0.2679
2025-06-22 00:07:40,446 [INFO] Epoch 052 | Train Loss: 1.6301 | Val Loss: 1.5680 | Val Acc: 0.3929
2025-06-22 00:07:40,460 [INFO] Epoch 053 | Train Loss: 1.6893 | Val Loss: 1.6796 | Val Acc: 0.3750
2025-06-22 00:07:40,475 [INFO] Epoch 054 | Train Loss: 1.3974 | Val Loss: 1.6606 | Val Acc: 0.3750
2025-06-22 00:07:40,489 [INFO] Epoch 055 | Train Loss: 1.5149 | Val Loss: 1.7659 | Val Acc: 0.3036
2025-06-22 00:07:40,503 [INFO] Epoch 056 | Train Loss: 1.5024 | Val Loss: 1.6508 | Val Acc: 0.3393
2025-06-22 00:07:40,526 [INFO] Epoch 057 | Train Loss: 1.6889 | Val Loss: 1.4460 | Val Acc: 0.4286
2025-06-22 00:07:40,561 [INFO] Epoch 058 | Train Loss: 1.7394 | Val Loss: 1.4219 | Val Acc: 0.3929
2025-06-22 00:07:40,576 [INFO] Epoch 059 | Train Loss: 1.4240 | Val Loss: 1.5261 | Val Acc: 0.3929
2025-06-22 00:07:40,591 [INFO] Epoch 060 | Train Loss: 1.2730 | Val Loss: 1.5324 | Val Acc: 0.3750
2025-06-22 00:07:41,035 [INFO] Epoch 061 | Train Loss: 1.4181 | Val Loss: 1.5920 | Val Acc: 0.3393
2025-06-22 00:07:41,050 [INFO] Epoch 062 | Train Loss: 1.4742 | Val Loss: 1.5033 | Val Acc: 0.3929
2025-06-22 00:07:41,065 [INFO] Epoch 063 | Train Loss: 1.4849 | Val Loss: 1.4477 | Val Acc: 0.4286
2025-06-22 00:07:41,079 [INFO] Epoch 064 | Train Loss: 1.8016 | Val Loss: 1.5158 | Val Acc: 0.4107
2025-06-22 00:07:41,093 [INFO] Epoch 065 | Train Loss: 1.2638 | Val Loss: 1.5983 | Val Acc: 0.4107
2025-06-22 00:07:41,108 [INFO] Epoch 066 | Train Loss: 1.4344 | Val Loss: 1.5441 | Val Acc: 0.3929
2025-06-22 00:07:41,122 [INFO] Epoch 067 | Train Loss: 1.3124 | Val Loss: 1.6117 | Val Acc: 0.4107
2025-06-22 00:07:41,137 [INFO] Epoch 068 | Train Loss: 1.4446 | Val Loss: 1.6358 | Val Acc: 0.3571
2025-06-22 00:07:41,152 [INFO] Epoch 069 | Train Loss: 1.8211 | Val Loss: 1.4550 | Val Acc: 0.3929
2025-06-22 00:07:41,166 [INFO] Epoch 070 | Train Loss: 1.4969 | Val Loss: 1.4262 | Val Acc: 0.3929
2025-06-22 00:07:41,566 [INFO] Epoch 071 | Train Loss: 1.2380 | Val Loss: 1.4044 | Val Acc: 0.4286
2025-06-22 00:07:41,581 [INFO] Epoch 072 | Train Loss: 1.3471 | Val Loss: 1.4529 | Val Acc: 0.3571
2025-06-22 00:07:41,596 [INFO] Epoch 073 | Train Loss: 1.2717 | Val Loss: 1.4563 | Val Acc: 0.3929
2025-06-22 00:07:41,611 [INFO] Epoch 074 | Train Loss: 1.2446 | Val Loss: 1.4511 | Val Acc: 0.4286
2025-06-22 00:07:41,626 [INFO] Epoch 075 | Train Loss: 1.4116 | Val Loss: 1.4129 | Val Acc: 0.3929
2025-06-22 00:07:41,641 [INFO] Epoch 076 | Train Loss: 1.3411 | Val Loss: 1.3796 | Val Acc: 0.4107
2025-06-22 00:07:41,655 [INFO] Epoch 077 | Train Loss: 1.1725 | Val Loss: 1.4697 | Val Acc: 0.3571
2025-06-22 00:07:41,670 [INFO] Epoch 078 | Train Loss: 1.1869 | Val Loss: 1.4460 | Val Acc: 0.4286
2025-06-22 00:07:41,684 [INFO] Epoch 079 | Train Loss: 1.1808 | Val Loss: 1.5178 | Val Acc: 0.3393
2025-06-22 00:07:41,700 [INFO] Epoch 080 | Train Loss: 1.2844 | Val Loss: 1.5149 | Val Acc: 0.3750
2025-06-22 00:07:42,370 [INFO] Epoch 081 | Train Loss: 1.2378 | Val Loss: 1.4930 | Val Acc: 0.3750
2025-06-22 00:07:42,385 [INFO] Epoch 082 | Train Loss: 1.0483 | Val Loss: 1.5754 | Val Acc: 0.3571
2025-06-22 00:07:42,400 [INFO] Epoch 083 | Train Loss: 1.2721 | Val Loss: 1.5989 | Val Acc: 0.3036
2025-06-22 00:07:42,416 [INFO] Epoch 084 | Train Loss: 1.0100 | Val Loss: 1.6158 | Val Acc: 0.3036
2025-06-22 00:07:42,431 [INFO] Epoch 085 | Train Loss: 1.1156 | Val Loss: 1.5114 | Val Acc: 0.3393
2025-06-22 00:07:42,446 [INFO] Epoch 086 | Train Loss: 1.2939 | Val Loss: 1.4360 | Val Acc: 0.3929
2025-06-22 00:07:42,461 [INFO] Epoch 087 | Train Loss: 1.1748 | Val Loss: 1.4218 | Val Acc: 0.3750
2025-06-22 00:07:42,476 [INFO] Epoch 088 | Train Loss: 1.1061 | Val Loss: 1.4599 | Val Acc: 0.3571
2025-06-22 00:07:42,491 [INFO] Epoch 089 | Train Loss: 1.1847 | Val Loss: 1.4531 | Val Acc: 0.4286
2025-06-22 00:07:42,506 [INFO] Epoch 090 | Train Loss: 1.2997 | Val Loss: 1.5532 | Val Acc: 0.3571
2025-06-22 00:07:42,903 [INFO] Epoch 091 | Train Loss: 1.1024 | Val Loss: 1.5892 | Val Acc: 0.3571
2025-06-22 00:07:42,918 [INFO] Epoch 092 | Train Loss: 1.2987 | Val Loss: 1.5948 | Val Acc: 0.3929
2025-06-22 00:07:42,933 [INFO] Epoch 093 | Train Loss: 1.4087 | Val Loss: 1.5463 | Val Acc: 0.3571
2025-06-22 00:07:42,948 [INFO] Epoch 094 | Train Loss: 1.2385 | Val Loss: 1.4563 | Val Acc: 0.3393
2025-06-22 00:07:42,964 [INFO] Epoch 095 | Train Loss: 1.2164 | Val Loss: 1.5398 | Val Acc: 0.3214
2025-06-22 00:07:42,979 [INFO] Epoch 096 | Train Loss: 1.2316 | Val Loss: 1.5045 | Val Acc: 0.3214
2025-06-22 00:07:42,995 [INFO] Epoch 097 | Train Loss: 1.1990 | Val Loss: 1.5359 | Val Acc: 0.3929
2025-06-22 00:07:43,010 [INFO] Epoch 098 | Train Loss: 1.0775 | Val Loss: 1.6287 | Val Acc: 0.4286
2025-06-22 00:07:43,026 [INFO] Epoch 099 | Train Loss: 1.1927 | Val Loss: 1.8287 | Val Acc: 0.3393
2025-06-22 00:07:43,041 [INFO] Epoch 100 | Train Loss: 1.1226 | Val Loss: 1.6530 | Val Acc: 0.3214
2025-06-22 00:07:43,584 [INFO] Epoch 101 | Train Loss: 1.1182 | Val Loss: 1.6234 | Val Acc: 0.3036
2025-06-22 00:07:43,600 [INFO] Epoch 102 | Train Loss: 0.9000 | Val Loss: 1.6419 | Val Acc: 0.3393
2025-06-22 00:07:43,615 [INFO] Epoch 103 | Train Loss: 1.0776 | Val Loss: 1.5621 | Val Acc: 0.3214
2025-06-22 00:07:43,631 [INFO] Epoch 104 | Train Loss: 0.9913 | Val Loss: 1.4487 | Val Acc: 0.3571
2025-06-22 00:07:43,645 [INFO] Epoch 105 | Train Loss: 1.2000 | Val Loss: 1.4088 | Val Acc: 0.4464
2025-06-22 00:07:43,659 [INFO] Epoch 106 | Train Loss: 1.0129 | Val Loss: 1.3798 | Val Acc: 0.4286
2025-06-22 00:07:43,674 [INFO] Epoch 107 | Train Loss: 1.2421 | Val Loss: 1.5595 | Val Acc: 0.4464
2025-06-22 00:07:43,688 [INFO] Epoch 108 | Train Loss: 0.9463 | Val Loss: 1.6159 | Val Acc: 0.3393
2025-06-22 00:07:43,705 [INFO] Epoch 109 | Train Loss: 1.0595 | Val Loss: 1.6796 | Val Acc: 0.3036
2025-06-22 00:07:43,723 [INFO] Epoch 110 | Train Loss: 1.0467 | Val Loss: 1.5495 | Val Acc: 0.3750
2025-06-22 00:07:44,231 [INFO] Epoch 111 | Train Loss: 1.0384 | Val Loss: 1.4102 | Val Acc: 0.4107
2025-06-22 00:07:44,247 [INFO] Epoch 112 | Train Loss: 0.9209 | Val Loss: 1.3830 | Val Acc: 0.4107
2025-06-22 00:07:44,263 [INFO] Epoch 113 | Train Loss: 1.0506 | Val Loss: 1.4534 | Val Acc: 0.3214
2025-06-22 00:07:44,281 [INFO] Epoch 114 | Train Loss: 1.0225 | Val Loss: 1.4618 | Val Acc: 0.3393
2025-06-22 00:07:44,299 [INFO] Epoch 115 | Train Loss: 1.0668 | Val Loss: 1.5730 | Val Acc: 0.3393
2025-06-22 00:07:44,316 [INFO] Epoch 116 | Train Loss: 1.0032 | Val Loss: 1.4381 | Val Acc: 0.3571
2025-06-22 00:07:44,335 [INFO] Epoch 117 | Train Loss: 1.1648 | Val Loss: 1.4091 | Val Acc: 0.3929
2025-06-22 00:07:44,354 [INFO] Epoch 118 | Train Loss: 1.0381 | Val Loss: 1.5203 | Val Acc: 0.3929
2025-06-22 00:07:44,372 [INFO] Epoch 119 | Train Loss: 1.0857 | Val Loss: 1.4972 | Val Acc: 0.4107
2025-06-22 00:07:44,390 [INFO] Epoch 120 | Train Loss: 1.0469 | Val Loss: 1.4422 | Val Acc: 0.3750
2025-06-22 00:07:44,942 [INFO] Epoch 121 | Train Loss: 1.0002 | Val Loss: 1.5811 | Val Acc: 0.3393
2025-06-22 00:07:44,961 [INFO] Epoch 122 | Train Loss: 1.1083 | Val Loss: 1.6931 | Val Acc: 0.3214
2025-06-22 00:07:44,979 [INFO] Epoch 123 | Train Loss: 0.9875 | Val Loss: 1.5441 | Val Acc: 0.2857
2025-06-22 00:07:45,002 [INFO] Epoch 124 | Train Loss: 0.9196 | Val Loss: 1.4029 | Val Acc: 0.3750
2025-06-22 00:07:45,022 [INFO] Epoch 125 | Train Loss: 1.0855 | Val Loss: 1.4119 | Val Acc: 0.4464
2025-06-22 00:07:45,042 [INFO] Epoch 126 | Train Loss: 0.9961 | Val Loss: 1.4570 | Val Acc: 0.4107
2025-06-22 00:07:45,063 [INFO] Epoch 127 | Train Loss: 0.9521 | Val Loss: 1.6123 | Val Acc: 0.3750
2025-06-22 00:07:45,083 [INFO] Epoch 128 | Train Loss: 1.0365 | Val Loss: 1.5530 | Val Acc: 0.3750
2025-06-22 00:07:45,103 [INFO] Epoch 129 | Train Loss: 1.0829 | Val Loss: 1.5151 | Val Acc: 0.4107
2025-06-22 00:07:45,124 [INFO] Epoch 130 | Train Loss: 0.9985 | Val Loss: 1.5048 | Val Acc: 0.4464
2025-06-22 00:07:45,579 [INFO] Epoch 131 | Train Loss: 1.0022 | Val Loss: 1.3979 | Val Acc: 0.3750
2025-06-22 00:07:45,603 [INFO] Epoch 132 | Train Loss: 0.8638 | Val Loss: 1.3701 | Val Acc: 0.3750
2025-06-22 00:07:45,620 [INFO] Epoch 133 | Train Loss: 0.9843 | Val Loss: 1.4475 | Val Acc: 0.3750
2025-06-22 00:07:45,639 [INFO] Epoch 134 | Train Loss: 0.9873 | Val Loss: 1.5301 | Val Acc: 0.3750
2025-06-22 00:07:45,656 [INFO] Epoch 135 | Train Loss: 0.8667 | Val Loss: 1.5881 | Val Acc: 0.3393
2025-06-22 00:07:45,673 [INFO] Epoch 136 | Train Loss: 0.8798 | Val Loss: 1.6287 | Val Acc: 0.3571
2025-06-22 00:07:45,691 [INFO] Epoch 137 | Train Loss: 0.9269 | Val Loss: 1.5834 | Val Acc: 0.3214
2025-06-22 00:07:45,708 [INFO] Epoch 138 | Train Loss: 0.9445 | Val Loss: 1.5259 | Val Acc: 0.3571
2025-06-22 00:07:45,725 [INFO] Epoch 139 | Train Loss: 0.8471 | Val Loss: 1.5185 | Val Acc: 0.3571
2025-06-22 00:07:45,745 [INFO] Epoch 140 | Train Loss: 0.9054 | Val Loss: 1.5698 | Val Acc: 0.3750
2025-06-22 00:07:46,284 [INFO] Epoch 141 | Train Loss: 0.9457 | Val Loss: 1.4524 | Val Acc: 0.3750
2025-06-22 00:07:46,300 [INFO] Epoch 142 | Train Loss: 1.0246 | Val Loss: 1.4763 | Val Acc: 0.3571
2025-06-22 00:07:46,315 [INFO] Epoch 143 | Train Loss: 0.9408 | Val Loss: 1.5569 | Val Acc: 0.3571
2025-06-22 00:07:46,329 [INFO] Epoch 144 | Train Loss: 0.8962 | Val Loss: 1.6363 | Val Acc: 0.3929
2025-06-22 00:07:46,344 [INFO] Epoch 145 | Train Loss: 0.7905 | Val Loss: 1.5130 | Val Acc: 0.4107
2025-06-22 00:07:46,360 [INFO] Epoch 146 | Train Loss: 0.7556 | Val Loss: 1.5579 | Val Acc: 0.3929
2025-06-22 00:07:46,375 [INFO] Epoch 147 | Train Loss: 0.8775 | Val Loss: 1.6749 | Val Acc: 0.3750
2025-06-22 00:07:46,390 [INFO] Epoch 148 | Train Loss: 0.9068 | Val Loss: 1.6286 | Val Acc: 0.3929
2025-06-22 00:07:46,404 [INFO] Epoch 149 | Train Loss: 0.7596 | Val Loss: 1.6370 | Val Acc: 0.3393
2025-06-22 00:07:46,418 [INFO] Epoch 150 | Train Loss: 0.8043 | Val Loss: 1.6353 | Val Acc: 0.4107
2025-06-22 00:07:46,871 [INFO] Epoch 151 | Train Loss: 0.8257 | Val Loss: 1.5871 | Val Acc: 0.3750
2025-06-22 00:07:46,885 [INFO] Epoch 152 | Train Loss: 0.8124 | Val Loss: 1.5810 | Val Acc: 0.4107
2025-06-22 00:07:46,901 [INFO] Epoch 153 | Train Loss: 0.8617 | Val Loss: 1.5830 | Val Acc: 0.3929
2025-06-22 00:07:46,917 [INFO] Epoch 154 | Train Loss: 0.8544 | Val Loss: 1.6147 | Val Acc: 0.3571
2025-06-22 00:07:46,933 [INFO] Epoch 155 | Train Loss: 0.7801 | Val Loss: 1.6008 | Val Acc: 0.3393
2025-06-22 00:07:46,947 [INFO] Epoch 156 | Train Loss: 0.7469 | Val Loss: 1.6349 | Val Acc: 0.3929
2025-06-22 00:07:46,962 [INFO] Epoch 157 | Train Loss: 0.8216 | Val Loss: 1.7029 | Val Acc: 0.3929
2025-06-22 00:07:46,976 [INFO] Epoch 158 | Train Loss: 0.9010 | Val Loss: 1.6412 | Val Acc: 0.3571
2025-06-22 00:07:46,991 [INFO] Epoch 159 | Train Loss: 0.8595 | Val Loss: 1.5819 | Val Acc: 0.4107
2025-06-22 00:07:47,006 [INFO] Epoch 160 | Train Loss: 0.8246 | Val Loss: 1.6267 | Val Acc: 0.4107
2025-06-22 00:07:47,562 [INFO] Epoch 161 | Train Loss: 1.0194 | Val Loss: 1.6557 | Val Acc: 0.4107
2025-06-22 00:07:47,586 [INFO] Epoch 162 | Train Loss: 0.8519 | Val Loss: 1.5901 | Val Acc: 0.3393
2025-06-22 00:07:47,608 [INFO] Epoch 163 | Train Loss: 0.7192 | Val Loss: 1.4878 | Val Acc: 0.3929
2025-06-22 00:07:47,610 [INFO] Early stopping at epoch 163 (no improvement in 150 epochs).
2025-06-22 00:07:47,611 [INFO] Best model saved to <built-in function time>/ENZYMES/best/best_source_gin.pth (Val Acc: 0.4464 at epoch 13)
2025-06-22 00:07:47,612 [INFO] Training/validation metrics saved to <built-in function time>/ENZYMES/GIN_0.001/train_metrics.csv
2025-06-22 00:07:48,030 [INFO] Final training curves saved
2025-06-22 00:07:48,030 [INFO] Training completed!
2025-06-22 00:07:48,030 [INFO] Best validation accuracy: 0.4464
2025-06-22 00:07:48,030 [INFO] Best epoch: 13
2025-06-22 00:07:48,030 [INFO] Total epochs trained: 163
2025-06-22 00:07:48,030 [INFO] Starting training with parameters: (0.001, 0.1, 32, 2, 400, 0.001)
