2025-06-21 23:01:04,556 [INFO] Using device: cpu
2025-06-21 23:01:04,556 [INFO] 开始创建数据加载器...
2025-06-21 23:01:04,559 [INFO] Successfully loaded dataset ENZYMES from ./data, total graphs: 600
2025-06-21 23:01:04,559 [INFO] Class allocation analysis:
2025-06-21 23:01:04,559 [INFO]   Source classes: [0, 1, 2, 3]
2025-06-21 23:01:04,559 [INFO]   Target classes: [0, 1, 2, 3, 4, 5]
2025-06-21 23:01:04,559 [INFO]   Overlap classes (to be split): [0, 1, 2, 3]
2025-06-21 23:01:04,559 [INFO]   Target novel classes (unknown): [4, 5]
2025-06-21 23:01:04,573 [INFO]   Class 0: 100 total -> Source: 70, Target: 30
2025-06-21 23:01:04,573 [INFO]   Class 1: 100 total -> Source: 70, Target: 30
2025-06-21 23:01:04,573 [INFO]   Class 2: 100 total -> Source: 70, Target: 30
2025-06-21 23:01:04,573 [INFO]   Class 3: 100 total -> Source: 70, Target: 30
2025-06-21 23:01:04,573 [INFO]   Class 4 (novel/unknown): 100 samples -> Target
2025-06-21 23:01:04,573 [INFO]   Class 5 (novel/unknown): 100 samples -> Target
2025-06-21 23:01:04,573 [INFO] Final allocation:
2025-06-21 23:01:04,573 [INFO]   Source domain: 280 samples
2025-06-21 23:01:04,573 [INFO]   Target domain: 320 samples
2025-06-21 23:01:04,574 [INFO] Source domain setup:
2025-06-21 23:01:04,574 [INFO]   Original classes: [0, 1, 2, 3]
2025-06-21 23:01:04,574 [INFO]   Overlap classes used: [0, 1, 2, 3]
2025-06-21 23:01:04,575 [INFO]   Label mapping: {0: 0, 1: 1, 2: 2, 3: 3}
2025-06-21 23:01:04,575 [INFO]   Total data after allocation: 280
2025-06-21 23:01:04,575 [INFO]   Data split - Train: 224, Val: 56
2025-06-21 23:01:04,575 [INFO]   Train label distribution: {0: 56, 1: 56, 3: 56, 2: 56}
2025-06-21 23:01:04,575 [INFO]   Val label distribution: {1: 14, 2: 14, 0: 14, 3: 14}
2025-06-21 23:01:04,576 [INFO] Successfully loaded dataset ENZYMES from ./data, total graphs: 600
2025-06-21 23:01:04,576 [INFO] Class allocation analysis:
2025-06-21 23:01:04,576 [INFO]   Source classes: [0, 1, 2, 3]
2025-06-21 23:01:04,576 [INFO]   Target classes: [0, 1, 2, 3, 4, 5]
2025-06-21 23:01:04,576 [INFO]   Overlap classes (to be split): [0, 1, 2, 3]
2025-06-21 23:01:04,576 [INFO]   Target novel classes (unknown): [4, 5]
2025-06-21 23:01:04,589 [INFO]   Class 0: 100 total -> Source: 70, Target: 30
2025-06-21 23:01:04,589 [INFO]   Class 1: 100 total -> Source: 70, Target: 30
2025-06-21 23:01:04,590 [INFO]   Class 2: 100 total -> Source: 70, Target: 30
2025-06-21 23:01:04,590 [INFO]   Class 3: 100 total -> Source: 70, Target: 30
2025-06-21 23:01:04,590 [INFO]   Class 4 (novel/unknown): 100 samples -> Target
2025-06-21 23:01:04,590 [INFO]   Class 5 (novel/unknown): 100 samples -> Target
2025-06-21 23:01:04,590 [INFO] Final allocation:
2025-06-21 23:01:04,590 [INFO]   Source domain: 280 samples
2025-06-21 23:01:04,590 [INFO]   Target domain: 320 samples
2025-06-21 23:01:04,591 [INFO] Target domain setup:
2025-06-21 23:01:04,591 [INFO]   Original classes: [0, 1, 2, 3, 4, 5]
2025-06-21 23:01:04,591 [INFO]   Overlap classes: [0, 1, 2, 3]
2025-06-21 23:01:04,591 [INFO]   Novel classes: [4, 5] -> mapped to unknown label 4
2025-06-21 23:01:04,591 [INFO]   Label mapping: {0: 0, 1: 1, 2: 2, 3: 3, 4: 4, 5: 4}
2025-06-21 23:01:04,591 [INFO]   Total data after allocation: 320
2025-06-21 23:01:04,591 [INFO]   Data split - Train: 256, Val: 64
2025-06-21 23:01:04,591 [INFO]   Total count: 320 (known: 120, unknown: 200)
2025-06-21 23:01:04,592 [INFO]   Total label distribution: {4: 200, 3: 30, 0: 30, 1: 30, 2: 30}
2025-06-21 23:01:04,592 [INFO]   Train label distribution: {4: 160, 0: 24, 2: 24, 3: 24, 1: 24}
2025-06-21 23:01:04,592 [INFO]   Val label distribution: {1: 6, 4: 40, 3: 6, 0: 6, 2: 6}
2025-06-21 23:01:04,592 [INFO] 数据加载器创建完成!
2025-06-21 23:01:04,592 [INFO] 源域类别数: 4 (重叠类别)
2025-06-21 23:01:04,592 [INFO] 目标域类别数: 5 (4个重叠类别 + 1个未知类别)
2025-06-21 23:01:04,592 [INFO] 重叠类别: [0, 1, 2, 3]
2025-06-21 23:01:04,592 [INFO] 目标域新类别: [4, 5]
2025-06-21 23:01:04,592 [INFO] Data allocation verification:
2025-06-21 23:01:04,592 [INFO]   Source data samples: 280
2025-06-21 23:01:04,592 [INFO]   Target data samples: 320
2025-06-21 23:01:04,592 [INFO]   Overlapping samples: 0
2025-06-21 23:01:04,592 [INFO]   ✓ Data allocation is correct - no overlapping samples
2025-06-21 23:01:04,594 [INFO] Model initialized with 152196 parameters
2025-06-21 23:01:04,595 [INFO] Previous best validation accuracy read from record.txt: 0.6250
2025-06-21 23:01:04,595 [INFO] Starting training...
2025-06-21 23:01:04,640 [INFO] Epoch 001 | Train Loss: 7.0754 | Val Loss: 1.7287 | Val Acc: 0.2500
2025-06-21 23:01:04,971 [INFO] New best model at epoch 1 (Val Acc: 0.2500)
2025-06-21 23:01:05,013 [INFO] Epoch 002 | Train Loss: 4.5762 | Val Loss: 1.8248 | Val Acc: 0.2500
2025-06-21 23:01:05,060 [INFO] Epoch 003 | Train Loss: 2.9979 | Val Loss: 1.6690 | Val Acc: 0.2500
2025-06-21 23:01:05,106 [INFO] Epoch 004 | Train Loss: 2.9412 | Val Loss: 1.6998 | Val Acc: 0.2679
2025-06-21 23:01:05,113 [INFO] New best model at epoch 4 (Val Acc: 0.2679)
2025-06-21 23:01:05,154 [INFO] Epoch 005 | Train Loss: 2.7590 | Val Loss: 1.4092 | Val Acc: 0.3393
2025-06-21 23:01:05,162 [INFO] New best model at epoch 5 (Val Acc: 0.3393)
2025-06-21 23:01:05,206 [INFO] Epoch 006 | Train Loss: 2.6625 | Val Loss: 1.7564 | Val Acc: 0.2857
2025-06-21 23:01:05,255 [INFO] Epoch 007 | Train Loss: 2.1914 | Val Loss: 1.8669 | Val Acc: 0.2857
2025-06-21 23:01:05,325 [INFO] Epoch 008 | Train Loss: 2.0525 | Val Loss: 1.4213 | Val Acc: 0.3929
2025-06-21 23:01:05,332 [INFO] New best model at epoch 8 (Val Acc: 0.3929)
2025-06-21 23:01:05,372 [INFO] Epoch 009 | Train Loss: 2.0262 | Val Loss: 1.7858 | Val Acc: 0.3750
2025-06-21 23:01:05,419 [INFO] Epoch 010 | Train Loss: 1.7971 | Val Loss: 3.3430 | Val Acc: 0.3214
2025-06-21 23:01:06,063 [INFO] Epoch 011 | Train Loss: 2.0964 | Val Loss: 2.1358 | Val Acc: 0.4107
2025-06-21 23:01:06,070 [INFO] New best model at epoch 11 (Val Acc: 0.4107)
2025-06-21 23:01:06,111 [INFO] Epoch 012 | Train Loss: 1.6512 | Val Loss: 2.5022 | Val Acc: 0.2857
2025-06-21 23:01:06,166 [INFO] Epoch 013 | Train Loss: 1.7722 | Val Loss: 2.5206 | Val Acc: 0.3214
2025-06-21 23:01:06,225 [INFO] Epoch 014 | Train Loss: 1.6245 | Val Loss: 3.0759 | Val Acc: 0.4643
2025-06-21 23:01:06,232 [INFO] New best model at epoch 14 (Val Acc: 0.4643)
2025-06-21 23:01:06,275 [INFO] Epoch 015 | Train Loss: 1.7627 | Val Loss: 1.9478 | Val Acc: 0.4464
2025-06-21 23:01:06,323 [INFO] Epoch 016 | Train Loss: 1.4752 | Val Loss: 2.4861 | Val Acc: 0.3929
2025-06-21 23:01:06,369 [INFO] Epoch 017 | Train Loss: 1.4973 | Val Loss: 2.3153 | Val Acc: 0.3929
2025-06-21 23:01:06,414 [INFO] Epoch 018 | Train Loss: 1.2108 | Val Loss: 1.6164 | Val Acc: 0.4107
2025-06-21 23:01:06,462 [INFO] Epoch 019 | Train Loss: 1.2124 | Val Loss: 1.7903 | Val Acc: 0.4286
2025-06-21 23:01:06,507 [INFO] Epoch 020 | Train Loss: 1.3391 | Val Loss: 2.3525 | Val Acc: 0.4643
2025-06-21 23:01:06,983 [INFO] Epoch 021 | Train Loss: 1.2847 | Val Loss: 1.7030 | Val Acc: 0.4643
2025-06-21 23:01:07,048 [INFO] Epoch 022 | Train Loss: 0.9791 | Val Loss: 1.6986 | Val Acc: 0.3929
2025-06-21 23:01:07,096 [INFO] Epoch 023 | Train Loss: 1.2082 | Val Loss: 2.4191 | Val Acc: 0.3929
2025-06-21 23:01:07,140 [INFO] Epoch 024 | Train Loss: 0.9874 | Val Loss: 2.0621 | Val Acc: 0.3393
2025-06-21 23:01:07,184 [INFO] Epoch 025 | Train Loss: 0.8791 | Val Loss: 1.8569 | Val Acc: 0.4821
2025-06-21 23:01:07,192 [INFO] New best model at epoch 25 (Val Acc: 0.4821)
2025-06-21 23:01:07,234 [INFO] Epoch 026 | Train Loss: 0.8550 | Val Loss: 1.8715 | Val Acc: 0.4821
2025-06-21 23:01:07,280 [INFO] Epoch 027 | Train Loss: 0.9896 | Val Loss: 1.9104 | Val Acc: 0.3929
2025-06-21 23:01:07,326 [INFO] Epoch 028 | Train Loss: 0.9179 | Val Loss: 1.9762 | Val Acc: 0.3750
2025-06-21 23:01:07,372 [INFO] Epoch 029 | Train Loss: 0.7661 | Val Loss: 1.7059 | Val Acc: 0.4286
2025-06-21 23:01:07,418 [INFO] Epoch 030 | Train Loss: 1.2039 | Val Loss: 1.8078 | Val Acc: 0.4464
2025-06-21 23:01:07,804 [INFO] Epoch 031 | Train Loss: 0.9625 | Val Loss: 2.2166 | Val Acc: 0.4464
2025-06-21 23:01:07,851 [INFO] Epoch 032 | Train Loss: 0.7913 | Val Loss: 2.2741 | Val Acc: 0.4107
2025-06-21 23:01:07,901 [INFO] Epoch 033 | Train Loss: 0.8719 | Val Loss: 2.1981 | Val Acc: 0.4286
2025-06-21 23:01:07,970 [INFO] Epoch 034 | Train Loss: 1.0095 | Val Loss: 2.2367 | Val Acc: 0.5179
2025-06-21 23:01:07,977 [INFO] New best model at epoch 34 (Val Acc: 0.5179)
2025-06-21 23:01:08,017 [INFO] Epoch 035 | Train Loss: 0.7483 | Val Loss: 2.0133 | Val Acc: 0.5357
2025-06-21 23:01:08,025 [INFO] New best model at epoch 35 (Val Acc: 0.5357)
2025-06-21 23:01:08,066 [INFO] Epoch 036 | Train Loss: 0.5269 | Val Loss: 2.1082 | Val Acc: 0.5179
2025-06-21 23:01:08,112 [INFO] Epoch 037 | Train Loss: 0.8191 | Val Loss: 2.3489 | Val Acc: 0.4107
2025-06-21 23:01:08,156 [INFO] Epoch 038 | Train Loss: 0.9244 | Val Loss: 2.4729 | Val Acc: 0.4107
2025-06-21 23:01:08,203 [INFO] Epoch 039 | Train Loss: 0.7758 | Val Loss: 2.3241 | Val Acc: 0.5000
2025-06-21 23:01:08,250 [INFO] Epoch 040 | Train Loss: 0.8152 | Val Loss: 2.1552 | Val Acc: 0.4821
2025-06-21 23:01:08,622 [INFO] Epoch 041 | Train Loss: 0.8390 | Val Loss: 2.1483 | Val Acc: 0.4286
2025-06-21 23:01:08,672 [INFO] Epoch 042 | Train Loss: 0.6887 | Val Loss: 2.8402 | Val Acc: 0.4464
2025-06-21 23:01:08,716 [INFO] Epoch 043 | Train Loss: 0.6018 | Val Loss: 2.9298 | Val Acc: 0.4107
2025-06-21 23:01:08,771 [INFO] Epoch 044 | Train Loss: 0.5451 | Val Loss: 2.4322 | Val Acc: 0.4464
2025-06-21 23:01:08,830 [INFO] Epoch 045 | Train Loss: 0.6107 | Val Loss: 2.3367 | Val Acc: 0.5714
2025-06-21 23:01:08,836 [INFO] New best model at epoch 45 (Val Acc: 0.5714)
2025-06-21 23:01:08,877 [INFO] Epoch 046 | Train Loss: 0.5134 | Val Loss: 2.3643 | Val Acc: 0.5893
2025-06-21 23:01:08,885 [INFO] New best model at epoch 46 (Val Acc: 0.5893)
2025-06-21 23:01:08,925 [INFO] Epoch 047 | Train Loss: 0.6090 | Val Loss: 2.6260 | Val Acc: 0.5357
2025-06-21 23:01:08,969 [INFO] Epoch 048 | Train Loss: 0.5556 | Val Loss: 2.5402 | Val Acc: 0.4821
2025-06-21 23:01:09,015 [INFO] Epoch 049 | Train Loss: 0.4942 | Val Loss: 2.9005 | Val Acc: 0.4464
2025-06-21 23:01:09,061 [INFO] Epoch 050 | Train Loss: 0.4808 | Val Loss: 2.2310 | Val Acc: 0.5179
2025-06-21 23:01:09,451 [INFO] Epoch 051 | Train Loss: 0.5833 | Val Loss: 2.3458 | Val Acc: 0.4643
2025-06-21 23:01:09,495 [INFO] Epoch 052 | Train Loss: 0.4711 | Val Loss: 2.8948 | Val Acc: 0.4107
2025-06-21 23:01:09,539 [INFO] Epoch 053 | Train Loss: 0.6402 | Val Loss: 2.9250 | Val Acc: 0.4286
2025-06-21 23:01:09,586 [INFO] Epoch 054 | Train Loss: 0.5191 | Val Loss: 3.0495 | Val Acc: 0.4286
2025-06-21 23:01:09,643 [INFO] Epoch 055 | Train Loss: 0.5047 | Val Loss: 3.1654 | Val Acc: 0.4286
2025-06-21 23:01:09,703 [INFO] Epoch 056 | Train Loss: 0.7755 | Val Loss: 2.9412 | Val Acc: 0.3750
2025-06-21 23:01:09,749 [INFO] Epoch 057 | Train Loss: 0.3946 | Val Loss: 3.1260 | Val Acc: 0.4286
2025-06-21 23:01:09,796 [INFO] Epoch 058 | Train Loss: 0.4967 | Val Loss: 2.7423 | Val Acc: 0.4464
2025-06-21 23:01:09,843 [INFO] Epoch 059 | Train Loss: 0.4590 | Val Loss: 2.5879 | Val Acc: 0.4821
2025-06-21 23:01:09,890 [INFO] Epoch 060 | Train Loss: 0.4228 | Val Loss: 2.6839 | Val Acc: 0.4643
2025-06-21 23:01:10,263 [INFO] Epoch 061 | Train Loss: 0.3581 | Val Loss: 2.8848 | Val Acc: 0.4464
2025-06-21 23:01:10,340 [INFO] Epoch 062 | Train Loss: 0.6773 | Val Loss: 2.8299 | Val Acc: 0.5000
2025-06-21 23:01:10,420 [INFO] Epoch 063 | Train Loss: 0.4451 | Val Loss: 2.7946 | Val Acc: 0.4821
2025-06-21 23:01:10,475 [INFO] Epoch 064 | Train Loss: 0.6667 | Val Loss: 3.0479 | Val Acc: 0.4464
2025-06-21 23:01:10,538 [INFO] Epoch 065 | Train Loss: 0.4193 | Val Loss: 3.9971 | Val Acc: 0.4643
2025-06-21 23:01:10,582 [INFO] Epoch 066 | Train Loss: 0.3785 | Val Loss: 4.7420 | Val Acc: 0.3750
2025-06-21 23:01:10,627 [INFO] Epoch 067 | Train Loss: 0.4629 | Val Loss: 3.2210 | Val Acc: 0.3571
2025-06-21 23:01:10,673 [INFO] Epoch 068 | Train Loss: 0.4998 | Val Loss: 3.2027 | Val Acc: 0.3929
2025-06-21 23:01:10,717 [INFO] Epoch 069 | Train Loss: 0.4278 | Val Loss: 2.9626 | Val Acc: 0.4821
2025-06-21 23:01:10,762 [INFO] Epoch 070 | Train Loss: 0.7583 | Val Loss: 3.4365 | Val Acc: 0.5357
2025-06-21 23:01:11,152 [INFO] Epoch 071 | Train Loss: 0.8446 | Val Loss: 3.5111 | Val Acc: 0.4643
2025-06-21 23:01:11,197 [INFO] Epoch 072 | Train Loss: 0.6913 | Val Loss: 3.4693 | Val Acc: 0.4107
2025-06-21 23:01:11,242 [INFO] Epoch 073 | Train Loss: 0.5148 | Val Loss: 2.9517 | Val Acc: 0.4107
2025-06-21 23:01:11,288 [INFO] Epoch 074 | Train Loss: 0.5864 | Val Loss: 2.4212 | Val Acc: 0.4643
2025-06-21 23:01:11,340 [INFO] Epoch 075 | Train Loss: 0.5626 | Val Loss: 2.6894 | Val Acc: 0.5357
2025-06-21 23:01:11,403 [INFO] Epoch 076 | Train Loss: 0.5969 | Val Loss: 2.8685 | Val Acc: 0.4464
2025-06-21 23:01:11,450 [INFO] Epoch 077 | Train Loss: 0.6047 | Val Loss: 3.0404 | Val Acc: 0.4286
2025-06-21 23:01:11,497 [INFO] Epoch 078 | Train Loss: 0.3603 | Val Loss: 3.0254 | Val Acc: 0.3750
2025-06-21 23:01:11,545 [INFO] Epoch 079 | Train Loss: 0.4705 | Val Loss: 3.0173 | Val Acc: 0.4107
2025-06-21 23:01:11,589 [INFO] Epoch 080 | Train Loss: 0.3039 | Val Loss: 2.1370 | Val Acc: 0.4464
2025-06-21 23:01:11,981 [INFO] Epoch 081 | Train Loss: 0.3489 | Val Loss: 2.4005 | Val Acc: 0.5000
2025-06-21 23:01:12,025 [INFO] Epoch 082 | Train Loss: 0.3747 | Val Loss: 2.8879 | Val Acc: 0.4464
2025-06-21 23:01:12,071 [INFO] Epoch 083 | Train Loss: 0.4191 | Val Loss: 2.2818 | Val Acc: 0.4821
2025-06-21 23:01:12,118 [INFO] Epoch 084 | Train Loss: 0.2910 | Val Loss: 3.0612 | Val Acc: 0.4107
2025-06-21 23:01:12,166 [INFO] Epoch 085 | Train Loss: 0.4309 | Val Loss: 2.9017 | Val Acc: 0.4107
2025-06-21 23:01:12,219 [INFO] Epoch 086 | Train Loss: 0.3834 | Val Loss: 4.1375 | Val Acc: 0.4464
2025-06-21 23:01:12,286 [INFO] Epoch 087 | Train Loss: 0.3527 | Val Loss: 3.6230 | Val Acc: 0.3571
2025-06-21 23:01:12,335 [INFO] Epoch 088 | Train Loss: 0.3067 | Val Loss: 2.8271 | Val Acc: 0.4821
2025-06-21 23:01:12,385 [INFO] Epoch 089 | Train Loss: 0.3291 | Val Loss: 3.5761 | Val Acc: 0.4464
2025-06-21 23:01:12,433 [INFO] Epoch 090 | Train Loss: 0.3575 | Val Loss: 3.8391 | Val Acc: 0.4643
2025-06-21 23:01:13,022 [INFO] Epoch 091 | Train Loss: 0.2791 | Val Loss: 3.3933 | Val Acc: 0.3929
2025-06-21 23:01:13,068 [INFO] Epoch 092 | Train Loss: 0.3510 | Val Loss: 3.4077 | Val Acc: 0.4107
2025-06-21 23:01:13,113 [INFO] Epoch 093 | Train Loss: 0.3068 | Val Loss: 3.2613 | Val Acc: 0.3929
2025-06-21 23:01:13,174 [INFO] Epoch 094 | Train Loss: 0.2737 | Val Loss: 3.1781 | Val Acc: 0.4821
2025-06-21 23:01:13,227 [INFO] Epoch 095 | Train Loss: 0.3581 | Val Loss: 3.3437 | Val Acc: 0.4821
2025-06-21 23:01:13,272 [INFO] Epoch 096 | Train Loss: 0.3056 | Val Loss: 3.3302 | Val Acc: 0.4643
2025-06-21 23:01:13,317 [INFO] Epoch 097 | Train Loss: 0.2610 | Val Loss: 3.5456 | Val Acc: 0.3571
2025-06-21 23:01:13,362 [INFO] Epoch 098 | Train Loss: 0.4189 | Val Loss: 4.1858 | Val Acc: 0.4286
2025-06-21 23:01:13,407 [INFO] Epoch 099 | Train Loss: 0.4752 | Val Loss: 4.1192 | Val Acc: 0.3571
2025-06-21 23:01:13,452 [INFO] Epoch 100 | Train Loss: 0.2262 | Val Loss: 3.1584 | Val Acc: 0.4107
2025-06-21 23:01:13,862 [INFO] Epoch 101 | Train Loss: 0.3863 | Val Loss: 3.1381 | Val Acc: 0.4464
2025-06-21 23:01:13,905 [INFO] Epoch 102 | Train Loss: 0.4771 | Val Loss: 3.2853 | Val Acc: 0.4107
2025-06-21 23:01:13,949 [INFO] Epoch 103 | Train Loss: 0.2714 | Val Loss: 3.6684 | Val Acc: 0.3393
2025-06-21 23:01:14,017 [INFO] Epoch 104 | Train Loss: 0.2958 | Val Loss: 3.4746 | Val Acc: 0.3750
2025-06-21 23:01:14,063 [INFO] Epoch 105 | Train Loss: 0.3609 | Val Loss: 3.4091 | Val Acc: 0.4107
2025-06-21 23:01:14,108 [INFO] Epoch 106 | Train Loss: 0.2961 | Val Loss: 2.9953 | Val Acc: 0.4643
2025-06-21 23:01:14,155 [INFO] Epoch 107 | Train Loss: 0.3179 | Val Loss: 3.0631 | Val Acc: 0.4107
2025-06-21 23:01:14,220 [INFO] Epoch 108 | Train Loss: 0.8118 | Val Loss: 4.2156 | Val Acc: 0.3393
2025-06-21 23:01:14,269 [INFO] Epoch 109 | Train Loss: 0.6142 | Val Loss: 4.3756 | Val Acc: 0.3036
2025-06-21 23:01:14,314 [INFO] Epoch 110 | Train Loss: 0.5554 | Val Loss: 3.8087 | Val Acc: 0.4286
2025-06-21 23:01:14,694 [INFO] Epoch 111 | Train Loss: 0.4334 | Val Loss: 4.3873 | Val Acc: 0.3750
2025-06-21 23:01:14,741 [INFO] Epoch 112 | Train Loss: 0.6415 | Val Loss: 4.6464 | Val Acc: 0.3214
2025-06-21 23:01:14,790 [INFO] Epoch 113 | Train Loss: 0.6829 | Val Loss: 3.7161 | Val Acc: 0.4643
2025-06-21 23:01:14,863 [INFO] Epoch 114 | Train Loss: 0.6043 | Val Loss: 3.3848 | Val Acc: 0.4643
2025-06-21 23:01:14,907 [INFO] Epoch 115 | Train Loss: 0.6344 | Val Loss: 3.3627 | Val Acc: 0.4464
2025-06-21 23:01:14,954 [INFO] Epoch 116 | Train Loss: 0.2891 | Val Loss: 3.5223 | Val Acc: 0.4464
2025-06-21 23:01:15,002 [INFO] Epoch 117 | Train Loss: 0.2615 | Val Loss: 3.6808 | Val Acc: 0.4286
2025-06-21 23:01:15,047 [INFO] Epoch 118 | Train Loss: 0.3075 | Val Loss: 3.9890 | Val Acc: 0.3929
2025-06-21 23:01:15,093 [INFO] Epoch 119 | Train Loss: 0.4160 | Val Loss: 3.3586 | Val Acc: 0.4286
2025-06-21 23:01:15,139 [INFO] Epoch 120 | Train Loss: 0.4099 | Val Loss: 3.4226 | Val Acc: 0.4464
2025-06-21 23:01:15,806 [INFO] Epoch 121 | Train Loss: 0.5289 | Val Loss: 3.8615 | Val Acc: 0.4286
2025-06-21 23:01:15,864 [INFO] Epoch 122 | Train Loss: 0.4141 | Val Loss: 3.6994 | Val Acc: 0.4643
2025-06-21 23:01:15,909 [INFO] Epoch 123 | Train Loss: 0.4301 | Val Loss: 3.8568 | Val Acc: 0.3929
2025-06-21 23:01:15,953 [INFO] Epoch 124 | Train Loss: 0.4088 | Val Loss: 3.8505 | Val Acc: 0.4464
2025-06-21 23:01:15,998 [INFO] Epoch 125 | Train Loss: 0.4273 | Val Loss: 3.7757 | Val Acc: 0.4286
2025-06-21 23:01:16,042 [INFO] Epoch 126 | Train Loss: 0.3612 | Val Loss: 3.2438 | Val Acc: 0.3214
2025-06-21 23:01:16,086 [INFO] Epoch 127 | Train Loss: 0.6913 | Val Loss: 2.9581 | Val Acc: 0.4107
2025-06-21 23:01:16,131 [INFO] Epoch 128 | Train Loss: 0.2511 | Val Loss: 3.0948 | Val Acc: 0.4643
2025-06-21 23:01:16,176 [INFO] Epoch 129 | Train Loss: 0.2623 | Val Loss: 2.9698 | Val Acc: 0.4107
2025-06-21 23:01:16,222 [INFO] Epoch 130 | Train Loss: 0.2806 | Val Loss: 3.0726 | Val Acc: 0.4821
2025-06-21 23:01:16,735 [INFO] Epoch 131 | Train Loss: 0.2892 | Val Loss: 3.0474 | Val Acc: 0.4643
2025-06-21 23:01:16,796 [INFO] Epoch 132 | Train Loss: 0.2506 | Val Loss: 3.2229 | Val Acc: 0.5000
2025-06-21 23:01:16,839 [INFO] Epoch 133 | Train Loss: 0.2343 | Val Loss: 3.7193 | Val Acc: 0.4821
2025-06-21 23:01:16,882 [INFO] Epoch 134 | Train Loss: 0.4722 | Val Loss: 3.7673 | Val Acc: 0.4643
2025-06-21 23:01:16,926 [INFO] Epoch 135 | Train Loss: 0.2099 | Val Loss: 3.7351 | Val Acc: 0.4286
2025-06-21 23:01:16,971 [INFO] Epoch 136 | Train Loss: 0.1508 | Val Loss: 3.3168 | Val Acc: 0.5179
2025-06-21 23:01:17,018 [INFO] Epoch 137 | Train Loss: 0.2862 | Val Loss: 3.5392 | Val Acc: 0.4107
2025-06-21 23:01:17,066 [INFO] Epoch 138 | Train Loss: 0.1440 | Val Loss: 3.2950 | Val Acc: 0.4286
2025-06-21 23:01:17,111 [INFO] Epoch 139 | Train Loss: 0.1909 | Val Loss: 2.9827 | Val Acc: 0.3929
2025-06-21 23:01:17,156 [INFO] Epoch 140 | Train Loss: 0.2884 | Val Loss: 2.9258 | Val Acc: 0.4107
2025-06-21 23:01:17,559 [INFO] Epoch 141 | Train Loss: 0.1490 | Val Loss: 3.5726 | Val Acc: 0.4107
2025-06-21 23:01:17,615 [INFO] Epoch 142 | Train Loss: 0.1679 | Val Loss: 4.3116 | Val Acc: 0.4107
2025-06-21 23:01:17,689 [INFO] Epoch 143 | Train Loss: 0.1218 | Val Loss: 4.1919 | Val Acc: 0.4107
2025-06-21 23:01:17,735 [INFO] Epoch 144 | Train Loss: 0.1734 | Val Loss: 4.0383 | Val Acc: 0.4464
2025-06-21 23:01:17,782 [INFO] Epoch 145 | Train Loss: 0.2268 | Val Loss: 4.4108 | Val Acc: 0.3929
2025-06-21 23:01:17,829 [INFO] Epoch 146 | Train Loss: 0.2135 | Val Loss: 5.3600 | Val Acc: 0.3571
2025-06-21 23:01:17,875 [INFO] Epoch 147 | Train Loss: 0.4218 | Val Loss: 5.3276 | Val Acc: 0.3036
2025-06-21 23:01:17,922 [INFO] Epoch 148 | Train Loss: 0.2794 | Val Loss: 4.4954 | Val Acc: 0.3750
2025-06-21 23:01:17,970 [INFO] Epoch 149 | Train Loss: 0.3618 | Val Loss: 3.4640 | Val Acc: 0.4286
2025-06-21 23:01:18,017 [INFO] Epoch 150 | Train Loss: 0.3283 | Val Loss: 3.5203 | Val Acc: 0.3214
2025-06-21 23:01:18,397 [INFO] Epoch 151 | Train Loss: 0.2058 | Val Loss: 3.9421 | Val Acc: 0.3929
2025-06-21 23:01:18,441 [INFO] Epoch 152 | Train Loss: 0.4151 | Val Loss: 4.2668 | Val Acc: 0.3750
2025-06-21 23:01:18,487 [INFO] Epoch 153 | Train Loss: 0.1110 | Val Loss: 4.2954 | Val Acc: 0.4286
2025-06-21 23:01:18,544 [INFO] Epoch 154 | Train Loss: 0.3785 | Val Loss: 3.8100 | Val Acc: 0.4107
2025-06-21 23:01:18,603 [INFO] Epoch 155 | Train Loss: 0.2091 | Val Loss: 3.6169 | Val Acc: 0.4643
2025-06-21 23:01:18,649 [INFO] Epoch 156 | Train Loss: 0.3137 | Val Loss: 4.2043 | Val Acc: 0.3571
2025-06-21 23:01:18,695 [INFO] Epoch 157 | Train Loss: 0.1815 | Val Loss: 3.9918 | Val Acc: 0.4107
2025-06-21 23:01:18,739 [INFO] Epoch 158 | Train Loss: 0.1001 | Val Loss: 3.7829 | Val Acc: 0.4107
2025-06-21 23:01:18,782 [INFO] Epoch 159 | Train Loss: 0.2398 | Val Loss: 3.6545 | Val Acc: 0.4286
2025-06-21 23:01:18,831 [INFO] Epoch 160 | Train Loss: 0.2087 | Val Loss: 3.3146 | Val Acc: 0.4821
2025-06-21 23:01:19,220 [INFO] Epoch 161 | Train Loss: 0.1552 | Val Loss: 3.3316 | Val Acc: 0.4643
2025-06-21 23:01:19,273 [INFO] Epoch 162 | Train Loss: 0.1195 | Val Loss: 3.9393 | Val Acc: 0.4464
2025-06-21 23:01:19,317 [INFO] Epoch 163 | Train Loss: 0.4141 | Val Loss: 4.1594 | Val Acc: 0.4643
2025-06-21 23:01:19,361 [INFO] Epoch 164 | Train Loss: 0.2114 | Val Loss: 4.0789 | Val Acc: 0.4643
2025-06-21 23:01:19,427 [INFO] Epoch 165 | Train Loss: 0.1887 | Val Loss: 4.3894 | Val Acc: 0.4286
2025-06-21 23:01:19,474 [INFO] Epoch 166 | Train Loss: 0.2012 | Val Loss: 4.4546 | Val Acc: 0.4821
2025-06-21 23:01:19,520 [INFO] Epoch 167 | Train Loss: 0.1286 | Val Loss: 4.9805 | Val Acc: 0.4464
2025-06-21 23:01:19,566 [INFO] Epoch 168 | Train Loss: 0.1563 | Val Loss: 4.0651 | Val Acc: 0.4821
2025-06-21 23:01:19,615 [INFO] Epoch 169 | Train Loss: 0.1775 | Val Loss: 3.5413 | Val Acc: 0.4821
2025-06-21 23:01:19,660 [INFO] Epoch 170 | Train Loss: 0.1756 | Val Loss: 4.0288 | Val Acc: 0.4643
2025-06-21 23:01:20,043 [INFO] Epoch 171 | Train Loss: 0.2907 | Val Loss: 4.5553 | Val Acc: 0.4107
2025-06-21 23:01:20,087 [INFO] Epoch 172 | Train Loss: 0.1593 | Val Loss: 4.5675 | Val Acc: 0.3571
2025-06-21 23:01:20,132 [INFO] Epoch 173 | Train Loss: 0.3982 | Val Loss: 3.9334 | Val Acc: 0.4286
2025-06-21 23:01:20,177 [INFO] Epoch 174 | Train Loss: 0.5658 | Val Loss: 4.1827 | Val Acc: 0.4821
2025-06-21 23:01:20,223 [INFO] Epoch 175 | Train Loss: 0.3161 | Val Loss: 4.4446 | Val Acc: 0.4286
2025-06-21 23:01:20,269 [INFO] Epoch 176 | Train Loss: 0.1528 | Val Loss: 4.0184 | Val Acc: 0.4286
2025-06-21 23:01:20,326 [INFO] Epoch 177 | Train Loss: 0.1862 | Val Loss: 4.0012 | Val Acc: 0.4107
2025-06-21 23:01:20,388 [INFO] Epoch 178 | Train Loss: 0.1670 | Val Loss: 3.7015 | Val Acc: 0.4643
2025-06-21 23:01:20,434 [INFO] Epoch 179 | Train Loss: 0.0897 | Val Loss: 3.4401 | Val Acc: 0.5000
2025-06-21 23:01:20,479 [INFO] Epoch 180 | Train Loss: 0.2556 | Val Loss: 3.6503 | Val Acc: 0.4821
2025-06-21 23:01:20,871 [INFO] Epoch 181 | Train Loss: 0.1343 | Val Loss: 3.5906 | Val Acc: 0.4464
2025-06-21 23:01:20,916 [INFO] Epoch 182 | Train Loss: 0.2576 | Val Loss: 3.3994 | Val Acc: 0.4464
2025-06-21 23:01:20,960 [INFO] Epoch 183 | Train Loss: 0.1504 | Val Loss: 3.2678 | Val Acc: 0.4107
2025-06-21 23:01:21,006 [INFO] Epoch 184 | Train Loss: 0.1560 | Val Loss: 3.1335 | Val Acc: 0.4107
2025-06-21 23:01:21,051 [INFO] Epoch 185 | Train Loss: 0.1634 | Val Loss: 3.2437 | Val Acc: 0.3571
2025-06-21 23:01:21,096 [INFO] Epoch 186 | Train Loss: 0.2617 | Val Loss: 3.6199 | Val Acc: 0.4286
2025-06-21 23:01:21,142 [INFO] Epoch 187 | Train Loss: 0.2056 | Val Loss: 3.6106 | Val Acc: 0.5179
2025-06-21 23:01:21,186 [INFO] Epoch 188 | Train Loss: 0.3923 | Val Loss: 4.5805 | Val Acc: 0.5000
2025-06-21 23:01:21,241 [INFO] Epoch 189 | Train Loss: 0.4903 | Val Loss: 4.5311 | Val Acc: 0.4464
2025-06-21 23:01:21,300 [INFO] Epoch 190 | Train Loss: 0.2150 | Val Loss: 4.3837 | Val Acc: 0.3929
2025-06-21 23:01:21,706 [INFO] Epoch 191 | Train Loss: 0.2948 | Val Loss: 3.9635 | Val Acc: 0.4286
2025-06-21 23:01:21,763 [INFO] Epoch 192 | Train Loss: 0.1747 | Val Loss: 3.9475 | Val Acc: 0.4464
2025-06-21 23:01:21,808 [INFO] Epoch 193 | Train Loss: 0.2857 | Val Loss: 4.3168 | Val Acc: 0.4821
2025-06-21 23:01:21,854 [INFO] Epoch 194 | Train Loss: 0.2006 | Val Loss: 4.7701 | Val Acc: 0.5000
2025-06-21 23:01:21,901 [INFO] Epoch 195 | Train Loss: 0.1215 | Val Loss: 4.2348 | Val Acc: 0.3929
2025-06-21 23:01:21,946 [INFO] Epoch 196 | Train Loss: 0.2547 | Val Loss: 3.9641 | Val Acc: 0.4643
2025-06-21 23:01:21,952 [INFO] Early stopping at epoch 196 (no improvement in 150 epochs).
2025-06-21 23:01:21,957 [INFO] Best model saved to <built-in function time>/ENZYMES/best/best_source_gin.pth (Val Acc: 0.5893 at epoch 46)
2025-06-21 23:01:21,958 [INFO] Training/validation metrics saved to <built-in function time>/ENZYMES/GIN_0.001/train_metrics.csv
2025-06-21 23:01:22,314 [INFO] Final training curves saved
2025-06-21 23:01:22,314 [INFO] Training completed!
2025-06-21 23:01:22,314 [INFO] Best validation accuracy: 0.5893
2025-06-21 23:01:22,314 [INFO] Best epoch: 46
2025-06-21 23:01:22,314 [INFO] Total epochs trained: 196
2025-06-21 23:01:22,315 [INFO] Starting training with parameters: (0.001, 0.0, 128, 5, 300, 0.0001)
