2025-06-23 10:55:09,125 [INFO] Using device: cpu
2025-06-23 10:55:09,125 [INFO] 开始创建数据加载器...
2025-06-23 10:55:09,130 [INFO] Successfully loaded dataset ENZYMES from ./data, total graphs: 600
2025-06-23 10:55:09,130 [INFO] Class allocation analysis:
2025-06-23 10:55:09,130 [INFO]   Source classes: [0, 1, 2, 3]
2025-06-23 10:55:09,130 [INFO]   Target classes: [0, 1, 2, 3, 4, 5]
2025-06-23 10:55:09,130 [INFO]   Overlap classes (to be split): [0, 1, 2, 3]
2025-06-23 10:55:09,130 [INFO]   Target novel classes (unknown): [4, 5]
2025-06-23 10:55:09,145 [INFO]   Class 0: 100 total -> Source: 70, Target: 30
2025-06-23 10:55:09,146 [INFO]   Class 1: 100 total -> Source: 70, Target: 30
2025-06-23 10:55:09,146 [INFO]   Class 2: 100 total -> Source: 70, Target: 30
2025-06-23 10:55:09,146 [INFO]   Class 3: 100 total -> Source: 70, Target: 30
2025-06-23 10:55:09,146 [INFO]   Class 4 (novel/unknown): 100 samples -> Target
2025-06-23 10:55:09,146 [INFO]   Class 5 (novel/unknown): 100 samples -> Target
2025-06-23 10:55:09,146 [INFO] Final allocation:
2025-06-23 10:55:09,146 [INFO]   Source domain: 280 samples
2025-06-23 10:55:09,146 [INFO]   Target domain: 320 samples
2025-06-23 10:55:09,148 [INFO] Source domain setup:
2025-06-23 10:55:09,148 [INFO]   Original classes: [0, 1, 2, 3]
2025-06-23 10:55:09,148 [INFO]   Overlap classes used: [0, 1, 2, 3]
2025-06-23 10:55:09,148 [INFO]   Label mapping: {0: 0, 1: 1, 2: 2, 3: 3}
2025-06-23 10:55:09,148 [INFO]   Total data after allocation: 280
2025-06-23 10:55:09,148 [INFO]   Data split - Train: 224, Val: 56
2025-06-23 10:55:09,148 [INFO]   Train label distribution: {0: 56, 1: 56, 3: 56, 2: 56}
2025-06-23 10:55:09,148 [INFO]   Val label distribution: {1: 14, 2: 14, 0: 14, 3: 14}
2025-06-23 10:55:09,150 [INFO] Successfully loaded dataset ENZYMES from ./data, total graphs: 600
2025-06-23 10:55:09,150 [INFO] Class allocation analysis:
2025-06-23 10:55:09,150 [INFO]   Source classes: [0, 1, 2, 3]
2025-06-23 10:55:09,150 [INFO]   Target classes: [0, 1, 2, 3, 4, 5]
2025-06-23 10:55:09,150 [INFO]   Overlap classes (to be split): [0, 1, 2, 3]
2025-06-23 10:55:09,150 [INFO]   Target novel classes (unknown): [4, 5]
2025-06-23 10:55:09,164 [INFO]   Class 0: 100 total -> Source: 70, Target: 30
2025-06-23 10:55:09,164 [INFO]   Class 1: 100 total -> Source: 70, Target: 30
2025-06-23 10:55:09,164 [INFO]   Class 2: 100 total -> Source: 70, Target: 30
2025-06-23 10:55:09,165 [INFO]   Class 3: 100 total -> Source: 70, Target: 30
2025-06-23 10:55:09,165 [INFO]   Class 4 (novel/unknown): 100 samples -> Target
2025-06-23 10:55:09,165 [INFO]   Class 5 (novel/unknown): 100 samples -> Target
2025-06-23 10:55:09,165 [INFO] Final allocation:
2025-06-23 10:55:09,165 [INFO]   Source domain: 280 samples
2025-06-23 10:55:09,165 [INFO]   Target domain: 320 samples
2025-06-23 10:55:09,166 [INFO] Target domain setup:
2025-06-23 10:55:09,166 [INFO]   Original classes: [0, 1, 2, 3, 4, 5]
2025-06-23 10:55:09,166 [INFO]   Overlap classes: [0, 1, 2, 3]
2025-06-23 10:55:09,166 [INFO]   Novel classes: [4, 5] -> mapped to unknown label 4
2025-06-23 10:55:09,166 [INFO]   Label mapping: {0: 0, 1: 1, 2: 2, 3: 3, 4: 4, 5: 4}
2025-06-23 10:55:09,166 [INFO]   Total data after allocation: 320
2025-06-23 10:55:09,166 [INFO]   Data split - Train: 256, Val: 64
2025-06-23 10:55:09,166 [INFO]   Total count: 320 (known: 120, unknown: 200)
2025-06-23 10:55:09,166 [INFO]   Total label distribution: {4: 200, 3: 30, 0: 30, 1: 30, 2: 30}
2025-06-23 10:55:09,166 [INFO]   Train label distribution: {4: 160, 0: 24, 2: 24, 3: 24, 1: 24}
2025-06-23 10:55:09,166 [INFO]   Val label distribution: {1: 6, 4: 40, 3: 6, 0: 6, 2: 6}
2025-06-23 10:55:09,167 [INFO] 数据加载器创建完成!
2025-06-23 10:55:09,167 [INFO] 源域类别数: 4 (重叠类别)
2025-06-23 10:55:09,167 [INFO] 目标域类别数: 5 (4个重叠类别 + 1个未知类别)
2025-06-23 10:55:09,167 [INFO] 重叠类别: [0, 1, 2, 3]
2025-06-23 10:55:09,167 [INFO] 目标域新类别: [4, 5]
2025-06-23 10:55:09,167 [INFO] Data allocation verification:
2025-06-23 10:55:09,167 [INFO]   Source data samples: 280
2025-06-23 10:55:09,167 [INFO]   Target data samples: 320
2025-06-23 10:55:09,167 [INFO]   Overlapping samples: 0
2025-06-23 10:55:09,167 [INFO]   ✓ Data allocation is correct - no overlapping samples
2025-06-23 10:55:09,169 [INFO] Model initialized with 18052 parameters
2025-06-23 10:55:09,169 [INFO] Previous best validation accuracy read from record.txt: 0.6429
2025-06-23 10:55:09,170 [INFO] Starting training...
2025-06-23 10:55:09,193 [INFO] Epoch 001 | Train Loss: 10.6837 | Val Loss: 8.2608 | Val Acc: 0.3214
2025-06-23 10:55:12,846 [INFO] New best model at epoch 1 (Val Acc: 0.3214)
2025-06-23 10:55:12,864 [INFO] Epoch 002 | Train Loss: 7.0219 | Val Loss: 8.2087 | Val Acc: 0.2679
2025-06-23 10:55:12,877 [INFO] Epoch 003 | Train Loss: 5.8125 | Val Loss: 8.4782 | Val Acc: 0.3750
2025-06-23 10:55:12,879 [INFO] New best model at epoch 3 (Val Acc: 0.3750)
2025-06-23 10:55:12,891 [INFO] Epoch 004 | Train Loss: 5.5105 | Val Loss: 2.8731 | Val Acc: 0.2857
2025-06-23 10:55:12,905 [INFO] Epoch 005 | Train Loss: 3.7084 | Val Loss: 4.2969 | Val Acc: 0.2857
2025-06-23 10:55:12,923 [INFO] Epoch 006 | Train Loss: 3.3575 | Val Loss: 2.7206 | Val Acc: 0.2679
2025-06-23 10:55:12,939 [INFO] Epoch 007 | Train Loss: 3.1901 | Val Loss: 3.0627 | Val Acc: 0.3393
2025-06-23 10:55:12,954 [INFO] Epoch 008 | Train Loss: 3.3020 | Val Loss: 2.5177 | Val Acc: 0.3036
2025-06-23 10:55:12,965 [INFO] Epoch 009 | Train Loss: 2.7484 | Val Loss: 2.3948 | Val Acc: 0.2679
2025-06-23 10:55:12,976 [INFO] Epoch 010 | Train Loss: 2.4321 | Val Loss: 2.0028 | Val Acc: 0.3929
2025-06-23 10:55:14,180 [INFO] New best model at epoch 10 (Val Acc: 0.3929)
2025-06-23 10:55:14,205 [INFO] Epoch 011 | Train Loss: 2.7197 | Val Loss: 2.3489 | Val Acc: 0.3750
2025-06-23 10:55:14,222 [INFO] Epoch 012 | Train Loss: 2.7153 | Val Loss: 3.4359 | Val Acc: 0.2500
2025-06-23 10:55:14,237 [INFO] Epoch 013 | Train Loss: 3.0029 | Val Loss: 2.3359 | Val Acc: 0.3393
2025-06-23 10:55:14,257 [INFO] Epoch 014 | Train Loss: 3.1944 | Val Loss: 3.0122 | Val Acc: 0.2679
2025-06-23 10:55:14,274 [INFO] Epoch 015 | Train Loss: 2.8490 | Val Loss: 2.3474 | Val Acc: 0.3571
2025-06-23 10:55:14,289 [INFO] Epoch 016 | Train Loss: 2.0564 | Val Loss: 1.7706 | Val Acc: 0.2679
2025-06-23 10:55:14,300 [INFO] Epoch 017 | Train Loss: 1.8849 | Val Loss: 2.8701 | Val Acc: 0.3929
2025-06-23 10:55:14,311 [INFO] Epoch 018 | Train Loss: 1.8959 | Val Loss: 1.8245 | Val Acc: 0.3393
2025-06-23 10:55:14,328 [INFO] Epoch 019 | Train Loss: 1.8916 | Val Loss: 2.4339 | Val Acc: 0.2857
2025-06-23 10:55:14,339 [INFO] Epoch 020 | Train Loss: 1.9735 | Val Loss: 1.4964 | Val Acc: 0.3750
2025-06-23 10:55:15,387 [INFO] Epoch 021 | Train Loss: 1.9170 | Val Loss: 1.8093 | Val Acc: 0.3571
2025-06-23 10:55:15,399 [INFO] Epoch 022 | Train Loss: 1.8658 | Val Loss: 1.5617 | Val Acc: 0.3750
2025-06-23 10:55:15,411 [INFO] Epoch 023 | Train Loss: 1.8923 | Val Loss: 1.7977 | Val Acc: 0.2857
2025-06-23 10:55:15,426 [INFO] Epoch 024 | Train Loss: 1.6716 | Val Loss: 1.4040 | Val Acc: 0.3929
2025-06-23 10:55:15,440 [INFO] Epoch 025 | Train Loss: 1.6142 | Val Loss: 2.1148 | Val Acc: 0.2679
2025-06-23 10:55:15,455 [INFO] Epoch 026 | Train Loss: 1.8181 | Val Loss: 1.5089 | Val Acc: 0.3571
2025-06-23 10:55:15,468 [INFO] Epoch 027 | Train Loss: 1.4635 | Val Loss: 1.3895 | Val Acc: 0.3571
2025-06-23 10:55:15,493 [INFO] Epoch 028 | Train Loss: 1.5321 | Val Loss: 1.8444 | Val Acc: 0.2857
2025-06-23 10:55:15,509 [INFO] Epoch 029 | Train Loss: 1.5665 | Val Loss: 1.4813 | Val Acc: 0.2857
2025-06-23 10:55:15,527 [INFO] Epoch 030 | Train Loss: 1.5823 | Val Loss: 1.8855 | Val Acc: 0.4107
2025-06-23 10:55:16,658 [INFO] New best model at epoch 30 (Val Acc: 0.4107)
2025-06-23 10:55:16,670 [INFO] Epoch 031 | Train Loss: 1.7198 | Val Loss: 1.6059 | Val Acc: 0.2500
2025-06-23 10:55:16,682 [INFO] Epoch 032 | Train Loss: 1.7006 | Val Loss: 1.9048 | Val Acc: 0.3750
2025-06-23 10:55:16,694 [INFO] Epoch 033 | Train Loss: 1.7019 | Val Loss: 1.8159 | Val Acc: 0.3571
2025-06-23 10:55:16,711 [INFO] Epoch 034 | Train Loss: 1.7063 | Val Loss: 2.1356 | Val Acc: 0.2679
2025-06-23 10:55:16,724 [INFO] Epoch 035 | Train Loss: 1.6000 | Val Loss: 1.6424 | Val Acc: 0.2857
2025-06-23 10:55:16,737 [INFO] Epoch 036 | Train Loss: 1.6391 | Val Loss: 2.2398 | Val Acc: 0.3036
2025-06-23 10:55:16,753 [INFO] Epoch 037 | Train Loss: 1.6737 | Val Loss: 1.3570 | Val Acc: 0.3750
2025-06-23 10:55:16,767 [INFO] Epoch 038 | Train Loss: 1.5077 | Val Loss: 1.3118 | Val Acc: 0.3929
2025-06-23 10:55:16,778 [INFO] Epoch 039 | Train Loss: 1.3778 | Val Loss: 1.2507 | Val Acc: 0.4464
2025-06-23 10:55:16,780 [INFO] New best model at epoch 39 (Val Acc: 0.4464)
2025-06-23 10:55:16,790 [INFO] Epoch 040 | Train Loss: 1.2483 | Val Loss: 1.3666 | Val Acc: 0.3571
2025-06-23 10:55:17,856 [INFO] Epoch 041 | Train Loss: 1.3075 | Val Loss: 1.3488 | Val Acc: 0.4107
2025-06-23 10:55:17,867 [INFO] Epoch 042 | Train Loss: 1.3123 | Val Loss: 1.3619 | Val Acc: 0.3929
2025-06-23 10:55:17,879 [INFO] Epoch 043 | Train Loss: 1.3066 | Val Loss: 1.4706 | Val Acc: 0.4107
2025-06-23 10:55:17,893 [INFO] Epoch 044 | Train Loss: 1.5234 | Val Loss: 1.5779 | Val Acc: 0.3036
2025-06-23 10:55:17,908 [INFO] Epoch 045 | Train Loss: 1.3323 | Val Loss: 1.8213 | Val Acc: 0.2321
2025-06-23 10:55:17,924 [INFO] Epoch 046 | Train Loss: 1.5468 | Val Loss: 1.5458 | Val Acc: 0.3750
2025-06-23 10:55:17,939 [INFO] Epoch 047 | Train Loss: 1.4582 | Val Loss: 1.3926 | Val Acc: 0.3571
2025-06-23 10:55:17,952 [INFO] Epoch 048 | Train Loss: 1.4728 | Val Loss: 1.3489 | Val Acc: 0.4286
2025-06-23 10:55:17,963 [INFO] Epoch 049 | Train Loss: 1.2673 | Val Loss: 1.4530 | Val Acc: 0.3393
2025-06-23 10:55:17,974 [INFO] Epoch 050 | Train Loss: 1.3359 | Val Loss: 1.4309 | Val Acc: 0.3214
2025-06-23 10:55:19,030 [INFO] Best model saved to <built-in function time>/ENZYMES/best/best_source_gin.pth (Val Acc: 0.4464 at epoch 39)
2025-06-23 10:55:19,030 [INFO] Training/validation metrics saved to <built-in function time>/ENZYMES/GIN_0.01/train_metrics.csv
2025-06-23 10:55:20,847 [INFO] Final training curves saved
2025-06-23 10:55:20,847 [INFO] Training completed!
2025-06-23 10:55:20,847 [INFO] Best validation accuracy: 0.4464
2025-06-23 10:55:20,847 [INFO] Best epoch: 39
2025-06-23 10:55:20,847 [INFO] Total epochs trained: 50
2025-06-23 10:55:20,848 [INFO] Starting training with parameters: (0.01, 0.2, 128, 1, 50, 0.0001)
