2025-06-23 12:41:36,785 [INFO] Using device: cpu
2025-06-23 12:41:36,786 [INFO] 开始创建数据加载器...
2025-06-23 12:41:36,789 [INFO] Successfully loaded dataset ENZYMES from ./data, total graphs: 600
2025-06-23 12:41:36,789 [INFO] Class allocation analysis:
2025-06-23 12:41:36,789 [INFO]   Source classes: [0, 1, 2, 3]
2025-06-23 12:41:36,789 [INFO]   Target classes: [0, 1, 2, 3, 4, 5]
2025-06-23 12:41:36,789 [INFO]   Overlap classes (to be split): [0, 1, 2, 3]
2025-06-23 12:41:36,789 [INFO]   Target novel classes (unknown): [4, 5]
2025-06-23 12:41:36,803 [INFO]   Class 0: 100 total -> Source: 70, Target: 30
2025-06-23 12:41:36,803 [INFO]   Class 1: 100 total -> Source: 70, Target: 30
2025-06-23 12:41:36,803 [INFO]   Class 2: 100 total -> Source: 70, Target: 30
2025-06-23 12:41:36,803 [INFO]   Class 3: 100 total -> Source: 70, Target: 30
2025-06-23 12:41:36,803 [INFO]   Class 4 (novel/unknown): 100 samples -> Target
2025-06-23 12:41:36,803 [INFO]   Class 5 (novel/unknown): 100 samples -> Target
2025-06-23 12:41:36,803 [INFO] Final allocation:
2025-06-23 12:41:36,803 [INFO]   Source domain: 280 samples
2025-06-23 12:41:36,803 [INFO]   Target domain: 320 samples
2025-06-23 12:41:36,805 [INFO] Source domain setup:
2025-06-23 12:41:36,805 [INFO]   Original classes: [0, 1, 2, 3]
2025-06-23 12:41:36,805 [INFO]   Overlap classes used: [0, 1, 2, 3]
2025-06-23 12:41:36,805 [INFO]   Label mapping: {0: 0, 1: 1, 2: 2, 3: 3}
2025-06-23 12:41:36,805 [INFO]   Total data after allocation: 280
2025-06-23 12:41:36,805 [INFO]   Data split - Train: 224, Val: 56
2025-06-23 12:41:36,805 [INFO]   Train label distribution: {0: 56, 1: 56, 3: 56, 2: 56}
2025-06-23 12:41:36,805 [INFO]   Val label distribution: {1: 14, 2: 14, 0: 14, 3: 14}
2025-06-23 12:41:36,806 [INFO] Successfully loaded dataset ENZYMES from ./data, total graphs: 600
2025-06-23 12:41:36,806 [INFO] Class allocation analysis:
2025-06-23 12:41:36,806 [INFO]   Source classes: [0, 1, 2, 3]
2025-06-23 12:41:36,806 [INFO]   Target classes: [0, 1, 2, 3, 4, 5]
2025-06-23 12:41:36,806 [INFO]   Overlap classes (to be split): [0, 1, 2, 3]
2025-06-23 12:41:36,806 [INFO]   Target novel classes (unknown): [4, 5]
2025-06-23 12:41:36,819 [INFO]   Class 0: 100 total -> Source: 70, Target: 30
2025-06-23 12:41:36,820 [INFO]   Class 1: 100 total -> Source: 70, Target: 30
2025-06-23 12:41:36,820 [INFO]   Class 2: 100 total -> Source: 70, Target: 30
2025-06-23 12:41:36,820 [INFO]   Class 3: 100 total -> Source: 70, Target: 30
2025-06-23 12:41:36,820 [INFO]   Class 4 (novel/unknown): 100 samples -> Target
2025-06-23 12:41:36,820 [INFO]   Class 5 (novel/unknown): 100 samples -> Target
2025-06-23 12:41:36,820 [INFO] Final allocation:
2025-06-23 12:41:36,820 [INFO]   Source domain: 280 samples
2025-06-23 12:41:36,820 [INFO]   Target domain: 320 samples
2025-06-23 12:41:36,821 [INFO] Target domain setup:
2025-06-23 12:41:36,821 [INFO]   Original classes: [0, 1, 2, 3, 4, 5]
2025-06-23 12:41:36,822 [INFO]   Overlap classes: [0, 1, 2, 3]
2025-06-23 12:41:36,822 [INFO]   Novel classes: [4, 5] -> mapped to unknown label 4
2025-06-23 12:41:36,822 [INFO]   Label mapping: {0: 0, 1: 1, 2: 2, 3: 3, 4: 4, 5: 4}
2025-06-23 12:41:36,822 [INFO]   Total data after allocation: 320
2025-06-23 12:41:36,822 [INFO]   Data split - Train: 256, Val: 64
2025-06-23 12:41:36,822 [INFO]   Total count: 320 (known: 120, unknown: 200)
2025-06-23 12:41:36,822 [INFO]   Total label distribution: {4: 200, 3: 30, 0: 30, 1: 30, 2: 30}
2025-06-23 12:41:36,822 [INFO]   Train label distribution: {4: 160, 0: 24, 2: 24, 3: 24, 1: 24}
2025-06-23 12:41:36,822 [INFO]   Val label distribution: {1: 6, 4: 40, 3: 6, 0: 6, 2: 6}
2025-06-23 12:41:36,822 [INFO] 数据加载器创建完成!
2025-06-23 12:41:36,822 [INFO] 源域类别数: 4 (重叠类别)
2025-06-23 12:41:36,822 [INFO] 目标域类别数: 5 (4个重叠类别 + 1个未知类别)
2025-06-23 12:41:36,822 [INFO] 重叠类别: [0, 1, 2, 3]
2025-06-23 12:41:36,822 [INFO] 目标域新类别: [4, 5]
2025-06-23 12:41:36,822 [INFO] Data allocation verification:
2025-06-23 12:41:36,822 [INFO]   Source data samples: 280
2025-06-23 12:41:36,822 [INFO]   Target data samples: 320
2025-06-23 12:41:36,822 [INFO]   Overlapping samples: 0
2025-06-23 12:41:36,822 [INFO]   ✓ Data allocation is correct - no overlapping samples
2025-06-23 12:41:36,825 [INFO] Model initialized with 796164 parameters
2025-06-23 12:41:36,826 [INFO] Previous best validation accuracy read from record.txt: 0.6429
2025-06-23 12:41:36,826 [INFO] Starting training...
2025-06-23 12:41:36,897 [INFO] Epoch 001 | Train Loss: 32.4526 | Val Loss: 389.9947 | Val Acc: 0.2679
2025-06-23 12:41:40,048 [INFO] New best model at epoch 1 (Val Acc: 0.2679)
2025-06-23 12:41:40,182 [INFO] Epoch 002 | Train Loss: 13.6278 | Val Loss: 73.5709 | Val Acc: 0.3214
2025-06-23 12:41:40,195 [INFO] New best model at epoch 2 (Val Acc: 0.3214)
2025-06-23 12:41:40,267 [INFO] Epoch 003 | Train Loss: 19.4173 | Val Loss: 23.7206 | Val Acc: 0.3571
2025-06-23 12:41:40,280 [INFO] New best model at epoch 3 (Val Acc: 0.3571)
2025-06-23 12:41:40,347 [INFO] Epoch 004 | Train Loss: 12.6889 | Val Loss: 16.7565 | Val Acc: 0.3036
2025-06-23 12:41:40,441 [INFO] Epoch 005 | Train Loss: 15.1889 | Val Loss: 8.0317 | Val Acc: 0.3036
2025-06-23 12:41:40,504 [INFO] Epoch 006 | Train Loss: 9.5850 | Val Loss: 7.4617 | Val Acc: 0.2500
2025-06-23 12:41:40,598 [INFO] Epoch 007 | Train Loss: 7.1094 | Val Loss: 9.8282 | Val Acc: 0.2679
2025-06-23 12:41:40,672 [INFO] Epoch 008 | Train Loss: 4.7843 | Val Loss: 4.9744 | Val Acc: 0.2857
2025-06-23 12:41:40,744 [INFO] Epoch 009 | Train Loss: 7.4366 | Val Loss: 3.7135 | Val Acc: 0.2679
2025-06-23 12:41:40,826 [INFO] Epoch 010 | Train Loss: 6.7443 | Val Loss: 7.1395 | Val Acc: 0.3036
2025-06-23 12:41:42,031 [INFO] Epoch 011 | Train Loss: 4.2059 | Val Loss: 3.4378 | Val Acc: 0.4286
2025-06-23 12:41:42,043 [INFO] New best model at epoch 11 (Val Acc: 0.4286)
2025-06-23 12:41:42,111 [INFO] Epoch 012 | Train Loss: 5.7280 | Val Loss: 3.0122 | Val Acc: 0.3929
2025-06-23 12:41:42,170 [INFO] Epoch 013 | Train Loss: 5.9920 | Val Loss: 4.5123 | Val Acc: 0.2143
2025-06-23 12:41:42,242 [INFO] Epoch 014 | Train Loss: 7.2295 | Val Loss: 3.6526 | Val Acc: 0.2321
2025-06-23 12:41:42,303 [INFO] Epoch 015 | Train Loss: 5.9216 | Val Loss: 4.0090 | Val Acc: 0.3393
2025-06-23 12:41:42,403 [INFO] Epoch 016 | Train Loss: 5.4707 | Val Loss: 3.0931 | Val Acc: 0.3571
2025-06-23 12:41:42,467 [INFO] Epoch 017 | Train Loss: 6.8642 | Val Loss: 4.0097 | Val Acc: 0.1786
2025-06-23 12:41:42,532 [INFO] Epoch 018 | Train Loss: 5.9915 | Val Loss: 2.4196 | Val Acc: 0.3750
2025-06-23 12:41:42,597 [INFO] Epoch 019 | Train Loss: 6.6930 | Val Loss: 2.2057 | Val Acc: 0.3393
2025-06-23 12:41:42,665 [INFO] Epoch 020 | Train Loss: 5.4350 | Val Loss: 3.0644 | Val Acc: 0.3571
2025-06-23 12:41:43,830 [INFO] Epoch 021 | Train Loss: 6.4507 | Val Loss: 4.1380 | Val Acc: 0.3214
2025-06-23 12:41:43,912 [INFO] Epoch 022 | Train Loss: 5.0522 | Val Loss: 2.9882 | Val Acc: 0.2500
2025-06-23 12:41:43,971 [INFO] Epoch 023 | Train Loss: 5.0953 | Val Loss: 1.7983 | Val Acc: 0.3036
2025-06-23 12:41:44,033 [INFO] Epoch 024 | Train Loss: 3.9616 | Val Loss: 5.9274 | Val Acc: 0.3750
2025-06-23 12:41:44,096 [INFO] Epoch 025 | Train Loss: 3.4766 | Val Loss: 2.3590 | Val Acc: 0.3571
2025-06-23 12:41:44,158 [INFO] Epoch 026 | Train Loss: 3.4377 | Val Loss: 2.6098 | Val Acc: 0.2500
2025-06-23 12:41:44,238 [INFO] Epoch 027 | Train Loss: 2.5567 | Val Loss: 1.8534 | Val Acc: 0.4107
2025-06-23 12:41:44,318 [INFO] Epoch 028 | Train Loss: 2.4621 | Val Loss: 1.3903 | Val Acc: 0.4107
2025-06-23 12:41:44,395 [INFO] Epoch 029 | Train Loss: 2.6221 | Val Loss: 1.5891 | Val Acc: 0.2857
2025-06-23 12:41:44,475 [INFO] Epoch 030 | Train Loss: 2.6259 | Val Loss: 1.7027 | Val Acc: 0.4464
2025-06-23 12:41:45,565 [INFO] New best model at epoch 30 (Val Acc: 0.4464)
2025-06-23 12:41:45,636 [INFO] Epoch 031 | Train Loss: 3.5662 | Val Loss: 2.1897 | Val Acc: 0.3929
2025-06-23 12:41:45,711 [INFO] Epoch 032 | Train Loss: 2.8562 | Val Loss: 2.4082 | Val Acc: 0.2321
2025-06-23 12:41:45,772 [INFO] Epoch 033 | Train Loss: 3.0836 | Val Loss: 1.8904 | Val Acc: 0.3393
2025-06-23 12:41:45,843 [INFO] Epoch 034 | Train Loss: 2.2564 | Val Loss: 2.1041 | Val Acc: 0.3214
2025-06-23 12:41:45,905 [INFO] Epoch 035 | Train Loss: 2.7091 | Val Loss: 1.8899 | Val Acc: 0.2679
2025-06-23 12:41:45,967 [INFO] Epoch 036 | Train Loss: 2.0039 | Val Loss: 1.5351 | Val Acc: 0.3929
2025-06-23 12:41:46,031 [INFO] Epoch 037 | Train Loss: 1.9512 | Val Loss: 1.6180 | Val Acc: 0.4643
2025-06-23 12:41:46,056 [INFO] New best model at epoch 37 (Val Acc: 0.4643)
2025-06-23 12:41:46,109 [INFO] Epoch 038 | Train Loss: 2.8857 | Val Loss: 1.3511 | Val Acc: 0.4286
2025-06-23 12:41:46,185 [INFO] Epoch 039 | Train Loss: 1.9356 | Val Loss: 1.5430 | Val Acc: 0.3750
2025-06-23 12:41:46,255 [INFO] Epoch 040 | Train Loss: 1.7396 | Val Loss: 1.8393 | Val Acc: 0.3214
2025-06-23 12:41:47,408 [INFO] Epoch 041 | Train Loss: 1.5790 | Val Loss: 1.7412 | Val Acc: 0.2679
2025-06-23 12:41:47,474 [INFO] Epoch 042 | Train Loss: 1.4389 | Val Loss: 1.6178 | Val Acc: 0.2500
2025-06-23 12:41:47,547 [INFO] Epoch 043 | Train Loss: 1.6634 | Val Loss: 1.5323 | Val Acc: 0.3750
2025-06-23 12:41:47,609 [INFO] Epoch 044 | Train Loss: 2.0101 | Val Loss: 1.4729 | Val Acc: 0.3750
2025-06-23 12:41:47,670 [INFO] Epoch 045 | Train Loss: 2.6492 | Val Loss: 2.4218 | Val Acc: 0.2679
2025-06-23 12:41:47,747 [INFO] Epoch 046 | Train Loss: 1.4775 | Val Loss: 1.6590 | Val Acc: 0.4107
2025-06-23 12:41:47,806 [INFO] Epoch 047 | Train Loss: 2.0643 | Val Loss: 2.1623 | Val Acc: 0.3214
2025-06-23 12:41:47,866 [INFO] Epoch 048 | Train Loss: 2.4616 | Val Loss: 2.2870 | Val Acc: 0.3393
2025-06-23 12:41:47,955 [INFO] Epoch 049 | Train Loss: 2.5567 | Val Loss: 1.8501 | Val Acc: 0.3571
2025-06-23 12:41:48,017 [INFO] Epoch 050 | Train Loss: 2.3028 | Val Loss: 1.7916 | Val Acc: 0.3393
2025-06-23 12:41:49,174 [INFO] Epoch 051 | Train Loss: 2.1675 | Val Loss: 1.8351 | Val Acc: 0.3393
2025-06-23 12:41:49,246 [INFO] Epoch 052 | Train Loss: 2.3511 | Val Loss: 1.6931 | Val Acc: 0.4107
2025-06-23 12:41:49,305 [INFO] Epoch 053 | Train Loss: 1.6388 | Val Loss: 2.8955 | Val Acc: 0.3393
2025-06-23 12:41:49,383 [INFO] Epoch 054 | Train Loss: 1.8161 | Val Loss: 2.1108 | Val Acc: 0.2857
2025-06-23 12:41:49,452 [INFO] Epoch 055 | Train Loss: 2.0286 | Val Loss: 2.3345 | Val Acc: 0.3036
2025-06-23 12:41:49,519 [INFO] Epoch 056 | Train Loss: 1.7737 | Val Loss: 2.4074 | Val Acc: 0.3036
2025-06-23 12:41:49,593 [INFO] Epoch 057 | Train Loss: 2.1900 | Val Loss: 2.2267 | Val Acc: 0.2857
2025-06-23 12:41:49,671 [INFO] Epoch 058 | Train Loss: 2.0241 | Val Loss: 1.8773 | Val Acc: 0.3393
2025-06-23 12:41:49,738 [INFO] Epoch 059 | Train Loss: 1.3288 | Val Loss: 1.6619 | Val Acc: 0.4464
2025-06-23 12:41:49,801 [INFO] Epoch 060 | Train Loss: 1.3744 | Val Loss: 1.4086 | Val Acc: 0.4107
2025-06-23 12:41:50,981 [INFO] Epoch 061 | Train Loss: 1.6463 | Val Loss: 1.4483 | Val Acc: 0.2857
2025-06-23 12:41:51,045 [INFO] Epoch 062 | Train Loss: 2.7352 | Val Loss: 1.4662 | Val Acc: 0.4286
2025-06-23 12:41:51,102 [INFO] Epoch 063 | Train Loss: 1.3793 | Val Loss: 1.5856 | Val Acc: 0.4107
2025-06-23 12:41:51,171 [INFO] Epoch 064 | Train Loss: 1.4568 | Val Loss: 1.5990 | Val Acc: 0.3929
2025-06-23 12:41:51,238 [INFO] Epoch 065 | Train Loss: 1.7119 | Val Loss: 2.0025 | Val Acc: 0.3750
2025-06-23 12:41:51,298 [INFO] Epoch 066 | Train Loss: 2.3462 | Val Loss: 1.4806 | Val Acc: 0.3929
2025-06-23 12:41:51,357 [INFO] Epoch 067 | Train Loss: 1.4797 | Val Loss: 1.8603 | Val Acc: 0.3571
2025-06-23 12:41:51,432 [INFO] Epoch 068 | Train Loss: 1.6384 | Val Loss: 1.5477 | Val Acc: 0.3393
2025-06-23 12:41:51,503 [INFO] Epoch 069 | Train Loss: 1.8087 | Val Loss: 1.3977 | Val Acc: 0.3214
2025-06-23 12:41:51,562 [INFO] Epoch 070 | Train Loss: 1.4952 | Val Loss: 54.8363 | Val Acc: 0.3393
2025-06-23 12:41:52,741 [INFO] Epoch 071 | Train Loss: 1.6025 | Val Loss: 3.0616 | Val Acc: 0.3750
2025-06-23 12:41:52,816 [INFO] Epoch 072 | Train Loss: 1.6431 | Val Loss: 2.5309 | Val Acc: 0.3214
2025-06-23 12:41:52,879 [INFO] Epoch 073 | Train Loss: 2.3151 | Val Loss: 1.9343 | Val Acc: 0.2679
2025-06-23 12:41:52,959 [INFO] Epoch 074 | Train Loss: 1.9176 | Val Loss: 2.7890 | Val Acc: 0.2857
2025-06-23 12:41:53,021 [INFO] Epoch 075 | Train Loss: 2.2878 | Val Loss: 2.5452 | Val Acc: 0.3750
2025-06-23 12:41:53,081 [INFO] Epoch 076 | Train Loss: 2.1286 | Val Loss: 1.5718 | Val Acc: 0.3214
2025-06-23 12:41:53,158 [INFO] Epoch 077 | Train Loss: 1.8506 | Val Loss: 1.3551 | Val Acc: 0.3929
2025-06-23 12:41:53,238 [INFO] Epoch 078 | Train Loss: 1.5346 | Val Loss: 1.4591 | Val Acc: 0.3571
2025-06-23 12:41:53,297 [INFO] Epoch 079 | Train Loss: 1.1949 | Val Loss: 1.6059 | Val Acc: 0.2857
2025-06-23 12:41:53,358 [INFO] Epoch 080 | Train Loss: 1.2519 | Val Loss: 1.6028 | Val Acc: 0.3393
2025-06-23 12:41:54,643 [INFO] Epoch 081 | Train Loss: 1.3811 | Val Loss: 1.9279 | Val Acc: 0.3929
2025-06-23 12:41:54,712 [INFO] Epoch 082 | Train Loss: 1.1616 | Val Loss: 1.7668 | Val Acc: 0.3929
2025-06-23 12:41:54,775 [INFO] Epoch 083 | Train Loss: 1.2833 | Val Loss: 1.4225 | Val Acc: 0.3571
2025-06-23 12:41:54,837 [INFO] Epoch 084 | Train Loss: 1.1591 | Val Loss: 1.5297 | Val Acc: 0.3393
2025-06-23 12:41:54,897 [INFO] Epoch 085 | Train Loss: 1.0331 | Val Loss: 1.8047 | Val Acc: 0.3571
2025-06-23 12:41:54,970 [INFO] Epoch 086 | Train Loss: 1.3929 | Val Loss: 2.1942 | Val Acc: 0.3036
2025-06-23 12:41:55,046 [INFO] Epoch 087 | Train Loss: 1.2074 | Val Loss: 1.6236 | Val Acc: 0.3214
2025-06-23 12:41:55,142 [INFO] Epoch 088 | Train Loss: 1.3092 | Val Loss: 1.4242 | Val Acc: 0.4286
2025-06-23 12:41:55,245 [INFO] Epoch 089 | Train Loss: 1.2745 | Val Loss: 1.4334 | Val Acc: 0.3393
2025-06-23 12:41:55,331 [INFO] Epoch 090 | Train Loss: 1.2310 | Val Loss: 1.5760 | Val Acc: 0.2857
2025-06-23 12:41:56,500 [INFO] Epoch 091 | Train Loss: 1.3729 | Val Loss: 1.6215 | Val Acc: 0.2857
2025-06-23 12:41:56,574 [INFO] Epoch 092 | Train Loss: 1.1894 | Val Loss: 1.4529 | Val Acc: 0.3571
2025-06-23 12:41:56,634 [INFO] Epoch 093 | Train Loss: 1.2832 | Val Loss: 1.4357 | Val Acc: 0.3571
2025-06-23 12:41:56,692 [INFO] Epoch 094 | Train Loss: 0.9969 | Val Loss: 1.5326 | Val Acc: 0.3036
2025-06-23 12:41:56,751 [INFO] Epoch 095 | Train Loss: 1.1164 | Val Loss: 1.5648 | Val Acc: 0.3571
2025-06-23 12:41:56,811 [INFO] Epoch 096 | Train Loss: 0.9986 | Val Loss: 1.7039 | Val Acc: 0.3393
2025-06-23 12:41:56,872 [INFO] Epoch 097 | Train Loss: 1.0642 | Val Loss: 1.5431 | Val Acc: 0.3214
2025-06-23 12:41:56,943 [INFO] Epoch 098 | Train Loss: 1.0102 | Val Loss: 1.4236 | Val Acc: 0.2857
2025-06-23 12:41:57,027 [INFO] Epoch 099 | Train Loss: 0.9297 | Val Loss: 2.4585 | Val Acc: 0.3036
2025-06-23 12:41:57,096 [INFO] Epoch 100 | Train Loss: 0.8969 | Val Loss: 2.0165 | Val Acc: 0.2679
2025-06-23 12:41:59,071 [INFO] Best model saved to <built-in function time>/ENZYMES/best/best_source_gin.pth (Val Acc: 0.4643 at epoch 37)
2025-06-23 12:41:59,075 [INFO] Training/validation metrics saved to <built-in function time>/ENZYMES/GIN_0.01/train_metrics.csv
2025-06-23 12:42:03,225 [INFO] Final training curves saved
2025-06-23 12:42:03,225 [INFO] Training completed!
2025-06-23 12:42:03,225 [INFO] Best validation accuracy: 0.4643
2025-06-23 12:42:03,225 [INFO] Best epoch: 37
2025-06-23 12:42:03,225 [INFO] Total epochs trained: 100
2025-06-23 12:42:03,227 [INFO] Starting training with parameters: (0.01, 0.2, 512, 2, 100, 0.0001)
