2025-06-22 07:08:00,290 [INFO] Using device: cpu
2025-06-22 07:08:00,290 [INFO] 开始创建数据加载器...
2025-06-22 07:08:00,294 [INFO] Successfully loaded dataset ENZYMES from ./data, total graphs: 600
2025-06-22 07:08:00,294 [INFO] Class allocation analysis:
2025-06-22 07:08:00,294 [INFO]   Source classes: [0, 1, 2, 3]
2025-06-22 07:08:00,294 [INFO]   Target classes: [0, 1, 2, 3, 4, 5]
2025-06-22 07:08:00,294 [INFO]   Overlap classes (to be split): [0, 1, 2, 3]
2025-06-22 07:08:00,294 [INFO]   Target novel classes (unknown): [4, 5]
2025-06-22 07:08:00,308 [INFO]   Class 0: 100 total -> Source: 70, Target: 30
2025-06-22 07:08:00,308 [INFO]   Class 1: 100 total -> Source: 70, Target: 30
2025-06-22 07:08:00,308 [INFO]   Class 2: 100 total -> Source: 70, Target: 30
2025-06-22 07:08:00,309 [INFO]   Class 3: 100 total -> Source: 70, Target: 30
2025-06-22 07:08:00,309 [INFO]   Class 4 (novel/unknown): 100 samples -> Target
2025-06-22 07:08:00,309 [INFO]   Class 5 (novel/unknown): 100 samples -> Target
2025-06-22 07:08:00,309 [INFO] Final allocation:
2025-06-22 07:08:00,309 [INFO]   Source domain: 280 samples
2025-06-22 07:08:00,309 [INFO]   Target domain: 320 samples
2025-06-22 07:08:00,310 [INFO] Source domain setup:
2025-06-22 07:08:00,310 [INFO]   Original classes: [0, 1, 2, 3]
2025-06-22 07:08:00,310 [INFO]   Overlap classes used: [0, 1, 2, 3]
2025-06-22 07:08:00,310 [INFO]   Label mapping: {0: 0, 1: 1, 2: 2, 3: 3}
2025-06-22 07:08:00,310 [INFO]   Total data after allocation: 280
2025-06-22 07:08:00,310 [INFO]   Data split - Train: 224, Val: 56
2025-06-22 07:08:00,310 [INFO]   Train label distribution: {0: 56, 1: 56, 3: 56, 2: 56}
2025-06-22 07:08:00,310 [INFO]   Val label distribution: {1: 14, 2: 14, 0: 14, 3: 14}
2025-06-22 07:08:00,312 [INFO] Successfully loaded dataset ENZYMES from ./data, total graphs: 600
2025-06-22 07:08:00,312 [INFO] Class allocation analysis:
2025-06-22 07:08:00,312 [INFO]   Source classes: [0, 1, 2, 3]
2025-06-22 07:08:00,312 [INFO]   Target classes: [0, 1, 2, 3, 4, 5]
2025-06-22 07:08:00,312 [INFO]   Overlap classes (to be split): [0, 1, 2, 3]
2025-06-22 07:08:00,312 [INFO]   Target novel classes (unknown): [4, 5]
2025-06-22 07:08:00,325 [INFO]   Class 0: 100 total -> Source: 70, Target: 30
2025-06-22 07:08:00,325 [INFO]   Class 1: 100 total -> Source: 70, Target: 30
2025-06-22 07:08:00,325 [INFO]   Class 2: 100 total -> Source: 70, Target: 30
2025-06-22 07:08:00,325 [INFO]   Class 3: 100 total -> Source: 70, Target: 30
2025-06-22 07:08:00,326 [INFO]   Class 4 (novel/unknown): 100 samples -> Target
2025-06-22 07:08:00,326 [INFO]   Class 5 (novel/unknown): 100 samples -> Target
2025-06-22 07:08:00,326 [INFO] Final allocation:
2025-06-22 07:08:00,326 [INFO]   Source domain: 280 samples
2025-06-22 07:08:00,326 [INFO]   Target domain: 320 samples
2025-06-22 07:08:00,327 [INFO] Target domain setup:
2025-06-22 07:08:00,327 [INFO]   Original classes: [0, 1, 2, 3, 4, 5]
2025-06-22 07:08:00,327 [INFO]   Overlap classes: [0, 1, 2, 3]
2025-06-22 07:08:00,327 [INFO]   Novel classes: [4, 5] -> mapped to unknown label 4
2025-06-22 07:08:00,327 [INFO]   Label mapping: {0: 0, 1: 1, 2: 2, 3: 3, 4: 4, 5: 4}
2025-06-22 07:08:00,327 [INFO]   Total data after allocation: 320
2025-06-22 07:08:00,327 [INFO]   Data split - Train: 256, Val: 64
2025-06-22 07:08:00,327 [INFO]   Total count: 320 (known: 120, unknown: 200)
2025-06-22 07:08:00,327 [INFO]   Total label distribution: {4: 200, 3: 30, 0: 30, 1: 30, 2: 30}
2025-06-22 07:08:00,327 [INFO]   Train label distribution: {4: 160, 0: 24, 2: 24, 3: 24, 1: 24}
2025-06-22 07:08:00,327 [INFO]   Val label distribution: {1: 6, 4: 40, 3: 6, 0: 6, 2: 6}
2025-06-22 07:08:00,328 [INFO] 数据加载器创建完成!
2025-06-22 07:08:00,328 [INFO] 源域类别数: 4 (重叠类别)
2025-06-22 07:08:00,328 [INFO] 目标域类别数: 5 (4个重叠类别 + 1个未知类别)
2025-06-22 07:08:00,328 [INFO] 重叠类别: [0, 1, 2, 3]
2025-06-22 07:08:00,328 [INFO] 目标域新类别: [4, 5]
2025-06-22 07:08:00,328 [INFO] Data allocation verification:
2025-06-22 07:08:00,328 [INFO]   Source data samples: 280
2025-06-22 07:08:00,328 [INFO]   Target data samples: 320
2025-06-22 07:08:00,328 [INFO]   Overlapping samples: 0
2025-06-22 07:08:00,328 [INFO]   ✓ Data allocation is correct - no overlapping samples
2025-06-22 07:08:00,330 [INFO] Model initialized with 39236 parameters
2025-06-22 07:08:00,330 [INFO] Previous best validation accuracy read from record.txt: 0.6250
2025-06-22 07:08:00,331 [INFO] Starting training...
2025-06-22 07:08:00,368 [INFO] Epoch 001 | Train Loss: 10.0240 | Val Loss: 1.5175 | Val Acc: 0.2500
2025-06-22 07:08:01,040 [INFO] New best model at epoch 1 (Val Acc: 0.2500)
2025-06-22 07:08:01,093 [INFO] Epoch 002 | Train Loss: 8.3062 | Val Loss: 1.4108 | Val Acc: 0.2321
2025-06-22 07:08:01,148 [INFO] Epoch 003 | Train Loss: 7.0951 | Val Loss: 1.4150 | Val Acc: 0.2500
2025-06-22 07:08:01,182 [INFO] Epoch 004 | Train Loss: 4.9828 | Val Loss: 1.4471 | Val Acc: 0.3036
2025-06-22 07:08:01,187 [INFO] New best model at epoch 4 (Val Acc: 0.3036)
2025-06-22 07:08:01,216 [INFO] Epoch 005 | Train Loss: 6.2351 | Val Loss: 1.6543 | Val Acc: 0.2321
2025-06-22 07:08:01,248 [INFO] Epoch 006 | Train Loss: 5.2589 | Val Loss: 2.3660 | Val Acc: 0.2857
2025-06-22 07:08:01,282 [INFO] Epoch 007 | Train Loss: 5.4232 | Val Loss: 1.9816 | Val Acc: 0.3393
2025-06-22 07:08:01,287 [INFO] New best model at epoch 7 (Val Acc: 0.3393)
2025-06-22 07:08:01,328 [INFO] Epoch 008 | Train Loss: 4.9151 | Val Loss: 1.6892 | Val Acc: 0.3036
2025-06-22 07:08:01,383 [INFO] Epoch 009 | Train Loss: 3.7752 | Val Loss: 1.6619 | Val Acc: 0.3571
2025-06-22 07:08:01,388 [INFO] New best model at epoch 9 (Val Acc: 0.3571)
2025-06-22 07:08:01,428 [INFO] Epoch 010 | Train Loss: 4.6951 | Val Loss: 3.1183 | Val Acc: 0.2500
2025-06-22 07:08:02,161 [INFO] Epoch 011 | Train Loss: 4.4537 | Val Loss: 2.6785 | Val Acc: 0.3214
2025-06-22 07:08:02,242 [INFO] Epoch 012 | Train Loss: 3.7133 | Val Loss: 2.6147 | Val Acc: 0.3036
2025-06-22 07:08:02,274 [INFO] Epoch 013 | Train Loss: 3.0315 | Val Loss: 2.1152 | Val Acc: 0.3393
2025-06-22 07:08:02,306 [INFO] Epoch 014 | Train Loss: 3.7992 | Val Loss: 2.1164 | Val Acc: 0.2857
2025-06-22 07:08:02,346 [INFO] Epoch 015 | Train Loss: 4.1117 | Val Loss: 2.1256 | Val Acc: 0.3214
2025-06-22 07:08:02,379 [INFO] Epoch 016 | Train Loss: 3.5167 | Val Loss: 1.9394 | Val Acc: 0.3929
2025-06-22 07:08:02,384 [INFO] New best model at epoch 16 (Val Acc: 0.3929)
2025-06-22 07:08:02,413 [INFO] Epoch 017 | Train Loss: 3.0672 | Val Loss: 2.1873 | Val Acc: 0.2679
2025-06-22 07:08:02,474 [INFO] Epoch 018 | Train Loss: 3.1536 | Val Loss: 2.1310 | Val Acc: 0.2857
2025-06-22 07:08:02,518 [INFO] Epoch 019 | Train Loss: 2.1923 | Val Loss: 2.5845 | Val Acc: 0.2679
2025-06-22 07:08:02,554 [INFO] Epoch 020 | Train Loss: 2.8948 | Val Loss: 2.2309 | Val Acc: 0.3036
2025-06-22 07:08:05,322 [INFO] Epoch 021 | Train Loss: 2.8486 | Val Loss: 2.2273 | Val Acc: 0.3393
2025-06-22 07:08:05,382 [INFO] Epoch 022 | Train Loss: 2.5841 | Val Loss: 1.5597 | Val Acc: 0.3929
2025-06-22 07:08:05,432 [INFO] Epoch 023 | Train Loss: 2.4096 | Val Loss: 1.6525 | Val Acc: 0.3214
2025-06-22 07:08:05,493 [INFO] Epoch 024 | Train Loss: 2.4923 | Val Loss: 1.4538 | Val Acc: 0.3214
2025-06-22 07:08:05,537 [INFO] Epoch 025 | Train Loss: 2.7986 | Val Loss: 2.2443 | Val Acc: 0.2857
2025-06-22 07:08:05,570 [INFO] Epoch 026 | Train Loss: 2.5691 | Val Loss: 2.6327 | Val Acc: 0.3393
2025-06-22 07:08:05,618 [INFO] Epoch 027 | Train Loss: 2.2703 | Val Loss: 1.8867 | Val Acc: 0.3036
2025-06-22 07:08:05,690 [INFO] Epoch 028 | Train Loss: 2.4343 | Val Loss: 1.5850 | Val Acc: 0.3214
2025-06-22 07:08:05,730 [INFO] Epoch 029 | Train Loss: 2.4014 | Val Loss: 1.7007 | Val Acc: 0.3750
2025-06-22 07:08:05,762 [INFO] Epoch 030 | Train Loss: 1.9782 | Val Loss: 1.6145 | Val Acc: 0.3929
2025-06-22 07:08:06,545 [INFO] Epoch 031 | Train Loss: 1.7448 | Val Loss: 1.8539 | Val Acc: 0.3750
2025-06-22 07:08:06,609 [INFO] Epoch 032 | Train Loss: 1.9343 | Val Loss: 1.4510 | Val Acc: 0.3393
2025-06-22 07:08:06,648 [INFO] Epoch 033 | Train Loss: 1.6553 | Val Loss: 1.4420 | Val Acc: 0.3214
2025-06-22 07:08:06,680 [INFO] Epoch 034 | Train Loss: 1.8839 | Val Loss: 1.3889 | Val Acc: 0.3571
2025-06-22 07:08:06,728 [INFO] Epoch 035 | Train Loss: 2.3370 | Val Loss: 1.3027 | Val Acc: 0.3571
2025-06-22 07:08:06,773 [INFO] Epoch 036 | Train Loss: 1.8067 | Val Loss: 1.3101 | Val Acc: 0.3036
2025-06-22 07:08:06,811 [INFO] Epoch 037 | Train Loss: 2.1305 | Val Loss: 1.2183 | Val Acc: 0.3393
2025-06-22 07:08:06,867 [INFO] Epoch 038 | Train Loss: 1.5284 | Val Loss: 1.2894 | Val Acc: 0.3571
2025-06-22 07:08:06,899 [INFO] Epoch 039 | Train Loss: 1.7875 | Val Loss: 1.1946 | Val Acc: 0.4286
2025-06-22 07:08:06,905 [INFO] New best model at epoch 39 (Val Acc: 0.4286)
2025-06-22 07:08:06,933 [INFO] Epoch 040 | Train Loss: 1.1786 | Val Loss: 1.2407 | Val Acc: 0.4464
2025-06-22 07:08:07,576 [INFO] New best model at epoch 40 (Val Acc: 0.4464)
2025-06-22 07:08:07,614 [INFO] Epoch 041 | Train Loss: 1.9624 | Val Loss: 1.4768 | Val Acc: 0.4286
2025-06-22 07:08:07,686 [INFO] Epoch 042 | Train Loss: 1.4977 | Val Loss: 1.6652 | Val Acc: 0.4107
2025-06-22 07:08:07,724 [INFO] Epoch 043 | Train Loss: 2.1043 | Val Loss: 1.3742 | Val Acc: 0.3750
2025-06-22 07:08:07,795 [INFO] Epoch 044 | Train Loss: 1.8685 | Val Loss: 1.3831 | Val Acc: 0.4286
2025-06-22 07:08:07,851 [INFO] Epoch 045 | Train Loss: 1.2595 | Val Loss: 1.8454 | Val Acc: 0.3929
2025-06-22 07:08:07,889 [INFO] Epoch 046 | Train Loss: 1.7005 | Val Loss: 1.8100 | Val Acc: 0.4107
2025-06-22 07:08:07,921 [INFO] Epoch 047 | Train Loss: 1.7713 | Val Loss: 1.3088 | Val Acc: 0.4286
2025-06-22 07:08:07,953 [INFO] Epoch 048 | Train Loss: 1.8579 | Val Loss: 1.3395 | Val Acc: 0.4286
2025-06-22 07:08:08,009 [INFO] Epoch 049 | Train Loss: 2.0284 | Val Loss: 1.4407 | Val Acc: 0.4286
2025-06-22 07:08:08,047 [INFO] Epoch 050 | Train Loss: 1.5706 | Val Loss: 1.3330 | Val Acc: 0.4464
2025-06-22 07:08:08,719 [INFO] Epoch 051 | Train Loss: 1.9583 | Val Loss: 1.3504 | Val Acc: 0.3929
2025-06-22 07:08:08,788 [INFO] Epoch 052 | Train Loss: 2.1748 | Val Loss: 1.3515 | Val Acc: 0.4107
2025-06-22 07:08:08,830 [INFO] Epoch 053 | Train Loss: 1.5511 | Val Loss: 1.2528 | Val Acc: 0.4464
2025-06-22 07:08:08,878 [INFO] Epoch 054 | Train Loss: 1.5597 | Val Loss: 1.2058 | Val Acc: 0.4107
2025-06-22 07:08:08,923 [INFO] Epoch 055 | Train Loss: 1.5741 | Val Loss: 1.3396 | Val Acc: 0.4107
2025-06-22 07:08:08,956 [INFO] Epoch 056 | Train Loss: 2.1637 | Val Loss: 1.5675 | Val Acc: 0.4643
2025-06-22 07:08:08,961 [INFO] New best model at epoch 56 (Val Acc: 0.4643)
2025-06-22 07:08:08,991 [INFO] Epoch 057 | Train Loss: 2.0852 | Val Loss: 1.7262 | Val Acc: 0.3929
2025-06-22 07:08:09,022 [INFO] Epoch 058 | Train Loss: 2.0527 | Val Loss: 1.6043 | Val Acc: 0.4107
2025-06-22 07:08:09,055 [INFO] Epoch 059 | Train Loss: 1.5681 | Val Loss: 1.4709 | Val Acc: 0.3750
2025-06-22 07:08:09,087 [INFO] Epoch 060 | Train Loss: 1.5433 | Val Loss: 1.5774 | Val Acc: 0.4107
2025-06-22 07:08:09,814 [INFO] Epoch 061 | Train Loss: 1.8161 | Val Loss: 1.4475 | Val Acc: 0.4286
2025-06-22 07:08:09,897 [INFO] Epoch 062 | Train Loss: 2.0049 | Val Loss: 1.2630 | Val Acc: 0.4643
2025-06-22 07:08:09,935 [INFO] Epoch 063 | Train Loss: 1.2609 | Val Loss: 1.3102 | Val Acc: 0.4464
2025-06-22 07:08:09,970 [INFO] Epoch 064 | Train Loss: 1.8273 | Val Loss: 1.2612 | Val Acc: 0.4821
2025-06-22 07:08:09,975 [INFO] New best model at epoch 64 (Val Acc: 0.4821)
2025-06-22 07:08:10,003 [INFO] Epoch 065 | Train Loss: 1.7986 | Val Loss: 1.3024 | Val Acc: 0.4286
2025-06-22 07:08:10,035 [INFO] Epoch 066 | Train Loss: 1.3002 | Val Loss: 1.2273 | Val Acc: 0.4107
2025-06-22 07:08:10,076 [INFO] Epoch 067 | Train Loss: 1.7415 | Val Loss: 1.2767 | Val Acc: 0.3571
2025-06-22 07:08:10,114 [INFO] Epoch 068 | Train Loss: 1.3181 | Val Loss: 1.3504 | Val Acc: 0.3929
2025-06-22 07:08:10,147 [INFO] Epoch 069 | Train Loss: 1.6234 | Val Loss: 1.2842 | Val Acc: 0.4821
2025-06-22 07:08:10,179 [INFO] Epoch 070 | Train Loss: 1.2230 | Val Loss: 1.3117 | Val Acc: 0.5714
2025-06-22 07:08:11,266 [INFO] New best model at epoch 70 (Val Acc: 0.5714)
2025-06-22 07:08:11,308 [INFO] Epoch 071 | Train Loss: 1.1557 | Val Loss: 1.2553 | Val Acc: 0.5000
2025-06-22 07:08:11,376 [INFO] Epoch 072 | Train Loss: 1.3170 | Val Loss: 1.2346 | Val Acc: 0.5000
2025-06-22 07:08:11,409 [INFO] Epoch 073 | Train Loss: 1.4555 | Val Loss: 1.2316 | Val Acc: 0.5000
2025-06-22 07:08:11,440 [INFO] Epoch 074 | Train Loss: 1.1409 | Val Loss: 1.2741 | Val Acc: 0.5179
2025-06-22 07:08:11,492 [INFO] Epoch 075 | Train Loss: 1.1057 | Val Loss: 1.3148 | Val Acc: 0.4643
2025-06-22 07:08:11,525 [INFO] Epoch 076 | Train Loss: 1.1390 | Val Loss: 1.3411 | Val Acc: 0.4821
2025-06-22 07:08:11,558 [INFO] Epoch 077 | Train Loss: 1.3512 | Val Loss: 1.3166 | Val Acc: 0.5179
2025-06-22 07:08:11,590 [INFO] Epoch 078 | Train Loss: 1.1810 | Val Loss: 1.4535 | Val Acc: 0.4464
2025-06-22 07:08:11,624 [INFO] Epoch 079 | Train Loss: 1.0340 | Val Loss: 1.5184 | Val Acc: 0.4643
2025-06-22 07:08:11,656 [INFO] Epoch 080 | Train Loss: 1.2883 | Val Loss: 1.4482 | Val Acc: 0.4821
2025-06-22 07:08:12,436 [INFO] Epoch 081 | Train Loss: 1.2564 | Val Loss: 1.4136 | Val Acc: 0.4821
2025-06-22 07:08:12,483 [INFO] Epoch 082 | Train Loss: 1.5739 | Val Loss: 1.2776 | Val Acc: 0.5179
2025-06-22 07:08:12,527 [INFO] Epoch 083 | Train Loss: 0.9807 | Val Loss: 1.2610 | Val Acc: 0.4643
2025-06-22 07:08:12,560 [INFO] Epoch 084 | Train Loss: 1.0997 | Val Loss: 1.2537 | Val Acc: 0.5179
2025-06-22 07:08:12,592 [INFO] Epoch 085 | Train Loss: 0.9690 | Val Loss: 1.2844 | Val Acc: 0.5536
2025-06-22 07:08:12,626 [INFO] Epoch 086 | Train Loss: 1.1852 | Val Loss: 1.3898 | Val Acc: 0.4821
2025-06-22 07:08:12,660 [INFO] Epoch 087 | Train Loss: 1.1928 | Val Loss: 1.4781 | Val Acc: 0.4464
2025-06-22 07:08:12,692 [INFO] Epoch 088 | Train Loss: 1.2418 | Val Loss: 1.5084 | Val Acc: 0.5000
2025-06-22 07:08:12,724 [INFO] Epoch 089 | Train Loss: 1.1013 | Val Loss: 1.3823 | Val Acc: 0.4107
2025-06-22 07:08:12,756 [INFO] Epoch 090 | Train Loss: 1.0681 | Val Loss: 1.7490 | Val Acc: 0.4286
2025-06-22 07:08:13,693 [INFO] Epoch 091 | Train Loss: 1.0753 | Val Loss: 1.7705 | Val Acc: 0.4107
2025-06-22 07:08:13,748 [INFO] Epoch 092 | Train Loss: 1.2563 | Val Loss: 2.0361 | Val Acc: 0.4286
2025-06-22 07:08:13,783 [INFO] Epoch 093 | Train Loss: 1.1942 | Val Loss: 1.3389 | Val Acc: 0.4464
2025-06-22 07:08:13,815 [INFO] Epoch 094 | Train Loss: 1.2137 | Val Loss: 1.3763 | Val Acc: 0.3929
2025-06-22 07:08:13,849 [INFO] Epoch 095 | Train Loss: 1.1499 | Val Loss: 1.4130 | Val Acc: 0.3929
2025-06-22 07:08:13,881 [INFO] Epoch 096 | Train Loss: 0.9332 | Val Loss: 1.5181 | Val Acc: 0.4286
2025-06-22 07:08:13,913 [INFO] Epoch 097 | Train Loss: 1.0323 | Val Loss: 1.4264 | Val Acc: 0.5000
2025-06-22 07:08:13,945 [INFO] Epoch 098 | Train Loss: 1.1745 | Val Loss: 1.3756 | Val Acc: 0.4107
2025-06-22 07:08:13,977 [INFO] Epoch 099 | Train Loss: 1.1901 | Val Loss: 1.3447 | Val Acc: 0.4286
2025-06-22 07:08:14,020 [INFO] Epoch 100 | Train Loss: 1.0173 | Val Loss: 1.4687 | Val Acc: 0.3750
2025-06-22 07:08:14,771 [INFO] Epoch 101 | Train Loss: 1.0461 | Val Loss: 1.5001 | Val Acc: 0.4286
2025-06-22 07:08:14,835 [INFO] Epoch 102 | Train Loss: 1.1066 | Val Loss: 1.3951 | Val Acc: 0.4643
2025-06-22 07:08:14,871 [INFO] Epoch 103 | Train Loss: 1.2907 | Val Loss: 1.5773 | Val Acc: 0.4821
2025-06-22 07:08:14,903 [INFO] Epoch 104 | Train Loss: 0.9663 | Val Loss: 1.5595 | Val Acc: 0.3750
2025-06-22 07:08:14,943 [INFO] Epoch 105 | Train Loss: 1.1387 | Val Loss: 1.4209 | Val Acc: 0.4286
2025-06-22 07:08:14,975 [INFO] Epoch 106 | Train Loss: 0.9654 | Val Loss: 1.4094 | Val Acc: 0.3929
2025-06-22 07:08:15,008 [INFO] Epoch 107 | Train Loss: 1.1586 | Val Loss: 1.3288 | Val Acc: 0.4464
2025-06-22 07:08:15,040 [INFO] Epoch 108 | Train Loss: 0.9035 | Val Loss: 1.3323 | Val Acc: 0.4821
2025-06-22 07:08:15,078 [INFO] Epoch 109 | Train Loss: 0.9325 | Val Loss: 1.2927 | Val Acc: 0.4821
2025-06-22 07:08:15,117 [INFO] Epoch 110 | Train Loss: 1.0374 | Val Loss: 1.2665 | Val Acc: 0.4821
2025-06-22 07:08:15,817 [INFO] Epoch 111 | Train Loss: 1.1830 | Val Loss: 1.2953 | Val Acc: 0.4464
2025-06-22 07:08:15,867 [INFO] Epoch 112 | Train Loss: 0.9438 | Val Loss: 1.3049 | Val Acc: 0.4643
2025-06-22 07:08:15,908 [INFO] Epoch 113 | Train Loss: 1.0621 | Val Loss: 1.3378 | Val Acc: 0.4643
2025-06-22 07:08:15,941 [INFO] Epoch 114 | Train Loss: 0.7682 | Val Loss: 1.5064 | Val Acc: 0.5000
2025-06-22 07:08:15,983 [INFO] Epoch 115 | Train Loss: 0.9040 | Val Loss: 1.4849 | Val Acc: 0.4643
2025-06-22 07:08:16,017 [INFO] Epoch 116 | Train Loss: 0.7074 | Val Loss: 1.4604 | Val Acc: 0.5536
2025-06-22 07:08:16,050 [INFO] Epoch 117 | Train Loss: 0.8712 | Val Loss: 1.4896 | Val Acc: 0.5357
2025-06-22 07:08:16,080 [INFO] Epoch 118 | Train Loss: 1.1684 | Val Loss: 1.6010 | Val Acc: 0.5179
2025-06-22 07:08:16,113 [INFO] Epoch 119 | Train Loss: 0.7272 | Val Loss: 1.5128 | Val Acc: 0.5536
2025-06-22 07:08:16,146 [INFO] Epoch 120 | Train Loss: 0.8705 | Val Loss: 1.3564 | Val Acc: 0.5357
2025-06-22 07:08:16,847 [INFO] Epoch 121 | Train Loss: 0.8561 | Val Loss: 1.2989 | Val Acc: 0.5357
2025-06-22 07:08:16,907 [INFO] Epoch 122 | Train Loss: 0.8484 | Val Loss: 1.3655 | Val Acc: 0.5000
2025-06-22 07:08:16,939 [INFO] Epoch 123 | Train Loss: 0.9012 | Val Loss: 1.5130 | Val Acc: 0.4286
2025-06-22 07:08:16,971 [INFO] Epoch 124 | Train Loss: 0.8276 | Val Loss: 1.6052 | Val Acc: 0.4286
2025-06-22 07:08:17,002 [INFO] Epoch 125 | Train Loss: 0.8988 | Val Loss: 1.6363 | Val Acc: 0.4643
2025-06-22 07:08:17,038 [INFO] Epoch 126 | Train Loss: 0.8103 | Val Loss: 1.5921 | Val Acc: 0.4464
2025-06-22 07:08:17,076 [INFO] Epoch 127 | Train Loss: 0.7692 | Val Loss: 1.4629 | Val Acc: 0.4286
2025-06-22 07:08:17,109 [INFO] Epoch 128 | Train Loss: 1.2134 | Val Loss: 1.4409 | Val Acc: 0.4821
2025-06-22 07:08:17,141 [INFO] Epoch 129 | Train Loss: 0.7819 | Val Loss: 1.4763 | Val Acc: 0.4286
2025-06-22 07:08:17,174 [INFO] Epoch 130 | Train Loss: 0.8645 | Val Loss: 1.4876 | Val Acc: 0.4107
2025-06-22 07:08:17,868 [INFO] Epoch 131 | Train Loss: 0.7758 | Val Loss: 1.5318 | Val Acc: 0.4464
2025-06-22 07:08:17,913 [INFO] Epoch 132 | Train Loss: 0.6925 | Val Loss: 1.5599 | Val Acc: 0.5000
2025-06-22 07:08:17,957 [INFO] Epoch 133 | Train Loss: 0.7599 | Val Loss: 1.5939 | Val Acc: 0.4821
2025-06-22 07:08:17,989 [INFO] Epoch 134 | Train Loss: 0.7166 | Val Loss: 1.8739 | Val Acc: 0.4286
2025-06-22 07:08:18,021 [INFO] Epoch 135 | Train Loss: 0.9157 | Val Loss: 1.8720 | Val Acc: 0.3929
2025-06-22 07:08:18,053 [INFO] Epoch 136 | Train Loss: 0.6844 | Val Loss: 1.9169 | Val Acc: 0.4821
2025-06-22 07:08:18,085 [INFO] Epoch 137 | Train Loss: 0.9433 | Val Loss: 1.7883 | Val Acc: 0.5179
2025-06-22 07:08:18,118 [INFO] Epoch 138 | Train Loss: 0.7589 | Val Loss: 1.7044 | Val Acc: 0.4643
2025-06-22 07:08:18,150 [INFO] Epoch 139 | Train Loss: 0.7959 | Val Loss: 1.6548 | Val Acc: 0.4643
2025-06-22 07:08:18,184 [INFO] Epoch 140 | Train Loss: 0.8175 | Val Loss: 1.4494 | Val Acc: 0.4464
2025-06-22 07:08:19,863 [INFO] Epoch 141 | Train Loss: 0.9205 | Val Loss: 1.4158 | Val Acc: 0.4286
2025-06-22 07:08:19,923 [INFO] Epoch 142 | Train Loss: 1.0262 | Val Loss: 1.4766 | Val Acc: 0.4286
2025-06-22 07:08:19,957 [INFO] Epoch 143 | Train Loss: 0.7216 | Val Loss: 1.6112 | Val Acc: 0.3929
2025-06-22 07:08:19,989 [INFO] Epoch 144 | Train Loss: 0.9216 | Val Loss: 1.8244 | Val Acc: 0.4643
2025-06-22 07:08:20,060 [INFO] Epoch 145 | Train Loss: 0.9577 | Val Loss: 1.9593 | Val Acc: 0.4821
2025-06-22 07:08:20,114 [INFO] Epoch 146 | Train Loss: 0.6408 | Val Loss: 2.2427 | Val Acc: 0.4464
2025-06-22 07:08:20,147 [INFO] Epoch 147 | Train Loss: 0.5965 | Val Loss: 2.3566 | Val Acc: 0.4821
2025-06-22 07:08:20,179 [INFO] Epoch 148 | Train Loss: 0.8124 | Val Loss: 2.2583 | Val Acc: 0.4821
2025-06-22 07:08:20,214 [INFO] Epoch 149 | Train Loss: 0.7752 | Val Loss: 1.6838 | Val Acc: 0.5179
2025-06-22 07:08:20,263 [INFO] Epoch 150 | Train Loss: 0.6601 | Val Loss: 1.6605 | Val Acc: 0.5179
2025-06-22 07:08:20,998 [INFO] Epoch 151 | Train Loss: 0.6444 | Val Loss: 1.7515 | Val Acc: 0.4643
2025-06-22 07:08:21,067 [INFO] Epoch 152 | Train Loss: 0.6532 | Val Loss: 1.8383 | Val Acc: 0.4286
2025-06-22 07:08:21,102 [INFO] Epoch 153 | Train Loss: 0.7184 | Val Loss: 1.7487 | Val Acc: 0.4286
2025-06-22 07:08:21,135 [INFO] Epoch 154 | Train Loss: 0.6538 | Val Loss: 1.9560 | Val Acc: 0.4107
2025-06-22 07:08:21,168 [INFO] Epoch 155 | Train Loss: 0.5596 | Val Loss: 1.9723 | Val Acc: 0.4643
2025-06-22 07:08:21,202 [INFO] Epoch 156 | Train Loss: 0.7683 | Val Loss: 1.9819 | Val Acc: 0.4643
2025-06-22 07:08:21,233 [INFO] Epoch 157 | Train Loss: 0.6106 | Val Loss: 1.9930 | Val Acc: 0.5000
2025-06-22 07:08:21,266 [INFO] Epoch 158 | Train Loss: 0.6761 | Val Loss: 2.3605 | Val Acc: 0.4643
2025-06-22 07:08:21,298 [INFO] Epoch 159 | Train Loss: 0.6765 | Val Loss: 2.7762 | Val Acc: 0.4464
2025-06-22 07:08:21,330 [INFO] Epoch 160 | Train Loss: 0.6581 | Val Loss: 2.2914 | Val Acc: 0.4821
2025-06-22 07:08:22,027 [INFO] Epoch 161 | Train Loss: 0.5482 | Val Loss: 2.2752 | Val Acc: 0.4643
2025-06-22 07:08:22,087 [INFO] Epoch 162 | Train Loss: 0.9284 | Val Loss: 2.0173 | Val Acc: 0.4464
2025-06-22 07:08:22,124 [INFO] Epoch 163 | Train Loss: 0.7233 | Val Loss: 2.2034 | Val Acc: 0.4821
2025-06-22 07:08:22,156 [INFO] Epoch 164 | Train Loss: 0.6956 | Val Loss: 2.0819 | Val Acc: 0.5179
2025-06-22 07:08:22,196 [INFO] Epoch 165 | Train Loss: 0.6416 | Val Loss: 1.9401 | Val Acc: 0.4464
2025-06-22 07:08:22,228 [INFO] Epoch 166 | Train Loss: 0.6373 | Val Loss: 2.0736 | Val Acc: 0.4464
2025-06-22 07:08:22,262 [INFO] Epoch 167 | Train Loss: 0.6207 | Val Loss: 1.8194 | Val Acc: 0.4643
2025-06-22 07:08:22,294 [INFO] Epoch 168 | Train Loss: 0.6997 | Val Loss: 1.8159 | Val Acc: 0.4643
2025-06-22 07:08:22,335 [INFO] Epoch 169 | Train Loss: 0.5725 | Val Loss: 1.8895 | Val Acc: 0.4643
2025-06-22 07:08:22,368 [INFO] Epoch 170 | Train Loss: 0.5432 | Val Loss: 2.1147 | Val Acc: 0.4643
2025-06-22 07:08:24,973 [INFO] Epoch 171 | Train Loss: 0.5056 | Val Loss: 2.0951 | Val Acc: 0.5000
2025-06-22 07:08:25,047 [INFO] Epoch 172 | Train Loss: 0.6330 | Val Loss: 1.9483 | Val Acc: 0.4643
2025-06-22 07:08:25,102 [INFO] Epoch 173 | Train Loss: 0.6855 | Val Loss: 2.1448 | Val Acc: 0.5000
2025-06-22 07:08:25,140 [INFO] Epoch 174 | Train Loss: 0.4470 | Val Loss: 2.3549 | Val Acc: 0.5000
2025-06-22 07:08:25,173 [INFO] Epoch 175 | Train Loss: 0.6775 | Val Loss: 2.3731 | Val Acc: 0.4821
2025-06-22 07:08:25,207 [INFO] Epoch 176 | Train Loss: 0.5102 | Val Loss: 2.4161 | Val Acc: 0.4821
2025-06-22 07:08:25,239 [INFO] Epoch 177 | Train Loss: 0.5092 | Val Loss: 2.2693 | Val Acc: 0.4286
2025-06-22 07:08:25,271 [INFO] Epoch 178 | Train Loss: 0.5660 | Val Loss: 2.1683 | Val Acc: 0.4286
2025-06-22 07:08:25,306 [INFO] Epoch 179 | Train Loss: 0.5288 | Val Loss: 2.4123 | Val Acc: 0.4643
2025-06-22 07:08:25,341 [INFO] Epoch 180 | Train Loss: 0.8320 | Val Loss: 2.4505 | Val Acc: 0.4643
2025-06-22 07:08:26,224 [INFO] Epoch 181 | Train Loss: 0.4868 | Val Loss: 2.1565 | Val Acc: 0.4464
2025-06-22 07:08:26,293 [INFO] Epoch 182 | Train Loss: 0.4944 | Val Loss: 2.1376 | Val Acc: 0.4821
2025-06-22 07:08:26,328 [INFO] Epoch 183 | Train Loss: 0.7281 | Val Loss: 2.1962 | Val Acc: 0.4464
2025-06-22 07:08:26,361 [INFO] Epoch 184 | Train Loss: 0.7662 | Val Loss: 2.1486 | Val Acc: 0.4107
2025-06-22 07:08:26,394 [INFO] Epoch 185 | Train Loss: 0.5232 | Val Loss: 2.1300 | Val Acc: 0.4107
2025-06-22 07:08:26,425 [INFO] Epoch 186 | Train Loss: 0.4438 | Val Loss: 2.4530 | Val Acc: 0.4821
2025-06-22 07:08:26,456 [INFO] Epoch 187 | Train Loss: 0.5434 | Val Loss: 2.3754 | Val Acc: 0.4286
2025-06-22 07:08:26,488 [INFO] Epoch 188 | Train Loss: 0.4194 | Val Loss: 2.4929 | Val Acc: 0.4821
2025-06-22 07:08:26,519 [INFO] Epoch 189 | Train Loss: 0.4331 | Val Loss: 2.6868 | Val Acc: 0.5000
2025-06-22 07:08:26,551 [INFO] Epoch 190 | Train Loss: 0.5335 | Val Loss: 3.0958 | Val Acc: 0.5000
2025-06-22 07:08:27,278 [INFO] Epoch 191 | Train Loss: 0.4689 | Val Loss: 3.1352 | Val Acc: 0.4821
2025-06-22 07:08:27,328 [INFO] Epoch 192 | Train Loss: 0.5383 | Val Loss: 2.6808 | Val Acc: 0.4107
2025-06-22 07:08:27,370 [INFO] Epoch 193 | Train Loss: 0.6018 | Val Loss: 2.5448 | Val Acc: 0.4107
2025-06-22 07:08:27,402 [INFO] Epoch 194 | Train Loss: 0.5666 | Val Loss: 2.3520 | Val Acc: 0.4464
2025-06-22 07:08:27,435 [INFO] Epoch 195 | Train Loss: 0.4622 | Val Loss: 2.1599 | Val Acc: 0.4464
2025-06-22 07:08:27,471 [INFO] Epoch 196 | Train Loss: 0.5215 | Val Loss: 1.8391 | Val Acc: 0.4286
2025-06-22 07:08:27,504 [INFO] Epoch 197 | Train Loss: 0.4080 | Val Loss: 2.0806 | Val Acc: 0.4286
2025-06-22 07:08:27,535 [INFO] Epoch 198 | Train Loss: 0.4212 | Val Loss: 1.9996 | Val Acc: 0.3929
2025-06-22 07:08:27,578 [INFO] Epoch 199 | Train Loss: 0.5454 | Val Loss: 2.3881 | Val Acc: 0.4821
2025-06-22 07:08:27,610 [INFO] Epoch 200 | Train Loss: 0.3911 | Val Loss: 2.5653 | Val Acc: 0.4821
2025-06-22 07:08:28,595 [INFO] Epoch 201 | Train Loss: 0.6039 | Val Loss: 2.3284 | Val Acc: 0.4286
2025-06-22 07:08:28,642 [INFO] Epoch 202 | Train Loss: 0.7280 | Val Loss: 2.9322 | Val Acc: 0.3750
2025-06-22 07:08:28,688 [INFO] Epoch 203 | Train Loss: 0.5203 | Val Loss: 2.2323 | Val Acc: 0.5000
2025-06-22 07:08:28,723 [INFO] Epoch 204 | Train Loss: 0.5094 | Val Loss: 2.1682 | Val Acc: 0.5179
2025-06-22 07:08:28,756 [INFO] Epoch 205 | Train Loss: 0.5885 | Val Loss: 3.0629 | Val Acc: 0.4107
2025-06-22 07:08:28,789 [INFO] Epoch 206 | Train Loss: 0.5868 | Val Loss: 3.0830 | Val Acc: 0.4107
2025-06-22 07:08:28,821 [INFO] Epoch 207 | Train Loss: 0.4047 | Val Loss: 2.4565 | Val Acc: 0.4821
2025-06-22 07:08:28,852 [INFO] Epoch 208 | Train Loss: 0.3899 | Val Loss: 2.7303 | Val Acc: 0.4643
2025-06-22 07:08:28,885 [INFO] Epoch 209 | Train Loss: 0.6158 | Val Loss: 2.9017 | Val Acc: 0.3571
2025-06-22 07:08:28,918 [INFO] Epoch 210 | Train Loss: 0.5195 | Val Loss: 3.0119 | Val Acc: 0.3929
2025-06-22 07:08:29,647 [INFO] Epoch 211 | Train Loss: 0.5502 | Val Loss: 2.9202 | Val Acc: 0.4286
2025-06-22 07:08:29,705 [INFO] Epoch 212 | Train Loss: 0.4295 | Val Loss: 2.7428 | Val Acc: 0.4464
2025-06-22 07:08:29,740 [INFO] Epoch 213 | Train Loss: 0.4658 | Val Loss: 2.4515 | Val Acc: 0.3929
2025-06-22 07:08:29,773 [INFO] Epoch 214 | Train Loss: 0.4926 | Val Loss: 2.0773 | Val Acc: 0.4286
2025-06-22 07:08:29,810 [INFO] Epoch 215 | Train Loss: 0.3981 | Val Loss: 2.1060 | Val Acc: 0.4286
2025-06-22 07:08:29,843 [INFO] Epoch 216 | Train Loss: 0.4272 | Val Loss: 2.0537 | Val Acc: 0.4464
2025-06-22 07:08:29,876 [INFO] Epoch 217 | Train Loss: 0.4945 | Val Loss: 2.3736 | Val Acc: 0.5179
2025-06-22 07:08:29,910 [INFO] Epoch 218 | Train Loss: 0.3942 | Val Loss: 2.5751 | Val Acc: 0.4286
2025-06-22 07:08:29,942 [INFO] Epoch 219 | Train Loss: 0.4598 | Val Loss: 2.5587 | Val Acc: 0.4643
2025-06-22 07:08:29,974 [INFO] Epoch 220 | Train Loss: 0.4908 | Val Loss: 2.7058 | Val Acc: 0.4821
2025-06-22 07:08:30,648 [INFO] Early stopping at epoch 220 (no improvement in 150 epochs).
2025-06-22 07:08:30,651 [INFO] Best model saved to <built-in function time>/ENZYMES/best/best_source_gin.pth (Val Acc: 0.5714 at epoch 70)
2025-06-22 07:08:30,652 [INFO] Training/validation metrics saved to <built-in function time>/ENZYMES/GIN_0.001/train_metrics.csv
2025-06-22 07:08:31,289 [INFO] Final training curves saved
2025-06-22 07:08:31,289 [INFO] Training completed!
2025-06-22 07:08:31,289 [INFO] Best validation accuracy: 0.5714
2025-06-22 07:08:31,289 [INFO] Best epoch: 70
2025-06-22 07:08:31,289 [INFO] Total epochs trained: 220
2025-06-22 07:08:31,290 [INFO] Starting training with parameters: (0.001, 0.4, 128, 1, 50, 0.0)
