2025-06-23 10:13:16,282 [INFO] Using device: cpu
2025-06-23 10:13:16,282 [INFO] 开始创建数据加载器...
2025-06-23 10:13:16,285 [INFO] Successfully loaded dataset ENZYMES from ./data, total graphs: 600
2025-06-23 10:13:16,285 [INFO] Class allocation analysis:
2025-06-23 10:13:16,285 [INFO]   Source classes: [0, 1, 2, 3]
2025-06-23 10:13:16,285 [INFO]   Target classes: [0, 1, 2, 3, 4, 5]
2025-06-23 10:13:16,285 [INFO]   Overlap classes (to be split): [0, 1, 2, 3]
2025-06-23 10:13:16,285 [INFO]   Target novel classes (unknown): [4, 5]
2025-06-23 10:13:16,300 [INFO]   Class 0: 100 total -> Source: 70, Target: 30
2025-06-23 10:13:16,300 [INFO]   Class 1: 100 total -> Source: 70, Target: 30
2025-06-23 10:13:16,300 [INFO]   Class 2: 100 total -> Source: 70, Target: 30
2025-06-23 10:13:16,300 [INFO]   Class 3: 100 total -> Source: 70, Target: 30
2025-06-23 10:13:16,300 [INFO]   Class 4 (novel/unknown): 100 samples -> Target
2025-06-23 10:13:16,300 [INFO]   Class 5 (novel/unknown): 100 samples -> Target
2025-06-23 10:13:16,301 [INFO] Final allocation:
2025-06-23 10:13:16,301 [INFO]   Source domain: 280 samples
2025-06-23 10:13:16,301 [INFO]   Target domain: 320 samples
2025-06-23 10:13:16,302 [INFO] Source domain setup:
2025-06-23 10:13:16,302 [INFO]   Original classes: [0, 1, 2, 3]
2025-06-23 10:13:16,302 [INFO]   Overlap classes used: [0, 1, 2, 3]
2025-06-23 10:13:16,302 [INFO]   Label mapping: {0: 0, 1: 1, 2: 2, 3: 3}
2025-06-23 10:13:16,302 [INFO]   Total data after allocation: 280
2025-06-23 10:13:16,302 [INFO]   Data split - Train: 224, Val: 56
2025-06-23 10:13:16,302 [INFO]   Train label distribution: {0: 56, 1: 56, 3: 56, 2: 56}
2025-06-23 10:13:16,302 [INFO]   Val label distribution: {1: 14, 2: 14, 0: 14, 3: 14}
2025-06-23 10:13:16,303 [INFO] Successfully loaded dataset ENZYMES from ./data, total graphs: 600
2025-06-23 10:13:16,303 [INFO] Class allocation analysis:
2025-06-23 10:13:16,303 [INFO]   Source classes: [0, 1, 2, 3]
2025-06-23 10:13:16,303 [INFO]   Target classes: [0, 1, 2, 3, 4, 5]
2025-06-23 10:13:16,303 [INFO]   Overlap classes (to be split): [0, 1, 2, 3]
2025-06-23 10:13:16,303 [INFO]   Target novel classes (unknown): [4, 5]
2025-06-23 10:13:16,317 [INFO]   Class 0: 100 total -> Source: 70, Target: 30
2025-06-23 10:13:16,317 [INFO]   Class 1: 100 total -> Source: 70, Target: 30
2025-06-23 10:13:16,317 [INFO]   Class 2: 100 total -> Source: 70, Target: 30
2025-06-23 10:13:16,317 [INFO]   Class 3: 100 total -> Source: 70, Target: 30
2025-06-23 10:13:16,317 [INFO]   Class 4 (novel/unknown): 100 samples -> Target
2025-06-23 10:13:16,317 [INFO]   Class 5 (novel/unknown): 100 samples -> Target
2025-06-23 10:13:16,317 [INFO] Final allocation:
2025-06-23 10:13:16,317 [INFO]   Source domain: 280 samples
2025-06-23 10:13:16,317 [INFO]   Target domain: 320 samples
2025-06-23 10:13:16,319 [INFO] Target domain setup:
2025-06-23 10:13:16,319 [INFO]   Original classes: [0, 1, 2, 3, 4, 5]
2025-06-23 10:13:16,319 [INFO]   Overlap classes: [0, 1, 2, 3]
2025-06-23 10:13:16,319 [INFO]   Novel classes: [4, 5] -> mapped to unknown label 4
2025-06-23 10:13:16,319 [INFO]   Label mapping: {0: 0, 1: 1, 2: 2, 3: 3, 4: 4, 5: 4}
2025-06-23 10:13:16,319 [INFO]   Total data after allocation: 320
2025-06-23 10:13:16,319 [INFO]   Data split - Train: 256, Val: 64
2025-06-23 10:13:16,319 [INFO]   Total count: 320 (known: 120, unknown: 200)
2025-06-23 10:13:16,319 [INFO]   Total label distribution: {4: 200, 3: 30, 0: 30, 1: 30, 2: 30}
2025-06-23 10:13:16,319 [INFO]   Train label distribution: {4: 160, 0: 24, 2: 24, 3: 24, 1: 24}
2025-06-23 10:13:16,319 [INFO]   Val label distribution: {1: 6, 4: 40, 3: 6, 0: 6, 2: 6}
2025-06-23 10:13:16,319 [INFO] 数据加载器创建完成!
2025-06-23 10:13:16,319 [INFO] 源域类别数: 4 (重叠类别)
2025-06-23 10:13:16,319 [INFO] 目标域类别数: 5 (4个重叠类别 + 1个未知类别)
2025-06-23 10:13:16,319 [INFO] 重叠类别: [0, 1, 2, 3]
2025-06-23 10:13:16,319 [INFO] 目标域新类别: [4, 5]
2025-06-23 10:13:16,319 [INFO] Data allocation verification:
2025-06-23 10:13:16,319 [INFO]   Source data samples: 280
2025-06-23 10:13:16,319 [INFO]   Target data samples: 320
2025-06-23 10:13:16,319 [INFO]   Overlapping samples: 0
2025-06-23 10:13:16,320 [INFO]   ✓ Data allocation is correct - no overlapping samples
2025-06-23 10:13:16,322 [INFO] Model initialized with 10404 parameters
2025-06-23 10:13:16,322 [INFO] Previous best validation accuracy read from record.txt: 0.6429
2025-06-23 10:13:16,322 [INFO] Starting training...
2025-06-23 10:13:16,366 [INFO] Epoch 001 | Train Loss: 7.1948 | Val Loss: 1.4395 | Val Acc: 0.2321
2025-06-23 10:13:18,202 [INFO] New best model at epoch 1 (Val Acc: 0.2321)
2025-06-23 10:13:18,231 [INFO] Epoch 002 | Train Loss: 4.2613 | Val Loss: 1.4992 | Val Acc: 0.2857
2025-06-23 10:13:18,236 [INFO] New best model at epoch 2 (Val Acc: 0.2857)
2025-06-23 10:13:18,270 [INFO] Epoch 003 | Train Loss: 3.0746 | Val Loss: 1.6555 | Val Acc: 0.3036
2025-06-23 10:13:18,275 [INFO] New best model at epoch 3 (Val Acc: 0.3036)
2025-06-23 10:13:18,305 [INFO] Epoch 004 | Train Loss: 2.6607 | Val Loss: 1.6838 | Val Acc: 0.3214
2025-06-23 10:13:18,310 [INFO] New best model at epoch 4 (Val Acc: 0.3214)
2025-06-23 10:13:18,336 [INFO] Epoch 005 | Train Loss: 2.0432 | Val Loss: 1.5275 | Val Acc: 0.3036
2025-06-23 10:13:18,364 [INFO] Epoch 006 | Train Loss: 1.7574 | Val Loss: 1.8782 | Val Acc: 0.2679
2025-06-23 10:13:18,392 [INFO] Epoch 007 | Train Loss: 2.2170 | Val Loss: 1.6786 | Val Acc: 0.2679
2025-06-23 10:13:18,421 [INFO] Epoch 008 | Train Loss: 1.5246 | Val Loss: 1.5414 | Val Acc: 0.2679
2025-06-23 10:13:18,450 [INFO] Epoch 009 | Train Loss: 1.4542 | Val Loss: 1.4147 | Val Acc: 0.2679
2025-06-23 10:13:18,481 [INFO] Epoch 010 | Train Loss: 1.5072 | Val Loss: 1.5161 | Val Acc: 0.3036
2025-06-23 10:13:19,595 [INFO] Epoch 011 | Train Loss: 1.3140 | Val Loss: 1.4297 | Val Acc: 0.2143
2025-06-23 10:13:19,635 [INFO] Epoch 012 | Train Loss: 1.5863 | Val Loss: 1.3758 | Val Acc: 0.3036
2025-06-23 10:13:19,675 [INFO] Epoch 013 | Train Loss: 1.5486 | Val Loss: 1.5047 | Val Acc: 0.2321
2025-06-23 10:13:19,702 [INFO] Epoch 014 | Train Loss: 1.3055 | Val Loss: 1.4107 | Val Acc: 0.2321
2025-06-23 10:13:19,731 [INFO] Epoch 015 | Train Loss: 1.5200 | Val Loss: 1.3449 | Val Acc: 0.2857
2025-06-23 10:13:19,759 [INFO] Epoch 016 | Train Loss: 1.3391 | Val Loss: 1.3648 | Val Acc: 0.3214
2025-06-23 10:13:19,788 [INFO] Epoch 017 | Train Loss: 1.5410 | Val Loss: 1.3738 | Val Acc: 0.2500
2025-06-23 10:13:19,816 [INFO] Epoch 018 | Train Loss: 1.5803 | Val Loss: 1.4510 | Val Acc: 0.2679
2025-06-23 10:13:19,845 [INFO] Epoch 019 | Train Loss: 1.3048 | Val Loss: 1.5177 | Val Acc: 0.3750
2025-06-23 10:13:19,849 [INFO] New best model at epoch 19 (Val Acc: 0.3750)
2025-06-23 10:13:19,875 [INFO] Epoch 020 | Train Loss: 1.6451 | Val Loss: 1.3223 | Val Acc: 0.3393
2025-06-23 10:13:20,948 [INFO] Epoch 021 | Train Loss: 1.4151 | Val Loss: 1.6078 | Val Acc: 0.3036
2025-06-23 10:13:20,987 [INFO] Epoch 022 | Train Loss: 1.4618 | Val Loss: 1.4313 | Val Acc: 0.3571
2025-06-23 10:13:21,023 [INFO] Epoch 023 | Train Loss: 1.2715 | Val Loss: 1.2578 | Val Acc: 0.3750
2025-06-23 10:13:21,052 [INFO] Epoch 024 | Train Loss: 1.2792 | Val Loss: 1.2400 | Val Acc: 0.2857
2025-06-23 10:13:21,080 [INFO] Epoch 025 | Train Loss: 1.6760 | Val Loss: 1.3193 | Val Acc: 0.3214
2025-06-23 10:13:21,108 [INFO] Epoch 026 | Train Loss: 1.2007 | Val Loss: 1.2886 | Val Acc: 0.3929
2025-06-23 10:13:21,113 [INFO] New best model at epoch 26 (Val Acc: 0.3929)
2025-06-23 10:13:21,138 [INFO] Epoch 027 | Train Loss: 1.3409 | Val Loss: 1.4135 | Val Acc: 0.2857
2025-06-23 10:13:21,165 [INFO] Epoch 028 | Train Loss: 1.5212 | Val Loss: 1.4216 | Val Acc: 0.3571
2025-06-23 10:13:21,193 [INFO] Epoch 029 | Train Loss: 1.6583 | Val Loss: 1.4994 | Val Acc: 0.3393
2025-06-23 10:13:21,222 [INFO] Epoch 030 | Train Loss: 1.5399 | Val Loss: 1.3407 | Val Acc: 0.3036
2025-06-23 10:13:22,288 [INFO] Epoch 031 | Train Loss: 1.4598 | Val Loss: 1.5394 | Val Acc: 0.3571
2025-06-23 10:13:22,326 [INFO] Epoch 032 | Train Loss: 1.2149 | Val Loss: 1.3800 | Val Acc: 0.3393
2025-06-23 10:13:22,366 [INFO] Epoch 033 | Train Loss: 1.2917 | Val Loss: 1.3642 | Val Acc: 0.3214
2025-06-23 10:13:22,407 [INFO] Epoch 034 | Train Loss: 1.1158 | Val Loss: 1.3105 | Val Acc: 0.4107
2025-06-23 10:13:22,412 [INFO] New best model at epoch 34 (Val Acc: 0.4107)
2025-06-23 10:13:22,438 [INFO] Epoch 035 | Train Loss: 1.4511 | Val Loss: 1.3597 | Val Acc: 0.3393
2025-06-23 10:13:22,467 [INFO] Epoch 036 | Train Loss: 1.2407 | Val Loss: 1.4586 | Val Acc: 0.2500
2025-06-23 10:13:22,497 [INFO] Epoch 037 | Train Loss: 1.2299 | Val Loss: 1.5649 | Val Acc: 0.2857
2025-06-23 10:13:22,525 [INFO] Epoch 038 | Train Loss: 1.3576 | Val Loss: 1.4710 | Val Acc: 0.3036
2025-06-23 10:13:22,552 [INFO] Epoch 039 | Train Loss: 1.1898 | Val Loss: 1.5988 | Val Acc: 0.2679
2025-06-23 10:13:22,580 [INFO] Epoch 040 | Train Loss: 1.1444 | Val Loss: 1.4800 | Val Acc: 0.3393
2025-06-23 10:13:23,777 [INFO] Epoch 041 | Train Loss: 1.1407 | Val Loss: 1.4863 | Val Acc: 0.3929
2025-06-23 10:13:23,816 [INFO] Epoch 042 | Train Loss: 1.1918 | Val Loss: 1.4878 | Val Acc: 0.3393
2025-06-23 10:13:23,853 [INFO] Epoch 043 | Train Loss: 1.2180 | Val Loss: 1.3900 | Val Acc: 0.3036
2025-06-23 10:13:23,882 [INFO] Epoch 044 | Train Loss: 1.2268 | Val Loss: 1.4149 | Val Acc: 0.2857
2025-06-23 10:13:23,910 [INFO] Epoch 045 | Train Loss: 1.2459 | Val Loss: 1.7208 | Val Acc: 0.2857
2025-06-23 10:13:23,941 [INFO] Epoch 046 | Train Loss: 1.4006 | Val Loss: 1.4616 | Val Acc: 0.3036
2025-06-23 10:13:23,969 [INFO] Epoch 047 | Train Loss: 1.2616 | Val Loss: 1.2991 | Val Acc: 0.3750
2025-06-23 10:13:23,997 [INFO] Epoch 048 | Train Loss: 1.2739 | Val Loss: 1.3467 | Val Acc: 0.3750
2025-06-23 10:13:24,026 [INFO] Epoch 049 | Train Loss: 1.4981 | Val Loss: 1.5414 | Val Acc: 0.3036
2025-06-23 10:13:24,060 [INFO] Epoch 050 | Train Loss: 1.2506 | Val Loss: 1.5215 | Val Acc: 0.3036
2025-06-23 10:13:25,177 [INFO] Epoch 051 | Train Loss: 1.2580 | Val Loss: 1.6802 | Val Acc: 0.2500
2025-06-23 10:13:25,211 [INFO] Epoch 052 | Train Loss: 1.2619 | Val Loss: 1.4752 | Val Acc: 0.3393
2025-06-23 10:13:25,249 [INFO] Epoch 053 | Train Loss: 1.1235 | Val Loss: 1.4920 | Val Acc: 0.3214
2025-06-23 10:13:25,279 [INFO] Epoch 054 | Train Loss: 1.1926 | Val Loss: 1.4341 | Val Acc: 0.3036
2025-06-23 10:13:25,307 [INFO] Epoch 055 | Train Loss: 1.0985 | Val Loss: 1.5367 | Val Acc: 0.3036
2025-06-23 10:13:25,337 [INFO] Epoch 056 | Train Loss: 1.0938 | Val Loss: 1.4787 | Val Acc: 0.3393
2025-06-23 10:13:25,366 [INFO] Epoch 057 | Train Loss: 1.0564 | Val Loss: 1.6665 | Val Acc: 0.2679
2025-06-23 10:13:25,395 [INFO] Epoch 058 | Train Loss: 1.0658 | Val Loss: 1.5119 | Val Acc: 0.3214
2025-06-23 10:13:25,425 [INFO] Epoch 059 | Train Loss: 1.0557 | Val Loss: 1.5612 | Val Acc: 0.3214
2025-06-23 10:13:25,454 [INFO] Epoch 060 | Train Loss: 1.0315 | Val Loss: 1.5275 | Val Acc: 0.3036
2025-06-23 10:13:26,495 [INFO] Epoch 061 | Train Loss: 1.1688 | Val Loss: 1.3863 | Val Acc: 0.3750
2025-06-23 10:13:26,531 [INFO] Epoch 062 | Train Loss: 1.0512 | Val Loss: 1.4656 | Val Acc: 0.3571
2025-06-23 10:13:26,568 [INFO] Epoch 063 | Train Loss: 1.0374 | Val Loss: 1.4668 | Val Acc: 0.3750
2025-06-23 10:13:26,597 [INFO] Epoch 064 | Train Loss: 1.0680 | Val Loss: 1.4841 | Val Acc: 0.3393
2025-06-23 10:13:26,627 [INFO] Epoch 065 | Train Loss: 1.0698 | Val Loss: 1.6226 | Val Acc: 0.2857
2025-06-23 10:13:26,656 [INFO] Epoch 066 | Train Loss: 1.0947 | Val Loss: 1.5651 | Val Acc: 0.3214
2025-06-23 10:13:26,687 [INFO] Epoch 067 | Train Loss: 1.1070 | Val Loss: 1.5026 | Val Acc: 0.3036
2025-06-23 10:13:26,715 [INFO] Epoch 068 | Train Loss: 1.0635 | Val Loss: 1.4800 | Val Acc: 0.3750
2025-06-23 10:13:26,745 [INFO] Epoch 069 | Train Loss: 0.9772 | Val Loss: 1.4928 | Val Acc: 0.3036
2025-06-23 10:13:26,773 [INFO] Epoch 070 | Train Loss: 1.0700 | Val Loss: 1.5546 | Val Acc: 0.3750
2025-06-23 10:13:27,835 [INFO] Epoch 071 | Train Loss: 1.0059 | Val Loss: 1.6914 | Val Acc: 0.2857
2025-06-23 10:13:27,874 [INFO] Epoch 072 | Train Loss: 1.0691 | Val Loss: 1.8259 | Val Acc: 0.3036
2025-06-23 10:13:27,910 [INFO] Epoch 073 | Train Loss: 1.0157 | Val Loss: 1.6393 | Val Acc: 0.3036
2025-06-23 10:13:27,939 [INFO] Epoch 074 | Train Loss: 1.0699 | Val Loss: 1.5297 | Val Acc: 0.3036
2025-06-23 10:13:27,967 [INFO] Epoch 075 | Train Loss: 1.0886 | Val Loss: 1.4726 | Val Acc: 0.3393
2025-06-23 10:13:27,995 [INFO] Epoch 076 | Train Loss: 1.0286 | Val Loss: 1.5127 | Val Acc: 0.3036
2025-06-23 10:13:28,024 [INFO] Epoch 077 | Train Loss: 0.9597 | Val Loss: 1.4892 | Val Acc: 0.3214
2025-06-23 10:13:28,053 [INFO] Epoch 078 | Train Loss: 0.9859 | Val Loss: 1.4203 | Val Acc: 0.3036
2025-06-23 10:13:28,083 [INFO] Epoch 079 | Train Loss: 1.0040 | Val Loss: 1.5002 | Val Acc: 0.3036
2025-06-23 10:13:28,114 [INFO] Epoch 080 | Train Loss: 0.9360 | Val Loss: 1.6740 | Val Acc: 0.2679
2025-06-23 10:13:32,135 [INFO] Epoch 081 | Train Loss: 0.8920 | Val Loss: 1.9236 | Val Acc: 0.2857
2025-06-23 10:13:32,175 [INFO] Epoch 082 | Train Loss: 0.9997 | Val Loss: 1.8311 | Val Acc: 0.3036
2025-06-23 10:13:32,214 [INFO] Epoch 083 | Train Loss: 0.9948 | Val Loss: 1.7962 | Val Acc: 0.2321
2025-06-23 10:13:32,244 [INFO] Epoch 084 | Train Loss: 0.9927 | Val Loss: 1.5733 | Val Acc: 0.3393
2025-06-23 10:13:32,273 [INFO] Epoch 085 | Train Loss: 0.9431 | Val Loss: 1.6177 | Val Acc: 0.3036
2025-06-23 10:13:32,302 [INFO] Epoch 086 | Train Loss: 0.9290 | Val Loss: 1.6718 | Val Acc: 0.3214
2025-06-23 10:13:32,330 [INFO] Epoch 087 | Train Loss: 0.9505 | Val Loss: 1.5817 | Val Acc: 0.3571
2025-06-23 10:13:32,360 [INFO] Epoch 088 | Train Loss: 0.9458 | Val Loss: 1.8694 | Val Acc: 0.3214
2025-06-23 10:13:32,396 [INFO] Epoch 089 | Train Loss: 0.9519 | Val Loss: 1.5791 | Val Acc: 0.2857
2025-06-23 10:13:32,432 [INFO] Epoch 090 | Train Loss: 0.9832 | Val Loss: 1.4741 | Val Acc: 0.3571
2025-06-23 10:13:33,532 [INFO] Epoch 091 | Train Loss: 1.0104 | Val Loss: 1.5374 | Val Acc: 0.2857
2025-06-23 10:13:33,568 [INFO] Epoch 092 | Train Loss: 0.9700 | Val Loss: 1.4567 | Val Acc: 0.3750
2025-06-23 10:13:33,605 [INFO] Epoch 093 | Train Loss: 0.9628 | Val Loss: 1.5449 | Val Acc: 0.3214
2025-06-23 10:13:33,635 [INFO] Epoch 094 | Train Loss: 0.9786 | Val Loss: 1.6381 | Val Acc: 0.3036
2025-06-23 10:13:33,664 [INFO] Epoch 095 | Train Loss: 0.9071 | Val Loss: 1.4651 | Val Acc: 0.3750
2025-06-23 10:13:33,693 [INFO] Epoch 096 | Train Loss: 0.8776 | Val Loss: 1.4974 | Val Acc: 0.3393
2025-06-23 10:13:33,722 [INFO] Epoch 097 | Train Loss: 0.9660 | Val Loss: 1.6311 | Val Acc: 0.3214
2025-06-23 10:13:33,750 [INFO] Epoch 098 | Train Loss: 0.9683 | Val Loss: 1.6197 | Val Acc: 0.3929
2025-06-23 10:13:33,780 [INFO] Epoch 099 | Train Loss: 1.0631 | Val Loss: 1.5883 | Val Acc: 0.4107
2025-06-23 10:13:33,810 [INFO] Epoch 100 | Train Loss: 1.0739 | Val Loss: 1.7131 | Val Acc: 0.2857
2025-06-23 10:13:34,889 [INFO] Epoch 101 | Train Loss: 1.0012 | Val Loss: 1.9780 | Val Acc: 0.3214
2025-06-23 10:13:34,939 [INFO] Epoch 102 | Train Loss: 1.0309 | Val Loss: 1.6571 | Val Acc: 0.3393
2025-06-23 10:13:34,982 [INFO] Epoch 103 | Train Loss: 0.9475 | Val Loss: 1.4625 | Val Acc: 0.3929
2025-06-23 10:13:35,012 [INFO] Epoch 104 | Train Loss: 1.0107 | Val Loss: 1.4454 | Val Acc: 0.3929
2025-06-23 10:13:35,040 [INFO] Epoch 105 | Train Loss: 0.9927 | Val Loss: 1.4559 | Val Acc: 0.3571
2025-06-23 10:13:35,068 [INFO] Epoch 106 | Train Loss: 0.9018 | Val Loss: 1.4600 | Val Acc: 0.3929
2025-06-23 10:13:35,097 [INFO] Epoch 107 | Train Loss: 0.9487 | Val Loss: 1.3875 | Val Acc: 0.3571
2025-06-23 10:13:35,126 [INFO] Epoch 108 | Train Loss: 0.9199 | Val Loss: 1.3791 | Val Acc: 0.3036
2025-06-23 10:13:35,154 [INFO] Epoch 109 | Train Loss: 0.8504 | Val Loss: 1.7651 | Val Acc: 0.2500
2025-06-23 10:13:35,181 [INFO] Epoch 110 | Train Loss: 0.8884 | Val Loss: 1.7330 | Val Acc: 0.3929
2025-06-23 10:13:36,920 [INFO] Epoch 111 | Train Loss: 0.9194 | Val Loss: 1.6276 | Val Acc: 0.3929
2025-06-23 10:13:36,956 [INFO] Epoch 112 | Train Loss: 0.9136 | Val Loss: 1.6807 | Val Acc: 0.3750
2025-06-23 10:13:36,995 [INFO] Epoch 113 | Train Loss: 0.9175 | Val Loss: 1.5605 | Val Acc: 0.4286
2025-06-23 10:13:37,000 [INFO] New best model at epoch 113 (Val Acc: 0.4286)
2025-06-23 10:13:37,026 [INFO] Epoch 114 | Train Loss: 0.9249 | Val Loss: 1.8199 | Val Acc: 0.3750
2025-06-23 10:13:37,054 [INFO] Epoch 115 | Train Loss: 1.0265 | Val Loss: 1.6431 | Val Acc: 0.4107
2025-06-23 10:13:37,083 [INFO] Epoch 116 | Train Loss: 0.9931 | Val Loss: 1.5122 | Val Acc: 0.3571
2025-06-23 10:13:37,111 [INFO] Epoch 117 | Train Loss: 0.9308 | Val Loss: 1.5004 | Val Acc: 0.4464
2025-06-23 10:13:37,116 [INFO] New best model at epoch 117 (Val Acc: 0.4464)
2025-06-23 10:13:37,143 [INFO] Epoch 118 | Train Loss: 0.8393 | Val Loss: 1.5964 | Val Acc: 0.4286
2025-06-23 10:13:37,171 [INFO] Epoch 119 | Train Loss: 0.8027 | Val Loss: 1.6953 | Val Acc: 0.3393
2025-06-23 10:13:37,199 [INFO] Epoch 120 | Train Loss: 0.9078 | Val Loss: 1.5720 | Val Acc: 0.3393
2025-06-23 10:13:40,388 [INFO] Epoch 121 | Train Loss: 0.8536 | Val Loss: 1.5530 | Val Acc: 0.4107
2025-06-23 10:13:40,421 [INFO] Epoch 122 | Train Loss: 0.8722 | Val Loss: 1.7577 | Val Acc: 0.3750
2025-06-23 10:13:40,454 [INFO] Epoch 123 | Train Loss: 0.8692 | Val Loss: 1.7698 | Val Acc: 0.3929
2025-06-23 10:13:40,486 [INFO] Epoch 124 | Train Loss: 0.8495 | Val Loss: 1.3678 | Val Acc: 0.3750
2025-06-23 10:13:40,516 [INFO] Epoch 125 | Train Loss: 0.9749 | Val Loss: 1.5964 | Val Acc: 0.3929
2025-06-23 10:13:40,545 [INFO] Epoch 126 | Train Loss: 0.8720 | Val Loss: 1.6670 | Val Acc: 0.3036
2025-06-23 10:13:40,573 [INFO] Epoch 127 | Train Loss: 0.8074 | Val Loss: 1.5463 | Val Acc: 0.3571
2025-06-23 10:13:40,601 [INFO] Epoch 128 | Train Loss: 0.8383 | Val Loss: 1.3441 | Val Acc: 0.4643
2025-06-23 10:13:40,606 [INFO] New best model at epoch 128 (Val Acc: 0.4643)
2025-06-23 10:13:40,632 [INFO] Epoch 129 | Train Loss: 0.9239 | Val Loss: 1.4959 | Val Acc: 0.3750
2025-06-23 10:13:40,660 [INFO] Epoch 130 | Train Loss: 0.7513 | Val Loss: 1.6382 | Val Acc: 0.3571
2025-06-23 10:13:41,782 [INFO] Epoch 131 | Train Loss: 0.9107 | Val Loss: 1.5190 | Val Acc: 0.3750
2025-06-23 10:13:41,821 [INFO] Epoch 132 | Train Loss: 1.0478 | Val Loss: 1.3661 | Val Acc: 0.4643
2025-06-23 10:13:41,863 [INFO] Epoch 133 | Train Loss: 0.9138 | Val Loss: 1.2971 | Val Acc: 0.4643
2025-06-23 10:13:41,892 [INFO] Epoch 134 | Train Loss: 0.9154 | Val Loss: 1.4361 | Val Acc: 0.3571
2025-06-23 10:13:41,920 [INFO] Epoch 135 | Train Loss: 0.7768 | Val Loss: 1.9347 | Val Acc: 0.4286
2025-06-23 10:13:41,949 [INFO] Epoch 136 | Train Loss: 0.9069 | Val Loss: 1.5690 | Val Acc: 0.4107
2025-06-23 10:13:41,978 [INFO] Epoch 137 | Train Loss: 0.7465 | Val Loss: 1.2778 | Val Acc: 0.4107
2025-06-23 10:13:42,012 [INFO] Epoch 138 | Train Loss: 0.8008 | Val Loss: 1.4021 | Val Acc: 0.4464
2025-06-23 10:13:42,040 [INFO] Epoch 139 | Train Loss: 0.7884 | Val Loss: 1.3305 | Val Acc: 0.5000
2025-06-23 10:13:42,045 [INFO] New best model at epoch 139 (Val Acc: 0.5000)
2025-06-23 10:13:42,078 [INFO] Epoch 140 | Train Loss: 0.6811 | Val Loss: 1.4972 | Val Acc: 0.4643
2025-06-23 10:13:43,313 [INFO] Epoch 141 | Train Loss: 0.7804 | Val Loss: 1.4520 | Val Acc: 0.4643
2025-06-23 10:13:43,359 [INFO] Epoch 142 | Train Loss: 0.8346 | Val Loss: 1.8806 | Val Acc: 0.3750
2025-06-23 10:13:43,391 [INFO] Epoch 143 | Train Loss: 0.7846 | Val Loss: 1.7545 | Val Acc: 0.3929
2025-06-23 10:13:43,420 [INFO] Epoch 144 | Train Loss: 0.7942 | Val Loss: 2.0943 | Val Acc: 0.3393
2025-06-23 10:13:43,448 [INFO] Epoch 145 | Train Loss: 0.9219 | Val Loss: 1.5186 | Val Acc: 0.3929
2025-06-23 10:13:43,480 [INFO] Epoch 146 | Train Loss: 0.7830 | Val Loss: 1.7584 | Val Acc: 0.3929
2025-06-23 10:13:43,510 [INFO] Epoch 147 | Train Loss: 0.8486 | Val Loss: 1.4674 | Val Acc: 0.3571
2025-06-23 10:13:43,538 [INFO] Epoch 148 | Train Loss: 0.9589 | Val Loss: 1.6829 | Val Acc: 0.5000
2025-06-23 10:13:43,566 [INFO] Epoch 149 | Train Loss: 0.9254 | Val Loss: 1.5470 | Val Acc: 0.4286
2025-06-23 10:13:43,595 [INFO] Epoch 150 | Train Loss: 0.8093 | Val Loss: 1.4536 | Val Acc: 0.5000
2025-06-23 10:13:44,703 [INFO] Epoch 151 | Train Loss: 0.8049 | Val Loss: 1.8553 | Val Acc: 0.4643
2025-06-23 10:13:44,737 [INFO] Epoch 152 | Train Loss: 0.7215 | Val Loss: 1.9124 | Val Acc: 0.4821
2025-06-23 10:13:44,772 [INFO] Epoch 153 | Train Loss: 0.7234 | Val Loss: 1.7676 | Val Acc: 0.4107
2025-06-23 10:13:44,801 [INFO] Epoch 154 | Train Loss: 0.7204 | Val Loss: 1.8432 | Val Acc: 0.3571
2025-06-23 10:13:44,830 [INFO] Epoch 155 | Train Loss: 0.7063 | Val Loss: 1.8851 | Val Acc: 0.4107
2025-06-23 10:13:44,858 [INFO] Epoch 156 | Train Loss: 0.7810 | Val Loss: 1.8052 | Val Acc: 0.4107
2025-06-23 10:13:44,888 [INFO] Epoch 157 | Train Loss: 0.7202 | Val Loss: 2.0703 | Val Acc: 0.3393
2025-06-23 10:13:44,925 [INFO] Epoch 158 | Train Loss: 0.6699 | Val Loss: 1.9728 | Val Acc: 0.3750
2025-06-23 10:13:44,960 [INFO] Epoch 159 | Train Loss: 0.8598 | Val Loss: 2.1505 | Val Acc: 0.4286
2025-06-23 10:13:44,990 [INFO] Epoch 160 | Train Loss: 0.8309 | Val Loss: 1.4480 | Val Acc: 0.4286
2025-06-23 10:13:46,061 [INFO] Epoch 161 | Train Loss: 0.7868 | Val Loss: 1.7293 | Val Acc: 0.4107
2025-06-23 10:13:46,097 [INFO] Epoch 162 | Train Loss: 0.7497 | Val Loss: 1.6011 | Val Acc: 0.3750
2025-06-23 10:13:46,138 [INFO] Epoch 163 | Train Loss: 0.7212 | Val Loss: 1.5044 | Val Acc: 0.4107
2025-06-23 10:13:46,168 [INFO] Epoch 164 | Train Loss: 0.7280 | Val Loss: 1.5945 | Val Acc: 0.4821
2025-06-23 10:13:46,196 [INFO] Epoch 165 | Train Loss: 0.6273 | Val Loss: 1.5232 | Val Acc: 0.4821
2025-06-23 10:13:46,226 [INFO] Epoch 166 | Train Loss: 0.6770 | Val Loss: 1.6475 | Val Acc: 0.4643
2025-06-23 10:13:46,254 [INFO] Epoch 167 | Train Loss: 0.7799 | Val Loss: 2.1791 | Val Acc: 0.4464
2025-06-23 10:13:46,283 [INFO] Epoch 168 | Train Loss: 0.7655 | Val Loss: 1.7035 | Val Acc: 0.4107
2025-06-23 10:13:46,316 [INFO] Epoch 169 | Train Loss: 0.7171 | Val Loss: 1.6133 | Val Acc: 0.4821
2025-06-23 10:13:46,344 [INFO] Epoch 170 | Train Loss: 0.6903 | Val Loss: 2.0899 | Val Acc: 0.4107
2025-06-23 10:13:47,416 [INFO] Epoch 171 | Train Loss: 0.8139 | Val Loss: 2.0542 | Val Acc: 0.4286
2025-06-23 10:13:47,459 [INFO] Epoch 172 | Train Loss: 0.6997 | Val Loss: 1.6200 | Val Acc: 0.4643
2025-06-23 10:13:47,494 [INFO] Epoch 173 | Train Loss: 0.6726 | Val Loss: 1.3548 | Val Acc: 0.5000
2025-06-23 10:13:47,524 [INFO] Epoch 174 | Train Loss: 0.7540 | Val Loss: 1.5642 | Val Acc: 0.3571
2025-06-23 10:13:47,553 [INFO] Epoch 175 | Train Loss: 0.6663 | Val Loss: 1.5236 | Val Acc: 0.4643
2025-06-23 10:13:47,581 [INFO] Epoch 176 | Train Loss: 0.6673 | Val Loss: 1.6831 | Val Acc: 0.5179
2025-06-23 10:13:47,586 [INFO] New best model at epoch 176 (Val Acc: 0.5179)
2025-06-23 10:13:47,612 [INFO] Epoch 177 | Train Loss: 0.5861 | Val Loss: 2.1201 | Val Acc: 0.4821
2025-06-23 10:13:47,641 [INFO] Epoch 178 | Train Loss: 0.7868 | Val Loss: 2.0660 | Val Acc: 0.4286
2025-06-23 10:13:47,669 [INFO] Epoch 179 | Train Loss: 0.6803 | Val Loss: 1.7565 | Val Acc: 0.4286
2025-06-23 10:13:47,699 [INFO] Epoch 180 | Train Loss: 0.6525 | Val Loss: 1.8221 | Val Acc: 0.4286
2025-06-23 10:13:48,771 [INFO] Epoch 181 | Train Loss: 0.6702 | Val Loss: 1.8216 | Val Acc: 0.4107
2025-06-23 10:13:48,823 [INFO] Epoch 182 | Train Loss: 0.7577 | Val Loss: 1.5319 | Val Acc: 0.3929
2025-06-23 10:13:48,856 [INFO] Epoch 183 | Train Loss: 0.7434 | Val Loss: 1.5363 | Val Acc: 0.4464
2025-06-23 10:13:48,887 [INFO] Epoch 184 | Train Loss: 0.6877 | Val Loss: 1.9160 | Val Acc: 0.4286
2025-06-23 10:13:48,919 [INFO] Epoch 185 | Train Loss: 0.6960 | Val Loss: 2.0318 | Val Acc: 0.4107
2025-06-23 10:13:48,950 [INFO] Epoch 186 | Train Loss: 0.7605 | Val Loss: 2.0244 | Val Acc: 0.3750
2025-06-23 10:13:48,981 [INFO] Epoch 187 | Train Loss: 0.8109 | Val Loss: 2.1338 | Val Acc: 0.4643
2025-06-23 10:13:49,014 [INFO] Epoch 188 | Train Loss: 0.9453 | Val Loss: 1.6626 | Val Acc: 0.4286
2025-06-23 10:13:49,045 [INFO] Epoch 189 | Train Loss: 0.8060 | Val Loss: 1.3210 | Val Acc: 0.4821
2025-06-23 10:13:49,076 [INFO] Epoch 190 | Train Loss: 0.7449 | Val Loss: 1.5258 | Val Acc: 0.3929
2025-06-23 10:13:50,170 [INFO] Epoch 191 | Train Loss: 0.6763 | Val Loss: 1.7152 | Val Acc: 0.3571
2025-06-23 10:13:50,205 [INFO] Epoch 192 | Train Loss: 0.7700 | Val Loss: 1.6753 | Val Acc: 0.4643
2025-06-23 10:13:50,238 [INFO] Epoch 193 | Train Loss: 0.7141 | Val Loss: 1.8349 | Val Acc: 0.4464
2025-06-23 10:13:50,267 [INFO] Epoch 194 | Train Loss: 0.6810 | Val Loss: 1.7834 | Val Acc: 0.4286
2025-06-23 10:13:50,296 [INFO] Epoch 195 | Train Loss: 0.6860 | Val Loss: 1.3143 | Val Acc: 0.3929
2025-06-23 10:13:50,325 [INFO] Epoch 196 | Train Loss: 0.6573 | Val Loss: 1.4425 | Val Acc: 0.4107
2025-06-23 10:13:50,353 [INFO] Epoch 197 | Train Loss: 0.6492 | Val Loss: 1.7782 | Val Acc: 0.3750
2025-06-23 10:13:50,381 [INFO] Epoch 198 | Train Loss: 0.6251 | Val Loss: 1.7989 | Val Acc: 0.4286
2025-06-23 10:13:50,410 [INFO] Epoch 199 | Train Loss: 0.6026 | Val Loss: 1.7153 | Val Acc: 0.3571
2025-06-23 10:13:50,441 [INFO] Epoch 200 | Train Loss: 0.6236 | Val Loss: 1.8014 | Val Acc: 0.3393
2025-06-23 10:13:51,489 [INFO] Epoch 201 | Train Loss: 0.6176 | Val Loss: 1.7236 | Val Acc: 0.4464
2025-06-23 10:13:51,524 [INFO] Epoch 202 | Train Loss: 0.6327 | Val Loss: 1.9118 | Val Acc: 0.4286
2025-06-23 10:13:51,558 [INFO] Epoch 203 | Train Loss: 0.5411 | Val Loss: 1.9403 | Val Acc: 0.3750
2025-06-23 10:13:51,587 [INFO] Epoch 204 | Train Loss: 0.8901 | Val Loss: 1.8102 | Val Acc: 0.4643
2025-06-23 10:13:51,617 [INFO] Epoch 205 | Train Loss: 0.8116 | Val Loss: 1.9380 | Val Acc: 0.5357
2025-06-23 10:13:51,622 [INFO] New best model at epoch 205 (Val Acc: 0.5357)
2025-06-23 10:13:51,648 [INFO] Epoch 206 | Train Loss: 0.7071 | Val Loss: 1.7613 | Val Acc: 0.4643
2025-06-23 10:13:51,675 [INFO] Epoch 207 | Train Loss: 0.6991 | Val Loss: 1.3428 | Val Acc: 0.4643
2025-06-23 10:13:51,703 [INFO] Epoch 208 | Train Loss: 0.6985 | Val Loss: 1.4435 | Val Acc: 0.4821
2025-06-23 10:13:51,733 [INFO] Epoch 209 | Train Loss: 0.6565 | Val Loss: 1.9147 | Val Acc: 0.4464
2025-06-23 10:13:51,761 [INFO] Epoch 210 | Train Loss: 0.5970 | Val Loss: 1.8518 | Val Acc: 0.3929
2025-06-23 10:13:52,839 [INFO] Epoch 211 | Train Loss: 0.6514 | Val Loss: 1.7904 | Val Acc: 0.4821
2025-06-23 10:13:52,913 [INFO] Epoch 212 | Train Loss: 0.6285 | Val Loss: 1.6615 | Val Acc: 0.5000
2025-06-23 10:13:52,946 [INFO] Epoch 213 | Train Loss: 0.6015 | Val Loss: 1.4787 | Val Acc: 0.4643
2025-06-23 10:13:52,979 [INFO] Epoch 214 | Train Loss: 0.6729 | Val Loss: 1.4596 | Val Acc: 0.3571
2025-06-23 10:13:53,014 [INFO] Epoch 215 | Train Loss: 0.8414 | Val Loss: 1.6916 | Val Acc: 0.4643
2025-06-23 10:13:53,048 [INFO] Epoch 216 | Train Loss: 0.6250 | Val Loss: 1.9652 | Val Acc: 0.3929
2025-06-23 10:13:53,084 [INFO] Epoch 217 | Train Loss: 0.6349 | Val Loss: 1.6703 | Val Acc: 0.4643
2025-06-23 10:13:53,117 [INFO] Epoch 218 | Train Loss: 0.6220 | Val Loss: 2.1379 | Val Acc: 0.4464
2025-06-23 10:13:53,157 [INFO] Epoch 219 | Train Loss: 0.5241 | Val Loss: 1.7086 | Val Acc: 0.4821
2025-06-23 10:13:53,195 [INFO] Epoch 220 | Train Loss: 0.7135 | Val Loss: 1.6969 | Val Acc: 0.4464
2025-06-23 10:13:55,111 [INFO] Epoch 221 | Train Loss: 0.5323 | Val Loss: 1.7078 | Val Acc: 0.4107
2025-06-23 10:13:55,145 [INFO] Epoch 222 | Train Loss: 0.6720 | Val Loss: 1.9189 | Val Acc: 0.3750
2025-06-23 10:13:55,181 [INFO] Epoch 223 | Train Loss: 0.5965 | Val Loss: 1.8710 | Val Acc: 0.3393
2025-06-23 10:13:55,210 [INFO] Epoch 224 | Train Loss: 0.6446 | Val Loss: 1.8361 | Val Acc: 0.4464
2025-06-23 10:13:55,239 [INFO] Epoch 225 | Train Loss: 0.6093 | Val Loss: 1.9016 | Val Acc: 0.4107
2025-06-23 10:13:55,267 [INFO] Epoch 226 | Train Loss: 0.6883 | Val Loss: 2.1039 | Val Acc: 0.3214
2025-06-23 10:13:55,296 [INFO] Epoch 227 | Train Loss: 0.6917 | Val Loss: 1.5807 | Val Acc: 0.4643
2025-06-23 10:13:55,324 [INFO] Epoch 228 | Train Loss: 0.6784 | Val Loss: 2.0197 | Val Acc: 0.3393
2025-06-23 10:13:55,353 [INFO] Epoch 229 | Train Loss: 0.7395 | Val Loss: 1.9899 | Val Acc: 0.3929
2025-06-23 10:13:55,380 [INFO] Epoch 230 | Train Loss: 0.6923 | Val Loss: 1.8984 | Val Acc: 0.2857
2025-06-23 10:13:59,343 [INFO] Epoch 231 | Train Loss: 0.6076 | Val Loss: 1.7425 | Val Acc: 0.4464
2025-06-23 10:13:59,378 [INFO] Epoch 232 | Train Loss: 0.6782 | Val Loss: 1.7257 | Val Acc: 0.4107
2025-06-23 10:13:59,421 [INFO] Epoch 233 | Train Loss: 0.5995 | Val Loss: 1.7108 | Val Acc: 0.3929
2025-06-23 10:13:59,451 [INFO] Epoch 234 | Train Loss: 0.7680 | Val Loss: 1.6413 | Val Acc: 0.3929
2025-06-23 10:13:59,480 [INFO] Epoch 235 | Train Loss: 0.6988 | Val Loss: 1.9175 | Val Acc: 0.3571
2025-06-23 10:13:59,507 [INFO] Epoch 236 | Train Loss: 0.5063 | Val Loss: 1.8133 | Val Acc: 0.4286
2025-06-23 10:13:59,535 [INFO] Epoch 237 | Train Loss: 0.6574 | Val Loss: 1.9371 | Val Acc: 0.4286
2025-06-23 10:13:59,564 [INFO] Epoch 238 | Train Loss: 0.5225 | Val Loss: 2.1663 | Val Acc: 0.4107
2025-06-23 10:13:59,592 [INFO] Epoch 239 | Train Loss: 0.5697 | Val Loss: 2.1957 | Val Acc: 0.4286
2025-06-23 10:13:59,621 [INFO] Epoch 240 | Train Loss: 0.5313 | Val Loss: 2.3988 | Val Acc: 0.4107
2025-06-23 10:14:00,807 [INFO] Epoch 241 | Train Loss: 0.5836 | Val Loss: 1.9215 | Val Acc: 0.4464
2025-06-23 10:14:00,865 [INFO] Epoch 242 | Train Loss: 0.5637 | Val Loss: 1.9879 | Val Acc: 0.3214
2025-06-23 10:14:00,897 [INFO] Epoch 243 | Train Loss: 0.6073 | Val Loss: 1.7630 | Val Acc: 0.3750
2025-06-23 10:14:00,947 [INFO] Epoch 244 | Train Loss: 0.6690 | Val Loss: 2.1686 | Val Acc: 0.4107
2025-06-23 10:14:01,014 [INFO] Epoch 245 | Train Loss: 0.5798 | Val Loss: 2.0319 | Val Acc: 0.3036
2025-06-23 10:14:01,050 [INFO] Epoch 246 | Train Loss: 0.5681 | Val Loss: 1.9177 | Val Acc: 0.3929
2025-06-23 10:14:01,091 [INFO] Epoch 247 | Train Loss: 0.8177 | Val Loss: 2.0239 | Val Acc: 0.3571
2025-06-23 10:14:01,148 [INFO] Epoch 248 | Train Loss: 0.7102 | Val Loss: 2.1888 | Val Acc: 0.3393
2025-06-23 10:14:01,183 [INFO] Epoch 249 | Train Loss: 0.6384 | Val Loss: 1.8617 | Val Acc: 0.5179
2025-06-23 10:14:01,214 [INFO] Epoch 250 | Train Loss: 0.5467 | Val Loss: 1.9677 | Val Acc: 0.4107
2025-06-23 10:14:02,344 [INFO] Epoch 251 | Train Loss: 0.5205 | Val Loss: 1.7869 | Val Acc: 0.4464
2025-06-23 10:14:02,383 [INFO] Epoch 252 | Train Loss: 0.4569 | Val Loss: 1.8870 | Val Acc: 0.4107
2025-06-23 10:14:02,417 [INFO] Epoch 253 | Train Loss: 0.5062 | Val Loss: 2.1897 | Val Acc: 0.4464
2025-06-23 10:14:02,446 [INFO] Epoch 254 | Train Loss: 0.5757 | Val Loss: 2.7996 | Val Acc: 0.3750
2025-06-23 10:14:02,475 [INFO] Epoch 255 | Train Loss: 0.5022 | Val Loss: 2.6132 | Val Acc: 0.3929
2025-06-23 10:14:02,533 [INFO] Epoch 256 | Train Loss: 0.5802 | Val Loss: 2.4644 | Val Acc: 0.5000
2025-06-23 10:14:02,568 [INFO] Epoch 257 | Train Loss: 0.7468 | Val Loss: 2.1428 | Val Acc: 0.5179
2025-06-23 10:14:02,599 [INFO] Epoch 258 | Train Loss: 0.6166 | Val Loss: 2.1571 | Val Acc: 0.4286
2025-06-23 10:14:02,629 [INFO] Epoch 259 | Train Loss: 0.6082 | Val Loss: 2.0919 | Val Acc: 0.4464
2025-06-23 10:14:02,657 [INFO] Epoch 260 | Train Loss: 0.6945 | Val Loss: 2.2098 | Val Acc: 0.4107
2025-06-23 10:14:03,764 [INFO] Epoch 261 | Train Loss: 0.6412 | Val Loss: 1.7502 | Val Acc: 0.3929
2025-06-23 10:14:03,801 [INFO] Epoch 262 | Train Loss: 0.5338 | Val Loss: 1.7301 | Val Acc: 0.4464
2025-06-23 10:14:03,837 [INFO] Epoch 263 | Train Loss: 0.5157 | Val Loss: 1.8120 | Val Acc: 0.5000
2025-06-23 10:14:03,867 [INFO] Epoch 264 | Train Loss: 0.6028 | Val Loss: 2.1356 | Val Acc: 0.4107
2025-06-23 10:14:03,895 [INFO] Epoch 265 | Train Loss: 0.5875 | Val Loss: 2.4542 | Val Acc: 0.4464
2025-06-23 10:14:03,925 [INFO] Epoch 266 | Train Loss: 0.5379 | Val Loss: 2.7203 | Val Acc: 0.4821
2025-06-23 10:14:03,954 [INFO] Epoch 267 | Train Loss: 0.6774 | Val Loss: 2.7858 | Val Acc: 0.4464
2025-06-23 10:14:03,982 [INFO] Epoch 268 | Train Loss: 0.6570 | Val Loss: 2.3894 | Val Acc: 0.3393
2025-06-23 10:14:04,010 [INFO] Epoch 269 | Train Loss: 0.6149 | Val Loss: 2.2856 | Val Acc: 0.3571
2025-06-23 10:14:04,039 [INFO] Epoch 270 | Train Loss: 0.6465 | Val Loss: 2.3427 | Val Acc: 0.3571
2025-06-23 10:14:05,136 [INFO] Epoch 271 | Train Loss: 0.6388 | Val Loss: 2.3654 | Val Acc: 0.3571
2025-06-23 10:14:05,170 [INFO] Epoch 272 | Train Loss: 0.4851 | Val Loss: 2.2700 | Val Acc: 0.3393
2025-06-23 10:14:05,205 [INFO] Epoch 273 | Train Loss: 0.4790 | Val Loss: 1.7588 | Val Acc: 0.4643
2025-06-23 10:14:05,234 [INFO] Epoch 274 | Train Loss: 0.5005 | Val Loss: 1.9305 | Val Acc: 0.4464
2025-06-23 10:14:05,262 [INFO] Epoch 275 | Train Loss: 0.4878 | Val Loss: 2.0172 | Val Acc: 0.4107
2025-06-23 10:14:05,291 [INFO] Epoch 276 | Train Loss: 0.4538 | Val Loss: 2.0858 | Val Acc: 0.4464
2025-06-23 10:14:05,320 [INFO] Epoch 277 | Train Loss: 0.5649 | Val Loss: 2.3575 | Val Acc: 0.3571
2025-06-23 10:14:05,347 [INFO] Epoch 278 | Train Loss: 0.4930 | Val Loss: 2.5122 | Val Acc: 0.3571
2025-06-23 10:14:05,376 [INFO] Epoch 279 | Train Loss: 0.5109 | Val Loss: 2.1136 | Val Acc: 0.4464
2025-06-23 10:14:05,405 [INFO] Epoch 280 | Train Loss: 0.4898 | Val Loss: 2.1561 | Val Acc: 0.4107
2025-06-23 10:14:06,476 [INFO] Epoch 281 | Train Loss: 0.4717 | Val Loss: 2.0002 | Val Acc: 0.4464
2025-06-23 10:14:06,508 [INFO] Epoch 282 | Train Loss: 0.4633 | Val Loss: 2.5357 | Val Acc: 0.4643
2025-06-23 10:14:06,546 [INFO] Epoch 283 | Train Loss: 0.4811 | Val Loss: 2.8798 | Val Acc: 0.3929
2025-06-23 10:14:06,575 [INFO] Epoch 284 | Train Loss: 0.4129 | Val Loss: 3.0112 | Val Acc: 0.3214
2025-06-23 10:14:06,603 [INFO] Epoch 285 | Train Loss: 0.5911 | Val Loss: 2.0937 | Val Acc: 0.4286
2025-06-23 10:14:06,633 [INFO] Epoch 286 | Train Loss: 0.6886 | Val Loss: 2.2696 | Val Acc: 0.3571
2025-06-23 10:14:06,661 [INFO] Epoch 287 | Train Loss: 0.5879 | Val Loss: 3.2142 | Val Acc: 0.3571
2025-06-23 10:14:06,692 [INFO] Epoch 288 | Train Loss: 0.5865 | Val Loss: 2.4720 | Val Acc: 0.3393
2025-06-23 10:14:06,723 [INFO] Epoch 289 | Train Loss: 0.4610 | Val Loss: 1.9920 | Val Acc: 0.4821
2025-06-23 10:14:06,751 [INFO] Epoch 290 | Train Loss: 0.4897 | Val Loss: 2.2421 | Val Acc: 0.4107
2025-06-23 10:14:07,832 [INFO] Epoch 291 | Train Loss: 0.4314 | Val Loss: 2.6519 | Val Acc: 0.3929
2025-06-23 10:14:07,880 [INFO] Epoch 292 | Train Loss: 0.5741 | Val Loss: 2.6619 | Val Acc: 0.4107
2025-06-23 10:14:07,934 [INFO] Epoch 293 | Train Loss: 0.4827 | Val Loss: 2.8267 | Val Acc: 0.4643
2025-06-23 10:14:07,980 [INFO] Epoch 294 | Train Loss: 0.5740 | Val Loss: 2.8824 | Val Acc: 0.3571
2025-06-23 10:14:08,009 [INFO] Epoch 295 | Train Loss: 0.5896 | Val Loss: 2.9420 | Val Acc: 0.3571
2025-06-23 10:14:08,038 [INFO] Epoch 296 | Train Loss: 0.9962 | Val Loss: 2.4918 | Val Acc: 0.4464
2025-06-23 10:14:08,067 [INFO] Epoch 297 | Train Loss: 0.7738 | Val Loss: 2.1356 | Val Acc: 0.3750
2025-06-23 10:14:08,095 [INFO] Epoch 298 | Train Loss: 0.7778 | Val Loss: 1.6686 | Val Acc: 0.4464
2025-06-23 10:14:08,124 [INFO] Epoch 299 | Train Loss: 0.6213 | Val Loss: 1.6503 | Val Acc: 0.4286
2025-06-23 10:14:08,154 [INFO] Epoch 300 | Train Loss: 0.5744 | Val Loss: 1.7680 | Val Acc: 0.4643
2025-06-23 10:14:09,229 [INFO] Epoch 301 | Train Loss: 0.6182 | Val Loss: 1.9189 | Val Acc: 0.3571
2025-06-23 10:14:09,264 [INFO] Epoch 302 | Train Loss: 0.5089 | Val Loss: 2.2838 | Val Acc: 0.3571
2025-06-23 10:14:09,305 [INFO] Epoch 303 | Train Loss: 0.5176 | Val Loss: 1.8543 | Val Acc: 0.4643
2025-06-23 10:14:09,335 [INFO] Epoch 304 | Train Loss: 0.4945 | Val Loss: 2.0414 | Val Acc: 0.3571
2025-06-23 10:14:09,365 [INFO] Epoch 305 | Train Loss: 0.4237 | Val Loss: 2.2470 | Val Acc: 0.3393
2025-06-23 10:14:09,393 [INFO] Epoch 306 | Train Loss: 0.5107 | Val Loss: 2.4241 | Val Acc: 0.3929
2025-06-23 10:14:09,424 [INFO] Epoch 307 | Train Loss: 0.6413 | Val Loss: 2.4261 | Val Acc: 0.3036
2025-06-23 10:14:09,454 [INFO] Epoch 308 | Train Loss: 0.6339 | Val Loss: 2.2226 | Val Acc: 0.3929
2025-06-23 10:14:09,483 [INFO] Epoch 309 | Train Loss: 0.7441 | Val Loss: 2.0075 | Val Acc: 0.4643
2025-06-23 10:14:09,516 [INFO] Epoch 310 | Train Loss: 0.6071 | Val Loss: 1.7974 | Val Acc: 0.4286
2025-06-23 10:14:12,716 [INFO] Epoch 311 | Train Loss: 0.5402 | Val Loss: 1.7454 | Val Acc: 0.4643
2025-06-23 10:14:12,762 [INFO] Epoch 312 | Train Loss: 0.5302 | Val Loss: 1.6439 | Val Acc: 0.4286
2025-06-23 10:14:12,796 [INFO] Epoch 313 | Train Loss: 0.5296 | Val Loss: 1.9159 | Val Acc: 0.3929
2025-06-23 10:14:12,826 [INFO] Epoch 314 | Train Loss: 0.4325 | Val Loss: 2.0184 | Val Acc: 0.4464
2025-06-23 10:14:12,855 [INFO] Epoch 315 | Train Loss: 0.4389 | Val Loss: 1.8793 | Val Acc: 0.4286
2025-06-23 10:14:12,882 [INFO] Epoch 316 | Train Loss: 0.4043 | Val Loss: 1.8385 | Val Acc: 0.3929
2025-06-23 10:14:12,910 [INFO] Epoch 317 | Train Loss: 0.3414 | Val Loss: 1.8153 | Val Acc: 0.4107
2025-06-23 10:14:12,948 [INFO] Epoch 318 | Train Loss: 0.3945 | Val Loss: 2.0565 | Val Acc: 0.3929
2025-06-23 10:14:12,986 [INFO] Epoch 319 | Train Loss: 0.3801 | Val Loss: 2.5466 | Val Acc: 0.3929
2025-06-23 10:14:13,021 [INFO] Epoch 320 | Train Loss: 0.3723 | Val Loss: 2.5377 | Val Acc: 0.3750
2025-06-23 10:14:14,127 [INFO] Epoch 321 | Train Loss: 0.4557 | Val Loss: 2.8553 | Val Acc: 0.3929
2025-06-23 10:14:14,164 [INFO] Epoch 322 | Train Loss: 0.5621 | Val Loss: 2.5141 | Val Acc: 0.3214
2025-06-23 10:14:14,201 [INFO] Epoch 323 | Train Loss: 0.5729 | Val Loss: 2.4533 | Val Acc: 0.4286
2025-06-23 10:14:14,231 [INFO] Epoch 324 | Train Loss: 0.4746 | Val Loss: 3.0986 | Val Acc: 0.4286
2025-06-23 10:14:14,267 [INFO] Epoch 325 | Train Loss: 0.8447 | Val Loss: 2.6816 | Val Acc: 0.4286
2025-06-23 10:14:14,304 [INFO] Epoch 326 | Train Loss: 0.7948 | Val Loss: 2.3033 | Val Acc: 0.4643
2025-06-23 10:14:14,332 [INFO] Epoch 327 | Train Loss: 0.5098 | Val Loss: 2.2455 | Val Acc: 0.4643
2025-06-23 10:14:14,368 [INFO] Epoch 328 | Train Loss: 0.4215 | Val Loss: 2.4286 | Val Acc: 0.3393
2025-06-23 10:14:14,397 [INFO] Epoch 329 | Train Loss: 0.4419 | Val Loss: 2.5082 | Val Acc: 0.3036
2025-06-23 10:14:14,425 [INFO] Epoch 330 | Train Loss: 0.4269 | Val Loss: 2.4156 | Val Acc: 0.3929
2025-06-23 10:14:16,212 [INFO] Epoch 331 | Train Loss: 0.3586 | Val Loss: 2.4469 | Val Acc: 0.4643
2025-06-23 10:14:16,254 [INFO] Epoch 332 | Train Loss: 0.4451 | Val Loss: 2.3465 | Val Acc: 0.4464
2025-06-23 10:14:16,293 [INFO] Epoch 333 | Train Loss: 0.2939 | Val Loss: 2.1405 | Val Acc: 0.4286
2025-06-23 10:14:16,325 [INFO] Epoch 334 | Train Loss: 0.4153 | Val Loss: 2.5612 | Val Acc: 0.4643
2025-06-23 10:14:16,355 [INFO] Epoch 335 | Train Loss: 0.3801 | Val Loss: 2.7820 | Val Acc: 0.3571
2025-06-23 10:14:16,384 [INFO] Epoch 336 | Train Loss: 0.4477 | Val Loss: 2.6515 | Val Acc: 0.3929
2025-06-23 10:14:16,416 [INFO] Epoch 337 | Train Loss: 0.5711 | Val Loss: 3.3558 | Val Acc: 0.3571
2025-06-23 10:14:16,447 [INFO] Epoch 338 | Train Loss: 0.6298 | Val Loss: 2.4189 | Val Acc: 0.3929
2025-06-23 10:14:16,476 [INFO] Epoch 339 | Train Loss: 0.4054 | Val Loss: 2.0028 | Val Acc: 0.4821
2025-06-23 10:14:16,507 [INFO] Epoch 340 | Train Loss: 0.4317 | Val Loss: 2.1000 | Val Acc: 0.5000
2025-06-23 10:14:17,711 [INFO] Epoch 341 | Train Loss: 0.5348 | Val Loss: 2.3269 | Val Acc: 0.4107
2025-06-23 10:14:17,751 [INFO] Epoch 342 | Train Loss: 0.3943 | Val Loss: 2.4797 | Val Acc: 0.2857
2025-06-23 10:14:17,786 [INFO] Epoch 343 | Train Loss: 0.5261 | Val Loss: 3.0689 | Val Acc: 0.3393
2025-06-23 10:14:17,815 [INFO] Epoch 344 | Train Loss: 0.7470 | Val Loss: 2.4335 | Val Acc: 0.3214
2025-06-23 10:14:17,844 [INFO] Epoch 345 | Train Loss: 0.5902 | Val Loss: 2.2460 | Val Acc: 0.4464
2025-06-23 10:14:17,874 [INFO] Epoch 346 | Train Loss: 0.5685 | Val Loss: 2.5183 | Val Acc: 0.3750
2025-06-23 10:14:17,904 [INFO] Epoch 347 | Train Loss: 0.5019 | Val Loss: 1.9782 | Val Acc: 0.4643
2025-06-23 10:14:17,934 [INFO] Epoch 348 | Train Loss: 0.4209 | Val Loss: 2.0830 | Val Acc: 0.5357
2025-06-23 10:14:17,964 [INFO] Epoch 349 | Train Loss: 0.6213 | Val Loss: 2.2035 | Val Acc: 0.5000
2025-06-23 10:14:17,995 [INFO] Epoch 350 | Train Loss: 0.5390 | Val Loss: 2.6027 | Val Acc: 0.3929
2025-06-23 10:14:19,136 [INFO] Epoch 351 | Train Loss: 0.5801 | Val Loss: 2.3150 | Val Acc: 0.4464
2025-06-23 10:14:19,175 [INFO] Epoch 352 | Train Loss: 0.5544 | Val Loss: 1.8003 | Val Acc: 0.4821
2025-06-23 10:14:19,213 [INFO] Epoch 353 | Train Loss: 0.5080 | Val Loss: 1.8640 | Val Acc: 0.4821
2025-06-23 10:14:19,242 [INFO] Epoch 354 | Train Loss: 0.3981 | Val Loss: 2.3864 | Val Acc: 0.3929
2025-06-23 10:14:19,270 [INFO] Epoch 355 | Train Loss: 0.3777 | Val Loss: 2.3906 | Val Acc: 0.3929
2025-06-23 10:14:19,273 [INFO] Early stopping at epoch 355 (no improvement in 150 epochs).
2025-06-23 10:14:19,276 [INFO] Best model saved to <built-in function time>/ENZYMES/best/best_source_gin.pth (Val Acc: 0.5357 at epoch 205)
2025-06-23 10:14:19,277 [INFO] Training/validation metrics saved to <built-in function time>/ENZYMES/GIN_0.01/train_metrics.csv
2025-06-23 10:14:20,373 [INFO] Final training curves saved
2025-06-23 10:14:20,374 [INFO] Training completed!
2025-06-23 10:14:20,374 [INFO] Best validation accuracy: 0.5357
2025-06-23 10:14:20,374 [INFO] Best epoch: 205
2025-06-23 10:14:20,374 [INFO] Total epochs trained: 355
2025-06-23 10:14:20,375 [INFO] Starting training with parameters: (0.01, 0.2, 64, 1, 50, 0.0)
