2025-06-22 04:22:20,242 [INFO] Using device: cpu
2025-06-22 04:22:20,243 [INFO] 开始创建数据加载器...
2025-06-22 04:22:20,252 [INFO] Successfully loaded dataset ENZYMES from ./data, total graphs: 600
2025-06-22 04:22:20,252 [INFO] Class allocation analysis:
2025-06-22 04:22:20,252 [INFO]   Source classes: [0, 1, 2, 3]
2025-06-22 04:22:20,252 [INFO]   Target classes: [0, 1, 2, 3, 4, 5]
2025-06-22 04:22:20,252 [INFO]   Overlap classes (to be split): [0, 1, 2, 3]
2025-06-22 04:22:20,252 [INFO]   Target novel classes (unknown): [4, 5]
2025-06-22 04:22:20,266 [INFO]   Class 0: 100 total -> Source: 70, Target: 30
2025-06-22 04:22:20,266 [INFO]   Class 1: 100 total -> Source: 70, Target: 30
2025-06-22 04:22:20,266 [INFO]   Class 2: 100 total -> Source: 70, Target: 30
2025-06-22 04:22:20,266 [INFO]   Class 3: 100 total -> Source: 70, Target: 30
2025-06-22 04:22:20,266 [INFO]   Class 4 (novel/unknown): 100 samples -> Target
2025-06-22 04:22:20,266 [INFO]   Class 5 (novel/unknown): 100 samples -> Target
2025-06-22 04:22:20,266 [INFO] Final allocation:
2025-06-22 04:22:20,266 [INFO]   Source domain: 280 samples
2025-06-22 04:22:20,266 [INFO]   Target domain: 320 samples
2025-06-22 04:22:20,268 [INFO] Source domain setup:
2025-06-22 04:22:20,268 [INFO]   Original classes: [0, 1, 2, 3]
2025-06-22 04:22:20,268 [INFO]   Overlap classes used: [0, 1, 2, 3]
2025-06-22 04:22:20,268 [INFO]   Label mapping: {0: 0, 1: 1, 2: 2, 3: 3}
2025-06-22 04:22:20,268 [INFO]   Total data after allocation: 280
2025-06-22 04:22:20,268 [INFO]   Data split - Train: 224, Val: 56
2025-06-22 04:22:20,268 [INFO]   Train label distribution: {0: 56, 1: 56, 3: 56, 2: 56}
2025-06-22 04:22:20,268 [INFO]   Val label distribution: {1: 14, 2: 14, 0: 14, 3: 14}
2025-06-22 04:22:20,269 [INFO] Successfully loaded dataset ENZYMES from ./data, total graphs: 600
2025-06-22 04:22:20,269 [INFO] Class allocation analysis:
2025-06-22 04:22:20,269 [INFO]   Source classes: [0, 1, 2, 3]
2025-06-22 04:22:20,270 [INFO]   Target classes: [0, 1, 2, 3, 4, 5]
2025-06-22 04:22:20,270 [INFO]   Overlap classes (to be split): [0, 1, 2, 3]
2025-06-22 04:22:20,270 [INFO]   Target novel classes (unknown): [4, 5]
2025-06-22 04:22:20,282 [INFO]   Class 0: 100 total -> Source: 70, Target: 30
2025-06-22 04:22:20,282 [INFO]   Class 1: 100 total -> Source: 70, Target: 30
2025-06-22 04:22:20,283 [INFO]   Class 2: 100 total -> Source: 70, Target: 30
2025-06-22 04:22:20,283 [INFO]   Class 3: 100 total -> Source: 70, Target: 30
2025-06-22 04:22:20,283 [INFO]   Class 4 (novel/unknown): 100 samples -> Target
2025-06-22 04:22:20,283 [INFO]   Class 5 (novel/unknown): 100 samples -> Target
2025-06-22 04:22:20,283 [INFO] Final allocation:
2025-06-22 04:22:20,283 [INFO]   Source domain: 280 samples
2025-06-22 04:22:20,283 [INFO]   Target domain: 320 samples
2025-06-22 04:22:20,284 [INFO] Target domain setup:
2025-06-22 04:22:20,284 [INFO]   Original classes: [0, 1, 2, 3, 4, 5]
2025-06-22 04:22:20,284 [INFO]   Overlap classes: [0, 1, 2, 3]
2025-06-22 04:22:20,284 [INFO]   Novel classes: [4, 5] -> mapped to unknown label 4
2025-06-22 04:22:20,284 [INFO]   Label mapping: {0: 0, 1: 1, 2: 2, 3: 3, 4: 4, 5: 4}
2025-06-22 04:22:20,284 [INFO]   Total data after allocation: 320
2025-06-22 04:22:20,284 [INFO]   Data split - Train: 256, Val: 64
2025-06-22 04:22:20,284 [INFO]   Total count: 320 (known: 120, unknown: 200)
2025-06-22 04:22:20,284 [INFO]   Total label distribution: {4: 200, 3: 30, 0: 30, 1: 30, 2: 30}
2025-06-22 04:22:20,284 [INFO]   Train label distribution: {4: 160, 0: 24, 2: 24, 3: 24, 1: 24}
2025-06-22 04:22:20,284 [INFO]   Val label distribution: {1: 6, 4: 40, 3: 6, 0: 6, 2: 6}
2025-06-22 04:22:20,285 [INFO] 数据加载器创建完成!
2025-06-22 04:22:20,285 [INFO] 源域类别数: 4 (重叠类别)
2025-06-22 04:22:20,285 [INFO] 目标域类别数: 5 (4个重叠类别 + 1个未知类别)
2025-06-22 04:22:20,285 [INFO] 重叠类别: [0, 1, 2, 3]
2025-06-22 04:22:20,285 [INFO] 目标域新类别: [4, 5]
2025-06-22 04:22:20,285 [INFO] Data allocation verification:
2025-06-22 04:22:20,285 [INFO]   Source data samples: 280
2025-06-22 04:22:20,285 [INFO]   Target data samples: 320
2025-06-22 04:22:20,285 [INFO]   Overlapping samples: 0
2025-06-22 04:22:20,285 [INFO]   ✓ Data allocation is correct - no overlapping samples
2025-06-22 04:22:20,287 [INFO] Model initialized with 13508 parameters
2025-06-22 04:22:20,287 [INFO] Previous best validation accuracy read from record.txt: 0.6250
2025-06-22 04:22:20,287 [INFO] Starting training...
2025-06-22 04:22:20,310 [INFO] Epoch 001 | Train Loss: 13.1562 | Val Loss: 2.6631 | Val Acc: 0.3036
2025-06-22 04:22:20,867 [INFO] New best model at epoch 1 (Val Acc: 0.3036)
2025-06-22 04:22:20,889 [INFO] Epoch 002 | Train Loss: 7.2717 | Val Loss: 2.8987 | Val Acc: 0.3393
2025-06-22 04:22:20,892 [INFO] New best model at epoch 2 (Val Acc: 0.3393)
2025-06-22 04:22:20,907 [INFO] Epoch 003 | Train Loss: 6.8470 | Val Loss: 2.9443 | Val Acc: 0.2500
2025-06-22 04:22:20,923 [INFO] Epoch 004 | Train Loss: 5.6877 | Val Loss: 3.1601 | Val Acc: 0.2679
2025-06-22 04:22:20,938 [INFO] Epoch 005 | Train Loss: 5.0200 | Val Loss: 3.9975 | Val Acc: 0.3214
2025-06-22 04:22:20,958 [INFO] Epoch 006 | Train Loss: 4.5618 | Val Loss: 3.1703 | Val Acc: 0.3571
2025-06-22 04:22:20,961 [INFO] New best model at epoch 6 (Val Acc: 0.3571)
2025-06-22 04:22:20,976 [INFO] Epoch 007 | Train Loss: 4.3832 | Val Loss: 2.5790 | Val Acc: 0.3571
2025-06-22 04:22:20,995 [INFO] Epoch 008 | Train Loss: 4.2071 | Val Loss: 2.5615 | Val Acc: 0.3929
2025-06-22 04:22:20,997 [INFO] New best model at epoch 8 (Val Acc: 0.3929)
2025-06-22 04:22:21,014 [INFO] Epoch 009 | Train Loss: 3.6079 | Val Loss: 2.9917 | Val Acc: 0.3750
2025-06-22 04:22:21,029 [INFO] Epoch 010 | Train Loss: 3.2525 | Val Loss: 2.6466 | Val Acc: 0.2143
2025-06-22 04:22:21,621 [INFO] Epoch 011 | Train Loss: 3.7415 | Val Loss: 3.4977 | Val Acc: 0.3036
2025-06-22 04:22:21,637 [INFO] Epoch 012 | Train Loss: 3.7653 | Val Loss: 2.8280 | Val Acc: 0.3214
2025-06-22 04:22:21,652 [INFO] Epoch 013 | Train Loss: 3.5013 | Val Loss: 2.9443 | Val Acc: 0.2679
2025-06-22 04:22:21,667 [INFO] Epoch 014 | Train Loss: 3.4241 | Val Loss: 2.7512 | Val Acc: 0.3214
2025-06-22 04:22:21,682 [INFO] Epoch 015 | Train Loss: 3.2812 | Val Loss: 2.7026 | Val Acc: 0.2857
2025-06-22 04:22:21,704 [INFO] Epoch 016 | Train Loss: 3.1140 | Val Loss: 3.1422 | Val Acc: 0.2857
2025-06-22 04:22:21,719 [INFO] Epoch 017 | Train Loss: 3.6056 | Val Loss: 3.0752 | Val Acc: 0.2857
2025-06-22 04:22:21,735 [INFO] Epoch 018 | Train Loss: 3.1259 | Val Loss: 3.2547 | Val Acc: 0.3214
2025-06-22 04:22:21,751 [INFO] Epoch 019 | Train Loss: 2.9003 | Val Loss: 2.7657 | Val Acc: 0.3214
2025-06-22 04:22:21,768 [INFO] Epoch 020 | Train Loss: 2.5514 | Val Loss: 2.5084 | Val Acc: 0.3036
2025-06-22 04:22:22,367 [INFO] Epoch 021 | Train Loss: 2.4682 | Val Loss: 2.3208 | Val Acc: 0.3214
2025-06-22 04:22:22,384 [INFO] Epoch 022 | Train Loss: 2.1105 | Val Loss: 2.3353 | Val Acc: 0.3036
2025-06-22 04:22:22,401 [INFO] Epoch 023 | Train Loss: 1.9649 | Val Loss: 2.3047 | Val Acc: 0.2857
2025-06-22 04:22:22,415 [INFO] Epoch 024 | Train Loss: 2.8889 | Val Loss: 2.7055 | Val Acc: 0.3929
2025-06-22 04:22:22,431 [INFO] Epoch 025 | Train Loss: 2.8214 | Val Loss: 2.6306 | Val Acc: 0.3750
2025-06-22 04:22:22,457 [INFO] Epoch 026 | Train Loss: 2.3000 | Val Loss: 2.2576 | Val Acc: 0.3571
2025-06-22 04:22:22,473 [INFO] Epoch 027 | Train Loss: 2.3822 | Val Loss: 2.1792 | Val Acc: 0.4286
2025-06-22 04:22:22,475 [INFO] New best model at epoch 27 (Val Acc: 0.4286)
2025-06-22 04:22:22,489 [INFO] Epoch 028 | Train Loss: 2.4243 | Val Loss: 1.8610 | Val Acc: 0.4286
2025-06-22 04:22:22,504 [INFO] Epoch 029 | Train Loss: 2.6726 | Val Loss: 1.9973 | Val Acc: 0.3214
2025-06-22 04:22:22,519 [INFO] Epoch 030 | Train Loss: 2.5652 | Val Loss: 2.1272 | Val Acc: 0.3929
2025-06-22 04:22:23,121 [INFO] Epoch 031 | Train Loss: 2.3720 | Val Loss: 1.7497 | Val Acc: 0.3929
2025-06-22 04:22:23,137 [INFO] Epoch 032 | Train Loss: 2.0338 | Val Loss: 1.7826 | Val Acc: 0.3929
2025-06-22 04:22:23,152 [INFO] Epoch 033 | Train Loss: 1.9160 | Val Loss: 1.9162 | Val Acc: 0.3929
2025-06-22 04:22:23,167 [INFO] Epoch 034 | Train Loss: 1.7227 | Val Loss: 1.6462 | Val Acc: 0.4821
2025-06-22 04:22:23,169 [INFO] New best model at epoch 34 (Val Acc: 0.4821)
2025-06-22 04:22:23,183 [INFO] Epoch 035 | Train Loss: 1.8529 | Val Loss: 1.6836 | Val Acc: 0.4286
2025-06-22 04:22:23,205 [INFO] Epoch 036 | Train Loss: 1.8965 | Val Loss: 1.6870 | Val Acc: 0.3750
2025-06-22 04:22:23,220 [INFO] Epoch 037 | Train Loss: 1.7693 | Val Loss: 1.9381 | Val Acc: 0.3393
2025-06-22 04:22:23,235 [INFO] Epoch 038 | Train Loss: 2.0405 | Val Loss: 1.8855 | Val Acc: 0.3929
2025-06-22 04:22:23,251 [INFO] Epoch 039 | Train Loss: 1.6666 | Val Loss: 1.9918 | Val Acc: 0.2857
2025-06-22 04:22:23,267 [INFO] Epoch 040 | Train Loss: 1.5278 | Val Loss: 1.8564 | Val Acc: 0.3214
2025-06-22 04:22:23,852 [INFO] Epoch 041 | Train Loss: 1.6601 | Val Loss: 1.8394 | Val Acc: 0.3571
2025-06-22 04:22:23,871 [INFO] Epoch 042 | Train Loss: 2.0038 | Val Loss: 1.7367 | Val Acc: 0.3929
2025-06-22 04:22:23,891 [INFO] Epoch 043 | Train Loss: 1.5686 | Val Loss: 1.5798 | Val Acc: 0.4107
2025-06-22 04:22:23,911 [INFO] Epoch 044 | Train Loss: 1.7898 | Val Loss: 1.5559 | Val Acc: 0.4107
2025-06-22 04:22:23,944 [INFO] Epoch 045 | Train Loss: 1.5910 | Val Loss: 1.6370 | Val Acc: 0.4464
2025-06-22 04:22:23,961 [INFO] Epoch 046 | Train Loss: 1.6175 | Val Loss: 1.5210 | Val Acc: 0.3929
2025-06-22 04:22:23,976 [INFO] Epoch 047 | Train Loss: 1.4879 | Val Loss: 1.6462 | Val Acc: 0.3571
2025-06-22 04:22:23,991 [INFO] Epoch 048 | Train Loss: 1.5166 | Val Loss: 1.6192 | Val Acc: 0.3393
2025-06-22 04:22:24,008 [INFO] Epoch 049 | Train Loss: 1.3257 | Val Loss: 1.6227 | Val Acc: 0.3036
2025-06-22 04:22:24,023 [INFO] Epoch 050 | Train Loss: 1.3286 | Val Loss: 1.8193 | Val Acc: 0.3929
2025-06-22 04:22:24,653 [INFO] Epoch 051 | Train Loss: 1.9779 | Val Loss: 1.6635 | Val Acc: 0.3393
2025-06-22 04:22:24,677 [INFO] Epoch 052 | Train Loss: 1.3225 | Val Loss: 1.5493 | Val Acc: 0.3393
2025-06-22 04:22:24,725 [INFO] Epoch 053 | Train Loss: 1.6131 | Val Loss: 1.5930 | Val Acc: 0.3750
2025-06-22 04:22:24,748 [INFO] Epoch 054 | Train Loss: 1.2993 | Val Loss: 1.7639 | Val Acc: 0.3750
2025-06-22 04:22:24,767 [INFO] Epoch 055 | Train Loss: 1.5995 | Val Loss: 1.8065 | Val Acc: 0.3571
2025-06-22 04:22:24,787 [INFO] Epoch 056 | Train Loss: 1.3375 | Val Loss: 1.6598 | Val Acc: 0.3929
2025-06-22 04:22:24,806 [INFO] Epoch 057 | Train Loss: 1.4483 | Val Loss: 1.6538 | Val Acc: 0.4286
2025-06-22 04:22:24,821 [INFO] Epoch 058 | Train Loss: 1.3430 | Val Loss: 1.6983 | Val Acc: 0.4107
2025-06-22 04:22:24,836 [INFO] Epoch 059 | Train Loss: 1.4074 | Val Loss: 1.5624 | Val Acc: 0.3929
2025-06-22 04:22:24,851 [INFO] Epoch 060 | Train Loss: 1.4825 | Val Loss: 1.3540 | Val Acc: 0.4107
2025-06-22 04:22:25,442 [INFO] Epoch 061 | Train Loss: 1.4241 | Val Loss: 1.3627 | Val Acc: 0.3571
2025-06-22 04:22:25,457 [INFO] Epoch 062 | Train Loss: 1.3551 | Val Loss: 1.5351 | Val Acc: 0.3929
2025-06-22 04:22:25,475 [INFO] Epoch 063 | Train Loss: 1.3820 | Val Loss: 1.5438 | Val Acc: 0.4107
2025-06-22 04:22:25,501 [INFO] Epoch 064 | Train Loss: 1.2242 | Val Loss: 1.5809 | Val Acc: 0.4286
2025-06-22 04:22:25,525 [INFO] Epoch 065 | Train Loss: 1.2787 | Val Loss: 1.6333 | Val Acc: 0.4643
2025-06-22 04:22:25,544 [INFO] Epoch 066 | Train Loss: 1.6591 | Val Loss: 1.6802 | Val Acc: 0.3571
2025-06-22 04:22:25,560 [INFO] Epoch 067 | Train Loss: 1.2695 | Val Loss: 1.6493 | Val Acc: 0.3750
2025-06-22 04:22:25,575 [INFO] Epoch 068 | Train Loss: 1.0697 | Val Loss: 1.7819 | Val Acc: 0.4107
2025-06-22 04:22:25,591 [INFO] Epoch 069 | Train Loss: 1.1598 | Val Loss: 1.8696 | Val Acc: 0.4107
2025-06-22 04:22:25,606 [INFO] Epoch 070 | Train Loss: 1.1163 | Val Loss: 1.6963 | Val Acc: 0.4107
2025-06-22 04:22:26,217 [INFO] Epoch 071 | Train Loss: 1.2793 | Val Loss: 1.4355 | Val Acc: 0.4643
2025-06-22 04:22:26,233 [INFO] Epoch 072 | Train Loss: 1.2468 | Val Loss: 1.4294 | Val Acc: 0.5000
2025-06-22 04:22:26,235 [INFO] New best model at epoch 72 (Val Acc: 0.5000)
2025-06-22 04:22:26,249 [INFO] Epoch 073 | Train Loss: 0.9751 | Val Loss: 1.5635 | Val Acc: 0.5000
2025-06-22 04:22:26,265 [INFO] Epoch 074 | Train Loss: 1.1007 | Val Loss: 1.6391 | Val Acc: 0.4464
2025-06-22 04:22:26,280 [INFO] Epoch 075 | Train Loss: 1.1170 | Val Loss: 1.7851 | Val Acc: 0.3929
2025-06-22 04:22:26,302 [INFO] Epoch 076 | Train Loss: 1.1357 | Val Loss: 1.5735 | Val Acc: 0.4107
2025-06-22 04:22:26,317 [INFO] Epoch 077 | Train Loss: 1.1440 | Val Loss: 1.4461 | Val Acc: 0.4643
2025-06-22 04:22:26,335 [INFO] Epoch 078 | Train Loss: 1.1116 | Val Loss: 1.4608 | Val Acc: 0.4286
2025-06-22 04:22:26,356 [INFO] Epoch 079 | Train Loss: 0.9962 | Val Loss: 1.4889 | Val Acc: 0.4286
2025-06-22 04:22:26,378 [INFO] Epoch 080 | Train Loss: 0.9534 | Val Loss: 1.4856 | Val Acc: 0.4107
2025-06-22 04:22:27,192 [INFO] Epoch 081 | Train Loss: 1.0718 | Val Loss: 1.5447 | Val Acc: 0.3750
2025-06-22 04:22:27,212 [INFO] Epoch 082 | Train Loss: 1.0205 | Val Loss: 1.4674 | Val Acc: 0.4286
2025-06-22 04:22:27,233 [INFO] Epoch 083 | Train Loss: 1.2430 | Val Loss: 1.4435 | Val Acc: 0.4643
2025-06-22 04:22:27,251 [INFO] Epoch 084 | Train Loss: 1.0476 | Val Loss: 1.4571 | Val Acc: 0.4464
2025-06-22 04:22:27,279 [INFO] Epoch 085 | Train Loss: 0.9331 | Val Loss: 1.4740 | Val Acc: 0.4464
2025-06-22 04:22:27,295 [INFO] Epoch 086 | Train Loss: 1.0564 | Val Loss: 1.4591 | Val Acc: 0.4821
2025-06-22 04:22:27,311 [INFO] Epoch 087 | Train Loss: 1.2090 | Val Loss: 1.4907 | Val Acc: 0.4821
2025-06-22 04:22:27,326 [INFO] Epoch 088 | Train Loss: 1.0590 | Val Loss: 1.5604 | Val Acc: 0.5000
2025-06-22 04:22:27,341 [INFO] Epoch 089 | Train Loss: 0.9998 | Val Loss: 1.6681 | Val Acc: 0.4107
2025-06-22 04:22:27,355 [INFO] Epoch 090 | Train Loss: 1.2590 | Val Loss: 1.7574 | Val Acc: 0.3929
2025-06-22 04:22:27,917 [INFO] Epoch 091 | Train Loss: 1.0647 | Val Loss: 1.6947 | Val Acc: 0.4286
2025-06-22 04:22:27,936 [INFO] Epoch 092 | Train Loss: 1.0846 | Val Loss: 1.5691 | Val Acc: 0.4464
2025-06-22 04:22:27,959 [INFO] Epoch 093 | Train Loss: 1.0790 | Val Loss: 1.4022 | Val Acc: 0.4286
2025-06-22 04:22:27,978 [INFO] Epoch 094 | Train Loss: 0.9016 | Val Loss: 1.4599 | Val Acc: 0.4286
2025-06-22 04:22:27,998 [INFO] Epoch 095 | Train Loss: 0.9136 | Val Loss: 1.5471 | Val Acc: 0.4643
2025-06-22 04:22:28,014 [INFO] Epoch 096 | Train Loss: 0.8506 | Val Loss: 1.4814 | Val Acc: 0.4107
2025-06-22 04:22:28,036 [INFO] Epoch 097 | Train Loss: 0.8083 | Val Loss: 1.6743 | Val Acc: 0.3929
2025-06-22 04:22:28,053 [INFO] Epoch 098 | Train Loss: 1.0080 | Val Loss: 1.7349 | Val Acc: 0.3750
2025-06-22 04:22:28,069 [INFO] Epoch 099 | Train Loss: 0.9209 | Val Loss: 1.6818 | Val Acc: 0.4286
2025-06-22 04:22:28,084 [INFO] Epoch 100 | Train Loss: 0.9740 | Val Loss: 1.6109 | Val Acc: 0.4107
2025-06-22 04:22:28,680 [INFO] Epoch 101 | Train Loss: 1.0763 | Val Loss: 1.6643 | Val Acc: 0.4107
2025-06-22 04:22:28,695 [INFO] Epoch 102 | Train Loss: 0.9342 | Val Loss: 1.7431 | Val Acc: 0.4464
2025-06-22 04:22:28,711 [INFO] Epoch 103 | Train Loss: 0.8654 | Val Loss: 1.7897 | Val Acc: 0.4107
2025-06-22 04:22:28,726 [INFO] Epoch 104 | Train Loss: 1.0723 | Val Loss: 1.8196 | Val Acc: 0.4464
2025-06-22 04:22:28,740 [INFO] Epoch 105 | Train Loss: 0.9923 | Val Loss: 1.6701 | Val Acc: 0.4286
2025-06-22 04:22:28,766 [INFO] Epoch 106 | Train Loss: 1.0403 | Val Loss: 1.6947 | Val Acc: 0.4286
2025-06-22 04:22:28,782 [INFO] Epoch 107 | Train Loss: 0.9835 | Val Loss: 1.6713 | Val Acc: 0.4286
2025-06-22 04:22:28,797 [INFO] Epoch 108 | Train Loss: 1.0079 | Val Loss: 1.5634 | Val Acc: 0.4643
2025-06-22 04:22:28,811 [INFO] Epoch 109 | Train Loss: 1.1201 | Val Loss: 1.5491 | Val Acc: 0.4286
2025-06-22 04:22:28,826 [INFO] Epoch 110 | Train Loss: 1.0762 | Val Loss: 1.6144 | Val Acc: 0.3750
2025-06-22 04:22:29,432 [INFO] Epoch 111 | Train Loss: 1.1052 | Val Loss: 1.6050 | Val Acc: 0.4107
2025-06-22 04:22:29,454 [INFO] Epoch 112 | Train Loss: 0.9072 | Val Loss: 1.5686 | Val Acc: 0.4464
2025-06-22 04:22:29,470 [INFO] Epoch 113 | Train Loss: 0.9841 | Val Loss: 1.7077 | Val Acc: 0.3393
2025-06-22 04:22:29,485 [INFO] Epoch 114 | Train Loss: 0.9966 | Val Loss: 1.7008 | Val Acc: 0.3929
2025-06-22 04:22:29,512 [INFO] Epoch 115 | Train Loss: 0.8086 | Val Loss: 1.6859 | Val Acc: 0.4286
2025-06-22 04:22:29,528 [INFO] Epoch 116 | Train Loss: 0.9190 | Val Loss: 1.6238 | Val Acc: 0.4286
2025-06-22 04:22:29,543 [INFO] Epoch 117 | Train Loss: 0.8779 | Val Loss: 1.7439 | Val Acc: 0.4643
2025-06-22 04:22:29,558 [INFO] Epoch 118 | Train Loss: 0.9387 | Val Loss: 1.6485 | Val Acc: 0.5000
2025-06-22 04:22:29,572 [INFO] Epoch 119 | Train Loss: 0.8665 | Val Loss: 1.6193 | Val Acc: 0.4464
2025-06-22 04:22:29,587 [INFO] Epoch 120 | Train Loss: 0.8287 | Val Loss: 1.5573 | Val Acc: 0.4286
2025-06-22 04:22:30,158 [INFO] Epoch 121 | Train Loss: 0.8192 | Val Loss: 1.5230 | Val Acc: 0.4643
2025-06-22 04:22:30,175 [INFO] Epoch 122 | Train Loss: 0.7719 | Val Loss: 1.7104 | Val Acc: 0.4643
2025-06-22 04:22:30,190 [INFO] Epoch 123 | Train Loss: 0.8765 | Val Loss: 1.6954 | Val Acc: 0.5000
2025-06-22 04:22:30,206 [INFO] Epoch 124 | Train Loss: 0.8552 | Val Loss: 1.7729 | Val Acc: 0.5000
2025-06-22 04:22:30,221 [INFO] Epoch 125 | Train Loss: 0.8538 | Val Loss: 1.8822 | Val Acc: 0.4286
2025-06-22 04:22:30,242 [INFO] Epoch 126 | Train Loss: 0.8183 | Val Loss: 1.8017 | Val Acc: 0.4464
2025-06-22 04:22:30,260 [INFO] Epoch 127 | Train Loss: 0.9948 | Val Loss: 1.8383 | Val Acc: 0.4107
2025-06-22 04:22:30,278 [INFO] Epoch 128 | Train Loss: 0.8647 | Val Loss: 1.8018 | Val Acc: 0.3750
2025-06-22 04:22:30,294 [INFO] Epoch 129 | Train Loss: 0.7778 | Val Loss: 2.0462 | Val Acc: 0.4286
2025-06-22 04:22:30,308 [INFO] Epoch 130 | Train Loss: 0.8326 | Val Loss: 1.8902 | Val Acc: 0.3929
2025-06-22 04:22:32,007 [INFO] Epoch 131 | Train Loss: 0.8290 | Val Loss: 1.7653 | Val Acc: 0.4107
2025-06-22 04:22:32,029 [INFO] Epoch 132 | Train Loss: 0.8324 | Val Loss: 1.7212 | Val Acc: 0.3929
2025-06-22 04:22:32,051 [INFO] Epoch 133 | Train Loss: 0.7350 | Val Loss: 1.7695 | Val Acc: 0.3750
2025-06-22 04:22:32,082 [INFO] Epoch 134 | Train Loss: 0.9782 | Val Loss: 1.7540 | Val Acc: 0.3214
2025-06-22 04:22:32,103 [INFO] Epoch 135 | Train Loss: 0.8450 | Val Loss: 1.5710 | Val Acc: 0.3929
2025-06-22 04:22:32,118 [INFO] Epoch 136 | Train Loss: 0.8575 | Val Loss: 1.5977 | Val Acc: 0.4286
2025-06-22 04:22:32,135 [INFO] Epoch 137 | Train Loss: 0.8639 | Val Loss: 1.5563 | Val Acc: 0.4643
2025-06-22 04:22:32,153 [INFO] Epoch 138 | Train Loss: 0.7870 | Val Loss: 1.7478 | Val Acc: 0.4286
2025-06-22 04:22:32,174 [INFO] Epoch 139 | Train Loss: 0.8958 | Val Loss: 1.8035 | Val Acc: 0.4643
2025-06-22 04:22:32,193 [INFO] Epoch 140 | Train Loss: 0.8643 | Val Loss: 1.9738 | Val Acc: 0.3929
2025-06-22 04:22:32,767 [INFO] Epoch 141 | Train Loss: 0.8807 | Val Loss: 1.8880 | Val Acc: 0.3929
2025-06-22 04:22:32,784 [INFO] Epoch 142 | Train Loss: 0.8169 | Val Loss: 1.7952 | Val Acc: 0.4107
2025-06-22 04:22:32,799 [INFO] Epoch 143 | Train Loss: 0.8304 | Val Loss: 1.6159 | Val Acc: 0.4464
2025-06-22 04:22:32,815 [INFO] Epoch 144 | Train Loss: 0.7302 | Val Loss: 1.5673 | Val Acc: 0.4286
2025-06-22 04:22:32,834 [INFO] Epoch 145 | Train Loss: 0.7535 | Val Loss: 1.7795 | Val Acc: 0.3929
2025-06-22 04:22:32,851 [INFO] Epoch 146 | Train Loss: 0.8160 | Val Loss: 1.8033 | Val Acc: 0.3750
2025-06-22 04:22:32,868 [INFO] Epoch 147 | Train Loss: 0.7434 | Val Loss: 1.7830 | Val Acc: 0.3750
2025-06-22 04:22:32,888 [INFO] Epoch 148 | Train Loss: 0.6868 | Val Loss: 1.7983 | Val Acc: 0.3929
2025-06-22 04:22:32,908 [INFO] Epoch 149 | Train Loss: 0.8058 | Val Loss: 1.7211 | Val Acc: 0.4464
2025-06-22 04:22:32,930 [INFO] Epoch 150 | Train Loss: 0.7486 | Val Loss: 1.6202 | Val Acc: 0.4286
2025-06-22 04:22:33,534 [INFO] Epoch 151 | Train Loss: 0.7325 | Val Loss: 1.9837 | Val Acc: 0.4107
2025-06-22 04:22:33,549 [INFO] Epoch 152 | Train Loss: 0.7637 | Val Loss: 1.8930 | Val Acc: 0.3571
2025-06-22 04:22:33,564 [INFO] Epoch 153 | Train Loss: 0.6968 | Val Loss: 1.7431 | Val Acc: 0.4107
2025-06-22 04:22:33,579 [INFO] Epoch 154 | Train Loss: 0.7479 | Val Loss: 1.7265 | Val Acc: 0.4643
2025-06-22 04:22:33,594 [INFO] Epoch 155 | Train Loss: 0.7864 | Val Loss: 1.5980 | Val Acc: 0.4107
2025-06-22 04:22:33,616 [INFO] Epoch 156 | Train Loss: 0.6759 | Val Loss: 1.6446 | Val Acc: 0.4286
2025-06-22 04:22:33,631 [INFO] Epoch 157 | Train Loss: 0.7487 | Val Loss: 1.5458 | Val Acc: 0.3929
2025-06-22 04:22:33,646 [INFO] Epoch 158 | Train Loss: 0.7642 | Val Loss: 1.5477 | Val Acc: 0.4464
2025-06-22 04:22:33,661 [INFO] Epoch 159 | Train Loss: 0.7167 | Val Loss: 1.6152 | Val Acc: 0.4286
2025-06-22 04:22:33,676 [INFO] Epoch 160 | Train Loss: 0.7435 | Val Loss: 1.5848 | Val Acc: 0.4821
2025-06-22 04:22:34,335 [INFO] Epoch 161 | Train Loss: 0.6656 | Val Loss: 1.6134 | Val Acc: 0.4464
2025-06-22 04:22:34,356 [INFO] Epoch 162 | Train Loss: 0.7700 | Val Loss: 1.6451 | Val Acc: 0.4464
2025-06-22 04:22:34,375 [INFO] Epoch 163 | Train Loss: 0.9158 | Val Loss: 1.6954 | Val Acc: 0.5000
2025-06-22 04:22:34,395 [INFO] Epoch 164 | Train Loss: 0.6836 | Val Loss: 1.6597 | Val Acc: 0.4464
2025-06-22 04:22:34,432 [INFO] Epoch 165 | Train Loss: 0.6592 | Val Loss: 1.5805 | Val Acc: 0.3929
2025-06-22 04:22:34,448 [INFO] Epoch 166 | Train Loss: 0.7421 | Val Loss: 1.6402 | Val Acc: 0.3750
2025-06-22 04:22:34,462 [INFO] Epoch 167 | Train Loss: 0.7766 | Val Loss: 2.1371 | Val Acc: 0.2857
2025-06-22 04:22:34,477 [INFO] Epoch 168 | Train Loss: 0.7290 | Val Loss: 1.6693 | Val Acc: 0.4107
2025-06-22 04:22:34,492 [INFO] Epoch 169 | Train Loss: 0.8059 | Val Loss: 1.7302 | Val Acc: 0.5179
2025-06-22 04:22:34,494 [INFO] New best model at epoch 169 (Val Acc: 0.5179)
2025-06-22 04:22:34,508 [INFO] Epoch 170 | Train Loss: 0.7533 | Val Loss: 1.7201 | Val Acc: 0.4643
2025-06-22 04:22:35,749 [INFO] Epoch 171 | Train Loss: 0.7074 | Val Loss: 1.7794 | Val Acc: 0.4464
2025-06-22 04:22:35,770 [INFO] Epoch 172 | Train Loss: 0.6945 | Val Loss: 1.7678 | Val Acc: 0.4286
2025-06-22 04:22:35,788 [INFO] Epoch 173 | Train Loss: 0.7400 | Val Loss: 1.6003 | Val Acc: 0.4643
2025-06-22 04:22:35,807 [INFO] Epoch 174 | Train Loss: 0.6999 | Val Loss: 1.6565 | Val Acc: 0.5000
2025-06-22 04:22:35,834 [INFO] Epoch 175 | Train Loss: 0.7484 | Val Loss: 1.6899 | Val Acc: 0.4286
2025-06-22 04:22:35,849 [INFO] Epoch 176 | Train Loss: 0.6201 | Val Loss: 1.9724 | Val Acc: 0.4643
2025-06-22 04:22:35,864 [INFO] Epoch 177 | Train Loss: 0.7166 | Val Loss: 1.9762 | Val Acc: 0.4643
2025-06-22 04:22:35,888 [INFO] Epoch 178 | Train Loss: 0.7161 | Val Loss: 1.9885 | Val Acc: 0.4464
2025-06-22 04:22:35,903 [INFO] Epoch 179 | Train Loss: 0.7175 | Val Loss: 1.8799 | Val Acc: 0.4464
2025-06-22 04:22:35,918 [INFO] Epoch 180 | Train Loss: 0.6519 | Val Loss: 1.9383 | Val Acc: 0.4643
2025-06-22 04:22:36,503 [INFO] Epoch 181 | Train Loss: 0.7641 | Val Loss: 1.8111 | Val Acc: 0.5357
2025-06-22 04:22:36,505 [INFO] New best model at epoch 181 (Val Acc: 0.5357)
2025-06-22 04:22:36,527 [INFO] Epoch 182 | Train Loss: 0.7930 | Val Loss: 1.8259 | Val Acc: 0.3750
2025-06-22 04:22:36,550 [INFO] Epoch 183 | Train Loss: 0.6794 | Val Loss: 1.7858 | Val Acc: 0.4464
2025-06-22 04:22:36,572 [INFO] Epoch 184 | Train Loss: 0.7300 | Val Loss: 1.8741 | Val Acc: 0.4464
2025-06-22 04:22:36,587 [INFO] Epoch 185 | Train Loss: 0.7260 | Val Loss: 2.0350 | Val Acc: 0.3571
2025-06-22 04:22:36,602 [INFO] Epoch 186 | Train Loss: 0.6335 | Val Loss: 2.0302 | Val Acc: 0.3750
2025-06-22 04:22:36,623 [INFO] Epoch 187 | Train Loss: 0.6437 | Val Loss: 1.9934 | Val Acc: 0.4643
2025-06-22 04:22:36,667 [INFO] Epoch 188 | Train Loss: 0.7114 | Val Loss: 1.8674 | Val Acc: 0.4464
2025-06-22 04:22:36,687 [INFO] Epoch 189 | Train Loss: 0.7496 | Val Loss: 2.2064 | Val Acc: 0.3571
2025-06-22 04:22:36,706 [INFO] Epoch 190 | Train Loss: 0.7122 | Val Loss: 2.2614 | Val Acc: 0.3929
2025-06-22 04:22:37,578 [INFO] Epoch 191 | Train Loss: 0.6010 | Val Loss: 1.8049 | Val Acc: 0.4643
2025-06-22 04:22:37,597 [INFO] Epoch 192 | Train Loss: 0.6819 | Val Loss: 1.8765 | Val Acc: 0.4464
2025-06-22 04:22:37,616 [INFO] Epoch 193 | Train Loss: 0.5734 | Val Loss: 2.0314 | Val Acc: 0.4464
2025-06-22 04:22:37,636 [INFO] Epoch 194 | Train Loss: 0.6447 | Val Loss: 2.1347 | Val Acc: 0.4643
2025-06-22 04:22:37,661 [INFO] Epoch 195 | Train Loss: 0.7106 | Val Loss: 2.1400 | Val Acc: 0.3929
2025-06-22 04:22:37,678 [INFO] Epoch 196 | Train Loss: 0.5419 | Val Loss: 1.9698 | Val Acc: 0.4464
2025-06-22 04:22:37,693 [INFO] Epoch 197 | Train Loss: 0.6661 | Val Loss: 1.8980 | Val Acc: 0.5179
2025-06-22 04:22:37,708 [INFO] Epoch 198 | Train Loss: 0.6504 | Val Loss: 1.7869 | Val Acc: 0.4643
2025-06-22 04:22:37,723 [INFO] Epoch 199 | Train Loss: 0.6323 | Val Loss: 1.8289 | Val Acc: 0.5357
2025-06-22 04:22:37,742 [INFO] Epoch 200 | Train Loss: 0.6359 | Val Loss: 2.0277 | Val Acc: 0.4821
2025-06-22 04:22:38,315 [INFO] Epoch 201 | Train Loss: 0.6800 | Val Loss: 1.9650 | Val Acc: 0.4643
2025-06-22 04:22:38,330 [INFO] Epoch 202 | Train Loss: 0.6480 | Val Loss: 1.8109 | Val Acc: 0.4821
2025-06-22 04:22:38,346 [INFO] Epoch 203 | Train Loss: 0.6447 | Val Loss: 1.7426 | Val Acc: 0.4821
2025-06-22 04:22:38,361 [INFO] Epoch 204 | Train Loss: 0.6827 | Val Loss: 2.0572 | Val Acc: 0.4107
2025-06-22 04:22:38,376 [INFO] Epoch 205 | Train Loss: 0.6680 | Val Loss: 2.2445 | Val Acc: 0.4286
2025-06-22 04:22:38,398 [INFO] Epoch 206 | Train Loss: 0.6850 | Val Loss: 2.2849 | Val Acc: 0.3929
2025-06-22 04:22:38,413 [INFO] Epoch 207 | Train Loss: 0.6508 | Val Loss: 2.1854 | Val Acc: 0.4107
2025-06-22 04:22:38,429 [INFO] Epoch 208 | Train Loss: 0.5653 | Val Loss: 1.9906 | Val Acc: 0.5000
2025-06-22 04:22:38,451 [INFO] Epoch 209 | Train Loss: 0.5394 | Val Loss: 1.8555 | Val Acc: 0.4821
2025-06-22 04:22:38,473 [INFO] Epoch 210 | Train Loss: 0.4876 | Val Loss: 1.8358 | Val Acc: 0.4464
2025-06-22 04:22:39,033 [INFO] Epoch 211 | Train Loss: 0.5714 | Val Loss: 1.8059 | Val Acc: 0.4643
2025-06-22 04:22:39,049 [INFO] Epoch 212 | Train Loss: 0.5670 | Val Loss: 1.8083 | Val Acc: 0.5000
2025-06-22 04:22:39,064 [INFO] Epoch 213 | Train Loss: 0.5012 | Val Loss: 1.7532 | Val Acc: 0.5179
2025-06-22 04:22:39,078 [INFO] Epoch 214 | Train Loss: 0.5591 | Val Loss: 1.7746 | Val Acc: 0.4821
2025-06-22 04:22:39,094 [INFO] Epoch 215 | Train Loss: 0.6459 | Val Loss: 1.9974 | Val Acc: 0.4464
2025-06-22 04:22:39,112 [INFO] Epoch 216 | Train Loss: 0.6334 | Val Loss: 2.1683 | Val Acc: 0.4286
2025-06-22 04:22:39,128 [INFO] Epoch 217 | Train Loss: 0.5619 | Val Loss: 2.2836 | Val Acc: 0.4286
2025-06-22 04:22:39,144 [INFO] Epoch 218 | Train Loss: 0.6560 | Val Loss: 2.0939 | Val Acc: 0.4107
2025-06-22 04:22:39,158 [INFO] Epoch 219 | Train Loss: 0.6582 | Val Loss: 1.9735 | Val Acc: 0.3571
2025-06-22 04:22:39,174 [INFO] Epoch 220 | Train Loss: 0.5615 | Val Loss: 1.8403 | Val Acc: 0.3750
2025-06-22 04:22:39,769 [INFO] Epoch 221 | Train Loss: 0.5194 | Val Loss: 1.9697 | Val Acc: 0.3929
2025-06-22 04:22:39,784 [INFO] Epoch 222 | Train Loss: 0.6201 | Val Loss: 1.9703 | Val Acc: 0.4464
2025-06-22 04:22:39,799 [INFO] Epoch 223 | Train Loss: 0.6315 | Val Loss: 2.0981 | Val Acc: 0.4286
2025-06-22 04:22:39,815 [INFO] Epoch 224 | Train Loss: 0.6694 | Val Loss: 2.2190 | Val Acc: 0.4286
2025-06-22 04:22:39,836 [INFO] Epoch 225 | Train Loss: 0.7126 | Val Loss: 2.2092 | Val Acc: 0.4643
2025-06-22 04:22:39,852 [INFO] Epoch 226 | Train Loss: 0.6173 | Val Loss: 2.2978 | Val Acc: 0.4464
2025-06-22 04:22:39,867 [INFO] Epoch 227 | Train Loss: 0.5620 | Val Loss: 1.9964 | Val Acc: 0.5000
2025-06-22 04:22:39,883 [INFO] Epoch 228 | Train Loss: 0.5686 | Val Loss: 2.0350 | Val Acc: 0.4821
2025-06-22 04:22:39,900 [INFO] Epoch 229 | Train Loss: 0.6748 | Val Loss: 2.0800 | Val Acc: 0.4821
2025-06-22 04:22:39,918 [INFO] Epoch 230 | Train Loss: 0.6115 | Val Loss: 2.0619 | Val Acc: 0.4643
2025-06-22 04:22:40,517 [INFO] Epoch 231 | Train Loss: 0.6239 | Val Loss: 2.1564 | Val Acc: 0.4286
2025-06-22 04:22:40,532 [INFO] Epoch 232 | Train Loss: 0.6299 | Val Loss: 1.8379 | Val Acc: 0.4643
2025-06-22 04:22:40,547 [INFO] Epoch 233 | Train Loss: 0.5989 | Val Loss: 1.8273 | Val Acc: 0.4643
2025-06-22 04:22:40,562 [INFO] Epoch 234 | Train Loss: 0.6412 | Val Loss: 1.9226 | Val Acc: 0.3929
2025-06-22 04:22:40,578 [INFO] Epoch 235 | Train Loss: 0.5468 | Val Loss: 2.0737 | Val Acc: 0.3929
2025-06-22 04:22:40,600 [INFO] Epoch 236 | Train Loss: 0.5780 | Val Loss: 1.8873 | Val Acc: 0.4643
2025-06-22 04:22:40,615 [INFO] Epoch 237 | Train Loss: 0.6077 | Val Loss: 1.7155 | Val Acc: 0.4821
2025-06-22 04:22:40,630 [INFO] Epoch 238 | Train Loss: 0.4933 | Val Loss: 1.7025 | Val Acc: 0.5000
2025-06-22 04:22:40,644 [INFO] Epoch 239 | Train Loss: 0.5135 | Val Loss: 1.8632 | Val Acc: 0.5000
2025-06-22 04:22:40,658 [INFO] Epoch 240 | Train Loss: 0.6395 | Val Loss: 1.9680 | Val Acc: 0.5179
2025-06-22 04:22:41,251 [INFO] Epoch 241 | Train Loss: 0.8153 | Val Loss: 2.1385 | Val Acc: 0.4286
2025-06-22 04:22:41,267 [INFO] Epoch 242 | Train Loss: 0.6829 | Val Loss: 2.3651 | Val Acc: 0.4464
2025-06-22 04:22:41,282 [INFO] Epoch 243 | Train Loss: 0.5790 | Val Loss: 2.2157 | Val Acc: 0.4821
2025-06-22 04:22:41,296 [INFO] Epoch 244 | Train Loss: 0.6316 | Val Loss: 1.9845 | Val Acc: 0.4821
2025-06-22 04:22:41,311 [INFO] Epoch 245 | Train Loss: 0.6749 | Val Loss: 1.7429 | Val Acc: 0.4107
2025-06-22 04:22:41,332 [INFO] Epoch 246 | Train Loss: 0.4948 | Val Loss: 1.7408 | Val Acc: 0.4107
2025-06-22 04:22:41,347 [INFO] Epoch 247 | Train Loss: 0.5346 | Val Loss: 1.8271 | Val Acc: 0.4107
2025-06-22 04:22:41,363 [INFO] Epoch 248 | Train Loss: 0.6258 | Val Loss: 1.8455 | Val Acc: 0.4464
2025-06-22 04:22:41,378 [INFO] Epoch 249 | Train Loss: 0.5663 | Val Loss: 2.1236 | Val Acc: 0.3750
2025-06-22 04:22:41,393 [INFO] Epoch 250 | Train Loss: 0.6084 | Val Loss: 2.0381 | Val Acc: 0.3929
2025-06-22 04:22:41,987 [INFO] Epoch 251 | Train Loss: 0.4929 | Val Loss: 2.1056 | Val Acc: 0.4464
2025-06-22 04:22:42,003 [INFO] Epoch 252 | Train Loss: 0.5480 | Val Loss: 1.9561 | Val Acc: 0.4107
2025-06-22 04:22:42,018 [INFO] Epoch 253 | Train Loss: 0.5303 | Val Loss: 1.9773 | Val Acc: 0.5179
2025-06-22 04:22:42,034 [INFO] Epoch 254 | Train Loss: 0.6292 | Val Loss: 2.0797 | Val Acc: 0.5000
2025-06-22 04:22:42,049 [INFO] Epoch 255 | Train Loss: 0.6007 | Val Loss: 2.2002 | Val Acc: 0.4464
2025-06-22 04:22:42,070 [INFO] Epoch 256 | Train Loss: 0.5372 | Val Loss: 2.2211 | Val Acc: 0.4107
2025-06-22 04:22:42,087 [INFO] Epoch 257 | Train Loss: 0.5767 | Val Loss: 2.1078 | Val Acc: 0.4821
2025-06-22 04:22:42,102 [INFO] Epoch 258 | Train Loss: 0.5143 | Val Loss: 1.8843 | Val Acc: 0.4107
2025-06-22 04:22:42,117 [INFO] Epoch 259 | Train Loss: 0.5849 | Val Loss: 2.0092 | Val Acc: 0.4107
2025-06-22 04:22:42,132 [INFO] Epoch 260 | Train Loss: 0.6278 | Val Loss: 2.0953 | Val Acc: 0.4107
2025-06-22 04:22:42,700 [INFO] Epoch 261 | Train Loss: 0.6753 | Val Loss: 2.1363 | Val Acc: 0.4464
2025-06-22 04:22:42,715 [INFO] Epoch 262 | Train Loss: 0.5826 | Val Loss: 1.9898 | Val Acc: 0.5357
2025-06-22 04:22:42,730 [INFO] Epoch 263 | Train Loss: 0.4988 | Val Loss: 1.9655 | Val Acc: 0.5179
2025-06-22 04:22:42,753 [INFO] Epoch 264 | Train Loss: 0.4811 | Val Loss: 2.0494 | Val Acc: 0.4286
2025-06-22 04:22:42,775 [INFO] Epoch 265 | Train Loss: 0.5987 | Val Loss: 2.3384 | Val Acc: 0.3571
2025-06-22 04:22:42,802 [INFO] Epoch 266 | Train Loss: 0.5188 | Val Loss: 2.3252 | Val Acc: 0.3571
2025-06-22 04:22:42,819 [INFO] Epoch 267 | Train Loss: 0.5676 | Val Loss: 2.5621 | Val Acc: 0.3750
2025-06-22 04:22:42,838 [INFO] Epoch 268 | Train Loss: 0.5572 | Val Loss: 2.2434 | Val Acc: 0.4821
2025-06-22 04:22:42,865 [INFO] Epoch 269 | Train Loss: 0.5007 | Val Loss: 2.2464 | Val Acc: 0.4821
2025-06-22 04:22:42,888 [INFO] Epoch 270 | Train Loss: 0.5501 | Val Loss: 2.2358 | Val Acc: 0.4643
2025-06-22 04:22:44,605 [INFO] Epoch 271 | Train Loss: 0.4748 | Val Loss: 2.0537 | Val Acc: 0.5179
2025-06-22 04:22:44,628 [INFO] Epoch 272 | Train Loss: 0.4545 | Val Loss: 2.2229 | Val Acc: 0.4821
2025-06-22 04:22:44,651 [INFO] Epoch 273 | Train Loss: 0.5930 | Val Loss: 2.1649 | Val Acc: 0.4107
2025-06-22 04:22:44,682 [INFO] Epoch 274 | Train Loss: 0.4950 | Val Loss: 2.2546 | Val Acc: 0.3750
2025-06-22 04:22:44,703 [INFO] Epoch 275 | Train Loss: 0.4075 | Val Loss: 2.1726 | Val Acc: 0.3929
2025-06-22 04:22:44,722 [INFO] Epoch 276 | Train Loss: 0.5044 | Val Loss: 2.1103 | Val Acc: 0.4643
2025-06-22 04:22:44,738 [INFO] Epoch 277 | Train Loss: 0.4135 | Val Loss: 2.2845 | Val Acc: 0.4286
2025-06-22 04:22:44,754 [INFO] Epoch 278 | Train Loss: 0.6023 | Val Loss: 2.2992 | Val Acc: 0.4464
2025-06-22 04:22:44,770 [INFO] Epoch 279 | Train Loss: 0.5232 | Val Loss: 2.5283 | Val Acc: 0.4821
2025-06-22 04:22:44,786 [INFO] Epoch 280 | Train Loss: 0.5229 | Val Loss: 2.4979 | Val Acc: 0.4286
2025-06-22 04:22:45,403 [INFO] Epoch 281 | Train Loss: 0.5000 | Val Loss: 2.3300 | Val Acc: 0.4286
2025-06-22 04:22:45,418 [INFO] Epoch 282 | Train Loss: 0.5135 | Val Loss: 2.1286 | Val Acc: 0.4107
2025-06-22 04:22:45,434 [INFO] Epoch 283 | Train Loss: 0.5448 | Val Loss: 2.0439 | Val Acc: 0.4464
2025-06-22 04:22:45,449 [INFO] Epoch 284 | Train Loss: 0.4881 | Val Loss: 2.0868 | Val Acc: 0.5179
2025-06-22 04:22:45,464 [INFO] Epoch 285 | Train Loss: 0.4897 | Val Loss: 2.0715 | Val Acc: 0.4107
2025-06-22 04:22:45,491 [INFO] Epoch 286 | Train Loss: 0.4999 | Val Loss: 2.1941 | Val Acc: 0.4286
2025-06-22 04:22:45,507 [INFO] Epoch 287 | Train Loss: 0.4197 | Val Loss: 2.2717 | Val Acc: 0.4107
2025-06-22 04:22:45,522 [INFO] Epoch 288 | Train Loss: 0.4681 | Val Loss: 2.1224 | Val Acc: 0.3929
2025-06-22 04:22:45,537 [INFO] Epoch 289 | Train Loss: 0.4736 | Val Loss: 1.7392 | Val Acc: 0.4107
2025-06-22 04:22:45,553 [INFO] Epoch 290 | Train Loss: 0.4669 | Val Loss: 2.0975 | Val Acc: 0.4107
2025-06-22 04:22:46,180 [INFO] Epoch 291 | Train Loss: 0.4704 | Val Loss: 2.1750 | Val Acc: 0.4464
2025-06-22 04:22:46,196 [INFO] Epoch 292 | Train Loss: 0.5250 | Val Loss: 1.7084 | Val Acc: 0.4821
2025-06-22 04:22:46,212 [INFO] Epoch 293 | Train Loss: 0.6550 | Val Loss: 1.7888 | Val Acc: 0.4286
2025-06-22 04:22:46,227 [INFO] Epoch 294 | Train Loss: 0.5603 | Val Loss: 2.0001 | Val Acc: 0.4286
2025-06-22 04:22:46,242 [INFO] Epoch 295 | Train Loss: 0.5578 | Val Loss: 2.2410 | Val Acc: 0.5000
2025-06-22 04:22:46,267 [INFO] Epoch 296 | Train Loss: 0.6391 | Val Loss: 2.2122 | Val Acc: 0.4643
2025-06-22 04:22:46,283 [INFO] Epoch 297 | Train Loss: 0.5003 | Val Loss: 1.6871 | Val Acc: 0.4821
2025-06-22 04:22:46,299 [INFO] Epoch 298 | Train Loss: 0.5599 | Val Loss: 1.6647 | Val Acc: 0.4821
2025-06-22 04:22:46,314 [INFO] Epoch 299 | Train Loss: 0.4877 | Val Loss: 1.9053 | Val Acc: 0.5536
2025-06-22 04:22:46,317 [INFO] New best model at epoch 299 (Val Acc: 0.5536)
2025-06-22 04:22:46,330 [INFO] Epoch 300 | Train Loss: 0.5522 | Val Loss: 1.9258 | Val Acc: 0.5179
2025-06-22 04:22:47,152 [INFO] Best model saved to <built-in function time>/ENZYMES/best/best_source_gin.pth (Val Acc: 0.5536 at epoch 299)
2025-06-22 04:22:47,153 [INFO] Training/validation metrics saved to <built-in function time>/ENZYMES/GIN_0.001/train_metrics.csv
2025-06-22 04:22:47,711 [INFO] Final training curves saved
2025-06-22 04:22:47,711 [INFO] Training completed!
2025-06-22 04:22:47,711 [INFO] Best validation accuracy: 0.5536
2025-06-22 04:22:47,711 [INFO] Best epoch: 299
2025-06-22 04:22:47,711 [INFO] Total epochs trained: 300
2025-06-22 04:22:47,712 [INFO] Starting training with parameters: (0.001, 0.3, 64, 2, 300, 0.0001)
