2025-06-22 09:23:36,255 [INFO] Using device: cpu
2025-06-22 09:23:36,255 [INFO] 开始创建数据加载器...
2025-06-22 09:23:36,259 [INFO] Successfully loaded dataset ENZYMES from ./data, total graphs: 600
2025-06-22 09:23:36,259 [INFO] Class allocation analysis:
2025-06-22 09:23:36,259 [INFO]   Source classes: [0, 1, 2, 3]
2025-06-22 09:23:36,259 [INFO]   Target classes: [0, 1, 2, 3, 4, 5]
2025-06-22 09:23:36,259 [INFO]   Overlap classes (to be split): [0, 1, 2, 3]
2025-06-22 09:23:36,259 [INFO]   Target novel classes (unknown): [4, 5]
2025-06-22 09:23:36,274 [INFO]   Class 0: 100 total -> Source: 70, Target: 30
2025-06-22 09:23:36,274 [INFO]   Class 1: 100 total -> Source: 70, Target: 30
2025-06-22 09:23:36,274 [INFO]   Class 2: 100 total -> Source: 70, Target: 30
2025-06-22 09:23:36,274 [INFO]   Class 3: 100 total -> Source: 70, Target: 30
2025-06-22 09:23:36,274 [INFO]   Class 4 (novel/unknown): 100 samples -> Target
2025-06-22 09:23:36,274 [INFO]   Class 5 (novel/unknown): 100 samples -> Target
2025-06-22 09:23:36,274 [INFO] Final allocation:
2025-06-22 09:23:36,274 [INFO]   Source domain: 280 samples
2025-06-22 09:23:36,274 [INFO]   Target domain: 320 samples
2025-06-22 09:23:36,276 [INFO] Source domain setup:
2025-06-22 09:23:36,276 [INFO]   Original classes: [0, 1, 2, 3]
2025-06-22 09:23:36,276 [INFO]   Overlap classes used: [0, 1, 2, 3]
2025-06-22 09:23:36,276 [INFO]   Label mapping: {0: 0, 1: 1, 2: 2, 3: 3}
2025-06-22 09:23:36,276 [INFO]   Total data after allocation: 280
2025-06-22 09:23:36,276 [INFO]   Data split - Train: 224, Val: 56
2025-06-22 09:23:36,276 [INFO]   Train label distribution: {0: 56, 1: 56, 3: 56, 2: 56}
2025-06-22 09:23:36,276 [INFO]   Val label distribution: {1: 14, 2: 14, 0: 14, 3: 14}
2025-06-22 09:23:36,277 [INFO] Successfully loaded dataset ENZYMES from ./data, total graphs: 600
2025-06-22 09:23:36,277 [INFO] Class allocation analysis:
2025-06-22 09:23:36,277 [INFO]   Source classes: [0, 1, 2, 3]
2025-06-22 09:23:36,277 [INFO]   Target classes: [0, 1, 2, 3, 4, 5]
2025-06-22 09:23:36,277 [INFO]   Overlap classes (to be split): [0, 1, 2, 3]
2025-06-22 09:23:36,277 [INFO]   Target novel classes (unknown): [4, 5]
2025-06-22 09:23:36,291 [INFO]   Class 0: 100 total -> Source: 70, Target: 30
2025-06-22 09:23:36,291 [INFO]   Class 1: 100 total -> Source: 70, Target: 30
2025-06-22 09:23:36,291 [INFO]   Class 2: 100 total -> Source: 70, Target: 30
2025-06-22 09:23:36,291 [INFO]   Class 3: 100 total -> Source: 70, Target: 30
2025-06-22 09:23:36,291 [INFO]   Class 4 (novel/unknown): 100 samples -> Target
2025-06-22 09:23:36,292 [INFO]   Class 5 (novel/unknown): 100 samples -> Target
2025-06-22 09:23:36,292 [INFO] Final allocation:
2025-06-22 09:23:36,292 [INFO]   Source domain: 280 samples
2025-06-22 09:23:36,292 [INFO]   Target domain: 320 samples
2025-06-22 09:23:36,293 [INFO] Target domain setup:
2025-06-22 09:23:36,293 [INFO]   Original classes: [0, 1, 2, 3, 4, 5]
2025-06-22 09:23:36,293 [INFO]   Overlap classes: [0, 1, 2, 3]
2025-06-22 09:23:36,293 [INFO]   Novel classes: [4, 5] -> mapped to unknown label 4
2025-06-22 09:23:36,293 [INFO]   Label mapping: {0: 0, 1: 1, 2: 2, 3: 3, 4: 4, 5: 4}
2025-06-22 09:23:36,293 [INFO]   Total data after allocation: 320
2025-06-22 09:23:36,293 [INFO]   Data split - Train: 256, Val: 64
2025-06-22 09:23:36,293 [INFO]   Total count: 320 (known: 120, unknown: 200)
2025-06-22 09:23:36,293 [INFO]   Total label distribution: {4: 200, 3: 30, 0: 30, 1: 30, 2: 30}
2025-06-22 09:23:36,293 [INFO]   Train label distribution: {4: 160, 0: 24, 2: 24, 3: 24, 1: 24}
2025-06-22 09:23:36,293 [INFO]   Val label distribution: {1: 6, 4: 40, 3: 6, 0: 6, 2: 6}
2025-06-22 09:23:36,294 [INFO] 数据加载器创建完成!
2025-06-22 09:23:36,294 [INFO] 源域类别数: 4 (重叠类别)
2025-06-22 09:23:36,294 [INFO] 目标域类别数: 5 (4个重叠类别 + 1个未知类别)
2025-06-22 09:23:36,294 [INFO] 重叠类别: [0, 1, 2, 3]
2025-06-22 09:23:36,294 [INFO] 目标域新类别: [4, 5]
2025-06-22 09:23:36,294 [INFO] Data allocation verification:
2025-06-22 09:23:36,294 [INFO]   Source data samples: 280
2025-06-22 09:23:36,294 [INFO]   Target data samples: 320
2025-06-22 09:23:36,294 [INFO]   Overlapping samples: 0
2025-06-22 09:23:36,294 [INFO]   ✓ Data allocation is correct - no overlapping samples
2025-06-22 09:23:36,295 [INFO] Model initialized with 4932 parameters
2025-06-22 09:23:36,296 [INFO] Previous best validation accuracy read from record.txt: 0.6250
2025-06-22 09:23:36,296 [INFO] Starting training...
2025-06-22 09:23:36,309 [INFO] Epoch 001 | Train Loss: 9.3983 | Val Loss: 4.3439 | Val Acc: 0.2679
2025-06-22 09:23:37,059 [INFO] New best model at epoch 1 (Val Acc: 0.2679)
2025-06-22 09:23:37,071 [INFO] Epoch 002 | Train Loss: 9.0710 | Val Loss: 2.1498 | Val Acc: 0.3036
2025-06-22 09:23:37,072 [INFO] New best model at epoch 2 (Val Acc: 0.3036)
2025-06-22 09:23:37,080 [INFO] Epoch 003 | Train Loss: 7.5021 | Val Loss: 2.2517 | Val Acc: 0.3393
2025-06-22 09:23:37,082 [INFO] New best model at epoch 3 (Val Acc: 0.3393)
2025-06-22 09:23:37,091 [INFO] Epoch 004 | Train Loss: 7.2775 | Val Loss: 3.1275 | Val Acc: 0.3214
2025-06-22 09:23:37,100 [INFO] Epoch 005 | Train Loss: 5.8863 | Val Loss: 2.7158 | Val Acc: 0.3393
2025-06-22 09:23:37,110 [INFO] Epoch 006 | Train Loss: 6.6701 | Val Loss: 2.4549 | Val Acc: 0.3929
2025-06-22 09:23:37,111 [INFO] New best model at epoch 6 (Val Acc: 0.3929)
2025-06-22 09:23:37,119 [INFO] Epoch 007 | Train Loss: 6.7602 | Val Loss: 2.2090 | Val Acc: 0.3571
2025-06-22 09:23:37,128 [INFO] Epoch 008 | Train Loss: 6.1693 | Val Loss: 2.2774 | Val Acc: 0.3393
2025-06-22 09:23:37,137 [INFO] Epoch 009 | Train Loss: 6.7408 | Val Loss: 2.7872 | Val Acc: 0.3214
2025-06-22 09:23:37,146 [INFO] Epoch 010 | Train Loss: 5.6230 | Val Loss: 2.6953 | Val Acc: 0.3036
2025-06-22 09:23:37,986 [INFO] Epoch 011 | Train Loss: 5.8480 | Val Loss: 2.8887 | Val Acc: 0.2679
2025-06-22 09:23:38,003 [INFO] Epoch 012 | Train Loss: 5.2420 | Val Loss: 2.7181 | Val Acc: 0.2143
2025-06-22 09:23:38,016 [INFO] Epoch 013 | Train Loss: 4.9667 | Val Loss: 2.6814 | Val Acc: 0.2500
2025-06-22 09:23:38,036 [INFO] Epoch 014 | Train Loss: 5.0509 | Val Loss: 2.3023 | Val Acc: 0.2857
2025-06-22 09:23:38,052 [INFO] Epoch 015 | Train Loss: 4.2058 | Val Loss: 2.1420 | Val Acc: 0.3571
2025-06-22 09:23:38,063 [INFO] Epoch 016 | Train Loss: 4.0411 | Val Loss: 2.0930 | Val Acc: 0.4286
2025-06-22 09:23:38,064 [INFO] New best model at epoch 16 (Val Acc: 0.4286)
2025-06-22 09:23:38,074 [INFO] Epoch 017 | Train Loss: 3.7574 | Val Loss: 2.4142 | Val Acc: 0.3571
2025-06-22 09:23:38,085 [INFO] Epoch 018 | Train Loss: 4.3834 | Val Loss: 2.2577 | Val Acc: 0.2679
2025-06-22 09:23:38,099 [INFO] Epoch 019 | Train Loss: 3.8556 | Val Loss: 2.0683 | Val Acc: 0.2500
2025-06-22 09:23:38,112 [INFO] Epoch 020 | Train Loss: 4.0872 | Val Loss: 2.0752 | Val Acc: 0.2679
2025-06-22 09:23:38,906 [INFO] Epoch 021 | Train Loss: 3.4323 | Val Loss: 1.7913 | Val Acc: 0.3214
2025-06-22 09:23:38,917 [INFO] Epoch 022 | Train Loss: 4.2058 | Val Loss: 1.6546 | Val Acc: 0.3929
2025-06-22 09:23:38,927 [INFO] Epoch 023 | Train Loss: 3.4288 | Val Loss: 1.7966 | Val Acc: 0.4107
2025-06-22 09:23:38,938 [INFO] Epoch 024 | Train Loss: 3.2380 | Val Loss: 1.7047 | Val Acc: 0.3393
2025-06-22 09:23:38,949 [INFO] Epoch 025 | Train Loss: 2.8639 | Val Loss: 1.6872 | Val Acc: 0.3393
2025-06-22 09:23:38,959 [INFO] Epoch 026 | Train Loss: 2.7547 | Val Loss: 1.6721 | Val Acc: 0.3036
2025-06-22 09:23:38,972 [INFO] Epoch 027 | Train Loss: 3.3894 | Val Loss: 1.6036 | Val Acc: 0.3750
2025-06-22 09:23:38,984 [INFO] Epoch 028 | Train Loss: 2.8413 | Val Loss: 1.5105 | Val Acc: 0.3571
2025-06-22 09:23:38,998 [INFO] Epoch 029 | Train Loss: 3.0060 | Val Loss: 1.5159 | Val Acc: 0.3214
2025-06-22 09:23:39,008 [INFO] Epoch 030 | Train Loss: 2.4414 | Val Loss: 1.5599 | Val Acc: 0.3393
2025-06-22 09:23:39,791 [INFO] Epoch 031 | Train Loss: 2.2346 | Val Loss: 1.5475 | Val Acc: 0.3750
2025-06-22 09:23:39,800 [INFO] Epoch 032 | Train Loss: 2.3884 | Val Loss: 1.5574 | Val Acc: 0.3571
2025-06-22 09:23:39,809 [INFO] Epoch 033 | Train Loss: 2.5698 | Val Loss: 1.4179 | Val Acc: 0.4107
2025-06-22 09:23:39,819 [INFO] Epoch 034 | Train Loss: 2.3656 | Val Loss: 1.5005 | Val Acc: 0.3750
2025-06-22 09:23:39,831 [INFO] Epoch 035 | Train Loss: 1.9928 | Val Loss: 1.4959 | Val Acc: 0.3571
2025-06-22 09:23:39,845 [INFO] Epoch 036 | Train Loss: 2.0965 | Val Loss: 1.4938 | Val Acc: 0.3393
2025-06-22 09:23:39,858 [INFO] Epoch 037 | Train Loss: 2.1152 | Val Loss: 1.5329 | Val Acc: 0.3036
2025-06-22 09:23:39,889 [INFO] Epoch 038 | Train Loss: 2.0665 | Val Loss: 1.5128 | Val Acc: 0.3214
2025-06-22 09:23:39,903 [INFO] Epoch 039 | Train Loss: 1.9205 | Val Loss: 1.4980 | Val Acc: 0.3571
2025-06-22 09:23:39,915 [INFO] Epoch 040 | Train Loss: 1.6530 | Val Loss: 1.4443 | Val Acc: 0.3571
2025-06-22 09:23:40,745 [INFO] Epoch 041 | Train Loss: 1.7937 | Val Loss: 1.3905 | Val Acc: 0.3929
2025-06-22 09:23:40,756 [INFO] Epoch 042 | Train Loss: 1.8852 | Val Loss: 1.3875 | Val Acc: 0.3571
2025-06-22 09:23:40,768 [INFO] Epoch 043 | Train Loss: 1.5757 | Val Loss: 1.4595 | Val Acc: 0.3214
2025-06-22 09:23:40,780 [INFO] Epoch 044 | Train Loss: 1.8294 | Val Loss: 1.3735 | Val Acc: 0.3929
2025-06-22 09:23:40,792 [INFO] Epoch 045 | Train Loss: 1.7237 | Val Loss: 1.3718 | Val Acc: 0.3929
2025-06-22 09:23:40,801 [INFO] Epoch 046 | Train Loss: 1.6281 | Val Loss: 1.3552 | Val Acc: 0.3214
2025-06-22 09:23:40,811 [INFO] Epoch 047 | Train Loss: 1.5568 | Val Loss: 1.3826 | Val Acc: 0.3929
2025-06-22 09:23:40,821 [INFO] Epoch 048 | Train Loss: 1.5918 | Val Loss: 1.3665 | Val Acc: 0.3929
2025-06-22 09:23:40,830 [INFO] Epoch 049 | Train Loss: 1.6257 | Val Loss: 1.3300 | Val Acc: 0.3929
2025-06-22 09:23:40,839 [INFO] Epoch 050 | Train Loss: 1.4163 | Val Loss: 1.2979 | Val Acc: 0.4464
2025-06-22 09:23:41,587 [INFO] New best model at epoch 50 (Val Acc: 0.4464)
2025-06-22 09:23:41,588 [INFO] Best model saved to <built-in function time>/ENZYMES/best/best_source_gin.pth (Val Acc: 0.4464 at epoch 50)
2025-06-22 09:23:41,588 [INFO] Training/validation metrics saved to <built-in function time>/ENZYMES/GIN_0.001/train_metrics.csv
2025-06-22 09:23:42,302 [INFO] Final training curves saved
2025-06-22 09:23:42,302 [INFO] Training completed!
2025-06-22 09:23:42,302 [INFO] Best validation accuracy: 0.4464
2025-06-22 09:23:42,302 [INFO] Best epoch: 50
2025-06-22 09:23:42,302 [INFO] Total epochs trained: 50
2025-06-22 09:23:42,303 [INFO] Starting training with parameters: (0.001, 0.5, 64, 1, 50, 0.0001)
