2025-06-23 11:58:23,875 [INFO] Using device: cpu
2025-06-23 11:58:23,875 [INFO] 开始创建数据加载器...
2025-06-23 11:58:23,884 [INFO] Successfully loaded dataset ENZYMES from ./data, total graphs: 600
2025-06-23 11:58:23,885 [INFO] Class allocation analysis:
2025-06-23 11:58:23,885 [INFO]   Source classes: [0, 1, 2, 3]
2025-06-23 11:58:23,885 [INFO]   Target classes: [0, 1, 2, 3, 4, 5]
2025-06-23 11:58:23,885 [INFO]   Overlap classes (to be split): [0, 1, 2, 3]
2025-06-23 11:58:23,885 [INFO]   Target novel classes (unknown): [4, 5]
2025-06-23 11:58:23,899 [INFO]   Class 0: 100 total -> Source: 70, Target: 30
2025-06-23 11:58:23,899 [INFO]   Class 1: 100 total -> Source: 70, Target: 30
2025-06-23 11:58:23,899 [INFO]   Class 2: 100 total -> Source: 70, Target: 30
2025-06-23 11:58:23,899 [INFO]   Class 3: 100 total -> Source: 70, Target: 30
2025-06-23 11:58:23,899 [INFO]   Class 4 (novel/unknown): 100 samples -> Target
2025-06-23 11:58:23,899 [INFO]   Class 5 (novel/unknown): 100 samples -> Target
2025-06-23 11:58:23,899 [INFO] Final allocation:
2025-06-23 11:58:23,899 [INFO]   Source domain: 280 samples
2025-06-23 11:58:23,899 [INFO]   Target domain: 320 samples
2025-06-23 11:58:23,900 [INFO] Source domain setup:
2025-06-23 11:58:23,901 [INFO]   Original classes: [0, 1, 2, 3]
2025-06-23 11:58:23,901 [INFO]   Overlap classes used: [0, 1, 2, 3]
2025-06-23 11:58:23,901 [INFO]   Label mapping: {0: 0, 1: 1, 2: 2, 3: 3}
2025-06-23 11:58:23,901 [INFO]   Total data after allocation: 280
2025-06-23 11:58:23,901 [INFO]   Data split - Train: 224, Val: 56
2025-06-23 11:58:23,901 [INFO]   Train label distribution: {0: 56, 1: 56, 3: 56, 2: 56}
2025-06-23 11:58:23,901 [INFO]   Val label distribution: {1: 14, 2: 14, 0: 14, 3: 14}
2025-06-23 11:58:23,902 [INFO] Successfully loaded dataset ENZYMES from ./data, total graphs: 600
2025-06-23 11:58:23,902 [INFO] Class allocation analysis:
2025-06-23 11:58:23,902 [INFO]   Source classes: [0, 1, 2, 3]
2025-06-23 11:58:23,902 [INFO]   Target classes: [0, 1, 2, 3, 4, 5]
2025-06-23 11:58:23,902 [INFO]   Overlap classes (to be split): [0, 1, 2, 3]
2025-06-23 11:58:23,902 [INFO]   Target novel classes (unknown): [4, 5]
2025-06-23 11:58:23,915 [INFO]   Class 0: 100 total -> Source: 70, Target: 30
2025-06-23 11:58:23,915 [INFO]   Class 1: 100 total -> Source: 70, Target: 30
2025-06-23 11:58:23,915 [INFO]   Class 2: 100 total -> Source: 70, Target: 30
2025-06-23 11:58:23,915 [INFO]   Class 3: 100 total -> Source: 70, Target: 30
2025-06-23 11:58:23,915 [INFO]   Class 4 (novel/unknown): 100 samples -> Target
2025-06-23 11:58:23,915 [INFO]   Class 5 (novel/unknown): 100 samples -> Target
2025-06-23 11:58:23,916 [INFO] Final allocation:
2025-06-23 11:58:23,916 [INFO]   Source domain: 280 samples
2025-06-23 11:58:23,916 [INFO]   Target domain: 320 samples
2025-06-23 11:58:23,917 [INFO] Target domain setup:
2025-06-23 11:58:23,917 [INFO]   Original classes: [0, 1, 2, 3, 4, 5]
2025-06-23 11:58:23,917 [INFO]   Overlap classes: [0, 1, 2, 3]
2025-06-23 11:58:23,917 [INFO]   Novel classes: [4, 5] -> mapped to unknown label 4
2025-06-23 11:58:23,917 [INFO]   Label mapping: {0: 0, 1: 1, 2: 2, 3: 3, 4: 4, 5: 4}
2025-06-23 11:58:23,917 [INFO]   Total data after allocation: 320
2025-06-23 11:58:23,917 [INFO]   Data split - Train: 256, Val: 64
2025-06-23 11:58:23,917 [INFO]   Total count: 320 (known: 120, unknown: 200)
2025-06-23 11:58:23,917 [INFO]   Total label distribution: {4: 200, 3: 30, 0: 30, 1: 30, 2: 30}
2025-06-23 11:58:23,917 [INFO]   Train label distribution: {4: 160, 0: 24, 2: 24, 3: 24, 1: 24}
2025-06-23 11:58:23,917 [INFO]   Val label distribution: {1: 6, 4: 40, 3: 6, 0: 6, 2: 6}
2025-06-23 11:58:23,917 [INFO] 数据加载器创建完成!
2025-06-23 11:58:23,917 [INFO] 源域类别数: 4 (重叠类别)
2025-06-23 11:58:23,917 [INFO] 目标域类别数: 5 (4个重叠类别 + 1个未知类别)
2025-06-23 11:58:23,917 [INFO] 重叠类别: [0, 1, 2, 3]
2025-06-23 11:58:23,918 [INFO] 目标域新类别: [4, 5]
2025-06-23 11:58:23,918 [INFO] Data allocation verification:
2025-06-23 11:58:23,918 [INFO]   Source data samples: 280
2025-06-23 11:58:23,918 [INFO]   Target data samples: 320
2025-06-23 11:58:23,918 [INFO]   Overlapping samples: 0
2025-06-23 11:58:23,918 [INFO]   ✓ Data allocation is correct - no overlapping samples
2025-06-23 11:58:23,921 [INFO] Model initialized with 334084 parameters
2025-06-23 11:58:23,921 [INFO] Previous best validation accuracy read from record.txt: 0.6429
2025-06-23 11:58:23,921 [INFO] Starting training...
2025-06-23 11:58:24,015 [INFO] Epoch 001 | Train Loss: 15.2632 | Val Loss: 1951.1112 | Val Acc: 0.2500
2025-06-23 11:58:25,983 [INFO] New best model at epoch 1 (Val Acc: 0.2500)
2025-06-23 11:58:26,045 [INFO] Epoch 002 | Train Loss: 8.3714 | Val Loss: 115.7740 | Val Acc: 0.2679
2025-06-23 11:58:26,053 [INFO] New best model at epoch 2 (Val Acc: 0.2679)
2025-06-23 11:58:26,105 [INFO] Epoch 003 | Train Loss: 6.0810 | Val Loss: 54.1862 | Val Acc: 0.2679
2025-06-23 11:58:26,156 [INFO] Epoch 004 | Train Loss: 4.2053 | Val Loss: 8.9290 | Val Acc: 0.3393
2025-06-23 11:58:26,163 [INFO] New best model at epoch 4 (Val Acc: 0.3393)
2025-06-23 11:58:26,203 [INFO] Epoch 005 | Train Loss: 2.8265 | Val Loss: 15.0304 | Val Acc: 0.3393
2025-06-23 11:58:26,251 [INFO] Epoch 006 | Train Loss: 5.6028 | Val Loss: 5.2923 | Val Acc: 0.3929
2025-06-23 11:58:26,259 [INFO] New best model at epoch 6 (Val Acc: 0.3929)
2025-06-23 11:58:26,308 [INFO] Epoch 007 | Train Loss: 5.9810 | Val Loss: 4.7432 | Val Acc: 0.3214
2025-06-23 11:58:26,355 [INFO] Epoch 008 | Train Loss: 5.5616 | Val Loss: 3.0950 | Val Acc: 0.3571
2025-06-23 11:58:26,400 [INFO] Epoch 009 | Train Loss: 5.4649 | Val Loss: 8.9892 | Val Acc: 0.3393
2025-06-23 11:58:26,445 [INFO] Epoch 010 | Train Loss: 6.0498 | Val Loss: 3.4121 | Val Acc: 0.3214
2025-06-23 11:58:27,540 [INFO] Epoch 011 | Train Loss: 2.1261 | Val Loss: 2.1150 | Val Acc: 0.3036
2025-06-23 11:58:27,605 [INFO] Epoch 012 | Train Loss: 4.4672 | Val Loss: 2.6167 | Val Acc: 0.3393
2025-06-23 11:58:27,650 [INFO] Epoch 013 | Train Loss: 2.6020 | Val Loss: 3.0145 | Val Acc: 0.3214
2025-06-23 11:58:27,695 [INFO] Epoch 014 | Train Loss: 3.2010 | Val Loss: 2.3612 | Val Acc: 0.3571
2025-06-23 11:58:27,741 [INFO] Epoch 015 | Train Loss: 1.9240 | Val Loss: 1.5490 | Val Acc: 0.3750
2025-06-23 11:58:27,784 [INFO] Epoch 016 | Train Loss: 5.1155 | Val Loss: 1.9497 | Val Acc: 0.3571
2025-06-23 11:58:27,828 [INFO] Epoch 017 | Train Loss: 2.2989 | Val Loss: 1.7740 | Val Acc: 0.3036
2025-06-23 11:58:27,872 [INFO] Epoch 018 | Train Loss: 4.2182 | Val Loss: 1.9810 | Val Acc: 0.4107
2025-06-23 11:58:27,880 [INFO] New best model at epoch 18 (Val Acc: 0.4107)
2025-06-23 11:58:27,920 [INFO] Epoch 019 | Train Loss: 2.5020 | Val Loss: 2.8509 | Val Acc: 0.3750
2025-06-23 11:58:27,964 [INFO] Epoch 020 | Train Loss: 3.9300 | Val Loss: 2.5111 | Val Acc: 0.4286
2025-06-23 11:58:29,038 [INFO] New best model at epoch 20 (Val Acc: 0.4286)
2025-06-23 11:58:29,091 [INFO] Epoch 021 | Train Loss: 3.4960 | Val Loss: 2.2064 | Val Acc: 0.3750
2025-06-23 11:58:29,154 [INFO] Epoch 022 | Train Loss: 1.6643 | Val Loss: 2.6136 | Val Acc: 0.3036
2025-06-23 11:58:29,199 [INFO] Epoch 023 | Train Loss: 2.6853 | Val Loss: 4.4571 | Val Acc: 0.3393
2025-06-23 11:58:29,244 [INFO] Epoch 024 | Train Loss: 3.4678 | Val Loss: 6.3113 | Val Acc: 0.3929
2025-06-23 11:58:29,288 [INFO] Epoch 025 | Train Loss: 2.9162 | Val Loss: 1.9686 | Val Acc: 0.3750
2025-06-23 11:58:29,332 [INFO] Epoch 026 | Train Loss: 3.9635 | Val Loss: 2.1910 | Val Acc: 0.3036
2025-06-23 11:58:29,376 [INFO] Epoch 027 | Train Loss: 3.6268 | Val Loss: 1.6302 | Val Acc: 0.3393
2025-06-23 11:58:29,421 [INFO] Epoch 028 | Train Loss: 3.1679 | Val Loss: 1.5735 | Val Acc: 0.3929
2025-06-23 11:58:29,464 [INFO] Epoch 029 | Train Loss: 1.4680 | Val Loss: 1.5427 | Val Acc: 0.3929
2025-06-23 11:58:29,508 [INFO] Epoch 030 | Train Loss: 2.3871 | Val Loss: 2.0156 | Val Acc: 0.4107
2025-06-23 11:58:30,856 [INFO] Epoch 031 | Train Loss: 3.1052 | Val Loss: 2.4452 | Val Acc: 0.3393
2025-06-23 11:58:30,930 [INFO] Epoch 032 | Train Loss: 2.8712 | Val Loss: 6.8359 | Val Acc: 0.3929
2025-06-23 11:58:31,000 [INFO] Epoch 033 | Train Loss: 2.7798 | Val Loss: 4.4837 | Val Acc: 0.3036
2025-06-23 11:58:31,044 [INFO] Epoch 034 | Train Loss: 3.8101 | Val Loss: 2.0614 | Val Acc: 0.3750
2025-06-23 11:58:31,088 [INFO] Epoch 035 | Train Loss: 1.1511 | Val Loss: 3.0339 | Val Acc: 0.3214
2025-06-23 11:58:31,133 [INFO] Epoch 036 | Train Loss: 5.3509 | Val Loss: 2.6591 | Val Acc: 0.3214
2025-06-23 11:58:31,177 [INFO] Epoch 037 | Train Loss: 2.1578 | Val Loss: 1.9676 | Val Acc: 0.3929
2025-06-23 11:58:31,221 [INFO] Epoch 038 | Train Loss: 2.6615 | Val Loss: 1.3828 | Val Acc: 0.3929
2025-06-23 11:58:31,268 [INFO] Epoch 039 | Train Loss: 3.9750 | Val Loss: 1.8811 | Val Acc: 0.3571
2025-06-23 11:58:31,313 [INFO] Epoch 040 | Train Loss: 2.7899 | Val Loss: 1.5936 | Val Acc: 0.3750
2025-06-23 11:58:35,332 [INFO] Epoch 041 | Train Loss: 4.1275 | Val Loss: 1.7344 | Val Acc: 0.3929
2025-06-23 11:58:35,388 [INFO] Epoch 042 | Train Loss: 2.1202 | Val Loss: 2.4385 | Val Acc: 0.2857
2025-06-23 11:58:35,441 [INFO] Epoch 043 | Train Loss: 1.9294 | Val Loss: 1.5811 | Val Acc: 0.3929
2025-06-23 11:58:35,488 [INFO] Epoch 044 | Train Loss: 2.1053 | Val Loss: 7.0801 | Val Acc: 0.3750
2025-06-23 11:58:35,534 [INFO] Epoch 045 | Train Loss: 2.5493 | Val Loss: 1.5049 | Val Acc: 0.4464
2025-06-23 11:58:35,542 [INFO] New best model at epoch 45 (Val Acc: 0.4464)
2025-06-23 11:58:35,583 [INFO] Epoch 046 | Train Loss: 2.3594 | Val Loss: 3.0193 | Val Acc: 0.4286
2025-06-23 11:58:35,629 [INFO] Epoch 047 | Train Loss: 1.2587 | Val Loss: 1.4806 | Val Acc: 0.3393
2025-06-23 11:58:35,673 [INFO] Epoch 048 | Train Loss: 1.7683 | Val Loss: 1.6474 | Val Acc: 0.4107
2025-06-23 11:58:35,718 [INFO] Epoch 049 | Train Loss: 1.0826 | Val Loss: 1.8371 | Val Acc: 0.3750
2025-06-23 11:58:35,764 [INFO] Epoch 050 | Train Loss: 1.2277 | Val Loss: 2.8059 | Val Acc: 0.3750
2025-06-23 11:58:36,825 [INFO] Best model saved to <built-in function time>/ENZYMES/best/best_source_gin.pth (Val Acc: 0.4464 at epoch 45)
2025-06-23 11:58:36,825 [INFO] Training/validation metrics saved to <built-in function time>/ENZYMES/GIN_0.01/train_metrics.csv
2025-06-23 11:58:37,869 [INFO] Final training curves saved
2025-06-23 11:58:37,869 [INFO] Training completed!
2025-06-23 11:58:37,869 [INFO] Best validation accuracy: 0.4464
2025-06-23 11:58:37,869 [INFO] Best epoch: 45
2025-06-23 11:58:37,869 [INFO] Total epochs trained: 50
2025-06-23 11:58:37,870 [INFO] Starting training with parameters: (0.01, 0.2, 256, 3, 50, 0.001)
