2025-06-20 18:32:51,646 [INFO] Using device: cpu
2025-06-20 18:32:51,647 [INFO] 开始创建数据加载器...
2025-06-20 18:32:51,650 [INFO] Successfully loaded dataset ENZYMES from ./data, total graphs: 600
2025-06-20 18:32:51,650 [INFO] Class allocation analysis:
2025-06-20 18:32:51,650 [INFO]   Source classes: [0, 1, 2, 3]
2025-06-20 18:32:51,650 [INFO]   Target classes: [0, 1, 2, 3, 4, 5]
2025-06-20 18:32:51,650 [INFO]   Overlap classes (to be split): [0, 1, 2, 3]
2025-06-20 18:32:51,650 [INFO]   Target novel classes (unknown): [4, 5]
2025-06-20 18:32:51,664 [INFO]   Class 0: 100 total -> Source: 70, Target: 30
2025-06-20 18:32:51,664 [INFO]   Class 1: 100 total -> Source: 70, Target: 30
2025-06-20 18:32:51,664 [INFO]   Class 2: 100 total -> Source: 70, Target: 30
2025-06-20 18:32:51,664 [INFO]   Class 3: 100 total -> Source: 70, Target: 30
2025-06-20 18:32:51,664 [INFO]   Class 4 (novel/unknown): 100 samples -> Target
2025-06-20 18:32:51,664 [INFO]   Class 5 (novel/unknown): 100 samples -> Target
2025-06-20 18:32:51,664 [INFO] Final allocation:
2025-06-20 18:32:51,664 [INFO]   Source domain: 280 samples
2025-06-20 18:32:51,664 [INFO]   Target domain: 320 samples
2025-06-20 18:32:51,666 [INFO] Source domain setup:
2025-06-20 18:32:51,666 [INFO]   Original classes: [0, 1, 2, 3]
2025-06-20 18:32:51,666 [INFO]   Overlap classes used: [0, 1, 2, 3]
2025-06-20 18:32:51,666 [INFO]   Label mapping: {0: 0, 1: 1, 2: 2, 3: 3}
2025-06-20 18:32:51,666 [INFO]   Total data after allocation: 280
2025-06-20 18:32:51,666 [INFO]   Data split - Train: 224, Val: 56
2025-06-20 18:32:51,666 [INFO]   Train label distribution: {0: 56, 1: 56, 3: 56, 2: 56}
2025-06-20 18:32:51,666 [INFO]   Val label distribution: {1: 14, 2: 14, 0: 14, 3: 14}
2025-06-20 18:32:51,667 [INFO] Successfully loaded dataset ENZYMES from ./data, total graphs: 600
2025-06-20 18:32:51,667 [INFO] Class allocation analysis:
2025-06-20 18:32:51,667 [INFO]   Source classes: [0, 1, 2, 3]
2025-06-20 18:32:51,667 [INFO]   Target classes: [0, 1, 2, 3, 4, 5]
2025-06-20 18:32:51,667 [INFO]   Overlap classes (to be split): [0, 1, 2, 3]
2025-06-20 18:32:51,667 [INFO]   Target novel classes (unknown): [4, 5]
2025-06-20 18:32:51,681 [INFO]   Class 0: 100 total -> Source: 70, Target: 30
2025-06-20 18:32:51,681 [INFO]   Class 1: 100 total -> Source: 70, Target: 30
2025-06-20 18:32:51,681 [INFO]   Class 2: 100 total -> Source: 70, Target: 30
2025-06-20 18:32:51,682 [INFO]   Class 3: 100 total -> Source: 70, Target: 30
2025-06-20 18:32:51,682 [INFO]   Class 4 (novel/unknown): 100 samples -> Target
2025-06-20 18:32:51,682 [INFO]   Class 5 (novel/unknown): 100 samples -> Target
2025-06-20 18:32:51,682 [INFO] Final allocation:
2025-06-20 18:32:51,682 [INFO]   Source domain: 280 samples
2025-06-20 18:32:51,682 [INFO]   Target domain: 320 samples
2025-06-20 18:32:51,683 [INFO] Target domain setup:
2025-06-20 18:32:51,683 [INFO]   Original classes: [0, 1, 2, 3, 4, 5]
2025-06-20 18:32:51,683 [INFO]   Overlap classes: [0, 1, 2, 3]
2025-06-20 18:32:51,683 [INFO]   Novel classes: [4, 5] -> mapped to unknown label 4
2025-06-20 18:32:51,683 [INFO]   Label mapping: {0: 0, 1: 1, 2: 2, 3: 3, 4: 4, 5: 4}
2025-06-20 18:32:51,683 [INFO]   Total data after allocation: 320
2025-06-20 18:32:51,683 [INFO]   Data split - Train: 256, Val: 64
2025-06-20 18:32:51,683 [INFO]   Total count: 320 (known: 120, unknown: 200)
2025-06-20 18:32:51,683 [INFO]   Total label distribution: {4: 200, 3: 30, 0: 30, 1: 30, 2: 30}
2025-06-20 18:32:51,683 [INFO]   Train label distribution: {4: 160, 0: 24, 2: 24, 3: 24, 1: 24}
2025-06-20 18:32:51,683 [INFO]   Val label distribution: {1: 6, 4: 40, 3: 6, 0: 6, 2: 6}
2025-06-20 18:32:51,684 [INFO] 数据加载器创建完成!
2025-06-20 18:32:51,684 [INFO] 源域类别数: 4 (重叠类别)
2025-06-20 18:32:51,684 [INFO] 目标域类别数: 5 (4个重叠类别 + 1个未知类别)
2025-06-20 18:32:51,684 [INFO] 重叠类别: [0, 1, 2, 3]
2025-06-20 18:32:51,684 [INFO] 目标域新类别: [4, 5]
2025-06-20 18:32:51,684 [INFO] Data allocation verification:
2025-06-20 18:32:51,684 [INFO]   Source data samples: 280
2025-06-20 18:32:51,684 [INFO]   Target data samples: 320
2025-06-20 18:32:51,684 [INFO]   Overlapping samples: 0
2025-06-20 18:32:51,684 [INFO]   ✓ Data allocation is correct - no overlapping samples
2025-06-20 18:32:51,690 [INFO] Model initialized with 1850884 parameters
2025-06-20 18:32:51,690 [INFO] Previous best validation accuracy read from record.txt: 0.6250
2025-06-20 18:32:51,690 [INFO] Starting training...
2025-06-20 18:32:51,842 [INFO] Epoch 001 | Train Loss: 7.2438 | Val Loss: 1.6434 | Val Acc: 0.2679
2025-06-20 18:32:51,983 [INFO] New best model at epoch 1 (Val Acc: 0.2679)
2025-06-20 18:32:52,150 [INFO] Epoch 002 | Train Loss: 5.2374 | Val Loss: 1.9496 | Val Acc: 0.3214
2025-06-20 18:32:52,179 [INFO] New best model at epoch 2 (Val Acc: 0.3214)
2025-06-20 18:32:52,330 [INFO] Epoch 003 | Train Loss: 4.9786 | Val Loss: 2.2798 | Val Acc: 0.2679
2025-06-20 18:32:52,520 [INFO] Epoch 004 | Train Loss: 3.1413 | Val Loss: 2.3874 | Val Acc: 0.2321
2025-06-20 18:32:52,703 [INFO] Epoch 005 | Train Loss: 2.9258 | Val Loss: 2.6091 | Val Acc: 0.2679
2025-06-20 18:32:52,877 [INFO] Epoch 006 | Train Loss: 3.1702 | Val Loss: 2.5388 | Val Acc: 0.3929
2025-06-20 18:32:52,909 [INFO] New best model at epoch 6 (Val Acc: 0.3929)
2025-06-20 18:32:53,077 [INFO] Epoch 007 | Train Loss: 3.3055 | Val Loss: 3.5405 | Val Acc: 0.3750
2025-06-20 18:32:53,269 [INFO] Epoch 008 | Train Loss: 2.5958 | Val Loss: 2.3769 | Val Acc: 0.5893
2025-06-20 18:32:53,302 [INFO] New best model at epoch 8 (Val Acc: 0.5893)
2025-06-20 18:32:53,454 [INFO] Epoch 009 | Train Loss: 2.5918 | Val Loss: 3.2037 | Val Acc: 0.4643
2025-06-20 18:32:53,648 [INFO] Epoch 010 | Train Loss: 2.1528 | Val Loss: 4.1753 | Val Acc: 0.4286
2025-06-20 18:32:53,989 [INFO] Epoch 011 | Train Loss: 2.8233 | Val Loss: 4.2045 | Val Acc: 0.3393
2025-06-20 18:32:54,167 [INFO] Epoch 012 | Train Loss: 2.8230 | Val Loss: 5.5461 | Val Acc: 0.3214
2025-06-20 18:32:54,352 [INFO] Epoch 013 | Train Loss: 1.7705 | Val Loss: 5.3397 | Val Acc: 0.4107
2025-06-20 18:32:54,516 [INFO] Epoch 014 | Train Loss: 2.4202 | Val Loss: 4.7256 | Val Acc: 0.4464
2025-06-20 18:32:54,700 [INFO] Epoch 015 | Train Loss: 2.1222 | Val Loss: 4.8309 | Val Acc: 0.4464
2025-06-20 18:32:54,890 [INFO] Epoch 016 | Train Loss: 2.4357 | Val Loss: 5.9976 | Val Acc: 0.4286
2025-06-20 18:32:55,077 [INFO] Epoch 017 | Train Loss: 2.4098 | Val Loss: 5.3313 | Val Acc: 0.3571
2025-06-20 18:32:55,264 [INFO] Epoch 018 | Train Loss: 1.6773 | Val Loss: 6.0275 | Val Acc: 0.3214
2025-06-20 18:32:55,440 [INFO] Epoch 019 | Train Loss: 2.2159 | Val Loss: 5.3740 | Val Acc: 0.3929
2025-06-20 18:32:55,635 [INFO] Epoch 020 | Train Loss: 1.8988 | Val Loss: 6.1300 | Val Acc: 0.3929
2025-06-20 18:32:56,045 [INFO] Epoch 021 | Train Loss: 1.6186 | Val Loss: 5.3949 | Val Acc: 0.5000
2025-06-20 18:32:56,222 [INFO] Epoch 022 | Train Loss: 1.9158 | Val Loss: 4.7241 | Val Acc: 0.5357
2025-06-20 18:32:56,408 [INFO] Epoch 023 | Train Loss: 1.8492 | Val Loss: 5.1213 | Val Acc: 0.3929
2025-06-20 18:32:56,589 [INFO] Epoch 024 | Train Loss: 1.6718 | Val Loss: 4.9486 | Val Acc: 0.4107
2025-06-20 18:32:56,761 [INFO] Epoch 025 | Train Loss: 1.7472 | Val Loss: 4.5832 | Val Acc: 0.4286
2025-06-20 18:32:56,942 [INFO] Epoch 026 | Train Loss: 1.8037 | Val Loss: 5.0288 | Val Acc: 0.4643
2025-06-20 18:32:57,119 [INFO] Epoch 027 | Train Loss: 1.5771 | Val Loss: 4.7942 | Val Acc: 0.4107
2025-06-20 18:32:57,292 [INFO] Epoch 028 | Train Loss: 1.2041 | Val Loss: 5.3787 | Val Acc: 0.4643
2025-06-20 18:32:57,471 [INFO] Epoch 029 | Train Loss: 1.1190 | Val Loss: 5.0340 | Val Acc: 0.5179
2025-06-20 18:32:57,659 [INFO] Epoch 030 | Train Loss: 1.2908 | Val Loss: 4.2111 | Val Acc: 0.5179
2025-06-20 18:32:57,989 [INFO] Epoch 031 | Train Loss: 1.5434 | Val Loss: 4.6546 | Val Acc: 0.4643
2025-06-20 18:32:58,160 [INFO] Epoch 032 | Train Loss: 1.3513 | Val Loss: 4.2895 | Val Acc: 0.4821
2025-06-20 18:32:58,337 [INFO] Epoch 033 | Train Loss: 1.5899 | Val Loss: 4.7892 | Val Acc: 0.4821
2025-06-20 18:32:58,504 [INFO] Epoch 034 | Train Loss: 1.1974 | Val Loss: 4.5741 | Val Acc: 0.4464
2025-06-20 18:32:58,680 [INFO] Epoch 035 | Train Loss: 1.1251 | Val Loss: 4.2112 | Val Acc: 0.4821
2025-06-20 18:32:58,857 [INFO] Epoch 036 | Train Loss: 1.1033 | Val Loss: 4.3295 | Val Acc: 0.4643
2025-06-20 18:32:59,052 [INFO] Epoch 037 | Train Loss: 1.3111 | Val Loss: 4.4880 | Val Acc: 0.4464
2025-06-20 18:32:59,240 [INFO] Epoch 038 | Train Loss: 1.4766 | Val Loss: 4.2308 | Val Acc: 0.4643
2025-06-20 18:32:59,417 [INFO] Epoch 039 | Train Loss: 1.1448 | Val Loss: 4.0585 | Val Acc: 0.4643
2025-06-20 18:32:59,590 [INFO] Epoch 040 | Train Loss: 1.4471 | Val Loss: 5.6321 | Val Acc: 0.3929
2025-06-20 18:32:59,927 [INFO] Epoch 041 | Train Loss: 1.2248 | Val Loss: 5.8062 | Val Acc: 0.5000
2025-06-20 18:33:00,103 [INFO] Epoch 042 | Train Loss: 0.8056 | Val Loss: 5.0514 | Val Acc: 0.4643
2025-06-20 18:33:00,282 [INFO] Epoch 043 | Train Loss: 1.4882 | Val Loss: 5.3332 | Val Acc: 0.4286
2025-06-20 18:33:00,451 [INFO] Epoch 044 | Train Loss: 1.7737 | Val Loss: 5.0966 | Val Acc: 0.4107
2025-06-20 18:33:00,621 [INFO] Epoch 045 | Train Loss: 1.2768 | Val Loss: 3.5406 | Val Acc: 0.4107
2025-06-20 18:33:00,796 [INFO] Epoch 046 | Train Loss: 1.1067 | Val Loss: 4.1654 | Val Acc: 0.4286
2025-06-20 18:33:00,972 [INFO] Epoch 047 | Train Loss: 0.8909 | Val Loss: 6.0087 | Val Acc: 0.3571
2025-06-20 18:33:01,144 [INFO] Epoch 048 | Train Loss: 0.7928 | Val Loss: 5.2202 | Val Acc: 0.3929
2025-06-20 18:33:01,330 [INFO] Epoch 049 | Train Loss: 0.8778 | Val Loss: 4.7542 | Val Acc: 0.5357
2025-06-20 18:33:01,520 [INFO] Epoch 050 | Train Loss: 0.9802 | Val Loss: 4.8074 | Val Acc: 0.5000
2025-06-20 18:33:01,856 [INFO] Epoch 051 | Train Loss: 1.1641 | Val Loss: 5.5188 | Val Acc: 0.4286
2025-06-20 18:33:02,058 [INFO] Epoch 052 | Train Loss: 0.7972 | Val Loss: 5.5784 | Val Acc: 0.4286
2025-06-20 18:33:02,253 [INFO] Epoch 053 | Train Loss: 1.1767 | Val Loss: 4.9960 | Val Acc: 0.4821
2025-06-20 18:33:02,441 [INFO] Epoch 054 | Train Loss: 0.4420 | Val Loss: 4.6403 | Val Acc: 0.5000
2025-06-20 18:33:02,631 [INFO] Epoch 055 | Train Loss: 1.1983 | Val Loss: 4.4944 | Val Acc: 0.5179
2025-06-20 18:33:02,815 [INFO] Epoch 056 | Train Loss: 0.5634 | Val Loss: 4.6831 | Val Acc: 0.4643
2025-06-20 18:33:02,996 [INFO] Epoch 057 | Train Loss: 0.7831 | Val Loss: 5.0839 | Val Acc: 0.3750
2025-06-20 18:33:03,192 [INFO] Epoch 058 | Train Loss: 0.4062 | Val Loss: 5.1085 | Val Acc: 0.3929
2025-06-20 18:33:03,374 [INFO] Epoch 059 | Train Loss: 0.6676 | Val Loss: 5.1005 | Val Acc: 0.4107
2025-06-20 18:33:03,559 [INFO] Epoch 060 | Train Loss: 0.7621 | Val Loss: 5.1441 | Val Acc: 0.4286
2025-06-20 18:33:03,948 [INFO] Epoch 061 | Train Loss: 0.7205 | Val Loss: 4.8116 | Val Acc: 0.4643
2025-06-20 18:33:04,120 [INFO] Epoch 062 | Train Loss: 0.5564 | Val Loss: 4.3909 | Val Acc: 0.4821
2025-06-20 18:33:04,295 [INFO] Epoch 063 | Train Loss: 0.5908 | Val Loss: 5.2236 | Val Acc: 0.3929
2025-06-20 18:33:04,471 [INFO] Epoch 064 | Train Loss: 0.5568 | Val Loss: 6.3042 | Val Acc: 0.3750
2025-06-20 18:33:04,666 [INFO] Epoch 065 | Train Loss: 1.1001 | Val Loss: 6.2982 | Val Acc: 0.4286
2025-06-20 18:33:04,849 [INFO] Epoch 066 | Train Loss: 0.5908 | Val Loss: 5.1631 | Val Acc: 0.4821
2025-06-20 18:33:05,041 [INFO] Epoch 067 | Train Loss: 0.6356 | Val Loss: 5.5711 | Val Acc: 0.5000
2025-06-20 18:33:05,225 [INFO] Epoch 068 | Train Loss: 0.5293 | Val Loss: 5.4010 | Val Acc: 0.5000
2025-06-20 18:33:05,407 [INFO] Epoch 069 | Train Loss: 0.6438 | Val Loss: 5.2822 | Val Acc: 0.5179
2025-06-20 18:33:05,590 [INFO] Epoch 070 | Train Loss: 0.7022 | Val Loss: 5.5096 | Val Acc: 0.4286
2025-06-20 18:33:05,937 [INFO] Epoch 071 | Train Loss: 0.4842 | Val Loss: 5.4654 | Val Acc: 0.3750
2025-06-20 18:33:06,133 [INFO] Epoch 072 | Train Loss: 0.5470 | Val Loss: 5.3336 | Val Acc: 0.4643
2025-06-20 18:33:06,319 [INFO] Epoch 073 | Train Loss: 0.5669 | Val Loss: 6.1635 | Val Acc: 0.4821
2025-06-20 18:33:06,497 [INFO] Epoch 074 | Train Loss: 0.4682 | Val Loss: 6.0251 | Val Acc: 0.5000
2025-06-20 18:33:06,676 [INFO] Epoch 075 | Train Loss: 0.7329 | Val Loss: 6.3275 | Val Acc: 0.4464
2025-06-20 18:33:06,859 [INFO] Epoch 076 | Train Loss: 0.6445 | Val Loss: 5.9393 | Val Acc: 0.4643
2025-06-20 18:33:07,047 [INFO] Epoch 077 | Train Loss: 0.3746 | Val Loss: 5.4623 | Val Acc: 0.4464
2025-06-20 18:33:07,224 [INFO] Epoch 078 | Train Loss: 0.5825 | Val Loss: 5.8612 | Val Acc: 0.4464
2025-06-20 18:33:07,407 [INFO] Epoch 079 | Train Loss: 1.1553 | Val Loss: 6.8117 | Val Acc: 0.3929
2025-06-20 18:33:07,608 [INFO] Epoch 080 | Train Loss: 0.8139 | Val Loss: 6.0120 | Val Acc: 0.4286
2025-06-20 18:33:07,963 [INFO] Epoch 081 | Train Loss: 0.9820 | Val Loss: 5.5759 | Val Acc: 0.5000
2025-06-20 18:33:08,143 [INFO] Epoch 082 | Train Loss: 0.9776 | Val Loss: 6.3152 | Val Acc: 0.4286
2025-06-20 18:33:08,333 [INFO] Epoch 083 | Train Loss: 0.7802 | Val Loss: 6.7045 | Val Acc: 0.3929
2025-06-20 18:33:08,518 [INFO] Epoch 084 | Train Loss: 0.4941 | Val Loss: 6.6498 | Val Acc: 0.4107
2025-06-20 18:33:08,740 [INFO] Epoch 085 | Train Loss: 0.7493 | Val Loss: 5.6278 | Val Acc: 0.3750
2025-06-20 18:33:08,932 [INFO] Epoch 086 | Train Loss: 0.5715 | Val Loss: 6.3066 | Val Acc: 0.4107
2025-06-20 18:33:09,125 [INFO] Epoch 087 | Train Loss: 0.7049 | Val Loss: 6.2436 | Val Acc: 0.4107
2025-06-20 18:33:09,313 [INFO] Epoch 088 | Train Loss: 0.4715 | Val Loss: 6.3286 | Val Acc: 0.4464
2025-06-20 18:33:09,512 [INFO] Epoch 089 | Train Loss: 0.9828 | Val Loss: 7.1581 | Val Acc: 0.4107
2025-06-20 18:33:09,694 [INFO] Epoch 090 | Train Loss: 0.5815 | Val Loss: 7.3737 | Val Acc: 0.3929
2025-06-20 18:33:10,018 [INFO] Epoch 091 | Train Loss: 0.8407 | Val Loss: 6.8285 | Val Acc: 0.4286
2025-06-20 18:33:10,188 [INFO] Epoch 092 | Train Loss: 0.4300 | Val Loss: 6.6871 | Val Acc: 0.3929
2025-06-20 18:33:10,352 [INFO] Epoch 093 | Train Loss: 0.9152 | Val Loss: 6.9579 | Val Acc: 0.4643
2025-06-20 18:33:10,534 [INFO] Epoch 094 | Train Loss: 0.2823 | Val Loss: 7.0991 | Val Acc: 0.4286
2025-06-20 18:33:10,721 [INFO] Epoch 095 | Train Loss: 0.3498 | Val Loss: 6.8992 | Val Acc: 0.4286
2025-06-20 18:33:10,891 [INFO] Epoch 096 | Train Loss: 0.4099 | Val Loss: 6.6747 | Val Acc: 0.4286
2025-06-20 18:33:11,086 [INFO] Epoch 097 | Train Loss: 0.6572 | Val Loss: 6.5213 | Val Acc: 0.3929
2025-06-20 18:33:11,273 [INFO] Epoch 098 | Train Loss: 0.2083 | Val Loss: 5.8992 | Val Acc: 0.5179
2025-06-20 18:33:11,460 [INFO] Epoch 099 | Train Loss: 0.3186 | Val Loss: 5.7208 | Val Acc: 0.5000
2025-06-20 18:33:11,648 [INFO] Epoch 100 | Train Loss: 0.4444 | Val Loss: 5.8732 | Val Acc: 0.4286
2025-06-20 18:33:11,978 [INFO] Epoch 101 | Train Loss: 0.3878 | Val Loss: 5.7070 | Val Acc: 0.4464
2025-06-20 18:33:12,142 [INFO] Epoch 102 | Train Loss: 0.2682 | Val Loss: 5.6975 | Val Acc: 0.4821
2025-06-20 18:33:12,313 [INFO] Epoch 103 | Train Loss: 0.4127 | Val Loss: 5.9815 | Val Acc: 0.4821
2025-06-20 18:33:12,472 [INFO] Epoch 104 | Train Loss: 0.5289 | Val Loss: 6.3298 | Val Acc: 0.5000
2025-06-20 18:33:12,654 [INFO] Epoch 105 | Train Loss: 0.3189 | Val Loss: 7.1063 | Val Acc: 0.4821
2025-06-20 18:33:12,835 [INFO] Epoch 106 | Train Loss: 0.2269 | Val Loss: 6.9164 | Val Acc: 0.4464
2025-06-20 18:33:13,007 [INFO] Epoch 107 | Train Loss: 0.3103 | Val Loss: 7.0433 | Val Acc: 0.3929
2025-06-20 18:33:13,177 [INFO] Epoch 108 | Train Loss: 0.1241 | Val Loss: 6.8546 | Val Acc: 0.4107
2025-06-20 18:33:13,351 [INFO] Epoch 109 | Train Loss: 0.4998 | Val Loss: 6.8855 | Val Acc: 0.3929
2025-06-20 18:33:13,531 [INFO] Epoch 110 | Train Loss: 0.3449 | Val Loss: 6.6062 | Val Acc: 0.4643
2025-06-20 18:33:13,861 [INFO] Epoch 111 | Train Loss: 0.5529 | Val Loss: 6.8463 | Val Acc: 0.4107
2025-06-20 18:33:14,047 [INFO] Epoch 112 | Train Loss: 0.5598 | Val Loss: 6.7237 | Val Acc: 0.4464
2025-06-20 18:33:14,228 [INFO] Epoch 113 | Train Loss: 0.3048 | Val Loss: 6.4309 | Val Acc: 0.4286
2025-06-20 18:33:14,400 [INFO] Epoch 114 | Train Loss: 0.4531 | Val Loss: 6.0862 | Val Acc: 0.4464
2025-06-20 18:33:14,567 [INFO] Epoch 115 | Train Loss: 0.3296 | Val Loss: 6.2449 | Val Acc: 0.4464
2025-06-20 18:33:14,734 [INFO] Epoch 116 | Train Loss: 0.0950 | Val Loss: 6.6916 | Val Acc: 0.4643
2025-06-20 18:33:14,916 [INFO] Epoch 117 | Train Loss: 0.1561 | Val Loss: 6.3649 | Val Acc: 0.4821
2025-06-20 18:33:15,099 [INFO] Epoch 118 | Train Loss: 0.3155 | Val Loss: 6.3520 | Val Acc: 0.5179
2025-06-20 18:33:15,297 [INFO] Epoch 119 | Train Loss: 0.1480 | Val Loss: 6.4523 | Val Acc: 0.5179
2025-06-20 18:33:15,489 [INFO] Epoch 120 | Train Loss: 0.2953 | Val Loss: 6.5707 | Val Acc: 0.5179
2025-06-20 18:33:15,825 [INFO] Epoch 121 | Train Loss: 0.2440 | Val Loss: 6.8703 | Val Acc: 0.4643
2025-06-20 18:33:15,992 [INFO] Epoch 122 | Train Loss: 0.1474 | Val Loss: 6.9902 | Val Acc: 0.4821
2025-06-20 18:33:16,178 [INFO] Epoch 123 | Train Loss: 0.7337 | Val Loss: 6.9640 | Val Acc: 0.4821
2025-06-20 18:33:16,343 [INFO] Epoch 124 | Train Loss: 0.3505 | Val Loss: 7.0197 | Val Acc: 0.4821
2025-06-20 18:33:16,525 [INFO] Epoch 125 | Train Loss: 0.3843 | Val Loss: 6.8518 | Val Acc: 0.5179
2025-06-20 18:33:16,703 [INFO] Epoch 126 | Train Loss: 0.3929 | Val Loss: 6.1685 | Val Acc: 0.5357
2025-06-20 18:33:16,875 [INFO] Epoch 127 | Train Loss: 0.2370 | Val Loss: 5.5854 | Val Acc: 0.4821
2025-06-20 18:33:17,067 [INFO] Epoch 128 | Train Loss: 0.6537 | Val Loss: 5.9582 | Val Acc: 0.5000
2025-06-20 18:33:17,247 [INFO] Epoch 129 | Train Loss: 0.4828 | Val Loss: 6.4057 | Val Acc: 0.4464
2025-06-20 18:33:17,432 [INFO] Epoch 130 | Train Loss: 0.5143 | Val Loss: 7.1991 | Val Acc: 0.4107
2025-06-20 18:33:17,871 [INFO] Epoch 131 | Train Loss: 0.2697 | Val Loss: 6.9736 | Val Acc: 0.4821
2025-06-20 18:33:18,060 [INFO] Epoch 132 | Train Loss: 0.4510 | Val Loss: 6.6634 | Val Acc: 0.4821
2025-06-20 18:33:18,252 [INFO] Epoch 133 | Train Loss: 0.3331 | Val Loss: 6.8981 | Val Acc: 0.4286
2025-06-20 18:33:18,455 [INFO] Epoch 134 | Train Loss: 0.2142 | Val Loss: 6.9349 | Val Acc: 0.4286
2025-06-20 18:33:18,642 [INFO] Epoch 135 | Train Loss: 0.4479 | Val Loss: 7.3806 | Val Acc: 0.4821
2025-06-20 18:33:18,854 [INFO] Epoch 136 | Train Loss: 0.1493 | Val Loss: 7.7991 | Val Acc: 0.4286
2025-06-20 18:33:19,081 [INFO] Epoch 137 | Train Loss: 0.1760 | Val Loss: 7.6724 | Val Acc: 0.4286
2025-06-20 18:33:19,282 [INFO] Epoch 138 | Train Loss: 0.2062 | Val Loss: 7.2916 | Val Acc: 0.4464
2025-06-20 18:33:19,465 [INFO] Epoch 139 | Train Loss: 0.2985 | Val Loss: 6.7979 | Val Acc: 0.4464
2025-06-20 18:33:19,638 [INFO] Epoch 140 | Train Loss: 0.4641 | Val Loss: 6.9209 | Val Acc: 0.4821
2025-06-20 18:33:19,990 [INFO] Epoch 141 | Train Loss: 0.1497 | Val Loss: 6.4128 | Val Acc: 0.4821
2025-06-20 18:33:20,175 [INFO] Epoch 142 | Train Loss: 0.1584 | Val Loss: 6.0598 | Val Acc: 0.4821
2025-06-20 18:33:20,373 [INFO] Epoch 143 | Train Loss: 0.5430 | Val Loss: 6.8037 | Val Acc: 0.5000
2025-06-20 18:33:20,554 [INFO] Epoch 144 | Train Loss: 0.2371 | Val Loss: 7.1206 | Val Acc: 0.4464
2025-06-20 18:33:20,875 [INFO] Epoch 145 | Train Loss: 0.2434 | Val Loss: 7.0954 | Val Acc: 0.4107
2025-06-20 18:33:21,078 [INFO] Epoch 146 | Train Loss: 0.3035 | Val Loss: 6.0975 | Val Acc: 0.4643
2025-06-20 18:33:21,269 [INFO] Epoch 147 | Train Loss: 0.3174 | Val Loss: 5.6239 | Val Acc: 0.5000
2025-06-20 18:33:21,453 [INFO] Epoch 148 | Train Loss: 0.2133 | Val Loss: 5.6438 | Val Acc: 0.5000
2025-06-20 18:33:21,700 [INFO] Epoch 149 | Train Loss: 0.3050 | Val Loss: 6.1847 | Val Acc: 0.4643
2025-06-20 18:33:21,920 [INFO] Epoch 150 | Train Loss: 0.3203 | Val Loss: 6.7458 | Val Acc: 0.3393
2025-06-20 18:33:22,354 [INFO] Epoch 151 | Train Loss: 0.3955 | Val Loss: 6.8028 | Val Acc: 0.4286
2025-06-20 18:33:22,574 [INFO] Epoch 152 | Train Loss: 0.2305 | Val Loss: 6.4775 | Val Acc: 0.4643
2025-06-20 18:33:22,778 [INFO] Epoch 153 | Train Loss: 0.1496 | Val Loss: 6.5593 | Val Acc: 0.4643
2025-06-20 18:33:22,989 [INFO] Epoch 154 | Train Loss: 0.1565 | Val Loss: 6.8943 | Val Acc: 0.4464
2025-06-20 18:33:23,206 [INFO] Epoch 155 | Train Loss: 0.3154 | Val Loss: 7.3733 | Val Acc: 0.4107
2025-06-20 18:33:23,380 [INFO] Epoch 156 | Train Loss: 0.2662 | Val Loss: 7.3234 | Val Acc: 0.3571
2025-06-20 18:33:23,546 [INFO] Epoch 157 | Train Loss: 0.4438 | Val Loss: 7.3353 | Val Acc: 0.3750
2025-06-20 18:33:23,783 [INFO] Epoch 158 | Train Loss: 0.3070 | Val Loss: 7.8180 | Val Acc: 0.3571
2025-06-20 18:33:23,812 [INFO] Early stopping at epoch 158 (no improvement in 150 epochs).
2025-06-20 18:33:23,842 [INFO] Best model saved to <built-in function time>/ENZYMES/best/best_source_gin.pth (Val Acc: 0.5893 at epoch 8)
2025-06-20 18:33:23,843 [INFO] Training/validation metrics saved to <built-in function time>/ENZYMES/GIN_0.0001/train_metrics.csv
2025-06-20 18:33:24,087 [INFO] Final training curves saved
2025-06-20 18:33:24,087 [INFO] Training completed!
2025-06-20 18:33:24,087 [INFO] Best validation accuracy: 0.5893
2025-06-20 18:33:24,087 [INFO] Best epoch: 8
2025-06-20 18:33:24,087 [INFO] Total epochs trained: 158
2025-06-20 18:33:24,088 [INFO] Starting training with parameters: (0.0001, 0.1, 512, 4, 300, 0.0001)
