2025-06-22 05:33:45,489 [INFO] Using device: cpu
2025-06-22 05:33:45,489 [INFO] 开始创建数据加载器...
2025-06-22 05:33:45,492 [INFO] Successfully loaded dataset ENZYMES from ./data, total graphs: 600
2025-06-22 05:33:45,492 [INFO] Class allocation analysis:
2025-06-22 05:33:45,492 [INFO]   Source classes: [0, 1, 2, 3]
2025-06-22 05:33:45,492 [INFO]   Target classes: [0, 1, 2, 3, 4, 5]
2025-06-22 05:33:45,492 [INFO]   Overlap classes (to be split): [0, 1, 2, 3]
2025-06-22 05:33:45,492 [INFO]   Target novel classes (unknown): [4, 5]
2025-06-22 05:33:45,505 [INFO]   Class 0: 100 total -> Source: 70, Target: 30
2025-06-22 05:33:45,506 [INFO]   Class 1: 100 total -> Source: 70, Target: 30
2025-06-22 05:33:45,506 [INFO]   Class 2: 100 total -> Source: 70, Target: 30
2025-06-22 05:33:45,506 [INFO]   Class 3: 100 total -> Source: 70, Target: 30
2025-06-22 05:33:45,506 [INFO]   Class 4 (novel/unknown): 100 samples -> Target
2025-06-22 05:33:45,506 [INFO]   Class 5 (novel/unknown): 100 samples -> Target
2025-06-22 05:33:45,506 [INFO] Final allocation:
2025-06-22 05:33:45,506 [INFO]   Source domain: 280 samples
2025-06-22 05:33:45,506 [INFO]   Target domain: 320 samples
2025-06-22 05:33:45,507 [INFO] Source domain setup:
2025-06-22 05:33:45,507 [INFO]   Original classes: [0, 1, 2, 3]
2025-06-22 05:33:45,507 [INFO]   Overlap classes used: [0, 1, 2, 3]
2025-06-22 05:33:45,507 [INFO]   Label mapping: {0: 0, 1: 1, 2: 2, 3: 3}
2025-06-22 05:33:45,507 [INFO]   Total data after allocation: 280
2025-06-22 05:33:45,507 [INFO]   Data split - Train: 224, Val: 56
2025-06-22 05:33:45,507 [INFO]   Train label distribution: {0: 56, 1: 56, 3: 56, 2: 56}
2025-06-22 05:33:45,507 [INFO]   Val label distribution: {1: 14, 2: 14, 0: 14, 3: 14}
2025-06-22 05:33:45,509 [INFO] Successfully loaded dataset ENZYMES from ./data, total graphs: 600
2025-06-22 05:33:45,509 [INFO] Class allocation analysis:
2025-06-22 05:33:45,509 [INFO]   Source classes: [0, 1, 2, 3]
2025-06-22 05:33:45,509 [INFO]   Target classes: [0, 1, 2, 3, 4, 5]
2025-06-22 05:33:45,509 [INFO]   Overlap classes (to be split): [0, 1, 2, 3]
2025-06-22 05:33:45,509 [INFO]   Target novel classes (unknown): [4, 5]
2025-06-22 05:33:45,521 [INFO]   Class 0: 100 total -> Source: 70, Target: 30
2025-06-22 05:33:45,522 [INFO]   Class 1: 100 total -> Source: 70, Target: 30
2025-06-22 05:33:45,522 [INFO]   Class 2: 100 total -> Source: 70, Target: 30
2025-06-22 05:33:45,522 [INFO]   Class 3: 100 total -> Source: 70, Target: 30
2025-06-22 05:33:45,522 [INFO]   Class 4 (novel/unknown): 100 samples -> Target
2025-06-22 05:33:45,522 [INFO]   Class 5 (novel/unknown): 100 samples -> Target
2025-06-22 05:33:45,522 [INFO] Final allocation:
2025-06-22 05:33:45,522 [INFO]   Source domain: 280 samples
2025-06-22 05:33:45,522 [INFO]   Target domain: 320 samples
2025-06-22 05:33:45,524 [INFO] Target domain setup:
2025-06-22 05:33:45,524 [INFO]   Original classes: [0, 1, 2, 3, 4, 5]
2025-06-22 05:33:45,524 [INFO]   Overlap classes: [0, 1, 2, 3]
2025-06-22 05:33:45,524 [INFO]   Novel classes: [4, 5] -> mapped to unknown label 4
2025-06-22 05:33:45,524 [INFO]   Label mapping: {0: 0, 1: 1, 2: 2, 3: 3, 4: 4, 5: 4}
2025-06-22 05:33:45,524 [INFO]   Total data after allocation: 320
2025-06-22 05:33:45,524 [INFO]   Data split - Train: 256, Val: 64
2025-06-22 05:33:45,524 [INFO]   Total count: 320 (known: 120, unknown: 200)
2025-06-22 05:33:45,524 [INFO]   Total label distribution: {4: 200, 3: 30, 0: 30, 1: 30, 2: 30}
2025-06-22 05:33:45,524 [INFO]   Train label distribution: {4: 160, 0: 24, 2: 24, 3: 24, 1: 24}
2025-06-22 05:33:45,524 [INFO]   Val label distribution: {1: 6, 4: 40, 3: 6, 0: 6, 2: 6}
2025-06-22 05:33:45,524 [INFO] 数据加载器创建完成!
2025-06-22 05:33:45,524 [INFO] 源域类别数: 4 (重叠类别)
2025-06-22 05:33:45,524 [INFO] 目标域类别数: 5 (4个重叠类别 + 1个未知类别)
2025-06-22 05:33:45,524 [INFO] 重叠类别: [0, 1, 2, 3]
2025-06-22 05:33:45,524 [INFO] 目标域新类别: [4, 5]
2025-06-22 05:33:45,524 [INFO] Data allocation verification:
2025-06-22 05:33:45,524 [INFO]   Source data samples: 280
2025-06-22 05:33:45,524 [INFO]   Target data samples: 320
2025-06-22 05:33:45,524 [INFO]   Overlapping samples: 0
2025-06-22 05:33:45,524 [INFO]   ✓ Data allocation is correct - no overlapping samples
2025-06-22 05:33:45,528 [INFO] Model initialized with 599300 parameters
2025-06-22 05:33:45,528 [INFO] Previous best validation accuracy read from record.txt: 0.6250
2025-06-22 05:33:45,528 [INFO] Starting training...
2025-06-22 05:33:45,604 [INFO] Epoch 001 | Train Loss: 9.4673 | Val Loss: 1.6819 | Val Acc: 0.2500
2025-06-22 05:33:48,526 [INFO] New best model at epoch 1 (Val Acc: 0.2500)
2025-06-22 05:33:48,667 [INFO] Epoch 002 | Train Loss: 8.6480 | Val Loss: 1.6478 | Val Acc: 0.2500
2025-06-22 05:33:48,753 [INFO] Epoch 003 | Train Loss: 6.3743 | Val Loss: 2.1965 | Val Acc: 0.2500
2025-06-22 05:33:48,837 [INFO] Epoch 004 | Train Loss: 5.4027 | Val Loss: 3.5926 | Val Acc: 0.2679
2025-06-22 05:33:48,851 [INFO] New best model at epoch 4 (Val Acc: 0.2679)
2025-06-22 05:33:48,923 [INFO] Epoch 005 | Train Loss: 5.4370 | Val Loss: 3.9305 | Val Acc: 0.2679
2025-06-22 05:33:49,016 [INFO] Epoch 006 | Train Loss: 5.9726 | Val Loss: 3.3382 | Val Acc: 0.3036
2025-06-22 05:33:49,031 [INFO] New best model at epoch 6 (Val Acc: 0.3036)
2025-06-22 05:33:49,132 [INFO] Epoch 007 | Train Loss: 4.3594 | Val Loss: 4.4426 | Val Acc: 0.2321
2025-06-22 05:33:49,217 [INFO] Epoch 008 | Train Loss: 3.7653 | Val Loss: 3.4136 | Val Acc: 0.3929
2025-06-22 05:33:49,230 [INFO] New best model at epoch 8 (Val Acc: 0.3929)
2025-06-22 05:33:49,296 [INFO] Epoch 009 | Train Loss: 4.0940 | Val Loss: 4.3421 | Val Acc: 0.3571
2025-06-22 05:33:49,373 [INFO] Epoch 010 | Train Loss: 4.3427 | Val Loss: 4.3644 | Val Acc: 0.3393
2025-06-22 05:33:50,108 [INFO] Epoch 011 | Train Loss: 3.6148 | Val Loss: 2.4141 | Val Acc: 0.3750
2025-06-22 05:33:50,196 [INFO] Epoch 012 | Train Loss: 3.9109 | Val Loss: 2.1708 | Val Acc: 0.5179
2025-06-22 05:33:50,210 [INFO] New best model at epoch 12 (Val Acc: 0.5179)
2025-06-22 05:33:50,281 [INFO] Epoch 013 | Train Loss: 3.5623 | Val Loss: 2.8130 | Val Acc: 0.3393
2025-06-22 05:33:50,365 [INFO] Epoch 014 | Train Loss: 2.7455 | Val Loss: 3.6498 | Val Acc: 0.3571
2025-06-22 05:33:50,448 [INFO] Epoch 015 | Train Loss: 3.8669 | Val Loss: 5.0768 | Val Acc: 0.3571
2025-06-22 05:33:50,534 [INFO] Epoch 016 | Train Loss: 3.4424 | Val Loss: 2.8880 | Val Acc: 0.3214
2025-06-22 05:33:50,613 [INFO] Epoch 017 | Train Loss: 2.2364 | Val Loss: 2.5154 | Val Acc: 0.4286
2025-06-22 05:33:50,694 [INFO] Epoch 018 | Train Loss: 2.5248 | Val Loss: 3.8250 | Val Acc: 0.3571
2025-06-22 05:33:50,773 [INFO] Epoch 019 | Train Loss: 2.7778 | Val Loss: 3.5492 | Val Acc: 0.3393
2025-06-22 05:33:50,852 [INFO] Epoch 020 | Train Loss: 2.4477 | Val Loss: 1.6258 | Val Acc: 0.3750
2025-06-22 05:33:51,606 [INFO] Epoch 021 | Train Loss: 2.4896 | Val Loss: 1.7641 | Val Acc: 0.3750
2025-06-22 05:33:51,684 [INFO] Epoch 022 | Train Loss: 1.6193 | Val Loss: 2.4122 | Val Acc: 0.3214
2025-06-22 05:33:51,779 [INFO] Epoch 023 | Train Loss: 2.9182 | Val Loss: 1.9840 | Val Acc: 0.3393
2025-06-22 05:33:51,888 [INFO] Epoch 024 | Train Loss: 2.3864 | Val Loss: 2.2967 | Val Acc: 0.3214
2025-06-22 05:33:51,966 [INFO] Epoch 025 | Train Loss: 1.8064 | Val Loss: 1.9288 | Val Acc: 0.3929
2025-06-22 05:33:52,054 [INFO] Epoch 026 | Train Loss: 2.3749 | Val Loss: 2.4744 | Val Acc: 0.3750
2025-06-22 05:33:52,135 [INFO] Epoch 027 | Train Loss: 1.3702 | Val Loss: 1.9460 | Val Acc: 0.3393
2025-06-22 05:33:52,232 [INFO] Epoch 028 | Train Loss: 1.4722 | Val Loss: 1.8434 | Val Acc: 0.4107
2025-06-22 05:33:52,309 [INFO] Epoch 029 | Train Loss: 2.0283 | Val Loss: 1.7458 | Val Acc: 0.3571
2025-06-22 05:33:52,387 [INFO] Epoch 030 | Train Loss: 2.8676 | Val Loss: 1.7875 | Val Acc: 0.3571
2025-06-22 05:33:53,110 [INFO] Epoch 031 | Train Loss: 2.5981 | Val Loss: 2.9879 | Val Acc: 0.3571
2025-06-22 05:33:53,195 [INFO] Epoch 032 | Train Loss: 1.0457 | Val Loss: 3.7562 | Val Acc: 0.4107
2025-06-22 05:33:53,281 [INFO] Epoch 033 | Train Loss: 1.6809 | Val Loss: 3.8501 | Val Acc: 0.3393
2025-06-22 05:33:53,394 [INFO] Epoch 034 | Train Loss: 2.1494 | Val Loss: 2.5513 | Val Acc: 0.3214
2025-06-22 05:33:53,473 [INFO] Epoch 035 | Train Loss: 2.1474 | Val Loss: 2.2869 | Val Acc: 0.3393
2025-06-22 05:33:53,559 [INFO] Epoch 036 | Train Loss: 1.7973 | Val Loss: 2.1809 | Val Acc: 0.3571
2025-06-22 05:33:53,636 [INFO] Epoch 037 | Train Loss: 1.9557 | Val Loss: 2.2124 | Val Acc: 0.4107
2025-06-22 05:33:53,715 [INFO] Epoch 038 | Train Loss: 1.8330 | Val Loss: 5.6567 | Val Acc: 0.3750
2025-06-22 05:33:53,793 [INFO] Epoch 039 | Train Loss: 2.1638 | Val Loss: 2.9200 | Val Acc: 0.4107
2025-06-22 05:33:53,870 [INFO] Epoch 040 | Train Loss: 1.3701 | Val Loss: 2.1183 | Val Acc: 0.3393
2025-06-22 05:33:54,591 [INFO] Epoch 041 | Train Loss: 1.3698 | Val Loss: 2.6463 | Val Acc: 0.3571
2025-06-22 05:33:54,666 [INFO] Epoch 042 | Train Loss: 2.2458 | Val Loss: 2.9965 | Val Acc: 0.4107
2025-06-22 05:33:54,743 [INFO] Epoch 043 | Train Loss: 1.2383 | Val Loss: 2.0730 | Val Acc: 0.4286
2025-06-22 05:33:54,819 [INFO] Epoch 044 | Train Loss: 1.5285 | Val Loss: 1.9317 | Val Acc: 0.4821
2025-06-22 05:33:54,897 [INFO] Epoch 045 | Train Loss: 1.5318 | Val Loss: 1.9806 | Val Acc: 0.4643
2025-06-22 05:33:54,975 [INFO] Epoch 046 | Train Loss: 1.1079 | Val Loss: 2.2896 | Val Acc: 0.4107
2025-06-22 05:33:55,065 [INFO] Epoch 047 | Train Loss: 0.9635 | Val Loss: 2.4407 | Val Acc: 0.3929
2025-06-22 05:33:55,142 [INFO] Epoch 048 | Train Loss: 0.7214 | Val Loss: 2.1123 | Val Acc: 0.4286
2025-06-22 05:33:55,219 [INFO] Epoch 049 | Train Loss: 1.2543 | Val Loss: 2.2720 | Val Acc: 0.4643
2025-06-22 05:33:55,299 [INFO] Epoch 050 | Train Loss: 1.2937 | Val Loss: 2.2718 | Val Acc: 0.4464
2025-06-22 05:33:56,066 [INFO] Epoch 051 | Train Loss: 0.9479 | Val Loss: 2.5261 | Val Acc: 0.3750
2025-06-22 05:33:56,155 [INFO] Epoch 052 | Train Loss: 1.1724 | Val Loss: 2.6828 | Val Acc: 0.3393
2025-06-22 05:33:56,272 [INFO] Epoch 053 | Train Loss: 0.9756 | Val Loss: 2.3067 | Val Acc: 0.4464
2025-06-22 05:33:56,365 [INFO] Epoch 054 | Train Loss: 1.2743 | Val Loss: 2.1236 | Val Acc: 0.4107
2025-06-22 05:33:56,467 [INFO] Epoch 055 | Train Loss: 0.7378 | Val Loss: 2.3534 | Val Acc: 0.4107
2025-06-22 05:33:56,559 [INFO] Epoch 056 | Train Loss: 1.4791 | Val Loss: 2.4500 | Val Acc: 0.4464
2025-06-22 05:33:56,637 [INFO] Epoch 057 | Train Loss: 0.9177 | Val Loss: 3.6002 | Val Acc: 0.3750
2025-06-22 05:33:56,714 [INFO] Epoch 058 | Train Loss: 1.3076 | Val Loss: 3.5968 | Val Acc: 0.4464
2025-06-22 05:33:56,792 [INFO] Epoch 059 | Train Loss: 1.1048 | Val Loss: 3.8376 | Val Acc: 0.3750
2025-06-22 05:33:56,871 [INFO] Epoch 060 | Train Loss: 1.2567 | Val Loss: 2.6933 | Val Acc: 0.4643
2025-06-22 05:33:57,645 [INFO] Epoch 061 | Train Loss: 1.0611 | Val Loss: 2.9172 | Val Acc: 0.5000
2025-06-22 05:33:57,722 [INFO] Epoch 062 | Train Loss: 1.4298 | Val Loss: 2.9790 | Val Acc: 0.5000
2025-06-22 05:33:57,799 [INFO] Epoch 063 | Train Loss: 0.9898 | Val Loss: 2.8177 | Val Acc: 0.4464
2025-06-22 05:33:57,877 [INFO] Epoch 064 | Train Loss: 1.7927 | Val Loss: 2.3871 | Val Acc: 0.4643
2025-06-22 05:33:57,954 [INFO] Epoch 065 | Train Loss: 0.5361 | Val Loss: 2.4657 | Val Acc: 0.4286
2025-06-22 05:33:58,031 [INFO] Epoch 066 | Train Loss: 0.9037 | Val Loss: 2.7637 | Val Acc: 0.4643
2025-06-22 05:33:58,116 [INFO] Epoch 067 | Train Loss: 1.4137 | Val Loss: 2.4397 | Val Acc: 0.4107
2025-06-22 05:33:58,194 [INFO] Epoch 068 | Train Loss: 0.9732 | Val Loss: 3.2598 | Val Acc: 0.3750
2025-06-22 05:33:58,274 [INFO] Epoch 069 | Train Loss: 0.6711 | Val Loss: 3.8351 | Val Acc: 0.3393
2025-06-22 05:33:58,354 [INFO] Epoch 070 | Train Loss: 0.7379 | Val Loss: 3.7736 | Val Acc: 0.4464
2025-06-22 05:33:59,097 [INFO] Epoch 071 | Train Loss: 0.5848 | Val Loss: 4.1629 | Val Acc: 0.4821
2025-06-22 05:33:59,175 [INFO] Epoch 072 | Train Loss: 1.2110 | Val Loss: 4.9886 | Val Acc: 0.4286
2025-06-22 05:33:59,304 [INFO] Epoch 073 | Train Loss: 1.0577 | Val Loss: 5.1200 | Val Acc: 0.4286
2025-06-22 05:33:59,382 [INFO] Epoch 074 | Train Loss: 0.4858 | Val Loss: 3.8858 | Val Acc: 0.4643
2025-06-22 05:33:59,462 [INFO] Epoch 075 | Train Loss: 0.7714 | Val Loss: 3.6256 | Val Acc: 0.4286
2025-06-22 05:33:59,541 [INFO] Epoch 076 | Train Loss: 0.8647 | Val Loss: 3.7610 | Val Acc: 0.3929
2025-06-22 05:33:59,629 [INFO] Epoch 077 | Train Loss: 0.6725 | Val Loss: 4.0600 | Val Acc: 0.4464
2025-06-22 05:33:59,728 [INFO] Epoch 078 | Train Loss: 0.9551 | Val Loss: 2.8680 | Val Acc: 0.4643
2025-06-22 05:33:59,806 [INFO] Epoch 079 | Train Loss: 0.7651 | Val Loss: 3.0552 | Val Acc: 0.3929
2025-06-22 05:33:59,884 [INFO] Epoch 080 | Train Loss: 1.0862 | Val Loss: 3.3244 | Val Acc: 0.3750
2025-06-22 05:34:00,601 [INFO] Epoch 081 | Train Loss: 0.6957 | Val Loss: 2.9265 | Val Acc: 0.3929
2025-06-22 05:34:00,691 [INFO] Epoch 082 | Train Loss: 0.7658 | Val Loss: 3.0637 | Val Acc: 0.3571
2025-06-22 05:34:00,787 [INFO] Epoch 083 | Train Loss: 0.6585 | Val Loss: 3.5521 | Val Acc: 0.4643
2025-06-22 05:34:00,866 [INFO] Epoch 084 | Train Loss: 0.5777 | Val Loss: 3.3209 | Val Acc: 0.5179
2025-06-22 05:34:00,943 [INFO] Epoch 085 | Train Loss: 0.4869 | Val Loss: 3.2985 | Val Acc: 0.4821
2025-06-22 05:34:01,021 [INFO] Epoch 086 | Train Loss: 1.1643 | Val Loss: 3.0335 | Val Acc: 0.5000
2025-06-22 05:34:01,106 [INFO] Epoch 087 | Train Loss: 0.6946 | Val Loss: 3.5692 | Val Acc: 0.4286
2025-06-22 05:34:01,184 [INFO] Epoch 088 | Train Loss: 0.9869 | Val Loss: 3.5345 | Val Acc: 0.3393
2025-06-22 05:34:01,261 [INFO] Epoch 089 | Train Loss: 0.5811 | Val Loss: 3.0030 | Val Acc: 0.3571
2025-06-22 05:34:01,342 [INFO] Epoch 090 | Train Loss: 0.8416 | Val Loss: 3.2940 | Val Acc: 0.4643
2025-06-22 05:34:02,127 [INFO] Epoch 091 | Train Loss: 0.3884 | Val Loss: 3.4516 | Val Acc: 0.4464
2025-06-22 05:34:02,218 [INFO] Epoch 092 | Train Loss: 1.2108 | Val Loss: 3.1743 | Val Acc: 0.5000
2025-06-22 05:34:02,297 [INFO] Epoch 093 | Train Loss: 0.7534 | Val Loss: 2.8732 | Val Acc: 0.4286
2025-06-22 05:34:02,375 [INFO] Epoch 094 | Train Loss: 0.8756 | Val Loss: 2.8710 | Val Acc: 0.4107
2025-06-22 05:34:02,452 [INFO] Epoch 095 | Train Loss: 0.5477 | Val Loss: 4.3268 | Val Acc: 0.3750
2025-06-22 05:34:02,530 [INFO] Epoch 096 | Train Loss: 0.4784 | Val Loss: 4.4639 | Val Acc: 0.3750
2025-06-22 05:34:02,616 [INFO] Epoch 097 | Train Loss: 0.4722 | Val Loss: 3.6194 | Val Acc: 0.4107
2025-06-22 05:34:02,693 [INFO] Epoch 098 | Train Loss: 1.2726 | Val Loss: 2.9709 | Val Acc: 0.4286
2025-06-22 05:34:02,770 [INFO] Epoch 099 | Train Loss: 0.6760 | Val Loss: 3.2120 | Val Acc: 0.4286
2025-06-22 05:34:02,874 [INFO] Epoch 100 | Train Loss: 0.7214 | Val Loss: 3.2340 | Val Acc: 0.5000
2025-06-22 05:34:03,597 [INFO] Epoch 101 | Train Loss: 1.1049 | Val Loss: 3.1606 | Val Acc: 0.4821
2025-06-22 05:34:03,673 [INFO] Epoch 102 | Train Loss: 0.4565 | Val Loss: 2.9237 | Val Acc: 0.5536
2025-06-22 05:34:03,686 [INFO] New best model at epoch 102 (Val Acc: 0.5536)
2025-06-22 05:34:03,754 [INFO] Epoch 103 | Train Loss: 0.7795 | Val Loss: 3.0728 | Val Acc: 0.5000
2025-06-22 05:34:03,830 [INFO] Epoch 104 | Train Loss: 0.7788 | Val Loss: 4.2043 | Val Acc: 0.3929
2025-06-22 05:34:03,919 [INFO] Epoch 105 | Train Loss: 0.7057 | Val Loss: 5.5962 | Val Acc: 0.4286
2025-06-22 05:34:04,010 [INFO] Epoch 106 | Train Loss: 0.7378 | Val Loss: 3.9175 | Val Acc: 0.4464
2025-06-22 05:34:04,090 [INFO] Epoch 107 | Train Loss: 1.1510 | Val Loss: 3.6344 | Val Acc: 0.4464
2025-06-22 05:34:04,167 [INFO] Epoch 108 | Train Loss: 0.8310 | Val Loss: 4.2011 | Val Acc: 0.3750
2025-06-22 05:34:04,244 [INFO] Epoch 109 | Train Loss: 0.7656 | Val Loss: 3.9535 | Val Acc: 0.4107
2025-06-22 05:34:04,320 [INFO] Epoch 110 | Train Loss: 0.5344 | Val Loss: 3.9114 | Val Acc: 0.4821
2025-06-22 05:34:05,308 [INFO] Epoch 111 | Train Loss: 1.0010 | Val Loss: 3.6555 | Val Acc: 0.4821
2025-06-22 05:34:05,383 [INFO] Epoch 112 | Train Loss: 0.4186 | Val Loss: 3.4574 | Val Acc: 0.4107
2025-06-22 05:34:05,462 [INFO] Epoch 113 | Train Loss: 0.9860 | Val Loss: 3.1584 | Val Acc: 0.4464
2025-06-22 05:34:05,538 [INFO] Epoch 114 | Train Loss: 0.9630 | Val Loss: 3.0137 | Val Acc: 0.4821
2025-06-22 05:34:05,615 [INFO] Epoch 115 | Train Loss: 0.9241 | Val Loss: 3.1982 | Val Acc: 0.5000
2025-06-22 05:34:05,692 [INFO] Epoch 116 | Train Loss: 0.6896 | Val Loss: 2.8884 | Val Acc: 0.4821
2025-06-22 05:34:05,779 [INFO] Epoch 117 | Train Loss: 1.2699 | Val Loss: 3.7332 | Val Acc: 0.4464
2025-06-22 05:34:05,856 [INFO] Epoch 118 | Train Loss: 0.9164 | Val Loss: 2.7919 | Val Acc: 0.4643
2025-06-22 05:34:05,933 [INFO] Epoch 119 | Train Loss: 0.9767 | Val Loss: 3.2547 | Val Acc: 0.4643
2025-06-22 05:34:06,025 [INFO] Epoch 120 | Train Loss: 0.4987 | Val Loss: 2.8576 | Val Acc: 0.5714
2025-06-22 05:34:06,623 [INFO] New best model at epoch 120 (Val Acc: 0.5714)
2025-06-22 05:34:06,731 [INFO] Epoch 121 | Train Loss: 0.7537 | Val Loss: 3.3248 | Val Acc: 0.5179
2025-06-22 05:34:06,805 [INFO] Epoch 122 | Train Loss: 0.7664 | Val Loss: 3.1355 | Val Acc: 0.5179
2025-06-22 05:34:06,882 [INFO] Epoch 123 | Train Loss: 0.7158 | Val Loss: 2.8339 | Val Acc: 0.4821
2025-06-22 05:34:06,959 [INFO] Epoch 124 | Train Loss: 0.6021 | Val Loss: 3.4213 | Val Acc: 0.4464
2025-06-22 05:34:07,035 [INFO] Epoch 125 | Train Loss: 0.6117 | Val Loss: 3.5524 | Val Acc: 0.4821
2025-06-22 05:34:07,172 [INFO] Epoch 126 | Train Loss: 0.6736 | Val Loss: 3.5798 | Val Acc: 0.5179
2025-06-22 05:34:07,251 [INFO] Epoch 127 | Train Loss: 0.5018 | Val Loss: 3.5450 | Val Acc: 0.4821
2025-06-22 05:34:07,331 [INFO] Epoch 128 | Train Loss: 0.4457 | Val Loss: 3.9910 | Val Acc: 0.4464
2025-06-22 05:34:07,408 [INFO] Epoch 129 | Train Loss: 0.7378 | Val Loss: 5.4842 | Val Acc: 0.4286
2025-06-22 05:34:07,485 [INFO] Epoch 130 | Train Loss: 0.4714 | Val Loss: 4.9828 | Val Acc: 0.4286
2025-06-22 05:34:08,242 [INFO] Epoch 131 | Train Loss: 0.3420 | Val Loss: 4.5148 | Val Acc: 0.3571
2025-06-22 05:34:08,317 [INFO] Epoch 132 | Train Loss: 0.4499 | Val Loss: 5.4448 | Val Acc: 0.3571
2025-06-22 05:34:08,394 [INFO] Epoch 133 | Train Loss: 0.4485 | Val Loss: 8.1142 | Val Acc: 0.3571
2025-06-22 05:34:08,472 [INFO] Epoch 134 | Train Loss: 0.6203 | Val Loss: 4.7363 | Val Acc: 0.3750
2025-06-22 05:34:08,549 [INFO] Epoch 135 | Train Loss: 0.4298 | Val Loss: 3.4866 | Val Acc: 0.4643
2025-06-22 05:34:08,626 [INFO] Epoch 136 | Train Loss: 1.0118 | Val Loss: 3.4995 | Val Acc: 0.5000
2025-06-22 05:34:08,724 [INFO] Epoch 137 | Train Loss: 0.8520 | Val Loss: 3.7052 | Val Acc: 0.3929
2025-06-22 05:34:08,878 [INFO] Epoch 138 | Train Loss: 0.4434 | Val Loss: 3.2991 | Val Acc: 0.4643
2025-06-22 05:34:09,021 [INFO] Epoch 139 | Train Loss: 0.3924 | Val Loss: 4.1211 | Val Acc: 0.3929
2025-06-22 05:34:09,179 [INFO] Epoch 140 | Train Loss: 0.8832 | Val Loss: 4.4607 | Val Acc: 0.4464
2025-06-22 05:34:11,512 [INFO] Epoch 141 | Train Loss: 0.4250 | Val Loss: 3.2644 | Val Acc: 0.5000
2025-06-22 05:34:11,598 [INFO] Epoch 142 | Train Loss: 0.4197 | Val Loss: 3.5413 | Val Acc: 0.4643
2025-06-22 05:34:11,714 [INFO] Epoch 143 | Train Loss: 0.6605 | Val Loss: 3.6938 | Val Acc: 0.5179
2025-06-22 05:34:11,802 [INFO] Epoch 144 | Train Loss: 0.3814 | Val Loss: 4.4320 | Val Acc: 0.4286
2025-06-22 05:34:11,939 [INFO] Epoch 145 | Train Loss: 0.3474 | Val Loss: 4.2154 | Val Acc: 0.4286
2025-06-22 05:34:12,023 [INFO] Epoch 146 | Train Loss: 1.1693 | Val Loss: 3.6911 | Val Acc: 0.4107
2025-06-22 05:34:12,105 [INFO] Epoch 147 | Train Loss: 0.8673 | Val Loss: 4.9399 | Val Acc: 0.4643
2025-06-22 05:34:12,207 [INFO] Epoch 148 | Train Loss: 0.6490 | Val Loss: 4.9216 | Val Acc: 0.3750
2025-06-22 05:34:12,287 [INFO] Epoch 149 | Train Loss: 0.4053 | Val Loss: 5.5366 | Val Acc: 0.3393
2025-06-22 05:34:12,381 [INFO] Epoch 150 | Train Loss: 0.6283 | Val Loss: 5.6458 | Val Acc: 0.3750
2025-06-22 05:34:14,250 [INFO] Epoch 151 | Train Loss: 0.6963 | Val Loss: 4.3545 | Val Acc: 0.4107
2025-06-22 05:34:14,334 [INFO] Epoch 152 | Train Loss: 0.5035 | Val Loss: 4.3473 | Val Acc: 0.4107
2025-06-22 05:34:14,414 [INFO] Epoch 153 | Train Loss: 0.5063 | Val Loss: 4.1226 | Val Acc: 0.3929
2025-06-22 05:34:14,493 [INFO] Epoch 154 | Train Loss: 0.4890 | Val Loss: 4.4034 | Val Acc: 0.3929
2025-06-22 05:34:14,604 [INFO] Epoch 155 | Train Loss: 0.3353 | Val Loss: 3.7278 | Val Acc: 0.4821
2025-06-22 05:34:14,690 [INFO] Epoch 156 | Train Loss: 0.5509 | Val Loss: 4.3229 | Val Acc: 0.4286
2025-06-22 05:34:14,780 [INFO] Epoch 157 | Train Loss: 0.6411 | Val Loss: 7.9631 | Val Acc: 0.3393
2025-06-22 05:34:14,859 [INFO] Epoch 158 | Train Loss: 0.4280 | Val Loss: 7.5698 | Val Acc: 0.3393
2025-06-22 05:34:14,938 [INFO] Epoch 159 | Train Loss: 0.4601 | Val Loss: 4.7959 | Val Acc: 0.4821
2025-06-22 05:34:15,016 [INFO] Epoch 160 | Train Loss: 0.8696 | Val Loss: 3.1719 | Val Acc: 0.4107
2025-06-22 05:34:15,851 [INFO] Epoch 161 | Train Loss: 0.2981 | Val Loss: 2.8390 | Val Acc: 0.4107
2025-06-22 05:34:15,938 [INFO] Epoch 162 | Train Loss: 0.7329 | Val Loss: 4.1067 | Val Acc: 0.3393
2025-06-22 05:34:16,016 [INFO] Epoch 163 | Train Loss: 0.4423 | Val Loss: 8.0926 | Val Acc: 0.3571
2025-06-22 05:34:16,093 [INFO] Epoch 164 | Train Loss: 0.5237 | Val Loss: 8.6647 | Val Acc: 0.3750
2025-06-22 05:34:16,177 [INFO] Epoch 165 | Train Loss: 0.6730 | Val Loss: 5.7441 | Val Acc: 0.3750
2025-06-22 05:34:16,252 [INFO] Epoch 166 | Train Loss: 0.4812 | Val Loss: 5.2233 | Val Acc: 0.5179
2025-06-22 05:34:16,351 [INFO] Epoch 167 | Train Loss: 0.7572 | Val Loss: 4.6973 | Val Acc: 0.4286
2025-06-22 05:34:16,428 [INFO] Epoch 168 | Train Loss: 0.5127 | Val Loss: 4.0550 | Val Acc: 0.5179
2025-06-22 05:34:16,505 [INFO] Epoch 169 | Train Loss: 0.2312 | Val Loss: 3.8179 | Val Acc: 0.4464
2025-06-22 05:34:16,583 [INFO] Epoch 170 | Train Loss: 0.7302 | Val Loss: 4.3041 | Val Acc: 0.3750
2025-06-22 05:34:17,390 [INFO] Epoch 171 | Train Loss: 1.0229 | Val Loss: 3.3514 | Val Acc: 0.4464
2025-06-22 05:34:17,479 [INFO] Epoch 172 | Train Loss: 0.4185 | Val Loss: 4.0651 | Val Acc: 0.3929
2025-06-22 05:34:17,556 [INFO] Epoch 173 | Train Loss: 0.8761 | Val Loss: 3.5634 | Val Acc: 0.3929
2025-06-22 05:34:17,639 [INFO] Epoch 174 | Train Loss: 0.4592 | Val Loss: 3.1458 | Val Acc: 0.5000
2025-06-22 05:34:17,736 [INFO] Epoch 175 | Train Loss: 0.9502 | Val Loss: 2.9514 | Val Acc: 0.4643
2025-06-22 05:34:17,813 [INFO] Epoch 176 | Train Loss: 0.7020 | Val Loss: 3.7671 | Val Acc: 0.5000
2025-06-22 05:34:17,908 [INFO] Epoch 177 | Train Loss: 0.9919 | Val Loss: 4.8368 | Val Acc: 0.4821
2025-06-22 05:34:17,986 [INFO] Epoch 178 | Train Loss: 0.3839 | Val Loss: 3.8586 | Val Acc: 0.4821
2025-06-22 05:34:18,063 [INFO] Epoch 179 | Train Loss: 0.9863 | Val Loss: 4.2293 | Val Acc: 0.5536
2025-06-22 05:34:18,140 [INFO] Epoch 180 | Train Loss: 0.8219 | Val Loss: 5.3020 | Val Acc: 0.4643
2025-06-22 05:34:18,843 [INFO] Epoch 181 | Train Loss: 0.7328 | Val Loss: 6.1763 | Val Acc: 0.4643
2025-06-22 05:34:18,918 [INFO] Epoch 182 | Train Loss: 0.7142 | Val Loss: 5.9458 | Val Acc: 0.4643
2025-06-22 05:34:18,994 [INFO] Epoch 183 | Train Loss: 0.7460 | Val Loss: 5.2324 | Val Acc: 0.3929
2025-06-22 05:34:19,073 [INFO] Epoch 184 | Train Loss: 0.5279 | Val Loss: 5.2891 | Val Acc: 0.4464
2025-06-22 05:34:19,148 [INFO] Epoch 185 | Train Loss: 0.5376 | Val Loss: 5.2875 | Val Acc: 0.3929
2025-06-22 05:34:19,227 [INFO] Epoch 186 | Train Loss: 0.6700 | Val Loss: 4.5285 | Val Acc: 0.4464
2025-06-22 05:34:19,323 [INFO] Epoch 187 | Train Loss: 0.3289 | Val Loss: 4.3411 | Val Acc: 0.4643
2025-06-22 05:34:19,400 [INFO] Epoch 188 | Train Loss: 0.8913 | Val Loss: 5.0021 | Val Acc: 0.5000
2025-06-22 05:34:19,478 [INFO] Epoch 189 | Train Loss: 0.2907 | Val Loss: 3.9503 | Val Acc: 0.4821
2025-06-22 05:34:19,556 [INFO] Epoch 190 | Train Loss: 0.7379 | Val Loss: 3.7083 | Val Acc: 0.4643
2025-06-22 05:34:20,334 [INFO] Epoch 191 | Train Loss: 0.6956 | Val Loss: 3.6224 | Val Acc: 0.4643
2025-06-22 05:34:20,410 [INFO] Epoch 192 | Train Loss: 0.3012 | Val Loss: 4.1889 | Val Acc: 0.3929
2025-06-22 05:34:20,486 [INFO] Epoch 193 | Train Loss: 0.2683 | Val Loss: 3.8845 | Val Acc: 0.4464
2025-06-22 05:34:20,562 [INFO] Epoch 194 | Train Loss: 0.5667 | Val Loss: 4.6433 | Val Acc: 0.5536
2025-06-22 05:34:20,643 [INFO] Epoch 195 | Train Loss: 0.3433 | Val Loss: 4.4257 | Val Acc: 0.4643
2025-06-22 05:34:20,722 [INFO] Epoch 196 | Train Loss: 0.9974 | Val Loss: 4.7844 | Val Acc: 0.4286
2025-06-22 05:34:20,813 [INFO] Epoch 197 | Train Loss: 0.2142 | Val Loss: 4.2690 | Val Acc: 0.4643
2025-06-22 05:34:20,939 [INFO] Epoch 198 | Train Loss: 0.8643 | Val Loss: 3.6407 | Val Acc: 0.4821
2025-06-22 05:34:21,018 [INFO] Epoch 199 | Train Loss: 0.4034 | Val Loss: 3.6318 | Val Acc: 0.3929
2025-06-22 05:34:21,098 [INFO] Epoch 200 | Train Loss: 0.4942 | Val Loss: 4.3110 | Val Acc: 0.3750
2025-06-22 05:34:21,785 [INFO] Epoch 201 | Train Loss: 0.6160 | Val Loss: 4.4444 | Val Acc: 0.4286
2025-06-22 05:34:21,861 [INFO] Epoch 202 | Train Loss: 0.4791 | Val Loss: 4.1311 | Val Acc: 0.4464
2025-06-22 05:34:21,960 [INFO] Epoch 203 | Train Loss: 0.4191 | Val Loss: 4.1601 | Val Acc: 0.4821
2025-06-22 05:34:22,047 [INFO] Epoch 204 | Train Loss: 0.5854 | Val Loss: 5.9001 | Val Acc: 0.4464
2025-06-22 05:34:22,124 [INFO] Epoch 205 | Train Loss: 0.6372 | Val Loss: 4.4212 | Val Acc: 0.4643
2025-06-22 05:34:22,232 [INFO] Epoch 206 | Train Loss: 0.6453 | Val Loss: 3.5495 | Val Acc: 0.3929
2025-06-22 05:34:22,312 [INFO] Epoch 207 | Train Loss: 0.5009 | Val Loss: 3.7511 | Val Acc: 0.3750
2025-06-22 05:34:22,390 [INFO] Epoch 208 | Train Loss: 0.3139 | Val Loss: 3.8786 | Val Acc: 0.4286
2025-06-22 05:34:22,468 [INFO] Epoch 209 | Train Loss: 0.3660 | Val Loss: 3.7285 | Val Acc: 0.5000
2025-06-22 05:34:22,544 [INFO] Epoch 210 | Train Loss: 0.2389 | Val Loss: 3.5132 | Val Acc: 0.5000
2025-06-22 05:34:23,606 [INFO] Epoch 211 | Train Loss: 0.2336 | Val Loss: 3.3727 | Val Acc: 0.4464
2025-06-22 05:34:23,684 [INFO] Epoch 212 | Train Loss: 0.2063 | Val Loss: 3.6521 | Val Acc: 0.4821
2025-06-22 05:34:23,760 [INFO] Epoch 213 | Train Loss: 0.2358 | Val Loss: 4.0794 | Val Acc: 0.5357
2025-06-22 05:34:23,838 [INFO] Epoch 214 | Train Loss: 0.2759 | Val Loss: 4.6785 | Val Acc: 0.4643
2025-06-22 05:34:23,914 [INFO] Epoch 215 | Train Loss: 0.3678 | Val Loss: 4.9238 | Val Acc: 0.4107
2025-06-22 05:34:23,991 [INFO] Epoch 216 | Train Loss: 0.3203 | Val Loss: 3.9694 | Val Acc: 0.5000
2025-06-22 05:34:24,084 [INFO] Epoch 217 | Train Loss: 0.1637 | Val Loss: 3.5862 | Val Acc: 0.5179
2025-06-22 05:34:24,162 [INFO] Epoch 218 | Train Loss: 0.2120 | Val Loss: 3.6935 | Val Acc: 0.4643
2025-06-22 05:34:24,243 [INFO] Epoch 219 | Train Loss: 0.1820 | Val Loss: 3.6958 | Val Acc: 0.5179
2025-06-22 05:34:24,319 [INFO] Epoch 220 | Train Loss: 0.2269 | Val Loss: 3.6773 | Val Acc: 0.5357
2025-06-22 05:34:25,020 [INFO] Epoch 221 | Train Loss: 0.2834 | Val Loss: 3.0475 | Val Acc: 0.5357
2025-06-22 05:34:25,113 [INFO] Epoch 222 | Train Loss: 0.2151 | Val Loss: 3.2130 | Val Acc: 0.5179
2025-06-22 05:34:25,214 [INFO] Epoch 223 | Train Loss: 0.1338 | Val Loss: 3.2472 | Val Acc: 0.5536
2025-06-22 05:34:25,295 [INFO] Epoch 224 | Train Loss: 0.7129 | Val Loss: 3.9977 | Val Acc: 0.4643
2025-06-22 05:34:25,373 [INFO] Epoch 225 | Train Loss: 0.2629 | Val Loss: 4.1564 | Val Acc: 0.4643
2025-06-22 05:34:25,458 [INFO] Epoch 226 | Train Loss: 0.4577 | Val Loss: 5.2748 | Val Acc: 0.4643
2025-06-22 05:34:25,534 [INFO] Epoch 227 | Train Loss: 0.4687 | Val Loss: 5.2413 | Val Acc: 0.3750
2025-06-22 05:34:25,611 [INFO] Epoch 228 | Train Loss: 0.7405 | Val Loss: 5.1462 | Val Acc: 0.4464
2025-06-22 05:34:25,688 [INFO] Epoch 229 | Train Loss: 0.3925 | Val Loss: 4.8279 | Val Acc: 0.4643
2025-06-22 05:34:25,766 [INFO] Epoch 230 | Train Loss: 0.4666 | Val Loss: 4.3063 | Val Acc: 0.4464
2025-06-22 05:34:26,571 [INFO] Epoch 231 | Train Loss: 0.4847 | Val Loss: 4.2580 | Val Acc: 0.4107
2025-06-22 05:34:26,651 [INFO] Epoch 232 | Train Loss: 0.5674 | Val Loss: 3.7827 | Val Acc: 0.4286
2025-06-22 05:34:26,729 [INFO] Epoch 233 | Train Loss: 0.4851 | Val Loss: 4.6394 | Val Acc: 0.4286
2025-06-22 05:34:26,808 [INFO] Epoch 234 | Train Loss: 0.5022 | Val Loss: 5.4606 | Val Acc: 0.4821
2025-06-22 05:34:26,889 [INFO] Epoch 235 | Train Loss: 0.5784 | Val Loss: 5.6481 | Val Acc: 0.4286
2025-06-22 05:34:26,985 [INFO] Epoch 236 | Train Loss: 0.4811 | Val Loss: 4.9978 | Val Acc: 0.4286
2025-06-22 05:34:27,063 [INFO] Epoch 237 | Train Loss: 0.3373 | Val Loss: 4.4148 | Val Acc: 0.4464
2025-06-22 05:34:27,143 [INFO] Epoch 238 | Train Loss: 0.3973 | Val Loss: 4.3252 | Val Acc: 0.3929
2025-06-22 05:34:27,252 [INFO] Epoch 239 | Train Loss: 0.4324 | Val Loss: 4.0795 | Val Acc: 0.4286
2025-06-22 05:34:27,345 [INFO] Epoch 240 | Train Loss: 0.3658 | Val Loss: 3.8133 | Val Acc: 0.4643
2025-06-22 05:34:28,043 [INFO] Epoch 241 | Train Loss: 0.2484 | Val Loss: 3.7083 | Val Acc: 0.5357
2025-06-22 05:34:28,121 [INFO] Epoch 242 | Train Loss: 0.3704 | Val Loss: 3.8795 | Val Acc: 0.5000
2025-06-22 05:34:28,199 [INFO] Epoch 243 | Train Loss: 0.2295 | Val Loss: 4.2355 | Val Acc: 0.4821
2025-06-22 05:34:28,294 [INFO] Epoch 244 | Train Loss: 0.1559 | Val Loss: 4.1147 | Val Acc: 0.5179
2025-06-22 05:34:28,391 [INFO] Epoch 245 | Train Loss: 0.2771 | Val Loss: 4.0334 | Val Acc: 0.5000
2025-06-22 05:34:28,469 [INFO] Epoch 246 | Train Loss: 0.6453 | Val Loss: 4.1024 | Val Acc: 0.4643
2025-06-22 05:34:28,553 [INFO] Epoch 247 | Train Loss: 0.5006 | Val Loss: 4.3244 | Val Acc: 0.4643
2025-06-22 05:34:28,628 [INFO] Epoch 248 | Train Loss: 0.9214 | Val Loss: 4.6570 | Val Acc: 0.4464
2025-06-22 05:34:28,707 [INFO] Epoch 249 | Train Loss: 0.3417 | Val Loss: 4.9832 | Val Acc: 0.3929
2025-06-22 05:34:28,787 [INFO] Epoch 250 | Train Loss: 0.1822 | Val Loss: 4.5082 | Val Acc: 0.4643
2025-06-22 05:34:29,504 [INFO] Epoch 251 | Train Loss: 0.4443 | Val Loss: 4.9591 | Val Acc: 0.4643
2025-06-22 05:34:29,581 [INFO] Epoch 252 | Train Loss: 0.5218 | Val Loss: 4.8729 | Val Acc: 0.4464
2025-06-22 05:34:29,658 [INFO] Epoch 253 | Train Loss: 0.2880 | Val Loss: 5.3538 | Val Acc: 0.4464
2025-06-22 05:34:29,734 [INFO] Epoch 254 | Train Loss: 0.6662 | Val Loss: 4.7096 | Val Acc: 0.4464
2025-06-22 05:34:29,812 [INFO] Epoch 255 | Train Loss: 0.3716 | Val Loss: 4.0024 | Val Acc: 0.4464
2025-06-22 05:34:29,890 [INFO] Epoch 256 | Train Loss: 0.2879 | Val Loss: 3.4699 | Val Acc: 0.4286
2025-06-22 05:34:29,977 [INFO] Epoch 257 | Train Loss: 0.2535 | Val Loss: 3.2031 | Val Acc: 0.4464
2025-06-22 05:34:30,053 [INFO] Epoch 258 | Train Loss: 0.2604 | Val Loss: 3.3330 | Val Acc: 0.4643
2025-06-22 05:34:30,131 [INFO] Epoch 259 | Train Loss: 0.1687 | Val Loss: 3.5863 | Val Acc: 0.5179
2025-06-22 05:34:30,206 [INFO] Epoch 260 | Train Loss: 0.1388 | Val Loss: 3.8588 | Val Acc: 0.4821
2025-06-22 05:34:30,898 [INFO] Epoch 261 | Train Loss: 0.1604 | Val Loss: 4.0520 | Val Acc: 0.5000
2025-06-22 05:34:30,983 [INFO] Epoch 262 | Train Loss: 0.1544 | Val Loss: 4.1158 | Val Acc: 0.4464
2025-06-22 05:34:31,058 [INFO] Epoch 263 | Train Loss: 0.1185 | Val Loss: 4.1924 | Val Acc: 0.4821
2025-06-22 05:34:31,134 [INFO] Epoch 264 | Train Loss: 0.0940 | Val Loss: 4.7065 | Val Acc: 0.4643
2025-06-22 05:34:31,213 [INFO] Epoch 265 | Train Loss: 0.3372 | Val Loss: 4.2487 | Val Acc: 0.4643
2025-06-22 05:34:31,367 [INFO] Epoch 266 | Train Loss: 0.3370 | Val Loss: 3.9092 | Val Acc: 0.5536
2025-06-22 05:34:31,445 [INFO] Epoch 267 | Train Loss: 0.1786 | Val Loss: 3.5770 | Val Acc: 0.5893
2025-06-22 05:34:31,469 [INFO] New best model at epoch 267 (Val Acc: 0.5893)
2025-06-22 05:34:31,585 [INFO] Epoch 268 | Train Loss: 0.1539 | Val Loss: 4.0505 | Val Acc: 0.4643
2025-06-22 05:34:31,663 [INFO] Epoch 269 | Train Loss: 0.0883 | Val Loss: 4.3987 | Val Acc: 0.4643
2025-06-22 05:34:31,745 [INFO] Epoch 270 | Train Loss: 0.3786 | Val Loss: 5.1534 | Val Acc: 0.4286
2025-06-22 05:34:32,493 [INFO] Epoch 271 | Train Loss: 0.6151 | Val Loss: 4.4265 | Val Acc: 0.4286
2025-06-22 05:34:32,578 [INFO] Epoch 272 | Train Loss: 0.2896 | Val Loss: 3.9945 | Val Acc: 0.4643
2025-06-22 05:34:32,671 [INFO] Epoch 273 | Train Loss: 0.3521 | Val Loss: 4.2101 | Val Acc: 0.4464
2025-06-22 05:34:32,749 [INFO] Epoch 274 | Train Loss: 0.3449 | Val Loss: 4.0933 | Val Acc: 0.5000
2025-06-22 05:34:32,827 [INFO] Epoch 275 | Train Loss: 0.1178 | Val Loss: 4.5353 | Val Acc: 0.4464
2025-06-22 05:34:32,904 [INFO] Epoch 276 | Train Loss: 0.4037 | Val Loss: 4.7171 | Val Acc: 0.4107
2025-06-22 05:34:32,992 [INFO] Epoch 277 | Train Loss: 0.2709 | Val Loss: 4.8822 | Val Acc: 0.4107
2025-06-22 05:34:33,069 [INFO] Epoch 278 | Train Loss: 0.4072 | Val Loss: 5.0385 | Val Acc: 0.4464
2025-06-22 05:34:33,146 [INFO] Epoch 279 | Train Loss: 0.5448 | Val Loss: 4.8708 | Val Acc: 0.4107
2025-06-22 05:34:33,223 [INFO] Epoch 280 | Train Loss: 0.6243 | Val Loss: 4.8266 | Val Acc: 0.4821
2025-06-22 05:34:33,916 [INFO] Epoch 281 | Train Loss: 0.2853 | Val Loss: 4.3316 | Val Acc: 0.4643
2025-06-22 05:34:33,999 [INFO] Epoch 282 | Train Loss: 0.4170 | Val Loss: 4.6676 | Val Acc: 0.5000
2025-06-22 05:34:34,076 [INFO] Epoch 283 | Train Loss: 0.4268 | Val Loss: 5.3590 | Val Acc: 0.5000
2025-06-22 05:34:34,153 [INFO] Epoch 284 | Train Loss: 0.5508 | Val Loss: 4.9185 | Val Acc: 0.4286
2025-06-22 05:34:34,288 [INFO] Epoch 285 | Train Loss: 0.3380 | Val Loss: 3.3494 | Val Acc: 0.4286
2025-06-22 05:34:34,380 [INFO] Epoch 286 | Train Loss: 0.4515 | Val Loss: 3.2340 | Val Acc: 0.4643
2025-06-22 05:34:34,458 [INFO] Epoch 287 | Train Loss: 0.1785 | Val Loss: 3.4389 | Val Acc: 0.4821
2025-06-22 05:34:34,535 [INFO] Epoch 288 | Train Loss: 0.1426 | Val Loss: 3.3030 | Val Acc: 0.4643
2025-06-22 05:34:34,617 [INFO] Epoch 289 | Train Loss: 0.1521 | Val Loss: 3.6344 | Val Acc: 0.4821
2025-06-22 05:34:34,703 [INFO] Epoch 290 | Train Loss: 0.2513 | Val Loss: 4.7423 | Val Acc: 0.4107
2025-06-22 05:34:37,374 [INFO] Epoch 291 | Train Loss: 0.2251 | Val Loss: 5.6271 | Val Acc: 0.4107
2025-06-22 05:34:37,473 [INFO] Epoch 292 | Train Loss: 0.6233 | Val Loss: 5.6836 | Val Acc: 0.4286
2025-06-22 05:34:37,556 [INFO] Epoch 293 | Train Loss: 0.2610 | Val Loss: 4.1841 | Val Acc: 0.4643
2025-06-22 05:34:37,637 [INFO] Epoch 294 | Train Loss: 0.3532 | Val Loss: 3.7439 | Val Acc: 0.4821
2025-06-22 05:34:37,721 [INFO] Epoch 295 | Train Loss: 0.3313 | Val Loss: 3.9378 | Val Acc: 0.4643
2025-06-22 05:34:37,860 [INFO] Epoch 296 | Train Loss: 0.2789 | Val Loss: 4.7250 | Val Acc: 0.4464
2025-06-22 05:34:37,960 [INFO] Epoch 297 | Train Loss: 0.2736 | Val Loss: 4.6283 | Val Acc: 0.4464
2025-06-22 05:34:38,050 [INFO] Epoch 298 | Train Loss: 0.3044 | Val Loss: 4.1802 | Val Acc: 0.4107
2025-06-22 05:34:38,133 [INFO] Epoch 299 | Train Loss: 0.2150 | Val Loss: 3.6628 | Val Acc: 0.4464
2025-06-22 05:34:38,214 [INFO] Epoch 300 | Train Loss: 0.2947 | Val Loss: 4.2362 | Val Acc: 0.5000
2025-06-22 05:34:38,962 [INFO] Epoch 301 | Train Loss: 0.1041 | Val Loss: 4.5330 | Val Acc: 0.4464
2025-06-22 05:34:39,066 [INFO] Epoch 302 | Train Loss: 0.1352 | Val Loss: 4.4272 | Val Acc: 0.5000
2025-06-22 05:34:39,145 [INFO] Epoch 303 | Train Loss: 0.2924 | Val Loss: 4.4848 | Val Acc: 0.4643
2025-06-22 05:34:39,225 [INFO] Epoch 304 | Train Loss: 0.1391 | Val Loss: 4.6446 | Val Acc: 0.4286
2025-06-22 05:34:39,302 [INFO] Epoch 305 | Train Loss: 0.2879 | Val Loss: 4.7742 | Val Acc: 0.4286
2025-06-22 05:34:39,380 [INFO] Epoch 306 | Train Loss: 0.1343 | Val Loss: 5.0026 | Val Acc: 0.3929
2025-06-22 05:34:39,472 [INFO] Epoch 307 | Train Loss: 0.1399 | Val Loss: 4.9211 | Val Acc: 0.3929
2025-06-22 05:34:39,551 [INFO] Epoch 308 | Train Loss: 0.0791 | Val Loss: 4.5575 | Val Acc: 0.4464
2025-06-22 05:34:39,632 [INFO] Epoch 309 | Train Loss: 0.1786 | Val Loss: 4.8352 | Val Acc: 0.4286
2025-06-22 05:34:39,712 [INFO] Epoch 310 | Train Loss: 0.2090 | Val Loss: 5.4821 | Val Acc: 0.4464
2025-06-22 05:34:40,437 [INFO] Epoch 311 | Train Loss: 0.3630 | Val Loss: 5.6097 | Val Acc: 0.4286
2025-06-22 05:34:40,514 [INFO] Epoch 312 | Train Loss: 0.0845 | Val Loss: 5.3012 | Val Acc: 0.4464
2025-06-22 05:34:40,591 [INFO] Epoch 313 | Train Loss: 0.1620 | Val Loss: 5.3159 | Val Acc: 0.4107
2025-06-22 05:34:40,670 [INFO] Epoch 314 | Train Loss: 0.3605 | Val Loss: 5.2633 | Val Acc: 0.4464
2025-06-22 05:34:40,747 [INFO] Epoch 315 | Train Loss: 0.4656 | Val Loss: 5.0600 | Val Acc: 0.4643
2025-06-22 05:34:40,839 [INFO] Epoch 316 | Train Loss: 0.3410 | Val Loss: 5.0928 | Val Acc: 0.4464
2025-06-22 05:34:40,933 [INFO] Epoch 317 | Train Loss: 0.3211 | Val Loss: 5.2052 | Val Acc: 0.3929
2025-06-22 05:34:41,010 [INFO] Epoch 318 | Train Loss: 0.5818 | Val Loss: 4.7920 | Val Acc: 0.4286
2025-06-22 05:34:41,087 [INFO] Epoch 319 | Train Loss: 0.4252 | Val Loss: 5.8988 | Val Acc: 0.4107
2025-06-22 05:34:41,186 [INFO] Epoch 320 | Train Loss: 0.4389 | Val Loss: 4.9406 | Val Acc: 0.4464
2025-06-22 05:34:42,289 [INFO] Epoch 321 | Train Loss: 0.4691 | Val Loss: 4.2329 | Val Acc: 0.4286
2025-06-22 05:34:42,367 [INFO] Epoch 322 | Train Loss: 0.2345 | Val Loss: 4.5937 | Val Acc: 0.4464
2025-06-22 05:34:42,446 [INFO] Epoch 323 | Train Loss: 0.0940 | Val Loss: 4.7898 | Val Acc: 0.4464
2025-06-22 05:34:42,522 [INFO] Epoch 324 | Train Loss: 0.3399 | Val Loss: 4.3129 | Val Acc: 0.4821
2025-06-22 05:34:42,600 [INFO] Epoch 325 | Train Loss: 0.2115 | Val Loss: 4.3107 | Val Acc: 0.4464
2025-06-22 05:34:42,676 [INFO] Epoch 326 | Train Loss: 0.1974 | Val Loss: 4.4811 | Val Acc: 0.4821
2025-06-22 05:34:42,767 [INFO] Epoch 327 | Train Loss: 0.3047 | Val Loss: 5.0479 | Val Acc: 0.4643
2025-06-22 05:34:42,844 [INFO] Epoch 328 | Train Loss: 0.2130 | Val Loss: 4.5394 | Val Acc: 0.4643
2025-06-22 05:34:42,921 [INFO] Epoch 329 | Train Loss: 0.2411 | Val Loss: 4.8356 | Val Acc: 0.4643
2025-06-22 05:34:43,003 [INFO] Epoch 330 | Train Loss: 0.3132 | Val Loss: 5.0169 | Val Acc: 0.4107
2025-06-22 05:34:43,751 [INFO] Epoch 331 | Train Loss: 0.3333 | Val Loss: 4.7368 | Val Acc: 0.4286
2025-06-22 05:34:43,858 [INFO] Epoch 332 | Train Loss: 0.1783 | Val Loss: 4.5877 | Val Acc: 0.4286
2025-06-22 05:34:43,934 [INFO] Epoch 333 | Train Loss: 0.2475 | Val Loss: 5.4925 | Val Acc: 0.3929
2025-06-22 05:34:44,013 [INFO] Epoch 334 | Train Loss: 0.6556 | Val Loss: 5.6029 | Val Acc: 0.4286
2025-06-22 05:34:44,090 [INFO] Epoch 335 | Train Loss: 0.1423 | Val Loss: 5.8649 | Val Acc: 0.4286
2025-06-22 05:34:44,170 [INFO] Epoch 336 | Train Loss: 0.2911 | Val Loss: 5.9518 | Val Acc: 0.4643
2025-06-22 05:34:44,258 [INFO] Epoch 337 | Train Loss: 0.3739 | Val Loss: 5.7200 | Val Acc: 0.4107
2025-06-22 05:34:44,362 [INFO] Epoch 338 | Train Loss: 0.3135 | Val Loss: 6.1766 | Val Acc: 0.3571
2025-06-22 05:34:44,442 [INFO] Epoch 339 | Train Loss: 0.3759 | Val Loss: 6.5878 | Val Acc: 0.3750
2025-06-22 05:34:44,520 [INFO] Epoch 340 | Train Loss: 0.5614 | Val Loss: 6.8483 | Val Acc: 0.4107
2025-06-22 05:34:46,541 [INFO] Epoch 341 | Train Loss: 0.3163 | Val Loss: 6.5748 | Val Acc: 0.3571
2025-06-22 05:34:46,621 [INFO] Epoch 342 | Train Loss: 0.3200 | Val Loss: 6.1772 | Val Acc: 0.4286
2025-06-22 05:34:46,700 [INFO] Epoch 343 | Train Loss: 0.3418 | Val Loss: 5.5407 | Val Acc: 0.5179
2025-06-22 05:34:46,784 [INFO] Epoch 344 | Train Loss: 0.3872 | Val Loss: 5.0758 | Val Acc: 0.5357
2025-06-22 05:34:46,895 [INFO] Epoch 345 | Train Loss: 0.2625 | Val Loss: 5.3391 | Val Acc: 0.4643
2025-06-22 05:34:46,994 [INFO] Epoch 346 | Train Loss: 0.3497 | Val Loss: 5.7095 | Val Acc: 0.4464
2025-06-22 05:34:47,075 [INFO] Epoch 347 | Train Loss: 0.4491 | Val Loss: 5.2179 | Val Acc: 0.4286
2025-06-22 05:34:47,161 [INFO] Epoch 348 | Train Loss: 0.2138 | Val Loss: 5.6997 | Val Acc: 0.4464
2025-06-22 05:34:47,264 [INFO] Epoch 349 | Train Loss: 0.2754 | Val Loss: 5.5010 | Val Acc: 0.4643
2025-06-22 05:34:47,348 [INFO] Epoch 350 | Train Loss: 0.1969 | Val Loss: 4.6919 | Val Acc: 0.4821
2025-06-22 05:34:48,067 [INFO] Epoch 351 | Train Loss: 0.3147 | Val Loss: 5.1147 | Val Acc: 0.4821
2025-06-22 05:34:48,146 [INFO] Epoch 352 | Train Loss: 0.3227 | Val Loss: 6.4071 | Val Acc: 0.4107
2025-06-22 05:34:48,226 [INFO] Epoch 353 | Train Loss: 0.1827 | Val Loss: 6.3541 | Val Acc: 0.3929
2025-06-22 05:34:48,303 [INFO] Epoch 354 | Train Loss: 0.2600 | Val Loss: 5.2469 | Val Acc: 0.3929
2025-06-22 05:34:48,383 [INFO] Epoch 355 | Train Loss: 0.3983 | Val Loss: 4.4386 | Val Acc: 0.4286
2025-06-22 05:34:48,460 [INFO] Epoch 356 | Train Loss: 0.4225 | Val Loss: 6.0319 | Val Acc: 0.4286
2025-06-22 05:34:48,586 [INFO] Epoch 357 | Train Loss: 0.3289 | Val Loss: 7.2822 | Val Acc: 0.4107
2025-06-22 05:34:48,678 [INFO] Epoch 358 | Train Loss: 0.3962 | Val Loss: 6.1907 | Val Acc: 0.3750
2025-06-22 05:34:48,756 [INFO] Epoch 359 | Train Loss: 0.6036 | Val Loss: 6.3553 | Val Acc: 0.4464
2025-06-22 05:34:48,833 [INFO] Epoch 360 | Train Loss: 0.4568 | Val Loss: 5.1879 | Val Acc: 0.4464
2025-06-22 05:34:49,679 [INFO] Epoch 361 | Train Loss: 0.5723 | Val Loss: 4.8422 | Val Acc: 0.4643
2025-06-22 05:34:49,787 [INFO] Epoch 362 | Train Loss: 0.4525 | Val Loss: 5.1808 | Val Acc: 0.4821
2025-06-22 05:34:49,882 [INFO] Epoch 363 | Train Loss: 0.3393 | Val Loss: 4.3248 | Val Acc: 0.5714
2025-06-22 05:34:49,959 [INFO] Epoch 364 | Train Loss: 0.3188 | Val Loss: 5.0290 | Val Acc: 0.4821
2025-06-22 05:34:50,040 [INFO] Epoch 365 | Train Loss: 0.3971 | Val Loss: 6.3928 | Val Acc: 0.4464
2025-06-22 05:34:50,131 [INFO] Epoch 366 | Train Loss: 0.2185 | Val Loss: 6.4613 | Val Acc: 0.4464
2025-06-22 05:34:50,206 [INFO] Epoch 367 | Train Loss: 0.2556 | Val Loss: 6.3568 | Val Acc: 0.4643
2025-06-22 05:34:50,284 [INFO] Epoch 368 | Train Loss: 0.1831 | Val Loss: 8.0010 | Val Acc: 0.4821
2025-06-22 05:34:50,363 [INFO] Epoch 369 | Train Loss: 0.3635 | Val Loss: 6.1567 | Val Acc: 0.4107
2025-06-22 05:34:50,456 [INFO] Epoch 370 | Train Loss: 0.4504 | Val Loss: 5.5359 | Val Acc: 0.3571
2025-06-22 05:34:51,254 [INFO] Epoch 371 | Train Loss: 0.5753 | Val Loss: 4.9605 | Val Acc: 0.3929
2025-06-22 05:34:51,336 [INFO] Epoch 372 | Train Loss: 0.3342 | Val Loss: 5.3100 | Val Acc: 0.3750
2025-06-22 05:34:51,417 [INFO] Epoch 373 | Train Loss: 0.2902 | Val Loss: 5.3297 | Val Acc: 0.4107
2025-06-22 05:34:51,494 [INFO] Epoch 374 | Train Loss: 0.2211 | Val Loss: 4.2144 | Val Acc: 0.4286
2025-06-22 05:34:51,571 [INFO] Epoch 375 | Train Loss: 0.1310 | Val Loss: 4.0481 | Val Acc: 0.4464
2025-06-22 05:34:51,648 [INFO] Epoch 376 | Train Loss: 0.3045 | Val Loss: 4.0390 | Val Acc: 0.4821
2025-06-22 05:34:51,749 [INFO] Epoch 377 | Train Loss: 0.0912 | Val Loss: 3.6796 | Val Acc: 0.5000
2025-06-22 05:34:51,845 [INFO] Epoch 378 | Train Loss: 0.2598 | Val Loss: 3.3258 | Val Acc: 0.4821
2025-06-22 05:34:51,931 [INFO] Epoch 379 | Train Loss: 0.1441 | Val Loss: 3.4267 | Val Acc: 0.5000
2025-06-22 05:34:52,029 [INFO] Epoch 380 | Train Loss: 0.1304 | Val Loss: 3.9577 | Val Acc: 0.4643
2025-06-22 05:34:52,756 [INFO] Epoch 381 | Train Loss: 0.1092 | Val Loss: 4.4236 | Val Acc: 0.4821
2025-06-22 05:34:52,872 [INFO] Epoch 382 | Train Loss: 0.1307 | Val Loss: 4.6316 | Val Acc: 0.4643
2025-06-22 05:34:52,963 [INFO] Epoch 383 | Train Loss: 0.2234 | Val Loss: 4.8260 | Val Acc: 0.4286
2025-06-22 05:34:53,049 [INFO] Epoch 384 | Train Loss: 0.2537 | Val Loss: 5.3244 | Val Acc: 0.3750
2025-06-22 05:34:53,131 [INFO] Epoch 385 | Train Loss: 0.2091 | Val Loss: 4.9621 | Val Acc: 0.3929
2025-06-22 05:34:53,227 [INFO] Epoch 386 | Train Loss: 0.1897 | Val Loss: 4.8754 | Val Acc: 0.4821
2025-06-22 05:34:53,304 [INFO] Epoch 387 | Train Loss: 0.0820 | Val Loss: 4.7748 | Val Acc: 0.4643
2025-06-22 05:34:53,385 [INFO] Epoch 388 | Train Loss: 0.2009 | Val Loss: 5.0892 | Val Acc: 0.4286
2025-06-22 05:34:53,459 [INFO] Epoch 389 | Train Loss: 0.2229 | Val Loss: 4.9327 | Val Acc: 0.4821
2025-06-22 05:34:53,539 [INFO] Epoch 390 | Train Loss: 0.1439 | Val Loss: 4.6172 | Val Acc: 0.5000
2025-06-22 05:34:54,304 [INFO] Epoch 391 | Train Loss: 0.0587 | Val Loss: 4.8364 | Val Acc: 0.4821
2025-06-22 05:34:54,387 [INFO] Epoch 392 | Train Loss: 0.1485 | Val Loss: 5.2022 | Val Acc: 0.4821
2025-06-22 05:34:54,465 [INFO] Epoch 393 | Train Loss: 0.2973 | Val Loss: 5.4851 | Val Acc: 0.4464
2025-06-22 05:34:54,542 [INFO] Epoch 394 | Train Loss: 0.2126 | Val Loss: 5.3889 | Val Acc: 0.4821
2025-06-22 05:34:54,620 [INFO] Epoch 395 | Train Loss: 0.2062 | Val Loss: 5.1577 | Val Acc: 0.4464
2025-06-22 05:34:54,697 [INFO] Epoch 396 | Train Loss: 0.0414 | Val Loss: 4.9992 | Val Acc: 0.4643
2025-06-22 05:34:54,790 [INFO] Epoch 397 | Train Loss: 0.0735 | Val Loss: 5.0409 | Val Acc: 0.5000
2025-06-22 05:34:54,867 [INFO] Epoch 398 | Train Loss: 0.1628 | Val Loss: 5.0869 | Val Acc: 0.5000
2025-06-22 05:34:54,970 [INFO] Epoch 399 | Train Loss: 0.0982 | Val Loss: 4.9987 | Val Acc: 0.5000
2025-06-22 05:34:55,064 [INFO] Epoch 400 | Train Loss: 0.0704 | Val Loss: 4.8367 | Val Acc: 0.5357
2025-06-22 05:34:55,676 [INFO] Best model saved to <built-in function time>/ENZYMES/best/best_source_gin.pth (Val Acc: 0.5893 at epoch 267)
2025-06-22 05:34:55,677 [INFO] Training/validation metrics saved to <built-in function time>/ENZYMES/GIN_0.001/train_metrics.csv
2025-06-22 05:34:56,331 [INFO] Final training curves saved
2025-06-22 05:34:56,331 [INFO] Training completed!
2025-06-22 05:34:56,331 [INFO] Best validation accuracy: 0.5893
2025-06-22 05:34:56,331 [INFO] Best epoch: 267
2025-06-22 05:34:56,331 [INFO] Total epochs trained: 400
2025-06-22 05:34:56,332 [INFO] Starting training with parameters: (0.001, 0.3, 256, 5, 400, 0.001)
