2025-06-22 12:31:49,796 [INFO] Using device: cpu
2025-06-22 12:31:49,796 [INFO] 开始创建数据加载器...
2025-06-22 12:31:49,799 [INFO] Successfully loaded dataset ENZYMES from ./data, total graphs: 600
2025-06-22 12:31:49,799 [INFO] Class allocation analysis:
2025-06-22 12:31:49,799 [INFO]   Source classes: [0, 1, 2, 3]
2025-06-22 12:31:49,799 [INFO]   Target classes: [0, 1, 2, 3, 4, 5]
2025-06-22 12:31:49,799 [INFO]   Overlap classes (to be split): [0, 1, 2, 3]
2025-06-22 12:31:49,799 [INFO]   Target novel classes (unknown): [4, 5]
2025-06-22 12:31:49,812 [INFO]   Class 0: 100 total -> Source: 70, Target: 30
2025-06-22 12:31:49,812 [INFO]   Class 1: 100 total -> Source: 70, Target: 30
2025-06-22 12:31:49,813 [INFO]   Class 2: 100 total -> Source: 70, Target: 30
2025-06-22 12:31:49,813 [INFO]   Class 3: 100 total -> Source: 70, Target: 30
2025-06-22 12:31:49,813 [INFO]   Class 4 (novel/unknown): 100 samples -> Target
2025-06-22 12:31:49,813 [INFO]   Class 5 (novel/unknown): 100 samples -> Target
2025-06-22 12:31:49,813 [INFO] Final allocation:
2025-06-22 12:31:49,813 [INFO]   Source domain: 280 samples
2025-06-22 12:31:49,813 [INFO]   Target domain: 320 samples
2025-06-22 12:31:49,814 [INFO] Source domain setup:
2025-06-22 12:31:49,814 [INFO]   Original classes: [0, 1, 2, 3]
2025-06-22 12:31:49,814 [INFO]   Overlap classes used: [0, 1, 2, 3]
2025-06-22 12:31:49,814 [INFO]   Label mapping: {0: 0, 1: 1, 2: 2, 3: 3}
2025-06-22 12:31:49,814 [INFO]   Total data after allocation: 280
2025-06-22 12:31:49,814 [INFO]   Data split - Train: 224, Val: 56
2025-06-22 12:31:49,814 [INFO]   Train label distribution: {0: 56, 1: 56, 3: 56, 2: 56}
2025-06-22 12:31:49,814 [INFO]   Val label distribution: {1: 14, 2: 14, 0: 14, 3: 14}
2025-06-22 12:31:49,815 [INFO] Successfully loaded dataset ENZYMES from ./data, total graphs: 600
2025-06-22 12:31:49,815 [INFO] Class allocation analysis:
2025-06-22 12:31:49,815 [INFO]   Source classes: [0, 1, 2, 3]
2025-06-22 12:31:49,815 [INFO]   Target classes: [0, 1, 2, 3, 4, 5]
2025-06-22 12:31:49,815 [INFO]   Overlap classes (to be split): [0, 1, 2, 3]
2025-06-22 12:31:49,816 [INFO]   Target novel classes (unknown): [4, 5]
2025-06-22 12:31:49,828 [INFO]   Class 0: 100 total -> Source: 70, Target: 30
2025-06-22 12:31:49,828 [INFO]   Class 1: 100 total -> Source: 70, Target: 30
2025-06-22 12:31:49,828 [INFO]   Class 2: 100 total -> Source: 70, Target: 30
2025-06-22 12:31:49,829 [INFO]   Class 3: 100 total -> Source: 70, Target: 30
2025-06-22 12:31:49,829 [INFO]   Class 4 (novel/unknown): 100 samples -> Target
2025-06-22 12:31:49,829 [INFO]   Class 5 (novel/unknown): 100 samples -> Target
2025-06-22 12:31:49,829 [INFO] Final allocation:
2025-06-22 12:31:49,829 [INFO]   Source domain: 280 samples
2025-06-22 12:31:49,829 [INFO]   Target domain: 320 samples
2025-06-22 12:31:49,830 [INFO] Target domain setup:
2025-06-22 12:31:49,830 [INFO]   Original classes: [0, 1, 2, 3, 4, 5]
2025-06-22 12:31:49,830 [INFO]   Overlap classes: [0, 1, 2, 3]
2025-06-22 12:31:49,830 [INFO]   Novel classes: [4, 5] -> mapped to unknown label 4
2025-06-22 12:31:49,830 [INFO]   Label mapping: {0: 0, 1: 1, 2: 2, 3: 3, 4: 4, 5: 4}
2025-06-22 12:31:49,830 [INFO]   Total data after allocation: 320
2025-06-22 12:31:49,830 [INFO]   Data split - Train: 256, Val: 64
2025-06-22 12:31:49,830 [INFO]   Total count: 320 (known: 120, unknown: 200)
2025-06-22 12:31:49,830 [INFO]   Total label distribution: {4: 200, 3: 30, 0: 30, 1: 30, 2: 30}
2025-06-22 12:31:49,830 [INFO]   Train label distribution: {4: 160, 0: 24, 2: 24, 3: 24, 1: 24}
2025-06-22 12:31:49,830 [INFO]   Val label distribution: {1: 6, 4: 40, 3: 6, 0: 6, 2: 6}
2025-06-22 12:31:49,831 [INFO] 数据加载器创建完成!
2025-06-22 12:31:49,831 [INFO] 源域类别数: 4 (重叠类别)
2025-06-22 12:31:49,831 [INFO] 目标域类别数: 5 (4个重叠类别 + 1个未知类别)
2025-06-22 12:31:49,831 [INFO] 重叠类别: [0, 1, 2, 3]
2025-06-22 12:31:49,831 [INFO] 目标域新类别: [4, 5]
2025-06-22 12:31:49,831 [INFO] Data allocation verification:
2025-06-22 12:31:49,831 [INFO]   Source data samples: 280
2025-06-22 12:31:49,831 [INFO]   Target data samples: 320
2025-06-22 12:31:49,831 [INFO]   Overlapping samples: 0
2025-06-22 12:31:49,831 [INFO]   ✓ Data allocation is correct - no overlapping samples
2025-06-22 12:31:49,832 [INFO] Model initialized with 22084 parameters
2025-06-22 12:31:49,832 [INFO] Previous best validation accuracy read from record.txt: 0.6250
2025-06-22 12:31:49,833 [INFO] Starting training...
2025-06-22 12:31:49,852 [INFO] Epoch 001 | Train Loss: 8.2965 | Val Loss: 20.7526 | Val Acc: 0.2500
2025-06-22 12:31:51,100 [INFO] New best model at epoch 1 (Val Acc: 0.2500)
2025-06-22 12:31:51,121 [INFO] Epoch 002 | Train Loss: 5.6500 | Val Loss: 18.5124 | Val Acc: 0.2857
2025-06-22 12:31:51,125 [INFO] New best model at epoch 2 (Val Acc: 0.2857)
2025-06-22 12:31:51,150 [INFO] Epoch 003 | Train Loss: 3.1995 | Val Loss: 9.3177 | Val Acc: 0.3214
2025-06-22 12:31:51,153 [INFO] New best model at epoch 3 (Val Acc: 0.3214)
2025-06-22 12:31:51,184 [INFO] Epoch 004 | Train Loss: 2.2245 | Val Loss: 5.1975 | Val Acc: 0.3393
2025-06-22 12:31:51,187 [INFO] New best model at epoch 4 (Val Acc: 0.3393)
2025-06-22 12:31:51,212 [INFO] Epoch 005 | Train Loss: 1.9297 | Val Loss: 2.2751 | Val Acc: 0.3036
2025-06-22 12:31:51,232 [INFO] Epoch 006 | Train Loss: 1.6189 | Val Loss: 1.7448 | Val Acc: 0.4643
2025-06-22 12:31:51,236 [INFO] New best model at epoch 6 (Val Acc: 0.4643)
2025-06-22 12:31:51,254 [INFO] Epoch 007 | Train Loss: 1.6784 | Val Loss: 1.6741 | Val Acc: 0.3929
2025-06-22 12:31:51,275 [INFO] Epoch 008 | Train Loss: 1.6494 | Val Loss: 1.5048 | Val Acc: 0.3393
2025-06-22 12:31:51,297 [INFO] Epoch 009 | Train Loss: 1.7170 | Val Loss: 2.1156 | Val Acc: 0.3036
2025-06-22 12:31:51,317 [INFO] Epoch 010 | Train Loss: 1.5145 | Val Loss: 1.6491 | Val Acc: 0.3036
2025-06-22 12:31:52,140 [INFO] Epoch 011 | Train Loss: 1.6566 | Val Loss: 1.7188 | Val Acc: 0.3393
2025-06-22 12:31:52,165 [INFO] Epoch 012 | Train Loss: 1.8279 | Val Loss: 2.0658 | Val Acc: 0.4286
2025-06-22 12:31:52,193 [INFO] Epoch 013 | Train Loss: 1.6602 | Val Loss: 2.3254 | Val Acc: 0.2857
2025-06-22 12:31:52,219 [INFO] Epoch 014 | Train Loss: 1.5526 | Val Loss: 1.8398 | Val Acc: 0.2857
2025-06-22 12:31:52,240 [INFO] Epoch 015 | Train Loss: 1.6559 | Val Loss: 1.7637 | Val Acc: 0.3393
2025-06-22 12:31:52,261 [INFO] Epoch 016 | Train Loss: 1.4859 | Val Loss: 1.5518 | Val Acc: 0.3571
2025-06-22 12:31:52,281 [INFO] Epoch 017 | Train Loss: 1.3217 | Val Loss: 1.8165 | Val Acc: 0.3929
2025-06-22 12:31:52,302 [INFO] Epoch 018 | Train Loss: 1.2304 | Val Loss: 1.7093 | Val Acc: 0.4821
2025-06-22 12:31:52,305 [INFO] New best model at epoch 18 (Val Acc: 0.4821)
2025-06-22 12:31:52,324 [INFO] Epoch 019 | Train Loss: 1.2844 | Val Loss: 1.6304 | Val Acc: 0.4286
2025-06-22 12:31:52,344 [INFO] Epoch 020 | Train Loss: 1.2436 | Val Loss: 1.9728 | Val Acc: 0.3750
2025-06-22 12:31:53,167 [INFO] Epoch 021 | Train Loss: 1.3317 | Val Loss: 1.7556 | Val Acc: 0.3929
2025-06-22 12:31:53,203 [INFO] Epoch 022 | Train Loss: 1.2331 | Val Loss: 1.4717 | Val Acc: 0.4643
2025-06-22 12:31:53,229 [INFO] Epoch 023 | Train Loss: 1.0031 | Val Loss: 1.6228 | Val Acc: 0.3393
2025-06-22 12:31:53,256 [INFO] Epoch 024 | Train Loss: 1.1255 | Val Loss: 1.4409 | Val Acc: 0.3929
2025-06-22 12:31:53,276 [INFO] Epoch 025 | Train Loss: 1.1165 | Val Loss: 1.4245 | Val Acc: 0.4286
2025-06-22 12:31:53,297 [INFO] Epoch 026 | Train Loss: 1.1754 | Val Loss: 1.5046 | Val Acc: 0.4464
2025-06-22 12:31:53,317 [INFO] Epoch 027 | Train Loss: 1.1338 | Val Loss: 1.8519 | Val Acc: 0.3214
2025-06-22 12:31:53,337 [INFO] Epoch 028 | Train Loss: 1.2066 | Val Loss: 1.6970 | Val Acc: 0.3929
2025-06-22 12:31:53,357 [INFO] Epoch 029 | Train Loss: 0.9989 | Val Loss: 2.4734 | Val Acc: 0.3393
2025-06-22 12:31:53,378 [INFO] Epoch 030 | Train Loss: 1.1559 | Val Loss: 2.7096 | Val Acc: 0.3393
2025-06-22 12:31:55,774 [INFO] Epoch 031 | Train Loss: 1.3006 | Val Loss: 1.7692 | Val Acc: 0.3750
2025-06-22 12:31:55,808 [INFO] Epoch 032 | Train Loss: 1.0780 | Val Loss: 2.6477 | Val Acc: 0.3571
2025-06-22 12:31:55,846 [INFO] Epoch 033 | Train Loss: 0.9823 | Val Loss: 1.6463 | Val Acc: 0.3750
2025-06-22 12:31:55,867 [INFO] Epoch 034 | Train Loss: 1.0894 | Val Loss: 2.2379 | Val Acc: 0.3393
2025-06-22 12:31:55,888 [INFO] Epoch 035 | Train Loss: 0.9762 | Val Loss: 1.9773 | Val Acc: 0.3393
2025-06-22 12:31:55,917 [INFO] Epoch 036 | Train Loss: 0.9786 | Val Loss: 1.8163 | Val Acc: 0.3393
2025-06-22 12:31:55,946 [INFO] Epoch 037 | Train Loss: 0.9523 | Val Loss: 1.6595 | Val Acc: 0.4286
2025-06-22 12:31:55,971 [INFO] Epoch 038 | Train Loss: 0.8806 | Val Loss: 1.5237 | Val Acc: 0.4286
2025-06-22 12:31:55,991 [INFO] Epoch 039 | Train Loss: 0.9860 | Val Loss: 1.7590 | Val Acc: 0.3929
2025-06-22 12:31:56,011 [INFO] Epoch 040 | Train Loss: 0.8780 | Val Loss: 1.6687 | Val Acc: 0.4464
2025-06-22 12:31:56,945 [INFO] Epoch 041 | Train Loss: 0.9414 | Val Loss: 1.4768 | Val Acc: 0.5179
2025-06-22 12:31:56,949 [INFO] New best model at epoch 41 (Val Acc: 0.5179)
2025-06-22 12:31:56,977 [INFO] Epoch 042 | Train Loss: 0.9425 | Val Loss: 1.5744 | Val Acc: 0.3571
2025-06-22 12:31:57,004 [INFO] Epoch 043 | Train Loss: 0.9749 | Val Loss: 1.6873 | Val Acc: 0.3929
2025-06-22 12:31:57,031 [INFO] Epoch 044 | Train Loss: 1.0238 | Val Loss: 2.2941 | Val Acc: 0.3393
2025-06-22 12:31:57,052 [INFO] Epoch 045 | Train Loss: 1.1012 | Val Loss: 2.0167 | Val Acc: 0.4643
2025-06-22 12:31:57,072 [INFO] Epoch 046 | Train Loss: 0.9744 | Val Loss: 1.7289 | Val Acc: 0.3929
2025-06-22 12:31:57,093 [INFO] Epoch 047 | Train Loss: 0.8487 | Val Loss: 3.1961 | Val Acc: 0.3393
2025-06-22 12:31:57,113 [INFO] Epoch 048 | Train Loss: 0.8701 | Val Loss: 2.1577 | Val Acc: 0.4286
2025-06-22 12:31:57,134 [INFO] Epoch 049 | Train Loss: 0.9288 | Val Loss: 1.9834 | Val Acc: 0.3929
2025-06-22 12:31:57,154 [INFO] Epoch 050 | Train Loss: 0.8480 | Val Loss: 2.0163 | Val Acc: 0.4821
2025-06-22 12:31:57,965 [INFO] Epoch 051 | Train Loss: 0.7640 | Val Loss: 2.0203 | Val Acc: 0.4286
2025-06-22 12:31:57,990 [INFO] Epoch 052 | Train Loss: 0.9711 | Val Loss: 2.3537 | Val Acc: 0.3929
2025-06-22 12:31:58,016 [INFO] Epoch 053 | Train Loss: 0.9207 | Val Loss: 2.1645 | Val Acc: 0.4821
2025-06-22 12:31:58,043 [INFO] Epoch 054 | Train Loss: 0.8737 | Val Loss: 2.8618 | Val Acc: 0.2857
2025-06-22 12:31:58,066 [INFO] Epoch 055 | Train Loss: 0.9004 | Val Loss: 2.1509 | Val Acc: 0.3571
2025-06-22 12:31:58,086 [INFO] Epoch 056 | Train Loss: 0.9106 | Val Loss: 1.8597 | Val Acc: 0.4821
2025-06-22 12:31:58,107 [INFO] Epoch 057 | Train Loss: 0.8689 | Val Loss: 2.0503 | Val Acc: 0.4464
2025-06-22 12:31:58,128 [INFO] Epoch 058 | Train Loss: 1.0122 | Val Loss: 1.9726 | Val Acc: 0.4107
2025-06-22 12:31:58,149 [INFO] Epoch 059 | Train Loss: 0.9392 | Val Loss: 2.4757 | Val Acc: 0.3571
2025-06-22 12:31:58,169 [INFO] Epoch 060 | Train Loss: 0.9951 | Val Loss: 2.5588 | Val Acc: 0.3214
2025-06-22 12:31:58,987 [INFO] Epoch 061 | Train Loss: 0.9019 | Val Loss: 1.9555 | Val Acc: 0.3750
2025-06-22 12:31:59,008 [INFO] Epoch 062 | Train Loss: 0.8889 | Val Loss: 1.8388 | Val Acc: 0.4286
2025-06-22 12:31:59,029 [INFO] Epoch 063 | Train Loss: 0.6960 | Val Loss: 1.7250 | Val Acc: 0.3750
2025-06-22 12:31:59,049 [INFO] Epoch 064 | Train Loss: 0.6926 | Val Loss: 1.8718 | Val Acc: 0.3929
2025-06-22 12:31:59,070 [INFO] Epoch 065 | Train Loss: 0.6594 | Val Loss: 2.1532 | Val Acc: 0.3929
2025-06-22 12:31:59,090 [INFO] Epoch 066 | Train Loss: 0.6342 | Val Loss: 2.0242 | Val Acc: 0.4286
2025-06-22 12:31:59,110 [INFO] Epoch 067 | Train Loss: 0.6516 | Val Loss: 2.0041 | Val Acc: 0.4286
2025-06-22 12:31:59,130 [INFO] Epoch 068 | Train Loss: 0.5753 | Val Loss: 1.8501 | Val Acc: 0.4464
2025-06-22 12:31:59,150 [INFO] Epoch 069 | Train Loss: 0.6165 | Val Loss: 1.8515 | Val Acc: 0.4464
2025-06-22 12:31:59,170 [INFO] Epoch 070 | Train Loss: 0.6544 | Val Loss: 2.0918 | Val Acc: 0.4107
2025-06-22 12:32:00,030 [INFO] Epoch 071 | Train Loss: 0.5286 | Val Loss: 2.0233 | Val Acc: 0.3393
2025-06-22 12:32:00,060 [INFO] Epoch 072 | Train Loss: 0.6484 | Val Loss: 2.2030 | Val Acc: 0.4464
2025-06-22 12:32:00,086 [INFO] Epoch 073 | Train Loss: 0.7636 | Val Loss: 2.3943 | Val Acc: 0.4286
2025-06-22 12:32:00,112 [INFO] Epoch 074 | Train Loss: 0.9346 | Val Loss: 2.1386 | Val Acc: 0.3036
2025-06-22 12:32:00,132 [INFO] Epoch 075 | Train Loss: 0.7424 | Val Loss: 1.7032 | Val Acc: 0.5000
2025-06-22 12:32:00,153 [INFO] Epoch 076 | Train Loss: 0.7993 | Val Loss: 1.8699 | Val Acc: 0.4821
2025-06-22 12:32:00,176 [INFO] Epoch 077 | Train Loss: 0.6182 | Val Loss: 1.6996 | Val Acc: 0.4821
2025-06-22 12:32:00,196 [INFO] Epoch 078 | Train Loss: 0.7874 | Val Loss: 1.5355 | Val Acc: 0.5357
2025-06-22 12:32:00,199 [INFO] New best model at epoch 78 (Val Acc: 0.5357)
2025-06-22 12:32:00,218 [INFO] Epoch 079 | Train Loss: 0.7448 | Val Loss: 2.0636 | Val Acc: 0.4107
2025-06-22 12:32:00,238 [INFO] Epoch 080 | Train Loss: 0.6869 | Val Loss: 2.4173 | Val Acc: 0.4643
2025-06-22 12:32:01,153 [INFO] Epoch 081 | Train Loss: 0.6956 | Val Loss: 2.2366 | Val Acc: 0.4464
2025-06-22 12:32:01,181 [INFO] Epoch 082 | Train Loss: 0.7888 | Val Loss: 2.8350 | Val Acc: 0.4643
2025-06-22 12:32:01,209 [INFO] Epoch 083 | Train Loss: 0.5427 | Val Loss: 2.2111 | Val Acc: 0.4286
2025-06-22 12:32:01,237 [INFO] Epoch 084 | Train Loss: 0.5868 | Val Loss: 2.4633 | Val Acc: 0.3750
2025-06-22 12:32:01,259 [INFO] Epoch 085 | Train Loss: 0.6260 | Val Loss: 2.1289 | Val Acc: 0.4464
2025-06-22 12:32:01,278 [INFO] Epoch 086 | Train Loss: 0.7111 | Val Loss: 2.4446 | Val Acc: 0.3750
2025-06-22 12:32:01,298 [INFO] Epoch 087 | Train Loss: 0.6922 | Val Loss: 2.2284 | Val Acc: 0.4643
2025-06-22 12:32:01,318 [INFO] Epoch 088 | Train Loss: 0.7140 | Val Loss: 1.8811 | Val Acc: 0.3929
2025-06-22 12:32:01,339 [INFO] Epoch 089 | Train Loss: 0.5085 | Val Loss: 2.1929 | Val Acc: 0.5000
2025-06-22 12:32:01,360 [INFO] Epoch 090 | Train Loss: 0.5754 | Val Loss: 2.0470 | Val Acc: 0.4821
2025-06-22 12:32:02,184 [INFO] Epoch 091 | Train Loss: 0.6958 | Val Loss: 2.2259 | Val Acc: 0.4464
2025-06-22 12:32:02,219 [INFO] Epoch 092 | Train Loss: 0.7209 | Val Loss: 1.7721 | Val Acc: 0.4464
2025-06-22 12:32:02,248 [INFO] Epoch 093 | Train Loss: 0.6000 | Val Loss: 1.9959 | Val Acc: 0.4107
2025-06-22 12:32:02,274 [INFO] Epoch 094 | Train Loss: 0.5653 | Val Loss: 2.1165 | Val Acc: 0.5357
2025-06-22 12:32:02,298 [INFO] Epoch 095 | Train Loss: 0.4297 | Val Loss: 2.2430 | Val Acc: 0.4107
2025-06-22 12:32:02,318 [INFO] Epoch 096 | Train Loss: 0.4544 | Val Loss: 2.0985 | Val Acc: 0.5357
2025-06-22 12:32:02,339 [INFO] Epoch 097 | Train Loss: 0.4367 | Val Loss: 2.3621 | Val Acc: 0.5357
2025-06-22 12:32:02,359 [INFO] Epoch 098 | Train Loss: 0.5032 | Val Loss: 2.3550 | Val Acc: 0.5000
2025-06-22 12:32:02,380 [INFO] Epoch 099 | Train Loss: 0.4941 | Val Loss: 2.9240 | Val Acc: 0.4464
2025-06-22 12:32:02,400 [INFO] Epoch 100 | Train Loss: 0.4075 | Val Loss: 2.4622 | Val Acc: 0.4464
2025-06-22 12:32:05,711 [INFO] Epoch 101 | Train Loss: 0.3821 | Val Loss: 2.4494 | Val Acc: 0.4286
2025-06-22 12:32:05,741 [INFO] Epoch 102 | Train Loss: 0.4677 | Val Loss: 3.7065 | Val Acc: 0.4643
2025-06-22 12:32:05,773 [INFO] Epoch 103 | Train Loss: 0.4198 | Val Loss: 3.0879 | Val Acc: 0.4107
2025-06-22 12:32:05,801 [INFO] Epoch 104 | Train Loss: 0.5092 | Val Loss: 2.1779 | Val Acc: 0.5000
2025-06-22 12:32:05,824 [INFO] Epoch 105 | Train Loss: 0.4161 | Val Loss: 2.5791 | Val Acc: 0.5357
2025-06-22 12:32:05,844 [INFO] Epoch 106 | Train Loss: 0.4726 | Val Loss: 2.7060 | Val Acc: 0.4643
2025-06-22 12:32:05,864 [INFO] Epoch 107 | Train Loss: 0.3421 | Val Loss: 3.0313 | Val Acc: 0.4464
2025-06-22 12:32:05,886 [INFO] Epoch 108 | Train Loss: 0.3869 | Val Loss: 3.6145 | Val Acc: 0.4286
2025-06-22 12:32:05,906 [INFO] Epoch 109 | Train Loss: 0.4473 | Val Loss: 3.2792 | Val Acc: 0.4286
2025-06-22 12:32:05,927 [INFO] Epoch 110 | Train Loss: 0.3933 | Val Loss: 2.8095 | Val Acc: 0.4286
2025-06-22 12:32:07,217 [INFO] Epoch 111 | Train Loss: 0.3785 | Val Loss: 2.8327 | Val Acc: 0.3571
2025-06-22 12:32:07,242 [INFO] Epoch 112 | Train Loss: 0.4012 | Val Loss: 2.6219 | Val Acc: 0.4107
2025-06-22 12:32:07,273 [INFO] Epoch 113 | Train Loss: 0.3290 | Val Loss: 2.6382 | Val Acc: 0.4464
2025-06-22 12:32:07,304 [INFO] Epoch 114 | Train Loss: 0.3708 | Val Loss: 3.6407 | Val Acc: 0.3929
2025-06-22 12:32:07,323 [INFO] Epoch 115 | Train Loss: 0.4897 | Val Loss: 3.5897 | Val Acc: 0.3571
2025-06-22 12:32:07,344 [INFO] Epoch 116 | Train Loss: 0.5820 | Val Loss: 2.9431 | Val Acc: 0.3929
2025-06-22 12:32:07,365 [INFO] Epoch 117 | Train Loss: 0.5222 | Val Loss: 2.8079 | Val Acc: 0.4464
2025-06-22 12:32:07,385 [INFO] Epoch 118 | Train Loss: 0.4057 | Val Loss: 3.4484 | Val Acc: 0.4286
2025-06-22 12:32:07,405 [INFO] Epoch 119 | Train Loss: 0.4873 | Val Loss: 2.8877 | Val Acc: 0.5000
2025-06-22 12:32:07,426 [INFO] Epoch 120 | Train Loss: 0.4233 | Val Loss: 3.0895 | Val Acc: 0.5179
2025-06-22 12:32:08,279 [INFO] Epoch 121 | Train Loss: 0.4715 | Val Loss: 3.2936 | Val Acc: 0.4107
2025-06-22 12:32:08,312 [INFO] Epoch 122 | Train Loss: 0.4805 | Val Loss: 3.6001 | Val Acc: 0.3393
2025-06-22 12:32:08,339 [INFO] Epoch 123 | Train Loss: 0.5369 | Val Loss: 2.9401 | Val Acc: 0.4821
2025-06-22 12:32:08,361 [INFO] Epoch 124 | Train Loss: 0.4762 | Val Loss: 2.4668 | Val Acc: 0.3929
2025-06-22 12:32:08,382 [INFO] Epoch 125 | Train Loss: 0.5844 | Val Loss: 3.2163 | Val Acc: 0.4107
2025-06-22 12:32:08,402 [INFO] Epoch 126 | Train Loss: 0.5474 | Val Loss: 3.0869 | Val Acc: 0.4286
2025-06-22 12:32:08,423 [INFO] Epoch 127 | Train Loss: 0.4485 | Val Loss: 2.7760 | Val Acc: 0.4643
2025-06-22 12:32:08,444 [INFO] Epoch 128 | Train Loss: 0.4275 | Val Loss: 2.4715 | Val Acc: 0.5000
2025-06-22 12:32:08,464 [INFO] Epoch 129 | Train Loss: 0.3667 | Val Loss: 2.8666 | Val Acc: 0.4643
2025-06-22 12:32:08,485 [INFO] Epoch 130 | Train Loss: 0.2988 | Val Loss: 3.0700 | Val Acc: 0.5000
2025-06-22 12:32:09,337 [INFO] Epoch 131 | Train Loss: 0.3447 | Val Loss: 2.6451 | Val Acc: 0.4464
2025-06-22 12:32:09,365 [INFO] Epoch 132 | Train Loss: 0.4267 | Val Loss: 2.8044 | Val Acc: 0.4464
2025-06-22 12:32:09,396 [INFO] Epoch 133 | Train Loss: 0.4165 | Val Loss: 3.2495 | Val Acc: 0.3929
2025-06-22 12:32:09,423 [INFO] Epoch 134 | Train Loss: 0.5339 | Val Loss: 2.7131 | Val Acc: 0.5000
2025-06-22 12:32:09,445 [INFO] Epoch 135 | Train Loss: 0.3820 | Val Loss: 2.7966 | Val Acc: 0.5000
2025-06-22 12:32:09,466 [INFO] Epoch 136 | Train Loss: 0.3401 | Val Loss: 2.8137 | Val Acc: 0.4464
2025-06-22 12:32:09,487 [INFO] Epoch 137 | Train Loss: 0.3818 | Val Loss: 2.5607 | Val Acc: 0.4286
2025-06-22 12:32:09,507 [INFO] Epoch 138 | Train Loss: 0.2913 | Val Loss: 2.6725 | Val Acc: 0.4286
2025-06-22 12:32:09,527 [INFO] Epoch 139 | Train Loss: 0.3332 | Val Loss: 2.5555 | Val Acc: 0.4643
2025-06-22 12:32:09,547 [INFO] Epoch 140 | Train Loss: 0.3029 | Val Loss: 3.4121 | Val Acc: 0.3750
2025-06-22 12:32:10,358 [INFO] Epoch 141 | Train Loss: 0.3813 | Val Loss: 3.4466 | Val Acc: 0.4821
2025-06-22 12:32:10,387 [INFO] Epoch 142 | Train Loss: 0.4380 | Val Loss: 3.5655 | Val Acc: 0.4286
2025-06-22 12:32:10,414 [INFO] Epoch 143 | Train Loss: 0.4291 | Val Loss: 2.3275 | Val Acc: 0.5357
2025-06-22 12:32:10,439 [INFO] Epoch 144 | Train Loss: 0.3995 | Val Loss: 2.7730 | Val Acc: 0.3929
2025-06-22 12:32:10,462 [INFO] Epoch 145 | Train Loss: 0.3053 | Val Loss: 2.6506 | Val Acc: 0.4643
2025-06-22 12:32:10,484 [INFO] Epoch 146 | Train Loss: 0.2810 | Val Loss: 2.5176 | Val Acc: 0.4464
2025-06-22 12:32:10,504 [INFO] Epoch 147 | Train Loss: 0.3329 | Val Loss: 2.4284 | Val Acc: 0.4286
2025-06-22 12:32:10,524 [INFO] Epoch 148 | Train Loss: 0.4204 | Val Loss: 2.5926 | Val Acc: 0.5893
2025-06-22 12:32:10,528 [INFO] New best model at epoch 148 (Val Acc: 0.5893)
2025-06-22 12:32:10,546 [INFO] Epoch 149 | Train Loss: 0.4652 | Val Loss: 2.6605 | Val Acc: 0.4821
2025-06-22 12:32:10,566 [INFO] Epoch 150 | Train Loss: 0.4377 | Val Loss: 3.2841 | Val Acc: 0.4286
2025-06-22 12:32:11,431 [INFO] Epoch 151 | Train Loss: 0.4761 | Val Loss: 3.1959 | Val Acc: 0.3929
2025-06-22 12:32:11,457 [INFO] Epoch 152 | Train Loss: 0.5496 | Val Loss: 3.6510 | Val Acc: 0.4286
2025-06-22 12:32:11,487 [INFO] Epoch 153 | Train Loss: 0.5084 | Val Loss: 3.0678 | Val Acc: 0.4107
2025-06-22 12:32:11,514 [INFO] Epoch 154 | Train Loss: 0.6306 | Val Loss: 2.7717 | Val Acc: 0.4107
2025-06-22 12:32:11,536 [INFO] Epoch 155 | Train Loss: 0.4268 | Val Loss: 3.0108 | Val Acc: 0.4464
2025-06-22 12:32:11,557 [INFO] Epoch 156 | Train Loss: 0.3690 | Val Loss: 3.6661 | Val Acc: 0.3571
2025-06-22 12:32:11,580 [INFO] Epoch 157 | Train Loss: 0.4468 | Val Loss: 3.1318 | Val Acc: 0.4821
2025-06-22 12:32:11,611 [INFO] Epoch 158 | Train Loss: 0.3885 | Val Loss: 3.3451 | Val Acc: 0.4643
2025-06-22 12:32:11,633 [INFO] Epoch 159 | Train Loss: 0.2754 | Val Loss: 3.3626 | Val Acc: 0.4464
2025-06-22 12:32:11,653 [INFO] Epoch 160 | Train Loss: 0.4025 | Val Loss: 3.1976 | Val Acc: 0.4286
2025-06-22 12:32:12,464 [INFO] Epoch 161 | Train Loss: 0.2802 | Val Loss: 3.2113 | Val Acc: 0.4286
2025-06-22 12:32:12,492 [INFO] Epoch 162 | Train Loss: 0.2145 | Val Loss: 3.5024 | Val Acc: 0.4643
2025-06-22 12:32:12,519 [INFO] Epoch 163 | Train Loss: 0.3387 | Val Loss: 4.2431 | Val Acc: 0.3036
2025-06-22 12:32:12,547 [INFO] Epoch 164 | Train Loss: 0.2436 | Val Loss: 3.7778 | Val Acc: 0.4107
2025-06-22 12:32:12,569 [INFO] Epoch 165 | Train Loss: 0.2320 | Val Loss: 3.3901 | Val Acc: 0.4464
2025-06-22 12:32:12,589 [INFO] Epoch 166 | Train Loss: 0.2525 | Val Loss: 3.5476 | Val Acc: 0.4821
2025-06-22 12:32:12,610 [INFO] Epoch 167 | Train Loss: 0.2948 | Val Loss: 4.2851 | Val Acc: 0.4286
2025-06-22 12:32:12,631 [INFO] Epoch 168 | Train Loss: 0.2248 | Val Loss: 3.7162 | Val Acc: 0.4643
2025-06-22 12:32:12,651 [INFO] Epoch 169 | Train Loss: 0.1592 | Val Loss: 3.3642 | Val Acc: 0.4464
2025-06-22 12:32:12,672 [INFO] Epoch 170 | Train Loss: 0.3755 | Val Loss: 2.9919 | Val Acc: 0.5179
2025-06-22 12:32:13,510 [INFO] Epoch 171 | Train Loss: 0.1530 | Val Loss: 3.3515 | Val Acc: 0.4643
2025-06-22 12:32:13,533 [INFO] Epoch 172 | Train Loss: 0.2847 | Val Loss: 3.9385 | Val Acc: 0.4821
2025-06-22 12:32:13,563 [INFO] Epoch 173 | Train Loss: 0.3848 | Val Loss: 3.7441 | Val Acc: 0.4464
2025-06-22 12:32:13,591 [INFO] Epoch 174 | Train Loss: 0.2046 | Val Loss: 3.1639 | Val Acc: 0.5536
2025-06-22 12:32:13,613 [INFO] Epoch 175 | Train Loss: 0.2248 | Val Loss: 2.9593 | Val Acc: 0.4821
2025-06-22 12:32:13,633 [INFO] Epoch 176 | Train Loss: 0.1513 | Val Loss: 3.1624 | Val Acc: 0.4643
2025-06-22 12:32:13,653 [INFO] Epoch 177 | Train Loss: 0.3021 | Val Loss: 3.2515 | Val Acc: 0.4821
2025-06-22 12:32:13,674 [INFO] Epoch 178 | Train Loss: 0.2430 | Val Loss: 3.4439 | Val Acc: 0.4286
2025-06-22 12:32:13,694 [INFO] Epoch 179 | Train Loss: 0.2601 | Val Loss: 4.3538 | Val Acc: 0.3571
2025-06-22 12:32:13,715 [INFO] Epoch 180 | Train Loss: 0.2827 | Val Loss: 3.3601 | Val Acc: 0.5179
2025-06-22 12:32:14,563 [INFO] Epoch 181 | Train Loss: 0.2546 | Val Loss: 2.8597 | Val Acc: 0.5179
2025-06-22 12:32:14,588 [INFO] Epoch 182 | Train Loss: 0.2871 | Val Loss: 3.0878 | Val Acc: 0.5714
2025-06-22 12:32:14,615 [INFO] Epoch 183 | Train Loss: 0.2291 | Val Loss: 3.3897 | Val Acc: 0.5357
2025-06-22 12:32:14,642 [INFO] Epoch 184 | Train Loss: 0.1577 | Val Loss: 3.0246 | Val Acc: 0.4643
2025-06-22 12:32:14,664 [INFO] Epoch 185 | Train Loss: 0.2551 | Val Loss: 2.8243 | Val Acc: 0.5536
2025-06-22 12:32:14,685 [INFO] Epoch 186 | Train Loss: 0.1868 | Val Loss: 3.2029 | Val Acc: 0.5536
2025-06-22 12:32:14,705 [INFO] Epoch 187 | Train Loss: 0.2795 | Val Loss: 3.7226 | Val Acc: 0.4286
2025-06-22 12:32:14,726 [INFO] Epoch 188 | Train Loss: 0.2768 | Val Loss: 3.1581 | Val Acc: 0.4643
2025-06-22 12:32:14,747 [INFO] Epoch 189 | Train Loss: 0.2562 | Val Loss: 3.0898 | Val Acc: 0.4286
2025-06-22 12:32:14,767 [INFO] Epoch 190 | Train Loss: 0.2948 | Val Loss: 3.0549 | Val Acc: 0.4821
2025-06-22 12:32:15,670 [INFO] Epoch 191 | Train Loss: 0.2427 | Val Loss: 3.2263 | Val Acc: 0.4643
2025-06-22 12:32:15,699 [INFO] Epoch 192 | Train Loss: 0.2948 | Val Loss: 3.4460 | Val Acc: 0.4107
2025-06-22 12:32:15,729 [INFO] Epoch 193 | Train Loss: 0.2888 | Val Loss: 3.2197 | Val Acc: 0.4286
2025-06-22 12:32:15,756 [INFO] Epoch 194 | Train Loss: 0.2053 | Val Loss: 3.2566 | Val Acc: 0.5000
2025-06-22 12:32:15,777 [INFO] Epoch 195 | Train Loss: 0.1867 | Val Loss: 3.5210 | Val Acc: 0.5357
2025-06-22 12:32:15,798 [INFO] Epoch 196 | Train Loss: 0.3108 | Val Loss: 3.8571 | Val Acc: 0.4464
2025-06-22 12:32:15,818 [INFO] Epoch 197 | Train Loss: 0.2477 | Val Loss: 4.4245 | Val Acc: 0.4464
2025-06-22 12:32:15,838 [INFO] Epoch 198 | Train Loss: 0.3195 | Val Loss: 3.1949 | Val Acc: 0.5000
2025-06-22 12:32:15,859 [INFO] Epoch 199 | Train Loss: 0.5391 | Val Loss: 3.4519 | Val Acc: 0.4286
2025-06-22 12:32:15,881 [INFO] Epoch 200 | Train Loss: 0.6531 | Val Loss: 4.5527 | Val Acc: 0.3750
2025-06-22 12:32:16,694 [INFO] Epoch 201 | Train Loss: 0.4194 | Val Loss: 3.9863 | Val Acc: 0.3929
2025-06-22 12:32:16,723 [INFO] Epoch 202 | Train Loss: 0.4121 | Val Loss: 3.2422 | Val Acc: 0.3929
2025-06-22 12:32:16,754 [INFO] Epoch 203 | Train Loss: 0.3368 | Val Loss: 3.3562 | Val Acc: 0.4286
2025-06-22 12:32:16,782 [INFO] Epoch 204 | Train Loss: 0.2059 | Val Loss: 4.7158 | Val Acc: 0.4107
2025-06-22 12:32:16,803 [INFO] Epoch 205 | Train Loss: 0.2224 | Val Loss: 3.9760 | Val Acc: 0.4821
2025-06-22 12:32:16,825 [INFO] Epoch 206 | Train Loss: 0.1733 | Val Loss: 3.5249 | Val Acc: 0.4643
2025-06-22 12:32:16,845 [INFO] Epoch 207 | Train Loss: 0.2612 | Val Loss: 3.6510 | Val Acc: 0.4286
2025-06-22 12:32:16,866 [INFO] Epoch 208 | Train Loss: 0.1538 | Val Loss: 3.6885 | Val Acc: 0.4643
2025-06-22 12:32:16,887 [INFO] Epoch 209 | Train Loss: 0.2591 | Val Loss: 3.2582 | Val Acc: 0.4643
2025-06-22 12:32:16,907 [INFO] Epoch 210 | Train Loss: 0.1334 | Val Loss: 3.3170 | Val Acc: 0.5000
2025-06-22 12:32:17,715 [INFO] Epoch 211 | Train Loss: 0.1856 | Val Loss: 3.6271 | Val Acc: 0.4464
2025-06-22 12:32:17,745 [INFO] Epoch 212 | Train Loss: 0.1817 | Val Loss: 3.8307 | Val Acc: 0.4643
2025-06-22 12:32:17,772 [INFO] Epoch 213 | Train Loss: 0.2259 | Val Loss: 3.7143 | Val Acc: 0.4821
2025-06-22 12:32:17,801 [INFO] Epoch 214 | Train Loss: 0.1937 | Val Loss: 3.8361 | Val Acc: 0.4286
2025-06-22 12:32:17,822 [INFO] Epoch 215 | Train Loss: 0.3184 | Val Loss: 4.3423 | Val Acc: 0.3750
2025-06-22 12:32:17,843 [INFO] Epoch 216 | Train Loss: 0.3275 | Val Loss: 3.7490 | Val Acc: 0.4107
2025-06-22 12:32:17,863 [INFO] Epoch 217 | Train Loss: 0.3249 | Val Loss: 2.9889 | Val Acc: 0.4643
2025-06-22 12:32:17,883 [INFO] Epoch 218 | Train Loss: 0.2691 | Val Loss: 3.3754 | Val Acc: 0.4464
2025-06-22 12:32:17,903 [INFO] Epoch 219 | Train Loss: 0.3909 | Val Loss: 3.1204 | Val Acc: 0.4464
2025-06-22 12:32:17,924 [INFO] Epoch 220 | Train Loss: 0.2159 | Val Loss: 3.6308 | Val Acc: 0.4643
2025-06-22 12:32:20,846 [INFO] Epoch 221 | Train Loss: 0.3395 | Val Loss: 3.9735 | Val Acc: 0.4821
2025-06-22 12:32:20,880 [INFO] Epoch 222 | Train Loss: 0.3527 | Val Loss: 3.9357 | Val Acc: 0.3393
2025-06-22 12:32:20,925 [INFO] Epoch 223 | Train Loss: 0.3062 | Val Loss: 3.8560 | Val Acc: 0.3929
2025-06-22 12:32:20,950 [INFO] Epoch 224 | Train Loss: 0.4131 | Val Loss: 4.1549 | Val Acc: 0.4286
2025-06-22 12:32:20,970 [INFO] Epoch 225 | Train Loss: 0.3447 | Val Loss: 3.5453 | Val Acc: 0.3571
2025-06-22 12:32:20,991 [INFO] Epoch 226 | Train Loss: 0.2685 | Val Loss: 4.2475 | Val Acc: 0.4107
2025-06-22 12:32:21,011 [INFO] Epoch 227 | Train Loss: 0.3309 | Val Loss: 3.9862 | Val Acc: 0.4286
2025-06-22 12:32:21,031 [INFO] Epoch 228 | Train Loss: 0.2100 | Val Loss: 3.7384 | Val Acc: 0.5000
2025-06-22 12:32:21,060 [INFO] Epoch 229 | Train Loss: 0.1567 | Val Loss: 3.8433 | Val Acc: 0.4821
2025-06-22 12:32:21,081 [INFO] Epoch 230 | Train Loss: 0.2139 | Val Loss: 4.9265 | Val Acc: 0.4286
2025-06-22 12:32:22,007 [INFO] Epoch 231 | Train Loss: 0.2104 | Val Loss: 4.9343 | Val Acc: 0.4643
2025-06-22 12:32:22,038 [INFO] Epoch 232 | Train Loss: 0.1733 | Val Loss: 4.3129 | Val Acc: 0.4464
2025-06-22 12:32:22,075 [INFO] Epoch 233 | Train Loss: 0.2915 | Val Loss: 4.3682 | Val Acc: 0.4464
2025-06-22 12:32:22,102 [INFO] Epoch 234 | Train Loss: 0.1665 | Val Loss: 3.3542 | Val Acc: 0.5357
2025-06-22 12:32:22,124 [INFO] Epoch 235 | Train Loss: 0.2188 | Val Loss: 3.3626 | Val Acc: 0.4821
2025-06-22 12:32:22,144 [INFO] Epoch 236 | Train Loss: 0.1677 | Val Loss: 3.3824 | Val Acc: 0.4464
2025-06-22 12:32:22,165 [INFO] Epoch 237 | Train Loss: 0.1536 | Val Loss: 3.4065 | Val Acc: 0.4286
2025-06-22 12:32:22,185 [INFO] Epoch 238 | Train Loss: 0.1839 | Val Loss: 3.6914 | Val Acc: 0.4107
2025-06-22 12:32:22,205 [INFO] Epoch 239 | Train Loss: 0.0906 | Val Loss: 3.8617 | Val Acc: 0.4107
2025-06-22 12:32:22,226 [INFO] Epoch 240 | Train Loss: 0.1530 | Val Loss: 4.6357 | Val Acc: 0.4107
2025-06-22 12:32:25,387 [INFO] Epoch 241 | Train Loss: 0.0721 | Val Loss: 3.7595 | Val Acc: 0.4107
2025-06-22 12:32:25,444 [INFO] Epoch 242 | Train Loss: 0.2611 | Val Loss: 3.3004 | Val Acc: 0.4464
2025-06-22 12:32:25,477 [INFO] Epoch 243 | Train Loss: 0.2799 | Val Loss: 3.3277 | Val Acc: 0.4107
2025-06-22 12:32:25,511 [INFO] Epoch 244 | Train Loss: 0.3164 | Val Loss: 4.7297 | Val Acc: 0.4286
2025-06-22 12:32:25,548 [INFO] Epoch 245 | Train Loss: 0.1733 | Val Loss: 5.1828 | Val Acc: 0.4821
2025-06-22 12:32:25,578 [INFO] Epoch 246 | Train Loss: 0.2958 | Val Loss: 4.4203 | Val Acc: 0.5000
2025-06-22 12:32:25,610 [INFO] Epoch 247 | Train Loss: 0.2015 | Val Loss: 3.9240 | Val Acc: 0.4464
2025-06-22 12:32:25,641 [INFO] Epoch 248 | Train Loss: 0.1775 | Val Loss: 3.7035 | Val Acc: 0.4286
2025-06-22 12:32:25,680 [INFO] Epoch 249 | Train Loss: 0.1242 | Val Loss: 3.6942 | Val Acc: 0.4821
2025-06-22 12:32:25,705 [INFO] Epoch 250 | Train Loss: 0.1229 | Val Loss: 3.6612 | Val Acc: 0.4821
2025-06-22 12:32:26,603 [INFO] Epoch 251 | Train Loss: 0.1099 | Val Loss: 3.7547 | Val Acc: 0.5000
2025-06-22 12:32:26,640 [INFO] Epoch 252 | Train Loss: 0.1095 | Val Loss: 4.0687 | Val Acc: 0.4643
2025-06-22 12:32:26,669 [INFO] Epoch 253 | Train Loss: 0.1311 | Val Loss: 3.4446 | Val Acc: 0.4464
2025-06-22 12:32:26,694 [INFO] Epoch 254 | Train Loss: 0.0846 | Val Loss: 3.5671 | Val Acc: 0.5000
2025-06-22 12:32:26,714 [INFO] Epoch 255 | Train Loss: 0.1178 | Val Loss: 3.9218 | Val Acc: 0.4821
2025-06-22 12:32:26,735 [INFO] Epoch 256 | Train Loss: 0.1171 | Val Loss: 4.0082 | Val Acc: 0.4107
2025-06-22 12:32:26,756 [INFO] Epoch 257 | Train Loss: 0.1011 | Val Loss: 4.2333 | Val Acc: 0.4107
2025-06-22 12:32:26,776 [INFO] Epoch 258 | Train Loss: 0.0629 | Val Loss: 4.2138 | Val Acc: 0.4643
2025-06-22 12:32:26,796 [INFO] Epoch 259 | Train Loss: 0.3083 | Val Loss: 4.1738 | Val Acc: 0.4643
2025-06-22 12:32:26,817 [INFO] Epoch 260 | Train Loss: 0.1523 | Val Loss: 5.1454 | Val Acc: 0.4464
2025-06-22 12:32:27,641 [INFO] Epoch 261 | Train Loss: 0.1612 | Val Loss: 5.4306 | Val Acc: 0.4643
2025-06-22 12:32:27,667 [INFO] Epoch 262 | Train Loss: 0.1794 | Val Loss: 3.9766 | Val Acc: 0.5357
2025-06-22 12:32:27,697 [INFO] Epoch 263 | Train Loss: 0.1447 | Val Loss: 4.5581 | Val Acc: 0.4821
2025-06-22 12:32:27,724 [INFO] Epoch 264 | Train Loss: 0.2817 | Val Loss: 4.5456 | Val Acc: 0.4643
2025-06-22 12:32:27,745 [INFO] Epoch 265 | Train Loss: 0.1520 | Val Loss: 4.1160 | Val Acc: 0.3929
2025-06-22 12:32:27,767 [INFO] Epoch 266 | Train Loss: 0.1251 | Val Loss: 3.7053 | Val Acc: 0.4464
2025-06-22 12:32:27,788 [INFO] Epoch 267 | Train Loss: 0.1465 | Val Loss: 3.5600 | Val Acc: 0.4821
2025-06-22 12:32:27,809 [INFO] Epoch 268 | Train Loss: 0.2820 | Val Loss: 4.1681 | Val Acc: 0.5000
2025-06-22 12:32:27,830 [INFO] Epoch 269 | Train Loss: 0.1965 | Val Loss: 5.1007 | Val Acc: 0.4643
2025-06-22 12:32:27,851 [INFO] Epoch 270 | Train Loss: 0.1516 | Val Loss: 5.2619 | Val Acc: 0.5179
2025-06-22 12:32:28,690 [INFO] Epoch 271 | Train Loss: 0.2145 | Val Loss: 5.2928 | Val Acc: 0.5536
2025-06-22 12:32:28,715 [INFO] Epoch 272 | Train Loss: 0.2045 | Val Loss: 4.3516 | Val Acc: 0.4821
2025-06-22 12:32:28,742 [INFO] Epoch 273 | Train Loss: 0.1833 | Val Loss: 3.5857 | Val Acc: 0.4286
2025-06-22 12:32:28,770 [INFO] Epoch 274 | Train Loss: 0.2073 | Val Loss: 3.2311 | Val Acc: 0.4643
2025-06-22 12:32:28,791 [INFO] Epoch 275 | Train Loss: 0.1945 | Val Loss: 3.1944 | Val Acc: 0.4464
2025-06-22 12:32:28,814 [INFO] Epoch 276 | Train Loss: 0.1156 | Val Loss: 3.6294 | Val Acc: 0.4821
2025-06-22 12:32:28,835 [INFO] Epoch 277 | Train Loss: 0.1758 | Val Loss: 4.2436 | Val Acc: 0.5536
2025-06-22 12:32:28,855 [INFO] Epoch 278 | Train Loss: 0.1127 | Val Loss: 4.7651 | Val Acc: 0.4107
2025-06-22 12:32:28,875 [INFO] Epoch 279 | Train Loss: 0.1044 | Val Loss: 4.3505 | Val Acc: 0.4286
2025-06-22 12:32:28,895 [INFO] Epoch 280 | Train Loss: 0.1453 | Val Loss: 3.8343 | Val Acc: 0.4821
2025-06-22 12:32:29,695 [INFO] Epoch 281 | Train Loss: 0.1078 | Val Loss: 3.7249 | Val Acc: 0.4821
2025-06-22 12:32:29,720 [INFO] Epoch 282 | Train Loss: 0.1853 | Val Loss: 4.2507 | Val Acc: 0.4821
2025-06-22 12:32:29,751 [INFO] Epoch 283 | Train Loss: 0.1249 | Val Loss: 3.8860 | Val Acc: 0.4643
2025-06-22 12:32:29,781 [INFO] Epoch 284 | Train Loss: 0.1404 | Val Loss: 3.7749 | Val Acc: 0.4643
2025-06-22 12:32:29,802 [INFO] Epoch 285 | Train Loss: 0.0770 | Val Loss: 3.8590 | Val Acc: 0.3929
2025-06-22 12:32:29,860 [INFO] Epoch 286 | Train Loss: 0.1545 | Val Loss: 4.0132 | Val Acc: 0.4107
2025-06-22 12:32:29,884 [INFO] Epoch 287 | Train Loss: 0.0661 | Val Loss: 4.0537 | Val Acc: 0.4107
2025-06-22 12:32:29,906 [INFO] Epoch 288 | Train Loss: 0.1361 | Val Loss: 4.5399 | Val Acc: 0.4286
2025-06-22 12:32:29,928 [INFO] Epoch 289 | Train Loss: 0.0754 | Val Loss: 4.7261 | Val Acc: 0.4286
2025-06-22 12:32:29,949 [INFO] Epoch 290 | Train Loss: 0.0929 | Val Loss: 4.9799 | Val Acc: 0.4464
2025-06-22 12:32:30,772 [INFO] Epoch 291 | Train Loss: 0.1282 | Val Loss: 4.4785 | Val Acc: 0.4821
2025-06-22 12:32:30,799 [INFO] Epoch 292 | Train Loss: 0.2271 | Val Loss: 4.6177 | Val Acc: 0.4643
2025-06-22 12:32:30,837 [INFO] Epoch 293 | Train Loss: 0.2322 | Val Loss: 4.8217 | Val Acc: 0.4821
2025-06-22 12:32:30,863 [INFO] Epoch 294 | Train Loss: 0.1945 | Val Loss: 6.4466 | Val Acc: 0.3571
2025-06-22 12:32:30,883 [INFO] Epoch 295 | Train Loss: 0.1700 | Val Loss: 4.7353 | Val Acc: 0.4643
2025-06-22 12:32:30,906 [INFO] Epoch 296 | Train Loss: 0.1964 | Val Loss: 3.1414 | Val Acc: 0.4107
2025-06-22 12:32:30,927 [INFO] Epoch 297 | Train Loss: 0.2675 | Val Loss: 3.1355 | Val Acc: 0.4286
2025-06-22 12:32:30,947 [INFO] Epoch 298 | Train Loss: 0.2783 | Val Loss: 5.4171 | Val Acc: 0.3571
2025-06-22 12:32:30,949 [INFO] Early stopping at epoch 298 (no improvement in 150 epochs).
2025-06-22 12:32:30,952 [INFO] Best model saved to <built-in function time>/ENZYMES/best/best_source_gin.pth (Val Acc: 0.5893 at epoch 148)
2025-06-22 12:32:30,953 [INFO] Training/validation metrics saved to <built-in function time>/ENZYMES/GIN_0.01/train_metrics.csv
2025-06-22 12:32:31,813 [INFO] Final training curves saved
2025-06-22 12:32:31,813 [INFO] Training completed!
2025-06-22 12:32:31,813 [INFO] Best validation accuracy: 0.5893
2025-06-22 12:32:31,813 [INFO] Best epoch: 148
2025-06-22 12:32:31,813 [INFO] Total epochs trained: 298
2025-06-22 12:32:31,814 [INFO] Starting training with parameters: (0.01, 0.0, 64, 3, 400, 0.0001)
