2025-06-20 20:16:04,009 [INFO] Using device: cpu
2025-06-20 20:16:04,009 [INFO] 开始创建数据加载器...
2025-06-20 20:16:04,010 [INFO] Successfully loaded dataset ENZYMES from ./data, total graphs: 600
2025-06-20 20:16:04,010 [INFO] Class allocation analysis:
2025-06-20 20:16:04,010 [INFO]   Source classes: [0, 1, 2, 3]
2025-06-20 20:16:04,010 [INFO]   Target classes: [0, 1, 2, 3, 4, 5]
2025-06-20 20:16:04,010 [INFO]   Overlap classes (to be split): [0, 1, 2, 3]
2025-06-20 20:16:04,010 [INFO]   Target novel classes (unknown): [4, 5]
2025-06-20 20:16:04,025 [INFO]   Class 0: 100 total -> Source: 70, Target: 30
2025-06-20 20:16:04,025 [INFO]   Class 1: 100 total -> Source: 70, Target: 30
2025-06-20 20:16:04,025 [INFO]   Class 2: 100 total -> Source: 70, Target: 30
2025-06-20 20:16:04,025 [INFO]   Class 3: 100 total -> Source: 70, Target: 30
2025-06-20 20:16:04,025 [INFO]   Class 4 (novel/unknown): 100 samples -> Target
2025-06-20 20:16:04,025 [INFO]   Class 5 (novel/unknown): 100 samples -> Target
2025-06-20 20:16:04,025 [INFO] Final allocation:
2025-06-20 20:16:04,025 [INFO]   Source domain: 280 samples
2025-06-20 20:16:04,025 [INFO]   Target domain: 320 samples
2025-06-20 20:16:04,027 [INFO] Source domain setup:
2025-06-20 20:16:04,027 [INFO]   Original classes: [0, 1, 2, 3]
2025-06-20 20:16:04,027 [INFO]   Overlap classes used: [0, 1, 2, 3]
2025-06-20 20:16:04,027 [INFO]   Label mapping: {0: 0, 1: 1, 2: 2, 3: 3}
2025-06-20 20:16:04,027 [INFO]   Total data after allocation: 280
2025-06-20 20:16:04,027 [INFO]   Data split - Train: 224, Val: 56
2025-06-20 20:16:04,027 [INFO]   Train label distribution: {0: 56, 1: 56, 3: 56, 2: 56}
2025-06-20 20:16:04,027 [INFO]   Val label distribution: {1: 14, 2: 14, 0: 14, 3: 14}
2025-06-20 20:16:04,028 [INFO] Successfully loaded dataset ENZYMES from ./data, total graphs: 600
2025-06-20 20:16:04,028 [INFO] Class allocation analysis:
2025-06-20 20:16:04,028 [INFO]   Source classes: [0, 1, 2, 3]
2025-06-20 20:16:04,028 [INFO]   Target classes: [0, 1, 2, 3, 4, 5]
2025-06-20 20:16:04,028 [INFO]   Overlap classes (to be split): [0, 1, 2, 3]
2025-06-20 20:16:04,028 [INFO]   Target novel classes (unknown): [4, 5]
2025-06-20 20:16:04,042 [INFO]   Class 0: 100 total -> Source: 70, Target: 30
2025-06-20 20:16:04,042 [INFO]   Class 1: 100 total -> Source: 70, Target: 30
2025-06-20 20:16:04,042 [INFO]   Class 2: 100 total -> Source: 70, Target: 30
2025-06-20 20:16:04,043 [INFO]   Class 3: 100 total -> Source: 70, Target: 30
2025-06-20 20:16:04,043 [INFO]   Class 4 (novel/unknown): 100 samples -> Target
2025-06-20 20:16:04,043 [INFO]   Class 5 (novel/unknown): 100 samples -> Target
2025-06-20 20:16:04,043 [INFO] Final allocation:
2025-06-20 20:16:04,043 [INFO]   Source domain: 280 samples
2025-06-20 20:16:04,043 [INFO]   Target domain: 320 samples
2025-06-20 20:16:04,044 [INFO] Target domain setup:
2025-06-20 20:16:04,044 [INFO]   Original classes: [0, 1, 2, 3, 4, 5]
2025-06-20 20:16:04,044 [INFO]   Overlap classes: [0, 1, 2, 3]
2025-06-20 20:16:04,044 [INFO]   Novel classes: [4, 5] -> mapped to unknown label 4
2025-06-20 20:16:04,044 [INFO]   Label mapping: {0: 0, 1: 1, 2: 2, 3: 3, 4: 4, 5: 4}
2025-06-20 20:16:04,044 [INFO]   Total data after allocation: 320
2025-06-20 20:16:04,044 [INFO]   Data split - Train: 256, Val: 64
2025-06-20 20:16:04,044 [INFO]   Total count: 320 (known: 120, unknown: 200)
2025-06-20 20:16:04,044 [INFO]   Total label distribution: {4: 200, 3: 30, 0: 30, 1: 30, 2: 30}
2025-06-20 20:16:04,044 [INFO]   Train label distribution: {4: 160, 0: 24, 2: 24, 3: 24, 1: 24}
2025-06-20 20:16:04,044 [INFO]   Val label distribution: {1: 6, 4: 40, 3: 6, 0: 6, 2: 6}
2025-06-20 20:16:04,045 [INFO] 数据加载器创建完成!
2025-06-20 20:16:04,045 [INFO] 源域类别数: 4 (重叠类别)
2025-06-20 20:16:04,045 [INFO] 目标域类别数: 5 (4个重叠类别 + 1个未知类别)
2025-06-20 20:16:04,045 [INFO] 重叠类别: [0, 1, 2, 3]
2025-06-20 20:16:04,045 [INFO] 目标域新类别: [4, 5]
2025-06-20 20:16:04,045 [INFO] Data allocation verification:
2025-06-20 20:16:04,045 [INFO]   Source data samples: 280
2025-06-20 20:16:04,045 [INFO]   Target data samples: 320
2025-06-20 20:16:04,045 [INFO]   Overlapping samples: 0
2025-06-20 20:16:04,045 [INFO]   ✓ Data allocation is correct - no overlapping samples
2025-06-20 20:16:04,046 [INFO] Model initialized with 5924 parameters
2025-06-20 20:16:04,046 [INFO] Previous best validation accuracy read from record.txt: 0.6250
2025-06-20 20:16:04,046 [INFO] Starting training...
2025-06-20 20:16:04,072 [INFO] Epoch 001 | Train Loss: 12.9037 | Val Loss: 2.2306 | Val Acc: 0.2321
2025-06-20 20:16:04,321 [INFO] New best model at epoch 1 (Val Acc: 0.2321)
2025-06-20 20:16:04,339 [INFO] Epoch 002 | Train Loss: 10.8383 | Val Loss: 2.2682 | Val Acc: 0.3036
2025-06-20 20:16:04,343 [INFO] New best model at epoch 2 (Val Acc: 0.3036)
2025-06-20 20:16:04,364 [INFO] Epoch 003 | Train Loss: 10.2138 | Val Loss: 2.6698 | Val Acc: 0.2679
2025-06-20 20:16:04,384 [INFO] Epoch 004 | Train Loss: 10.1520 | Val Loss: 3.4384 | Val Acc: 0.2321
2025-06-20 20:16:04,407 [INFO] Epoch 005 | Train Loss: 9.1849 | Val Loss: 4.0434 | Val Acc: 0.3214
2025-06-20 20:16:04,410 [INFO] New best model at epoch 5 (Val Acc: 0.3214)
2025-06-20 20:16:04,430 [INFO] Epoch 006 | Train Loss: 9.3986 | Val Loss: 4.3515 | Val Acc: 0.3214
2025-06-20 20:16:04,452 [INFO] Epoch 007 | Train Loss: 9.1856 | Val Loss: 4.5876 | Val Acc: 0.1964
2025-06-20 20:16:04,473 [INFO] Epoch 008 | Train Loss: 9.5957 | Val Loss: 5.3960 | Val Acc: 0.2500
2025-06-20 20:16:04,495 [INFO] Epoch 009 | Train Loss: 9.0133 | Val Loss: 6.2631 | Val Acc: 0.2500
2025-06-20 20:16:04,515 [INFO] Epoch 010 | Train Loss: 7.4958 | Val Loss: 6.2801 | Val Acc: 0.2321
2025-06-20 20:16:04,806 [INFO] Epoch 011 | Train Loss: 7.1810 | Val Loss: 5.9734 | Val Acc: 0.1964
2025-06-20 20:16:04,829 [INFO] Epoch 012 | Train Loss: 8.3165 | Val Loss: 5.7694 | Val Acc: 0.1786
2025-06-20 20:16:04,849 [INFO] Epoch 013 | Train Loss: 6.8168 | Val Loss: 5.7094 | Val Acc: 0.2679
2025-06-20 20:16:04,870 [INFO] Epoch 014 | Train Loss: 6.9484 | Val Loss: 5.5225 | Val Acc: 0.2321
2025-06-20 20:16:04,891 [INFO] Epoch 015 | Train Loss: 7.0029 | Val Loss: 5.1407 | Val Acc: 0.2321
2025-06-20 20:16:04,914 [INFO] Epoch 016 | Train Loss: 6.6815 | Val Loss: 4.8352 | Val Acc: 0.2500
2025-06-20 20:16:04,935 [INFO] Epoch 017 | Train Loss: 5.7875 | Val Loss: 4.7533 | Val Acc: 0.1964
2025-06-20 20:16:04,959 [INFO] Epoch 018 | Train Loss: 7.0122 | Val Loss: 4.6036 | Val Acc: 0.2679
2025-06-20 20:16:04,983 [INFO] Epoch 019 | Train Loss: 5.4937 | Val Loss: 4.4352 | Val Acc: 0.2857
2025-06-20 20:16:05,009 [INFO] Epoch 020 | Train Loss: 6.6440 | Val Loss: 3.9779 | Val Acc: 0.2857
2025-06-20 20:16:05,233 [INFO] Epoch 021 | Train Loss: 5.9132 | Val Loss: 3.8503 | Val Acc: 0.3214
2025-06-20 20:16:05,257 [INFO] Epoch 022 | Train Loss: 5.4989 | Val Loss: 3.6910 | Val Acc: 0.3214
2025-06-20 20:16:05,278 [INFO] Epoch 023 | Train Loss: 5.5813 | Val Loss: 3.4745 | Val Acc: 0.2857
2025-06-20 20:16:05,303 [INFO] Epoch 024 | Train Loss: 5.5280 | Val Loss: 3.5714 | Val Acc: 0.2500
2025-06-20 20:16:05,324 [INFO] Epoch 025 | Train Loss: 4.8842 | Val Loss: 3.8593 | Val Acc: 0.2321
2025-06-20 20:16:05,348 [INFO] Epoch 026 | Train Loss: 5.3701 | Val Loss: 3.6514 | Val Acc: 0.2500
2025-06-20 20:16:05,370 [INFO] Epoch 027 | Train Loss: 5.4542 | Val Loss: 3.3861 | Val Acc: 0.2679
2025-06-20 20:16:05,391 [INFO] Epoch 028 | Train Loss: 5.5913 | Val Loss: 3.3205 | Val Acc: 0.2500
2025-06-20 20:16:05,414 [INFO] Epoch 029 | Train Loss: 5.4976 | Val Loss: 3.2019 | Val Acc: 0.2679
2025-06-20 20:16:05,436 [INFO] Epoch 030 | Train Loss: 5.2507 | Val Loss: 3.3033 | Val Acc: 0.2679
2025-06-20 20:16:05,628 [INFO] Epoch 031 | Train Loss: 6.1167 | Val Loss: 3.3214 | Val Acc: 0.2321
2025-06-20 20:16:05,649 [INFO] Epoch 032 | Train Loss: 6.1615 | Val Loss: 3.2372 | Val Acc: 0.2321
2025-06-20 20:16:05,672 [INFO] Epoch 033 | Train Loss: 5.1149 | Val Loss: 3.2217 | Val Acc: 0.3393
2025-06-20 20:16:05,676 [INFO] New best model at epoch 33 (Val Acc: 0.3393)
2025-06-20 20:16:05,695 [INFO] Epoch 034 | Train Loss: 4.8539 | Val Loss: 3.0405 | Val Acc: 0.3036
2025-06-20 20:16:05,716 [INFO] Epoch 035 | Train Loss: 4.8137 | Val Loss: 3.0438 | Val Acc: 0.2679
2025-06-20 20:16:05,742 [INFO] Epoch 036 | Train Loss: 4.0085 | Val Loss: 3.0465 | Val Acc: 0.3214
2025-06-20 20:16:05,767 [INFO] Epoch 037 | Train Loss: 4.8166 | Val Loss: 3.1989 | Val Acc: 0.3571
2025-06-20 20:16:05,770 [INFO] New best model at epoch 37 (Val Acc: 0.3571)
2025-06-20 20:16:05,790 [INFO] Epoch 038 | Train Loss: 4.3115 | Val Loss: 3.1978 | Val Acc: 0.3393
2025-06-20 20:16:05,810 [INFO] Epoch 039 | Train Loss: 5.0894 | Val Loss: 3.1841 | Val Acc: 0.3036
2025-06-20 20:16:05,829 [INFO] Epoch 040 | Train Loss: 3.7501 | Val Loss: 3.0682 | Val Acc: 0.3036
2025-06-20 20:16:06,019 [INFO] Epoch 041 | Train Loss: 3.7693 | Val Loss: 3.0048 | Val Acc: 0.3036
2025-06-20 20:16:06,038 [INFO] Epoch 042 | Train Loss: 4.5327 | Val Loss: 2.9496 | Val Acc: 0.3393
2025-06-20 20:16:06,059 [INFO] Epoch 043 | Train Loss: 4.0498 | Val Loss: 2.8902 | Val Acc: 0.3571
2025-06-20 20:16:06,080 [INFO] Epoch 044 | Train Loss: 3.8364 | Val Loss: 2.8511 | Val Acc: 0.3750
2025-06-20 20:16:06,083 [INFO] New best model at epoch 44 (Val Acc: 0.3750)
2025-06-20 20:16:06,101 [INFO] Epoch 045 | Train Loss: 3.8561 | Val Loss: 2.8567 | Val Acc: 0.3393
2025-06-20 20:16:06,121 [INFO] Epoch 046 | Train Loss: 5.0248 | Val Loss: 2.8925 | Val Acc: 0.3571
2025-06-20 20:16:06,140 [INFO] Epoch 047 | Train Loss: 4.8052 | Val Loss: 2.9340 | Val Acc: 0.3214
2025-06-20 20:16:06,162 [INFO] Epoch 048 | Train Loss: 4.3040 | Val Loss: 2.9245 | Val Acc: 0.3393
2025-06-20 20:16:06,183 [INFO] Epoch 049 | Train Loss: 4.9842 | Val Loss: 2.8550 | Val Acc: 0.3214
2025-06-20 20:16:06,203 [INFO] Epoch 050 | Train Loss: 4.2177 | Val Loss: 2.8323 | Val Acc: 0.3393
2025-06-20 20:16:06,390 [INFO] Epoch 051 | Train Loss: 4.3116 | Val Loss: 2.6645 | Val Acc: 0.3929
2025-06-20 20:16:06,393 [INFO] New best model at epoch 51 (Val Acc: 0.3929)
2025-06-20 20:16:06,411 [INFO] Epoch 052 | Train Loss: 3.2118 | Val Loss: 2.7303 | Val Acc: 0.3571
2025-06-20 20:16:06,431 [INFO] Epoch 053 | Train Loss: 4.3796 | Val Loss: 2.7991 | Val Acc: 0.3571
2025-06-20 20:16:06,453 [INFO] Epoch 054 | Train Loss: 3.3448 | Val Loss: 2.9647 | Val Acc: 0.3750
2025-06-20 20:16:06,473 [INFO] Epoch 055 | Train Loss: 3.5089 | Val Loss: 2.9532 | Val Acc: 0.3750
2025-06-20 20:16:06,495 [INFO] Epoch 056 | Train Loss: 3.4953 | Val Loss: 2.7669 | Val Acc: 0.3750
2025-06-20 20:16:06,515 [INFO] Epoch 057 | Train Loss: 4.2728 | Val Loss: 2.7987 | Val Acc: 0.3571
2025-06-20 20:16:06,535 [INFO] Epoch 058 | Train Loss: 3.4930 | Val Loss: 2.6683 | Val Acc: 0.3750
2025-06-20 20:16:06,559 [INFO] Epoch 059 | Train Loss: 4.4521 | Val Loss: 2.6634 | Val Acc: 0.3393
2025-06-20 20:16:06,585 [INFO] Epoch 060 | Train Loss: 3.7486 | Val Loss: 2.5616 | Val Acc: 0.3393
2025-06-20 20:16:06,774 [INFO] Epoch 061 | Train Loss: 3.7001 | Val Loss: 2.7044 | Val Acc: 0.3214
2025-06-20 20:16:06,795 [INFO] Epoch 062 | Train Loss: 3.6861 | Val Loss: 2.7733 | Val Acc: 0.3214
2025-06-20 20:16:06,817 [INFO] Epoch 063 | Train Loss: 4.4199 | Val Loss: 2.7744 | Val Acc: 0.3393
2025-06-20 20:16:06,836 [INFO] Epoch 064 | Train Loss: 3.8787 | Val Loss: 2.6905 | Val Acc: 0.3571
2025-06-20 20:16:06,855 [INFO] Epoch 065 | Train Loss: 3.8937 | Val Loss: 2.4991 | Val Acc: 0.3036
2025-06-20 20:16:06,875 [INFO] Epoch 066 | Train Loss: 3.2499 | Val Loss: 2.4979 | Val Acc: 0.2857
2025-06-20 20:16:06,894 [INFO] Epoch 067 | Train Loss: 3.8948 | Val Loss: 2.4935 | Val Acc: 0.3036
2025-06-20 20:16:06,914 [INFO] Epoch 068 | Train Loss: 2.7684 | Val Loss: 2.5226 | Val Acc: 0.3750
2025-06-20 20:16:06,938 [INFO] Epoch 069 | Train Loss: 3.8295 | Val Loss: 2.4096 | Val Acc: 0.3929
2025-06-20 20:16:06,957 [INFO] Epoch 070 | Train Loss: 4.1299 | Val Loss: 2.4015 | Val Acc: 0.3036
2025-06-20 20:16:07,165 [INFO] Epoch 071 | Train Loss: 4.0615 | Val Loss: 2.6332 | Val Acc: 0.3571
2025-06-20 20:16:07,189 [INFO] Epoch 072 | Train Loss: 4.1987 | Val Loss: 2.5772 | Val Acc: 0.3750
2025-06-20 20:16:07,212 [INFO] Epoch 073 | Train Loss: 3.6023 | Val Loss: 2.4872 | Val Acc: 0.3929
2025-06-20 20:16:07,234 [INFO] Epoch 074 | Train Loss: 3.1138 | Val Loss: 2.5678 | Val Acc: 0.4107
2025-06-20 20:16:07,237 [INFO] New best model at epoch 74 (Val Acc: 0.4107)
2025-06-20 20:16:07,257 [INFO] Epoch 075 | Train Loss: 3.4739 | Val Loss: 2.5442 | Val Acc: 0.3750
2025-06-20 20:16:07,281 [INFO] Epoch 076 | Train Loss: 3.2042 | Val Loss: 2.7305 | Val Acc: 0.3571
2025-06-20 20:16:07,304 [INFO] Epoch 077 | Train Loss: 3.1113 | Val Loss: 2.7441 | Val Acc: 0.3571
2025-06-20 20:16:07,326 [INFO] Epoch 078 | Train Loss: 3.3927 | Val Loss: 2.6516 | Val Acc: 0.3929
2025-06-20 20:16:07,350 [INFO] Epoch 079 | Train Loss: 2.9712 | Val Loss: 2.6168 | Val Acc: 0.3750
2025-06-20 20:16:07,369 [INFO] Epoch 080 | Train Loss: 3.7812 | Val Loss: 2.5767 | Val Acc: 0.3929
2025-06-20 20:16:07,567 [INFO] Epoch 081 | Train Loss: 3.1763 | Val Loss: 2.5011 | Val Acc: 0.3393
2025-06-20 20:16:07,588 [INFO] Epoch 082 | Train Loss: 3.1540 | Val Loss: 2.4685 | Val Acc: 0.3750
2025-06-20 20:16:07,611 [INFO] Epoch 083 | Train Loss: 2.7012 | Val Loss: 2.5009 | Val Acc: 0.4286
2025-06-20 20:16:07,620 [INFO] New best model at epoch 83 (Val Acc: 0.4286)
2025-06-20 20:16:07,639 [INFO] Epoch 084 | Train Loss: 3.4061 | Val Loss: 2.5744 | Val Acc: 0.4107
2025-06-20 20:16:07,660 [INFO] Epoch 085 | Train Loss: 3.1916 | Val Loss: 2.4685 | Val Acc: 0.3929
2025-06-20 20:16:07,682 [INFO] Epoch 086 | Train Loss: 3.3038 | Val Loss: 2.3733 | Val Acc: 0.3929
2025-06-20 20:16:07,702 [INFO] Epoch 087 | Train Loss: 3.7584 | Val Loss: 2.4340 | Val Acc: 0.3929
2025-06-20 20:16:07,724 [INFO] Epoch 088 | Train Loss: 3.0214 | Val Loss: 2.5001 | Val Acc: 0.3750
2025-06-20 20:16:07,743 [INFO] Epoch 089 | Train Loss: 3.6501 | Val Loss: 2.3786 | Val Acc: 0.3929
2025-06-20 20:16:07,765 [INFO] Epoch 090 | Train Loss: 3.1227 | Val Loss: 2.2700 | Val Acc: 0.3929
2025-06-20 20:16:07,945 [INFO] Epoch 091 | Train Loss: 3.2161 | Val Loss: 2.2853 | Val Acc: 0.3750
2025-06-20 20:16:07,965 [INFO] Epoch 092 | Train Loss: 4.1918 | Val Loss: 2.2874 | Val Acc: 0.3393
2025-06-20 20:16:07,989 [INFO] Epoch 093 | Train Loss: 3.3569 | Val Loss: 2.3565 | Val Acc: 0.3393
2025-06-20 20:16:08,010 [INFO] Epoch 094 | Train Loss: 2.9533 | Val Loss: 2.2979 | Val Acc: 0.3036
2025-06-20 20:16:08,031 [INFO] Epoch 095 | Train Loss: 3.3877 | Val Loss: 2.4547 | Val Acc: 0.3214
2025-06-20 20:16:08,053 [INFO] Epoch 096 | Train Loss: 2.5774 | Val Loss: 2.4104 | Val Acc: 0.3214
2025-06-20 20:16:08,073 [INFO] Epoch 097 | Train Loss: 2.8562 | Val Loss: 2.5385 | Val Acc: 0.3214
2025-06-20 20:16:08,094 [INFO] Epoch 098 | Train Loss: 3.0619 | Val Loss: 2.4637 | Val Acc: 0.3214
2025-06-20 20:16:08,113 [INFO] Epoch 099 | Train Loss: 3.0654 | Val Loss: 2.4025 | Val Acc: 0.3393
2025-06-20 20:16:08,132 [INFO] Epoch 100 | Train Loss: 3.0054 | Val Loss: 2.3791 | Val Acc: 0.3571
2025-06-20 20:16:08,323 [INFO] Epoch 101 | Train Loss: 3.1147 | Val Loss: 2.3106 | Val Acc: 0.3929
2025-06-20 20:16:08,345 [INFO] Epoch 102 | Train Loss: 2.6266 | Val Loss: 2.3042 | Val Acc: 0.3929
2025-06-20 20:16:08,366 [INFO] Epoch 103 | Train Loss: 3.3630 | Val Loss: 2.2524 | Val Acc: 0.3929
2025-06-20 20:16:08,386 [INFO] Epoch 104 | Train Loss: 3.6586 | Val Loss: 2.2357 | Val Acc: 0.3571
2025-06-20 20:16:08,406 [INFO] Epoch 105 | Train Loss: 2.7100 | Val Loss: 2.1917 | Val Acc: 0.3214
2025-06-20 20:16:08,427 [INFO] Epoch 106 | Train Loss: 2.7040 | Val Loss: 2.1778 | Val Acc: 0.3929
2025-06-20 20:16:08,446 [INFO] Epoch 107 | Train Loss: 3.3618 | Val Loss: 2.1288 | Val Acc: 0.3571
2025-06-20 20:16:08,468 [INFO] Epoch 108 | Train Loss: 3.1569 | Val Loss: 2.1400 | Val Acc: 0.3393
2025-06-20 20:16:08,487 [INFO] Epoch 109 | Train Loss: 2.8357 | Val Loss: 2.1191 | Val Acc: 0.3393
2025-06-20 20:16:08,509 [INFO] Epoch 110 | Train Loss: 2.8111 | Val Loss: 2.1083 | Val Acc: 0.3750
2025-06-20 20:16:08,788 [INFO] Epoch 111 | Train Loss: 2.9544 | Val Loss: 2.0945 | Val Acc: 0.3393
2025-06-20 20:16:08,813 [INFO] Epoch 112 | Train Loss: 2.6912 | Val Loss: 2.0762 | Val Acc: 0.3214
2025-06-20 20:16:08,839 [INFO] Epoch 113 | Train Loss: 2.8176 | Val Loss: 2.0587 | Val Acc: 0.3929
2025-06-20 20:16:08,861 [INFO] Epoch 114 | Train Loss: 2.5068 | Val Loss: 1.9742 | Val Acc: 0.3036
2025-06-20 20:16:08,880 [INFO] Epoch 115 | Train Loss: 3.0599 | Val Loss: 2.0137 | Val Acc: 0.3214
2025-06-20 20:16:08,902 [INFO] Epoch 116 | Train Loss: 3.0993 | Val Loss: 2.1279 | Val Acc: 0.3214
2025-06-20 20:16:08,921 [INFO] Epoch 117 | Train Loss: 3.0329 | Val Loss: 2.1309 | Val Acc: 0.3393
2025-06-20 20:16:08,941 [INFO] Epoch 118 | Train Loss: 3.0757 | Val Loss: 2.1448 | Val Acc: 0.3571
2025-06-20 20:16:08,964 [INFO] Epoch 119 | Train Loss: 3.1453 | Val Loss: 2.1748 | Val Acc: 0.3571
2025-06-20 20:16:08,984 [INFO] Epoch 120 | Train Loss: 2.8977 | Val Loss: 2.0977 | Val Acc: 0.3571
2025-06-20 20:16:09,238 [INFO] Epoch 121 | Train Loss: 2.5493 | Val Loss: 2.0838 | Val Acc: 0.3393
2025-06-20 20:16:09,260 [INFO] Epoch 122 | Train Loss: 3.3577 | Val Loss: 2.0612 | Val Acc: 0.3393
2025-06-20 20:16:09,280 [INFO] Epoch 123 | Train Loss: 3.4355 | Val Loss: 2.1546 | Val Acc: 0.3036
2025-06-20 20:16:09,299 [INFO] Epoch 124 | Train Loss: 2.6792 | Val Loss: 2.1439 | Val Acc: 0.2679
2025-06-20 20:16:09,323 [INFO] Epoch 125 | Train Loss: 2.3403 | Val Loss: 1.9315 | Val Acc: 0.3036
2025-06-20 20:16:09,343 [INFO] Epoch 126 | Train Loss: 2.5932 | Val Loss: 1.8713 | Val Acc: 0.3036
2025-06-20 20:16:09,366 [INFO] Epoch 127 | Train Loss: 2.9345 | Val Loss: 2.0346 | Val Acc: 0.2679
2025-06-20 20:16:09,385 [INFO] Epoch 128 | Train Loss: 2.9938 | Val Loss: 2.0510 | Val Acc: 0.2679
2025-06-20 20:16:09,409 [INFO] Epoch 129 | Train Loss: 3.2233 | Val Loss: 1.9475 | Val Acc: 0.2857
2025-06-20 20:16:09,432 [INFO] Epoch 130 | Train Loss: 2.5210 | Val Loss: 1.9612 | Val Acc: 0.2679
2025-06-20 20:16:09,619 [INFO] Epoch 131 | Train Loss: 2.3613 | Val Loss: 1.9556 | Val Acc: 0.3036
2025-06-20 20:16:09,638 [INFO] Epoch 132 | Train Loss: 2.6343 | Val Loss: 1.8749 | Val Acc: 0.3214
2025-06-20 20:16:09,659 [INFO] Epoch 133 | Train Loss: 2.4935 | Val Loss: 1.9384 | Val Acc: 0.3214
2025-06-20 20:16:09,680 [INFO] Epoch 134 | Train Loss: 3.0466 | Val Loss: 1.9057 | Val Acc: 0.3036
2025-06-20 20:16:09,703 [INFO] Epoch 135 | Train Loss: 2.3114 | Val Loss: 1.9165 | Val Acc: 0.3214
2025-06-20 20:16:09,723 [INFO] Epoch 136 | Train Loss: 2.9298 | Val Loss: 1.8629 | Val Acc: 0.2857
2025-06-20 20:16:09,744 [INFO] Epoch 137 | Train Loss: 2.4078 | Val Loss: 1.9152 | Val Acc: 0.2679
2025-06-20 20:16:09,766 [INFO] Epoch 138 | Train Loss: 2.7887 | Val Loss: 2.0212 | Val Acc: 0.2857
2025-06-20 20:16:09,789 [INFO] Epoch 139 | Train Loss: 2.6353 | Val Loss: 2.1182 | Val Acc: 0.3214
2025-06-20 20:16:09,812 [INFO] Epoch 140 | Train Loss: 2.2925 | Val Loss: 2.1136 | Val Acc: 0.3214
2025-06-20 20:16:10,012 [INFO] Epoch 141 | Train Loss: 2.3674 | Val Loss: 1.9929 | Val Acc: 0.3036
2025-06-20 20:16:10,041 [INFO] Epoch 142 | Train Loss: 2.5601 | Val Loss: 1.9975 | Val Acc: 0.2857
2025-06-20 20:16:10,066 [INFO] Epoch 143 | Train Loss: 2.7313 | Val Loss: 2.0186 | Val Acc: 0.2500
2025-06-20 20:16:10,089 [INFO] Epoch 144 | Train Loss: 2.1834 | Val Loss: 1.9216 | Val Acc: 0.3214
2025-06-20 20:16:10,111 [INFO] Epoch 145 | Train Loss: 2.8204 | Val Loss: 1.8929 | Val Acc: 0.3214
2025-06-20 20:16:10,133 [INFO] Epoch 146 | Train Loss: 2.3486 | Val Loss: 1.8863 | Val Acc: 0.3214
2025-06-20 20:16:10,156 [INFO] Epoch 147 | Train Loss: 2.5298 | Val Loss: 1.9796 | Val Acc: 0.2857
2025-06-20 20:16:10,186 [INFO] Epoch 148 | Train Loss: 2.2484 | Val Loss: 2.0009 | Val Acc: 0.2500
2025-06-20 20:16:10,213 [INFO] Epoch 149 | Train Loss: 2.4952 | Val Loss: 1.9804 | Val Acc: 0.2857
2025-06-20 20:16:10,248 [INFO] Epoch 150 | Train Loss: 2.8539 | Val Loss: 2.0074 | Val Acc: 0.2679
2025-06-20 20:16:10,462 [INFO] Best model saved to <built-in function time>/ENZYMES/best/best_source_gin.pth (Val Acc: 0.4286 at epoch 83)
2025-06-20 20:16:10,463 [INFO] Training/validation metrics saved to <built-in function time>/ENZYMES/GIN_0.0001/train_metrics.csv
2025-06-20 20:16:10,617 [INFO] Final training curves saved
2025-06-20 20:16:10,617 [INFO] Training completed!
2025-06-20 20:16:10,617 [INFO] Best validation accuracy: 0.4286
2025-06-20 20:16:10,617 [INFO] Best epoch: 83
2025-06-20 20:16:10,617 [INFO] Total epochs trained: 150
2025-06-20 20:16:10,618 [INFO] Starting training with parameters: (0.0001, 0.3, 32, 3, 150, 0.001)
