2025-06-20 16:41:59,926 [INFO] Using device: cpu
2025-06-20 16:41:59,926 [INFO] 开始创建数据加载器...
2025-06-20 16:41:59,927 [INFO] Successfully loaded dataset ENZYMES from ./data, total graphs: 600
2025-06-20 16:41:59,927 [INFO] Class allocation analysis:
2025-06-20 16:41:59,927 [INFO]   Source classes: [0, 1, 2, 3]
2025-06-20 16:41:59,927 [INFO]   Target classes: [0, 1, 2, 3, 4, 5]
2025-06-20 16:41:59,927 [INFO]   Overlap classes (to be split): [0, 1, 2, 3]
2025-06-20 16:41:59,927 [INFO]   Target novel classes (unknown): [4, 5]
2025-06-20 16:41:59,942 [INFO]   Class 0: 100 total -> Source: 70, Target: 30
2025-06-20 16:41:59,942 [INFO]   Class 1: 100 total -> Source: 70, Target: 30
2025-06-20 16:41:59,943 [INFO]   Class 2: 100 total -> Source: 70, Target: 30
2025-06-20 16:41:59,943 [INFO]   Class 3: 100 total -> Source: 70, Target: 30
2025-06-20 16:41:59,943 [INFO]   Class 4 (novel/unknown): 100 samples -> Target
2025-06-20 16:41:59,943 [INFO]   Class 5 (novel/unknown): 100 samples -> Target
2025-06-20 16:41:59,943 [INFO] Final allocation:
2025-06-20 16:41:59,943 [INFO]   Source domain: 280 samples
2025-06-20 16:41:59,943 [INFO]   Target domain: 320 samples
2025-06-20 16:41:59,944 [INFO] Source domain setup:
2025-06-20 16:41:59,944 [INFO]   Original classes: [0, 1, 2, 3]
2025-06-20 16:41:59,944 [INFO]   Overlap classes used: [0, 1, 2, 3]
2025-06-20 16:41:59,945 [INFO]   Label mapping: {0: 0, 1: 1, 2: 2, 3: 3}
2025-06-20 16:41:59,945 [INFO]   Total data after allocation: 280
2025-06-20 16:41:59,945 [INFO]   Data split - Train: 224, Val: 56
2025-06-20 16:41:59,945 [INFO]   Train label distribution: {0: 56, 1: 56, 3: 56, 2: 56}
2025-06-20 16:41:59,945 [INFO]   Val label distribution: {1: 14, 2: 14, 0: 14, 3: 14}
2025-06-20 16:41:59,946 [INFO] Successfully loaded dataset ENZYMES from ./data, total graphs: 600
2025-06-20 16:41:59,946 [INFO] Class allocation analysis:
2025-06-20 16:41:59,946 [INFO]   Source classes: [0, 1, 2, 3]
2025-06-20 16:41:59,946 [INFO]   Target classes: [0, 1, 2, 3, 4, 5]
2025-06-20 16:41:59,946 [INFO]   Overlap classes (to be split): [0, 1, 2, 3]
2025-06-20 16:41:59,946 [INFO]   Target novel classes (unknown): [4, 5]
2025-06-20 16:41:59,961 [INFO]   Class 0: 100 total -> Source: 70, Target: 30
2025-06-20 16:41:59,962 [INFO]   Class 1: 100 total -> Source: 70, Target: 30
2025-06-20 16:41:59,962 [INFO]   Class 2: 100 total -> Source: 70, Target: 30
2025-06-20 16:41:59,962 [INFO]   Class 3: 100 total -> Source: 70, Target: 30
2025-06-20 16:41:59,962 [INFO]   Class 4 (novel/unknown): 100 samples -> Target
2025-06-20 16:41:59,962 [INFO]   Class 5 (novel/unknown): 100 samples -> Target
2025-06-20 16:41:59,962 [INFO] Final allocation:
2025-06-20 16:41:59,962 [INFO]   Source domain: 280 samples
2025-06-20 16:41:59,962 [INFO]   Target domain: 320 samples
2025-06-20 16:41:59,964 [INFO] Target domain setup:
2025-06-20 16:41:59,964 [INFO]   Original classes: [0, 1, 2, 3, 4, 5]
2025-06-20 16:41:59,964 [INFO]   Overlap classes: [0, 1, 2, 3]
2025-06-20 16:41:59,964 [INFO]   Novel classes: [4, 5] -> mapped to unknown label 4
2025-06-20 16:41:59,964 [INFO]   Label mapping: {0: 0, 1: 1, 2: 2, 3: 3, 4: 4, 5: 4}
2025-06-20 16:41:59,964 [INFO]   Total data after allocation: 320
2025-06-20 16:41:59,964 [INFO]   Data split - Train: 256, Val: 64
2025-06-20 16:41:59,964 [INFO]   Total count: 320 (known: 120, unknown: 200)
2025-06-20 16:41:59,964 [INFO]   Total label distribution: {4: 200, 3: 30, 0: 30, 1: 30, 2: 30}
2025-06-20 16:41:59,964 [INFO]   Train label distribution: {4: 160, 0: 24, 2: 24, 3: 24, 1: 24}
2025-06-20 16:41:59,964 [INFO]   Val label distribution: {1: 6, 4: 40, 3: 6, 0: 6, 2: 6}
2025-06-20 16:41:59,965 [INFO] 数据加载器创建完成!
2025-06-20 16:41:59,965 [INFO] 源域类别数: 4 (重叠类别)
2025-06-20 16:41:59,965 [INFO] 目标域类别数: 5 (4个重叠类别 + 1个未知类别)
2025-06-20 16:41:59,965 [INFO] 重叠类别: [0, 1, 2, 3]
2025-06-20 16:41:59,965 [INFO] 目标域新类别: [4, 5]
2025-06-20 16:41:59,965 [INFO] Data allocation verification:
2025-06-20 16:41:59,965 [INFO]   Source data samples: 280
2025-06-20 16:41:59,965 [INFO]   Target data samples: 320
2025-06-20 16:41:59,965 [INFO]   Overlapping samples: 0
2025-06-20 16:41:59,965 [INFO]   ✓ Data allocation is correct - no overlapping samples
2025-06-20 16:41:59,966 [INFO] Model initialized with 68868 parameters
2025-06-20 16:41:59,966 [INFO] Previous best validation accuracy read from record.txt: 0.6071
2025-06-20 16:41:59,966 [INFO] Starting training...
2025-06-20 16:41:59,984 [INFO] Epoch 001 | Train Loss: 5.2248 | Val Loss: 4.8180 | Val Acc: 0.2500
2025-06-20 16:42:00,081 [INFO] New best model at epoch 1 (Val Acc: 0.2500)
2025-06-20 16:42:00,137 [INFO] Epoch 002 | Train Loss: 3.0837 | Val Loss: 3.2983 | Val Acc: 0.2500
2025-06-20 16:42:00,166 [INFO] Epoch 003 | Train Loss: 2.4264 | Val Loss: 2.3444 | Val Acc: 0.2857
2025-06-20 16:42:00,169 [INFO] New best model at epoch 3 (Val Acc: 0.2857)
2025-06-20 16:42:00,192 [INFO] Epoch 004 | Train Loss: 2.0174 | Val Loss: 2.1098 | Val Acc: 0.2500
2025-06-20 16:42:00,223 [INFO] Epoch 005 | Train Loss: 1.7531 | Val Loss: 1.8895 | Val Acc: 0.2500
2025-06-20 16:42:00,293 [INFO] Epoch 006 | Train Loss: 1.5701 | Val Loss: 2.1377 | Val Acc: 0.3214
2025-06-20 16:42:00,297 [INFO] New best model at epoch 6 (Val Acc: 0.3214)
2025-06-20 16:42:00,326 [INFO] Epoch 007 | Train Loss: 1.4527 | Val Loss: 1.8392 | Val Acc: 0.3393
2025-06-20 16:42:00,329 [INFO] New best model at epoch 7 (Val Acc: 0.3393)
2025-06-20 16:42:00,354 [INFO] Epoch 008 | Train Loss: 1.5389 | Val Loss: 1.6438 | Val Acc: 0.3214
2025-06-20 16:42:00,379 [INFO] Epoch 009 | Train Loss: 1.4974 | Val Loss: 1.6495 | Val Acc: 0.2857
2025-06-20 16:42:00,408 [INFO] Epoch 010 | Train Loss: 1.4092 | Val Loss: 1.7720 | Val Acc: 0.3393
2025-06-20 16:42:00,537 [INFO] Epoch 011 | Train Loss: 1.4169 | Val Loss: 1.6617 | Val Acc: 0.2679
2025-06-20 16:42:00,562 [INFO] Epoch 012 | Train Loss: 1.3290 | Val Loss: 1.5474 | Val Acc: 0.3750
2025-06-20 16:42:00,565 [INFO] New best model at epoch 12 (Val Acc: 0.3750)
2025-06-20 16:42:00,583 [INFO] Epoch 013 | Train Loss: 1.3797 | Val Loss: 1.4367 | Val Acc: 0.4464
2025-06-20 16:42:00,586 [INFO] New best model at epoch 13 (Val Acc: 0.4464)
2025-06-20 16:42:00,605 [INFO] Epoch 014 | Train Loss: 1.3554 | Val Loss: 1.5179 | Val Acc: 0.4286
2025-06-20 16:42:00,626 [INFO] Epoch 015 | Train Loss: 1.3133 | Val Loss: 1.6466 | Val Acc: 0.3393
2025-06-20 16:42:00,647 [INFO] Epoch 016 | Train Loss: 1.2972 | Val Loss: 1.4419 | Val Acc: 0.4286
2025-06-20 16:42:00,668 [INFO] Epoch 017 | Train Loss: 1.2449 | Val Loss: 1.3829 | Val Acc: 0.4643
2025-06-20 16:42:00,671 [INFO] New best model at epoch 17 (Val Acc: 0.4643)
2025-06-20 16:42:00,695 [INFO] Epoch 018 | Train Loss: 1.4095 | Val Loss: 1.5874 | Val Acc: 0.3750
2025-06-20 16:42:00,722 [INFO] Epoch 019 | Train Loss: 1.3507 | Val Loss: 1.5594 | Val Acc: 0.3929
2025-06-20 16:42:00,747 [INFO] Epoch 020 | Train Loss: 1.3512 | Val Loss: 1.5960 | Val Acc: 0.3036
2025-06-20 16:42:00,889 [INFO] Epoch 021 | Train Loss: 1.2727 | Val Loss: 1.5731 | Val Acc: 0.4107
2025-06-20 16:42:00,910 [INFO] Epoch 022 | Train Loss: 1.2142 | Val Loss: 1.4353 | Val Acc: 0.4286
2025-06-20 16:42:00,928 [INFO] Epoch 023 | Train Loss: 1.3168 | Val Loss: 1.5829 | Val Acc: 0.3571
2025-06-20 16:42:00,948 [INFO] Epoch 024 | Train Loss: 1.2845 | Val Loss: 1.4160 | Val Acc: 0.5000
2025-06-20 16:42:00,950 [INFO] New best model at epoch 24 (Val Acc: 0.5000)
2025-06-20 16:42:00,967 [INFO] Epoch 025 | Train Loss: 1.2970 | Val Loss: 1.8422 | Val Acc: 0.3750
2025-06-20 16:42:00,985 [INFO] Epoch 026 | Train Loss: 1.3315 | Val Loss: 1.5440 | Val Acc: 0.3214
2025-06-20 16:42:01,005 [INFO] Epoch 027 | Train Loss: 1.2095 | Val Loss: 1.5938 | Val Acc: 0.3393
2025-06-20 16:42:01,024 [INFO] Epoch 028 | Train Loss: 1.1514 | Val Loss: 1.4703 | Val Acc: 0.3929
2025-06-20 16:42:01,042 [INFO] Epoch 029 | Train Loss: 1.1956 | Val Loss: 1.4190 | Val Acc: 0.4464
2025-06-20 16:42:01,061 [INFO] Epoch 030 | Train Loss: 1.2121 | Val Loss: 1.4460 | Val Acc: 0.4107
2025-06-20 16:42:01,189 [INFO] Epoch 031 | Train Loss: 1.1165 | Val Loss: 1.5853 | Val Acc: 0.3393
2025-06-20 16:42:01,212 [INFO] Epoch 032 | Train Loss: 1.2143 | Val Loss: 1.5664 | Val Acc: 0.3929
2025-06-20 16:42:01,232 [INFO] Epoch 033 | Train Loss: 1.2147 | Val Loss: 1.4427 | Val Acc: 0.4464
2025-06-20 16:42:01,250 [INFO] Epoch 034 | Train Loss: 1.1416 | Val Loss: 1.4564 | Val Acc: 0.3929
2025-06-20 16:42:01,270 [INFO] Epoch 035 | Train Loss: 1.1155 | Val Loss: 1.5080 | Val Acc: 0.3750
2025-06-20 16:42:01,289 [INFO] Epoch 036 | Train Loss: 1.0853 | Val Loss: 1.4013 | Val Acc: 0.3750
2025-06-20 16:42:01,308 [INFO] Epoch 037 | Train Loss: 1.1060 | Val Loss: 1.4184 | Val Acc: 0.3929
2025-06-20 16:42:01,327 [INFO] Epoch 038 | Train Loss: 1.1631 | Val Loss: 1.4937 | Val Acc: 0.4464
2025-06-20 16:42:01,344 [INFO] Epoch 039 | Train Loss: 1.1570 | Val Loss: 1.6482 | Val Acc: 0.3929
2025-06-20 16:42:01,363 [INFO] Epoch 040 | Train Loss: 1.1144 | Val Loss: 1.3125 | Val Acc: 0.4464
2025-06-20 16:42:01,483 [INFO] Epoch 041 | Train Loss: 1.2437 | Val Loss: 1.4923 | Val Acc: 0.4107
2025-06-20 16:42:01,503 [INFO] Epoch 042 | Train Loss: 1.1507 | Val Loss: 1.4136 | Val Acc: 0.4464
2025-06-20 16:42:01,529 [INFO] Epoch 043 | Train Loss: 1.1698 | Val Loss: 1.3925 | Val Acc: 0.4107
2025-06-20 16:42:01,548 [INFO] Epoch 044 | Train Loss: 1.1867 | Val Loss: 1.4175 | Val Acc: 0.4286
2025-06-20 16:42:01,567 [INFO] Epoch 045 | Train Loss: 1.1525 | Val Loss: 1.3660 | Val Acc: 0.4286
2025-06-20 16:42:01,588 [INFO] Epoch 046 | Train Loss: 1.2267 | Val Loss: 1.5041 | Val Acc: 0.3750
2025-06-20 16:42:01,608 [INFO] Epoch 047 | Train Loss: 1.0997 | Val Loss: 1.4137 | Val Acc: 0.3750
2025-06-20 16:42:01,632 [INFO] Epoch 048 | Train Loss: 1.1067 | Val Loss: 1.3798 | Val Acc: 0.3929
2025-06-20 16:42:01,651 [INFO] Epoch 049 | Train Loss: 1.1229 | Val Loss: 1.7056 | Val Acc: 0.3750
2025-06-20 16:42:01,673 [INFO] Epoch 050 | Train Loss: 1.1084 | Val Loss: 1.5074 | Val Acc: 0.3571
2025-06-20 16:42:01,790 [INFO] Epoch 051 | Train Loss: 1.1585 | Val Loss: 1.4597 | Val Acc: 0.3929
2025-06-20 16:42:01,811 [INFO] Epoch 052 | Train Loss: 1.1707 | Val Loss: 1.4569 | Val Acc: 0.3393
2025-06-20 16:42:01,830 [INFO] Epoch 053 | Train Loss: 1.1567 | Val Loss: 1.5015 | Val Acc: 0.4286
2025-06-20 16:42:01,850 [INFO] Epoch 054 | Train Loss: 1.1195 | Val Loss: 1.5237 | Val Acc: 0.3929
2025-06-20 16:42:01,871 [INFO] Epoch 055 | Train Loss: 1.1305 | Val Loss: 1.4197 | Val Acc: 0.3571
2025-06-20 16:42:01,890 [INFO] Epoch 056 | Train Loss: 1.0978 | Val Loss: 1.5042 | Val Acc: 0.3571
2025-06-20 16:42:01,909 [INFO] Epoch 057 | Train Loss: 1.1478 | Val Loss: 1.5779 | Val Acc: 0.4464
2025-06-20 16:42:01,927 [INFO] Epoch 058 | Train Loss: 1.0323 | Val Loss: 1.4986 | Val Acc: 0.3571
2025-06-20 16:42:01,947 [INFO] Epoch 059 | Train Loss: 1.1103 | Val Loss: 1.4156 | Val Acc: 0.4286
2025-06-20 16:42:01,964 [INFO] Epoch 060 | Train Loss: 1.1748 | Val Loss: 1.4666 | Val Acc: 0.4286
2025-06-20 16:42:02,083 [INFO] Epoch 061 | Train Loss: 1.1779 | Val Loss: 1.5360 | Val Acc: 0.3929
2025-06-20 16:42:02,108 [INFO] Epoch 062 | Train Loss: 1.1490 | Val Loss: 1.5326 | Val Acc: 0.3571
2025-06-20 16:42:02,129 [INFO] Epoch 063 | Train Loss: 1.0589 | Val Loss: 1.3905 | Val Acc: 0.3750
2025-06-20 16:42:02,149 [INFO] Epoch 064 | Train Loss: 1.0729 | Val Loss: 1.4492 | Val Acc: 0.4107
2025-06-20 16:42:02,168 [INFO] Epoch 065 | Train Loss: 1.1385 | Val Loss: 1.5238 | Val Acc: 0.3750
2025-06-20 16:42:02,188 [INFO] Epoch 066 | Train Loss: 1.2207 | Val Loss: 1.6041 | Val Acc: 0.4107
2025-06-20 16:42:02,208 [INFO] Epoch 067 | Train Loss: 1.1919 | Val Loss: 1.4499 | Val Acc: 0.3571
2025-06-20 16:42:02,226 [INFO] Epoch 068 | Train Loss: 1.0409 | Val Loss: 1.4315 | Val Acc: 0.3393
2025-06-20 16:42:02,244 [INFO] Epoch 069 | Train Loss: 1.0728 | Val Loss: 1.4936 | Val Acc: 0.3929
2025-06-20 16:42:02,263 [INFO] Epoch 070 | Train Loss: 1.0923 | Val Loss: 1.5734 | Val Acc: 0.3929
2025-06-20 16:42:02,380 [INFO] Epoch 071 | Train Loss: 1.0938 | Val Loss: 1.5043 | Val Acc: 0.3393
2025-06-20 16:42:02,400 [INFO] Epoch 072 | Train Loss: 1.0812 | Val Loss: 1.4196 | Val Acc: 0.3750
2025-06-20 16:42:02,418 [INFO] Epoch 073 | Train Loss: 1.0936 | Val Loss: 1.5110 | Val Acc: 0.4107
2025-06-20 16:42:02,437 [INFO] Epoch 074 | Train Loss: 1.1004 | Val Loss: 1.4152 | Val Acc: 0.4107
2025-06-20 16:42:02,455 [INFO] Epoch 075 | Train Loss: 1.1386 | Val Loss: 1.6072 | Val Acc: 0.4107
2025-06-20 16:42:02,475 [INFO] Epoch 076 | Train Loss: 1.1408 | Val Loss: 1.4872 | Val Acc: 0.3393
2025-06-20 16:42:02,495 [INFO] Epoch 077 | Train Loss: 1.0681 | Val Loss: 1.4175 | Val Acc: 0.4286
2025-06-20 16:42:02,513 [INFO] Epoch 078 | Train Loss: 1.0468 | Val Loss: 1.4133 | Val Acc: 0.4107
2025-06-20 16:42:02,532 [INFO] Epoch 079 | Train Loss: 1.1751 | Val Loss: 1.5168 | Val Acc: 0.3750
2025-06-20 16:42:02,553 [INFO] Epoch 080 | Train Loss: 1.1252 | Val Loss: 1.6549 | Val Acc: 0.4107
2025-06-20 16:42:02,744 [INFO] Epoch 081 | Train Loss: 1.1540 | Val Loss: 1.3974 | Val Acc: 0.4107
2025-06-20 16:42:02,765 [INFO] Epoch 082 | Train Loss: 1.0956 | Val Loss: 1.4013 | Val Acc: 0.4286
2025-06-20 16:42:02,788 [INFO] Epoch 083 | Train Loss: 1.1196 | Val Loss: 1.5352 | Val Acc: 0.4107
2025-06-20 16:42:02,811 [INFO] Epoch 084 | Train Loss: 1.0242 | Val Loss: 1.4211 | Val Acc: 0.4464
2025-06-20 16:42:02,829 [INFO] Epoch 085 | Train Loss: 1.0815 | Val Loss: 1.4964 | Val Acc: 0.3393
2025-06-20 16:42:02,846 [INFO] Epoch 086 | Train Loss: 1.0692 | Val Loss: 1.3791 | Val Acc: 0.4464
2025-06-20 16:42:02,864 [INFO] Epoch 087 | Train Loss: 1.0936 | Val Loss: 1.4972 | Val Acc: 0.3214
2025-06-20 16:42:02,881 [INFO] Epoch 088 | Train Loss: 1.1021 | Val Loss: 1.4605 | Val Acc: 0.3214
2025-06-20 16:42:02,899 [INFO] Epoch 089 | Train Loss: 1.0510 | Val Loss: 1.3898 | Val Acc: 0.3929
2025-06-20 16:42:02,917 [INFO] Epoch 090 | Train Loss: 1.1206 | Val Loss: 1.6494 | Val Acc: 0.3750
2025-06-20 16:42:03,031 [INFO] Epoch 091 | Train Loss: 1.0903 | Val Loss: 1.5683 | Val Acc: 0.3929
2025-06-20 16:42:03,050 [INFO] Epoch 092 | Train Loss: 1.0775 | Val Loss: 1.5041 | Val Acc: 0.3750
2025-06-20 16:42:03,068 [INFO] Epoch 093 | Train Loss: 1.0791 | Val Loss: 1.4084 | Val Acc: 0.4286
2025-06-20 16:42:03,086 [INFO] Epoch 094 | Train Loss: 1.0723 | Val Loss: 1.4751 | Val Acc: 0.3929
2025-06-20 16:42:03,104 [INFO] Epoch 095 | Train Loss: 1.1492 | Val Loss: 1.4841 | Val Acc: 0.3929
2025-06-20 16:42:03,126 [INFO] Epoch 096 | Train Loss: 1.0681 | Val Loss: 1.4817 | Val Acc: 0.3393
2025-06-20 16:42:03,146 [INFO] Epoch 097 | Train Loss: 1.0785 | Val Loss: 1.4381 | Val Acc: 0.3929
2025-06-20 16:42:03,168 [INFO] Epoch 098 | Train Loss: 1.0881 | Val Loss: 1.5168 | Val Acc: 0.3750
2025-06-20 16:42:03,194 [INFO] Epoch 099 | Train Loss: 1.0648 | Val Loss: 1.5177 | Val Acc: 0.2679
2025-06-20 16:42:03,218 [INFO] Epoch 100 | Train Loss: 1.0593 | Val Loss: 1.6250 | Val Acc: 0.3571
2025-06-20 16:42:03,336 [INFO] Epoch 101 | Train Loss: 1.0650 | Val Loss: 1.4649 | Val Acc: 0.3750
2025-06-20 16:42:03,356 [INFO] Epoch 102 | Train Loss: 1.0345 | Val Loss: 1.5257 | Val Acc: 0.4286
2025-06-20 16:42:03,374 [INFO] Epoch 103 | Train Loss: 1.0649 | Val Loss: 1.6889 | Val Acc: 0.3929
2025-06-20 16:42:03,398 [INFO] Epoch 104 | Train Loss: 1.0546 | Val Loss: 1.4950 | Val Acc: 0.3929
2025-06-20 16:42:03,418 [INFO] Epoch 105 | Train Loss: 1.1476 | Val Loss: 1.4485 | Val Acc: 0.3393
2025-06-20 16:42:03,435 [INFO] Epoch 106 | Train Loss: 1.0230 | Val Loss: 1.5740 | Val Acc: 0.3750
2025-06-20 16:42:03,454 [INFO] Epoch 107 | Train Loss: 1.1639 | Val Loss: 1.5275 | Val Acc: 0.3214
2025-06-20 16:42:03,471 [INFO] Epoch 108 | Train Loss: 1.0933 | Val Loss: 1.6552 | Val Acc: 0.3929
2025-06-20 16:42:03,489 [INFO] Epoch 109 | Train Loss: 1.1166 | Val Loss: 1.4655 | Val Acc: 0.3750
2025-06-20 16:42:03,507 [INFO] Epoch 110 | Train Loss: 1.0923 | Val Loss: 1.6830 | Val Acc: 0.3393
2025-06-20 16:42:03,638 [INFO] Epoch 111 | Train Loss: 1.1876 | Val Loss: 1.6144 | Val Acc: 0.3393
2025-06-20 16:42:03,665 [INFO] Epoch 112 | Train Loss: 1.1241 | Val Loss: 1.4661 | Val Acc: 0.3036
2025-06-20 16:42:03,687 [INFO] Epoch 113 | Train Loss: 1.1504 | Val Loss: 1.5818 | Val Acc: 0.3750
2025-06-20 16:42:03,708 [INFO] Epoch 114 | Train Loss: 1.1362 | Val Loss: 1.6914 | Val Acc: 0.3036
2025-06-20 16:42:03,726 [INFO] Epoch 115 | Train Loss: 1.1346 | Val Loss: 1.3736 | Val Acc: 0.3929
2025-06-20 16:42:03,744 [INFO] Epoch 116 | Train Loss: 1.0694 | Val Loss: 1.5084 | Val Acc: 0.3571
2025-06-20 16:42:03,762 [INFO] Epoch 117 | Train Loss: 1.1112 | Val Loss: 1.4999 | Val Acc: 0.4107
2025-06-20 16:42:03,779 [INFO] Epoch 118 | Train Loss: 1.0139 | Val Loss: 1.4881 | Val Acc: 0.4286
2025-06-20 16:42:03,797 [INFO] Epoch 119 | Train Loss: 1.0795 | Val Loss: 1.6797 | Val Acc: 0.3929
2025-06-20 16:42:03,814 [INFO] Epoch 120 | Train Loss: 1.0810 | Val Loss: 1.5273 | Val Acc: 0.3929
2025-06-20 16:42:03,942 [INFO] Epoch 121 | Train Loss: 1.0379 | Val Loss: 1.3762 | Val Acc: 0.4286
2025-06-20 16:42:03,965 [INFO] Epoch 122 | Train Loss: 1.1242 | Val Loss: 1.5233 | Val Acc: 0.4286
2025-06-20 16:42:03,985 [INFO] Epoch 123 | Train Loss: 1.0516 | Val Loss: 1.4477 | Val Acc: 0.3571
2025-06-20 16:42:04,003 [INFO] Epoch 124 | Train Loss: 1.0636 | Val Loss: 1.4457 | Val Acc: 0.3571
2025-06-20 16:42:04,020 [INFO] Epoch 125 | Train Loss: 1.0621 | Val Loss: 1.4971 | Val Acc: 0.3750
2025-06-20 16:42:04,037 [INFO] Epoch 126 | Train Loss: 1.0462 | Val Loss: 1.4321 | Val Acc: 0.3929
2025-06-20 16:42:04,056 [INFO] Epoch 127 | Train Loss: 1.0197 | Val Loss: 1.3299 | Val Acc: 0.3929
2025-06-20 16:42:04,076 [INFO] Epoch 128 | Train Loss: 1.0515 | Val Loss: 1.4349 | Val Acc: 0.3929
2025-06-20 16:42:04,094 [INFO] Epoch 129 | Train Loss: 1.0714 | Val Loss: 1.6230 | Val Acc: 0.3214
2025-06-20 16:42:04,114 [INFO] Epoch 130 | Train Loss: 1.0782 | Val Loss: 1.4761 | Val Acc: 0.3393
2025-06-20 16:42:04,235 [INFO] Epoch 131 | Train Loss: 1.0731 | Val Loss: 1.4571 | Val Acc: 0.3571
2025-06-20 16:42:04,254 [INFO] Epoch 132 | Train Loss: 1.0905 | Val Loss: 1.5201 | Val Acc: 0.3036
2025-06-20 16:42:04,271 [INFO] Epoch 133 | Train Loss: 1.0399 | Val Loss: 1.4184 | Val Acc: 0.3571
2025-06-20 16:42:04,290 [INFO] Epoch 134 | Train Loss: 1.0702 | Val Loss: 1.4086 | Val Acc: 0.3750
2025-06-20 16:42:04,309 [INFO] Epoch 135 | Train Loss: 1.0922 | Val Loss: 1.4136 | Val Acc: 0.3571
2025-06-20 16:42:04,327 [INFO] Epoch 136 | Train Loss: 1.0502 | Val Loss: 1.3463 | Val Acc: 0.4107
2025-06-20 16:42:04,346 [INFO] Epoch 137 | Train Loss: 1.0523 | Val Loss: 1.4877 | Val Acc: 0.3929
2025-06-20 16:42:04,365 [INFO] Epoch 138 | Train Loss: 1.0443 | Val Loss: 1.3637 | Val Acc: 0.3214
2025-06-20 16:42:04,383 [INFO] Epoch 139 | Train Loss: 1.0441 | Val Loss: 1.5345 | Val Acc: 0.3393
2025-06-20 16:42:04,402 [INFO] Epoch 140 | Train Loss: 1.0339 | Val Loss: 1.4907 | Val Acc: 0.3214
2025-06-20 16:42:04,526 [INFO] Epoch 141 | Train Loss: 1.0369 | Val Loss: 1.3766 | Val Acc: 0.4286
2025-06-20 16:42:04,544 [INFO] Epoch 142 | Train Loss: 1.0507 | Val Loss: 1.4717 | Val Acc: 0.3750
2025-06-20 16:42:04,562 [INFO] Epoch 143 | Train Loss: 1.1059 | Val Loss: 1.4086 | Val Acc: 0.4107
2025-06-20 16:42:04,581 [INFO] Epoch 144 | Train Loss: 1.0143 | Val Loss: 1.4614 | Val Acc: 0.3571
2025-06-20 16:42:04,599 [INFO] Epoch 145 | Train Loss: 1.0564 | Val Loss: 1.4617 | Val Acc: 0.3393
2025-06-20 16:42:04,618 [INFO] Epoch 146 | Train Loss: 1.0119 | Val Loss: 1.4773 | Val Acc: 0.3571
2025-06-20 16:42:04,637 [INFO] Epoch 147 | Train Loss: 1.0675 | Val Loss: 1.4024 | Val Acc: 0.4464
2025-06-20 16:42:04,656 [INFO] Epoch 148 | Train Loss: 1.0260 | Val Loss: 1.4503 | Val Acc: 0.4286
2025-06-20 16:42:04,674 [INFO] Epoch 149 | Train Loss: 1.0386 | Val Loss: 1.4274 | Val Acc: 0.3929
2025-06-20 16:42:04,694 [INFO] Epoch 150 | Train Loss: 1.0423 | Val Loss: 1.3603 | Val Acc: 0.4107
2025-06-20 16:42:04,823 [INFO] Epoch 151 | Train Loss: 1.0201 | Val Loss: 1.5506 | Val Acc: 0.3750
2025-06-20 16:42:04,847 [INFO] Epoch 152 | Train Loss: 1.0586 | Val Loss: 1.4062 | Val Acc: 0.3750
2025-06-20 16:42:04,865 [INFO] Epoch 153 | Train Loss: 1.0392 | Val Loss: 1.4373 | Val Acc: 0.3393
2025-06-20 16:42:04,883 [INFO] Epoch 154 | Train Loss: 1.0296 | Val Loss: 1.3815 | Val Acc: 0.4286
2025-06-20 16:42:04,900 [INFO] Epoch 155 | Train Loss: 1.0657 | Val Loss: 1.3841 | Val Acc: 0.4107
2025-06-20 16:42:04,919 [INFO] Epoch 156 | Train Loss: 1.0359 | Val Loss: 1.4039 | Val Acc: 0.4464
2025-06-20 16:42:04,937 [INFO] Epoch 157 | Train Loss: 1.0403 | Val Loss: 1.4695 | Val Acc: 0.3750
2025-06-20 16:42:04,955 [INFO] Epoch 158 | Train Loss: 1.0252 | Val Loss: 1.3937 | Val Acc: 0.3750
2025-06-20 16:42:04,973 [INFO] Epoch 159 | Train Loss: 1.0589 | Val Loss: 1.4412 | Val Acc: 0.3929
2025-06-20 16:42:04,992 [INFO] Epoch 160 | Train Loss: 1.0663 | Val Loss: 1.5858 | Val Acc: 0.3393
2025-06-20 16:42:05,130 [INFO] Epoch 161 | Train Loss: 1.0834 | Val Loss: 1.4686 | Val Acc: 0.4286
2025-06-20 16:42:05,148 [INFO] Epoch 162 | Train Loss: 1.0003 | Val Loss: 1.4419 | Val Acc: 0.3750
2025-06-20 16:42:05,169 [INFO] Epoch 163 | Train Loss: 1.0045 | Val Loss: 1.3861 | Val Acc: 0.3571
2025-06-20 16:42:05,187 [INFO] Epoch 164 | Train Loss: 1.0147 | Val Loss: 1.3964 | Val Acc: 0.4464
2025-06-20 16:42:05,205 [INFO] Epoch 165 | Train Loss: 1.0485 | Val Loss: 1.4164 | Val Acc: 0.4643
2025-06-20 16:42:05,222 [INFO] Epoch 166 | Train Loss: 1.0222 | Val Loss: 1.4687 | Val Acc: 0.3750
2025-06-20 16:42:05,239 [INFO] Epoch 167 | Train Loss: 1.0608 | Val Loss: 1.3848 | Val Acc: 0.4107
2025-06-20 16:42:05,256 [INFO] Epoch 168 | Train Loss: 1.0151 | Val Loss: 1.4456 | Val Acc: 0.4464
2025-06-20 16:42:05,275 [INFO] Epoch 169 | Train Loss: 1.0338 | Val Loss: 1.3553 | Val Acc: 0.3393
2025-06-20 16:42:05,298 [INFO] Epoch 170 | Train Loss: 1.0371 | Val Loss: 1.3624 | Val Acc: 0.3750
2025-06-20 16:42:05,422 [INFO] Epoch 171 | Train Loss: 1.0589 | Val Loss: 1.4792 | Val Acc: 0.4286
2025-06-20 16:42:05,440 [INFO] Epoch 172 | Train Loss: 1.1064 | Val Loss: 1.5064 | Val Acc: 0.3929
2025-06-20 16:42:05,458 [INFO] Epoch 173 | Train Loss: 1.0744 | Val Loss: 1.5297 | Val Acc: 0.4286
2025-06-20 16:42:05,476 [INFO] Epoch 174 | Train Loss: 1.0637 | Val Loss: 1.4121 | Val Acc: 0.3929
2025-06-20 16:42:05,478 [INFO] Early stopping at epoch 174 (no improvement in 150 epochs).
2025-06-20 16:42:05,480 [INFO] Best model saved to <built-in function time>/ENZYMES/best/best_source_gin.pth (Val Acc: 0.5000 at epoch 24)
2025-06-20 16:42:05,481 [INFO] Training/validation metrics saved to <built-in function time>/ENZYMES/GIN_0.0001/train_metrics.csv
2025-06-20 16:42:05,594 [INFO] Final training curves saved
2025-06-20 16:42:05,594 [INFO] Training completed!
2025-06-20 16:42:05,594 [INFO] Best validation accuracy: 0.5000
2025-06-20 16:42:05,594 [INFO] Best epoch: 24
2025-06-20 16:42:05,594 [INFO] Total epochs trained: 174
2025-06-20 16:42:05,595 [INFO] Starting training with parameters: (0.0001, 0.0, 256, 1, 300, 0.0001)
