2025-06-21 22:27:19,124 [INFO] Using device: cpu
2025-06-21 22:27:19,124 [INFO] 开始创建数据加载器...
2025-06-21 22:27:19,126 [INFO] Successfully loaded dataset ENZYMES from ./data, total graphs: 600
2025-06-21 22:27:19,126 [INFO] Class allocation analysis:
2025-06-21 22:27:19,126 [INFO]   Source classes: [0, 1, 2, 3]
2025-06-21 22:27:19,126 [INFO]   Target classes: [0, 1, 2, 3, 4, 5]
2025-06-21 22:27:19,126 [INFO]   Overlap classes (to be split): [0, 1, 2, 3]
2025-06-21 22:27:19,126 [INFO]   Target novel classes (unknown): [4, 5]
2025-06-21 22:27:19,139 [INFO]   Class 0: 100 total -> Source: 70, Target: 30
2025-06-21 22:27:19,139 [INFO]   Class 1: 100 total -> Source: 70, Target: 30
2025-06-21 22:27:19,139 [INFO]   Class 2: 100 total -> Source: 70, Target: 30
2025-06-21 22:27:19,139 [INFO]   Class 3: 100 total -> Source: 70, Target: 30
2025-06-21 22:27:19,139 [INFO]   Class 4 (novel/unknown): 100 samples -> Target
2025-06-21 22:27:19,139 [INFO]   Class 5 (novel/unknown): 100 samples -> Target
2025-06-21 22:27:19,140 [INFO] Final allocation:
2025-06-21 22:27:19,140 [INFO]   Source domain: 280 samples
2025-06-21 22:27:19,140 [INFO]   Target domain: 320 samples
2025-06-21 22:27:19,141 [INFO] Source domain setup:
2025-06-21 22:27:19,141 [INFO]   Original classes: [0, 1, 2, 3]
2025-06-21 22:27:19,141 [INFO]   Overlap classes used: [0, 1, 2, 3]
2025-06-21 22:27:19,141 [INFO]   Label mapping: {0: 0, 1: 1, 2: 2, 3: 3}
2025-06-21 22:27:19,141 [INFO]   Total data after allocation: 280
2025-06-21 22:27:19,141 [INFO]   Data split - Train: 224, Val: 56
2025-06-21 22:27:19,141 [INFO]   Train label distribution: {0: 56, 1: 56, 3: 56, 2: 56}
2025-06-21 22:27:19,141 [INFO]   Val label distribution: {1: 14, 2: 14, 0: 14, 3: 14}
2025-06-21 22:27:19,142 [INFO] Successfully loaded dataset ENZYMES from ./data, total graphs: 600
2025-06-21 22:27:19,142 [INFO] Class allocation analysis:
2025-06-21 22:27:19,142 [INFO]   Source classes: [0, 1, 2, 3]
2025-06-21 22:27:19,142 [INFO]   Target classes: [0, 1, 2, 3, 4, 5]
2025-06-21 22:27:19,142 [INFO]   Overlap classes (to be split): [0, 1, 2, 3]
2025-06-21 22:27:19,142 [INFO]   Target novel classes (unknown): [4, 5]
2025-06-21 22:27:19,155 [INFO]   Class 0: 100 total -> Source: 70, Target: 30
2025-06-21 22:27:19,155 [INFO]   Class 1: 100 total -> Source: 70, Target: 30
2025-06-21 22:27:19,155 [INFO]   Class 2: 100 total -> Source: 70, Target: 30
2025-06-21 22:27:19,156 [INFO]   Class 3: 100 total -> Source: 70, Target: 30
2025-06-21 22:27:19,156 [INFO]   Class 4 (novel/unknown): 100 samples -> Target
2025-06-21 22:27:19,156 [INFO]   Class 5 (novel/unknown): 100 samples -> Target
2025-06-21 22:27:19,156 [INFO] Final allocation:
2025-06-21 22:27:19,156 [INFO]   Source domain: 280 samples
2025-06-21 22:27:19,156 [INFO]   Target domain: 320 samples
2025-06-21 22:27:19,157 [INFO] Target domain setup:
2025-06-21 22:27:19,157 [INFO]   Original classes: [0, 1, 2, 3, 4, 5]
2025-06-21 22:27:19,157 [INFO]   Overlap classes: [0, 1, 2, 3]
2025-06-21 22:27:19,157 [INFO]   Novel classes: [4, 5] -> mapped to unknown label 4
2025-06-21 22:27:19,157 [INFO]   Label mapping: {0: 0, 1: 1, 2: 2, 3: 3, 4: 4, 5: 4}
2025-06-21 22:27:19,157 [INFO]   Total data after allocation: 320
2025-06-21 22:27:19,157 [INFO]   Data split - Train: 256, Val: 64
2025-06-21 22:27:19,157 [INFO]   Total count: 320 (known: 120, unknown: 200)
2025-06-21 22:27:19,157 [INFO]   Total label distribution: {4: 200, 3: 30, 0: 30, 1: 30, 2: 30}
2025-06-21 22:27:19,157 [INFO]   Train label distribution: {4: 160, 0: 24, 2: 24, 3: 24, 1: 24}
2025-06-21 22:27:19,157 [INFO]   Val label distribution: {1: 6, 4: 40, 3: 6, 0: 6, 2: 6}
2025-06-21 22:27:19,158 [INFO] 数据加载器创建完成!
2025-06-21 22:27:19,158 [INFO] 源域类别数: 4 (重叠类别)
2025-06-21 22:27:19,158 [INFO] 目标域类别数: 5 (4个重叠类别 + 1个未知类别)
2025-06-21 22:27:19,158 [INFO] 重叠类别: [0, 1, 2, 3]
2025-06-21 22:27:19,158 [INFO] 目标域新类别: [4, 5]
2025-06-21 22:27:19,158 [INFO] Data allocation verification:
2025-06-21 22:27:19,158 [INFO]   Source data samples: 280
2025-06-21 22:27:19,158 [INFO]   Target data samples: 320
2025-06-21 22:27:19,158 [INFO]   Overlapping samples: 0
2025-06-21 22:27:19,158 [INFO]   ✓ Data allocation is correct - no overlapping samples
2025-06-21 22:27:19,159 [INFO] Model initialized with 4932 parameters
2025-06-21 22:27:19,159 [INFO] Previous best validation accuracy read from record.txt: 0.6250
2025-06-21 22:27:19,159 [INFO] Starting training...
2025-06-21 22:27:19,169 [INFO] Epoch 001 | Train Loss: 4.3807 | Val Loss: 4.0987 | Val Acc: 0.3214
2025-06-21 22:27:19,470 [INFO] New best model at epoch 1 (Val Acc: 0.3214)
2025-06-21 22:27:19,482 [INFO] Epoch 002 | Train Loss: 2.3503 | Val Loss: 2.5474 | Val Acc: 0.3393
2025-06-21 22:27:19,483 [INFO] New best model at epoch 2 (Val Acc: 0.3393)
2025-06-21 22:27:19,493 [INFO] Epoch 003 | Train Loss: 1.8544 | Val Loss: 1.8569 | Val Acc: 0.3750
2025-06-21 22:27:19,494 [INFO] New best model at epoch 3 (Val Acc: 0.3750)
2025-06-21 22:27:19,504 [INFO] Epoch 004 | Train Loss: 1.8054 | Val Loss: 2.0756 | Val Acc: 0.3750
2025-06-21 22:27:19,515 [INFO] Epoch 005 | Train Loss: 1.6531 | Val Loss: 2.1076 | Val Acc: 0.3571
2025-06-21 22:27:19,527 [INFO] Epoch 006 | Train Loss: 1.6649 | Val Loss: 1.9776 | Val Acc: 0.3214
2025-06-21 22:27:19,537 [INFO] Epoch 007 | Train Loss: 1.4518 | Val Loss: 1.8304 | Val Acc: 0.2679
2025-06-21 22:27:19,546 [INFO] Epoch 008 | Train Loss: 1.3898 | Val Loss: 1.6455 | Val Acc: 0.3393
2025-06-21 22:27:19,555 [INFO] Epoch 009 | Train Loss: 1.3384 | Val Loss: 1.5951 | Val Acc: 0.3214
2025-06-21 22:27:19,563 [INFO] Epoch 010 | Train Loss: 1.2800 | Val Loss: 1.5143 | Val Acc: 0.4107
2025-06-21 22:27:19,888 [INFO] New best model at epoch 10 (Val Acc: 0.4107)
2025-06-21 22:27:19,897 [INFO] Epoch 011 | Train Loss: 1.2729 | Val Loss: 1.7385 | Val Acc: 0.3214
2025-06-21 22:27:19,907 [INFO] Epoch 012 | Train Loss: 1.2862 | Val Loss: 1.4199 | Val Acc: 0.4286
2025-06-21 22:27:19,908 [INFO] New best model at epoch 12 (Val Acc: 0.4286)
2025-06-21 22:27:19,916 [INFO] Epoch 013 | Train Loss: 1.3831 | Val Loss: 1.7251 | Val Acc: 0.3571
2025-06-21 22:27:19,925 [INFO] Epoch 014 | Train Loss: 1.3355 | Val Loss: 1.6184 | Val Acc: 0.3393
2025-06-21 22:27:19,934 [INFO] Epoch 015 | Train Loss: 1.3730 | Val Loss: 1.5670 | Val Acc: 0.3750
2025-06-21 22:27:19,945 [INFO] Epoch 016 | Train Loss: 1.2974 | Val Loss: 1.4541 | Val Acc: 0.4286
2025-06-21 22:27:19,954 [INFO] Epoch 017 | Train Loss: 1.2203 | Val Loss: 1.7103 | Val Acc: 0.2500
2025-06-21 22:27:19,963 [INFO] Epoch 018 | Train Loss: 1.3540 | Val Loss: 1.8990 | Val Acc: 0.3214
2025-06-21 22:27:19,973 [INFO] Epoch 019 | Train Loss: 1.2161 | Val Loss: 1.4604 | Val Acc: 0.4286
2025-06-21 22:27:19,985 [INFO] Epoch 020 | Train Loss: 1.1867 | Val Loss: 1.5560 | Val Acc: 0.4286
2025-06-21 22:27:20,360 [INFO] Epoch 021 | Train Loss: 1.2776 | Val Loss: 1.6377 | Val Acc: 0.3036
2025-06-21 22:27:20,370 [INFO] Epoch 022 | Train Loss: 1.1990 | Val Loss: 1.7228 | Val Acc: 0.3214
2025-06-21 22:27:20,381 [INFO] Epoch 023 | Train Loss: 1.1866 | Val Loss: 1.8722 | Val Acc: 0.2500
2025-06-21 22:27:20,393 [INFO] Epoch 024 | Train Loss: 1.2168 | Val Loss: 1.5746 | Val Acc: 0.3929
2025-06-21 22:27:20,403 [INFO] Epoch 025 | Train Loss: 1.1950 | Val Loss: 1.6229 | Val Acc: 0.3571
2025-06-21 22:27:20,413 [INFO] Epoch 026 | Train Loss: 1.2131 | Val Loss: 1.5680 | Val Acc: 0.3750
2025-06-21 22:27:20,423 [INFO] Epoch 027 | Train Loss: 1.1798 | Val Loss: 1.6489 | Val Acc: 0.3571
2025-06-21 22:27:20,436 [INFO] Epoch 028 | Train Loss: 1.2293 | Val Loss: 1.4850 | Val Acc: 0.4464
2025-06-21 22:27:20,437 [INFO] New best model at epoch 28 (Val Acc: 0.4464)
2025-06-21 22:27:20,447 [INFO] Epoch 029 | Train Loss: 1.1599 | Val Loss: 1.5742 | Val Acc: 0.2500
2025-06-21 22:27:20,457 [INFO] Epoch 030 | Train Loss: 1.1774 | Val Loss: 1.6452 | Val Acc: 0.3214
2025-06-21 22:27:20,773 [INFO] Epoch 031 | Train Loss: 1.1544 | Val Loss: 1.5214 | Val Acc: 0.3571
2025-06-21 22:27:20,783 [INFO] Epoch 032 | Train Loss: 1.1442 | Val Loss: 1.8091 | Val Acc: 0.3393
2025-06-21 22:27:20,793 [INFO] Epoch 033 | Train Loss: 1.2150 | Val Loss: 1.5841 | Val Acc: 0.3571
2025-06-21 22:27:20,803 [INFO] Epoch 034 | Train Loss: 1.2404 | Val Loss: 1.5018 | Val Acc: 0.3571
2025-06-21 22:27:20,812 [INFO] Epoch 035 | Train Loss: 1.1847 | Val Loss: 1.6290 | Val Acc: 0.2857
2025-06-21 22:27:20,821 [INFO] Epoch 036 | Train Loss: 1.2012 | Val Loss: 1.5083 | Val Acc: 0.3393
2025-06-21 22:27:20,831 [INFO] Epoch 037 | Train Loss: 1.2404 | Val Loss: 1.7847 | Val Acc: 0.2857
2025-06-21 22:27:20,840 [INFO] Epoch 038 | Train Loss: 1.2307 | Val Loss: 1.6486 | Val Acc: 0.2679
2025-06-21 22:27:20,852 [INFO] Epoch 039 | Train Loss: 1.2322 | Val Loss: 1.6791 | Val Acc: 0.3214
2025-06-21 22:27:20,862 [INFO] Epoch 040 | Train Loss: 1.1898 | Val Loss: 1.8625 | Val Acc: 0.2857
2025-06-21 22:27:21,390 [INFO] Epoch 041 | Train Loss: 1.1766 | Val Loss: 1.7107 | Val Acc: 0.3393
2025-06-21 22:27:21,399 [INFO] Epoch 042 | Train Loss: 1.1461 | Val Loss: 1.4774 | Val Acc: 0.3393
2025-06-21 22:27:21,409 [INFO] Epoch 043 | Train Loss: 1.1624 | Val Loss: 1.4454 | Val Acc: 0.3571
2025-06-21 22:27:21,418 [INFO] Epoch 044 | Train Loss: 1.1796 | Val Loss: 1.7845 | Val Acc: 0.2500
2025-06-21 22:27:21,427 [INFO] Epoch 045 | Train Loss: 1.1169 | Val Loss: 1.8044 | Val Acc: 0.3750
2025-06-21 22:27:21,437 [INFO] Epoch 046 | Train Loss: 1.1474 | Val Loss: 1.5873 | Val Acc: 0.3214
2025-06-21 22:27:21,447 [INFO] Epoch 047 | Train Loss: 1.1022 | Val Loss: 1.6000 | Val Acc: 0.3036
2025-06-21 22:27:21,456 [INFO] Epoch 048 | Train Loss: 1.0903 | Val Loss: 1.5289 | Val Acc: 0.3929
2025-06-21 22:27:21,466 [INFO] Epoch 049 | Train Loss: 1.0759 | Val Loss: 1.4712 | Val Acc: 0.3929
2025-06-21 22:27:21,475 [INFO] Epoch 050 | Train Loss: 1.1172 | Val Loss: 1.6147 | Val Acc: 0.2857
2025-06-21 22:27:21,871 [INFO] Epoch 051 | Train Loss: 1.1596 | Val Loss: 1.4281 | Val Acc: 0.4107
2025-06-21 22:27:21,881 [INFO] Epoch 052 | Train Loss: 1.1121 | Val Loss: 1.5733 | Val Acc: 0.3571
2025-06-21 22:27:21,891 [INFO] Epoch 053 | Train Loss: 1.1445 | Val Loss: 1.4160 | Val Acc: 0.3929
2025-06-21 22:27:21,900 [INFO] Epoch 054 | Train Loss: 1.1057 | Val Loss: 1.4779 | Val Acc: 0.3571
2025-06-21 22:27:21,909 [INFO] Epoch 055 | Train Loss: 1.1448 | Val Loss: 1.5954 | Val Acc: 0.4286
2025-06-21 22:27:21,918 [INFO] Epoch 056 | Train Loss: 1.1256 | Val Loss: 1.6054 | Val Acc: 0.3750
2025-06-21 22:27:21,928 [INFO] Epoch 057 | Train Loss: 1.1278 | Val Loss: 1.7671 | Val Acc: 0.3214
2025-06-21 22:27:21,937 [INFO] Epoch 058 | Train Loss: 1.1424 | Val Loss: 1.5085 | Val Acc: 0.4107
2025-06-21 22:27:21,946 [INFO] Epoch 059 | Train Loss: 1.1572 | Val Loss: 1.6185 | Val Acc: 0.3393
2025-06-21 22:27:21,956 [INFO] Epoch 060 | Train Loss: 1.1337 | Val Loss: 1.6310 | Val Acc: 0.3571
2025-06-21 22:27:22,298 [INFO] Epoch 061 | Train Loss: 1.1117 | Val Loss: 1.6107 | Val Acc: 0.3214
2025-06-21 22:27:22,367 [INFO] Epoch 062 | Train Loss: 1.1854 | Val Loss: 1.7324 | Val Acc: 0.3036
2025-06-21 22:27:22,377 [INFO] Epoch 063 | Train Loss: 1.1104 | Val Loss: 1.4877 | Val Acc: 0.3571
2025-06-21 22:27:22,387 [INFO] Epoch 064 | Train Loss: 1.0980 | Val Loss: 1.6309 | Val Acc: 0.3036
2025-06-21 22:27:22,396 [INFO] Epoch 065 | Train Loss: 1.1049 | Val Loss: 1.6291 | Val Acc: 0.3393
2025-06-21 22:27:22,406 [INFO] Epoch 066 | Train Loss: 1.0919 | Val Loss: 1.4967 | Val Acc: 0.4286
2025-06-21 22:27:22,415 [INFO] Epoch 067 | Train Loss: 1.0575 | Val Loss: 1.5358 | Val Acc: 0.3571
2025-06-21 22:27:22,425 [INFO] Epoch 068 | Train Loss: 1.0935 | Val Loss: 1.6278 | Val Acc: 0.2679
2025-06-21 22:27:22,434 [INFO] Epoch 069 | Train Loss: 1.1327 | Val Loss: 1.5557 | Val Acc: 0.3750
2025-06-21 22:27:22,443 [INFO] Epoch 070 | Train Loss: 1.1100 | Val Loss: 1.6730 | Val Acc: 0.3571
2025-06-21 22:27:22,780 [INFO] Epoch 071 | Train Loss: 1.1853 | Val Loss: 1.6165 | Val Acc: 0.3214
2025-06-21 22:27:22,790 [INFO] Epoch 072 | Train Loss: 1.1638 | Val Loss: 1.5303 | Val Acc: 0.3393
2025-06-21 22:27:22,799 [INFO] Epoch 073 | Train Loss: 1.1409 | Val Loss: 1.4738 | Val Acc: 0.3571
2025-06-21 22:27:22,810 [INFO] Epoch 074 | Train Loss: 1.0910 | Val Loss: 1.7768 | Val Acc: 0.3393
2025-06-21 22:27:22,819 [INFO] Epoch 075 | Train Loss: 1.1444 | Val Loss: 1.5583 | Val Acc: 0.3393
2025-06-21 22:27:22,828 [INFO] Epoch 076 | Train Loss: 1.1641 | Val Loss: 1.8039 | Val Acc: 0.3036
2025-06-21 22:27:22,838 [INFO] Epoch 077 | Train Loss: 1.1290 | Val Loss: 1.6765 | Val Acc: 0.2679
2025-06-21 22:27:22,849 [INFO] Epoch 078 | Train Loss: 1.1585 | Val Loss: 1.7235 | Val Acc: 0.3214
2025-06-21 22:27:22,860 [INFO] Epoch 079 | Train Loss: 1.0592 | Val Loss: 1.7728 | Val Acc: 0.2500
2025-06-21 22:27:22,870 [INFO] Epoch 080 | Train Loss: 1.1183 | Val Loss: 1.6226 | Val Acc: 0.3214
2025-06-21 22:27:23,227 [INFO] Epoch 081 | Train Loss: 1.0495 | Val Loss: 1.5763 | Val Acc: 0.4107
2025-06-21 22:27:23,238 [INFO] Epoch 082 | Train Loss: 1.1234 | Val Loss: 1.5001 | Val Acc: 0.4286
2025-06-21 22:27:23,250 [INFO] Epoch 083 | Train Loss: 1.0923 | Val Loss: 1.5527 | Val Acc: 0.4286
2025-06-21 22:27:23,261 [INFO] Epoch 084 | Train Loss: 1.0815 | Val Loss: 1.5691 | Val Acc: 0.2857
2025-06-21 22:27:23,272 [INFO] Epoch 085 | Train Loss: 1.0765 | Val Loss: 1.5095 | Val Acc: 0.3750
2025-06-21 22:27:23,282 [INFO] Epoch 086 | Train Loss: 1.1332 | Val Loss: 1.5182 | Val Acc: 0.3571
2025-06-21 22:27:23,293 [INFO] Epoch 087 | Train Loss: 1.0948 | Val Loss: 1.5908 | Val Acc: 0.2857
2025-06-21 22:27:23,303 [INFO] Epoch 088 | Train Loss: 1.1029 | Val Loss: 1.5400 | Val Acc: 0.3750
2025-06-21 22:27:23,313 [INFO] Epoch 089 | Train Loss: 1.0589 | Val Loss: 1.5690 | Val Acc: 0.3036
2025-06-21 22:27:23,324 [INFO] Epoch 090 | Train Loss: 1.1035 | Val Loss: 1.4983 | Val Acc: 0.3750
2025-06-21 22:27:23,691 [INFO] Epoch 091 | Train Loss: 1.0745 | Val Loss: 1.5148 | Val Acc: 0.3571
2025-06-21 22:27:23,701 [INFO] Epoch 092 | Train Loss: 1.0603 | Val Loss: 1.5205 | Val Acc: 0.3929
2025-06-21 22:27:23,711 [INFO] Epoch 093 | Train Loss: 1.0299 | Val Loss: 1.5214 | Val Acc: 0.2857
2025-06-21 22:27:23,721 [INFO] Epoch 094 | Train Loss: 1.0796 | Val Loss: 1.4654 | Val Acc: 0.3750
2025-06-21 22:27:23,731 [INFO] Epoch 095 | Train Loss: 1.0417 | Val Loss: 1.5196 | Val Acc: 0.3929
2025-06-21 22:27:23,742 [INFO] Epoch 096 | Train Loss: 1.0770 | Val Loss: 1.5988 | Val Acc: 0.2679
2025-06-21 22:27:23,751 [INFO] Epoch 097 | Train Loss: 1.0867 | Val Loss: 1.6149 | Val Acc: 0.3036
2025-06-21 22:27:23,760 [INFO] Epoch 098 | Train Loss: 1.0842 | Val Loss: 1.6446 | Val Acc: 0.3214
2025-06-21 22:27:23,770 [INFO] Epoch 099 | Train Loss: 1.1091 | Val Loss: 1.5386 | Val Acc: 0.3393
2025-06-21 22:27:23,779 [INFO] Epoch 100 | Train Loss: 1.1323 | Val Loss: 1.4561 | Val Acc: 0.4107
2025-06-21 22:27:24,125 [INFO] Epoch 101 | Train Loss: 1.0528 | Val Loss: 1.5647 | Val Acc: 0.3571
2025-06-21 22:27:24,134 [INFO] Epoch 102 | Train Loss: 1.1206 | Val Loss: 1.5634 | Val Acc: 0.2500
2025-06-21 22:27:24,145 [INFO] Epoch 103 | Train Loss: 1.0453 | Val Loss: 1.4933 | Val Acc: 0.3571
2025-06-21 22:27:24,154 [INFO] Epoch 104 | Train Loss: 1.0985 | Val Loss: 1.6962 | Val Acc: 0.3036
2025-06-21 22:27:24,164 [INFO] Epoch 105 | Train Loss: 1.1293 | Val Loss: 1.6957 | Val Acc: 0.3036
2025-06-21 22:27:24,173 [INFO] Epoch 106 | Train Loss: 1.1107 | Val Loss: 1.5705 | Val Acc: 0.2857
2025-06-21 22:27:24,183 [INFO] Epoch 107 | Train Loss: 1.0663 | Val Loss: 1.5016 | Val Acc: 0.3393
2025-06-21 22:27:24,193 [INFO] Epoch 108 | Train Loss: 1.0889 | Val Loss: 1.4933 | Val Acc: 0.3750
2025-06-21 22:27:24,202 [INFO] Epoch 109 | Train Loss: 1.0421 | Val Loss: 1.5528 | Val Acc: 0.3393
2025-06-21 22:27:24,211 [INFO] Epoch 110 | Train Loss: 1.0564 | Val Loss: 1.4967 | Val Acc: 0.3929
2025-06-21 22:27:24,544 [INFO] Epoch 111 | Train Loss: 1.0548 | Val Loss: 1.5801 | Val Acc: 0.3571
2025-06-21 22:27:24,558 [INFO] Epoch 112 | Train Loss: 1.0840 | Val Loss: 1.5469 | Val Acc: 0.3929
2025-06-21 22:27:24,568 [INFO] Epoch 113 | Train Loss: 1.0288 | Val Loss: 1.5027 | Val Acc: 0.3571
2025-06-21 22:27:24,577 [INFO] Epoch 114 | Train Loss: 1.0562 | Val Loss: 1.5418 | Val Acc: 0.4821
2025-06-21 22:27:24,578 [INFO] New best model at epoch 114 (Val Acc: 0.4821)
2025-06-21 22:27:24,588 [INFO] Epoch 115 | Train Loss: 1.0436 | Val Loss: 1.5207 | Val Acc: 0.3929
2025-06-21 22:27:24,597 [INFO] Epoch 116 | Train Loss: 1.0460 | Val Loss: 1.5088 | Val Acc: 0.3571
2025-06-21 22:27:24,607 [INFO] Epoch 117 | Train Loss: 1.0300 | Val Loss: 1.4719 | Val Acc: 0.3929
2025-06-21 22:27:24,618 [INFO] Epoch 118 | Train Loss: 1.0273 | Val Loss: 1.5208 | Val Acc: 0.3750
2025-06-21 22:27:24,628 [INFO] Epoch 119 | Train Loss: 1.0271 | Val Loss: 1.5386 | Val Acc: 0.3571
2025-06-21 22:27:24,637 [INFO] Epoch 120 | Train Loss: 1.0239 | Val Loss: 1.4938 | Val Acc: 0.3750
2025-06-21 22:27:24,974 [INFO] Epoch 121 | Train Loss: 1.0889 | Val Loss: 1.6727 | Val Acc: 0.3750
2025-06-21 22:27:24,983 [INFO] Epoch 122 | Train Loss: 1.0540 | Val Loss: 1.5887 | Val Acc: 0.3036
2025-06-21 22:27:24,996 [INFO] Epoch 123 | Train Loss: 1.0457 | Val Loss: 1.4836 | Val Acc: 0.3929
2025-06-21 22:27:25,007 [INFO] Epoch 124 | Train Loss: 1.0559 | Val Loss: 1.5225 | Val Acc: 0.3929
2025-06-21 22:27:25,017 [INFO] Epoch 125 | Train Loss: 1.0513 | Val Loss: 1.5795 | Val Acc: 0.3036
2025-06-21 22:27:25,027 [INFO] Epoch 126 | Train Loss: 1.0691 | Val Loss: 1.5593 | Val Acc: 0.3393
2025-06-21 22:27:25,039 [INFO] Epoch 127 | Train Loss: 1.0418 | Val Loss: 1.4782 | Val Acc: 0.4286
2025-06-21 22:27:25,048 [INFO] Epoch 128 | Train Loss: 1.0591 | Val Loss: 1.4750 | Val Acc: 0.4107
2025-06-21 22:27:25,058 [INFO] Epoch 129 | Train Loss: 1.0687 | Val Loss: 1.6377 | Val Acc: 0.2679
2025-06-21 22:27:25,068 [INFO] Epoch 130 | Train Loss: 1.1018 | Val Loss: 1.5330 | Val Acc: 0.3571
2025-06-21 22:27:25,445 [INFO] Epoch 131 | Train Loss: 1.1208 | Val Loss: 1.6692 | Val Acc: 0.3214
2025-06-21 22:27:25,457 [INFO] Epoch 132 | Train Loss: 1.1131 | Val Loss: 1.7116 | Val Acc: 0.2679
2025-06-21 22:27:25,470 [INFO] Epoch 133 | Train Loss: 1.0608 | Val Loss: 1.5598 | Val Acc: 0.3750
2025-06-21 22:27:25,481 [INFO] Epoch 134 | Train Loss: 1.0552 | Val Loss: 1.5470 | Val Acc: 0.3571
2025-06-21 22:27:25,493 [INFO] Epoch 135 | Train Loss: 1.0435 | Val Loss: 1.5680 | Val Acc: 0.3214
2025-06-21 22:27:25,504 [INFO] Epoch 136 | Train Loss: 1.0236 | Val Loss: 1.4458 | Val Acc: 0.3571
2025-06-21 22:27:25,515 [INFO] Epoch 137 | Train Loss: 1.0130 | Val Loss: 1.5519 | Val Acc: 0.4107
2025-06-21 22:27:25,526 [INFO] Epoch 138 | Train Loss: 1.1160 | Val Loss: 1.5270 | Val Acc: 0.3929
2025-06-21 22:27:25,535 [INFO] Epoch 139 | Train Loss: 1.0456 | Val Loss: 1.4813 | Val Acc: 0.3929
2025-06-21 22:27:25,546 [INFO] Epoch 140 | Train Loss: 1.0762 | Val Loss: 1.5228 | Val Acc: 0.3571
2025-06-21 22:27:25,869 [INFO] Epoch 141 | Train Loss: 1.0901 | Val Loss: 1.4991 | Val Acc: 0.4107
2025-06-21 22:27:25,880 [INFO] Epoch 142 | Train Loss: 1.1264 | Val Loss: 1.5591 | Val Acc: 0.3571
2025-06-21 22:27:25,890 [INFO] Epoch 143 | Train Loss: 1.1189 | Val Loss: 1.8165 | Val Acc: 0.3036
2025-06-21 22:27:25,900 [INFO] Epoch 144 | Train Loss: 1.1127 | Val Loss: 1.5770 | Val Acc: 0.3214
2025-06-21 22:27:25,909 [INFO] Epoch 145 | Train Loss: 1.0705 | Val Loss: 1.5512 | Val Acc: 0.3214
2025-06-21 22:27:25,920 [INFO] Epoch 146 | Train Loss: 1.0307 | Val Loss: 1.4976 | Val Acc: 0.3393
2025-06-21 22:27:25,930 [INFO] Epoch 147 | Train Loss: 1.0558 | Val Loss: 1.4949 | Val Acc: 0.3750
2025-06-21 22:27:25,939 [INFO] Epoch 148 | Train Loss: 1.0546 | Val Loss: 1.5206 | Val Acc: 0.4286
2025-06-21 22:27:25,949 [INFO] Epoch 149 | Train Loss: 1.0654 | Val Loss: 1.4811 | Val Acc: 0.3571
2025-06-21 22:27:25,958 [INFO] Epoch 150 | Train Loss: 1.0964 | Val Loss: 1.5659 | Val Acc: 0.3750
2025-06-21 22:27:26,484 [INFO] Best model saved to <built-in function time>/ENZYMES/best/best_source_gin.pth (Val Acc: 0.4821 at epoch 114)
2025-06-21 22:27:26,484 [INFO] Training/validation metrics saved to <built-in function time>/ENZYMES/GIN_0.001/train_metrics.csv
2025-06-21 22:27:26,775 [INFO] Final training curves saved
2025-06-21 22:27:26,775 [INFO] Training completed!
2025-06-21 22:27:26,775 [INFO] Best validation accuracy: 0.4821
2025-06-21 22:27:26,775 [INFO] Best epoch: 114
2025-06-21 22:27:26,775 [INFO] Total epochs trained: 150
2025-06-21 22:27:26,776 [INFO] Starting training with parameters: (0.001, 0.0, 64, 1, 150, 0.001)
