2025-06-21 21:14:36,422 [INFO] Using device: cpu
2025-06-21 21:14:36,422 [INFO] 开始创建数据加载器...
2025-06-21 21:14:36,423 [INFO] Successfully loaded dataset ENZYMES from ./data, total graphs: 600
2025-06-21 21:14:36,424 [INFO] Class allocation analysis:
2025-06-21 21:14:36,424 [INFO]   Source classes: [0, 1, 2, 3]
2025-06-21 21:14:36,424 [INFO]   Target classes: [0, 1, 2, 3, 4, 5]
2025-06-21 21:14:36,424 [INFO]   Overlap classes (to be split): [0, 1, 2, 3]
2025-06-21 21:14:36,424 [INFO]   Target novel classes (unknown): [4, 5]
2025-06-21 21:14:36,437 [INFO]   Class 0: 100 total -> Source: 70, Target: 30
2025-06-21 21:14:36,437 [INFO]   Class 1: 100 total -> Source: 70, Target: 30
2025-06-21 21:14:36,437 [INFO]   Class 2: 100 total -> Source: 70, Target: 30
2025-06-21 21:14:36,438 [INFO]   Class 3: 100 total -> Source: 70, Target: 30
2025-06-21 21:14:36,438 [INFO]   Class 4 (novel/unknown): 100 samples -> Target
2025-06-21 21:14:36,438 [INFO]   Class 5 (novel/unknown): 100 samples -> Target
2025-06-21 21:14:36,438 [INFO] Final allocation:
2025-06-21 21:14:36,438 [INFO]   Source domain: 280 samples
2025-06-21 21:14:36,438 [INFO]   Target domain: 320 samples
2025-06-21 21:14:36,439 [INFO] Source domain setup:
2025-06-21 21:14:36,439 [INFO]   Original classes: [0, 1, 2, 3]
2025-06-21 21:14:36,439 [INFO]   Overlap classes used: [0, 1, 2, 3]
2025-06-21 21:14:36,439 [INFO]   Label mapping: {0: 0, 1: 1, 2: 2, 3: 3}
2025-06-21 21:14:36,439 [INFO]   Total data after allocation: 280
2025-06-21 21:14:36,439 [INFO]   Data split - Train: 224, Val: 56
2025-06-21 21:14:36,439 [INFO]   Train label distribution: {0: 56, 1: 56, 3: 56, 2: 56}
2025-06-21 21:14:36,439 [INFO]   Val label distribution: {1: 14, 2: 14, 0: 14, 3: 14}
2025-06-21 21:14:36,440 [INFO] Successfully loaded dataset ENZYMES from ./data, total graphs: 600
2025-06-21 21:14:36,441 [INFO] Class allocation analysis:
2025-06-21 21:14:36,441 [INFO]   Source classes: [0, 1, 2, 3]
2025-06-21 21:14:36,441 [INFO]   Target classes: [0, 1, 2, 3, 4, 5]
2025-06-21 21:14:36,441 [INFO]   Overlap classes (to be split): [0, 1, 2, 3]
2025-06-21 21:14:36,441 [INFO]   Target novel classes (unknown): [4, 5]
2025-06-21 21:14:36,454 [INFO]   Class 0: 100 total -> Source: 70, Target: 30
2025-06-21 21:14:36,454 [INFO]   Class 1: 100 total -> Source: 70, Target: 30
2025-06-21 21:14:36,454 [INFO]   Class 2: 100 total -> Source: 70, Target: 30
2025-06-21 21:14:36,454 [INFO]   Class 3: 100 total -> Source: 70, Target: 30
2025-06-21 21:14:36,454 [INFO]   Class 4 (novel/unknown): 100 samples -> Target
2025-06-21 21:14:36,454 [INFO]   Class 5 (novel/unknown): 100 samples -> Target
2025-06-21 21:14:36,455 [INFO] Final allocation:
2025-06-21 21:14:36,455 [INFO]   Source domain: 280 samples
2025-06-21 21:14:36,455 [INFO]   Target domain: 320 samples
2025-06-21 21:14:36,456 [INFO] Target domain setup:
2025-06-21 21:14:36,456 [INFO]   Original classes: [0, 1, 2, 3, 4, 5]
2025-06-21 21:14:36,456 [INFO]   Overlap classes: [0, 1, 2, 3]
2025-06-21 21:14:36,456 [INFO]   Novel classes: [4, 5] -> mapped to unknown label 4
2025-06-21 21:14:36,456 [INFO]   Label mapping: {0: 0, 1: 1, 2: 2, 3: 3, 4: 4, 5: 4}
2025-06-21 21:14:36,456 [INFO]   Total data after allocation: 320
2025-06-21 21:14:36,456 [INFO]   Data split - Train: 256, Val: 64
2025-06-21 21:14:36,456 [INFO]   Total count: 320 (known: 120, unknown: 200)
2025-06-21 21:14:36,456 [INFO]   Total label distribution: {4: 200, 3: 30, 0: 30, 1: 30, 2: 30}
2025-06-21 21:14:36,456 [INFO]   Train label distribution: {4: 160, 0: 24, 2: 24, 3: 24, 1: 24}
2025-06-21 21:14:36,456 [INFO]   Val label distribution: {1: 6, 4: 40, 3: 6, 0: 6, 2: 6}
2025-06-21 21:14:36,457 [INFO] 数据加载器创建完成!
2025-06-21 21:14:36,457 [INFO] 源域类别数: 4 (重叠类别)
2025-06-21 21:14:36,457 [INFO] 目标域类别数: 5 (4个重叠类别 + 1个未知类别)
2025-06-21 21:14:36,457 [INFO] 重叠类别: [0, 1, 2, 3]
2025-06-21 21:14:36,457 [INFO] 目标域新类别: [4, 5]
2025-06-21 21:14:36,457 [INFO] Data allocation verification:
2025-06-21 21:14:36,457 [INFO]   Source data samples: 280
2025-06-21 21:14:36,457 [INFO]   Target data samples: 320
2025-06-21 21:14:36,457 [INFO]   Overlapping samples: 0
2025-06-21 21:14:36,457 [INFO]   ✓ Data allocation is correct - no overlapping samples
2025-06-21 21:14:36,459 [INFO] Model initialized with 118660 parameters
2025-06-21 21:14:36,459 [INFO] Previous best validation accuracy read from record.txt: 0.6250
2025-06-21 21:14:36,459 [INFO] Starting training...
2025-06-21 21:14:36,515 [INFO] Epoch 001 | Train Loss: 15.1854 | Val Loss: 1.6808 | Val Acc: 0.2500
2025-06-21 21:14:36,846 [INFO] New best model at epoch 1 (Val Acc: 0.2500)
2025-06-21 21:14:36,898 [INFO] Epoch 002 | Train Loss: 13.0736 | Val Loss: 1.5958 | Val Acc: 0.2500
2025-06-21 21:14:36,943 [INFO] Epoch 003 | Train Loss: 8.3517 | Val Loss: 1.6162 | Val Acc: 0.2321
2025-06-21 21:14:36,980 [INFO] Epoch 004 | Train Loss: 8.9094 | Val Loss: 1.9333 | Val Acc: 0.2857
2025-06-21 21:14:36,986 [INFO] New best model at epoch 4 (Val Acc: 0.2857)
2025-06-21 21:14:37,024 [INFO] Epoch 005 | Train Loss: 9.8677 | Val Loss: 2.5077 | Val Acc: 0.3393
2025-06-21 21:14:37,030 [INFO] New best model at epoch 5 (Val Acc: 0.3393)
2025-06-21 21:14:37,065 [INFO] Epoch 006 | Train Loss: 8.9765 | Val Loss: 2.6653 | Val Acc: 0.3214
2025-06-21 21:14:37,112 [INFO] Epoch 007 | Train Loss: 6.8809 | Val Loss: 2.5525 | Val Acc: 0.2857
2025-06-21 21:14:37,150 [INFO] Epoch 008 | Train Loss: 6.9014 | Val Loss: 2.6503 | Val Acc: 0.3214
2025-06-21 21:14:37,187 [INFO] Epoch 009 | Train Loss: 8.4533 | Val Loss: 2.5348 | Val Acc: 0.3036
2025-06-21 21:14:37,226 [INFO] Epoch 010 | Train Loss: 7.5318 | Val Loss: 2.9101 | Val Acc: 0.3750
2025-06-21 21:14:37,542 [INFO] New best model at epoch 10 (Val Acc: 0.3750)
2025-06-21 21:14:37,578 [INFO] Epoch 011 | Train Loss: 7.4775 | Val Loss: 3.1415 | Val Acc: 0.3750
2025-06-21 21:14:37,617 [INFO] Epoch 012 | Train Loss: 6.5186 | Val Loss: 2.8563 | Val Acc: 0.3929
2025-06-21 21:14:37,622 [INFO] New best model at epoch 12 (Val Acc: 0.3929)
2025-06-21 21:14:37,658 [INFO] Epoch 013 | Train Loss: 5.8469 | Val Loss: 2.9953 | Val Acc: 0.4464
2025-06-21 21:14:37,664 [INFO] New best model at epoch 13 (Val Acc: 0.4464)
2025-06-21 21:14:37,698 [INFO] Epoch 014 | Train Loss: 5.7499 | Val Loss: 3.1614 | Val Acc: 0.4107
2025-06-21 21:14:37,737 [INFO] Epoch 015 | Train Loss: 6.5923 | Val Loss: 2.9904 | Val Acc: 0.4464
2025-06-21 21:14:37,776 [INFO] Epoch 016 | Train Loss: 5.3187 | Val Loss: 3.1985 | Val Acc: 0.3929
2025-06-21 21:14:37,816 [INFO] Epoch 017 | Train Loss: 4.4187 | Val Loss: 3.5786 | Val Acc: 0.3393
2025-06-21 21:14:37,855 [INFO] Epoch 018 | Train Loss: 5.4299 | Val Loss: 3.4914 | Val Acc: 0.3036
2025-06-21 21:14:37,905 [INFO] Epoch 019 | Train Loss: 5.1529 | Val Loss: 3.7756 | Val Acc: 0.2857
2025-06-21 21:14:37,943 [INFO] Epoch 020 | Train Loss: 6.3191 | Val Loss: 3.9339 | Val Acc: 0.3393
2025-06-21 21:14:38,294 [INFO] Epoch 021 | Train Loss: 5.7234 | Val Loss: 3.3962 | Val Acc: 0.3393
2025-06-21 21:14:38,331 [INFO] Epoch 022 | Train Loss: 5.6504 | Val Loss: 3.1354 | Val Acc: 0.3929
2025-06-21 21:14:38,370 [INFO] Epoch 023 | Train Loss: 3.7002 | Val Loss: 3.2437 | Val Acc: 0.3750
2025-06-21 21:14:38,408 [INFO] Epoch 024 | Train Loss: 5.2593 | Val Loss: 3.0400 | Val Acc: 0.3929
2025-06-21 21:14:38,446 [INFO] Epoch 025 | Train Loss: 4.7428 | Val Loss: 2.7646 | Val Acc: 0.4286
2025-06-21 21:14:38,483 [INFO] Epoch 026 | Train Loss: 4.3437 | Val Loss: 2.4558 | Val Acc: 0.4107
2025-06-21 21:14:38,520 [INFO] Epoch 027 | Train Loss: 3.8614 | Val Loss: 2.4931 | Val Acc: 0.3929
2025-06-21 21:14:38,560 [INFO] Epoch 028 | Train Loss: 3.7044 | Val Loss: 2.8524 | Val Acc: 0.4107
2025-06-21 21:14:38,599 [INFO] Epoch 029 | Train Loss: 5.3293 | Val Loss: 3.0514 | Val Acc: 0.4464
2025-06-21 21:14:38,638 [INFO] Epoch 030 | Train Loss: 4.0746 | Val Loss: 3.2034 | Val Acc: 0.4286
2025-06-21 21:14:38,943 [INFO] Epoch 031 | Train Loss: 4.1517 | Val Loss: 3.0720 | Val Acc: 0.4286
2025-06-21 21:14:39,088 [INFO] Epoch 032 | Train Loss: 4.1553 | Val Loss: 2.9591 | Val Acc: 0.3750
2025-06-21 21:14:39,153 [INFO] Epoch 033 | Train Loss: 4.6685 | Val Loss: 2.9561 | Val Acc: 0.3929
2025-06-21 21:14:39,216 [INFO] Epoch 034 | Train Loss: 4.4784 | Val Loss: 2.9347 | Val Acc: 0.4286
2025-06-21 21:14:39,279 [INFO] Epoch 035 | Train Loss: 3.8723 | Val Loss: 2.9808 | Val Acc: 0.4107
2025-06-21 21:14:39,345 [INFO] Epoch 036 | Train Loss: 3.6318 | Val Loss: 2.8259 | Val Acc: 0.3393
2025-06-21 21:14:39,405 [INFO] Epoch 037 | Train Loss: 4.2669 | Val Loss: 3.2736 | Val Acc: 0.3929
2025-06-21 21:14:39,462 [INFO] Epoch 038 | Train Loss: 4.1391 | Val Loss: 3.3612 | Val Acc: 0.4286
2025-06-21 21:14:39,520 [INFO] Epoch 039 | Train Loss: 3.7952 | Val Loss: 3.5838 | Val Acc: 0.3393
2025-06-21 21:14:39,588 [INFO] Epoch 040 | Train Loss: 4.1297 | Val Loss: 3.4680 | Val Acc: 0.3393
2025-06-21 21:14:39,956 [INFO] Epoch 041 | Train Loss: 3.8453 | Val Loss: 3.0318 | Val Acc: 0.3929
2025-06-21 21:14:40,017 [INFO] Epoch 042 | Train Loss: 3.6851 | Val Loss: 2.8696 | Val Acc: 0.3750
2025-06-21 21:14:40,074 [INFO] Epoch 043 | Train Loss: 3.4479 | Val Loss: 2.9135 | Val Acc: 0.3393
2025-06-21 21:14:40,130 [INFO] Epoch 044 | Train Loss: 3.7270 | Val Loss: 2.7941 | Val Acc: 0.3214
2025-06-21 21:14:40,190 [INFO] Epoch 045 | Train Loss: 4.6348 | Val Loss: 2.7825 | Val Acc: 0.4107
2025-06-21 21:14:40,250 [INFO] Epoch 046 | Train Loss: 4.4255 | Val Loss: 2.7521 | Val Acc: 0.4286
2025-06-21 21:14:40,308 [INFO] Epoch 047 | Train Loss: 3.7206 | Val Loss: 2.7767 | Val Acc: 0.3750
2025-06-21 21:14:40,364 [INFO] Epoch 048 | Train Loss: 3.9643 | Val Loss: 2.7777 | Val Acc: 0.3571
2025-06-21 21:14:40,431 [INFO] Epoch 049 | Train Loss: 3.7467 | Val Loss: 3.0083 | Val Acc: 0.3750
2025-06-21 21:14:40,480 [INFO] Epoch 050 | Train Loss: 2.9202 | Val Loss: 3.0442 | Val Acc: 0.3929
2025-06-21 21:14:41,015 [INFO] Epoch 051 | Train Loss: 2.8182 | Val Loss: 2.8162 | Val Acc: 0.4286
2025-06-21 21:14:41,068 [INFO] Epoch 052 | Train Loss: 3.9454 | Val Loss: 3.0370 | Val Acc: 0.3393
2025-06-21 21:14:41,106 [INFO] Epoch 053 | Train Loss: 3.6854 | Val Loss: 3.3707 | Val Acc: 0.3750
2025-06-21 21:14:41,146 [INFO] Epoch 054 | Train Loss: 3.1533 | Val Loss: 3.1169 | Val Acc: 0.3393
2025-06-21 21:14:41,186 [INFO] Epoch 055 | Train Loss: 3.5502 | Val Loss: 2.6462 | Val Acc: 0.3036
2025-06-21 21:14:41,224 [INFO] Epoch 056 | Train Loss: 2.6592 | Val Loss: 2.6871 | Val Acc: 0.3214
2025-06-21 21:14:41,262 [INFO] Epoch 057 | Train Loss: 3.1931 | Val Loss: 3.8094 | Val Acc: 0.2679
2025-06-21 21:14:41,302 [INFO] Epoch 058 | Train Loss: 2.5849 | Val Loss: 2.9841 | Val Acc: 0.3571
2025-06-21 21:14:41,341 [INFO] Epoch 059 | Train Loss: 2.9477 | Val Loss: 3.0698 | Val Acc: 0.3571
2025-06-21 21:14:41,380 [INFO] Epoch 060 | Train Loss: 3.2426 | Val Loss: 2.9577 | Val Acc: 0.3750
2025-06-21 21:14:41,770 [INFO] Epoch 061 | Train Loss: 2.7308 | Val Loss: 2.6433 | Val Acc: 0.3750
2025-06-21 21:14:41,829 [INFO] Epoch 062 | Train Loss: 3.1885 | Val Loss: 2.4352 | Val Acc: 0.4286
2025-06-21 21:14:41,885 [INFO] Epoch 063 | Train Loss: 3.6105 | Val Loss: 2.5367 | Val Acc: 0.3929
2025-06-21 21:14:41,929 [INFO] Epoch 064 | Train Loss: 2.7360 | Val Loss: 2.2450 | Val Acc: 0.4464
2025-06-21 21:14:41,968 [INFO] Epoch 065 | Train Loss: 3.2432 | Val Loss: 2.2212 | Val Acc: 0.4107
2025-06-21 21:14:42,008 [INFO] Epoch 066 | Train Loss: 3.3900 | Val Loss: 2.1658 | Val Acc: 0.4464
2025-06-21 21:14:42,047 [INFO] Epoch 067 | Train Loss: 2.8526 | Val Loss: 2.3440 | Val Acc: 0.4107
2025-06-21 21:14:42,090 [INFO] Epoch 068 | Train Loss: 3.8686 | Val Loss: 2.3433 | Val Acc: 0.3929
2025-06-21 21:14:42,129 [INFO] Epoch 069 | Train Loss: 3.0056 | Val Loss: 2.4252 | Val Acc: 0.4107
2025-06-21 21:14:42,169 [INFO] Epoch 070 | Train Loss: 2.9042 | Val Loss: 2.5194 | Val Acc: 0.4464
2025-06-21 21:14:42,599 [INFO] Epoch 071 | Train Loss: 2.9127 | Val Loss: 2.7645 | Val Acc: 0.3929
2025-06-21 21:14:42,638 [INFO] Epoch 072 | Train Loss: 3.6870 | Val Loss: 2.6874 | Val Acc: 0.3929
2025-06-21 21:14:42,685 [INFO] Epoch 073 | Train Loss: 3.9683 | Val Loss: 2.6631 | Val Acc: 0.3571
2025-06-21 21:14:42,741 [INFO] Epoch 074 | Train Loss: 2.2883 | Val Loss: 2.6323 | Val Acc: 0.4286
2025-06-21 21:14:42,779 [INFO] Epoch 075 | Train Loss: 2.5814 | Val Loss: 2.6801 | Val Acc: 0.3929
2025-06-21 21:14:42,820 [INFO] Epoch 076 | Train Loss: 2.3526 | Val Loss: 2.4045 | Val Acc: 0.4107
2025-06-21 21:14:42,859 [INFO] Epoch 077 | Train Loss: 3.1534 | Val Loss: 2.4174 | Val Acc: 0.4107
2025-06-21 21:14:42,897 [INFO] Epoch 078 | Train Loss: 1.7494 | Val Loss: 2.5707 | Val Acc: 0.3750
2025-06-21 21:14:42,939 [INFO] Epoch 079 | Train Loss: 2.7519 | Val Loss: 2.5577 | Val Acc: 0.3929
2025-06-21 21:14:42,980 [INFO] Epoch 080 | Train Loss: 2.5590 | Val Loss: 2.5125 | Val Acc: 0.4107
2025-06-21 21:14:43,316 [INFO] Epoch 081 | Train Loss: 1.8988 | Val Loss: 2.5139 | Val Acc: 0.4107
2025-06-21 21:14:43,352 [INFO] Epoch 082 | Train Loss: 2.8985 | Val Loss: 2.4437 | Val Acc: 0.4107
2025-06-21 21:14:43,392 [INFO] Epoch 083 | Train Loss: 2.6749 | Val Loss: 2.4586 | Val Acc: 0.4107
2025-06-21 21:14:43,433 [INFO] Epoch 084 | Train Loss: 3.2374 | Val Loss: 2.5357 | Val Acc: 0.4107
2025-06-21 21:14:43,469 [INFO] Epoch 085 | Train Loss: 1.8828 | Val Loss: 2.7473 | Val Acc: 0.3571
2025-06-21 21:14:43,514 [INFO] Epoch 086 | Train Loss: 2.2813 | Val Loss: 2.7483 | Val Acc: 0.4107
2025-06-21 21:14:43,558 [INFO] Epoch 087 | Train Loss: 1.7623 | Val Loss: 2.5525 | Val Acc: 0.3750
2025-06-21 21:14:43,613 [INFO] Epoch 088 | Train Loss: 1.7728 | Val Loss: 2.4373 | Val Acc: 0.4464
2025-06-21 21:14:43,651 [INFO] Epoch 089 | Train Loss: 2.1486 | Val Loss: 2.5643 | Val Acc: 0.4286
2025-06-21 21:14:43,692 [INFO] Epoch 090 | Train Loss: 2.1659 | Val Loss: 2.5648 | Val Acc: 0.4286
2025-06-21 21:14:43,989 [INFO] Epoch 091 | Train Loss: 1.8270 | Val Loss: 2.6579 | Val Acc: 0.4107
2025-06-21 21:14:44,039 [INFO] Epoch 092 | Train Loss: 2.5405 | Val Loss: 2.9763 | Val Acc: 0.3393
2025-06-21 21:14:44,092 [INFO] Epoch 093 | Train Loss: 2.9613 | Val Loss: 2.8829 | Val Acc: 0.3571
2025-06-21 21:14:44,134 [INFO] Epoch 094 | Train Loss: 1.9185 | Val Loss: 2.5755 | Val Acc: 0.3393
2025-06-21 21:14:44,175 [INFO] Epoch 095 | Train Loss: 2.2869 | Val Loss: 2.6347 | Val Acc: 0.3214
2025-06-21 21:14:44,231 [INFO] Epoch 096 | Train Loss: 3.2175 | Val Loss: 2.5609 | Val Acc: 0.3929
2025-06-21 21:14:44,270 [INFO] Epoch 097 | Train Loss: 1.8468 | Val Loss: 2.4324 | Val Acc: 0.3750
2025-06-21 21:14:44,308 [INFO] Epoch 098 | Train Loss: 2.0104 | Val Loss: 2.4955 | Val Acc: 0.3929
2025-06-21 21:14:44,349 [INFO] Epoch 099 | Train Loss: 1.6878 | Val Loss: 2.2695 | Val Acc: 0.4107
2025-06-21 21:14:44,391 [INFO] Epoch 100 | Train Loss: 2.7882 | Val Loss: 2.2897 | Val Acc: 0.4107
2025-06-21 21:14:44,694 [INFO] Best model saved to <built-in function time>/ENZYMES/best/best_source_gin.pth (Val Acc: 0.4464 at epoch 13)
2025-06-21 21:14:44,695 [INFO] Training/validation metrics saved to <built-in function time>/ENZYMES/GIN_0.0001/train_metrics.csv
2025-06-21 21:14:44,923 [INFO] Final training curves saved
2025-06-21 21:14:44,923 [INFO] Training completed!
2025-06-21 21:14:44,923 [INFO] Best validation accuracy: 0.4464
2025-06-21 21:14:44,923 [INFO] Best epoch: 13
2025-06-21 21:14:44,923 [INFO] Total epochs trained: 100
2025-06-21 21:14:44,924 [INFO] Starting training with parameters: (0.0001, 0.5, 128, 4, 100, 0.001)
