2025-06-21 22:15:11,934 [INFO] Using device: cpu
2025-06-21 22:15:11,934 [INFO] 开始创建数据加载器...
2025-06-21 22:15:11,935 [INFO] Successfully loaded dataset ENZYMES from ./data, total graphs: 600
2025-06-21 22:15:11,935 [INFO] Class allocation analysis:
2025-06-21 22:15:11,936 [INFO]   Source classes: [0, 1, 2, 3]
2025-06-21 22:15:11,936 [INFO]   Target classes: [0, 1, 2, 3, 4, 5]
2025-06-21 22:15:11,936 [INFO]   Overlap classes (to be split): [0, 1, 2, 3]
2025-06-21 22:15:11,936 [INFO]   Target novel classes (unknown): [4, 5]
2025-06-21 22:15:11,949 [INFO]   Class 0: 100 total -> Source: 70, Target: 30
2025-06-21 22:15:11,949 [INFO]   Class 1: 100 total -> Source: 70, Target: 30
2025-06-21 22:15:11,949 [INFO]   Class 2: 100 total -> Source: 70, Target: 30
2025-06-21 22:15:11,949 [INFO]   Class 3: 100 total -> Source: 70, Target: 30
2025-06-21 22:15:11,949 [INFO]   Class 4 (novel/unknown): 100 samples -> Target
2025-06-21 22:15:11,949 [INFO]   Class 5 (novel/unknown): 100 samples -> Target
2025-06-21 22:15:11,950 [INFO] Final allocation:
2025-06-21 22:15:11,950 [INFO]   Source domain: 280 samples
2025-06-21 22:15:11,950 [INFO]   Target domain: 320 samples
2025-06-21 22:15:11,951 [INFO] Source domain setup:
2025-06-21 22:15:11,951 [INFO]   Original classes: [0, 1, 2, 3]
2025-06-21 22:15:11,951 [INFO]   Overlap classes used: [0, 1, 2, 3]
2025-06-21 22:15:11,951 [INFO]   Label mapping: {0: 0, 1: 1, 2: 2, 3: 3}
2025-06-21 22:15:11,951 [INFO]   Total data after allocation: 280
2025-06-21 22:15:11,951 [INFO]   Data split - Train: 224, Val: 56
2025-06-21 22:15:11,951 [INFO]   Train label distribution: {0: 56, 1: 56, 3: 56, 2: 56}
2025-06-21 22:15:11,951 [INFO]   Val label distribution: {1: 14, 2: 14, 0: 14, 3: 14}
2025-06-21 22:15:11,952 [INFO] Successfully loaded dataset ENZYMES from ./data, total graphs: 600
2025-06-21 22:15:11,952 [INFO] Class allocation analysis:
2025-06-21 22:15:11,952 [INFO]   Source classes: [0, 1, 2, 3]
2025-06-21 22:15:11,952 [INFO]   Target classes: [0, 1, 2, 3, 4, 5]
2025-06-21 22:15:11,952 [INFO]   Overlap classes (to be split): [0, 1, 2, 3]
2025-06-21 22:15:11,952 [INFO]   Target novel classes (unknown): [4, 5]
2025-06-21 22:15:11,965 [INFO]   Class 0: 100 total -> Source: 70, Target: 30
2025-06-21 22:15:11,965 [INFO]   Class 1: 100 total -> Source: 70, Target: 30
2025-06-21 22:15:11,965 [INFO]   Class 2: 100 total -> Source: 70, Target: 30
2025-06-21 22:15:11,965 [INFO]   Class 3: 100 total -> Source: 70, Target: 30
2025-06-21 22:15:11,966 [INFO]   Class 4 (novel/unknown): 100 samples -> Target
2025-06-21 22:15:11,966 [INFO]   Class 5 (novel/unknown): 100 samples -> Target
2025-06-21 22:15:11,966 [INFO] Final allocation:
2025-06-21 22:15:11,966 [INFO]   Source domain: 280 samples
2025-06-21 22:15:11,966 [INFO]   Target domain: 320 samples
2025-06-21 22:15:11,967 [INFO] Target domain setup:
2025-06-21 22:15:11,967 [INFO]   Original classes: [0, 1, 2, 3, 4, 5]
2025-06-21 22:15:11,967 [INFO]   Overlap classes: [0, 1, 2, 3]
2025-06-21 22:15:11,967 [INFO]   Novel classes: [4, 5] -> mapped to unknown label 4
2025-06-21 22:15:11,967 [INFO]   Label mapping: {0: 0, 1: 1, 2: 2, 3: 3, 4: 4, 5: 4}
2025-06-21 22:15:11,967 [INFO]   Total data after allocation: 320
2025-06-21 22:15:11,967 [INFO]   Data split - Train: 256, Val: 64
2025-06-21 22:15:11,967 [INFO]   Total count: 320 (known: 120, unknown: 200)
2025-06-21 22:15:11,967 [INFO]   Total label distribution: {4: 200, 3: 30, 0: 30, 1: 30, 2: 30}
2025-06-21 22:15:11,967 [INFO]   Train label distribution: {4: 160, 0: 24, 2: 24, 3: 24, 1: 24}
2025-06-21 22:15:11,967 [INFO]   Val label distribution: {1: 6, 4: 40, 3: 6, 0: 6, 2: 6}
2025-06-21 22:15:11,968 [INFO] 数据加载器创建完成!
2025-06-21 22:15:11,968 [INFO] 源域类别数: 4 (重叠类别)
2025-06-21 22:15:11,968 [INFO] 目标域类别数: 5 (4个重叠类别 + 1个未知类别)
2025-06-21 22:15:11,968 [INFO] 重叠类别: [0, 1, 2, 3]
2025-06-21 22:15:11,968 [INFO] 目标域新类别: [4, 5]
2025-06-21 22:15:11,968 [INFO] Data allocation verification:
2025-06-21 22:15:11,968 [INFO]   Source data samples: 280
2025-06-21 22:15:11,968 [INFO]   Target data samples: 320
2025-06-21 22:15:11,968 [INFO]   Overlapping samples: 0
2025-06-21 22:15:11,968 [INFO]   ✓ Data allocation is correct - no overlapping samples
2025-06-21 22:15:11,969 [INFO] Model initialized with 3684 parameters
2025-06-21 22:15:11,969 [INFO] Previous best validation accuracy read from record.txt: 0.6250
2025-06-21 22:15:11,969 [INFO] Starting training...
2025-06-21 22:15:11,983 [INFO] Epoch 001 | Train Loss: 5.3217 | Val Loss: 1.9764 | Val Acc: 0.3571
2025-06-21 22:15:12,293 [INFO] New best model at epoch 1 (Val Acc: 0.3571)
2025-06-21 22:15:12,307 [INFO] Epoch 002 | Train Loss: 3.6977 | Val Loss: 1.6413 | Val Acc: 0.3750
2025-06-21 22:15:12,309 [INFO] New best model at epoch 2 (Val Acc: 0.3750)
2025-06-21 22:15:12,323 [INFO] Epoch 003 | Train Loss: 2.7409 | Val Loss: 1.5332 | Val Acc: 0.3750
2025-06-21 22:15:12,337 [INFO] Epoch 004 | Train Loss: 2.7251 | Val Loss: 1.4907 | Val Acc: 0.4286
2025-06-21 22:15:12,339 [INFO] New best model at epoch 4 (Val Acc: 0.4286)
2025-06-21 22:15:12,352 [INFO] Epoch 005 | Train Loss: 1.9645 | Val Loss: 1.4511 | Val Acc: 0.2679
2025-06-21 22:15:12,366 [INFO] Epoch 006 | Train Loss: 1.7984 | Val Loss: 1.5363 | Val Acc: 0.2321
2025-06-21 22:15:12,379 [INFO] Epoch 007 | Train Loss: 1.7516 | Val Loss: 1.6164 | Val Acc: 0.2857
2025-06-21 22:15:12,393 [INFO] Epoch 008 | Train Loss: 1.4918 | Val Loss: 1.7230 | Val Acc: 0.2500
2025-06-21 22:15:12,407 [INFO] Epoch 009 | Train Loss: 2.1798 | Val Loss: 1.7872 | Val Acc: 0.3750
2025-06-21 22:15:12,422 [INFO] Epoch 010 | Train Loss: 1.8115 | Val Loss: 1.6607 | Val Acc: 0.4643
2025-06-21 22:15:12,757 [INFO] New best model at epoch 10 (Val Acc: 0.4643)
2025-06-21 22:15:12,770 [INFO] Epoch 011 | Train Loss: 1.4875 | Val Loss: 1.7093 | Val Acc: 0.4107
2025-06-21 22:15:12,784 [INFO] Epoch 012 | Train Loss: 1.5598 | Val Loss: 1.7502 | Val Acc: 0.3393
2025-06-21 22:15:12,798 [INFO] Epoch 013 | Train Loss: 1.2994 | Val Loss: 1.6082 | Val Acc: 0.3393
2025-06-21 22:15:12,812 [INFO] Epoch 014 | Train Loss: 1.3303 | Val Loss: 1.6130 | Val Acc: 0.3750
2025-06-21 22:15:12,828 [INFO] Epoch 015 | Train Loss: 1.2635 | Val Loss: 1.5771 | Val Acc: 0.3393
2025-06-21 22:15:12,842 [INFO] Epoch 016 | Train Loss: 1.2582 | Val Loss: 1.5917 | Val Acc: 0.3750
2025-06-21 22:15:12,856 [INFO] Epoch 017 | Train Loss: 1.1631 | Val Loss: 1.6348 | Val Acc: 0.2857
2025-06-21 22:15:12,870 [INFO] Epoch 018 | Train Loss: 1.1846 | Val Loss: 1.6666 | Val Acc: 0.3571
2025-06-21 22:15:12,883 [INFO] Epoch 019 | Train Loss: 1.3321 | Val Loss: 1.5939 | Val Acc: 0.3929
2025-06-21 22:15:12,897 [INFO] Epoch 020 | Train Loss: 1.3505 | Val Loss: 1.6636 | Val Acc: 0.3571
2025-06-21 22:15:13,312 [INFO] Epoch 021 | Train Loss: 1.1833 | Val Loss: 1.5788 | Val Acc: 0.3214
2025-06-21 22:15:13,326 [INFO] Epoch 022 | Train Loss: 1.2349 | Val Loss: 1.4199 | Val Acc: 0.4286
2025-06-21 22:15:13,342 [INFO] Epoch 023 | Train Loss: 1.3617 | Val Loss: 1.4663 | Val Acc: 0.4107
2025-06-21 22:15:13,357 [INFO] Epoch 024 | Train Loss: 1.2136 | Val Loss: 1.5150 | Val Acc: 0.3571
2025-06-21 22:15:13,372 [INFO] Epoch 025 | Train Loss: 1.1390 | Val Loss: 1.5346 | Val Acc: 0.4286
2025-06-21 22:15:13,386 [INFO] Epoch 026 | Train Loss: 1.2037 | Val Loss: 1.5807 | Val Acc: 0.3929
2025-06-21 22:15:13,400 [INFO] Epoch 027 | Train Loss: 1.4018 | Val Loss: 1.5890 | Val Acc: 0.3750
2025-06-21 22:15:13,414 [INFO] Epoch 028 | Train Loss: 1.3671 | Val Loss: 1.8585 | Val Acc: 0.3036
2025-06-21 22:15:13,430 [INFO] Epoch 029 | Train Loss: 1.2186 | Val Loss: 1.6107 | Val Acc: 0.3750
2025-06-21 22:15:13,444 [INFO] Epoch 030 | Train Loss: 1.1524 | Val Loss: 1.4821 | Val Acc: 0.3929
2025-06-21 22:15:13,758 [INFO] Epoch 031 | Train Loss: 1.0794 | Val Loss: 1.5453 | Val Acc: 0.3750
2025-06-21 22:15:13,772 [INFO] Epoch 032 | Train Loss: 1.1436 | Val Loss: 1.4006 | Val Acc: 0.3750
2025-06-21 22:15:13,786 [INFO] Epoch 033 | Train Loss: 1.1994 | Val Loss: 1.5060 | Val Acc: 0.3393
2025-06-21 22:15:13,800 [INFO] Epoch 034 | Train Loss: 1.2307 | Val Loss: 1.5917 | Val Acc: 0.3571
2025-06-21 22:15:13,815 [INFO] Epoch 035 | Train Loss: 1.1198 | Val Loss: 1.5253 | Val Acc: 0.3571
2025-06-21 22:15:13,830 [INFO] Epoch 036 | Train Loss: 1.1285 | Val Loss: 1.4833 | Val Acc: 0.3571
2025-06-21 22:15:13,844 [INFO] Epoch 037 | Train Loss: 1.0809 | Val Loss: 1.4395 | Val Acc: 0.3571
2025-06-21 22:15:13,858 [INFO] Epoch 038 | Train Loss: 1.0364 | Val Loss: 1.4298 | Val Acc: 0.3571
2025-06-21 22:15:13,871 [INFO] Epoch 039 | Train Loss: 1.0824 | Val Loss: 1.5747 | Val Acc: 0.3750
2025-06-21 22:15:13,885 [INFO] Epoch 040 | Train Loss: 1.2211 | Val Loss: 1.5217 | Val Acc: 0.3750
2025-06-21 22:15:14,277 [INFO] Epoch 041 | Train Loss: 0.9880 | Val Loss: 1.4287 | Val Acc: 0.4643
2025-06-21 22:15:14,292 [INFO] Epoch 042 | Train Loss: 1.0615 | Val Loss: 1.5209 | Val Acc: 0.4107
2025-06-21 22:15:14,310 [INFO] Epoch 043 | Train Loss: 1.0673 | Val Loss: 1.4161 | Val Acc: 0.3214
2025-06-21 22:15:14,325 [INFO] Epoch 044 | Train Loss: 1.0196 | Val Loss: 1.3402 | Val Acc: 0.4643
2025-06-21 22:15:14,340 [INFO] Epoch 045 | Train Loss: 1.0599 | Val Loss: 1.4212 | Val Acc: 0.3571
2025-06-21 22:15:14,356 [INFO] Epoch 046 | Train Loss: 1.0408 | Val Loss: 1.4027 | Val Acc: 0.3929
2025-06-21 22:15:14,371 [INFO] Epoch 047 | Train Loss: 0.9717 | Val Loss: 1.3750 | Val Acc: 0.3750
2025-06-21 22:15:14,385 [INFO] Epoch 048 | Train Loss: 0.9729 | Val Loss: 1.3755 | Val Acc: 0.4107
2025-06-21 22:15:14,400 [INFO] Epoch 049 | Train Loss: 1.0245 | Val Loss: 1.4223 | Val Acc: 0.4107
2025-06-21 22:15:14,415 [INFO] Epoch 050 | Train Loss: 0.9871 | Val Loss: 1.4887 | Val Acc: 0.3750
2025-06-21 22:15:14,759 [INFO] Epoch 051 | Train Loss: 1.0151 | Val Loss: 1.4536 | Val Acc: 0.4464
2025-06-21 22:15:14,773 [INFO] Epoch 052 | Train Loss: 0.9833 | Val Loss: 1.4277 | Val Acc: 0.4107
2025-06-21 22:15:14,786 [INFO] Epoch 053 | Train Loss: 1.0095 | Val Loss: 1.4156 | Val Acc: 0.4286
2025-06-21 22:15:14,800 [INFO] Epoch 054 | Train Loss: 1.0925 | Val Loss: 1.4968 | Val Acc: 0.3393
2025-06-21 22:15:14,814 [INFO] Epoch 055 | Train Loss: 0.9864 | Val Loss: 1.4104 | Val Acc: 0.4464
2025-06-21 22:15:14,828 [INFO] Epoch 056 | Train Loss: 0.9407 | Val Loss: 1.3610 | Val Acc: 0.4643
2025-06-21 22:15:14,842 [INFO] Epoch 057 | Train Loss: 1.0578 | Val Loss: 1.4362 | Val Acc: 0.3929
2025-06-21 22:15:14,855 [INFO] Epoch 058 | Train Loss: 0.9788 | Val Loss: 1.5984 | Val Acc: 0.4107
2025-06-21 22:15:14,869 [INFO] Epoch 059 | Train Loss: 0.9621 | Val Loss: 1.5451 | Val Acc: 0.4286
2025-06-21 22:15:14,882 [INFO] Epoch 060 | Train Loss: 0.9336 | Val Loss: 1.6540 | Val Acc: 0.4286
2025-06-21 22:15:15,221 [INFO] Epoch 061 | Train Loss: 0.9432 | Val Loss: 1.5246 | Val Acc: 0.3393
2025-06-21 22:15:15,234 [INFO] Epoch 062 | Train Loss: 1.0371 | Val Loss: 1.4785 | Val Acc: 0.3571
2025-06-21 22:15:15,248 [INFO] Epoch 063 | Train Loss: 0.9317 | Val Loss: 1.4932 | Val Acc: 0.3571
2025-06-21 22:15:15,263 [INFO] Epoch 064 | Train Loss: 0.9604 | Val Loss: 1.4453 | Val Acc: 0.4464
2025-06-21 22:15:15,277 [INFO] Epoch 065 | Train Loss: 0.9433 | Val Loss: 1.4566 | Val Acc: 0.3393
2025-06-21 22:15:15,291 [INFO] Epoch 066 | Train Loss: 0.9169 | Val Loss: 1.5399 | Val Acc: 0.4286
2025-06-21 22:15:15,307 [INFO] Epoch 067 | Train Loss: 0.8842 | Val Loss: 1.6547 | Val Acc: 0.3929
2025-06-21 22:15:15,324 [INFO] Epoch 068 | Train Loss: 0.9204 | Val Loss: 1.5582 | Val Acc: 0.4107
2025-06-21 22:15:15,338 [INFO] Epoch 069 | Train Loss: 0.9397 | Val Loss: 1.4939 | Val Acc: 0.3750
2025-06-21 22:15:15,351 [INFO] Epoch 070 | Train Loss: 0.8433 | Val Loss: 1.6468 | Val Acc: 0.4286
2025-06-21 22:15:15,744 [INFO] Epoch 071 | Train Loss: 0.8515 | Val Loss: 1.6578 | Val Acc: 0.3750
2025-06-21 22:15:15,759 [INFO] Epoch 072 | Train Loss: 0.9507 | Val Loss: 1.6279 | Val Acc: 0.3750
2025-06-21 22:15:15,772 [INFO] Epoch 073 | Train Loss: 0.9463 | Val Loss: 1.6971 | Val Acc: 0.3571
2025-06-21 22:15:15,786 [INFO] Epoch 074 | Train Loss: 0.9112 | Val Loss: 1.5263 | Val Acc: 0.3929
2025-06-21 22:15:15,800 [INFO] Epoch 075 | Train Loss: 0.9101 | Val Loss: 1.5634 | Val Acc: 0.3750
2025-06-21 22:15:15,814 [INFO] Epoch 076 | Train Loss: 0.8860 | Val Loss: 1.5640 | Val Acc: 0.3929
2025-06-21 22:15:15,828 [INFO] Epoch 077 | Train Loss: 0.8438 | Val Loss: 1.4931 | Val Acc: 0.4464
2025-06-21 22:15:15,842 [INFO] Epoch 078 | Train Loss: 0.8898 | Val Loss: 1.4727 | Val Acc: 0.4821
2025-06-21 22:15:15,844 [INFO] New best model at epoch 78 (Val Acc: 0.4821)
2025-06-21 22:15:15,856 [INFO] Epoch 079 | Train Loss: 0.8459 | Val Loss: 1.4896 | Val Acc: 0.4286
2025-06-21 22:15:15,869 [INFO] Epoch 080 | Train Loss: 0.9072 | Val Loss: 1.5518 | Val Acc: 0.3750
2025-06-21 22:15:16,385 [INFO] Epoch 081 | Train Loss: 0.8572 | Val Loss: 1.5668 | Val Acc: 0.4286
2025-06-21 22:15:16,398 [INFO] Epoch 082 | Train Loss: 0.8294 | Val Loss: 1.7730 | Val Acc: 0.3214
2025-06-21 22:15:16,412 [INFO] Epoch 083 | Train Loss: 0.9989 | Val Loss: 1.5907 | Val Acc: 0.3929
2025-06-21 22:15:16,426 [INFO] Epoch 084 | Train Loss: 0.8701 | Val Loss: 1.7708 | Val Acc: 0.3036
2025-06-21 22:15:16,440 [INFO] Epoch 085 | Train Loss: 0.8426 | Val Loss: 1.6826 | Val Acc: 0.4107
2025-06-21 22:15:16,453 [INFO] Epoch 086 | Train Loss: 0.8780 | Val Loss: 1.6545 | Val Acc: 0.4107
2025-06-21 22:15:16,467 [INFO] Epoch 087 | Train Loss: 0.8760 | Val Loss: 1.5348 | Val Acc: 0.3571
2025-06-21 22:15:16,481 [INFO] Epoch 088 | Train Loss: 0.9238 | Val Loss: 1.6864 | Val Acc: 0.4107
2025-06-21 22:15:16,495 [INFO] Epoch 089 | Train Loss: 0.8796 | Val Loss: 1.7631 | Val Acc: 0.4643
2025-06-21 22:15:16,509 [INFO] Epoch 090 | Train Loss: 0.9088 | Val Loss: 1.7672 | Val Acc: 0.4464
2025-06-21 22:15:16,830 [INFO] Epoch 091 | Train Loss: 0.7968 | Val Loss: 1.6961 | Val Acc: 0.4464
2025-06-21 22:15:16,845 [INFO] Epoch 092 | Train Loss: 0.9298 | Val Loss: 1.7788 | Val Acc: 0.4464
2025-06-21 22:15:16,860 [INFO] Epoch 093 | Train Loss: 0.8703 | Val Loss: 1.6686 | Val Acc: 0.4821
2025-06-21 22:15:16,875 [INFO] Epoch 094 | Train Loss: 0.7706 | Val Loss: 1.6613 | Val Acc: 0.4286
2025-06-21 22:15:16,888 [INFO] Epoch 095 | Train Loss: 0.8185 | Val Loss: 1.7452 | Val Acc: 0.4286
2025-06-21 22:15:16,902 [INFO] Epoch 096 | Train Loss: 0.7921 | Val Loss: 1.5964 | Val Acc: 0.4286
2025-06-21 22:15:16,916 [INFO] Epoch 097 | Train Loss: 0.7575 | Val Loss: 1.6409 | Val Acc: 0.3929
2025-06-21 22:15:16,930 [INFO] Epoch 098 | Train Loss: 0.7751 | Val Loss: 1.5885 | Val Acc: 0.4107
2025-06-21 22:15:16,943 [INFO] Epoch 099 | Train Loss: 0.8578 | Val Loss: 1.6564 | Val Acc: 0.4286
2025-06-21 22:15:16,956 [INFO] Epoch 100 | Train Loss: 0.7769 | Val Loss: 1.6311 | Val Acc: 0.3571
2025-06-21 22:15:17,342 [INFO] Epoch 101 | Train Loss: 0.6868 | Val Loss: 1.7123 | Val Acc: 0.3571
2025-06-21 22:15:17,358 [INFO] Epoch 102 | Train Loss: 0.7841 | Val Loss: 1.6320 | Val Acc: 0.3929
2025-06-21 22:15:17,372 [INFO] Epoch 103 | Train Loss: 0.7811 | Val Loss: 1.6902 | Val Acc: 0.3929
2025-06-21 22:15:17,387 [INFO] Epoch 104 | Train Loss: 0.7861 | Val Loss: 1.7077 | Val Acc: 0.3571
2025-06-21 22:15:17,401 [INFO] Epoch 105 | Train Loss: 0.8927 | Val Loss: 1.7726 | Val Acc: 0.3750
2025-06-21 22:15:17,416 [INFO] Epoch 106 | Train Loss: 0.8291 | Val Loss: 1.7437 | Val Acc: 0.3929
2025-06-21 22:15:17,431 [INFO] Epoch 107 | Train Loss: 0.7300 | Val Loss: 1.9272 | Val Acc: 0.3571
2025-06-21 22:15:17,446 [INFO] Epoch 108 | Train Loss: 0.8309 | Val Loss: 1.7975 | Val Acc: 0.3571
2025-06-21 22:15:17,462 [INFO] Epoch 109 | Train Loss: 0.7885 | Val Loss: 1.9312 | Val Acc: 0.3571
2025-06-21 22:15:17,477 [INFO] Epoch 110 | Train Loss: 0.7543 | Val Loss: 1.7290 | Val Acc: 0.4286
2025-06-21 22:15:17,887 [INFO] Epoch 111 | Train Loss: 0.7559 | Val Loss: 1.9313 | Val Acc: 0.4107
2025-06-21 22:15:17,908 [INFO] Epoch 112 | Train Loss: 0.7741 | Val Loss: 1.9183 | Val Acc: 0.3750
2025-06-21 22:15:17,933 [INFO] Epoch 113 | Train Loss: 0.8040 | Val Loss: 1.8551 | Val Acc: 0.4107
2025-06-21 22:15:17,955 [INFO] Epoch 114 | Train Loss: 0.7525 | Val Loss: 1.7339 | Val Acc: 0.4286
2025-06-21 22:15:17,979 [INFO] Epoch 115 | Train Loss: 0.7908 | Val Loss: 1.7421 | Val Acc: 0.3929
2025-06-21 22:15:17,998 [INFO] Epoch 116 | Train Loss: 0.7056 | Val Loss: 1.7082 | Val Acc: 0.4643
2025-06-21 22:15:18,016 [INFO] Epoch 117 | Train Loss: 0.8192 | Val Loss: 1.7977 | Val Acc: 0.4464
2025-06-21 22:15:18,033 [INFO] Epoch 118 | Train Loss: 0.6980 | Val Loss: 1.7138 | Val Acc: 0.4643
2025-06-21 22:15:18,053 [INFO] Epoch 119 | Train Loss: 0.7128 | Val Loss: 1.9484 | Val Acc: 0.4107
2025-06-21 22:15:18,079 [INFO] Epoch 120 | Train Loss: 0.6879 | Val Loss: 1.8496 | Val Acc: 0.3929
2025-06-21 22:15:18,449 [INFO] Epoch 121 | Train Loss: 0.6757 | Val Loss: 1.9870 | Val Acc: 0.3393
2025-06-21 22:15:18,478 [INFO] Epoch 122 | Train Loss: 0.7151 | Val Loss: 1.7193 | Val Acc: 0.4464
2025-06-21 22:15:18,495 [INFO] Epoch 123 | Train Loss: 0.6521 | Val Loss: 1.7600 | Val Acc: 0.4286
2025-06-21 22:15:18,513 [INFO] Epoch 124 | Train Loss: 0.6770 | Val Loss: 1.9120 | Val Acc: 0.4107
2025-06-21 22:15:18,530 [INFO] Epoch 125 | Train Loss: 0.7021 | Val Loss: 1.7487 | Val Acc: 0.4464
2025-06-21 22:15:18,548 [INFO] Epoch 126 | Train Loss: 0.7644 | Val Loss: 1.9757 | Val Acc: 0.4464
2025-06-21 22:15:18,567 [INFO] Epoch 127 | Train Loss: 0.6543 | Val Loss: 1.9214 | Val Acc: 0.4464
2025-06-21 22:15:18,582 [INFO] Epoch 128 | Train Loss: 0.7742 | Val Loss: 1.7011 | Val Acc: 0.3750
2025-06-21 22:15:18,601 [INFO] Epoch 129 | Train Loss: 0.6534 | Val Loss: 1.8527 | Val Acc: 0.3571
2025-06-21 22:15:18,616 [INFO] Epoch 130 | Train Loss: 0.7018 | Val Loss: 2.0048 | Val Acc: 0.4286
2025-06-21 22:15:19,021 [INFO] Epoch 131 | Train Loss: 0.6647 | Val Loss: 1.9475 | Val Acc: 0.4107
2025-06-21 22:15:19,040 [INFO] Epoch 132 | Train Loss: 0.7053 | Val Loss: 1.8180 | Val Acc: 0.4286
2025-06-21 22:15:19,058 [INFO] Epoch 133 | Train Loss: 0.6820 | Val Loss: 1.8343 | Val Acc: 0.3393
2025-06-21 22:15:19,076 [INFO] Epoch 134 | Train Loss: 0.6865 | Val Loss: 1.7517 | Val Acc: 0.3750
2025-06-21 22:15:19,094 [INFO] Epoch 135 | Train Loss: 0.7522 | Val Loss: 1.8221 | Val Acc: 0.3571
2025-06-21 22:15:19,112 [INFO] Epoch 136 | Train Loss: 0.7514 | Val Loss: 1.9267 | Val Acc: 0.4107
2025-06-21 22:15:19,129 [INFO] Epoch 137 | Train Loss: 0.7411 | Val Loss: 1.9762 | Val Acc: 0.4286
2025-06-21 22:15:19,146 [INFO] Epoch 138 | Train Loss: 0.6122 | Val Loss: 2.0949 | Val Acc: 0.3571
2025-06-21 22:15:19,162 [INFO] Epoch 139 | Train Loss: 0.7309 | Val Loss: 1.9820 | Val Acc: 0.3750
2025-06-21 22:15:19,182 [INFO] Epoch 140 | Train Loss: 0.6168 | Val Loss: 2.0665 | Val Acc: 0.3929
2025-06-21 22:15:19,594 [INFO] Epoch 141 | Train Loss: 0.6847 | Val Loss: 2.0382 | Val Acc: 0.3571
2025-06-21 22:15:19,617 [INFO] Epoch 142 | Train Loss: 0.6419 | Val Loss: 2.0782 | Val Acc: 0.3571
2025-06-21 22:15:19,640 [INFO] Epoch 143 | Train Loss: 0.6627 | Val Loss: 1.8413 | Val Acc: 0.4286
2025-06-21 22:15:19,660 [INFO] Epoch 144 | Train Loss: 0.6970 | Val Loss: 1.8453 | Val Acc: 0.4464
2025-06-21 22:15:19,678 [INFO] Epoch 145 | Train Loss: 0.6142 | Val Loss: 1.9986 | Val Acc: 0.3929
2025-06-21 22:15:19,694 [INFO] Epoch 146 | Train Loss: 0.5629 | Val Loss: 1.8601 | Val Acc: 0.3929
2025-06-21 22:15:19,728 [INFO] Epoch 147 | Train Loss: 0.5891 | Val Loss: 1.8758 | Val Acc: 0.3929
2025-06-21 22:15:19,747 [INFO] Epoch 148 | Train Loss: 0.6106 | Val Loss: 1.9683 | Val Acc: 0.3393
2025-06-21 22:15:19,766 [INFO] Epoch 149 | Train Loss: 0.5708 | Val Loss: 1.9629 | Val Acc: 0.4107
2025-06-21 22:15:19,785 [INFO] Epoch 150 | Train Loss: 0.6028 | Val Loss: 1.9762 | Val Acc: 0.3393
2025-06-21 22:15:20,157 [INFO] Epoch 151 | Train Loss: 0.6090 | Val Loss: 1.9158 | Val Acc: 0.4286
2025-06-21 22:15:20,179 [INFO] Epoch 152 | Train Loss: 0.5639 | Val Loss: 1.8664 | Val Acc: 0.4286
2025-06-21 22:15:20,198 [INFO] Epoch 153 | Train Loss: 0.5411 | Val Loss: 1.9150 | Val Acc: 0.3393
2025-06-21 22:15:20,217 [INFO] Epoch 154 | Train Loss: 0.5264 | Val Loss: 1.9444 | Val Acc: 0.4107
2025-06-21 22:15:20,236 [INFO] Epoch 155 | Train Loss: 0.5861 | Val Loss: 2.0403 | Val Acc: 0.3929
2025-06-21 22:15:20,253 [INFO] Epoch 156 | Train Loss: 0.8322 | Val Loss: 1.9972 | Val Acc: 0.3929
2025-06-21 22:15:20,272 [INFO] Epoch 157 | Train Loss: 0.6841 | Val Loss: 1.9935 | Val Acc: 0.3750
2025-06-21 22:15:20,292 [INFO] Epoch 158 | Train Loss: 0.6200 | Val Loss: 1.9182 | Val Acc: 0.4464
2025-06-21 22:15:20,313 [INFO] Epoch 159 | Train Loss: 0.5981 | Val Loss: 2.0510 | Val Acc: 0.4286
2025-06-21 22:15:20,331 [INFO] Epoch 160 | Train Loss: 0.6487 | Val Loss: 2.1632 | Val Acc: 0.3393
2025-06-21 22:15:20,722 [INFO] Epoch 161 | Train Loss: 0.6114 | Val Loss: 2.0216 | Val Acc: 0.3393
2025-06-21 22:15:20,736 [INFO] Epoch 162 | Train Loss: 0.5441 | Val Loss: 1.9250 | Val Acc: 0.3929
2025-06-21 22:15:20,751 [INFO] Epoch 163 | Train Loss: 0.5922 | Val Loss: 1.9523 | Val Acc: 0.4107
2025-06-21 22:15:20,766 [INFO] Epoch 164 | Train Loss: 0.6204 | Val Loss: 2.0852 | Val Acc: 0.3214
2025-06-21 22:15:20,781 [INFO] Epoch 165 | Train Loss: 0.5553 | Val Loss: 2.1673 | Val Acc: 0.3571
2025-06-21 22:15:20,798 [INFO] Epoch 166 | Train Loss: 0.5226 | Val Loss: 2.1321 | Val Acc: 0.3214
2025-06-21 22:15:20,815 [INFO] Epoch 167 | Train Loss: 0.5782 | Val Loss: 1.9645 | Val Acc: 0.3393
2025-06-21 22:15:20,830 [INFO] Epoch 168 | Train Loss: 0.4991 | Val Loss: 2.0066 | Val Acc: 0.3750
2025-06-21 22:15:20,844 [INFO] Epoch 169 | Train Loss: 0.5309 | Val Loss: 2.0393 | Val Acc: 0.3571
2025-06-21 22:15:20,858 [INFO] Epoch 170 | Train Loss: 0.5631 | Val Loss: 2.0692 | Val Acc: 0.3571
2025-06-21 22:15:21,284 [INFO] Epoch 171 | Train Loss: 0.5431 | Val Loss: 1.9961 | Val Acc: 0.3750
2025-06-21 22:15:21,298 [INFO] Epoch 172 | Train Loss: 0.4980 | Val Loss: 2.0648 | Val Acc: 0.4464
2025-06-21 22:15:21,312 [INFO] Epoch 173 | Train Loss: 0.5350 | Val Loss: 2.2510 | Val Acc: 0.3750
2025-06-21 22:15:21,326 [INFO] Epoch 174 | Train Loss: 0.5233 | Val Loss: 2.2825 | Val Acc: 0.3393
2025-06-21 22:15:21,341 [INFO] Epoch 175 | Train Loss: 0.6404 | Val Loss: 2.2525 | Val Acc: 0.3571
2025-06-21 22:15:21,355 [INFO] Epoch 176 | Train Loss: 0.5253 | Val Loss: 2.0824 | Val Acc: 0.3929
2025-06-21 22:15:21,369 [INFO] Epoch 177 | Train Loss: 0.5908 | Val Loss: 2.1578 | Val Acc: 0.3929
2025-06-21 22:15:21,382 [INFO] Epoch 178 | Train Loss: 0.5112 | Val Loss: 2.1409 | Val Acc: 0.3929
2025-06-21 22:15:21,396 [INFO] Epoch 179 | Train Loss: 0.5703 | Val Loss: 2.2638 | Val Acc: 0.3750
2025-06-21 22:15:21,409 [INFO] Epoch 180 | Train Loss: 0.5224 | Val Loss: 2.3031 | Val Acc: 0.3393
2025-06-21 22:15:21,763 [INFO] Epoch 181 | Train Loss: 0.5327 | Val Loss: 2.1155 | Val Acc: 0.3929
2025-06-21 22:15:21,779 [INFO] Epoch 182 | Train Loss: 0.5134 | Val Loss: 2.0636 | Val Acc: 0.4286
2025-06-21 22:15:21,798 [INFO] Epoch 183 | Train Loss: 0.6365 | Val Loss: 2.1779 | Val Acc: 0.3929
2025-06-21 22:15:21,814 [INFO] Epoch 184 | Train Loss: 0.4934 | Val Loss: 2.2777 | Val Acc: 0.4107
2025-06-21 22:15:21,828 [INFO] Epoch 185 | Train Loss: 0.5926 | Val Loss: 2.1376 | Val Acc: 0.3929
2025-06-21 22:15:21,842 [INFO] Epoch 186 | Train Loss: 0.5725 | Val Loss: 2.1778 | Val Acc: 0.3036
2025-06-21 22:15:21,855 [INFO] Epoch 187 | Train Loss: 0.5950 | Val Loss: 2.2966 | Val Acc: 0.3393
2025-06-21 22:15:21,868 [INFO] Epoch 188 | Train Loss: 0.4737 | Val Loss: 2.2242 | Val Acc: 0.3929
2025-06-21 22:15:21,882 [INFO] Epoch 189 | Train Loss: 0.5983 | Val Loss: 2.1986 | Val Acc: 0.4107
2025-06-21 22:15:21,895 [INFO] Epoch 190 | Train Loss: 0.4936 | Val Loss: 2.1450 | Val Acc: 0.3750
2025-06-21 22:15:22,390 [INFO] Epoch 191 | Train Loss: 0.4499 | Val Loss: 2.0828 | Val Acc: 0.4107
2025-06-21 22:15:22,428 [INFO] Epoch 192 | Train Loss: 0.4560 | Val Loss: 2.1176 | Val Acc: 0.4107
2025-06-21 22:15:22,449 [INFO] Epoch 193 | Train Loss: 0.4839 | Val Loss: 2.4948 | Val Acc: 0.3571
2025-06-21 22:15:22,471 [INFO] Epoch 194 | Train Loss: 0.4551 | Val Loss: 2.3120 | Val Acc: 0.3571
2025-06-21 22:15:22,493 [INFO] Epoch 195 | Train Loss: 0.5463 | Val Loss: 2.1958 | Val Acc: 0.3929
2025-06-21 22:15:22,520 [INFO] Epoch 196 | Train Loss: 0.5097 | Val Loss: 2.4906 | Val Acc: 0.3393
2025-06-21 22:15:22,550 [INFO] Epoch 197 | Train Loss: 0.5669 | Val Loss: 2.2636 | Val Acc: 0.3571
2025-06-21 22:15:22,566 [INFO] Epoch 198 | Train Loss: 0.4129 | Val Loss: 2.1387 | Val Acc: 0.4286
2025-06-21 22:15:22,585 [INFO] Epoch 199 | Train Loss: 0.4474 | Val Loss: 2.2616 | Val Acc: 0.3929
2025-06-21 22:15:22,602 [INFO] Epoch 200 | Train Loss: 0.5072 | Val Loss: 2.1507 | Val Acc: 0.4286
2025-06-21 22:15:23,010 [INFO] Epoch 201 | Train Loss: 0.4219 | Val Loss: 2.3798 | Val Acc: 0.3393
2025-06-21 22:15:23,029 [INFO] Epoch 202 | Train Loss: 0.4426 | Val Loss: 2.5177 | Val Acc: 0.3393
2025-06-21 22:15:23,047 [INFO] Epoch 203 | Train Loss: 0.4434 | Val Loss: 2.4289 | Val Acc: 0.3571
2025-06-21 22:15:23,064 [INFO] Epoch 204 | Train Loss: 0.5478 | Val Loss: 2.5980 | Val Acc: 0.4286
2025-06-21 22:15:23,081 [INFO] Epoch 205 | Train Loss: 0.4145 | Val Loss: 2.4644 | Val Acc: 0.3929
2025-06-21 22:15:23,101 [INFO] Epoch 206 | Train Loss: 0.4106 | Val Loss: 2.4600 | Val Acc: 0.3750
2025-06-21 22:15:23,117 [INFO] Epoch 207 | Train Loss: 0.4611 | Val Loss: 2.5558 | Val Acc: 0.3214
2025-06-21 22:15:23,135 [INFO] Epoch 208 | Train Loss: 0.4388 | Val Loss: 2.7150 | Val Acc: 0.3750
2025-06-21 22:15:23,157 [INFO] Epoch 209 | Train Loss: 0.3779 | Val Loss: 2.4538 | Val Acc: 0.3750
2025-06-21 22:15:23,181 [INFO] Epoch 210 | Train Loss: 0.4334 | Val Loss: 2.3312 | Val Acc: 0.3571
2025-06-21 22:15:23,533 [INFO] Epoch 211 | Train Loss: 0.4627 | Val Loss: 2.4484 | Val Acc: 0.3393
2025-06-21 22:15:23,546 [INFO] Epoch 212 | Train Loss: 0.3674 | Val Loss: 2.3975 | Val Acc: 0.3571
2025-06-21 22:15:23,560 [INFO] Epoch 213 | Train Loss: 0.4349 | Val Loss: 2.2625 | Val Acc: 0.3929
2025-06-21 22:15:23,574 [INFO] Epoch 214 | Train Loss: 0.4648 | Val Loss: 2.3471 | Val Acc: 0.3393
2025-06-21 22:15:23,588 [INFO] Epoch 215 | Train Loss: 0.3679 | Val Loss: 2.3024 | Val Acc: 0.3750
2025-06-21 22:15:23,602 [INFO] Epoch 216 | Train Loss: 0.3951 | Val Loss: 2.4494 | Val Acc: 0.3571
2025-06-21 22:15:23,615 [INFO] Epoch 217 | Train Loss: 0.3815 | Val Loss: 2.6637 | Val Acc: 0.3571
2025-06-21 22:15:23,629 [INFO] Epoch 218 | Train Loss: 0.5107 | Val Loss: 2.5079 | Val Acc: 0.4286
2025-06-21 22:15:23,644 [INFO] Epoch 219 | Train Loss: 0.4560 | Val Loss: 2.3919 | Val Acc: 0.4286
2025-06-21 22:15:23,659 [INFO] Epoch 220 | Train Loss: 0.3892 | Val Loss: 2.4620 | Val Acc: 0.3750
2025-06-21 22:15:23,993 [INFO] Epoch 221 | Train Loss: 0.3749 | Val Loss: 2.4596 | Val Acc: 0.3750
2025-06-21 22:15:24,007 [INFO] Epoch 222 | Train Loss: 0.3270 | Val Loss: 2.3839 | Val Acc: 0.3750
2025-06-21 22:15:24,020 [INFO] Epoch 223 | Train Loss: 0.3494 | Val Loss: 2.6644 | Val Acc: 0.3571
2025-06-21 22:15:24,034 [INFO] Epoch 224 | Train Loss: 0.3819 | Val Loss: 2.8397 | Val Acc: 0.4107
2025-06-21 22:15:24,048 [INFO] Epoch 225 | Train Loss: 0.3924 | Val Loss: 2.6565 | Val Acc: 0.3571
2025-06-21 22:15:24,062 [INFO] Epoch 226 | Train Loss: 0.4310 | Val Loss: 2.5799 | Val Acc: 0.4464
2025-06-21 22:15:24,076 [INFO] Epoch 227 | Train Loss: 0.3932 | Val Loss: 2.7690 | Val Acc: 0.3214
2025-06-21 22:15:24,091 [INFO] Epoch 228 | Train Loss: 0.4590 | Val Loss: 2.3112 | Val Acc: 0.4464
2025-06-21 22:15:24,093 [INFO] Early stopping at epoch 228 (no improvement in 150 epochs).
2025-06-21 22:15:24,094 [INFO] Best model saved to <built-in function time>/ENZYMES/best/best_source_gin.pth (Val Acc: 0.4821 at epoch 78)
2025-06-21 22:15:24,095 [INFO] Training/validation metrics saved to <built-in function time>/ENZYMES/GIN_0.001/train_metrics.csv
2025-06-21 22:15:24,396 [INFO] Final training curves saved
2025-06-21 22:15:24,396 [INFO] Training completed!
2025-06-21 22:15:24,396 [INFO] Best validation accuracy: 0.4821
2025-06-21 22:15:24,396 [INFO] Best epoch: 78
2025-06-21 22:15:24,396 [INFO] Total epochs trained: 228
2025-06-21 22:15:24,397 [INFO] Starting training with parameters: (0.001, 0.0, 32, 2, 300, 0.0001)
