2025-06-21 19:56:41,755 [INFO] Using device: cpu
2025-06-21 19:56:41,755 [INFO] 开始创建数据加载器...
2025-06-21 19:56:41,756 [INFO] Successfully loaded dataset ENZYMES from ./data, total graphs: 600
2025-06-21 19:56:41,756 [INFO] Class allocation analysis:
2025-06-21 19:56:41,756 [INFO]   Source classes: [0, 1, 2, 3]
2025-06-21 19:56:41,756 [INFO]   Target classes: [0, 1, 2, 3, 4, 5]
2025-06-21 19:56:41,756 [INFO]   Overlap classes (to be split): [0, 1, 2, 3]
2025-06-21 19:56:41,757 [INFO]   Target novel classes (unknown): [4, 5]
2025-06-21 19:56:41,770 [INFO]   Class 0: 100 total -> Source: 70, Target: 30
2025-06-21 19:56:41,770 [INFO]   Class 1: 100 total -> Source: 70, Target: 30
2025-06-21 19:56:41,770 [INFO]   Class 2: 100 total -> Source: 70, Target: 30
2025-06-21 19:56:41,770 [INFO]   Class 3: 100 total -> Source: 70, Target: 30
2025-06-21 19:56:41,770 [INFO]   Class 4 (novel/unknown): 100 samples -> Target
2025-06-21 19:56:41,770 [INFO]   Class 5 (novel/unknown): 100 samples -> Target
2025-06-21 19:56:41,770 [INFO] Final allocation:
2025-06-21 19:56:41,770 [INFO]   Source domain: 280 samples
2025-06-21 19:56:41,770 [INFO]   Target domain: 320 samples
2025-06-21 19:56:41,772 [INFO] Source domain setup:
2025-06-21 19:56:41,772 [INFO]   Original classes: [0, 1, 2, 3]
2025-06-21 19:56:41,772 [INFO]   Overlap classes used: [0, 1, 2, 3]
2025-06-21 19:56:41,772 [INFO]   Label mapping: {0: 0, 1: 1, 2: 2, 3: 3}
2025-06-21 19:56:41,772 [INFO]   Total data after allocation: 280
2025-06-21 19:56:41,772 [INFO]   Data split - Train: 224, Val: 56
2025-06-21 19:56:41,772 [INFO]   Train label distribution: {0: 56, 1: 56, 3: 56, 2: 56}
2025-06-21 19:56:41,772 [INFO]   Val label distribution: {1: 14, 2: 14, 0: 14, 3: 14}
2025-06-21 19:56:41,773 [INFO] Successfully loaded dataset ENZYMES from ./data, total graphs: 600
2025-06-21 19:56:41,773 [INFO] Class allocation analysis:
2025-06-21 19:56:41,773 [INFO]   Source classes: [0, 1, 2, 3]
2025-06-21 19:56:41,773 [INFO]   Target classes: [0, 1, 2, 3, 4, 5]
2025-06-21 19:56:41,773 [INFO]   Overlap classes (to be split): [0, 1, 2, 3]
2025-06-21 19:56:41,773 [INFO]   Target novel classes (unknown): [4, 5]
2025-06-21 19:56:41,786 [INFO]   Class 0: 100 total -> Source: 70, Target: 30
2025-06-21 19:56:41,786 [INFO]   Class 1: 100 total -> Source: 70, Target: 30
2025-06-21 19:56:41,787 [INFO]   Class 2: 100 total -> Source: 70, Target: 30
2025-06-21 19:56:41,787 [INFO]   Class 3: 100 total -> Source: 70, Target: 30
2025-06-21 19:56:41,787 [INFO]   Class 4 (novel/unknown): 100 samples -> Target
2025-06-21 19:56:41,787 [INFO]   Class 5 (novel/unknown): 100 samples -> Target
2025-06-21 19:56:41,787 [INFO] Final allocation:
2025-06-21 19:56:41,787 [INFO]   Source domain: 280 samples
2025-06-21 19:56:41,787 [INFO]   Target domain: 320 samples
2025-06-21 19:56:41,788 [INFO] Target domain setup:
2025-06-21 19:56:41,789 [INFO]   Original classes: [0, 1, 2, 3, 4, 5]
2025-06-21 19:56:41,789 [INFO]   Overlap classes: [0, 1, 2, 3]
2025-06-21 19:56:41,789 [INFO]   Novel classes: [4, 5] -> mapped to unknown label 4
2025-06-21 19:56:41,789 [INFO]   Label mapping: {0: 0, 1: 1, 2: 2, 3: 3, 4: 4, 5: 4}
2025-06-21 19:56:41,789 [INFO]   Total data after allocation: 320
2025-06-21 19:56:41,789 [INFO]   Data split - Train: 256, Val: 64
2025-06-21 19:56:41,789 [INFO]   Total count: 320 (known: 120, unknown: 200)
2025-06-21 19:56:41,789 [INFO]   Total label distribution: {4: 200, 3: 30, 0: 30, 1: 30, 2: 30}
2025-06-21 19:56:41,789 [INFO]   Train label distribution: {4: 160, 0: 24, 2: 24, 3: 24, 1: 24}
2025-06-21 19:56:41,789 [INFO]   Val label distribution: {1: 6, 4: 40, 3: 6, 0: 6, 2: 6}
2025-06-21 19:56:41,789 [INFO] 数据加载器创建完成!
2025-06-21 19:56:41,789 [INFO] 源域类别数: 4 (重叠类别)
2025-06-21 19:56:41,789 [INFO] 目标域类别数: 5 (4个重叠类别 + 1个未知类别)
2025-06-21 19:56:41,789 [INFO] 重叠类别: [0, 1, 2, 3]
2025-06-21 19:56:41,789 [INFO] 目标域新类别: [4, 5]
2025-06-21 19:56:41,789 [INFO] Data allocation verification:
2025-06-21 19:56:41,789 [INFO]   Source data samples: 280
2025-06-21 19:56:41,789 [INFO]   Target data samples: 320
2025-06-21 19:56:41,789 [INFO]   Overlapping samples: 0
2025-06-21 19:56:41,789 [INFO]   ✓ Data allocation is correct - no overlapping samples
2025-06-21 19:56:41,790 [INFO] Model initialized with 68868 parameters
2025-06-21 19:56:41,790 [INFO] Previous best validation accuracy read from record.txt: 0.6250
2025-06-21 19:56:41,790 [INFO] Starting training...
2025-06-21 19:56:41,805 [INFO] Epoch 001 | Train Loss: 9.0918 | Val Loss: 3.8656 | Val Acc: 0.2679
2025-06-21 19:56:42,118 [INFO] New best model at epoch 1 (Val Acc: 0.2679)
2025-06-21 19:56:42,131 [INFO] Epoch 002 | Train Loss: 6.3628 | Val Loss: 3.3081 | Val Acc: 0.2500
2025-06-21 19:56:42,145 [INFO] Epoch 003 | Train Loss: 7.6069 | Val Loss: 2.5597 | Val Acc: 0.2679
2025-06-21 19:56:42,160 [INFO] Epoch 004 | Train Loss: 6.6267 | Val Loss: 2.1275 | Val Acc: 0.2857
2025-06-21 19:56:42,162 [INFO] New best model at epoch 4 (Val Acc: 0.2857)
2025-06-21 19:56:42,176 [INFO] Epoch 005 | Train Loss: 5.9655 | Val Loss: 2.1135 | Val Acc: 0.2500
2025-06-21 19:56:42,190 [INFO] Epoch 006 | Train Loss: 5.9375 | Val Loss: 2.1374 | Val Acc: 0.3214
2025-06-21 19:56:42,192 [INFO] New best model at epoch 6 (Val Acc: 0.3214)
2025-06-21 19:56:42,205 [INFO] Epoch 007 | Train Loss: 5.9610 | Val Loss: 2.3439 | Val Acc: 0.3750
2025-06-21 19:56:42,208 [INFO] New best model at epoch 7 (Val Acc: 0.3750)
2025-06-21 19:56:42,221 [INFO] Epoch 008 | Train Loss: 5.1461 | Val Loss: 2.4594 | Val Acc: 0.3929
2025-06-21 19:56:42,224 [INFO] New best model at epoch 8 (Val Acc: 0.3929)
2025-06-21 19:56:42,236 [INFO] Epoch 009 | Train Loss: 6.6856 | Val Loss: 2.8444 | Val Acc: 0.3214
2025-06-21 19:56:42,251 [INFO] Epoch 010 | Train Loss: 6.2049 | Val Loss: 2.6894 | Val Acc: 0.3214
2025-06-21 19:56:42,481 [INFO] Epoch 011 | Train Loss: 6.1377 | Val Loss: 2.5180 | Val Acc: 0.3929
2025-06-21 19:56:42,498 [INFO] Epoch 012 | Train Loss: 5.4567 | Val Loss: 2.9539 | Val Acc: 0.3393
2025-06-21 19:56:42,519 [INFO] Epoch 013 | Train Loss: 6.4540 | Val Loss: 3.6980 | Val Acc: 0.3393
2025-06-21 19:56:42,543 [INFO] Epoch 014 | Train Loss: 5.6018 | Val Loss: 3.5221 | Val Acc: 0.3036
2025-06-21 19:56:42,566 [INFO] Epoch 015 | Train Loss: 4.9224 | Val Loss: 2.8986 | Val Acc: 0.3214
2025-06-21 19:56:42,588 [INFO] Epoch 016 | Train Loss: 5.8507 | Val Loss: 2.9446 | Val Acc: 0.3393
2025-06-21 19:56:42,607 [INFO] Epoch 017 | Train Loss: 5.6263 | Val Loss: 3.3611 | Val Acc: 0.2500
2025-06-21 19:56:42,629 [INFO] Epoch 018 | Train Loss: 5.8337 | Val Loss: 2.9372 | Val Acc: 0.3929
2025-06-21 19:56:42,653 [INFO] Epoch 019 | Train Loss: 5.0969 | Val Loss: 2.9272 | Val Acc: 0.3929
2025-06-21 19:56:42,670 [INFO] Epoch 020 | Train Loss: 5.7115 | Val Loss: 2.8261 | Val Acc: 0.3750
2025-06-21 19:56:43,001 [INFO] Epoch 021 | Train Loss: 4.9884 | Val Loss: 2.7218 | Val Acc: 0.3571
2025-06-21 19:56:43,016 [INFO] Epoch 022 | Train Loss: 5.3767 | Val Loss: 2.8632 | Val Acc: 0.3750
2025-06-21 19:56:43,029 [INFO] Epoch 023 | Train Loss: 5.0638 | Val Loss: 2.9644 | Val Acc: 0.4286
2025-06-21 19:56:43,032 [INFO] New best model at epoch 23 (Val Acc: 0.4286)
2025-06-21 19:56:43,045 [INFO] Epoch 024 | Train Loss: 4.9154 | Val Loss: 2.8921 | Val Acc: 0.4286
2025-06-21 19:56:43,061 [INFO] Epoch 025 | Train Loss: 5.3158 | Val Loss: 2.7314 | Val Acc: 0.4643
2025-06-21 19:56:43,064 [INFO] New best model at epoch 25 (Val Acc: 0.4643)
2025-06-21 19:56:43,076 [INFO] Epoch 026 | Train Loss: 4.7766 | Val Loss: 3.2232 | Val Acc: 0.3750
2025-06-21 19:56:43,091 [INFO] Epoch 027 | Train Loss: 5.1850 | Val Loss: 3.3055 | Val Acc: 0.3036
2025-06-21 19:56:43,107 [INFO] Epoch 028 | Train Loss: 4.9849 | Val Loss: 3.1107 | Val Acc: 0.3571
2025-06-21 19:56:43,123 [INFO] Epoch 029 | Train Loss: 4.7957 | Val Loss: 2.8755 | Val Acc: 0.4464
2025-06-21 19:56:43,138 [INFO] Epoch 030 | Train Loss: 4.8351 | Val Loss: 2.9309 | Val Acc: 0.4821
2025-06-21 19:56:43,361 [INFO] New best model at epoch 30 (Val Acc: 0.4821)
2025-06-21 19:56:43,375 [INFO] Epoch 031 | Train Loss: 5.6542 | Val Loss: 2.8194 | Val Acc: 0.4643
2025-06-21 19:56:43,391 [INFO] Epoch 032 | Train Loss: 5.3166 | Val Loss: 2.8043 | Val Acc: 0.4643
2025-06-21 19:56:43,409 [INFO] Epoch 033 | Train Loss: 5.1962 | Val Loss: 3.3089 | Val Acc: 0.3571
2025-06-21 19:56:43,424 [INFO] Epoch 034 | Train Loss: 5.4067 | Val Loss: 3.5218 | Val Acc: 0.2857
2025-06-21 19:56:43,440 [INFO] Epoch 035 | Train Loss: 5.1952 | Val Loss: 3.0130 | Val Acc: 0.3571
2025-06-21 19:56:43,458 [INFO] Epoch 036 | Train Loss: 4.8412 | Val Loss: 2.8004 | Val Acc: 0.4107
2025-06-21 19:56:43,473 [INFO] Epoch 037 | Train Loss: 4.6164 | Val Loss: 2.7899 | Val Acc: 0.4107
2025-06-21 19:56:43,488 [INFO] Epoch 038 | Train Loss: 4.2654 | Val Loss: 2.8119 | Val Acc: 0.4464
2025-06-21 19:56:43,504 [INFO] Epoch 039 | Train Loss: 4.7492 | Val Loss: 2.6537 | Val Acc: 0.4464
2025-06-21 19:56:43,525 [INFO] Epoch 040 | Train Loss: 5.1844 | Val Loss: 2.9133 | Val Acc: 0.4107
2025-06-21 19:56:43,789 [INFO] Epoch 041 | Train Loss: 5.2113 | Val Loss: 3.3452 | Val Acc: 0.3214
2025-06-21 19:56:43,803 [INFO] Epoch 042 | Train Loss: 4.5141 | Val Loss: 3.0963 | Val Acc: 0.3571
2025-06-21 19:56:43,818 [INFO] Epoch 043 | Train Loss: 4.4066 | Val Loss: 2.7529 | Val Acc: 0.4821
2025-06-21 19:56:43,833 [INFO] Epoch 044 | Train Loss: 4.4233 | Val Loss: 2.6967 | Val Acc: 0.4286
2025-06-21 19:56:43,848 [INFO] Epoch 045 | Train Loss: 4.6261 | Val Loss: 2.8437 | Val Acc: 0.3929
2025-06-21 19:56:43,863 [INFO] Epoch 046 | Train Loss: 4.3803 | Val Loss: 3.2366 | Val Acc: 0.3571
2025-06-21 19:56:43,879 [INFO] Epoch 047 | Train Loss: 4.4275 | Val Loss: 3.1470 | Val Acc: 0.3393
2025-06-21 19:56:43,894 [INFO] Epoch 048 | Train Loss: 4.1305 | Val Loss: 2.8820 | Val Acc: 0.4107
2025-06-21 19:56:43,913 [INFO] Epoch 049 | Train Loss: 4.9180 | Val Loss: 2.8309 | Val Acc: 0.4107
2025-06-21 19:56:43,929 [INFO] Epoch 050 | Train Loss: 4.6950 | Val Loss: 3.0412 | Val Acc: 0.3393
2025-06-21 19:56:44,158 [INFO] Epoch 051 | Train Loss: 4.5096 | Val Loss: 2.7936 | Val Acc: 0.3750
2025-06-21 19:56:44,173 [INFO] Epoch 052 | Train Loss: 4.3787 | Val Loss: 2.3531 | Val Acc: 0.4107
2025-06-21 19:56:44,188 [INFO] Epoch 053 | Train Loss: 4.5206 | Val Loss: 2.4458 | Val Acc: 0.3929
2025-06-21 19:56:44,205 [INFO] Epoch 054 | Train Loss: 4.4881 | Val Loss: 2.4832 | Val Acc: 0.3929
2025-06-21 19:56:44,220 [INFO] Epoch 055 | Train Loss: 4.2544 | Val Loss: 2.7014 | Val Acc: 0.4286
2025-06-21 19:56:44,234 [INFO] Epoch 056 | Train Loss: 5.1748 | Val Loss: 2.8085 | Val Acc: 0.4107
2025-06-21 19:56:44,250 [INFO] Epoch 057 | Train Loss: 4.8495 | Val Loss: 3.1798 | Val Acc: 0.4286
2025-06-21 19:56:44,265 [INFO] Epoch 058 | Train Loss: 5.5718 | Val Loss: 2.8160 | Val Acc: 0.4464
2025-06-21 19:56:44,280 [INFO] Epoch 059 | Train Loss: 4.1906 | Val Loss: 2.4437 | Val Acc: 0.4821
2025-06-21 19:56:44,296 [INFO] Epoch 060 | Train Loss: 4.4047 | Val Loss: 2.4130 | Val Acc: 0.4643
2025-06-21 19:56:44,552 [INFO] Epoch 061 | Train Loss: 4.1075 | Val Loss: 2.5672 | Val Acc: 0.3929
2025-06-21 19:56:44,567 [INFO] Epoch 062 | Train Loss: 4.5298 | Val Loss: 2.8009 | Val Acc: 0.3393
2025-06-21 19:56:44,583 [INFO] Epoch 063 | Train Loss: 4.0869 | Val Loss: 2.9781 | Val Acc: 0.3750
2025-06-21 19:56:44,598 [INFO] Epoch 064 | Train Loss: 4.2652 | Val Loss: 2.8316 | Val Acc: 0.4464
2025-06-21 19:56:44,613 [INFO] Epoch 065 | Train Loss: 4.1294 | Val Loss: 2.8280 | Val Acc: 0.4286
2025-06-21 19:56:44,627 [INFO] Epoch 066 | Train Loss: 4.2713 | Val Loss: 2.9157 | Val Acc: 0.3750
2025-06-21 19:56:44,642 [INFO] Epoch 067 | Train Loss: 4.3022 | Val Loss: 2.7855 | Val Acc: 0.3929
2025-06-21 19:56:44,658 [INFO] Epoch 068 | Train Loss: 4.0622 | Val Loss: 2.4957 | Val Acc: 0.4107
2025-06-21 19:56:44,674 [INFO] Epoch 069 | Train Loss: 4.2782 | Val Loss: 2.3351 | Val Acc: 0.4643
2025-06-21 19:56:44,689 [INFO] Epoch 070 | Train Loss: 4.0734 | Val Loss: 2.4323 | Val Acc: 0.4821
2025-06-21 19:56:44,926 [INFO] Epoch 071 | Train Loss: 3.7365 | Val Loss: 2.8229 | Val Acc: 0.3750
2025-06-21 19:56:44,943 [INFO] Epoch 072 | Train Loss: 3.7928 | Val Loss: 2.7748 | Val Acc: 0.3750
2025-06-21 19:56:44,959 [INFO] Epoch 073 | Train Loss: 3.9803 | Val Loss: 2.6136 | Val Acc: 0.3929
2025-06-21 19:56:44,975 [INFO] Epoch 074 | Train Loss: 3.7915 | Val Loss: 2.5818 | Val Acc: 0.4464
2025-06-21 19:56:44,991 [INFO] Epoch 075 | Train Loss: 3.8637 | Val Loss: 2.3741 | Val Acc: 0.4643
2025-06-21 19:56:45,007 [INFO] Epoch 076 | Train Loss: 3.9033 | Val Loss: 2.5038 | Val Acc: 0.3750
2025-06-21 19:56:45,023 [INFO] Epoch 077 | Train Loss: 4.3402 | Val Loss: 2.5212 | Val Acc: 0.3929
2025-06-21 19:56:45,038 [INFO] Epoch 078 | Train Loss: 3.9256 | Val Loss: 2.5951 | Val Acc: 0.3929
2025-06-21 19:56:45,054 [INFO] Epoch 079 | Train Loss: 3.5510 | Val Loss: 2.8180 | Val Acc: 0.3393
2025-06-21 19:56:45,070 [INFO] Epoch 080 | Train Loss: 4.2498 | Val Loss: 2.8808 | Val Acc: 0.3393
2025-06-21 19:56:45,335 [INFO] Epoch 081 | Train Loss: 4.0032 | Val Loss: 2.7225 | Val Acc: 0.3929
2025-06-21 19:56:45,349 [INFO] Epoch 082 | Train Loss: 3.4716 | Val Loss: 2.6266 | Val Acc: 0.4643
2025-06-21 19:56:45,365 [INFO] Epoch 083 | Train Loss: 4.4404 | Val Loss: 2.3301 | Val Acc: 0.4643
2025-06-21 19:56:45,380 [INFO] Epoch 084 | Train Loss: 3.7478 | Val Loss: 2.3903 | Val Acc: 0.4286
2025-06-21 19:56:45,396 [INFO] Epoch 085 | Train Loss: 3.2187 | Val Loss: 2.6362 | Val Acc: 0.4286
2025-06-21 19:56:45,411 [INFO] Epoch 086 | Train Loss: 3.2200 | Val Loss: 2.8409 | Val Acc: 0.3393
2025-06-21 19:56:45,427 [INFO] Epoch 087 | Train Loss: 3.5673 | Val Loss: 2.6834 | Val Acc: 0.3929
2025-06-21 19:56:45,443 [INFO] Epoch 088 | Train Loss: 3.1433 | Val Loss: 2.5076 | Val Acc: 0.4286
2025-06-21 19:56:45,459 [INFO] Epoch 089 | Train Loss: 4.3506 | Val Loss: 2.4011 | Val Acc: 0.4286
2025-06-21 19:56:45,474 [INFO] Epoch 090 | Train Loss: 3.4934 | Val Loss: 2.4805 | Val Acc: 0.4643
2025-06-21 19:56:45,716 [INFO] Epoch 091 | Train Loss: 3.6832 | Val Loss: 2.5677 | Val Acc: 0.4286
2025-06-21 19:56:45,731 [INFO] Epoch 092 | Train Loss: 3.3795 | Val Loss: 2.7494 | Val Acc: 0.3929
2025-06-21 19:56:45,747 [INFO] Epoch 093 | Train Loss: 3.6097 | Val Loss: 2.8765 | Val Acc: 0.4286
2025-06-21 19:56:45,762 [INFO] Epoch 094 | Train Loss: 3.4407 | Val Loss: 2.9641 | Val Acc: 0.3571
2025-06-21 19:56:45,778 [INFO] Epoch 095 | Train Loss: 3.5182 | Val Loss: 2.7267 | Val Acc: 0.4107
2025-06-21 19:56:45,793 [INFO] Epoch 096 | Train Loss: 3.5472 | Val Loss: 2.7289 | Val Acc: 0.4286
2025-06-21 19:56:45,807 [INFO] Epoch 097 | Train Loss: 3.6875 | Val Loss: 2.6253 | Val Acc: 0.3929
2025-06-21 19:56:45,823 [INFO] Epoch 098 | Train Loss: 3.4219 | Val Loss: 2.5490 | Val Acc: 0.4107
2025-06-21 19:56:45,839 [INFO] Epoch 099 | Train Loss: 3.0649 | Val Loss: 2.4826 | Val Acc: 0.4286
2025-06-21 19:56:45,854 [INFO] Epoch 100 | Train Loss: 4.2770 | Val Loss: 2.7402 | Val Acc: 0.3750
2025-06-21 19:56:46,175 [INFO] Epoch 101 | Train Loss: 3.6566 | Val Loss: 2.4864 | Val Acc: 0.4643
2025-06-21 19:56:46,189 [INFO] Epoch 102 | Train Loss: 2.9540 | Val Loss: 2.8676 | Val Acc: 0.3571
2025-06-21 19:56:46,205 [INFO] Epoch 103 | Train Loss: 3.5929 | Val Loss: 2.9170 | Val Acc: 0.3571
2025-06-21 19:56:46,220 [INFO] Epoch 104 | Train Loss: 3.7636 | Val Loss: 2.6489 | Val Acc: 0.3750
2025-06-21 19:56:46,234 [INFO] Epoch 105 | Train Loss: 4.0046 | Val Loss: 2.4844 | Val Acc: 0.3571
2025-06-21 19:56:46,249 [INFO] Epoch 106 | Train Loss: 3.5029 | Val Loss: 2.3869 | Val Acc: 0.4643
2025-06-21 19:56:46,264 [INFO] Epoch 107 | Train Loss: 3.2490 | Val Loss: 2.5137 | Val Acc: 0.4107
2025-06-21 19:56:46,280 [INFO] Epoch 108 | Train Loss: 3.4255 | Val Loss: 2.5238 | Val Acc: 0.3214
2025-06-21 19:56:46,295 [INFO] Epoch 109 | Train Loss: 3.4308 | Val Loss: 2.5959 | Val Acc: 0.3214
2025-06-21 19:56:46,309 [INFO] Epoch 110 | Train Loss: 3.6768 | Val Loss: 2.4603 | Val Acc: 0.4107
2025-06-21 19:56:46,660 [INFO] Epoch 111 | Train Loss: 3.2401 | Val Loss: 2.5052 | Val Acc: 0.4286
2025-06-21 19:56:46,673 [INFO] Epoch 112 | Train Loss: 4.0649 | Val Loss: 2.4048 | Val Acc: 0.3929
2025-06-21 19:56:46,688 [INFO] Epoch 113 | Train Loss: 2.9858 | Val Loss: 2.3304 | Val Acc: 0.4107
2025-06-21 19:56:46,703 [INFO] Epoch 114 | Train Loss: 3.1131 | Val Loss: 2.2205 | Val Acc: 0.3929
2025-06-21 19:56:46,718 [INFO] Epoch 115 | Train Loss: 2.9413 | Val Loss: 2.1456 | Val Acc: 0.4464
2025-06-21 19:56:46,733 [INFO] Epoch 116 | Train Loss: 3.2664 | Val Loss: 2.0985 | Val Acc: 0.4464
2025-06-21 19:56:46,747 [INFO] Epoch 117 | Train Loss: 2.8292 | Val Loss: 2.0957 | Val Acc: 0.4643
2025-06-21 19:56:46,762 [INFO] Epoch 118 | Train Loss: 3.2851 | Val Loss: 2.2349 | Val Acc: 0.4107
2025-06-21 19:56:46,778 [INFO] Epoch 119 | Train Loss: 3.3969 | Val Loss: 2.3801 | Val Acc: 0.4107
2025-06-21 19:56:46,793 [INFO] Epoch 120 | Train Loss: 3.2887 | Val Loss: 2.6182 | Val Acc: 0.3393
2025-06-21 19:56:47,041 [INFO] Epoch 121 | Train Loss: 3.0608 | Val Loss: 2.6233 | Val Acc: 0.2679
2025-06-21 19:56:47,056 [INFO] Epoch 122 | Train Loss: 3.3868 | Val Loss: 2.4260 | Val Acc: 0.3750
2025-06-21 19:56:47,071 [INFO] Epoch 123 | Train Loss: 3.6362 | Val Loss: 2.3634 | Val Acc: 0.4821
2025-06-21 19:56:47,086 [INFO] Epoch 124 | Train Loss: 2.5543 | Val Loss: 2.2461 | Val Acc: 0.4464
2025-06-21 19:56:47,101 [INFO] Epoch 125 | Train Loss: 3.0961 | Val Loss: 2.2574 | Val Acc: 0.4643
2025-06-21 19:56:47,117 [INFO] Epoch 126 | Train Loss: 3.6483 | Val Loss: 2.4114 | Val Acc: 0.3929
2025-06-21 19:56:47,133 [INFO] Epoch 127 | Train Loss: 2.4628 | Val Loss: 2.3807 | Val Acc: 0.3571
2025-06-21 19:56:47,148 [INFO] Epoch 128 | Train Loss: 3.4202 | Val Loss: 2.2517 | Val Acc: 0.3750
2025-06-21 19:56:47,162 [INFO] Epoch 129 | Train Loss: 3.3850 | Val Loss: 2.2743 | Val Acc: 0.3929
2025-06-21 19:56:47,177 [INFO] Epoch 130 | Train Loss: 3.4412 | Val Loss: 2.2078 | Val Acc: 0.4107
2025-06-21 19:56:47,484 [INFO] Epoch 131 | Train Loss: 2.9019 | Val Loss: 2.1145 | Val Acc: 0.4107
2025-06-21 19:56:47,499 [INFO] Epoch 132 | Train Loss: 3.3516 | Val Loss: 2.3327 | Val Acc: 0.3571
2025-06-21 19:56:47,515 [INFO] Epoch 133 | Train Loss: 2.6807 | Val Loss: 2.3041 | Val Acc: 0.3750
2025-06-21 19:56:47,530 [INFO] Epoch 134 | Train Loss: 3.2731 | Val Loss: 2.2049 | Val Acc: 0.4821
2025-06-21 19:56:47,546 [INFO] Epoch 135 | Train Loss: 2.9290 | Val Loss: 2.1831 | Val Acc: 0.4286
2025-06-21 19:56:47,563 [INFO] Epoch 136 | Train Loss: 3.8208 | Val Loss: 2.1966 | Val Acc: 0.3571
2025-06-21 19:56:47,578 [INFO] Epoch 137 | Train Loss: 3.0479 | Val Loss: 2.1902 | Val Acc: 0.3214
2025-06-21 19:56:47,594 [INFO] Epoch 138 | Train Loss: 3.0805 | Val Loss: 2.1730 | Val Acc: 0.2679
2025-06-21 19:56:47,609 [INFO] Epoch 139 | Train Loss: 2.9402 | Val Loss: 2.0504 | Val Acc: 0.3929
2025-06-21 19:56:47,624 [INFO] Epoch 140 | Train Loss: 2.8096 | Val Loss: 2.1490 | Val Acc: 0.4107
2025-06-21 19:56:47,864 [INFO] Epoch 141 | Train Loss: 3.3846 | Val Loss: 2.1770 | Val Acc: 0.4464
2025-06-21 19:56:47,879 [INFO] Epoch 142 | Train Loss: 2.8031 | Val Loss: 2.2163 | Val Acc: 0.3214
2025-06-21 19:56:47,895 [INFO] Epoch 143 | Train Loss: 2.8854 | Val Loss: 2.1697 | Val Acc: 0.3571
2025-06-21 19:56:47,911 [INFO] Epoch 144 | Train Loss: 3.2697 | Val Loss: 2.1818 | Val Acc: 0.3929
2025-06-21 19:56:47,926 [INFO] Epoch 145 | Train Loss: 3.2502 | Val Loss: 2.1598 | Val Acc: 0.4107
2025-06-21 19:56:47,942 [INFO] Epoch 146 | Train Loss: 2.7807 | Val Loss: 2.1164 | Val Acc: 0.4107
2025-06-21 19:56:47,956 [INFO] Epoch 147 | Train Loss: 2.5704 | Val Loss: 2.2296 | Val Acc: 0.3571
2025-06-21 19:56:47,971 [INFO] Epoch 148 | Train Loss: 3.0294 | Val Loss: 2.1418 | Val Acc: 0.3571
2025-06-21 19:56:47,986 [INFO] Epoch 149 | Train Loss: 3.5616 | Val Loss: 2.2912 | Val Acc: 0.3036
2025-06-21 19:56:48,002 [INFO] Epoch 150 | Train Loss: 2.6737 | Val Loss: 2.2918 | Val Acc: 0.3571
2025-06-21 19:56:48,295 [INFO] Epoch 151 | Train Loss: 2.8139 | Val Loss: 2.2888 | Val Acc: 0.3929
2025-06-21 19:56:48,309 [INFO] Epoch 152 | Train Loss: 3.4794 | Val Loss: 2.2069 | Val Acc: 0.4107
2025-06-21 19:56:48,323 [INFO] Epoch 153 | Train Loss: 2.6330 | Val Loss: 2.2982 | Val Acc: 0.3571
2025-06-21 19:56:48,339 [INFO] Epoch 154 | Train Loss: 3.5046 | Val Loss: 2.1537 | Val Acc: 0.3750
2025-06-21 19:56:48,354 [INFO] Epoch 155 | Train Loss: 2.9118 | Val Loss: 1.9818 | Val Acc: 0.3571
2025-06-21 19:56:48,369 [INFO] Epoch 156 | Train Loss: 3.0530 | Val Loss: 1.8563 | Val Acc: 0.3929
2025-06-21 19:56:48,384 [INFO] Epoch 157 | Train Loss: 2.9973 | Val Loss: 1.9363 | Val Acc: 0.4464
2025-06-21 19:56:48,401 [INFO] Epoch 158 | Train Loss: 2.7816 | Val Loss: 2.0893 | Val Acc: 0.3929
2025-06-21 19:56:48,416 [INFO] Epoch 159 | Train Loss: 2.7732 | Val Loss: 2.1767 | Val Acc: 0.3929
2025-06-21 19:56:48,432 [INFO] Epoch 160 | Train Loss: 2.7411 | Val Loss: 2.1891 | Val Acc: 0.3393
2025-06-21 19:56:48,682 [INFO] Epoch 161 | Train Loss: 3.0928 | Val Loss: 2.1607 | Val Acc: 0.4107
2025-06-21 19:56:48,697 [INFO] Epoch 162 | Train Loss: 2.4623 | Val Loss: 2.0484 | Val Acc: 0.4464
2025-06-21 19:56:48,712 [INFO] Epoch 163 | Train Loss: 3.0687 | Val Loss: 2.0540 | Val Acc: 0.4286
2025-06-21 19:56:48,727 [INFO] Epoch 164 | Train Loss: 3.0538 | Val Loss: 2.0917 | Val Acc: 0.4286
2025-06-21 19:56:48,742 [INFO] Epoch 165 | Train Loss: 2.8318 | Val Loss: 2.0844 | Val Acc: 0.3571
2025-06-21 19:56:48,757 [INFO] Epoch 166 | Train Loss: 2.9834 | Val Loss: 2.1007 | Val Acc: 0.3393
2025-06-21 19:56:48,772 [INFO] Epoch 167 | Train Loss: 2.5203 | Val Loss: 2.0453 | Val Acc: 0.4107
2025-06-21 19:56:48,787 [INFO] Epoch 168 | Train Loss: 2.3321 | Val Loss: 2.0613 | Val Acc: 0.4286
2025-06-21 19:56:48,802 [INFO] Epoch 169 | Train Loss: 2.5732 | Val Loss: 2.0396 | Val Acc: 0.4286
2025-06-21 19:56:48,817 [INFO] Epoch 170 | Train Loss: 2.6933 | Val Loss: 2.1214 | Val Acc: 0.3036
2025-06-21 19:56:49,069 [INFO] Epoch 171 | Train Loss: 2.5964 | Val Loss: 2.0651 | Val Acc: 0.4286
2025-06-21 19:56:49,083 [INFO] Epoch 172 | Train Loss: 2.5486 | Val Loss: 2.0680 | Val Acc: 0.4107
2025-06-21 19:56:49,098 [INFO] Epoch 173 | Train Loss: 2.4081 | Val Loss: 1.9484 | Val Acc: 0.3571
2025-06-21 19:56:49,113 [INFO] Epoch 174 | Train Loss: 2.4200 | Val Loss: 1.8050 | Val Acc: 0.4107
2025-06-21 19:56:49,128 [INFO] Epoch 175 | Train Loss: 2.6770 | Val Loss: 1.8311 | Val Acc: 0.3929
2025-06-21 19:56:49,143 [INFO] Epoch 176 | Train Loss: 2.7230 | Val Loss: 1.9334 | Val Acc: 0.3393
2025-06-21 19:56:49,158 [INFO] Epoch 177 | Train Loss: 2.5611 | Val Loss: 2.1122 | Val Acc: 0.3929
2025-06-21 19:56:49,173 [INFO] Epoch 178 | Train Loss: 2.7035 | Val Loss: 2.2633 | Val Acc: 0.3571
2025-06-21 19:56:49,187 [INFO] Epoch 179 | Train Loss: 2.8777 | Val Loss: 2.2703 | Val Acc: 0.3750
2025-06-21 19:56:49,202 [INFO] Epoch 180 | Train Loss: 2.6267 | Val Loss: 2.0835 | Val Acc: 0.4286
2025-06-21 19:56:49,441 [INFO] Early stopping at epoch 180 (no improvement in 150 epochs).
2025-06-21 19:56:49,442 [INFO] Best model saved to <built-in function time>/ENZYMES/best/best_source_gin.pth (Val Acc: 0.4821 at epoch 30)
2025-06-21 19:56:49,443 [INFO] Training/validation metrics saved to <built-in function time>/ENZYMES/GIN_0.0001/train_metrics.csv
2025-06-21 19:56:49,642 [INFO] Final training curves saved
2025-06-21 19:56:49,642 [INFO] Training completed!
2025-06-21 19:56:49,642 [INFO] Best validation accuracy: 0.4821
2025-06-21 19:56:49,642 [INFO] Best epoch: 30
2025-06-21 19:56:49,642 [INFO] Total epochs trained: 180
2025-06-21 19:56:49,643 [INFO] Starting training with parameters: (0.0001, 0.4, 256, 1, 400, 0.0001)
