2025-06-22 09:18:55,329 [INFO] Using device: cpu
2025-06-22 09:18:55,329 [INFO] 开始创建数据加载器...
2025-06-22 09:18:55,331 [INFO] Successfully loaded dataset ENZYMES from ./data, total graphs: 600
2025-06-22 09:18:55,331 [INFO] Class allocation analysis:
2025-06-22 09:18:55,331 [INFO]   Source classes: [0, 1, 2, 3]
2025-06-22 09:18:55,331 [INFO]   Target classes: [0, 1, 2, 3, 4, 5]
2025-06-22 09:18:55,331 [INFO]   Overlap classes (to be split): [0, 1, 2, 3]
2025-06-22 09:18:55,331 [INFO]   Target novel classes (unknown): [4, 5]
2025-06-22 09:18:55,344 [INFO]   Class 0: 100 total -> Source: 70, Target: 30
2025-06-22 09:18:55,344 [INFO]   Class 1: 100 total -> Source: 70, Target: 30
2025-06-22 09:18:55,344 [INFO]   Class 2: 100 total -> Source: 70, Target: 30
2025-06-22 09:18:55,345 [INFO]   Class 3: 100 total -> Source: 70, Target: 30
2025-06-22 09:18:55,345 [INFO]   Class 4 (novel/unknown): 100 samples -> Target
2025-06-22 09:18:55,345 [INFO]   Class 5 (novel/unknown): 100 samples -> Target
2025-06-22 09:18:55,345 [INFO] Final allocation:
2025-06-22 09:18:55,345 [INFO]   Source domain: 280 samples
2025-06-22 09:18:55,345 [INFO]   Target domain: 320 samples
2025-06-22 09:18:55,346 [INFO] Source domain setup:
2025-06-22 09:18:55,346 [INFO]   Original classes: [0, 1, 2, 3]
2025-06-22 09:18:55,346 [INFO]   Overlap classes used: [0, 1, 2, 3]
2025-06-22 09:18:55,346 [INFO]   Label mapping: {0: 0, 1: 1, 2: 2, 3: 3}
2025-06-22 09:18:55,346 [INFO]   Total data after allocation: 280
2025-06-22 09:18:55,346 [INFO]   Data split - Train: 224, Val: 56
2025-06-22 09:18:55,346 [INFO]   Train label distribution: {0: 56, 1: 56, 3: 56, 2: 56}
2025-06-22 09:18:55,346 [INFO]   Val label distribution: {1: 14, 2: 14, 0: 14, 3: 14}
2025-06-22 09:18:55,347 [INFO] Successfully loaded dataset ENZYMES from ./data, total graphs: 600
2025-06-22 09:18:55,347 [INFO] Class allocation analysis:
2025-06-22 09:18:55,347 [INFO]   Source classes: [0, 1, 2, 3]
2025-06-22 09:18:55,347 [INFO]   Target classes: [0, 1, 2, 3, 4, 5]
2025-06-22 09:18:55,347 [INFO]   Overlap classes (to be split): [0, 1, 2, 3]
2025-06-22 09:18:55,347 [INFO]   Target novel classes (unknown): [4, 5]
2025-06-22 09:18:55,361 [INFO]   Class 0: 100 total -> Source: 70, Target: 30
2025-06-22 09:18:55,361 [INFO]   Class 1: 100 total -> Source: 70, Target: 30
2025-06-22 09:18:55,361 [INFO]   Class 2: 100 total -> Source: 70, Target: 30
2025-06-22 09:18:55,361 [INFO]   Class 3: 100 total -> Source: 70, Target: 30
2025-06-22 09:18:55,361 [INFO]   Class 4 (novel/unknown): 100 samples -> Target
2025-06-22 09:18:55,361 [INFO]   Class 5 (novel/unknown): 100 samples -> Target
2025-06-22 09:18:55,361 [INFO] Final allocation:
2025-06-22 09:18:55,361 [INFO]   Source domain: 280 samples
2025-06-22 09:18:55,361 [INFO]   Target domain: 320 samples
2025-06-22 09:18:55,363 [INFO] Target domain setup:
2025-06-22 09:18:55,363 [INFO]   Original classes: [0, 1, 2, 3, 4, 5]
2025-06-22 09:18:55,363 [INFO]   Overlap classes: [0, 1, 2, 3]
2025-06-22 09:18:55,363 [INFO]   Novel classes: [4, 5] -> mapped to unknown label 4
2025-06-22 09:18:55,363 [INFO]   Label mapping: {0: 0, 1: 1, 2: 2, 3: 3, 4: 4, 5: 4}
2025-06-22 09:18:55,363 [INFO]   Total data after allocation: 320
2025-06-22 09:18:55,363 [INFO]   Data split - Train: 256, Val: 64
2025-06-22 09:18:55,363 [INFO]   Total count: 320 (known: 120, unknown: 200)
2025-06-22 09:18:55,363 [INFO]   Total label distribution: {4: 200, 3: 30, 0: 30, 1: 30, 2: 30}
2025-06-22 09:18:55,363 [INFO]   Train label distribution: {4: 160, 0: 24, 2: 24, 3: 24, 1: 24}
2025-06-22 09:18:55,363 [INFO]   Val label distribution: {1: 6, 4: 40, 3: 6, 0: 6, 2: 6}
2025-06-22 09:18:55,363 [INFO] 数据加载器创建完成!
2025-06-22 09:18:55,363 [INFO] 源域类别数: 4 (重叠类别)
2025-06-22 09:18:55,363 [INFO] 目标域类别数: 5 (4个重叠类别 + 1个未知类别)
2025-06-22 09:18:55,363 [INFO] 重叠类别: [0, 1, 2, 3]
2025-06-22 09:18:55,364 [INFO] 目标域新类别: [4, 5]
2025-06-22 09:18:55,364 [INFO] Data allocation verification:
2025-06-22 09:18:55,364 [INFO]   Source data samples: 280
2025-06-22 09:18:55,364 [INFO]   Target data samples: 320
2025-06-22 09:18:55,364 [INFO]   Overlapping samples: 0
2025-06-22 09:18:55,364 [INFO]   ✓ Data allocation is correct - no overlapping samples
2025-06-22 09:18:55,366 [INFO] Model initialized with 10404 parameters
2025-06-22 09:18:55,366 [INFO] Previous best validation accuracy read from record.txt: 0.6250
2025-06-22 09:18:55,366 [INFO] Starting training...
2025-06-22 09:18:55,394 [INFO] Epoch 001 | Train Loss: 12.6888 | Val Loss: 1.9727 | Val Acc: 0.2500
2025-06-22 09:18:56,543 [INFO] New best model at epoch 1 (Val Acc: 0.2500)
2025-06-22 09:18:56,572 [INFO] Epoch 002 | Train Loss: 8.6325 | Val Loss: 1.7314 | Val Acc: 0.2679
2025-06-22 09:18:56,577 [INFO] New best model at epoch 2 (Val Acc: 0.2679)
2025-06-22 09:18:56,613 [INFO] Epoch 003 | Train Loss: 8.1766 | Val Loss: 1.9019 | Val Acc: 0.2500
2025-06-22 09:18:56,651 [INFO] Epoch 004 | Train Loss: 7.3251 | Val Loss: 2.0419 | Val Acc: 0.2500
2025-06-22 09:18:56,685 [INFO] Epoch 005 | Train Loss: 6.7132 | Val Loss: 1.9524 | Val Acc: 0.2500
2025-06-22 09:18:56,713 [INFO] Epoch 006 | Train Loss: 6.2654 | Val Loss: 1.9914 | Val Acc: 0.2321
2025-06-22 09:18:56,742 [INFO] Epoch 007 | Train Loss: 4.7988 | Val Loss: 2.0931 | Val Acc: 0.2500
2025-06-22 09:18:56,770 [INFO] Epoch 008 | Train Loss: 4.4694 | Val Loss: 2.2986 | Val Acc: 0.2500
2025-06-22 09:18:56,799 [INFO] Epoch 009 | Train Loss: 4.1749 | Val Loss: 2.5550 | Val Acc: 0.2679
2025-06-22 09:18:56,828 [INFO] Epoch 010 | Train Loss: 4.7377 | Val Loss: 2.4719 | Val Acc: 0.2321
2025-06-22 09:18:57,578 [INFO] Epoch 011 | Train Loss: 3.5170 | Val Loss: 1.9866 | Val Acc: 0.3393
2025-06-22 09:18:57,583 [INFO] New best model at epoch 11 (Val Acc: 0.3393)
2025-06-22 09:18:57,624 [INFO] Epoch 012 | Train Loss: 3.5554 | Val Loss: 1.7395 | Val Acc: 0.3393
2025-06-22 09:18:57,657 [INFO] Epoch 013 | Train Loss: 3.4980 | Val Loss: 2.0313 | Val Acc: 0.3393
2025-06-22 09:18:57,687 [INFO] Epoch 014 | Train Loss: 3.4412 | Val Loss: 1.8410 | Val Acc: 0.2321
2025-06-22 09:18:57,774 [INFO] Epoch 015 | Train Loss: 3.0321 | Val Loss: 1.7196 | Val Acc: 0.3036
2025-06-22 09:18:57,803 [INFO] Epoch 016 | Train Loss: 3.5714 | Val Loss: 1.5809 | Val Acc: 0.3571
2025-06-22 09:18:57,808 [INFO] New best model at epoch 16 (Val Acc: 0.3571)
2025-06-22 09:18:57,835 [INFO] Epoch 017 | Train Loss: 4.3235 | Val Loss: 1.5061 | Val Acc: 0.2500
2025-06-22 09:18:57,864 [INFO] Epoch 018 | Train Loss: 3.9904 | Val Loss: 1.5042 | Val Acc: 0.3214
2025-06-22 09:18:57,893 [INFO] Epoch 019 | Train Loss: 2.8816 | Val Loss: 1.8717 | Val Acc: 0.2857
2025-06-22 09:18:57,922 [INFO] Epoch 020 | Train Loss: 3.3364 | Val Loss: 1.8819 | Val Acc: 0.3036
2025-06-22 09:18:58,630 [INFO] Epoch 021 | Train Loss: 2.7174 | Val Loss: 2.2619 | Val Acc: 0.3036
2025-06-22 09:18:58,667 [INFO] Epoch 022 | Train Loss: 2.2119 | Val Loss: 2.1427 | Val Acc: 0.3036
2025-06-22 09:18:58,705 [INFO] Epoch 023 | Train Loss: 2.3426 | Val Loss: 1.9603 | Val Acc: 0.3214
2025-06-22 09:18:58,750 [INFO] Epoch 024 | Train Loss: 2.4388 | Val Loss: 1.6615 | Val Acc: 0.3750
2025-06-22 09:18:58,755 [INFO] New best model at epoch 24 (Val Acc: 0.3750)
2025-06-22 09:18:58,780 [INFO] Epoch 025 | Train Loss: 3.4372 | Val Loss: 1.3913 | Val Acc: 0.3929
2025-06-22 09:18:58,785 [INFO] New best model at epoch 25 (Val Acc: 0.3929)
2025-06-22 09:18:58,810 [INFO] Epoch 026 | Train Loss: 2.4789 | Val Loss: 1.3567 | Val Acc: 0.3929
2025-06-22 09:18:58,838 [INFO] Epoch 027 | Train Loss: 2.4802 | Val Loss: 1.3312 | Val Acc: 0.3393
2025-06-22 09:18:58,867 [INFO] Epoch 028 | Train Loss: 3.0695 | Val Loss: 1.3252 | Val Acc: 0.3393
2025-06-22 09:18:58,895 [INFO] Epoch 029 | Train Loss: 2.2537 | Val Loss: 1.6266 | Val Acc: 0.2857
2025-06-22 09:18:58,925 [INFO] Epoch 030 | Train Loss: 2.2660 | Val Loss: 1.6093 | Val Acc: 0.2321
2025-06-22 09:18:59,660 [INFO] Epoch 031 | Train Loss: 1.7250 | Val Loss: 1.4463 | Val Acc: 0.2679
2025-06-22 09:18:59,696 [INFO] Epoch 032 | Train Loss: 2.1161 | Val Loss: 1.3910 | Val Acc: 0.2679
2025-06-22 09:18:59,732 [INFO] Epoch 033 | Train Loss: 2.1304 | Val Loss: 1.3641 | Val Acc: 0.3393
2025-06-22 09:18:59,762 [INFO] Epoch 034 | Train Loss: 2.2609 | Val Loss: 1.3904 | Val Acc: 0.3214
2025-06-22 09:18:59,791 [INFO] Epoch 035 | Train Loss: 2.7610 | Val Loss: 1.4329 | Val Acc: 0.3214
2025-06-22 09:18:59,819 [INFO] Epoch 036 | Train Loss: 1.8205 | Val Loss: 1.5070 | Val Acc: 0.3214
2025-06-22 09:18:59,848 [INFO] Epoch 037 | Train Loss: 1.8389 | Val Loss: 1.6939 | Val Acc: 0.3214
2025-06-22 09:18:59,876 [INFO] Epoch 038 | Train Loss: 2.7635 | Val Loss: 1.6755 | Val Acc: 0.2857
2025-06-22 09:18:59,905 [INFO] Epoch 039 | Train Loss: 1.5877 | Val Loss: 1.6444 | Val Acc: 0.2679
2025-06-22 09:18:59,934 [INFO] Epoch 040 | Train Loss: 2.4184 | Val Loss: 1.4712 | Val Acc: 0.2679
2025-06-22 09:19:02,564 [INFO] Epoch 041 | Train Loss: 2.0942 | Val Loss: 1.4900 | Val Acc: 0.3036
2025-06-22 09:19:02,617 [INFO] Epoch 042 | Train Loss: 2.2245 | Val Loss: 1.8100 | Val Acc: 0.3036
2025-06-22 09:19:02,664 [INFO] Epoch 043 | Train Loss: 2.0998 | Val Loss: 1.7780 | Val Acc: 0.3036
2025-06-22 09:19:02,694 [INFO] Epoch 044 | Train Loss: 2.2525 | Val Loss: 1.9166 | Val Acc: 0.3571
2025-06-22 09:19:02,724 [INFO] Epoch 045 | Train Loss: 2.4571 | Val Loss: 1.8055 | Val Acc: 0.2857
2025-06-22 09:19:02,752 [INFO] Epoch 046 | Train Loss: 2.4739 | Val Loss: 1.7058 | Val Acc: 0.3036
2025-06-22 09:19:02,783 [INFO] Epoch 047 | Train Loss: 1.9944 | Val Loss: 1.7760 | Val Acc: 0.3214
2025-06-22 09:19:02,828 [INFO] Epoch 048 | Train Loss: 2.0117 | Val Loss: 1.5950 | Val Acc: 0.2857
2025-06-22 09:19:02,886 [INFO] Epoch 049 | Train Loss: 2.0610 | Val Loss: 1.2982 | Val Acc: 0.3571
2025-06-22 09:19:02,915 [INFO] Epoch 050 | Train Loss: 2.1356 | Val Loss: 1.3370 | Val Acc: 0.3214
2025-06-22 09:19:03,948 [INFO] Epoch 051 | Train Loss: 2.9120 | Val Loss: 1.3563 | Val Acc: 0.3393
2025-06-22 09:19:03,988 [INFO] Epoch 052 | Train Loss: 1.9616 | Val Loss: 1.4333 | Val Acc: 0.3214
2025-06-22 09:19:04,025 [INFO] Epoch 053 | Train Loss: 1.3579 | Val Loss: 1.4366 | Val Acc: 0.3036
2025-06-22 09:19:04,056 [INFO] Epoch 054 | Train Loss: 1.8455 | Val Loss: 1.4042 | Val Acc: 0.3393
2025-06-22 09:19:04,085 [INFO] Epoch 055 | Train Loss: 2.3623 | Val Loss: 1.3946 | Val Acc: 0.2679
2025-06-22 09:19:04,115 [INFO] Epoch 056 | Train Loss: 1.8692 | Val Loss: 1.4578 | Val Acc: 0.2500
2025-06-22 09:19:04,151 [INFO] Epoch 057 | Train Loss: 2.1482 | Val Loss: 1.6410 | Val Acc: 0.2679
2025-06-22 09:19:04,185 [INFO] Epoch 058 | Train Loss: 2.1668 | Val Loss: 2.2380 | Val Acc: 0.2679
2025-06-22 09:19:04,214 [INFO] Epoch 059 | Train Loss: 2.0668 | Val Loss: 2.0489 | Val Acc: 0.3571
2025-06-22 09:19:04,242 [INFO] Epoch 060 | Train Loss: 1.7210 | Val Loss: 1.7102 | Val Acc: 0.3393
2025-06-22 09:19:05,034 [INFO] Epoch 061 | Train Loss: 2.0297 | Val Loss: 1.5604 | Val Acc: 0.3214
2025-06-22 09:19:05,063 [INFO] Epoch 062 | Train Loss: 1.7126 | Val Loss: 1.4795 | Val Acc: 0.3214
2025-06-22 09:19:05,100 [INFO] Epoch 063 | Train Loss: 1.7129 | Val Loss: 1.5771 | Val Acc: 0.2857
2025-06-22 09:19:05,136 [INFO] Epoch 064 | Train Loss: 1.6078 | Val Loss: 1.4464 | Val Acc: 0.2321
2025-06-22 09:19:05,167 [INFO] Epoch 065 | Train Loss: 1.5995 | Val Loss: 1.5481 | Val Acc: 0.2500
2025-06-22 09:19:05,195 [INFO] Epoch 066 | Train Loss: 1.8021 | Val Loss: 1.6681 | Val Acc: 0.2500
2025-06-22 09:19:05,228 [INFO] Epoch 067 | Train Loss: 1.8733 | Val Loss: 1.5388 | Val Acc: 0.3036
2025-06-22 09:19:05,270 [INFO] Epoch 068 | Train Loss: 1.5693 | Val Loss: 1.4925 | Val Acc: 0.2857
2025-06-22 09:19:05,300 [INFO] Epoch 069 | Train Loss: 2.3483 | Val Loss: 1.5443 | Val Acc: 0.3214
2025-06-22 09:19:05,329 [INFO] Epoch 070 | Train Loss: 1.3626 | Val Loss: 1.5180 | Val Acc: 0.3214
2025-06-22 09:19:06,085 [INFO] Epoch 071 | Train Loss: 1.5552 | Val Loss: 1.4843 | Val Acc: 0.2857
2025-06-22 09:19:06,123 [INFO] Epoch 072 | Train Loss: 1.9671 | Val Loss: 1.5198 | Val Acc: 0.2679
2025-06-22 09:19:06,158 [INFO] Epoch 073 | Train Loss: 1.6563 | Val Loss: 1.4461 | Val Acc: 0.2679
2025-06-22 09:19:06,186 [INFO] Epoch 074 | Train Loss: 1.6936 | Val Loss: 1.4962 | Val Acc: 0.2857
2025-06-22 09:19:06,215 [INFO] Epoch 075 | Train Loss: 2.4230 | Val Loss: 1.4907 | Val Acc: 0.3036
2025-06-22 09:19:06,244 [INFO] Epoch 076 | Train Loss: 1.9378 | Val Loss: 1.4691 | Val Acc: 0.3036
2025-06-22 09:19:06,274 [INFO] Epoch 077 | Train Loss: 1.4189 | Val Loss: 1.4039 | Val Acc: 0.3214
2025-06-22 09:19:06,302 [INFO] Epoch 078 | Train Loss: 1.7850 | Val Loss: 1.4482 | Val Acc: 0.3393
2025-06-22 09:19:06,331 [INFO] Epoch 079 | Train Loss: 1.6462 | Val Loss: 1.4371 | Val Acc: 0.3214
2025-06-22 09:19:06,361 [INFO] Epoch 080 | Train Loss: 1.7072 | Val Loss: 1.4141 | Val Acc: 0.3571
2025-06-22 09:19:07,095 [INFO] Epoch 081 | Train Loss: 1.2864 | Val Loss: 1.3493 | Val Acc: 0.3571
2025-06-22 09:19:07,130 [INFO] Epoch 082 | Train Loss: 1.5019 | Val Loss: 1.3872 | Val Acc: 0.3571
2025-06-22 09:19:07,165 [INFO] Epoch 083 | Train Loss: 1.5410 | Val Loss: 1.5260 | Val Acc: 0.3214
2025-06-22 09:19:07,196 [INFO] Epoch 084 | Train Loss: 1.4728 | Val Loss: 1.4500 | Val Acc: 0.3036
2025-06-22 09:19:07,225 [INFO] Epoch 085 | Train Loss: 1.5871 | Val Loss: 1.3036 | Val Acc: 0.3393
2025-06-22 09:19:07,254 [INFO] Epoch 086 | Train Loss: 1.3007 | Val Loss: 1.2715 | Val Acc: 0.3571
2025-06-22 09:19:07,282 [INFO] Epoch 087 | Train Loss: 1.6973 | Val Loss: 1.3186 | Val Acc: 0.3571
2025-06-22 09:19:07,312 [INFO] Epoch 088 | Train Loss: 1.8949 | Val Loss: 1.4495 | Val Acc: 0.2679
2025-06-22 09:19:07,340 [INFO] Epoch 089 | Train Loss: 1.2948 | Val Loss: 1.4105 | Val Acc: 0.3393
2025-06-22 09:19:07,369 [INFO] Epoch 090 | Train Loss: 1.3117 | Val Loss: 1.4092 | Val Acc: 0.3214
2025-06-22 09:19:09,754 [INFO] Epoch 091 | Train Loss: 2.0075 | Val Loss: 1.3802 | Val Acc: 0.2500
2025-06-22 09:19:09,798 [INFO] Epoch 092 | Train Loss: 1.5534 | Val Loss: 1.4181 | Val Acc: 0.2857
2025-06-22 09:19:09,848 [INFO] Epoch 093 | Train Loss: 1.4418 | Val Loss: 1.4569 | Val Acc: 0.2857
2025-06-22 09:19:09,888 [INFO] Epoch 094 | Train Loss: 1.8824 | Val Loss: 1.4474 | Val Acc: 0.3036
2025-06-22 09:19:09,928 [INFO] Epoch 095 | Train Loss: 1.2914 | Val Loss: 1.4382 | Val Acc: 0.3036
2025-06-22 09:19:09,969 [INFO] Epoch 096 | Train Loss: 1.3755 | Val Loss: 1.3419 | Val Acc: 0.3393
2025-06-22 09:19:10,004 [INFO] Epoch 097 | Train Loss: 1.7156 | Val Loss: 1.3028 | Val Acc: 0.3571
2025-06-22 09:19:10,038 [INFO] Epoch 098 | Train Loss: 1.4448 | Val Loss: 1.3109 | Val Acc: 0.2857
2025-06-22 09:19:10,079 [INFO] Epoch 099 | Train Loss: 1.5184 | Val Loss: 1.2829 | Val Acc: 0.3036
2025-06-22 09:19:10,117 [INFO] Epoch 100 | Train Loss: 1.3360 | Val Loss: 1.3086 | Val Acc: 0.3036
2025-06-22 09:19:11,223 [INFO] Best model saved to <built-in function time>/ENZYMES/best/best_source_gin.pth (Val Acc: 0.3929 at epoch 25)
2025-06-22 09:19:11,224 [INFO] Training/validation metrics saved to <built-in function time>/ENZYMES/GIN_0.001/train_metrics.csv
2025-06-22 09:19:12,035 [INFO] Final training curves saved
2025-06-22 09:19:12,035 [INFO] Training completed!
2025-06-22 09:19:12,035 [INFO] Best validation accuracy: 0.3929
2025-06-22 09:19:12,035 [INFO] Best epoch: 25
2025-06-22 09:19:12,035 [INFO] Total epochs trained: 100
2025-06-22 09:19:12,035 [INFO] Starting training with parameters: (0.001, 0.5, 32, 5, 100, 0.0001)
