2025-06-21 21:32:27,822 [INFO] Using device: cpu
2025-06-21 21:32:27,822 [INFO] 开始创建数据加载器...
2025-06-21 21:32:27,825 [INFO] Successfully loaded dataset ENZYMES from ./data, total graphs: 600
2025-06-21 21:32:27,825 [INFO] Class allocation analysis:
2025-06-21 21:32:27,825 [INFO]   Source classes: [0, 1, 2, 3]
2025-06-21 21:32:27,825 [INFO]   Target classes: [0, 1, 2, 3, 4, 5]
2025-06-21 21:32:27,825 [INFO]   Overlap classes (to be split): [0, 1, 2, 3]
2025-06-21 21:32:27,825 [INFO]   Target novel classes (unknown): [4, 5]
2025-06-21 21:32:27,839 [INFO]   Class 0: 100 total -> Source: 70, Target: 30
2025-06-21 21:32:27,839 [INFO]   Class 1: 100 total -> Source: 70, Target: 30
2025-06-21 21:32:27,839 [INFO]   Class 2: 100 total -> Source: 70, Target: 30
2025-06-21 21:32:27,840 [INFO]   Class 3: 100 total -> Source: 70, Target: 30
2025-06-21 21:32:27,840 [INFO]   Class 4 (novel/unknown): 100 samples -> Target
2025-06-21 21:32:27,840 [INFO]   Class 5 (novel/unknown): 100 samples -> Target
2025-06-21 21:32:27,840 [INFO] Final allocation:
2025-06-21 21:32:27,840 [INFO]   Source domain: 280 samples
2025-06-21 21:32:27,840 [INFO]   Target domain: 320 samples
2025-06-21 21:32:27,841 [INFO] Source domain setup:
2025-06-21 21:32:27,841 [INFO]   Original classes: [0, 1, 2, 3]
2025-06-21 21:32:27,841 [INFO]   Overlap classes used: [0, 1, 2, 3]
2025-06-21 21:32:27,841 [INFO]   Label mapping: {0: 0, 1: 1, 2: 2, 3: 3}
2025-06-21 21:32:27,841 [INFO]   Total data after allocation: 280
2025-06-21 21:32:27,841 [INFO]   Data split - Train: 224, Val: 56
2025-06-21 21:32:27,841 [INFO]   Train label distribution: {0: 56, 1: 56, 3: 56, 2: 56}
2025-06-21 21:32:27,841 [INFO]   Val label distribution: {1: 14, 2: 14, 0: 14, 3: 14}
2025-06-21 21:32:27,843 [INFO] Successfully loaded dataset ENZYMES from ./data, total graphs: 600
2025-06-21 21:32:27,843 [INFO] Class allocation analysis:
2025-06-21 21:32:27,843 [INFO]   Source classes: [0, 1, 2, 3]
2025-06-21 21:32:27,843 [INFO]   Target classes: [0, 1, 2, 3, 4, 5]
2025-06-21 21:32:27,843 [INFO]   Overlap classes (to be split): [0, 1, 2, 3]
2025-06-21 21:32:27,843 [INFO]   Target novel classes (unknown): [4, 5]
2025-06-21 21:32:27,856 [INFO]   Class 0: 100 total -> Source: 70, Target: 30
2025-06-21 21:32:27,856 [INFO]   Class 1: 100 total -> Source: 70, Target: 30
2025-06-21 21:32:27,856 [INFO]   Class 2: 100 total -> Source: 70, Target: 30
2025-06-21 21:32:27,856 [INFO]   Class 3: 100 total -> Source: 70, Target: 30
2025-06-21 21:32:27,856 [INFO]   Class 4 (novel/unknown): 100 samples -> Target
2025-06-21 21:32:27,856 [INFO]   Class 5 (novel/unknown): 100 samples -> Target
2025-06-21 21:32:27,856 [INFO] Final allocation:
2025-06-21 21:32:27,856 [INFO]   Source domain: 280 samples
2025-06-21 21:32:27,856 [INFO]   Target domain: 320 samples
2025-06-21 21:32:27,858 [INFO] Target domain setup:
2025-06-21 21:32:27,858 [INFO]   Original classes: [0, 1, 2, 3, 4, 5]
2025-06-21 21:32:27,858 [INFO]   Overlap classes: [0, 1, 2, 3]
2025-06-21 21:32:27,858 [INFO]   Novel classes: [4, 5] -> mapped to unknown label 4
2025-06-21 21:32:27,858 [INFO]   Label mapping: {0: 0, 1: 1, 2: 2, 3: 3, 4: 4, 5: 4}
2025-06-21 21:32:27,858 [INFO]   Total data after allocation: 320
2025-06-21 21:32:27,858 [INFO]   Data split - Train: 256, Val: 64
2025-06-21 21:32:27,858 [INFO]   Total count: 320 (known: 120, unknown: 200)
2025-06-21 21:32:27,858 [INFO]   Total label distribution: {4: 200, 3: 30, 0: 30, 1: 30, 2: 30}
2025-06-21 21:32:27,858 [INFO]   Train label distribution: {4: 160, 0: 24, 2: 24, 3: 24, 1: 24}
2025-06-21 21:32:27,858 [INFO]   Val label distribution: {1: 6, 4: 40, 3: 6, 0: 6, 2: 6}
2025-06-21 21:32:27,858 [INFO] 数据加载器创建完成!
2025-06-21 21:32:27,858 [INFO] 源域类别数: 4 (重叠类别)
2025-06-21 21:32:27,858 [INFO] 目标域类别数: 5 (4个重叠类别 + 1个未知类别)
2025-06-21 21:32:27,858 [INFO] 重叠类别: [0, 1, 2, 3]
2025-06-21 21:32:27,858 [INFO] 目标域新类别: [4, 5]
2025-06-21 21:32:27,858 [INFO] Data allocation verification:
2025-06-21 21:32:27,858 [INFO]   Source data samples: 280
2025-06-21 21:32:27,858 [INFO]   Target data samples: 320
2025-06-21 21:32:27,859 [INFO]   Overlapping samples: 0
2025-06-21 21:32:27,859 [INFO]   ✓ Data allocation is correct - no overlapping samples
2025-06-21 21:32:27,861 [INFO] Model initialized with 466692 parameters
2025-06-21 21:32:27,862 [INFO] Previous best validation accuracy read from record.txt: 0.6250
2025-06-21 21:32:27,862 [INFO] Starting training...
2025-06-21 21:32:27,917 [INFO] Epoch 001 | Train Loss: 12.4251 | Val Loss: 1.4050 | Val Acc: 0.3036
2025-06-21 21:32:28,244 [INFO] New best model at epoch 1 (Val Acc: 0.3036)
2025-06-21 21:32:28,299 [INFO] Epoch 002 | Train Loss: 8.6981 | Val Loss: 1.5824 | Val Acc: 0.2679
2025-06-21 21:32:28,361 [INFO] Epoch 003 | Train Loss: 7.9799 | Val Loss: 1.7658 | Val Acc: 0.2857
2025-06-21 21:32:28,425 [INFO] Epoch 004 | Train Loss: 8.2226 | Val Loss: 2.2690 | Val Acc: 0.2857
2025-06-21 21:32:28,495 [INFO] Epoch 005 | Train Loss: 6.7882 | Val Loss: 3.0147 | Val Acc: 0.3036
2025-06-21 21:32:28,592 [INFO] Epoch 006 | Train Loss: 6.4680 | Val Loss: 3.5185 | Val Acc: 0.2679
2025-06-21 21:32:28,662 [INFO] Epoch 007 | Train Loss: 5.9283 | Val Loss: 3.6718 | Val Acc: 0.2321
2025-06-21 21:32:28,724 [INFO] Epoch 008 | Train Loss: 6.8287 | Val Loss: 3.2748 | Val Acc: 0.3036
2025-06-21 21:32:28,790 [INFO] Epoch 009 | Train Loss: 6.0517 | Val Loss: 3.4217 | Val Acc: 0.4643
2025-06-21 21:32:28,801 [INFO] New best model at epoch 9 (Val Acc: 0.4643)
2025-06-21 21:32:28,858 [INFO] Epoch 010 | Train Loss: 7.0626 | Val Loss: 4.0271 | Val Acc: 0.3750
2025-06-21 21:32:29,932 [INFO] Epoch 011 | Train Loss: 5.9378 | Val Loss: 4.2096 | Val Acc: 0.2857
2025-06-21 21:32:30,033 [INFO] Epoch 012 | Train Loss: 6.5892 | Val Loss: 4.6344 | Val Acc: 0.2679
2025-06-21 21:32:30,101 [INFO] Epoch 013 | Train Loss: 6.5142 | Val Loss: 3.9903 | Val Acc: 0.4286
2025-06-21 21:32:30,163 [INFO] Epoch 014 | Train Loss: 6.2226 | Val Loss: 3.8017 | Val Acc: 0.4286
2025-06-21 21:32:30,228 [INFO] Epoch 015 | Train Loss: 6.2936 | Val Loss: 4.2144 | Val Acc: 0.4107
2025-06-21 21:32:30,295 [INFO] Epoch 016 | Train Loss: 4.5651 | Val Loss: 4.3561 | Val Acc: 0.3571
2025-06-21 21:32:30,371 [INFO] Epoch 017 | Train Loss: 5.5328 | Val Loss: 4.0621 | Val Acc: 0.3750
2025-06-21 21:32:30,452 [INFO] Epoch 018 | Train Loss: 4.3202 | Val Loss: 5.1245 | Val Acc: 0.3393
2025-06-21 21:32:30,522 [INFO] Epoch 019 | Train Loss: 5.7700 | Val Loss: 4.6224 | Val Acc: 0.4464
2025-06-21 21:32:30,607 [INFO] Epoch 020 | Train Loss: 4.8000 | Val Loss: 4.4664 | Val Acc: 0.3571
2025-06-21 21:32:30,978 [INFO] Epoch 021 | Train Loss: 5.2089 | Val Loss: 4.6628 | Val Acc: 0.3571
2025-06-21 21:32:31,052 [INFO] Epoch 022 | Train Loss: 4.4571 | Val Loss: 4.3753 | Val Acc: 0.3036
2025-06-21 21:32:31,118 [INFO] Epoch 023 | Train Loss: 4.8900 | Val Loss: 4.0103 | Val Acc: 0.3929
2025-06-21 21:32:31,181 [INFO] Epoch 024 | Train Loss: 4.1373 | Val Loss: 3.8491 | Val Acc: 0.3750
2025-06-21 21:32:31,247 [INFO] Epoch 025 | Train Loss: 3.9586 | Val Loss: 3.4084 | Val Acc: 0.4286
2025-06-21 21:32:31,311 [INFO] Epoch 026 | Train Loss: 3.3885 | Val Loss: 3.9840 | Val Acc: 0.3750
2025-06-21 21:32:31,375 [INFO] Epoch 027 | Train Loss: 4.5450 | Val Loss: 3.7294 | Val Acc: 0.4286
2025-06-21 21:32:31,451 [INFO] Epoch 028 | Train Loss: 4.6364 | Val Loss: 3.6950 | Val Acc: 0.4643
2025-06-21 21:32:31,520 [INFO] Epoch 029 | Train Loss: 3.4308 | Val Loss: 4.0615 | Val Acc: 0.3750
2025-06-21 21:32:31,582 [INFO] Epoch 030 | Train Loss: 4.1596 | Val Loss: 4.3516 | Val Acc: 0.4107
2025-06-21 21:32:31,961 [INFO] Epoch 031 | Train Loss: 4.1650 | Val Loss: 4.6156 | Val Acc: 0.4286
2025-06-21 21:32:32,040 [INFO] Epoch 032 | Train Loss: 4.9064 | Val Loss: 3.1748 | Val Acc: 0.4821
2025-06-21 21:32:32,052 [INFO] New best model at epoch 32 (Val Acc: 0.4821)
2025-06-21 21:32:32,111 [INFO] Epoch 033 | Train Loss: 3.8109 | Val Loss: 3.1207 | Val Acc: 0.3929
2025-06-21 21:32:32,178 [INFO] Epoch 034 | Train Loss: 3.3465 | Val Loss: 3.1728 | Val Acc: 0.4286
2025-06-21 21:32:32,239 [INFO] Epoch 035 | Train Loss: 3.6947 | Val Loss: 3.6185 | Val Acc: 0.4107
2025-06-21 21:32:32,306 [INFO] Epoch 036 | Train Loss: 4.3186 | Val Loss: 3.8071 | Val Acc: 0.4643
2025-06-21 21:32:32,372 [INFO] Epoch 037 | Train Loss: 3.1185 | Val Loss: 3.8813 | Val Acc: 0.4286
2025-06-21 21:32:32,448 [INFO] Epoch 038 | Train Loss: 3.6253 | Val Loss: 4.0998 | Val Acc: 0.4464
2025-06-21 21:32:32,517 [INFO] Epoch 039 | Train Loss: 2.9737 | Val Loss: 4.0545 | Val Acc: 0.4107
2025-06-21 21:32:32,586 [INFO] Epoch 040 | Train Loss: 4.3485 | Val Loss: 3.8518 | Val Acc: 0.3750
2025-06-21 21:32:33,289 [INFO] Epoch 041 | Train Loss: 3.6417 | Val Loss: 3.7634 | Val Acc: 0.4464
2025-06-21 21:32:33,355 [INFO] Epoch 042 | Train Loss: 3.0856 | Val Loss: 3.7522 | Val Acc: 0.4286
2025-06-21 21:32:33,419 [INFO] Epoch 043 | Train Loss: 3.4756 | Val Loss: 4.3764 | Val Acc: 0.4643
2025-06-21 21:32:33,482 [INFO] Epoch 044 | Train Loss: 2.8265 | Val Loss: 4.2133 | Val Acc: 0.4286
2025-06-21 21:32:33,546 [INFO] Epoch 045 | Train Loss: 2.9351 | Val Loss: 4.0527 | Val Acc: 0.3929
2025-06-21 21:32:33,609 [INFO] Epoch 046 | Train Loss: 2.6137 | Val Loss: 3.8015 | Val Acc: 0.4464
2025-06-21 21:32:33,674 [INFO] Epoch 047 | Train Loss: 2.0215 | Val Loss: 3.7429 | Val Acc: 0.4643
2025-06-21 21:32:33,746 [INFO] Epoch 048 | Train Loss: 2.9444 | Val Loss: 4.0400 | Val Acc: 0.4464
2025-06-21 21:32:33,817 [INFO] Epoch 049 | Train Loss: 3.5330 | Val Loss: 3.7610 | Val Acc: 0.4464
2025-06-21 21:32:33,878 [INFO] Epoch 050 | Train Loss: 2.4094 | Val Loss: 3.7460 | Val Acc: 0.4821
2025-06-21 21:32:34,243 [INFO] Epoch 051 | Train Loss: 2.5503 | Val Loss: 3.7153 | Val Acc: 0.4821
2025-06-21 21:32:34,319 [INFO] Epoch 052 | Train Loss: 2.9220 | Val Loss: 3.7136 | Val Acc: 0.4464
2025-06-21 21:32:34,384 [INFO] Epoch 053 | Train Loss: 3.4305 | Val Loss: 3.5798 | Val Acc: 0.5000
2025-06-21 21:32:34,395 [INFO] New best model at epoch 53 (Val Acc: 0.5000)
2025-06-21 21:32:34,455 [INFO] Epoch 054 | Train Loss: 2.2833 | Val Loss: 3.9945 | Val Acc: 0.4464
2025-06-21 21:32:34,519 [INFO] Epoch 055 | Train Loss: 2.5331 | Val Loss: 3.7915 | Val Acc: 0.4821
2025-06-21 21:32:34,588 [INFO] Epoch 056 | Train Loss: 2.2553 | Val Loss: 3.6928 | Val Acc: 0.5357
2025-06-21 21:32:34,599 [INFO] New best model at epoch 56 (Val Acc: 0.5357)
2025-06-21 21:32:34,659 [INFO] Epoch 057 | Train Loss: 3.1126 | Val Loss: 3.7820 | Val Acc: 0.4643
2025-06-21 21:32:34,729 [INFO] Epoch 058 | Train Loss: 1.9124 | Val Loss: 3.5056 | Val Acc: 0.4643
2025-06-21 21:32:34,793 [INFO] Epoch 059 | Train Loss: 2.2076 | Val Loss: 3.7319 | Val Acc: 0.4464
2025-06-21 21:32:34,863 [INFO] Epoch 060 | Train Loss: 2.8822 | Val Loss: 4.5171 | Val Acc: 0.4107
2025-06-21 21:32:35,417 [INFO] Epoch 061 | Train Loss: 3.9731 | Val Loss: 4.0833 | Val Acc: 0.3929
2025-06-21 21:32:35,485 [INFO] Epoch 062 | Train Loss: 2.4667 | Val Loss: 4.2041 | Val Acc: 0.3750
2025-06-21 21:32:35,551 [INFO] Epoch 063 | Train Loss: 2.0530 | Val Loss: 4.2523 | Val Acc: 0.4286
2025-06-21 21:32:35,619 [INFO] Epoch 064 | Train Loss: 2.9341 | Val Loss: 4.1457 | Val Acc: 0.4464
2025-06-21 21:32:35,685 [INFO] Epoch 065 | Train Loss: 2.3405 | Val Loss: 4.0579 | Val Acc: 0.4821
2025-06-21 21:32:35,810 [INFO] Epoch 066 | Train Loss: 3.4039 | Val Loss: 3.6561 | Val Acc: 0.4464
2025-06-21 21:32:35,876 [INFO] Epoch 067 | Train Loss: 2.4963 | Val Loss: 3.6268 | Val Acc: 0.3929
2025-06-21 21:32:35,948 [INFO] Epoch 068 | Train Loss: 2.0230 | Val Loss: 3.4988 | Val Acc: 0.3571
2025-06-21 21:32:36,022 [INFO] Epoch 069 | Train Loss: 2.1892 | Val Loss: 3.9699 | Val Acc: 0.3750
2025-06-21 21:32:36,089 [INFO] Epoch 070 | Train Loss: 2.1950 | Val Loss: 3.8014 | Val Acc: 0.3750
2025-06-21 21:32:36,458 [INFO] Epoch 071 | Train Loss: 1.5398 | Val Loss: 3.7511 | Val Acc: 0.3750
2025-06-21 21:32:36,525 [INFO] Epoch 072 | Train Loss: 1.9119 | Val Loss: 3.6766 | Val Acc: 0.3571
2025-06-21 21:32:36,591 [INFO] Epoch 073 | Train Loss: 1.8334 | Val Loss: 3.4222 | Val Acc: 0.3750
2025-06-21 21:32:36,658 [INFO] Epoch 074 | Train Loss: 2.7869 | Val Loss: 3.7836 | Val Acc: 0.4107
2025-06-21 21:32:36,722 [INFO] Epoch 075 | Train Loss: 2.3608 | Val Loss: 4.4340 | Val Acc: 0.4107
2025-06-21 21:32:36,786 [INFO] Epoch 076 | Train Loss: 2.0934 | Val Loss: 4.6226 | Val Acc: 0.3571
2025-06-21 21:32:36,849 [INFO] Epoch 077 | Train Loss: 1.9658 | Val Loss: 4.0696 | Val Acc: 0.3929
2025-06-21 21:32:36,915 [INFO] Epoch 078 | Train Loss: 1.9026 | Val Loss: 4.3022 | Val Acc: 0.4107
2025-06-21 21:32:36,995 [INFO] Epoch 079 | Train Loss: 1.7236 | Val Loss: 4.2720 | Val Acc: 0.4286
2025-06-21 21:32:37,062 [INFO] Epoch 080 | Train Loss: 1.8946 | Val Loss: 4.3662 | Val Acc: 0.5000
2025-06-21 21:32:37,463 [INFO] Epoch 081 | Train Loss: 1.3251 | Val Loss: 4.5015 | Val Acc: 0.4464
2025-06-21 21:32:37,529 [INFO] Epoch 082 | Train Loss: 2.7685 | Val Loss: 4.5481 | Val Acc: 0.4464
2025-06-21 21:32:37,600 [INFO] Epoch 083 | Train Loss: 2.1559 | Val Loss: 4.3241 | Val Acc: 0.4464
2025-06-21 21:32:37,666 [INFO] Epoch 084 | Train Loss: 1.8004 | Val Loss: 4.2829 | Val Acc: 0.4286
2025-06-21 21:32:37,733 [INFO] Epoch 085 | Train Loss: 2.2495 | Val Loss: 4.0938 | Val Acc: 0.4821
2025-06-21 21:32:37,800 [INFO] Epoch 086 | Train Loss: 1.2714 | Val Loss: 4.0063 | Val Acc: 0.5179
2025-06-21 21:32:37,864 [INFO] Epoch 087 | Train Loss: 1.3691 | Val Loss: 3.6617 | Val Acc: 0.5000
2025-06-21 21:32:37,942 [INFO] Epoch 088 | Train Loss: 3.2624 | Val Loss: 3.5725 | Val Acc: 0.4286
2025-06-21 21:32:38,007 [INFO] Epoch 089 | Train Loss: 1.8510 | Val Loss: 3.5290 | Val Acc: 0.4107
2025-06-21 21:32:38,069 [INFO] Epoch 090 | Train Loss: 1.7960 | Val Loss: 3.7901 | Val Acc: 0.4821
2025-06-21 21:32:38,474 [INFO] Epoch 091 | Train Loss: 2.1530 | Val Loss: 3.9004 | Val Acc: 0.4643
2025-06-21 21:32:38,543 [INFO] Epoch 092 | Train Loss: 2.0129 | Val Loss: 4.0314 | Val Acc: 0.4821
2025-06-21 21:32:38,605 [INFO] Epoch 093 | Train Loss: 2.7898 | Val Loss: 3.9692 | Val Acc: 0.5536
2025-06-21 21:32:38,617 [INFO] New best model at epoch 93 (Val Acc: 0.5536)
2025-06-21 21:32:38,672 [INFO] Epoch 094 | Train Loss: 1.9483 | Val Loss: 4.1809 | Val Acc: 0.4464
2025-06-21 21:32:38,738 [INFO] Epoch 095 | Train Loss: 1.7554 | Val Loss: 4.5516 | Val Acc: 0.3929
2025-06-21 21:32:38,803 [INFO] Epoch 096 | Train Loss: 2.2075 | Val Loss: 4.3274 | Val Acc: 0.4107
2025-06-21 21:32:38,868 [INFO] Epoch 097 | Train Loss: 1.2102 | Val Loss: 4.6534 | Val Acc: 0.4107
2025-06-21 21:32:38,937 [INFO] Epoch 098 | Train Loss: 1.7681 | Val Loss: 4.4477 | Val Acc: 0.4464
2025-06-21 21:32:39,010 [INFO] Epoch 099 | Train Loss: 2.3145 | Val Loss: 4.3417 | Val Acc: 0.4464
2025-06-21 21:32:39,073 [INFO] Epoch 100 | Train Loss: 1.9671 | Val Loss: 4.2111 | Val Acc: 0.4464
2025-06-21 21:32:39,435 [INFO] Epoch 101 | Train Loss: 2.1862 | Val Loss: 4.5135 | Val Acc: 0.4286
2025-06-21 21:32:39,506 [INFO] Epoch 102 | Train Loss: 0.9944 | Val Loss: 4.5065 | Val Acc: 0.4643
2025-06-21 21:32:39,573 [INFO] Epoch 103 | Train Loss: 1.3684 | Val Loss: 4.9664 | Val Acc: 0.5000
2025-06-21 21:32:39,639 [INFO] Epoch 104 | Train Loss: 1.8336 | Val Loss: 4.7312 | Val Acc: 0.4643
2025-06-21 21:32:39,706 [INFO] Epoch 105 | Train Loss: 1.6442 | Val Loss: 4.4998 | Val Acc: 0.4464
2025-06-21 21:32:39,772 [INFO] Epoch 106 | Train Loss: 1.3630 | Val Loss: 4.4443 | Val Acc: 0.4107
2025-06-21 21:32:39,838 [INFO] Epoch 107 | Train Loss: 1.7332 | Val Loss: 4.4341 | Val Acc: 0.4107
2025-06-21 21:32:39,908 [INFO] Epoch 108 | Train Loss: 1.5528 | Val Loss: 4.6639 | Val Acc: 0.4464
2025-06-21 21:32:39,994 [INFO] Epoch 109 | Train Loss: 2.0813 | Val Loss: 4.5794 | Val Acc: 0.4464
2025-06-21 21:32:40,060 [INFO] Epoch 110 | Train Loss: 3.2183 | Val Loss: 3.8929 | Val Acc: 0.4464
2025-06-21 21:32:40,435 [INFO] Epoch 111 | Train Loss: 2.2704 | Val Loss: 3.9859 | Val Acc: 0.4643
2025-06-21 21:32:40,506 [INFO] Epoch 112 | Train Loss: 1.7396 | Val Loss: 4.5079 | Val Acc: 0.4107
2025-06-21 21:32:40,574 [INFO] Epoch 113 | Train Loss: 2.2374 | Val Loss: 5.3675 | Val Acc: 0.3929
2025-06-21 21:32:40,638 [INFO] Epoch 114 | Train Loss: 1.0959 | Val Loss: 4.8561 | Val Acc: 0.4286
2025-06-21 21:32:40,703 [INFO] Epoch 115 | Train Loss: 2.2349 | Val Loss: 4.7136 | Val Acc: 0.4643
2025-06-21 21:32:40,767 [INFO] Epoch 116 | Train Loss: 1.9460 | Val Loss: 4.7629 | Val Acc: 0.5179
2025-06-21 21:32:40,834 [INFO] Epoch 117 | Train Loss: 1.4313 | Val Loss: 5.1686 | Val Acc: 0.4643
2025-06-21 21:32:40,901 [INFO] Epoch 118 | Train Loss: 1.5846 | Val Loss: 5.5406 | Val Acc: 0.3929
2025-06-21 21:32:40,972 [INFO] Epoch 119 | Train Loss: 1.4034 | Val Loss: 5.6748 | Val Acc: 0.3750
2025-06-21 21:32:41,040 [INFO] Epoch 120 | Train Loss: 1.9485 | Val Loss: 4.9778 | Val Acc: 0.4286
2025-06-21 21:32:41,433 [INFO] Epoch 121 | Train Loss: 2.0016 | Val Loss: 4.2387 | Val Acc: 0.4464
2025-06-21 21:32:41,502 [INFO] Epoch 122 | Train Loss: 1.1969 | Val Loss: 4.4338 | Val Acc: 0.4464
2025-06-21 21:32:41,565 [INFO] Epoch 123 | Train Loss: 1.4637 | Val Loss: 4.5544 | Val Acc: 0.4464
2025-06-21 21:32:41,634 [INFO] Epoch 124 | Train Loss: 1.8911 | Val Loss: 4.5621 | Val Acc: 0.4286
2025-06-21 21:32:41,702 [INFO] Epoch 125 | Train Loss: 1.9396 | Val Loss: 4.5010 | Val Acc: 0.3929
2025-06-21 21:32:41,771 [INFO] Epoch 126 | Train Loss: 1.8752 | Val Loss: 4.3397 | Val Acc: 0.4464
2025-06-21 21:32:41,838 [INFO] Epoch 127 | Train Loss: 1.4187 | Val Loss: 5.4223 | Val Acc: 0.3929
2025-06-21 21:32:41,905 [INFO] Epoch 128 | Train Loss: 1.5925 | Val Loss: 5.8703 | Val Acc: 0.4464
2025-06-21 21:32:41,974 [INFO] Epoch 129 | Train Loss: 1.5434 | Val Loss: 5.3594 | Val Acc: 0.5000
2025-06-21 21:32:42,041 [INFO] Epoch 130 | Train Loss: 1.4696 | Val Loss: 4.6877 | Val Acc: 0.4643
2025-06-21 21:32:42,418 [INFO] Epoch 131 | Train Loss: 1.2566 | Val Loss: 4.3887 | Val Acc: 0.4464
2025-06-21 21:32:42,490 [INFO] Epoch 132 | Train Loss: 1.1514 | Val Loss: 4.4551 | Val Acc: 0.4643
2025-06-21 21:32:42,555 [INFO] Epoch 133 | Train Loss: 1.6437 | Val Loss: 4.1868 | Val Acc: 0.4821
2025-06-21 21:32:42,621 [INFO] Epoch 134 | Train Loss: 2.2307 | Val Loss: 3.6403 | Val Acc: 0.4286
2025-06-21 21:32:42,690 [INFO] Epoch 135 | Train Loss: 1.2315 | Val Loss: 3.8734 | Val Acc: 0.4464
2025-06-21 21:32:42,753 [INFO] Epoch 136 | Train Loss: 1.0785 | Val Loss: 4.3305 | Val Acc: 0.4107
2025-06-21 21:32:42,821 [INFO] Epoch 137 | Train Loss: 1.4230 | Val Loss: 4.8377 | Val Acc: 0.4286
2025-06-21 21:32:42,895 [INFO] Epoch 138 | Train Loss: 1.6942 | Val Loss: 5.0127 | Val Acc: 0.4286
2025-06-21 21:32:42,965 [INFO] Epoch 139 | Train Loss: 1.0320 | Val Loss: 4.9989 | Val Acc: 0.4107
2025-06-21 21:32:43,027 [INFO] Epoch 140 | Train Loss: 1.5237 | Val Loss: 4.7925 | Val Acc: 0.4107
2025-06-21 21:32:43,409 [INFO] Epoch 141 | Train Loss: 0.8914 | Val Loss: 5.1895 | Val Acc: 0.4107
2025-06-21 21:32:43,475 [INFO] Epoch 142 | Train Loss: 1.4123 | Val Loss: 5.1488 | Val Acc: 0.4107
2025-06-21 21:32:43,539 [INFO] Epoch 143 | Train Loss: 0.8756 | Val Loss: 5.1770 | Val Acc: 0.4464
2025-06-21 21:32:43,669 [INFO] Epoch 144 | Train Loss: 1.5861 | Val Loss: 5.1789 | Val Acc: 0.4107
2025-06-21 21:32:43,734 [INFO] Epoch 145 | Train Loss: 0.9202 | Val Loss: 5.3468 | Val Acc: 0.4107
2025-06-21 21:32:43,800 [INFO] Epoch 146 | Train Loss: 1.1939 | Val Loss: 5.4644 | Val Acc: 0.4464
2025-06-21 21:32:43,868 [INFO] Epoch 147 | Train Loss: 1.0587 | Val Loss: 5.0997 | Val Acc: 0.4643
2025-06-21 21:32:43,944 [INFO] Epoch 148 | Train Loss: 0.8340 | Val Loss: 4.7466 | Val Acc: 0.5357
2025-06-21 21:32:44,011 [INFO] Epoch 149 | Train Loss: 1.2282 | Val Loss: 5.9164 | Val Acc: 0.5179
2025-06-21 21:32:44,077 [INFO] Epoch 150 | Train Loss: 1.0036 | Val Loss: 4.8651 | Val Acc: 0.5357
2025-06-21 21:32:45,353 [INFO] Epoch 151 | Train Loss: 1.0653 | Val Loss: 4.8281 | Val Acc: 0.5000
2025-06-21 21:32:45,418 [INFO] Epoch 152 | Train Loss: 0.9804 | Val Loss: 4.9393 | Val Acc: 0.4286
2025-06-21 21:32:45,480 [INFO] Epoch 153 | Train Loss: 0.8123 | Val Loss: 5.3742 | Val Acc: 0.4107
2025-06-21 21:32:45,547 [INFO] Epoch 154 | Train Loss: 1.1044 | Val Loss: 5.2284 | Val Acc: 0.4643
2025-06-21 21:32:45,612 [INFO] Epoch 155 | Train Loss: 0.9877 | Val Loss: 5.0573 | Val Acc: 0.4643
2025-06-21 21:32:45,676 [INFO] Epoch 156 | Train Loss: 0.9371 | Val Loss: 5.0004 | Val Acc: 0.4821
2025-06-21 21:32:45,741 [INFO] Epoch 157 | Train Loss: 1.3553 | Val Loss: 4.5611 | Val Acc: 0.4464
2025-06-21 21:32:45,829 [INFO] Epoch 158 | Train Loss: 1.4950 | Val Loss: 4.5762 | Val Acc: 0.4643
2025-06-21 21:32:45,892 [INFO] Epoch 159 | Train Loss: 1.1313 | Val Loss: 4.7071 | Val Acc: 0.5000
2025-06-21 21:32:45,957 [INFO] Epoch 160 | Train Loss: 1.2887 | Val Loss: 5.2126 | Val Acc: 0.4821
2025-06-21 21:32:46,484 [INFO] Epoch 161 | Train Loss: 0.7250 | Val Loss: 5.2672 | Val Acc: 0.4643
2025-06-21 21:32:46,545 [INFO] Epoch 162 | Train Loss: 1.4673 | Val Loss: 5.0334 | Val Acc: 0.4643
2025-06-21 21:32:46,611 [INFO] Epoch 163 | Train Loss: 1.4860 | Val Loss: 4.7482 | Val Acc: 0.4464
2025-06-21 21:32:46,677 [INFO] Epoch 164 | Train Loss: 2.0422 | Val Loss: 4.6185 | Val Acc: 0.4643
2025-06-21 21:32:46,743 [INFO] Epoch 165 | Train Loss: 0.8943 | Val Loss: 5.3149 | Val Acc: 0.4643
2025-06-21 21:32:46,819 [INFO] Epoch 166 | Train Loss: 1.3730 | Val Loss: 5.6573 | Val Acc: 0.4821
2025-06-21 21:32:46,883 [INFO] Epoch 167 | Train Loss: 1.1387 | Val Loss: 5.9205 | Val Acc: 0.4821
2025-06-21 21:32:46,965 [INFO] Epoch 168 | Train Loss: 1.4404 | Val Loss: 5.8647 | Val Acc: 0.4821
2025-06-21 21:32:47,030 [INFO] Epoch 169 | Train Loss: 1.0427 | Val Loss: 6.0072 | Val Acc: 0.4643
2025-06-21 21:32:47,095 [INFO] Epoch 170 | Train Loss: 0.9745 | Val Loss: 5.2755 | Val Acc: 0.5000
2025-06-21 21:32:47,478 [INFO] Epoch 171 | Train Loss: 0.6296 | Val Loss: 5.1712 | Val Acc: 0.5179
2025-06-21 21:32:47,550 [INFO] Epoch 172 | Train Loss: 0.8905 | Val Loss: 5.1968 | Val Acc: 0.4821
2025-06-21 21:32:47,615 [INFO] Epoch 173 | Train Loss: 1.0685 | Val Loss: 4.7321 | Val Acc: 0.4821
2025-06-21 21:32:47,681 [INFO] Epoch 174 | Train Loss: 0.6053 | Val Loss: 4.6937 | Val Acc: 0.4464
2025-06-21 21:32:47,745 [INFO] Epoch 175 | Train Loss: 1.0683 | Val Loss: 5.2145 | Val Acc: 0.4643
2025-06-21 21:32:47,811 [INFO] Epoch 176 | Train Loss: 0.5505 | Val Loss: 5.3908 | Val Acc: 0.4821
2025-06-21 21:32:47,874 [INFO] Epoch 177 | Train Loss: 0.6749 | Val Loss: 5.2403 | Val Acc: 0.4643
2025-06-21 21:32:47,946 [INFO] Epoch 178 | Train Loss: 1.0866 | Val Loss: 5.7716 | Val Acc: 0.4643
2025-06-21 21:32:48,017 [INFO] Epoch 179 | Train Loss: 0.7265 | Val Loss: 6.1337 | Val Acc: 0.4107
2025-06-21 21:32:48,081 [INFO] Epoch 180 | Train Loss: 1.1896 | Val Loss: 6.2273 | Val Acc: 0.3571
2025-06-21 21:32:48,453 [INFO] Epoch 181 | Train Loss: 0.5752 | Val Loss: 5.7863 | Val Acc: 0.3750
2025-06-21 21:32:48,520 [INFO] Epoch 182 | Train Loss: 0.7677 | Val Loss: 5.7815 | Val Acc: 0.4464
2025-06-21 21:32:48,585 [INFO] Epoch 183 | Train Loss: 0.7580 | Val Loss: 5.7746 | Val Acc: 0.4464
2025-06-21 21:32:48,649 [INFO] Epoch 184 | Train Loss: 0.8607 | Val Loss: 5.3227 | Val Acc: 0.4464
2025-06-21 21:32:48,712 [INFO] Epoch 185 | Train Loss: 1.3114 | Val Loss: 5.5095 | Val Acc: 0.4286
2025-06-21 21:32:48,777 [INFO] Epoch 186 | Train Loss: 0.7920 | Val Loss: 5.3049 | Val Acc: 0.3750
2025-06-21 21:32:48,842 [INFO] Epoch 187 | Train Loss: 0.4956 | Val Loss: 5.8218 | Val Acc: 0.3393
2025-06-21 21:32:48,909 [INFO] Epoch 188 | Train Loss: 1.5668 | Val Loss: 6.3414 | Val Acc: 0.3750
2025-06-21 21:32:48,990 [INFO] Epoch 189 | Train Loss: 0.4114 | Val Loss: 6.8540 | Val Acc: 0.3214
2025-06-21 21:32:49,064 [INFO] Epoch 190 | Train Loss: 1.0729 | Val Loss: 7.3158 | Val Acc: 0.3929
2025-06-21 21:32:49,434 [INFO] Epoch 191 | Train Loss: 0.7152 | Val Loss: 6.9139 | Val Acc: 0.4286
2025-06-21 21:32:49,503 [INFO] Epoch 192 | Train Loss: 1.9443 | Val Loss: 6.3324 | Val Acc: 0.4643
2025-06-21 21:32:49,570 [INFO] Epoch 193 | Train Loss: 0.9735 | Val Loss: 5.9734 | Val Acc: 0.4464
2025-06-21 21:32:49,640 [INFO] Epoch 194 | Train Loss: 0.4272 | Val Loss: 5.9046 | Val Acc: 0.3750
2025-06-21 21:32:49,703 [INFO] Epoch 195 | Train Loss: 1.1927 | Val Loss: 6.2756 | Val Acc: 0.3750
2025-06-21 21:32:49,769 [INFO] Epoch 196 | Train Loss: 0.9133 | Val Loss: 6.7277 | Val Acc: 0.3750
2025-06-21 21:32:49,835 [INFO] Epoch 197 | Train Loss: 0.4986 | Val Loss: 6.2393 | Val Acc: 0.3750
2025-06-21 21:32:49,908 [INFO] Epoch 198 | Train Loss: 0.9969 | Val Loss: 5.4875 | Val Acc: 0.4464
2025-06-21 21:32:49,986 [INFO] Epoch 199 | Train Loss: 0.6860 | Val Loss: 5.4549 | Val Acc: 0.4821
2025-06-21 21:32:50,049 [INFO] Epoch 200 | Train Loss: 0.7823 | Val Loss: 5.7410 | Val Acc: 0.4821
2025-06-21 21:32:50,484 [INFO] Epoch 201 | Train Loss: 0.7868 | Val Loss: 6.7012 | Val Acc: 0.4643
2025-06-21 21:32:50,548 [INFO] Epoch 202 | Train Loss: 1.4425 | Val Loss: 6.2835 | Val Acc: 0.4286
2025-06-21 21:32:50,614 [INFO] Epoch 203 | Train Loss: 0.7567 | Val Loss: 5.6556 | Val Acc: 0.4464
2025-06-21 21:32:50,678 [INFO] Epoch 204 | Train Loss: 0.8128 | Val Loss: 5.3789 | Val Acc: 0.4643
2025-06-21 21:32:50,748 [INFO] Epoch 205 | Train Loss: 0.6107 | Val Loss: 5.1798 | Val Acc: 0.5000
2025-06-21 21:32:50,815 [INFO] Epoch 206 | Train Loss: 0.3113 | Val Loss: 5.4764 | Val Acc: 0.5179
2025-06-21 21:32:50,880 [INFO] Epoch 207 | Train Loss: 0.9938 | Val Loss: 5.5390 | Val Acc: 0.5179
2025-06-21 21:32:50,960 [INFO] Epoch 208 | Train Loss: 0.7737 | Val Loss: 6.0742 | Val Acc: 0.5179
2025-06-21 21:32:51,022 [INFO] Epoch 209 | Train Loss: 0.7588 | Val Loss: 6.0539 | Val Acc: 0.5714
2025-06-21 21:32:51,033 [INFO] New best model at epoch 209 (Val Acc: 0.5714)
2025-06-21 21:32:51,092 [INFO] Epoch 210 | Train Loss: 0.8303 | Val Loss: 6.0290 | Val Acc: 0.5357
2025-06-21 21:32:51,473 [INFO] Epoch 211 | Train Loss: 0.9125 | Val Loss: 6.7014 | Val Acc: 0.4107
2025-06-21 21:32:51,543 [INFO] Epoch 212 | Train Loss: 1.5443 | Val Loss: 6.8484 | Val Acc: 0.3929
2025-06-21 21:32:51,611 [INFO] Epoch 213 | Train Loss: 1.3442 | Val Loss: 6.3135 | Val Acc: 0.4464
2025-06-21 21:32:51,675 [INFO] Epoch 214 | Train Loss: 1.1207 | Val Loss: 5.9512 | Val Acc: 0.4643
2025-06-21 21:32:51,740 [INFO] Epoch 215 | Train Loss: 0.8767 | Val Loss: 6.0121 | Val Acc: 0.4643
2025-06-21 21:32:51,806 [INFO] Epoch 216 | Train Loss: 0.7085 | Val Loss: 5.8896 | Val Acc: 0.5536
2025-06-21 21:32:51,873 [INFO] Epoch 217 | Train Loss: 0.5484 | Val Loss: 5.8599 | Val Acc: 0.5000
2025-06-21 21:32:51,947 [INFO] Epoch 218 | Train Loss: 1.1377 | Val Loss: 5.7717 | Val Acc: 0.4821
2025-06-21 21:32:52,013 [INFO] Epoch 219 | Train Loss: 1.0243 | Val Loss: 6.3348 | Val Acc: 0.4464
2025-06-21 21:32:52,079 [INFO] Epoch 220 | Train Loss: 0.9934 | Val Loss: 5.4226 | Val Acc: 0.5000
2025-06-21 21:32:52,453 [INFO] Epoch 221 | Train Loss: 0.5671 | Val Loss: 5.3675 | Val Acc: 0.5357
2025-06-21 21:32:52,519 [INFO] Epoch 222 | Train Loss: 0.6975 | Val Loss: 5.8974 | Val Acc: 0.5179
2025-06-21 21:32:52,583 [INFO] Epoch 223 | Train Loss: 0.8006 | Val Loss: 5.4497 | Val Acc: 0.5536
2025-06-21 21:32:52,650 [INFO] Epoch 224 | Train Loss: 0.5728 | Val Loss: 5.1662 | Val Acc: 0.5179
2025-06-21 21:32:52,714 [INFO] Epoch 225 | Train Loss: 0.6235 | Val Loss: 5.2574 | Val Acc: 0.5714
2025-06-21 21:32:52,777 [INFO] Epoch 226 | Train Loss: 0.6202 | Val Loss: 5.0552 | Val Acc: 0.5893
2025-06-21 21:32:52,789 [INFO] New best model at epoch 226 (Val Acc: 0.5893)
2025-06-21 21:32:52,848 [INFO] Epoch 227 | Train Loss: 0.6245 | Val Loss: 4.9704 | Val Acc: 0.5357
2025-06-21 21:32:52,915 [INFO] Epoch 228 | Train Loss: 0.5847 | Val Loss: 5.2952 | Val Acc: 0.5357
2025-06-21 21:32:52,985 [INFO] Epoch 229 | Train Loss: 0.5556 | Val Loss: 5.7478 | Val Acc: 0.4821
2025-06-21 21:32:53,056 [INFO] Epoch 230 | Train Loss: 1.0750 | Val Loss: 5.8760 | Val Acc: 0.5179
2025-06-21 21:32:53,461 [INFO] Epoch 231 | Train Loss: 0.6286 | Val Loss: 5.2655 | Val Acc: 0.5000
2025-06-21 21:32:53,531 [INFO] Epoch 232 | Train Loss: 0.5179 | Val Loss: 5.0438 | Val Acc: 0.4643
2025-06-21 21:32:53,614 [INFO] Epoch 233 | Train Loss: 0.4467 | Val Loss: 5.0747 | Val Acc: 0.4643
2025-06-21 21:32:53,680 [INFO] Epoch 234 | Train Loss: 0.7487 | Val Loss: 5.3654 | Val Acc: 0.4286
2025-06-21 21:32:53,748 [INFO] Epoch 235 | Train Loss: 0.4899 | Val Loss: 5.4435 | Val Acc: 0.4464
2025-06-21 21:32:53,815 [INFO] Epoch 236 | Train Loss: 1.0725 | Val Loss: 5.5759 | Val Acc: 0.4286
2025-06-21 21:32:53,880 [INFO] Epoch 237 | Train Loss: 0.6261 | Val Loss: 5.6690 | Val Acc: 0.4107
2025-06-21 21:32:53,961 [INFO] Epoch 238 | Train Loss: 0.4908 | Val Loss: 5.9917 | Val Acc: 0.4464
2025-06-21 21:32:54,057 [INFO] Epoch 239 | Train Loss: 0.7546 | Val Loss: 6.6489 | Val Acc: 0.4643
2025-06-21 21:32:54,131 [INFO] Epoch 240 | Train Loss: 0.4250 | Val Loss: 6.8484 | Val Acc: 0.4821
2025-06-21 21:32:54,873 [INFO] Epoch 241 | Train Loss: 0.6931 | Val Loss: 6.1751 | Val Acc: 0.4643
2025-06-21 21:32:54,938 [INFO] Epoch 242 | Train Loss: 1.0836 | Val Loss: 5.7194 | Val Acc: 0.4464
2025-06-21 21:32:55,018 [INFO] Epoch 243 | Train Loss: 0.6615 | Val Loss: 5.8929 | Val Acc: 0.4464
2025-06-21 21:32:55,082 [INFO] Epoch 244 | Train Loss: 0.7414 | Val Loss: 5.9308 | Val Acc: 0.4643
2025-06-21 21:32:55,146 [INFO] Epoch 245 | Train Loss: 0.5909 | Val Loss: 6.1377 | Val Acc: 0.4821
2025-06-21 21:32:55,211 [INFO] Epoch 246 | Train Loss: 0.5361 | Val Loss: 6.3229 | Val Acc: 0.4643
2025-06-21 21:32:55,290 [INFO] Epoch 247 | Train Loss: 0.7013 | Val Loss: 6.1224 | Val Acc: 0.4643
2025-06-21 21:32:55,369 [INFO] Epoch 248 | Train Loss: 1.3886 | Val Loss: 6.3765 | Val Acc: 0.4464
2025-06-21 21:32:55,435 [INFO] Epoch 249 | Train Loss: 0.3695 | Val Loss: 6.4219 | Val Acc: 0.4821
2025-06-21 21:32:55,501 [INFO] Epoch 250 | Train Loss: 0.9889 | Val Loss: 6.3969 | Val Acc: 0.4821
2025-06-21 21:32:55,901 [INFO] Epoch 251 | Train Loss: 0.4021 | Val Loss: 6.4037 | Val Acc: 0.4286
2025-06-21 21:32:55,967 [INFO] Epoch 252 | Train Loss: 0.8587 | Val Loss: 6.5957 | Val Acc: 0.4286
2025-06-21 21:32:56,037 [INFO] Epoch 253 | Train Loss: 0.6488 | Val Loss: 6.5352 | Val Acc: 0.4107
2025-06-21 21:32:56,104 [INFO] Epoch 254 | Train Loss: 0.3661 | Val Loss: 6.0942 | Val Acc: 0.5000
2025-06-21 21:32:56,170 [INFO] Epoch 255 | Train Loss: 0.4569 | Val Loss: 5.7719 | Val Acc: 0.5000
2025-06-21 21:32:56,237 [INFO] Epoch 256 | Train Loss: 0.3942 | Val Loss: 6.2106 | Val Acc: 0.4821
2025-06-21 21:32:56,306 [INFO] Epoch 257 | Train Loss: 0.4143 | Val Loss: 6.6462 | Val Acc: 0.5357
2025-06-21 21:32:56,391 [INFO] Epoch 258 | Train Loss: 0.5102 | Val Loss: 6.2716 | Val Acc: 0.5179
2025-06-21 21:32:56,460 [INFO] Epoch 259 | Train Loss: 1.1848 | Val Loss: 6.4936 | Val Acc: 0.5000
2025-06-21 21:32:56,529 [INFO] Epoch 260 | Train Loss: 0.6105 | Val Loss: 6.5042 | Val Acc: 0.4643
2025-06-21 21:32:57,071 [INFO] Epoch 261 | Train Loss: 0.8423 | Val Loss: 6.7070 | Val Acc: 0.4107
2025-06-21 21:32:57,141 [INFO] Epoch 262 | Train Loss: 0.4600 | Val Loss: 6.9164 | Val Acc: 0.4464
2025-06-21 21:32:57,204 [INFO] Epoch 263 | Train Loss: 0.2709 | Val Loss: 6.6460 | Val Acc: 0.4464
2025-06-21 21:32:57,271 [INFO] Epoch 264 | Train Loss: 0.4485 | Val Loss: 6.3766 | Val Acc: 0.4821
2025-06-21 21:32:57,335 [INFO] Epoch 265 | Train Loss: 0.3527 | Val Loss: 6.1999 | Val Acc: 0.4643
2025-06-21 21:32:57,399 [INFO] Epoch 266 | Train Loss: 0.5607 | Val Loss: 5.7045 | Val Acc: 0.4821
2025-06-21 21:32:57,463 [INFO] Epoch 267 | Train Loss: 0.4550 | Val Loss: 5.4071 | Val Acc: 0.4643
2025-06-21 21:32:57,532 [INFO] Epoch 268 | Train Loss: 0.3847 | Val Loss: 5.5802 | Val Acc: 0.4286
2025-06-21 21:32:57,604 [INFO] Epoch 269 | Train Loss: 0.3385 | Val Loss: 6.0327 | Val Acc: 0.4286
2025-06-21 21:32:57,669 [INFO] Epoch 270 | Train Loss: 0.5175 | Val Loss: 5.9668 | Val Acc: 0.4464
2025-06-21 21:32:58,032 [INFO] Epoch 271 | Train Loss: 1.0923 | Val Loss: 6.6575 | Val Acc: 0.4464
2025-06-21 21:32:58,103 [INFO] Epoch 272 | Train Loss: 0.4433 | Val Loss: 6.9805 | Val Acc: 0.4821
2025-06-21 21:32:58,169 [INFO] Epoch 273 | Train Loss: 0.5317 | Val Loss: 6.6527 | Val Acc: 0.5000
2025-06-21 21:32:58,234 [INFO] Epoch 274 | Train Loss: 0.5142 | Val Loss: 6.2762 | Val Acc: 0.4643
2025-06-21 21:32:58,299 [INFO] Epoch 275 | Train Loss: 0.1793 | Val Loss: 5.9419 | Val Acc: 0.4464
2025-06-21 21:32:58,364 [INFO] Epoch 276 | Train Loss: 0.5961 | Val Loss: 6.2524 | Val Acc: 0.4286
2025-06-21 21:32:58,428 [INFO] Epoch 277 | Train Loss: 0.5213 | Val Loss: 6.0480 | Val Acc: 0.4464
2025-06-21 21:32:58,493 [INFO] Epoch 278 | Train Loss: 0.4863 | Val Loss: 5.8410 | Val Acc: 0.4643
2025-06-21 21:32:58,564 [INFO] Epoch 279 | Train Loss: 0.2594 | Val Loss: 6.4782 | Val Acc: 0.5000
2025-06-21 21:32:58,631 [INFO] Epoch 280 | Train Loss: 0.3868 | Val Loss: 6.6288 | Val Acc: 0.5000
2025-06-21 21:32:59,017 [INFO] Epoch 281 | Train Loss: 0.2972 | Val Loss: 5.8712 | Val Acc: 0.5000
2025-06-21 21:32:59,085 [INFO] Epoch 282 | Train Loss: 0.6701 | Val Loss: 5.8862 | Val Acc: 0.4821
2025-06-21 21:32:59,151 [INFO] Epoch 283 | Train Loss: 0.3186 | Val Loss: 5.6085 | Val Acc: 0.4821
2025-06-21 21:32:59,212 [INFO] Epoch 284 | Train Loss: 0.5158 | Val Loss: 5.4946 | Val Acc: 0.5000
2025-06-21 21:32:59,289 [INFO] Epoch 285 | Train Loss: 0.4595 | Val Loss: 5.7049 | Val Acc: 0.4643
2025-06-21 21:32:59,355 [INFO] Epoch 286 | Train Loss: 0.9386 | Val Loss: 6.4583 | Val Acc: 0.4643
2025-06-21 21:32:59,420 [INFO] Epoch 287 | Train Loss: 0.4900 | Val Loss: 6.4735 | Val Acc: 0.4643
2025-06-21 21:32:59,495 [INFO] Epoch 288 | Train Loss: 0.4567 | Val Loss: 6.7293 | Val Acc: 0.4107
2025-06-21 21:32:59,566 [INFO] Epoch 289 | Train Loss: 0.5248 | Val Loss: 6.6973 | Val Acc: 0.4286
2025-06-21 21:32:59,631 [INFO] Epoch 290 | Train Loss: 0.4622 | Val Loss: 6.3655 | Val Acc: 0.4286
2025-06-21 21:33:00,053 [INFO] Epoch 291 | Train Loss: 0.2462 | Val Loss: 6.3457 | Val Acc: 0.4286
2025-06-21 21:33:00,122 [INFO] Epoch 292 | Train Loss: 0.3869 | Val Loss: 6.9087 | Val Acc: 0.4286
2025-06-21 21:33:00,187 [INFO] Epoch 293 | Train Loss: 0.8390 | Val Loss: 6.5723 | Val Acc: 0.4643
2025-06-21 21:33:00,250 [INFO] Epoch 294 | Train Loss: 0.4134 | Val Loss: 6.9849 | Val Acc: 0.4286
2025-06-21 21:33:00,318 [INFO] Epoch 295 | Train Loss: 1.4661 | Val Loss: 7.2328 | Val Acc: 0.4821
2025-06-21 21:33:00,383 [INFO] Epoch 296 | Train Loss: 0.5615 | Val Loss: 7.0620 | Val Acc: 0.4286
2025-06-21 21:33:00,449 [INFO] Epoch 297 | Train Loss: 0.4124 | Val Loss: 6.8498 | Val Acc: 0.3929
2025-06-21 21:33:00,530 [INFO] Epoch 298 | Train Loss: 0.3925 | Val Loss: 6.3661 | Val Acc: 0.3393
2025-06-21 21:33:00,598 [INFO] Epoch 299 | Train Loss: 0.8703 | Val Loss: 6.2008 | Val Acc: 0.3571
2025-06-21 21:33:00,664 [INFO] Epoch 300 | Train Loss: 0.4896 | Val Loss: 6.1961 | Val Acc: 0.3929
2025-06-21 21:33:01,460 [INFO] Best model saved to <built-in function time>/ENZYMES/best/best_source_gin.pth (Val Acc: 0.5893 at epoch 226)
2025-06-21 21:33:01,461 [INFO] Training/validation metrics saved to <built-in function time>/ENZYMES/GIN_0.0001/train_metrics.csv
2025-06-21 21:33:01,761 [INFO] Final training curves saved
2025-06-21 21:33:01,761 [INFO] Training completed!
2025-06-21 21:33:01,762 [INFO] Best validation accuracy: 0.5893
2025-06-21 21:33:01,762 [INFO] Best epoch: 226
2025-06-21 21:33:01,762 [INFO] Total epochs trained: 300
2025-06-21 21:33:01,762 [INFO] Starting training with parameters: (0.0001, 0.5, 256, 4, 300, 0.0001)
