2025-06-20 19:02:34,374 [INFO] Using device: cpu
2025-06-20 19:02:34,374 [INFO] 开始创建数据加载器...
2025-06-20 19:02:34,377 [INFO] Successfully loaded dataset ENZYMES from ./data, total graphs: 600
2025-06-20 19:02:34,378 [INFO] Class allocation analysis:
2025-06-20 19:02:34,378 [INFO]   Source classes: [0, 1, 2, 3]
2025-06-20 19:02:34,378 [INFO]   Target classes: [0, 1, 2, 3, 4, 5]
2025-06-20 19:02:34,378 [INFO]   Overlap classes (to be split): [0, 1, 2, 3]
2025-06-20 19:02:34,378 [INFO]   Target novel classes (unknown): [4, 5]
2025-06-20 19:02:34,391 [INFO]   Class 0: 100 total -> Source: 70, Target: 30
2025-06-20 19:02:34,391 [INFO]   Class 1: 100 total -> Source: 70, Target: 30
2025-06-20 19:02:34,392 [INFO]   Class 2: 100 total -> Source: 70, Target: 30
2025-06-20 19:02:34,392 [INFO]   Class 3: 100 total -> Source: 70, Target: 30
2025-06-20 19:02:34,392 [INFO]   Class 4 (novel/unknown): 100 samples -> Target
2025-06-20 19:02:34,392 [INFO]   Class 5 (novel/unknown): 100 samples -> Target
2025-06-20 19:02:34,392 [INFO] Final allocation:
2025-06-20 19:02:34,392 [INFO]   Source domain: 280 samples
2025-06-20 19:02:34,392 [INFO]   Target domain: 320 samples
2025-06-20 19:02:34,393 [INFO] Source domain setup:
2025-06-20 19:02:34,393 [INFO]   Original classes: [0, 1, 2, 3]
2025-06-20 19:02:34,393 [INFO]   Overlap classes used: [0, 1, 2, 3]
2025-06-20 19:02:34,393 [INFO]   Label mapping: {0: 0, 1: 1, 2: 2, 3: 3}
2025-06-20 19:02:34,393 [INFO]   Total data after allocation: 280
2025-06-20 19:02:34,393 [INFO]   Data split - Train: 224, Val: 56
2025-06-20 19:02:34,393 [INFO]   Train label distribution: {0: 56, 1: 56, 3: 56, 2: 56}
2025-06-20 19:02:34,393 [INFO]   Val label distribution: {1: 14, 2: 14, 0: 14, 3: 14}
2025-06-20 19:02:34,395 [INFO] Successfully loaded dataset ENZYMES from ./data, total graphs: 600
2025-06-20 19:02:34,395 [INFO] Class allocation analysis:
2025-06-20 19:02:34,395 [INFO]   Source classes: [0, 1, 2, 3]
2025-06-20 19:02:34,395 [INFO]   Target classes: [0, 1, 2, 3, 4, 5]
2025-06-20 19:02:34,395 [INFO]   Overlap classes (to be split): [0, 1, 2, 3]
2025-06-20 19:02:34,395 [INFO]   Target novel classes (unknown): [4, 5]
2025-06-20 19:02:34,408 [INFO]   Class 0: 100 total -> Source: 70, Target: 30
2025-06-20 19:02:34,408 [INFO]   Class 1: 100 total -> Source: 70, Target: 30
2025-06-20 19:02:34,408 [INFO]   Class 2: 100 total -> Source: 70, Target: 30
2025-06-20 19:02:34,408 [INFO]   Class 3: 100 total -> Source: 70, Target: 30
2025-06-20 19:02:34,408 [INFO]   Class 4 (novel/unknown): 100 samples -> Target
2025-06-20 19:02:34,408 [INFO]   Class 5 (novel/unknown): 100 samples -> Target
2025-06-20 19:02:34,408 [INFO] Final allocation:
2025-06-20 19:02:34,408 [INFO]   Source domain: 280 samples
2025-06-20 19:02:34,408 [INFO]   Target domain: 320 samples
2025-06-20 19:02:34,410 [INFO] Target domain setup:
2025-06-20 19:02:34,410 [INFO]   Original classes: [0, 1, 2, 3, 4, 5]
2025-06-20 19:02:34,410 [INFO]   Overlap classes: [0, 1, 2, 3]
2025-06-20 19:02:34,410 [INFO]   Novel classes: [4, 5] -> mapped to unknown label 4
2025-06-20 19:02:34,410 [INFO]   Label mapping: {0: 0, 1: 1, 2: 2, 3: 3, 4: 4, 5: 4}
2025-06-20 19:02:34,410 [INFO]   Total data after allocation: 320
2025-06-20 19:02:34,410 [INFO]   Data split - Train: 256, Val: 64
2025-06-20 19:02:34,410 [INFO]   Total count: 320 (known: 120, unknown: 200)
2025-06-20 19:02:34,410 [INFO]   Total label distribution: {4: 200, 3: 30, 0: 30, 1: 30, 2: 30}
2025-06-20 19:02:34,410 [INFO]   Train label distribution: {4: 160, 0: 24, 2: 24, 3: 24, 1: 24}
2025-06-20 19:02:34,410 [INFO]   Val label distribution: {1: 6, 4: 40, 3: 6, 0: 6, 2: 6}
2025-06-20 19:02:34,410 [INFO] 数据加载器创建完成!
2025-06-20 19:02:34,410 [INFO] 源域类别数: 4 (重叠类别)
2025-06-20 19:02:34,410 [INFO] 目标域类别数: 5 (4个重叠类别 + 1个未知类别)
2025-06-20 19:02:34,410 [INFO] 重叠类别: [0, 1, 2, 3]
2025-06-20 19:02:34,410 [INFO] 目标域新类别: [4, 5]
2025-06-20 19:02:34,410 [INFO] Data allocation verification:
2025-06-20 19:02:34,410 [INFO]   Source data samples: 280
2025-06-20 19:02:34,410 [INFO]   Target data samples: 320
2025-06-20 19:02:34,410 [INFO]   Overlapping samples: 0
2025-06-20 19:02:34,410 [INFO]   ✓ Data allocation is correct - no overlapping samples
2025-06-20 19:02:34,412 [INFO] Model initialized with 22084 parameters
2025-06-20 19:02:34,412 [INFO] Previous best validation accuracy read from record.txt: 0.6250
2025-06-20 19:02:34,412 [INFO] Starting training...
2025-06-20 19:02:34,436 [INFO] Epoch 001 | Train Loss: 12.1233 | Val Loss: 1.5193 | Val Acc: 0.3214
2025-06-20 19:02:34,564 [INFO] New best model at epoch 1 (Val Acc: 0.3214)
2025-06-20 19:02:34,583 [INFO] Epoch 002 | Train Loss: 11.0461 | Val Loss: 1.5738 | Val Acc: 0.2321
2025-06-20 19:02:34,606 [INFO] Epoch 003 | Train Loss: 8.9175 | Val Loss: 1.7302 | Val Acc: 0.2500
2025-06-20 19:02:34,626 [INFO] Epoch 004 | Train Loss: 7.2904 | Val Loss: 1.9841 | Val Acc: 0.2679
2025-06-20 19:02:34,648 [INFO] Epoch 005 | Train Loss: 6.7473 | Val Loss: 2.5297 | Val Acc: 0.2857
2025-06-20 19:02:34,670 [INFO] Epoch 006 | Train Loss: 6.6472 | Val Loss: 3.3999 | Val Acc: 0.2679
2025-06-20 19:02:34,691 [INFO] Epoch 007 | Train Loss: 6.0219 | Val Loss: 4.4331 | Val Acc: 0.2679
2025-06-20 19:02:34,713 [INFO] Epoch 008 | Train Loss: 5.7429 | Val Loss: 4.7149 | Val Acc: 0.2857
2025-06-20 19:02:34,734 [INFO] Epoch 009 | Train Loss: 5.7437 | Val Loss: 4.8305 | Val Acc: 0.2857
2025-06-20 19:02:34,756 [INFO] Epoch 010 | Train Loss: 4.8098 | Val Loss: 4.7657 | Val Acc: 0.3036
2025-06-20 19:02:34,910 [INFO] Epoch 011 | Train Loss: 4.3703 | Val Loss: 4.6220 | Val Acc: 0.3036
2025-06-20 19:02:34,935 [INFO] Epoch 012 | Train Loss: 4.3050 | Val Loss: 4.2339 | Val Acc: 0.3036
2025-06-20 19:02:34,956 [INFO] Epoch 013 | Train Loss: 4.4618 | Val Loss: 4.0270 | Val Acc: 0.2679
2025-06-20 19:02:34,978 [INFO] Epoch 014 | Train Loss: 4.0172 | Val Loss: 4.1383 | Val Acc: 0.2857
2025-06-20 19:02:35,000 [INFO] Epoch 015 | Train Loss: 3.9267 | Val Loss: 4.0597 | Val Acc: 0.3214
2025-06-20 19:02:35,022 [INFO] Epoch 016 | Train Loss: 4.2231 | Val Loss: 3.9204 | Val Acc: 0.3393
2025-06-20 19:02:35,025 [INFO] New best model at epoch 16 (Val Acc: 0.3393)
2025-06-20 19:02:35,047 [INFO] Epoch 017 | Train Loss: 4.3899 | Val Loss: 3.9523 | Val Acc: 0.3393
2025-06-20 19:02:35,069 [INFO] Epoch 018 | Train Loss: 3.8965 | Val Loss: 3.8181 | Val Acc: 0.3571
2025-06-20 19:02:35,072 [INFO] New best model at epoch 18 (Val Acc: 0.3571)
2025-06-20 19:02:35,093 [INFO] Epoch 019 | Train Loss: 3.2128 | Val Loss: 3.8429 | Val Acc: 0.2857
2025-06-20 19:02:35,117 [INFO] Epoch 020 | Train Loss: 3.4026 | Val Loss: 3.7462 | Val Acc: 0.2857
2025-06-20 19:02:35,289 [INFO] Epoch 021 | Train Loss: 3.8619 | Val Loss: 3.7089 | Val Acc: 0.3393
2025-06-20 19:02:35,315 [INFO] Epoch 022 | Train Loss: 3.6944 | Val Loss: 3.5580 | Val Acc: 0.3750
2025-06-20 19:02:35,319 [INFO] New best model at epoch 22 (Val Acc: 0.3750)
2025-06-20 19:02:35,350 [INFO] Epoch 023 | Train Loss: 2.8612 | Val Loss: 3.5130 | Val Acc: 0.3571
2025-06-20 19:02:35,379 [INFO] Epoch 024 | Train Loss: 3.3859 | Val Loss: 3.7238 | Val Acc: 0.3929
2025-06-20 19:02:35,383 [INFO] New best model at epoch 24 (Val Acc: 0.3929)
2025-06-20 19:02:35,407 [INFO] Epoch 025 | Train Loss: 3.8318 | Val Loss: 4.0586 | Val Acc: 0.3571
2025-06-20 19:02:35,434 [INFO] Epoch 026 | Train Loss: 3.0252 | Val Loss: 3.6050 | Val Acc: 0.3393
2025-06-20 19:02:35,462 [INFO] Epoch 027 | Train Loss: 3.1951 | Val Loss: 3.9458 | Val Acc: 0.3750
2025-06-20 19:02:35,488 [INFO] Epoch 028 | Train Loss: 2.7796 | Val Loss: 3.3923 | Val Acc: 0.3393
2025-06-20 19:02:35,514 [INFO] Epoch 029 | Train Loss: 2.7868 | Val Loss: 3.5875 | Val Acc: 0.3393
2025-06-20 19:02:35,545 [INFO] Epoch 030 | Train Loss: 3.3672 | Val Loss: 3.6889 | Val Acc: 0.3571
2025-06-20 19:02:35,726 [INFO] Epoch 031 | Train Loss: 2.7731 | Val Loss: 3.6327 | Val Acc: 0.3393
2025-06-20 19:02:35,750 [INFO] Epoch 032 | Train Loss: 2.9649 | Val Loss: 3.7116 | Val Acc: 0.3393
2025-06-20 19:02:35,772 [INFO] Epoch 033 | Train Loss: 2.7345 | Val Loss: 3.4888 | Val Acc: 0.3571
2025-06-20 19:02:35,796 [INFO] Epoch 034 | Train Loss: 2.5755 | Val Loss: 3.3331 | Val Acc: 0.3571
2025-06-20 19:02:35,820 [INFO] Epoch 035 | Train Loss: 3.1897 | Val Loss: 3.3977 | Val Acc: 0.3214
2025-06-20 19:02:35,842 [INFO] Epoch 036 | Train Loss: 2.9102 | Val Loss: 3.0846 | Val Acc: 0.3571
2025-06-20 19:02:35,866 [INFO] Epoch 037 | Train Loss: 2.2197 | Val Loss: 3.0704 | Val Acc: 0.3571
2025-06-20 19:02:35,890 [INFO] Epoch 038 | Train Loss: 3.3029 | Val Loss: 3.4048 | Val Acc: 0.3750
2025-06-20 19:02:35,913 [INFO] Epoch 039 | Train Loss: 2.7647 | Val Loss: 3.3526 | Val Acc: 0.3571
2025-06-20 19:02:35,937 [INFO] Epoch 040 | Train Loss: 2.7833 | Val Loss: 3.1999 | Val Acc: 0.3929
2025-06-20 19:02:36,108 [INFO] Epoch 041 | Train Loss: 2.6228 | Val Loss: 3.2536 | Val Acc: 0.3929
2025-06-20 19:02:36,132 [INFO] Epoch 042 | Train Loss: 2.7405 | Val Loss: 3.3163 | Val Acc: 0.3750
2025-06-20 19:02:36,155 [INFO] Epoch 043 | Train Loss: 2.7819 | Val Loss: 3.0969 | Val Acc: 0.3929
2025-06-20 19:02:36,182 [INFO] Epoch 044 | Train Loss: 2.6447 | Val Loss: 2.9858 | Val Acc: 0.3929
2025-06-20 19:02:36,214 [INFO] Epoch 045 | Train Loss: 3.1476 | Val Loss: 3.0532 | Val Acc: 0.3929
2025-06-20 19:02:36,237 [INFO] Epoch 046 | Train Loss: 2.5758 | Val Loss: 3.1355 | Val Acc: 0.4107
2025-06-20 19:02:36,241 [INFO] New best model at epoch 46 (Val Acc: 0.4107)
2025-06-20 19:02:36,263 [INFO] Epoch 047 | Train Loss: 2.8900 | Val Loss: 3.1404 | Val Acc: 0.3750
2025-06-20 19:02:36,287 [INFO] Epoch 048 | Train Loss: 2.6451 | Val Loss: 3.2774 | Val Acc: 0.3750
2025-06-20 19:02:36,310 [INFO] Epoch 049 | Train Loss: 2.5518 | Val Loss: 3.2307 | Val Acc: 0.3750
2025-06-20 19:02:36,333 [INFO] Epoch 050 | Train Loss: 2.8353 | Val Loss: 3.2031 | Val Acc: 0.3750
2025-06-20 19:02:36,539 [INFO] Epoch 051 | Train Loss: 2.4038 | Val Loss: 3.0767 | Val Acc: 0.3393
2025-06-20 19:02:36,583 [INFO] Epoch 052 | Train Loss: 2.4548 | Val Loss: 2.9298 | Val Acc: 0.3929
2025-06-20 19:02:36,624 [INFO] Epoch 053 | Train Loss: 2.4613 | Val Loss: 2.9854 | Val Acc: 0.4107
2025-06-20 19:02:36,690 [INFO] Epoch 054 | Train Loss: 2.4489 | Val Loss: 3.0837 | Val Acc: 0.3750
2025-06-20 19:02:36,747 [INFO] Epoch 055 | Train Loss: 2.3099 | Val Loss: 3.0437 | Val Acc: 0.3750
2025-06-20 19:02:36,784 [INFO] Epoch 056 | Train Loss: 2.0439 | Val Loss: 2.9263 | Val Acc: 0.4464
2025-06-20 19:02:36,789 [INFO] New best model at epoch 56 (Val Acc: 0.4464)
2025-06-20 19:02:36,823 [INFO] Epoch 057 | Train Loss: 2.5451 | Val Loss: 3.0020 | Val Acc: 0.4286
2025-06-20 19:02:36,858 [INFO] Epoch 058 | Train Loss: 1.9479 | Val Loss: 2.9141 | Val Acc: 0.4464
2025-06-20 19:02:36,892 [INFO] Epoch 059 | Train Loss: 2.7019 | Val Loss: 2.7522 | Val Acc: 0.4286
2025-06-20 19:02:36,926 [INFO] Epoch 060 | Train Loss: 2.4384 | Val Loss: 2.6510 | Val Acc: 0.3571
2025-06-20 19:02:37,188 [INFO] Epoch 061 | Train Loss: 2.3053 | Val Loss: 2.6254 | Val Acc: 0.3929
2025-06-20 19:02:37,216 [INFO] Epoch 062 | Train Loss: 2.0500 | Val Loss: 2.7951 | Val Acc: 0.3750
2025-06-20 19:02:37,245 [INFO] Epoch 063 | Train Loss: 1.9842 | Val Loss: 2.8078 | Val Acc: 0.3929
2025-06-20 19:02:37,275 [INFO] Epoch 064 | Train Loss: 2.0341 | Val Loss: 2.8363 | Val Acc: 0.3393
2025-06-20 19:02:37,305 [INFO] Epoch 065 | Train Loss: 1.8994 | Val Loss: 2.8632 | Val Acc: 0.3750
2025-06-20 19:02:37,336 [INFO] Epoch 066 | Train Loss: 1.9247 | Val Loss: 2.9056 | Val Acc: 0.3750
2025-06-20 19:02:37,365 [INFO] Epoch 067 | Train Loss: 2.0677 | Val Loss: 2.8547 | Val Acc: 0.3750
2025-06-20 19:02:37,424 [INFO] Epoch 068 | Train Loss: 1.7067 | Val Loss: 2.9080 | Val Acc: 0.3571
2025-06-20 19:02:37,465 [INFO] Epoch 069 | Train Loss: 2.1683 | Val Loss: 2.7584 | Val Acc: 0.3571
2025-06-20 19:02:37,522 [INFO] Epoch 070 | Train Loss: 2.1330 | Val Loss: 2.7411 | Val Acc: 0.3929
2025-06-20 19:02:37,792 [INFO] Epoch 071 | Train Loss: 2.1121 | Val Loss: 2.6926 | Val Acc: 0.4286
2025-06-20 19:02:37,824 [INFO] Epoch 072 | Train Loss: 2.1583 | Val Loss: 2.6353 | Val Acc: 0.4286
2025-06-20 19:02:37,853 [INFO] Epoch 073 | Train Loss: 2.1461 | Val Loss: 2.6273 | Val Acc: 0.3750
2025-06-20 19:02:37,882 [INFO] Epoch 074 | Train Loss: 2.2247 | Val Loss: 2.9409 | Val Acc: 0.3750
2025-06-20 19:02:37,911 [INFO] Epoch 075 | Train Loss: 1.8373 | Val Loss: 2.8372 | Val Acc: 0.4286
2025-06-20 19:02:37,947 [INFO] Epoch 076 | Train Loss: 2.1349 | Val Loss: 2.7724 | Val Acc: 0.4107
2025-06-20 19:02:37,975 [INFO] Epoch 077 | Train Loss: 2.3301 | Val Loss: 2.7951 | Val Acc: 0.3750
2025-06-20 19:02:38,001 [INFO] Epoch 078 | Train Loss: 2.5972 | Val Loss: 2.8438 | Val Acc: 0.4107
2025-06-20 19:02:38,028 [INFO] Epoch 079 | Train Loss: 1.9452 | Val Loss: 2.6090 | Val Acc: 0.4286
2025-06-20 19:02:38,055 [INFO] Epoch 080 | Train Loss: 2.1054 | Val Loss: 2.7020 | Val Acc: 0.4464
2025-06-20 19:02:38,322 [INFO] Epoch 081 | Train Loss: 2.2401 | Val Loss: 2.5802 | Val Acc: 0.4107
2025-06-20 19:02:38,349 [INFO] Epoch 082 | Train Loss: 1.6526 | Val Loss: 2.3867 | Val Acc: 0.4643
2025-06-20 19:02:38,352 [INFO] New best model at epoch 82 (Val Acc: 0.4643)
2025-06-20 19:02:38,377 [INFO] Epoch 083 | Train Loss: 1.7216 | Val Loss: 2.3829 | Val Acc: 0.4286
2025-06-20 19:02:38,407 [INFO] Epoch 084 | Train Loss: 1.8610 | Val Loss: 2.4202 | Val Acc: 0.4286
2025-06-20 19:02:38,442 [INFO] Epoch 085 | Train Loss: 2.0407 | Val Loss: 2.5399 | Val Acc: 0.3750
2025-06-20 19:02:38,481 [INFO] Epoch 086 | Train Loss: 1.6964 | Val Loss: 2.5336 | Val Acc: 0.3929
2025-06-20 19:02:38,518 [INFO] Epoch 087 | Train Loss: 1.9760 | Val Loss: 2.6291 | Val Acc: 0.3393
2025-06-20 19:02:38,550 [INFO] Epoch 088 | Train Loss: 1.8750 | Val Loss: 2.6511 | Val Acc: 0.3393
2025-06-20 19:02:38,579 [INFO] Epoch 089 | Train Loss: 1.7955 | Val Loss: 2.6993 | Val Acc: 0.3571
2025-06-20 19:02:38,605 [INFO] Epoch 090 | Train Loss: 1.8910 | Val Loss: 2.7409 | Val Acc: 0.3750
2025-06-20 19:02:38,798 [INFO] Epoch 091 | Train Loss: 1.8230 | Val Loss: 2.8876 | Val Acc: 0.3750
2025-06-20 19:02:38,839 [INFO] Epoch 092 | Train Loss: 1.9030 | Val Loss: 2.9680 | Val Acc: 0.3750
2025-06-20 19:02:38,881 [INFO] Epoch 093 | Train Loss: 2.3915 | Val Loss: 2.7765 | Val Acc: 0.3929
2025-06-20 19:02:38,920 [INFO] Epoch 094 | Train Loss: 1.5598 | Val Loss: 2.8138 | Val Acc: 0.4107
2025-06-20 19:02:38,964 [INFO] Epoch 095 | Train Loss: 1.7673 | Val Loss: 2.8032 | Val Acc: 0.3929
2025-06-20 19:02:38,993 [INFO] Epoch 096 | Train Loss: 2.1163 | Val Loss: 2.7221 | Val Acc: 0.3750
2025-06-20 19:02:39,030 [INFO] Epoch 097 | Train Loss: 1.6743 | Val Loss: 2.7122 | Val Acc: 0.4286
2025-06-20 19:02:39,068 [INFO] Epoch 098 | Train Loss: 1.7783 | Val Loss: 2.7429 | Val Acc: 0.3750
2025-06-20 19:02:39,106 [INFO] Epoch 099 | Train Loss: 1.7233 | Val Loss: 2.6735 | Val Acc: 0.4286
2025-06-20 19:02:39,143 [INFO] Epoch 100 | Train Loss: 1.7703 | Val Loss: 2.5734 | Val Acc: 0.4464
2025-06-20 19:02:39,380 [INFO] Epoch 101 | Train Loss: 1.5470 | Val Loss: 2.5650 | Val Acc: 0.4643
2025-06-20 19:02:39,426 [INFO] Epoch 102 | Train Loss: 1.7317 | Val Loss: 2.5976 | Val Acc: 0.5000
2025-06-20 19:02:39,431 [INFO] New best model at epoch 102 (Val Acc: 0.5000)
2025-06-20 19:02:39,477 [INFO] Epoch 103 | Train Loss: 2.0498 | Val Loss: 2.5982 | Val Acc: 0.4821
2025-06-20 19:02:39,507 [INFO] Epoch 104 | Train Loss: 1.7816 | Val Loss: 2.4421 | Val Acc: 0.4643
2025-06-20 19:02:39,545 [INFO] Epoch 105 | Train Loss: 1.8725 | Val Loss: 2.4301 | Val Acc: 0.4643
2025-06-20 19:02:39,582 [INFO] Epoch 106 | Train Loss: 1.9996 | Val Loss: 2.4876 | Val Acc: 0.4464
2025-06-20 19:02:39,620 [INFO] Epoch 107 | Train Loss: 1.6812 | Val Loss: 2.4688 | Val Acc: 0.4286
2025-06-20 19:02:39,659 [INFO] Epoch 108 | Train Loss: 2.0015 | Val Loss: 2.5815 | Val Acc: 0.3929
2025-06-20 19:02:39,699 [INFO] Epoch 109 | Train Loss: 1.9989 | Val Loss: 2.6898 | Val Acc: 0.3929
2025-06-20 19:02:39,739 [INFO] Epoch 110 | Train Loss: 1.7362 | Val Loss: 2.6123 | Val Acc: 0.3929
2025-06-20 19:02:40,014 [INFO] Epoch 111 | Train Loss: 1.7524 | Val Loss: 2.6193 | Val Acc: 0.3929
2025-06-20 19:02:40,048 [INFO] Epoch 112 | Train Loss: 1.9517 | Val Loss: 2.5591 | Val Acc: 0.3750
2025-06-20 19:02:40,085 [INFO] Epoch 113 | Train Loss: 2.1979 | Val Loss: 2.6281 | Val Acc: 0.3750
2025-06-20 19:02:40,131 [INFO] Epoch 114 | Train Loss: 1.9352 | Val Loss: 2.6734 | Val Acc: 0.4107
2025-06-20 19:02:40,178 [INFO] Epoch 115 | Train Loss: 1.5011 | Val Loss: 2.5297 | Val Acc: 0.4464
2025-06-20 19:02:40,206 [INFO] Epoch 116 | Train Loss: 1.5710 | Val Loss: 2.5103 | Val Acc: 0.4643
2025-06-20 19:02:40,231 [INFO] Epoch 117 | Train Loss: 1.5708 | Val Loss: 2.4529 | Val Acc: 0.3750
2025-06-20 19:02:40,267 [INFO] Epoch 118 | Train Loss: 1.5222 | Val Loss: 2.3792 | Val Acc: 0.4107
2025-06-20 19:02:40,305 [INFO] Epoch 119 | Train Loss: 1.7328 | Val Loss: 2.4711 | Val Acc: 0.4107
2025-06-20 19:02:40,340 [INFO] Epoch 120 | Train Loss: 1.7236 | Val Loss: 2.5128 | Val Acc: 0.4464
2025-06-20 19:02:40,550 [INFO] Epoch 121 | Train Loss: 1.7552 | Val Loss: 2.6366 | Val Acc: 0.4107
2025-06-20 19:02:40,578 [INFO] Epoch 122 | Train Loss: 1.9300 | Val Loss: 2.6861 | Val Acc: 0.3929
2025-06-20 19:02:40,606 [INFO] Epoch 123 | Train Loss: 2.0806 | Val Loss: 2.6744 | Val Acc: 0.4107
2025-06-20 19:02:40,633 [INFO] Epoch 124 | Train Loss: 1.7972 | Val Loss: 2.7458 | Val Acc: 0.3750
2025-06-20 19:02:40,664 [INFO] Epoch 125 | Train Loss: 1.6077 | Val Loss: 2.5803 | Val Acc: 0.3929
2025-06-20 19:02:40,696 [INFO] Epoch 126 | Train Loss: 1.4777 | Val Loss: 2.4768 | Val Acc: 0.3929
2025-06-20 19:02:40,725 [INFO] Epoch 127 | Train Loss: 1.3369 | Val Loss: 2.4919 | Val Acc: 0.4107
2025-06-20 19:02:40,760 [INFO] Epoch 128 | Train Loss: 1.9308 | Val Loss: 2.5717 | Val Acc: 0.4464
2025-06-20 19:02:40,801 [INFO] Epoch 129 | Train Loss: 1.7626 | Val Loss: 2.5748 | Val Acc: 0.4286
2025-06-20 19:02:40,848 [INFO] Epoch 130 | Train Loss: 1.7185 | Val Loss: 2.4751 | Val Acc: 0.4286
2025-06-20 19:02:41,095 [INFO] Epoch 131 | Train Loss: 1.4613 | Val Loss: 2.4878 | Val Acc: 0.4464
2025-06-20 19:02:41,132 [INFO] Epoch 132 | Train Loss: 1.5474 | Val Loss: 2.3874 | Val Acc: 0.4821
2025-06-20 19:02:41,187 [INFO] Epoch 133 | Train Loss: 1.4377 | Val Loss: 2.3592 | Val Acc: 0.5179
2025-06-20 19:02:41,193 [INFO] New best model at epoch 133 (Val Acc: 0.5179)
2025-06-20 19:02:41,263 [INFO] Epoch 134 | Train Loss: 1.3166 | Val Loss: 2.3651 | Val Acc: 0.5179
2025-06-20 19:02:41,312 [INFO] Epoch 135 | Train Loss: 1.2925 | Val Loss: 2.4143 | Val Acc: 0.4821
2025-06-20 19:02:41,344 [INFO] Epoch 136 | Train Loss: 1.3570 | Val Loss: 2.3976 | Val Acc: 0.4643
2025-06-20 19:02:41,374 [INFO] Epoch 137 | Train Loss: 1.4242 | Val Loss: 2.5289 | Val Acc: 0.3929
2025-06-20 19:02:41,405 [INFO] Epoch 138 | Train Loss: 1.6721 | Val Loss: 2.5722 | Val Acc: 0.4107
2025-06-20 19:02:41,435 [INFO] Epoch 139 | Train Loss: 1.3520 | Val Loss: 2.5247 | Val Acc: 0.3929
2025-06-20 19:02:41,469 [INFO] Epoch 140 | Train Loss: 1.7625 | Val Loss: 2.4089 | Val Acc: 0.4464
2025-06-20 19:02:41,653 [INFO] Epoch 141 | Train Loss: 1.6938 | Val Loss: 2.4795 | Val Acc: 0.4107
2025-06-20 19:02:41,681 [INFO] Epoch 142 | Train Loss: 1.5472 | Val Loss: 2.4283 | Val Acc: 0.4286
2025-06-20 19:02:41,722 [INFO] Epoch 143 | Train Loss: 1.7571 | Val Loss: 2.4879 | Val Acc: 0.4286
2025-06-20 19:02:41,766 [INFO] Epoch 144 | Train Loss: 1.5890 | Val Loss: 2.3797 | Val Acc: 0.4107
2025-06-20 19:02:41,805 [INFO] Epoch 145 | Train Loss: 1.1364 | Val Loss: 2.4964 | Val Acc: 0.4107
2025-06-20 19:02:41,855 [INFO] Epoch 146 | Train Loss: 1.0840 | Val Loss: 2.4764 | Val Acc: 0.4107
2025-06-20 19:02:41,900 [INFO] Epoch 147 | Train Loss: 2.2012 | Val Loss: 2.6982 | Val Acc: 0.3571
2025-06-20 19:02:41,933 [INFO] Epoch 148 | Train Loss: 1.6795 | Val Loss: 2.7999 | Val Acc: 0.3750
2025-06-20 19:02:42,043 [INFO] Epoch 149 | Train Loss: 1.4916 | Val Loss: 2.8484 | Val Acc: 0.3571
2025-06-20 19:02:42,089 [INFO] Epoch 150 | Train Loss: 2.2039 | Val Loss: 2.7626 | Val Acc: 0.3750
2025-06-20 19:02:42,306 [INFO] Epoch 151 | Train Loss: 1.3733 | Val Loss: 2.6300 | Val Acc: 0.4286
2025-06-20 19:02:42,335 [INFO] Epoch 152 | Train Loss: 1.5421 | Val Loss: 2.5423 | Val Acc: 0.4286
2025-06-20 19:02:42,368 [INFO] Epoch 153 | Train Loss: 1.1273 | Val Loss: 2.5146 | Val Acc: 0.4643
2025-06-20 19:02:42,398 [INFO] Epoch 154 | Train Loss: 1.5939 | Val Loss: 2.4894 | Val Acc: 0.4464
2025-06-20 19:02:42,425 [INFO] Epoch 155 | Train Loss: 1.4325 | Val Loss: 2.4979 | Val Acc: 0.4107
2025-06-20 19:02:42,454 [INFO] Epoch 156 | Train Loss: 1.4347 | Val Loss: 2.6171 | Val Acc: 0.4286
2025-06-20 19:02:42,487 [INFO] Epoch 157 | Train Loss: 1.3478 | Val Loss: 2.5763 | Val Acc: 0.4821
2025-06-20 19:02:42,517 [INFO] Epoch 158 | Train Loss: 1.7190 | Val Loss: 2.5687 | Val Acc: 0.4464
2025-06-20 19:02:42,547 [INFO] Epoch 159 | Train Loss: 1.0308 | Val Loss: 2.5751 | Val Acc: 0.4286
2025-06-20 19:02:42,578 [INFO] Epoch 160 | Train Loss: 1.5314 | Val Loss: 2.6520 | Val Acc: 0.3750
2025-06-20 19:02:42,774 [INFO] Epoch 161 | Train Loss: 1.4985 | Val Loss: 2.6110 | Val Acc: 0.4107
2025-06-20 19:02:42,803 [INFO] Epoch 162 | Train Loss: 1.4359 | Val Loss: 2.4550 | Val Acc: 0.4464
2025-06-20 19:02:42,834 [INFO] Epoch 163 | Train Loss: 1.7009 | Val Loss: 2.4647 | Val Acc: 0.4107
2025-06-20 19:02:42,867 [INFO] Epoch 164 | Train Loss: 1.7576 | Val Loss: 2.5098 | Val Acc: 0.3929
2025-06-20 19:02:42,900 [INFO] Epoch 165 | Train Loss: 1.7254 | Val Loss: 2.4698 | Val Acc: 0.4821
2025-06-20 19:02:42,935 [INFO] Epoch 166 | Train Loss: 1.4500 | Val Loss: 2.3627 | Val Acc: 0.4821
2025-06-20 19:02:42,964 [INFO] Epoch 167 | Train Loss: 1.2082 | Val Loss: 2.4608 | Val Acc: 0.4464
2025-06-20 19:02:42,990 [INFO] Epoch 168 | Train Loss: 1.6126 | Val Loss: 2.5391 | Val Acc: 0.4107
2025-06-20 19:02:43,019 [INFO] Epoch 169 | Train Loss: 1.1905 | Val Loss: 2.5782 | Val Acc: 0.4107
2025-06-20 19:02:43,050 [INFO] Epoch 170 | Train Loss: 1.6292 | Val Loss: 2.5639 | Val Acc: 0.4107
2025-06-20 19:02:43,249 [INFO] Epoch 171 | Train Loss: 1.2948 | Val Loss: 2.4791 | Val Acc: 0.4643
2025-06-20 19:02:43,275 [INFO] Epoch 172 | Train Loss: 1.3709 | Val Loss: 2.6141 | Val Acc: 0.4286
2025-06-20 19:02:43,305 [INFO] Epoch 173 | Train Loss: 1.2593 | Val Loss: 2.5498 | Val Acc: 0.4286
2025-06-20 19:02:43,335 [INFO] Epoch 174 | Train Loss: 1.4055 | Val Loss: 2.4773 | Val Acc: 0.4821
2025-06-20 19:02:43,365 [INFO] Epoch 175 | Train Loss: 1.4605 | Val Loss: 2.4190 | Val Acc: 0.4464
2025-06-20 19:02:43,394 [INFO] Epoch 176 | Train Loss: 1.3372 | Val Loss: 2.4264 | Val Acc: 0.4821
2025-06-20 19:02:43,422 [INFO] Epoch 177 | Train Loss: 1.7277 | Val Loss: 2.4024 | Val Acc: 0.4464
2025-06-20 19:02:43,448 [INFO] Epoch 178 | Train Loss: 1.3909 | Val Loss: 2.3929 | Val Acc: 0.4464
2025-06-20 19:02:43,474 [INFO] Epoch 179 | Train Loss: 1.7294 | Val Loss: 2.4272 | Val Acc: 0.4464
2025-06-20 19:02:43,502 [INFO] Epoch 180 | Train Loss: 1.1512 | Val Loss: 2.4757 | Val Acc: 0.4464
2025-06-20 19:02:43,730 [INFO] Epoch 181 | Train Loss: 1.5145 | Val Loss: 2.5432 | Val Acc: 0.4286
2025-06-20 19:02:43,760 [INFO] Epoch 182 | Train Loss: 1.2744 | Val Loss: 2.6984 | Val Acc: 0.4464
2025-06-20 19:02:43,791 [INFO] Epoch 183 | Train Loss: 1.1946 | Val Loss: 2.7375 | Val Acc: 0.4643
2025-06-20 19:02:43,818 [INFO] Epoch 184 | Train Loss: 1.3937 | Val Loss: 2.9484 | Val Acc: 0.4464
2025-06-20 19:02:43,844 [INFO] Epoch 185 | Train Loss: 1.3224 | Val Loss: 3.0066 | Val Acc: 0.4643
2025-06-20 19:02:43,872 [INFO] Epoch 186 | Train Loss: 1.3121 | Val Loss: 2.9104 | Val Acc: 0.4286
2025-06-20 19:02:43,900 [INFO] Epoch 187 | Train Loss: 1.2791 | Val Loss: 2.7691 | Val Acc: 0.4464
2025-06-20 19:02:43,925 [INFO] Epoch 188 | Train Loss: 1.2332 | Val Loss: 2.6538 | Val Acc: 0.4643
2025-06-20 19:02:43,954 [INFO] Epoch 189 | Train Loss: 1.2808 | Val Loss: 2.6288 | Val Acc: 0.5357
2025-06-20 19:02:43,958 [INFO] New best model at epoch 189 (Val Acc: 0.5357)
2025-06-20 19:02:43,990 [INFO] Epoch 190 | Train Loss: 1.2509 | Val Loss: 2.7190 | Val Acc: 0.4821
2025-06-20 19:02:44,299 [INFO] Epoch 191 | Train Loss: 1.3898 | Val Loss: 2.7086 | Val Acc: 0.5000
2025-06-20 19:02:44,340 [INFO] Epoch 192 | Train Loss: 1.5373 | Val Loss: 2.7826 | Val Acc: 0.4821
2025-06-20 19:02:44,379 [INFO] Epoch 193 | Train Loss: 1.4047 | Val Loss: 2.6627 | Val Acc: 0.4821
2025-06-20 19:02:44,417 [INFO] Epoch 194 | Train Loss: 1.5174 | Val Loss: 2.4723 | Val Acc: 0.4286
2025-06-20 19:02:44,451 [INFO] Epoch 195 | Train Loss: 1.3449 | Val Loss: 2.4524 | Val Acc: 0.4643
2025-06-20 19:02:44,480 [INFO] Epoch 196 | Train Loss: 1.4757 | Val Loss: 2.5647 | Val Acc: 0.4464
2025-06-20 19:02:44,509 [INFO] Epoch 197 | Train Loss: 1.1259 | Val Loss: 2.6638 | Val Acc: 0.4107
2025-06-20 19:02:44,538 [INFO] Epoch 198 | Train Loss: 1.3576 | Val Loss: 2.4928 | Val Acc: 0.4107
2025-06-20 19:02:44,572 [INFO] Epoch 199 | Train Loss: 1.2019 | Val Loss: 2.5334 | Val Acc: 0.4107
2025-06-20 19:02:44,616 [INFO] Epoch 200 | Train Loss: 1.3247 | Val Loss: 2.4902 | Val Acc: 0.4643
2025-06-20 19:02:44,840 [INFO] Epoch 201 | Train Loss: 1.1681 | Val Loss: 2.5814 | Val Acc: 0.4464
2025-06-20 19:02:44,868 [INFO] Epoch 202 | Train Loss: 1.0420 | Val Loss: 2.6823 | Val Acc: 0.4107
2025-06-20 19:02:44,907 [INFO] Epoch 203 | Train Loss: 1.1146 | Val Loss: 2.7165 | Val Acc: 0.4464
2025-06-20 19:02:44,947 [INFO] Epoch 204 | Train Loss: 1.1201 | Val Loss: 2.7061 | Val Acc: 0.4643
2025-06-20 19:02:44,975 [INFO] Epoch 205 | Train Loss: 1.1858 | Val Loss: 2.5983 | Val Acc: 0.4464
2025-06-20 19:02:44,999 [INFO] Epoch 206 | Train Loss: 1.4366 | Val Loss: 2.7384 | Val Acc: 0.4107
2025-06-20 19:02:45,028 [INFO] Epoch 207 | Train Loss: 1.2142 | Val Loss: 2.6595 | Val Acc: 0.4107
2025-06-20 19:02:45,065 [INFO] Epoch 208 | Train Loss: 1.0233 | Val Loss: 2.5692 | Val Acc: 0.4286
2025-06-20 19:02:45,117 [INFO] Epoch 209 | Train Loss: 1.2527 | Val Loss: 2.5703 | Val Acc: 0.4464
2025-06-20 19:02:45,158 [INFO] Epoch 210 | Train Loss: 1.0116 | Val Loss: 2.3977 | Val Acc: 0.4821
2025-06-20 19:02:45,446 [INFO] Epoch 211 | Train Loss: 1.9513 | Val Loss: 2.4340 | Val Acc: 0.5000
2025-06-20 19:02:45,484 [INFO] Epoch 212 | Train Loss: 1.2716 | Val Loss: 2.6136 | Val Acc: 0.4643
2025-06-20 19:02:45,521 [INFO] Epoch 213 | Train Loss: 1.1242 | Val Loss: 2.6677 | Val Acc: 0.4821
2025-06-20 19:02:45,563 [INFO] Epoch 214 | Train Loss: 0.9969 | Val Loss: 2.6205 | Val Acc: 0.4464
2025-06-20 19:02:45,605 [INFO] Epoch 215 | Train Loss: 1.6388 | Val Loss: 2.7546 | Val Acc: 0.4464
2025-06-20 19:02:45,645 [INFO] Epoch 216 | Train Loss: 0.9941 | Val Loss: 2.5130 | Val Acc: 0.4643
2025-06-20 19:02:45,684 [INFO] Epoch 217 | Train Loss: 1.1533 | Val Loss: 2.3962 | Val Acc: 0.4821
2025-06-20 19:02:45,724 [INFO] Epoch 218 | Train Loss: 1.1708 | Val Loss: 2.4913 | Val Acc: 0.4107
2025-06-20 19:02:45,762 [INFO] Epoch 219 | Train Loss: 1.2227 | Val Loss: 2.5334 | Val Acc: 0.4643
2025-06-20 19:02:45,801 [INFO] Epoch 220 | Train Loss: 1.0214 | Val Loss: 2.5842 | Val Acc: 0.4821
2025-06-20 19:02:45,999 [INFO] Epoch 221 | Train Loss: 1.3335 | Val Loss: 2.6814 | Val Acc: 0.4821
2025-06-20 19:02:46,026 [INFO] Epoch 222 | Train Loss: 1.0249 | Val Loss: 2.7540 | Val Acc: 0.4643
2025-06-20 19:02:46,053 [INFO] Epoch 223 | Train Loss: 1.0337 | Val Loss: 2.8129 | Val Acc: 0.5179
2025-06-20 19:02:46,077 [INFO] Epoch 224 | Train Loss: 0.9572 | Val Loss: 2.9671 | Val Acc: 0.5179
2025-06-20 19:02:46,108 [INFO] Epoch 225 | Train Loss: 1.2082 | Val Loss: 2.5038 | Val Acc: 0.5000
2025-06-20 19:02:46,134 [INFO] Epoch 226 | Train Loss: 0.9037 | Val Loss: 2.5263 | Val Acc: 0.4643
2025-06-20 19:02:46,161 [INFO] Epoch 227 | Train Loss: 1.2174 | Val Loss: 2.5419 | Val Acc: 0.5000
2025-06-20 19:02:46,187 [INFO] Epoch 228 | Train Loss: 1.1207 | Val Loss: 2.4866 | Val Acc: 0.5179
2025-06-20 19:02:46,216 [INFO] Epoch 229 | Train Loss: 1.6713 | Val Loss: 2.4966 | Val Acc: 0.5179
2025-06-20 19:02:46,256 [INFO] Epoch 230 | Train Loss: 1.2478 | Val Loss: 2.5366 | Val Acc: 0.5000
2025-06-20 19:02:46,500 [INFO] Epoch 231 | Train Loss: 1.4228 | Val Loss: 2.5605 | Val Acc: 0.4643
2025-06-20 19:02:46,532 [INFO] Epoch 232 | Train Loss: 1.3907 | Val Loss: 2.5201 | Val Acc: 0.4643
2025-06-20 19:02:46,578 [INFO] Epoch 233 | Train Loss: 1.2830 | Val Loss: 2.6073 | Val Acc: 0.4286
2025-06-20 19:02:46,608 [INFO] Epoch 234 | Train Loss: 1.0879 | Val Loss: 2.6340 | Val Acc: 0.4286
2025-06-20 19:02:46,633 [INFO] Epoch 235 | Train Loss: 0.8229 | Val Loss: 2.6766 | Val Acc: 0.4464
2025-06-20 19:02:46,659 [INFO] Epoch 236 | Train Loss: 1.1286 | Val Loss: 2.6428 | Val Acc: 0.4286
2025-06-20 19:02:46,685 [INFO] Epoch 237 | Train Loss: 1.4659 | Val Loss: 2.6176 | Val Acc: 0.4286
2025-06-20 19:02:46,714 [INFO] Epoch 238 | Train Loss: 1.0863 | Val Loss: 2.5781 | Val Acc: 0.4286
2025-06-20 19:02:46,739 [INFO] Epoch 239 | Train Loss: 1.0588 | Val Loss: 2.6889 | Val Acc: 0.4464
2025-06-20 19:02:46,765 [INFO] Epoch 240 | Train Loss: 1.1290 | Val Loss: 2.6939 | Val Acc: 0.4107
2025-06-20 19:02:47,013 [INFO] Epoch 241 | Train Loss: 0.9199 | Val Loss: 2.8473 | Val Acc: 0.3929
2025-06-20 19:02:47,050 [INFO] Epoch 242 | Train Loss: 1.3031 | Val Loss: 2.6074 | Val Acc: 0.4107
2025-06-20 19:02:47,086 [INFO] Epoch 243 | Train Loss: 1.1475 | Val Loss: 2.4877 | Val Acc: 0.4286
2025-06-20 19:02:47,130 [INFO] Epoch 244 | Train Loss: 0.9969 | Val Loss: 2.5134 | Val Acc: 0.4464
2025-06-20 19:02:47,188 [INFO] Epoch 245 | Train Loss: 1.2729 | Val Loss: 2.5184 | Val Acc: 0.4286
2025-06-20 19:02:47,247 [INFO] Epoch 246 | Train Loss: 1.0226 | Val Loss: 2.5861 | Val Acc: 0.4821
2025-06-20 19:02:47,320 [INFO] Epoch 247 | Train Loss: 1.0613 | Val Loss: 2.5985 | Val Acc: 0.4821
2025-06-20 19:02:47,370 [INFO] Epoch 248 | Train Loss: 0.8742 | Val Loss: 2.5878 | Val Acc: 0.4821
2025-06-20 19:02:47,407 [INFO] Epoch 249 | Train Loss: 1.2464 | Val Loss: 2.5071 | Val Acc: 0.4643
2025-06-20 19:02:47,443 [INFO] Epoch 250 | Train Loss: 0.8046 | Val Loss: 2.5371 | Val Acc: 0.4643
2025-06-20 19:02:47,645 [INFO] Epoch 251 | Train Loss: 0.8254 | Val Loss: 2.5742 | Val Acc: 0.4821
2025-06-20 19:02:47,687 [INFO] Epoch 252 | Train Loss: 1.1373 | Val Loss: 2.5031 | Val Acc: 0.5000
2025-06-20 19:02:47,730 [INFO] Epoch 253 | Train Loss: 0.9302 | Val Loss: 2.4522 | Val Acc: 0.5000
2025-06-20 19:02:47,766 [INFO] Epoch 254 | Train Loss: 0.7678 | Val Loss: 2.4631 | Val Acc: 0.5000
2025-06-20 19:02:47,801 [INFO] Epoch 255 | Train Loss: 1.1466 | Val Loss: 2.4257 | Val Acc: 0.4643
2025-06-20 19:02:47,834 [INFO] Epoch 256 | Train Loss: 0.9698 | Val Loss: 2.4024 | Val Acc: 0.4821
2025-06-20 19:02:47,869 [INFO] Epoch 257 | Train Loss: 1.2458 | Val Loss: 2.4429 | Val Acc: 0.4107
2025-06-20 19:02:47,895 [INFO] Epoch 258 | Train Loss: 1.1542 | Val Loss: 2.5138 | Val Acc: 0.4286
2025-06-20 19:02:47,921 [INFO] Epoch 259 | Train Loss: 1.0445 | Val Loss: 2.6092 | Val Acc: 0.4107
2025-06-20 19:02:47,947 [INFO] Epoch 260 | Train Loss: 0.7861 | Val Loss: 2.5672 | Val Acc: 0.4286
2025-06-20 19:02:48,179 [INFO] Epoch 261 | Train Loss: 1.3942 | Val Loss: 2.6572 | Val Acc: 0.4286
2025-06-20 19:02:48,209 [INFO] Epoch 262 | Train Loss: 1.3878 | Val Loss: 2.5637 | Val Acc: 0.4286
2025-06-20 19:02:48,237 [INFO] Epoch 263 | Train Loss: 1.0927 | Val Loss: 2.6532 | Val Acc: 0.4107
2025-06-20 19:02:48,266 [INFO] Epoch 264 | Train Loss: 0.9044 | Val Loss: 2.6343 | Val Acc: 0.4286
2025-06-20 19:02:48,294 [INFO] Epoch 265 | Train Loss: 0.9947 | Val Loss: 2.4813 | Val Acc: 0.4821
2025-06-20 19:02:48,322 [INFO] Epoch 266 | Train Loss: 1.1499 | Val Loss: 2.4845 | Val Acc: 0.5357
2025-06-20 19:02:48,348 [INFO] Epoch 267 | Train Loss: 0.6334 | Val Loss: 2.4386 | Val Acc: 0.5179
2025-06-20 19:02:48,374 [INFO] Epoch 268 | Train Loss: 0.9431 | Val Loss: 2.4670 | Val Acc: 0.5000
2025-06-20 19:02:48,400 [INFO] Epoch 269 | Train Loss: 1.1307 | Val Loss: 2.4495 | Val Acc: 0.4464
2025-06-20 19:02:48,425 [INFO] Epoch 270 | Train Loss: 1.2086 | Val Loss: 2.4418 | Val Acc: 0.4286
2025-06-20 19:02:48,637 [INFO] Epoch 271 | Train Loss: 1.0739 | Val Loss: 2.4872 | Val Acc: 0.4107
2025-06-20 19:02:48,667 [INFO] Epoch 272 | Train Loss: 0.9637 | Val Loss: 2.6662 | Val Acc: 0.3929
2025-06-20 19:02:48,697 [INFO] Epoch 273 | Train Loss: 1.2645 | Val Loss: 2.7786 | Val Acc: 0.3929
2025-06-20 19:02:48,727 [INFO] Epoch 274 | Train Loss: 0.9161 | Val Loss: 2.7230 | Val Acc: 0.4107
2025-06-20 19:02:48,767 [INFO] Epoch 275 | Train Loss: 0.9562 | Val Loss: 2.9234 | Val Acc: 0.4286
2025-06-20 19:02:48,799 [INFO] Epoch 276 | Train Loss: 0.7868 | Val Loss: 2.7974 | Val Acc: 0.5000
2025-06-20 19:02:48,830 [INFO] Epoch 277 | Train Loss: 0.8587 | Val Loss: 2.7481 | Val Acc: 0.4821
2025-06-20 19:02:48,858 [INFO] Epoch 278 | Train Loss: 1.0559 | Val Loss: 2.8112 | Val Acc: 0.4821
2025-06-20 19:02:48,885 [INFO] Epoch 279 | Train Loss: 1.0296 | Val Loss: 2.9712 | Val Acc: 0.4821
2025-06-20 19:02:48,913 [INFO] Epoch 280 | Train Loss: 1.0266 | Val Loss: 2.9139 | Val Acc: 0.5000
2025-06-20 19:02:49,141 [INFO] Epoch 281 | Train Loss: 0.7615 | Val Loss: 2.7375 | Val Acc: 0.5000
2025-06-20 19:02:49,168 [INFO] Epoch 282 | Train Loss: 1.3350 | Val Loss: 2.6288 | Val Acc: 0.4821
2025-06-20 19:02:49,195 [INFO] Epoch 283 | Train Loss: 0.8180 | Val Loss: 2.5425 | Val Acc: 0.4643
2025-06-20 19:02:49,221 [INFO] Epoch 284 | Train Loss: 0.9711 | Val Loss: 2.4661 | Val Acc: 0.5000
2025-06-20 19:02:49,246 [INFO] Epoch 285 | Train Loss: 0.8799 | Val Loss: 2.4629 | Val Acc: 0.5000
2025-06-20 19:02:49,273 [INFO] Epoch 286 | Train Loss: 0.7217 | Val Loss: 2.4554 | Val Acc: 0.5000
2025-06-20 19:02:49,298 [INFO] Epoch 287 | Train Loss: 0.8701 | Val Loss: 2.4404 | Val Acc: 0.4821
2025-06-20 19:02:49,327 [INFO] Epoch 288 | Train Loss: 0.5799 | Val Loss: 2.4085 | Val Acc: 0.4643
2025-06-20 19:02:49,352 [INFO] Epoch 289 | Train Loss: 0.8288 | Val Loss: 2.5468 | Val Acc: 0.4643
2025-06-20 19:02:49,379 [INFO] Epoch 290 | Train Loss: 0.9228 | Val Loss: 2.7474 | Val Acc: 0.3929
2025-06-20 19:02:49,602 [INFO] Epoch 291 | Train Loss: 1.1770 | Val Loss: 2.8554 | Val Acc: 0.4107
2025-06-20 19:02:49,628 [INFO] Epoch 292 | Train Loss: 0.9261 | Val Loss: 2.7897 | Val Acc: 0.4107
2025-06-20 19:02:49,656 [INFO] Epoch 293 | Train Loss: 1.0000 | Val Loss: 2.8093 | Val Acc: 0.3929
2025-06-20 19:02:49,681 [INFO] Epoch 294 | Train Loss: 1.0139 | Val Loss: 2.6053 | Val Acc: 0.4464
2025-06-20 19:02:49,705 [INFO] Epoch 295 | Train Loss: 0.8456 | Val Loss: 2.6058 | Val Acc: 0.4286
2025-06-20 19:02:49,731 [INFO] Epoch 296 | Train Loss: 0.7388 | Val Loss: 2.6144 | Val Acc: 0.4643
2025-06-20 19:02:49,757 [INFO] Epoch 297 | Train Loss: 0.8183 | Val Loss: 2.7595 | Val Acc: 0.5000
2025-06-20 19:02:49,786 [INFO] Epoch 298 | Train Loss: 1.1557 | Val Loss: 2.6457 | Val Acc: 0.4643
2025-06-20 19:02:49,824 [INFO] Epoch 299 | Train Loss: 1.1888 | Val Loss: 2.6687 | Val Acc: 0.4286
2025-06-20 19:02:49,860 [INFO] Epoch 300 | Train Loss: 0.8044 | Val Loss: 2.7292 | Val Acc: 0.4643
2025-06-20 19:02:50,128 [INFO] Epoch 301 | Train Loss: 0.9977 | Val Loss: 2.9670 | Val Acc: 0.4643
2025-06-20 19:02:50,154 [INFO] Epoch 302 | Train Loss: 0.7849 | Val Loss: 3.2375 | Val Acc: 0.4643
2025-06-20 19:02:50,180 [INFO] Epoch 303 | Train Loss: 0.7115 | Val Loss: 3.4128 | Val Acc: 0.4464
2025-06-20 19:02:50,213 [INFO] Epoch 304 | Train Loss: 0.9165 | Val Loss: 3.2011 | Val Acc: 0.4464
2025-06-20 19:02:50,241 [INFO] Epoch 305 | Train Loss: 0.8374 | Val Loss: 3.3211 | Val Acc: 0.4643
2025-06-20 19:02:50,278 [INFO] Epoch 306 | Train Loss: 0.7534 | Val Loss: 3.1322 | Val Acc: 0.5000
2025-06-20 19:02:50,311 [INFO] Epoch 307 | Train Loss: 1.0432 | Val Loss: 2.9437 | Val Acc: 0.5179
2025-06-20 19:02:50,348 [INFO] Epoch 308 | Train Loss: 1.1613 | Val Loss: 2.7708 | Val Acc: 0.4643
2025-06-20 19:02:50,376 [INFO] Epoch 309 | Train Loss: 0.8597 | Val Loss: 2.7220 | Val Acc: 0.4643
2025-06-20 19:02:50,405 [INFO] Epoch 310 | Train Loss: 0.9529 | Val Loss: 2.4409 | Val Acc: 0.4643
2025-06-20 19:02:50,587 [INFO] Epoch 311 | Train Loss: 1.2952 | Val Loss: 2.3144 | Val Acc: 0.4643
2025-06-20 19:02:50,613 [INFO] Epoch 312 | Train Loss: 0.9701 | Val Loss: 2.2659 | Val Acc: 0.4821
2025-06-20 19:02:50,638 [INFO] Epoch 313 | Train Loss: 0.9199 | Val Loss: 2.3594 | Val Acc: 0.4464
2025-06-20 19:02:50,665 [INFO] Epoch 314 | Train Loss: 0.8506 | Val Loss: 2.4170 | Val Acc: 0.5179
2025-06-20 19:02:50,691 [INFO] Epoch 315 | Train Loss: 0.9428 | Val Loss: 2.6219 | Val Acc: 0.4821
2025-06-20 19:02:50,717 [INFO] Epoch 316 | Train Loss: 0.8849 | Val Loss: 2.7076 | Val Acc: 0.5000
2025-06-20 19:02:50,741 [INFO] Epoch 317 | Train Loss: 0.7212 | Val Loss: 2.6719 | Val Acc: 0.5000
2025-06-20 19:02:50,788 [INFO] Epoch 318 | Train Loss: 1.2419 | Val Loss: 2.6338 | Val Acc: 0.5179
2025-06-20 19:02:50,834 [INFO] Epoch 319 | Train Loss: 0.7895 | Val Loss: 2.6289 | Val Acc: 0.5000
2025-06-20 19:02:50,863 [INFO] Epoch 320 | Train Loss: 0.6733 | Val Loss: 2.6230 | Val Acc: 0.5357
2025-06-20 19:02:51,061 [INFO] Epoch 321 | Train Loss: 0.9030 | Val Loss: 2.4979 | Val Acc: 0.5179
2025-06-20 19:02:51,089 [INFO] Epoch 322 | Train Loss: 1.0280 | Val Loss: 2.5017 | Val Acc: 0.5000
2025-06-20 19:02:51,116 [INFO] Epoch 323 | Train Loss: 0.9878 | Val Loss: 2.4883 | Val Acc: 0.4821
2025-06-20 19:02:51,144 [INFO] Epoch 324 | Train Loss: 1.0138 | Val Loss: 2.5281 | Val Acc: 0.4643
2025-06-20 19:02:51,170 [INFO] Epoch 325 | Train Loss: 0.6614 | Val Loss: 2.5336 | Val Acc: 0.5179
2025-06-20 19:02:51,198 [INFO] Epoch 326 | Train Loss: 0.6174 | Val Loss: 2.7169 | Val Acc: 0.5357
2025-06-20 19:02:51,223 [INFO] Epoch 327 | Train Loss: 0.9294 | Val Loss: 2.8651 | Val Acc: 0.5179
2025-06-20 19:02:51,250 [INFO] Epoch 328 | Train Loss: 0.6579 | Val Loss: 2.9026 | Val Acc: 0.5000
2025-06-20 19:02:51,282 [INFO] Epoch 329 | Train Loss: 0.8635 | Val Loss: 2.9192 | Val Acc: 0.4464
2025-06-20 19:02:51,316 [INFO] Epoch 330 | Train Loss: 1.1417 | Val Loss: 3.0555 | Val Acc: 0.4821
2025-06-20 19:02:51,500 [INFO] Epoch 331 | Train Loss: 0.8402 | Val Loss: 2.7916 | Val Acc: 0.5000
2025-06-20 19:02:51,527 [INFO] Epoch 332 | Train Loss: 0.5954 | Val Loss: 2.6412 | Val Acc: 0.5000
2025-06-20 19:02:51,552 [INFO] Epoch 333 | Train Loss: 0.8861 | Val Loss: 2.6866 | Val Acc: 0.5000
2025-06-20 19:02:51,579 [INFO] Epoch 334 | Train Loss: 0.7748 | Val Loss: 2.7472 | Val Acc: 0.5000
2025-06-20 19:02:51,608 [INFO] Epoch 335 | Train Loss: 1.0034 | Val Loss: 2.7111 | Val Acc: 0.4643
2025-06-20 19:02:51,634 [INFO] Epoch 336 | Train Loss: 0.8004 | Val Loss: 2.7001 | Val Acc: 0.4643
2025-06-20 19:02:51,659 [INFO] Epoch 337 | Train Loss: 0.7243 | Val Loss: 2.7056 | Val Acc: 0.4643
2025-06-20 19:02:51,684 [INFO] Epoch 338 | Train Loss: 0.8483 | Val Loss: 2.7739 | Val Acc: 0.4821
2025-06-20 19:02:51,709 [INFO] Epoch 339 | Train Loss: 0.6975 | Val Loss: 2.8084 | Val Acc: 0.4643
2025-06-20 19:02:51,712 [INFO] Early stopping at epoch 339 (no improvement in 150 epochs).
2025-06-20 19:02:51,714 [INFO] Best model saved to <built-in function time>/ENZYMES/best/best_source_gin.pth (Val Acc: 0.5357 at epoch 189)
2025-06-20 19:02:51,715 [INFO] Training/validation metrics saved to <built-in function time>/ENZYMES/GIN_0.0001/train_metrics.csv
2025-06-20 19:02:51,864 [INFO] Final training curves saved
2025-06-20 19:02:51,864 [INFO] Training completed!
2025-06-20 19:02:51,864 [INFO] Best validation accuracy: 0.5357
2025-06-20 19:02:51,864 [INFO] Best epoch: 189
2025-06-20 19:02:51,864 [INFO] Total epochs trained: 339
2025-06-20 19:02:51,865 [INFO] Starting training with parameters: (0.0001, 0.2, 64, 3, 400, 0.0001)
