2025-06-20 16:36:01,878 [INFO] Using device: cpu
2025-06-20 16:36:01,878 [INFO] 开始创建数据加载器...
2025-06-20 16:36:01,881 [INFO] Successfully loaded dataset ENZYMES from ./data, total graphs: 600
2025-06-20 16:36:01,881 [INFO] Class allocation analysis:
2025-06-20 16:36:01,881 [INFO]   Source classes: [0, 1, 2, 3]
2025-06-20 16:36:01,882 [INFO]   Target classes: [0, 1, 2, 3, 4, 5]
2025-06-20 16:36:01,882 [INFO]   Overlap classes (to be split): [0, 1, 2, 3]
2025-06-20 16:36:01,882 [INFO]   Target novel classes (unknown): [4, 5]
2025-06-20 16:36:01,897 [INFO]   Class 0: 100 total -> Source: 70, Target: 30
2025-06-20 16:36:01,898 [INFO]   Class 1: 100 total -> Source: 70, Target: 30
2025-06-20 16:36:01,898 [INFO]   Class 2: 100 total -> Source: 70, Target: 30
2025-06-20 16:36:01,898 [INFO]   Class 3: 100 total -> Source: 70, Target: 30
2025-06-20 16:36:01,898 [INFO]   Class 4 (novel/unknown): 100 samples -> Target
2025-06-20 16:36:01,898 [INFO]   Class 5 (novel/unknown): 100 samples -> Target
2025-06-20 16:36:01,898 [INFO] Final allocation:
2025-06-20 16:36:01,898 [INFO]   Source domain: 280 samples
2025-06-20 16:36:01,898 [INFO]   Target domain: 320 samples
2025-06-20 16:36:01,900 [INFO] Source domain setup:
2025-06-20 16:36:01,900 [INFO]   Original classes: [0, 1, 2, 3]
2025-06-20 16:36:01,900 [INFO]   Overlap classes used: [0, 1, 2, 3]
2025-06-20 16:36:01,900 [INFO]   Label mapping: {0: 0, 1: 1, 2: 2, 3: 3}
2025-06-20 16:36:01,900 [INFO]   Total data after allocation: 280
2025-06-20 16:36:01,900 [INFO]   Data split - Train: 224, Val: 56
2025-06-20 16:36:01,900 [INFO]   Train label distribution: {0: 56, 1: 56, 3: 56, 2: 56}
2025-06-20 16:36:01,900 [INFO]   Val label distribution: {1: 14, 2: 14, 0: 14, 3: 14}
2025-06-20 16:36:01,902 [INFO] Successfully loaded dataset ENZYMES from ./data, total graphs: 600
2025-06-20 16:36:01,902 [INFO] Class allocation analysis:
2025-06-20 16:36:01,902 [INFO]   Source classes: [0, 1, 2, 3]
2025-06-20 16:36:01,902 [INFO]   Target classes: [0, 1, 2, 3, 4, 5]
2025-06-20 16:36:01,902 [INFO]   Overlap classes (to be split): [0, 1, 2, 3]
2025-06-20 16:36:01,902 [INFO]   Target novel classes (unknown): [4, 5]
2025-06-20 16:36:01,917 [INFO]   Class 0: 100 total -> Source: 70, Target: 30
2025-06-20 16:36:01,918 [INFO]   Class 1: 100 total -> Source: 70, Target: 30
2025-06-20 16:36:01,918 [INFO]   Class 2: 100 total -> Source: 70, Target: 30
2025-06-20 16:36:01,918 [INFO]   Class 3: 100 total -> Source: 70, Target: 30
2025-06-20 16:36:01,918 [INFO]   Class 4 (novel/unknown): 100 samples -> Target
2025-06-20 16:36:01,918 [INFO]   Class 5 (novel/unknown): 100 samples -> Target
2025-06-20 16:36:01,918 [INFO] Final allocation:
2025-06-20 16:36:01,918 [INFO]   Source domain: 280 samples
2025-06-20 16:36:01,918 [INFO]   Target domain: 320 samples
2025-06-20 16:36:01,920 [INFO] Target domain setup:
2025-06-20 16:36:01,920 [INFO]   Original classes: [0, 1, 2, 3, 4, 5]
2025-06-20 16:36:01,920 [INFO]   Overlap classes: [0, 1, 2, 3]
2025-06-20 16:36:01,920 [INFO]   Novel classes: [4, 5] -> mapped to unknown label 4
2025-06-20 16:36:01,920 [INFO]   Label mapping: {0: 0, 1: 1, 2: 2, 3: 3, 4: 4, 5: 4}
2025-06-20 16:36:01,920 [INFO]   Total data after allocation: 320
2025-06-20 16:36:01,920 [INFO]   Data split - Train: 256, Val: 64
2025-06-20 16:36:01,920 [INFO]   Total count: 320 (known: 120, unknown: 200)
2025-06-20 16:36:01,920 [INFO]   Total label distribution: {4: 200, 3: 30, 0: 30, 1: 30, 2: 30}
2025-06-20 16:36:01,920 [INFO]   Train label distribution: {4: 160, 0: 24, 2: 24, 3: 24, 1: 24}
2025-06-20 16:36:01,920 [INFO]   Val label distribution: {1: 6, 4: 40, 3: 6, 0: 6, 2: 6}
2025-06-20 16:36:01,921 [INFO] 数据加载器创建完成!
2025-06-20 16:36:01,921 [INFO] 源域类别数: 4 (重叠类别)
2025-06-20 16:36:01,921 [INFO] 目标域类别数: 5 (4个重叠类别 + 1个未知类别)
2025-06-20 16:36:01,921 [INFO] 重叠类别: [0, 1, 2, 3]
2025-06-20 16:36:01,921 [INFO] 目标域新类别: [4, 5]
2025-06-20 16:36:01,921 [INFO] Data allocation verification:
2025-06-20 16:36:01,921 [INFO]   Source data samples: 280
2025-06-20 16:36:01,921 [INFO]   Target data samples: 320
2025-06-20 16:36:01,921 [INFO]   Overlapping samples: 0
2025-06-20 16:36:01,921 [INFO]   ✓ Data allocation is correct - no overlapping samples
2025-06-20 16:36:01,923 [INFO] Model initialized with 118660 parameters
2025-06-20 16:36:01,924 [INFO] Previous best validation accuracy read from record.txt: 0.6071
2025-06-20 16:36:01,924 [INFO] Starting training...
2025-06-20 16:36:01,981 [INFO] Epoch 001 | Train Loss: 10.7745 | Val Loss: 1.6956 | Val Acc: 0.2500
2025-06-20 16:36:02,082 [INFO] New best model at epoch 1 (Val Acc: 0.2500)
2025-06-20 16:36:02,144 [INFO] Epoch 002 | Train Loss: 7.5051 | Val Loss: 1.5718 | Val Acc: 0.2500
2025-06-20 16:36:02,198 [INFO] Epoch 003 | Train Loss: 4.6107 | Val Loss: 1.5827 | Val Acc: 0.2679
2025-06-20 16:36:02,205 [INFO] New best model at epoch 3 (Val Acc: 0.2679)
2025-06-20 16:36:02,259 [INFO] Epoch 004 | Train Loss: 4.1429 | Val Loss: 1.8745 | Val Acc: 0.3036
2025-06-20 16:36:02,266 [INFO] New best model at epoch 4 (Val Acc: 0.3036)
2025-06-20 16:36:02,311 [INFO] Epoch 005 | Train Loss: 3.7168 | Val Loss: 2.3540 | Val Acc: 0.2679
2025-06-20 16:36:02,364 [INFO] Epoch 006 | Train Loss: 2.9019 | Val Loss: 2.4717 | Val Acc: 0.2321
2025-06-20 16:36:02,422 [INFO] Epoch 007 | Train Loss: 2.8017 | Val Loss: 2.1228 | Val Acc: 0.3036
2025-06-20 16:36:02,477 [INFO] Epoch 008 | Train Loss: 3.2887 | Val Loss: 2.5968 | Val Acc: 0.3036
2025-06-20 16:36:02,541 [INFO] Epoch 009 | Train Loss: 2.7256 | Val Loss: 2.7929 | Val Acc: 0.3214
2025-06-20 16:36:02,548 [INFO] New best model at epoch 9 (Val Acc: 0.3214)
2025-06-20 16:36:02,601 [INFO] Epoch 010 | Train Loss: 2.4049 | Val Loss: 3.1716 | Val Acc: 0.3393
2025-06-20 16:36:02,704 [INFO] New best model at epoch 10 (Val Acc: 0.3393)
2025-06-20 16:36:02,753 [INFO] Epoch 011 | Train Loss: 2.1255 | Val Loss: 3.1292 | Val Acc: 0.3214
2025-06-20 16:36:02,807 [INFO] Epoch 012 | Train Loss: 1.8944 | Val Loss: 2.5510 | Val Acc: 0.4286
2025-06-20 16:36:02,813 [INFO] New best model at epoch 12 (Val Acc: 0.4286)
2025-06-20 16:36:02,860 [INFO] Epoch 013 | Train Loss: 1.9630 | Val Loss: 2.0902 | Val Acc: 0.4643
2025-06-20 16:36:02,867 [INFO] New best model at epoch 13 (Val Acc: 0.4643)
2025-06-20 16:36:02,927 [INFO] Epoch 014 | Train Loss: 1.5919 | Val Loss: 2.1006 | Val Acc: 0.5000
2025-06-20 16:36:02,933 [INFO] New best model at epoch 14 (Val Acc: 0.5000)
2025-06-20 16:36:02,990 [INFO] Epoch 015 | Train Loss: 1.9734 | Val Loss: 2.3887 | Val Acc: 0.4286
2025-06-20 16:36:03,039 [INFO] Epoch 016 | Train Loss: 2.1614 | Val Loss: 2.9572 | Val Acc: 0.3929
2025-06-20 16:36:03,094 [INFO] Epoch 017 | Train Loss: 1.5965 | Val Loss: 2.2007 | Val Acc: 0.5000
2025-06-20 16:36:03,159 [INFO] Epoch 018 | Train Loss: 1.6384 | Val Loss: 2.4788 | Val Acc: 0.4821
2025-06-20 16:36:03,234 [INFO] Epoch 019 | Train Loss: 1.9811 | Val Loss: 2.4070 | Val Acc: 0.5000
2025-06-20 16:36:03,321 [INFO] Epoch 020 | Train Loss: 1.4411 | Val Loss: 2.4043 | Val Acc: 0.5000
2025-06-20 16:36:03,572 [INFO] Epoch 021 | Train Loss: 1.3333 | Val Loss: 2.3215 | Val Acc: 0.5000
2025-06-20 16:36:03,633 [INFO] Epoch 022 | Train Loss: 1.3530 | Val Loss: 2.0556 | Val Acc: 0.5357
2025-06-20 16:36:03,640 [INFO] New best model at epoch 22 (Val Acc: 0.5357)
2025-06-20 16:36:03,697 [INFO] Epoch 023 | Train Loss: 1.3368 | Val Loss: 1.9923 | Val Acc: 0.5536
2025-06-20 16:36:03,704 [INFO] New best model at epoch 23 (Val Acc: 0.5536)
2025-06-20 16:36:03,778 [INFO] Epoch 024 | Train Loss: 1.4894 | Val Loss: 2.0044 | Val Acc: 0.5000
2025-06-20 16:36:03,839 [INFO] Epoch 025 | Train Loss: 1.3046 | Val Loss: 1.9835 | Val Acc: 0.5179
2025-06-20 16:36:04,043 [INFO] Epoch 026 | Train Loss: 1.5221 | Val Loss: 2.3293 | Val Acc: 0.4643
2025-06-20 16:36:04,141 [INFO] Epoch 027 | Train Loss: 1.0034 | Val Loss: 2.3149 | Val Acc: 0.4643
2025-06-20 16:36:04,200 [INFO] Epoch 028 | Train Loss: 1.5891 | Val Loss: 2.2777 | Val Acc: 0.5000
2025-06-20 16:36:04,269 [INFO] Epoch 029 | Train Loss: 1.3348 | Val Loss: 2.2799 | Val Acc: 0.5357
2025-06-20 16:36:04,323 [INFO] Epoch 030 | Train Loss: 1.5610 | Val Loss: 2.3964 | Val Acc: 0.5357
2025-06-20 16:36:04,480 [INFO] Epoch 031 | Train Loss: 1.3763 | Val Loss: 2.4817 | Val Acc: 0.5179
2025-06-20 16:36:04,530 [INFO] Epoch 032 | Train Loss: 1.2248 | Val Loss: 2.1540 | Val Acc: 0.5893
2025-06-20 16:36:04,536 [INFO] New best model at epoch 32 (Val Acc: 0.5893)
2025-06-20 16:36:04,583 [INFO] Epoch 033 | Train Loss: 1.2606 | Val Loss: 2.0570 | Val Acc: 0.5000
2025-06-20 16:36:04,637 [INFO] Epoch 034 | Train Loss: 1.6893 | Val Loss: 2.1257 | Val Acc: 0.4821
2025-06-20 16:36:04,695 [INFO] Epoch 035 | Train Loss: 1.3567 | Val Loss: 2.1234 | Val Acc: 0.5000
2025-06-20 16:36:04,762 [INFO] Epoch 036 | Train Loss: 1.0709 | Val Loss: 1.9687 | Val Acc: 0.5179
2025-06-20 16:36:04,811 [INFO] Epoch 037 | Train Loss: 1.5209 | Val Loss: 2.0166 | Val Acc: 0.5536
2025-06-20 16:36:04,861 [INFO] Epoch 038 | Train Loss: 1.1018 | Val Loss: 2.2781 | Val Acc: 0.5000
2025-06-20 16:36:04,913 [INFO] Epoch 039 | Train Loss: 1.0514 | Val Loss: 2.2365 | Val Acc: 0.5000
2025-06-20 16:36:04,976 [INFO] Epoch 040 | Train Loss: 0.7643 | Val Loss: 2.1629 | Val Acc: 0.5000
2025-06-20 16:36:05,141 [INFO] Epoch 041 | Train Loss: 0.8378 | Val Loss: 2.1384 | Val Acc: 0.5179
2025-06-20 16:36:05,206 [INFO] Epoch 042 | Train Loss: 0.9893 | Val Loss: 2.1156 | Val Acc: 0.5536
2025-06-20 16:36:05,274 [INFO] Epoch 043 | Train Loss: 0.7333 | Val Loss: 2.1916 | Val Acc: 0.5179
2025-06-20 16:36:05,339 [INFO] Epoch 044 | Train Loss: 0.8602 | Val Loss: 2.0424 | Val Acc: 0.5179
2025-06-20 16:36:05,400 [INFO] Epoch 045 | Train Loss: 1.2169 | Val Loss: 2.0082 | Val Acc: 0.4464
2025-06-20 16:36:05,467 [INFO] Epoch 046 | Train Loss: 1.0713 | Val Loss: 2.1091 | Val Acc: 0.4286
2025-06-20 16:36:05,532 [INFO] Epoch 047 | Train Loss: 0.9741 | Val Loss: 2.2220 | Val Acc: 0.4464
2025-06-20 16:36:05,600 [INFO] Epoch 048 | Train Loss: 1.0313 | Val Loss: 2.2720 | Val Acc: 0.4821
2025-06-20 16:36:05,670 [INFO] Epoch 049 | Train Loss: 0.8724 | Val Loss: 2.1695 | Val Acc: 0.5000
2025-06-20 16:36:05,720 [INFO] Epoch 050 | Train Loss: 0.7174 | Val Loss: 2.0764 | Val Acc: 0.5536
2025-06-20 16:36:05,874 [INFO] Epoch 051 | Train Loss: 0.5905 | Val Loss: 2.0091 | Val Acc: 0.5536
2025-06-20 16:36:05,928 [INFO] Epoch 052 | Train Loss: 1.0341 | Val Loss: 1.9487 | Val Acc: 0.5893
2025-06-20 16:36:05,980 [INFO] Epoch 053 | Train Loss: 1.2794 | Val Loss: 1.9759 | Val Acc: 0.5179
2025-06-20 16:36:06,030 [INFO] Epoch 054 | Train Loss: 0.6981 | Val Loss: 1.8792 | Val Acc: 0.5357
2025-06-20 16:36:06,081 [INFO] Epoch 055 | Train Loss: 0.5990 | Val Loss: 1.8747 | Val Acc: 0.5536
2025-06-20 16:36:06,149 [INFO] Epoch 056 | Train Loss: 0.9377 | Val Loss: 1.7503 | Val Acc: 0.6071
2025-06-20 16:36:06,155 [INFO] New best model at epoch 56 (Val Acc: 0.6071)
2025-06-20 16:36:06,205 [INFO] Epoch 057 | Train Loss: 0.7194 | Val Loss: 1.8336 | Val Acc: 0.5714
2025-06-20 16:36:06,259 [INFO] Epoch 058 | Train Loss: 0.4979 | Val Loss: 2.0552 | Val Acc: 0.6071
2025-06-20 16:36:06,309 [INFO] Epoch 059 | Train Loss: 0.8176 | Val Loss: 2.2396 | Val Acc: 0.5714
2025-06-20 16:36:06,360 [INFO] Epoch 060 | Train Loss: 0.6289 | Val Loss: 2.1638 | Val Acc: 0.5536
2025-06-20 16:36:06,517 [INFO] Epoch 061 | Train Loss: 0.8264 | Val Loss: 1.9800 | Val Acc: 0.5893
2025-06-20 16:36:06,571 [INFO] Epoch 062 | Train Loss: 0.9585 | Val Loss: 2.0404 | Val Acc: 0.5714
2025-06-20 16:36:06,643 [INFO] Epoch 063 | Train Loss: 0.8274 | Val Loss: 2.2193 | Val Acc: 0.5714
2025-06-20 16:36:06,694 [INFO] Epoch 064 | Train Loss: 0.7814 | Val Loss: 2.2658 | Val Acc: 0.5714
2025-06-20 16:36:06,747 [INFO] Epoch 065 | Train Loss: 0.6123 | Val Loss: 2.0571 | Val Acc: 0.5893
2025-06-20 16:36:06,817 [INFO] Epoch 066 | Train Loss: 0.6822 | Val Loss: 1.9875 | Val Acc: 0.5536
2025-06-20 16:36:06,895 [INFO] Epoch 067 | Train Loss: 0.5862 | Val Loss: 2.0663 | Val Acc: 0.5000
2025-06-20 16:36:06,963 [INFO] Epoch 068 | Train Loss: 0.4746 | Val Loss: 2.3228 | Val Acc: 0.4643
2025-06-20 16:36:07,023 [INFO] Epoch 069 | Train Loss: 0.6601 | Val Loss: 2.3266 | Val Acc: 0.5000
2025-06-20 16:36:07,083 [INFO] Epoch 070 | Train Loss: 0.6046 | Val Loss: 2.3689 | Val Acc: 0.5536
2025-06-20 16:36:07,251 [INFO] Epoch 071 | Train Loss: 0.7540 | Val Loss: 2.3286 | Val Acc: 0.5357
2025-06-20 16:36:07,306 [INFO] Epoch 072 | Train Loss: 0.6026 | Val Loss: 2.0457 | Val Acc: 0.5179
2025-06-20 16:36:07,359 [INFO] Epoch 073 | Train Loss: 0.6232 | Val Loss: 2.3479 | Val Acc: 0.4643
2025-06-20 16:36:07,410 [INFO] Epoch 074 | Train Loss: 0.7121 | Val Loss: 2.4182 | Val Acc: 0.5000
2025-06-20 16:36:07,461 [INFO] Epoch 075 | Train Loss: 0.8427 | Val Loss: 2.2099 | Val Acc: 0.5179
2025-06-20 16:36:07,526 [INFO] Epoch 076 | Train Loss: 0.7283 | Val Loss: 2.2105 | Val Acc: 0.5357
2025-06-20 16:36:07,582 [INFO] Epoch 077 | Train Loss: 0.7494 | Val Loss: 1.9637 | Val Acc: 0.5357
2025-06-20 16:36:07,654 [INFO] Epoch 078 | Train Loss: 0.7457 | Val Loss: 1.8894 | Val Acc: 0.5536
2025-06-20 16:36:07,723 [INFO] Epoch 079 | Train Loss: 0.5685 | Val Loss: 1.9371 | Val Acc: 0.5179
2025-06-20 16:36:07,788 [INFO] Epoch 080 | Train Loss: 0.7710 | Val Loss: 1.8023 | Val Acc: 0.5179
2025-06-20 16:36:08,001 [INFO] Epoch 081 | Train Loss: 0.5019 | Val Loss: 1.8430 | Val Acc: 0.5357
2025-06-20 16:36:08,084 [INFO] Epoch 082 | Train Loss: 0.5238 | Val Loss: 1.8676 | Val Acc: 0.4643
2025-06-20 16:36:08,152 [INFO] Epoch 083 | Train Loss: 0.8027 | Val Loss: 1.9922 | Val Acc: 0.5000
2025-06-20 16:36:08,220 [INFO] Epoch 084 | Train Loss: 0.6163 | Val Loss: 2.0403 | Val Acc: 0.5000
2025-06-20 16:36:08,280 [INFO] Epoch 085 | Train Loss: 0.5510 | Val Loss: 2.0217 | Val Acc: 0.5179
2025-06-20 16:36:08,335 [INFO] Epoch 086 | Train Loss: 0.7092 | Val Loss: 2.0508 | Val Acc: 0.5000
2025-06-20 16:36:08,397 [INFO] Epoch 087 | Train Loss: 0.5441 | Val Loss: 2.0934 | Val Acc: 0.4821
2025-06-20 16:36:08,466 [INFO] Epoch 088 | Train Loss: 0.5543 | Val Loss: 1.9975 | Val Acc: 0.5179
2025-06-20 16:36:08,543 [INFO] Epoch 089 | Train Loss: 0.5979 | Val Loss: 1.8560 | Val Acc: 0.5000
2025-06-20 16:36:08,600 [INFO] Epoch 090 | Train Loss: 0.6083 | Val Loss: 1.8428 | Val Acc: 0.5357
2025-06-20 16:36:08,787 [INFO] Epoch 091 | Train Loss: 0.4979 | Val Loss: 1.9609 | Val Acc: 0.5179
2025-06-20 16:36:08,842 [INFO] Epoch 092 | Train Loss: 0.4979 | Val Loss: 1.8903 | Val Acc: 0.5536
2025-06-20 16:36:08,894 [INFO] Epoch 093 | Train Loss: 0.5499 | Val Loss: 1.9899 | Val Acc: 0.5714
2025-06-20 16:36:08,946 [INFO] Epoch 094 | Train Loss: 0.5663 | Val Loss: 2.0035 | Val Acc: 0.5536
2025-06-20 16:36:09,008 [INFO] Epoch 095 | Train Loss: 0.5666 | Val Loss: 1.9994 | Val Acc: 0.5179
2025-06-20 16:36:09,058 [INFO] Epoch 096 | Train Loss: 0.6226 | Val Loss: 2.1823 | Val Acc: 0.5357
2025-06-20 16:36:09,109 [INFO] Epoch 097 | Train Loss: 0.4437 | Val Loss: 2.4214 | Val Acc: 0.5000
2025-06-20 16:36:09,160 [INFO] Epoch 098 | Train Loss: 0.6068 | Val Loss: 2.5168 | Val Acc: 0.5000
2025-06-20 16:36:09,212 [INFO] Epoch 099 | Train Loss: 0.5576 | Val Loss: 2.3582 | Val Acc: 0.5179
2025-06-20 16:36:09,267 [INFO] Epoch 100 | Train Loss: 0.4296 | Val Loss: 2.2685 | Val Acc: 0.5357
2025-06-20 16:36:09,428 [INFO] Epoch 101 | Train Loss: 0.5364 | Val Loss: 2.4805 | Val Acc: 0.5000
2025-06-20 16:36:09,491 [INFO] Epoch 102 | Train Loss: 0.4586 | Val Loss: 2.6613 | Val Acc: 0.4464
2025-06-20 16:36:09,543 [INFO] Epoch 103 | Train Loss: 0.4810 | Val Loss: 2.6051 | Val Acc: 0.4821
2025-06-20 16:36:09,723 [INFO] Epoch 104 | Train Loss: 0.5925 | Val Loss: 2.3580 | Val Acc: 0.5536
2025-06-20 16:36:09,816 [INFO] Epoch 105 | Train Loss: 0.3371 | Val Loss: 2.3079 | Val Acc: 0.5179
2025-06-20 16:36:09,870 [INFO] Epoch 106 | Train Loss: 0.4476 | Val Loss: 2.2084 | Val Acc: 0.5179
2025-06-20 16:36:09,931 [INFO] Epoch 107 | Train Loss: 0.5240 | Val Loss: 2.0845 | Val Acc: 0.4821
2025-06-20 16:36:09,989 [INFO] Epoch 108 | Train Loss: 0.4486 | Val Loss: 2.1197 | Val Acc: 0.5179
2025-06-20 16:36:10,045 [INFO] Epoch 109 | Train Loss: 0.5014 | Val Loss: 2.1884 | Val Acc: 0.5000
2025-06-20 16:36:10,104 [INFO] Epoch 110 | Train Loss: 0.3834 | Val Loss: 2.3170 | Val Acc: 0.5179
2025-06-20 16:36:10,256 [INFO] Epoch 111 | Train Loss: 0.4515 | Val Loss: 2.3112 | Val Acc: 0.5536
2025-06-20 16:36:10,351 [INFO] Epoch 112 | Train Loss: 0.4264 | Val Loss: 2.3318 | Val Acc: 0.5357
2025-06-20 16:36:10,405 [INFO] Epoch 113 | Train Loss: 0.4997 | Val Loss: 2.2569 | Val Acc: 0.6071
2025-06-20 16:36:10,456 [INFO] Epoch 114 | Train Loss: 0.3339 | Val Loss: 2.2175 | Val Acc: 0.5536
2025-06-20 16:36:10,508 [INFO] Epoch 115 | Train Loss: 0.3703 | Val Loss: 2.2934 | Val Acc: 0.5536
2025-06-20 16:36:10,559 [INFO] Epoch 116 | Train Loss: 0.4795 | Val Loss: 2.3516 | Val Acc: 0.5714
2025-06-20 16:36:10,611 [INFO] Epoch 117 | Train Loss: 0.2767 | Val Loss: 2.2980 | Val Acc: 0.5179
2025-06-20 16:36:10,663 [INFO] Epoch 118 | Train Loss: 0.4314 | Val Loss: 2.3191 | Val Acc: 0.5179
2025-06-20 16:36:10,723 [INFO] Epoch 119 | Train Loss: 0.4595 | Val Loss: 2.0163 | Val Acc: 0.5536
2025-06-20 16:36:10,775 [INFO] Epoch 120 | Train Loss: 0.4802 | Val Loss: 2.4065 | Val Acc: 0.5000
2025-06-20 16:36:10,995 [INFO] Epoch 121 | Train Loss: 0.2711 | Val Loss: 2.3634 | Val Acc: 0.4821
2025-06-20 16:36:11,046 [INFO] Epoch 122 | Train Loss: 0.5559 | Val Loss: 2.2853 | Val Acc: 0.5179
2025-06-20 16:36:11,110 [INFO] Epoch 123 | Train Loss: 0.3564 | Val Loss: 2.2738 | Val Acc: 0.5000
2025-06-20 16:36:11,163 [INFO] Epoch 124 | Train Loss: 0.6545 | Val Loss: 2.4000 | Val Acc: 0.5179
2025-06-20 16:36:11,231 [INFO] Epoch 125 | Train Loss: 0.3651 | Val Loss: 2.4971 | Val Acc: 0.5179
2025-06-20 16:36:11,284 [INFO] Epoch 126 | Train Loss: 0.2532 | Val Loss: 2.4721 | Val Acc: 0.5000
2025-06-20 16:36:11,335 [INFO] Epoch 127 | Train Loss: 0.4891 | Val Loss: 2.7002 | Val Acc: 0.4464
2025-06-20 16:36:11,383 [INFO] Epoch 128 | Train Loss: 0.4772 | Val Loss: 3.0798 | Val Acc: 0.4107
2025-06-20 16:36:11,430 [INFO] Epoch 129 | Train Loss: 0.4629 | Val Loss: 2.8522 | Val Acc: 0.4464
2025-06-20 16:36:11,479 [INFO] Epoch 130 | Train Loss: 0.4577 | Val Loss: 2.6056 | Val Acc: 0.4643
2025-06-20 16:36:11,635 [INFO] Epoch 131 | Train Loss: 0.2203 | Val Loss: 2.6185 | Val Acc: 0.5179
2025-06-20 16:36:11,692 [INFO] Epoch 132 | Train Loss: 0.4323 | Val Loss: 2.5414 | Val Acc: 0.5357
2025-06-20 16:36:11,752 [INFO] Epoch 133 | Train Loss: 0.4732 | Val Loss: 2.3793 | Val Acc: 0.5179
2025-06-20 16:36:11,804 [INFO] Epoch 134 | Train Loss: 0.2827 | Val Loss: 2.3417 | Val Acc: 0.5357
2025-06-20 16:36:11,856 [INFO] Epoch 135 | Train Loss: 0.2955 | Val Loss: 2.4900 | Val Acc: 0.5179
2025-06-20 16:36:11,905 [INFO] Epoch 136 | Train Loss: 0.5622 | Val Loss: 2.7669 | Val Acc: 0.5000
2025-06-20 16:36:11,956 [INFO] Epoch 137 | Train Loss: 0.4790 | Val Loss: 2.8039 | Val Acc: 0.4821
2025-06-20 16:36:12,005 [INFO] Epoch 138 | Train Loss: 0.4568 | Val Loss: 2.8080 | Val Acc: 0.5714
2025-06-20 16:36:12,054 [INFO] Epoch 139 | Train Loss: 0.4089 | Val Loss: 2.6505 | Val Acc: 0.5714
2025-06-20 16:36:12,109 [INFO] Epoch 140 | Train Loss: 0.3759 | Val Loss: 2.5942 | Val Acc: 0.5179
2025-06-20 16:36:12,266 [INFO] Epoch 141 | Train Loss: 0.2938 | Val Loss: 2.5390 | Val Acc: 0.5536
2025-06-20 16:36:12,319 [INFO] Epoch 142 | Train Loss: 0.3293 | Val Loss: 2.5267 | Val Acc: 0.5714
2025-06-20 16:36:12,373 [INFO] Epoch 143 | Train Loss: 0.3342 | Val Loss: 2.6319 | Val Acc: 0.5357
2025-06-20 16:36:12,424 [INFO] Epoch 144 | Train Loss: 0.3067 | Val Loss: 2.6538 | Val Acc: 0.5357
2025-06-20 16:36:12,475 [INFO] Epoch 145 | Train Loss: 0.2457 | Val Loss: 2.5616 | Val Acc: 0.5179
2025-06-20 16:36:12,524 [INFO] Epoch 146 | Train Loss: 0.4098 | Val Loss: 2.5698 | Val Acc: 0.5000
2025-06-20 16:36:12,573 [INFO] Epoch 147 | Train Loss: 0.3847 | Val Loss: 2.7479 | Val Acc: 0.4821
2025-06-20 16:36:12,622 [INFO] Epoch 148 | Train Loss: 0.3553 | Val Loss: 2.5362 | Val Acc: 0.4643
2025-06-20 16:36:12,688 [INFO] Epoch 149 | Train Loss: 0.3704 | Val Loss: 2.4767 | Val Acc: 0.5000
2025-06-20 16:36:12,745 [INFO] Epoch 150 | Train Loss: 0.4427 | Val Loss: 2.5390 | Val Acc: 0.4643
2025-06-20 16:36:12,904 [INFO] Epoch 151 | Train Loss: 0.2360 | Val Loss: 2.3734 | Val Acc: 0.4821
2025-06-20 16:36:12,956 [INFO] Epoch 152 | Train Loss: 0.2001 | Val Loss: 2.5372 | Val Acc: 0.4643
2025-06-20 16:36:13,006 [INFO] Epoch 153 | Train Loss: 0.1517 | Val Loss: 2.4895 | Val Acc: 0.4821
2025-06-20 16:36:13,081 [INFO] Epoch 154 | Train Loss: 0.3957 | Val Loss: 2.4307 | Val Acc: 0.5179
2025-06-20 16:36:13,145 [INFO] Epoch 155 | Train Loss: 0.3163 | Val Loss: 2.5406 | Val Acc: 0.4821
2025-06-20 16:36:13,203 [INFO] Epoch 156 | Train Loss: 0.2956 | Val Loss: 2.8029 | Val Acc: 0.4821
2025-06-20 16:36:13,265 [INFO] Epoch 157 | Train Loss: 0.6801 | Val Loss: 3.1101 | Val Acc: 0.4107
2025-06-20 16:36:13,317 [INFO] Epoch 158 | Train Loss: 0.2600 | Val Loss: 2.8637 | Val Acc: 0.4821
2025-06-20 16:36:13,368 [INFO] Epoch 159 | Train Loss: 0.2901 | Val Loss: 2.8917 | Val Acc: 0.4464
2025-06-20 16:36:13,425 [INFO] Epoch 160 | Train Loss: 0.2725 | Val Loss: 2.8330 | Val Acc: 0.4821
2025-06-20 16:36:13,599 [INFO] Epoch 161 | Train Loss: 0.3203 | Val Loss: 2.6553 | Val Acc: 0.4821
2025-06-20 16:36:13,669 [INFO] Epoch 162 | Train Loss: 0.2586 | Val Loss: 2.9501 | Val Acc: 0.4643
2025-06-20 16:36:13,743 [INFO] Epoch 163 | Train Loss: 0.2226 | Val Loss: 2.9106 | Val Acc: 0.4464
2025-06-20 16:36:13,816 [INFO] Epoch 164 | Train Loss: 0.3203 | Val Loss: 2.9301 | Val Acc: 0.4821
2025-06-20 16:36:13,882 [INFO] Epoch 165 | Train Loss: 0.3451 | Val Loss: 2.9809 | Val Acc: 0.4643
2025-06-20 16:36:13,941 [INFO] Epoch 166 | Train Loss: 0.3422 | Val Loss: 2.8612 | Val Acc: 0.4643
2025-06-20 16:36:13,996 [INFO] Epoch 167 | Train Loss: 0.2998 | Val Loss: 2.7994 | Val Acc: 0.4821
2025-06-20 16:36:14,053 [INFO] Epoch 168 | Train Loss: 0.3310 | Val Loss: 2.8511 | Val Acc: 0.4821
2025-06-20 16:36:14,130 [INFO] Epoch 169 | Train Loss: 0.2376 | Val Loss: 2.7340 | Val Acc: 0.4821
2025-06-20 16:36:14,206 [INFO] Epoch 170 | Train Loss: 0.2250 | Val Loss: 2.7208 | Val Acc: 0.4821
2025-06-20 16:36:14,368 [INFO] Epoch 171 | Train Loss: 0.1821 | Val Loss: 2.6044 | Val Acc: 0.4643
2025-06-20 16:36:14,427 [INFO] Epoch 172 | Train Loss: 0.2713 | Val Loss: 2.5938 | Val Acc: 0.4643
2025-06-20 16:36:14,478 [INFO] Epoch 173 | Train Loss: 0.4027 | Val Loss: 2.7395 | Val Acc: 0.5000
2025-06-20 16:36:14,535 [INFO] Epoch 174 | Train Loss: 0.2288 | Val Loss: 2.8188 | Val Acc: 0.5179
2025-06-20 16:36:14,609 [INFO] Epoch 175 | Train Loss: 0.2073 | Val Loss: 2.8323 | Val Acc: 0.4821
2025-06-20 16:36:14,673 [INFO] Epoch 176 | Train Loss: 0.3333 | Val Loss: 2.9265 | Val Acc: 0.4643
2025-06-20 16:36:14,729 [INFO] Epoch 177 | Train Loss: 0.4168 | Val Loss: 2.9866 | Val Acc: 0.5000
2025-06-20 16:36:14,778 [INFO] Epoch 178 | Train Loss: 0.1620 | Val Loss: 3.1759 | Val Acc: 0.4821
2025-06-20 16:36:14,830 [INFO] Epoch 179 | Train Loss: 0.3143 | Val Loss: 3.0118 | Val Acc: 0.4821
2025-06-20 16:36:14,882 [INFO] Epoch 180 | Train Loss: 0.4191 | Val Loss: 2.8849 | Val Acc: 0.4821
2025-06-20 16:36:15,045 [INFO] Epoch 181 | Train Loss: 0.2768 | Val Loss: 3.0336 | Val Acc: 0.4643
2025-06-20 16:36:15,111 [INFO] Epoch 182 | Train Loss: 0.3127 | Val Loss: 2.9768 | Val Acc: 0.4643
2025-06-20 16:36:15,166 [INFO] Epoch 183 | Train Loss: 0.4258 | Val Loss: 2.8428 | Val Acc: 0.4643
2025-06-20 16:36:15,226 [INFO] Epoch 184 | Train Loss: 0.2534 | Val Loss: 2.8789 | Val Acc: 0.4643
2025-06-20 16:36:15,287 [INFO] Epoch 185 | Train Loss: 0.2919 | Val Loss: 2.7067 | Val Acc: 0.5000
2025-06-20 16:36:15,349 [INFO] Epoch 186 | Train Loss: 0.1593 | Val Loss: 2.6912 | Val Acc: 0.4821
2025-06-20 16:36:15,400 [INFO] Epoch 187 | Train Loss: 0.2357 | Val Loss: 2.6939 | Val Acc: 0.5000
2025-06-20 16:36:15,459 [INFO] Epoch 188 | Train Loss: 0.4272 | Val Loss: 2.7063 | Val Acc: 0.4643
2025-06-20 16:36:15,521 [INFO] Epoch 189 | Train Loss: 0.2314 | Val Loss: 2.7521 | Val Acc: 0.5000
2025-06-20 16:36:15,592 [INFO] Epoch 190 | Train Loss: 0.2716 | Val Loss: 2.6658 | Val Acc: 0.5000
2025-06-20 16:36:15,764 [INFO] Epoch 191 | Train Loss: 0.3244 | Val Loss: 2.6759 | Val Acc: 0.5000
2025-06-20 16:36:15,822 [INFO] Epoch 192 | Train Loss: 0.3023 | Val Loss: 2.6323 | Val Acc: 0.5179
2025-06-20 16:36:15,883 [INFO] Epoch 193 | Train Loss: 0.1918 | Val Loss: 2.6018 | Val Acc: 0.5179
2025-06-20 16:36:15,953 [INFO] Epoch 194 | Train Loss: 0.2659 | Val Loss: 2.5920 | Val Acc: 0.5179
2025-06-20 16:36:16,015 [INFO] Epoch 195 | Train Loss: 0.1375 | Val Loss: 2.6252 | Val Acc: 0.4643
2025-06-20 16:36:16,079 [INFO] Epoch 196 | Train Loss: 0.1814 | Val Loss: 2.6321 | Val Acc: 0.4821
2025-06-20 16:36:16,132 [INFO] Epoch 197 | Train Loss: 0.1552 | Val Loss: 2.4611 | Val Acc: 0.5536
2025-06-20 16:36:16,182 [INFO] Epoch 198 | Train Loss: 0.2066 | Val Loss: 2.5335 | Val Acc: 0.5357
2025-06-20 16:36:16,232 [INFO] Epoch 199 | Train Loss: 0.2996 | Val Loss: 2.6394 | Val Acc: 0.5536
2025-06-20 16:36:16,287 [INFO] Epoch 200 | Train Loss: 0.1991 | Val Loss: 2.8609 | Val Acc: 0.5536
2025-06-20 16:36:16,443 [INFO] Epoch 201 | Train Loss: 0.0960 | Val Loss: 2.7855 | Val Acc: 0.5536
2025-06-20 16:36:16,509 [INFO] Epoch 202 | Train Loss: 0.3037 | Val Loss: 2.7603 | Val Acc: 0.5357
2025-06-20 16:36:16,582 [INFO] Epoch 203 | Train Loss: 0.1926 | Val Loss: 2.8462 | Val Acc: 0.5000
2025-06-20 16:36:16,646 [INFO] Epoch 204 | Train Loss: 0.1908 | Val Loss: 2.9344 | Val Acc: 0.4643
2025-06-20 16:36:16,723 [INFO] Epoch 205 | Train Loss: 0.2626 | Val Loss: 2.9265 | Val Acc: 0.4821
2025-06-20 16:36:16,793 [INFO] Epoch 206 | Train Loss: 0.1922 | Val Loss: 2.8892 | Val Acc: 0.4821
2025-06-20 16:36:16,797 [INFO] Early stopping at epoch 206 (no improvement in 150 epochs).
2025-06-20 16:36:16,801 [INFO] Best model saved to <built-in function time>/ENZYMES/best/best_source_gin.pth (Val Acc: 0.6071 at epoch 56)
2025-06-20 16:36:16,801 [INFO] Updated record.txt with new best validation accuracy: 0.6071
2025-06-20 16:36:16,802 [INFO] Training/validation metrics saved to <built-in function time>/ENZYMES/GIN_0.0001/train_metrics.csv
2025-06-20 16:36:16,904 [INFO] Final training curves saved
2025-06-20 16:36:16,904 [INFO] Training completed!
2025-06-20 16:36:16,904 [INFO] Best validation accuracy: 0.6071
2025-06-20 16:36:16,904 [INFO] Best epoch: 56
2025-06-20 16:36:16,904 [INFO] Total epochs trained: 206
2025-06-20 16:36:16,905 [INFO] Starting training with parameters: (0.0001, 0.0, 128, 4, 400, 0.0)
