2025-06-22 15:06:22,627 [INFO] Using device: cpu
2025-06-22 15:06:22,627 [INFO] 开始创建数据加载器...
2025-06-22 15:06:22,630 [INFO] Successfully loaded dataset ENZYMES from ./data, total graphs: 600
2025-06-22 15:06:22,631 [INFO] Class allocation analysis:
2025-06-22 15:06:22,631 [INFO]   Source classes: [0, 1, 2, 3]
2025-06-22 15:06:22,631 [INFO]   Target classes: [0, 1, 2, 3, 4, 5]
2025-06-22 15:06:22,631 [INFO]   Overlap classes (to be split): [0, 1, 2, 3]
2025-06-22 15:06:22,631 [INFO]   Target novel classes (unknown): [4, 5]
2025-06-22 15:06:22,644 [INFO]   Class 0: 100 total -> Source: 70, Target: 30
2025-06-22 15:06:22,645 [INFO]   Class 1: 100 total -> Source: 70, Target: 30
2025-06-22 15:06:22,645 [INFO]   Class 2: 100 total -> Source: 70, Target: 30
2025-06-22 15:06:22,645 [INFO]   Class 3: 100 total -> Source: 70, Target: 30
2025-06-22 15:06:22,645 [INFO]   Class 4 (novel/unknown): 100 samples -> Target
2025-06-22 15:06:22,645 [INFO]   Class 5 (novel/unknown): 100 samples -> Target
2025-06-22 15:06:22,645 [INFO] Final allocation:
2025-06-22 15:06:22,645 [INFO]   Source domain: 280 samples
2025-06-22 15:06:22,645 [INFO]   Target domain: 320 samples
2025-06-22 15:06:22,646 [INFO] Source domain setup:
2025-06-22 15:06:22,646 [INFO]   Original classes: [0, 1, 2, 3]
2025-06-22 15:06:22,646 [INFO]   Overlap classes used: [0, 1, 2, 3]
2025-06-22 15:06:22,646 [INFO]   Label mapping: {0: 0, 1: 1, 2: 2, 3: 3}
2025-06-22 15:06:22,646 [INFO]   Total data after allocation: 280
2025-06-22 15:06:22,646 [INFO]   Data split - Train: 224, Val: 56
2025-06-22 15:06:22,647 [INFO]   Train label distribution: {0: 56, 1: 56, 3: 56, 2: 56}
2025-06-22 15:06:22,647 [INFO]   Val label distribution: {1: 14, 2: 14, 0: 14, 3: 14}
2025-06-22 15:06:22,648 [INFO] Successfully loaded dataset ENZYMES from ./data, total graphs: 600
2025-06-22 15:06:22,648 [INFO] Class allocation analysis:
2025-06-22 15:06:22,648 [INFO]   Source classes: [0, 1, 2, 3]
2025-06-22 15:06:22,648 [INFO]   Target classes: [0, 1, 2, 3, 4, 5]
2025-06-22 15:06:22,648 [INFO]   Overlap classes (to be split): [0, 1, 2, 3]
2025-06-22 15:06:22,648 [INFO]   Target novel classes (unknown): [4, 5]
2025-06-22 15:06:22,752 [INFO]   Class 0: 100 total -> Source: 70, Target: 30
2025-06-22 15:06:22,752 [INFO]   Class 1: 100 total -> Source: 70, Target: 30
2025-06-22 15:06:22,753 [INFO]   Class 2: 100 total -> Source: 70, Target: 30
2025-06-22 15:06:22,753 [INFO]   Class 3: 100 total -> Source: 70, Target: 30
2025-06-22 15:06:22,753 [INFO]   Class 4 (novel/unknown): 100 samples -> Target
2025-06-22 15:06:22,753 [INFO]   Class 5 (novel/unknown): 100 samples -> Target
2025-06-22 15:06:22,753 [INFO] Final allocation:
2025-06-22 15:06:22,753 [INFO]   Source domain: 280 samples
2025-06-22 15:06:22,753 [INFO]   Target domain: 320 samples
2025-06-22 15:06:22,754 [INFO] Target domain setup:
2025-06-22 15:06:22,754 [INFO]   Original classes: [0, 1, 2, 3, 4, 5]
2025-06-22 15:06:22,754 [INFO]   Overlap classes: [0, 1, 2, 3]
2025-06-22 15:06:22,754 [INFO]   Novel classes: [4, 5] -> mapped to unknown label 4
2025-06-22 15:06:22,754 [INFO]   Label mapping: {0: 0, 1: 1, 2: 2, 3: 3, 4: 4, 5: 4}
2025-06-22 15:06:22,754 [INFO]   Total data after allocation: 320
2025-06-22 15:06:22,755 [INFO]   Data split - Train: 256, Val: 64
2025-06-22 15:06:22,755 [INFO]   Total count: 320 (known: 120, unknown: 200)
2025-06-22 15:06:22,755 [INFO]   Total label distribution: {4: 200, 3: 30, 0: 30, 1: 30, 2: 30}
2025-06-22 15:06:22,755 [INFO]   Train label distribution: {4: 160, 0: 24, 2: 24, 3: 24, 1: 24}
2025-06-22 15:06:22,755 [INFO]   Val label distribution: {1: 6, 4: 40, 3: 6, 0: 6, 2: 6}
2025-06-22 15:06:22,755 [INFO] 数据加载器创建完成!
2025-06-22 15:06:22,755 [INFO] 源域类别数: 4 (重叠类别)
2025-06-22 15:06:22,755 [INFO] 目标域类别数: 5 (4个重叠类别 + 1个未知类别)
2025-06-22 15:06:22,755 [INFO] 重叠类别: [0, 1, 2, 3]
2025-06-22 15:06:22,755 [INFO] 目标域新类别: [4, 5]
2025-06-22 15:06:22,755 [INFO] Data allocation verification:
2025-06-22 15:06:22,755 [INFO]   Source data samples: 280
2025-06-22 15:06:22,755 [INFO]   Target data samples: 320
2025-06-22 15:06:22,755 [INFO]   Overlapping samples: 0
2025-06-22 15:06:22,755 [INFO]   ✓ Data allocation is correct - no overlapping samples
2025-06-22 15:06:22,756 [INFO] Model initialized with 1444 parameters
2025-06-22 15:06:22,756 [INFO] Previous best validation accuracy read from record.txt: 0.6250
2025-06-22 15:06:22,757 [INFO] Starting training...
2025-06-22 15:06:22,766 [INFO] Epoch 001 | Train Loss: 6.4964 | Val Loss: 5.7337 | Val Acc: 0.3750
2025-06-22 15:06:23,719 [INFO] New best model at epoch 1 (Val Acc: 0.3750)
2025-06-22 15:06:23,730 [INFO] Epoch 002 | Train Loss: 3.3580 | Val Loss: 3.6236 | Val Acc: 0.3929
2025-06-22 15:06:23,732 [INFO] New best model at epoch 2 (Val Acc: 0.3929)
2025-06-22 15:06:23,741 [INFO] Epoch 003 | Train Loss: 3.0717 | Val Loss: 2.0810 | Val Acc: 0.3214
2025-06-22 15:06:23,755 [INFO] Epoch 004 | Train Loss: 2.1966 | Val Loss: 1.8434 | Val Acc: 0.3571
2025-06-22 15:06:23,766 [INFO] Epoch 005 | Train Loss: 2.3905 | Val Loss: 1.7007 | Val Acc: 0.4464
2025-06-22 15:06:23,767 [INFO] New best model at epoch 5 (Val Acc: 0.4464)
2025-06-22 15:06:23,778 [INFO] Epoch 006 | Train Loss: 2.1192 | Val Loss: 1.8502 | Val Acc: 0.2679
2025-06-22 15:06:23,789 [INFO] Epoch 007 | Train Loss: 1.8770 | Val Loss: 1.5689 | Val Acc: 0.3036
2025-06-22 15:06:23,800 [INFO] Epoch 008 | Train Loss: 1.6577 | Val Loss: 1.3751 | Val Acc: 0.4286
2025-06-22 15:06:23,810 [INFO] Epoch 009 | Train Loss: 1.5391 | Val Loss: 1.3802 | Val Acc: 0.3750
2025-06-22 15:06:23,819 [INFO] Epoch 010 | Train Loss: 1.6558 | Val Loss: 1.3471 | Val Acc: 0.3929
2025-06-22 15:06:24,750 [INFO] Epoch 011 | Train Loss: 1.6352 | Val Loss: 1.5943 | Val Acc: 0.3750
2025-06-22 15:06:24,764 [INFO] Epoch 012 | Train Loss: 1.5974 | Val Loss: 1.4105 | Val Acc: 0.3393
2025-06-22 15:06:24,774 [INFO] Epoch 013 | Train Loss: 1.5262 | Val Loss: 1.4578 | Val Acc: 0.3036
2025-06-22 15:06:24,784 [INFO] Epoch 014 | Train Loss: 1.3877 | Val Loss: 1.3371 | Val Acc: 0.3929
2025-06-22 15:06:24,795 [INFO] Epoch 015 | Train Loss: 1.3709 | Val Loss: 1.3561 | Val Acc: 0.3571
2025-06-22 15:06:24,805 [INFO] Epoch 016 | Train Loss: 1.2939 | Val Loss: 1.3028 | Val Acc: 0.3929
2025-06-22 15:06:24,814 [INFO] Epoch 017 | Train Loss: 1.3394 | Val Loss: 1.3056 | Val Acc: 0.3750
2025-06-22 15:06:24,824 [INFO] Epoch 018 | Train Loss: 1.3814 | Val Loss: 1.3581 | Val Acc: 0.3929
2025-06-22 15:06:24,834 [INFO] Epoch 019 | Train Loss: 1.3032 | Val Loss: 1.4462 | Val Acc: 0.3036
2025-06-22 15:06:24,842 [INFO] Epoch 020 | Train Loss: 1.3395 | Val Loss: 1.3548 | Val Acc: 0.4286
2025-06-22 15:06:25,724 [INFO] Epoch 021 | Train Loss: 1.4349 | Val Loss: 1.3140 | Val Acc: 0.4107
2025-06-22 15:06:25,734 [INFO] Epoch 022 | Train Loss: 1.4007 | Val Loss: 1.3388 | Val Acc: 0.3929
2025-06-22 15:06:25,742 [INFO] Epoch 023 | Train Loss: 1.4554 | Val Loss: 1.4467 | Val Acc: 0.4643
2025-06-22 15:06:25,744 [INFO] New best model at epoch 23 (Val Acc: 0.4643)
2025-06-22 15:06:25,751 [INFO] Epoch 024 | Train Loss: 1.6331 | Val Loss: 1.2323 | Val Acc: 0.4286
2025-06-22 15:06:25,762 [INFO] Epoch 025 | Train Loss: 1.3672 | Val Loss: 1.2682 | Val Acc: 0.4464
2025-06-22 15:06:25,772 [INFO] Epoch 026 | Train Loss: 1.2647 | Val Loss: 1.2963 | Val Acc: 0.3929
2025-06-22 15:06:25,781 [INFO] Epoch 027 | Train Loss: 1.3408 | Val Loss: 1.2865 | Val Acc: 0.4821
2025-06-22 15:06:25,782 [INFO] New best model at epoch 27 (Val Acc: 0.4821)
2025-06-22 15:06:25,792 [INFO] Epoch 028 | Train Loss: 1.2558 | Val Loss: 1.2752 | Val Acc: 0.4643
2025-06-22 15:06:25,802 [INFO] Epoch 029 | Train Loss: 1.3749 | Val Loss: 1.4356 | Val Acc: 0.3214
2025-06-22 15:06:25,812 [INFO] Epoch 030 | Train Loss: 1.2988 | Val Loss: 1.2834 | Val Acc: 0.4464
2025-06-22 15:06:27,266 [INFO] Epoch 031 | Train Loss: 1.2915 | Val Loss: 1.2898 | Val Acc: 0.3571
2025-06-22 15:06:27,276 [INFO] Epoch 032 | Train Loss: 1.2625 | Val Loss: 1.2923 | Val Acc: 0.4107
2025-06-22 15:06:27,286 [INFO] Epoch 033 | Train Loss: 1.2308 | Val Loss: 1.2870 | Val Acc: 0.3214
2025-06-22 15:06:27,296 [INFO] Epoch 034 | Train Loss: 1.2372 | Val Loss: 1.4069 | Val Acc: 0.2857
2025-06-22 15:06:27,305 [INFO] Epoch 035 | Train Loss: 1.3017 | Val Loss: 1.3543 | Val Acc: 0.3571
2025-06-22 15:06:27,315 [INFO] Epoch 036 | Train Loss: 1.2414 | Val Loss: 1.4497 | Val Acc: 0.2857
2025-06-22 15:06:27,324 [INFO] Epoch 037 | Train Loss: 1.3292 | Val Loss: 1.3690 | Val Acc: 0.3571
2025-06-22 15:06:27,335 [INFO] Epoch 038 | Train Loss: 1.3020 | Val Loss: 1.3807 | Val Acc: 0.3750
2025-06-22 15:06:27,345 [INFO] Epoch 039 | Train Loss: 1.2895 | Val Loss: 1.3100 | Val Acc: 0.4107
2025-06-22 15:06:27,354 [INFO] Epoch 040 | Train Loss: 1.2105 | Val Loss: 1.3606 | Val Acc: 0.3750
2025-06-22 15:06:28,310 [INFO] Epoch 041 | Train Loss: 1.2440 | Val Loss: 1.3656 | Val Acc: 0.3750
2025-06-22 15:06:28,320 [INFO] Epoch 042 | Train Loss: 1.2524 | Val Loss: 1.3299 | Val Acc: 0.3929
2025-06-22 15:06:28,332 [INFO] Epoch 043 | Train Loss: 1.2134 | Val Loss: 1.3055 | Val Acc: 0.3750
2025-06-22 15:06:28,343 [INFO] Epoch 044 | Train Loss: 1.2054 | Val Loss: 1.2731 | Val Acc: 0.4643
2025-06-22 15:06:28,354 [INFO] Epoch 045 | Train Loss: 1.1450 | Val Loss: 1.2994 | Val Acc: 0.3036
2025-06-22 15:06:28,364 [INFO] Epoch 046 | Train Loss: 1.2182 | Val Loss: 1.2837 | Val Acc: 0.3929
2025-06-22 15:06:28,375 [INFO] Epoch 047 | Train Loss: 1.1788 | Val Loss: 1.3445 | Val Acc: 0.3214
2025-06-22 15:06:28,385 [INFO] Epoch 048 | Train Loss: 1.2235 | Val Loss: 1.4104 | Val Acc: 0.3393
2025-06-22 15:06:28,395 [INFO] Epoch 049 | Train Loss: 1.1420 | Val Loss: 1.3233 | Val Acc: 0.2857
2025-06-22 15:06:28,404 [INFO] Epoch 050 | Train Loss: 1.2205 | Val Loss: 1.2621 | Val Acc: 0.5000
2025-06-22 15:06:29,285 [INFO] New best model at epoch 50 (Val Acc: 0.5000)
2025-06-22 15:06:29,300 [INFO] Epoch 051 | Train Loss: 1.2688 | Val Loss: 1.2284 | Val Acc: 0.4286
2025-06-22 15:06:29,311 [INFO] Epoch 052 | Train Loss: 1.2519 | Val Loss: 1.3754 | Val Acc: 0.3750
2025-06-22 15:06:29,325 [INFO] Epoch 053 | Train Loss: 1.2213 | Val Loss: 1.3742 | Val Acc: 0.4107
2025-06-22 15:06:29,343 [INFO] Epoch 054 | Train Loss: 1.1874 | Val Loss: 1.3513 | Val Acc: 0.2857
2025-06-22 15:06:29,357 [INFO] Epoch 055 | Train Loss: 1.1814 | Val Loss: 1.2877 | Val Acc: 0.4464
2025-06-22 15:06:29,372 [INFO] Epoch 056 | Train Loss: 1.1474 | Val Loss: 1.3598 | Val Acc: 0.3036
2025-06-22 15:06:29,384 [INFO] Epoch 057 | Train Loss: 1.1643 | Val Loss: 1.3200 | Val Acc: 0.3929
2025-06-22 15:06:29,394 [INFO] Epoch 058 | Train Loss: 1.1309 | Val Loss: 1.3864 | Val Acc: 0.2679
2025-06-22 15:06:29,405 [INFO] Epoch 059 | Train Loss: 1.1813 | Val Loss: 1.3675 | Val Acc: 0.3036
2025-06-22 15:06:29,417 [INFO] Epoch 060 | Train Loss: 1.1853 | Val Loss: 1.3554 | Val Acc: 0.3750
2025-06-22 15:06:30,307 [INFO] Epoch 061 | Train Loss: 1.1389 | Val Loss: 1.3297 | Val Acc: 0.3571
2025-06-22 15:06:30,316 [INFO] Epoch 062 | Train Loss: 1.1579 | Val Loss: 1.3013 | Val Acc: 0.3929
2025-06-22 15:06:30,326 [INFO] Epoch 063 | Train Loss: 1.1663 | Val Loss: 1.2932 | Val Acc: 0.3571
2025-06-22 15:06:30,334 [INFO] Epoch 064 | Train Loss: 1.1540 | Val Loss: 1.3316 | Val Acc: 0.4821
2025-06-22 15:06:30,343 [INFO] Epoch 065 | Train Loss: 1.2184 | Val Loss: 1.2875 | Val Acc: 0.4107
2025-06-22 15:06:30,352 [INFO] Epoch 066 | Train Loss: 1.2265 | Val Loss: 1.2683 | Val Acc: 0.3929
2025-06-22 15:06:30,362 [INFO] Epoch 067 | Train Loss: 1.1609 | Val Loss: 1.2676 | Val Acc: 0.4643
2025-06-22 15:06:30,373 [INFO] Epoch 068 | Train Loss: 1.1483 | Val Loss: 1.3881 | Val Acc: 0.4464
2025-06-22 15:06:30,382 [INFO] Epoch 069 | Train Loss: 1.1540 | Val Loss: 1.3404 | Val Acc: 0.3571
2025-06-22 15:06:30,391 [INFO] Epoch 070 | Train Loss: 1.1561 | Val Loss: 1.2522 | Val Acc: 0.3929
2025-06-22 15:06:31,320 [INFO] Epoch 071 | Train Loss: 1.0967 | Val Loss: 1.2658 | Val Acc: 0.4464
2025-06-22 15:06:31,329 [INFO] Epoch 072 | Train Loss: 1.1602 | Val Loss: 1.2989 | Val Acc: 0.3214
2025-06-22 15:06:31,337 [INFO] Epoch 073 | Train Loss: 1.2246 | Val Loss: 1.3793 | Val Acc: 0.4643
2025-06-22 15:06:31,346 [INFO] Epoch 074 | Train Loss: 1.1416 | Val Loss: 1.3623 | Val Acc: 0.3036
2025-06-22 15:06:31,356 [INFO] Epoch 075 | Train Loss: 1.1055 | Val Loss: 1.2809 | Val Acc: 0.4107
2025-06-22 15:06:31,366 [INFO] Epoch 076 | Train Loss: 1.1648 | Val Loss: 1.2842 | Val Acc: 0.4107
2025-06-22 15:06:31,376 [INFO] Epoch 077 | Train Loss: 1.1943 | Val Loss: 1.2829 | Val Acc: 0.3571
2025-06-22 15:06:31,387 [INFO] Epoch 078 | Train Loss: 1.1325 | Val Loss: 1.3647 | Val Acc: 0.4643
2025-06-22 15:06:31,398 [INFO] Epoch 079 | Train Loss: 1.2094 | Val Loss: 1.3134 | Val Acc: 0.3750
2025-06-22 15:06:31,409 [INFO] Epoch 080 | Train Loss: 1.1524 | Val Loss: 1.4188 | Val Acc: 0.4464
2025-06-22 15:06:32,336 [INFO] Epoch 081 | Train Loss: 1.1569 | Val Loss: 1.3211 | Val Acc: 0.3750
2025-06-22 15:06:32,346 [INFO] Epoch 082 | Train Loss: 1.1851 | Val Loss: 1.3068 | Val Acc: 0.3929
2025-06-22 15:06:32,355 [INFO] Epoch 083 | Train Loss: 1.2174 | Val Loss: 1.2932 | Val Acc: 0.3393
2025-06-22 15:06:32,365 [INFO] Epoch 084 | Train Loss: 1.1692 | Val Loss: 1.2935 | Val Acc: 0.3393
2025-06-22 15:06:32,374 [INFO] Epoch 085 | Train Loss: 1.1467 | Val Loss: 1.2773 | Val Acc: 0.4107
2025-06-22 15:06:32,383 [INFO] Epoch 086 | Train Loss: 1.1304 | Val Loss: 1.2750 | Val Acc: 0.3393
2025-06-22 15:06:32,393 [INFO] Epoch 087 | Train Loss: 1.1376 | Val Loss: 1.2716 | Val Acc: 0.4286
2025-06-22 15:06:32,404 [INFO] Epoch 088 | Train Loss: 1.1238 | Val Loss: 1.3084 | Val Acc: 0.3036
2025-06-22 15:06:32,415 [INFO] Epoch 089 | Train Loss: 1.1548 | Val Loss: 1.2909 | Val Acc: 0.4107
2025-06-22 15:06:32,425 [INFO] Epoch 090 | Train Loss: 1.1898 | Val Loss: 1.3062 | Val Acc: 0.3571
2025-06-22 15:06:33,344 [INFO] Epoch 091 | Train Loss: 1.1140 | Val Loss: 1.3550 | Val Acc: 0.3750
2025-06-22 15:06:33,354 [INFO] Epoch 092 | Train Loss: 1.1017 | Val Loss: 1.2705 | Val Acc: 0.4464
2025-06-22 15:06:33,363 [INFO] Epoch 093 | Train Loss: 1.1574 | Val Loss: 1.5975 | Val Acc: 0.3393
2025-06-22 15:06:33,371 [INFO] Epoch 094 | Train Loss: 1.1290 | Val Loss: 1.4371 | Val Acc: 0.2143
2025-06-22 15:06:33,380 [INFO] Epoch 095 | Train Loss: 1.1812 | Val Loss: 1.3882 | Val Acc: 0.3214
2025-06-22 15:06:33,390 [INFO] Epoch 096 | Train Loss: 1.1244 | Val Loss: 1.3048 | Val Acc: 0.4643
2025-06-22 15:06:33,399 [INFO] Epoch 097 | Train Loss: 1.1215 | Val Loss: 1.2670 | Val Acc: 0.4107
2025-06-22 15:06:33,408 [INFO] Epoch 098 | Train Loss: 1.1441 | Val Loss: 1.2707 | Val Acc: 0.4821
2025-06-22 15:06:33,419 [INFO] Epoch 099 | Train Loss: 1.1561 | Val Loss: 1.2653 | Val Acc: 0.4286
2025-06-22 15:06:33,428 [INFO] Epoch 100 | Train Loss: 1.1143 | Val Loss: 1.3529 | Val Acc: 0.4107
2025-06-22 15:06:36,463 [INFO] Epoch 101 | Train Loss: 1.1898 | Val Loss: 1.3522 | Val Acc: 0.4286
2025-06-22 15:06:36,474 [INFO] Epoch 102 | Train Loss: 1.1604 | Val Loss: 1.2528 | Val Acc: 0.4286
2025-06-22 15:06:36,485 [INFO] Epoch 103 | Train Loss: 1.1568 | Val Loss: 1.2449 | Val Acc: 0.4821
2025-06-22 15:06:36,496 [INFO] Epoch 104 | Train Loss: 1.2110 | Val Loss: 1.3098 | Val Acc: 0.3929
2025-06-22 15:06:36,505 [INFO] Epoch 105 | Train Loss: 1.1552 | Val Loss: 1.2866 | Val Acc: 0.4107
2025-06-22 15:06:36,516 [INFO] Epoch 106 | Train Loss: 1.1242 | Val Loss: 1.2701 | Val Acc: 0.3929
2025-06-22 15:06:36,532 [INFO] Epoch 107 | Train Loss: 1.1150 | Val Loss: 1.2706 | Val Acc: 0.4821
2025-06-22 15:06:36,543 [INFO] Epoch 108 | Train Loss: 1.1187 | Val Loss: 1.3000 | Val Acc: 0.3571
2025-06-22 15:06:36,554 [INFO] Epoch 109 | Train Loss: 1.1400 | Val Loss: 1.2837 | Val Acc: 0.3750
2025-06-22 15:06:36,563 [INFO] Epoch 110 | Train Loss: 1.1284 | Val Loss: 1.2969 | Val Acc: 0.5000
2025-06-22 15:06:37,852 [INFO] Epoch 111 | Train Loss: 1.1305 | Val Loss: 1.3206 | Val Acc: 0.3214
2025-06-22 15:06:37,862 [INFO] Epoch 112 | Train Loss: 1.1272 | Val Loss: 1.3287 | Val Acc: 0.3393
2025-06-22 15:06:37,873 [INFO] Epoch 113 | Train Loss: 1.1278 | Val Loss: 1.3024 | Val Acc: 0.3393
2025-06-22 15:06:37,884 [INFO] Epoch 114 | Train Loss: 1.0991 | Val Loss: 1.3357 | Val Acc: 0.4464
2025-06-22 15:06:37,893 [INFO] Epoch 115 | Train Loss: 1.0927 | Val Loss: 1.3038 | Val Acc: 0.4107
2025-06-22 15:06:37,904 [INFO] Epoch 116 | Train Loss: 1.1011 | Val Loss: 1.3094 | Val Acc: 0.3393
2025-06-22 15:06:37,914 [INFO] Epoch 117 | Train Loss: 1.1321 | Val Loss: 1.2987 | Val Acc: 0.3571
2025-06-22 15:06:37,924 [INFO] Epoch 118 | Train Loss: 1.1045 | Val Loss: 1.3038 | Val Acc: 0.3571
2025-06-22 15:06:37,933 [INFO] Epoch 119 | Train Loss: 1.1254 | Val Loss: 1.9181 | Val Acc: 0.3036
2025-06-22 15:06:37,943 [INFO] Epoch 120 | Train Loss: 1.1315 | Val Loss: 1.3512 | Val Acc: 0.4821
2025-06-22 15:06:38,880 [INFO] Epoch 121 | Train Loss: 1.1067 | Val Loss: 1.2879 | Val Acc: 0.4643
2025-06-22 15:06:38,888 [INFO] Epoch 122 | Train Loss: 1.1446 | Val Loss: 1.2959 | Val Acc: 0.5000
2025-06-22 15:06:38,898 [INFO] Epoch 123 | Train Loss: 1.0789 | Val Loss: 1.2934 | Val Acc: 0.4464
2025-06-22 15:06:38,906 [INFO] Epoch 124 | Train Loss: 1.1101 | Val Loss: 1.2912 | Val Acc: 0.4107
2025-06-22 15:06:38,917 [INFO] Epoch 125 | Train Loss: 1.0950 | Val Loss: 1.3197 | Val Acc: 0.5000
2025-06-22 15:06:38,927 [INFO] Epoch 126 | Train Loss: 1.0956 | Val Loss: 1.3162 | Val Acc: 0.4107
2025-06-22 15:06:38,935 [INFO] Epoch 127 | Train Loss: 1.1093 | Val Loss: 1.2674 | Val Acc: 0.4643
2025-06-22 15:06:38,945 [INFO] Epoch 128 | Train Loss: 1.1129 | Val Loss: 1.3199 | Val Acc: 0.5000
2025-06-22 15:06:38,955 [INFO] Epoch 129 | Train Loss: 1.1228 | Val Loss: 1.2889 | Val Acc: 0.4107
2025-06-22 15:06:38,969 [INFO] Epoch 130 | Train Loss: 1.1430 | Val Loss: 1.2877 | Val Acc: 0.3571
2025-06-22 15:06:39,876 [INFO] Epoch 131 | Train Loss: 1.1139 | Val Loss: 1.2885 | Val Acc: 0.3750
2025-06-22 15:06:39,885 [INFO] Epoch 132 | Train Loss: 1.0866 | Val Loss: 1.2980 | Val Acc: 0.4107
2025-06-22 15:06:39,894 [INFO] Epoch 133 | Train Loss: 1.1301 | Val Loss: 1.3664 | Val Acc: 0.4821
2025-06-22 15:06:39,904 [INFO] Epoch 134 | Train Loss: 1.1280 | Val Loss: 1.3342 | Val Acc: 0.3929
2025-06-22 15:06:39,915 [INFO] Epoch 135 | Train Loss: 1.1640 | Val Loss: 1.3123 | Val Acc: 0.3929
2025-06-22 15:06:39,925 [INFO] Epoch 136 | Train Loss: 1.0804 | Val Loss: 1.3390 | Val Acc: 0.3571
2025-06-22 15:06:39,936 [INFO] Epoch 137 | Train Loss: 1.1245 | Val Loss: 1.3148 | Val Acc: 0.3929
2025-06-22 15:06:39,946 [INFO] Epoch 138 | Train Loss: 1.1126 | Val Loss: 1.3406 | Val Acc: 0.3571
2025-06-22 15:06:39,955 [INFO] Epoch 139 | Train Loss: 1.1113 | Val Loss: 1.3164 | Val Acc: 0.3750
2025-06-22 15:06:39,966 [INFO] Epoch 140 | Train Loss: 1.0350 | Val Loss: 1.3013 | Val Acc: 0.3571
2025-06-22 15:06:41,435 [INFO] Epoch 141 | Train Loss: 1.1222 | Val Loss: 1.3447 | Val Acc: 0.4107
2025-06-22 15:06:41,445 [INFO] Epoch 142 | Train Loss: 1.1099 | Val Loss: 1.3373 | Val Acc: 0.3750
2025-06-22 15:06:41,455 [INFO] Epoch 143 | Train Loss: 1.1011 | Val Loss: 1.3998 | Val Acc: 0.3750
2025-06-22 15:06:41,464 [INFO] Epoch 144 | Train Loss: 1.1192 | Val Loss: 1.2826 | Val Acc: 0.4286
2025-06-22 15:06:41,473 [INFO] Epoch 145 | Train Loss: 1.0841 | Val Loss: 1.2787 | Val Acc: 0.4464
2025-06-22 15:06:41,483 [INFO] Epoch 146 | Train Loss: 1.0888 | Val Loss: 1.4619 | Val Acc: 0.3393
2025-06-22 15:06:41,493 [INFO] Epoch 147 | Train Loss: 1.0919 | Val Loss: 1.4153 | Val Acc: 0.3929
2025-06-22 15:06:41,503 [INFO] Epoch 148 | Train Loss: 1.0869 | Val Loss: 1.3489 | Val Acc: 0.3214
2025-06-22 15:06:41,514 [INFO] Epoch 149 | Train Loss: 1.0765 | Val Loss: 1.2921 | Val Acc: 0.3929
2025-06-22 15:06:41,523 [INFO] Epoch 150 | Train Loss: 1.0504 | Val Loss: 1.2834 | Val Acc: 0.4107
2025-06-22 15:06:43,667 [INFO] Epoch 151 | Train Loss: 1.0794 | Val Loss: 1.2908 | Val Acc: 0.4464
2025-06-22 15:06:43,676 [INFO] Epoch 152 | Train Loss: 1.0539 | Val Loss: 1.3311 | Val Acc: 0.4286
2025-06-22 15:06:43,685 [INFO] Epoch 153 | Train Loss: 1.1322 | Val Loss: 1.4544 | Val Acc: 0.4286
2025-06-22 15:06:43,694 [INFO] Epoch 154 | Train Loss: 1.0634 | Val Loss: 1.3002 | Val Acc: 0.4643
2025-06-22 15:06:43,703 [INFO] Epoch 155 | Train Loss: 1.0599 | Val Loss: 1.2939 | Val Acc: 0.4107
2025-06-22 15:06:43,718 [INFO] Epoch 156 | Train Loss: 1.0779 | Val Loss: 1.3071 | Val Acc: 0.4464
2025-06-22 15:06:43,730 [INFO] Epoch 157 | Train Loss: 1.0768 | Val Loss: 1.3233 | Val Acc: 0.3929
2025-06-22 15:06:43,742 [INFO] Epoch 158 | Train Loss: 1.0426 | Val Loss: 1.3212 | Val Acc: 0.4286
2025-06-22 15:06:43,751 [INFO] Epoch 159 | Train Loss: 1.1532 | Val Loss: 1.3440 | Val Acc: 0.4286
2025-06-22 15:06:43,761 [INFO] Epoch 160 | Train Loss: 1.0691 | Val Loss: 1.3464 | Val Acc: 0.3571
2025-06-22 15:06:44,742 [INFO] Epoch 161 | Train Loss: 1.0516 | Val Loss: 1.3518 | Val Acc: 0.3393
2025-06-22 15:06:44,752 [INFO] Epoch 162 | Train Loss: 1.0478 | Val Loss: 1.3466 | Val Acc: 0.4286
2025-06-22 15:06:44,761 [INFO] Epoch 163 | Train Loss: 1.0659 | Val Loss: 1.3284 | Val Acc: 0.4107
2025-06-22 15:06:44,773 [INFO] Epoch 164 | Train Loss: 1.0331 | Val Loss: 1.3316 | Val Acc: 0.4107
2025-06-22 15:06:44,783 [INFO] Epoch 165 | Train Loss: 1.0620 | Val Loss: 1.3325 | Val Acc: 0.3750
2025-06-22 15:06:44,792 [INFO] Epoch 166 | Train Loss: 1.0961 | Val Loss: 1.3376 | Val Acc: 0.3750
2025-06-22 15:06:44,802 [INFO] Epoch 167 | Train Loss: 1.0526 | Val Loss: 1.4204 | Val Acc: 0.3036
2025-06-22 15:06:44,812 [INFO] Epoch 168 | Train Loss: 1.1104 | Val Loss: 1.4154 | Val Acc: 0.3750
2025-06-22 15:06:44,823 [INFO] Epoch 169 | Train Loss: 1.0644 | Val Loss: 1.4055 | Val Acc: 0.3750
2025-06-22 15:06:44,832 [INFO] Epoch 170 | Train Loss: 1.0982 | Val Loss: 1.3850 | Val Acc: 0.3750
2025-06-22 15:06:45,728 [INFO] Epoch 171 | Train Loss: 1.1236 | Val Loss: 1.3392 | Val Acc: 0.3929
2025-06-22 15:06:45,737 [INFO] Epoch 172 | Train Loss: 1.0798 | Val Loss: 1.3472 | Val Acc: 0.3929
2025-06-22 15:06:45,745 [INFO] Epoch 173 | Train Loss: 1.0903 | Val Loss: 1.3485 | Val Acc: 0.3750
2025-06-22 15:06:45,754 [INFO] Epoch 174 | Train Loss: 1.0716 | Val Loss: 1.3562 | Val Acc: 0.3036
2025-06-22 15:06:45,764 [INFO] Epoch 175 | Train Loss: 1.0635 | Val Loss: 1.3724 | Val Acc: 0.3393
2025-06-22 15:06:45,774 [INFO] Epoch 176 | Train Loss: 1.0172 | Val Loss: 1.4546 | Val Acc: 0.2857
2025-06-22 15:06:45,785 [INFO] Epoch 177 | Train Loss: 1.0335 | Val Loss: 1.3435 | Val Acc: 0.3750
2025-06-22 15:06:45,796 [INFO] Epoch 178 | Train Loss: 1.1007 | Val Loss: 1.3147 | Val Acc: 0.3929
2025-06-22 15:06:45,806 [INFO] Epoch 179 | Train Loss: 1.0441 | Val Loss: 1.3776 | Val Acc: 0.4107
2025-06-22 15:06:45,816 [INFO] Epoch 180 | Train Loss: 1.0676 | Val Loss: 1.5443 | Val Acc: 0.4643
2025-06-22 15:06:46,721 [INFO] Epoch 181 | Train Loss: 1.1193 | Val Loss: 1.4191 | Val Acc: 0.4286
2025-06-22 15:06:46,730 [INFO] Epoch 182 | Train Loss: 1.0825 | Val Loss: 1.4186 | Val Acc: 0.5536
2025-06-22 15:06:46,732 [INFO] New best model at epoch 182 (Val Acc: 0.5536)
2025-06-22 15:06:46,740 [INFO] Epoch 183 | Train Loss: 1.0744 | Val Loss: 1.4092 | Val Acc: 0.3929
2025-06-22 15:06:46,748 [INFO] Epoch 184 | Train Loss: 1.0591 | Val Loss: 1.3640 | Val Acc: 0.4643
2025-06-22 15:06:46,757 [INFO] Epoch 185 | Train Loss: 1.0702 | Val Loss: 1.3356 | Val Acc: 0.3929
2025-06-22 15:06:46,768 [INFO] Epoch 186 | Train Loss: 1.0644 | Val Loss: 1.3852 | Val Acc: 0.5000
2025-06-22 15:06:46,777 [INFO] Epoch 187 | Train Loss: 1.0831 | Val Loss: 1.3509 | Val Acc: 0.4286
2025-06-22 15:06:46,787 [INFO] Epoch 188 | Train Loss: 1.0631 | Val Loss: 1.3241 | Val Acc: 0.4464
2025-06-22 15:06:46,796 [INFO] Epoch 189 | Train Loss: 1.0977 | Val Loss: 1.3462 | Val Acc: 0.3214
2025-06-22 15:06:46,805 [INFO] Epoch 190 | Train Loss: 1.0891 | Val Loss: 1.3543 | Val Acc: 0.4107
2025-06-22 15:06:47,755 [INFO] Epoch 191 | Train Loss: 1.0115 | Val Loss: 1.3382 | Val Acc: 0.3393
2025-06-22 15:06:47,764 [INFO] Epoch 192 | Train Loss: 1.0599 | Val Loss: 1.3904 | Val Acc: 0.4464
2025-06-22 15:06:47,775 [INFO] Epoch 193 | Train Loss: 1.0830 | Val Loss: 1.4282 | Val Acc: 0.3929
2025-06-22 15:06:47,785 [INFO] Epoch 194 | Train Loss: 1.0775 | Val Loss: 1.3543 | Val Acc: 0.3929
2025-06-22 15:06:47,795 [INFO] Epoch 195 | Train Loss: 1.0754 | Val Loss: 1.3516 | Val Acc: 0.3929
2025-06-22 15:06:47,806 [INFO] Epoch 196 | Train Loss: 1.0680 | Val Loss: 1.3103 | Val Acc: 0.4643
2025-06-22 15:06:47,817 [INFO] Epoch 197 | Train Loss: 1.0537 | Val Loss: 1.3697 | Val Acc: 0.5000
2025-06-22 15:06:47,826 [INFO] Epoch 198 | Train Loss: 1.1095 | Val Loss: 1.3955 | Val Acc: 0.3393
2025-06-22 15:06:47,835 [INFO] Epoch 199 | Train Loss: 1.1034 | Val Loss: 1.3881 | Val Acc: 0.4643
2025-06-22 15:06:47,845 [INFO] Epoch 200 | Train Loss: 1.1303 | Val Loss: 1.4584 | Val Acc: 0.3929
2025-06-22 15:06:48,736 [INFO] Epoch 201 | Train Loss: 1.0586 | Val Loss: 1.3641 | Val Acc: 0.3750
2025-06-22 15:06:48,745 [INFO] Epoch 202 | Train Loss: 1.0500 | Val Loss: 1.3310 | Val Acc: 0.3750
2025-06-22 15:06:48,754 [INFO] Epoch 203 | Train Loss: 1.0544 | Val Loss: 1.3158 | Val Acc: 0.4107
2025-06-22 15:06:48,763 [INFO] Epoch 204 | Train Loss: 1.0625 | Val Loss: 1.3780 | Val Acc: 0.3929
2025-06-22 15:06:48,772 [INFO] Epoch 205 | Train Loss: 1.0270 | Val Loss: 1.3268 | Val Acc: 0.3571
2025-06-22 15:06:48,782 [INFO] Epoch 206 | Train Loss: 0.9997 | Val Loss: 1.3382 | Val Acc: 0.3571
2025-06-22 15:06:48,792 [INFO] Epoch 207 | Train Loss: 1.0219 | Val Loss: 1.3414 | Val Acc: 0.4643
2025-06-22 15:06:48,802 [INFO] Epoch 208 | Train Loss: 1.0588 | Val Loss: 1.4892 | Val Acc: 0.4107
2025-06-22 15:06:48,815 [INFO] Epoch 209 | Train Loss: 1.0584 | Val Loss: 1.4991 | Val Acc: 0.4643
2025-06-22 15:06:48,824 [INFO] Epoch 210 | Train Loss: 1.0326 | Val Loss: 1.3103 | Val Acc: 0.4464
2025-06-22 15:06:49,783 [INFO] Epoch 211 | Train Loss: 1.0513 | Val Loss: 1.3190 | Val Acc: 0.3929
2025-06-22 15:06:49,792 [INFO] Epoch 212 | Train Loss: 1.0226 | Val Loss: 1.4838 | Val Acc: 0.4286
2025-06-22 15:06:49,802 [INFO] Epoch 213 | Train Loss: 1.0905 | Val Loss: 1.4665 | Val Acc: 0.3571
2025-06-22 15:06:49,810 [INFO] Epoch 214 | Train Loss: 1.0611 | Val Loss: 1.4066 | Val Acc: 0.3750
2025-06-22 15:06:49,820 [INFO] Epoch 215 | Train Loss: 1.0841 | Val Loss: 1.3290 | Val Acc: 0.4286
2025-06-22 15:06:49,829 [INFO] Epoch 216 | Train Loss: 1.0476 | Val Loss: 1.3636 | Val Acc: 0.3750
2025-06-22 15:06:49,841 [INFO] Epoch 217 | Train Loss: 1.0398 | Val Loss: 1.6081 | Val Acc: 0.4286
2025-06-22 15:06:49,852 [INFO] Epoch 218 | Train Loss: 1.0248 | Val Loss: 1.5067 | Val Acc: 0.3571
2025-06-22 15:06:49,862 [INFO] Epoch 219 | Train Loss: 1.0578 | Val Loss: 1.4625 | Val Acc: 0.3214
2025-06-22 15:06:49,872 [INFO] Epoch 220 | Train Loss: 1.0852 | Val Loss: 1.4233 | Val Acc: 0.3571
2025-06-22 15:06:50,787 [INFO] Epoch 221 | Train Loss: 1.0774 | Val Loss: 1.4764 | Val Acc: 0.4643
2025-06-22 15:06:50,797 [INFO] Epoch 222 | Train Loss: 1.0653 | Val Loss: 1.4349 | Val Acc: 0.4286
2025-06-22 15:06:50,806 [INFO] Epoch 223 | Train Loss: 1.0077 | Val Loss: 1.4533 | Val Acc: 0.4464
2025-06-22 15:06:50,817 [INFO] Epoch 224 | Train Loss: 1.0864 | Val Loss: 1.4446 | Val Acc: 0.4643
2025-06-22 15:06:50,829 [INFO] Epoch 225 | Train Loss: 1.0334 | Val Loss: 1.3810 | Val Acc: 0.4464
2025-06-22 15:06:50,839 [INFO] Epoch 226 | Train Loss: 1.0585 | Val Loss: 1.3868 | Val Acc: 0.4464
2025-06-22 15:06:50,851 [INFO] Epoch 227 | Train Loss: 1.0263 | Val Loss: 1.3219 | Val Acc: 0.4107
2025-06-22 15:06:50,860 [INFO] Epoch 228 | Train Loss: 1.0764 | Val Loss: 1.2973 | Val Acc: 0.3929
2025-06-22 15:06:50,869 [INFO] Epoch 229 | Train Loss: 1.0508 | Val Loss: 1.2935 | Val Acc: 0.3929
2025-06-22 15:06:50,878 [INFO] Epoch 230 | Train Loss: 1.0321 | Val Loss: 1.2594 | Val Acc: 0.4643
2025-06-22 15:06:51,782 [INFO] Epoch 231 | Train Loss: 1.0637 | Val Loss: 1.8075 | Val Acc: 0.3929
2025-06-22 15:06:51,791 [INFO] Epoch 232 | Train Loss: 1.1072 | Val Loss: 1.4842 | Val Acc: 0.3929
2025-06-22 15:06:51,800 [INFO] Epoch 233 | Train Loss: 1.0994 | Val Loss: 1.3307 | Val Acc: 0.4464
2025-06-22 15:06:51,810 [INFO] Epoch 234 | Train Loss: 1.0649 | Val Loss: 1.3561 | Val Acc: 0.3750
2025-06-22 15:06:51,820 [INFO] Epoch 235 | Train Loss: 1.0301 | Val Loss: 1.3448 | Val Acc: 0.3571
2025-06-22 15:06:51,829 [INFO] Epoch 236 | Train Loss: 1.0110 | Val Loss: 1.2994 | Val Acc: 0.3750
2025-06-22 15:06:51,839 [INFO] Epoch 237 | Train Loss: 1.0366 | Val Loss: 1.3345 | Val Acc: 0.3571
2025-06-22 15:06:51,848 [INFO] Epoch 238 | Train Loss: 1.0190 | Val Loss: 1.2953 | Val Acc: 0.4286
2025-06-22 15:06:51,858 [INFO] Epoch 239 | Train Loss: 1.0316 | Val Loss: 1.3563 | Val Acc: 0.3929
2025-06-22 15:06:51,868 [INFO] Epoch 240 | Train Loss: 1.0566 | Val Loss: 1.3516 | Val Acc: 0.3929
2025-06-22 15:06:52,801 [INFO] Epoch 241 | Train Loss: 1.0212 | Val Loss: 1.3646 | Val Acc: 0.4643
2025-06-22 15:06:52,809 [INFO] Epoch 242 | Train Loss: 1.0347 | Val Loss: 1.3369 | Val Acc: 0.3929
2025-06-22 15:06:52,818 [INFO] Epoch 243 | Train Loss: 1.0838 | Val Loss: 1.3672 | Val Acc: 0.4107
2025-06-22 15:06:52,827 [INFO] Epoch 244 | Train Loss: 1.1351 | Val Loss: 1.4147 | Val Acc: 0.4286
2025-06-22 15:06:52,837 [INFO] Epoch 245 | Train Loss: 1.0070 | Val Loss: 1.3387 | Val Acc: 0.4643
2025-06-22 15:06:52,848 [INFO] Epoch 246 | Train Loss: 1.0886 | Val Loss: 1.4239 | Val Acc: 0.3750
2025-06-22 15:06:52,857 [INFO] Epoch 247 | Train Loss: 1.0592 | Val Loss: 1.5068 | Val Acc: 0.3393
2025-06-22 15:06:52,867 [INFO] Epoch 248 | Train Loss: 1.0234 | Val Loss: 1.4264 | Val Acc: 0.3036
2025-06-22 15:06:52,878 [INFO] Epoch 249 | Train Loss: 1.0889 | Val Loss: 1.3702 | Val Acc: 0.3750
2025-06-22 15:06:52,888 [INFO] Epoch 250 | Train Loss: 1.0453 | Val Loss: 1.3783 | Val Acc: 0.3036
2025-06-22 15:06:56,865 [INFO] Epoch 251 | Train Loss: 1.0941 | Val Loss: 1.3895 | Val Acc: 0.4107
2025-06-22 15:06:56,874 [INFO] Epoch 252 | Train Loss: 1.0623 | Val Loss: 1.4536 | Val Acc: 0.4286
2025-06-22 15:06:56,883 [INFO] Epoch 253 | Train Loss: 1.1291 | Val Loss: 1.4248 | Val Acc: 0.3929
2025-06-22 15:06:56,898 [INFO] Epoch 254 | Train Loss: 1.0745 | Val Loss: 35.5240 | Val Acc: 0.3036
2025-06-22 15:06:56,911 [INFO] Epoch 255 | Train Loss: 1.1947 | Val Loss: 2.3347 | Val Acc: 0.3036
2025-06-22 15:06:56,921 [INFO] Epoch 256 | Train Loss: 1.1482 | Val Loss: 1.5253 | Val Acc: 0.3393
2025-06-22 15:06:56,944 [INFO] Epoch 257 | Train Loss: 1.0984 | Val Loss: 1.4793 | Val Acc: 0.3571
2025-06-22 15:06:56,954 [INFO] Epoch 258 | Train Loss: 1.0886 | Val Loss: 1.5079 | Val Acc: 0.3214
2025-06-22 15:06:56,970 [INFO] Epoch 259 | Train Loss: 1.0590 | Val Loss: 1.4946 | Val Acc: 0.3214
2025-06-22 15:06:56,984 [INFO] Epoch 260 | Train Loss: 1.0774 | Val Loss: 1.4870 | Val Acc: 0.3214
2025-06-22 15:06:57,937 [INFO] Epoch 261 | Train Loss: 1.0433 | Val Loss: 1.4336 | Val Acc: 0.3393
2025-06-22 15:06:57,946 [INFO] Epoch 262 | Train Loss: 1.0781 | Val Loss: 1.3897 | Val Acc: 0.4286
2025-06-22 15:06:57,956 [INFO] Epoch 263 | Train Loss: 1.0187 | Val Loss: 1.3723 | Val Acc: 0.4107
2025-06-22 15:06:57,966 [INFO] Epoch 264 | Train Loss: 1.0577 | Val Loss: 1.3213 | Val Acc: 0.3929
2025-06-22 15:06:57,977 [INFO] Epoch 265 | Train Loss: 1.0533 | Val Loss: 1.3716 | Val Acc: 0.3750
2025-06-22 15:06:57,988 [INFO] Epoch 266 | Train Loss: 1.0568 | Val Loss: 1.3613 | Val Acc: 0.4286
2025-06-22 15:06:57,999 [INFO] Epoch 267 | Train Loss: 1.0848 | Val Loss: 1.3165 | Val Acc: 0.3750
2025-06-22 15:06:58,009 [INFO] Epoch 268 | Train Loss: 1.0515 | Val Loss: 1.6971 | Val Acc: 0.3571
2025-06-22 15:06:58,021 [INFO] Epoch 269 | Train Loss: 1.1037 | Val Loss: 1.6519 | Val Acc: 0.3750
2025-06-22 15:06:58,032 [INFO] Epoch 270 | Train Loss: 1.0372 | Val Loss: 1.5564 | Val Acc: 0.3214
2025-06-22 15:06:58,943 [INFO] Epoch 271 | Train Loss: 1.0673 | Val Loss: 1.4911 | Val Acc: 0.4107
2025-06-22 15:06:58,955 [INFO] Epoch 272 | Train Loss: 1.0430 | Val Loss: 1.4376 | Val Acc: 0.3750
2025-06-22 15:06:58,964 [INFO] Epoch 273 | Train Loss: 1.0371 | Val Loss: 1.4965 | Val Acc: 0.2857
2025-06-22 15:06:58,975 [INFO] Epoch 274 | Train Loss: 1.0272 | Val Loss: 1.3788 | Val Acc: 0.4107
2025-06-22 15:06:58,984 [INFO] Epoch 275 | Train Loss: 1.0734 | Val Loss: 1.3525 | Val Acc: 0.3571
2025-06-22 15:06:58,994 [INFO] Epoch 276 | Train Loss: 1.0443 | Val Loss: 1.3052 | Val Acc: 0.3214
2025-06-22 15:06:59,003 [INFO] Epoch 277 | Train Loss: 1.0158 | Val Loss: 1.3452 | Val Acc: 0.3393
2025-06-22 15:06:59,016 [INFO] Epoch 278 | Train Loss: 1.0609 | Val Loss: 1.3366 | Val Acc: 0.4286
2025-06-22 15:06:59,028 [INFO] Epoch 279 | Train Loss: 1.0292 | Val Loss: 1.4675 | Val Acc: 0.3750
2025-06-22 15:06:59,040 [INFO] Epoch 280 | Train Loss: 1.0049 | Val Loss: 1.4352 | Val Acc: 0.3571
2025-06-22 15:06:59,957 [INFO] Epoch 281 | Train Loss: 1.0150 | Val Loss: 1.3501 | Val Acc: 0.4821
2025-06-22 15:06:59,966 [INFO] Epoch 282 | Train Loss: 1.0460 | Val Loss: 1.5773 | Val Acc: 0.4286
2025-06-22 15:06:59,975 [INFO] Epoch 283 | Train Loss: 1.0299 | Val Loss: 1.5283 | Val Acc: 0.4821
2025-06-22 15:06:59,984 [INFO] Epoch 284 | Train Loss: 1.0413 | Val Loss: 1.4291 | Val Acc: 0.4464
2025-06-22 15:06:59,994 [INFO] Epoch 285 | Train Loss: 1.0616 | Val Loss: 1.3192 | Val Acc: 0.3929
2025-06-22 15:07:00,008 [INFO] Epoch 286 | Train Loss: 1.0781 | Val Loss: 1.3081 | Val Acc: 0.3929
2025-06-22 15:07:00,019 [INFO] Epoch 287 | Train Loss: 1.0694 | Val Loss: 1.4818 | Val Acc: 0.4286
2025-06-22 15:07:00,030 [INFO] Epoch 288 | Train Loss: 1.0419 | Val Loss: 1.4918 | Val Acc: 0.3929
2025-06-22 15:07:00,039 [INFO] Epoch 289 | Train Loss: 1.0120 | Val Loss: 1.3608 | Val Acc: 0.3929
2025-06-22 15:07:00,050 [INFO] Epoch 290 | Train Loss: 1.0426 | Val Loss: 1.4123 | Val Acc: 0.4464
2025-06-22 15:07:00,930 [INFO] Epoch 291 | Train Loss: 1.0291 | Val Loss: 1.4053 | Val Acc: 0.5357
2025-06-22 15:07:00,938 [INFO] Epoch 292 | Train Loss: 1.0340 | Val Loss: 1.3558 | Val Acc: 0.4643
2025-06-22 15:07:00,947 [INFO] Epoch 293 | Train Loss: 1.0385 | Val Loss: 1.5565 | Val Acc: 0.4107
2025-06-22 15:07:00,956 [INFO] Epoch 294 | Train Loss: 1.0802 | Val Loss: 1.5478 | Val Acc: 0.3393
2025-06-22 15:07:00,966 [INFO] Epoch 295 | Train Loss: 1.0159 | Val Loss: 1.5146 | Val Acc: 0.3393
2025-06-22 15:07:00,976 [INFO] Epoch 296 | Train Loss: 1.0488 | Val Loss: 1.4886 | Val Acc: 0.3929
2025-06-22 15:07:00,986 [INFO] Epoch 297 | Train Loss: 1.0299 | Val Loss: 1.5651 | Val Acc: 0.4286
2025-06-22 15:07:00,996 [INFO] Epoch 298 | Train Loss: 1.0892 | Val Loss: 1.3144 | Val Acc: 0.4464
2025-06-22 15:07:01,006 [INFO] Epoch 299 | Train Loss: 1.0449 | Val Loss: 1.5871 | Val Acc: 0.3393
2025-06-22 15:07:01,016 [INFO] Epoch 300 | Train Loss: 1.0103 | Val Loss: 1.5577 | Val Acc: 0.2857
2025-06-22 15:07:01,921 [INFO] Best model saved to <built-in function time>/ENZYMES/best/best_source_gin.pth (Val Acc: 0.5536 at epoch 182)
2025-06-22 15:07:01,922 [INFO] Training/validation metrics saved to <built-in function time>/ENZYMES/GIN_0.01/train_metrics.csv
2025-06-22 15:07:02,847 [INFO] Final training curves saved
2025-06-22 15:07:02,848 [INFO] Training completed!
2025-06-22 15:07:02,848 [INFO] Best validation accuracy: 0.5536
2025-06-22 15:07:02,848 [INFO] Best epoch: 182
2025-06-22 15:07:02,848 [INFO] Total epochs trained: 300
2025-06-22 15:07:02,848 [INFO] Starting training with parameters: (0.01, 0.1, 32, 1, 300, 0.0001)
