2025-06-22 02:54:27,534 [INFO] Using device: cpu
2025-06-22 02:54:27,534 [INFO] 开始创建数据加载器...
2025-06-22 02:54:27,536 [INFO] Successfully loaded dataset ENZYMES from ./data, total graphs: 600
2025-06-22 02:54:27,536 [INFO] Class allocation analysis:
2025-06-22 02:54:27,536 [INFO]   Source classes: [0, 1, 2, 3]
2025-06-22 02:54:27,536 [INFO]   Target classes: [0, 1, 2, 3, 4, 5]
2025-06-22 02:54:27,536 [INFO]   Overlap classes (to be split): [0, 1, 2, 3]
2025-06-22 02:54:27,536 [INFO]   Target novel classes (unknown): [4, 5]
2025-06-22 02:54:27,549 [INFO]   Class 0: 100 total -> Source: 70, Target: 30
2025-06-22 02:54:27,550 [INFO]   Class 1: 100 total -> Source: 70, Target: 30
2025-06-22 02:54:27,550 [INFO]   Class 2: 100 total -> Source: 70, Target: 30
2025-06-22 02:54:27,550 [INFO]   Class 3: 100 total -> Source: 70, Target: 30
2025-06-22 02:54:27,550 [INFO]   Class 4 (novel/unknown): 100 samples -> Target
2025-06-22 02:54:27,550 [INFO]   Class 5 (novel/unknown): 100 samples -> Target
2025-06-22 02:54:27,550 [INFO] Final allocation:
2025-06-22 02:54:27,550 [INFO]   Source domain: 280 samples
2025-06-22 02:54:27,550 [INFO]   Target domain: 320 samples
2025-06-22 02:54:27,551 [INFO] Source domain setup:
2025-06-22 02:54:27,551 [INFO]   Original classes: [0, 1, 2, 3]
2025-06-22 02:54:27,551 [INFO]   Overlap classes used: [0, 1, 2, 3]
2025-06-22 02:54:27,551 [INFO]   Label mapping: {0: 0, 1: 1, 2: 2, 3: 3}
2025-06-22 02:54:27,551 [INFO]   Total data after allocation: 280
2025-06-22 02:54:27,551 [INFO]   Data split - Train: 224, Val: 56
2025-06-22 02:54:27,551 [INFO]   Train label distribution: {0: 56, 1: 56, 3: 56, 2: 56}
2025-06-22 02:54:27,551 [INFO]   Val label distribution: {1: 14, 2: 14, 0: 14, 3: 14}
2025-06-22 02:54:27,553 [INFO] Successfully loaded dataset ENZYMES from ./data, total graphs: 600
2025-06-22 02:54:27,553 [INFO] Class allocation analysis:
2025-06-22 02:54:27,553 [INFO]   Source classes: [0, 1, 2, 3]
2025-06-22 02:54:27,553 [INFO]   Target classes: [0, 1, 2, 3, 4, 5]
2025-06-22 02:54:27,553 [INFO]   Overlap classes (to be split): [0, 1, 2, 3]
2025-06-22 02:54:27,553 [INFO]   Target novel classes (unknown): [4, 5]
2025-06-22 02:54:27,567 [INFO]   Class 0: 100 total -> Source: 70, Target: 30
2025-06-22 02:54:27,567 [INFO]   Class 1: 100 total -> Source: 70, Target: 30
2025-06-22 02:54:27,567 [INFO]   Class 2: 100 total -> Source: 70, Target: 30
2025-06-22 02:54:27,567 [INFO]   Class 3: 100 total -> Source: 70, Target: 30
2025-06-22 02:54:27,567 [INFO]   Class 4 (novel/unknown): 100 samples -> Target
2025-06-22 02:54:27,567 [INFO]   Class 5 (novel/unknown): 100 samples -> Target
2025-06-22 02:54:27,567 [INFO] Final allocation:
2025-06-22 02:54:27,567 [INFO]   Source domain: 280 samples
2025-06-22 02:54:27,567 [INFO]   Target domain: 320 samples
2025-06-22 02:54:27,569 [INFO] Target domain setup:
2025-06-22 02:54:27,569 [INFO]   Original classes: [0, 1, 2, 3, 4, 5]
2025-06-22 02:54:27,569 [INFO]   Overlap classes: [0, 1, 2, 3]
2025-06-22 02:54:27,569 [INFO]   Novel classes: [4, 5] -> mapped to unknown label 4
2025-06-22 02:54:27,569 [INFO]   Label mapping: {0: 0, 1: 1, 2: 2, 3: 3, 4: 4, 5: 4}
2025-06-22 02:54:27,569 [INFO]   Total data after allocation: 320
2025-06-22 02:54:27,569 [INFO]   Data split - Train: 256, Val: 64
2025-06-22 02:54:27,569 [INFO]   Total count: 320 (known: 120, unknown: 200)
2025-06-22 02:54:27,569 [INFO]   Total label distribution: {4: 200, 3: 30, 0: 30, 1: 30, 2: 30}
2025-06-22 02:54:27,569 [INFO]   Train label distribution: {4: 160, 0: 24, 2: 24, 3: 24, 1: 24}
2025-06-22 02:54:27,569 [INFO]   Val label distribution: {1: 6, 4: 40, 3: 6, 0: 6, 2: 6}
2025-06-22 02:54:27,569 [INFO] 数据加载器创建完成!
2025-06-22 02:54:27,569 [INFO] 源域类别数: 4 (重叠类别)
2025-06-22 02:54:27,569 [INFO] 目标域类别数: 5 (4个重叠类别 + 1个未知类别)
2025-06-22 02:54:27,569 [INFO] 重叠类别: [0, 1, 2, 3]
2025-06-22 02:54:27,569 [INFO] 目标域新类别: [4, 5]
2025-06-22 02:54:27,569 [INFO] Data allocation verification:
2025-06-22 02:54:27,569 [INFO]   Source data samples: 280
2025-06-22 02:54:27,569 [INFO]   Target data samples: 320
2025-06-22 02:54:27,569 [INFO]   Overlapping samples: 0
2025-06-22 02:54:27,569 [INFO]   ✓ Data allocation is correct - no overlapping samples
2025-06-22 02:54:27,570 [INFO] Model initialized with 68868 parameters
2025-06-22 02:54:27,571 [INFO] Previous best validation accuracy read from record.txt: 0.6250
2025-06-22 02:54:27,571 [INFO] Starting training...
2025-06-22 02:54:27,605 [INFO] Epoch 001 | Train Loss: 6.2897 | Val Loss: 1.9610 | Val Acc: 0.3214
2025-06-22 02:54:29,275 [INFO] New best model at epoch 1 (Val Acc: 0.3214)
2025-06-22 02:54:29,294 [INFO] Epoch 002 | Train Loss: 5.3935 | Val Loss: 3.5389 | Val Acc: 0.2500
2025-06-22 02:54:29,315 [INFO] Epoch 003 | Train Loss: 5.0964 | Val Loss: 2.2700 | Val Acc: 0.3929
2025-06-22 02:54:29,318 [INFO] New best model at epoch 3 (Val Acc: 0.3929)
2025-06-22 02:54:29,337 [INFO] Epoch 004 | Train Loss: 3.9998 | Val Loss: 2.9245 | Val Acc: 0.3214
2025-06-22 02:54:29,364 [INFO] Epoch 005 | Train Loss: 4.2509 | Val Loss: 3.2376 | Val Acc: 0.2857
2025-06-22 02:54:29,384 [INFO] Epoch 006 | Train Loss: 4.3034 | Val Loss: 2.3833 | Val Acc: 0.3750
2025-06-22 02:54:29,404 [INFO] Epoch 007 | Train Loss: 4.0293 | Val Loss: 3.0403 | Val Acc: 0.3571
2025-06-22 02:54:29,423 [INFO] Epoch 008 | Train Loss: 3.3519 | Val Loss: 2.7436 | Val Acc: 0.3036
2025-06-22 02:54:29,438 [INFO] Epoch 009 | Train Loss: 3.9242 | Val Loss: 3.4141 | Val Acc: 0.3571
2025-06-22 02:54:29,453 [INFO] Epoch 010 | Train Loss: 3.4388 | Val Loss: 2.8602 | Val Acc: 0.2857
2025-06-22 02:54:29,989 [INFO] Epoch 011 | Train Loss: 3.6527 | Val Loss: 3.3116 | Val Acc: 0.3571
2025-06-22 02:54:30,003 [INFO] Epoch 012 | Train Loss: 3.4149 | Val Loss: 2.8943 | Val Acc: 0.3571
2025-06-22 02:54:30,016 [INFO] Epoch 013 | Train Loss: 3.7462 | Val Loss: 2.6639 | Val Acc: 0.3036
2025-06-22 02:54:30,031 [INFO] Epoch 014 | Train Loss: 3.8707 | Val Loss: 2.3646 | Val Acc: 0.4464
2025-06-22 02:54:30,033 [INFO] New best model at epoch 14 (Val Acc: 0.4464)
2025-06-22 02:54:30,045 [INFO] Epoch 015 | Train Loss: 3.3950 | Val Loss: 2.8835 | Val Acc: 0.3929
2025-06-22 02:54:30,058 [INFO] Epoch 016 | Train Loss: 3.2568 | Val Loss: 2.7588 | Val Acc: 0.2679
2025-06-22 02:54:30,072 [INFO] Epoch 017 | Train Loss: 3.3240 | Val Loss: 2.1522 | Val Acc: 0.3571
2025-06-22 02:54:30,085 [INFO] Epoch 018 | Train Loss: 2.9823 | Val Loss: 2.1700 | Val Acc: 0.4107
2025-06-22 02:54:30,099 [INFO] Epoch 019 | Train Loss: 2.7542 | Val Loss: 3.0745 | Val Acc: 0.2679
2025-06-22 02:54:30,121 [INFO] Epoch 020 | Train Loss: 3.4068 | Val Loss: 2.8229 | Val Acc: 0.2679
2025-06-22 02:54:30,991 [INFO] Epoch 021 | Train Loss: 3.0972 | Val Loss: 2.5241 | Val Acc: 0.3214
2025-06-22 02:54:31,013 [INFO] Epoch 022 | Train Loss: 3.4147 | Val Loss: 2.9802 | Val Acc: 0.3214
2025-06-22 02:54:31,045 [INFO] Epoch 023 | Train Loss: 2.9296 | Val Loss: 3.1953 | Val Acc: 0.3036
2025-06-22 02:54:31,071 [INFO] Epoch 024 | Train Loss: 2.6220 | Val Loss: 3.0813 | Val Acc: 0.2857
2025-06-22 02:54:31,089 [INFO] Epoch 025 | Train Loss: 2.8970 | Val Loss: 2.0487 | Val Acc: 0.3929
2025-06-22 02:54:31,103 [INFO] Epoch 026 | Train Loss: 2.4736 | Val Loss: 2.6198 | Val Acc: 0.2679
2025-06-22 02:54:31,117 [INFO] Epoch 027 | Train Loss: 2.9022 | Val Loss: 2.6495 | Val Acc: 0.2857
2025-06-22 02:54:31,130 [INFO] Epoch 028 | Train Loss: 2.6778 | Val Loss: 2.3544 | Val Acc: 0.3214
2025-06-22 02:54:31,144 [INFO] Epoch 029 | Train Loss: 2.8017 | Val Loss: 2.4929 | Val Acc: 0.3750
2025-06-22 02:54:31,159 [INFO] Epoch 030 | Train Loss: 2.6237 | Val Loss: 2.9148 | Val Acc: 0.3036
2025-06-22 02:54:31,655 [INFO] Epoch 031 | Train Loss: 2.6217 | Val Loss: 3.6604 | Val Acc: 0.2500
2025-06-22 02:54:31,669 [INFO] Epoch 032 | Train Loss: 2.4702 | Val Loss: 2.1048 | Val Acc: 0.3393
2025-06-22 02:54:31,683 [INFO] Epoch 033 | Train Loss: 2.5406 | Val Loss: 2.4466 | Val Acc: 0.3393
2025-06-22 02:54:31,697 [INFO] Epoch 034 | Train Loss: 2.2176 | Val Loss: 1.9952 | Val Acc: 0.3036
2025-06-22 02:54:31,711 [INFO] Epoch 035 | Train Loss: 2.3834 | Val Loss: 2.2555 | Val Acc: 0.4107
2025-06-22 02:54:31,724 [INFO] Epoch 036 | Train Loss: 2.5154 | Val Loss: 2.4272 | Val Acc: 0.2857
2025-06-22 02:54:31,743 [INFO] Epoch 037 | Train Loss: 2.0934 | Val Loss: 2.2078 | Val Acc: 0.2857
2025-06-22 02:54:31,758 [INFO] Epoch 038 | Train Loss: 2.0026 | Val Loss: 2.0725 | Val Acc: 0.3571
2025-06-22 02:54:31,775 [INFO] Epoch 039 | Train Loss: 2.3057 | Val Loss: 2.0125 | Val Acc: 0.4107
2025-06-22 02:54:31,792 [INFO] Epoch 040 | Train Loss: 2.2477 | Val Loss: 2.6826 | Val Acc: 0.2857
2025-06-22 02:54:32,327 [INFO] Epoch 041 | Train Loss: 2.4240 | Val Loss: 2.0262 | Val Acc: 0.3929
2025-06-22 02:54:32,341 [INFO] Epoch 042 | Train Loss: 2.3129 | Val Loss: 2.0243 | Val Acc: 0.2857
2025-06-22 02:54:32,354 [INFO] Epoch 043 | Train Loss: 2.0899 | Val Loss: 1.8163 | Val Acc: 0.5000
2025-06-22 02:54:32,357 [INFO] New best model at epoch 43 (Val Acc: 0.5000)
2025-06-22 02:54:32,368 [INFO] Epoch 044 | Train Loss: 2.1662 | Val Loss: 1.9928 | Val Acc: 0.4107
2025-06-22 02:54:32,382 [INFO] Epoch 045 | Train Loss: 1.9381 | Val Loss: 2.6141 | Val Acc: 0.2500
2025-06-22 02:54:32,396 [INFO] Epoch 046 | Train Loss: 1.7382 | Val Loss: 1.9099 | Val Acc: 0.3393
2025-06-22 02:54:32,410 [INFO] Epoch 047 | Train Loss: 1.7942 | Val Loss: 1.8982 | Val Acc: 0.3393
2025-06-22 02:54:32,426 [INFO] Epoch 048 | Train Loss: 1.8635 | Val Loss: 1.8112 | Val Acc: 0.3750
2025-06-22 02:54:32,452 [INFO] Epoch 049 | Train Loss: 1.9446 | Val Loss: 2.1605 | Val Acc: 0.2857
2025-06-22 02:54:32,466 [INFO] Epoch 050 | Train Loss: 1.9082 | Val Loss: 2.0945 | Val Acc: 0.3929
2025-06-22 02:54:33,043 [INFO] Epoch 051 | Train Loss: 2.0606 | Val Loss: 2.0556 | Val Acc: 0.3214
2025-06-22 02:54:33,057 [INFO] Epoch 052 | Train Loss: 2.0761 | Val Loss: 1.8190 | Val Acc: 0.3750
2025-06-22 02:54:33,070 [INFO] Epoch 053 | Train Loss: 2.0140 | Val Loss: 1.7646 | Val Acc: 0.3750
2025-06-22 02:54:33,083 [INFO] Epoch 054 | Train Loss: 1.9535 | Val Loss: 1.9115 | Val Acc: 0.3571
2025-06-22 02:54:33,096 [INFO] Epoch 055 | Train Loss: 1.7268 | Val Loss: 1.9686 | Val Acc: 0.3036
2025-06-22 02:54:33,113 [INFO] Epoch 056 | Train Loss: 1.8575 | Val Loss: 1.7660 | Val Acc: 0.4107
2025-06-22 02:54:33,139 [INFO] Epoch 057 | Train Loss: 2.0531 | Val Loss: 2.4458 | Val Acc: 0.3036
2025-06-22 02:54:33,154 [INFO] Epoch 058 | Train Loss: 1.8154 | Val Loss: 1.8604 | Val Acc: 0.4286
2025-06-22 02:54:33,169 [INFO] Epoch 059 | Train Loss: 1.7999 | Val Loss: 1.6944 | Val Acc: 0.3214
2025-06-22 02:54:33,183 [INFO] Epoch 060 | Train Loss: 1.8169 | Val Loss: 1.6854 | Val Acc: 0.4286
2025-06-22 02:54:33,696 [INFO] Epoch 061 | Train Loss: 1.7666 | Val Loss: 1.8353 | Val Acc: 0.3929
2025-06-22 02:54:33,710 [INFO] Epoch 062 | Train Loss: 1.8325 | Val Loss: 1.8233 | Val Acc: 0.4107
2025-06-22 02:54:33,723 [INFO] Epoch 063 | Train Loss: 2.0354 | Val Loss: 1.8292 | Val Acc: 0.2857
2025-06-22 02:54:33,737 [INFO] Epoch 064 | Train Loss: 1.8586 | Val Loss: 1.6476 | Val Acc: 0.3750
2025-06-22 02:54:33,751 [INFO] Epoch 065 | Train Loss: 1.6226 | Val Loss: 1.8073 | Val Acc: 0.2679
2025-06-22 02:54:33,765 [INFO] Epoch 066 | Train Loss: 1.6611 | Val Loss: 1.6613 | Val Acc: 0.3393
2025-06-22 02:54:33,778 [INFO] Epoch 067 | Train Loss: 1.6171 | Val Loss: 1.6305 | Val Acc: 0.3929
2025-06-22 02:54:33,792 [INFO] Epoch 068 | Train Loss: 1.6857 | Val Loss: 1.6668 | Val Acc: 0.2857
2025-06-22 02:54:33,805 [INFO] Epoch 069 | Train Loss: 1.5475 | Val Loss: 1.4580 | Val Acc: 0.4464
2025-06-22 02:54:33,819 [INFO] Epoch 070 | Train Loss: 1.5709 | Val Loss: 1.5902 | Val Acc: 0.3929
2025-06-22 02:54:34,373 [INFO] Epoch 071 | Train Loss: 1.4170 | Val Loss: 1.7355 | Val Acc: 0.3214
2025-06-22 02:54:34,394 [INFO] Epoch 072 | Train Loss: 1.4809 | Val Loss: 1.5529 | Val Acc: 0.3750
2025-06-22 02:54:34,422 [INFO] Epoch 073 | Train Loss: 1.4201 | Val Loss: 1.7865 | Val Acc: 0.2679
2025-06-22 02:54:34,439 [INFO] Epoch 074 | Train Loss: 1.6468 | Val Loss: 1.8781 | Val Acc: 0.3393
2025-06-22 02:54:34,453 [INFO] Epoch 075 | Train Loss: 1.5535 | Val Loss: 1.8808 | Val Acc: 0.3214
2025-06-22 02:54:34,466 [INFO] Epoch 076 | Train Loss: 1.6740 | Val Loss: 1.6924 | Val Acc: 0.3571
2025-06-22 02:54:34,487 [INFO] Epoch 077 | Train Loss: 1.5969 | Val Loss: 1.6632 | Val Acc: 0.3214
2025-06-22 02:54:34,500 [INFO] Epoch 078 | Train Loss: 1.6844 | Val Loss: 1.6231 | Val Acc: 0.3929
2025-06-22 02:54:34,514 [INFO] Epoch 079 | Train Loss: 1.7169 | Val Loss: 1.6940 | Val Acc: 0.3036
2025-06-22 02:54:34,528 [INFO] Epoch 080 | Train Loss: 1.6025 | Val Loss: 1.6442 | Val Acc: 0.3571
2025-06-22 02:54:35,585 [INFO] Epoch 081 | Train Loss: 1.6009 | Val Loss: 1.4963 | Val Acc: 0.4286
2025-06-22 02:54:35,600 [INFO] Epoch 082 | Train Loss: 1.5880 | Val Loss: 1.7058 | Val Acc: 0.3750
2025-06-22 02:54:35,614 [INFO] Epoch 083 | Train Loss: 1.5906 | Val Loss: 1.8107 | Val Acc: 0.3393
2025-06-22 02:54:35,627 [INFO] Epoch 084 | Train Loss: 1.3280 | Val Loss: 1.7067 | Val Acc: 0.2857
2025-06-22 02:54:35,641 [INFO] Epoch 085 | Train Loss: 1.4578 | Val Loss: 1.4745 | Val Acc: 0.3750
2025-06-22 02:54:35,658 [INFO] Epoch 086 | Train Loss: 1.4458 | Val Loss: 1.5638 | Val Acc: 0.4107
2025-06-22 02:54:35,674 [INFO] Epoch 087 | Train Loss: 1.4534 | Val Loss: 1.5317 | Val Acc: 0.4464
2025-06-22 02:54:35,688 [INFO] Epoch 088 | Train Loss: 1.4602 | Val Loss: 1.6035 | Val Acc: 0.3393
2025-06-22 02:54:35,701 [INFO] Epoch 089 | Train Loss: 1.4987 | Val Loss: 1.5639 | Val Acc: 0.2857
2025-06-22 02:54:35,733 [INFO] Epoch 090 | Train Loss: 1.2289 | Val Loss: 1.4694 | Val Acc: 0.4286
2025-06-22 02:54:36,322 [INFO] Epoch 091 | Train Loss: 1.4883 | Val Loss: 1.6708 | Val Acc: 0.3214
2025-06-22 02:54:36,336 [INFO] Epoch 092 | Train Loss: 1.4072 | Val Loss: 1.6821 | Val Acc: 0.3929
2025-06-22 02:54:36,351 [INFO] Epoch 093 | Train Loss: 1.3811 | Val Loss: 1.7511 | Val Acc: 0.2321
2025-06-22 02:54:36,365 [INFO] Epoch 094 | Train Loss: 1.4141 | Val Loss: 1.5011 | Val Acc: 0.4107
2025-06-22 02:54:36,379 [INFO] Epoch 095 | Train Loss: 1.4047 | Val Loss: 1.6340 | Val Acc: 0.3036
2025-06-22 02:54:36,398 [INFO] Epoch 096 | Train Loss: 1.3488 | Val Loss: 1.5541 | Val Acc: 0.3214
2025-06-22 02:54:36,419 [INFO] Epoch 097 | Train Loss: 1.3930 | Val Loss: 1.4552 | Val Acc: 0.3750
2025-06-22 02:54:36,443 [INFO] Epoch 098 | Train Loss: 1.4251 | Val Loss: 1.8523 | Val Acc: 0.2857
2025-06-22 02:54:36,463 [INFO] Epoch 099 | Train Loss: 1.3156 | Val Loss: 1.7450 | Val Acc: 0.3929
2025-06-22 02:54:36,493 [INFO] Epoch 100 | Train Loss: 1.4192 | Val Loss: 1.7600 | Val Acc: 0.2679
2025-06-22 02:54:37,089 [INFO] Epoch 101 | Train Loss: 1.3967 | Val Loss: 1.6261 | Val Acc: 0.3750
2025-06-22 02:54:37,110 [INFO] Epoch 102 | Train Loss: 1.3842 | Val Loss: 1.8856 | Val Acc: 0.2857
2025-06-22 02:54:37,127 [INFO] Epoch 103 | Train Loss: 1.4653 | Val Loss: 1.5957 | Val Acc: 0.3571
2025-06-22 02:54:37,144 [INFO] Epoch 104 | Train Loss: 1.5465 | Val Loss: 1.6844 | Val Acc: 0.3929
2025-06-22 02:54:37,173 [INFO] Epoch 105 | Train Loss: 1.5476 | Val Loss: 1.6588 | Val Acc: 0.3036
2025-06-22 02:54:37,192 [INFO] Epoch 106 | Train Loss: 1.3284 | Val Loss: 1.5436 | Val Acc: 0.3036
2025-06-22 02:54:37,209 [INFO] Epoch 107 | Train Loss: 1.3076 | Val Loss: 1.6338 | Val Acc: 0.2857
2025-06-22 02:54:37,224 [INFO] Epoch 108 | Train Loss: 1.3452 | Val Loss: 1.5562 | Val Acc: 0.3214
2025-06-22 02:54:37,238 [INFO] Epoch 109 | Train Loss: 1.1970 | Val Loss: 1.7976 | Val Acc: 0.3571
2025-06-22 02:54:37,252 [INFO] Epoch 110 | Train Loss: 1.3327 | Val Loss: 1.4951 | Val Acc: 0.2679
2025-06-22 02:54:37,776 [INFO] Epoch 111 | Train Loss: 1.3358 | Val Loss: 1.4772 | Val Acc: 0.3929
2025-06-22 02:54:37,790 [INFO] Epoch 112 | Train Loss: 1.3158 | Val Loss: 1.4799 | Val Acc: 0.3393
2025-06-22 02:54:37,803 [INFO] Epoch 113 | Train Loss: 1.2925 | Val Loss: 1.3755 | Val Acc: 0.3750
2025-06-22 02:54:37,817 [INFO] Epoch 114 | Train Loss: 1.2798 | Val Loss: 1.5605 | Val Acc: 0.3214
2025-06-22 02:54:37,830 [INFO] Epoch 115 | Train Loss: 1.3351 | Val Loss: 1.4929 | Val Acc: 0.3929
2025-06-22 02:54:37,844 [INFO] Epoch 116 | Train Loss: 1.2824 | Val Loss: 1.3569 | Val Acc: 0.3750
2025-06-22 02:54:37,857 [INFO] Epoch 117 | Train Loss: 1.2368 | Val Loss: 1.3458 | Val Acc: 0.4464
2025-06-22 02:54:37,872 [INFO] Epoch 118 | Train Loss: 1.2312 | Val Loss: 1.4815 | Val Acc: 0.2857
2025-06-22 02:54:37,886 [INFO] Epoch 119 | Train Loss: 1.2503 | Val Loss: 1.3385 | Val Acc: 0.4286
2025-06-22 02:54:37,902 [INFO] Epoch 120 | Train Loss: 1.2990 | Val Loss: 1.2976 | Val Acc: 0.4464
2025-06-22 02:54:38,454 [INFO] Epoch 121 | Train Loss: 1.2170 | Val Loss: 1.3435 | Val Acc: 0.3750
2025-06-22 02:54:38,474 [INFO] Epoch 122 | Train Loss: 1.2879 | Val Loss: 1.4454 | Val Acc: 0.3929
2025-06-22 02:54:38,494 [INFO] Epoch 123 | Train Loss: 1.2063 | Val Loss: 1.5019 | Val Acc: 0.3214
2025-06-22 02:54:38,512 [INFO] Epoch 124 | Train Loss: 1.3495 | Val Loss: 1.4637 | Val Acc: 0.3929
2025-06-22 02:54:38,532 [INFO] Epoch 125 | Train Loss: 1.3738 | Val Loss: 1.5174 | Val Acc: 0.3036
2025-06-22 02:54:38,548 [INFO] Epoch 126 | Train Loss: 1.4315 | Val Loss: 1.4770 | Val Acc: 0.4107
2025-06-22 02:54:38,564 [INFO] Epoch 127 | Train Loss: 1.2631 | Val Loss: 1.5013 | Val Acc: 0.3214
2025-06-22 02:54:38,584 [INFO] Epoch 128 | Train Loss: 1.2796 | Val Loss: 1.4045 | Val Acc: 0.3393
2025-06-22 02:54:38,599 [INFO] Epoch 129 | Train Loss: 1.2713 | Val Loss: 1.5041 | Val Acc: 0.3393
2025-06-22 02:54:38,612 [INFO] Epoch 130 | Train Loss: 1.2621 | Val Loss: 1.3873 | Val Acc: 0.4286
2025-06-22 02:54:39,313 [INFO] Epoch 131 | Train Loss: 1.2519 | Val Loss: 1.5106 | Val Acc: 0.3750
2025-06-22 02:54:39,333 [INFO] Epoch 132 | Train Loss: 1.3200 | Val Loss: 1.5112 | Val Acc: 0.3929
2025-06-22 02:54:39,353 [INFO] Epoch 133 | Train Loss: 1.3809 | Val Loss: 1.4303 | Val Acc: 0.3929
2025-06-22 02:54:39,371 [INFO] Epoch 134 | Train Loss: 1.3443 | Val Loss: 1.4975 | Val Acc: 0.4107
2025-06-22 02:54:39,395 [INFO] Epoch 135 | Train Loss: 1.2829 | Val Loss: 1.4299 | Val Acc: 0.4107
2025-06-22 02:54:39,417 [INFO] Epoch 136 | Train Loss: 1.3141 | Val Loss: 1.4540 | Val Acc: 0.3750
2025-06-22 02:54:39,453 [INFO] Epoch 137 | Train Loss: 1.3473 | Val Loss: 1.4185 | Val Acc: 0.3571
2025-06-22 02:54:39,475 [INFO] Epoch 138 | Train Loss: 1.3545 | Val Loss: 1.5316 | Val Acc: 0.3214
2025-06-22 02:54:39,489 [INFO] Epoch 139 | Train Loss: 1.3292 | Val Loss: 1.6695 | Val Acc: 0.3393
2025-06-22 02:54:39,503 [INFO] Epoch 140 | Train Loss: 1.3656 | Val Loss: 1.4021 | Val Acc: 0.3036
2025-06-22 02:54:41,040 [INFO] Epoch 141 | Train Loss: 1.3788 | Val Loss: 1.4388 | Val Acc: 0.3571
2025-06-22 02:54:41,058 [INFO] Epoch 142 | Train Loss: 1.3632 | Val Loss: 1.5282 | Val Acc: 0.3393
2025-06-22 02:54:41,084 [INFO] Epoch 143 | Train Loss: 1.2076 | Val Loss: 1.4396 | Val Acc: 0.3929
2025-06-22 02:54:41,120 [INFO] Epoch 144 | Train Loss: 1.3028 | Val Loss: 1.3962 | Val Acc: 0.4107
2025-06-22 02:54:41,145 [INFO] Epoch 145 | Train Loss: 1.2215 | Val Loss: 1.3321 | Val Acc: 0.4286
2025-06-22 02:54:41,160 [INFO] Epoch 146 | Train Loss: 1.2690 | Val Loss: 1.5613 | Val Acc: 0.3393
2025-06-22 02:54:41,176 [INFO] Epoch 147 | Train Loss: 1.2395 | Val Loss: 1.4680 | Val Acc: 0.3929
2025-06-22 02:54:41,189 [INFO] Epoch 148 | Train Loss: 1.2558 | Val Loss: 1.4153 | Val Acc: 0.3571
2025-06-22 02:54:41,204 [INFO] Epoch 149 | Train Loss: 1.3044 | Val Loss: 1.4717 | Val Acc: 0.4107
2025-06-22 02:54:41,217 [INFO] Epoch 150 | Train Loss: 1.4869 | Val Loss: 1.5404 | Val Acc: 0.3214
2025-06-22 02:54:41,974 [INFO] Best model saved to <built-in function time>/ENZYMES/best/best_source_gin.pth (Val Acc: 0.5000 at epoch 43)
2025-06-22 02:54:41,975 [INFO] Training/validation metrics saved to <built-in function time>/ENZYMES/GIN_0.001/train_metrics.csv
2025-06-22 02:54:42,498 [INFO] Final training curves saved
2025-06-22 02:54:42,498 [INFO] Training completed!
2025-06-22 02:54:42,498 [INFO] Best validation accuracy: 0.5000
2025-06-22 02:54:42,498 [INFO] Best epoch: 43
2025-06-22 02:54:42,498 [INFO] Total epochs trained: 150
2025-06-22 02:54:42,499 [INFO] Starting training with parameters: (0.001, 0.2, 256, 1, 150, 0.0001)
