2025-06-23 15:47:59,225 [INFO] Using device: cpu
2025-06-23 15:47:59,225 [INFO] 开始创建数据加载器...
2025-06-23 15:47:59,229 [INFO] Successfully loaded dataset ENZYMES from ./data, total graphs: 600
2025-06-23 15:47:59,229 [INFO] Class allocation analysis:
2025-06-23 15:47:59,229 [INFO]   Source classes: [0, 1, 2, 3]
2025-06-23 15:47:59,229 [INFO]   Target classes: [0, 1, 2, 3, 4, 5]
2025-06-23 15:47:59,229 [INFO]   Overlap classes (to be split): [0, 1, 2, 3]
2025-06-23 15:47:59,229 [INFO]   Target novel classes (unknown): [4, 5]
2025-06-23 15:47:59,243 [INFO]   Class 0: 100 total -> Source: 70, Target: 30
2025-06-23 15:47:59,243 [INFO]   Class 1: 100 total -> Source: 70, Target: 30
2025-06-23 15:47:59,243 [INFO]   Class 2: 100 total -> Source: 70, Target: 30
2025-06-23 15:47:59,244 [INFO]   Class 3: 100 total -> Source: 70, Target: 30
2025-06-23 15:47:59,244 [INFO]   Class 4 (novel/unknown): 100 samples -> Target
2025-06-23 15:47:59,244 [INFO]   Class 5 (novel/unknown): 100 samples -> Target
2025-06-23 15:47:59,244 [INFO] Final allocation:
2025-06-23 15:47:59,244 [INFO]   Source domain: 280 samples
2025-06-23 15:47:59,244 [INFO]   Target domain: 320 samples
2025-06-23 15:47:59,246 [INFO] Source domain setup:
2025-06-23 15:47:59,246 [INFO]   Original classes: [0, 1, 2, 3]
2025-06-23 15:47:59,246 [INFO]   Overlap classes used: [0, 1, 2, 3]
2025-06-23 15:47:59,246 [INFO]   Label mapping: {0: 0, 1: 1, 2: 2, 3: 3}
2025-06-23 15:47:59,246 [INFO]   Total data after allocation: 280
2025-06-23 15:47:59,246 [INFO]   Data split - Train: 224, Val: 56
2025-06-23 15:47:59,246 [INFO]   Train label distribution: {0: 56, 1: 56, 3: 56, 2: 56}
2025-06-23 15:47:59,246 [INFO]   Val label distribution: {1: 14, 2: 14, 0: 14, 3: 14}
2025-06-23 15:47:59,247 [INFO] Successfully loaded dataset ENZYMES from ./data, total graphs: 600
2025-06-23 15:47:59,247 [INFO] Class allocation analysis:
2025-06-23 15:47:59,247 [INFO]   Source classes: [0, 1, 2, 3]
2025-06-23 15:47:59,247 [INFO]   Target classes: [0, 1, 2, 3, 4, 5]
2025-06-23 15:47:59,247 [INFO]   Overlap classes (to be split): [0, 1, 2, 3]
2025-06-23 15:47:59,247 [INFO]   Target novel classes (unknown): [4, 5]
2025-06-23 15:47:59,261 [INFO]   Class 0: 100 total -> Source: 70, Target: 30
2025-06-23 15:47:59,262 [INFO]   Class 1: 100 total -> Source: 70, Target: 30
2025-06-23 15:47:59,262 [INFO]   Class 2: 100 total -> Source: 70, Target: 30
2025-06-23 15:47:59,262 [INFO]   Class 3: 100 total -> Source: 70, Target: 30
2025-06-23 15:47:59,262 [INFO]   Class 4 (novel/unknown): 100 samples -> Target
2025-06-23 15:47:59,262 [INFO]   Class 5 (novel/unknown): 100 samples -> Target
2025-06-23 15:47:59,262 [INFO] Final allocation:
2025-06-23 15:47:59,262 [INFO]   Source domain: 280 samples
2025-06-23 15:47:59,262 [INFO]   Target domain: 320 samples
2025-06-23 15:47:59,264 [INFO] Target domain setup:
2025-06-23 15:47:59,264 [INFO]   Original classes: [0, 1, 2, 3, 4, 5]
2025-06-23 15:47:59,264 [INFO]   Overlap classes: [0, 1, 2, 3]
2025-06-23 15:47:59,264 [INFO]   Novel classes: [4, 5] -> mapped to unknown label 4
2025-06-23 15:47:59,264 [INFO]   Label mapping: {0: 0, 1: 1, 2: 2, 3: 3, 4: 4, 5: 4}
2025-06-23 15:47:59,264 [INFO]   Total data after allocation: 320
2025-06-23 15:47:59,264 [INFO]   Data split - Train: 256, Val: 64
2025-06-23 15:47:59,264 [INFO]   Total count: 320 (known: 120, unknown: 200)
2025-06-23 15:47:59,264 [INFO]   Total label distribution: {4: 200, 3: 30, 0: 30, 1: 30, 2: 30}
2025-06-23 15:47:59,264 [INFO]   Train label distribution: {4: 160, 0: 24, 2: 24, 3: 24, 1: 24}
2025-06-23 15:47:59,264 [INFO]   Val label distribution: {1: 6, 4: 40, 3: 6, 0: 6, 2: 6}
2025-06-23 15:47:59,264 [INFO] 数据加载器创建完成!
2025-06-23 15:47:59,264 [INFO] 源域类别数: 4 (重叠类别)
2025-06-23 15:47:59,264 [INFO] 目标域类别数: 5 (4个重叠类别 + 1个未知类别)
2025-06-23 15:47:59,264 [INFO] 重叠类别: [0, 1, 2, 3]
2025-06-23 15:47:59,264 [INFO] 目标域新类别: [4, 5]
2025-06-23 15:47:59,264 [INFO] Data allocation verification:
2025-06-23 15:47:59,264 [INFO]   Source data samples: 280
2025-06-23 15:47:59,264 [INFO]   Target data samples: 320
2025-06-23 15:47:59,264 [INFO]   Overlapping samples: 0
2025-06-23 15:47:59,264 [INFO]   ✓ Data allocation is correct - no overlapping samples
2025-06-23 15:47:59,267 [INFO] Model initialized with 152196 parameters
2025-06-23 15:47:59,267 [INFO] Previous best validation accuracy read from record.txt: 0.6429
2025-06-23 15:47:59,267 [INFO] Starting training...
2025-06-23 15:47:59,334 [INFO] Epoch 001 | Train Loss: 11.9900 | Val Loss: 494.6779 | Val Acc: 0.2500
2025-06-23 15:48:04,171 [INFO] New best model at epoch 1 (Val Acc: 0.2500)
2025-06-23 15:48:04,324 [INFO] Epoch 002 | Train Loss: 7.4373 | Val Loss: 30.0049 | Val Acc: 0.3036
2025-06-23 15:48:04,333 [INFO] New best model at epoch 2 (Val Acc: 0.3036)
2025-06-23 15:48:04,392 [INFO] Epoch 003 | Train Loss: 4.2269 | Val Loss: 26.3097 | Val Acc: 0.3036
2025-06-23 15:48:04,447 [INFO] Epoch 004 | Train Loss: 5.5102 | Val Loss: 41.1693 | Val Acc: 0.3571
2025-06-23 15:48:04,454 [INFO] New best model at epoch 4 (Val Acc: 0.3571)
2025-06-23 15:48:04,503 [INFO] Epoch 005 | Train Loss: 5.7290 | Val Loss: 31.9068 | Val Acc: 0.3036
2025-06-23 15:48:04,555 [INFO] Epoch 006 | Train Loss: 3.6312 | Val Loss: 8.2581 | Val Acc: 0.2857
2025-06-23 15:48:04,608 [INFO] Epoch 007 | Train Loss: 2.7642 | Val Loss: 6.2057 | Val Acc: 0.2857
2025-06-23 15:48:04,660 [INFO] Epoch 008 | Train Loss: 1.8423 | Val Loss: 7.3039 | Val Acc: 0.2679
2025-06-23 15:48:04,720 [INFO] Epoch 009 | Train Loss: 2.8522 | Val Loss: 1.8372 | Val Acc: 0.3036
2025-06-23 15:48:04,791 [INFO] Epoch 010 | Train Loss: 2.9855 | Val Loss: 2.3612 | Val Acc: 0.3571
2025-06-23 15:48:06,091 [INFO] Epoch 011 | Train Loss: 2.1670 | Val Loss: 2.5682 | Val Acc: 0.3214
2025-06-23 15:48:06,160 [INFO] Epoch 012 | Train Loss: 2.5519 | Val Loss: 2.6020 | Val Acc: 0.3929
2025-06-23 15:48:06,167 [INFO] New best model at epoch 12 (Val Acc: 0.3929)
2025-06-23 15:48:06,217 [INFO] Epoch 013 | Train Loss: 2.9263 | Val Loss: 1.6353 | Val Acc: 0.2857
2025-06-23 15:48:06,274 [INFO] Epoch 014 | Train Loss: 2.1857 | Val Loss: 1.3766 | Val Acc: 0.4107
2025-06-23 15:48:06,281 [INFO] New best model at epoch 14 (Val Acc: 0.4107)
2025-06-23 15:48:06,373 [INFO] Epoch 015 | Train Loss: 2.4786 | Val Loss: 1.4587 | Val Acc: 0.4464
2025-06-23 15:48:06,381 [INFO] New best model at epoch 15 (Val Acc: 0.4464)
2025-06-23 15:48:06,445 [INFO] Epoch 016 | Train Loss: 2.0001 | Val Loss: 1.5876 | Val Acc: 0.3571
2025-06-23 15:48:06,503 [INFO] Epoch 017 | Train Loss: 1.5712 | Val Loss: 4.1221 | Val Acc: 0.3036
2025-06-23 15:48:06,574 [INFO] Epoch 018 | Train Loss: 3.2390 | Val Loss: 3.3091 | Val Acc: 0.3393
2025-06-23 15:48:06,743 [INFO] Epoch 019 | Train Loss: 1.3615 | Val Loss: 2.3786 | Val Acc: 0.3036
2025-06-23 15:48:06,812 [INFO] Epoch 020 | Train Loss: 1.8088 | Val Loss: 3.9421 | Val Acc: 0.2679
2025-06-23 15:48:08,134 [INFO] Epoch 021 | Train Loss: 1.8733 | Val Loss: 1.9377 | Val Acc: 0.3036
2025-06-23 15:48:08,189 [INFO] Epoch 022 | Train Loss: 2.8152 | Val Loss: 2.1162 | Val Acc: 0.2679
2025-06-23 15:48:08,238 [INFO] Epoch 023 | Train Loss: 2.5887 | Val Loss: 1.9446 | Val Acc: 0.3571
2025-06-23 15:48:08,292 [INFO] Epoch 024 | Train Loss: 3.9251 | Val Loss: 1.4343 | Val Acc: 0.3571
2025-06-23 15:48:08,350 [INFO] Epoch 025 | Train Loss: 2.4086 | Val Loss: 1.3841 | Val Acc: 0.3036
2025-06-23 15:48:08,401 [INFO] Epoch 026 | Train Loss: 2.3585 | Val Loss: 1.3473 | Val Acc: 0.4107
2025-06-23 15:48:08,451 [INFO] Epoch 027 | Train Loss: 2.1963 | Val Loss: 1.7428 | Val Acc: 0.2857
2025-06-23 15:48:08,501 [INFO] Epoch 028 | Train Loss: 1.9754 | Val Loss: 3.7348 | Val Acc: 0.3036
2025-06-23 15:48:08,553 [INFO] Epoch 029 | Train Loss: 2.7437 | Val Loss: 4.8893 | Val Acc: 0.3036
2025-06-23 15:48:08,620 [INFO] Epoch 030 | Train Loss: 2.9872 | Val Loss: 1.4127 | Val Acc: 0.2857
2025-06-23 15:48:09,877 [INFO] Epoch 031 | Train Loss: 3.0189 | Val Loss: 1.3383 | Val Acc: 0.2679
2025-06-23 15:48:09,936 [INFO] Epoch 032 | Train Loss: 1.4853 | Val Loss: 1.4583 | Val Acc: 0.3214
2025-06-23 15:48:09,982 [INFO] Epoch 033 | Train Loss: 2.2063 | Val Loss: 2.1039 | Val Acc: 0.3214
2025-06-23 15:48:10,029 [INFO] Epoch 034 | Train Loss: 2.1084 | Val Loss: 1.7101 | Val Acc: 0.3214
2025-06-23 15:48:10,074 [INFO] Epoch 035 | Train Loss: 1.7738 | Val Loss: 1.5056 | Val Acc: 0.3214
2025-06-23 15:48:10,118 [INFO] Epoch 036 | Train Loss: 2.8392 | Val Loss: 1.4831 | Val Acc: 0.3571
2025-06-23 15:48:10,163 [INFO] Epoch 037 | Train Loss: 2.3184 | Val Loss: 1.6029 | Val Acc: 0.2857
2025-06-23 15:48:10,208 [INFO] Epoch 038 | Train Loss: 1.6227 | Val Loss: 1.7137 | Val Acc: 0.3036
2025-06-23 15:48:10,254 [INFO] Epoch 039 | Train Loss: 2.2421 | Val Loss: 1.3200 | Val Acc: 0.3214
2025-06-23 15:48:10,300 [INFO] Epoch 040 | Train Loss: 2.4374 | Val Loss: 1.6549 | Val Acc: 0.3750
2025-06-23 15:48:11,519 [INFO] Epoch 041 | Train Loss: 4.2338 | Val Loss: 1.3398 | Val Acc: 0.3036
2025-06-23 15:48:11,584 [INFO] Epoch 042 | Train Loss: 2.0913 | Val Loss: 1.3486 | Val Acc: 0.4286
2025-06-23 15:48:11,631 [INFO] Epoch 043 | Train Loss: 2.2435 | Val Loss: 1.3956 | Val Acc: 0.3750
2025-06-23 15:48:11,676 [INFO] Epoch 044 | Train Loss: 1.8700 | Val Loss: 1.4182 | Val Acc: 0.3571
2025-06-23 15:48:11,721 [INFO] Epoch 045 | Train Loss: 1.6003 | Val Loss: 1.3790 | Val Acc: 0.3929
2025-06-23 15:48:11,766 [INFO] Epoch 046 | Train Loss: 2.1095 | Val Loss: 1.3737 | Val Acc: 0.3393
2025-06-23 15:48:11,812 [INFO] Epoch 047 | Train Loss: 1.8225 | Val Loss: 1.6764 | Val Acc: 0.4286
2025-06-23 15:48:11,857 [INFO] Epoch 048 | Train Loss: 1.9611 | Val Loss: 1.4900 | Val Acc: 0.3750
2025-06-23 15:48:11,903 [INFO] Epoch 049 | Train Loss: 1.6800 | Val Loss: 1.3530 | Val Acc: 0.4107
2025-06-23 15:48:11,949 [INFO] Epoch 050 | Train Loss: 1.3610 | Val Loss: 1.4024 | Val Acc: 0.4107
2025-06-23 15:48:13,181 [INFO] Epoch 051 | Train Loss: 1.4311 | Val Loss: 1.4626 | Val Acc: 0.3036
2025-06-23 15:48:13,238 [INFO] Epoch 052 | Train Loss: 1.4641 | Val Loss: 1.4142 | Val Acc: 0.4107
2025-06-23 15:48:13,282 [INFO] Epoch 053 | Train Loss: 1.3608 | Val Loss: 1.3764 | Val Acc: 0.4107
2025-06-23 15:48:13,327 [INFO] Epoch 054 | Train Loss: 1.3282 | Val Loss: 1.4878 | Val Acc: 0.3750
2025-06-23 15:48:13,373 [INFO] Epoch 055 | Train Loss: 2.5265 | Val Loss: 1.4565 | Val Acc: 0.4107
2025-06-23 15:48:13,417 [INFO] Epoch 056 | Train Loss: 1.1950 | Val Loss: 1.4381 | Val Acc: 0.3214
2025-06-23 15:48:13,461 [INFO] Epoch 057 | Train Loss: 2.3126 | Val Loss: 1.4213 | Val Acc: 0.3214
2025-06-23 15:48:13,506 [INFO] Epoch 058 | Train Loss: 1.2506 | Val Loss: 2.5594 | Val Acc: 0.3929
2025-06-23 15:48:13,551 [INFO] Epoch 059 | Train Loss: 1.5898 | Val Loss: 1.4673 | Val Acc: 0.4286
2025-06-23 15:48:13,598 [INFO] Epoch 060 | Train Loss: 1.4135 | Val Loss: 1.9534 | Val Acc: 0.3393
2025-06-23 15:48:14,794 [INFO] Epoch 061 | Train Loss: 1.2045 | Val Loss: 1.7376 | Val Acc: 0.3571
2025-06-23 15:48:14,857 [INFO] Epoch 062 | Train Loss: 1.1426 | Val Loss: 1.5182 | Val Acc: 0.4107
2025-06-23 15:48:14,902 [INFO] Epoch 063 | Train Loss: 1.8296 | Val Loss: 1.5181 | Val Acc: 0.3929
2025-06-23 15:48:14,948 [INFO] Epoch 064 | Train Loss: 1.3234 | Val Loss: 1.6145 | Val Acc: 0.3750
2025-06-23 15:48:14,993 [INFO] Epoch 065 | Train Loss: 1.5585 | Val Loss: 1.3774 | Val Acc: 0.3929
2025-06-23 15:48:15,038 [INFO] Epoch 066 | Train Loss: 1.2651 | Val Loss: 1.4831 | Val Acc: 0.4464
2025-06-23 15:48:15,083 [INFO] Epoch 067 | Train Loss: 1.3090 | Val Loss: 2.0150 | Val Acc: 0.5179
2025-06-23 15:48:15,090 [INFO] New best model at epoch 67 (Val Acc: 0.5179)
2025-06-23 15:48:15,136 [INFO] Epoch 068 | Train Loss: 1.1432 | Val Loss: 1.7032 | Val Acc: 0.5179
2025-06-23 15:48:15,179 [INFO] Epoch 069 | Train Loss: 1.5806 | Val Loss: 1.5759 | Val Acc: 0.4821
2025-06-23 15:48:15,224 [INFO] Epoch 070 | Train Loss: 1.1567 | Val Loss: 1.5862 | Val Acc: 0.4643
2025-06-23 15:48:16,437 [INFO] Epoch 071 | Train Loss: 1.0267 | Val Loss: 1.4759 | Val Acc: 0.4464
2025-06-23 15:48:16,495 [INFO] Epoch 072 | Train Loss: 1.1975 | Val Loss: 1.8276 | Val Acc: 0.4107
2025-06-23 15:48:16,540 [INFO] Epoch 073 | Train Loss: 1.2682 | Val Loss: 1.4241 | Val Acc: 0.4286
2025-06-23 15:48:16,585 [INFO] Epoch 074 | Train Loss: 1.3363 | Val Loss: 3.3097 | Val Acc: 0.3929
2025-06-23 15:48:16,630 [INFO] Epoch 075 | Train Loss: 1.2865 | Val Loss: 1.8685 | Val Acc: 0.4286
2025-06-23 15:48:16,676 [INFO] Epoch 076 | Train Loss: 1.0422 | Val Loss: 1.4450 | Val Acc: 0.4286
2025-06-23 15:48:16,729 [INFO] Epoch 077 | Train Loss: 1.1556 | Val Loss: 1.8249 | Val Acc: 0.4107
2025-06-23 15:48:16,775 [INFO] Epoch 078 | Train Loss: 1.1004 | Val Loss: 1.8494 | Val Acc: 0.3750
2025-06-23 15:48:16,820 [INFO] Epoch 079 | Train Loss: 1.3806 | Val Loss: 2.4380 | Val Acc: 0.4464
2025-06-23 15:48:16,865 [INFO] Epoch 080 | Train Loss: 1.2390 | Val Loss: 2.0384 | Val Acc: 0.4107
2025-06-23 15:48:18,116 [INFO] Epoch 081 | Train Loss: 1.2598 | Val Loss: 2.0645 | Val Acc: 0.4286
2025-06-23 15:48:18,182 [INFO] Epoch 082 | Train Loss: 1.2350 | Val Loss: 1.4200 | Val Acc: 0.3571
2025-06-23 15:48:18,227 [INFO] Epoch 083 | Train Loss: 1.0451 | Val Loss: 1.4128 | Val Acc: 0.4286
2025-06-23 15:48:18,273 [INFO] Epoch 084 | Train Loss: 1.1955 | Val Loss: 1.3797 | Val Acc: 0.4821
2025-06-23 15:48:18,318 [INFO] Epoch 085 | Train Loss: 1.3482 | Val Loss: 1.5009 | Val Acc: 0.4643
2025-06-23 15:48:18,362 [INFO] Epoch 086 | Train Loss: 1.2905 | Val Loss: 1.6034 | Val Acc: 0.4286
2025-06-23 15:48:18,407 [INFO] Epoch 087 | Train Loss: 0.9060 | Val Loss: 1.4936 | Val Acc: 0.5179
2025-06-23 15:48:18,451 [INFO] Epoch 088 | Train Loss: 1.0343 | Val Loss: 1.5253 | Val Acc: 0.3929
2025-06-23 15:48:18,496 [INFO] Epoch 089 | Train Loss: 1.2569 | Val Loss: 1.5380 | Val Acc: 0.5179
2025-06-23 15:48:18,541 [INFO] Epoch 090 | Train Loss: 0.9630 | Val Loss: 1.7847 | Val Acc: 0.4286
2025-06-23 15:48:20,795 [INFO] Epoch 091 | Train Loss: 1.4300 | Val Loss: 1.4946 | Val Acc: 0.4643
2025-06-23 15:48:20,856 [INFO] Epoch 092 | Train Loss: 1.1110 | Val Loss: 1.4463 | Val Acc: 0.5000
2025-06-23 15:48:20,903 [INFO] Epoch 093 | Train Loss: 0.9879 | Val Loss: 1.3136 | Val Acc: 0.4464
2025-06-23 15:48:20,949 [INFO] Epoch 094 | Train Loss: 1.1791 | Val Loss: 1.5229 | Val Acc: 0.3929
2025-06-23 15:48:20,995 [INFO] Epoch 095 | Train Loss: 1.1428 | Val Loss: 1.6122 | Val Acc: 0.4107
2025-06-23 15:48:21,040 [INFO] Epoch 096 | Train Loss: 0.9984 | Val Loss: 1.5589 | Val Acc: 0.4107
2025-06-23 15:48:21,085 [INFO] Epoch 097 | Train Loss: 0.9555 | Val Loss: 1.5817 | Val Acc: 0.4821
2025-06-23 15:48:21,129 [INFO] Epoch 098 | Train Loss: 1.2022 | Val Loss: 2.1195 | Val Acc: 0.5179
2025-06-23 15:48:21,174 [INFO] Epoch 099 | Train Loss: 0.9738 | Val Loss: 2.0752 | Val Acc: 0.4107
2025-06-23 15:48:21,218 [INFO] Epoch 100 | Train Loss: 1.0142 | Val Loss: 2.0981 | Val Acc: 0.3750
2025-06-23 15:48:22,413 [INFO] Epoch 101 | Train Loss: 0.9585 | Val Loss: 2.8759 | Val Acc: 0.3214
2025-06-23 15:48:22,488 [INFO] Epoch 102 | Train Loss: 0.9947 | Val Loss: 2.0275 | Val Acc: 0.3750
2025-06-23 15:48:22,533 [INFO] Epoch 103 | Train Loss: 1.0236 | Val Loss: 2.1952 | Val Acc: 0.3750
2025-06-23 15:48:22,580 [INFO] Epoch 104 | Train Loss: 0.8393 | Val Loss: 2.3903 | Val Acc: 0.3393
2025-06-23 15:48:22,628 [INFO] Epoch 105 | Train Loss: 0.9141 | Val Loss: 1.7296 | Val Acc: 0.4107
2025-06-23 15:48:22,674 [INFO] Epoch 106 | Train Loss: 0.9564 | Val Loss: 2.1841 | Val Acc: 0.3571
2025-06-23 15:48:22,724 [INFO] Epoch 107 | Train Loss: 1.0777 | Val Loss: 2.9538 | Val Acc: 0.3929
2025-06-23 15:48:22,778 [INFO] Epoch 108 | Train Loss: 1.1385 | Val Loss: 1.8160 | Val Acc: 0.4464
2025-06-23 15:48:22,837 [INFO] Epoch 109 | Train Loss: 0.9545 | Val Loss: 1.9832 | Val Acc: 0.3929
2025-06-23 15:48:22,885 [INFO] Epoch 110 | Train Loss: 0.9124 | Val Loss: 3.4753 | Val Acc: 0.3571
2025-06-23 15:48:26,584 [INFO] Epoch 111 | Train Loss: 0.8809 | Val Loss: 2.5039 | Val Acc: 0.4464
2025-06-23 15:48:26,634 [INFO] Epoch 112 | Train Loss: 0.8962 | Val Loss: 1.7254 | Val Acc: 0.4643
2025-06-23 15:48:26,686 [INFO] Epoch 113 | Train Loss: 1.0200 | Val Loss: 1.6648 | Val Acc: 0.4107
2025-06-23 15:48:26,732 [INFO] Epoch 114 | Train Loss: 1.0113 | Val Loss: 1.7163 | Val Acc: 0.4464
2025-06-23 15:48:26,778 [INFO] Epoch 115 | Train Loss: 1.0051 | Val Loss: 1.7048 | Val Acc: 0.3750
2025-06-23 15:48:26,825 [INFO] Epoch 116 | Train Loss: 1.0052 | Val Loss: 2.8206 | Val Acc: 0.3571
2025-06-23 15:48:26,871 [INFO] Epoch 117 | Train Loss: 0.9669 | Val Loss: 4.4137 | Val Acc: 0.3393
2025-06-23 15:48:26,926 [INFO] Epoch 118 | Train Loss: 1.1866 | Val Loss: 4.1616 | Val Acc: 0.4107
2025-06-23 15:48:26,981 [INFO] Epoch 119 | Train Loss: 1.1241 | Val Loss: 1.9191 | Val Acc: 0.3750
2025-06-23 15:48:27,030 [INFO] Epoch 120 | Train Loss: 0.9679 | Val Loss: 1.5744 | Val Acc: 0.4107
2025-06-23 15:48:28,265 [INFO] Epoch 121 | Train Loss: 0.9837 | Val Loss: 1.6964 | Val Acc: 0.4464
2025-06-23 15:48:28,333 [INFO] Epoch 122 | Train Loss: 0.9348 | Val Loss: 1.7025 | Val Acc: 0.4286
2025-06-23 15:48:28,382 [INFO] Epoch 123 | Train Loss: 1.0183 | Val Loss: 1.8605 | Val Acc: 0.3393
2025-06-23 15:48:28,432 [INFO] Epoch 124 | Train Loss: 0.8860 | Val Loss: 1.6278 | Val Acc: 0.4286
2025-06-23 15:48:28,478 [INFO] Epoch 125 | Train Loss: 0.8129 | Val Loss: 2.1867 | Val Acc: 0.4107
2025-06-23 15:48:28,524 [INFO] Epoch 126 | Train Loss: 0.8796 | Val Loss: 1.9869 | Val Acc: 0.4464
2025-06-23 15:48:28,568 [INFO] Epoch 127 | Train Loss: 0.8087 | Val Loss: 1.8699 | Val Acc: 0.3929
2025-06-23 15:48:28,613 [INFO] Epoch 128 | Train Loss: 1.0190 | Val Loss: 2.2929 | Val Acc: 0.5000
2025-06-23 15:48:28,658 [INFO] Epoch 129 | Train Loss: 1.1535 | Val Loss: 2.3730 | Val Acc: 0.4107
2025-06-23 15:48:28,706 [INFO] Epoch 130 | Train Loss: 0.7731 | Val Loss: 1.6939 | Val Acc: 0.5000
2025-06-23 15:48:29,921 [INFO] Epoch 131 | Train Loss: 0.7665 | Val Loss: 1.6999 | Val Acc: 0.4464
2025-06-23 15:48:29,982 [INFO] Epoch 132 | Train Loss: 0.8502 | Val Loss: 2.2706 | Val Acc: 0.4107
2025-06-23 15:48:30,029 [INFO] Epoch 133 | Train Loss: 0.7979 | Val Loss: 2.7580 | Val Acc: 0.4643
2025-06-23 15:48:30,075 [INFO] Epoch 134 | Train Loss: 0.9306 | Val Loss: 2.2292 | Val Acc: 0.4464
2025-06-23 15:48:30,119 [INFO] Epoch 135 | Train Loss: 0.8954 | Val Loss: 1.9580 | Val Acc: 0.3571
2025-06-23 15:48:30,164 [INFO] Epoch 136 | Train Loss: 0.8680 | Val Loss: 1.7432 | Val Acc: 0.4821
2025-06-23 15:48:30,209 [INFO] Epoch 137 | Train Loss: 0.9400 | Val Loss: 1.6284 | Val Acc: 0.3929
2025-06-23 15:48:30,254 [INFO] Epoch 138 | Train Loss: 0.7553 | Val Loss: 2.2375 | Val Acc: 0.4286
2025-06-23 15:48:30,300 [INFO] Epoch 139 | Train Loss: 0.8315 | Val Loss: 2.4610 | Val Acc: 0.3571
2025-06-23 15:48:30,345 [INFO] Epoch 140 | Train Loss: 0.7125 | Val Loss: 2.4887 | Val Acc: 0.3750
2025-06-23 15:48:34,547 [INFO] Epoch 141 | Train Loss: 0.6732 | Val Loss: 2.4197 | Val Acc: 0.4464
2025-06-23 15:48:34,619 [INFO] Epoch 142 | Train Loss: 0.8932 | Val Loss: 2.6074 | Val Acc: 0.4286
2025-06-23 15:48:34,667 [INFO] Epoch 143 | Train Loss: 0.8366 | Val Loss: 2.0604 | Val Acc: 0.4643
2025-06-23 15:48:34,747 [INFO] Epoch 144 | Train Loss: 0.7687 | Val Loss: 2.4014 | Val Acc: 0.4286
2025-06-23 15:48:34,803 [INFO] Epoch 145 | Train Loss: 0.7592 | Val Loss: 1.8269 | Val Acc: 0.4821
2025-06-23 15:48:34,850 [INFO] Epoch 146 | Train Loss: 0.7614 | Val Loss: 1.9583 | Val Acc: 0.4286
2025-06-23 15:48:34,902 [INFO] Epoch 147 | Train Loss: 0.7272 | Val Loss: 1.8408 | Val Acc: 0.4464
2025-06-23 15:48:34,971 [INFO] Epoch 148 | Train Loss: 0.6372 | Val Loss: 2.1190 | Val Acc: 0.5179
2025-06-23 15:48:35,018 [INFO] Epoch 149 | Train Loss: 0.8104 | Val Loss: 2.2592 | Val Acc: 0.4821
2025-06-23 15:48:35,122 [INFO] Epoch 150 | Train Loss: 0.7075 | Val Loss: 2.2613 | Val Acc: 0.4643
2025-06-23 15:48:36,838 [INFO] Epoch 151 | Train Loss: 0.7522 | Val Loss: 1.7031 | Val Acc: 0.4821
2025-06-23 15:48:36,896 [INFO] Epoch 152 | Train Loss: 0.6632 | Val Loss: 1.9898 | Val Acc: 0.5000
2025-06-23 15:48:36,943 [INFO] Epoch 153 | Train Loss: 0.7038 | Val Loss: 2.6499 | Val Acc: 0.4107
2025-06-23 15:48:36,989 [INFO] Epoch 154 | Train Loss: 0.7724 | Val Loss: 2.5725 | Val Acc: 0.3929
2025-06-23 15:48:37,036 [INFO] Epoch 155 | Train Loss: 0.8248 | Val Loss: 2.2412 | Val Acc: 0.5179
2025-06-23 15:48:37,082 [INFO] Epoch 156 | Train Loss: 0.7926 | Val Loss: 2.9781 | Val Acc: 0.4286
2025-06-23 15:48:37,128 [INFO] Epoch 157 | Train Loss: 0.7276 | Val Loss: 3.0647 | Val Acc: 0.4821
2025-06-23 15:48:37,173 [INFO] Epoch 158 | Train Loss: 0.6565 | Val Loss: 2.7931 | Val Acc: 0.3929
2025-06-23 15:48:37,217 [INFO] Epoch 159 | Train Loss: 0.6777 | Val Loss: 2.9095 | Val Acc: 0.3929
2025-06-23 15:48:37,264 [INFO] Epoch 160 | Train Loss: 0.6717 | Val Loss: 2.2376 | Val Acc: 0.5179
2025-06-23 15:48:38,490 [INFO] Epoch 161 | Train Loss: 0.6531 | Val Loss: 2.2451 | Val Acc: 0.4464
2025-06-23 15:48:38,548 [INFO] Epoch 162 | Train Loss: 0.6669 | Val Loss: 2.9146 | Val Acc: 0.3750
2025-06-23 15:48:38,594 [INFO] Epoch 163 | Train Loss: 0.8436 | Val Loss: 2.0089 | Val Acc: 0.4107
2025-06-23 15:48:38,639 [INFO] Epoch 164 | Train Loss: 0.7740 | Val Loss: 2.1824 | Val Acc: 0.4464
2025-06-23 15:48:38,685 [INFO] Epoch 165 | Train Loss: 0.7201 | Val Loss: 2.0579 | Val Acc: 0.4286
2025-06-23 15:48:38,731 [INFO] Epoch 166 | Train Loss: 0.8551 | Val Loss: 2.2257 | Val Acc: 0.3214
2025-06-23 15:48:38,777 [INFO] Epoch 167 | Train Loss: 0.8047 | Val Loss: 2.5476 | Val Acc: 0.3393
2025-06-23 15:48:38,824 [INFO] Epoch 168 | Train Loss: 0.7980 | Val Loss: 2.5082 | Val Acc: 0.4464
2025-06-23 15:48:38,871 [INFO] Epoch 169 | Train Loss: 0.7951 | Val Loss: 2.2088 | Val Acc: 0.3750
2025-06-23 15:48:38,917 [INFO] Epoch 170 | Train Loss: 0.7081 | Val Loss: 2.2767 | Val Acc: 0.3571
2025-06-23 15:48:40,124 [INFO] Epoch 171 | Train Loss: 0.6959 | Val Loss: 2.1111 | Val Acc: 0.4107
2025-06-23 15:48:40,184 [INFO] Epoch 172 | Train Loss: 0.6748 | Val Loss: 2.3625 | Val Acc: 0.5000
2025-06-23 15:48:40,230 [INFO] Epoch 173 | Train Loss: 0.6398 | Val Loss: 1.8135 | Val Acc: 0.4821
2025-06-23 15:48:40,280 [INFO] Epoch 174 | Train Loss: 0.6563 | Val Loss: 1.8203 | Val Acc: 0.5357
2025-06-23 15:48:40,287 [INFO] New best model at epoch 174 (Val Acc: 0.5357)
2025-06-23 15:48:40,327 [INFO] Epoch 175 | Train Loss: 0.5857 | Val Loss: 1.9985 | Val Acc: 0.4286
2025-06-23 15:48:40,373 [INFO] Epoch 176 | Train Loss: 0.7246 | Val Loss: 2.7139 | Val Acc: 0.3571
2025-06-23 15:48:40,419 [INFO] Epoch 177 | Train Loss: 0.6008 | Val Loss: 3.3494 | Val Acc: 0.5357
2025-06-23 15:48:40,463 [INFO] Epoch 178 | Train Loss: 0.7719 | Val Loss: 2.7777 | Val Acc: 0.4286
2025-06-23 15:48:40,508 [INFO] Epoch 179 | Train Loss: 0.8639 | Val Loss: 2.9835 | Val Acc: 0.3750
2025-06-23 15:48:40,555 [INFO] Epoch 180 | Train Loss: 0.6962 | Val Loss: 2.2711 | Val Acc: 0.4286
2025-06-23 15:48:41,838 [INFO] Epoch 181 | Train Loss: 0.9007 | Val Loss: 2.2595 | Val Acc: 0.4464
2025-06-23 15:48:41,918 [INFO] Epoch 182 | Train Loss: 0.6673 | Val Loss: 1.8007 | Val Acc: 0.5357
2025-06-23 15:48:42,040 [INFO] Epoch 183 | Train Loss: 0.6497 | Val Loss: 2.1828 | Val Acc: 0.4643
2025-06-23 15:48:42,086 [INFO] Epoch 184 | Train Loss: 0.5609 | Val Loss: 2.2627 | Val Acc: 0.4643
2025-06-23 15:48:42,148 [INFO] Epoch 185 | Train Loss: 0.6552 | Val Loss: 2.5520 | Val Acc: 0.3929
2025-06-23 15:48:42,195 [INFO] Epoch 186 | Train Loss: 0.6942 | Val Loss: 2.8543 | Val Acc: 0.3929
2025-06-23 15:48:42,241 [INFO] Epoch 187 | Train Loss: 0.6744 | Val Loss: 1.9589 | Val Acc: 0.4643
2025-06-23 15:48:42,285 [INFO] Epoch 188 | Train Loss: 0.7168 | Val Loss: 1.8827 | Val Acc: 0.4821
2025-06-23 15:48:42,348 [INFO] Epoch 189 | Train Loss: 0.6973 | Val Loss: 2.1013 | Val Acc: 0.4464
2025-06-23 15:48:42,409 [INFO] Epoch 190 | Train Loss: 0.7438 | Val Loss: 1.6281 | Val Acc: 0.4821
2025-06-23 15:48:43,697 [INFO] Epoch 191 | Train Loss: 0.5822 | Val Loss: 2.4082 | Val Acc: 0.4464
2025-06-23 15:48:43,747 [INFO] Epoch 192 | Train Loss: 0.7027 | Val Loss: 2.4577 | Val Acc: 0.4107
2025-06-23 15:48:43,794 [INFO] Epoch 193 | Train Loss: 0.6752 | Val Loss: 2.4874 | Val Acc: 0.4464
2025-06-23 15:48:43,839 [INFO] Epoch 194 | Train Loss: 0.5982 | Val Loss: 2.8071 | Val Acc: 0.4107
2025-06-23 15:48:43,887 [INFO] Epoch 195 | Train Loss: 0.5440 | Val Loss: 2.5682 | Val Acc: 0.4464
2025-06-23 15:48:43,932 [INFO] Epoch 196 | Train Loss: 0.4337 | Val Loss: 1.7129 | Val Acc: 0.5000
2025-06-23 15:48:43,976 [INFO] Epoch 197 | Train Loss: 0.5571 | Val Loss: 2.8282 | Val Acc: 0.3571
2025-06-23 15:48:44,021 [INFO] Epoch 198 | Train Loss: 0.6071 | Val Loss: 2.3999 | Val Acc: 0.3750
2025-06-23 15:48:44,065 [INFO] Epoch 199 | Train Loss: 0.5541 | Val Loss: 2.1034 | Val Acc: 0.4643
2025-06-23 15:48:44,111 [INFO] Epoch 200 | Train Loss: 0.5922 | Val Loss: 1.9046 | Val Acc: 0.4821
2025-06-23 15:48:46,390 [INFO] Epoch 201 | Train Loss: 0.6887 | Val Loss: 3.1570 | Val Acc: 0.4464
2025-06-23 15:48:46,451 [INFO] Epoch 202 | Train Loss: 0.7202 | Val Loss: 2.9503 | Val Acc: 0.3571
2025-06-23 15:48:46,496 [INFO] Epoch 203 | Train Loss: 0.6581 | Val Loss: 2.5422 | Val Acc: 0.4821
2025-06-23 15:48:46,541 [INFO] Epoch 204 | Train Loss: 0.5578 | Val Loss: 2.5890 | Val Acc: 0.4286
2025-06-23 15:48:46,585 [INFO] Epoch 205 | Train Loss: 0.6350 | Val Loss: 2.5478 | Val Acc: 0.3929
2025-06-23 15:48:46,630 [INFO] Epoch 206 | Train Loss: 0.5853 | Val Loss: 2.6248 | Val Acc: 0.4643
2025-06-23 15:48:46,675 [INFO] Epoch 207 | Train Loss: 0.4710 | Val Loss: 1.9909 | Val Acc: 0.4821
2025-06-23 15:48:46,719 [INFO] Epoch 208 | Train Loss: 0.4730 | Val Loss: 1.9498 | Val Acc: 0.5179
2025-06-23 15:48:46,763 [INFO] Epoch 209 | Train Loss: 0.4230 | Val Loss: 2.3236 | Val Acc: 0.4464
2025-06-23 15:48:46,809 [INFO] Epoch 210 | Train Loss: 0.4252 | Val Loss: 2.6870 | Val Acc: 0.4643
2025-06-23 15:48:48,053 [INFO] Epoch 211 | Train Loss: 0.4783 | Val Loss: 2.3787 | Val Acc: 0.4821
2025-06-23 15:48:48,209 [INFO] Epoch 212 | Train Loss: 0.5343 | Val Loss: 3.2130 | Val Acc: 0.4107
2025-06-23 15:48:48,257 [INFO] Epoch 213 | Train Loss: 0.6799 | Val Loss: 2.5640 | Val Acc: 0.4107
2025-06-23 15:48:48,302 [INFO] Epoch 214 | Train Loss: 0.6397 | Val Loss: 2.2150 | Val Acc: 0.5357
2025-06-23 15:48:48,347 [INFO] Epoch 215 | Train Loss: 0.5116 | Val Loss: 2.7044 | Val Acc: 0.4821
2025-06-23 15:48:48,393 [INFO] Epoch 216 | Train Loss: 0.5216 | Val Loss: 2.6378 | Val Acc: 0.3929
2025-06-23 15:48:48,438 [INFO] Epoch 217 | Train Loss: 0.5447 | Val Loss: 2.3352 | Val Acc: 0.4821
2025-06-23 15:48:48,484 [INFO] Epoch 218 | Train Loss: 0.5674 | Val Loss: 2.4396 | Val Acc: 0.3750
2025-06-23 15:48:48,532 [INFO] Epoch 219 | Train Loss: 0.5188 | Val Loss: 2.5111 | Val Acc: 0.4464
2025-06-23 15:48:48,586 [INFO] Epoch 220 | Train Loss: 0.4725 | Val Loss: 1.9294 | Val Acc: 0.4286
2025-06-23 15:48:49,800 [INFO] Epoch 221 | Train Loss: 0.5025 | Val Loss: 2.4392 | Val Acc: 0.4107
2025-06-23 15:48:49,853 [INFO] Epoch 222 | Train Loss: 0.5152 | Val Loss: 2.9603 | Val Acc: 0.3571
2025-06-23 15:48:49,901 [INFO] Epoch 223 | Train Loss: 0.5631 | Val Loss: 2.0580 | Val Acc: 0.5000
2025-06-23 15:48:49,947 [INFO] Epoch 224 | Train Loss: 0.5557 | Val Loss: 2.7402 | Val Acc: 0.3929
2025-06-23 15:48:49,992 [INFO] Epoch 225 | Train Loss: 0.6277 | Val Loss: 2.3322 | Val Acc: 0.5000
2025-06-23 15:48:50,037 [INFO] Epoch 226 | Train Loss: 0.5746 | Val Loss: 2.2540 | Val Acc: 0.5357
2025-06-23 15:48:50,081 [INFO] Epoch 227 | Train Loss: 0.5764 | Val Loss: 2.9315 | Val Acc: 0.4286
2025-06-23 15:48:50,125 [INFO] Epoch 228 | Train Loss: 0.5863 | Val Loss: 2.6606 | Val Acc: 0.4107
2025-06-23 15:48:50,170 [INFO] Epoch 229 | Train Loss: 0.6950 | Val Loss: 2.3862 | Val Acc: 0.4286
2025-06-23 15:48:50,216 [INFO] Epoch 230 | Train Loss: 0.8231 | Val Loss: 1.9702 | Val Acc: 0.4643
2025-06-23 15:48:51,431 [INFO] Epoch 231 | Train Loss: 0.6877 | Val Loss: 2.3622 | Val Acc: 0.4107
2025-06-23 15:48:51,489 [INFO] Epoch 232 | Train Loss: 0.6864 | Val Loss: 3.0020 | Val Acc: 0.4107
2025-06-23 15:48:51,534 [INFO] Epoch 233 | Train Loss: 0.5576 | Val Loss: 1.9781 | Val Acc: 0.4107
2025-06-23 15:48:51,585 [INFO] Epoch 234 | Train Loss: 0.6027 | Val Loss: 2.1402 | Val Acc: 0.4107
2025-06-23 15:48:51,630 [INFO] Epoch 235 | Train Loss: 0.6512 | Val Loss: 2.3089 | Val Acc: 0.4286
2025-06-23 15:48:51,674 [INFO] Epoch 236 | Train Loss: 0.5263 | Val Loss: 2.3156 | Val Acc: 0.4286
2025-06-23 15:48:51,722 [INFO] Epoch 237 | Train Loss: 0.5860 | Val Loss: 2.1196 | Val Acc: 0.3571
2025-06-23 15:48:51,775 [INFO] Epoch 238 | Train Loss: 0.5028 | Val Loss: 2.1942 | Val Acc: 0.3571
2025-06-23 15:48:51,822 [INFO] Epoch 239 | Train Loss: 0.6673 | Val Loss: 2.0899 | Val Acc: 0.3214
2025-06-23 15:48:51,866 [INFO] Epoch 240 | Train Loss: 0.5047 | Val Loss: 2.1245 | Val Acc: 0.3750
2025-06-23 15:48:53,176 [INFO] Epoch 241 | Train Loss: 0.4819 | Val Loss: 2.2168 | Val Acc: 0.3393
2025-06-23 15:48:53,234 [INFO] Epoch 242 | Train Loss: 0.5037 | Val Loss: 2.5357 | Val Acc: 0.3929
2025-06-23 15:48:53,280 [INFO] Epoch 243 | Train Loss: 0.5315 | Val Loss: 2.2982 | Val Acc: 0.4464
2025-06-23 15:48:53,413 [INFO] Epoch 244 | Train Loss: 0.4044 | Val Loss: 2.0322 | Val Acc: 0.4464
2025-06-23 15:48:53,463 [INFO] Epoch 245 | Train Loss: 0.4551 | Val Loss: 1.9601 | Val Acc: 0.5536
2025-06-23 15:48:53,471 [INFO] New best model at epoch 245 (Val Acc: 0.5536)
2025-06-23 15:48:53,514 [INFO] Epoch 246 | Train Loss: 0.4707 | Val Loss: 2.4435 | Val Acc: 0.4821
2025-06-23 15:48:53,561 [INFO] Epoch 247 | Train Loss: 0.6749 | Val Loss: 2.0401 | Val Acc: 0.4643
2025-06-23 15:48:53,608 [INFO] Epoch 248 | Train Loss: 0.4935 | Val Loss: 2.7139 | Val Acc: 0.4464
2025-06-23 15:48:53,661 [INFO] Epoch 249 | Train Loss: 0.5423 | Val Loss: 3.5909 | Val Acc: 0.4821
2025-06-23 15:48:53,710 [INFO] Epoch 250 | Train Loss: 0.5893 | Val Loss: 2.7214 | Val Acc: 0.4107
2025-06-23 15:48:54,931 [INFO] Epoch 251 | Train Loss: 0.6769 | Val Loss: 2.6387 | Val Acc: 0.4286
2025-06-23 15:48:54,995 [INFO] Epoch 252 | Train Loss: 0.6783 | Val Loss: 2.5547 | Val Acc: 0.4821
2025-06-23 15:48:55,042 [INFO] Epoch 253 | Train Loss: 0.7968 | Val Loss: 2.0643 | Val Acc: 0.4821
2025-06-23 15:48:55,087 [INFO] Epoch 254 | Train Loss: 0.7892 | Val Loss: 2.0631 | Val Acc: 0.4286
2025-06-23 15:48:55,133 [INFO] Epoch 255 | Train Loss: 0.6857 | Val Loss: 1.8271 | Val Acc: 0.4286
2025-06-23 15:48:55,177 [INFO] Epoch 256 | Train Loss: 0.5086 | Val Loss: 2.1319 | Val Acc: 0.4464
2025-06-23 15:48:55,223 [INFO] Epoch 257 | Train Loss: 0.4982 | Val Loss: 3.0062 | Val Acc: 0.4643
2025-06-23 15:48:55,267 [INFO] Epoch 258 | Train Loss: 0.4771 | Val Loss: 2.3948 | Val Acc: 0.4821
2025-06-23 15:48:55,311 [INFO] Epoch 259 | Train Loss: 0.3732 | Val Loss: 2.2563 | Val Acc: 0.4107
2025-06-23 15:48:55,356 [INFO] Epoch 260 | Train Loss: 0.4632 | Val Loss: 2.5967 | Val Acc: 0.3571
2025-06-23 15:48:56,565 [INFO] Epoch 261 | Train Loss: 0.3897 | Val Loss: 2.4503 | Val Acc: 0.4821
2025-06-23 15:48:56,627 [INFO] Epoch 262 | Train Loss: 0.3172 | Val Loss: 2.5089 | Val Acc: 0.4821
2025-06-23 15:48:56,672 [INFO] Epoch 263 | Train Loss: 0.4526 | Val Loss: 2.3546 | Val Acc: 0.4643
2025-06-23 15:48:56,717 [INFO] Epoch 264 | Train Loss: 0.5861 | Val Loss: 2.3889 | Val Acc: 0.4464
2025-06-23 15:48:56,762 [INFO] Epoch 265 | Train Loss: 0.5130 | Val Loss: 2.8256 | Val Acc: 0.5179
2025-06-23 15:48:56,808 [INFO] Epoch 266 | Train Loss: 0.6101 | Val Loss: 2.3951 | Val Acc: 0.5000
2025-06-23 15:48:56,852 [INFO] Epoch 267 | Train Loss: 0.7634 | Val Loss: 2.7621 | Val Acc: 0.4286
2025-06-23 15:48:56,897 [INFO] Epoch 268 | Train Loss: 0.4831 | Val Loss: 2.3523 | Val Acc: 0.4107
2025-06-23 15:48:56,942 [INFO] Epoch 269 | Train Loss: 0.3953 | Val Loss: 1.9028 | Val Acc: 0.4286
2025-06-23 15:48:56,988 [INFO] Epoch 270 | Train Loss: 0.6278 | Val Loss: 1.9259 | Val Acc: 0.5714
2025-06-23 15:48:58,140 [INFO] New best model at epoch 270 (Val Acc: 0.5714)
2025-06-23 15:48:58,202 [INFO] Epoch 271 | Train Loss: 0.4208 | Val Loss: 2.4093 | Val Acc: 0.5000
2025-06-23 15:48:58,259 [INFO] Epoch 272 | Train Loss: 0.4355 | Val Loss: 2.0995 | Val Acc: 0.5179
2025-06-23 15:48:58,304 [INFO] Epoch 273 | Train Loss: 0.4644 | Val Loss: 2.1375 | Val Acc: 0.5357
2025-06-23 15:48:58,348 [INFO] Epoch 274 | Train Loss: 0.4195 | Val Loss: 2.2226 | Val Acc: 0.5179
2025-06-23 15:48:58,393 [INFO] Epoch 275 | Train Loss: 0.3590 | Val Loss: 2.5607 | Val Acc: 0.4286
2025-06-23 15:48:58,438 [INFO] Epoch 276 | Train Loss: 0.3496 | Val Loss: 2.8150 | Val Acc: 0.3750
2025-06-23 15:48:58,483 [INFO] Epoch 277 | Train Loss: 0.2821 | Val Loss: 2.7515 | Val Acc: 0.4643
2025-06-23 15:48:58,528 [INFO] Epoch 278 | Train Loss: 0.3809 | Val Loss: 2.8303 | Val Acc: 0.3929
2025-06-23 15:48:58,573 [INFO] Epoch 279 | Train Loss: 0.5047 | Val Loss: 2.9475 | Val Acc: 0.3214
2025-06-23 15:48:58,618 [INFO] Epoch 280 | Train Loss: 0.5204 | Val Loss: 2.5018 | Val Acc: 0.4286
2025-06-23 15:49:00,571 [INFO] Epoch 281 | Train Loss: 0.5343 | Val Loss: 2.7134 | Val Acc: 0.4464
2025-06-23 15:49:00,630 [INFO] Epoch 282 | Train Loss: 0.4717 | Val Loss: 3.0607 | Val Acc: 0.4464
2025-06-23 15:49:00,676 [INFO] Epoch 283 | Train Loss: 0.5877 | Val Loss: 3.7372 | Val Acc: 0.3929
2025-06-23 15:49:00,723 [INFO] Epoch 284 | Train Loss: 0.4497 | Val Loss: 3.2708 | Val Acc: 0.4643
2025-06-23 15:49:00,769 [INFO] Epoch 285 | Train Loss: 0.5650 | Val Loss: 2.1952 | Val Acc: 0.4643
2025-06-23 15:49:00,814 [INFO] Epoch 286 | Train Loss: 0.4018 | Val Loss: 2.3724 | Val Acc: 0.4107
2025-06-23 15:49:00,861 [INFO] Epoch 287 | Train Loss: 0.3429 | Val Loss: 2.4737 | Val Acc: 0.3036
2025-06-23 15:49:00,908 [INFO] Epoch 288 | Train Loss: 0.4440 | Val Loss: 3.1361 | Val Acc: 0.5179
2025-06-23 15:49:00,954 [INFO] Epoch 289 | Train Loss: 0.4223 | Val Loss: 2.8676 | Val Acc: 0.4643
2025-06-23 15:49:01,000 [INFO] Epoch 290 | Train Loss: 0.3275 | Val Loss: 2.8791 | Val Acc: 0.4821
2025-06-23 15:49:05,205 [INFO] Epoch 291 | Train Loss: 0.3834 | Val Loss: 3.1800 | Val Acc: 0.5000
2025-06-23 15:49:05,258 [INFO] Epoch 292 | Train Loss: 0.4813 | Val Loss: 3.6580 | Val Acc: 0.4286
2025-06-23 15:49:05,307 [INFO] Epoch 293 | Train Loss: 0.4045 | Val Loss: 2.1905 | Val Acc: 0.4464
2025-06-23 15:49:05,355 [INFO] Epoch 294 | Train Loss: 0.3474 | Val Loss: 2.3075 | Val Acc: 0.5000
2025-06-23 15:49:05,404 [INFO] Epoch 295 | Train Loss: 0.3746 | Val Loss: 2.5344 | Val Acc: 0.5357
2025-06-23 15:49:05,450 [INFO] Epoch 296 | Train Loss: 0.4450 | Val Loss: 2.5023 | Val Acc: 0.4286
2025-06-23 15:49:05,497 [INFO] Epoch 297 | Train Loss: 0.5769 | Val Loss: 3.0500 | Val Acc: 0.5179
2025-06-23 15:49:05,542 [INFO] Epoch 298 | Train Loss: 0.3986 | Val Loss: 3.4491 | Val Acc: 0.4107
2025-06-23 15:49:05,596 [INFO] Epoch 299 | Train Loss: 0.4018 | Val Loss: 2.9326 | Val Acc: 0.3571
2025-06-23 15:49:05,675 [INFO] Epoch 300 | Train Loss: 0.4122 | Val Loss: 2.4396 | Val Acc: 0.4821
2025-06-23 15:49:08,931 [INFO] Best model saved to <built-in function time>/ENZYMES/best/best_source_gin.pth (Val Acc: 0.5714 at epoch 270)
2025-06-23 15:49:08,934 [INFO] Training/validation metrics saved to <built-in function time>/ENZYMES/GIN_0.01/train_metrics.csv
2025-06-23 15:49:11,118 [INFO] Final training curves saved
2025-06-23 15:49:11,118 [INFO] Training completed!
2025-06-23 15:49:11,118 [INFO] Best validation accuracy: 0.5714
2025-06-23 15:49:11,118 [INFO] Best epoch: 270
2025-06-23 15:49:11,118 [INFO] Total epochs trained: 300
2025-06-23 15:49:11,120 [INFO] Starting training with parameters: (0.01, 0.3, 128, 5, 300, 0.001)
