2025-06-22 16:39:23,326 [INFO] Using device: cpu
2025-06-22 16:39:23,326 [INFO] 开始创建数据加载器...
2025-06-22 16:39:23,331 [INFO] Successfully loaded dataset ENZYMES from ./data, total graphs: 600
2025-06-22 16:39:23,331 [INFO] Class allocation analysis:
2025-06-22 16:39:23,331 [INFO]   Source classes: [0, 1, 2, 3]
2025-06-22 16:39:23,331 [INFO]   Target classes: [0, 1, 2, 3, 4, 5]
2025-06-22 16:39:23,331 [INFO]   Overlap classes (to be split): [0, 1, 2, 3]
2025-06-22 16:39:23,331 [INFO]   Target novel classes (unknown): [4, 5]
2025-06-22 16:39:23,346 [INFO]   Class 0: 100 total -> Source: 70, Target: 30
2025-06-22 16:39:23,346 [INFO]   Class 1: 100 total -> Source: 70, Target: 30
2025-06-22 16:39:23,346 [INFO]   Class 2: 100 total -> Source: 70, Target: 30
2025-06-22 16:39:23,346 [INFO]   Class 3: 100 total -> Source: 70, Target: 30
2025-06-22 16:39:23,346 [INFO]   Class 4 (novel/unknown): 100 samples -> Target
2025-06-22 16:39:23,346 [INFO]   Class 5 (novel/unknown): 100 samples -> Target
2025-06-22 16:39:23,346 [INFO] Final allocation:
2025-06-22 16:39:23,347 [INFO]   Source domain: 280 samples
2025-06-22 16:39:23,347 [INFO]   Target domain: 320 samples
2025-06-22 16:39:23,348 [INFO] Source domain setup:
2025-06-22 16:39:23,348 [INFO]   Original classes: [0, 1, 2, 3]
2025-06-22 16:39:23,348 [INFO]   Overlap classes used: [0, 1, 2, 3]
2025-06-22 16:39:23,348 [INFO]   Label mapping: {0: 0, 1: 1, 2: 2, 3: 3}
2025-06-22 16:39:23,348 [INFO]   Total data after allocation: 280
2025-06-22 16:39:23,348 [INFO]   Data split - Train: 224, Val: 56
2025-06-22 16:39:23,348 [INFO]   Train label distribution: {0: 56, 1: 56, 3: 56, 2: 56}
2025-06-22 16:39:23,348 [INFO]   Val label distribution: {1: 14, 2: 14, 0: 14, 3: 14}
2025-06-22 16:39:23,350 [INFO] Successfully loaded dataset ENZYMES from ./data, total graphs: 600
2025-06-22 16:39:23,351 [INFO] Class allocation analysis:
2025-06-22 16:39:23,351 [INFO]   Source classes: [0, 1, 2, 3]
2025-06-22 16:39:23,351 [INFO]   Target classes: [0, 1, 2, 3, 4, 5]
2025-06-22 16:39:23,351 [INFO]   Overlap classes (to be split): [0, 1, 2, 3]
2025-06-22 16:39:23,351 [INFO]   Target novel classes (unknown): [4, 5]
2025-06-22 16:39:23,365 [INFO]   Class 0: 100 total -> Source: 70, Target: 30
2025-06-22 16:39:23,366 [INFO]   Class 1: 100 total -> Source: 70, Target: 30
2025-06-22 16:39:23,366 [INFO]   Class 2: 100 total -> Source: 70, Target: 30
2025-06-22 16:39:23,366 [INFO]   Class 3: 100 total -> Source: 70, Target: 30
2025-06-22 16:39:23,366 [INFO]   Class 4 (novel/unknown): 100 samples -> Target
2025-06-22 16:39:23,366 [INFO]   Class 5 (novel/unknown): 100 samples -> Target
2025-06-22 16:39:23,366 [INFO] Final allocation:
2025-06-22 16:39:23,366 [INFO]   Source domain: 280 samples
2025-06-22 16:39:23,366 [INFO]   Target domain: 320 samples
2025-06-22 16:39:23,368 [INFO] Target domain setup:
2025-06-22 16:39:23,368 [INFO]   Original classes: [0, 1, 2, 3, 4, 5]
2025-06-22 16:39:23,368 [INFO]   Overlap classes: [0, 1, 2, 3]
2025-06-22 16:39:23,368 [INFO]   Novel classes: [4, 5] -> mapped to unknown label 4
2025-06-22 16:39:23,368 [INFO]   Label mapping: {0: 0, 1: 1, 2: 2, 3: 3, 4: 4, 5: 4}
2025-06-22 16:39:23,368 [INFO]   Total data after allocation: 320
2025-06-22 16:39:23,368 [INFO]   Data split - Train: 256, Val: 64
2025-06-22 16:39:23,368 [INFO]   Total count: 320 (known: 120, unknown: 200)
2025-06-22 16:39:23,368 [INFO]   Total label distribution: {4: 200, 3: 30, 0: 30, 1: 30, 2: 30}
2025-06-22 16:39:23,368 [INFO]   Train label distribution: {4: 160, 0: 24, 2: 24, 3: 24, 1: 24}
2025-06-22 16:39:23,368 [INFO]   Val label distribution: {1: 6, 4: 40, 3: 6, 0: 6, 2: 6}
2025-06-22 16:39:23,368 [INFO] 数据加载器创建完成!
2025-06-22 16:39:23,369 [INFO] 源域类别数: 4 (重叠类别)
2025-06-22 16:39:23,369 [INFO] 目标域类别数: 5 (4个重叠类别 + 1个未知类别)
2025-06-22 16:39:23,369 [INFO] 重叠类别: [0, 1, 2, 3]
2025-06-22 16:39:23,369 [INFO] 目标域新类别: [4, 5]
2025-06-22 16:39:23,369 [INFO] Data allocation verification:
2025-06-22 16:39:23,369 [INFO]   Source data samples: 280
2025-06-22 16:39:23,369 [INFO]   Target data samples: 320
2025-06-22 16:39:23,369 [INFO]   Overlapping samples: 0
2025-06-22 16:39:23,369 [INFO]   ✓ Data allocation is correct - no overlapping samples
2025-06-22 16:39:23,372 [INFO] Model initialized with 118660 parameters
2025-06-22 16:39:23,372 [INFO] Previous best validation accuracy read from record.txt: 0.6429
2025-06-22 16:39:23,372 [INFO] Starting training...
2025-06-22 16:39:23,437 [INFO] Epoch 001 | Train Loss: 11.2843 | Val Loss: 224.6641 | Val Acc: 0.2500
2025-06-22 16:39:24,544 [INFO] New best model at epoch 1 (Val Acc: 0.2500)
2025-06-22 16:39:24,597 [INFO] Epoch 002 | Train Loss: 5.6494 | Val Loss: 146.6765 | Val Acc: 0.3036
2025-06-22 16:39:24,604 [INFO] New best model at epoch 2 (Val Acc: 0.3036)
2025-06-22 16:39:24,659 [INFO] Epoch 003 | Train Loss: 3.9285 | Val Loss: 55.9086 | Val Acc: 0.2679
2025-06-22 16:39:24,700 [INFO] Epoch 004 | Train Loss: 4.2333 | Val Loss: 13.6524 | Val Acc: 0.3571
2025-06-22 16:39:24,706 [INFO] New best model at epoch 4 (Val Acc: 0.3571)
2025-06-22 16:39:24,771 [INFO] Epoch 005 | Train Loss: 4.3467 | Val Loss: 9.7543 | Val Acc: 0.2500
2025-06-22 16:39:24,818 [INFO] Epoch 006 | Train Loss: 3.2537 | Val Loss: 5.2987 | Val Acc: 0.3036
2025-06-22 16:39:24,869 [INFO] Epoch 007 | Train Loss: 3.0786 | Val Loss: 2.1003 | Val Acc: 0.3036
2025-06-22 16:39:24,911 [INFO] Epoch 008 | Train Loss: 3.1052 | Val Loss: 1.9013 | Val Acc: 0.2321
2025-06-22 16:39:24,956 [INFO] Epoch 009 | Train Loss: 2.7495 | Val Loss: 2.9801 | Val Acc: 0.3929
2025-06-22 16:39:24,962 [INFO] New best model at epoch 9 (Val Acc: 0.3929)
2025-06-22 16:39:24,998 [INFO] Epoch 010 | Train Loss: 2.9149 | Val Loss: 2.3940 | Val Acc: 0.3929
2025-06-22 16:39:26,063 [INFO] Epoch 011 | Train Loss: 3.4462 | Val Loss: 3.7450 | Val Acc: 0.3036
2025-06-22 16:39:26,125 [INFO] Epoch 012 | Train Loss: 4.8429 | Val Loss: 5.0829 | Val Acc: 0.3214
2025-06-22 16:39:26,177 [INFO] Epoch 013 | Train Loss: 4.9443 | Val Loss: 3.0188 | Val Acc: 0.3393
2025-06-22 16:39:26,216 [INFO] Epoch 014 | Train Loss: 3.2008 | Val Loss: 1.9361 | Val Acc: 0.4107
2025-06-22 16:39:26,222 [INFO] New best model at epoch 14 (Val Acc: 0.4107)
2025-06-22 16:39:26,255 [INFO] Epoch 015 | Train Loss: 2.1514 | Val Loss: 4.0705 | Val Acc: 0.3929
2025-06-22 16:39:26,294 [INFO] Epoch 016 | Train Loss: 1.6967 | Val Loss: 1.8289 | Val Acc: 0.2857
2025-06-22 16:39:26,333 [INFO] Epoch 017 | Train Loss: 1.1745 | Val Loss: 1.5482 | Val Acc: 0.4286
2025-06-22 16:39:26,339 [INFO] New best model at epoch 17 (Val Acc: 0.4286)
2025-06-22 16:39:26,376 [INFO] Epoch 018 | Train Loss: 1.4907 | Val Loss: 1.6654 | Val Acc: 0.3036
2025-06-22 16:39:26,416 [INFO] Epoch 019 | Train Loss: 1.8939 | Val Loss: 2.7012 | Val Acc: 0.3750
2025-06-22 16:39:26,456 [INFO] Epoch 020 | Train Loss: 2.3024 | Val Loss: 1.8977 | Val Acc: 0.3214
2025-06-22 16:39:27,630 [INFO] Epoch 021 | Train Loss: 1.5209 | Val Loss: 2.1700 | Val Acc: 0.3571
2025-06-22 16:39:27,702 [INFO] Epoch 022 | Train Loss: 1.6314 | Val Loss: 3.6153 | Val Acc: 0.3214
2025-06-22 16:39:27,749 [INFO] Epoch 023 | Train Loss: 2.1646 | Val Loss: 1.5402 | Val Acc: 0.3929
2025-06-22 16:39:27,792 [INFO] Epoch 024 | Train Loss: 1.7655 | Val Loss: 1.3688 | Val Acc: 0.4286
2025-06-22 16:39:27,837 [INFO] Epoch 025 | Train Loss: 2.3768 | Val Loss: 1.5576 | Val Acc: 0.3750
2025-06-22 16:39:27,878 [INFO] Epoch 026 | Train Loss: 2.2970 | Val Loss: 1.5724 | Val Acc: 0.3750
2025-06-22 16:39:27,916 [INFO] Epoch 027 | Train Loss: 2.2309 | Val Loss: 1.5583 | Val Acc: 0.3036
2025-06-22 16:39:27,956 [INFO] Epoch 028 | Train Loss: 2.5945 | Val Loss: 1.3783 | Val Acc: 0.4286
2025-06-22 16:39:27,996 [INFO] Epoch 029 | Train Loss: 2.4484 | Val Loss: 1.6395 | Val Acc: 0.4107
2025-06-22 16:39:28,039 [INFO] Epoch 030 | Train Loss: 1.5619 | Val Loss: 1.3722 | Val Acc: 0.4286
2025-06-22 16:39:29,211 [INFO] Epoch 031 | Train Loss: 1.8470 | Val Loss: 1.5547 | Val Acc: 0.4286
2025-06-22 16:39:29,264 [INFO] Epoch 032 | Train Loss: 1.6551 | Val Loss: 1.5105 | Val Acc: 0.4107
2025-06-22 16:39:29,320 [INFO] Epoch 033 | Train Loss: 1.7383 | Val Loss: 1.7350 | Val Acc: 0.3036
2025-06-22 16:39:29,387 [INFO] Epoch 034 | Train Loss: 1.7545 | Val Loss: 1.5604 | Val Acc: 0.3393
2025-06-22 16:39:29,447 [INFO] Epoch 035 | Train Loss: 1.2413 | Val Loss: 1.5410 | Val Acc: 0.4107
2025-06-22 16:39:29,503 [INFO] Epoch 036 | Train Loss: 1.8301 | Val Loss: 1.4051 | Val Acc: 0.3750
2025-06-22 16:39:29,650 [INFO] Epoch 037 | Train Loss: 2.0358 | Val Loss: 1.6271 | Val Acc: 0.3750
2025-06-22 16:39:29,714 [INFO] Epoch 038 | Train Loss: 1.1671 | Val Loss: 2.5145 | Val Acc: 0.3929
2025-06-22 16:39:29,787 [INFO] Epoch 039 | Train Loss: 1.8426 | Val Loss: 1.4666 | Val Acc: 0.3393
2025-06-22 16:39:29,849 [INFO] Epoch 040 | Train Loss: 1.2229 | Val Loss: 1.4807 | Val Acc: 0.3393
2025-06-22 16:39:31,027 [INFO] Epoch 041 | Train Loss: 1.7286 | Val Loss: 1.6541 | Val Acc: 0.4107
2025-06-22 16:39:31,091 [INFO] Epoch 042 | Train Loss: 1.5906 | Val Loss: 1.7802 | Val Acc: 0.3214
2025-06-22 16:39:31,159 [INFO] Epoch 043 | Train Loss: 1.6553 | Val Loss: 2.8237 | Val Acc: 0.3929
2025-06-22 16:39:31,223 [INFO] Epoch 044 | Train Loss: 1.2677 | Val Loss: 1.8423 | Val Acc: 0.3929
2025-06-22 16:39:31,281 [INFO] Epoch 045 | Train Loss: 1.1077 | Val Loss: 2.4829 | Val Acc: 0.3750
2025-06-22 16:39:31,342 [INFO] Epoch 046 | Train Loss: 1.6212 | Val Loss: 1.3852 | Val Acc: 0.4286
2025-06-22 16:39:31,403 [INFO] Epoch 047 | Train Loss: 0.9241 | Val Loss: 1.4215 | Val Acc: 0.3571
2025-06-22 16:39:31,453 [INFO] Epoch 048 | Train Loss: 1.1491 | Val Loss: 1.3462 | Val Acc: 0.4286
2025-06-22 16:39:31,493 [INFO] Epoch 049 | Train Loss: 1.3111 | Val Loss: 1.5530 | Val Acc: 0.4821
2025-06-22 16:39:31,498 [INFO] New best model at epoch 49 (Val Acc: 0.4821)
2025-06-22 16:39:31,550 [INFO] Epoch 050 | Train Loss: 1.1662 | Val Loss: 1.7678 | Val Acc: 0.3571
2025-06-22 16:39:32,601 [INFO] Best model saved to <built-in function time>/ENZYMES/best/best_source_gin.pth (Val Acc: 0.4821 at epoch 49)
2025-06-22 16:39:32,601 [INFO] Training/validation metrics saved to <built-in function time>/ENZYMES/GIN_0.01/train_metrics.csv
2025-06-22 16:39:33,800 [INFO] Final training curves saved
2025-06-22 16:39:33,800 [INFO] Training completed!
2025-06-22 16:39:33,800 [INFO] Best validation accuracy: 0.4821
2025-06-22 16:39:33,800 [INFO] Best epoch: 49
2025-06-22 16:39:33,800 [INFO] Total epochs trained: 50
2025-06-22 16:39:33,801 [INFO] Starting training with parameters: (0.01, 0.1, 128, 4, 50, 0.001)
