2025-06-22 14:06:13,950 [INFO] Using device: cpu
2025-06-22 14:06:13,950 [INFO] 开始创建数据加载器...
2025-06-22 14:06:13,957 [INFO] Successfully loaded dataset ENZYMES from ./data, total graphs: 600
2025-06-22 14:06:13,957 [INFO] Class allocation analysis:
2025-06-22 14:06:13,957 [INFO]   Source classes: [0, 1, 2, 3]
2025-06-22 14:06:13,957 [INFO]   Target classes: [0, 1, 2, 3, 4, 5]
2025-06-22 14:06:13,957 [INFO]   Overlap classes (to be split): [0, 1, 2, 3]
2025-06-22 14:06:13,957 [INFO]   Target novel classes (unknown): [4, 5]
2025-06-22 14:06:13,971 [INFO]   Class 0: 100 total -> Source: 70, Target: 30
2025-06-22 14:06:13,972 [INFO]   Class 1: 100 total -> Source: 70, Target: 30
2025-06-22 14:06:13,972 [INFO]   Class 2: 100 total -> Source: 70, Target: 30
2025-06-22 14:06:13,972 [INFO]   Class 3: 100 total -> Source: 70, Target: 30
2025-06-22 14:06:13,972 [INFO]   Class 4 (novel/unknown): 100 samples -> Target
2025-06-22 14:06:13,972 [INFO]   Class 5 (novel/unknown): 100 samples -> Target
2025-06-22 14:06:13,972 [INFO] Final allocation:
2025-06-22 14:06:13,972 [INFO]   Source domain: 280 samples
2025-06-22 14:06:13,972 [INFO]   Target domain: 320 samples
2025-06-22 14:06:13,973 [INFO] Source domain setup:
2025-06-22 14:06:13,973 [INFO]   Original classes: [0, 1, 2, 3]
2025-06-22 14:06:13,973 [INFO]   Overlap classes used: [0, 1, 2, 3]
2025-06-22 14:06:13,973 [INFO]   Label mapping: {0: 0, 1: 1, 2: 2, 3: 3}
2025-06-22 14:06:13,973 [INFO]   Total data after allocation: 280
2025-06-22 14:06:13,973 [INFO]   Data split - Train: 224, Val: 56
2025-06-22 14:06:13,973 [INFO]   Train label distribution: {0: 56, 1: 56, 3: 56, 2: 56}
2025-06-22 14:06:13,973 [INFO]   Val label distribution: {1: 14, 2: 14, 0: 14, 3: 14}
2025-06-22 14:06:13,975 [INFO] Successfully loaded dataset ENZYMES from ./data, total graphs: 600
2025-06-22 14:06:13,975 [INFO] Class allocation analysis:
2025-06-22 14:06:13,975 [INFO]   Source classes: [0, 1, 2, 3]
2025-06-22 14:06:13,975 [INFO]   Target classes: [0, 1, 2, 3, 4, 5]
2025-06-22 14:06:13,975 [INFO]   Overlap classes (to be split): [0, 1, 2, 3]
2025-06-22 14:06:13,975 [INFO]   Target novel classes (unknown): [4, 5]
2025-06-22 14:06:13,989 [INFO]   Class 0: 100 total -> Source: 70, Target: 30
2025-06-22 14:06:13,989 [INFO]   Class 1: 100 total -> Source: 70, Target: 30
2025-06-22 14:06:13,989 [INFO]   Class 2: 100 total -> Source: 70, Target: 30
2025-06-22 14:06:13,989 [INFO]   Class 3: 100 total -> Source: 70, Target: 30
2025-06-22 14:06:13,989 [INFO]   Class 4 (novel/unknown): 100 samples -> Target
2025-06-22 14:06:13,989 [INFO]   Class 5 (novel/unknown): 100 samples -> Target
2025-06-22 14:06:13,990 [INFO] Final allocation:
2025-06-22 14:06:13,990 [INFO]   Source domain: 280 samples
2025-06-22 14:06:13,990 [INFO]   Target domain: 320 samples
2025-06-22 14:06:13,991 [INFO] Target domain setup:
2025-06-22 14:06:13,991 [INFO]   Original classes: [0, 1, 2, 3, 4, 5]
2025-06-22 14:06:13,991 [INFO]   Overlap classes: [0, 1, 2, 3]
2025-06-22 14:06:13,991 [INFO]   Novel classes: [4, 5] -> mapped to unknown label 4
2025-06-22 14:06:13,991 [INFO]   Label mapping: {0: 0, 1: 1, 2: 2, 3: 3, 4: 4, 5: 4}
2025-06-22 14:06:13,991 [INFO]   Total data after allocation: 320
2025-06-22 14:06:13,991 [INFO]   Data split - Train: 256, Val: 64
2025-06-22 14:06:13,991 [INFO]   Total count: 320 (known: 120, unknown: 200)
2025-06-22 14:06:13,991 [INFO]   Total label distribution: {4: 200, 3: 30, 0: 30, 1: 30, 2: 30}
2025-06-22 14:06:13,991 [INFO]   Train label distribution: {4: 160, 0: 24, 2: 24, 3: 24, 1: 24}
2025-06-22 14:06:13,991 [INFO]   Val label distribution: {1: 6, 4: 40, 3: 6, 0: 6, 2: 6}
2025-06-22 14:06:13,992 [INFO] 数据加载器创建完成!
2025-06-22 14:06:13,992 [INFO] 源域类别数: 4 (重叠类别)
2025-06-22 14:06:13,992 [INFO] 目标域类别数: 5 (4个重叠类别 + 1个未知类别)
2025-06-22 14:06:13,992 [INFO] 重叠类别: [0, 1, 2, 3]
2025-06-22 14:06:13,992 [INFO] 目标域新类别: [4, 5]
2025-06-22 14:06:13,992 [INFO] Data allocation verification:
2025-06-22 14:06:13,992 [INFO]   Source data samples: 280
2025-06-22 14:06:13,992 [INFO]   Target data samples: 320
2025-06-22 14:06:13,992 [INFO]   Overlapping samples: 0
2025-06-22 14:06:13,992 [INFO]   ✓ Data allocation is correct - no overlapping samples
2025-06-22 14:06:13,997 [INFO] Model initialized with 268804 parameters
2025-06-22 14:06:13,997 [INFO] Previous best validation accuracy read from record.txt: 0.6250
2025-06-22 14:06:13,997 [INFO] Starting training...
2025-06-22 14:06:14,047 [INFO] Epoch 001 | Train Loss: 32.2169 | Val Loss: 109.0031 | Val Acc: 0.2321
2025-06-22 14:06:15,000 [INFO] New best model at epoch 1 (Val Acc: 0.2321)
2025-06-22 14:06:15,030 [INFO] Epoch 002 | Train Loss: 14.9220 | Val Loss: 22.7934 | Val Acc: 0.2321
2025-06-22 14:06:15,055 [INFO] Epoch 003 | Train Loss: 13.5608 | Val Loss: 9.9734 | Val Acc: 0.3929
2025-06-22 14:06:15,060 [INFO] New best model at epoch 3 (Val Acc: 0.3929)
2025-06-22 14:06:15,086 [INFO] Epoch 004 | Train Loss: 7.7705 | Val Loss: 12.2703 | Val Acc: 0.2500
2025-06-22 14:06:15,120 [INFO] Epoch 005 | Train Loss: 6.6288 | Val Loss: 10.0488 | Val Acc: 0.3571
2025-06-22 14:06:15,147 [INFO] Epoch 006 | Train Loss: 8.7539 | Val Loss: 8.1928 | Val Acc: 0.2679
2025-06-22 14:06:15,184 [INFO] Epoch 007 | Train Loss: 6.1458 | Val Loss: 13.5673 | Val Acc: 0.3929
2025-06-22 14:06:15,208 [INFO] Epoch 008 | Train Loss: 6.3848 | Val Loss: 10.1851 | Val Acc: 0.2321
2025-06-22 14:06:15,233 [INFO] Epoch 009 | Train Loss: 7.2750 | Val Loss: 6.8756 | Val Acc: 0.3393
2025-06-22 14:06:15,255 [INFO] Epoch 010 | Train Loss: 6.2444 | Val Loss: 4.9720 | Val Acc: 0.2679
2025-06-22 14:06:16,182 [INFO] Epoch 011 | Train Loss: 7.4379 | Val Loss: 7.1700 | Val Acc: 0.3393
2025-06-22 14:06:16,212 [INFO] Epoch 012 | Train Loss: 6.1439 | Val Loss: 10.5566 | Val Acc: 0.2857
2025-06-22 14:06:16,242 [INFO] Epoch 013 | Train Loss: 7.2447 | Val Loss: 8.1513 | Val Acc: 0.3571
2025-06-22 14:06:16,267 [INFO] Epoch 014 | Train Loss: 8.0925 | Val Loss: 10.5650 | Val Acc: 0.3036
2025-06-22 14:06:16,299 [INFO] Epoch 015 | Train Loss: 7.6551 | Val Loss: 8.4423 | Val Acc: 0.3214
2025-06-22 14:06:16,330 [INFO] Epoch 016 | Train Loss: 5.7895 | Val Loss: 9.1228 | Val Acc: 0.3929
2025-06-22 14:06:16,353 [INFO] Epoch 017 | Train Loss: 5.0137 | Val Loss: 2.6812 | Val Acc: 0.4107
2025-06-22 14:06:16,359 [INFO] New best model at epoch 17 (Val Acc: 0.4107)
2025-06-22 14:06:16,379 [INFO] Epoch 018 | Train Loss: 4.0241 | Val Loss: 6.1430 | Val Acc: 0.2500
2025-06-22 14:06:16,404 [INFO] Epoch 019 | Train Loss: 3.8173 | Val Loss: 3.0796 | Val Acc: 0.3393
2025-06-22 14:06:16,426 [INFO] Epoch 020 | Train Loss: 2.9150 | Val Loss: 7.9310 | Val Acc: 0.2143
2025-06-22 14:06:17,357 [INFO] Epoch 021 | Train Loss: 5.2433 | Val Loss: 9.9174 | Val Acc: 0.3571
2025-06-22 14:06:17,388 [INFO] Epoch 022 | Train Loss: 7.7870 | Val Loss: 8.7701 | Val Acc: 0.2500
2025-06-22 14:06:17,419 [INFO] Epoch 023 | Train Loss: 7.0344 | Val Loss: 6.7576 | Val Acc: 0.2857
2025-06-22 14:06:17,444 [INFO] Epoch 024 | Train Loss: 5.1409 | Val Loss: 6.0658 | Val Acc: 0.2679
2025-06-22 14:06:17,468 [INFO] Epoch 025 | Train Loss: 4.1307 | Val Loss: 7.7278 | Val Acc: 0.2143
2025-06-22 14:06:17,491 [INFO] Epoch 026 | Train Loss: 4.4863 | Val Loss: 7.1354 | Val Acc: 0.2679
2025-06-22 14:06:17,518 [INFO] Epoch 027 | Train Loss: 6.1071 | Val Loss: 4.5775 | Val Acc: 0.2857
2025-06-22 14:06:17,541 [INFO] Epoch 028 | Train Loss: 4.9185 | Val Loss: 4.5731 | Val Acc: 0.2857
2025-06-22 14:06:17,564 [INFO] Epoch 029 | Train Loss: 4.0523 | Val Loss: 3.5475 | Val Acc: 0.3036
2025-06-22 14:06:17,587 [INFO] Epoch 030 | Train Loss: 3.5109 | Val Loss: 3.4510 | Val Acc: 0.3036
2025-06-22 14:06:18,492 [INFO] Epoch 031 | Train Loss: 3.6890 | Val Loss: 4.1627 | Val Acc: 0.3393
2025-06-22 14:06:18,523 [INFO] Epoch 032 | Train Loss: 3.2171 | Val Loss: 3.3157 | Val Acc: 0.2500
2025-06-22 14:06:18,552 [INFO] Epoch 033 | Train Loss: 2.1676 | Val Loss: 2.4528 | Val Acc: 0.2857
2025-06-22 14:06:18,584 [INFO] Epoch 034 | Train Loss: 2.7937 | Val Loss: 3.1413 | Val Acc: 0.3571
2025-06-22 14:06:18,607 [INFO] Epoch 035 | Train Loss: 2.6415 | Val Loss: 3.4484 | Val Acc: 0.2857
2025-06-22 14:06:18,645 [INFO] Epoch 036 | Train Loss: 3.2596 | Val Loss: 4.1974 | Val Acc: 0.2857
2025-06-22 14:06:18,669 [INFO] Epoch 037 | Train Loss: 2.9330 | Val Loss: 3.3437 | Val Acc: 0.2679
2025-06-22 14:06:18,692 [INFO] Epoch 038 | Train Loss: 2.3095 | Val Loss: 3.0773 | Val Acc: 0.3571
2025-06-22 14:06:18,715 [INFO] Epoch 039 | Train Loss: 2.7848 | Val Loss: 3.4732 | Val Acc: 0.2500
2025-06-22 14:06:18,738 [INFO] Epoch 040 | Train Loss: 2.4144 | Val Loss: 2.0412 | Val Acc: 0.3393
2025-06-22 14:06:19,695 [INFO] Epoch 041 | Train Loss: 2.1161 | Val Loss: 2.5288 | Val Acc: 0.3571
2025-06-22 14:06:19,726 [INFO] Epoch 042 | Train Loss: 2.4271 | Val Loss: 4.0432 | Val Acc: 0.2500
2025-06-22 14:06:19,756 [INFO] Epoch 043 | Train Loss: 3.1197 | Val Loss: 2.1379 | Val Acc: 0.4107
2025-06-22 14:06:19,785 [INFO] Epoch 044 | Train Loss: 2.0871 | Val Loss: 3.2590 | Val Acc: 0.2500
2025-06-22 14:06:19,808 [INFO] Epoch 045 | Train Loss: 2.5713 | Val Loss: 3.3365 | Val Acc: 0.3214
2025-06-22 14:06:19,831 [INFO] Epoch 046 | Train Loss: 2.1520 | Val Loss: 2.3809 | Val Acc: 0.3036
2025-06-22 14:06:19,855 [INFO] Epoch 047 | Train Loss: 2.0932 | Val Loss: 2.6994 | Val Acc: 0.3393
2025-06-22 14:06:19,887 [INFO] Epoch 048 | Train Loss: 1.9276 | Val Loss: 2.1145 | Val Acc: 0.4107
2025-06-22 14:06:19,913 [INFO] Epoch 049 | Train Loss: 2.0060 | Val Loss: 2.1879 | Val Acc: 0.3750
2025-06-22 14:06:19,936 [INFO] Epoch 050 | Train Loss: 2.3133 | Val Loss: 2.6064 | Val Acc: 0.2321
2025-06-22 14:06:20,866 [INFO] Epoch 051 | Train Loss: 1.9150 | Val Loss: 2.4172 | Val Acc: 0.3214
2025-06-22 14:06:20,896 [INFO] Epoch 052 | Train Loss: 1.7783 | Val Loss: 2.3366 | Val Acc: 0.3036
2025-06-22 14:06:20,928 [INFO] Epoch 053 | Train Loss: 1.9995 | Val Loss: 2.0614 | Val Acc: 0.3036
2025-06-22 14:06:20,955 [INFO] Epoch 054 | Train Loss: 1.6341 | Val Loss: 2.4966 | Val Acc: 0.2679
2025-06-22 14:06:20,978 [INFO] Epoch 055 | Train Loss: 1.6863 | Val Loss: 2.0354 | Val Acc: 0.2857
2025-06-22 14:06:21,001 [INFO] Epoch 056 | Train Loss: 1.3635 | Val Loss: 2.3827 | Val Acc: 0.2857
2025-06-22 14:06:21,027 [INFO] Epoch 057 | Train Loss: 1.8225 | Val Loss: 2.0834 | Val Acc: 0.2143
2025-06-22 14:06:21,061 [INFO] Epoch 058 | Train Loss: 1.8890 | Val Loss: 2.4342 | Val Acc: 0.3750
2025-06-22 14:06:21,087 [INFO] Epoch 059 | Train Loss: 1.9486 | Val Loss: 3.2199 | Val Acc: 0.1964
2025-06-22 14:06:21,110 [INFO] Epoch 060 | Train Loss: 1.9030 | Val Loss: 2.5653 | Val Acc: 0.2679
2025-06-22 14:06:22,033 [INFO] Epoch 061 | Train Loss: 1.9393 | Val Loss: 2.3827 | Val Acc: 0.3036
2025-06-22 14:06:22,063 [INFO] Epoch 062 | Train Loss: 1.7507 | Val Loss: 2.9502 | Val Acc: 0.2857
2025-06-22 14:06:22,093 [INFO] Epoch 063 | Train Loss: 2.1308 | Val Loss: 2.2645 | Val Acc: 0.3393
2025-06-22 14:06:22,120 [INFO] Epoch 064 | Train Loss: 2.3154 | Val Loss: 3.6518 | Val Acc: 0.3393
2025-06-22 14:06:22,144 [INFO] Epoch 065 | Train Loss: 2.3034 | Val Loss: 2.9816 | Val Acc: 0.2857
2025-06-22 14:06:22,167 [INFO] Epoch 066 | Train Loss: 1.8226 | Val Loss: 1.7667 | Val Acc: 0.2857
2025-06-22 14:06:22,191 [INFO] Epoch 067 | Train Loss: 1.5988 | Val Loss: 2.1325 | Val Acc: 0.3036
2025-06-22 14:06:22,215 [INFO] Epoch 068 | Train Loss: 1.3991 | Val Loss: 1.7193 | Val Acc: 0.3036
2025-06-22 14:06:22,241 [INFO] Epoch 069 | Train Loss: 1.4285 | Val Loss: 1.6747 | Val Acc: 0.3571
2025-06-22 14:06:22,267 [INFO] Epoch 070 | Train Loss: 1.4582 | Val Loss: 2.0720 | Val Acc: 0.3750
2025-06-22 14:06:25,489 [INFO] Epoch 071 | Train Loss: 1.3693 | Val Loss: 1.6875 | Val Acc: 0.2857
2025-06-22 14:06:25,528 [INFO] Epoch 072 | Train Loss: 1.2231 | Val Loss: 1.9076 | Val Acc: 0.3571
2025-06-22 14:06:25,570 [INFO] Epoch 073 | Train Loss: 1.2988 | Val Loss: 2.3855 | Val Acc: 0.3393
2025-06-22 14:06:25,594 [INFO] Epoch 074 | Train Loss: 1.2527 | Val Loss: 1.9754 | Val Acc: 0.3393
2025-06-22 14:06:25,619 [INFO] Epoch 075 | Train Loss: 1.5886 | Val Loss: 2.0001 | Val Acc: 0.2857
2025-06-22 14:06:25,643 [INFO] Epoch 076 | Train Loss: 1.4945 | Val Loss: 1.8514 | Val Acc: 0.3214
2025-06-22 14:06:25,668 [INFO] Epoch 077 | Train Loss: 1.2805 | Val Loss: 1.8678 | Val Acc: 0.3393
2025-06-22 14:06:25,693 [INFO] Epoch 078 | Train Loss: 1.4586 | Val Loss: 2.8729 | Val Acc: 0.2857
2025-06-22 14:06:25,716 [INFO] Epoch 079 | Train Loss: 1.5255 | Val Loss: 1.7415 | Val Acc: 0.2857
2025-06-22 14:06:25,739 [INFO] Epoch 080 | Train Loss: 1.3609 | Val Loss: 2.1063 | Val Acc: 0.2500
2025-06-22 14:06:26,845 [INFO] Epoch 081 | Train Loss: 1.7200 | Val Loss: 1.7801 | Val Acc: 0.3214
2025-06-22 14:06:26,880 [INFO] Epoch 082 | Train Loss: 1.5875 | Val Loss: 2.3990 | Val Acc: 0.3036
2025-06-22 14:06:26,910 [INFO] Epoch 083 | Train Loss: 1.4931 | Val Loss: 2.1185 | Val Acc: 0.4286
2025-06-22 14:06:26,916 [INFO] New best model at epoch 83 (Val Acc: 0.4286)
2025-06-22 14:06:26,937 [INFO] Epoch 084 | Train Loss: 1.5340 | Val Loss: 1.5694 | Val Acc: 0.4286
2025-06-22 14:06:26,962 [INFO] Epoch 085 | Train Loss: 1.1801 | Val Loss: 2.1033 | Val Acc: 0.2679
2025-06-22 14:06:26,987 [INFO] Epoch 086 | Train Loss: 1.4736 | Val Loss: 1.7882 | Val Acc: 0.3036
2025-06-22 14:06:27,018 [INFO] Epoch 087 | Train Loss: 1.5073 | Val Loss: 2.4525 | Val Acc: 0.3393
2025-06-22 14:06:27,041 [INFO] Epoch 088 | Train Loss: 1.4239 | Val Loss: 2.0797 | Val Acc: 0.3750
2025-06-22 14:06:27,070 [INFO] Epoch 089 | Train Loss: 1.5307 | Val Loss: 1.8302 | Val Acc: 0.3214
2025-06-22 14:06:27,094 [INFO] Epoch 090 | Train Loss: 1.5687 | Val Loss: 2.6099 | Val Acc: 0.3393
2025-06-22 14:06:28,059 [INFO] Epoch 091 | Train Loss: 1.6461 | Val Loss: 2.0797 | Val Acc: 0.3214
2025-06-22 14:06:28,093 [INFO] Epoch 092 | Train Loss: 1.4706 | Val Loss: 1.6491 | Val Acc: 0.3036
2025-06-22 14:06:28,126 [INFO] Epoch 093 | Train Loss: 1.3078 | Val Loss: 1.6822 | Val Acc: 0.3393
2025-06-22 14:06:28,154 [INFO] Epoch 094 | Train Loss: 1.1246 | Val Loss: 1.7932 | Val Acc: 0.3036
2025-06-22 14:06:28,214 [INFO] Epoch 095 | Train Loss: 1.2768 | Val Loss: 2.0484 | Val Acc: 0.2857
2025-06-22 14:06:28,239 [INFO] Epoch 096 | Train Loss: 1.2434 | Val Loss: 1.8739 | Val Acc: 0.3929
2025-06-22 14:06:28,262 [INFO] Epoch 097 | Train Loss: 1.4102 | Val Loss: 1.6972 | Val Acc: 0.3214
2025-06-22 14:06:28,286 [INFO] Epoch 098 | Train Loss: 1.1604 | Val Loss: 1.6105 | Val Acc: 0.3393
2025-06-22 14:06:28,309 [INFO] Epoch 099 | Train Loss: 1.1720 | Val Loss: 1.6528 | Val Acc: 0.4107
2025-06-22 14:06:28,333 [INFO] Epoch 100 | Train Loss: 1.1344 | Val Loss: 1.6009 | Val Acc: 0.2679
2025-06-22 14:06:29,245 [INFO] Best model saved to <built-in function time>/ENZYMES/best/best_source_gin.pth (Val Acc: 0.4286 at epoch 83)
2025-06-22 14:06:29,245 [INFO] Training/validation metrics saved to <built-in function time>/ENZYMES/GIN_0.01/train_metrics.csv
2025-06-22 14:06:30,183 [INFO] Final training curves saved
2025-06-22 14:06:30,183 [INFO] Training completed!
2025-06-22 14:06:30,183 [INFO] Best validation accuracy: 0.4286
2025-06-22 14:06:30,183 [INFO] Best epoch: 83
2025-06-22 14:06:30,183 [INFO] Total epochs trained: 100
2025-06-22 14:06:30,184 [INFO] Starting training with parameters: (0.01, 0.0, 512, 1, 100, 0.001)
