2025-06-23 12:52:11,163 [INFO] Using device: cpu
2025-06-23 12:52:11,163 [INFO] 开始创建数据加载器...
2025-06-23 12:52:11,166 [INFO] Successfully loaded dataset ENZYMES from ./data, total graphs: 600
2025-06-23 12:52:11,166 [INFO] Class allocation analysis:
2025-06-23 12:52:11,166 [INFO]   Source classes: [0, 1, 2, 3]
2025-06-23 12:52:11,167 [INFO]   Target classes: [0, 1, 2, 3, 4, 5]
2025-06-23 12:52:11,167 [INFO]   Overlap classes (to be split): [0, 1, 2, 3]
2025-06-23 12:52:11,167 [INFO]   Target novel classes (unknown): [4, 5]
2025-06-23 12:52:11,244 [INFO]   Class 0: 100 total -> Source: 70, Target: 30
2025-06-23 12:52:11,244 [INFO]   Class 1: 100 total -> Source: 70, Target: 30
2025-06-23 12:52:11,245 [INFO]   Class 2: 100 total -> Source: 70, Target: 30
2025-06-23 12:52:11,245 [INFO]   Class 3: 100 total -> Source: 70, Target: 30
2025-06-23 12:52:11,245 [INFO]   Class 4 (novel/unknown): 100 samples -> Target
2025-06-23 12:52:11,245 [INFO]   Class 5 (novel/unknown): 100 samples -> Target
2025-06-23 12:52:11,245 [INFO] Final allocation:
2025-06-23 12:52:11,245 [INFO]   Source domain: 280 samples
2025-06-23 12:52:11,245 [INFO]   Target domain: 320 samples
2025-06-23 12:52:11,246 [INFO] Source domain setup:
2025-06-23 12:52:11,246 [INFO]   Original classes: [0, 1, 2, 3]
2025-06-23 12:52:11,246 [INFO]   Overlap classes used: [0, 1, 2, 3]
2025-06-23 12:52:11,246 [INFO]   Label mapping: {0: 0, 1: 1, 2: 2, 3: 3}
2025-06-23 12:52:11,246 [INFO]   Total data after allocation: 280
2025-06-23 12:52:11,246 [INFO]   Data split - Train: 224, Val: 56
2025-06-23 12:52:11,246 [INFO]   Train label distribution: {0: 56, 1: 56, 3: 56, 2: 56}
2025-06-23 12:52:11,246 [INFO]   Val label distribution: {1: 14, 2: 14, 0: 14, 3: 14}
2025-06-23 12:52:11,248 [INFO] Successfully loaded dataset ENZYMES from ./data, total graphs: 600
2025-06-23 12:52:11,248 [INFO] Class allocation analysis:
2025-06-23 12:52:11,248 [INFO]   Source classes: [0, 1, 2, 3]
2025-06-23 12:52:11,248 [INFO]   Target classes: [0, 1, 2, 3, 4, 5]
2025-06-23 12:52:11,248 [INFO]   Overlap classes (to be split): [0, 1, 2, 3]
2025-06-23 12:52:11,248 [INFO]   Target novel classes (unknown): [4, 5]
2025-06-23 12:52:11,261 [INFO]   Class 0: 100 total -> Source: 70, Target: 30
2025-06-23 12:52:11,261 [INFO]   Class 1: 100 total -> Source: 70, Target: 30
2025-06-23 12:52:11,261 [INFO]   Class 2: 100 total -> Source: 70, Target: 30
2025-06-23 12:52:11,261 [INFO]   Class 3: 100 total -> Source: 70, Target: 30
2025-06-23 12:52:11,261 [INFO]   Class 4 (novel/unknown): 100 samples -> Target
2025-06-23 12:52:11,261 [INFO]   Class 5 (novel/unknown): 100 samples -> Target
2025-06-23 12:52:11,262 [INFO] Final allocation:
2025-06-23 12:52:11,262 [INFO]   Source domain: 280 samples
2025-06-23 12:52:11,262 [INFO]   Target domain: 320 samples
2025-06-23 12:52:11,263 [INFO] Target domain setup:
2025-06-23 12:52:11,263 [INFO]   Original classes: [0, 1, 2, 3, 4, 5]
2025-06-23 12:52:11,263 [INFO]   Overlap classes: [0, 1, 2, 3]
2025-06-23 12:52:11,263 [INFO]   Novel classes: [4, 5] -> mapped to unknown label 4
2025-06-23 12:52:11,263 [INFO]   Label mapping: {0: 0, 1: 1, 2: 2, 3: 3, 4: 4, 5: 4}
2025-06-23 12:52:11,263 [INFO]   Total data after allocation: 320
2025-06-23 12:52:11,263 [INFO]   Data split - Train: 256, Val: 64
2025-06-23 12:52:11,263 [INFO]   Total count: 320 (known: 120, unknown: 200)
2025-06-23 12:52:11,263 [INFO]   Total label distribution: {4: 200, 3: 30, 0: 30, 1: 30, 2: 30}
2025-06-23 12:52:11,263 [INFO]   Train label distribution: {4: 160, 0: 24, 2: 24, 3: 24, 1: 24}
2025-06-23 12:52:11,263 [INFO]   Val label distribution: {1: 6, 4: 40, 3: 6, 0: 6, 2: 6}
2025-06-23 12:52:11,264 [INFO] 数据加载器创建完成!
2025-06-23 12:52:11,264 [INFO] 源域类别数: 4 (重叠类别)
2025-06-23 12:52:11,264 [INFO] 目标域类别数: 5 (4个重叠类别 + 1个未知类别)
2025-06-23 12:52:11,264 [INFO] 重叠类别: [0, 1, 2, 3]
2025-06-23 12:52:11,264 [INFO] 目标域新类别: [4, 5]
2025-06-23 12:52:11,264 [INFO] Data allocation verification:
2025-06-23 12:52:11,264 [INFO]   Source data samples: 280
2025-06-23 12:52:11,264 [INFO]   Target data samples: 320
2025-06-23 12:52:11,264 [INFO]   Overlapping samples: 0
2025-06-23 12:52:11,264 [INFO]   ✓ Data allocation is correct - no overlapping samples
2025-06-23 12:52:11,268 [INFO] Model initialized with 1323524 parameters
2025-06-23 12:52:11,269 [INFO] Previous best validation accuracy read from record.txt: 0.6429
2025-06-23 12:52:11,269 [INFO] Starting training...
2025-06-23 12:52:11,349 [INFO] Epoch 001 | Train Loss: 26.5584 | Val Loss: 3084.1450 | Val Acc: 0.2500
2025-06-23 12:52:15,597 [INFO] New best model at epoch 1 (Val Acc: 0.2500)
2025-06-23 12:52:15,743 [INFO] Epoch 002 | Train Loss: 10.0412 | Val Loss: 563.6032 | Val Acc: 0.2679
2025-06-23 12:52:15,763 [INFO] New best model at epoch 2 (Val Acc: 0.2679)
2025-06-23 12:52:15,860 [INFO] Epoch 003 | Train Loss: 10.3973 | Val Loss: 34.4414 | Val Acc: 0.2500
2025-06-23 12:52:15,977 [INFO] Epoch 004 | Train Loss: 9.2173 | Val Loss: 23.3023 | Val Acc: 0.3750
2025-06-23 12:52:15,998 [INFO] New best model at epoch 4 (Val Acc: 0.3750)
2025-06-23 12:52:16,083 [INFO] Epoch 005 | Train Loss: 12.8903 | Val Loss: 9.3506 | Val Acc: 0.2143
2025-06-23 12:52:16,221 [INFO] Epoch 006 | Train Loss: 10.6365 | Val Loss: 13.5143 | Val Acc: 0.3393
2025-06-23 12:52:16,321 [INFO] Epoch 007 | Train Loss: 8.8329 | Val Loss: 8.7153 | Val Acc: 0.3214
2025-06-23 12:52:16,455 [INFO] Epoch 008 | Train Loss: 6.3830 | Val Loss: 4.4492 | Val Acc: 0.3214
2025-06-23 12:52:16,559 [INFO] Epoch 009 | Train Loss: 7.4912 | Val Loss: 3.1019 | Val Acc: 0.2679
2025-06-23 12:52:16,666 [INFO] Epoch 010 | Train Loss: 10.7907 | Val Loss: 3.2073 | Val Acc: 0.2857
2025-06-23 12:52:17,930 [INFO] Epoch 011 | Train Loss: 8.7079 | Val Loss: 2.9204 | Val Acc: 0.2679
2025-06-23 12:52:18,028 [INFO] Epoch 012 | Train Loss: 5.4030 | Val Loss: 4.0895 | Val Acc: 0.2857
2025-06-23 12:52:18,129 [INFO] Epoch 013 | Train Loss: 8.0118 | Val Loss: 2.9027 | Val Acc: 0.3214
2025-06-23 12:52:18,231 [INFO] Epoch 014 | Train Loss: 5.6468 | Val Loss: 2.2914 | Val Acc: 0.4107
2025-06-23 12:52:18,252 [INFO] New best model at epoch 14 (Val Acc: 0.4107)
2025-06-23 12:52:18,348 [INFO] Epoch 015 | Train Loss: 4.2679 | Val Loss: 2.8148 | Val Acc: 0.2143
2025-06-23 12:52:18,449 [INFO] Epoch 016 | Train Loss: 3.6773 | Val Loss: 3.7416 | Val Acc: 0.3929
2025-06-23 12:52:18,559 [INFO] Epoch 017 | Train Loss: 6.4214 | Val Loss: 3.5227 | Val Acc: 0.3393
2025-06-23 12:52:18,664 [INFO] Epoch 018 | Train Loss: 7.6079 | Val Loss: 1.9579 | Val Acc: 0.3214
2025-06-23 12:52:18,758 [INFO] Epoch 019 | Train Loss: 5.8146 | Val Loss: 2.4137 | Val Acc: 0.3393
2025-06-23 12:52:18,887 [INFO] Epoch 020 | Train Loss: 4.5870 | Val Loss: 1.7885 | Val Acc: 0.3929
2025-06-23 12:52:20,118 [INFO] Epoch 021 | Train Loss: 4.9524 | Val Loss: 2.1657 | Val Acc: 0.3214
2025-06-23 12:52:20,228 [INFO] Epoch 022 | Train Loss: 4.5648 | Val Loss: 1.6201 | Val Acc: 0.3036
2025-06-23 12:52:20,326 [INFO] Epoch 023 | Train Loss: 5.0081 | Val Loss: 1.8013 | Val Acc: 0.3036
2025-06-23 12:52:20,436 [INFO] Epoch 024 | Train Loss: 7.4017 | Val Loss: 1.5924 | Val Acc: 0.4107
2025-06-23 12:52:20,536 [INFO] Epoch 025 | Train Loss: 3.3844 | Val Loss: 3.9517 | Val Acc: 0.2857
2025-06-23 12:52:20,640 [INFO] Epoch 026 | Train Loss: 4.5259 | Val Loss: 5.8052 | Val Acc: 0.2857
2025-06-23 12:52:20,743 [INFO] Epoch 027 | Train Loss: 2.0462 | Val Loss: 3.3919 | Val Acc: 0.2500
2025-06-23 12:52:20,846 [INFO] Epoch 028 | Train Loss: 4.5651 | Val Loss: 3.2358 | Val Acc: 0.2500
2025-06-23 12:52:20,967 [INFO] Epoch 029 | Train Loss: 8.8090 | Val Loss: 2.8372 | Val Acc: 0.2143
2025-06-23 12:52:21,069 [INFO] Epoch 030 | Train Loss: 6.7830 | Val Loss: 2.1044 | Val Acc: 0.2143
2025-06-23 12:52:23,119 [INFO] Epoch 031 | Train Loss: 3.0897 | Val Loss: 1.7129 | Val Acc: 0.3214
2025-06-23 12:52:23,226 [INFO] Epoch 032 | Train Loss: 4.7751 | Val Loss: 1.9158 | Val Acc: 0.3036
2025-06-23 12:52:23,333 [INFO] Epoch 033 | Train Loss: 6.4067 | Val Loss: 1.9946 | Val Acc: 0.2500
2025-06-23 12:52:23,446 [INFO] Epoch 034 | Train Loss: 3.3111 | Val Loss: 3.3896 | Val Acc: 0.3036
2025-06-23 12:52:23,545 [INFO] Epoch 035 | Train Loss: 5.1421 | Val Loss: 2.5146 | Val Acc: 0.3750
2025-06-23 12:52:23,648 [INFO] Epoch 036 | Train Loss: 4.0866 | Val Loss: 1.4914 | Val Acc: 0.3393
2025-06-23 12:52:23,747 [INFO] Epoch 037 | Train Loss: 4.0396 | Val Loss: 1.9368 | Val Acc: 0.3214
2025-06-23 12:52:23,846 [INFO] Epoch 038 | Train Loss: 2.7566 | Val Loss: 1.4536 | Val Acc: 0.3036
2025-06-23 12:52:23,942 [INFO] Epoch 039 | Train Loss: 4.5756 | Val Loss: 1.4140 | Val Acc: 0.3214
2025-06-23 12:52:24,043 [INFO] Epoch 040 | Train Loss: 1.4964 | Val Loss: 1.4086 | Val Acc: 0.3036
2025-06-23 12:52:27,394 [INFO] Epoch 041 | Train Loss: 2.0954 | Val Loss: 2.2394 | Val Acc: 0.3393
2025-06-23 12:52:27,530 [INFO] Epoch 042 | Train Loss: 4.8787 | Val Loss: 1.6552 | Val Acc: 0.3036
2025-06-23 12:52:27,644 [INFO] Epoch 043 | Train Loss: 9.7738 | Val Loss: 1.8396 | Val Acc: 0.3214
2025-06-23 12:52:27,799 [INFO] Epoch 044 | Train Loss: 5.0229 | Val Loss: 122.8483 | Val Acc: 0.3393
2025-06-23 12:52:27,914 [INFO] Epoch 045 | Train Loss: 6.8340 | Val Loss: 6.3864 | Val Acc: 0.2500
2025-06-23 12:52:28,040 [INFO] Epoch 046 | Train Loss: 3.8025 | Val Loss: 2.5748 | Val Acc: 0.2500
2025-06-23 12:52:28,140 [INFO] Epoch 047 | Train Loss: 4.7600 | Val Loss: 2.6751 | Val Acc: 0.2500
2025-06-23 12:52:28,243 [INFO] Epoch 048 | Train Loss: 3.9181 | Val Loss: 1.7082 | Val Acc: 0.2679
2025-06-23 12:52:28,373 [INFO] Epoch 049 | Train Loss: 2.3246 | Val Loss: 1.3845 | Val Acc: 0.2857
2025-06-23 12:52:28,489 [INFO] Epoch 050 | Train Loss: 5.7578 | Val Loss: 1.3145 | Val Acc: 0.3750
2025-06-23 12:52:29,602 [INFO] Best model saved to <built-in function time>/ENZYMES/best/best_source_gin.pth (Val Acc: 0.4107 at epoch 14)
2025-06-23 12:52:29,602 [INFO] Training/validation metrics saved to <built-in function time>/ENZYMES/GIN_0.01/train_metrics.csv
2025-06-23 12:52:30,722 [INFO] Final training curves saved
2025-06-23 12:52:30,722 [INFO] Training completed!
2025-06-23 12:52:30,722 [INFO] Best validation accuracy: 0.4107
2025-06-23 12:52:30,722 [INFO] Best epoch: 14
2025-06-23 12:52:30,722 [INFO] Total epochs trained: 50
2025-06-23 12:52:30,723 [INFO] Starting training with parameters: (0.01, 0.2, 512, 3, 100, 0.0)
