2025-06-24 00:38:47,210 [INFO] Using device: cpu
2025-06-24 00:38:47,210 [INFO] 开始创建数据加载器...
2025-06-24 00:38:47,219 [INFO] Successfully loaded dataset ENZYMES from ./data, total graphs: 600
2025-06-24 00:38:47,220 [INFO] Class allocation analysis:
2025-06-24 00:38:47,220 [INFO]   Source classes: [0, 1, 2, 3]
2025-06-24 00:38:47,220 [INFO]   Target classes: [0, 1, 2, 3, 4, 5]
2025-06-24 00:38:47,220 [INFO]   Overlap classes (to be split): [0, 1, 2, 3]
2025-06-24 00:38:47,220 [INFO]   Target novel classes (unknown): [4, 5]
2025-06-24 00:38:47,296 [INFO]   Class 0: 100 total -> Source: 70, Target: 30
2025-06-24 00:38:47,297 [INFO]   Class 1: 100 total -> Source: 70, Target: 30
2025-06-24 00:38:47,298 [INFO]   Class 2: 100 total -> Source: 70, Target: 30
2025-06-24 00:38:47,299 [INFO]   Class 3: 100 total -> Source: 70, Target: 30
2025-06-24 00:38:47,299 [INFO]   Class 4 (novel/unknown): 100 samples -> Target
2025-06-24 00:38:47,300 [INFO]   Class 5 (novel/unknown): 100 samples -> Target
2025-06-24 00:38:47,300 [INFO] Final allocation:
2025-06-24 00:38:47,300 [INFO]   Source domain: 280 samples
2025-06-24 00:38:47,300 [INFO]   Target domain: 320 samples
2025-06-24 00:38:47,307 [INFO] Source domain setup:
2025-06-24 00:38:47,307 [INFO]   Original classes: [0, 1, 2, 3]
2025-06-24 00:38:47,307 [INFO]   Overlap classes used: [0, 1, 2, 3]
2025-06-24 00:38:47,307 [INFO]   Label mapping: {0: 0, 1: 1, 2: 2, 3: 3}
2025-06-24 00:38:47,307 [INFO]   Total data after allocation: 280
2025-06-24 00:38:47,307 [INFO]   Data split - Train: 224, Val: 56
2025-06-24 00:38:47,308 [INFO]   Train label distribution: {0: 56, 1: 56, 3: 56, 2: 56}
2025-06-24 00:38:47,308 [INFO]   Val label distribution: {1: 14, 2: 14, 0: 14, 3: 14}
2025-06-24 00:38:47,314 [INFO] Successfully loaded dataset ENZYMES from ./data, total graphs: 600
2025-06-24 00:38:47,314 [INFO] Class allocation analysis:
2025-06-24 00:38:47,315 [INFO]   Source classes: [0, 1, 2, 3]
2025-06-24 00:38:47,315 [INFO]   Target classes: [0, 1, 2, 3, 4, 5]
2025-06-24 00:38:47,315 [INFO]   Overlap classes (to be split): [0, 1, 2, 3]
2025-06-24 00:38:47,315 [INFO]   Target novel classes (unknown): [4, 5]
2025-06-24 00:38:47,395 [INFO]   Class 0: 100 total -> Source: 70, Target: 30
2025-06-24 00:38:47,395 [INFO]   Class 1: 100 total -> Source: 70, Target: 30
2025-06-24 00:38:47,396 [INFO]   Class 2: 100 total -> Source: 70, Target: 30
2025-06-24 00:38:47,397 [INFO]   Class 3: 100 total -> Source: 70, Target: 30
2025-06-24 00:38:47,397 [INFO]   Class 4 (novel/unknown): 100 samples -> Target
2025-06-24 00:38:47,398 [INFO]   Class 5 (novel/unknown): 100 samples -> Target
2025-06-24 00:38:47,398 [INFO] Final allocation:
2025-06-24 00:38:47,398 [INFO]   Source domain: 280 samples
2025-06-24 00:38:47,398 [INFO]   Target domain: 320 samples
2025-06-24 00:38:47,406 [INFO] Target domain setup:
2025-06-24 00:38:47,406 [INFO]   Original classes: [0, 1, 2, 3, 4, 5]
2025-06-24 00:38:47,406 [INFO]   Overlap classes: [0, 1, 2, 3]
2025-06-24 00:38:47,407 [INFO]   Novel classes: [4, 5] -> mapped to unknown label 4
2025-06-24 00:38:47,407 [INFO]   Label mapping: {0: 0, 1: 1, 2: 2, 3: 3, 4: 4, 5: 4}
2025-06-24 00:38:47,407 [INFO]   Total data after allocation: 320
2025-06-24 00:38:47,407 [INFO]   Data split - Train: 256, Val: 64
2025-06-24 00:38:47,407 [INFO]   Total count: 320 (known: 120, unknown: 200)
2025-06-24 00:38:47,407 [INFO]   Total label distribution: {4: 200, 3: 30, 0: 30, 1: 30, 2: 30}
2025-06-24 00:38:47,407 [INFO]   Train label distribution: {4: 160, 0: 24, 2: 24, 3: 24, 1: 24}
2025-06-24 00:38:47,408 [INFO]   Val label distribution: {1: 6, 4: 40, 3: 6, 0: 6, 2: 6}
2025-06-24 00:38:47,409 [INFO] 数据加载器创建完成!
2025-06-24 00:38:47,409 [INFO] 源域类别数: 4 (重叠类别)
2025-06-24 00:38:47,410 [INFO] 目标域类别数: 5 (4个重叠类别 + 1个未知类别)
2025-06-24 00:38:47,410 [INFO] 重叠类别: [0, 1, 2, 3]
2025-06-24 00:38:47,410 [INFO] 目标域新类别: [4, 5]
2025-06-24 00:38:47,410 [INFO] Data allocation verification:
2025-06-24 00:38:47,410 [INFO]   Source data samples: 280
2025-06-24 00:38:47,410 [INFO]   Target data samples: 320
2025-06-24 00:38:47,411 [INFO]   Overlapping samples: 0
2025-06-24 00:38:47,411 [INFO]   ✓ Data allocation is correct - no overlapping samples
2025-06-24 00:38:47,426 [INFO] Model initialized with 466692 parameters
2025-06-24 00:38:47,427 [INFO] Previous best validation accuracy read from record.txt: 0.6429
2025-06-24 00:38:47,428 [INFO] Starting training...
2025-06-24 00:38:47,772 [INFO] Epoch 001 | Train Loss: 15.0513 | Val Loss: 1973.8740 | Val Acc: 0.2500
2025-06-24 00:38:50,851 [INFO] New best model at epoch 1 (Val Acc: 0.2500)
2025-06-24 00:38:51,176 [INFO] Epoch 002 | Train Loss: 7.9286 | Val Loss: 1372.8154 | Val Acc: 0.2500
2025-06-24 00:38:51,792 [INFO] Epoch 003 | Train Loss: 8.2598 | Val Loss: 119.3750 | Val Acc: 0.3036
2025-06-24 00:38:51,853 [INFO] New best model at epoch 3 (Val Acc: 0.3036)
2025-06-24 00:38:52,184 [INFO] Epoch 004 | Train Loss: 8.0189 | Val Loss: 24.7158 | Val Acc: 0.2679
2025-06-24 00:38:52,600 [INFO] Epoch 005 | Train Loss: 5.8540 | Val Loss: 24.9352 | Val Acc: 0.3036
2025-06-24 00:38:52,979 [INFO] Epoch 006 | Train Loss: 6.6459 | Val Loss: 14.6307 | Val Acc: 0.3036
2025-06-24 00:38:53,330 [INFO] Epoch 007 | Train Loss: 7.0685 | Val Loss: 2.4719 | Val Acc: 0.3393
2025-06-24 00:38:53,390 [INFO] New best model at epoch 7 (Val Acc: 0.3393)
2025-06-24 00:38:53,850 [INFO] Epoch 008 | Train Loss: 4.4562 | Val Loss: 2.8228 | Val Acc: 0.2679
2025-06-24 00:38:54,354 [INFO] Epoch 009 | Train Loss: 6.4926 | Val Loss: 4.5090 | Val Acc: 0.2857
2025-06-24 00:38:54,762 [INFO] Epoch 010 | Train Loss: 2.3570 | Val Loss: 1.7405 | Val Acc: 0.2321
2025-06-24 00:38:58,561 [INFO] Epoch 011 | Train Loss: 2.1566 | Val Loss: 2.3925 | Val Acc: 0.3036
2025-06-24 00:38:59,134 [INFO] Epoch 012 | Train Loss: 4.5707 | Val Loss: 1.9838 | Val Acc: 0.3393
2025-06-24 00:38:59,817 [INFO] Epoch 013 | Train Loss: 5.9196 | Val Loss: 1.9588 | Val Acc: 0.2857
2025-06-24 00:39:00,247 [INFO] Epoch 014 | Train Loss: 5.5418 | Val Loss: 1.8428 | Val Acc: 0.3214
2025-06-24 00:39:00,614 [INFO] Epoch 015 | Train Loss: 7.3594 | Val Loss: 1.5073 | Val Acc: 0.3214
2025-06-24 00:39:00,957 [INFO] Epoch 016 | Train Loss: 3.2629 | Val Loss: 1.8441 | Val Acc: 0.2857
2025-06-24 00:39:01,320 [INFO] Epoch 017 | Train Loss: 5.8438 | Val Loss: 1.9819 | Val Acc: 0.3214
2025-06-24 00:39:01,686 [INFO] Epoch 018 | Train Loss: 1.8787 | Val Loss: 1.5349 | Val Acc: 0.3393
2025-06-24 00:39:02,029 [INFO] Epoch 019 | Train Loss: 3.1370 | Val Loss: 1.6838 | Val Acc: 0.3036
2025-06-24 00:39:02,379 [INFO] Epoch 020 | Train Loss: 3.1118 | Val Loss: 2.2756 | Val Acc: 0.3393
2025-06-24 00:39:05,742 [INFO] Epoch 021 | Train Loss: 3.4825 | Val Loss: 3.3262 | Val Acc: 0.3214
2025-06-24 00:39:06,116 [INFO] Epoch 022 | Train Loss: 1.9781 | Val Loss: 2.2734 | Val Acc: 0.3571
2025-06-24 00:39:06,176 [INFO] New best model at epoch 22 (Val Acc: 0.3571)
2025-06-24 00:39:06,488 [INFO] Epoch 023 | Train Loss: 3.0402 | Val Loss: 2.9150 | Val Acc: 0.2679
2025-06-24 00:39:06,854 [INFO] Epoch 024 | Train Loss: 3.0139 | Val Loss: 1.7369 | Val Acc: 0.3393
2025-06-24 00:39:07,220 [INFO] Epoch 025 | Train Loss: 1.3225 | Val Loss: 2.0055 | Val Acc: 0.2143
2025-06-24 00:39:07,642 [INFO] Epoch 026 | Train Loss: 2.0917 | Val Loss: 2.0964 | Val Acc: 0.2857
2025-06-24 00:39:07,986 [INFO] Epoch 027 | Train Loss: 3.2682 | Val Loss: 1.7091 | Val Acc: 0.3750
2025-06-24 00:39:08,047 [INFO] New best model at epoch 27 (Val Acc: 0.3750)
2025-06-24 00:39:08,354 [INFO] Epoch 028 | Train Loss: 4.2858 | Val Loss: 1.6837 | Val Acc: 0.3750
2025-06-24 00:39:08,725 [INFO] Epoch 029 | Train Loss: 5.8111 | Val Loss: 7.9024 | Val Acc: 0.3571
2025-06-24 00:39:09,114 [INFO] Epoch 030 | Train Loss: 3.2924 | Val Loss: 5.2522 | Val Acc: 0.3036
2025-06-24 00:39:12,700 [INFO] Epoch 031 | Train Loss: 2.8154 | Val Loss: 1.6128 | Val Acc: 0.3036
2025-06-24 00:39:13,247 [INFO] Epoch 032 | Train Loss: 3.6319 | Val Loss: 3.3418 | Val Acc: 0.3393
2025-06-24 00:39:13,854 [INFO] Epoch 033 | Train Loss: 4.4481 | Val Loss: 8.7329 | Val Acc: 0.3393
2025-06-24 00:39:14,365 [INFO] Epoch 034 | Train Loss: 3.3328 | Val Loss: 4.4995 | Val Acc: 0.3393
2025-06-24 00:39:14,772 [INFO] Epoch 035 | Train Loss: 1.3633 | Val Loss: 2.5051 | Val Acc: 0.3929
2025-06-24 00:39:14,831 [INFO] New best model at epoch 35 (Val Acc: 0.3929)
2025-06-24 00:39:15,158 [INFO] Epoch 036 | Train Loss: 2.5815 | Val Loss: 2.1934 | Val Acc: 0.3571
2025-06-24 00:39:15,523 [INFO] Epoch 037 | Train Loss: 1.4989 | Val Loss: 2.9009 | Val Acc: 0.3750
2025-06-24 00:39:15,896 [INFO] Epoch 038 | Train Loss: 1.6326 | Val Loss: 8.1242 | Val Acc: 0.3929
2025-06-24 00:39:16,239 [INFO] Epoch 039 | Train Loss: 2.9188 | Val Loss: 10.3400 | Val Acc: 0.3214
2025-06-24 00:39:16,594 [INFO] Epoch 040 | Train Loss: 3.6854 | Val Loss: 3.4025 | Val Acc: 0.3036
2025-06-24 00:39:31,164 [INFO] Epoch 041 | Train Loss: 2.5039 | Val Loss: 10.7482 | Val Acc: 0.3571
2025-06-24 00:39:31,643 [INFO] Epoch 042 | Train Loss: 4.1742 | Val Loss: 11.0569 | Val Acc: 0.3036
2025-06-24 00:39:32,019 [INFO] Epoch 043 | Train Loss: 2.3560 | Val Loss: 4.1304 | Val Acc: 0.3571
2025-06-24 00:39:32,596 [INFO] Epoch 044 | Train Loss: 1.7137 | Val Loss: 2.5117 | Val Acc: 0.3393
2025-06-24 00:39:32,993 [INFO] Epoch 045 | Train Loss: 1.6320 | Val Loss: 1.7150 | Val Acc: 0.4107
2025-06-24 00:39:33,054 [INFO] New best model at epoch 45 (Val Acc: 0.4107)
2025-06-24 00:39:33,415 [INFO] Epoch 046 | Train Loss: 1.9623 | Val Loss: 1.3545 | Val Acc: 0.3571
2025-06-24 00:39:33,918 [INFO] Epoch 047 | Train Loss: 1.7435 | Val Loss: 6.3669 | Val Acc: 0.3571
2025-06-24 00:39:34,403 [INFO] Epoch 048 | Train Loss: 3.4691 | Val Loss: 1.6111 | Val Acc: 0.4107
2025-06-24 00:39:34,893 [INFO] Epoch 049 | Train Loss: 4.7479 | Val Loss: 6.0087 | Val Acc: 0.3214
2025-06-24 00:39:35,344 [INFO] Epoch 050 | Train Loss: 2.3754 | Val Loss: 28.4867 | Val Acc: 0.3929
2025-06-24 00:39:38,626 [INFO] Best model saved to <built-in function time>/ENZYMES/best/best_source_gin.pth (Val Acc: 0.4107 at epoch 45)
2025-06-24 00:39:38,628 [INFO] Training/validation metrics saved to <built-in function time>/ENZYMES/GIN_0.01/train_metrics.csv
2025-06-24 00:39:42,017 [INFO] Final training curves saved
2025-06-24 00:39:42,018 [INFO] Training completed!
2025-06-24 00:39:42,018 [INFO] Best validation accuracy: 0.4107
2025-06-24 00:39:42,018 [INFO] Best epoch: 45
2025-06-24 00:39:42,018 [INFO] Total epochs trained: 50
2025-06-24 00:39:42,021 [INFO] Starting training with parameters: (0.01, 0.4, 256, 4, 50, 0.001)
