2025-06-22 00:11:40,556 [INFO] Using device: cpu
2025-06-22 00:11:40,556 [INFO] 开始创建数据加载器...
2025-06-22 00:11:40,557 [INFO] Successfully loaded dataset ENZYMES from ./data, total graphs: 600
2025-06-22 00:11:40,557 [INFO] Class allocation analysis:
2025-06-22 00:11:40,557 [INFO]   Source classes: [0, 1, 2, 3]
2025-06-22 00:11:40,557 [INFO]   Target classes: [0, 1, 2, 3, 4, 5]
2025-06-22 00:11:40,557 [INFO]   Overlap classes (to be split): [0, 1, 2, 3]
2025-06-22 00:11:40,557 [INFO]   Target novel classes (unknown): [4, 5]
2025-06-22 00:11:40,570 [INFO]   Class 0: 100 total -> Source: 70, Target: 30
2025-06-22 00:11:40,571 [INFO]   Class 1: 100 total -> Source: 70, Target: 30
2025-06-22 00:11:40,571 [INFO]   Class 2: 100 total -> Source: 70, Target: 30
2025-06-22 00:11:40,571 [INFO]   Class 3: 100 total -> Source: 70, Target: 30
2025-06-22 00:11:40,571 [INFO]   Class 4 (novel/unknown): 100 samples -> Target
2025-06-22 00:11:40,571 [INFO]   Class 5 (novel/unknown): 100 samples -> Target
2025-06-22 00:11:40,571 [INFO] Final allocation:
2025-06-22 00:11:40,571 [INFO]   Source domain: 280 samples
2025-06-22 00:11:40,571 [INFO]   Target domain: 320 samples
2025-06-22 00:11:40,572 [INFO] Source domain setup:
2025-06-22 00:11:40,572 [INFO]   Original classes: [0, 1, 2, 3]
2025-06-22 00:11:40,572 [INFO]   Overlap classes used: [0, 1, 2, 3]
2025-06-22 00:11:40,572 [INFO]   Label mapping: {0: 0, 1: 1, 2: 2, 3: 3}
2025-06-22 00:11:40,572 [INFO]   Total data after allocation: 280
2025-06-22 00:11:40,572 [INFO]   Data split - Train: 224, Val: 56
2025-06-22 00:11:40,572 [INFO]   Train label distribution: {0: 56, 1: 56, 3: 56, 2: 56}
2025-06-22 00:11:40,572 [INFO]   Val label distribution: {1: 14, 2: 14, 0: 14, 3: 14}
2025-06-22 00:11:40,574 [INFO] Successfully loaded dataset ENZYMES from ./data, total graphs: 600
2025-06-22 00:11:40,574 [INFO] Class allocation analysis:
2025-06-22 00:11:40,574 [INFO]   Source classes: [0, 1, 2, 3]
2025-06-22 00:11:40,574 [INFO]   Target classes: [0, 1, 2, 3, 4, 5]
2025-06-22 00:11:40,574 [INFO]   Overlap classes (to be split): [0, 1, 2, 3]
2025-06-22 00:11:40,574 [INFO]   Target novel classes (unknown): [4, 5]
2025-06-22 00:11:40,587 [INFO]   Class 0: 100 total -> Source: 70, Target: 30
2025-06-22 00:11:40,587 [INFO]   Class 1: 100 total -> Source: 70, Target: 30
2025-06-22 00:11:40,587 [INFO]   Class 2: 100 total -> Source: 70, Target: 30
2025-06-22 00:11:40,588 [INFO]   Class 3: 100 total -> Source: 70, Target: 30
2025-06-22 00:11:40,588 [INFO]   Class 4 (novel/unknown): 100 samples -> Target
2025-06-22 00:11:40,588 [INFO]   Class 5 (novel/unknown): 100 samples -> Target
2025-06-22 00:11:40,588 [INFO] Final allocation:
2025-06-22 00:11:40,588 [INFO]   Source domain: 280 samples
2025-06-22 00:11:40,588 [INFO]   Target domain: 320 samples
2025-06-22 00:11:40,589 [INFO] Target domain setup:
2025-06-22 00:11:40,589 [INFO]   Original classes: [0, 1, 2, 3, 4, 5]
2025-06-22 00:11:40,589 [INFO]   Overlap classes: [0, 1, 2, 3]
2025-06-22 00:11:40,589 [INFO]   Novel classes: [4, 5] -> mapped to unknown label 4
2025-06-22 00:11:40,589 [INFO]   Label mapping: {0: 0, 1: 1, 2: 2, 3: 3, 4: 4, 5: 4}
2025-06-22 00:11:40,589 [INFO]   Total data after allocation: 320
2025-06-22 00:11:40,589 [INFO]   Data split - Train: 256, Val: 64
2025-06-22 00:11:40,589 [INFO]   Total count: 320 (known: 120, unknown: 200)
2025-06-22 00:11:40,589 [INFO]   Total label distribution: {4: 200, 3: 30, 0: 30, 1: 30, 2: 30}
2025-06-22 00:11:40,589 [INFO]   Train label distribution: {4: 160, 0: 24, 2: 24, 3: 24, 1: 24}
2025-06-22 00:11:40,589 [INFO]   Val label distribution: {1: 6, 4: 40, 3: 6, 0: 6, 2: 6}
2025-06-22 00:11:40,590 [INFO] 数据加载器创建完成!
2025-06-22 00:11:40,590 [INFO] 源域类别数: 4 (重叠类别)
2025-06-22 00:11:40,590 [INFO] 目标域类别数: 5 (4个重叠类别 + 1个未知类别)
2025-06-22 00:11:40,590 [INFO] 重叠类别: [0, 1, 2, 3]
2025-06-22 00:11:40,590 [INFO] 目标域新类别: [4, 5]
2025-06-22 00:11:40,590 [INFO] Data allocation verification:
2025-06-22 00:11:40,590 [INFO]   Source data samples: 280
2025-06-22 00:11:40,590 [INFO]   Target data samples: 320
2025-06-22 00:11:40,590 [INFO]   Overlapping samples: 0
2025-06-22 00:11:40,590 [INFO]   ✓ Data allocation is correct - no overlapping samples
2025-06-22 00:11:40,592 [INFO] Model initialized with 8164 parameters
2025-06-22 00:11:40,592 [INFO] Previous best validation accuracy read from record.txt: 0.6250
2025-06-22 00:11:40,592 [INFO] Starting training...
2025-06-22 00:11:40,655 [INFO] Epoch 001 | Train Loss: 9.6774 | Val Loss: 1.6828 | Val Acc: 0.2500
2025-06-22 00:11:41,084 [INFO] New best model at epoch 1 (Val Acc: 0.2500)
2025-06-22 00:11:41,110 [INFO] Epoch 002 | Train Loss: 6.6452 | Val Loss: 1.8266 | Val Acc: 0.2500
2025-06-22 00:11:41,137 [INFO] Epoch 003 | Train Loss: 5.1472 | Val Loss: 2.1168 | Val Acc: 0.2500
2025-06-22 00:11:41,163 [INFO] Epoch 004 | Train Loss: 4.3462 | Val Loss: 2.2772 | Val Acc: 0.2321
2025-06-22 00:11:41,188 [INFO] Epoch 005 | Train Loss: 3.5160 | Val Loss: 2.5241 | Val Acc: 0.2321
2025-06-22 00:11:41,214 [INFO] Epoch 006 | Train Loss: 3.1506 | Val Loss: 2.4644 | Val Acc: 0.2857
2025-06-22 00:11:41,218 [INFO] New best model at epoch 6 (Val Acc: 0.2857)
2025-06-22 00:11:41,241 [INFO] Epoch 007 | Train Loss: 3.4191 | Val Loss: 2.2944 | Val Acc: 0.2679
2025-06-22 00:11:41,267 [INFO] Epoch 008 | Train Loss: 2.9297 | Val Loss: 2.4308 | Val Acc: 0.2679
2025-06-22 00:11:41,292 [INFO] Epoch 009 | Train Loss: 2.7742 | Val Loss: 2.4510 | Val Acc: 0.3393
2025-06-22 00:11:41,296 [INFO] New best model at epoch 9 (Val Acc: 0.3393)
2025-06-22 00:11:41,320 [INFO] Epoch 010 | Train Loss: 2.4453 | Val Loss: 2.9461 | Val Acc: 0.3214
2025-06-22 00:11:41,769 [INFO] Epoch 011 | Train Loss: 2.4370 | Val Loss: 2.8744 | Val Acc: 0.3214
2025-06-22 00:11:41,856 [INFO] Epoch 012 | Train Loss: 2.6561 | Val Loss: 2.7007 | Val Acc: 0.3214
2025-06-22 00:11:41,885 [INFO] Epoch 013 | Train Loss: 2.3600 | Val Loss: 2.6094 | Val Acc: 0.3393
2025-06-22 00:11:41,911 [INFO] Epoch 014 | Train Loss: 2.3320 | Val Loss: 2.6421 | Val Acc: 0.4464
2025-06-22 00:11:41,915 [INFO] New best model at epoch 14 (Val Acc: 0.4464)
2025-06-22 00:11:41,938 [INFO] Epoch 015 | Train Loss: 2.1528 | Val Loss: 3.0702 | Val Acc: 0.4286
2025-06-22 00:11:41,964 [INFO] Epoch 016 | Train Loss: 2.4672 | Val Loss: 2.3753 | Val Acc: 0.3393
2025-06-22 00:11:41,991 [INFO] Epoch 017 | Train Loss: 2.0020 | Val Loss: 2.0421 | Val Acc: 0.2679
2025-06-22 00:11:42,016 [INFO] Epoch 018 | Train Loss: 2.1706 | Val Loss: 2.1225 | Val Acc: 0.3393
2025-06-22 00:11:42,041 [INFO] Epoch 019 | Train Loss: 2.4195 | Val Loss: 2.2252 | Val Acc: 0.4107
2025-06-22 00:11:42,067 [INFO] Epoch 020 | Train Loss: 2.1327 | Val Loss: 2.0504 | Val Acc: 0.3929
2025-06-22 00:11:42,475 [INFO] Epoch 021 | Train Loss: 2.1319 | Val Loss: 1.8963 | Val Acc: 0.3929
2025-06-22 00:11:42,500 [INFO] Epoch 022 | Train Loss: 2.2255 | Val Loss: 1.9517 | Val Acc: 0.4107
2025-06-22 00:11:42,525 [INFO] Epoch 023 | Train Loss: 1.9864 | Val Loss: 2.2571 | Val Acc: 0.4464
2025-06-22 00:11:42,550 [INFO] Epoch 024 | Train Loss: 2.0876 | Val Loss: 2.1540 | Val Acc: 0.4107
2025-06-22 00:11:42,575 [INFO] Epoch 025 | Train Loss: 1.7210 | Val Loss: 2.2835 | Val Acc: 0.3929
2025-06-22 00:11:42,600 [INFO] Epoch 026 | Train Loss: 1.6673 | Val Loss: 2.1603 | Val Acc: 0.3929
2025-06-22 00:11:42,626 [INFO] Epoch 027 | Train Loss: 1.7855 | Val Loss: 2.2313 | Val Acc: 0.4286
2025-06-22 00:11:42,651 [INFO] Epoch 028 | Train Loss: 1.7527 | Val Loss: 1.9689 | Val Acc: 0.4464
2025-06-22 00:11:42,678 [INFO] Epoch 029 | Train Loss: 1.8211 | Val Loss: 1.9144 | Val Acc: 0.4464
2025-06-22 00:11:42,703 [INFO] Epoch 030 | Train Loss: 1.8820 | Val Loss: 1.7662 | Val Acc: 0.3929
2025-06-22 00:11:43,132 [INFO] Epoch 031 | Train Loss: 1.5698 | Val Loss: 1.5683 | Val Acc: 0.4107
2025-06-22 00:11:43,157 [INFO] Epoch 032 | Train Loss: 1.7376 | Val Loss: 1.6477 | Val Acc: 0.4107
2025-06-22 00:11:43,186 [INFO] Epoch 033 | Train Loss: 1.4918 | Val Loss: 1.8531 | Val Acc: 0.4464
2025-06-22 00:11:43,216 [INFO] Epoch 034 | Train Loss: 1.5192 | Val Loss: 1.7826 | Val Acc: 0.4286
2025-06-22 00:11:43,243 [INFO] Epoch 035 | Train Loss: 1.5360 | Val Loss: 1.6070 | Val Acc: 0.4643
2025-06-22 00:11:43,247 [INFO] New best model at epoch 35 (Val Acc: 0.4643)
2025-06-22 00:11:43,276 [INFO] Epoch 036 | Train Loss: 1.6879 | Val Loss: 1.5903 | Val Acc: 0.4286
2025-06-22 00:11:43,306 [INFO] Epoch 037 | Train Loss: 1.4627 | Val Loss: 1.7003 | Val Acc: 0.3750
2025-06-22 00:11:43,334 [INFO] Epoch 038 | Train Loss: 1.7752 | Val Loss: 1.7966 | Val Acc: 0.3929
2025-06-22 00:11:43,366 [INFO] Epoch 039 | Train Loss: 1.5585 | Val Loss: 1.9671 | Val Acc: 0.3929
2025-06-22 00:11:43,401 [INFO] Epoch 040 | Train Loss: 1.5214 | Val Loss: 1.9573 | Val Acc: 0.3214
2025-06-22 00:11:44,097 [INFO] Epoch 041 | Train Loss: 1.8246 | Val Loss: 1.6557 | Val Acc: 0.3571
2025-06-22 00:11:44,124 [INFO] Epoch 042 | Train Loss: 1.3829 | Val Loss: 1.5581 | Val Acc: 0.3929
2025-06-22 00:11:44,155 [INFO] Epoch 043 | Train Loss: 1.6908 | Val Loss: 1.5932 | Val Acc: 0.4464
2025-06-22 00:11:44,182 [INFO] Epoch 044 | Train Loss: 1.5409 | Val Loss: 1.8079 | Val Acc: 0.4464
2025-06-22 00:11:44,208 [INFO] Epoch 045 | Train Loss: 1.7346 | Val Loss: 2.0162 | Val Acc: 0.3929
2025-06-22 00:11:44,233 [INFO] Epoch 046 | Train Loss: 1.5974 | Val Loss: 2.0256 | Val Acc: 0.3214
2025-06-22 00:11:44,263 [INFO] Epoch 047 | Train Loss: 1.4834 | Val Loss: 1.9999 | Val Acc: 0.3571
2025-06-22 00:11:44,289 [INFO] Epoch 048 | Train Loss: 1.7171 | Val Loss: 1.9902 | Val Acc: 0.3571
2025-06-22 00:11:44,315 [INFO] Epoch 049 | Train Loss: 1.3469 | Val Loss: 1.8838 | Val Acc: 0.3214
2025-06-22 00:11:44,341 [INFO] Epoch 050 | Train Loss: 1.4163 | Val Loss: 1.5287 | Val Acc: 0.3214
2025-06-22 00:11:44,775 [INFO] Best model saved to <built-in function time>/ENZYMES/best/best_source_gin.pth (Val Acc: 0.4643 at epoch 35)
2025-06-22 00:11:44,776 [INFO] Training/validation metrics saved to <built-in function time>/ENZYMES/GIN_0.001/train_metrics.csv
2025-06-22 00:11:45,137 [INFO] Final training curves saved
2025-06-22 00:11:45,137 [INFO] Training completed!
2025-06-22 00:11:45,137 [INFO] Best validation accuracy: 0.4643
2025-06-22 00:11:45,137 [INFO] Best epoch: 35
2025-06-22 00:11:45,137 [INFO] Total epochs trained: 50
2025-06-22 00:11:45,138 [INFO] Starting training with parameters: (0.001, 0.1, 32, 4, 100, 0.0)
