2025-06-22 07:09:31,386 [INFO] Using device: cpu
2025-06-22 07:09:31,386 [INFO] 开始创建数据加载器...
2025-06-22 07:09:31,388 [INFO] Successfully loaded dataset ENZYMES from ./data, total graphs: 600
2025-06-22 07:09:31,388 [INFO] Class allocation analysis:
2025-06-22 07:09:31,389 [INFO]   Source classes: [0, 1, 2, 3]
2025-06-22 07:09:31,389 [INFO]   Target classes: [0, 1, 2, 3, 4, 5]
2025-06-22 07:09:31,389 [INFO]   Overlap classes (to be split): [0, 1, 2, 3]
2025-06-22 07:09:31,389 [INFO]   Target novel classes (unknown): [4, 5]
2025-06-22 07:09:31,402 [INFO]   Class 0: 100 total -> Source: 70, Target: 30
2025-06-22 07:09:31,402 [INFO]   Class 1: 100 total -> Source: 70, Target: 30
2025-06-22 07:09:31,402 [INFO]   Class 2: 100 total -> Source: 70, Target: 30
2025-06-22 07:09:31,402 [INFO]   Class 3: 100 total -> Source: 70, Target: 30
2025-06-22 07:09:31,402 [INFO]   Class 4 (novel/unknown): 100 samples -> Target
2025-06-22 07:09:31,403 [INFO]   Class 5 (novel/unknown): 100 samples -> Target
2025-06-22 07:09:31,403 [INFO] Final allocation:
2025-06-22 07:09:31,403 [INFO]   Source domain: 280 samples
2025-06-22 07:09:31,403 [INFO]   Target domain: 320 samples
2025-06-22 07:09:31,404 [INFO] Source domain setup:
2025-06-22 07:09:31,404 [INFO]   Original classes: [0, 1, 2, 3]
2025-06-22 07:09:31,404 [INFO]   Overlap classes used: [0, 1, 2, 3]
2025-06-22 07:09:31,404 [INFO]   Label mapping: {0: 0, 1: 1, 2: 2, 3: 3}
2025-06-22 07:09:31,404 [INFO]   Total data after allocation: 280
2025-06-22 07:09:31,404 [INFO]   Data split - Train: 224, Val: 56
2025-06-22 07:09:31,404 [INFO]   Train label distribution: {0: 56, 1: 56, 3: 56, 2: 56}
2025-06-22 07:09:31,404 [INFO]   Val label distribution: {1: 14, 2: 14, 0: 14, 3: 14}
2025-06-22 07:09:31,405 [INFO] Successfully loaded dataset ENZYMES from ./data, total graphs: 600
2025-06-22 07:09:31,405 [INFO] Class allocation analysis:
2025-06-22 07:09:31,406 [INFO]   Source classes: [0, 1, 2, 3]
2025-06-22 07:09:31,406 [INFO]   Target classes: [0, 1, 2, 3, 4, 5]
2025-06-22 07:09:31,406 [INFO]   Overlap classes (to be split): [0, 1, 2, 3]
2025-06-22 07:09:31,406 [INFO]   Target novel classes (unknown): [4, 5]
2025-06-22 07:09:31,419 [INFO]   Class 0: 100 total -> Source: 70, Target: 30
2025-06-22 07:09:31,419 [INFO]   Class 1: 100 total -> Source: 70, Target: 30
2025-06-22 07:09:31,419 [INFO]   Class 2: 100 total -> Source: 70, Target: 30
2025-06-22 07:09:31,419 [INFO]   Class 3: 100 total -> Source: 70, Target: 30
2025-06-22 07:09:31,419 [INFO]   Class 4 (novel/unknown): 100 samples -> Target
2025-06-22 07:09:31,419 [INFO]   Class 5 (novel/unknown): 100 samples -> Target
2025-06-22 07:09:31,419 [INFO] Final allocation:
2025-06-22 07:09:31,419 [INFO]   Source domain: 280 samples
2025-06-22 07:09:31,419 [INFO]   Target domain: 320 samples
2025-06-22 07:09:31,421 [INFO] Target domain setup:
2025-06-22 07:09:31,421 [INFO]   Original classes: [0, 1, 2, 3, 4, 5]
2025-06-22 07:09:31,421 [INFO]   Overlap classes: [0, 1, 2, 3]
2025-06-22 07:09:31,421 [INFO]   Novel classes: [4, 5] -> mapped to unknown label 4
2025-06-22 07:09:31,421 [INFO]   Label mapping: {0: 0, 1: 1, 2: 2, 3: 3, 4: 4, 5: 4}
2025-06-22 07:09:31,421 [INFO]   Total data after allocation: 320
2025-06-22 07:09:31,421 [INFO]   Data split - Train: 256, Val: 64
2025-06-22 07:09:31,421 [INFO]   Total count: 320 (known: 120, unknown: 200)
2025-06-22 07:09:31,421 [INFO]   Total label distribution: {4: 200, 3: 30, 0: 30, 1: 30, 2: 30}
2025-06-22 07:09:31,421 [INFO]   Train label distribution: {4: 160, 0: 24, 2: 24, 3: 24, 1: 24}
2025-06-22 07:09:31,421 [INFO]   Val label distribution: {1: 6, 4: 40, 3: 6, 0: 6, 2: 6}
2025-06-22 07:09:31,421 [INFO] 数据加载器创建完成!
2025-06-22 07:09:31,421 [INFO] 源域类别数: 4 (重叠类别)
2025-06-22 07:09:31,421 [INFO] 目标域类别数: 5 (4个重叠类别 + 1个未知类别)
2025-06-22 07:09:31,421 [INFO] 重叠类别: [0, 1, 2, 3]
2025-06-22 07:09:31,421 [INFO] 目标域新类别: [4, 5]
2025-06-22 07:09:31,421 [INFO] Data allocation verification:
2025-06-22 07:09:31,421 [INFO]   Source data samples: 280
2025-06-22 07:09:31,421 [INFO]   Target data samples: 320
2025-06-22 07:09:31,421 [INFO]   Overlapping samples: 0
2025-06-22 07:09:31,422 [INFO]   ✓ Data allocation is correct - no overlapping samples
2025-06-22 07:09:31,422 [INFO] Model initialized with 18052 parameters
2025-06-22 07:09:31,423 [INFO] Previous best validation accuracy read from record.txt: 0.6250
2025-06-22 07:09:31,423 [INFO] Starting training...
2025-06-22 07:09:31,436 [INFO] Epoch 001 | Train Loss: 11.4885 | Val Loss: 4.1871 | Val Acc: 0.3214
2025-06-22 07:09:32,138 [INFO] New best model at epoch 1 (Val Acc: 0.3214)
2025-06-22 07:09:32,151 [INFO] Epoch 002 | Train Loss: 6.9536 | Val Loss: 2.7152 | Val Acc: 0.3393
2025-06-22 07:09:32,153 [INFO] New best model at epoch 2 (Val Acc: 0.3393)
2025-06-22 07:09:32,164 [INFO] Epoch 003 | Train Loss: 7.4801 | Val Loss: 2.3700 | Val Acc: 0.2857
2025-06-22 07:09:32,179 [INFO] Epoch 004 | Train Loss: 6.5338 | Val Loss: 2.1319 | Val Acc: 0.4464
2025-06-22 07:09:32,181 [INFO] New best model at epoch 4 (Val Acc: 0.4464)
2025-06-22 07:09:32,195 [INFO] Epoch 005 | Train Loss: 5.8288 | Val Loss: 2.3322 | Val Acc: 0.3036
2025-06-22 07:09:32,216 [INFO] Epoch 006 | Train Loss: 5.3611 | Val Loss: 2.6701 | Val Acc: 0.2857
2025-06-22 07:09:32,254 [INFO] Epoch 007 | Train Loss: 6.0634 | Val Loss: 3.0692 | Val Acc: 0.4107
2025-06-22 07:09:32,265 [INFO] Epoch 008 | Train Loss: 5.6085 | Val Loss: 2.6542 | Val Acc: 0.4286
2025-06-22 07:09:32,276 [INFO] Epoch 009 | Train Loss: 5.2178 | Val Loss: 2.4054 | Val Acc: 0.3571
2025-06-22 07:09:32,286 [INFO] Epoch 010 | Train Loss: 5.1402 | Val Loss: 2.6385 | Val Acc: 0.3036
2025-06-22 07:09:32,959 [INFO] Epoch 011 | Train Loss: 5.3100 | Val Loss: 2.2474 | Val Acc: 0.3393
2025-06-22 07:09:32,972 [INFO] Epoch 012 | Train Loss: 4.8379 | Val Loss: 2.2904 | Val Acc: 0.3929
2025-06-22 07:09:32,988 [INFO] Epoch 013 | Train Loss: 5.3794 | Val Loss: 3.5213 | Val Acc: 0.3571
2025-06-22 07:09:33,001 [INFO] Epoch 014 | Train Loss: 5.6282 | Val Loss: 2.6682 | Val Acc: 0.3750
2025-06-22 07:09:33,015 [INFO] Epoch 015 | Train Loss: 4.3907 | Val Loss: 2.5999 | Val Acc: 0.3929
2025-06-22 07:09:33,036 [INFO] Epoch 016 | Train Loss: 4.5155 | Val Loss: 2.1917 | Val Acc: 0.4464
2025-06-22 07:09:33,047 [INFO] Epoch 017 | Train Loss: 4.1484 | Val Loss: 2.0704 | Val Acc: 0.4107
2025-06-22 07:09:33,057 [INFO] Epoch 018 | Train Loss: 3.5914 | Val Loss: 2.3232 | Val Acc: 0.3929
2025-06-22 07:09:33,071 [INFO] Epoch 019 | Train Loss: 3.3235 | Val Loss: 2.0675 | Val Acc: 0.4643
2025-06-22 07:09:33,073 [INFO] New best model at epoch 19 (Val Acc: 0.4643)
2025-06-22 07:09:33,084 [INFO] Epoch 020 | Train Loss: 3.5667 | Val Loss: 2.2608 | Val Acc: 0.3571
2025-06-22 07:09:33,747 [INFO] Epoch 021 | Train Loss: 3.6421 | Val Loss: 2.4754 | Val Acc: 0.3750
2025-06-22 07:09:33,758 [INFO] Epoch 022 | Train Loss: 3.4037 | Val Loss: 2.7950 | Val Acc: 0.3929
2025-06-22 07:09:33,772 [INFO] Epoch 023 | Train Loss: 3.3378 | Val Loss: 2.5945 | Val Acc: 0.3929
2025-06-22 07:09:33,787 [INFO] Epoch 024 | Train Loss: 3.7855 | Val Loss: 2.3991 | Val Acc: 0.3036
2025-06-22 07:09:33,804 [INFO] Epoch 025 | Train Loss: 3.3112 | Val Loss: 2.1633 | Val Acc: 0.3393
2025-06-22 07:09:33,818 [INFO] Epoch 026 | Train Loss: 3.5997 | Val Loss: 1.9913 | Val Acc: 0.3929
2025-06-22 07:09:33,835 [INFO] Epoch 027 | Train Loss: 3.0838 | Val Loss: 2.3649 | Val Acc: 0.3393
2025-06-22 07:09:33,847 [INFO] Epoch 028 | Train Loss: 2.9569 | Val Loss: 2.2851 | Val Acc: 0.3929
2025-06-22 07:09:33,858 [INFO] Epoch 029 | Train Loss: 3.2930 | Val Loss: 2.2415 | Val Acc: 0.3393
2025-06-22 07:09:33,880 [INFO] Epoch 030 | Train Loss: 2.7673 | Val Loss: 2.0371 | Val Acc: 0.3571
2025-06-22 07:09:34,589 [INFO] Epoch 031 | Train Loss: 2.7554 | Val Loss: 1.7935 | Val Acc: 0.4821
2025-06-22 07:09:34,590 [INFO] New best model at epoch 31 (Val Acc: 0.4821)
2025-06-22 07:09:34,600 [INFO] Epoch 032 | Train Loss: 2.7516 | Val Loss: 1.7673 | Val Acc: 0.3571
2025-06-22 07:09:34,610 [INFO] Epoch 033 | Train Loss: 2.9901 | Val Loss: 1.8392 | Val Acc: 0.2679
2025-06-22 07:09:34,621 [INFO] Epoch 034 | Train Loss: 2.4840 | Val Loss: 1.9068 | Val Acc: 0.3571
2025-06-22 07:09:34,636 [INFO] Epoch 035 | Train Loss: 2.0860 | Val Loss: 1.9436 | Val Acc: 0.3929
2025-06-22 07:09:34,649 [INFO] Epoch 036 | Train Loss: 2.3980 | Val Loss: 1.8479 | Val Acc: 0.3393
2025-06-22 07:09:34,676 [INFO] Epoch 037 | Train Loss: 2.5248 | Val Loss: 1.7830 | Val Acc: 0.3393
2025-06-22 07:09:34,694 [INFO] Epoch 038 | Train Loss: 2.4399 | Val Loss: 1.7813 | Val Acc: 0.3750
2025-06-22 07:09:34,706 [INFO] Epoch 039 | Train Loss: 2.2316 | Val Loss: 1.6864 | Val Acc: 0.2679
2025-06-22 07:09:34,717 [INFO] Epoch 040 | Train Loss: 2.1708 | Val Loss: 1.7637 | Val Acc: 0.3214
2025-06-22 07:09:35,767 [INFO] Epoch 041 | Train Loss: 1.9983 | Val Loss: 1.7679 | Val Acc: 0.3036
2025-06-22 07:09:35,779 [INFO] Epoch 042 | Train Loss: 2.0385 | Val Loss: 1.7616 | Val Acc: 0.3393
2025-06-22 07:09:35,793 [INFO] Epoch 043 | Train Loss: 1.9991 | Val Loss: 1.5914 | Val Acc: 0.3571
2025-06-22 07:09:35,807 [INFO] Epoch 044 | Train Loss: 1.8765 | Val Loss: 1.5478 | Val Acc: 0.4107
2025-06-22 07:09:35,820 [INFO] Epoch 045 | Train Loss: 1.9080 | Val Loss: 1.4390 | Val Acc: 0.4286
2025-06-22 07:09:35,832 [INFO] Epoch 046 | Train Loss: 1.8777 | Val Loss: 1.5538 | Val Acc: 0.3750
2025-06-22 07:09:35,848 [INFO] Epoch 047 | Train Loss: 2.0128 | Val Loss: 1.4606 | Val Acc: 0.4107
2025-06-22 07:09:35,863 [INFO] Epoch 048 | Train Loss: 1.6850 | Val Loss: 1.4849 | Val Acc: 0.3929
2025-06-22 07:09:35,874 [INFO] Epoch 049 | Train Loss: 1.6519 | Val Loss: 1.5355 | Val Acc: 0.4107
2025-06-22 07:09:35,896 [INFO] Epoch 050 | Train Loss: 1.7058 | Val Loss: 1.4945 | Val Acc: 0.4107
2025-06-22 07:09:36,567 [INFO] Epoch 051 | Train Loss: 1.8970 | Val Loss: 1.4519 | Val Acc: 0.4821
2025-06-22 07:09:36,578 [INFO] Epoch 052 | Train Loss: 1.6790 | Val Loss: 1.4288 | Val Acc: 0.4107
2025-06-22 07:09:36,591 [INFO] Epoch 053 | Train Loss: 1.8132 | Val Loss: 1.3885 | Val Acc: 0.4464
2025-06-22 07:09:36,608 [INFO] Epoch 054 | Train Loss: 1.4640 | Val Loss: 1.3750 | Val Acc: 0.4286
2025-06-22 07:09:36,625 [INFO] Epoch 055 | Train Loss: 1.4287 | Val Loss: 1.4418 | Val Acc: 0.3750
2025-06-22 07:09:36,639 [INFO] Epoch 056 | Train Loss: 1.5196 | Val Loss: 1.4793 | Val Acc: 0.3393
2025-06-22 07:09:36,656 [INFO] Epoch 057 | Train Loss: 1.5849 | Val Loss: 1.4226 | Val Acc: 0.3571
2025-06-22 07:09:36,670 [INFO] Epoch 058 | Train Loss: 1.3991 | Val Loss: 1.4768 | Val Acc: 0.3750
2025-06-22 07:09:36,722 [INFO] Epoch 059 | Train Loss: 1.5083 | Val Loss: 1.4720 | Val Acc: 0.4107
2025-06-22 07:09:36,737 [INFO] Epoch 060 | Train Loss: 1.4224 | Val Loss: 1.4782 | Val Acc: 0.3214
2025-06-22 07:09:38,945 [INFO] Epoch 061 | Train Loss: 1.5358 | Val Loss: 1.3834 | Val Acc: 0.4286
2025-06-22 07:09:38,958 [INFO] Epoch 062 | Train Loss: 1.3088 | Val Loss: 1.3411 | Val Acc: 0.4643
2025-06-22 07:09:38,970 [INFO] Epoch 063 | Train Loss: 1.4692 | Val Loss: 1.3427 | Val Acc: 0.4107
2025-06-22 07:09:38,983 [INFO] Epoch 064 | Train Loss: 1.5346 | Val Loss: 1.3361 | Val Acc: 0.4286
2025-06-22 07:09:39,000 [INFO] Epoch 065 | Train Loss: 1.4632 | Val Loss: 1.3824 | Val Acc: 0.3214
2025-06-22 07:09:39,032 [INFO] Epoch 066 | Train Loss: 1.3677 | Val Loss: 1.3540 | Val Acc: 0.3571
2025-06-22 07:09:39,049 [INFO] Epoch 067 | Train Loss: 1.4115 | Val Loss: 1.3382 | Val Acc: 0.3929
2025-06-22 07:09:39,060 [INFO] Epoch 068 | Train Loss: 1.4973 | Val Loss: 1.4322 | Val Acc: 0.3571
2025-06-22 07:09:39,071 [INFO] Epoch 069 | Train Loss: 1.5358 | Val Loss: 1.4551 | Val Acc: 0.3571
2025-06-22 07:09:39,082 [INFO] Epoch 070 | Train Loss: 1.5207 | Val Loss: 1.4941 | Val Acc: 0.2500
2025-06-22 07:09:39,855 [INFO] Epoch 071 | Train Loss: 1.4444 | Val Loss: 1.4278 | Val Acc: 0.3929
2025-06-22 07:09:39,866 [INFO] Epoch 072 | Train Loss: 1.6269 | Val Loss: 1.3380 | Val Acc: 0.3571
2025-06-22 07:09:39,877 [INFO] Epoch 073 | Train Loss: 1.4157 | Val Loss: 1.2465 | Val Acc: 0.4464
2025-06-22 07:09:39,888 [INFO] Epoch 074 | Train Loss: 1.4363 | Val Loss: 1.2508 | Val Acc: 0.4286
2025-06-22 07:09:39,899 [INFO] Epoch 075 | Train Loss: 1.4504 | Val Loss: 1.3221 | Val Acc: 0.3750
2025-06-22 07:09:39,910 [INFO] Epoch 076 | Train Loss: 1.3596 | Val Loss: 1.3272 | Val Acc: 0.4107
2025-06-22 07:09:39,922 [INFO] Epoch 077 | Train Loss: 1.3257 | Val Loss: 1.3217 | Val Acc: 0.3929
2025-06-22 07:09:39,939 [INFO] Epoch 078 | Train Loss: 1.3697 | Val Loss: 1.3593 | Val Acc: 0.3750
2025-06-22 07:09:39,951 [INFO] Epoch 079 | Train Loss: 1.3101 | Val Loss: 1.2807 | Val Acc: 0.3929
2025-06-22 07:09:39,963 [INFO] Epoch 080 | Train Loss: 1.3556 | Val Loss: 1.2894 | Val Acc: 0.3750
2025-06-22 07:09:40,695 [INFO] Epoch 081 | Train Loss: 1.2687 | Val Loss: 1.2833 | Val Acc: 0.4286
2025-06-22 07:09:40,706 [INFO] Epoch 082 | Train Loss: 1.2735 | Val Loss: 1.2855 | Val Acc: 0.3750
2025-06-22 07:09:40,717 [INFO] Epoch 083 | Train Loss: 1.3437 | Val Loss: 1.3278 | Val Acc: 0.3571
2025-06-22 07:09:40,727 [INFO] Epoch 084 | Train Loss: 1.4210 | Val Loss: 1.3241 | Val Acc: 0.3750
2025-06-22 07:09:40,741 [INFO] Epoch 085 | Train Loss: 1.2869 | Val Loss: 1.3453 | Val Acc: 0.3929
2025-06-22 07:09:40,755 [INFO] Epoch 086 | Train Loss: 1.3573 | Val Loss: 1.3437 | Val Acc: 0.3750
2025-06-22 07:09:40,781 [INFO] Epoch 087 | Train Loss: 1.2578 | Val Loss: 1.3156 | Val Acc: 0.3750
2025-06-22 07:09:40,796 [INFO] Epoch 088 | Train Loss: 1.4402 | Val Loss: 1.3395 | Val Acc: 0.3571
2025-06-22 07:09:40,810 [INFO] Epoch 089 | Train Loss: 1.3206 | Val Loss: 1.3743 | Val Acc: 0.2679
2025-06-22 07:09:40,822 [INFO] Epoch 090 | Train Loss: 1.3107 | Val Loss: 1.2783 | Val Acc: 0.4107
2025-06-22 07:09:43,714 [INFO] Epoch 091 | Train Loss: 1.2771 | Val Loss: 1.2863 | Val Acc: 0.4107
2025-06-22 07:09:43,731 [INFO] Epoch 092 | Train Loss: 1.2676 | Val Loss: 1.3498 | Val Acc: 0.3750
2025-06-22 07:09:43,747 [INFO] Epoch 093 | Train Loss: 1.4136 | Val Loss: 1.3817 | Val Acc: 0.3571
2025-06-22 07:09:43,762 [INFO] Epoch 094 | Train Loss: 1.4942 | Val Loss: 1.3842 | Val Acc: 0.3036
2025-06-22 07:09:43,796 [INFO] Epoch 095 | Train Loss: 1.3890 | Val Loss: 1.3374 | Val Acc: 0.3750
2025-06-22 07:09:43,823 [INFO] Epoch 096 | Train Loss: 1.2972 | Val Loss: 1.3056 | Val Acc: 0.3393
2025-06-22 07:09:43,847 [INFO] Epoch 097 | Train Loss: 1.2782 | Val Loss: 1.2804 | Val Acc: 0.4464
2025-06-22 07:09:43,860 [INFO] Epoch 098 | Train Loss: 1.2710 | Val Loss: 1.3085 | Val Acc: 0.4286
2025-06-22 07:09:43,873 [INFO] Epoch 099 | Train Loss: 1.3809 | Val Loss: 1.3551 | Val Acc: 0.3393
2025-06-22 07:09:43,886 [INFO] Epoch 100 | Train Loss: 1.3411 | Val Loss: 1.3328 | Val Acc: 0.3750
2025-06-22 07:09:44,595 [INFO] Epoch 101 | Train Loss: 1.2732 | Val Loss: 1.3513 | Val Acc: 0.3571
2025-06-22 07:09:44,606 [INFO] Epoch 102 | Train Loss: 1.3024 | Val Loss: 1.3247 | Val Acc: 0.3571
2025-06-22 07:09:44,626 [INFO] Epoch 103 | Train Loss: 1.3590 | Val Loss: 1.3174 | Val Acc: 0.3929
2025-06-22 07:09:44,653 [INFO] Epoch 104 | Train Loss: 1.3343 | Val Loss: 1.3124 | Val Acc: 0.3750
2025-06-22 07:09:44,667 [INFO] Epoch 105 | Train Loss: 1.2999 | Val Loss: 1.2836 | Val Acc: 0.4643
2025-06-22 07:09:44,681 [INFO] Epoch 106 | Train Loss: 1.3728 | Val Loss: 1.2931 | Val Acc: 0.4107
2025-06-22 07:09:44,693 [INFO] Epoch 107 | Train Loss: 1.2790 | Val Loss: 1.3028 | Val Acc: 0.4107
2025-06-22 07:09:44,704 [INFO] Epoch 108 | Train Loss: 1.2537 | Val Loss: 1.3634 | Val Acc: 0.3214
2025-06-22 07:09:44,716 [INFO] Epoch 109 | Train Loss: 1.3316 | Val Loss: 1.3028 | Val Acc: 0.4107
2025-06-22 07:09:44,727 [INFO] Epoch 110 | Train Loss: 1.3539 | Val Loss: 1.3708 | Val Acc: 0.3393
2025-06-22 07:09:45,440 [INFO] Epoch 111 | Train Loss: 1.2917 | Val Loss: 1.3437 | Val Acc: 0.4286
2025-06-22 07:09:45,451 [INFO] Epoch 112 | Train Loss: 1.2310 | Val Loss: 1.3280 | Val Acc: 0.3929
2025-06-22 07:09:45,462 [INFO] Epoch 113 | Train Loss: 1.2960 | Val Loss: 1.3250 | Val Acc: 0.3393
2025-06-22 07:09:45,473 [INFO] Epoch 114 | Train Loss: 1.3046 | Val Loss: 1.3240 | Val Acc: 0.3929
2025-06-22 07:09:45,483 [INFO] Epoch 115 | Train Loss: 1.2634 | Val Loss: 1.3636 | Val Acc: 0.3571
2025-06-22 07:09:45,494 [INFO] Epoch 116 | Train Loss: 1.3028 | Val Loss: 1.3427 | Val Acc: 0.3571
2025-06-22 07:09:45,505 [INFO] Epoch 117 | Train Loss: 1.2190 | Val Loss: 1.3506 | Val Acc: 0.4107
2025-06-22 07:09:45,524 [INFO] Epoch 118 | Train Loss: 1.3773 | Val Loss: 1.3690 | Val Acc: 0.3571
2025-06-22 07:09:45,534 [INFO] Epoch 119 | Train Loss: 1.2817 | Val Loss: 1.3524 | Val Acc: 0.3750
2025-06-22 07:09:45,545 [INFO] Epoch 120 | Train Loss: 1.2504 | Val Loss: 1.3485 | Val Acc: 0.3929
2025-06-22 07:09:46,220 [INFO] Epoch 121 | Train Loss: 1.2587 | Val Loss: 1.3401 | Val Acc: 0.3929
2025-06-22 07:09:46,231 [INFO] Epoch 122 | Train Loss: 1.2026 | Val Loss: 1.3032 | Val Acc: 0.4464
2025-06-22 07:09:46,242 [INFO] Epoch 123 | Train Loss: 1.2382 | Val Loss: 1.3276 | Val Acc: 0.3929
2025-06-22 07:09:46,252 [INFO] Epoch 124 | Train Loss: 1.2718 | Val Loss: 1.4029 | Val Acc: 0.3571
2025-06-22 07:09:46,263 [INFO] Epoch 125 | Train Loss: 1.2978 | Val Loss: 1.3373 | Val Acc: 0.3750
2025-06-22 07:09:46,274 [INFO] Epoch 126 | Train Loss: 1.2861 | Val Loss: 1.3630 | Val Acc: 0.3750
2025-06-22 07:09:46,286 [INFO] Epoch 127 | Train Loss: 1.2346 | Val Loss: 1.3751 | Val Acc: 0.2857
2025-06-22 07:09:46,301 [INFO] Epoch 128 | Train Loss: 1.2441 | Val Loss: 1.3898 | Val Acc: 0.4107
2025-06-22 07:09:46,312 [INFO] Epoch 129 | Train Loss: 1.2726 | Val Loss: 1.3617 | Val Acc: 0.3571
2025-06-22 07:09:46,322 [INFO] Epoch 130 | Train Loss: 1.2580 | Val Loss: 1.3273 | Val Acc: 0.3929
2025-06-22 07:09:47,022 [INFO] Epoch 131 | Train Loss: 1.2777 | Val Loss: 1.3382 | Val Acc: 0.2857
2025-06-22 07:09:47,036 [INFO] Epoch 132 | Train Loss: 1.3178 | Val Loss: 1.3145 | Val Acc: 0.4286
2025-06-22 07:09:47,056 [INFO] Epoch 133 | Train Loss: 1.2542 | Val Loss: 1.3431 | Val Acc: 0.3393
2025-06-22 07:09:47,075 [INFO] Epoch 134 | Train Loss: 1.3787 | Val Loss: 1.3553 | Val Acc: 0.4107
2025-06-22 07:09:47,089 [INFO] Epoch 135 | Train Loss: 1.3914 | Val Loss: 1.3705 | Val Acc: 0.3214
2025-06-22 07:09:47,106 [INFO] Epoch 136 | Train Loss: 1.3608 | Val Loss: 1.3168 | Val Acc: 0.2857
2025-06-22 07:09:47,120 [INFO] Epoch 137 | Train Loss: 1.3894 | Val Loss: 1.3967 | Val Acc: 0.3929
2025-06-22 07:09:47,131 [INFO] Epoch 138 | Train Loss: 1.3630 | Val Loss: 1.2922 | Val Acc: 0.4107
2025-06-22 07:09:47,141 [INFO] Epoch 139 | Train Loss: 1.3096 | Val Loss: 1.3330 | Val Acc: 0.3214
2025-06-22 07:09:47,152 [INFO] Epoch 140 | Train Loss: 1.3092 | Val Loss: 1.3110 | Val Acc: 0.3929
2025-06-22 07:09:47,826 [INFO] Epoch 141 | Train Loss: 1.2064 | Val Loss: 1.3070 | Val Acc: 0.3571
2025-06-22 07:09:47,840 [INFO] Epoch 142 | Train Loss: 1.2709 | Val Loss: 1.3147 | Val Acc: 0.3750
2025-06-22 07:09:47,851 [INFO] Epoch 143 | Train Loss: 1.2956 | Val Loss: 1.2569 | Val Acc: 0.4464
2025-06-22 07:09:47,863 [INFO] Epoch 144 | Train Loss: 1.2860 | Val Loss: 1.2979 | Val Acc: 0.3393
2025-06-22 07:09:47,876 [INFO] Epoch 145 | Train Loss: 1.2446 | Val Loss: 1.3153 | Val Acc: 0.4286
2025-06-22 07:09:47,889 [INFO] Epoch 146 | Train Loss: 1.3265 | Val Loss: 1.2888 | Val Acc: 0.4464
2025-06-22 07:09:47,900 [INFO] Epoch 147 | Train Loss: 1.3273 | Val Loss: 1.2731 | Val Acc: 0.3571
2025-06-22 07:09:47,915 [INFO] Epoch 148 | Train Loss: 1.2498 | Val Loss: 1.3200 | Val Acc: 0.3929
2025-06-22 07:09:47,926 [INFO] Epoch 149 | Train Loss: 1.2636 | Val Loss: 1.2877 | Val Acc: 0.3929
2025-06-22 07:09:47,936 [INFO] Epoch 150 | Train Loss: 1.2921 | Val Loss: 1.2699 | Val Acc: 0.3929
2025-06-22 07:09:48,926 [INFO] Best model saved to <built-in function time>/ENZYMES/best/best_source_gin.pth (Val Acc: 0.4821 at epoch 31)
2025-06-22 07:09:48,927 [INFO] Training/validation metrics saved to <built-in function time>/ENZYMES/GIN_0.001/train_metrics.csv
2025-06-22 07:09:49,572 [INFO] Final training curves saved
2025-06-22 07:09:49,572 [INFO] Training completed!
2025-06-22 07:09:49,573 [INFO] Best validation accuracy: 0.4821
2025-06-22 07:09:49,573 [INFO] Best epoch: 31
2025-06-22 07:09:49,573 [INFO] Total epochs trained: 150
2025-06-22 07:09:49,573 [INFO] Starting training with parameters: (0.001, 0.4, 128, 1, 150, 0.0001)
