2025-06-22 01:33:36,421 [INFO] Using device: cpu
2025-06-22 01:33:36,421 [INFO] 开始创建数据加载器...
2025-06-22 01:33:36,425 [INFO] Successfully loaded dataset ENZYMES from ./data, total graphs: 600
2025-06-22 01:33:36,425 [INFO] Class allocation analysis:
2025-06-22 01:33:36,425 [INFO]   Source classes: [0, 1, 2, 3]
2025-06-22 01:33:36,425 [INFO]   Target classes: [0, 1, 2, 3, 4, 5]
2025-06-22 01:33:36,425 [INFO]   Overlap classes (to be split): [0, 1, 2, 3]
2025-06-22 01:33:36,425 [INFO]   Target novel classes (unknown): [4, 5]
2025-06-22 01:33:36,444 [INFO]   Class 0: 100 total -> Source: 70, Target: 30
2025-06-22 01:33:36,444 [INFO]   Class 1: 100 total -> Source: 70, Target: 30
2025-06-22 01:33:36,444 [INFO]   Class 2: 100 total -> Source: 70, Target: 30
2025-06-22 01:33:36,444 [INFO]   Class 3: 100 total -> Source: 70, Target: 30
2025-06-22 01:33:36,445 [INFO]   Class 4 (novel/unknown): 100 samples -> Target
2025-06-22 01:33:36,445 [INFO]   Class 5 (novel/unknown): 100 samples -> Target
2025-06-22 01:33:36,445 [INFO] Final allocation:
2025-06-22 01:33:36,445 [INFO]   Source domain: 280 samples
2025-06-22 01:33:36,445 [INFO]   Target domain: 320 samples
2025-06-22 01:33:36,446 [INFO] Source domain setup:
2025-06-22 01:33:36,446 [INFO]   Original classes: [0, 1, 2, 3]
2025-06-22 01:33:36,446 [INFO]   Overlap classes used: [0, 1, 2, 3]
2025-06-22 01:33:36,446 [INFO]   Label mapping: {0: 0, 1: 1, 2: 2, 3: 3}
2025-06-22 01:33:36,446 [INFO]   Total data after allocation: 280
2025-06-22 01:33:36,447 [INFO]   Data split - Train: 224, Val: 56
2025-06-22 01:33:36,447 [INFO]   Train label distribution: {0: 56, 1: 56, 3: 56, 2: 56}
2025-06-22 01:33:36,447 [INFO]   Val label distribution: {1: 14, 2: 14, 0: 14, 3: 14}
2025-06-22 01:33:36,448 [INFO] Successfully loaded dataset ENZYMES from ./data, total graphs: 600
2025-06-22 01:33:36,448 [INFO] Class allocation analysis:
2025-06-22 01:33:36,448 [INFO]   Source classes: [0, 1, 2, 3]
2025-06-22 01:33:36,448 [INFO]   Target classes: [0, 1, 2, 3, 4, 5]
2025-06-22 01:33:36,448 [INFO]   Overlap classes (to be split): [0, 1, 2, 3]
2025-06-22 01:33:36,448 [INFO]   Target novel classes (unknown): [4, 5]
2025-06-22 01:33:36,466 [INFO]   Class 0: 100 total -> Source: 70, Target: 30
2025-06-22 01:33:36,466 [INFO]   Class 1: 100 total -> Source: 70, Target: 30
2025-06-22 01:33:36,467 [INFO]   Class 2: 100 total -> Source: 70, Target: 30
2025-06-22 01:33:36,467 [INFO]   Class 3: 100 total -> Source: 70, Target: 30
2025-06-22 01:33:36,467 [INFO]   Class 4 (novel/unknown): 100 samples -> Target
2025-06-22 01:33:36,467 [INFO]   Class 5 (novel/unknown): 100 samples -> Target
2025-06-22 01:33:36,467 [INFO] Final allocation:
2025-06-22 01:33:36,467 [INFO]   Source domain: 280 samples
2025-06-22 01:33:36,467 [INFO]   Target domain: 320 samples
2025-06-22 01:33:36,469 [INFO] Target domain setup:
2025-06-22 01:33:36,469 [INFO]   Original classes: [0, 1, 2, 3, 4, 5]
2025-06-22 01:33:36,469 [INFO]   Overlap classes: [0, 1, 2, 3]
2025-06-22 01:33:36,469 [INFO]   Novel classes: [4, 5] -> mapped to unknown label 4
2025-06-22 01:33:36,469 [INFO]   Label mapping: {0: 0, 1: 1, 2: 2, 3: 3, 4: 4, 5: 4}
2025-06-22 01:33:36,469 [INFO]   Total data after allocation: 320
2025-06-22 01:33:36,469 [INFO]   Data split - Train: 256, Val: 64
2025-06-22 01:33:36,469 [INFO]   Total count: 320 (known: 120, unknown: 200)
2025-06-22 01:33:36,469 [INFO]   Total label distribution: {4: 200, 3: 30, 0: 30, 1: 30, 2: 30}
2025-06-22 01:33:36,469 [INFO]   Train label distribution: {4: 160, 0: 24, 2: 24, 3: 24, 1: 24}
2025-06-22 01:33:36,469 [INFO]   Val label distribution: {1: 6, 4: 40, 3: 6, 0: 6, 2: 6}
2025-06-22 01:33:36,470 [INFO] 数据加载器创建完成!
2025-06-22 01:33:36,470 [INFO] 源域类别数: 4 (重叠类别)
2025-06-22 01:33:36,470 [INFO] 目标域类别数: 5 (4个重叠类别 + 1个未知类别)
2025-06-22 01:33:36,470 [INFO] 重叠类别: [0, 1, 2, 3]
2025-06-22 01:33:36,470 [INFO] 目标域新类别: [4, 5]
2025-06-22 01:33:36,470 [INFO] Data allocation verification:
2025-06-22 01:33:36,470 [INFO]   Source data samples: 280
2025-06-22 01:33:36,470 [INFO]   Target data samples: 320
2025-06-22 01:33:36,470 [INFO]   Overlapping samples: 0
2025-06-22 01:33:36,470 [INFO]   ✓ Data allocation is correct - no overlapping samples
2025-06-22 01:33:36,478 [INFO] Model initialized with 1850884 parameters
2025-06-22 01:33:36,479 [INFO] Previous best validation accuracy read from record.txt: 0.6250
2025-06-22 01:33:36,479 [INFO] Starting training...
2025-06-22 01:33:36,621 [INFO] Epoch 001 | Train Loss: 12.7095 | Val Loss: 8.6755 | Val Acc: 0.2857
2025-06-22 01:33:37,803 [INFO] New best model at epoch 1 (Val Acc: 0.2857)
2025-06-22 01:33:37,965 [INFO] Epoch 002 | Train Loss: 7.5328 | Val Loss: 13.0828 | Val Acc: 0.2321
2025-06-22 01:33:38,174 [INFO] Epoch 003 | Train Loss: 6.8901 | Val Loss: 19.4191 | Val Acc: 0.2321
2025-06-22 01:33:38,448 [INFO] Epoch 004 | Train Loss: 5.4778 | Val Loss: 4.7454 | Val Acc: 0.3036
2025-06-22 01:33:38,507 [INFO] New best model at epoch 4 (Val Acc: 0.3036)
2025-06-22 01:33:39,360 [INFO] Epoch 005 | Train Loss: 4.2762 | Val Loss: 2.9808 | Val Acc: 0.4107
2025-06-22 01:33:39,618 [INFO] New best model at epoch 5 (Val Acc: 0.4107)
2025-06-22 01:33:40,750 [INFO] Epoch 006 | Train Loss: 3.1226 | Val Loss: 4.1677 | Val Acc: 0.4643
2025-06-22 01:33:40,977 [INFO] New best model at epoch 6 (Val Acc: 0.4643)
2025-06-22 01:33:41,442 [INFO] Epoch 007 | Train Loss: 3.3245 | Val Loss: 2.5737 | Val Acc: 0.3929
2025-06-22 01:33:42,011 [INFO] Epoch 008 | Train Loss: 3.7655 | Val Loss: 3.8394 | Val Acc: 0.3036
2025-06-22 01:33:42,626 [INFO] Epoch 009 | Train Loss: 3.3468 | Val Loss: 3.7452 | Val Acc: 0.3571
2025-06-22 01:33:43,201 [INFO] Epoch 010 | Train Loss: 2.3180 | Val Loss: 2.4311 | Val Acc: 0.4286
2025-06-22 01:33:44,497 [INFO] Epoch 011 | Train Loss: 2.4528 | Val Loss: 3.6632 | Val Acc: 0.3571
2025-06-22 01:33:44,756 [INFO] Epoch 012 | Train Loss: 2.9018 | Val Loss: 3.0439 | Val Acc: 0.4286
2025-06-22 01:33:45,080 [INFO] Epoch 013 | Train Loss: 2.5692 | Val Loss: 2.7617 | Val Acc: 0.4464
2025-06-22 01:33:45,923 [INFO] Epoch 014 | Train Loss: 2.4566 | Val Loss: 3.5308 | Val Acc: 0.4643
2025-06-22 01:33:46,708 [INFO] Epoch 015 | Train Loss: 2.1710 | Val Loss: 3.3911 | Val Acc: 0.4464
2025-06-22 01:33:47,412 [INFO] Epoch 016 | Train Loss: 2.3955 | Val Loss: 3.2710 | Val Acc: 0.3571
2025-06-22 01:33:48,109 [INFO] Epoch 017 | Train Loss: 2.1267 | Val Loss: 4.1259 | Val Acc: 0.3571
2025-06-22 01:33:48,708 [INFO] Epoch 018 | Train Loss: 3.0947 | Val Loss: 3.4979 | Val Acc: 0.4107
2025-06-22 01:33:49,297 [INFO] Epoch 019 | Train Loss: 2.4443 | Val Loss: 2.9480 | Val Acc: 0.3750
2025-06-22 01:33:49,881 [INFO] Epoch 020 | Train Loss: 1.9560 | Val Loss: 3.4610 | Val Acc: 0.3393
2025-06-22 01:33:51,117 [INFO] Epoch 021 | Train Loss: 1.9439 | Val Loss: 2.9418 | Val Acc: 0.4464
2025-06-22 01:33:51,428 [INFO] Epoch 022 | Train Loss: 1.7365 | Val Loss: 2.3220 | Val Acc: 0.4464
2025-06-22 01:33:52,056 [INFO] Epoch 023 | Train Loss: 1.9868 | Val Loss: 2.5353 | Val Acc: 0.4107
2025-06-22 01:33:53,062 [INFO] Epoch 024 | Train Loss: 1.6043 | Val Loss: 2.7096 | Val Acc: 0.3750
2025-06-22 01:33:53,751 [INFO] Epoch 025 | Train Loss: 2.2064 | Val Loss: 3.1198 | Val Acc: 0.3929
2025-06-22 01:33:54,380 [INFO] Epoch 026 | Train Loss: 2.6705 | Val Loss: 2.8430 | Val Acc: 0.4107
2025-06-22 01:33:55,045 [INFO] Epoch 027 | Train Loss: 2.8331 | Val Loss: 3.2510 | Val Acc: 0.3571
2025-06-22 01:33:55,578 [INFO] Epoch 028 | Train Loss: 1.8984 | Val Loss: 3.0677 | Val Acc: 0.4643
2025-06-22 01:33:56,149 [INFO] Epoch 029 | Train Loss: 1.7275 | Val Loss: 3.8318 | Val Acc: 0.4286
2025-06-22 01:33:56,688 [INFO] Epoch 030 | Train Loss: 1.7676 | Val Loss: 2.7132 | Val Acc: 0.4286
2025-06-22 01:33:58,052 [INFO] Epoch 031 | Train Loss: 1.5679 | Val Loss: 2.7729 | Val Acc: 0.4107
2025-06-22 01:33:58,332 [INFO] Epoch 032 | Train Loss: 1.4492 | Val Loss: 3.4338 | Val Acc: 0.3571
2025-06-22 01:33:58,783 [INFO] Epoch 033 | Train Loss: 1.5751 | Val Loss: 3.5533 | Val Acc: 0.3929
2025-06-22 01:33:59,904 [INFO] Epoch 034 | Train Loss: 1.3463 | Val Loss: 3.3305 | Val Acc: 0.4643
2025-06-22 01:34:00,837 [INFO] Epoch 035 | Train Loss: 1.2112 | Val Loss: 3.4088 | Val Acc: 0.3929
2025-06-22 01:34:01,496 [INFO] Epoch 036 | Train Loss: 1.3848 | Val Loss: 2.5982 | Val Acc: 0.3571
2025-06-22 01:34:02,167 [INFO] Epoch 037 | Train Loss: 1.9002 | Val Loss: 3.0317 | Val Acc: 0.4464
2025-06-22 01:34:02,803 [INFO] Epoch 038 | Train Loss: 2.1296 | Val Loss: 5.5348 | Val Acc: 0.3393
2025-06-22 01:34:03,335 [INFO] Epoch 039 | Train Loss: 1.6509 | Val Loss: 3.3593 | Val Acc: 0.4107
2025-06-22 01:34:03,856 [INFO] Epoch 040 | Train Loss: 1.3637 | Val Loss: 3.4626 | Val Acc: 0.3393
2025-06-22 01:34:04,675 [INFO] Epoch 041 | Train Loss: 1.9777 | Val Loss: 3.3545 | Val Acc: 0.3929
2025-06-22 01:34:04,807 [INFO] Epoch 042 | Train Loss: 1.5575 | Val Loss: 2.7684 | Val Acc: 0.3750
2025-06-22 01:34:04,943 [INFO] Epoch 043 | Train Loss: 1.2658 | Val Loss: 3.0547 | Val Acc: 0.4107
2025-06-22 01:34:05,083 [INFO] Epoch 044 | Train Loss: 1.7175 | Val Loss: 3.5743 | Val Acc: 0.3929
2025-06-22 01:34:05,216 [INFO] Epoch 045 | Train Loss: 1.2182 | Val Loss: 2.8882 | Val Acc: 0.3393
2025-06-22 01:34:05,348 [INFO] Epoch 046 | Train Loss: 1.5132 | Val Loss: 3.6772 | Val Acc: 0.3750
2025-06-22 01:34:05,481 [INFO] Epoch 047 | Train Loss: 1.2149 | Val Loss: 2.5669 | Val Acc: 0.4464
2025-06-22 01:34:05,614 [INFO] Epoch 048 | Train Loss: 1.7269 | Val Loss: 2.6983 | Val Acc: 0.3750
2025-06-22 01:34:05,750 [INFO] Epoch 049 | Train Loss: 1.2462 | Val Loss: 3.6825 | Val Acc: 0.4464
2025-06-22 01:34:05,888 [INFO] Epoch 050 | Train Loss: 1.5125 | Val Loss: 3.8074 | Val Acc: 0.4643
2025-06-22 01:34:06,638 [INFO] Epoch 051 | Train Loss: 1.2361 | Val Loss: 3.4175 | Val Acc: 0.3929
2025-06-22 01:34:06,783 [INFO] Epoch 052 | Train Loss: 0.6627 | Val Loss: 2.8236 | Val Acc: 0.3750
2025-06-22 01:34:06,931 [INFO] Epoch 053 | Train Loss: 0.8532 | Val Loss: 2.5336 | Val Acc: 0.3929
2025-06-22 01:34:07,101 [INFO] Epoch 054 | Train Loss: 0.9147 | Val Loss: 4.6078 | Val Acc: 0.3750
2025-06-22 01:34:07,290 [INFO] Epoch 055 | Train Loss: 1.1472 | Val Loss: 3.1066 | Val Acc: 0.4821
2025-06-22 01:34:07,347 [INFO] New best model at epoch 55 (Val Acc: 0.4821)
2025-06-22 01:34:07,544 [INFO] Epoch 056 | Train Loss: 1.4444 | Val Loss: 2.1862 | Val Acc: 0.5357
2025-06-22 01:34:07,603 [INFO] New best model at epoch 56 (Val Acc: 0.5357)
2025-06-22 01:34:08,932 [INFO] Epoch 057 | Train Loss: 0.9087 | Val Loss: 3.0966 | Val Acc: 0.2857
2025-06-22 01:34:09,844 [INFO] Epoch 058 | Train Loss: 1.4090 | Val Loss: 2.9499 | Val Acc: 0.3929
2025-06-22 01:34:10,364 [INFO] Epoch 059 | Train Loss: 0.7951 | Val Loss: 3.7339 | Val Acc: 0.3393
2025-06-22 01:34:10,784 [INFO] Epoch 060 | Train Loss: 1.6589 | Val Loss: 3.0750 | Val Acc: 0.3750
2025-06-22 01:34:12,690 [INFO] Epoch 061 | Train Loss: 1.3332 | Val Loss: 2.7906 | Val Acc: 0.4107
2025-06-22 01:34:12,877 [INFO] Epoch 062 | Train Loss: 0.8706 | Val Loss: 2.4039 | Val Acc: 0.4464
2025-06-22 01:34:13,081 [INFO] Epoch 063 | Train Loss: 0.7828 | Val Loss: 3.4780 | Val Acc: 0.4286
2025-06-22 01:34:13,331 [INFO] Epoch 064 | Train Loss: 1.3909 | Val Loss: 3.3316 | Val Acc: 0.4286
2025-06-22 01:34:13,838 [INFO] Epoch 065 | Train Loss: 1.3684 | Val Loss: 3.7078 | Val Acc: 0.3750
2025-06-22 01:34:14,798 [INFO] Epoch 066 | Train Loss: 1.0152 | Val Loss: 3.5690 | Val Acc: 0.3929
2025-06-22 01:34:15,396 [INFO] Epoch 067 | Train Loss: 1.2380 | Val Loss: 3.3115 | Val Acc: 0.3929
2025-06-22 01:34:15,935 [INFO] Epoch 068 | Train Loss: 1.1013 | Val Loss: 3.3568 | Val Acc: 0.4464
2025-06-22 01:34:16,519 [INFO] Epoch 069 | Train Loss: 1.1436 | Val Loss: 3.9599 | Val Acc: 0.3929
2025-06-22 01:34:17,107 [INFO] Epoch 070 | Train Loss: 1.3913 | Val Loss: 3.1858 | Val Acc: 0.3571
2025-06-22 01:34:18,322 [INFO] Epoch 071 | Train Loss: 1.1188 | Val Loss: 3.4388 | Val Acc: 0.3571
2025-06-22 01:34:18,574 [INFO] Epoch 072 | Train Loss: 1.4658 | Val Loss: 3.8727 | Val Acc: 0.3929
2025-06-22 01:34:18,865 [INFO] Epoch 073 | Train Loss: 0.7183 | Val Loss: 3.0188 | Val Acc: 0.4107
2025-06-22 01:34:19,424 [INFO] Epoch 074 | Train Loss: 0.6684 | Val Loss: 2.9252 | Val Acc: 0.3929
2025-06-22 01:34:20,176 [INFO] Epoch 075 | Train Loss: 1.3624 | Val Loss: 3.8411 | Val Acc: 0.3036
2025-06-22 01:34:20,797 [INFO] Epoch 076 | Train Loss: 1.4784 | Val Loss: 3.3335 | Val Acc: 0.4107
2025-06-22 01:34:21,315 [INFO] Epoch 077 | Train Loss: 0.8604 | Val Loss: 3.0703 | Val Acc: 0.3750
2025-06-22 01:34:21,920 [INFO] Epoch 078 | Train Loss: 1.1122 | Val Loss: 3.4668 | Val Acc: 0.4821
2025-06-22 01:34:22,452 [INFO] Epoch 079 | Train Loss: 1.9303 | Val Loss: 3.1633 | Val Acc: 0.5179
2025-06-22 01:34:22,908 [INFO] Epoch 080 | Train Loss: 1.0900 | Val Loss: 4.8549 | Val Acc: 0.3750
2025-06-22 01:34:24,792 [INFO] Epoch 081 | Train Loss: 1.5635 | Val Loss: 3.6908 | Val Acc: 0.4464
2025-06-22 01:34:24,976 [INFO] Epoch 082 | Train Loss: 1.3404 | Val Loss: 4.4513 | Val Acc: 0.2857
2025-06-22 01:34:25,203 [INFO] Epoch 083 | Train Loss: 1.8904 | Val Loss: 4.3863 | Val Acc: 0.3750
2025-06-22 01:34:25,493 [INFO] Epoch 084 | Train Loss: 0.7831 | Val Loss: 3.6629 | Val Acc: 0.4286
2025-06-22 01:34:26,492 [INFO] Epoch 085 | Train Loss: 0.9949 | Val Loss: 4.0165 | Val Acc: 0.4107
2025-06-22 01:34:27,247 [INFO] Epoch 086 | Train Loss: 0.9314 | Val Loss: 3.9111 | Val Acc: 0.3571
2025-06-22 01:34:28,023 [INFO] Epoch 087 | Train Loss: 0.8475 | Val Loss: 3.5184 | Val Acc: 0.3750
2025-06-22 01:34:28,581 [INFO] Epoch 088 | Train Loss: 1.2465 | Val Loss: 4.1656 | Val Acc: 0.4464
2025-06-22 01:34:29,196 [INFO] Epoch 089 | Train Loss: 1.3958 | Val Loss: 4.4595 | Val Acc: 0.2857
2025-06-22 01:34:29,761 [INFO] Epoch 090 | Train Loss: 1.0566 | Val Loss: 3.7700 | Val Acc: 0.4107
2025-06-22 01:34:31,001 [INFO] Epoch 091 | Train Loss: 0.9947 | Val Loss: 3.1214 | Val Acc: 0.4107
2025-06-22 01:34:31,268 [INFO] Epoch 092 | Train Loss: 0.7177 | Val Loss: 3.1989 | Val Acc: 0.3750
2025-06-22 01:34:31,564 [INFO] Epoch 093 | Train Loss: 1.1740 | Val Loss: 3.0311 | Val Acc: 0.3929
2025-06-22 01:34:32,183 [INFO] Epoch 094 | Train Loss: 0.6324 | Val Loss: 3.9360 | Val Acc: 0.3571
2025-06-22 01:34:32,938 [INFO] Epoch 095 | Train Loss: 1.3046 | Val Loss: 3.2477 | Val Acc: 0.3750
2025-06-22 01:34:33,504 [INFO] Epoch 096 | Train Loss: 1.9359 | Val Loss: 3.6890 | Val Acc: 0.3929
2025-06-22 01:34:34,018 [INFO] Epoch 097 | Train Loss: 1.0432 | Val Loss: 3.6580 | Val Acc: 0.4821
2025-06-22 01:34:34,613 [INFO] Epoch 098 | Train Loss: 0.9080 | Val Loss: 3.3710 | Val Acc: 0.4464
2025-06-22 01:34:35,076 [INFO] Epoch 099 | Train Loss: 0.7859 | Val Loss: 3.3985 | Val Acc: 0.5357
2025-06-22 01:34:35,498 [INFO] Epoch 100 | Train Loss: 1.1187 | Val Loss: 5.2872 | Val Acc: 0.4107
2025-06-22 01:34:36,552 [INFO] Epoch 101 | Train Loss: 0.7507 | Val Loss: 4.7582 | Val Acc: 0.3929
2025-06-22 01:34:36,838 [INFO] Epoch 102 | Train Loss: 0.5323 | Val Loss: 3.4696 | Val Acc: 0.3393
2025-06-22 01:34:37,169 [INFO] Epoch 103 | Train Loss: 1.0984 | Val Loss: 3.9137 | Val Acc: 0.3036
2025-06-22 01:34:38,036 [INFO] Epoch 104 | Train Loss: 1.0207 | Val Loss: 2.8980 | Val Acc: 0.4643
2025-06-22 01:34:38,628 [INFO] Epoch 105 | Train Loss: 0.8731 | Val Loss: 3.7220 | Val Acc: 0.3929
2025-06-22 01:34:39,177 [INFO] Epoch 106 | Train Loss: 0.4203 | Val Loss: 3.4199 | Val Acc: 0.4107
2025-06-22 01:34:39,625 [INFO] Epoch 107 | Train Loss: 0.4229 | Val Loss: 3.3816 | Val Acc: 0.4107
2025-06-22 01:34:40,113 [INFO] Epoch 108 | Train Loss: 0.6981 | Val Loss: 3.3113 | Val Acc: 0.4464
2025-06-22 01:34:40,719 [INFO] Epoch 109 | Train Loss: 0.7417 | Val Loss: 3.5619 | Val Acc: 0.4107
2025-06-22 01:34:41,215 [INFO] Epoch 110 | Train Loss: 1.0835 | Val Loss: 4.0905 | Val Acc: 0.3036
2025-06-22 01:34:42,379 [INFO] Epoch 111 | Train Loss: 1.2429 | Val Loss: 3.7210 | Val Acc: 0.3750
2025-06-22 01:34:42,642 [INFO] Epoch 112 | Train Loss: 0.7582 | Val Loss: 3.1420 | Val Acc: 0.4821
2025-06-22 01:34:43,031 [INFO] Epoch 113 | Train Loss: 0.4381 | Val Loss: 3.1077 | Val Acc: 0.4107
2025-06-22 01:34:44,155 [INFO] Epoch 114 | Train Loss: 0.8316 | Val Loss: 3.4968 | Val Acc: 0.3393
2025-06-22 01:34:44,766 [INFO] Epoch 115 | Train Loss: 0.5398 | Val Loss: 3.3788 | Val Acc: 0.4286
2025-06-22 01:34:45,193 [INFO] Epoch 116 | Train Loss: 0.9911 | Val Loss: 3.2587 | Val Acc: 0.4286
2025-06-22 01:34:45,628 [INFO] Epoch 117 | Train Loss: 0.7289 | Val Loss: 3.8259 | Val Acc: 0.3571
2025-06-22 01:34:46,081 [INFO] Epoch 118 | Train Loss: 1.0813 | Val Loss: 3.8688 | Val Acc: 0.3929
2025-06-22 01:34:46,517 [INFO] Epoch 119 | Train Loss: 0.4057 | Val Loss: 3.5635 | Val Acc: 0.3214
2025-06-22 01:34:47,148 [INFO] Epoch 120 | Train Loss: 0.3542 | Val Loss: 3.2104 | Val Acc: 0.3750
2025-06-22 01:34:48,295 [INFO] Epoch 121 | Train Loss: 0.6772 | Val Loss: 4.0807 | Val Acc: 0.4464
2025-06-22 01:34:48,567 [INFO] Epoch 122 | Train Loss: 0.4100 | Val Loss: 4.6251 | Val Acc: 0.4107
2025-06-22 01:34:48,865 [INFO] Epoch 123 | Train Loss: 1.5263 | Val Loss: 3.8948 | Val Acc: 0.4464
2025-06-22 01:34:49,456 [INFO] Epoch 124 | Train Loss: 1.1281 | Val Loss: 4.3817 | Val Acc: 0.3929
2025-06-22 01:34:50,005 [INFO] Epoch 125 | Train Loss: 1.0128 | Val Loss: 5.1624 | Val Acc: 0.4286
2025-06-22 01:34:50,521 [INFO] Epoch 126 | Train Loss: 0.5877 | Val Loss: 5.4577 | Val Acc: 0.4107
2025-06-22 01:34:50,936 [INFO] Epoch 127 | Train Loss: 1.1420 | Val Loss: 4.8271 | Val Acc: 0.3393
2025-06-22 01:34:51,282 [INFO] Epoch 128 | Train Loss: 1.0869 | Val Loss: 4.3851 | Val Acc: 0.4464
2025-06-22 01:34:51,422 [INFO] Epoch 129 | Train Loss: 0.4473 | Val Loss: 3.1269 | Val Acc: 0.5179
2025-06-22 01:34:51,549 [INFO] Epoch 130 | Train Loss: 0.7493 | Val Loss: 3.7624 | Val Acc: 0.4464
2025-06-22 01:34:52,161 [INFO] Epoch 131 | Train Loss: 0.9436 | Val Loss: 3.3231 | Val Acc: 0.4821
2025-06-22 01:34:52,296 [INFO] Epoch 132 | Train Loss: 0.7125 | Val Loss: 3.2102 | Val Acc: 0.4286
2025-06-22 01:34:52,424 [INFO] Epoch 133 | Train Loss: 1.0223 | Val Loss: 3.2576 | Val Acc: 0.4821
2025-06-22 01:34:52,565 [INFO] Epoch 134 | Train Loss: 0.5284 | Val Loss: 2.9986 | Val Acc: 0.4464
2025-06-22 01:34:52,741 [INFO] Epoch 135 | Train Loss: 1.1369 | Val Loss: 3.0988 | Val Acc: 0.4464
2025-06-22 01:34:52,906 [INFO] Epoch 136 | Train Loss: 0.6548 | Val Loss: 3.2838 | Val Acc: 0.3929
2025-06-22 01:34:53,041 [INFO] Epoch 137 | Train Loss: 0.9650 | Val Loss: 3.9489 | Val Acc: 0.3571
2025-06-22 01:34:53,192 [INFO] Epoch 138 | Train Loss: 0.5754 | Val Loss: 4.2088 | Val Acc: 0.3929
2025-06-22 01:34:53,322 [INFO] Epoch 139 | Train Loss: 0.7490 | Val Loss: 3.6514 | Val Acc: 0.4107
2025-06-22 01:34:53,459 [INFO] Epoch 140 | Train Loss: 0.8582 | Val Loss: 3.4957 | Val Acc: 0.5179
2025-06-22 01:34:54,163 [INFO] Epoch 141 | Train Loss: 0.9643 | Val Loss: 3.4258 | Val Acc: 0.4643
2025-06-22 01:34:54,322 [INFO] Epoch 142 | Train Loss: 0.3901 | Val Loss: 3.8695 | Val Acc: 0.4107
2025-06-22 01:34:54,455 [INFO] Epoch 143 | Train Loss: 0.5362 | Val Loss: 3.6420 | Val Acc: 0.3750
2025-06-22 01:34:54,607 [INFO] Epoch 144 | Train Loss: 0.5824 | Val Loss: 2.9200 | Val Acc: 0.3929
2025-06-22 01:34:54,738 [INFO] Epoch 145 | Train Loss: 1.4789 | Val Loss: 3.6316 | Val Acc: 0.4464
2025-06-22 01:34:54,868 [INFO] Epoch 146 | Train Loss: 0.6871 | Val Loss: 3.7952 | Val Acc: 0.4464
2025-06-22 01:34:54,997 [INFO] Epoch 147 | Train Loss: 0.4505 | Val Loss: 4.2526 | Val Acc: 0.4286
2025-06-22 01:34:55,128 [INFO] Epoch 148 | Train Loss: 0.8820 | Val Loss: 3.8024 | Val Acc: 0.3393
2025-06-22 01:34:55,256 [INFO] Epoch 149 | Train Loss: 1.6098 | Val Loss: 3.2712 | Val Acc: 0.4286
2025-06-22 01:34:55,389 [INFO] Epoch 150 | Train Loss: 1.5961 | Val Loss: 5.4743 | Val Acc: 0.2679
2025-06-22 01:34:55,920 [INFO] Best model saved to <built-in function time>/ENZYMES/best/best_source_gin.pth (Val Acc: 0.5357 at epoch 56)
2025-06-22 01:34:55,921 [INFO] Training/validation metrics saved to <built-in function time>/ENZYMES/GIN_0.001/train_metrics.csv
2025-06-22 01:34:56,396 [INFO] Final training curves saved
2025-06-22 01:34:56,396 [INFO] Training completed!
2025-06-22 01:34:56,396 [INFO] Best validation accuracy: 0.5357
2025-06-22 01:34:56,396 [INFO] Best epoch: 56
2025-06-22 01:34:56,396 [INFO] Total epochs trained: 150
2025-06-22 01:34:56,397 [INFO] Starting training with parameters: (0.001, 0.1, 512, 4, 300, 0.0)
