2025-06-23 10:16:18,703 [INFO] Using device: cpu
2025-06-23 10:16:18,703 [INFO] 开始创建数据加载器...
2025-06-23 10:16:18,710 [INFO] Successfully loaded dataset ENZYMES from ./data, total graphs: 600
2025-06-23 10:16:18,710 [INFO] Class allocation analysis:
2025-06-23 10:16:18,710 [INFO]   Source classes: [0, 1, 2, 3]
2025-06-23 10:16:18,710 [INFO]   Target classes: [0, 1, 2, 3, 4, 5]
2025-06-23 10:16:18,711 [INFO]   Overlap classes (to be split): [0, 1, 2, 3]
2025-06-23 10:16:18,711 [INFO]   Target novel classes (unknown): [4, 5]
2025-06-23 10:16:18,846 [INFO]   Class 0: 100 total -> Source: 70, Target: 30
2025-06-23 10:16:18,846 [INFO]   Class 1: 100 total -> Source: 70, Target: 30
2025-06-23 10:16:18,846 [INFO]   Class 2: 100 total -> Source: 70, Target: 30
2025-06-23 10:16:18,846 [INFO]   Class 3: 100 total -> Source: 70, Target: 30
2025-06-23 10:16:18,846 [INFO]   Class 4 (novel/unknown): 100 samples -> Target
2025-06-23 10:16:18,846 [INFO]   Class 5 (novel/unknown): 100 samples -> Target
2025-06-23 10:16:18,847 [INFO] Final allocation:
2025-06-23 10:16:18,847 [INFO]   Source domain: 280 samples
2025-06-23 10:16:18,847 [INFO]   Target domain: 320 samples
2025-06-23 10:16:18,848 [INFO] Source domain setup:
2025-06-23 10:16:18,848 [INFO]   Original classes: [0, 1, 2, 3]
2025-06-23 10:16:18,848 [INFO]   Overlap classes used: [0, 1, 2, 3]
2025-06-23 10:16:18,848 [INFO]   Label mapping: {0: 0, 1: 1, 2: 2, 3: 3}
2025-06-23 10:16:18,848 [INFO]   Total data after allocation: 280
2025-06-23 10:16:18,848 [INFO]   Data split - Train: 224, Val: 56
2025-06-23 10:16:18,848 [INFO]   Train label distribution: {0: 56, 1: 56, 3: 56, 2: 56}
2025-06-23 10:16:18,848 [INFO]   Val label distribution: {1: 14, 2: 14, 0: 14, 3: 14}
2025-06-23 10:16:18,850 [INFO] Successfully loaded dataset ENZYMES from ./data, total graphs: 600
2025-06-23 10:16:18,850 [INFO] Class allocation analysis:
2025-06-23 10:16:18,850 [INFO]   Source classes: [0, 1, 2, 3]
2025-06-23 10:16:18,850 [INFO]   Target classes: [0, 1, 2, 3, 4, 5]
2025-06-23 10:16:18,850 [INFO]   Overlap classes (to be split): [0, 1, 2, 3]
2025-06-23 10:16:18,850 [INFO]   Target novel classes (unknown): [4, 5]
2025-06-23 10:16:18,863 [INFO]   Class 0: 100 total -> Source: 70, Target: 30
2025-06-23 10:16:18,863 [INFO]   Class 1: 100 total -> Source: 70, Target: 30
2025-06-23 10:16:18,863 [INFO]   Class 2: 100 total -> Source: 70, Target: 30
2025-06-23 10:16:18,864 [INFO]   Class 3: 100 total -> Source: 70, Target: 30
2025-06-23 10:16:18,864 [INFO]   Class 4 (novel/unknown): 100 samples -> Target
2025-06-23 10:16:18,864 [INFO]   Class 5 (novel/unknown): 100 samples -> Target
2025-06-23 10:16:18,864 [INFO] Final allocation:
2025-06-23 10:16:18,864 [INFO]   Source domain: 280 samples
2025-06-23 10:16:18,864 [INFO]   Target domain: 320 samples
2025-06-23 10:16:18,865 [INFO] Target domain setup:
2025-06-23 10:16:18,865 [INFO]   Original classes: [0, 1, 2, 3, 4, 5]
2025-06-23 10:16:18,865 [INFO]   Overlap classes: [0, 1, 2, 3]
2025-06-23 10:16:18,865 [INFO]   Novel classes: [4, 5] -> mapped to unknown label 4
2025-06-23 10:16:18,865 [INFO]   Label mapping: {0: 0, 1: 1, 2: 2, 3: 3, 4: 4, 5: 4}
2025-06-23 10:16:18,865 [INFO]   Total data after allocation: 320
2025-06-23 10:16:18,865 [INFO]   Data split - Train: 256, Val: 64
2025-06-23 10:16:18,866 [INFO]   Total count: 320 (known: 120, unknown: 200)
2025-06-23 10:16:18,866 [INFO]   Total label distribution: {4: 200, 3: 30, 0: 30, 1: 30, 2: 30}
2025-06-23 10:16:18,866 [INFO]   Train label distribution: {4: 160, 0: 24, 2: 24, 3: 24, 1: 24}
2025-06-23 10:16:18,866 [INFO]   Val label distribution: {1: 6, 4: 40, 3: 6, 0: 6, 2: 6}
2025-06-23 10:16:18,866 [INFO] 数据加载器创建完成!
2025-06-23 10:16:18,866 [INFO] 源域类别数: 4 (重叠类别)
2025-06-23 10:16:18,866 [INFO] 目标域类别数: 5 (4个重叠类别 + 1个未知类别)
2025-06-23 10:16:18,866 [INFO] 重叠类别: [0, 1, 2, 3]
2025-06-23 10:16:18,866 [INFO] 目标域新类别: [4, 5]
2025-06-23 10:16:18,866 [INFO] Data allocation verification:
2025-06-23 10:16:18,866 [INFO]   Source data samples: 280
2025-06-23 10:16:18,866 [INFO]   Target data samples: 320
2025-06-23 10:16:18,866 [INFO]   Overlapping samples: 0
2025-06-23 10:16:18,866 [INFO]   ✓ Data allocation is correct - no overlapping samples
2025-06-23 10:16:18,868 [INFO] Model initialized with 4932 parameters
2025-06-23 10:16:18,869 [INFO] Previous best validation accuracy read from record.txt: 0.6429
2025-06-23 10:16:18,869 [INFO] Starting training...
2025-06-23 10:16:18,939 [INFO] Epoch 001 | Train Loss: 8.3997 | Val Loss: 11.6816 | Val Acc: 0.2679
2025-06-23 10:16:20,470 [INFO] New best model at epoch 1 (Val Acc: 0.2679)
2025-06-23 10:16:20,481 [INFO] Epoch 002 | Train Loss: 5.6524 | Val Loss: 6.3569 | Val Acc: 0.3036
2025-06-23 10:16:20,484 [INFO] New best model at epoch 2 (Val Acc: 0.3036)
2025-06-23 10:16:20,493 [INFO] Epoch 003 | Train Loss: 3.6691 | Val Loss: 2.6450 | Val Acc: 0.3750
2025-06-23 10:16:20,494 [INFO] New best model at epoch 3 (Val Acc: 0.3750)
2025-06-23 10:16:20,503 [INFO] Epoch 004 | Train Loss: 3.1724 | Val Loss: 3.8355 | Val Acc: 0.4107
2025-06-23 10:16:20,504 [INFO] New best model at epoch 4 (Val Acc: 0.4107)
2025-06-23 10:16:20,515 [INFO] Epoch 005 | Train Loss: 3.1157 | Val Loss: 2.1029 | Val Acc: 0.3214
2025-06-23 10:16:20,527 [INFO] Epoch 006 | Train Loss: 2.7021 | Val Loss: 2.6091 | Val Acc: 0.2679
2025-06-23 10:16:20,538 [INFO] Epoch 007 | Train Loss: 2.4464 | Val Loss: 2.1042 | Val Acc: 0.3750
2025-06-23 10:16:20,554 [INFO] Epoch 008 | Train Loss: 2.1769 | Val Loss: 1.8605 | Val Acc: 0.3036
2025-06-23 10:16:20,567 [INFO] Epoch 009 | Train Loss: 2.1178 | Val Loss: 2.5990 | Val Acc: 0.2857
2025-06-23 10:16:20,577 [INFO] Epoch 010 | Train Loss: 1.9715 | Val Loss: 1.5872 | Val Acc: 0.3393
2025-06-23 10:16:21,611 [INFO] Epoch 011 | Train Loss: 2.0231 | Val Loss: 1.4160 | Val Acc: 0.3571
2025-06-23 10:16:21,621 [INFO] Epoch 012 | Train Loss: 1.7640 | Val Loss: 1.5402 | Val Acc: 0.3571
2025-06-23 10:16:21,632 [INFO] Epoch 013 | Train Loss: 1.6317 | Val Loss: 1.8234 | Val Acc: 0.3393
2025-06-23 10:16:21,642 [INFO] Epoch 014 | Train Loss: 1.8427 | Val Loss: 1.7215 | Val Acc: 0.3571
2025-06-23 10:16:21,655 [INFO] Epoch 015 | Train Loss: 1.9117 | Val Loss: 1.7351 | Val Acc: 0.3571
2025-06-23 10:16:21,669 [INFO] Epoch 016 | Train Loss: 1.4953 | Val Loss: 1.5367 | Val Acc: 0.3214
2025-06-23 10:16:21,681 [INFO] Epoch 017 | Train Loss: 1.5725 | Val Loss: 1.3270 | Val Acc: 0.3393
2025-06-23 10:16:21,691 [INFO] Epoch 018 | Train Loss: 1.7015 | Val Loss: 1.6898 | Val Acc: 0.3750
2025-06-23 10:16:21,703 [INFO] Epoch 019 | Train Loss: 1.5926 | Val Loss: 1.5361 | Val Acc: 0.3929
2025-06-23 10:16:21,713 [INFO] Epoch 020 | Train Loss: 1.6477 | Val Loss: 1.4079 | Val Acc: 0.3214
2025-06-23 10:16:22,749 [INFO] Epoch 021 | Train Loss: 1.4698 | Val Loss: 1.5354 | Val Acc: 0.3036
2025-06-23 10:16:22,759 [INFO] Epoch 022 | Train Loss: 1.5379 | Val Loss: 1.5983 | Val Acc: 0.3929
2025-06-23 10:16:22,771 [INFO] Epoch 023 | Train Loss: 1.4680 | Val Loss: 1.8484 | Val Acc: 0.2679
2025-06-23 10:16:22,784 [INFO] Epoch 024 | Train Loss: 1.5754 | Val Loss: 1.7506 | Val Acc: 0.3393
2025-06-23 10:16:22,795 [INFO] Epoch 025 | Train Loss: 1.6020 | Val Loss: 1.7787 | Val Acc: 0.3214
2025-06-23 10:16:22,808 [INFO] Epoch 026 | Train Loss: 1.5125 | Val Loss: 1.3670 | Val Acc: 0.3036
2025-06-23 10:16:22,819 [INFO] Epoch 027 | Train Loss: 1.4821 | Val Loss: 1.4198 | Val Acc: 0.3750
2025-06-23 10:16:22,829 [INFO] Epoch 028 | Train Loss: 1.4070 | Val Loss: 1.7245 | Val Acc: 0.2857
2025-06-23 10:16:22,839 [INFO] Epoch 029 | Train Loss: 1.4804 | Val Loss: 1.4511 | Val Acc: 0.1786
2025-06-23 10:16:22,849 [INFO] Epoch 030 | Train Loss: 1.5373 | Val Loss: 1.4850 | Val Acc: 0.3929
2025-06-23 10:16:23,912 [INFO] Epoch 031 | Train Loss: 1.3653 | Val Loss: 1.4380 | Val Acc: 0.3036
2025-06-23 10:16:23,922 [INFO] Epoch 032 | Train Loss: 1.3620 | Val Loss: 1.3690 | Val Acc: 0.3750
2025-06-23 10:16:23,934 [INFO] Epoch 033 | Train Loss: 1.4267 | Val Loss: 1.5178 | Val Acc: 0.3036
2025-06-23 10:16:23,948 [INFO] Epoch 034 | Train Loss: 1.3809 | Val Loss: 1.3235 | Val Acc: 0.4107
2025-06-23 10:16:23,960 [INFO] Epoch 035 | Train Loss: 1.3770 | Val Loss: 1.5873 | Val Acc: 0.2143
2025-06-23 10:16:23,971 [INFO] Epoch 036 | Train Loss: 1.4354 | Val Loss: 1.4697 | Val Acc: 0.3214
2025-06-23 10:16:23,983 [INFO] Epoch 037 | Train Loss: 1.4869 | Val Loss: 1.3082 | Val Acc: 0.4286
2025-06-23 10:16:23,985 [INFO] New best model at epoch 37 (Val Acc: 0.4286)
2025-06-23 10:16:23,996 [INFO] Epoch 038 | Train Loss: 1.3543 | Val Loss: 1.4174 | Val Acc: 0.3571
2025-06-23 10:16:24,008 [INFO] Epoch 039 | Train Loss: 1.2863 | Val Loss: 1.3018 | Val Acc: 0.3393
2025-06-23 10:16:24,017 [INFO] Epoch 040 | Train Loss: 1.3227 | Val Loss: 1.2968 | Val Acc: 0.4643
2025-06-23 10:16:25,067 [INFO] New best model at epoch 40 (Val Acc: 0.4643)
2025-06-23 10:16:25,078 [INFO] Epoch 041 | Train Loss: 1.3023 | Val Loss: 1.3474 | Val Acc: 0.3036
2025-06-23 10:16:25,088 [INFO] Epoch 042 | Train Loss: 1.2624 | Val Loss: 1.3872 | Val Acc: 0.2679
2025-06-23 10:16:25,097 [INFO] Epoch 043 | Train Loss: 1.2747 | Val Loss: 1.2623 | Val Acc: 0.5000
2025-06-23 10:16:25,099 [INFO] New best model at epoch 43 (Val Acc: 0.5000)
2025-06-23 10:16:25,109 [INFO] Epoch 044 | Train Loss: 1.3315 | Val Loss: 1.2980 | Val Acc: 0.4643
2025-06-23 10:16:25,120 [INFO] Epoch 045 | Train Loss: 1.3428 | Val Loss: 1.3552 | Val Acc: 0.3750
2025-06-23 10:16:25,131 [INFO] Epoch 046 | Train Loss: 1.3018 | Val Loss: 1.2831 | Val Acc: 0.3929
2025-06-23 10:16:25,142 [INFO] Epoch 047 | Train Loss: 1.3407 | Val Loss: 1.3125 | Val Acc: 0.3571
2025-06-23 10:16:25,152 [INFO] Epoch 048 | Train Loss: 1.3587 | Val Loss: 1.2723 | Val Acc: 0.4107
2025-06-23 10:16:25,162 [INFO] Epoch 049 | Train Loss: 1.2702 | Val Loss: 1.3156 | Val Acc: 0.4286
2025-06-23 10:16:25,173 [INFO] Epoch 050 | Train Loss: 1.2639 | Val Loss: 1.3670 | Val Acc: 0.3571
2025-06-23 10:16:26,260 [INFO] Epoch 051 | Train Loss: 1.2674 | Val Loss: 1.3374 | Val Acc: 0.3571
2025-06-23 10:16:26,270 [INFO] Epoch 052 | Train Loss: 1.2571 | Val Loss: 1.3113 | Val Acc: 0.3750
2025-06-23 10:16:26,280 [INFO] Epoch 053 | Train Loss: 1.2205 | Val Loss: 1.4031 | Val Acc: 0.3571
2025-06-23 10:16:26,291 [INFO] Epoch 054 | Train Loss: 1.2014 | Val Loss: 1.2972 | Val Acc: 0.4464
2025-06-23 10:16:26,302 [INFO] Epoch 055 | Train Loss: 1.2548 | Val Loss: 1.3055 | Val Acc: 0.4107
2025-06-23 10:16:26,314 [INFO] Epoch 056 | Train Loss: 1.2106 | Val Loss: 1.3228 | Val Acc: 0.3750
2025-06-23 10:16:26,325 [INFO] Epoch 057 | Train Loss: 1.2665 | Val Loss: 1.2995 | Val Acc: 0.3750
2025-06-23 10:16:26,336 [INFO] Epoch 058 | Train Loss: 1.2755 | Val Loss: 1.3105 | Val Acc: 0.3929
2025-06-23 10:16:26,347 [INFO] Epoch 059 | Train Loss: 1.3212 | Val Loss: 1.3629 | Val Acc: 0.3036
2025-06-23 10:16:26,358 [INFO] Epoch 060 | Train Loss: 1.3044 | Val Loss: 1.3953 | Val Acc: 0.4643
2025-06-23 10:16:27,389 [INFO] Epoch 061 | Train Loss: 1.2763 | Val Loss: 1.4024 | Val Acc: 0.3214
2025-06-23 10:16:27,399 [INFO] Epoch 062 | Train Loss: 1.1773 | Val Loss: 1.3347 | Val Acc: 0.4464
2025-06-23 10:16:27,409 [INFO] Epoch 063 | Train Loss: 1.2437 | Val Loss: 1.3340 | Val Acc: 0.3929
2025-06-23 10:16:27,421 [INFO] Epoch 064 | Train Loss: 1.3246 | Val Loss: 1.3314 | Val Acc: 0.3929
2025-06-23 10:16:27,431 [INFO] Epoch 065 | Train Loss: 1.2154 | Val Loss: 1.2959 | Val Acc: 0.4464
2025-06-23 10:16:27,442 [INFO] Epoch 066 | Train Loss: 1.2722 | Val Loss: 1.2883 | Val Acc: 0.3393
2025-06-23 10:16:27,452 [INFO] Epoch 067 | Train Loss: 1.2048 | Val Loss: 1.3082 | Val Acc: 0.3929
2025-06-23 10:16:27,464 [INFO] Epoch 068 | Train Loss: 1.2225 | Val Loss: 1.3811 | Val Acc: 0.3571
2025-06-23 10:16:27,476 [INFO] Epoch 069 | Train Loss: 1.1721 | Val Loss: 1.3178 | Val Acc: 0.4821
2025-06-23 10:16:27,487 [INFO] Epoch 070 | Train Loss: 1.1821 | Val Loss: 1.3158 | Val Acc: 0.3929
2025-06-23 10:16:28,522 [INFO] Epoch 071 | Train Loss: 1.1587 | Val Loss: 1.2802 | Val Acc: 0.4286
2025-06-23 10:16:28,532 [INFO] Epoch 072 | Train Loss: 1.2215 | Val Loss: 1.3715 | Val Acc: 0.4464
2025-06-23 10:16:28,542 [INFO] Epoch 073 | Train Loss: 1.1814 | Val Loss: 1.3428 | Val Acc: 0.4464
2025-06-23 10:16:28,553 [INFO] Epoch 074 | Train Loss: 1.1699 | Val Loss: 1.3093 | Val Acc: 0.4107
2025-06-23 10:16:28,565 [INFO] Epoch 075 | Train Loss: 1.2268 | Val Loss: 1.3274 | Val Acc: 0.3036
2025-06-23 10:16:28,578 [INFO] Epoch 076 | Train Loss: 1.1662 | Val Loss: 1.3788 | Val Acc: 0.3393
2025-06-23 10:16:28,590 [INFO] Epoch 077 | Train Loss: 1.1684 | Val Loss: 1.3793 | Val Acc: 0.3929
2025-06-23 10:16:28,602 [INFO] Epoch 078 | Train Loss: 1.1924 | Val Loss: 1.3617 | Val Acc: 0.3393
2025-06-23 10:16:28,615 [INFO] Epoch 079 | Train Loss: 1.2375 | Val Loss: 1.3343 | Val Acc: 0.3393
2025-06-23 10:16:28,624 [INFO] Epoch 080 | Train Loss: 1.1415 | Val Loss: 1.3768 | Val Acc: 0.3571
2025-06-23 10:16:29,637 [INFO] Epoch 081 | Train Loss: 1.1789 | Val Loss: 1.3362 | Val Acc: 0.3750
2025-06-23 10:16:29,647 [INFO] Epoch 082 | Train Loss: 1.1721 | Val Loss: 1.3321 | Val Acc: 0.3929
2025-06-23 10:16:29,657 [INFO] Epoch 083 | Train Loss: 1.1827 | Val Loss: 1.2947 | Val Acc: 0.4464
2025-06-23 10:16:29,666 [INFO] Epoch 084 | Train Loss: 1.1677 | Val Loss: 1.2940 | Val Acc: 0.3571
2025-06-23 10:16:29,677 [INFO] Epoch 085 | Train Loss: 1.1640 | Val Loss: 1.3484 | Val Acc: 0.3571
2025-06-23 10:16:29,687 [INFO] Epoch 086 | Train Loss: 1.1587 | Val Loss: 1.3549 | Val Acc: 0.4464
2025-06-23 10:16:29,697 [INFO] Epoch 087 | Train Loss: 1.1931 | Val Loss: 1.3397 | Val Acc: 0.3571
2025-06-23 10:16:29,708 [INFO] Epoch 088 | Train Loss: 1.1669 | Val Loss: 1.3157 | Val Acc: 0.3929
2025-06-23 10:16:29,718 [INFO] Epoch 089 | Train Loss: 1.1252 | Val Loss: 1.2997 | Val Acc: 0.4643
2025-06-23 10:16:29,729 [INFO] Epoch 090 | Train Loss: 1.1557 | Val Loss: 1.3242 | Val Acc: 0.3929
2025-06-23 10:16:31,612 [INFO] Epoch 091 | Train Loss: 1.1634 | Val Loss: 1.3709 | Val Acc: 0.3750
2025-06-23 10:16:31,622 [INFO] Epoch 092 | Train Loss: 1.1668 | Val Loss: 1.3525 | Val Acc: 0.3750
2025-06-23 10:16:31,632 [INFO] Epoch 093 | Train Loss: 1.1408 | Val Loss: 1.4149 | Val Acc: 0.3571
2025-06-23 10:16:31,643 [INFO] Epoch 094 | Train Loss: 1.1459 | Val Loss: 1.3843 | Val Acc: 0.3036
2025-06-23 10:16:31,654 [INFO] Epoch 095 | Train Loss: 1.1465 | Val Loss: 1.3657 | Val Acc: 0.3929
2025-06-23 10:16:31,669 [INFO] Epoch 096 | Train Loss: 1.1795 | Val Loss: 1.3648 | Val Acc: 0.3571
2025-06-23 10:16:31,681 [INFO] Epoch 097 | Train Loss: 1.1874 | Val Loss: 1.3877 | Val Acc: 0.3929
2025-06-23 10:16:31,692 [INFO] Epoch 098 | Train Loss: 1.1661 | Val Loss: 1.3509 | Val Acc: 0.3571
2025-06-23 10:16:31,703 [INFO] Epoch 099 | Train Loss: 1.1509 | Val Loss: 1.3409 | Val Acc: 0.3929
2025-06-23 10:16:31,713 [INFO] Epoch 100 | Train Loss: 1.1036 | Val Loss: 1.3674 | Val Acc: 0.3929
2025-06-23 10:16:32,770 [INFO] Epoch 101 | Train Loss: 1.1800 | Val Loss: 1.3572 | Val Acc: 0.4286
2025-06-23 10:16:32,779 [INFO] Epoch 102 | Train Loss: 1.1160 | Val Loss: 1.3590 | Val Acc: 0.3393
2025-06-23 10:16:32,790 [INFO] Epoch 103 | Train Loss: 1.1420 | Val Loss: 1.3492 | Val Acc: 0.4464
2025-06-23 10:16:32,803 [INFO] Epoch 104 | Train Loss: 1.1163 | Val Loss: 1.3551 | Val Acc: 0.4107
2025-06-23 10:16:32,814 [INFO] Epoch 105 | Train Loss: 1.1782 | Val Loss: 1.3674 | Val Acc: 0.3571
2025-06-23 10:16:32,825 [INFO] Epoch 106 | Train Loss: 1.1475 | Val Loss: 1.3126 | Val Acc: 0.3929
2025-06-23 10:16:32,835 [INFO] Epoch 107 | Train Loss: 1.1433 | Val Loss: 1.3276 | Val Acc: 0.3571
2025-06-23 10:16:32,847 [INFO] Epoch 108 | Train Loss: 1.1767 | Val Loss: 1.3495 | Val Acc: 0.3750
2025-06-23 10:16:32,857 [INFO] Epoch 109 | Train Loss: 1.1224 | Val Loss: 1.3335 | Val Acc: 0.4286
2025-06-23 10:16:32,867 [INFO] Epoch 110 | Train Loss: 1.1235 | Val Loss: 1.3386 | Val Acc: 0.4107
2025-06-23 10:16:35,938 [INFO] Epoch 111 | Train Loss: 1.1435 | Val Loss: 1.3228 | Val Acc: 0.3750
2025-06-23 10:16:35,962 [INFO] Epoch 112 | Train Loss: 1.1815 | Val Loss: 1.3041 | Val Acc: 0.3750
2025-06-23 10:16:35,974 [INFO] Epoch 113 | Train Loss: 1.1071 | Val Loss: 1.2883 | Val Acc: 0.3750
2025-06-23 10:16:35,992 [INFO] Epoch 114 | Train Loss: 1.1330 | Val Loss: 1.2833 | Val Acc: 0.4464
2025-06-23 10:16:36,003 [INFO] Epoch 115 | Train Loss: 1.1292 | Val Loss: 1.2591 | Val Acc: 0.3929
2025-06-23 10:16:36,013 [INFO] Epoch 116 | Train Loss: 1.1483 | Val Loss: 1.2809 | Val Acc: 0.4464
2025-06-23 10:16:36,022 [INFO] Epoch 117 | Train Loss: 1.1580 | Val Loss: 1.2970 | Val Acc: 0.4821
2025-06-23 10:16:36,032 [INFO] Epoch 118 | Train Loss: 1.1363 | Val Loss: 1.3372 | Val Acc: 0.3214
2025-06-23 10:16:36,041 [INFO] Epoch 119 | Train Loss: 1.1766 | Val Loss: 1.3051 | Val Acc: 0.3750
2025-06-23 10:16:36,050 [INFO] Epoch 120 | Train Loss: 1.1731 | Val Loss: 1.3043 | Val Acc: 0.4107
2025-06-23 10:16:37,159 [INFO] Epoch 121 | Train Loss: 1.1145 | Val Loss: 1.3009 | Val Acc: 0.3750
2025-06-23 10:16:37,176 [INFO] Epoch 122 | Train Loss: 1.1181 | Val Loss: 1.3125 | Val Acc: 0.3214
2025-06-23 10:16:37,188 [INFO] Epoch 123 | Train Loss: 1.1838 | Val Loss: 1.3146 | Val Acc: 0.3750
2025-06-23 10:16:37,203 [INFO] Epoch 124 | Train Loss: 1.1269 | Val Loss: 1.3021 | Val Acc: 0.3929
2025-06-23 10:16:37,222 [INFO] Epoch 125 | Train Loss: 1.1216 | Val Loss: 1.2943 | Val Acc: 0.5357
2025-06-23 10:16:37,224 [INFO] New best model at epoch 125 (Val Acc: 0.5357)
2025-06-23 10:16:37,247 [INFO] Epoch 126 | Train Loss: 1.1369 | Val Loss: 1.3210 | Val Acc: 0.5179
2025-06-23 10:16:37,266 [INFO] Epoch 127 | Train Loss: 1.1392 | Val Loss: 1.3176 | Val Acc: 0.4107
2025-06-23 10:16:37,281 [INFO] Epoch 128 | Train Loss: 1.1586 | Val Loss: 1.3271 | Val Acc: 0.3929
2025-06-23 10:16:37,301 [INFO] Epoch 129 | Train Loss: 1.1513 | Val Loss: 1.3289 | Val Acc: 0.4643
2025-06-23 10:16:37,317 [INFO] Epoch 130 | Train Loss: 1.1193 | Val Loss: 1.3155 | Val Acc: 0.4286
2025-06-23 10:16:38,429 [INFO] Epoch 131 | Train Loss: 1.1234 | Val Loss: 1.3116 | Val Acc: 0.4643
2025-06-23 10:16:38,438 [INFO] Epoch 132 | Train Loss: 1.0896 | Val Loss: 1.3086 | Val Acc: 0.4643
2025-06-23 10:16:38,449 [INFO] Epoch 133 | Train Loss: 1.1363 | Val Loss: 1.3265 | Val Acc: 0.3929
2025-06-23 10:16:38,459 [INFO] Epoch 134 | Train Loss: 1.1396 | Val Loss: 1.3235 | Val Acc: 0.3929
2025-06-23 10:16:38,470 [INFO] Epoch 135 | Train Loss: 1.1362 | Val Loss: 1.3210 | Val Acc: 0.4107
2025-06-23 10:16:38,481 [INFO] Epoch 136 | Train Loss: 1.1417 | Val Loss: 1.3845 | Val Acc: 0.3214
2025-06-23 10:16:38,493 [INFO] Epoch 137 | Train Loss: 1.1477 | Val Loss: 1.3516 | Val Acc: 0.3750
2025-06-23 10:16:38,505 [INFO] Epoch 138 | Train Loss: 1.2142 | Val Loss: 1.3514 | Val Acc: 0.4286
2025-06-23 10:16:38,517 [INFO] Epoch 139 | Train Loss: 1.1445 | Val Loss: 1.3413 | Val Acc: 0.3036
2025-06-23 10:16:38,527 [INFO] Epoch 140 | Train Loss: 1.1326 | Val Loss: 1.3496 | Val Acc: 0.3929
2025-06-23 10:16:42,516 [INFO] Epoch 141 | Train Loss: 1.1373 | Val Loss: 1.3457 | Val Acc: 0.4643
2025-06-23 10:16:42,526 [INFO] Epoch 142 | Train Loss: 1.1287 | Val Loss: 1.2943 | Val Acc: 0.3571
2025-06-23 10:16:42,538 [INFO] Epoch 143 | Train Loss: 1.1117 | Val Loss: 1.2933 | Val Acc: 0.3750
2025-06-23 10:16:42,551 [INFO] Epoch 144 | Train Loss: 1.1425 | Val Loss: 1.2734 | Val Acc: 0.3750
2025-06-23 10:16:42,562 [INFO] Epoch 145 | Train Loss: 1.1296 | Val Loss: 1.3072 | Val Acc: 0.4286
2025-06-23 10:16:42,576 [INFO] Epoch 146 | Train Loss: 1.1224 | Val Loss: 1.3063 | Val Acc: 0.3929
2025-06-23 10:16:42,593 [INFO] Epoch 147 | Train Loss: 1.1517 | Val Loss: 1.2648 | Val Acc: 0.3929
2025-06-23 10:16:42,604 [INFO] Epoch 148 | Train Loss: 1.1473 | Val Loss: 1.2979 | Val Acc: 0.3571
2025-06-23 10:16:42,614 [INFO] Epoch 149 | Train Loss: 1.1516 | Val Loss: 1.3285 | Val Acc: 0.4286
2025-06-23 10:16:42,624 [INFO] Epoch 150 | Train Loss: 1.1066 | Val Loss: 1.3082 | Val Acc: 0.5357
2025-06-23 10:16:43,746 [INFO] Best model saved to <built-in function time>/ENZYMES/best/best_source_gin.pth (Val Acc: 0.5357 at epoch 125)
2025-06-23 10:16:43,747 [INFO] Training/validation metrics saved to <built-in function time>/ENZYMES/GIN_0.01/train_metrics.csv
2025-06-23 10:16:44,802 [INFO] Final training curves saved
2025-06-23 10:16:44,802 [INFO] Training completed!
2025-06-23 10:16:44,802 [INFO] Best validation accuracy: 0.5357
2025-06-23 10:16:44,802 [INFO] Best epoch: 125
2025-06-23 10:16:44,802 [INFO] Total epochs trained: 150
2025-06-23 10:16:44,803 [INFO] Starting training with parameters: (0.01, 0.2, 64, 1, 150, 0.001)
