2025-06-20 16:43:06,701 [INFO] Using device: cpu
2025-06-20 16:43:06,701 [INFO] 开始创建数据加载器...
2025-06-20 16:43:06,703 [INFO] Successfully loaded dataset ENZYMES from ./data, total graphs: 600
2025-06-20 16:43:06,703 [INFO] Class allocation analysis:
2025-06-20 16:43:06,703 [INFO]   Source classes: [0, 1, 2, 3]
2025-06-20 16:43:06,703 [INFO]   Target classes: [0, 1, 2, 3, 4, 5]
2025-06-20 16:43:06,703 [INFO]   Overlap classes (to be split): [0, 1, 2, 3]
2025-06-20 16:43:06,703 [INFO]   Target novel classes (unknown): [4, 5]
2025-06-20 16:43:06,718 [INFO]   Class 0: 100 total -> Source: 70, Target: 30
2025-06-20 16:43:06,718 [INFO]   Class 1: 100 total -> Source: 70, Target: 30
2025-06-20 16:43:06,718 [INFO]   Class 2: 100 total -> Source: 70, Target: 30
2025-06-20 16:43:06,718 [INFO]   Class 3: 100 total -> Source: 70, Target: 30
2025-06-20 16:43:06,718 [INFO]   Class 4 (novel/unknown): 100 samples -> Target
2025-06-20 16:43:06,718 [INFO]   Class 5 (novel/unknown): 100 samples -> Target
2025-06-20 16:43:06,718 [INFO] Final allocation:
2025-06-20 16:43:06,718 [INFO]   Source domain: 280 samples
2025-06-20 16:43:06,719 [INFO]   Target domain: 320 samples
2025-06-20 16:43:06,720 [INFO] Source domain setup:
2025-06-20 16:43:06,720 [INFO]   Original classes: [0, 1, 2, 3]
2025-06-20 16:43:06,720 [INFO]   Overlap classes used: [0, 1, 2, 3]
2025-06-20 16:43:06,720 [INFO]   Label mapping: {0: 0, 1: 1, 2: 2, 3: 3}
2025-06-20 16:43:06,720 [INFO]   Total data after allocation: 280
2025-06-20 16:43:06,720 [INFO]   Data split - Train: 224, Val: 56
2025-06-20 16:43:06,720 [INFO]   Train label distribution: {0: 56, 1: 56, 3: 56, 2: 56}
2025-06-20 16:43:06,720 [INFO]   Val label distribution: {1: 14, 2: 14, 0: 14, 3: 14}
2025-06-20 16:43:06,722 [INFO] Successfully loaded dataset ENZYMES from ./data, total graphs: 600
2025-06-20 16:43:06,722 [INFO] Class allocation analysis:
2025-06-20 16:43:06,722 [INFO]   Source classes: [0, 1, 2, 3]
2025-06-20 16:43:06,722 [INFO]   Target classes: [0, 1, 2, 3, 4, 5]
2025-06-20 16:43:06,722 [INFO]   Overlap classes (to be split): [0, 1, 2, 3]
2025-06-20 16:43:06,722 [INFO]   Target novel classes (unknown): [4, 5]
2025-06-20 16:43:06,737 [INFO]   Class 0: 100 total -> Source: 70, Target: 30
2025-06-20 16:43:06,737 [INFO]   Class 1: 100 total -> Source: 70, Target: 30
2025-06-20 16:43:06,738 [INFO]   Class 2: 100 total -> Source: 70, Target: 30
2025-06-20 16:43:06,738 [INFO]   Class 3: 100 total -> Source: 70, Target: 30
2025-06-20 16:43:06,738 [INFO]   Class 4 (novel/unknown): 100 samples -> Target
2025-06-20 16:43:06,738 [INFO]   Class 5 (novel/unknown): 100 samples -> Target
2025-06-20 16:43:06,738 [INFO] Final allocation:
2025-06-20 16:43:06,738 [INFO]   Source domain: 280 samples
2025-06-20 16:43:06,738 [INFO]   Target domain: 320 samples
2025-06-20 16:43:06,740 [INFO] Target domain setup:
2025-06-20 16:43:06,740 [INFO]   Original classes: [0, 1, 2, 3, 4, 5]
2025-06-20 16:43:06,740 [INFO]   Overlap classes: [0, 1, 2, 3]
2025-06-20 16:43:06,740 [INFO]   Novel classes: [4, 5] -> mapped to unknown label 4
2025-06-20 16:43:06,740 [INFO]   Label mapping: {0: 0, 1: 1, 2: 2, 3: 3, 4: 4, 5: 4}
2025-06-20 16:43:06,740 [INFO]   Total data after allocation: 320
2025-06-20 16:43:06,740 [INFO]   Data split - Train: 256, Val: 64
2025-06-20 16:43:06,740 [INFO]   Total count: 320 (known: 120, unknown: 200)
2025-06-20 16:43:06,740 [INFO]   Total label distribution: {4: 200, 3: 30, 0: 30, 1: 30, 2: 30}
2025-06-20 16:43:06,740 [INFO]   Train label distribution: {4: 160, 0: 24, 2: 24, 3: 24, 1: 24}
2025-06-20 16:43:06,740 [INFO]   Val label distribution: {1: 6, 4: 40, 3: 6, 0: 6, 2: 6}
2025-06-20 16:43:06,740 [INFO] 数据加载器创建完成!
2025-06-20 16:43:06,740 [INFO] 源域类别数: 4 (重叠类别)
2025-06-20 16:43:06,740 [INFO] 目标域类别数: 5 (4个重叠类别 + 1个未知类别)
2025-06-20 16:43:06,740 [INFO] 重叠类别: [0, 1, 2, 3]
2025-06-20 16:43:06,740 [INFO] 目标域新类别: [4, 5]
2025-06-20 16:43:06,741 [INFO] Data allocation verification:
2025-06-20 16:43:06,741 [INFO]   Source data samples: 280
2025-06-20 16:43:06,741 [INFO]   Target data samples: 320
2025-06-20 16:43:06,741 [INFO]   Overlapping samples: 0
2025-06-20 16:43:06,741 [INFO]   ✓ Data allocation is correct - no overlapping samples
2025-06-20 16:43:06,742 [INFO] Model initialized with 201476 parameters
2025-06-20 16:43:06,743 [INFO] Previous best validation accuracy read from record.txt: 0.6071
2025-06-20 16:43:06,743 [INFO] Starting training...
2025-06-20 16:43:06,892 [INFO] Epoch 001 | Train Loss: 7.3287 | Val Loss: 2.1311 | Val Acc: 0.1607
2025-06-20 16:43:06,999 [INFO] New best model at epoch 1 (Val Acc: 0.1607)
2025-06-20 16:43:07,129 [INFO] Epoch 002 | Train Loss: 3.4369 | Val Loss: 2.3850 | Val Acc: 0.2321
2025-06-20 16:43:07,136 [INFO] New best model at epoch 2 (Val Acc: 0.2321)
2025-06-20 16:43:07,264 [INFO] Epoch 003 | Train Loss: 2.5610 | Val Loss: 2.6130 | Val Acc: 0.2500
2025-06-20 16:43:07,271 [INFO] New best model at epoch 3 (Val Acc: 0.2500)
2025-06-20 16:43:07,363 [INFO] Epoch 004 | Train Loss: 2.3493 | Val Loss: 2.9375 | Val Acc: 0.2143
2025-06-20 16:43:07,468 [INFO] Epoch 005 | Train Loss: 2.0949 | Val Loss: 3.0502 | Val Acc: 0.2500
2025-06-20 16:43:07,517 [INFO] Epoch 006 | Train Loss: 2.1264 | Val Loss: 2.0438 | Val Acc: 0.3036
2025-06-20 16:43:07,523 [INFO] New best model at epoch 6 (Val Acc: 0.3036)
2025-06-20 16:43:07,581 [INFO] Epoch 007 | Train Loss: 1.4064 | Val Loss: 1.8983 | Val Acc: 0.3571
2025-06-20 16:43:07,587 [INFO] New best model at epoch 7 (Val Acc: 0.3571)
2025-06-20 16:43:07,635 [INFO] Epoch 008 | Train Loss: 1.3424 | Val Loss: 1.9232 | Val Acc: 0.3929
2025-06-20 16:43:07,640 [INFO] New best model at epoch 8 (Val Acc: 0.3929)
2025-06-20 16:43:07,685 [INFO] Epoch 009 | Train Loss: 1.4129 | Val Loss: 2.1526 | Val Acc: 0.3036
2025-06-20 16:43:07,733 [INFO] Epoch 010 | Train Loss: 1.6365 | Val Loss: 2.2430 | Val Acc: 0.3393
2025-06-20 16:43:07,881 [INFO] Epoch 011 | Train Loss: 1.3673 | Val Loss: 2.5674 | Val Acc: 0.3393
2025-06-20 16:43:07,927 [INFO] Epoch 012 | Train Loss: 1.2946 | Val Loss: 2.9671 | Val Acc: 0.2857
2025-06-20 16:43:07,984 [INFO] Epoch 013 | Train Loss: 1.3465 | Val Loss: 2.1938 | Val Acc: 0.4107
2025-06-20 16:43:07,990 [INFO] New best model at epoch 13 (Val Acc: 0.4107)
2025-06-20 16:43:08,034 [INFO] Epoch 014 | Train Loss: 1.2228 | Val Loss: 2.2772 | Val Acc: 0.4286
2025-06-20 16:43:08,039 [INFO] New best model at epoch 14 (Val Acc: 0.4286)
2025-06-20 16:43:08,086 [INFO] Epoch 015 | Train Loss: 1.3041 | Val Loss: 2.0347 | Val Acc: 0.3750
2025-06-20 16:43:08,163 [INFO] Epoch 016 | Train Loss: 1.4102 | Val Loss: 1.9463 | Val Acc: 0.4107
2025-06-20 16:43:08,222 [INFO] Epoch 017 | Train Loss: 1.1718 | Val Loss: 2.4078 | Val Acc: 0.4286
2025-06-20 16:43:08,267 [INFO] Epoch 018 | Train Loss: 1.0010 | Val Loss: 2.0482 | Val Acc: 0.4464
2025-06-20 16:43:08,273 [INFO] New best model at epoch 18 (Val Acc: 0.4464)
2025-06-20 16:43:08,308 [INFO] Epoch 019 | Train Loss: 1.1420 | Val Loss: 2.1869 | Val Acc: 0.4286
2025-06-20 16:43:08,385 [INFO] Epoch 020 | Train Loss: 1.1961 | Val Loss: 2.0452 | Val Acc: 0.3393
2025-06-20 16:43:08,567 [INFO] Epoch 021 | Train Loss: 1.0091 | Val Loss: 1.9779 | Val Acc: 0.3750
2025-06-20 16:43:08,622 [INFO] Epoch 022 | Train Loss: 1.2123 | Val Loss: 1.8929 | Val Acc: 0.4643
2025-06-20 16:43:08,628 [INFO] New best model at epoch 22 (Val Acc: 0.4643)
2025-06-20 16:43:08,681 [INFO] Epoch 023 | Train Loss: 0.9691 | Val Loss: 2.1689 | Val Acc: 0.4107
2025-06-20 16:43:08,739 [INFO] Epoch 024 | Train Loss: 0.7521 | Val Loss: 2.1216 | Val Acc: 0.4107
2025-06-20 16:43:08,784 [INFO] Epoch 025 | Train Loss: 0.8990 | Val Loss: 2.1977 | Val Acc: 0.4464
2025-06-20 16:43:08,829 [INFO] Epoch 026 | Train Loss: 0.8439 | Val Loss: 2.0210 | Val Acc: 0.4464
2025-06-20 16:43:08,880 [INFO] Epoch 027 | Train Loss: 0.8273 | Val Loss: 2.1366 | Val Acc: 0.4464
2025-06-20 16:43:09,031 [INFO] Epoch 028 | Train Loss: 0.7356 | Val Loss: 2.1234 | Val Acc: 0.4107
2025-06-20 16:43:09,189 [INFO] Epoch 029 | Train Loss: 0.7658 | Val Loss: 2.0064 | Val Acc: 0.4286
2025-06-20 16:43:09,351 [INFO] Epoch 030 | Train Loss: 0.7497 | Val Loss: 2.0231 | Val Acc: 0.3571
2025-06-20 16:43:09,620 [INFO] Epoch 031 | Train Loss: 0.8089 | Val Loss: 1.9231 | Val Acc: 0.4107
2025-06-20 16:43:09,742 [INFO] Epoch 032 | Train Loss: 0.7273 | Val Loss: 2.0680 | Val Acc: 0.4107
2025-06-20 16:43:09,846 [INFO] Epoch 033 | Train Loss: 0.7636 | Val Loss: 2.2201 | Val Acc: 0.3571
2025-06-20 16:43:09,973 [INFO] Epoch 034 | Train Loss: 0.6093 | Val Loss: 1.9242 | Val Acc: 0.4643
2025-06-20 16:43:10,071 [INFO] Epoch 035 | Train Loss: 0.7706 | Val Loss: 2.0511 | Val Acc: 0.4464
2025-06-20 16:43:10,120 [INFO] Epoch 036 | Train Loss: 0.8785 | Val Loss: 1.9053 | Val Acc: 0.4464
2025-06-20 16:43:10,165 [INFO] Epoch 037 | Train Loss: 0.5598 | Val Loss: 1.8574 | Val Acc: 0.3929
2025-06-20 16:43:10,211 [INFO] Epoch 038 | Train Loss: 0.7137 | Val Loss: 1.7807 | Val Acc: 0.4821
2025-06-20 16:43:10,216 [INFO] New best model at epoch 38 (Val Acc: 0.4821)
2025-06-20 16:43:10,260 [INFO] Epoch 039 | Train Loss: 0.7643 | Val Loss: 1.7383 | Val Acc: 0.5000
2025-06-20 16:43:10,266 [INFO] New best model at epoch 39 (Val Acc: 0.5000)
2025-06-20 16:43:10,309 [INFO] Epoch 040 | Train Loss: 0.6524 | Val Loss: 1.9091 | Val Acc: 0.4464
2025-06-20 16:43:10,475 [INFO] Epoch 041 | Train Loss: 0.6585 | Val Loss: 2.1793 | Val Acc: 0.3571
2025-06-20 16:43:10,515 [INFO] Epoch 042 | Train Loss: 0.7336 | Val Loss: 2.2122 | Val Acc: 0.4286
2025-06-20 16:43:10,558 [INFO] Epoch 043 | Train Loss: 0.6960 | Val Loss: 1.8975 | Val Acc: 0.5000
2025-06-20 16:43:10,603 [INFO] Epoch 044 | Train Loss: 0.5601 | Val Loss: 2.0667 | Val Acc: 0.3750
2025-06-20 16:43:10,646 [INFO] Epoch 045 | Train Loss: 0.7840 | Val Loss: 3.0495 | Val Acc: 0.2857
2025-06-20 16:43:10,689 [INFO] Epoch 046 | Train Loss: 0.7103 | Val Loss: 2.0767 | Val Acc: 0.4464
2025-06-20 16:43:10,732 [INFO] Epoch 047 | Train Loss: 0.6914 | Val Loss: 2.0184 | Val Acc: 0.4286
2025-06-20 16:43:10,776 [INFO] Epoch 048 | Train Loss: 0.6933 | Val Loss: 2.2405 | Val Acc: 0.5357
2025-06-20 16:43:10,782 [INFO] New best model at epoch 48 (Val Acc: 0.5357)
2025-06-20 16:43:10,819 [INFO] Epoch 049 | Train Loss: 0.7741 | Val Loss: 2.0991 | Val Acc: 0.5000
2025-06-20 16:43:10,866 [INFO] Epoch 050 | Train Loss: 0.9084 | Val Loss: 2.2544 | Val Acc: 0.4464
2025-06-20 16:43:11,017 [INFO] Epoch 051 | Train Loss: 0.5784 | Val Loss: 1.8143 | Val Acc: 0.5357
2025-06-20 16:43:11,060 [INFO] Epoch 052 | Train Loss: 0.7598 | Val Loss: 2.0526 | Val Acc: 0.5000
2025-06-20 16:43:11,114 [INFO] Epoch 053 | Train Loss: 0.6884 | Val Loss: 2.3105 | Val Acc: 0.4107
2025-06-20 16:43:11,157 [INFO] Epoch 054 | Train Loss: 0.5213 | Val Loss: 1.8765 | Val Acc: 0.4107
2025-06-20 16:43:11,201 [INFO] Epoch 055 | Train Loss: 0.6212 | Val Loss: 1.8202 | Val Acc: 0.5357
2025-06-20 16:43:11,244 [INFO] Epoch 056 | Train Loss: 0.6236 | Val Loss: 2.0496 | Val Acc: 0.4821
2025-06-20 16:43:11,290 [INFO] Epoch 057 | Train Loss: 0.6667 | Val Loss: 2.2934 | Val Acc: 0.3929
2025-06-20 16:43:11,346 [INFO] Epoch 058 | Train Loss: 0.5611 | Val Loss: 2.1242 | Val Acc: 0.4286
2025-06-20 16:43:11,390 [INFO] Epoch 059 | Train Loss: 0.4993 | Val Loss: 2.2166 | Val Acc: 0.4286
2025-06-20 16:43:11,433 [INFO] Epoch 060 | Train Loss: 0.5289 | Val Loss: 2.1750 | Val Acc: 0.4643
2025-06-20 16:43:11,589 [INFO] Epoch 061 | Train Loss: 0.5653 | Val Loss: 2.2655 | Val Acc: 0.3571
2025-06-20 16:43:11,630 [INFO] Epoch 062 | Train Loss: 0.5249 | Val Loss: 2.3803 | Val Acc: 0.3393
2025-06-20 16:43:11,673 [INFO] Epoch 063 | Train Loss: 0.5676 | Val Loss: 2.3832 | Val Acc: 0.4107
2025-06-20 16:43:11,714 [INFO] Epoch 064 | Train Loss: 0.6151 | Val Loss: 2.2153 | Val Acc: 0.3750
2025-06-20 16:43:11,756 [INFO] Epoch 065 | Train Loss: 0.4711 | Val Loss: 2.3237 | Val Acc: 0.3571
2025-06-20 16:43:11,805 [INFO] Epoch 066 | Train Loss: 0.5344 | Val Loss: 2.1236 | Val Acc: 0.4643
2025-06-20 16:43:11,850 [INFO] Epoch 067 | Train Loss: 0.5449 | Val Loss: 2.2438 | Val Acc: 0.5000
2025-06-20 16:43:11,889 [INFO] Epoch 068 | Train Loss: 0.4428 | Val Loss: 2.2983 | Val Acc: 0.4286
2025-06-20 16:43:11,930 [INFO] Epoch 069 | Train Loss: 0.5197 | Val Loss: 1.9496 | Val Acc: 0.4821
2025-06-20 16:43:11,972 [INFO] Epoch 070 | Train Loss: 0.4830 | Val Loss: 2.2140 | Val Acc: 0.4464
2025-06-20 16:43:12,223 [INFO] Epoch 071 | Train Loss: 0.3228 | Val Loss: 2.3901 | Val Acc: 0.3929
2025-06-20 16:43:12,273 [INFO] Epoch 072 | Train Loss: 0.4734 | Val Loss: 2.1852 | Val Acc: 0.5179
2025-06-20 16:43:12,314 [INFO] Epoch 073 | Train Loss: 0.4379 | Val Loss: 1.8192 | Val Acc: 0.4821
2025-06-20 16:43:12,357 [INFO] Epoch 074 | Train Loss: 0.4894 | Val Loss: 2.0223 | Val Acc: 0.4464
2025-06-20 16:43:12,401 [INFO] Epoch 075 | Train Loss: 0.3725 | Val Loss: 2.1147 | Val Acc: 0.4643
2025-06-20 16:43:12,446 [INFO] Epoch 076 | Train Loss: 0.3815 | Val Loss: 1.8990 | Val Acc: 0.5536
2025-06-20 16:43:12,451 [INFO] New best model at epoch 76 (Val Acc: 0.5536)
2025-06-20 16:43:12,495 [INFO] Epoch 077 | Train Loss: 0.4958 | Val Loss: 2.0334 | Val Acc: 0.4643
2025-06-20 16:43:12,543 [INFO] Epoch 078 | Train Loss: 0.4278 | Val Loss: 2.0672 | Val Acc: 0.4286
2025-06-20 16:43:12,620 [INFO] Epoch 079 | Train Loss: 0.5648 | Val Loss: 2.0949 | Val Acc: 0.5357
2025-06-20 16:43:12,666 [INFO] Epoch 080 | Train Loss: 0.4379 | Val Loss: 2.1976 | Val Acc: 0.5000
2025-06-20 16:43:12,814 [INFO] Epoch 081 | Train Loss: 0.4358 | Val Loss: 2.0268 | Val Acc: 0.5357
2025-06-20 16:43:12,859 [INFO] Epoch 082 | Train Loss: 0.4107 | Val Loss: 1.9784 | Val Acc: 0.5000
2025-06-20 16:43:12,903 [INFO] Epoch 083 | Train Loss: 0.3661 | Val Loss: 2.4238 | Val Acc: 0.4107
2025-06-20 16:43:12,952 [INFO] Epoch 084 | Train Loss: 0.6399 | Val Loss: 2.4559 | Val Acc: 0.4821
2025-06-20 16:43:12,998 [INFO] Epoch 085 | Train Loss: 0.6997 | Val Loss: 2.0842 | Val Acc: 0.5179
2025-06-20 16:43:13,044 [INFO] Epoch 086 | Train Loss: 0.4460 | Val Loss: 2.1795 | Val Acc: 0.3929
2025-06-20 16:43:13,085 [INFO] Epoch 087 | Train Loss: 0.4368 | Val Loss: 2.2597 | Val Acc: 0.4107
2025-06-20 16:43:13,126 [INFO] Epoch 088 | Train Loss: 0.4184 | Val Loss: 2.0264 | Val Acc: 0.5000
2025-06-20 16:43:13,180 [INFO] Epoch 089 | Train Loss: 0.3085 | Val Loss: 2.0868 | Val Acc: 0.4821
2025-06-20 16:43:13,230 [INFO] Epoch 090 | Train Loss: 0.4380 | Val Loss: 2.2878 | Val Acc: 0.3929
2025-06-20 16:43:13,374 [INFO] Epoch 091 | Train Loss: 0.3486 | Val Loss: 2.3118 | Val Acc: 0.3036
2025-06-20 16:43:13,416 [INFO] Epoch 092 | Train Loss: 0.3286 | Val Loss: 2.8932 | Val Acc: 0.4107
2025-06-20 16:43:13,456 [INFO] Epoch 093 | Train Loss: 0.4154 | Val Loss: 2.3074 | Val Acc: 0.5000
2025-06-20 16:43:13,501 [INFO] Epoch 094 | Train Loss: 0.3265 | Val Loss: 2.2340 | Val Acc: 0.4821
2025-06-20 16:43:13,543 [INFO] Epoch 095 | Train Loss: 0.4684 | Val Loss: 2.4488 | Val Acc: 0.4107
2025-06-20 16:43:13,587 [INFO] Epoch 096 | Train Loss: 0.3743 | Val Loss: 2.2535 | Val Acc: 0.5000
2025-06-20 16:43:13,629 [INFO] Epoch 097 | Train Loss: 0.4000 | Val Loss: 2.3415 | Val Acc: 0.4464
2025-06-20 16:43:13,687 [INFO] Epoch 098 | Train Loss: 0.2875 | Val Loss: 2.0736 | Val Acc: 0.4821
2025-06-20 16:43:13,739 [INFO] Epoch 099 | Train Loss: 0.3280 | Val Loss: 2.4991 | Val Acc: 0.4464
2025-06-20 16:43:13,782 [INFO] Epoch 100 | Train Loss: 0.4932 | Val Loss: 2.3966 | Val Acc: 0.4643
2025-06-20 16:43:13,926 [INFO] Epoch 101 | Train Loss: 0.3332 | Val Loss: 2.4571 | Val Acc: 0.4107
2025-06-20 16:43:13,969 [INFO] Epoch 102 | Train Loss: 0.5012 | Val Loss: 2.8749 | Val Acc: 0.3571
2025-06-20 16:43:14,012 [INFO] Epoch 103 | Train Loss: 0.3122 | Val Loss: 2.1342 | Val Acc: 0.4821
2025-06-20 16:43:14,055 [INFO] Epoch 104 | Train Loss: 0.3245 | Val Loss: 2.4842 | Val Acc: 0.4464
2025-06-20 16:43:14,102 [INFO] Epoch 105 | Train Loss: 0.3213 | Val Loss: 2.5594 | Val Acc: 0.4286
2025-06-20 16:43:14,149 [INFO] Epoch 106 | Train Loss: 0.3071 | Val Loss: 2.2591 | Val Acc: 0.4643
2025-06-20 16:43:14,206 [INFO] Epoch 107 | Train Loss: 0.3564 | Val Loss: 2.5249 | Val Acc: 0.5000
2025-06-20 16:43:14,255 [INFO] Epoch 108 | Train Loss: 0.4315 | Val Loss: 2.5396 | Val Acc: 0.4643
2025-06-20 16:43:14,303 [INFO] Epoch 109 | Train Loss: 0.2719 | Val Loss: 2.3423 | Val Acc: 0.4643
2025-06-20 16:43:14,348 [INFO] Epoch 110 | Train Loss: 0.2615 | Val Loss: 2.3022 | Val Acc: 0.4286
2025-06-20 16:43:14,504 [INFO] Epoch 111 | Train Loss: 0.2643 | Val Loss: 2.4707 | Val Acc: 0.3750
2025-06-20 16:43:14,553 [INFO] Epoch 112 | Train Loss: 0.2900 | Val Loss: 2.2872 | Val Acc: 0.4821
2025-06-20 16:43:14,602 [INFO] Epoch 113 | Train Loss: 0.3777 | Val Loss: 2.3167 | Val Acc: 0.4821
2025-06-20 16:43:14,648 [INFO] Epoch 114 | Train Loss: 0.4401 | Val Loss: 2.2248 | Val Acc: 0.5000
2025-06-20 16:43:14,702 [INFO] Epoch 115 | Train Loss: 0.6078 | Val Loss: 2.4833 | Val Acc: 0.4643
2025-06-20 16:43:14,749 [INFO] Epoch 116 | Train Loss: 0.4050 | Val Loss: 2.7273 | Val Acc: 0.4643
2025-06-20 16:43:14,791 [INFO] Epoch 117 | Train Loss: 0.3328 | Val Loss: 2.6410 | Val Acc: 0.4464
2025-06-20 16:43:14,831 [INFO] Epoch 118 | Train Loss: 0.3730 | Val Loss: 2.3160 | Val Acc: 0.5179
2025-06-20 16:43:14,872 [INFO] Epoch 119 | Train Loss: 0.4710 | Val Loss: 2.5207 | Val Acc: 0.4821
2025-06-20 16:43:14,914 [INFO] Epoch 120 | Train Loss: 0.4152 | Val Loss: 2.4997 | Val Acc: 0.4821
2025-06-20 16:43:15,059 [INFO] Epoch 121 | Train Loss: 0.4009 | Val Loss: 2.8421 | Val Acc: 0.4643
2025-06-20 16:43:15,116 [INFO] Epoch 122 | Train Loss: 0.4254 | Val Loss: 2.5440 | Val Acc: 0.4286
2025-06-20 16:43:15,162 [INFO] Epoch 123 | Train Loss: 0.3971 | Val Loss: 2.0648 | Val Acc: 0.4107
2025-06-20 16:43:15,202 [INFO] Epoch 124 | Train Loss: 0.4484 | Val Loss: 2.1354 | Val Acc: 0.4643
2025-06-20 16:43:15,242 [INFO] Epoch 125 | Train Loss: 0.3311 | Val Loss: 2.5025 | Val Acc: 0.4464
2025-06-20 16:43:15,284 [INFO] Epoch 126 | Train Loss: 0.3518 | Val Loss: 2.4954 | Val Acc: 0.4286
2025-06-20 16:43:15,324 [INFO] Epoch 127 | Train Loss: 0.2741 | Val Loss: 2.3201 | Val Acc: 0.4286
2025-06-20 16:43:15,367 [INFO] Epoch 128 | Train Loss: 0.3345 | Val Loss: 2.3679 | Val Acc: 0.4821
2025-06-20 16:43:15,407 [INFO] Epoch 129 | Train Loss: 0.4114 | Val Loss: 2.7087 | Val Acc: 0.4286
2025-06-20 16:43:15,448 [INFO] Epoch 130 | Train Loss: 0.4290 | Val Loss: 2.4412 | Val Acc: 0.4643
2025-06-20 16:43:15,609 [INFO] Epoch 131 | Train Loss: 0.2601 | Val Loss: 2.7319 | Val Acc: 0.4643
2025-06-20 16:43:15,652 [INFO] Epoch 132 | Train Loss: 0.3166 | Val Loss: 2.7098 | Val Acc: 0.4286
2025-06-20 16:43:15,691 [INFO] Epoch 133 | Train Loss: 0.2375 | Val Loss: 2.6619 | Val Acc: 0.3750
2025-06-20 16:43:15,730 [INFO] Epoch 134 | Train Loss: 0.2995 | Val Loss: 2.6016 | Val Acc: 0.4286
2025-06-20 16:43:15,774 [INFO] Epoch 135 | Train Loss: 0.2066 | Val Loss: 2.4083 | Val Acc: 0.4643
2025-06-20 16:43:15,817 [INFO] Epoch 136 | Train Loss: 0.2378 | Val Loss: 2.6810 | Val Acc: 0.4286
2025-06-20 16:43:15,857 [INFO] Epoch 137 | Train Loss: 0.2103 | Val Loss: 2.9002 | Val Acc: 0.4107
2025-06-20 16:43:15,898 [INFO] Epoch 138 | Train Loss: 0.1661 | Val Loss: 2.4241 | Val Acc: 0.4643
2025-06-20 16:43:15,937 [INFO] Epoch 139 | Train Loss: 0.2059 | Val Loss: 2.6040 | Val Acc: 0.4643
2025-06-20 16:43:15,980 [INFO] Epoch 140 | Train Loss: 0.1845 | Val Loss: 2.9768 | Val Acc: 0.4643
2025-06-20 16:43:16,132 [INFO] Epoch 141 | Train Loss: 0.2368 | Val Loss: 2.5099 | Val Acc: 0.4643
2025-06-20 16:43:16,173 [INFO] Epoch 142 | Train Loss: 0.2398 | Val Loss: 2.6056 | Val Acc: 0.4464
2025-06-20 16:43:16,213 [INFO] Epoch 143 | Train Loss: 0.2215 | Val Loss: 2.8356 | Val Acc: 0.4464
2025-06-20 16:43:16,253 [INFO] Epoch 144 | Train Loss: 0.1956 | Val Loss: 2.3568 | Val Acc: 0.4107
2025-06-20 16:43:16,291 [INFO] Epoch 145 | Train Loss: 0.3175 | Val Loss: 2.3780 | Val Acc: 0.4821
2025-06-20 16:43:16,332 [INFO] Epoch 146 | Train Loss: 0.2988 | Val Loss: 2.4976 | Val Acc: 0.5357
2025-06-20 16:43:16,373 [INFO] Epoch 147 | Train Loss: 0.1848 | Val Loss: 2.4452 | Val Acc: 0.4821
2025-06-20 16:43:16,414 [INFO] Epoch 148 | Train Loss: 0.3449 | Val Loss: 2.4423 | Val Acc: 0.4643
2025-06-20 16:43:16,457 [INFO] Epoch 149 | Train Loss: 0.2090 | Val Loss: 2.5186 | Val Acc: 0.4464
2025-06-20 16:43:16,499 [INFO] Epoch 150 | Train Loss: 0.3105 | Val Loss: 2.6849 | Val Acc: 0.4286
2025-06-20 16:43:16,616 [INFO] Best model saved to <built-in function time>/ENZYMES/best/best_source_gin.pth (Val Acc: 0.5536 at epoch 76)
2025-06-20 16:43:16,616 [INFO] Training/validation metrics saved to <built-in function time>/ENZYMES/GIN_0.0001/train_metrics.csv
2025-06-20 16:43:16,722 [INFO] Final training curves saved
2025-06-20 16:43:16,722 [INFO] Training completed!
2025-06-20 16:43:16,722 [INFO] Best validation accuracy: 0.5536
2025-06-20 16:43:16,722 [INFO] Best epoch: 76
2025-06-20 16:43:16,722 [INFO] Total epochs trained: 150
2025-06-20 16:43:16,723 [INFO] Starting training with parameters: (0.0001, 0.0, 256, 2, 150, 0.0001)
