2025-06-20 18:28:01,378 [INFO] Using device: cpu
2025-06-20 18:28:01,378 [INFO] 开始创建数据加载器...
2025-06-20 18:28:01,381 [INFO] Successfully loaded dataset ENZYMES from ./data, total graphs: 600
2025-06-20 18:28:01,381 [INFO] Class allocation analysis:
2025-06-20 18:28:01,381 [INFO]   Source classes: [0, 1, 2, 3]
2025-06-20 18:28:01,381 [INFO]   Target classes: [0, 1, 2, 3, 4, 5]
2025-06-20 18:28:01,381 [INFO]   Overlap classes (to be split): [0, 1, 2, 3]
2025-06-20 18:28:01,381 [INFO]   Target novel classes (unknown): [4, 5]
2025-06-20 18:28:01,395 [INFO]   Class 0: 100 total -> Source: 70, Target: 30
2025-06-20 18:28:01,395 [INFO]   Class 1: 100 total -> Source: 70, Target: 30
2025-06-20 18:28:01,395 [INFO]   Class 2: 100 total -> Source: 70, Target: 30
2025-06-20 18:28:01,395 [INFO]   Class 3: 100 total -> Source: 70, Target: 30
2025-06-20 18:28:01,395 [INFO]   Class 4 (novel/unknown): 100 samples -> Target
2025-06-20 18:28:01,395 [INFO]   Class 5 (novel/unknown): 100 samples -> Target
2025-06-20 18:28:01,395 [INFO] Final allocation:
2025-06-20 18:28:01,395 [INFO]   Source domain: 280 samples
2025-06-20 18:28:01,395 [INFO]   Target domain: 320 samples
2025-06-20 18:28:01,396 [INFO] Source domain setup:
2025-06-20 18:28:01,397 [INFO]   Original classes: [0, 1, 2, 3]
2025-06-20 18:28:01,397 [INFO]   Overlap classes used: [0, 1, 2, 3]
2025-06-20 18:28:01,397 [INFO]   Label mapping: {0: 0, 1: 1, 2: 2, 3: 3}
2025-06-20 18:28:01,397 [INFO]   Total data after allocation: 280
2025-06-20 18:28:01,397 [INFO]   Data split - Train: 224, Val: 56
2025-06-20 18:28:01,397 [INFO]   Train label distribution: {0: 56, 1: 56, 3: 56, 2: 56}
2025-06-20 18:28:01,397 [INFO]   Val label distribution: {1: 14, 2: 14, 0: 14, 3: 14}
2025-06-20 18:28:01,398 [INFO] Successfully loaded dataset ENZYMES from ./data, total graphs: 600
2025-06-20 18:28:01,398 [INFO] Class allocation analysis:
2025-06-20 18:28:01,398 [INFO]   Source classes: [0, 1, 2, 3]
2025-06-20 18:28:01,398 [INFO]   Target classes: [0, 1, 2, 3, 4, 5]
2025-06-20 18:28:01,398 [INFO]   Overlap classes (to be split): [0, 1, 2, 3]
2025-06-20 18:28:01,398 [INFO]   Target novel classes (unknown): [4, 5]
2025-06-20 18:28:01,412 [INFO]   Class 0: 100 total -> Source: 70, Target: 30
2025-06-20 18:28:01,412 [INFO]   Class 1: 100 total -> Source: 70, Target: 30
2025-06-20 18:28:01,412 [INFO]   Class 2: 100 total -> Source: 70, Target: 30
2025-06-20 18:28:01,412 [INFO]   Class 3: 100 total -> Source: 70, Target: 30
2025-06-20 18:28:01,412 [INFO]   Class 4 (novel/unknown): 100 samples -> Target
2025-06-20 18:28:01,412 [INFO]   Class 5 (novel/unknown): 100 samples -> Target
2025-06-20 18:28:01,412 [INFO] Final allocation:
2025-06-20 18:28:01,412 [INFO]   Source domain: 280 samples
2025-06-20 18:28:01,412 [INFO]   Target domain: 320 samples
2025-06-20 18:28:01,414 [INFO] Target domain setup:
2025-06-20 18:28:01,414 [INFO]   Original classes: [0, 1, 2, 3, 4, 5]
2025-06-20 18:28:01,414 [INFO]   Overlap classes: [0, 1, 2, 3]
2025-06-20 18:28:01,414 [INFO]   Novel classes: [4, 5] -> mapped to unknown label 4
2025-06-20 18:28:01,414 [INFO]   Label mapping: {0: 0, 1: 1, 2: 2, 3: 3, 4: 4, 5: 4}
2025-06-20 18:28:01,414 [INFO]   Total data after allocation: 320
2025-06-20 18:28:01,414 [INFO]   Data split - Train: 256, Val: 64
2025-06-20 18:28:01,414 [INFO]   Total count: 320 (known: 120, unknown: 200)
2025-06-20 18:28:01,414 [INFO]   Total label distribution: {4: 200, 3: 30, 0: 30, 1: 30, 2: 30}
2025-06-20 18:28:01,414 [INFO]   Train label distribution: {4: 160, 0: 24, 2: 24, 3: 24, 1: 24}
2025-06-20 18:28:01,414 [INFO]   Val label distribution: {1: 6, 4: 40, 3: 6, 0: 6, 2: 6}
2025-06-20 18:28:01,414 [INFO] 数据加载器创建完成!
2025-06-20 18:28:01,414 [INFO] 源域类别数: 4 (重叠类别)
2025-06-20 18:28:01,414 [INFO] 目标域类别数: 5 (4个重叠类别 + 1个未知类别)
2025-06-20 18:28:01,414 [INFO] 重叠类别: [0, 1, 2, 3]
2025-06-20 18:28:01,414 [INFO] 目标域新类别: [4, 5]
2025-06-20 18:28:01,414 [INFO] Data allocation verification:
2025-06-20 18:28:01,414 [INFO]   Source data samples: 280
2025-06-20 18:28:01,414 [INFO]   Target data samples: 320
2025-06-20 18:28:01,414 [INFO]   Overlapping samples: 0
2025-06-20 18:28:01,414 [INFO]   ✓ Data allocation is correct - no overlapping samples
2025-06-20 18:28:01,419 [INFO] Model initialized with 1323524 parameters
2025-06-20 18:28:01,419 [INFO] Previous best validation accuracy read from record.txt: 0.6250
2025-06-20 18:28:01,419 [INFO] Starting training...
2025-06-20 18:28:01,524 [INFO] Epoch 001 | Train Loss: 11.5407 | Val Loss: 1.6084 | Val Acc: 0.2321
2025-06-20 18:28:01,670 [INFO] New best model at epoch 1 (Val Acc: 0.2321)
2025-06-20 18:28:01,780 [INFO] Epoch 002 | Train Loss: 5.8459 | Val Loss: 1.8986 | Val Acc: 0.2679
2025-06-20 18:28:01,801 [INFO] New best model at epoch 2 (Val Acc: 0.2679)
2025-06-20 18:28:01,931 [INFO] Epoch 003 | Train Loss: 4.0402 | Val Loss: 2.0917 | Val Acc: 0.3393
2025-06-20 18:28:01,958 [INFO] New best model at epoch 3 (Val Acc: 0.3393)
2025-06-20 18:28:02,071 [INFO] Epoch 004 | Train Loss: 3.3134 | Val Loss: 2.0044 | Val Acc: 0.3571
2025-06-20 18:28:02,092 [INFO] New best model at epoch 4 (Val Acc: 0.3571)
2025-06-20 18:28:02,207 [INFO] Epoch 005 | Train Loss: 3.2314 | Val Loss: 2.4612 | Val Acc: 0.3393
2025-06-20 18:28:02,322 [INFO] Epoch 006 | Train Loss: 2.4371 | Val Loss: 2.4303 | Val Acc: 0.3036
2025-06-20 18:28:02,448 [INFO] Epoch 007 | Train Loss: 2.1860 | Val Loss: 3.4806 | Val Acc: 0.3750
2025-06-20 18:28:02,472 [INFO] New best model at epoch 7 (Val Acc: 0.3750)
2025-06-20 18:28:02,571 [INFO] Epoch 008 | Train Loss: 2.3815 | Val Loss: 2.6792 | Val Acc: 0.3929
2025-06-20 18:28:02,594 [INFO] New best model at epoch 8 (Val Acc: 0.3929)
2025-06-20 18:28:02,700 [INFO] Epoch 009 | Train Loss: 2.5669 | Val Loss: 3.3398 | Val Acc: 0.3393
2025-06-20 18:28:02,822 [INFO] Epoch 010 | Train Loss: 2.2142 | Val Loss: 3.2283 | Val Acc: 0.4107
2025-06-20 18:28:02,967 [INFO] New best model at epoch 10 (Val Acc: 0.4107)
2025-06-20 18:28:03,085 [INFO] Epoch 011 | Train Loss: 2.5940 | Val Loss: 3.0869 | Val Acc: 0.3571
2025-06-20 18:28:03,225 [INFO] Epoch 012 | Train Loss: 2.4695 | Val Loss: 3.5068 | Val Acc: 0.3571
2025-06-20 18:28:03,349 [INFO] Epoch 013 | Train Loss: 2.1482 | Val Loss: 3.3684 | Val Acc: 0.3571
2025-06-20 18:28:03,474 [INFO] Epoch 014 | Train Loss: 2.2145 | Val Loss: 3.0300 | Val Acc: 0.3571
2025-06-20 18:28:03,603 [INFO] Epoch 015 | Train Loss: 1.9678 | Val Loss: 4.5105 | Val Acc: 0.2857
2025-06-20 18:28:03,728 [INFO] Epoch 016 | Train Loss: 1.7987 | Val Loss: 4.0629 | Val Acc: 0.3750
2025-06-20 18:28:03,890 [INFO] Epoch 017 | Train Loss: 2.1752 | Val Loss: 3.2696 | Val Acc: 0.3929
2025-06-20 18:28:04,018 [INFO] Epoch 018 | Train Loss: 2.3789 | Val Loss: 3.3504 | Val Acc: 0.4464
2025-06-20 18:28:04,041 [INFO] New best model at epoch 18 (Val Acc: 0.4464)
2025-06-20 18:28:04,146 [INFO] Epoch 019 | Train Loss: 2.3490 | Val Loss: 3.3517 | Val Acc: 0.4464
2025-06-20 18:28:04,273 [INFO] Epoch 020 | Train Loss: 2.2261 | Val Loss: 3.5559 | Val Acc: 0.4643
2025-06-20 18:28:04,424 [INFO] New best model at epoch 20 (Val Acc: 0.4643)
2025-06-20 18:28:04,550 [INFO] Epoch 021 | Train Loss: 1.3963 | Val Loss: 2.4648 | Val Acc: 0.5357
2025-06-20 18:28:04,573 [INFO] New best model at epoch 21 (Val Acc: 0.5357)
2025-06-20 18:28:04,678 [INFO] Epoch 022 | Train Loss: 2.0507 | Val Loss: 3.5410 | Val Acc: 0.4107
2025-06-20 18:28:04,797 [INFO] Epoch 023 | Train Loss: 1.7122 | Val Loss: 4.2196 | Val Acc: 0.4286
2025-06-20 18:28:04,920 [INFO] Epoch 024 | Train Loss: 1.2679 | Val Loss: 4.3365 | Val Acc: 0.4821
2025-06-20 18:28:05,056 [INFO] Epoch 025 | Train Loss: 1.4403 | Val Loss: 4.6903 | Val Acc: 0.4107
2025-06-20 18:28:05,179 [INFO] Epoch 026 | Train Loss: 1.0533 | Val Loss: 4.7709 | Val Acc: 0.4107
2025-06-20 18:28:05,303 [INFO] Epoch 027 | Train Loss: 1.3940 | Val Loss: 4.7088 | Val Acc: 0.4107
2025-06-20 18:28:05,425 [INFO] Epoch 028 | Train Loss: 1.1738 | Val Loss: 4.4017 | Val Acc: 0.4286
2025-06-20 18:28:05,576 [INFO] Epoch 029 | Train Loss: 1.1958 | Val Loss: 4.1430 | Val Acc: 0.4286
2025-06-20 18:28:05,744 [INFO] Epoch 030 | Train Loss: 1.3453 | Val Loss: 5.5250 | Val Acc: 0.3036
2025-06-20 18:28:06,023 [INFO] Epoch 031 | Train Loss: 1.2243 | Val Loss: 4.8969 | Val Acc: 0.3929
2025-06-20 18:28:06,189 [INFO] Epoch 032 | Train Loss: 1.3295 | Val Loss: 5.3814 | Val Acc: 0.4286
2025-06-20 18:28:06,305 [INFO] Epoch 033 | Train Loss: 1.4754 | Val Loss: 5.6249 | Val Acc: 0.5000
2025-06-20 18:28:06,457 [INFO] Epoch 034 | Train Loss: 1.1470 | Val Loss: 5.1564 | Val Acc: 0.4821
2025-06-20 18:28:06,582 [INFO] Epoch 035 | Train Loss: 1.3210 | Val Loss: 4.7630 | Val Acc: 0.4286
2025-06-20 18:28:06,730 [INFO] Epoch 036 | Train Loss: 1.2039 | Val Loss: 4.9971 | Val Acc: 0.4107
2025-06-20 18:28:06,864 [INFO] Epoch 037 | Train Loss: 1.4469 | Val Loss: 3.9725 | Val Acc: 0.5000
2025-06-20 18:28:06,985 [INFO] Epoch 038 | Train Loss: 0.7874 | Val Loss: 4.6879 | Val Acc: 0.4643
2025-06-20 18:28:07,110 [INFO] Epoch 039 | Train Loss: 1.0418 | Val Loss: 5.0084 | Val Acc: 0.4643
2025-06-20 18:28:07,228 [INFO] Epoch 040 | Train Loss: 0.8424 | Val Loss: 4.3713 | Val Acc: 0.4643
2025-06-20 18:28:07,582 [INFO] Epoch 041 | Train Loss: 0.7672 | Val Loss: 4.8143 | Val Acc: 0.4286
2025-06-20 18:28:07,731 [INFO] Epoch 042 | Train Loss: 0.7648 | Val Loss: 4.9243 | Val Acc: 0.4107
2025-06-20 18:28:07,854 [INFO] Epoch 043 | Train Loss: 1.0717 | Val Loss: 4.9114 | Val Acc: 0.3929
2025-06-20 18:28:08,000 [INFO] Epoch 044 | Train Loss: 0.9063 | Val Loss: 4.0773 | Val Acc: 0.5179
2025-06-20 18:28:08,131 [INFO] Epoch 045 | Train Loss: 0.9659 | Val Loss: 4.2834 | Val Acc: 0.5179
2025-06-20 18:28:08,255 [INFO] Epoch 046 | Train Loss: 0.7620 | Val Loss: 4.4180 | Val Acc: 0.4643
2025-06-20 18:28:08,375 [INFO] Epoch 047 | Train Loss: 1.3021 | Val Loss: 4.4764 | Val Acc: 0.4464
2025-06-20 18:28:08,498 [INFO] Epoch 048 | Train Loss: 0.9813 | Val Loss: 5.1628 | Val Acc: 0.4464
2025-06-20 18:28:08,623 [INFO] Epoch 049 | Train Loss: 0.9240 | Val Loss: 5.1974 | Val Acc: 0.4107
2025-06-20 18:28:08,748 [INFO] Epoch 050 | Train Loss: 0.9236 | Val Loss: 5.5483 | Val Acc: 0.3214
2025-06-20 18:28:09,021 [INFO] Epoch 051 | Train Loss: 0.8717 | Val Loss: 5.5522 | Val Acc: 0.3571
2025-06-20 18:28:09,154 [INFO] Epoch 052 | Train Loss: 0.8063 | Val Loss: 4.9048 | Val Acc: 0.4643
2025-06-20 18:28:09,280 [INFO] Epoch 053 | Train Loss: 0.6470 | Val Loss: 5.0327 | Val Acc: 0.4821
2025-06-20 18:28:09,404 [INFO] Epoch 054 | Train Loss: 0.6059 | Val Loss: 4.5401 | Val Acc: 0.4821
2025-06-20 18:28:09,529 [INFO] Epoch 055 | Train Loss: 0.4701 | Val Loss: 4.1968 | Val Acc: 0.5179
2025-06-20 18:28:09,648 [INFO] Epoch 056 | Train Loss: 0.6741 | Val Loss: 4.3018 | Val Acc: 0.4643
2025-06-20 18:28:09,768 [INFO] Epoch 057 | Train Loss: 0.5322 | Val Loss: 4.1512 | Val Acc: 0.4286
2025-06-20 18:28:09,886 [INFO] Epoch 058 | Train Loss: 0.5865 | Val Loss: 5.1263 | Val Acc: 0.4286
2025-06-20 18:28:10,008 [INFO] Epoch 059 | Train Loss: 0.5805 | Val Loss: 4.6581 | Val Acc: 0.4643
2025-06-20 18:28:10,129 [INFO] Epoch 060 | Train Loss: 0.6924 | Val Loss: 4.3845 | Val Acc: 0.3929
2025-06-20 18:28:10,398 [INFO] Epoch 061 | Train Loss: 0.4601 | Val Loss: 4.7335 | Val Acc: 0.4643
2025-06-20 18:28:10,527 [INFO] Epoch 062 | Train Loss: 0.8930 | Val Loss: 4.0148 | Val Acc: 0.4643
2025-06-20 18:28:10,648 [INFO] Epoch 063 | Train Loss: 0.4883 | Val Loss: 4.2049 | Val Acc: 0.4821
2025-06-20 18:28:10,770 [INFO] Epoch 064 | Train Loss: 0.6185 | Val Loss: 4.3496 | Val Acc: 0.5179
2025-06-20 18:28:10,904 [INFO] Epoch 065 | Train Loss: 0.4289 | Val Loss: 4.1769 | Val Acc: 0.5000
2025-06-20 18:28:11,034 [INFO] Epoch 066 | Train Loss: 0.5353 | Val Loss: 3.9916 | Val Acc: 0.4821
2025-06-20 18:28:11,157 [INFO] Epoch 067 | Train Loss: 0.8676 | Val Loss: 4.6010 | Val Acc: 0.4286
2025-06-20 18:28:11,282 [INFO] Epoch 068 | Train Loss: 0.8479 | Val Loss: 4.5584 | Val Acc: 0.5000
2025-06-20 18:28:11,406 [INFO] Epoch 069 | Train Loss: 0.6928 | Val Loss: 4.0263 | Val Acc: 0.5000
2025-06-20 18:28:11,531 [INFO] Epoch 070 | Train Loss: 0.5930 | Val Loss: 4.1512 | Val Acc: 0.4643
2025-06-20 18:28:11,868 [INFO] Epoch 071 | Train Loss: 0.7351 | Val Loss: 4.9059 | Val Acc: 0.4286
2025-06-20 18:28:11,994 [INFO] Epoch 072 | Train Loss: 1.0940 | Val Loss: 4.3696 | Val Acc: 0.5179
2025-06-20 18:28:12,118 [INFO] Epoch 073 | Train Loss: 0.6416 | Val Loss: 5.8617 | Val Acc: 0.3750
2025-06-20 18:28:12,272 [INFO] Epoch 074 | Train Loss: 0.5865 | Val Loss: 4.4555 | Val Acc: 0.4821
2025-06-20 18:28:12,404 [INFO] Epoch 075 | Train Loss: 0.5286 | Val Loss: 5.1675 | Val Acc: 0.4107
2025-06-20 18:28:12,524 [INFO] Epoch 076 | Train Loss: 0.7761 | Val Loss: 4.6717 | Val Acc: 0.4464
2025-06-20 18:28:12,645 [INFO] Epoch 077 | Train Loss: 0.4649 | Val Loss: 5.1052 | Val Acc: 0.4821
2025-06-20 18:28:12,768 [INFO] Epoch 078 | Train Loss: 0.7640 | Val Loss: 4.6690 | Val Acc: 0.4821
2025-06-20 18:28:12,892 [INFO] Epoch 079 | Train Loss: 0.5380 | Val Loss: 5.5696 | Val Acc: 0.3929
2025-06-20 18:28:13,021 [INFO] Epoch 080 | Train Loss: 0.7997 | Val Loss: 4.8563 | Val Acc: 0.4643
2025-06-20 18:28:13,323 [INFO] Epoch 081 | Train Loss: 0.4580 | Val Loss: 5.6703 | Val Acc: 0.3750
2025-06-20 18:28:13,455 [INFO] Epoch 082 | Train Loss: 0.5801 | Val Loss: 5.0464 | Val Acc: 0.4286
2025-06-20 18:28:13,580 [INFO] Epoch 083 | Train Loss: 0.6197 | Val Loss: 5.1219 | Val Acc: 0.3750
2025-06-20 18:28:13,708 [INFO] Epoch 084 | Train Loss: 0.5985 | Val Loss: 5.1345 | Val Acc: 0.3929
2025-06-20 18:28:13,851 [INFO] Epoch 085 | Train Loss: 0.4597 | Val Loss: 4.8355 | Val Acc: 0.3929
2025-06-20 18:28:14,032 [INFO] Epoch 086 | Train Loss: 0.5790 | Val Loss: 4.6507 | Val Acc: 0.3929
2025-06-20 18:28:14,187 [INFO] Epoch 087 | Train Loss: 0.6280 | Val Loss: 4.9568 | Val Acc: 0.4464
2025-06-20 18:28:14,343 [INFO] Epoch 088 | Train Loss: 0.6967 | Val Loss: 5.3361 | Val Acc: 0.4464
2025-06-20 18:28:14,467 [INFO] Epoch 089 | Train Loss: 0.2823 | Val Loss: 5.0370 | Val Acc: 0.3750
2025-06-20 18:28:14,593 [INFO] Epoch 090 | Train Loss: 0.4877 | Val Loss: 4.5281 | Val Acc: 0.4821
2025-06-20 18:28:14,864 [INFO] Epoch 091 | Train Loss: 0.3116 | Val Loss: 4.1747 | Val Acc: 0.5179
2025-06-20 18:28:15,002 [INFO] Epoch 092 | Train Loss: 0.3861 | Val Loss: 4.8932 | Val Acc: 0.4643
2025-06-20 18:28:15,141 [INFO] Epoch 093 | Train Loss: 0.4505 | Val Loss: 5.0054 | Val Acc: 0.4821
2025-06-20 18:28:15,267 [INFO] Epoch 094 | Train Loss: 0.3786 | Val Loss: 4.8495 | Val Acc: 0.4286
2025-06-20 18:28:15,400 [INFO] Epoch 095 | Train Loss: 0.4732 | Val Loss: 4.8433 | Val Acc: 0.4107
2025-06-20 18:28:15,569 [INFO] Epoch 096 | Train Loss: 0.6175 | Val Loss: 4.8916 | Val Acc: 0.4821
2025-06-20 18:28:15,742 [INFO] Epoch 097 | Train Loss: 0.6403 | Val Loss: 5.3460 | Val Acc: 0.4286
2025-06-20 18:28:15,875 [INFO] Epoch 098 | Train Loss: 0.4069 | Val Loss: 6.6245 | Val Acc: 0.3750
2025-06-20 18:28:16,003 [INFO] Epoch 099 | Train Loss: 0.6453 | Val Loss: 5.0030 | Val Acc: 0.3929
2025-06-20 18:28:16,149 [INFO] Epoch 100 | Train Loss: 0.4771 | Val Loss: 5.1356 | Val Acc: 0.4821
2025-06-20 18:28:16,418 [INFO] Epoch 101 | Train Loss: 0.7118 | Val Loss: 5.1606 | Val Acc: 0.4643
2025-06-20 18:28:16,615 [INFO] Epoch 102 | Train Loss: 0.5148 | Val Loss: 5.1993 | Val Acc: 0.4107
2025-06-20 18:28:16,761 [INFO] Epoch 103 | Train Loss: 0.4407 | Val Loss: 5.9835 | Val Acc: 0.3929
2025-06-20 18:28:16,905 [INFO] Epoch 104 | Train Loss: 0.4639 | Val Loss: 5.2644 | Val Acc: 0.3929
2025-06-20 18:28:17,054 [INFO] Epoch 105 | Train Loss: 0.7802 | Val Loss: 6.0626 | Val Acc: 0.4464
2025-06-20 18:28:17,306 [INFO] Epoch 106 | Train Loss: 0.3361 | Val Loss: 5.8933 | Val Acc: 0.4643
2025-06-20 18:28:17,462 [INFO] Epoch 107 | Train Loss: 0.5877 | Val Loss: 4.5085 | Val Acc: 0.5179
2025-06-20 18:28:17,614 [INFO] Epoch 108 | Train Loss: 0.4714 | Val Loss: 5.7588 | Val Acc: 0.3929
2025-06-20 18:28:17,762 [INFO] Epoch 109 | Train Loss: 0.4474 | Val Loss: 6.1033 | Val Acc: 0.3750
2025-06-20 18:28:17,900 [INFO] Epoch 110 | Train Loss: 0.4054 | Val Loss: 5.1027 | Val Acc: 0.4286
2025-06-20 18:28:18,289 [INFO] Epoch 111 | Train Loss: 0.4210 | Val Loss: 5.2414 | Val Acc: 0.4643
2025-06-20 18:28:18,420 [INFO] Epoch 112 | Train Loss: 0.4027 | Val Loss: 5.4391 | Val Acc: 0.4643
2025-06-20 18:28:18,560 [INFO] Epoch 113 | Train Loss: 0.4387 | Val Loss: 6.1068 | Val Acc: 0.4821
2025-06-20 18:28:18,700 [INFO] Epoch 114 | Train Loss: 0.4628 | Val Loss: 5.9717 | Val Acc: 0.4821
2025-06-20 18:28:18,829 [INFO] Epoch 115 | Train Loss: 0.2632 | Val Loss: 5.5883 | Val Acc: 0.5179
2025-06-20 18:28:18,953 [INFO] Epoch 116 | Train Loss: 0.7294 | Val Loss: 5.5354 | Val Acc: 0.5179
2025-06-20 18:28:19,074 [INFO] Epoch 117 | Train Loss: 0.4791 | Val Loss: 5.4439 | Val Acc: 0.4286
2025-06-20 18:28:19,200 [INFO] Epoch 118 | Train Loss: 0.3106 | Val Loss: 5.4417 | Val Acc: 0.4107
2025-06-20 18:28:19,337 [INFO] Epoch 119 | Train Loss: 0.2188 | Val Loss: 5.1461 | Val Acc: 0.4286
2025-06-20 18:28:19,469 [INFO] Epoch 120 | Train Loss: 0.5334 | Val Loss: 5.1478 | Val Acc: 0.5000
2025-06-20 18:28:19,753 [INFO] Epoch 121 | Train Loss: 0.5205 | Val Loss: 5.3210 | Val Acc: 0.4821
2025-06-20 18:28:19,878 [INFO] Epoch 122 | Train Loss: 0.2822 | Val Loss: 5.0188 | Val Acc: 0.4821
2025-06-20 18:28:20,010 [INFO] Epoch 123 | Train Loss: 0.4133 | Val Loss: 4.7578 | Val Acc: 0.5179
2025-06-20 18:28:20,138 [INFO] Epoch 124 | Train Loss: 0.1821 | Val Loss: 4.5881 | Val Acc: 0.5000
2025-06-20 18:28:20,266 [INFO] Epoch 125 | Train Loss: 0.3086 | Val Loss: 4.8667 | Val Acc: 0.4643
2025-06-20 18:28:20,392 [INFO] Epoch 126 | Train Loss: 0.2421 | Val Loss: 5.0832 | Val Acc: 0.4286
2025-06-20 18:28:20,519 [INFO] Epoch 127 | Train Loss: 0.1369 | Val Loss: 5.3874 | Val Acc: 0.4107
2025-06-20 18:28:20,643 [INFO] Epoch 128 | Train Loss: 0.2865 | Val Loss: 5.4449 | Val Acc: 0.4286
2025-06-20 18:28:20,771 [INFO] Epoch 129 | Train Loss: 0.2323 | Val Loss: 5.3786 | Val Acc: 0.4286
2025-06-20 18:28:20,897 [INFO] Epoch 130 | Train Loss: 0.2394 | Val Loss: 5.1245 | Val Acc: 0.5000
2025-06-20 18:28:21,177 [INFO] Epoch 131 | Train Loss: 0.2430 | Val Loss: 5.5339 | Val Acc: 0.4643
2025-06-20 18:28:21,308 [INFO] Epoch 132 | Train Loss: 0.3299 | Val Loss: 6.2042 | Val Acc: 0.4286
2025-06-20 18:28:21,424 [INFO] Epoch 133 | Train Loss: 0.6507 | Val Loss: 5.4639 | Val Acc: 0.3750
2025-06-20 18:28:21,542 [INFO] Epoch 134 | Train Loss: 0.2596 | Val Loss: 4.8298 | Val Acc: 0.4107
2025-06-20 18:28:21,681 [INFO] Epoch 135 | Train Loss: 0.3750 | Val Loss: 4.7680 | Val Acc: 0.4643
2025-06-20 18:28:21,824 [INFO] Epoch 136 | Train Loss: 0.2853 | Val Loss: 5.1270 | Val Acc: 0.4464
2025-06-20 18:28:21,973 [INFO] Epoch 137 | Train Loss: 0.5069 | Val Loss: 5.8492 | Val Acc: 0.3214
2025-06-20 18:28:22,119 [INFO] Epoch 138 | Train Loss: 0.4215 | Val Loss: 5.8931 | Val Acc: 0.4286
2025-06-20 18:28:22,246 [INFO] Epoch 139 | Train Loss: 0.2538 | Val Loss: 5.6441 | Val Acc: 0.5000
2025-06-20 18:28:22,404 [INFO] Epoch 140 | Train Loss: 0.2588 | Val Loss: 5.3521 | Val Acc: 0.4821
2025-06-20 18:28:22,749 [INFO] Epoch 141 | Train Loss: 0.2098 | Val Loss: 4.7905 | Val Acc: 0.4821
2025-06-20 18:28:22,897 [INFO] Epoch 142 | Train Loss: 0.3418 | Val Loss: 4.5847 | Val Acc: 0.5000
2025-06-20 18:28:23,049 [INFO] Epoch 143 | Train Loss: 0.3332 | Val Loss: 5.0211 | Val Acc: 0.4821
2025-06-20 18:28:23,201 [INFO] Epoch 144 | Train Loss: 0.2410 | Val Loss: 5.4087 | Val Acc: 0.4464
2025-06-20 18:28:23,364 [INFO] Epoch 145 | Train Loss: 0.3652 | Val Loss: 5.5679 | Val Acc: 0.3929
2025-06-20 18:28:23,514 [INFO] Epoch 146 | Train Loss: 0.4297 | Val Loss: 5.2112 | Val Acc: 0.4286
2025-06-20 18:28:23,667 [INFO] Epoch 147 | Train Loss: 0.2420 | Val Loss: 5.3280 | Val Acc: 0.4286
2025-06-20 18:28:23,797 [INFO] Epoch 148 | Train Loss: 0.1652 | Val Loss: 5.5931 | Val Acc: 0.5000
2025-06-20 18:28:23,921 [INFO] Epoch 149 | Train Loss: 0.0979 | Val Loss: 6.2690 | Val Acc: 0.4464
2025-06-20 18:28:24,041 [INFO] Epoch 150 | Train Loss: 0.1587 | Val Loss: 6.4472 | Val Acc: 0.4286
2025-06-20 18:28:24,440 [INFO] Epoch 151 | Train Loss: 0.5345 | Val Loss: 6.2507 | Val Acc: 0.4107
2025-06-20 18:28:24,570 [INFO] Epoch 152 | Train Loss: 0.1992 | Val Loss: 6.2850 | Val Acc: 0.3929
2025-06-20 18:28:24,702 [INFO] Epoch 153 | Train Loss: 0.1860 | Val Loss: 6.1230 | Val Acc: 0.4107
2025-06-20 18:28:24,842 [INFO] Epoch 154 | Train Loss: 0.2316 | Val Loss: 6.4608 | Val Acc: 0.4107
2025-06-20 18:28:24,974 [INFO] Epoch 155 | Train Loss: 0.4684 | Val Loss: 6.1556 | Val Acc: 0.4107
2025-06-20 18:28:25,106 [INFO] Epoch 156 | Train Loss: 0.2383 | Val Loss: 6.7221 | Val Acc: 0.4464
2025-06-20 18:28:25,231 [INFO] Epoch 157 | Train Loss: 0.2859 | Val Loss: 6.1487 | Val Acc: 0.4821
2025-06-20 18:28:25,358 [INFO] Epoch 158 | Train Loss: 0.2899 | Val Loss: 5.6272 | Val Acc: 0.4821
2025-06-20 18:28:25,493 [INFO] Epoch 159 | Train Loss: 0.3146 | Val Loss: 5.8580 | Val Acc: 0.5357
2025-06-20 18:28:25,628 [INFO] Epoch 160 | Train Loss: 0.2238 | Val Loss: 6.2753 | Val Acc: 0.4643
2025-06-20 18:28:25,901 [INFO] Epoch 161 | Train Loss: 0.3414 | Val Loss: 6.3076 | Val Acc: 0.4286
2025-06-20 18:28:26,036 [INFO] Epoch 162 | Train Loss: 0.0885 | Val Loss: 6.2119 | Val Acc: 0.4464
2025-06-20 18:28:26,168 [INFO] Epoch 163 | Train Loss: 0.2178 | Val Loss: 6.3805 | Val Acc: 0.4821
2025-06-20 18:28:26,301 [INFO] Epoch 164 | Train Loss: 0.1559 | Val Loss: 5.8259 | Val Acc: 0.5179
2025-06-20 18:28:26,437 [INFO] Epoch 165 | Train Loss: 0.1914 | Val Loss: 5.3342 | Val Acc: 0.4821
2025-06-20 18:28:26,557 [INFO] Epoch 166 | Train Loss: 0.1435 | Val Loss: 5.4264 | Val Acc: 0.4821
2025-06-20 18:28:26,682 [INFO] Epoch 167 | Train Loss: 0.1124 | Val Loss: 5.5981 | Val Acc: 0.4821
2025-06-20 18:28:26,811 [INFO] Epoch 168 | Train Loss: 0.1484 | Val Loss: 5.9197 | Val Acc: 0.4821
2025-06-20 18:28:26,940 [INFO] Epoch 169 | Train Loss: 0.1823 | Val Loss: 5.8529 | Val Acc: 0.4821
2025-06-20 18:28:27,067 [INFO] Epoch 170 | Train Loss: 0.1494 | Val Loss: 5.6193 | Val Acc: 0.4821
2025-06-20 18:28:27,346 [INFO] Epoch 171 | Train Loss: 0.1635 | Val Loss: 5.3773 | Val Acc: 0.4821
2025-06-20 18:28:27,368 [INFO] Early stopping at epoch 171 (no improvement in 150 epochs).
2025-06-20 18:28:27,389 [INFO] Best model saved to <built-in function time>/ENZYMES/best/best_source_gin.pth (Val Acc: 0.5357 at epoch 21)
2025-06-20 18:28:27,389 [INFO] Training/validation metrics saved to <built-in function time>/ENZYMES/GIN_0.0001/train_metrics.csv
2025-06-20 18:28:27,589 [INFO] Final training curves saved
2025-06-20 18:28:27,589 [INFO] Training completed!
2025-06-20 18:28:27,589 [INFO] Best validation accuracy: 0.5357
2025-06-20 18:28:27,589 [INFO] Best epoch: 21
2025-06-20 18:28:27,589 [INFO] Total epochs trained: 171
2025-06-20 18:28:27,591 [INFO] Starting training with parameters: (0.0001, 0.1, 512, 3, 400, 0.0001)
