2025-06-24 04:21:13,649 [INFO] Using device: cpu
2025-06-24 04:21:13,650 [INFO] 开始创建数据加载器...
2025-06-24 04:21:13,661 [INFO] Successfully loaded dataset ENZYMES from ./data, total graphs: 600
2025-06-24 04:21:13,661 [INFO] Class allocation analysis:
2025-06-24 04:21:13,662 [INFO]   Source classes: [0, 1, 2, 3]
2025-06-24 04:21:13,662 [INFO]   Target classes: [0, 1, 2, 3, 4, 5]
2025-06-24 04:21:13,662 [INFO]   Overlap classes (to be split): [0, 1, 2, 3]
2025-06-24 04:21:13,662 [INFO]   Target novel classes (unknown): [4, 5]
2025-06-24 04:21:14,029 [INFO]   Class 0: 100 total -> Source: 70, Target: 30
2025-06-24 04:21:14,030 [INFO]   Class 1: 100 total -> Source: 70, Target: 30
2025-06-24 04:21:14,031 [INFO]   Class 2: 100 total -> Source: 70, Target: 30
2025-06-24 04:21:14,032 [INFO]   Class 3: 100 total -> Source: 70, Target: 30
2025-06-24 04:21:14,032 [INFO]   Class 4 (novel/unknown): 100 samples -> Target
2025-06-24 04:21:14,032 [INFO]   Class 5 (novel/unknown): 100 samples -> Target
2025-06-24 04:21:14,033 [INFO] Final allocation:
2025-06-24 04:21:14,033 [INFO]   Source domain: 280 samples
2025-06-24 04:21:14,033 [INFO]   Target domain: 320 samples
2025-06-24 04:21:14,040 [INFO] Source domain setup:
2025-06-24 04:21:14,041 [INFO]   Original classes: [0, 1, 2, 3]
2025-06-24 04:21:14,041 [INFO]   Overlap classes used: [0, 1, 2, 3]
2025-06-24 04:21:14,041 [INFO]   Label mapping: {0: 0, 1: 1, 2: 2, 3: 3}
2025-06-24 04:21:14,041 [INFO]   Total data after allocation: 280
2025-06-24 04:21:14,041 [INFO]   Data split - Train: 224, Val: 56
2025-06-24 04:21:14,041 [INFO]   Train label distribution: {0: 56, 1: 56, 3: 56, 2: 56}
2025-06-24 04:21:14,041 [INFO]   Val label distribution: {1: 14, 2: 14, 0: 14, 3: 14}
2025-06-24 04:21:14,048 [INFO] Successfully loaded dataset ENZYMES from ./data, total graphs: 600
2025-06-24 04:21:14,048 [INFO] Class allocation analysis:
2025-06-24 04:21:14,049 [INFO]   Source classes: [0, 1, 2, 3]
2025-06-24 04:21:14,049 [INFO]   Target classes: [0, 1, 2, 3, 4, 5]
2025-06-24 04:21:14,049 [INFO]   Overlap classes (to be split): [0, 1, 2, 3]
2025-06-24 04:21:14,049 [INFO]   Target novel classes (unknown): [4, 5]
2025-06-24 04:21:14,121 [INFO]   Class 0: 100 total -> Source: 70, Target: 30
2025-06-24 04:21:14,122 [INFO]   Class 1: 100 total -> Source: 70, Target: 30
2025-06-24 04:21:14,123 [INFO]   Class 2: 100 total -> Source: 70, Target: 30
2025-06-24 04:21:14,124 [INFO]   Class 3: 100 total -> Source: 70, Target: 30
2025-06-24 04:21:14,124 [INFO]   Class 4 (novel/unknown): 100 samples -> Target
2025-06-24 04:21:14,124 [INFO]   Class 5 (novel/unknown): 100 samples -> Target
2025-06-24 04:21:14,125 [INFO] Final allocation:
2025-06-24 04:21:14,125 [INFO]   Source domain: 280 samples
2025-06-24 04:21:14,125 [INFO]   Target domain: 320 samples
2025-06-24 04:21:14,133 [INFO] Target domain setup:
2025-06-24 04:21:14,133 [INFO]   Original classes: [0, 1, 2, 3, 4, 5]
2025-06-24 04:21:14,133 [INFO]   Overlap classes: [0, 1, 2, 3]
2025-06-24 04:21:14,133 [INFO]   Novel classes: [4, 5] -> mapped to unknown label 4
2025-06-24 04:21:14,133 [INFO]   Label mapping: {0: 0, 1: 1, 2: 2, 3: 3, 4: 4, 5: 4}
2025-06-24 04:21:14,134 [INFO]   Total data after allocation: 320
2025-06-24 04:21:14,134 [INFO]   Data split - Train: 256, Val: 64
2025-06-24 04:21:14,134 [INFO]   Total count: 320 (known: 120, unknown: 200)
2025-06-24 04:21:14,134 [INFO]   Total label distribution: {4: 200, 3: 30, 0: 30, 1: 30, 2: 30}
2025-06-24 04:21:14,134 [INFO]   Train label distribution: {4: 160, 0: 24, 2: 24, 3: 24, 1: 24}
2025-06-24 04:21:14,134 [INFO]   Val label distribution: {1: 6, 4: 40, 3: 6, 0: 6, 2: 6}
2025-06-24 04:21:14,135 [INFO] 数据加载器创建完成!
2025-06-24 04:21:14,136 [INFO] 源域类别数: 4 (重叠类别)
2025-06-24 04:21:14,136 [INFO] 目标域类别数: 5 (4个重叠类别 + 1个未知类别)
2025-06-24 04:21:14,136 [INFO] 重叠类别: [0, 1, 2, 3]
2025-06-24 04:21:14,136 [INFO] 目标域新类别: [4, 5]
2025-06-24 04:21:14,136 [INFO] Data allocation verification:
2025-06-24 04:21:14,136 [INFO]   Source data samples: 280
2025-06-24 04:21:14,137 [INFO]   Target data samples: 320
2025-06-24 04:21:14,137 [INFO]   Overlapping samples: 0
2025-06-24 04:21:14,137 [INFO]   ✓ Data allocation is correct - no overlapping samples
2025-06-24 04:21:14,153 [INFO] Model initialized with 796164 parameters
2025-06-24 04:21:14,154 [INFO] Previous best validation accuracy read from record.txt: 0.6429
2025-06-24 04:21:14,154 [INFO] Starting training...
2025-06-24 04:21:14,514 [INFO] Epoch 001 | Train Loss: 32.0126 | Val Loss: 327.0343 | Val Acc: 0.3571
2025-06-24 04:21:17,714 [INFO] New best model at epoch 1 (Val Acc: 0.3571)
2025-06-24 04:21:18,075 [INFO] Epoch 002 | Train Loss: 19.1114 | Val Loss: 78.3145 | Val Acc: 0.2857
2025-06-24 04:21:18,431 [INFO] Epoch 003 | Train Loss: 16.1817 | Val Loss: 15.9402 | Val Acc: 0.3571
2025-06-24 04:21:18,806 [INFO] Epoch 004 | Train Loss: 10.1557 | Val Loss: 28.5033 | Val Acc: 0.2679
2025-06-24 04:21:19,230 [INFO] Epoch 005 | Train Loss: 8.8202 | Val Loss: 14.1299 | Val Acc: 0.3214
2025-06-24 04:21:19,572 [INFO] Epoch 006 | Train Loss: 10.2870 | Val Loss: 7.5448 | Val Acc: 0.4286
2025-06-24 04:21:19,644 [INFO] New best model at epoch 6 (Val Acc: 0.4286)
2025-06-24 04:21:19,940 [INFO] Epoch 007 | Train Loss: 8.0616 | Val Loss: 7.5642 | Val Acc: 0.2857
2025-06-24 04:21:20,273 [INFO] Epoch 008 | Train Loss: 6.4330 | Val Loss: 4.5518 | Val Acc: 0.3929
2025-06-24 04:21:20,711 [INFO] Epoch 009 | Train Loss: 7.6985 | Val Loss: 5.3060 | Val Acc: 0.3750
2025-06-24 04:21:21,066 [INFO] Epoch 010 | Train Loss: 5.8884 | Val Loss: 5.4411 | Val Acc: 0.3929
2025-06-24 04:21:24,810 [INFO] Epoch 011 | Train Loss: 7.4996 | Val Loss: 9.3947 | Val Acc: 0.2500
2025-06-24 04:21:25,327 [INFO] Epoch 012 | Train Loss: 10.8195 | Val Loss: 4.1262 | Val Acc: 0.2679
2025-06-24 04:21:25,829 [INFO] Epoch 013 | Train Loss: 6.3628 | Val Loss: 3.0097 | Val Acc: 0.3393
2025-06-24 04:21:26,376 [INFO] Epoch 014 | Train Loss: 5.8850 | Val Loss: 4.3742 | Val Acc: 0.3214
2025-06-24 04:21:26,874 [INFO] Epoch 015 | Train Loss: 9.0170 | Val Loss: 7.3494 | Val Acc: 0.2679
2025-06-24 04:21:27,546 [INFO] Epoch 016 | Train Loss: 8.9109 | Val Loss: 3.8168 | Val Acc: 0.3393
2025-06-24 04:21:28,113 [INFO] Epoch 017 | Train Loss: 5.9031 | Val Loss: 3.9472 | Val Acc: 0.2857
2025-06-24 04:21:28,594 [INFO] Epoch 018 | Train Loss: 7.2517 | Val Loss: 4.2101 | Val Acc: 0.3393
2025-06-24 04:21:29,077 [INFO] Epoch 019 | Train Loss: 7.7740 | Val Loss: 3.5111 | Val Acc: 0.2321
2025-06-24 04:21:29,449 [INFO] Epoch 020 | Train Loss: 6.0194 | Val Loss: 4.7632 | Val Acc: 0.3036
2025-06-24 04:21:33,565 [INFO] Epoch 021 | Train Loss: 5.7838 | Val Loss: 4.9310 | Val Acc: 0.3750
2025-06-24 04:21:33,900 [INFO] Epoch 022 | Train Loss: 7.4483 | Val Loss: 4.7479 | Val Acc: 0.3036
2025-06-24 04:21:34,287 [INFO] Epoch 023 | Train Loss: 7.2422 | Val Loss: 3.3525 | Val Acc: 0.3036
2025-06-24 04:21:34,886 [INFO] Epoch 024 | Train Loss: 6.0665 | Val Loss: 6.9585 | Val Acc: 0.2143
2025-06-24 04:21:35,690 [INFO] Epoch 025 | Train Loss: 5.7761 | Val Loss: 3.6681 | Val Acc: 0.2679
2025-06-24 04:21:37,158 [INFO] Epoch 026 | Train Loss: 4.8498 | Val Loss: 2.8666 | Val Acc: 0.3036
2025-06-24 04:21:38,414 [INFO] Epoch 027 | Train Loss: 5.1985 | Val Loss: 3.2775 | Val Acc: 0.3393
2025-06-24 04:21:38,770 [INFO] Epoch 028 | Train Loss: 4.4174 | Val Loss: 2.3577 | Val Acc: 0.2679
2025-06-24 04:21:39,152 [INFO] Epoch 029 | Train Loss: 4.2708 | Val Loss: 2.1761 | Val Acc: 0.3571
2025-06-24 04:21:39,576 [INFO] Epoch 030 | Train Loss: 4.3508 | Val Loss: 3.8920 | Val Acc: 0.3750
2025-06-24 04:21:43,117 [INFO] Epoch 031 | Train Loss: 4.2071 | Val Loss: 2.2571 | Val Acc: 0.2857
2025-06-24 04:21:43,523 [INFO] Epoch 032 | Train Loss: 6.4104 | Val Loss: 2.4551 | Val Acc: 0.2679
2025-06-24 04:21:43,878 [INFO] Epoch 033 | Train Loss: 5.4066 | Val Loss: 2.0456 | Val Acc: 0.4286
2025-06-24 04:21:44,199 [INFO] Epoch 034 | Train Loss: 2.9557 | Val Loss: 2.2281 | Val Acc: 0.3750
2025-06-24 04:21:44,604 [INFO] Epoch 035 | Train Loss: 5.0263 | Val Loss: 1.6935 | Val Acc: 0.3214
2025-06-24 04:21:45,150 [INFO] Epoch 036 | Train Loss: 2.8164 | Val Loss: 1.5342 | Val Acc: 0.4286
2025-06-24 04:21:45,605 [INFO] Epoch 037 | Train Loss: 2.3232 | Val Loss: 63.7601 | Val Acc: 0.3036
2025-06-24 04:21:46,013 [INFO] Epoch 038 | Train Loss: 4.2184 | Val Loss: 1.8500 | Val Acc: 0.3214
2025-06-24 04:21:46,415 [INFO] Epoch 039 | Train Loss: 2.2962 | Val Loss: 2.2417 | Val Acc: 0.3036
2025-06-24 04:21:46,958 [INFO] Epoch 040 | Train Loss: 1.7978 | Val Loss: 1.4788 | Val Acc: 0.3571
2025-06-24 04:21:50,729 [INFO] Epoch 041 | Train Loss: 2.3946 | Val Loss: 2.1052 | Val Acc: 0.4643
2025-06-24 04:21:50,805 [INFO] New best model at epoch 41 (Val Acc: 0.4643)
2025-06-24 04:21:51,167 [INFO] Epoch 042 | Train Loss: 2.4850 | Val Loss: 1.8857 | Val Acc: 0.3214
2025-06-24 04:21:51,554 [INFO] Epoch 043 | Train Loss: 2.0981 | Val Loss: 2.0866 | Val Acc: 0.2857
2025-06-24 04:21:51,985 [INFO] Epoch 044 | Train Loss: 2.4336 | Val Loss: 1.6885 | Val Acc: 0.4107
2025-06-24 04:21:52,337 [INFO] Epoch 045 | Train Loss: 2.6632 | Val Loss: 1.9058 | Val Acc: 0.2679
2025-06-24 04:21:52,669 [INFO] Epoch 046 | Train Loss: 1.9347 | Val Loss: 1.4003 | Val Acc: 0.3036
2025-06-24 04:21:53,120 [INFO] Epoch 047 | Train Loss: 3.1985 | Val Loss: 1.7474 | Val Acc: 0.3214
2025-06-24 04:21:53,534 [INFO] Epoch 048 | Train Loss: 2.7807 | Val Loss: 1.9452 | Val Acc: 0.3036
2025-06-24 04:21:53,856 [INFO] Epoch 049 | Train Loss: 2.5372 | Val Loss: 1.4722 | Val Acc: 0.3929
2025-06-24 04:21:54,434 [INFO] Epoch 050 | Train Loss: 2.7326 | Val Loss: 2.2097 | Val Acc: 0.3393
2025-06-24 04:21:57,597 [INFO] Best model saved to <built-in function time>/ENZYMES/best/best_source_gin.pth (Val Acc: 0.4643 at epoch 41)
2025-06-24 04:21:57,600 [INFO] Training/validation metrics saved to <built-in function time>/ENZYMES/GIN_0.01/train_metrics.csv
2025-06-24 04:22:00,725 [INFO] Final training curves saved
2025-06-24 04:22:00,726 [INFO] Training completed!
2025-06-24 04:22:00,726 [INFO] Best validation accuracy: 0.4643
2025-06-24 04:22:00,726 [INFO] Best epoch: 41
2025-06-24 04:22:00,726 [INFO] Total epochs trained: 50
2025-06-24 04:22:00,729 [INFO] Starting training with parameters: (0.01, 0.4, 512, 2, 50, 0.0001)
