2025-06-22 10:39:46,078 [INFO] Using device: cpu
2025-06-22 10:39:46,078 [INFO] 开始创建数据加载器...
2025-06-22 10:39:46,082 [INFO] Successfully loaded dataset ENZYMES from ./data, total graphs: 600
2025-06-22 10:39:46,082 [INFO] Class allocation analysis:
2025-06-22 10:39:46,082 [INFO]   Source classes: [0, 1, 2, 3]
2025-06-22 10:39:46,082 [INFO]   Target classes: [0, 1, 2, 3, 4, 5]
2025-06-22 10:39:46,082 [INFO]   Overlap classes (to be split): [0, 1, 2, 3]
2025-06-22 10:39:46,082 [INFO]   Target novel classes (unknown): [4, 5]
2025-06-22 10:39:46,095 [INFO]   Class 0: 100 total -> Source: 70, Target: 30
2025-06-22 10:39:46,096 [INFO]   Class 1: 100 total -> Source: 70, Target: 30
2025-06-22 10:39:46,096 [INFO]   Class 2: 100 total -> Source: 70, Target: 30
2025-06-22 10:39:46,096 [INFO]   Class 3: 100 total -> Source: 70, Target: 30
2025-06-22 10:39:46,096 [INFO]   Class 4 (novel/unknown): 100 samples -> Target
2025-06-22 10:39:46,096 [INFO]   Class 5 (novel/unknown): 100 samples -> Target
2025-06-22 10:39:46,096 [INFO] Final allocation:
2025-06-22 10:39:46,096 [INFO]   Source domain: 280 samples
2025-06-22 10:39:46,096 [INFO]   Target domain: 320 samples
2025-06-22 10:39:46,097 [INFO] Source domain setup:
2025-06-22 10:39:46,097 [INFO]   Original classes: [0, 1, 2, 3]
2025-06-22 10:39:46,097 [INFO]   Overlap classes used: [0, 1, 2, 3]
2025-06-22 10:39:46,097 [INFO]   Label mapping: {0: 0, 1: 1, 2: 2, 3: 3}
2025-06-22 10:39:46,097 [INFO]   Total data after allocation: 280
2025-06-22 10:39:46,097 [INFO]   Data split - Train: 224, Val: 56
2025-06-22 10:39:46,097 [INFO]   Train label distribution: {0: 56, 1: 56, 3: 56, 2: 56}
2025-06-22 10:39:46,097 [INFO]   Val label distribution: {1: 14, 2: 14, 0: 14, 3: 14}
2025-06-22 10:39:46,099 [INFO] Successfully loaded dataset ENZYMES from ./data, total graphs: 600
2025-06-22 10:39:46,099 [INFO] Class allocation analysis:
2025-06-22 10:39:46,099 [INFO]   Source classes: [0, 1, 2, 3]
2025-06-22 10:39:46,099 [INFO]   Target classes: [0, 1, 2, 3, 4, 5]
2025-06-22 10:39:46,099 [INFO]   Overlap classes (to be split): [0, 1, 2, 3]
2025-06-22 10:39:46,099 [INFO]   Target novel classes (unknown): [4, 5]
2025-06-22 10:39:46,113 [INFO]   Class 0: 100 total -> Source: 70, Target: 30
2025-06-22 10:39:46,113 [INFO]   Class 1: 100 total -> Source: 70, Target: 30
2025-06-22 10:39:46,113 [INFO]   Class 2: 100 total -> Source: 70, Target: 30
2025-06-22 10:39:46,113 [INFO]   Class 3: 100 total -> Source: 70, Target: 30
2025-06-22 10:39:46,113 [INFO]   Class 4 (novel/unknown): 100 samples -> Target
2025-06-22 10:39:46,113 [INFO]   Class 5 (novel/unknown): 100 samples -> Target
2025-06-22 10:39:46,113 [INFO] Final allocation:
2025-06-22 10:39:46,113 [INFO]   Source domain: 280 samples
2025-06-22 10:39:46,113 [INFO]   Target domain: 320 samples
2025-06-22 10:39:46,115 [INFO] Target domain setup:
2025-06-22 10:39:46,115 [INFO]   Original classes: [0, 1, 2, 3, 4, 5]
2025-06-22 10:39:46,115 [INFO]   Overlap classes: [0, 1, 2, 3]
2025-06-22 10:39:46,115 [INFO]   Novel classes: [4, 5] -> mapped to unknown label 4
2025-06-22 10:39:46,115 [INFO]   Label mapping: {0: 0, 1: 1, 2: 2, 3: 3, 4: 4, 5: 4}
2025-06-22 10:39:46,115 [INFO]   Total data after allocation: 320
2025-06-22 10:39:46,115 [INFO]   Data split - Train: 256, Val: 64
2025-06-22 10:39:46,115 [INFO]   Total count: 320 (known: 120, unknown: 200)
2025-06-22 10:39:46,115 [INFO]   Total label distribution: {4: 200, 3: 30, 0: 30, 1: 30, 2: 30}
2025-06-22 10:39:46,115 [INFO]   Train label distribution: {4: 160, 0: 24, 2: 24, 3: 24, 1: 24}
2025-06-22 10:39:46,115 [INFO]   Val label distribution: {1: 6, 4: 40, 3: 6, 0: 6, 2: 6}
2025-06-22 10:39:46,115 [INFO] 数据加载器创建完成!
2025-06-22 10:39:46,115 [INFO] 源域类别数: 4 (重叠类别)
2025-06-22 10:39:46,115 [INFO] 目标域类别数: 5 (4个重叠类别 + 1个未知类别)
2025-06-22 10:39:46,115 [INFO] 重叠类别: [0, 1, 2, 3]
2025-06-22 10:39:46,115 [INFO] 目标域新类别: [4, 5]
2025-06-22 10:39:46,115 [INFO] Data allocation verification:
2025-06-22 10:39:46,115 [INFO]   Source data samples: 280
2025-06-22 10:39:46,115 [INFO]   Target data samples: 320
2025-06-22 10:39:46,115 [INFO]   Overlapping samples: 0
2025-06-22 10:39:46,115 [INFO]   ✓ Data allocation is correct - no overlapping samples
2025-06-22 10:39:46,118 [INFO] Model initialized with 334084 parameters
2025-06-22 10:39:46,118 [INFO] Previous best validation accuracy read from record.txt: 0.6250
2025-06-22 10:39:46,118 [INFO] Starting training...
2025-06-22 10:39:46,195 [INFO] Epoch 001 | Train Loss: 12.1150 | Val Loss: 2.2655 | Val Acc: 0.3750
2025-06-22 10:39:47,052 [INFO] New best model at epoch 1 (Val Acc: 0.3750)
2025-06-22 10:39:47,105 [INFO] Epoch 002 | Train Loss: 10.3586 | Val Loss: 1.5866 | Val Acc: 0.3929
2025-06-22 10:39:47,113 [INFO] New best model at epoch 2 (Val Acc: 0.3929)
2025-06-22 10:39:47,175 [INFO] Epoch 003 | Train Loss: 9.7861 | Val Loss: 4.6900 | Val Acc: 0.3214
2025-06-22 10:39:47,221 [INFO] Epoch 004 | Train Loss: 8.6453 | Val Loss: 3.6236 | Val Acc: 0.2857
2025-06-22 10:39:47,265 [INFO] Epoch 005 | Train Loss: 7.1432 | Val Loss: 4.9057 | Val Acc: 0.3571
2025-06-22 10:39:47,310 [INFO] Epoch 006 | Train Loss: 5.9207 | Val Loss: 2.6312 | Val Acc: 0.3750
2025-06-22 10:39:47,356 [INFO] Epoch 007 | Train Loss: 6.1153 | Val Loss: 2.9543 | Val Acc: 0.3036
2025-06-22 10:39:47,401 [INFO] Epoch 008 | Train Loss: 7.3581 | Val Loss: 3.7363 | Val Acc: 0.3214
2025-06-22 10:39:47,447 [INFO] Epoch 009 | Train Loss: 4.3771 | Val Loss: 2.6648 | Val Acc: 0.5357
2025-06-22 10:39:47,456 [INFO] New best model at epoch 9 (Val Acc: 0.5357)
2025-06-22 10:39:47,497 [INFO] Epoch 010 | Train Loss: 5.7600 | Val Loss: 3.1417 | Val Acc: 0.3214
2025-06-22 10:39:48,417 [INFO] Epoch 011 | Train Loss: 4.4797 | Val Loss: 5.0257 | Val Acc: 0.2857
2025-06-22 10:39:48,562 [INFO] Epoch 012 | Train Loss: 4.9259 | Val Loss: 3.7609 | Val Acc: 0.3571
2025-06-22 10:39:48,678 [INFO] Epoch 013 | Train Loss: 4.4806 | Val Loss: 3.8315 | Val Acc: 0.3393
2025-06-22 10:39:48,773 [INFO] Epoch 014 | Train Loss: 4.9837 | Val Loss: 3.7895 | Val Acc: 0.3214
2025-06-22 10:39:48,867 [INFO] Epoch 015 | Train Loss: 3.4824 | Val Loss: 3.6733 | Val Acc: 0.3214
2025-06-22 10:39:48,937 [INFO] Epoch 016 | Train Loss: 5.0976 | Val Loss: 3.6573 | Val Acc: 0.2857
2025-06-22 10:39:49,020 [INFO] Epoch 017 | Train Loss: 3.1036 | Val Loss: 3.1275 | Val Acc: 0.3571
2025-06-22 10:39:49,112 [INFO] Epoch 018 | Train Loss: 3.7505 | Val Loss: 2.7103 | Val Acc: 0.3929
2025-06-22 10:39:49,188 [INFO] Epoch 019 | Train Loss: 3.4908 | Val Loss: 2.8894 | Val Acc: 0.3929
2025-06-22 10:39:49,255 [INFO] Epoch 020 | Train Loss: 2.5326 | Val Loss: 2.2482 | Val Acc: 0.3750
2025-06-22 10:39:50,197 [INFO] Epoch 021 | Train Loss: 3.2424 | Val Loss: 2.2683 | Val Acc: 0.3750
2025-06-22 10:39:50,297 [INFO] Epoch 022 | Train Loss: 2.3034 | Val Loss: 2.5784 | Val Acc: 0.3036
2025-06-22 10:39:50,369 [INFO] Epoch 023 | Train Loss: 3.7712 | Val Loss: 2.4035 | Val Acc: 0.3571
2025-06-22 10:39:50,445 [INFO] Epoch 024 | Train Loss: 4.1824 | Val Loss: 2.7885 | Val Acc: 0.3571
2025-06-22 10:39:50,521 [INFO] Epoch 025 | Train Loss: 3.1120 | Val Loss: 2.6100 | Val Acc: 0.3393
2025-06-22 10:39:50,618 [INFO] Epoch 026 | Train Loss: 2.8951 | Val Loss: 3.1512 | Val Acc: 0.3571
2025-06-22 10:39:50,711 [INFO] Epoch 027 | Train Loss: 3.3021 | Val Loss: 2.5731 | Val Acc: 0.2857
2025-06-22 10:39:50,776 [INFO] Epoch 028 | Train Loss: 2.8855 | Val Loss: 2.4602 | Val Acc: 0.2500
2025-06-22 10:39:50,847 [INFO] Epoch 029 | Train Loss: 2.2352 | Val Loss: 3.0997 | Val Acc: 0.3036
2025-06-22 10:39:50,893 [INFO] Epoch 030 | Train Loss: 3.5125 | Val Loss: 3.5426 | Val Acc: 0.3036
2025-06-22 10:39:51,706 [INFO] Epoch 031 | Train Loss: 3.3507 | Val Loss: 2.2009 | Val Acc: 0.3393
2025-06-22 10:39:51,773 [INFO] Epoch 032 | Train Loss: 2.2749 | Val Loss: 2.6593 | Val Acc: 0.3571
2025-06-22 10:39:51,835 [INFO] Epoch 033 | Train Loss: 3.4072 | Val Loss: 2.8435 | Val Acc: 0.3214
2025-06-22 10:39:51,880 [INFO] Epoch 034 | Train Loss: 1.9385 | Val Loss: 2.8026 | Val Acc: 0.3036
2025-06-22 10:39:51,925 [INFO] Epoch 035 | Train Loss: 1.8997 | Val Loss: 2.7999 | Val Acc: 0.3393
2025-06-22 10:39:51,997 [INFO] Epoch 036 | Train Loss: 3.1319 | Val Loss: 2.4826 | Val Acc: 0.2857
2025-06-22 10:39:52,093 [INFO] Epoch 037 | Train Loss: 1.8711 | Val Loss: 2.0824 | Val Acc: 0.4286
2025-06-22 10:39:52,170 [INFO] Epoch 038 | Train Loss: 2.1296 | Val Loss: 2.2645 | Val Acc: 0.4107
2025-06-22 10:39:52,268 [INFO] Epoch 039 | Train Loss: 2.8979 | Val Loss: 2.3241 | Val Acc: 0.4107
2025-06-22 10:39:52,344 [INFO] Epoch 040 | Train Loss: 2.2239 | Val Loss: 2.0169 | Val Acc: 0.3750
2025-06-22 10:39:53,293 [INFO] Epoch 041 | Train Loss: 2.9670 | Val Loss: 1.9968 | Val Acc: 0.3393
2025-06-22 10:39:53,372 [INFO] Epoch 042 | Train Loss: 1.8738 | Val Loss: 2.3788 | Val Acc: 0.3750
2025-06-22 10:39:53,461 [INFO] Epoch 043 | Train Loss: 2.6724 | Val Loss: 2.2905 | Val Acc: 0.2857
2025-06-22 10:39:53,538 [INFO] Epoch 044 | Train Loss: 2.2015 | Val Loss: 2.3858 | Val Acc: 0.2857
2025-06-22 10:39:53,610 [INFO] Epoch 045 | Train Loss: 2.3222 | Val Loss: 2.4986 | Val Acc: 0.3214
2025-06-22 10:39:53,719 [INFO] Epoch 046 | Train Loss: 1.7726 | Val Loss: 2.4122 | Val Acc: 0.3393
2025-06-22 10:39:53,791 [INFO] Epoch 047 | Train Loss: 1.8089 | Val Loss: 1.8155 | Val Acc: 0.2857
2025-06-22 10:39:53,876 [INFO] Epoch 048 | Train Loss: 1.8830 | Val Loss: 2.0387 | Val Acc: 0.3214
2025-06-22 10:39:53,953 [INFO] Epoch 049 | Train Loss: 1.4135 | Val Loss: 2.6286 | Val Acc: 0.3214
2025-06-22 10:39:54,002 [INFO] Epoch 050 | Train Loss: 1.4857 | Val Loss: 2.6871 | Val Acc: 0.3214
2025-06-22 10:39:54,820 [INFO] Epoch 051 | Train Loss: 1.3190 | Val Loss: 2.3990 | Val Acc: 0.3393
2025-06-22 10:39:54,885 [INFO] Epoch 052 | Train Loss: 1.5087 | Val Loss: 2.1395 | Val Acc: 0.3750
2025-06-22 10:39:54,940 [INFO] Epoch 053 | Train Loss: 1.3465 | Val Loss: 2.4148 | Val Acc: 0.3036
2025-06-22 10:39:55,000 [INFO] Epoch 054 | Train Loss: 1.5475 | Val Loss: 2.4086 | Val Acc: 0.3214
2025-06-22 10:39:55,053 [INFO] Epoch 055 | Train Loss: 2.1013 | Val Loss: 2.0561 | Val Acc: 0.3214
2025-06-22 10:39:55,099 [INFO] Epoch 056 | Train Loss: 1.3654 | Val Loss: 1.7545 | Val Acc: 0.3750
2025-06-22 10:39:55,144 [INFO] Epoch 057 | Train Loss: 1.6308 | Val Loss: 1.7111 | Val Acc: 0.4286
2025-06-22 10:39:55,191 [INFO] Epoch 058 | Train Loss: 1.1468 | Val Loss: 1.9827 | Val Acc: 0.3571
2025-06-22 10:39:55,236 [INFO] Epoch 059 | Train Loss: 1.8005 | Val Loss: 2.0048 | Val Acc: 0.3214
2025-06-22 10:39:55,282 [INFO] Epoch 060 | Train Loss: 1.7475 | Val Loss: 2.3756 | Val Acc: 0.3571
2025-06-22 10:39:57,695 [INFO] Epoch 061 | Train Loss: 1.4054 | Val Loss: 2.3037 | Val Acc: 0.3750
2025-06-22 10:39:57,788 [INFO] Epoch 062 | Train Loss: 1.0776 | Val Loss: 2.6254 | Val Acc: 0.2857
2025-06-22 10:39:57,847 [INFO] Epoch 063 | Train Loss: 1.6767 | Val Loss: 2.2706 | Val Acc: 0.3929
2025-06-22 10:39:57,895 [INFO] Epoch 064 | Train Loss: 2.1685 | Val Loss: 2.6409 | Val Acc: 0.3214
2025-06-22 10:39:57,945 [INFO] Epoch 065 | Train Loss: 1.5705 | Val Loss: 4.6988 | Val Acc: 0.3571
2025-06-22 10:39:57,991 [INFO] Epoch 066 | Train Loss: 2.4596 | Val Loss: 2.8976 | Val Acc: 0.3214
2025-06-22 10:39:58,037 [INFO] Epoch 067 | Train Loss: 1.8850 | Val Loss: 2.7364 | Val Acc: 0.3214
2025-06-22 10:39:58,083 [INFO] Epoch 068 | Train Loss: 1.6562 | Val Loss: 2.8024 | Val Acc: 0.3929
2025-06-22 10:39:58,129 [INFO] Epoch 069 | Train Loss: 2.0150 | Val Loss: 3.2454 | Val Acc: 0.3571
2025-06-22 10:39:58,208 [INFO] Epoch 070 | Train Loss: 2.2463 | Val Loss: 2.6206 | Val Acc: 0.3571
2025-06-22 10:39:59,055 [INFO] Epoch 071 | Train Loss: 1.5027 | Val Loss: 1.6810 | Val Acc: 0.3393
2025-06-22 10:39:59,134 [INFO] Epoch 072 | Train Loss: 2.2458 | Val Loss: 2.3110 | Val Acc: 0.3750
2025-06-22 10:39:59,181 [INFO] Epoch 073 | Train Loss: 1.3526 | Val Loss: 2.4659 | Val Acc: 0.3214
2025-06-22 10:39:59,246 [INFO] Epoch 074 | Train Loss: 1.6836 | Val Loss: 2.2519 | Val Acc: 0.3929
2025-06-22 10:39:59,306 [INFO] Epoch 075 | Train Loss: 1.3480 | Val Loss: 1.9799 | Val Acc: 0.3750
2025-06-22 10:39:59,353 [INFO] Epoch 076 | Train Loss: 1.4883 | Val Loss: 2.2996 | Val Acc: 0.3393
2025-06-22 10:39:59,399 [INFO] Epoch 077 | Train Loss: 1.2696 | Val Loss: 2.2737 | Val Acc: 0.4107
2025-06-22 10:39:59,444 [INFO] Epoch 078 | Train Loss: 1.0173 | Val Loss: 2.2433 | Val Acc: 0.4643
2025-06-22 10:39:59,490 [INFO] Epoch 079 | Train Loss: 2.0658 | Val Loss: 2.2166 | Val Acc: 0.3571
2025-06-22 10:39:59,547 [INFO] Epoch 080 | Train Loss: 1.6664 | Val Loss: 2.4173 | Val Acc: 0.4643
2025-06-22 10:40:02,531 [INFO] Epoch 081 | Train Loss: 0.9568 | Val Loss: 2.3440 | Val Acc: 0.3571
2025-06-22 10:40:02,591 [INFO] Epoch 082 | Train Loss: 1.1395 | Val Loss: 1.8784 | Val Acc: 0.3750
2025-06-22 10:40:02,663 [INFO] Epoch 083 | Train Loss: 0.9848 | Val Loss: 1.8507 | Val Acc: 0.3571
2025-06-22 10:40:02,710 [INFO] Epoch 084 | Train Loss: 1.0738 | Val Loss: 2.0574 | Val Acc: 0.3393
2025-06-22 10:40:02,776 [INFO] Epoch 085 | Train Loss: 1.1536 | Val Loss: 2.1798 | Val Acc: 0.3571
2025-06-22 10:40:02,822 [INFO] Epoch 086 | Train Loss: 0.7661 | Val Loss: 2.4564 | Val Acc: 0.3929
2025-06-22 10:40:02,869 [INFO] Epoch 087 | Train Loss: 1.8380 | Val Loss: 2.0983 | Val Acc: 0.3929
2025-06-22 10:40:02,917 [INFO] Epoch 088 | Train Loss: 0.9148 | Val Loss: 1.8551 | Val Acc: 0.3750
2025-06-22 10:40:02,985 [INFO] Epoch 089 | Train Loss: 0.9311 | Val Loss: 1.9789 | Val Acc: 0.4107
2025-06-22 10:40:03,060 [INFO] Epoch 090 | Train Loss: 1.0371 | Val Loss: 2.1817 | Val Acc: 0.4107
2025-06-22 10:40:04,609 [INFO] Epoch 091 | Train Loss: 1.1915 | Val Loss: 2.0124 | Val Acc: 0.4107
2025-06-22 10:40:04,670 [INFO] Epoch 092 | Train Loss: 0.9174 | Val Loss: 2.0632 | Val Acc: 0.3929
2025-06-22 10:40:04,747 [INFO] Epoch 093 | Train Loss: 1.2283 | Val Loss: 2.2286 | Val Acc: 0.4643
2025-06-22 10:40:04,793 [INFO] Epoch 094 | Train Loss: 1.6076 | Val Loss: 2.8246 | Val Acc: 0.3571
2025-06-22 10:40:04,838 [INFO] Epoch 095 | Train Loss: 0.7470 | Val Loss: 2.6887 | Val Acc: 0.3393
2025-06-22 10:40:04,884 [INFO] Epoch 096 | Train Loss: 1.1176 | Val Loss: 2.1051 | Val Acc: 0.3393
2025-06-22 10:40:04,949 [INFO] Epoch 097 | Train Loss: 1.0246 | Val Loss: 2.5269 | Val Acc: 0.3929
2025-06-22 10:40:04,994 [INFO] Epoch 098 | Train Loss: 1.3608 | Val Loss: 2.0008 | Val Acc: 0.4286
2025-06-22 10:40:05,051 [INFO] Epoch 099 | Train Loss: 1.5651 | Val Loss: 2.2949 | Val Acc: 0.3571
2025-06-22 10:40:05,117 [INFO] Epoch 100 | Train Loss: 1.4405 | Val Loss: 3.6592 | Val Acc: 0.3750
2025-06-22 10:40:05,958 [INFO] Epoch 101 | Train Loss: 1.2841 | Val Loss: 2.3626 | Val Acc: 0.2857
2025-06-22 10:40:06,024 [INFO] Epoch 102 | Train Loss: 0.9859 | Val Loss: 2.6379 | Val Acc: 0.3036
2025-06-22 10:40:06,082 [INFO] Epoch 103 | Train Loss: 1.0348 | Val Loss: 2.8981 | Val Acc: 0.2857
2025-06-22 10:40:06,130 [INFO] Epoch 104 | Train Loss: 1.1327 | Val Loss: 2.9462 | Val Acc: 0.2679
2025-06-22 10:40:06,175 [INFO] Epoch 105 | Train Loss: 0.9370 | Val Loss: 3.0007 | Val Acc: 0.3393
2025-06-22 10:40:06,221 [INFO] Epoch 106 | Train Loss: 0.6937 | Val Loss: 2.8985 | Val Acc: 0.2857
2025-06-22 10:40:06,266 [INFO] Epoch 107 | Train Loss: 1.3216 | Val Loss: 2.0172 | Val Acc: 0.4286
2025-06-22 10:40:06,312 [INFO] Epoch 108 | Train Loss: 0.8094 | Val Loss: 2.0480 | Val Acc: 0.3214
2025-06-22 10:40:06,359 [INFO] Epoch 109 | Train Loss: 0.7439 | Val Loss: 2.2656 | Val Acc: 0.3393
2025-06-22 10:40:06,403 [INFO] Epoch 110 | Train Loss: 1.1623 | Val Loss: 2.2667 | Val Acc: 0.3393
2025-06-22 10:40:07,264 [INFO] Epoch 111 | Train Loss: 0.8335 | Val Loss: 2.4890 | Val Acc: 0.3750
2025-06-22 10:40:07,329 [INFO] Epoch 112 | Train Loss: 0.9788 | Val Loss: 2.9713 | Val Acc: 0.3571
2025-06-22 10:40:07,376 [INFO] Epoch 113 | Train Loss: 0.9683 | Val Loss: 2.5584 | Val Acc: 0.3393
2025-06-22 10:40:07,422 [INFO] Epoch 114 | Train Loss: 0.8366 | Val Loss: 2.5501 | Val Acc: 0.3750
2025-06-22 10:40:07,466 [INFO] Epoch 115 | Train Loss: 0.6116 | Val Loss: 2.5849 | Val Acc: 0.4107
2025-06-22 10:40:07,510 [INFO] Epoch 116 | Train Loss: 0.9214 | Val Loss: 2.3210 | Val Acc: 0.4286
2025-06-22 10:40:07,556 [INFO] Epoch 117 | Train Loss: 0.6693 | Val Loss: 2.2494 | Val Acc: 0.4464
2025-06-22 10:40:07,601 [INFO] Epoch 118 | Train Loss: 1.3289 | Val Loss: 2.1150 | Val Acc: 0.3750
2025-06-22 10:40:07,647 [INFO] Epoch 119 | Train Loss: 1.1327 | Val Loss: 2.4811 | Val Acc: 0.3750
2025-06-22 10:40:07,693 [INFO] Epoch 120 | Train Loss: 0.7101 | Val Loss: 2.3158 | Val Acc: 0.3929
2025-06-22 10:40:08,557 [INFO] Epoch 121 | Train Loss: 0.8742 | Val Loss: 2.0918 | Val Acc: 0.4286
2025-06-22 10:40:08,631 [INFO] Epoch 122 | Train Loss: 0.7441 | Val Loss: 2.0910 | Val Acc: 0.3571
2025-06-22 10:40:08,676 [INFO] Epoch 123 | Train Loss: 1.2720 | Val Loss: 1.8786 | Val Acc: 0.2857
2025-06-22 10:40:08,722 [INFO] Epoch 124 | Train Loss: 0.7305 | Val Loss: 2.0284 | Val Acc: 0.4464
2025-06-22 10:40:08,769 [INFO] Epoch 125 | Train Loss: 0.7306 | Val Loss: 1.8808 | Val Acc: 0.4286
2025-06-22 10:40:08,818 [INFO] Epoch 126 | Train Loss: 0.6943 | Val Loss: 1.8447 | Val Acc: 0.4286
2025-06-22 10:40:08,875 [INFO] Epoch 127 | Train Loss: 0.9761 | Val Loss: 2.1386 | Val Acc: 0.3929
2025-06-22 10:40:08,930 [INFO] Epoch 128 | Train Loss: 0.7160 | Val Loss: 2.3110 | Val Acc: 0.4464
2025-06-22 10:40:08,976 [INFO] Epoch 129 | Train Loss: 0.8493 | Val Loss: 3.3246 | Val Acc: 0.4107
2025-06-22 10:40:09,021 [INFO] Epoch 130 | Train Loss: 1.1136 | Val Loss: 6.0182 | Val Acc: 0.3393
2025-06-22 10:40:09,959 [INFO] Epoch 131 | Train Loss: 1.2411 | Val Loss: 3.3694 | Val Acc: 0.3393
2025-06-22 10:40:10,040 [INFO] Epoch 132 | Train Loss: 1.0946 | Val Loss: 2.0533 | Val Acc: 0.3214
2025-06-22 10:40:10,134 [INFO] Epoch 133 | Train Loss: 0.7967 | Val Loss: 2.1049 | Val Acc: 0.3571
2025-06-22 10:40:10,210 [INFO] Epoch 134 | Train Loss: 0.6822 | Val Loss: 2.1053 | Val Acc: 0.3571
2025-06-22 10:40:10,267 [INFO] Epoch 135 | Train Loss: 0.7969 | Val Loss: 2.5008 | Val Acc: 0.4286
2025-06-22 10:40:10,318 [INFO] Epoch 136 | Train Loss: 0.5062 | Val Loss: 2.6928 | Val Acc: 0.4643
2025-06-22 10:40:10,365 [INFO] Epoch 137 | Train Loss: 0.6211 | Val Loss: 2.7435 | Val Acc: 0.4286
2025-06-22 10:40:10,424 [INFO] Epoch 138 | Train Loss: 0.8094 | Val Loss: 2.3568 | Val Acc: 0.3929
2025-06-22 10:40:10,470 [INFO] Epoch 139 | Train Loss: 0.6398 | Val Loss: 2.3113 | Val Acc: 0.3750
2025-06-22 10:40:10,515 [INFO] Epoch 140 | Train Loss: 0.8754 | Val Loss: 3.0581 | Val Acc: 0.4286
2025-06-22 10:40:11,401 [INFO] Epoch 141 | Train Loss: 0.7038 | Val Loss: 2.7556 | Val Acc: 0.4464
2025-06-22 10:40:11,460 [INFO] Epoch 142 | Train Loss: 0.8355 | Val Loss: 2.2278 | Val Acc: 0.4107
2025-06-22 10:40:11,504 [INFO] Epoch 143 | Train Loss: 0.9865 | Val Loss: 3.1102 | Val Acc: 0.3750
2025-06-22 10:40:11,551 [INFO] Epoch 144 | Train Loss: 0.8896 | Val Loss: 2.6728 | Val Acc: 0.3929
2025-06-22 10:40:11,595 [INFO] Epoch 145 | Train Loss: 0.8939 | Val Loss: 2.6586 | Val Acc: 0.4286
2025-06-22 10:40:11,639 [INFO] Epoch 146 | Train Loss: 0.8073 | Val Loss: 3.1506 | Val Acc: 0.4286
2025-06-22 10:40:11,685 [INFO] Epoch 147 | Train Loss: 0.5325 | Val Loss: 3.0266 | Val Acc: 0.4643
2025-06-22 10:40:11,731 [INFO] Epoch 148 | Train Loss: 0.8051 | Val Loss: 3.4387 | Val Acc: 0.4107
2025-06-22 10:40:11,776 [INFO] Epoch 149 | Train Loss: 0.7039 | Val Loss: 2.8060 | Val Acc: 0.3750
2025-06-22 10:40:11,822 [INFO] Epoch 150 | Train Loss: 0.5467 | Val Loss: 2.8848 | Val Acc: 0.3929
2025-06-22 10:40:12,688 [INFO] Epoch 151 | Train Loss: 0.7017 | Val Loss: 3.1780 | Val Acc: 0.4464
2025-06-22 10:40:12,748 [INFO] Epoch 152 | Train Loss: 0.6291 | Val Loss: 2.4750 | Val Acc: 0.4643
2025-06-22 10:40:12,792 [INFO] Epoch 153 | Train Loss: 1.0755 | Val Loss: 2.4882 | Val Acc: 0.4286
2025-06-22 10:40:12,836 [INFO] Epoch 154 | Train Loss: 0.8792 | Val Loss: 2.6976 | Val Acc: 0.4643
2025-06-22 10:40:12,880 [INFO] Epoch 155 | Train Loss: 0.8146 | Val Loss: 2.9248 | Val Acc: 0.3571
2025-06-22 10:40:12,929 [INFO] Epoch 156 | Train Loss: 0.9736 | Val Loss: 3.2770 | Val Acc: 0.4821
2025-06-22 10:40:12,976 [INFO] Epoch 157 | Train Loss: 0.5923 | Val Loss: 3.8466 | Val Acc: 0.4464
2025-06-22 10:40:13,022 [INFO] Epoch 158 | Train Loss: 1.2123 | Val Loss: 3.7708 | Val Acc: 0.3929
2025-06-22 10:40:13,068 [INFO] Epoch 159 | Train Loss: 0.8101 | Val Loss: 3.4503 | Val Acc: 0.3750
2025-06-22 10:40:13,074 [INFO] Early stopping at epoch 159 (no improvement in 150 epochs).
2025-06-22 10:40:13,082 [INFO] Best model saved to <built-in function time>/ENZYMES/best/best_source_gin.pth (Val Acc: 0.5357 at epoch 9)
2025-06-22 10:40:13,083 [INFO] Training/validation metrics saved to <built-in function time>/ENZYMES/GIN_0.001/train_metrics.csv
2025-06-22 10:40:13,847 [INFO] Final training curves saved
2025-06-22 10:40:13,847 [INFO] Training completed!
2025-06-22 10:40:13,847 [INFO] Best validation accuracy: 0.5357
2025-06-22 10:40:13,847 [INFO] Best epoch: 9
2025-06-22 10:40:13,847 [INFO] Total epochs trained: 159
2025-06-22 10:40:13,848 [INFO] Starting training with parameters: (0.001, 0.5, 256, 4, 50, 0.0)
