2025-06-22 10:35:49,055 [INFO] Using device: cpu
2025-06-22 10:35:49,055 [INFO] 开始创建数据加载器...
2025-06-22 10:35:49,059 [INFO] Successfully loaded dataset ENZYMES from ./data, total graphs: 600
2025-06-22 10:35:49,059 [INFO] Class allocation analysis:
2025-06-22 10:35:49,059 [INFO]   Source classes: [0, 1, 2, 3]
2025-06-22 10:35:49,059 [INFO]   Target classes: [0, 1, 2, 3, 4, 5]
2025-06-22 10:35:49,059 [INFO]   Overlap classes (to be split): [0, 1, 2, 3]
2025-06-22 10:35:49,059 [INFO]   Target novel classes (unknown): [4, 5]
2025-06-22 10:35:49,072 [INFO]   Class 0: 100 total -> Source: 70, Target: 30
2025-06-22 10:35:49,073 [INFO]   Class 1: 100 total -> Source: 70, Target: 30
2025-06-22 10:35:49,073 [INFO]   Class 2: 100 total -> Source: 70, Target: 30
2025-06-22 10:35:49,073 [INFO]   Class 3: 100 total -> Source: 70, Target: 30
2025-06-22 10:35:49,073 [INFO]   Class 4 (novel/unknown): 100 samples -> Target
2025-06-22 10:35:49,073 [INFO]   Class 5 (novel/unknown): 100 samples -> Target
2025-06-22 10:35:49,073 [INFO] Final allocation:
2025-06-22 10:35:49,073 [INFO]   Source domain: 280 samples
2025-06-22 10:35:49,073 [INFO]   Target domain: 320 samples
2025-06-22 10:35:49,074 [INFO] Source domain setup:
2025-06-22 10:35:49,074 [INFO]   Original classes: [0, 1, 2, 3]
2025-06-22 10:35:49,074 [INFO]   Overlap classes used: [0, 1, 2, 3]
2025-06-22 10:35:49,074 [INFO]   Label mapping: {0: 0, 1: 1, 2: 2, 3: 3}
2025-06-22 10:35:49,074 [INFO]   Total data after allocation: 280
2025-06-22 10:35:49,074 [INFO]   Data split - Train: 224, Val: 56
2025-06-22 10:35:49,075 [INFO]   Train label distribution: {0: 56, 1: 56, 3: 56, 2: 56}
2025-06-22 10:35:49,075 [INFO]   Val label distribution: {1: 14, 2: 14, 0: 14, 3: 14}
2025-06-22 10:35:49,076 [INFO] Successfully loaded dataset ENZYMES from ./data, total graphs: 600
2025-06-22 10:35:49,076 [INFO] Class allocation analysis:
2025-06-22 10:35:49,076 [INFO]   Source classes: [0, 1, 2, 3]
2025-06-22 10:35:49,076 [INFO]   Target classes: [0, 1, 2, 3, 4, 5]
2025-06-22 10:35:49,076 [INFO]   Overlap classes (to be split): [0, 1, 2, 3]
2025-06-22 10:35:49,076 [INFO]   Target novel classes (unknown): [4, 5]
2025-06-22 10:35:49,089 [INFO]   Class 0: 100 total -> Source: 70, Target: 30
2025-06-22 10:35:49,089 [INFO]   Class 1: 100 total -> Source: 70, Target: 30
2025-06-22 10:35:49,089 [INFO]   Class 2: 100 total -> Source: 70, Target: 30
2025-06-22 10:35:49,089 [INFO]   Class 3: 100 total -> Source: 70, Target: 30
2025-06-22 10:35:49,089 [INFO]   Class 4 (novel/unknown): 100 samples -> Target
2025-06-22 10:35:49,089 [INFO]   Class 5 (novel/unknown): 100 samples -> Target
2025-06-22 10:35:49,089 [INFO] Final allocation:
2025-06-22 10:35:49,089 [INFO]   Source domain: 280 samples
2025-06-22 10:35:49,089 [INFO]   Target domain: 320 samples
2025-06-22 10:35:49,091 [INFO] Target domain setup:
2025-06-22 10:35:49,091 [INFO]   Original classes: [0, 1, 2, 3, 4, 5]
2025-06-22 10:35:49,091 [INFO]   Overlap classes: [0, 1, 2, 3]
2025-06-22 10:35:49,091 [INFO]   Novel classes: [4, 5] -> mapped to unknown label 4
2025-06-22 10:35:49,091 [INFO]   Label mapping: {0: 0, 1: 1, 2: 2, 3: 3, 4: 4, 5: 4}
2025-06-22 10:35:49,091 [INFO]   Total data after allocation: 320
2025-06-22 10:35:49,091 [INFO]   Data split - Train: 256, Val: 64
2025-06-22 10:35:49,091 [INFO]   Total count: 320 (known: 120, unknown: 200)
2025-06-22 10:35:49,091 [INFO]   Total label distribution: {4: 200, 3: 30, 0: 30, 1: 30, 2: 30}
2025-06-22 10:35:49,091 [INFO]   Train label distribution: {4: 160, 0: 24, 2: 24, 3: 24, 1: 24}
2025-06-22 10:35:49,091 [INFO]   Val label distribution: {1: 6, 4: 40, 3: 6, 0: 6, 2: 6}
2025-06-22 10:35:49,091 [INFO] 数据加载器创建完成!
2025-06-22 10:35:49,091 [INFO] 源域类别数: 4 (重叠类别)
2025-06-22 10:35:49,091 [INFO] 目标域类别数: 5 (4个重叠类别 + 1个未知类别)
2025-06-22 10:35:49,091 [INFO] 重叠类别: [0, 1, 2, 3]
2025-06-22 10:35:49,091 [INFO] 目标域新类别: [4, 5]
2025-06-22 10:35:49,091 [INFO] Data allocation verification:
2025-06-22 10:35:49,091 [INFO]   Source data samples: 280
2025-06-22 10:35:49,091 [INFO]   Target data samples: 320
2025-06-22 10:35:49,091 [INFO]   Overlapping samples: 0
2025-06-22 10:35:49,091 [INFO]   ✓ Data allocation is correct - no overlapping samples
2025-06-22 10:35:49,094 [INFO] Model initialized with 334084 parameters
2025-06-22 10:35:49,094 [INFO] Previous best validation accuracy read from record.txt: 0.6250
2025-06-22 10:35:49,094 [INFO] Starting training...
2025-06-22 10:35:49,178 [INFO] Epoch 001 | Train Loss: 11.8431 | Val Loss: 2.0582 | Val Acc: 0.3214
2025-06-22 10:35:49,964 [INFO] New best model at epoch 1 (Val Acc: 0.3214)
2025-06-22 10:35:50,034 [INFO] Epoch 002 | Train Loss: 9.7285 | Val Loss: 2.6590 | Val Acc: 0.3393
2025-06-22 10:35:50,043 [INFO] New best model at epoch 2 (Val Acc: 0.3393)
2025-06-22 10:35:50,105 [INFO] Epoch 003 | Train Loss: 9.8793 | Val Loss: 2.5886 | Val Acc: 0.2679
2025-06-22 10:35:50,167 [INFO] Epoch 004 | Train Loss: 8.4638 | Val Loss: 4.7645 | Val Acc: 0.2679
2025-06-22 10:35:50,237 [INFO] Epoch 005 | Train Loss: 6.2075 | Val Loss: 6.8710 | Val Acc: 0.3571
2025-06-22 10:35:50,245 [INFO] New best model at epoch 5 (Val Acc: 0.3571)
2025-06-22 10:35:50,299 [INFO] Epoch 006 | Train Loss: 7.2396 | Val Loss: 4.6435 | Val Acc: 0.3571
2025-06-22 10:35:50,347 [INFO] Epoch 007 | Train Loss: 6.9869 | Val Loss: 3.1366 | Val Acc: 0.4107
2025-06-22 10:35:50,358 [INFO] New best model at epoch 7 (Val Acc: 0.4107)
2025-06-22 10:35:50,397 [INFO] Epoch 008 | Train Loss: 7.0827 | Val Loss: 5.1231 | Val Acc: 0.3929
2025-06-22 10:35:50,442 [INFO] Epoch 009 | Train Loss: 4.8992 | Val Loss: 3.3717 | Val Acc: 0.3750
2025-06-22 10:35:50,487 [INFO] Epoch 010 | Train Loss: 5.1157 | Val Loss: 2.6565 | Val Acc: 0.3214
2025-06-22 10:35:51,347 [INFO] Epoch 011 | Train Loss: 4.3309 | Val Loss: 3.6472 | Val Acc: 0.3214
2025-06-22 10:35:51,409 [INFO] Epoch 012 | Train Loss: 4.3280 | Val Loss: 2.1929 | Val Acc: 0.4821
2025-06-22 10:35:51,418 [INFO] New best model at epoch 12 (Val Acc: 0.4821)
2025-06-22 10:35:51,462 [INFO] Epoch 013 | Train Loss: 4.4721 | Val Loss: 3.4056 | Val Acc: 0.3750
2025-06-22 10:35:51,520 [INFO] Epoch 014 | Train Loss: 4.5832 | Val Loss: 4.2082 | Val Acc: 0.2857
2025-06-22 10:35:51,598 [INFO] Epoch 015 | Train Loss: 3.6706 | Val Loss: 3.5330 | Val Acc: 0.3929
2025-06-22 10:35:51,666 [INFO] Epoch 016 | Train Loss: 4.2139 | Val Loss: 2.9342 | Val Acc: 0.3214
2025-06-22 10:35:51,723 [INFO] Epoch 017 | Train Loss: 3.7038 | Val Loss: 3.6900 | Val Acc: 0.3393
2025-06-22 10:35:51,798 [INFO] Epoch 018 | Train Loss: 3.9457 | Val Loss: 2.6508 | Val Acc: 0.3571
2025-06-22 10:35:51,847 [INFO] Epoch 019 | Train Loss: 3.3891 | Val Loss: 2.8486 | Val Acc: 0.4286
2025-06-22 10:35:51,920 [INFO] Epoch 020 | Train Loss: 3.1578 | Val Loss: 2.8515 | Val Acc: 0.3929
2025-06-22 10:35:52,860 [INFO] Epoch 021 | Train Loss: 3.0237 | Val Loss: 3.0497 | Val Acc: 0.2679
2025-06-22 10:35:52,932 [INFO] Epoch 022 | Train Loss: 2.4997 | Val Loss: 2.4429 | Val Acc: 0.3214
2025-06-22 10:35:52,976 [INFO] Epoch 023 | Train Loss: 4.1173 | Val Loss: 2.5825 | Val Acc: 0.3750
2025-06-22 10:35:53,021 [INFO] Epoch 024 | Train Loss: 3.1213 | Val Loss: 2.5623 | Val Acc: 0.3393
2025-06-22 10:35:53,065 [INFO] Epoch 025 | Train Loss: 3.1602 | Val Loss: 2.4317 | Val Acc: 0.3750
2025-06-22 10:35:53,111 [INFO] Epoch 026 | Train Loss: 2.6656 | Val Loss: 2.0291 | Val Acc: 0.3750
2025-06-22 10:35:53,167 [INFO] Epoch 027 | Train Loss: 4.2181 | Val Loss: 2.3505 | Val Acc: 0.3393
2025-06-22 10:35:53,231 [INFO] Epoch 028 | Train Loss: 2.9671 | Val Loss: 1.7792 | Val Acc: 0.3393
2025-06-22 10:35:53,276 [INFO] Epoch 029 | Train Loss: 2.2242 | Val Loss: 1.7177 | Val Acc: 0.3750
2025-06-22 10:35:53,332 [INFO] Epoch 030 | Train Loss: 3.3749 | Val Loss: 1.9749 | Val Acc: 0.3036
2025-06-22 10:35:54,148 [INFO] Epoch 031 | Train Loss: 4.1236 | Val Loss: 1.8593 | Val Acc: 0.2500
2025-06-22 10:35:54,208 [INFO] Epoch 032 | Train Loss: 2.4848 | Val Loss: 2.4217 | Val Acc: 0.3036
2025-06-22 10:35:54,252 [INFO] Epoch 033 | Train Loss: 2.0115 | Val Loss: 2.1634 | Val Acc: 0.3750
2025-06-22 10:35:54,297 [INFO] Epoch 034 | Train Loss: 1.4442 | Val Loss: 2.3377 | Val Acc: 0.3571
2025-06-22 10:35:54,342 [INFO] Epoch 035 | Train Loss: 1.9622 | Val Loss: 2.6736 | Val Acc: 0.3571
2025-06-22 10:35:54,387 [INFO] Epoch 036 | Train Loss: 3.0891 | Val Loss: 2.3694 | Val Acc: 0.2857
2025-06-22 10:35:54,439 [INFO] Epoch 037 | Train Loss: 1.7341 | Val Loss: 1.8905 | Val Acc: 0.4286
2025-06-22 10:35:54,503 [INFO] Epoch 038 | Train Loss: 2.3722 | Val Loss: 2.2565 | Val Acc: 0.4286
2025-06-22 10:35:54,551 [INFO] Epoch 039 | Train Loss: 3.2913 | Val Loss: 1.9995 | Val Acc: 0.3929
2025-06-22 10:35:54,596 [INFO] Epoch 040 | Train Loss: 2.3126 | Val Loss: 1.7975 | Val Acc: 0.3929
2025-06-22 10:35:55,403 [INFO] Epoch 041 | Train Loss: 2.7029 | Val Loss: 1.8789 | Val Acc: 0.3393
2025-06-22 10:35:55,476 [INFO] Epoch 042 | Train Loss: 2.4677 | Val Loss: 1.7459 | Val Acc: 0.3036
2025-06-22 10:35:55,537 [INFO] Epoch 043 | Train Loss: 2.5943 | Val Loss: 1.5870 | Val Acc: 0.3929
2025-06-22 10:35:55,581 [INFO] Epoch 044 | Train Loss: 2.2650 | Val Loss: 2.0167 | Val Acc: 0.4107
2025-06-22 10:35:55,628 [INFO] Epoch 045 | Train Loss: 2.8781 | Val Loss: 2.3148 | Val Acc: 0.3214
2025-06-22 10:35:55,712 [INFO] Epoch 046 | Train Loss: 2.0374 | Val Loss: 2.1834 | Val Acc: 0.2857
2025-06-22 10:35:55,771 [INFO] Epoch 047 | Train Loss: 2.7298 | Val Loss: 1.6384 | Val Acc: 0.3214
2025-06-22 10:35:55,824 [INFO] Epoch 048 | Train Loss: 2.0865 | Val Loss: 2.1154 | Val Acc: 0.3571
2025-06-22 10:35:55,873 [INFO] Epoch 049 | Train Loss: 1.6233 | Val Loss: 1.9837 | Val Acc: 0.3571
2025-06-22 10:35:55,927 [INFO] Epoch 050 | Train Loss: 2.1367 | Val Loss: 1.9432 | Val Acc: 0.2857
2025-06-22 10:35:56,751 [INFO] Epoch 051 | Train Loss: 1.5447 | Val Loss: 1.8514 | Val Acc: 0.3571
2025-06-22 10:35:56,816 [INFO] Epoch 052 | Train Loss: 2.0332 | Val Loss: 1.6057 | Val Acc: 0.3214
2025-06-22 10:35:56,869 [INFO] Epoch 053 | Train Loss: 1.5672 | Val Loss: 2.1548 | Val Acc: 0.3571
2025-06-22 10:35:56,913 [INFO] Epoch 054 | Train Loss: 1.8223 | Val Loss: 2.2775 | Val Acc: 0.3750
2025-06-22 10:35:56,958 [INFO] Epoch 055 | Train Loss: 2.1773 | Val Loss: 1.6700 | Val Acc: 0.3750
2025-06-22 10:35:57,002 [INFO] Epoch 056 | Train Loss: 1.7773 | Val Loss: 1.4612 | Val Acc: 0.4821
2025-06-22 10:35:57,048 [INFO] Epoch 057 | Train Loss: 1.9812 | Val Loss: 1.6769 | Val Acc: 0.3750
2025-06-22 10:35:57,093 [INFO] Epoch 058 | Train Loss: 1.3497 | Val Loss: 1.6893 | Val Acc: 0.4464
2025-06-22 10:35:57,138 [INFO] Epoch 059 | Train Loss: 2.5847 | Val Loss: 1.5410 | Val Acc: 0.4643
2025-06-22 10:35:57,184 [INFO] Epoch 060 | Train Loss: 2.1346 | Val Loss: 1.4870 | Val Acc: 0.3929
2025-06-22 10:35:58,404 [INFO] Epoch 061 | Train Loss: 1.8180 | Val Loss: 1.8109 | Val Acc: 0.3929
2025-06-22 10:35:58,469 [INFO] Epoch 062 | Train Loss: 1.5218 | Val Loss: 2.2188 | Val Acc: 0.4107
2025-06-22 10:35:58,513 [INFO] Epoch 063 | Train Loss: 1.8674 | Val Loss: 1.7950 | Val Acc: 0.2857
2025-06-22 10:35:58,557 [INFO] Epoch 064 | Train Loss: 1.8111 | Val Loss: 1.6265 | Val Acc: 0.3393
2025-06-22 10:35:58,602 [INFO] Epoch 065 | Train Loss: 2.1061 | Val Loss: 1.5835 | Val Acc: 0.3571
2025-06-22 10:35:58,652 [INFO] Epoch 066 | Train Loss: 1.9730 | Val Loss: 1.8461 | Val Acc: 0.3750
2025-06-22 10:35:58,715 [INFO] Epoch 067 | Train Loss: 1.7308 | Val Loss: 2.0473 | Val Acc: 0.3214
2025-06-22 10:35:58,769 [INFO] Epoch 068 | Train Loss: 1.5412 | Val Loss: 2.1417 | Val Acc: 0.3750
2025-06-22 10:35:58,816 [INFO] Epoch 069 | Train Loss: 1.9676 | Val Loss: 2.2637 | Val Acc: 0.3929
2025-06-22 10:35:58,861 [INFO] Epoch 070 | Train Loss: 1.6190 | Val Loss: 1.7960 | Val Acc: 0.3571
2025-06-22 10:35:59,734 [INFO] Epoch 071 | Train Loss: 1.5681 | Val Loss: 2.1276 | Val Acc: 0.3214
2025-06-22 10:35:59,798 [INFO] Epoch 072 | Train Loss: 1.8250 | Val Loss: 2.9810 | Val Acc: 0.3571
2025-06-22 10:35:59,851 [INFO] Epoch 073 | Train Loss: 1.7083 | Val Loss: 2.0288 | Val Acc: 0.3929
2025-06-22 10:35:59,908 [INFO] Epoch 074 | Train Loss: 1.9599 | Val Loss: 1.8566 | Val Acc: 0.3036
2025-06-22 10:35:59,951 [INFO] Epoch 075 | Train Loss: 1.4572 | Val Loss: 1.8372 | Val Acc: 0.3571
2025-06-22 10:35:59,997 [INFO] Epoch 076 | Train Loss: 2.0883 | Val Loss: 1.7926 | Val Acc: 0.4107
2025-06-22 10:36:00,049 [INFO] Epoch 077 | Train Loss: 1.4688 | Val Loss: 2.0427 | Val Acc: 0.3750
2025-06-22 10:36:00,095 [INFO] Epoch 078 | Train Loss: 1.2788 | Val Loss: 1.8813 | Val Acc: 0.4107
2025-06-22 10:36:00,139 [INFO] Epoch 079 | Train Loss: 2.3912 | Val Loss: 1.7086 | Val Acc: 0.3929
2025-06-22 10:36:00,185 [INFO] Epoch 080 | Train Loss: 1.5771 | Val Loss: 1.7419 | Val Acc: 0.3929
2025-06-22 10:36:01,009 [INFO] Epoch 081 | Train Loss: 1.4588 | Val Loss: 1.8952 | Val Acc: 0.4107
2025-06-22 10:36:01,068 [INFO] Epoch 082 | Train Loss: 1.4426 | Val Loss: 1.6908 | Val Acc: 0.4107
2025-06-22 10:36:01,114 [INFO] Epoch 083 | Train Loss: 1.4330 | Val Loss: 1.4677 | Val Acc: 0.4821
2025-06-22 10:36:01,158 [INFO] Epoch 084 | Train Loss: 1.8091 | Val Loss: 1.9379 | Val Acc: 0.4643
2025-06-22 10:36:01,203 [INFO] Epoch 085 | Train Loss: 1.1863 | Val Loss: 1.3195 | Val Acc: 0.5000
2025-06-22 10:36:01,211 [INFO] New best model at epoch 85 (Val Acc: 0.5000)
2025-06-22 10:36:01,249 [INFO] Epoch 086 | Train Loss: 0.9733 | Val Loss: 1.4045 | Val Acc: 0.4821
2025-06-22 10:36:01,294 [INFO] Epoch 087 | Train Loss: 1.4825 | Val Loss: 1.3213 | Val Acc: 0.4643
2025-06-22 10:36:01,339 [INFO] Epoch 088 | Train Loss: 1.3215 | Val Loss: 1.3248 | Val Acc: 0.4821
2025-06-22 10:36:01,384 [INFO] Epoch 089 | Train Loss: 1.0703 | Val Loss: 1.4347 | Val Acc: 0.4821
2025-06-22 10:36:01,429 [INFO] Epoch 090 | Train Loss: 1.3011 | Val Loss: 1.5457 | Val Acc: 0.4286
2025-06-22 10:36:03,854 [INFO] Epoch 091 | Train Loss: 1.6827 | Val Loss: 1.8975 | Val Acc: 0.4107
2025-06-22 10:36:03,905 [INFO] Epoch 092 | Train Loss: 1.5367 | Val Loss: 1.9501 | Val Acc: 0.4286
2025-06-22 10:36:03,959 [INFO] Epoch 093 | Train Loss: 1.5465 | Val Loss: 1.7587 | Val Acc: 0.4464
2025-06-22 10:36:04,008 [INFO] Epoch 094 | Train Loss: 1.8771 | Val Loss: 2.3612 | Val Acc: 0.3214
2025-06-22 10:36:04,058 [INFO] Epoch 095 | Train Loss: 0.8909 | Val Loss: 2.0005 | Val Acc: 0.3214
2025-06-22 10:36:04,106 [INFO] Epoch 096 | Train Loss: 1.9344 | Val Loss: 1.9675 | Val Acc: 0.3929
2025-06-22 10:36:04,151 [INFO] Epoch 097 | Train Loss: 1.2412 | Val Loss: 1.8742 | Val Acc: 0.4286
2025-06-22 10:36:04,199 [INFO] Epoch 098 | Train Loss: 1.4368 | Val Loss: 1.6922 | Val Acc: 0.4107
2025-06-22 10:36:04,245 [INFO] Epoch 099 | Train Loss: 1.8567 | Val Loss: 1.8814 | Val Acc: 0.3750
2025-06-22 10:36:04,291 [INFO] Epoch 100 | Train Loss: 1.9209 | Val Loss: 1.8237 | Val Acc: 0.4464
2025-06-22 10:36:05,141 [INFO] Epoch 101 | Train Loss: 1.4413 | Val Loss: 2.0763 | Val Acc: 0.3929
2025-06-22 10:36:05,223 [INFO] Epoch 102 | Train Loss: 0.9016 | Val Loss: 2.2449 | Val Acc: 0.3214
2025-06-22 10:36:05,272 [INFO] Epoch 103 | Train Loss: 1.2237 | Val Loss: 2.2151 | Val Acc: 0.3214
2025-06-22 10:36:05,319 [INFO] Epoch 104 | Train Loss: 1.3641 | Val Loss: 1.7298 | Val Acc: 0.3929
2025-06-22 10:36:05,365 [INFO] Epoch 105 | Train Loss: 1.0673 | Val Loss: 1.6471 | Val Acc: 0.4107
2025-06-22 10:36:05,410 [INFO] Epoch 106 | Train Loss: 0.8694 | Val Loss: 1.6480 | Val Acc: 0.4464
2025-06-22 10:36:05,455 [INFO] Epoch 107 | Train Loss: 1.3806 | Val Loss: 1.8738 | Val Acc: 0.3750
2025-06-22 10:36:05,502 [INFO] Epoch 108 | Train Loss: 0.8637 | Val Loss: 2.0296 | Val Acc: 0.4643
2025-06-22 10:36:05,552 [INFO] Epoch 109 | Train Loss: 1.6517 | Val Loss: 1.9671 | Val Acc: 0.3929
2025-06-22 10:36:05,599 [INFO] Epoch 110 | Train Loss: 1.6178 | Val Loss: 1.7564 | Val Acc: 0.3750
2025-06-22 10:36:08,923 [INFO] Epoch 111 | Train Loss: 1.3004 | Val Loss: 1.8759 | Val Acc: 0.4464
2025-06-22 10:36:08,978 [INFO] Epoch 112 | Train Loss: 0.9066 | Val Loss: 1.9309 | Val Acc: 0.3929
2025-06-22 10:36:09,026 [INFO] Epoch 113 | Train Loss: 1.2242 | Val Loss: 1.8316 | Val Acc: 0.3571
2025-06-22 10:36:09,079 [INFO] Epoch 114 | Train Loss: 1.1051 | Val Loss: 1.6456 | Val Acc: 0.4821
2025-06-22 10:36:09,123 [INFO] Epoch 115 | Train Loss: 1.4183 | Val Loss: 1.5661 | Val Acc: 0.4643
2025-06-22 10:36:09,169 [INFO] Epoch 116 | Train Loss: 1.0432 | Val Loss: 1.9324 | Val Acc: 0.4464
2025-06-22 10:36:09,217 [INFO] Epoch 117 | Train Loss: 1.0169 | Val Loss: 1.8106 | Val Acc: 0.4286
2025-06-22 10:36:09,279 [INFO] Epoch 118 | Train Loss: 1.6429 | Val Loss: 1.9603 | Val Acc: 0.4464
2025-06-22 10:36:09,339 [INFO] Epoch 119 | Train Loss: 1.4441 | Val Loss: 2.0534 | Val Acc: 0.4643
2025-06-22 10:36:09,409 [INFO] Epoch 120 | Train Loss: 0.8614 | Val Loss: 1.7093 | Val Acc: 0.4286
2025-06-22 10:36:10,223 [INFO] Epoch 121 | Train Loss: 0.9642 | Val Loss: 1.8385 | Val Acc: 0.4643
2025-06-22 10:36:10,286 [INFO] Epoch 122 | Train Loss: 0.9791 | Val Loss: 2.0565 | Val Acc: 0.4464
2025-06-22 10:36:10,346 [INFO] Epoch 123 | Train Loss: 1.0950 | Val Loss: 2.1650 | Val Acc: 0.4821
2025-06-22 10:36:10,406 [INFO] Epoch 124 | Train Loss: 0.8992 | Val Loss: 1.8634 | Val Acc: 0.4821
2025-06-22 10:36:10,455 [INFO] Epoch 125 | Train Loss: 0.9010 | Val Loss: 1.7867 | Val Acc: 0.4643
2025-06-22 10:36:10,505 [INFO] Epoch 126 | Train Loss: 1.0968 | Val Loss: 1.6687 | Val Acc: 0.4821
2025-06-22 10:36:10,551 [INFO] Epoch 127 | Train Loss: 1.4539 | Val Loss: 2.1549 | Val Acc: 0.4464
2025-06-22 10:36:10,596 [INFO] Epoch 128 | Train Loss: 1.2169 | Val Loss: 2.9841 | Val Acc: 0.3750
2025-06-22 10:36:10,641 [INFO] Epoch 129 | Train Loss: 1.1204 | Val Loss: 2.7868 | Val Acc: 0.3750
2025-06-22 10:36:10,686 [INFO] Epoch 130 | Train Loss: 1.3160 | Val Loss: 2.1279 | Val Acc: 0.4643
2025-06-22 10:36:11,688 [INFO] Epoch 131 | Train Loss: 1.1573 | Val Loss: 2.3614 | Val Acc: 0.4821
2025-06-22 10:36:11,742 [INFO] Epoch 132 | Train Loss: 0.9595 | Val Loss: 2.4105 | Val Acc: 0.3929
2025-06-22 10:36:11,788 [INFO] Epoch 133 | Train Loss: 1.1635 | Val Loss: 2.3654 | Val Acc: 0.4107
2025-06-22 10:36:11,832 [INFO] Epoch 134 | Train Loss: 0.9351 | Val Loss: 2.1773 | Val Acc: 0.4821
2025-06-22 10:36:11,877 [INFO] Epoch 135 | Train Loss: 1.0498 | Val Loss: 2.4893 | Val Acc: 0.4821
2025-06-22 10:36:11,923 [INFO] Epoch 136 | Train Loss: 0.7897 | Val Loss: 2.8324 | Val Acc: 0.4464
2025-06-22 10:36:11,968 [INFO] Epoch 137 | Train Loss: 0.7920 | Val Loss: 2.1039 | Val Acc: 0.4286
2025-06-22 10:36:12,014 [INFO] Epoch 138 | Train Loss: 1.2692 | Val Loss: 2.0392 | Val Acc: 0.4107
2025-06-22 10:36:12,059 [INFO] Epoch 139 | Train Loss: 0.7321 | Val Loss: 1.9863 | Val Acc: 0.4464
2025-06-22 10:36:12,106 [INFO] Epoch 140 | Train Loss: 0.9588 | Val Loss: 3.4939 | Val Acc: 0.3929
2025-06-22 10:36:12,975 [INFO] Epoch 141 | Train Loss: 1.0531 | Val Loss: 2.5319 | Val Acc: 0.3750
2025-06-22 10:36:13,034 [INFO] Epoch 142 | Train Loss: 0.7945 | Val Loss: 1.9438 | Val Acc: 0.4107
2025-06-22 10:36:13,077 [INFO] Epoch 143 | Train Loss: 1.2174 | Val Loss: 2.1247 | Val Acc: 0.3929
2025-06-22 10:36:13,124 [INFO] Epoch 144 | Train Loss: 1.0539 | Val Loss: 2.1153 | Val Acc: 0.4643
2025-06-22 10:36:13,167 [INFO] Epoch 145 | Train Loss: 1.1438 | Val Loss: 2.3982 | Val Acc: 0.4643
2025-06-22 10:36:13,211 [INFO] Epoch 146 | Train Loss: 1.2751 | Val Loss: 2.4407 | Val Acc: 0.3929
2025-06-22 10:36:13,259 [INFO] Epoch 147 | Train Loss: 0.6318 | Val Loss: 2.2737 | Val Acc: 0.4286
2025-06-22 10:36:13,314 [INFO] Epoch 148 | Train Loss: 0.6992 | Val Loss: 2.9129 | Val Acc: 0.4464
2025-06-22 10:36:13,382 [INFO] Epoch 149 | Train Loss: 0.8112 | Val Loss: 3.4943 | Val Acc: 0.4286
2025-06-22 10:36:13,459 [INFO] Epoch 150 | Train Loss: 0.5979 | Val Loss: 2.9563 | Val Acc: 0.4107
2025-06-22 10:36:14,276 [INFO] Epoch 151 | Train Loss: 0.7909 | Val Loss: 2.9365 | Val Acc: 0.4286
2025-06-22 10:36:14,338 [INFO] Epoch 152 | Train Loss: 0.7466 | Val Loss: 2.7538 | Val Acc: 0.4286
2025-06-22 10:36:14,382 [INFO] Epoch 153 | Train Loss: 1.1125 | Val Loss: 2.6708 | Val Acc: 0.5000
2025-06-22 10:36:14,428 [INFO] Epoch 154 | Train Loss: 0.9136 | Val Loss: 3.0886 | Val Acc: 0.4286
2025-06-22 10:36:14,473 [INFO] Epoch 155 | Train Loss: 0.7976 | Val Loss: 2.9655 | Val Acc: 0.4107
2025-06-22 10:36:14,517 [INFO] Epoch 156 | Train Loss: 0.9815 | Val Loss: 2.5601 | Val Acc: 0.4464
2025-06-22 10:36:14,580 [INFO] Epoch 157 | Train Loss: 0.5441 | Val Loss: 2.2326 | Val Acc: 0.4286
2025-06-22 10:36:14,639 [INFO] Epoch 158 | Train Loss: 1.0290 | Val Loss: 2.3207 | Val Acc: 0.4464
2025-06-22 10:36:14,684 [INFO] Epoch 159 | Train Loss: 0.9112 | Val Loss: 3.0665 | Val Acc: 0.3929
2025-06-22 10:36:14,729 [INFO] Epoch 160 | Train Loss: 0.7817 | Val Loss: 3.1017 | Val Acc: 0.4107
2025-06-22 10:36:15,556 [INFO] Epoch 161 | Train Loss: 0.7808 | Val Loss: 2.6516 | Val Acc: 0.4286
2025-06-22 10:36:15,661 [INFO] Epoch 162 | Train Loss: 0.7498 | Val Loss: 3.4851 | Val Acc: 0.4286
2025-06-22 10:36:15,724 [INFO] Epoch 163 | Train Loss: 0.8445 | Val Loss: 3.0990 | Val Acc: 0.3750
2025-06-22 10:36:15,793 [INFO] Epoch 164 | Train Loss: 0.8160 | Val Loss: 3.2460 | Val Acc: 0.4107
2025-06-22 10:36:15,855 [INFO] Epoch 165 | Train Loss: 0.5979 | Val Loss: 3.3324 | Val Acc: 0.4464
2025-06-22 10:36:15,915 [INFO] Epoch 166 | Train Loss: 0.8765 | Val Loss: 2.3878 | Val Acc: 0.4464
2025-06-22 10:36:15,982 [INFO] Epoch 167 | Train Loss: 0.6447 | Val Loss: 2.7914 | Val Acc: 0.4286
2025-06-22 10:36:16,055 [INFO] Epoch 168 | Train Loss: 0.6682 | Val Loss: 3.3563 | Val Acc: 0.3750
2025-06-22 10:36:16,150 [INFO] Epoch 169 | Train Loss: 0.6250 | Val Loss: 3.6845 | Val Acc: 0.4286
2025-06-22 10:36:16,233 [INFO] Epoch 170 | Train Loss: 0.6610 | Val Loss: 3.3237 | Val Acc: 0.4286
2025-06-22 10:36:17,578 [INFO] Epoch 171 | Train Loss: 0.6576 | Val Loss: 3.9977 | Val Acc: 0.3929
2025-06-22 10:36:17,644 [INFO] Epoch 172 | Train Loss: 0.6634 | Val Loss: 3.0538 | Val Acc: 0.4286
2025-06-22 10:36:17,688 [INFO] Epoch 173 | Train Loss: 0.6650 | Val Loss: 2.8436 | Val Acc: 0.4643
2025-06-22 10:36:17,739 [INFO] Epoch 174 | Train Loss: 0.6797 | Val Loss: 2.2944 | Val Acc: 0.5179
2025-06-22 10:36:17,747 [INFO] New best model at epoch 174 (Val Acc: 0.5179)
2025-06-22 10:36:17,801 [INFO] Epoch 175 | Train Loss: 0.5721 | Val Loss: 2.8926 | Val Acc: 0.4643
2025-06-22 10:36:17,859 [INFO] Epoch 176 | Train Loss: 0.7878 | Val Loss: 2.8971 | Val Acc: 0.4821
2025-06-22 10:36:17,905 [INFO] Epoch 177 | Train Loss: 0.5367 | Val Loss: 3.0915 | Val Acc: 0.4464
2025-06-22 10:36:17,951 [INFO] Epoch 178 | Train Loss: 0.7123 | Val Loss: 3.2248 | Val Acc: 0.4107
2025-06-22 10:36:17,996 [INFO] Epoch 179 | Train Loss: 0.7639 | Val Loss: 2.6334 | Val Acc: 0.4107
2025-06-22 10:36:18,040 [INFO] Epoch 180 | Train Loss: 0.7336 | Val Loss: 2.4590 | Val Acc: 0.4286
2025-06-22 10:36:18,916 [INFO] Epoch 181 | Train Loss: 0.5798 | Val Loss: 2.9817 | Val Acc: 0.5000
2025-06-22 10:36:18,981 [INFO] Epoch 182 | Train Loss: 0.6159 | Val Loss: 3.4697 | Val Acc: 0.4286
2025-06-22 10:36:19,064 [INFO] Epoch 183 | Train Loss: 0.4880 | Val Loss: 3.3322 | Val Acc: 0.3929
2025-06-22 10:36:19,117 [INFO] Epoch 184 | Train Loss: 0.4745 | Val Loss: 3.7680 | Val Acc: 0.4107
2025-06-22 10:36:19,173 [INFO] Epoch 185 | Train Loss: 0.5446 | Val Loss: 3.3345 | Val Acc: 0.3929
2025-06-22 10:36:19,249 [INFO] Epoch 186 | Train Loss: 0.6323 | Val Loss: 2.9895 | Val Acc: 0.5179
2025-06-22 10:36:19,342 [INFO] Epoch 187 | Train Loss: 0.6333 | Val Loss: 3.0067 | Val Acc: 0.4821
2025-06-22 10:36:19,411 [INFO] Epoch 188 | Train Loss: 0.6194 | Val Loss: 2.8948 | Val Acc: 0.3929
2025-06-22 10:36:19,459 [INFO] Epoch 189 | Train Loss: 0.8391 | Val Loss: 3.1797 | Val Acc: 0.4286
2025-06-22 10:36:19,509 [INFO] Epoch 190 | Train Loss: 0.8342 | Val Loss: 3.7717 | Val Acc: 0.4464
2025-06-22 10:36:20,361 [INFO] Epoch 191 | Train Loss: 0.5843 | Val Loss: 3.2540 | Val Acc: 0.4643
2025-06-22 10:36:20,422 [INFO] Epoch 192 | Train Loss: 0.9972 | Val Loss: 3.4938 | Val Acc: 0.4464
2025-06-22 10:36:20,468 [INFO] Epoch 193 | Train Loss: 0.7482 | Val Loss: 3.0229 | Val Acc: 0.4643
2025-06-22 10:36:20,513 [INFO] Epoch 194 | Train Loss: 0.6119 | Val Loss: 2.9130 | Val Acc: 0.4643
2025-06-22 10:36:20,560 [INFO] Epoch 195 | Train Loss: 0.4616 | Val Loss: 2.9854 | Val Acc: 0.4821
2025-06-22 10:36:20,605 [INFO] Epoch 196 | Train Loss: 0.5459 | Val Loss: 2.8472 | Val Acc: 0.4821
2025-06-22 10:36:20,652 [INFO] Epoch 197 | Train Loss: 0.5082 | Val Loss: 2.4368 | Val Acc: 0.5179
2025-06-22 10:36:20,697 [INFO] Epoch 198 | Train Loss: 0.6141 | Val Loss: 2.4516 | Val Acc: 0.4821
2025-06-22 10:36:20,742 [INFO] Epoch 199 | Train Loss: 0.6685 | Val Loss: 2.9114 | Val Acc: 0.4643
2025-06-22 10:36:20,788 [INFO] Epoch 200 | Train Loss: 0.6688 | Val Loss: 2.9258 | Val Acc: 0.4643
2025-06-22 10:36:21,664 [INFO] Epoch 201 | Train Loss: 0.4746 | Val Loss: 3.0318 | Val Acc: 0.5000
2025-06-22 10:36:21,709 [INFO] Epoch 202 | Train Loss: 0.5211 | Val Loss: 3.1229 | Val Acc: 0.4821
2025-06-22 10:36:21,754 [INFO] Epoch 203 | Train Loss: 0.5955 | Val Loss: 3.2295 | Val Acc: 0.4107
2025-06-22 10:36:21,798 [INFO] Epoch 204 | Train Loss: 0.4245 | Val Loss: 3.0147 | Val Acc: 0.4821
2025-06-22 10:36:21,843 [INFO] Epoch 205 | Train Loss: 0.4810 | Val Loss: 3.2183 | Val Acc: 0.4286
2025-06-22 10:36:21,886 [INFO] Epoch 206 | Train Loss: 0.6227 | Val Loss: 3.2336 | Val Acc: 0.3929
2025-06-22 10:36:21,932 [INFO] Epoch 207 | Train Loss: 0.6332 | Val Loss: 4.0991 | Val Acc: 0.4107
2025-06-22 10:36:21,978 [INFO] Epoch 208 | Train Loss: 0.4687 | Val Loss: 3.7064 | Val Acc: 0.2857
2025-06-22 10:36:22,035 [INFO] Epoch 209 | Train Loss: 0.4330 | Val Loss: 3.6278 | Val Acc: 0.4107
2025-06-22 10:36:22,093 [INFO] Epoch 210 | Train Loss: 1.0438 | Val Loss: 4.0288 | Val Acc: 0.3750
2025-06-22 10:36:22,894 [INFO] Epoch 211 | Train Loss: 0.5533 | Val Loss: 4.1932 | Val Acc: 0.3750
2025-06-22 10:36:22,961 [INFO] Epoch 212 | Train Loss: 0.5858 | Val Loss: 3.5416 | Val Acc: 0.4107
2025-06-22 10:36:23,005 [INFO] Epoch 213 | Train Loss: 0.5516 | Val Loss: 3.1213 | Val Acc: 0.4464
2025-06-22 10:36:23,056 [INFO] Epoch 214 | Train Loss: 0.7641 | Val Loss: 2.9192 | Val Acc: 0.5000
2025-06-22 10:36:23,108 [INFO] Epoch 215 | Train Loss: 0.5171 | Val Loss: 3.4903 | Val Acc: 0.4464
2025-06-22 10:36:23,159 [INFO] Epoch 216 | Train Loss: 0.7525 | Val Loss: 3.5082 | Val Acc: 0.4464
2025-06-22 10:36:23,205 [INFO] Epoch 217 | Train Loss: 0.5274 | Val Loss: 3.2118 | Val Acc: 0.4464
2025-06-22 10:36:23,250 [INFO] Epoch 218 | Train Loss: 0.6632 | Val Loss: 3.2233 | Val Acc: 0.4107
2025-06-22 10:36:23,302 [INFO] Epoch 219 | Train Loss: 0.8083 | Val Loss: 3.1816 | Val Acc: 0.3750
2025-06-22 10:36:23,347 [INFO] Epoch 220 | Train Loss: 0.6302 | Val Loss: 4.1287 | Val Acc: 0.4464
2025-06-22 10:36:24,158 [INFO] Epoch 221 | Train Loss: 0.5609 | Val Loss: 3.3103 | Val Acc: 0.4643
2025-06-22 10:36:24,222 [INFO] Epoch 222 | Train Loss: 0.5923 | Val Loss: 2.8904 | Val Acc: 0.3929
2025-06-22 10:36:24,266 [INFO] Epoch 223 | Train Loss: 0.6261 | Val Loss: 3.1643 | Val Acc: 0.4464
2025-06-22 10:36:24,323 [INFO] Epoch 224 | Train Loss: 0.6194 | Val Loss: 3.2461 | Val Acc: 0.4286
2025-06-22 10:36:24,367 [INFO] Epoch 225 | Train Loss: 0.4908 | Val Loss: 2.6682 | Val Acc: 0.4107
2025-06-22 10:36:24,413 [INFO] Epoch 226 | Train Loss: 0.6300 | Val Loss: 2.7995 | Val Acc: 0.3571
2025-06-22 10:36:24,458 [INFO] Epoch 227 | Train Loss: 0.5145 | Val Loss: 3.5088 | Val Acc: 0.3750
2025-06-22 10:36:24,503 [INFO] Epoch 228 | Train Loss: 0.5762 | Val Loss: 4.8100 | Val Acc: 0.3929
2025-06-22 10:36:24,548 [INFO] Epoch 229 | Train Loss: 0.4049 | Val Loss: 4.1563 | Val Acc: 0.4821
2025-06-22 10:36:24,593 [INFO] Epoch 230 | Train Loss: 0.7035 | Val Loss: 3.4464 | Val Acc: 0.4821
2025-06-22 10:36:25,433 [INFO] Epoch 231 | Train Loss: 0.4634 | Val Loss: 3.5619 | Val Acc: 0.4107
2025-06-22 10:36:25,503 [INFO] Epoch 232 | Train Loss: 0.5852 | Val Loss: 4.1342 | Val Acc: 0.4286
2025-06-22 10:36:25,547 [INFO] Epoch 233 | Train Loss: 0.4926 | Val Loss: 3.7341 | Val Acc: 0.4643
2025-06-22 10:36:25,592 [INFO] Epoch 234 | Train Loss: 0.6116 | Val Loss: 2.8933 | Val Acc: 0.5179
2025-06-22 10:36:25,636 [INFO] Epoch 235 | Train Loss: 0.4879 | Val Loss: 3.0414 | Val Acc: 0.5000
2025-06-22 10:36:25,687 [INFO] Epoch 236 | Train Loss: 0.4861 | Val Loss: 3.1044 | Val Acc: 0.3929
2025-06-22 10:36:25,733 [INFO] Epoch 237 | Train Loss: 0.4573 | Val Loss: 3.0584 | Val Acc: 0.4286
2025-06-22 10:36:25,779 [INFO] Epoch 238 | Train Loss: 0.5965 | Val Loss: 3.1879 | Val Acc: 0.3929
2025-06-22 10:36:25,823 [INFO] Epoch 239 | Train Loss: 0.5093 | Val Loss: 3.1986 | Val Acc: 0.3929
2025-06-22 10:36:25,871 [INFO] Epoch 240 | Train Loss: 0.4605 | Val Loss: 2.9119 | Val Acc: 0.5000
2025-06-22 10:36:26,810 [INFO] Epoch 241 | Train Loss: 0.4406 | Val Loss: 3.3206 | Val Acc: 0.4464
2025-06-22 10:36:26,873 [INFO] Epoch 242 | Train Loss: 0.4421 | Val Loss: 3.5520 | Val Acc: 0.4107
2025-06-22 10:36:26,917 [INFO] Epoch 243 | Train Loss: 0.3694 | Val Loss: 3.3929 | Val Acc: 0.3750
2025-06-22 10:36:26,961 [INFO] Epoch 244 | Train Loss: 0.4393 | Val Loss: 3.6085 | Val Acc: 0.4464
2025-06-22 10:36:27,005 [INFO] Epoch 245 | Train Loss: 0.4866 | Val Loss: 3.5695 | Val Acc: 0.5179
2025-06-22 10:36:27,050 [INFO] Epoch 246 | Train Loss: 0.3364 | Val Loss: 3.6270 | Val Acc: 0.4464
2025-06-22 10:36:27,097 [INFO] Epoch 247 | Train Loss: 0.3823 | Val Loss: 3.3881 | Val Acc: 0.4821
2025-06-22 10:36:27,142 [INFO] Epoch 248 | Train Loss: 0.6009 | Val Loss: 3.0715 | Val Acc: 0.5179
2025-06-22 10:36:27,188 [INFO] Epoch 249 | Train Loss: 0.4478 | Val Loss: 2.7790 | Val Acc: 0.5000
2025-06-22 10:36:27,237 [INFO] Epoch 250 | Train Loss: 0.3410 | Val Loss: 2.9892 | Val Acc: 0.5000
2025-06-22 10:36:28,056 [INFO] Epoch 251 | Train Loss: 0.4903 | Val Loss: 3.7561 | Val Acc: 0.4821
2025-06-22 10:36:28,147 [INFO] Epoch 252 | Train Loss: 0.4276 | Val Loss: 3.9132 | Val Acc: 0.4821
2025-06-22 10:36:28,223 [INFO] Epoch 253 | Train Loss: 0.6318 | Val Loss: 4.8963 | Val Acc: 0.5000
2025-06-22 10:36:28,295 [INFO] Epoch 254 | Train Loss: 0.4167 | Val Loss: 3.9961 | Val Acc: 0.4821
2025-06-22 10:36:28,381 [INFO] Epoch 255 | Train Loss: 0.3984 | Val Loss: 3.2365 | Val Acc: 0.3929
2025-06-22 10:36:28,437 [INFO] Epoch 256 | Train Loss: 0.5595 | Val Loss: 4.1517 | Val Acc: 0.3929
2025-06-22 10:36:28,482 [INFO] Epoch 257 | Train Loss: 0.3499 | Val Loss: 4.0563 | Val Acc: 0.4464
2025-06-22 10:36:28,528 [INFO] Epoch 258 | Train Loss: 0.5002 | Val Loss: 3.8315 | Val Acc: 0.4643
2025-06-22 10:36:28,584 [INFO] Epoch 259 | Train Loss: 0.4314 | Val Loss: 3.9788 | Val Acc: 0.4643
2025-06-22 10:36:28,629 [INFO] Epoch 260 | Train Loss: 0.4225 | Val Loss: 3.8532 | Val Acc: 0.5000
2025-06-22 10:36:32,208 [INFO] Epoch 261 | Train Loss: 0.4113 | Val Loss: 4.1413 | Val Acc: 0.4643
2025-06-22 10:36:32,269 [INFO] Epoch 262 | Train Loss: 0.3983 | Val Loss: 4.2111 | Val Acc: 0.4107
2025-06-22 10:36:32,318 [INFO] Epoch 263 | Train Loss: 0.4699 | Val Loss: 4.1352 | Val Acc: 0.4286
2025-06-22 10:36:32,368 [INFO] Epoch 264 | Train Loss: 0.3788 | Val Loss: 4.8830 | Val Acc: 0.4107
2025-06-22 10:36:32,414 [INFO] Epoch 265 | Train Loss: 0.3568 | Val Loss: 4.0192 | Val Acc: 0.3929
2025-06-22 10:36:32,465 [INFO] Epoch 266 | Train Loss: 0.4886 | Val Loss: 4.0618 | Val Acc: 0.3750
2025-06-22 10:36:32,509 [INFO] Epoch 267 | Train Loss: 0.5966 | Val Loss: 4.6024 | Val Acc: 0.4464
2025-06-22 10:36:32,557 [INFO] Epoch 268 | Train Loss: 0.5361 | Val Loss: 4.2847 | Val Acc: 0.4286
2025-06-22 10:36:32,605 [INFO] Epoch 269 | Train Loss: 0.7366 | Val Loss: 3.8866 | Val Acc: 0.4821
2025-06-22 10:36:32,694 [INFO] Epoch 270 | Train Loss: 0.6395 | Val Loss: 3.6900 | Val Acc: 0.5000
2025-06-22 10:36:34,905 [INFO] Epoch 271 | Train Loss: 0.4184 | Val Loss: 3.0816 | Val Acc: 0.4821
2025-06-22 10:36:34,960 [INFO] Epoch 272 | Train Loss: 0.8129 | Val Loss: 4.2042 | Val Acc: 0.4464
2025-06-22 10:36:35,008 [INFO] Epoch 273 | Train Loss: 0.5956 | Val Loss: 3.9873 | Val Acc: 0.4464
2025-06-22 10:36:35,091 [INFO] Epoch 274 | Train Loss: 0.6917 | Val Loss: 3.8741 | Val Acc: 0.4464
2025-06-22 10:36:35,166 [INFO] Epoch 275 | Train Loss: 0.5031 | Val Loss: 5.0681 | Val Acc: 0.4107
2025-06-22 10:36:35,228 [INFO] Epoch 276 | Train Loss: 0.3978 | Val Loss: 5.5148 | Val Acc: 0.3571
2025-06-22 10:36:35,277 [INFO] Epoch 277 | Train Loss: 0.4792 | Val Loss: 4.4181 | Val Acc: 0.3929
2025-06-22 10:36:35,323 [INFO] Epoch 278 | Train Loss: 0.3345 | Val Loss: 3.9462 | Val Acc: 0.3929
2025-06-22 10:36:35,374 [INFO] Epoch 279 | Train Loss: 0.3730 | Val Loss: 3.5140 | Val Acc: 0.3929
2025-06-22 10:36:35,422 [INFO] Epoch 280 | Train Loss: 0.3515 | Val Loss: 3.3400 | Val Acc: 0.4286
2025-06-22 10:36:36,273 [INFO] Epoch 281 | Train Loss: 0.4661 | Val Loss: 4.3820 | Val Acc: 0.3929
2025-06-22 10:36:36,342 [INFO] Epoch 282 | Train Loss: 0.3501 | Val Loss: 4.2718 | Val Acc: 0.4286
2025-06-22 10:36:36,385 [INFO] Epoch 283 | Train Loss: 0.2313 | Val Loss: 3.8332 | Val Acc: 0.3750
2025-06-22 10:36:36,431 [INFO] Epoch 284 | Train Loss: 0.2977 | Val Loss: 3.8732 | Val Acc: 0.3571
2025-06-22 10:36:36,476 [INFO] Epoch 285 | Train Loss: 0.2248 | Val Loss: 4.6868 | Val Acc: 0.3929
2025-06-22 10:36:36,520 [INFO] Epoch 286 | Train Loss: 0.2921 | Val Loss: 4.9658 | Val Acc: 0.4286
2025-06-22 10:36:36,566 [INFO] Epoch 287 | Train Loss: 0.2856 | Val Loss: 5.4101 | Val Acc: 0.4286
2025-06-22 10:36:36,628 [INFO] Epoch 288 | Train Loss: 0.3535 | Val Loss: 4.5216 | Val Acc: 0.4464
2025-06-22 10:36:36,673 [INFO] Epoch 289 | Train Loss: 0.4674 | Val Loss: 4.0155 | Val Acc: 0.4286
2025-06-22 10:36:36,719 [INFO] Epoch 290 | Train Loss: 0.3043 | Val Loss: 3.7536 | Val Acc: 0.4821
2025-06-22 10:36:37,586 [INFO] Epoch 291 | Train Loss: 0.4878 | Val Loss: 4.1510 | Val Acc: 0.5179
2025-06-22 10:36:37,650 [INFO] Epoch 292 | Train Loss: 0.4862 | Val Loss: 4.0387 | Val Acc: 0.4464
2025-06-22 10:36:37,695 [INFO] Epoch 293 | Train Loss: 0.3469 | Val Loss: 4.4205 | Val Acc: 0.4107
2025-06-22 10:36:37,740 [INFO] Epoch 294 | Train Loss: 0.3094 | Val Loss: 4.5406 | Val Acc: 0.3750
2025-06-22 10:36:37,785 [INFO] Epoch 295 | Train Loss: 0.3521 | Val Loss: 4.1473 | Val Acc: 0.3929
2025-06-22 10:36:37,830 [INFO] Epoch 296 | Train Loss: 0.3265 | Val Loss: 4.4777 | Val Acc: 0.4286
2025-06-22 10:36:37,882 [INFO] Epoch 297 | Train Loss: 0.3807 | Val Loss: 4.7822 | Val Acc: 0.3929
2025-06-22 10:36:37,944 [INFO] Epoch 298 | Train Loss: 0.3308 | Val Loss: 5.5378 | Val Acc: 0.4107
2025-06-22 10:36:37,998 [INFO] Epoch 299 | Train Loss: 0.6479 | Val Loss: 4.7171 | Val Acc: 0.4286
2025-06-22 10:36:38,043 [INFO] Epoch 300 | Train Loss: 0.4551 | Val Loss: 4.4173 | Val Acc: 0.5000
2025-06-22 10:36:38,848 [INFO] Best model saved to <built-in function time>/ENZYMES/best/best_source_gin.pth (Val Acc: 0.5179 at epoch 174)
2025-06-22 10:36:38,850 [INFO] Training/validation metrics saved to <built-in function time>/ENZYMES/GIN_0.001/train_metrics.csv
2025-06-22 10:36:39,646 [INFO] Final training curves saved
2025-06-22 10:36:39,646 [INFO] Training completed!
2025-06-22 10:36:39,646 [INFO] Best validation accuracy: 0.5179
2025-06-22 10:36:39,646 [INFO] Best epoch: 174
2025-06-22 10:36:39,646 [INFO] Total epochs trained: 300
2025-06-22 10:36:39,647 [INFO] Starting training with parameters: (0.001, 0.5, 256, 3, 300, 0.0001)
