2025-06-22 16:31:03,928 [INFO] Using device: cpu
2025-06-22 16:31:03,928 [INFO] 开始创建数据加载器...
2025-06-22 16:31:03,931 [INFO] Successfully loaded dataset ENZYMES from ./data, total graphs: 600
2025-06-22 16:31:03,931 [INFO] Class allocation analysis:
2025-06-22 16:31:03,931 [INFO]   Source classes: [0, 1, 2, 3]
2025-06-22 16:31:03,931 [INFO]   Target classes: [0, 1, 2, 3, 4, 5]
2025-06-22 16:31:03,931 [INFO]   Overlap classes (to be split): [0, 1, 2, 3]
2025-06-22 16:31:03,931 [INFO]   Target novel classes (unknown): [4, 5]
2025-06-22 16:31:03,946 [INFO]   Class 0: 100 total -> Source: 70, Target: 30
2025-06-22 16:31:03,947 [INFO]   Class 1: 100 total -> Source: 70, Target: 30
2025-06-22 16:31:03,947 [INFO]   Class 2: 100 total -> Source: 70, Target: 30
2025-06-22 16:31:03,947 [INFO]   Class 3: 100 total -> Source: 70, Target: 30
2025-06-22 16:31:03,947 [INFO]   Class 4 (novel/unknown): 100 samples -> Target
2025-06-22 16:31:03,947 [INFO]   Class 5 (novel/unknown): 100 samples -> Target
2025-06-22 16:31:03,947 [INFO] Final allocation:
2025-06-22 16:31:03,947 [INFO]   Source domain: 280 samples
2025-06-22 16:31:03,947 [INFO]   Target domain: 320 samples
2025-06-22 16:31:03,948 [INFO] Source domain setup:
2025-06-22 16:31:03,948 [INFO]   Original classes: [0, 1, 2, 3]
2025-06-22 16:31:03,948 [INFO]   Overlap classes used: [0, 1, 2, 3]
2025-06-22 16:31:03,948 [INFO]   Label mapping: {0: 0, 1: 1, 2: 2, 3: 3}
2025-06-22 16:31:03,949 [INFO]   Total data after allocation: 280
2025-06-22 16:31:03,949 [INFO]   Data split - Train: 224, Val: 56
2025-06-22 16:31:03,949 [INFO]   Train label distribution: {0: 56, 1: 56, 3: 56, 2: 56}
2025-06-22 16:31:03,949 [INFO]   Val label distribution: {1: 14, 2: 14, 0: 14, 3: 14}
2025-06-22 16:31:03,951 [INFO] Successfully loaded dataset ENZYMES from ./data, total graphs: 600
2025-06-22 16:31:03,951 [INFO] Class allocation analysis:
2025-06-22 16:31:03,951 [INFO]   Source classes: [0, 1, 2, 3]
2025-06-22 16:31:03,951 [INFO]   Target classes: [0, 1, 2, 3, 4, 5]
2025-06-22 16:31:03,951 [INFO]   Overlap classes (to be split): [0, 1, 2, 3]
2025-06-22 16:31:03,951 [INFO]   Target novel classes (unknown): [4, 5]
2025-06-22 16:31:03,964 [INFO]   Class 0: 100 total -> Source: 70, Target: 30
2025-06-22 16:31:03,965 [INFO]   Class 1: 100 total -> Source: 70, Target: 30
2025-06-22 16:31:03,965 [INFO]   Class 2: 100 total -> Source: 70, Target: 30
2025-06-22 16:31:03,965 [INFO]   Class 3: 100 total -> Source: 70, Target: 30
2025-06-22 16:31:03,965 [INFO]   Class 4 (novel/unknown): 100 samples -> Target
2025-06-22 16:31:03,965 [INFO]   Class 5 (novel/unknown): 100 samples -> Target
2025-06-22 16:31:03,965 [INFO] Final allocation:
2025-06-22 16:31:03,965 [INFO]   Source domain: 280 samples
2025-06-22 16:31:03,965 [INFO]   Target domain: 320 samples
2025-06-22 16:31:03,966 [INFO] Target domain setup:
2025-06-22 16:31:03,966 [INFO]   Original classes: [0, 1, 2, 3, 4, 5]
2025-06-22 16:31:03,967 [INFO]   Overlap classes: [0, 1, 2, 3]
2025-06-22 16:31:03,967 [INFO]   Novel classes: [4, 5] -> mapped to unknown label 4
2025-06-22 16:31:03,967 [INFO]   Label mapping: {0: 0, 1: 1, 2: 2, 3: 3, 4: 4, 5: 4}
2025-06-22 16:31:03,967 [INFO]   Total data after allocation: 320
2025-06-22 16:31:03,967 [INFO]   Data split - Train: 256, Val: 64
2025-06-22 16:31:03,967 [INFO]   Total count: 320 (known: 120, unknown: 200)
2025-06-22 16:31:03,967 [INFO]   Total label distribution: {4: 200, 3: 30, 0: 30, 1: 30, 2: 30}
2025-06-22 16:31:03,967 [INFO]   Train label distribution: {4: 160, 0: 24, 2: 24, 3: 24, 1: 24}
2025-06-22 16:31:03,967 [INFO]   Val label distribution: {1: 6, 4: 40, 3: 6, 0: 6, 2: 6}
2025-06-22 16:31:03,967 [INFO] 数据加载器创建完成!
2025-06-22 16:31:03,967 [INFO] 源域类别数: 4 (重叠类别)
2025-06-22 16:31:03,967 [INFO] 目标域类别数: 5 (4个重叠类别 + 1个未知类别)
2025-06-22 16:31:03,967 [INFO] 重叠类别: [0, 1, 2, 3]
2025-06-22 16:31:03,967 [INFO] 目标域新类别: [4, 5]
2025-06-22 16:31:03,967 [INFO] Data allocation verification:
2025-06-22 16:31:03,967 [INFO]   Source data samples: 280
2025-06-22 16:31:03,967 [INFO]   Target data samples: 320
2025-06-22 16:31:03,967 [INFO]   Overlapping samples: 0
2025-06-22 16:31:03,967 [INFO]   ✓ Data allocation is correct - no overlapping samples
2025-06-22 16:31:03,969 [INFO] Model initialized with 85124 parameters
2025-06-22 16:31:03,970 [INFO] Previous best validation accuracy read from record.txt: 0.6429
2025-06-22 16:31:03,970 [INFO] Starting training...
2025-06-22 16:31:04,012 [INFO] Epoch 001 | Train Loss: 14.9268 | Val Loss: 83.7746 | Val Acc: 0.3393
2025-06-22 16:31:05,090 [INFO] New best model at epoch 1 (Val Acc: 0.3393)
2025-06-22 16:31:05,146 [INFO] Epoch 002 | Train Loss: 7.3430 | Val Loss: 206.4894 | Val Acc: 0.2500
2025-06-22 16:31:05,200 [INFO] Epoch 003 | Train Loss: 4.5627 | Val Loss: 18.2222 | Val Acc: 0.3393
2025-06-22 16:31:05,238 [INFO] Epoch 004 | Train Loss: 3.5469 | Val Loss: 8.0109 | Val Acc: 0.2143
2025-06-22 16:31:05,279 [INFO] Epoch 005 | Train Loss: 3.0117 | Val Loss: 5.7610 | Val Acc: 0.3750
2025-06-22 16:31:05,284 [INFO] New best model at epoch 5 (Val Acc: 0.3750)
2025-06-22 16:31:05,318 [INFO] Epoch 006 | Train Loss: 3.2575 | Val Loss: 4.4721 | Val Acc: 0.3036
2025-06-22 16:31:05,355 [INFO] Epoch 007 | Train Loss: 2.9782 | Val Loss: 2.6969 | Val Acc: 0.2143
2025-06-22 16:31:05,391 [INFO] Epoch 008 | Train Loss: 2.6768 | Val Loss: 3.2085 | Val Acc: 0.3036
2025-06-22 16:31:05,428 [INFO] Epoch 009 | Train Loss: 2.4624 | Val Loss: 2.5745 | Val Acc: 0.3393
2025-06-22 16:31:05,465 [INFO] Epoch 010 | Train Loss: 2.2926 | Val Loss: 2.3482 | Val Acc: 0.2500
2025-06-22 16:31:06,580 [INFO] Epoch 011 | Train Loss: 1.9411 | Val Loss: 2.5342 | Val Acc: 0.3036
2025-06-22 16:31:06,624 [INFO] Epoch 012 | Train Loss: 2.1931 | Val Loss: 2.0994 | Val Acc: 0.3571
2025-06-22 16:31:06,660 [INFO] Epoch 013 | Train Loss: 2.0552 | Val Loss: 3.1898 | Val Acc: 0.3036
2025-06-22 16:31:06,692 [INFO] Epoch 014 | Train Loss: 1.8649 | Val Loss: 2.1514 | Val Acc: 0.2500
2025-06-22 16:31:06,725 [INFO] Epoch 015 | Train Loss: 2.1003 | Val Loss: 2.4547 | Val Acc: 0.3929
2025-06-22 16:31:06,729 [INFO] New best model at epoch 15 (Val Acc: 0.3929)
2025-06-22 16:31:06,757 [INFO] Epoch 016 | Train Loss: 1.9675 | Val Loss: 1.7666 | Val Acc: 0.3393
2025-06-22 16:31:06,788 [INFO] Epoch 017 | Train Loss: 2.0131 | Val Loss: 1.9050 | Val Acc: 0.3036
2025-06-22 16:31:06,818 [INFO] Epoch 018 | Train Loss: 1.9880 | Val Loss: 4.6037 | Val Acc: 0.3036
2025-06-22 16:31:06,847 [INFO] Epoch 019 | Train Loss: 2.2904 | Val Loss: 3.7761 | Val Acc: 0.3750
2025-06-22 16:31:06,878 [INFO] Epoch 020 | Train Loss: 2.5237 | Val Loss: 2.8601 | Val Acc: 0.3036
2025-06-22 16:31:07,886 [INFO] Epoch 021 | Train Loss: 1.8765 | Val Loss: 2.3510 | Val Acc: 0.3214
2025-06-22 16:31:07,950 [INFO] Epoch 022 | Train Loss: 1.5299 | Val Loss: 3.3756 | Val Acc: 0.3929
2025-06-22 16:31:07,983 [INFO] Epoch 023 | Train Loss: 1.7646 | Val Loss: 2.1415 | Val Acc: 0.3393
2025-06-22 16:31:08,014 [INFO] Epoch 024 | Train Loss: 1.8367 | Val Loss: 3.5829 | Val Acc: 0.3750
2025-06-22 16:31:08,046 [INFO] Epoch 025 | Train Loss: 2.1041 | Val Loss: 3.8622 | Val Acc: 0.3750
2025-06-22 16:31:08,081 [INFO] Epoch 026 | Train Loss: 1.6662 | Val Loss: 3.2969 | Val Acc: 0.3393
2025-06-22 16:31:08,128 [INFO] Epoch 027 | Train Loss: 2.1366 | Val Loss: 1.7258 | Val Acc: 0.4464
2025-06-22 16:31:08,133 [INFO] New best model at epoch 27 (Val Acc: 0.4464)
2025-06-22 16:31:08,158 [INFO] Epoch 028 | Train Loss: 1.4429 | Val Loss: 1.8017 | Val Acc: 0.2857
2025-06-22 16:31:08,188 [INFO] Epoch 029 | Train Loss: 1.2245 | Val Loss: 2.1332 | Val Acc: 0.3750
2025-06-22 16:31:08,218 [INFO] Epoch 030 | Train Loss: 1.1960 | Val Loss: 2.0854 | Val Acc: 0.3929
2025-06-22 16:31:11,870 [INFO] Epoch 031 | Train Loss: 1.2085 | Val Loss: 1.8369 | Val Acc: 0.4464
2025-06-22 16:31:11,916 [INFO] Epoch 032 | Train Loss: 1.1203 | Val Loss: 1.5400 | Val Acc: 0.3750
2025-06-22 16:31:11,944 [INFO] Epoch 033 | Train Loss: 1.1962 | Val Loss: 1.5848 | Val Acc: 0.3571
2025-06-22 16:31:11,982 [INFO] Epoch 034 | Train Loss: 1.2994 | Val Loss: 1.5128 | Val Acc: 0.4643
2025-06-22 16:31:11,987 [INFO] New best model at epoch 34 (Val Acc: 0.4643)
2025-06-22 16:31:12,011 [INFO] Epoch 035 | Train Loss: 1.1234 | Val Loss: 3.1869 | Val Acc: 0.3571
2025-06-22 16:31:12,104 [INFO] Epoch 036 | Train Loss: 1.2424 | Val Loss: 3.0442 | Val Acc: 0.4464
2025-06-22 16:31:12,161 [INFO] Epoch 037 | Train Loss: 0.9902 | Val Loss: 2.5456 | Val Acc: 0.4643
2025-06-22 16:31:12,217 [INFO] Epoch 038 | Train Loss: 1.2949 | Val Loss: 1.7722 | Val Acc: 0.4821
2025-06-22 16:31:12,222 [INFO] New best model at epoch 38 (Val Acc: 0.4821)
2025-06-22 16:31:12,279 [INFO] Epoch 039 | Train Loss: 1.1399 | Val Loss: 2.2951 | Val Acc: 0.3571
2025-06-22 16:31:12,391 [INFO] Epoch 040 | Train Loss: 1.0679 | Val Loss: 2.2549 | Val Acc: 0.4643
2025-06-22 16:31:14,013 [INFO] Epoch 041 | Train Loss: 1.2597 | Val Loss: 1.6993 | Val Acc: 0.3571
2025-06-22 16:31:14,053 [INFO] Epoch 042 | Train Loss: 1.1386 | Val Loss: 2.1140 | Val Acc: 0.3750
2025-06-22 16:31:14,082 [INFO] Epoch 043 | Train Loss: 1.2528 | Val Loss: 2.2345 | Val Acc: 0.4286
2025-06-22 16:31:14,113 [INFO] Epoch 044 | Train Loss: 1.2525 | Val Loss: 1.7250 | Val Acc: 0.4107
2025-06-22 16:31:14,142 [INFO] Epoch 045 | Train Loss: 1.1561 | Val Loss: 2.7404 | Val Acc: 0.4464
2025-06-22 16:31:14,171 [INFO] Epoch 046 | Train Loss: 1.1928 | Val Loss: 3.3390 | Val Acc: 0.4464
2025-06-22 16:31:14,199 [INFO] Epoch 047 | Train Loss: 1.1681 | Val Loss: 2.4841 | Val Acc: 0.4286
2025-06-22 16:31:14,228 [INFO] Epoch 048 | Train Loss: 1.0659 | Val Loss: 1.9491 | Val Acc: 0.3929
2025-06-22 16:31:14,260 [INFO] Epoch 049 | Train Loss: 1.1147 | Val Loss: 2.3118 | Val Acc: 0.4286
2025-06-22 16:31:14,291 [INFO] Epoch 050 | Train Loss: 1.0398 | Val Loss: 2.1947 | Val Acc: 0.4286
2025-06-22 16:31:15,307 [INFO] Best model saved to <built-in function time>/ENZYMES/best/best_source_gin.pth (Val Acc: 0.4821 at epoch 38)
2025-06-22 16:31:15,307 [INFO] Training/validation metrics saved to <built-in function time>/ENZYMES/GIN_0.01/train_metrics.csv
2025-06-22 16:31:17,047 [INFO] Final training curves saved
2025-06-22 16:31:17,047 [INFO] Training completed!
2025-06-22 16:31:17,047 [INFO] Best validation accuracy: 0.4821
2025-06-22 16:31:17,047 [INFO] Best epoch: 38
2025-06-22 16:31:17,047 [INFO] Total epochs trained: 50
2025-06-22 16:31:17,048 [INFO] Starting training with parameters: (0.01, 0.1, 128, 3, 50, 0.001)
