2025-06-22 00:57:15,161 [INFO] Using device: cpu
2025-06-22 00:57:15,161 [INFO] 开始创建数据加载器...
2025-06-22 00:57:15,164 [INFO] Successfully loaded dataset ENZYMES from ./data, total graphs: 600
2025-06-22 00:57:15,164 [INFO] Class allocation analysis:
2025-06-22 00:57:15,164 [INFO]   Source classes: [0, 1, 2, 3]
2025-06-22 00:57:15,164 [INFO]   Target classes: [0, 1, 2, 3, 4, 5]
2025-06-22 00:57:15,164 [INFO]   Overlap classes (to be split): [0, 1, 2, 3]
2025-06-22 00:57:15,164 [INFO]   Target novel classes (unknown): [4, 5]
2025-06-22 00:57:15,179 [INFO]   Class 0: 100 total -> Source: 70, Target: 30
2025-06-22 00:57:15,179 [INFO]   Class 1: 100 total -> Source: 70, Target: 30
2025-06-22 00:57:15,179 [INFO]   Class 2: 100 total -> Source: 70, Target: 30
2025-06-22 00:57:15,179 [INFO]   Class 3: 100 total -> Source: 70, Target: 30
2025-06-22 00:57:15,179 [INFO]   Class 4 (novel/unknown): 100 samples -> Target
2025-06-22 00:57:15,179 [INFO]   Class 5 (novel/unknown): 100 samples -> Target
2025-06-22 00:57:15,180 [INFO] Final allocation:
2025-06-22 00:57:15,180 [INFO]   Source domain: 280 samples
2025-06-22 00:57:15,180 [INFO]   Target domain: 320 samples
2025-06-22 00:57:15,181 [INFO] Source domain setup:
2025-06-22 00:57:15,181 [INFO]   Original classes: [0, 1, 2, 3]
2025-06-22 00:57:15,181 [INFO]   Overlap classes used: [0, 1, 2, 3]
2025-06-22 00:57:15,181 [INFO]   Label mapping: {0: 0, 1: 1, 2: 2, 3: 3}
2025-06-22 00:57:15,181 [INFO]   Total data after allocation: 280
2025-06-22 00:57:15,181 [INFO]   Data split - Train: 224, Val: 56
2025-06-22 00:57:15,181 [INFO]   Train label distribution: {0: 56, 1: 56, 3: 56, 2: 56}
2025-06-22 00:57:15,181 [INFO]   Val label distribution: {1: 14, 2: 14, 0: 14, 3: 14}
2025-06-22 00:57:15,183 [INFO] Successfully loaded dataset ENZYMES from ./data, total graphs: 600
2025-06-22 00:57:15,183 [INFO] Class allocation analysis:
2025-06-22 00:57:15,183 [INFO]   Source classes: [0, 1, 2, 3]
2025-06-22 00:57:15,183 [INFO]   Target classes: [0, 1, 2, 3, 4, 5]
2025-06-22 00:57:15,183 [INFO]   Overlap classes (to be split): [0, 1, 2, 3]
2025-06-22 00:57:15,183 [INFO]   Target novel classes (unknown): [4, 5]
2025-06-22 00:57:15,197 [INFO]   Class 0: 100 total -> Source: 70, Target: 30
2025-06-22 00:57:15,198 [INFO]   Class 1: 100 total -> Source: 70, Target: 30
2025-06-22 00:57:15,198 [INFO]   Class 2: 100 total -> Source: 70, Target: 30
2025-06-22 00:57:15,198 [INFO]   Class 3: 100 total -> Source: 70, Target: 30
2025-06-22 00:57:15,198 [INFO]   Class 4 (novel/unknown): 100 samples -> Target
2025-06-22 00:57:15,198 [INFO]   Class 5 (novel/unknown): 100 samples -> Target
2025-06-22 00:57:15,198 [INFO] Final allocation:
2025-06-22 00:57:15,198 [INFO]   Source domain: 280 samples
2025-06-22 00:57:15,198 [INFO]   Target domain: 320 samples
2025-06-22 00:57:15,200 [INFO] Target domain setup:
2025-06-22 00:57:15,200 [INFO]   Original classes: [0, 1, 2, 3, 4, 5]
2025-06-22 00:57:15,200 [INFO]   Overlap classes: [0, 1, 2, 3]
2025-06-22 00:57:15,200 [INFO]   Novel classes: [4, 5] -> mapped to unknown label 4
2025-06-22 00:57:15,200 [INFO]   Label mapping: {0: 0, 1: 1, 2: 2, 3: 3, 4: 4, 5: 4}
2025-06-22 00:57:15,200 [INFO]   Total data after allocation: 320
2025-06-22 00:57:15,200 [INFO]   Data split - Train: 256, Val: 64
2025-06-22 00:57:15,200 [INFO]   Total count: 320 (known: 120, unknown: 200)
2025-06-22 00:57:15,200 [INFO]   Total label distribution: {4: 200, 3: 30, 0: 30, 1: 30, 2: 30}
2025-06-22 00:57:15,200 [INFO]   Train label distribution: {4: 160, 0: 24, 2: 24, 3: 24, 1: 24}
2025-06-22 00:57:15,200 [INFO]   Val label distribution: {1: 6, 4: 40, 3: 6, 0: 6, 2: 6}
2025-06-22 00:57:15,200 [INFO] 数据加载器创建完成!
2025-06-22 00:57:15,200 [INFO] 源域类别数: 4 (重叠类别)
2025-06-22 00:57:15,200 [INFO] 目标域类别数: 5 (4个重叠类别 + 1个未知类别)
2025-06-22 00:57:15,200 [INFO] 重叠类别: [0, 1, 2, 3]
2025-06-22 00:57:15,200 [INFO] 目标域新类别: [4, 5]
2025-06-22 00:57:15,200 [INFO] Data allocation verification:
2025-06-22 00:57:15,200 [INFO]   Source data samples: 280
2025-06-22 00:57:15,200 [INFO]   Target data samples: 320
2025-06-22 00:57:15,200 [INFO]   Overlapping samples: 0
2025-06-22 00:57:15,201 [INFO]   ✓ Data allocation is correct - no overlapping samples
2025-06-22 00:57:15,202 [INFO] Model initialized with 201476 parameters
2025-06-22 00:57:15,203 [INFO] Previous best validation accuracy read from record.txt: 0.6250
2025-06-22 00:57:15,203 [INFO] Starting training...
2025-06-22 00:57:15,246 [INFO] Epoch 001 | Train Loss: 10.8830 | Val Loss: 2.4269 | Val Acc: 0.2143
2025-06-22 00:57:17,249 [INFO] New best model at epoch 1 (Val Acc: 0.2143)
2025-06-22 00:57:17,332 [INFO] Epoch 002 | Train Loss: 4.7865 | Val Loss: 2.3187 | Val Acc: 0.3929
2025-06-22 00:57:17,340 [INFO] New best model at epoch 2 (Val Acc: 0.3929)
2025-06-22 00:57:17,376 [INFO] Epoch 003 | Train Loss: 4.5817 | Val Loss: 3.4876 | Val Acc: 0.2857
2025-06-22 00:57:17,409 [INFO] Epoch 004 | Train Loss: 3.5109 | Val Loss: 3.0804 | Val Acc: 0.2857
2025-06-22 00:57:17,446 [INFO] Epoch 005 | Train Loss: 3.1793 | Val Loss: 3.1930 | Val Acc: 0.3214
2025-06-22 00:57:17,495 [INFO] Epoch 006 | Train Loss: 3.6853 | Val Loss: 2.8938 | Val Acc: 0.2857
2025-06-22 00:57:17,543 [INFO] Epoch 007 | Train Loss: 3.3601 | Val Loss: 3.4181 | Val Acc: 0.3036
2025-06-22 00:57:17,578 [INFO] Epoch 008 | Train Loss: 2.9921 | Val Loss: 2.3865 | Val Acc: 0.3750
2025-06-22 00:57:17,610 [INFO] Epoch 009 | Train Loss: 2.5687 | Val Loss: 2.6184 | Val Acc: 0.3393
2025-06-22 00:57:17,648 [INFO] Epoch 010 | Train Loss: 2.6591 | Val Loss: 2.4732 | Val Acc: 0.4643
2025-06-22 00:57:18,165 [INFO] New best model at epoch 10 (Val Acc: 0.4643)
2025-06-22 00:57:18,198 [INFO] Epoch 011 | Train Loss: 2.7123 | Val Loss: 3.5669 | Val Acc: 0.3214
2025-06-22 00:57:18,231 [INFO] Epoch 012 | Train Loss: 2.4739 | Val Loss: 2.4551 | Val Acc: 0.3393
2025-06-22 00:57:18,263 [INFO] Epoch 013 | Train Loss: 2.2831 | Val Loss: 1.9128 | Val Acc: 0.4464
2025-06-22 00:57:18,297 [INFO] Epoch 014 | Train Loss: 2.1924 | Val Loss: 2.0472 | Val Acc: 0.4464
2025-06-22 00:57:18,332 [INFO] Epoch 015 | Train Loss: 2.4927 | Val Loss: 2.2876 | Val Acc: 0.3929
2025-06-22 00:57:18,378 [INFO] Epoch 016 | Train Loss: 2.4492 | Val Loss: 2.3850 | Val Acc: 0.3571
2025-06-22 00:57:18,417 [INFO] Epoch 017 | Train Loss: 1.9769 | Val Loss: 2.3447 | Val Acc: 0.3750
2025-06-22 00:57:18,456 [INFO] Epoch 018 | Train Loss: 2.1982 | Val Loss: 2.1766 | Val Acc: 0.3750
2025-06-22 00:57:18,488 [INFO] Epoch 019 | Train Loss: 2.2833 | Val Loss: 2.6245 | Val Acc: 0.4643
2025-06-22 00:57:18,523 [INFO] Epoch 020 | Train Loss: 2.5986 | Val Loss: 3.1154 | Val Acc: 0.3571
2025-06-22 00:57:19,027 [INFO] Epoch 021 | Train Loss: 2.2373 | Val Loss: 2.4357 | Val Acc: 0.3929
2025-06-22 00:57:19,078 [INFO] Epoch 022 | Train Loss: 2.0926 | Val Loss: 2.2187 | Val Acc: 0.5000
2025-06-22 00:57:19,083 [INFO] New best model at epoch 22 (Val Acc: 0.5000)
2025-06-22 00:57:19,185 [INFO] Epoch 023 | Train Loss: 2.5542 | Val Loss: 2.1006 | Val Acc: 0.4464
2025-06-22 00:57:19,217 [INFO] Epoch 024 | Train Loss: 1.8451 | Val Loss: 3.0255 | Val Acc: 0.3929
2025-06-22 00:57:19,248 [INFO] Epoch 025 | Train Loss: 2.0488 | Val Loss: 2.8616 | Val Acc: 0.3214
2025-06-22 00:57:19,279 [INFO] Epoch 026 | Train Loss: 1.9131 | Val Loss: 2.8333 | Val Acc: 0.3393
2025-06-22 00:57:19,313 [INFO] Epoch 027 | Train Loss: 2.0057 | Val Loss: 2.0217 | Val Acc: 0.3929
2025-06-22 00:57:19,345 [INFO] Epoch 028 | Train Loss: 2.1126 | Val Loss: 3.0630 | Val Acc: 0.3036
2025-06-22 00:57:19,377 [INFO] Epoch 029 | Train Loss: 2.0981 | Val Loss: 2.4752 | Val Acc: 0.3393
2025-06-22 00:57:19,412 [INFO] Epoch 030 | Train Loss: 2.0375 | Val Loss: 2.4571 | Val Acc: 0.4107
2025-06-22 00:57:19,913 [INFO] Epoch 031 | Train Loss: 2.1358 | Val Loss: 2.3284 | Val Acc: 0.4286
2025-06-22 00:57:19,959 [INFO] Epoch 032 | Train Loss: 1.8315 | Val Loss: 2.1172 | Val Acc: 0.3929
2025-06-22 00:57:19,998 [INFO] Epoch 033 | Train Loss: 1.8262 | Val Loss: 3.0612 | Val Acc: 0.3750
2025-06-22 00:57:20,029 [INFO] Epoch 034 | Train Loss: 1.8690 | Val Loss: 2.7400 | Val Acc: 0.3750
2025-06-22 00:57:20,060 [INFO] Epoch 035 | Train Loss: 2.0830 | Val Loss: 2.6122 | Val Acc: 0.3929
2025-06-22 00:57:20,091 [INFO] Epoch 036 | Train Loss: 1.9702 | Val Loss: 2.2952 | Val Acc: 0.3929
2025-06-22 00:57:20,162 [INFO] Epoch 037 | Train Loss: 1.6315 | Val Loss: 1.9638 | Val Acc: 0.4464
2025-06-22 00:57:20,194 [INFO] Epoch 038 | Train Loss: 1.6675 | Val Loss: 1.7675 | Val Acc: 0.4821
2025-06-22 00:57:20,226 [INFO] Epoch 039 | Train Loss: 1.8377 | Val Loss: 2.3965 | Val Acc: 0.3214
2025-06-22 00:57:20,258 [INFO] Epoch 040 | Train Loss: 1.8496 | Val Loss: 2.0484 | Val Acc: 0.3929
2025-06-22 00:57:21,080 [INFO] Epoch 041 | Train Loss: 1.9217 | Val Loss: 2.4521 | Val Acc: 0.3036
2025-06-22 00:57:21,130 [INFO] Epoch 042 | Train Loss: 1.7169 | Val Loss: 2.5960 | Val Acc: 0.3036
2025-06-22 00:57:21,165 [INFO] Epoch 043 | Train Loss: 1.8694 | Val Loss: 2.0230 | Val Acc: 0.3929
2025-06-22 00:57:21,197 [INFO] Epoch 044 | Train Loss: 1.2133 | Val Loss: 1.8295 | Val Acc: 0.4107
2025-06-22 00:57:21,230 [INFO] Epoch 045 | Train Loss: 1.4764 | Val Loss: 1.9052 | Val Acc: 0.4286
2025-06-22 00:57:21,261 [INFO] Epoch 046 | Train Loss: 1.5557 | Val Loss: 1.9726 | Val Acc: 0.3750
2025-06-22 00:57:21,292 [INFO] Epoch 047 | Train Loss: 1.3797 | Val Loss: 2.1417 | Val Acc: 0.3036
2025-06-22 00:57:21,323 [INFO] Epoch 048 | Train Loss: 1.4027 | Val Loss: 2.5730 | Val Acc: 0.3214
2025-06-22 00:57:21,355 [INFO] Epoch 049 | Train Loss: 1.7676 | Val Loss: 2.6148 | Val Acc: 0.3393
2025-06-22 00:57:21,386 [INFO] Epoch 050 | Train Loss: 1.5333 | Val Loss: 2.8327 | Val Acc: 0.2857
2025-06-22 00:57:21,964 [INFO] Epoch 051 | Train Loss: 1.5790 | Val Loss: 2.5444 | Val Acc: 0.3393
2025-06-22 00:57:22,020 [INFO] Epoch 052 | Train Loss: 1.4388 | Val Loss: 2.0728 | Val Acc: 0.3929
2025-06-22 00:57:22,065 [INFO] Epoch 053 | Train Loss: 1.5480 | Val Loss: 2.1597 | Val Acc: 0.3571
2025-06-22 00:57:22,108 [INFO] Epoch 054 | Train Loss: 1.3709 | Val Loss: 2.8949 | Val Acc: 0.3750
2025-06-22 00:57:22,148 [INFO] Epoch 055 | Train Loss: 1.5385 | Val Loss: 2.4858 | Val Acc: 0.3750
2025-06-22 00:57:22,188 [INFO] Epoch 056 | Train Loss: 1.2737 | Val Loss: 2.1463 | Val Acc: 0.3571
2025-06-22 00:57:22,226 [INFO] Epoch 057 | Train Loss: 1.2792 | Val Loss: 2.1994 | Val Acc: 0.3929
2025-06-22 00:57:22,265 [INFO] Epoch 058 | Train Loss: 1.1572 | Val Loss: 2.1174 | Val Acc: 0.3750
2025-06-22 00:57:22,306 [INFO] Epoch 059 | Train Loss: 1.3699 | Val Loss: 1.7101 | Val Acc: 0.4821
2025-06-22 00:57:22,350 [INFO] Epoch 060 | Train Loss: 1.4204 | Val Loss: 2.4563 | Val Acc: 0.3571
2025-06-22 00:57:22,982 [INFO] Epoch 061 | Train Loss: 1.4371 | Val Loss: 2.3994 | Val Acc: 0.3929
2025-06-22 00:57:23,032 [INFO] Epoch 062 | Train Loss: 1.3643 | Val Loss: 2.2208 | Val Acc: 0.4286
2025-06-22 00:57:23,067 [INFO] Epoch 063 | Train Loss: 1.4342 | Val Loss: 2.0018 | Val Acc: 0.4107
2025-06-22 00:57:23,101 [INFO] Epoch 064 | Train Loss: 1.1175 | Val Loss: 2.1548 | Val Acc: 0.4107
2025-06-22 00:57:23,135 [INFO] Epoch 065 | Train Loss: 1.3022 | Val Loss: 2.5691 | Val Acc: 0.3036
2025-06-22 00:57:23,169 [INFO] Epoch 066 | Train Loss: 1.2791 | Val Loss: 2.5890 | Val Acc: 0.3393
2025-06-22 00:57:23,207 [INFO] Epoch 067 | Train Loss: 1.3075 | Val Loss: 1.7095 | Val Acc: 0.3571
2025-06-22 00:57:23,240 [INFO] Epoch 068 | Train Loss: 1.0397 | Val Loss: 1.7842 | Val Acc: 0.4643
2025-06-22 00:57:23,299 [INFO] Epoch 069 | Train Loss: 1.3376 | Val Loss: 2.0413 | Val Acc: 0.4286
2025-06-22 00:57:23,350 [INFO] Epoch 070 | Train Loss: 1.1974 | Val Loss: 1.8738 | Val Acc: 0.4821
2025-06-22 00:57:23,889 [INFO] Epoch 071 | Train Loss: 1.1097 | Val Loss: 2.7617 | Val Acc: 0.3214
2025-06-22 00:57:23,936 [INFO] Epoch 072 | Train Loss: 1.0206 | Val Loss: 2.3768 | Val Acc: 0.3393
2025-06-22 00:57:23,970 [INFO] Epoch 073 | Train Loss: 1.5064 | Val Loss: 2.7591 | Val Acc: 0.3393
2025-06-22 00:57:24,001 [INFO] Epoch 074 | Train Loss: 1.3301 | Val Loss: 2.8919 | Val Acc: 0.3571
2025-06-22 00:57:24,031 [INFO] Epoch 075 | Train Loss: 1.1729 | Val Loss: 2.3772 | Val Acc: 0.4464
2025-06-22 00:57:24,065 [INFO] Epoch 076 | Train Loss: 1.2311 | Val Loss: 2.1704 | Val Acc: 0.4643
2025-06-22 00:57:24,098 [INFO] Epoch 077 | Train Loss: 1.3469 | Val Loss: 2.2031 | Val Acc: 0.4107
2025-06-22 00:57:24,130 [INFO] Epoch 078 | Train Loss: 1.2100 | Val Loss: 2.2705 | Val Acc: 0.4107
2025-06-22 00:57:24,162 [INFO] Epoch 079 | Train Loss: 1.1321 | Val Loss: 2.9634 | Val Acc: 0.3750
2025-06-22 00:57:24,193 [INFO] Epoch 080 | Train Loss: 1.1993 | Val Loss: 1.9299 | Val Acc: 0.3929
2025-06-22 00:57:25,056 [INFO] Epoch 081 | Train Loss: 1.0981 | Val Loss: 2.1425 | Val Acc: 0.3929
2025-06-22 00:57:25,104 [INFO] Epoch 082 | Train Loss: 1.2056 | Val Loss: 2.3319 | Val Acc: 0.4107
2025-06-22 00:57:25,140 [INFO] Epoch 083 | Train Loss: 1.1612 | Val Loss: 2.8870 | Val Acc: 0.3929
2025-06-22 00:57:25,171 [INFO] Epoch 084 | Train Loss: 0.9551 | Val Loss: 2.7858 | Val Acc: 0.3571
2025-06-22 00:57:25,201 [INFO] Epoch 085 | Train Loss: 0.9216 | Val Loss: 5.1766 | Val Acc: 0.3571
2025-06-22 00:57:25,233 [INFO] Epoch 086 | Train Loss: 1.1019 | Val Loss: 1.9760 | Val Acc: 0.4464
2025-06-22 00:57:25,265 [INFO] Epoch 087 | Train Loss: 1.0308 | Val Loss: 2.1352 | Val Acc: 0.3750
2025-06-22 00:57:25,297 [INFO] Epoch 088 | Train Loss: 1.2586 | Val Loss: 2.6338 | Val Acc: 0.3036
2025-06-22 00:57:25,330 [INFO] Epoch 089 | Train Loss: 1.0741 | Val Loss: 3.0607 | Val Acc: 0.3036
2025-06-22 00:57:25,361 [INFO] Epoch 090 | Train Loss: 1.0903 | Val Loss: 2.2078 | Val Acc: 0.4464
2025-06-22 00:57:25,860 [INFO] Epoch 091 | Train Loss: 0.8916 | Val Loss: 2.3512 | Val Acc: 0.3571
2025-06-22 00:57:25,892 [INFO] Epoch 092 | Train Loss: 0.8872 | Val Loss: 2.2087 | Val Acc: 0.4286
2025-06-22 00:57:25,926 [INFO] Epoch 093 | Train Loss: 1.1251 | Val Loss: 2.3998 | Val Acc: 0.3393
2025-06-22 00:57:25,966 [INFO] Epoch 094 | Train Loss: 1.0938 | Val Loss: 2.6251 | Val Acc: 0.3750
2025-06-22 00:57:26,015 [INFO] Epoch 095 | Train Loss: 0.9159 | Val Loss: 2.0587 | Val Acc: 0.3929
2025-06-22 00:57:26,056 [INFO] Epoch 096 | Train Loss: 0.9052 | Val Loss: 1.6726 | Val Acc: 0.4821
2025-06-22 00:57:26,089 [INFO] Epoch 097 | Train Loss: 1.1237 | Val Loss: 2.4270 | Val Acc: 0.3214
2025-06-22 00:57:26,122 [INFO] Epoch 098 | Train Loss: 0.9784 | Val Loss: 2.0916 | Val Acc: 0.3036
2025-06-22 00:57:26,153 [INFO] Epoch 099 | Train Loss: 1.2997 | Val Loss: 2.4626 | Val Acc: 0.4286
2025-06-22 00:57:26,185 [INFO] Epoch 100 | Train Loss: 0.8877 | Val Loss: 2.1044 | Val Acc: 0.3571
2025-06-22 00:57:26,692 [INFO] Epoch 101 | Train Loss: 0.9756 | Val Loss: 2.2825 | Val Acc: 0.4821
2025-06-22 00:57:26,723 [INFO] Epoch 102 | Train Loss: 0.9313 | Val Loss: 2.1898 | Val Acc: 0.3750
2025-06-22 00:57:26,771 [INFO] Epoch 103 | Train Loss: 0.9952 | Val Loss: 2.2865 | Val Acc: 0.3929
2025-06-22 00:57:26,815 [INFO] Epoch 104 | Train Loss: 0.7854 | Val Loss: 2.2872 | Val Acc: 0.4643
2025-06-22 00:57:26,845 [INFO] Epoch 105 | Train Loss: 0.8826 | Val Loss: 2.2929 | Val Acc: 0.3571
2025-06-22 00:57:26,882 [INFO] Epoch 106 | Train Loss: 0.5767 | Val Loss: 2.3830 | Val Acc: 0.3929
2025-06-22 00:57:26,914 [INFO] Epoch 107 | Train Loss: 0.7552 | Val Loss: 2.4366 | Val Acc: 0.3750
2025-06-22 00:57:26,945 [INFO] Epoch 108 | Train Loss: 0.9986 | Val Loss: 2.0490 | Val Acc: 0.4464
2025-06-22 00:57:26,978 [INFO] Epoch 109 | Train Loss: 0.7232 | Val Loss: 2.2829 | Val Acc: 0.4107
2025-06-22 00:57:27,010 [INFO] Epoch 110 | Train Loss: 0.7988 | Val Loss: 2.6835 | Val Acc: 0.3750
2025-06-22 00:57:27,586 [INFO] Epoch 111 | Train Loss: 0.6952 | Val Loss: 2.5556 | Val Acc: 0.4643
2025-06-22 00:57:27,639 [INFO] Epoch 112 | Train Loss: 0.7566 | Val Loss: 2.0265 | Val Acc: 0.3929
2025-06-22 00:57:27,672 [INFO] Epoch 113 | Train Loss: 0.6402 | Val Loss: 2.4455 | Val Acc: 0.3750
2025-06-22 00:57:27,704 [INFO] Epoch 114 | Train Loss: 0.5679 | Val Loss: 2.1845 | Val Acc: 0.3929
2025-06-22 00:57:27,735 [INFO] Epoch 115 | Train Loss: 0.6248 | Val Loss: 2.1720 | Val Acc: 0.4286
2025-06-22 00:57:27,768 [INFO] Epoch 116 | Train Loss: 0.7224 | Val Loss: 2.1868 | Val Acc: 0.3929
2025-06-22 00:57:27,801 [INFO] Epoch 117 | Train Loss: 0.6414 | Val Loss: 3.1932 | Val Acc: 0.4464
2025-06-22 00:57:27,832 [INFO] Epoch 118 | Train Loss: 0.6250 | Val Loss: 3.0864 | Val Acc: 0.3036
2025-06-22 00:57:27,868 [INFO] Epoch 119 | Train Loss: 0.6853 | Val Loss: 2.6023 | Val Acc: 0.4107
2025-06-22 00:57:27,900 [INFO] Epoch 120 | Train Loss: 0.6167 | Val Loss: 2.6213 | Val Acc: 0.3929
2025-06-22 00:57:28,412 [INFO] Epoch 121 | Train Loss: 0.5231 | Val Loss: 2.7892 | Val Acc: 0.4821
2025-06-22 00:57:28,465 [INFO] Epoch 122 | Train Loss: 0.4880 | Val Loss: 2.7173 | Val Acc: 0.4107
2025-06-22 00:57:28,501 [INFO] Epoch 123 | Train Loss: 0.5465 | Val Loss: 3.0573 | Val Acc: 0.4286
2025-06-22 00:57:28,536 [INFO] Epoch 124 | Train Loss: 0.7146 | Val Loss: 2.6064 | Val Acc: 0.3929
2025-06-22 00:57:28,571 [INFO] Epoch 125 | Train Loss: 0.5206 | Val Loss: 2.1961 | Val Acc: 0.3750
2025-06-22 00:57:28,606 [INFO] Epoch 126 | Train Loss: 0.6169 | Val Loss: 2.0470 | Val Acc: 0.4464
2025-06-22 00:57:28,640 [INFO] Epoch 127 | Train Loss: 0.6568 | Val Loss: 2.6015 | Val Acc: 0.3571
2025-06-22 00:57:28,672 [INFO] Epoch 128 | Train Loss: 0.5590 | Val Loss: 3.1883 | Val Acc: 0.2857
2025-06-22 00:57:28,705 [INFO] Epoch 129 | Train Loss: 0.6450 | Val Loss: 2.1234 | Val Acc: 0.4643
2025-06-22 00:57:28,739 [INFO] Epoch 130 | Train Loss: 0.4346 | Val Loss: 2.4622 | Val Acc: 0.3393
2025-06-22 00:57:29,258 [INFO] Epoch 131 | Train Loss: 0.5475 | Val Loss: 2.4328 | Val Acc: 0.3393
2025-06-22 00:57:29,305 [INFO] Epoch 132 | Train Loss: 0.4760 | Val Loss: 2.4783 | Val Acc: 0.4107
2025-06-22 00:57:29,347 [INFO] Epoch 133 | Train Loss: 0.4443 | Val Loss: 2.1604 | Val Acc: 0.4464
2025-06-22 00:57:29,380 [INFO] Epoch 134 | Train Loss: 0.6078 | Val Loss: 2.4555 | Val Acc: 0.5000
2025-06-22 00:57:29,411 [INFO] Epoch 135 | Train Loss: 0.7406 | Val Loss: 3.1086 | Val Acc: 0.3571
2025-06-22 00:57:29,442 [INFO] Epoch 136 | Train Loss: 0.6057 | Val Loss: 3.2143 | Val Acc: 0.3929
2025-06-22 00:57:29,475 [INFO] Epoch 137 | Train Loss: 0.5707 | Val Loss: 2.2791 | Val Acc: 0.4107
2025-06-22 00:57:29,509 [INFO] Epoch 138 | Train Loss: 0.4931 | Val Loss: 2.5005 | Val Acc: 0.3929
2025-06-22 00:57:29,541 [INFO] Epoch 139 | Train Loss: 0.5635 | Val Loss: 2.1801 | Val Acc: 0.4464
2025-06-22 00:57:29,573 [INFO] Epoch 140 | Train Loss: 0.4661 | Val Loss: 2.5296 | Val Acc: 0.3929
2025-06-22 00:57:30,741 [INFO] Epoch 141 | Train Loss: 0.5365 | Val Loss: 2.8145 | Val Acc: 0.4286
2025-06-22 00:57:30,787 [INFO] Epoch 142 | Train Loss: 0.5147 | Val Loss: 2.9969 | Val Acc: 0.3750
2025-06-22 00:57:30,822 [INFO] Epoch 143 | Train Loss: 0.5815 | Val Loss: 2.8838 | Val Acc: 0.4464
2025-06-22 00:57:30,854 [INFO] Epoch 144 | Train Loss: 0.6903 | Val Loss: 2.8152 | Val Acc: 0.4107
2025-06-22 00:57:30,884 [INFO] Epoch 145 | Train Loss: 0.5005 | Val Loss: 2.2837 | Val Acc: 0.4107
2025-06-22 00:57:30,915 [INFO] Epoch 146 | Train Loss: 0.4699 | Val Loss: 3.0118 | Val Acc: 0.3929
2025-06-22 00:57:30,947 [INFO] Epoch 147 | Train Loss: 0.4718 | Val Loss: 2.4855 | Val Acc: 0.4464
2025-06-22 00:57:30,981 [INFO] Epoch 148 | Train Loss: 0.5476 | Val Loss: 2.6472 | Val Acc: 0.3750
2025-06-22 00:57:31,023 [INFO] Epoch 149 | Train Loss: 0.5565 | Val Loss: 2.3534 | Val Acc: 0.5000
2025-06-22 00:57:31,058 [INFO] Epoch 150 | Train Loss: 0.4767 | Val Loss: 2.4093 | Val Acc: 0.4464
2025-06-22 00:57:31,630 [INFO] Epoch 151 | Train Loss: 0.5646 | Val Loss: 2.5133 | Val Acc: 0.3750
2025-06-22 00:57:31,673 [INFO] Epoch 152 | Train Loss: 0.3502 | Val Loss: 2.5784 | Val Acc: 0.4286
2025-06-22 00:57:31,723 [INFO] Epoch 153 | Train Loss: 0.4632 | Val Loss: 2.6109 | Val Acc: 0.4286
2025-06-22 00:57:31,754 [INFO] Epoch 154 | Train Loss: 0.4512 | Val Loss: 2.6536 | Val Acc: 0.4107
2025-06-22 00:57:31,785 [INFO] Epoch 155 | Train Loss: 0.4327 | Val Loss: 2.3475 | Val Acc: 0.5000
2025-06-22 00:57:31,820 [INFO] Epoch 156 | Train Loss: 0.4258 | Val Loss: 3.2175 | Val Acc: 0.4643
2025-06-22 00:57:31,851 [INFO] Epoch 157 | Train Loss: 0.4384 | Val Loss: 2.8567 | Val Acc: 0.4286
2025-06-22 00:57:31,882 [INFO] Epoch 158 | Train Loss: 0.5400 | Val Loss: 2.9426 | Val Acc: 0.3750
2025-06-22 00:57:31,914 [INFO] Epoch 159 | Train Loss: 0.5678 | Val Loss: 2.6092 | Val Acc: 0.4286
2025-06-22 00:57:31,947 [INFO] Epoch 160 | Train Loss: 0.6220 | Val Loss: 3.2094 | Val Acc: 0.3393
2025-06-22 00:57:32,435 [INFO] Epoch 161 | Train Loss: 0.4936 | Val Loss: 3.3885 | Val Acc: 0.3214
2025-06-22 00:57:32,467 [INFO] Epoch 162 | Train Loss: 0.4970 | Val Loss: 4.0985 | Val Acc: 0.3036
2025-06-22 00:57:32,499 [INFO] Epoch 163 | Train Loss: 0.4709 | Val Loss: 2.6759 | Val Acc: 0.4464
2025-06-22 00:57:32,530 [INFO] Epoch 164 | Train Loss: 0.5293 | Val Loss: 2.6457 | Val Acc: 0.3750
2025-06-22 00:57:32,562 [INFO] Epoch 165 | Train Loss: 0.5191 | Val Loss: 3.0780 | Val Acc: 0.4107
2025-06-22 00:57:32,608 [INFO] Epoch 166 | Train Loss: 0.4649 | Val Loss: 2.9280 | Val Acc: 0.4464
2025-06-22 00:57:32,651 [INFO] Epoch 167 | Train Loss: 0.6447 | Val Loss: 2.9759 | Val Acc: 0.3750
2025-06-22 00:57:32,682 [INFO] Epoch 168 | Train Loss: 0.5494 | Val Loss: 3.8386 | Val Acc: 0.4286
2025-06-22 00:57:32,713 [INFO] Epoch 169 | Train Loss: 0.6808 | Val Loss: 3.0504 | Val Acc: 0.4107
2025-06-22 00:57:32,778 [INFO] Epoch 170 | Train Loss: 0.4607 | Val Loss: 3.5384 | Val Acc: 0.3214
2025-06-22 00:57:33,253 [INFO] Epoch 171 | Train Loss: 0.4561 | Val Loss: 2.7183 | Val Acc: 0.3929
2025-06-22 00:57:33,284 [INFO] Epoch 172 | Train Loss: 0.3698 | Val Loss: 3.4559 | Val Acc: 0.3393
2025-06-22 00:57:33,288 [INFO] Early stopping at epoch 172 (no improvement in 150 epochs).
2025-06-22 00:57:33,293 [INFO] Best model saved to <built-in function time>/ENZYMES/best/best_source_gin.pth (Val Acc: 0.5000 at epoch 22)
2025-06-22 00:57:33,294 [INFO] Training/validation metrics saved to <built-in function time>/ENZYMES/GIN_0.001/train_metrics.csv
2025-06-22 00:57:33,754 [INFO] Final training curves saved
2025-06-22 00:57:33,754 [INFO] Training completed!
2025-06-22 00:57:33,754 [INFO] Best validation accuracy: 0.5000
2025-06-22 00:57:33,754 [INFO] Best epoch: 22
2025-06-22 00:57:33,754 [INFO] Total epochs trained: 172
2025-06-22 00:57:33,755 [INFO] Starting training with parameters: (0.001, 0.1, 256, 2, 400, 0.0)
