2025-06-22 17:10:34,514 [INFO] Using device: cpu
2025-06-22 17:10:34,514 [INFO] 开始创建数据加载器...
2025-06-22 17:10:34,521 [INFO] Successfully loaded dataset ENZYMES from ./data, total graphs: 600
2025-06-22 17:10:34,521 [INFO] Class allocation analysis:
2025-06-22 17:10:34,521 [INFO]   Source classes: [0, 1, 2, 3]
2025-06-22 17:10:34,521 [INFO]   Target classes: [0, 1, 2, 3, 4, 5]
2025-06-22 17:10:34,521 [INFO]   Overlap classes (to be split): [0, 1, 2, 3]
2025-06-22 17:10:34,521 [INFO]   Target novel classes (unknown): [4, 5]
2025-06-22 17:10:34,655 [INFO]   Class 0: 100 total -> Source: 70, Target: 30
2025-06-22 17:10:34,655 [INFO]   Class 1: 100 total -> Source: 70, Target: 30
2025-06-22 17:10:34,655 [INFO]   Class 2: 100 total -> Source: 70, Target: 30
2025-06-22 17:10:34,655 [INFO]   Class 3: 100 total -> Source: 70, Target: 30
2025-06-22 17:10:34,655 [INFO]   Class 4 (novel/unknown): 100 samples -> Target
2025-06-22 17:10:34,655 [INFO]   Class 5 (novel/unknown): 100 samples -> Target
2025-06-22 17:10:34,655 [INFO] Final allocation:
2025-06-22 17:10:34,655 [INFO]   Source domain: 280 samples
2025-06-22 17:10:34,655 [INFO]   Target domain: 320 samples
2025-06-22 17:10:34,657 [INFO] Source domain setup:
2025-06-22 17:10:34,657 [INFO]   Original classes: [0, 1, 2, 3]
2025-06-22 17:10:34,657 [INFO]   Overlap classes used: [0, 1, 2, 3]
2025-06-22 17:10:34,657 [INFO]   Label mapping: {0: 0, 1: 1, 2: 2, 3: 3}
2025-06-22 17:10:34,657 [INFO]   Total data after allocation: 280
2025-06-22 17:10:34,657 [INFO]   Data split - Train: 224, Val: 56
2025-06-22 17:10:34,657 [INFO]   Train label distribution: {0: 56, 1: 56, 3: 56, 2: 56}
2025-06-22 17:10:34,657 [INFO]   Val label distribution: {1: 14, 2: 14, 0: 14, 3: 14}
2025-06-22 17:10:34,659 [INFO] Successfully loaded dataset ENZYMES from ./data, total graphs: 600
2025-06-22 17:10:34,659 [INFO] Class allocation analysis:
2025-06-22 17:10:34,659 [INFO]   Source classes: [0, 1, 2, 3]
2025-06-22 17:10:34,659 [INFO]   Target classes: [0, 1, 2, 3, 4, 5]
2025-06-22 17:10:34,659 [INFO]   Overlap classes (to be split): [0, 1, 2, 3]
2025-06-22 17:10:34,659 [INFO]   Target novel classes (unknown): [4, 5]
2025-06-22 17:10:34,672 [INFO]   Class 0: 100 total -> Source: 70, Target: 30
2025-06-22 17:10:34,672 [INFO]   Class 1: 100 total -> Source: 70, Target: 30
2025-06-22 17:10:34,672 [INFO]   Class 2: 100 total -> Source: 70, Target: 30
2025-06-22 17:10:34,672 [INFO]   Class 3: 100 total -> Source: 70, Target: 30
2025-06-22 17:10:34,672 [INFO]   Class 4 (novel/unknown): 100 samples -> Target
2025-06-22 17:10:34,672 [INFO]   Class 5 (novel/unknown): 100 samples -> Target
2025-06-22 17:10:34,672 [INFO] Final allocation:
2025-06-22 17:10:34,672 [INFO]   Source domain: 280 samples
2025-06-22 17:10:34,672 [INFO]   Target domain: 320 samples
2025-06-22 17:10:34,674 [INFO] Target domain setup:
2025-06-22 17:10:34,674 [INFO]   Original classes: [0, 1, 2, 3, 4, 5]
2025-06-22 17:10:34,674 [INFO]   Overlap classes: [0, 1, 2, 3]
2025-06-22 17:10:34,674 [INFO]   Novel classes: [4, 5] -> mapped to unknown label 4
2025-06-22 17:10:34,674 [INFO]   Label mapping: {0: 0, 1: 1, 2: 2, 3: 3, 4: 4, 5: 4}
2025-06-22 17:10:34,674 [INFO]   Total data after allocation: 320
2025-06-22 17:10:34,674 [INFO]   Data split - Train: 256, Val: 64
2025-06-22 17:10:34,674 [INFO]   Total count: 320 (known: 120, unknown: 200)
2025-06-22 17:10:34,674 [INFO]   Total label distribution: {4: 200, 3: 30, 0: 30, 1: 30, 2: 30}
2025-06-22 17:10:34,674 [INFO]   Train label distribution: {4: 160, 0: 24, 2: 24, 3: 24, 1: 24}
2025-06-22 17:10:34,674 [INFO]   Val label distribution: {1: 6, 4: 40, 3: 6, 0: 6, 2: 6}
2025-06-22 17:10:34,674 [INFO] 数据加载器创建完成!
2025-06-22 17:10:34,674 [INFO] 源域类别数: 4 (重叠类别)
2025-06-22 17:10:34,674 [INFO] 目标域类别数: 5 (4个重叠类别 + 1个未知类别)
2025-06-22 17:10:34,674 [INFO] 重叠类别: [0, 1, 2, 3]
2025-06-22 17:10:34,674 [INFO] 目标域新类别: [4, 5]
2025-06-22 17:10:34,674 [INFO] Data allocation verification:
2025-06-22 17:10:34,675 [INFO]   Source data samples: 280
2025-06-22 17:10:34,675 [INFO]   Target data samples: 320
2025-06-22 17:10:34,675 [INFO]   Overlapping samples: 0
2025-06-22 17:10:34,675 [INFO]   ✓ Data allocation is correct - no overlapping samples
2025-06-22 17:10:34,676 [INFO] Model initialized with 201476 parameters
2025-06-22 17:10:34,677 [INFO] Previous best validation accuracy read from record.txt: 0.6429
2025-06-22 17:10:34,677 [INFO] Starting training...
2025-06-22 17:10:34,733 [INFO] Epoch 001 | Train Loss: 19.9107 | Val Loss: 154.8029 | Val Acc: 0.2857
2025-06-22 17:10:35,693 [INFO] New best model at epoch 1 (Val Acc: 0.2857)
2025-06-22 17:10:35,724 [INFO] Epoch 002 | Train Loss: 8.4947 | Val Loss: 35.7363 | Val Acc: 0.3571
2025-06-22 17:10:35,729 [INFO] New best model at epoch 2 (Val Acc: 0.3571)
2025-06-22 17:10:35,758 [INFO] Epoch 003 | Train Loss: 5.7770 | Val Loss: 23.0151 | Val Acc: 0.3750
2025-06-22 17:10:35,763 [INFO] New best model at epoch 3 (Val Acc: 0.3750)
2025-06-22 17:10:35,791 [INFO] Epoch 004 | Train Loss: 4.7246 | Val Loss: 6.8686 | Val Acc: 0.3750
2025-06-22 17:10:35,856 [INFO] Epoch 005 | Train Loss: 4.4341 | Val Loss: 12.6703 | Val Acc: 0.2679
2025-06-22 17:10:35,905 [INFO] Epoch 006 | Train Loss: 5.2580 | Val Loss: 7.4557 | Val Acc: 0.2857
2025-06-22 17:10:35,935 [INFO] Epoch 007 | Train Loss: 5.6926 | Val Loss: 4.4479 | Val Acc: 0.3750
2025-06-22 17:10:35,965 [INFO] Epoch 008 | Train Loss: 5.6039 | Val Loss: 5.3130 | Val Acc: 0.2857
2025-06-22 17:10:35,995 [INFO] Epoch 009 | Train Loss: 5.0066 | Val Loss: 4.0962 | Val Acc: 0.2143
2025-06-22 17:10:36,028 [INFO] Epoch 010 | Train Loss: 4.3775 | Val Loss: 6.6993 | Val Acc: 0.2321
2025-06-22 17:10:38,311 [INFO] Epoch 011 | Train Loss: 4.6342 | Val Loss: 4.6199 | Val Acc: 0.3214
2025-06-22 17:10:38,366 [INFO] Epoch 012 | Train Loss: 3.5566 | Val Loss: 2.6603 | Val Acc: 0.3393
2025-06-22 17:10:38,408 [INFO] Epoch 013 | Train Loss: 3.5904 | Val Loss: 4.3244 | Val Acc: 0.2500
2025-06-22 17:10:38,452 [INFO] Epoch 014 | Train Loss: 3.7073 | Val Loss: 2.5012 | Val Acc: 0.2857
2025-06-22 17:10:38,496 [INFO] Epoch 015 | Train Loss: 3.3652 | Val Loss: 2.9447 | Val Acc: 0.3393
2025-06-22 17:10:38,541 [INFO] Epoch 016 | Train Loss: 2.4873 | Val Loss: 3.1859 | Val Acc: 0.3571
2025-06-22 17:10:38,592 [INFO] Epoch 017 | Train Loss: 2.4201 | Val Loss: 2.5791 | Val Acc: 0.3571
2025-06-22 17:10:38,641 [INFO] Epoch 018 | Train Loss: 2.4293 | Val Loss: 2.5291 | Val Acc: 0.1964
2025-06-22 17:10:38,694 [INFO] Epoch 019 | Train Loss: 2.6623 | Val Loss: 2.3721 | Val Acc: 0.4107
2025-06-22 17:10:38,704 [INFO] New best model at epoch 19 (Val Acc: 0.4107)
2025-06-22 17:10:38,753 [INFO] Epoch 020 | Train Loss: 3.3127 | Val Loss: 3.4280 | Val Acc: 0.2679
2025-06-22 17:10:41,710 [INFO] Epoch 021 | Train Loss: 2.9918 | Val Loss: 4.1388 | Val Acc: 0.2679
2025-06-22 17:10:41,755 [INFO] Epoch 022 | Train Loss: 3.0948 | Val Loss: 2.7102 | Val Acc: 0.3393
2025-06-22 17:10:41,799 [INFO] Epoch 023 | Train Loss: 2.6137 | Val Loss: 2.3693 | Val Acc: 0.2857
2025-06-22 17:10:41,830 [INFO] Epoch 024 | Train Loss: 2.1574 | Val Loss: 3.5658 | Val Acc: 0.2679
2025-06-22 17:10:41,860 [INFO] Epoch 025 | Train Loss: 2.7368 | Val Loss: 1.9623 | Val Acc: 0.2321
2025-06-22 17:10:41,891 [INFO] Epoch 026 | Train Loss: 2.1088 | Val Loss: 2.1265 | Val Acc: 0.3571
2025-06-22 17:10:41,925 [INFO] Epoch 027 | Train Loss: 2.4216 | Val Loss: 3.8602 | Val Acc: 0.2857
2025-06-22 17:10:41,956 [INFO] Epoch 028 | Train Loss: 2.8627 | Val Loss: 2.2310 | Val Acc: 0.3036
2025-06-22 17:10:41,987 [INFO] Epoch 029 | Train Loss: 3.5703 | Val Loss: 3.6138 | Val Acc: 0.2143
2025-06-22 17:10:42,018 [INFO] Epoch 030 | Train Loss: 2.7885 | Val Loss: 3.0505 | Val Acc: 0.3393
2025-06-22 17:10:43,487 [INFO] Epoch 031 | Train Loss: 3.0218 | Val Loss: 2.5502 | Val Acc: 0.3036
2025-06-22 17:10:43,535 [INFO] Epoch 032 | Train Loss: 2.5183 | Val Loss: 2.7572 | Val Acc: 0.3393
2025-06-22 17:10:43,573 [INFO] Epoch 033 | Train Loss: 2.5231 | Val Loss: 3.3641 | Val Acc: 0.2857
2025-06-22 17:10:43,607 [INFO] Epoch 034 | Train Loss: 3.0388 | Val Loss: 1.9896 | Val Acc: 0.2679
2025-06-22 17:10:43,642 [INFO] Epoch 035 | Train Loss: 2.9395 | Val Loss: 2.2550 | Val Acc: 0.2679
2025-06-22 17:10:43,676 [INFO] Epoch 036 | Train Loss: 2.3123 | Val Loss: 2.3103 | Val Acc: 0.4107
2025-06-22 17:10:43,711 [INFO] Epoch 037 | Train Loss: 2.0984 | Val Loss: 1.9696 | Val Acc: 0.3036
2025-06-22 17:10:43,747 [INFO] Epoch 038 | Train Loss: 1.7773 | Val Loss: 2.1779 | Val Acc: 0.3036
2025-06-22 17:10:43,784 [INFO] Epoch 039 | Train Loss: 1.7955 | Val Loss: 1.8896 | Val Acc: 0.3393
2025-06-22 17:10:43,824 [INFO] Epoch 040 | Train Loss: 1.2444 | Val Loss: 1.7650 | Val Acc: 0.2857
2025-06-22 17:10:46,443 [INFO] Epoch 041 | Train Loss: 1.5818 | Val Loss: 1.7017 | Val Acc: 0.3929
2025-06-22 17:10:46,784 [INFO] Epoch 042 | Train Loss: 1.9128 | Val Loss: 1.5879 | Val Acc: 0.3036
2025-06-22 17:10:47,325 [INFO] Epoch 043 | Train Loss: 1.5387 | Val Loss: 2.0922 | Val Acc: 0.2500
2025-06-22 17:10:47,625 [INFO] Epoch 044 | Train Loss: 1.3193 | Val Loss: 2.1751 | Val Acc: 0.3036
2025-06-22 17:10:47,952 [INFO] Epoch 045 | Train Loss: 1.5396 | Val Loss: 2.0570 | Val Acc: 0.2500
2025-06-22 17:10:48,290 [INFO] Epoch 046 | Train Loss: 1.6206 | Val Loss: 2.0061 | Val Acc: 0.2500
2025-06-22 17:10:48,575 [INFO] Epoch 047 | Train Loss: 1.5075 | Val Loss: 1.6134 | Val Acc: 0.3214
2025-06-22 17:10:48,850 [INFO] Epoch 048 | Train Loss: 1.2505 | Val Loss: 1.7055 | Val Acc: 0.2857
2025-06-22 17:10:49,139 [INFO] Epoch 049 | Train Loss: 1.6445 | Val Loss: 2.0425 | Val Acc: 0.3393
2025-06-22 17:10:49,409 [INFO] Epoch 050 | Train Loss: 1.8211 | Val Loss: 2.1963 | Val Acc: 0.2857
2025-06-22 17:10:51,264 [INFO] Epoch 051 | Train Loss: 1.7665 | Val Loss: 1.9398 | Val Acc: 0.2857
2025-06-22 17:10:51,308 [INFO] Epoch 052 | Train Loss: 1.6102 | Val Loss: 1.7902 | Val Acc: 0.2857
2025-06-22 17:10:51,341 [INFO] Epoch 053 | Train Loss: 1.5341 | Val Loss: 1.7265 | Val Acc: 0.3214
2025-06-22 17:10:51,372 [INFO] Epoch 054 | Train Loss: 1.7221 | Val Loss: 2.0144 | Val Acc: 0.2857
2025-06-22 17:10:51,403 [INFO] Epoch 055 | Train Loss: 1.2710 | Val Loss: 2.2412 | Val Acc: 0.2500
2025-06-22 17:10:51,446 [INFO] Epoch 056 | Train Loss: 1.3956 | Val Loss: 3.5806 | Val Acc: 0.2857
2025-06-22 17:10:51,477 [INFO] Epoch 057 | Train Loss: 1.6876 | Val Loss: 1.9048 | Val Acc: 0.3036
2025-06-22 17:10:51,508 [INFO] Epoch 058 | Train Loss: 1.2739 | Val Loss: 1.7186 | Val Acc: 0.2857
2025-06-22 17:10:51,541 [INFO] Epoch 059 | Train Loss: 1.3620 | Val Loss: 1.7931 | Val Acc: 0.3036
2025-06-22 17:10:51,576 [INFO] Epoch 060 | Train Loss: 1.1394 | Val Loss: 1.4996 | Val Acc: 0.3393
2025-06-22 17:10:54,302 [INFO] Epoch 061 | Train Loss: 1.0424 | Val Loss: 1.4798 | Val Acc: 0.3393
2025-06-22 17:10:54,395 [INFO] Epoch 062 | Train Loss: 1.4888 | Val Loss: 1.6355 | Val Acc: 0.3214
2025-06-22 17:10:54,486 [INFO] Epoch 063 | Train Loss: 1.3083 | Val Loss: 1.7614 | Val Acc: 0.3036
2025-06-22 17:10:54,654 [INFO] Epoch 064 | Train Loss: 1.0881 | Val Loss: 1.4460 | Val Acc: 0.4286
2025-06-22 17:10:54,669 [INFO] New best model at epoch 64 (Val Acc: 0.4286)
2025-06-22 17:10:54,908 [INFO] Epoch 065 | Train Loss: 1.0970 | Val Loss: 1.5528 | Val Acc: 0.3750
2025-06-22 17:10:55,173 [INFO] Epoch 066 | Train Loss: 1.4331 | Val Loss: 2.0722 | Val Acc: 0.2857
2025-06-22 17:10:55,491 [INFO] Epoch 067 | Train Loss: 1.5407 | Val Loss: 2.0941 | Val Acc: 0.3036
2025-06-22 17:10:55,779 [INFO] Epoch 068 | Train Loss: 1.2966 | Val Loss: 1.7835 | Val Acc: 0.2679
2025-06-22 17:10:56,246 [INFO] Epoch 069 | Train Loss: 1.3367 | Val Loss: 1.7139 | Val Acc: 0.3036
2025-06-22 17:10:56,747 [INFO] Epoch 070 | Train Loss: 1.0525 | Val Loss: 1.9571 | Val Acc: 0.2857
2025-06-22 17:10:58,646 [INFO] Epoch 071 | Train Loss: 1.1509 | Val Loss: 1.9275 | Val Acc: 0.2857
2025-06-22 17:10:58,693 [INFO] Epoch 072 | Train Loss: 1.0238 | Val Loss: 1.7240 | Val Acc: 0.3036
2025-06-22 17:10:58,732 [INFO] Epoch 073 | Train Loss: 1.1536 | Val Loss: 1.4900 | Val Acc: 0.4107
2025-06-22 17:10:58,763 [INFO] Epoch 074 | Train Loss: 0.9846 | Val Loss: 1.4749 | Val Acc: 0.3393
2025-06-22 17:10:58,794 [INFO] Epoch 075 | Train Loss: 1.0175 | Val Loss: 1.3693 | Val Acc: 0.3393
2025-06-22 17:10:58,828 [INFO] Epoch 076 | Train Loss: 0.9594 | Val Loss: 1.5110 | Val Acc: 0.3750
2025-06-22 17:10:58,859 [INFO] Epoch 077 | Train Loss: 0.9922 | Val Loss: 1.6726 | Val Acc: 0.4286
2025-06-22 17:10:58,892 [INFO] Epoch 078 | Train Loss: 0.8883 | Val Loss: 1.6700 | Val Acc: 0.3571
2025-06-22 17:10:58,925 [INFO] Epoch 079 | Train Loss: 0.9502 | Val Loss: 1.8101 | Val Acc: 0.4107
2025-06-22 17:10:58,960 [INFO] Epoch 080 | Train Loss: 1.0189 | Val Loss: 1.6302 | Val Acc: 0.4107
2025-06-22 17:11:01,749 [INFO] Epoch 081 | Train Loss: 1.0953 | Val Loss: 1.5999 | Val Acc: 0.3750
2025-06-22 17:11:01,837 [INFO] Epoch 082 | Train Loss: 1.0188 | Val Loss: 1.8726 | Val Acc: 0.3571
2025-06-22 17:11:01,977 [INFO] Epoch 083 | Train Loss: 1.2588 | Val Loss: 1.6590 | Val Acc: 0.3214
2025-06-22 17:11:02,183 [INFO] Epoch 084 | Train Loss: 0.9955 | Val Loss: 2.0929 | Val Acc: 0.3393
2025-06-22 17:11:02,436 [INFO] Epoch 085 | Train Loss: 0.8801 | Val Loss: 1.5154 | Val Acc: 0.3393
2025-06-22 17:11:02,672 [INFO] Epoch 086 | Train Loss: 0.9331 | Val Loss: 1.4909 | Val Acc: 0.4107
2025-06-22 17:11:02,940 [INFO] Epoch 087 | Train Loss: 1.0448 | Val Loss: 1.6627 | Val Acc: 0.3750
2025-06-22 17:11:03,270 [INFO] Epoch 088 | Train Loss: 1.0282 | Val Loss: 1.6090 | Val Acc: 0.4286
2025-06-22 17:11:03,985 [INFO] Epoch 089 | Train Loss: 0.8350 | Val Loss: 1.5198 | Val Acc: 0.3214
2025-06-22 17:11:04,513 [INFO] Epoch 090 | Train Loss: 0.9156 | Val Loss: 1.5143 | Val Acc: 0.3571
2025-06-22 17:11:06,568 [INFO] Epoch 091 | Train Loss: 0.8927 | Val Loss: 1.5489 | Val Acc: 0.3214
2025-06-22 17:11:06,618 [INFO] Epoch 092 | Train Loss: 0.8800 | Val Loss: 2.8503 | Val Acc: 0.1964
2025-06-22 17:11:06,656 [INFO] Epoch 093 | Train Loss: 0.9840 | Val Loss: 1.7833 | Val Acc: 0.2679
2025-06-22 17:11:06,687 [INFO] Epoch 094 | Train Loss: 0.8785 | Val Loss: 1.5880 | Val Acc: 0.4107
2025-06-22 17:11:06,719 [INFO] Epoch 095 | Train Loss: 0.9306 | Val Loss: 1.4136 | Val Acc: 0.3750
2025-06-22 17:11:06,750 [INFO] Epoch 096 | Train Loss: 0.9241 | Val Loss: 1.4744 | Val Acc: 0.3929
2025-06-22 17:11:06,782 [INFO] Epoch 097 | Train Loss: 0.8116 | Val Loss: 1.5474 | Val Acc: 0.4107
2025-06-22 17:11:06,814 [INFO] Epoch 098 | Train Loss: 0.7805 | Val Loss: 1.8088 | Val Acc: 0.3571
2025-06-22 17:11:06,846 [INFO] Epoch 099 | Train Loss: 0.8558 | Val Loss: 1.7036 | Val Acc: 0.4464
2025-06-22 17:11:06,852 [INFO] New best model at epoch 99 (Val Acc: 0.4464)
2025-06-22 17:11:06,882 [INFO] Epoch 100 | Train Loss: 0.8807 | Val Loss: 1.8705 | Val Acc: 0.3571
2025-06-22 17:11:09,708 [INFO] Epoch 101 | Train Loss: 0.8519 | Val Loss: 2.1191 | Val Acc: 0.3214
2025-06-22 17:11:09,917 [INFO] Epoch 102 | Train Loss: 0.8450 | Val Loss: 1.7210 | Val Acc: 0.3393
2025-06-22 17:11:10,175 [INFO] Epoch 103 | Train Loss: 0.8329 | Val Loss: 1.4139 | Val Acc: 0.4286
2025-06-22 17:11:10,432 [INFO] Epoch 104 | Train Loss: 0.8397 | Val Loss: 1.6145 | Val Acc: 0.4286
2025-06-22 17:11:10,696 [INFO] Epoch 105 | Train Loss: 0.8343 | Val Loss: 1.8077 | Val Acc: 0.4286
2025-06-22 17:11:10,934 [INFO] Epoch 106 | Train Loss: 0.7828 | Val Loss: 1.6249 | Val Acc: 0.4643
2025-06-22 17:11:10,961 [INFO] New best model at epoch 106 (Val Acc: 0.4643)
2025-06-22 17:11:11,296 [INFO] Epoch 107 | Train Loss: 0.7873 | Val Loss: 1.5036 | Val Acc: 0.3929
2025-06-22 17:11:11,831 [INFO] Epoch 108 | Train Loss: 0.7720 | Val Loss: 1.5047 | Val Acc: 0.4464
2025-06-22 17:11:12,428 [INFO] Epoch 109 | Train Loss: 0.7553 | Val Loss: 1.6685 | Val Acc: 0.4286
2025-06-22 17:11:12,751 [INFO] Epoch 110 | Train Loss: 0.8211 | Val Loss: 1.5727 | Val Acc: 0.4464
2025-06-22 17:11:14,591 [INFO] Epoch 111 | Train Loss: 0.7812 | Val Loss: 2.0607 | Val Acc: 0.5357
2025-06-22 17:11:14,597 [INFO] New best model at epoch 111 (Val Acc: 0.5357)
2025-06-22 17:11:14,639 [INFO] Epoch 112 | Train Loss: 0.7739 | Val Loss: 1.7121 | Val Acc: 0.4107
2025-06-22 17:11:14,678 [INFO] Epoch 113 | Train Loss: 0.8019 | Val Loss: 2.1270 | Val Acc: 0.3393
2025-06-22 17:11:14,709 [INFO] Epoch 114 | Train Loss: 0.6928 | Val Loss: 2.0323 | Val Acc: 0.3929
2025-06-22 17:11:14,740 [INFO] Epoch 115 | Train Loss: 0.7424 | Val Loss: 1.7577 | Val Acc: 0.4464
2025-06-22 17:11:14,770 [INFO] Epoch 116 | Train Loss: 0.7377 | Val Loss: 1.6232 | Val Acc: 0.4286
2025-06-22 17:11:14,803 [INFO] Epoch 117 | Train Loss: 0.7327 | Val Loss: 2.1484 | Val Acc: 0.3750
2025-06-22 17:11:14,835 [INFO] Epoch 118 | Train Loss: 0.6510 | Val Loss: 1.6627 | Val Acc: 0.4286
2025-06-22 17:11:14,869 [INFO] Epoch 119 | Train Loss: 0.6716 | Val Loss: 1.8143 | Val Acc: 0.4643
2025-06-22 17:11:14,905 [INFO] Epoch 120 | Train Loss: 0.6930 | Val Loss: 2.2231 | Val Acc: 0.2857
2025-06-22 17:11:22,350 [INFO] Epoch 121 | Train Loss: 0.6648 | Val Loss: 2.1837 | Val Acc: 0.4286
2025-06-22 17:11:22,397 [INFO] Epoch 122 | Train Loss: 0.7964 | Val Loss: 1.8558 | Val Acc: 0.3571
2025-06-22 17:11:22,432 [INFO] Epoch 123 | Train Loss: 0.7784 | Val Loss: 1.6156 | Val Acc: 0.4107
2025-06-22 17:11:22,515 [INFO] Epoch 124 | Train Loss: 0.7144 | Val Loss: 1.6569 | Val Acc: 0.4464
2025-06-22 17:11:22,552 [INFO] Epoch 125 | Train Loss: 0.7353 | Val Loss: 2.3651 | Val Acc: 0.4286
2025-06-22 17:11:22,587 [INFO] Epoch 126 | Train Loss: 0.6940 | Val Loss: 2.3445 | Val Acc: 0.4464
2025-06-22 17:11:22,622 [INFO] Epoch 127 | Train Loss: 0.7621 | Val Loss: 1.9503 | Val Acc: 0.3750
2025-06-22 17:11:22,659 [INFO] Epoch 128 | Train Loss: 0.6752 | Val Loss: 2.2410 | Val Acc: 0.3750
2025-06-22 17:11:22,698 [INFO] Epoch 129 | Train Loss: 0.6775 | Val Loss: 1.7660 | Val Acc: 0.3929
2025-06-22 17:11:22,743 [INFO] Epoch 130 | Train Loss: 0.6812 | Val Loss: 1.7611 | Val Acc: 0.3214
2025-06-22 17:11:29,362 [INFO] Epoch 131 | Train Loss: 0.5879 | Val Loss: 1.9423 | Val Acc: 0.4107
2025-06-22 17:11:29,418 [INFO] Epoch 132 | Train Loss: 0.5603 | Val Loss: 2.0398 | Val Acc: 0.2679
2025-06-22 17:11:29,465 [INFO] Epoch 133 | Train Loss: 0.5734 | Val Loss: 1.8081 | Val Acc: 0.4107
2025-06-22 17:11:29,511 [INFO] Epoch 134 | Train Loss: 0.8064 | Val Loss: 2.3645 | Val Acc: 0.4286
2025-06-22 17:11:29,555 [INFO] Epoch 135 | Train Loss: 0.7939 | Val Loss: 2.0502 | Val Acc: 0.3750
2025-06-22 17:11:29,600 [INFO] Epoch 136 | Train Loss: 0.7090 | Val Loss: 2.0862 | Val Acc: 0.3750
2025-06-22 17:11:29,648 [INFO] Epoch 137 | Train Loss: 0.7978 | Val Loss: 1.8009 | Val Acc: 0.3571
2025-06-22 17:11:29,699 [INFO] Epoch 138 | Train Loss: 0.7432 | Val Loss: 2.3908 | Val Acc: 0.3571
2025-06-22 17:11:29,749 [INFO] Epoch 139 | Train Loss: 0.6686 | Val Loss: 2.5388 | Val Acc: 0.3750
2025-06-22 17:11:29,799 [INFO] Epoch 140 | Train Loss: 0.5787 | Val Loss: 2.0484 | Val Acc: 0.4464
2025-06-22 17:11:31,708 [INFO] Epoch 141 | Train Loss: 0.6701 | Val Loss: 1.7978 | Val Acc: 0.4286
2025-06-22 17:11:31,765 [INFO] Epoch 142 | Train Loss: 0.6115 | Val Loss: 1.8402 | Val Acc: 0.4107
2025-06-22 17:11:31,810 [INFO] Epoch 143 | Train Loss: 0.6337 | Val Loss: 2.3136 | Val Acc: 0.4107
2025-06-22 17:11:31,857 [INFO] Epoch 144 | Train Loss: 0.7154 | Val Loss: 2.1697 | Val Acc: 0.3393
2025-06-22 17:11:31,907 [INFO] Epoch 145 | Train Loss: 0.6922 | Val Loss: 1.7220 | Val Acc: 0.4464
2025-06-22 17:11:31,956 [INFO] Epoch 146 | Train Loss: 0.6626 | Val Loss: 1.7123 | Val Acc: 0.4821
2025-06-22 17:11:32,013 [INFO] Epoch 147 | Train Loss: 0.6530 | Val Loss: 1.7767 | Val Acc: 0.3393
2025-06-22 17:11:32,072 [INFO] Epoch 148 | Train Loss: 0.6393 | Val Loss: 1.6351 | Val Acc: 0.4286
2025-06-22 17:11:32,139 [INFO] Epoch 149 | Train Loss: 0.6582 | Val Loss: 1.5982 | Val Acc: 0.4464
2025-06-22 17:11:32,252 [INFO] Epoch 150 | Train Loss: 0.6201 | Val Loss: 1.8530 | Val Acc: 0.3929
2025-06-22 17:11:37,716 [INFO] Epoch 151 | Train Loss: 0.6822 | Val Loss: 2.3934 | Val Acc: 0.3571
2025-06-22 17:11:38,025 [INFO] Epoch 152 | Train Loss: 0.5252 | Val Loss: 1.8610 | Val Acc: 0.3036
2025-06-22 17:11:38,298 [INFO] Epoch 153 | Train Loss: 0.6637 | Val Loss: 2.1760 | Val Acc: 0.3929
2025-06-22 17:11:38,729 [INFO] Epoch 154 | Train Loss: 0.6492 | Val Loss: 2.2822 | Val Acc: 0.4464
2025-06-22 17:11:39,052 [INFO] Epoch 155 | Train Loss: 0.6468 | Val Loss: 1.6837 | Val Acc: 0.4286
2025-06-22 17:11:39,373 [INFO] Epoch 156 | Train Loss: 0.6318 | Val Loss: 1.6766 | Val Acc: 0.4821
2025-06-22 17:11:39,668 [INFO] Epoch 157 | Train Loss: 0.6624 | Val Loss: 3.9432 | Val Acc: 0.2500
2025-06-22 17:11:39,920 [INFO] Epoch 158 | Train Loss: 0.7947 | Val Loss: 3.9243 | Val Acc: 0.3571
2025-06-22 17:11:40,074 [INFO] Epoch 159 | Train Loss: 0.7342 | Val Loss: 2.1032 | Val Acc: 0.3750
2025-06-22 17:11:40,157 [INFO] Epoch 160 | Train Loss: 0.7683 | Val Loss: 1.8726 | Val Acc: 0.3571
2025-06-22 17:11:41,789 [INFO] Epoch 161 | Train Loss: 0.7694 | Val Loss: 1.8879 | Val Acc: 0.3929
2025-06-22 17:11:41,847 [INFO] Epoch 162 | Train Loss: 0.6714 | Val Loss: 1.9592 | Val Acc: 0.3036
2025-06-22 17:11:41,880 [INFO] Epoch 163 | Train Loss: 0.6277 | Val Loss: 2.5885 | Val Acc: 0.3929
2025-06-22 17:11:41,914 [INFO] Epoch 164 | Train Loss: 0.6319 | Val Loss: 2.1078 | Val Acc: 0.4107
2025-06-22 17:11:41,949 [INFO] Epoch 165 | Train Loss: 0.7230 | Val Loss: 1.6984 | Val Acc: 0.4107
2025-06-22 17:11:41,984 [INFO] Epoch 166 | Train Loss: 0.5160 | Val Loss: 2.1767 | Val Acc: 0.4464
2025-06-22 17:11:42,018 [INFO] Epoch 167 | Train Loss: 0.5767 | Val Loss: 2.9094 | Val Acc: 0.4107
2025-06-22 17:11:42,055 [INFO] Epoch 168 | Train Loss: 0.5707 | Val Loss: 2.4436 | Val Acc: 0.3036
2025-06-22 17:11:42,093 [INFO] Epoch 169 | Train Loss: 0.7447 | Val Loss: 2.3769 | Val Acc: 0.3393
2025-06-22 17:11:42,133 [INFO] Epoch 170 | Train Loss: 0.6376 | Val Loss: 2.1936 | Val Acc: 0.2857
2025-06-22 17:11:49,026 [INFO] Epoch 171 | Train Loss: 0.5307 | Val Loss: 2.2698 | Val Acc: 0.3929
2025-06-22 17:11:49,108 [INFO] Epoch 172 | Train Loss: 0.6656 | Val Loss: 3.0648 | Val Acc: 0.3571
2025-06-22 17:11:49,150 [INFO] Epoch 173 | Train Loss: 0.5267 | Val Loss: 2.7057 | Val Acc: 0.2679
2025-06-22 17:11:49,187 [INFO] Epoch 174 | Train Loss: 0.5204 | Val Loss: 2.2696 | Val Acc: 0.3929
2025-06-22 17:11:49,222 [INFO] Epoch 175 | Train Loss: 0.5679 | Val Loss: 2.4293 | Val Acc: 0.3750
2025-06-22 17:11:49,261 [INFO] Epoch 176 | Train Loss: 0.4817 | Val Loss: 2.1506 | Val Acc: 0.4107
2025-06-22 17:11:49,300 [INFO] Epoch 177 | Train Loss: 0.5209 | Val Loss: 2.1720 | Val Acc: 0.4107
2025-06-22 17:11:49,339 [INFO] Epoch 178 | Train Loss: 0.6573 | Val Loss: 2.0677 | Val Acc: 0.3750
2025-06-22 17:11:49,381 [INFO] Epoch 179 | Train Loss: 0.6811 | Val Loss: 1.7638 | Val Acc: 0.4643
2025-06-22 17:11:49,428 [INFO] Epoch 180 | Train Loss: 0.7547 | Val Loss: 4.8383 | Val Acc: 0.3214
2025-06-22 17:11:52,497 [INFO] Epoch 181 | Train Loss: 0.7785 | Val Loss: 2.9005 | Val Acc: 0.3929
2025-06-22 17:11:52,878 [INFO] Epoch 182 | Train Loss: 0.6080 | Val Loss: 2.0827 | Val Acc: 0.3750
2025-06-22 17:11:53,189 [INFO] Epoch 183 | Train Loss: 0.7011 | Val Loss: 2.1403 | Val Acc: 0.3929
2025-06-22 17:11:53,529 [INFO] Epoch 184 | Train Loss: 0.6326 | Val Loss: 1.7934 | Val Acc: 0.2857
2025-06-22 17:11:53,818 [INFO] Epoch 185 | Train Loss: 0.5866 | Val Loss: 1.9933 | Val Acc: 0.3929
2025-06-22 17:11:54,201 [INFO] Epoch 186 | Train Loss: 0.5628 | Val Loss: 3.6957 | Val Acc: 0.3214
2025-06-22 17:11:54,776 [INFO] Epoch 187 | Train Loss: 0.6070 | Val Loss: 2.3953 | Val Acc: 0.3214
2025-06-22 17:11:55,444 [INFO] Epoch 188 | Train Loss: 0.6393 | Val Loss: 2.3573 | Val Acc: 0.3571
2025-06-22 17:11:55,805 [INFO] Epoch 189 | Train Loss: 0.6324 | Val Loss: 2.3308 | Val Acc: 0.3750
2025-06-22 17:11:56,040 [INFO] Epoch 190 | Train Loss: 0.5611 | Val Loss: 2.0233 | Val Acc: 0.4107
2025-06-22 17:11:57,703 [INFO] Epoch 191 | Train Loss: 0.6337 | Val Loss: 2.2268 | Val Acc: 0.3929
2025-06-22 17:11:57,752 [INFO] Epoch 192 | Train Loss: 0.6378 | Val Loss: 2.3611 | Val Acc: 0.4286
2025-06-22 17:11:57,788 [INFO] Epoch 193 | Train Loss: 0.7331 | Val Loss: 2.0104 | Val Acc: 0.4643
2025-06-22 17:11:57,821 [INFO] Epoch 194 | Train Loss: 0.6580 | Val Loss: 2.5077 | Val Acc: 0.4286
2025-06-22 17:11:57,855 [INFO] Epoch 195 | Train Loss: 0.6742 | Val Loss: 2.4661 | Val Acc: 0.4107
2025-06-22 17:11:57,888 [INFO] Epoch 196 | Train Loss: 0.5921 | Val Loss: 2.3148 | Val Acc: 0.3929
2025-06-22 17:11:57,921 [INFO] Epoch 197 | Train Loss: 0.5942 | Val Loss: 1.9083 | Val Acc: 0.3571
2025-06-22 17:11:57,955 [INFO] Epoch 198 | Train Loss: 0.7293 | Val Loss: 1.5012 | Val Acc: 0.4464
2025-06-22 17:11:57,991 [INFO] Epoch 199 | Train Loss: 0.6872 | Val Loss: 1.8321 | Val Acc: 0.3929
2025-06-22 17:11:58,028 [INFO] Epoch 200 | Train Loss: 0.6625 | Val Loss: 2.2052 | Val Acc: 0.3393
2025-06-22 17:12:00,841 [INFO] Epoch 201 | Train Loss: 0.6514 | Val Loss: 2.2040 | Val Acc: 0.3571
2025-06-22 17:12:01,069 [INFO] Epoch 202 | Train Loss: 0.6654 | Val Loss: 2.3269 | Val Acc: 0.3393
2025-06-22 17:12:01,399 [INFO] Epoch 203 | Train Loss: 0.6106 | Val Loss: 2.4643 | Val Acc: 0.3750
2025-06-22 17:12:01,860 [INFO] Epoch 204 | Train Loss: 0.5629 | Val Loss: 2.0374 | Val Acc: 0.3929
2025-06-22 17:12:02,178 [INFO] Epoch 205 | Train Loss: 0.5250 | Val Loss: 2.3044 | Val Acc: 0.4643
2025-06-22 17:12:02,724 [INFO] Epoch 206 | Train Loss: 0.5610 | Val Loss: 2.0664 | Val Acc: 0.4107
2025-06-22 17:12:03,481 [INFO] Epoch 207 | Train Loss: 0.4858 | Val Loss: 2.0915 | Val Acc: 0.4107
2025-06-22 17:12:03,776 [INFO] Epoch 208 | Train Loss: 0.5317 | Val Loss: 2.1965 | Val Acc: 0.4107
2025-06-22 17:12:04,016 [INFO] Epoch 209 | Train Loss: 0.6287 | Val Loss: 2.6264 | Val Acc: 0.4107
2025-06-22 17:12:04,155 [INFO] Epoch 210 | Train Loss: 0.5784 | Val Loss: 1.9752 | Val Acc: 0.3929
2025-06-22 17:12:05,843 [INFO] Epoch 211 | Train Loss: 0.6607 | Val Loss: 2.1739 | Val Acc: 0.3929
2025-06-22 17:12:05,893 [INFO] Epoch 212 | Train Loss: 0.5472 | Val Loss: 1.9952 | Val Acc: 0.3750
2025-06-22 17:12:05,926 [INFO] Epoch 213 | Train Loss: 0.8252 | Val Loss: 3.2326 | Val Acc: 0.3750
2025-06-22 17:12:05,958 [INFO] Epoch 214 | Train Loss: 0.7229 | Val Loss: 1.9873 | Val Acc: 0.4286
2025-06-22 17:12:05,991 [INFO] Epoch 215 | Train Loss: 0.6916 | Val Loss: 2.3739 | Val Acc: 0.4821
2025-06-22 17:12:06,023 [INFO] Epoch 216 | Train Loss: 0.5724 | Val Loss: 1.7507 | Val Acc: 0.4643
2025-06-22 17:12:06,084 [INFO] Epoch 217 | Train Loss: 0.5358 | Val Loss: 1.9410 | Val Acc: 0.4107
2025-06-22 17:12:06,120 [INFO] Epoch 218 | Train Loss: 0.5633 | Val Loss: 2.2122 | Val Acc: 0.4821
2025-06-22 17:12:06,158 [INFO] Epoch 219 | Train Loss: 0.5421 | Val Loss: 1.8317 | Val Acc: 0.4821
2025-06-22 17:12:06,196 [INFO] Epoch 220 | Train Loss: 0.5986 | Val Loss: 1.9400 | Val Acc: 0.3929
2025-06-22 17:12:08,933 [INFO] Epoch 221 | Train Loss: 0.4949 | Val Loss: 2.4278 | Val Acc: 0.4107
2025-06-22 17:12:09,161 [INFO] Epoch 222 | Train Loss: 0.5231 | Val Loss: 2.6994 | Val Acc: 0.3750
2025-06-22 17:12:09,431 [INFO] Epoch 223 | Train Loss: 0.5499 | Val Loss: 2.9403 | Val Acc: 0.2679
2025-06-22 17:12:09,680 [INFO] Epoch 224 | Train Loss: 0.6740 | Val Loss: 2.6067 | Val Acc: 0.3393
2025-06-22 17:12:09,998 [INFO] Epoch 225 | Train Loss: 0.6194 | Val Loss: 2.5314 | Val Acc: 0.3929
2025-06-22 17:12:10,369 [INFO] Epoch 226 | Train Loss: 0.7974 | Val Loss: 2.3911 | Val Acc: 0.4286
2025-06-22 17:12:10,939 [INFO] Epoch 227 | Train Loss: 0.7023 | Val Loss: 2.8641 | Val Acc: 0.3571
2025-06-22 17:12:11,452 [INFO] Epoch 228 | Train Loss: 0.6258 | Val Loss: 2.4957 | Val Acc: 0.4286
2025-06-22 17:12:11,783 [INFO] Epoch 229 | Train Loss: 0.6665 | Val Loss: 6.1560 | Val Acc: 0.3393
2025-06-22 17:12:12,022 [INFO] Epoch 230 | Train Loss: 0.5567 | Val Loss: 2.6740 | Val Acc: 0.3036
2025-06-22 17:12:14,597 [INFO] Epoch 231 | Train Loss: 0.4755 | Val Loss: 2.2050 | Val Acc: 0.4107
2025-06-22 17:12:14,645 [INFO] Epoch 232 | Train Loss: 0.3935 | Val Loss: 3.0353 | Val Acc: 0.4286
2025-06-22 17:12:14,684 [INFO] Epoch 233 | Train Loss: 0.4384 | Val Loss: 2.3336 | Val Acc: 0.4107
2025-06-22 17:12:14,741 [INFO] Epoch 234 | Train Loss: 0.4388 | Val Loss: 1.9473 | Val Acc: 0.4107
2025-06-22 17:12:14,779 [INFO] Epoch 235 | Train Loss: 0.5331 | Val Loss: 2.5098 | Val Acc: 0.3214
2025-06-22 17:12:14,812 [INFO] Epoch 236 | Train Loss: 0.4711 | Val Loss: 2.6797 | Val Acc: 0.3393
2025-06-22 17:12:14,846 [INFO] Epoch 237 | Train Loss: 0.5488 | Val Loss: 2.2665 | Val Acc: 0.4286
2025-06-22 17:12:15,713 [INFO] Epoch 238 | Train Loss: 0.4791 | Val Loss: 1.7888 | Val Acc: 0.4286
2025-06-22 17:12:15,875 [INFO] Epoch 239 | Train Loss: 0.5363 | Val Loss: 2.5357 | Val Acc: 0.3393
2025-06-22 17:12:15,957 [INFO] Epoch 240 | Train Loss: 0.5294 | Val Loss: 2.9797 | Val Acc: 0.3929
2025-06-22 17:12:20,581 [INFO] Epoch 241 | Train Loss: 0.5811 | Val Loss: 3.0377 | Val Acc: 0.4107
2025-06-22 17:12:20,645 [INFO] Epoch 242 | Train Loss: 0.4902 | Val Loss: 2.4271 | Val Acc: 0.4107
2025-06-22 17:12:20,686 [INFO] Epoch 243 | Train Loss: 0.5926 | Val Loss: 2.7111 | Val Acc: 0.4107
2025-06-22 17:12:20,726 [INFO] Epoch 244 | Train Loss: 0.4256 | Val Loss: 2.1175 | Val Acc: 0.4464
2025-06-22 17:12:20,766 [INFO] Epoch 245 | Train Loss: 0.5288 | Val Loss: 2.3915 | Val Acc: 0.4821
2025-06-22 17:12:20,806 [INFO] Epoch 246 | Train Loss: 0.5354 | Val Loss: 2.8414 | Val Acc: 0.3929
2025-06-22 17:12:20,847 [INFO] Epoch 247 | Train Loss: 0.5946 | Val Loss: 2.2699 | Val Acc: 0.3750
2025-06-22 17:12:20,891 [INFO] Epoch 248 | Train Loss: 0.4407 | Val Loss: 2.5875 | Val Acc: 0.4107
2025-06-22 17:12:20,937 [INFO] Epoch 249 | Train Loss: 0.5245 | Val Loss: 2.3075 | Val Acc: 0.4464
2025-06-22 17:12:20,982 [INFO] Epoch 250 | Train Loss: 0.4043 | Val Loss: 2.1559 | Val Acc: 0.5357
2025-06-22 17:12:22,729 [INFO] Epoch 251 | Train Loss: 0.5141 | Val Loss: 2.1533 | Val Acc: 0.5714
2025-06-22 17:12:22,742 [INFO] New best model at epoch 251 (Val Acc: 0.5714)
2025-06-22 17:12:22,828 [INFO] Epoch 252 | Train Loss: 0.4100 | Val Loss: 3.1734 | Val Acc: 0.4107
2025-06-22 17:12:23,129 [INFO] Epoch 253 | Train Loss: 0.4791 | Val Loss: 1.9640 | Val Acc: 0.4643
2025-06-22 17:12:23,254 [INFO] Epoch 254 | Train Loss: 0.6822 | Val Loss: 2.5552 | Val Acc: 0.3750
2025-06-22 17:12:23,492 [INFO] Epoch 255 | Train Loss: 0.6046 | Val Loss: 2.3541 | Val Acc: 0.4107
2025-06-22 17:12:23,788 [INFO] Epoch 256 | Train Loss: 0.6851 | Val Loss: 2.6570 | Val Acc: 0.5179
2025-06-22 17:12:24,021 [INFO] Epoch 257 | Train Loss: 0.5308 | Val Loss: 3.1666 | Val Acc: 0.2679
2025-06-22 17:12:24,289 [INFO] Epoch 258 | Train Loss: 0.5787 | Val Loss: 2.8421 | Val Acc: 0.3571
2025-06-22 17:12:24,546 [INFO] Epoch 259 | Train Loss: 0.6223 | Val Loss: 3.1480 | Val Acc: 0.3571
2025-06-22 17:12:24,842 [INFO] Epoch 260 | Train Loss: 0.5060 | Val Loss: 2.6018 | Val Acc: 0.3214
2025-06-22 17:12:28,840 [INFO] Epoch 261 | Train Loss: 0.5103 | Val Loss: 2.3109 | Val Acc: 0.4286
2025-06-22 17:12:28,904 [INFO] Epoch 262 | Train Loss: 0.5676 | Val Loss: 2.3993 | Val Acc: 0.4107
2025-06-22 17:12:28,964 [INFO] Epoch 263 | Train Loss: 0.4783 | Val Loss: 2.4506 | Val Acc: 0.4107
2025-06-22 17:12:29,023 [INFO] Epoch 264 | Train Loss: 0.4539 | Val Loss: 3.3774 | Val Acc: 0.3750
2025-06-22 17:12:29,080 [INFO] Epoch 265 | Train Loss: 0.4821 | Val Loss: 2.0176 | Val Acc: 0.4464
2025-06-22 17:12:29,137 [INFO] Epoch 266 | Train Loss: 0.5902 | Val Loss: 2.4756 | Val Acc: 0.4286
2025-06-22 17:12:29,216 [INFO] Epoch 267 | Train Loss: 0.6325 | Val Loss: 4.7427 | Val Acc: 0.3929
2025-06-22 17:12:29,290 [INFO] Epoch 268 | Train Loss: 0.8392 | Val Loss: 2.9555 | Val Acc: 0.3750
2025-06-22 17:12:29,361 [INFO] Epoch 269 | Train Loss: 0.6523 | Val Loss: 2.6425 | Val Acc: 0.3571
2025-06-22 17:12:29,434 [INFO] Epoch 270 | Train Loss: 0.7326 | Val Loss: 1.9424 | Val Acc: 0.3929
2025-06-22 17:12:45,666 [INFO] Epoch 271 | Train Loss: 0.6268 | Val Loss: 3.1790 | Val Acc: 0.3571
2025-06-22 17:12:45,895 [INFO] Epoch 272 | Train Loss: 0.5397 | Val Loss: 2.7662 | Val Acc: 0.3571
2025-06-22 17:12:46,197 [INFO] Epoch 273 | Train Loss: 0.4723 | Val Loss: 2.3322 | Val Acc: 0.4107
2025-06-22 17:12:47,570 [INFO] Epoch 274 | Train Loss: 0.4754 | Val Loss: 2.2274 | Val Acc: 0.3393
2025-06-22 17:12:51,944 [INFO] Epoch 275 | Train Loss: 0.4091 | Val Loss: 2.3913 | Val Acc: 0.4643
2025-06-22 17:12:52,838 [INFO] Epoch 276 | Train Loss: 0.4908 | Val Loss: 2.5790 | Val Acc: 0.3929
2025-06-22 17:12:53,591 [INFO] Epoch 277 | Train Loss: 0.3827 | Val Loss: 2.4582 | Val Acc: 0.3214
2025-06-22 17:12:54,202 [INFO] Epoch 278 | Train Loss: 0.4014 | Val Loss: 2.5201 | Val Acc: 0.3929
2025-06-22 17:12:55,045 [INFO] Epoch 279 | Train Loss: 0.5324 | Val Loss: 2.7780 | Val Acc: 0.3036
2025-06-22 17:12:55,889 [INFO] Epoch 280 | Train Loss: 0.3929 | Val Loss: 2.5295 | Val Acc: 0.4107
2025-06-22 17:13:00,070 [INFO] Epoch 281 | Train Loss: 0.3924 | Val Loss: 2.5088 | Val Acc: 0.3750
2025-06-22 17:13:01,152 [INFO] Epoch 282 | Train Loss: 0.4283 | Val Loss: 2.5790 | Val Acc: 0.5000
2025-06-22 17:13:01,272 [INFO] Epoch 283 | Train Loss: 0.4562 | Val Loss: 2.0975 | Val Acc: 0.3929
2025-06-22 17:13:01,370 [INFO] Epoch 284 | Train Loss: 0.5437 | Val Loss: 3.3221 | Val Acc: 0.3393
2025-06-22 17:13:01,440 [INFO] Epoch 285 | Train Loss: 0.5708 | Val Loss: 3.0421 | Val Acc: 0.4464
2025-06-22 17:13:01,506 [INFO] Epoch 286 | Train Loss: 0.6541 | Val Loss: 2.6734 | Val Acc: 0.4286
2025-06-22 17:13:01,567 [INFO] Epoch 287 | Train Loss: 0.7468 | Val Loss: 2.6850 | Val Acc: 0.4464
2025-06-22 17:13:01,667 [INFO] Epoch 288 | Train Loss: 0.7173 | Val Loss: 5.0362 | Val Acc: 0.1607
2025-06-22 17:13:01,755 [INFO] Epoch 289 | Train Loss: 0.6920 | Val Loss: 3.9498 | Val Acc: 0.2679
2025-06-22 17:13:01,844 [INFO] Epoch 290 | Train Loss: 0.6168 | Val Loss: 2.1241 | Val Acc: 0.3750
2025-06-22 17:13:03,945 [INFO] Epoch 291 | Train Loss: 0.7135 | Val Loss: 2.0265 | Val Acc: 0.3036
2025-06-22 17:13:04,054 [INFO] Epoch 292 | Train Loss: 0.4746 | Val Loss: 1.8718 | Val Acc: 0.4107
2025-06-22 17:13:04,262 [INFO] Epoch 293 | Train Loss: 0.5679 | Val Loss: 1.9941 | Val Acc: 0.4464
2025-06-22 17:13:08,711 [INFO] Epoch 294 | Train Loss: 0.5663 | Val Loss: 3.3530 | Val Acc: 0.3929
2025-06-22 17:13:09,686 [INFO] Epoch 295 | Train Loss: 0.4975 | Val Loss: 3.4075 | Val Acc: 0.4286
2025-06-22 17:13:10,428 [INFO] Epoch 296 | Train Loss: 0.5165 | Val Loss: 2.8270 | Val Acc: 0.3929
2025-06-22 17:13:11,127 [INFO] Epoch 297 | Train Loss: 0.5869 | Val Loss: 4.9053 | Val Acc: 0.3393
2025-06-22 17:13:13,203 [INFO] Epoch 298 | Train Loss: 0.5331 | Val Loss: 2.9240 | Val Acc: 0.3750
2025-06-22 17:13:14,065 [INFO] Epoch 299 | Train Loss: 0.4803 | Val Loss: 2.2452 | Val Acc: 0.4464
2025-06-22 17:13:15,294 [INFO] Epoch 300 | Train Loss: 0.4651 | Val Loss: 2.3728 | Val Acc: 0.4464
2025-06-22 17:13:19,069 [INFO] Best model saved to <built-in function time>/ENZYMES/best/best_source_gin.pth (Val Acc: 0.5714 at epoch 251)
2025-06-22 17:13:19,073 [INFO] Training/validation metrics saved to <built-in function time>/ENZYMES/GIN_0.01/train_metrics.csv
2025-06-22 17:13:21,854 [INFO] Final training curves saved
2025-06-22 17:13:21,855 [INFO] Training completed!
2025-06-22 17:13:21,855 [INFO] Best validation accuracy: 0.5714
2025-06-22 17:13:21,855 [INFO] Best epoch: 251
2025-06-22 17:13:21,855 [INFO] Total epochs trained: 300
2025-06-22 17:13:21,856 [INFO] Starting training with parameters: (0.01, 0.1, 256, 2, 400, 0.0)
