2025-06-22 05:07:54,248 [INFO] Using device: cpu
2025-06-22 05:07:54,248 [INFO] 开始创建数据加载器...
2025-06-22 05:07:54,251 [INFO] Successfully loaded dataset ENZYMES from ./data, total graphs: 600
2025-06-22 05:07:54,251 [INFO] Class allocation analysis:
2025-06-22 05:07:54,251 [INFO]   Source classes: [0, 1, 2, 3]
2025-06-22 05:07:54,251 [INFO]   Target classes: [0, 1, 2, 3, 4, 5]
2025-06-22 05:07:54,251 [INFO]   Overlap classes (to be split): [0, 1, 2, 3]
2025-06-22 05:07:54,251 [INFO]   Target novel classes (unknown): [4, 5]
2025-06-22 05:07:54,265 [INFO]   Class 0: 100 total -> Source: 70, Target: 30
2025-06-22 05:07:54,265 [INFO]   Class 1: 100 total -> Source: 70, Target: 30
2025-06-22 05:07:54,266 [INFO]   Class 2: 100 total -> Source: 70, Target: 30
2025-06-22 05:07:54,266 [INFO]   Class 3: 100 total -> Source: 70, Target: 30
2025-06-22 05:07:54,266 [INFO]   Class 4 (novel/unknown): 100 samples -> Target
2025-06-22 05:07:54,266 [INFO]   Class 5 (novel/unknown): 100 samples -> Target
2025-06-22 05:07:54,266 [INFO] Final allocation:
2025-06-22 05:07:54,266 [INFO]   Source domain: 280 samples
2025-06-22 05:07:54,266 [INFO]   Target domain: 320 samples
2025-06-22 05:07:54,267 [INFO] Source domain setup:
2025-06-22 05:07:54,267 [INFO]   Original classes: [0, 1, 2, 3]
2025-06-22 05:07:54,267 [INFO]   Overlap classes used: [0, 1, 2, 3]
2025-06-22 05:07:54,267 [INFO]   Label mapping: {0: 0, 1: 1, 2: 2, 3: 3}
2025-06-22 05:07:54,267 [INFO]   Total data after allocation: 280
2025-06-22 05:07:54,267 [INFO]   Data split - Train: 224, Val: 56
2025-06-22 05:07:54,267 [INFO]   Train label distribution: {0: 56, 1: 56, 3: 56, 2: 56}
2025-06-22 05:07:54,267 [INFO]   Val label distribution: {1: 14, 2: 14, 0: 14, 3: 14}
2025-06-22 05:07:54,268 [INFO] Successfully loaded dataset ENZYMES from ./data, total graphs: 600
2025-06-22 05:07:54,268 [INFO] Class allocation analysis:
2025-06-22 05:07:54,268 [INFO]   Source classes: [0, 1, 2, 3]
2025-06-22 05:07:54,268 [INFO]   Target classes: [0, 1, 2, 3, 4, 5]
2025-06-22 05:07:54,268 [INFO]   Overlap classes (to be split): [0, 1, 2, 3]
2025-06-22 05:07:54,268 [INFO]   Target novel classes (unknown): [4, 5]
2025-06-22 05:07:54,364 [INFO]   Class 0: 100 total -> Source: 70, Target: 30
2025-06-22 05:07:54,364 [INFO]   Class 1: 100 total -> Source: 70, Target: 30
2025-06-22 05:07:54,365 [INFO]   Class 2: 100 total -> Source: 70, Target: 30
2025-06-22 05:07:54,365 [INFO]   Class 3: 100 total -> Source: 70, Target: 30
2025-06-22 05:07:54,365 [INFO]   Class 4 (novel/unknown): 100 samples -> Target
2025-06-22 05:07:54,365 [INFO]   Class 5 (novel/unknown): 100 samples -> Target
2025-06-22 05:07:54,365 [INFO] Final allocation:
2025-06-22 05:07:54,365 [INFO]   Source domain: 280 samples
2025-06-22 05:07:54,365 [INFO]   Target domain: 320 samples
2025-06-22 05:07:54,366 [INFO] Target domain setup:
2025-06-22 05:07:54,367 [INFO]   Original classes: [0, 1, 2, 3, 4, 5]
2025-06-22 05:07:54,367 [INFO]   Overlap classes: [0, 1, 2, 3]
2025-06-22 05:07:54,367 [INFO]   Novel classes: [4, 5] -> mapped to unknown label 4
2025-06-22 05:07:54,367 [INFO]   Label mapping: {0: 0, 1: 1, 2: 2, 3: 3, 4: 4, 5: 4}
2025-06-22 05:07:54,367 [INFO]   Total data after allocation: 320
2025-06-22 05:07:54,367 [INFO]   Data split - Train: 256, Val: 64
2025-06-22 05:07:54,367 [INFO]   Total count: 320 (known: 120, unknown: 200)
2025-06-22 05:07:54,367 [INFO]   Total label distribution: {4: 200, 3: 30, 0: 30, 1: 30, 2: 30}
2025-06-22 05:07:54,367 [INFO]   Train label distribution: {4: 160, 0: 24, 2: 24, 3: 24, 1: 24}
2025-06-22 05:07:54,367 [INFO]   Val label distribution: {1: 6, 4: 40, 3: 6, 0: 6, 2: 6}
2025-06-22 05:07:54,367 [INFO] 数据加载器创建完成!
2025-06-22 05:07:54,367 [INFO] 源域类别数: 4 (重叠类别)
2025-06-22 05:07:54,367 [INFO] 目标域类别数: 5 (4个重叠类别 + 1个未知类别)
2025-06-22 05:07:54,367 [INFO] 重叠类别: [0, 1, 2, 3]
2025-06-22 05:07:54,367 [INFO] 目标域新类别: [4, 5]
2025-06-22 05:07:54,367 [INFO] Data allocation verification:
2025-06-22 05:07:54,367 [INFO]   Source data samples: 280
2025-06-22 05:07:54,367 [INFO]   Target data samples: 320
2025-06-22 05:07:54,367 [INFO]   Overlapping samples: 0
2025-06-22 05:07:54,367 [INFO]   ✓ Data allocation is correct - no overlapping samples
2025-06-22 05:07:54,368 [INFO] Model initialized with 68868 parameters
2025-06-22 05:07:54,369 [INFO] Previous best validation accuracy read from record.txt: 0.6250
2025-06-22 05:07:54,369 [INFO] Starting training...
2025-06-22 05:07:54,391 [INFO] Epoch 001 | Train Loss: 7.3625 | Val Loss: 1.9811 | Val Acc: 0.3036
2025-06-22 05:07:54,979 [INFO] New best model at epoch 1 (Val Acc: 0.3036)
2025-06-22 05:07:54,996 [INFO] Epoch 002 | Train Loss: 6.5173 | Val Loss: 3.4232 | Val Acc: 0.2857
2025-06-22 05:07:55,011 [INFO] Epoch 003 | Train Loss: 6.6387 | Val Loss: 3.3156 | Val Acc: 0.3929
2025-06-22 05:07:55,013 [INFO] New best model at epoch 3 (Val Acc: 0.3929)
2025-06-22 05:07:55,031 [INFO] Epoch 004 | Train Loss: 5.3381 | Val Loss: 3.7315 | Val Acc: 0.3036
2025-06-22 05:07:55,051 [INFO] Epoch 005 | Train Loss: 6.0684 | Val Loss: 3.0816 | Val Acc: 0.2679
2025-06-22 05:07:55,072 [INFO] Epoch 006 | Train Loss: 5.7183 | Val Loss: 2.3237 | Val Acc: 0.3929
2025-06-22 05:07:55,087 [INFO] Epoch 007 | Train Loss: 4.6409 | Val Loss: 2.1667 | Val Acc: 0.4464
2025-06-22 05:07:55,089 [INFO] New best model at epoch 7 (Val Acc: 0.4464)
2025-06-22 05:07:55,103 [INFO] Epoch 008 | Train Loss: 3.9265 | Val Loss: 3.8608 | Val Acc: 0.4286
2025-06-22 05:07:55,116 [INFO] Epoch 009 | Train Loss: 4.9983 | Val Loss: 3.2594 | Val Acc: 0.3393
2025-06-22 05:07:55,131 [INFO] Epoch 010 | Train Loss: 4.4990 | Val Loss: 2.6402 | Val Acc: 0.3929
2025-06-22 05:07:55,756 [INFO] Epoch 011 | Train Loss: 4.3224 | Val Loss: 2.6897 | Val Acc: 0.3214
2025-06-22 05:07:55,778 [INFO] Epoch 012 | Train Loss: 3.8428 | Val Loss: 3.1277 | Val Acc: 0.3393
2025-06-22 05:07:55,808 [INFO] Epoch 013 | Train Loss: 4.5697 | Val Loss: 3.5252 | Val Acc: 0.2679
2025-06-22 05:07:55,831 [INFO] Epoch 014 | Train Loss: 4.2436 | Val Loss: 3.0151 | Val Acc: 0.4107
2025-06-22 05:07:55,846 [INFO] Epoch 015 | Train Loss: 3.7990 | Val Loss: 2.5489 | Val Acc: 0.4464
2025-06-22 05:07:55,859 [INFO] Epoch 016 | Train Loss: 3.7895 | Val Loss: 2.8095 | Val Acc: 0.2679
2025-06-22 05:07:55,873 [INFO] Epoch 017 | Train Loss: 3.4137 | Val Loss: 2.7353 | Val Acc: 0.2679
2025-06-22 05:07:55,887 [INFO] Epoch 018 | Train Loss: 3.5322 | Val Loss: 2.8976 | Val Acc: 0.3393
2025-06-22 05:07:55,901 [INFO] Epoch 019 | Train Loss: 2.9489 | Val Loss: 2.5986 | Val Acc: 0.3571
2025-06-22 05:07:55,917 [INFO] Epoch 020 | Train Loss: 3.8455 | Val Loss: 2.5996 | Val Acc: 0.3750
2025-06-22 05:07:56,595 [INFO] Epoch 021 | Train Loss: 3.3127 | Val Loss: 2.2894 | Val Acc: 0.3929
2025-06-22 05:07:56,616 [INFO] Epoch 022 | Train Loss: 3.9797 | Val Loss: 2.4871 | Val Acc: 0.3571
2025-06-22 05:07:56,646 [INFO] Epoch 023 | Train Loss: 2.9952 | Val Loss: 2.4147 | Val Acc: 0.3571
2025-06-22 05:07:56,673 [INFO] Epoch 024 | Train Loss: 3.1282 | Val Loss: 3.3254 | Val Acc: 0.3036
2025-06-22 05:07:56,695 [INFO] Epoch 025 | Train Loss: 3.2906 | Val Loss: 2.4719 | Val Acc: 0.4286
2025-06-22 05:07:56,725 [INFO] Epoch 026 | Train Loss: 3.0939 | Val Loss: 2.9866 | Val Acc: 0.2500
2025-06-22 05:07:56,748 [INFO] Epoch 027 | Train Loss: 3.6612 | Val Loss: 2.1539 | Val Acc: 0.4107
2025-06-22 05:07:56,769 [INFO] Epoch 028 | Train Loss: 2.7945 | Val Loss: 2.3989 | Val Acc: 0.3393
2025-06-22 05:07:56,789 [INFO] Epoch 029 | Train Loss: 2.9000 | Val Loss: 2.3955 | Val Acc: 0.4464
2025-06-22 05:07:56,807 [INFO] Epoch 030 | Train Loss: 2.7201 | Val Loss: 2.3152 | Val Acc: 0.4107
2025-06-22 05:07:57,440 [INFO] Epoch 031 | Train Loss: 2.7898 | Val Loss: 2.6577 | Val Acc: 0.3036
2025-06-22 05:07:57,454 [INFO] Epoch 032 | Train Loss: 2.6727 | Val Loss: 1.8433 | Val Acc: 0.4286
2025-06-22 05:07:57,468 [INFO] Epoch 033 | Train Loss: 2.6081 | Val Loss: 2.3595 | Val Acc: 0.3571
2025-06-22 05:07:57,483 [INFO] Epoch 034 | Train Loss: 2.4487 | Val Loss: 1.9679 | Val Acc: 0.3929
2025-06-22 05:07:57,497 [INFO] Epoch 035 | Train Loss: 2.2659 | Val Loss: 2.2984 | Val Acc: 0.2679
2025-06-22 05:07:57,517 [INFO] Epoch 036 | Train Loss: 2.3695 | Val Loss: 1.8493 | Val Acc: 0.3214
2025-06-22 05:07:57,532 [INFO] Epoch 037 | Train Loss: 2.2509 | Val Loss: 1.9393 | Val Acc: 0.2321
2025-06-22 05:07:57,546 [INFO] Epoch 038 | Train Loss: 1.9945 | Val Loss: 2.0591 | Val Acc: 0.3214
2025-06-22 05:07:57,560 [INFO] Epoch 039 | Train Loss: 2.4260 | Val Loss: 2.2196 | Val Acc: 0.3929
2025-06-22 05:07:57,574 [INFO] Epoch 040 | Train Loss: 2.4665 | Val Loss: 2.7404 | Val Acc: 0.3214
2025-06-22 05:07:58,154 [INFO] Epoch 041 | Train Loss: 2.4473 | Val Loss: 2.0007 | Val Acc: 0.2679
2025-06-22 05:07:58,175 [INFO] Epoch 042 | Train Loss: 2.0743 | Val Loss: 1.7746 | Val Acc: 0.4107
2025-06-22 05:07:58,193 [INFO] Epoch 043 | Train Loss: 1.9357 | Val Loss: 1.8574 | Val Acc: 0.3571
2025-06-22 05:07:58,207 [INFO] Epoch 044 | Train Loss: 1.9848 | Val Loss: 1.5769 | Val Acc: 0.5000
2025-06-22 05:07:58,209 [INFO] New best model at epoch 44 (Val Acc: 0.5000)
2025-06-22 05:07:58,221 [INFO] Epoch 045 | Train Loss: 1.9858 | Val Loss: 1.8737 | Val Acc: 0.3214
2025-06-22 05:07:58,251 [INFO] Epoch 046 | Train Loss: 1.9945 | Val Loss: 1.8678 | Val Acc: 0.3214
2025-06-22 05:07:58,267 [INFO] Epoch 047 | Train Loss: 1.7574 | Val Loss: 1.9214 | Val Acc: 0.3214
2025-06-22 05:07:58,282 [INFO] Epoch 048 | Train Loss: 1.7813 | Val Loss: 1.8896 | Val Acc: 0.3036
2025-06-22 05:07:58,296 [INFO] Epoch 049 | Train Loss: 1.9527 | Val Loss: 2.0416 | Val Acc: 0.2857
2025-06-22 05:07:58,309 [INFO] Epoch 050 | Train Loss: 1.9268 | Val Loss: 1.6525 | Val Acc: 0.3929
2025-06-22 05:08:01,161 [INFO] Epoch 051 | Train Loss: 2.1240 | Val Loss: 1.7944 | Val Acc: 0.3571
2025-06-22 05:08:01,184 [INFO] Epoch 052 | Train Loss: 1.8757 | Val Loss: 1.6366 | Val Acc: 0.3214
2025-06-22 05:08:01,203 [INFO] Epoch 053 | Train Loss: 2.1581 | Val Loss: 1.6282 | Val Acc: 0.3393
2025-06-22 05:08:01,246 [INFO] Epoch 054 | Train Loss: 1.9285 | Val Loss: 1.6824 | Val Acc: 0.3750
2025-06-22 05:08:01,266 [INFO] Epoch 055 | Train Loss: 1.7882 | Val Loss: 2.0307 | Val Acc: 0.3750
2025-06-22 05:08:01,281 [INFO] Epoch 056 | Train Loss: 1.9208 | Val Loss: 1.7992 | Val Acc: 0.3571
2025-06-22 05:08:01,300 [INFO] Epoch 057 | Train Loss: 1.8899 | Val Loss: 2.3150 | Val Acc: 0.2857
2025-06-22 05:08:01,319 [INFO] Epoch 058 | Train Loss: 1.7230 | Val Loss: 1.6463 | Val Acc: 0.4107
2025-06-22 05:08:01,338 [INFO] Epoch 059 | Train Loss: 1.8139 | Val Loss: 1.5115 | Val Acc: 0.4643
2025-06-22 05:08:01,356 [INFO] Epoch 060 | Train Loss: 1.8521 | Val Loss: 1.6133 | Val Acc: 0.3214
2025-06-22 05:08:01,998 [INFO] Epoch 061 | Train Loss: 1.6571 | Val Loss: 1.5299 | Val Acc: 0.3929
2025-06-22 05:08:02,013 [INFO] Epoch 062 | Train Loss: 1.6161 | Val Loss: 1.7384 | Val Acc: 0.2679
2025-06-22 05:08:02,028 [INFO] Epoch 063 | Train Loss: 1.6518 | Val Loss: 1.7751 | Val Acc: 0.3214
2025-06-22 05:08:02,041 [INFO] Epoch 064 | Train Loss: 1.6754 | Val Loss: 1.6728 | Val Acc: 0.3036
2025-06-22 05:08:02,056 [INFO] Epoch 065 | Train Loss: 1.6601 | Val Loss: 1.4765 | Val Acc: 0.3571
2025-06-22 05:08:02,074 [INFO] Epoch 066 | Train Loss: 1.5731 | Val Loss: 1.4365 | Val Acc: 0.4107
2025-06-22 05:08:02,089 [INFO] Epoch 067 | Train Loss: 1.6501 | Val Loss: 1.4179 | Val Acc: 0.4107
2025-06-22 05:08:02,102 [INFO] Epoch 068 | Train Loss: 1.4921 | Val Loss: 1.8899 | Val Acc: 0.2679
2025-06-22 05:08:02,116 [INFO] Epoch 069 | Train Loss: 1.5051 | Val Loss: 1.5928 | Val Acc: 0.3929
2025-06-22 05:08:02,130 [INFO] Epoch 070 | Train Loss: 1.6062 | Val Loss: 1.4574 | Val Acc: 0.3750
2025-06-22 05:08:02,818 [INFO] Epoch 071 | Train Loss: 1.3910 | Val Loss: 1.5162 | Val Acc: 0.3571
2025-06-22 05:08:02,847 [INFO] Epoch 072 | Train Loss: 1.3894 | Val Loss: 1.4512 | Val Acc: 0.4643
2025-06-22 05:08:02,862 [INFO] Epoch 073 | Train Loss: 1.3756 | Val Loss: 1.6204 | Val Acc: 0.2500
2025-06-22 05:08:02,900 [INFO] Epoch 074 | Train Loss: 1.4495 | Val Loss: 1.5212 | Val Acc: 0.2857
2025-06-22 05:08:02,964 [INFO] Epoch 075 | Train Loss: 1.4744 | Val Loss: 1.4909 | Val Acc: 0.3393
2025-06-22 05:08:03,017 [INFO] Epoch 076 | Train Loss: 1.6050 | Val Loss: 1.6699 | Val Acc: 0.3750
2025-06-22 05:08:03,072 [INFO] Epoch 077 | Train Loss: 1.5735 | Val Loss: 1.4959 | Val Acc: 0.3929
2025-06-22 05:08:03,087 [INFO] Epoch 078 | Train Loss: 1.6053 | Val Loss: 1.5319 | Val Acc: 0.4107
2025-06-22 05:08:03,105 [INFO] Epoch 079 | Train Loss: 1.6871 | Val Loss: 1.4142 | Val Acc: 0.3571
2025-06-22 05:08:03,118 [INFO] Epoch 080 | Train Loss: 1.4557 | Val Loss: 1.5452 | Val Acc: 0.3393
2025-06-22 05:08:03,779 [INFO] Epoch 081 | Train Loss: 1.4368 | Val Loss: 1.4727 | Val Acc: 0.4107
2025-06-22 05:08:03,806 [INFO] Epoch 082 | Train Loss: 1.4563 | Val Loss: 1.5508 | Val Acc: 0.4107
2025-06-22 05:08:03,826 [INFO] Epoch 083 | Train Loss: 1.4359 | Val Loss: 1.5194 | Val Acc: 0.3571
2025-06-22 05:08:03,856 [INFO] Epoch 084 | Train Loss: 1.4353 | Val Loss: 1.4435 | Val Acc: 0.3214
2025-06-22 05:08:03,872 [INFO] Epoch 085 | Train Loss: 1.3984 | Val Loss: 1.5009 | Val Acc: 0.3214
2025-06-22 05:08:03,888 [INFO] Epoch 086 | Train Loss: 1.3500 | Val Loss: 1.3995 | Val Acc: 0.3929
2025-06-22 05:08:03,909 [INFO] Epoch 087 | Train Loss: 1.3480 | Val Loss: 1.4936 | Val Acc: 0.3393
2025-06-22 05:08:03,922 [INFO] Epoch 088 | Train Loss: 1.3891 | Val Loss: 1.4839 | Val Acc: 0.3750
2025-06-22 05:08:03,957 [INFO] Epoch 089 | Train Loss: 1.3634 | Val Loss: 1.4910 | Val Acc: 0.3393
2025-06-22 05:08:03,996 [INFO] Epoch 090 | Train Loss: 1.3632 | Val Loss: 1.4213 | Val Acc: 0.4107
2025-06-22 05:08:04,694 [INFO] Epoch 091 | Train Loss: 1.4823 | Val Loss: 1.4957 | Val Acc: 0.3393
2025-06-22 05:08:04,742 [INFO] Epoch 092 | Train Loss: 1.4749 | Val Loss: 1.5341 | Val Acc: 0.3393
2025-06-22 05:08:04,760 [INFO] Epoch 093 | Train Loss: 1.4237 | Val Loss: 1.7241 | Val Acc: 0.3393
2025-06-22 05:08:04,817 [INFO] Epoch 094 | Train Loss: 1.3108 | Val Loss: 1.5341 | Val Acc: 0.4107
2025-06-22 05:08:04,831 [INFO] Epoch 095 | Train Loss: 1.4602 | Val Loss: 1.4838 | Val Acc: 0.2857
2025-06-22 05:08:04,849 [INFO] Epoch 096 | Train Loss: 1.3602 | Val Loss: 1.3571 | Val Acc: 0.3929
2025-06-22 05:08:04,869 [INFO] Epoch 097 | Train Loss: 1.4930 | Val Loss: 1.5292 | Val Acc: 0.3036
2025-06-22 05:08:04,888 [INFO] Epoch 098 | Train Loss: 1.6128 | Val Loss: 1.6808 | Val Acc: 0.3571
2025-06-22 05:08:04,906 [INFO] Epoch 099 | Train Loss: 1.5663 | Val Loss: 1.4565 | Val Acc: 0.3571
2025-06-22 05:08:04,921 [INFO] Epoch 100 | Train Loss: 1.5279 | Val Loss: 1.4544 | Val Acc: 0.3929
2025-06-22 05:08:05,661 [INFO] Epoch 101 | Train Loss: 1.4650 | Val Loss: 1.4649 | Val Acc: 0.3571
2025-06-22 05:08:05,684 [INFO] Epoch 102 | Train Loss: 1.4513 | Val Loss: 1.5394 | Val Acc: 0.3393
2025-06-22 05:08:05,703 [INFO] Epoch 103 | Train Loss: 1.4430 | Val Loss: 1.4810 | Val Acc: 0.3571
2025-06-22 05:08:05,725 [INFO] Epoch 104 | Train Loss: 1.3899 | Val Loss: 1.4710 | Val Acc: 0.3571
2025-06-22 05:08:05,744 [INFO] Epoch 105 | Train Loss: 1.4079 | Val Loss: 1.3808 | Val Acc: 0.3393
2025-06-22 05:08:05,760 [INFO] Epoch 106 | Train Loss: 1.3140 | Val Loss: 1.3604 | Val Acc: 0.4286
2025-06-22 05:08:05,782 [INFO] Epoch 107 | Train Loss: 1.2981 | Val Loss: 1.4153 | Val Acc: 0.3036
2025-06-22 05:08:05,888 [INFO] Epoch 108 | Train Loss: 1.3484 | Val Loss: 1.4452 | Val Acc: 0.3571
2025-06-22 05:08:05,921 [INFO] Epoch 109 | Train Loss: 1.2324 | Val Loss: 1.7816 | Val Acc: 0.2679
2025-06-22 05:08:05,979 [INFO] Epoch 110 | Train Loss: 1.3185 | Val Loss: 1.4969 | Val Acc: 0.3393
2025-06-22 05:08:06,630 [INFO] Epoch 111 | Train Loss: 1.2641 | Val Loss: 1.4109 | Val Acc: 0.4107
2025-06-22 05:08:06,659 [INFO] Epoch 112 | Train Loss: 1.3638 | Val Loss: 1.4636 | Val Acc: 0.3036
2025-06-22 05:08:06,679 [INFO] Epoch 113 | Train Loss: 1.2841 | Val Loss: 1.4292 | Val Acc: 0.4643
2025-06-22 05:08:06,702 [INFO] Epoch 114 | Train Loss: 1.3165 | Val Loss: 1.4767 | Val Acc: 0.3571
2025-06-22 05:08:06,722 [INFO] Epoch 115 | Train Loss: 1.3046 | Val Loss: 1.4801 | Val Acc: 0.3036
2025-06-22 05:08:06,737 [INFO] Epoch 116 | Train Loss: 1.3353 | Val Loss: 1.4344 | Val Acc: 0.4107
2025-06-22 05:08:06,751 [INFO] Epoch 117 | Train Loss: 1.3138 | Val Loss: 1.4339 | Val Acc: 0.3393
2025-06-22 05:08:06,767 [INFO] Epoch 118 | Train Loss: 1.2240 | Val Loss: 1.4790 | Val Acc: 0.3750
2025-06-22 05:08:06,782 [INFO] Epoch 119 | Train Loss: 1.3531 | Val Loss: 1.4452 | Val Acc: 0.3750
2025-06-22 05:08:06,798 [INFO] Epoch 120 | Train Loss: 1.4180 | Val Loss: 1.3889 | Val Acc: 0.4107
2025-06-22 05:08:07,434 [INFO] Epoch 121 | Train Loss: 1.3014 | Val Loss: 1.3556 | Val Acc: 0.4107
2025-06-22 05:08:07,468 [INFO] Epoch 122 | Train Loss: 1.3137 | Val Loss: 1.3716 | Val Acc: 0.3571
2025-06-22 05:08:07,486 [INFO] Epoch 123 | Train Loss: 1.3248 | Val Loss: 1.4249 | Val Acc: 0.3036
2025-06-22 05:08:07,509 [INFO] Epoch 124 | Train Loss: 1.3284 | Val Loss: 1.5026 | Val Acc: 0.3571
2025-06-22 05:08:07,526 [INFO] Epoch 125 | Train Loss: 1.4182 | Val Loss: 1.5302 | Val Acc: 0.3214
2025-06-22 05:08:07,665 [INFO] Epoch 126 | Train Loss: 1.3985 | Val Loss: 1.4540 | Val Acc: 0.4107
2025-06-22 05:08:07,715 [INFO] Epoch 127 | Train Loss: 1.2815 | Val Loss: 1.3929 | Val Acc: 0.3929
2025-06-22 05:08:07,741 [INFO] Epoch 128 | Train Loss: 1.2893 | Val Loss: 1.3733 | Val Acc: 0.4286
2025-06-22 05:08:07,757 [INFO] Epoch 129 | Train Loss: 1.3022 | Val Loss: 1.3428 | Val Acc: 0.4643
2025-06-22 05:08:07,772 [INFO] Epoch 130 | Train Loss: 1.3526 | Val Loss: 1.4174 | Val Acc: 0.3750
2025-06-22 05:08:08,400 [INFO] Epoch 131 | Train Loss: 1.3740 | Val Loss: 1.3918 | Val Acc: 0.3214
2025-06-22 05:08:08,420 [INFO] Epoch 132 | Train Loss: 1.3118 | Val Loss: 1.4766 | Val Acc: 0.2857
2025-06-22 05:08:08,440 [INFO] Epoch 133 | Train Loss: 1.4143 | Val Loss: 1.4590 | Val Acc: 0.3929
2025-06-22 05:08:08,467 [INFO] Epoch 134 | Train Loss: 1.4138 | Val Loss: 1.4381 | Val Acc: 0.4107
2025-06-22 05:08:08,493 [INFO] Epoch 135 | Train Loss: 1.3126 | Val Loss: 1.3558 | Val Acc: 0.3929
2025-06-22 05:08:08,511 [INFO] Epoch 136 | Train Loss: 1.2953 | Val Loss: 1.3844 | Val Acc: 0.3036
2025-06-22 05:08:08,526 [INFO] Epoch 137 | Train Loss: 1.4191 | Val Loss: 1.3989 | Val Acc: 0.3929
2025-06-22 05:08:08,541 [INFO] Epoch 138 | Train Loss: 1.3772 | Val Loss: 1.4211 | Val Acc: 0.3571
2025-06-22 05:08:08,556 [INFO] Epoch 139 | Train Loss: 1.3163 | Val Loss: 1.5667 | Val Acc: 0.2857
2025-06-22 05:08:08,571 [INFO] Epoch 140 | Train Loss: 1.3665 | Val Loss: 1.4224 | Val Acc: 0.3929
2025-06-22 05:08:10,612 [INFO] Epoch 141 | Train Loss: 1.3354 | Val Loss: 1.5171 | Val Acc: 0.3393
2025-06-22 05:08:10,651 [INFO] Epoch 142 | Train Loss: 1.3448 | Val Loss: 1.4925 | Val Acc: 0.3750
2025-06-22 05:08:10,693 [INFO] Epoch 143 | Train Loss: 1.3479 | Val Loss: 1.4455 | Val Acc: 0.3036
2025-06-22 05:08:10,721 [INFO] Epoch 144 | Train Loss: 1.3650 | Val Loss: 1.3768 | Val Acc: 0.3929
2025-06-22 05:08:10,737 [INFO] Epoch 145 | Train Loss: 1.3072 | Val Loss: 1.3023 | Val Acc: 0.3393
2025-06-22 05:08:10,752 [INFO] Epoch 146 | Train Loss: 1.3312 | Val Loss: 1.4559 | Val Acc: 0.3036
2025-06-22 05:08:10,769 [INFO] Epoch 147 | Train Loss: 1.3279 | Val Loss: 1.3178 | Val Acc: 0.4107
2025-06-22 05:08:10,790 [INFO] Epoch 148 | Train Loss: 1.2788 | Val Loss: 1.6054 | Val Acc: 0.3393
2025-06-22 05:08:10,808 [INFO] Epoch 149 | Train Loss: 1.4619 | Val Loss: 1.5519 | Val Acc: 0.3571
2025-06-22 05:08:10,832 [INFO] Epoch 150 | Train Loss: 1.4516 | Val Loss: 1.4708 | Val Acc: 0.2679
2025-06-22 05:08:11,481 [INFO] Epoch 151 | Train Loss: 1.2684 | Val Loss: 1.3827 | Val Acc: 0.4464
2025-06-22 05:08:11,495 [INFO] Epoch 152 | Train Loss: 1.2831 | Val Loss: 1.3233 | Val Acc: 0.4107
2025-06-22 05:08:11,512 [INFO] Epoch 153 | Train Loss: 1.2879 | Val Loss: 1.3687 | Val Acc: 0.3571
2025-06-22 05:08:11,531 [INFO] Epoch 154 | Train Loss: 1.2838 | Val Loss: 1.3606 | Val Acc: 0.3929
2025-06-22 05:08:11,556 [INFO] Epoch 155 | Train Loss: 1.2608 | Val Loss: 1.2581 | Val Acc: 0.5000
2025-06-22 05:08:11,571 [INFO] Epoch 156 | Train Loss: 1.2477 | Val Loss: 1.3645 | Val Acc: 0.3929
2025-06-22 05:08:11,586 [INFO] Epoch 157 | Train Loss: 1.3339 | Val Loss: 1.4351 | Val Acc: 0.3214
2025-06-22 05:08:11,600 [INFO] Epoch 158 | Train Loss: 1.2882 | Val Loss: 1.3582 | Val Acc: 0.4464
2025-06-22 05:08:11,616 [INFO] Epoch 159 | Train Loss: 1.3673 | Val Loss: 1.4867 | Val Acc: 0.3036
2025-06-22 05:08:11,644 [INFO] Epoch 160 | Train Loss: 1.2251 | Val Loss: 1.4778 | Val Acc: 0.3750
2025-06-22 05:08:12,516 [INFO] Epoch 161 | Train Loss: 1.3583 | Val Loss: 1.4848 | Val Acc: 0.3214
2025-06-22 05:08:12,531 [INFO] Epoch 162 | Train Loss: 1.4500 | Val Loss: 1.4763 | Val Acc: 0.3571
2025-06-22 05:08:12,545 [INFO] Epoch 163 | Train Loss: 1.3516 | Val Loss: 1.4181 | Val Acc: 0.3214
2025-06-22 05:08:12,560 [INFO] Epoch 164 | Train Loss: 1.2960 | Val Loss: 1.4547 | Val Acc: 0.2857
2025-06-22 05:08:12,585 [INFO] Epoch 165 | Train Loss: 1.3182 | Val Loss: 1.4223 | Val Acc: 0.3036
2025-06-22 05:08:12,607 [INFO] Epoch 166 | Train Loss: 1.2909 | Val Loss: 1.4549 | Val Acc: 0.3036
2025-06-22 05:08:12,626 [INFO] Epoch 167 | Train Loss: 1.2902 | Val Loss: 1.3246 | Val Acc: 0.4464
2025-06-22 05:08:12,641 [INFO] Epoch 168 | Train Loss: 1.3445 | Val Loss: 1.3534 | Val Acc: 0.3393
2025-06-22 05:08:12,654 [INFO] Epoch 169 | Train Loss: 1.3456 | Val Loss: 1.4158 | Val Acc: 0.2857
2025-06-22 05:08:12,668 [INFO] Epoch 170 | Train Loss: 1.3216 | Val Loss: 1.5356 | Val Acc: 0.3036
2025-06-22 05:08:13,329 [INFO] Epoch 171 | Train Loss: 1.2901 | Val Loss: 1.4055 | Val Acc: 0.3571
2025-06-22 05:08:13,345 [INFO] Epoch 172 | Train Loss: 1.2165 | Val Loss: 1.3570 | Val Acc: 0.3393
2025-06-22 05:08:13,360 [INFO] Epoch 173 | Train Loss: 1.1996 | Val Loss: 1.3312 | Val Acc: 0.3929
2025-06-22 05:08:13,375 [INFO] Epoch 174 | Train Loss: 1.2807 | Val Loss: 1.3699 | Val Acc: 0.2857
2025-06-22 05:08:13,390 [INFO] Epoch 175 | Train Loss: 1.2533 | Val Loss: 1.3345 | Val Acc: 0.4286
2025-06-22 05:08:13,411 [INFO] Epoch 176 | Train Loss: 1.2877 | Val Loss: 1.2994 | Val Acc: 0.4643
2025-06-22 05:08:13,425 [INFO] Epoch 177 | Train Loss: 1.3087 | Val Loss: 1.3196 | Val Acc: 0.3929
2025-06-22 05:08:13,440 [INFO] Epoch 178 | Train Loss: 1.2642 | Val Loss: 1.4068 | Val Acc: 0.3036
2025-06-22 05:08:13,454 [INFO] Epoch 179 | Train Loss: 1.2967 | Val Loss: 1.4129 | Val Acc: 0.3393
2025-06-22 05:08:13,468 [INFO] Epoch 180 | Train Loss: 1.2885 | Val Loss: 1.2886 | Val Acc: 0.3214
2025-06-22 05:08:14,103 [INFO] Epoch 181 | Train Loss: 1.2719 | Val Loss: 1.3589 | Val Acc: 0.3393
2025-06-22 05:08:14,118 [INFO] Epoch 182 | Train Loss: 1.3434 | Val Loss: 1.3889 | Val Acc: 0.4107
2025-06-22 05:08:14,133 [INFO] Epoch 183 | Train Loss: 1.2800 | Val Loss: 1.3536 | Val Acc: 0.3571
2025-06-22 05:08:14,146 [INFO] Epoch 184 | Train Loss: 1.2483 | Val Loss: 1.3660 | Val Acc: 0.3571
2025-06-22 05:08:14,160 [INFO] Epoch 185 | Train Loss: 1.2392 | Val Loss: 1.3087 | Val Acc: 0.4821
2025-06-22 05:08:14,181 [INFO] Epoch 186 | Train Loss: 1.1830 | Val Loss: 1.3426 | Val Acc: 0.3750
2025-06-22 05:08:14,205 [INFO] Epoch 187 | Train Loss: 1.2355 | Val Loss: 1.3540 | Val Acc: 0.3214
2025-06-22 05:08:14,232 [INFO] Epoch 188 | Train Loss: 1.2641 | Val Loss: 1.3922 | Val Acc: 0.3393
2025-06-22 05:08:14,288 [INFO] Epoch 189 | Train Loss: 1.2456 | Val Loss: 1.3605 | Val Acc: 0.4464
2025-06-22 05:08:14,311 [INFO] Epoch 190 | Train Loss: 1.2343 | Val Loss: 1.3871 | Val Acc: 0.3393
2025-06-22 05:08:14,945 [INFO] Epoch 191 | Train Loss: 1.2675 | Val Loss: 1.3856 | Val Acc: 0.4643
2025-06-22 05:08:14,959 [INFO] Epoch 192 | Train Loss: 1.3084 | Val Loss: 1.3851 | Val Acc: 0.3036
2025-06-22 05:08:14,973 [INFO] Epoch 193 | Train Loss: 1.3540 | Val Loss: 1.4276 | Val Acc: 0.4286
2025-06-22 05:08:14,987 [INFO] Epoch 194 | Train Loss: 1.1590 | Val Loss: 1.4249 | Val Acc: 0.2679
2025-06-22 05:08:14,989 [INFO] Early stopping at epoch 194 (no improvement in 150 epochs).
2025-06-22 05:08:14,992 [INFO] Best model saved to <built-in function time>/ENZYMES/best/best_source_gin.pth (Val Acc: 0.5000 at epoch 44)
2025-06-22 05:08:14,993 [INFO] Training/validation metrics saved to <built-in function time>/ENZYMES/GIN_0.001/train_metrics.csv
2025-06-22 05:08:17,502 [INFO] Final training curves saved
2025-06-22 05:08:17,502 [INFO] Training completed!
2025-06-22 05:08:17,502 [INFO] Best validation accuracy: 0.5000
2025-06-22 05:08:17,502 [INFO] Best epoch: 44
2025-06-22 05:08:17,502 [INFO] Total epochs trained: 194
2025-06-22 05:08:17,505 [INFO] Starting training with parameters: (0.001, 0.3, 256, 1, 300, 0.001)
