2025-06-20 10:10:39,386 [INFO] Using device: cpu
2025-06-20 10:10:39,386 [INFO] 开始创建数据加载器...
2025-06-20 10:10:39,387 [INFO] Successfully loaded dataset ENZYMES from ./data, total graphs: 600
2025-06-20 10:10:39,387 [INFO] Class allocation analysis:
2025-06-20 10:10:39,387 [INFO]   Source classes: [0, 1, 2, 3]
2025-06-20 10:10:39,387 [INFO]   Target classes: [0, 1, 2, 3, 4, 5]
2025-06-20 10:10:39,387 [INFO]   Overlap classes (to be split): [0, 1, 2, 3]
2025-06-20 10:10:39,387 [INFO]   Target novel classes (unknown): [4, 5]
2025-06-20 10:10:39,401 [INFO]   Class 0: 100 total -> Source: 70, Target: 30
2025-06-20 10:10:39,401 [INFO]   Class 1: 100 total -> Source: 70, Target: 30
2025-06-20 10:10:39,402 [INFO]   Class 2: 100 total -> Source: 70, Target: 30
2025-06-20 10:10:39,402 [INFO]   Class 3: 100 total -> Source: 70, Target: 30
2025-06-20 10:10:39,402 [INFO]   Class 4 (novel/unknown): 100 samples -> Target
2025-06-20 10:10:39,402 [INFO]   Class 5 (novel/unknown): 100 samples -> Target
2025-06-20 10:10:39,402 [INFO] Final allocation:
2025-06-20 10:10:39,402 [INFO]   Source domain: 280 samples
2025-06-20 10:10:39,402 [INFO]   Target domain: 320 samples
2025-06-20 10:10:39,403 [INFO] Source domain setup:
2025-06-20 10:10:39,403 [INFO]   Original classes: [0, 1, 2, 3]
2025-06-20 10:10:39,403 [INFO]   Overlap classes used: [0, 1, 2, 3]
2025-06-20 10:10:39,403 [INFO]   Label mapping: {0: 0, 1: 1, 2: 2, 3: 3}
2025-06-20 10:10:39,403 [INFO]   Total data after allocation: 280
2025-06-20 10:10:39,403 [INFO]   Data split - Train: 224, Val: 56
2025-06-20 10:10:39,403 [INFO]   Train label distribution: {0: 56, 1: 56, 3: 56, 2: 56}
2025-06-20 10:10:39,403 [INFO]   Val label distribution: {1: 14, 2: 14, 0: 14, 3: 14}
2025-06-20 10:10:39,405 [INFO] Successfully loaded dataset ENZYMES from ./data, total graphs: 600
2025-06-20 10:10:39,405 [INFO] Class allocation analysis:
2025-06-20 10:10:39,405 [INFO]   Source classes: [0, 1, 2, 3]
2025-06-20 10:10:39,405 [INFO]   Target classes: [0, 1, 2, 3, 4, 5]
2025-06-20 10:10:39,405 [INFO]   Overlap classes (to be split): [0, 1, 2, 3]
2025-06-20 10:10:39,405 [INFO]   Target novel classes (unknown): [4, 5]
2025-06-20 10:10:39,418 [INFO]   Class 0: 100 total -> Source: 70, Target: 30
2025-06-20 10:10:39,418 [INFO]   Class 1: 100 total -> Source: 70, Target: 30
2025-06-20 10:10:39,419 [INFO]   Class 2: 100 total -> Source: 70, Target: 30
2025-06-20 10:10:39,419 [INFO]   Class 3: 100 total -> Source: 70, Target: 30
2025-06-20 10:10:39,419 [INFO]   Class 4 (novel/unknown): 100 samples -> Target
2025-06-20 10:10:39,419 [INFO]   Class 5 (novel/unknown): 100 samples -> Target
2025-06-20 10:10:39,419 [INFO] Final allocation:
2025-06-20 10:10:39,419 [INFO]   Source domain: 280 samples
2025-06-20 10:10:39,419 [INFO]   Target domain: 320 samples
2025-06-20 10:10:39,420 [INFO] Target domain setup:
2025-06-20 10:10:39,420 [INFO]   Original classes: [0, 1, 2, 3, 4, 5]
2025-06-20 10:10:39,420 [INFO]   Overlap classes: [0, 1, 2, 3]
2025-06-20 10:10:39,420 [INFO]   Novel classes: [4, 5] -> mapped to unknown label 4
2025-06-20 10:10:39,420 [INFO]   Label mapping: {0: 0, 1: 1, 2: 2, 3: 3, 4: 4, 5: 4}
2025-06-20 10:10:39,420 [INFO]   Total data after allocation: 320
2025-06-20 10:10:39,420 [INFO]   Data split - Train: 256, Val: 64
2025-06-20 10:10:39,420 [INFO]   Total count: 320 (known: 120, unknown: 200)
2025-06-20 10:10:39,420 [INFO]   Total label distribution: {4: 200, 3: 30, 0: 30, 1: 30, 2: 30}
2025-06-20 10:10:39,420 [INFO]   Train label distribution: {4: 160, 0: 24, 2: 24, 3: 24, 1: 24}
2025-06-20 10:10:39,420 [INFO]   Val label distribution: {1: 6, 4: 40, 3: 6, 0: 6, 2: 6}
2025-06-20 10:10:39,421 [INFO] 数据加载器创建完成!
2025-06-20 10:10:39,421 [INFO] 源域类别数: 4 (重叠类别)
2025-06-20 10:10:39,421 [INFO] 目标域类别数: 5 (4个重叠类别 + 1个未知类别)
2025-06-20 10:10:39,421 [INFO] 重叠类别: [0, 1, 2, 3]
2025-06-20 10:10:39,421 [INFO] 目标域新类别: [4, 5]
2025-06-20 10:10:39,421 [INFO] Data allocation verification:
2025-06-20 10:10:39,421 [INFO]   Source data samples: 280
2025-06-20 10:10:39,421 [INFO]   Target data samples: 320
2025-06-20 10:10:39,421 [INFO]   Overlapping samples: 0
2025-06-20 10:10:39,421 [INFO]   ✓ Data allocation is correct - no overlapping samples
2025-06-20 10:10:39,422 [INFO] Model initialized with 1444 parameters
2025-06-20 10:10:39,422 [INFO] Starting training...
2025-06-20 10:10:39,434 [INFO] Epoch 001 | Train Loss: 11.1353 | Val Loss: 7.4305 | Val Acc: 0.2500
2025-06-20 10:10:39,510 [INFO] New best model at epoch 1 (Val Acc: 0.2500)
2025-06-20 10:10:39,520 [INFO] Epoch 002 | Train Loss: 10.1230 | Val Loss: 5.7715 | Val Acc: 0.2679
2025-06-20 10:10:39,522 [INFO] New best model at epoch 2 (Val Acc: 0.2679)
2025-06-20 10:10:39,531 [INFO] Epoch 003 | Train Loss: 9.5299 | Val Loss: 5.4069 | Val Acc: 0.2321
2025-06-20 10:10:39,541 [INFO] Epoch 004 | Train Loss: 9.1958 | Val Loss: 5.3339 | Val Acc: 0.2500
2025-06-20 10:10:39,550 [INFO] Epoch 005 | Train Loss: 8.6782 | Val Loss: 5.4418 | Val Acc: 0.2679
2025-06-20 10:10:39,560 [INFO] Epoch 006 | Train Loss: 7.8304 | Val Loss: 5.6302 | Val Acc: 0.2500
2025-06-20 10:10:39,570 [INFO] Epoch 007 | Train Loss: 8.4560 | Val Loss: 5.8351 | Val Acc: 0.2500
2025-06-20 10:10:39,580 [INFO] Epoch 008 | Train Loss: 7.1421 | Val Loss: 5.9371 | Val Acc: 0.2679
2025-06-20 10:10:39,590 [INFO] Epoch 009 | Train Loss: 6.5770 | Val Loss: 6.0047 | Val Acc: 0.2857
2025-06-20 10:10:39,591 [INFO] New best model at epoch 9 (Val Acc: 0.2857)
2025-06-20 10:10:39,601 [INFO] Epoch 010 | Train Loss: 6.8302 | Val Loss: 5.9842 | Val Acc: 0.2857
2025-06-20 10:10:39,695 [INFO] Epoch 011 | Train Loss: 6.1318 | Val Loss: 5.8079 | Val Acc: 0.2679
2025-06-20 10:10:39,720 [INFO] Epoch 012 | Train Loss: 5.3872 | Val Loss: 5.6672 | Val Acc: 0.2679
2025-06-20 10:10:39,730 [INFO] Epoch 013 | Train Loss: 5.3318 | Val Loss: 5.4646 | Val Acc: 0.2857
2025-06-20 10:10:39,741 [INFO] Epoch 014 | Train Loss: 5.5250 | Val Loss: 5.2015 | Val Acc: 0.2857
2025-06-20 10:10:39,753 [INFO] Epoch 015 | Train Loss: 4.5393 | Val Loss: 4.9634 | Val Acc: 0.3036
2025-06-20 10:10:39,755 [INFO] New best model at epoch 15 (Val Acc: 0.3036)
2025-06-20 10:10:39,764 [INFO] Epoch 016 | Train Loss: 4.4415 | Val Loss: 4.7410 | Val Acc: 0.2679
2025-06-20 10:10:39,775 [INFO] Epoch 017 | Train Loss: 4.3245 | Val Loss: 4.5414 | Val Acc: 0.2679
2025-06-20 10:10:39,786 [INFO] Epoch 018 | Train Loss: 4.3098 | Val Loss: 4.2920 | Val Acc: 0.2500
2025-06-20 10:10:39,798 [INFO] Epoch 019 | Train Loss: 3.9758 | Val Loss: 4.0737 | Val Acc: 0.2500
2025-06-20 10:10:39,809 [INFO] Epoch 020 | Train Loss: 3.9460 | Val Loss: 3.8599 | Val Acc: 0.2500
2025-06-20 10:10:39,907 [INFO] Epoch 021 | Train Loss: 4.1641 | Val Loss: 3.7224 | Val Acc: 0.2321
2025-06-20 10:10:39,919 [INFO] Epoch 022 | Train Loss: 3.5144 | Val Loss: 3.5370 | Val Acc: 0.2321
2025-06-20 10:10:39,930 [INFO] Epoch 023 | Train Loss: 3.3217 | Val Loss: 3.4085 | Val Acc: 0.2500
2025-06-20 10:10:39,940 [INFO] Epoch 024 | Train Loss: 3.5423 | Val Loss: 3.2658 | Val Acc: 0.2321
2025-06-20 10:10:39,951 [INFO] Epoch 025 | Train Loss: 3.1825 | Val Loss: 3.1326 | Val Acc: 0.2500
2025-06-20 10:10:39,961 [INFO] Epoch 026 | Train Loss: 2.9600 | Val Loss: 3.0102 | Val Acc: 0.2500
2025-06-20 10:10:39,971 [INFO] Epoch 027 | Train Loss: 2.8357 | Val Loss: 2.8582 | Val Acc: 0.2500
2025-06-20 10:10:39,981 [INFO] Epoch 028 | Train Loss: 2.7382 | Val Loss: 2.7454 | Val Acc: 0.2321
2025-06-20 10:10:39,992 [INFO] Epoch 029 | Train Loss: 2.7552 | Val Loss: 2.6537 | Val Acc: 0.2500
2025-06-20 10:10:40,001 [INFO] Epoch 030 | Train Loss: 3.1375 | Val Loss: 2.6227 | Val Acc: 0.2500
2025-06-20 10:10:40,152 [INFO] Epoch 031 | Train Loss: 2.7839 | Val Loss: 2.5043 | Val Acc: 0.2679
2025-06-20 10:10:40,163 [INFO] Epoch 032 | Train Loss: 2.5853 | Val Loss: 2.4096 | Val Acc: 0.3036
2025-06-20 10:10:40,174 [INFO] Epoch 033 | Train Loss: 2.4314 | Val Loss: 2.3742 | Val Acc: 0.3214
2025-06-20 10:10:40,176 [INFO] New best model at epoch 33 (Val Acc: 0.3214)
2025-06-20 10:10:40,186 [INFO] Epoch 034 | Train Loss: 2.5902 | Val Loss: 2.3400 | Val Acc: 0.3214
2025-06-20 10:10:40,196 [INFO] Epoch 035 | Train Loss: 2.4819 | Val Loss: 2.3040 | Val Acc: 0.3036
2025-06-20 10:10:40,206 [INFO] Epoch 036 | Train Loss: 2.1959 | Val Loss: 2.2699 | Val Acc: 0.3036
2025-06-20 10:10:40,217 [INFO] Epoch 037 | Train Loss: 2.4265 | Val Loss: 2.2612 | Val Acc: 0.3036
2025-06-20 10:10:40,228 [INFO] Epoch 038 | Train Loss: 2.0457 | Val Loss: 2.1865 | Val Acc: 0.3214
2025-06-20 10:10:40,238 [INFO] Epoch 039 | Train Loss: 2.4470 | Val Loss: 2.1796 | Val Acc: 0.3214
2025-06-20 10:10:40,249 [INFO] Epoch 040 | Train Loss: 2.1283 | Val Loss: 2.1397 | Val Acc: 0.3393
2025-06-20 10:10:40,336 [INFO] New best model at epoch 40 (Val Acc: 0.3393)
2025-06-20 10:10:40,346 [INFO] Epoch 041 | Train Loss: 2.0290 | Val Loss: 2.1184 | Val Acc: 0.3036
2025-06-20 10:10:40,357 [INFO] Epoch 042 | Train Loss: 2.2399 | Val Loss: 2.1006 | Val Acc: 0.3036
2025-06-20 10:10:40,367 [INFO] Epoch 043 | Train Loss: 2.0683 | Val Loss: 2.0951 | Val Acc: 0.3036
2025-06-20 10:10:40,377 [INFO] Epoch 044 | Train Loss: 2.1213 | Val Loss: 2.0673 | Val Acc: 0.3214
2025-06-20 10:10:40,387 [INFO] Epoch 045 | Train Loss: 2.1179 | Val Loss: 2.0391 | Val Acc: 0.3214
2025-06-20 10:10:40,398 [INFO] Epoch 046 | Train Loss: 2.0364 | Val Loss: 2.0132 | Val Acc: 0.3571
2025-06-20 10:10:40,399 [INFO] New best model at epoch 46 (Val Acc: 0.3571)
2025-06-20 10:10:40,410 [INFO] Epoch 047 | Train Loss: 2.1123 | Val Loss: 1.9847 | Val Acc: 0.3393
2025-06-20 10:10:40,420 [INFO] Epoch 048 | Train Loss: 1.9762 | Val Loss: 1.9525 | Val Acc: 0.3393
2025-06-20 10:10:40,431 [INFO] Epoch 049 | Train Loss: 1.8667 | Val Loss: 1.9282 | Val Acc: 0.3214
2025-06-20 10:10:40,442 [INFO] Epoch 050 | Train Loss: 1.9731 | Val Loss: 1.9135 | Val Acc: 0.3214
2025-06-20 10:10:40,536 [INFO] Epoch 051 | Train Loss: 1.9819 | Val Loss: 1.9098 | Val Acc: 0.2857
2025-06-20 10:10:40,549 [INFO] Epoch 052 | Train Loss: 1.7968 | Val Loss: 1.9294 | Val Acc: 0.2500
2025-06-20 10:10:40,561 [INFO] Epoch 053 | Train Loss: 1.8923 | Val Loss: 1.9159 | Val Acc: 0.2679
2025-06-20 10:10:40,572 [INFO] Epoch 054 | Train Loss: 1.8780 | Val Loss: 1.8691 | Val Acc: 0.3214
2025-06-20 10:10:40,583 [INFO] Epoch 055 | Train Loss: 1.7094 | Val Loss: 1.8428 | Val Acc: 0.3214
2025-06-20 10:10:40,593 [INFO] Epoch 056 | Train Loss: 1.8267 | Val Loss: 1.8272 | Val Acc: 0.2857
2025-06-20 10:10:40,605 [INFO] Epoch 057 | Train Loss: 1.7046 | Val Loss: 1.8135 | Val Acc: 0.2500
2025-06-20 10:10:40,620 [INFO] Epoch 058 | Train Loss: 1.7796 | Val Loss: 1.7972 | Val Acc: 0.2679
2025-06-20 10:10:40,633 [INFO] Epoch 059 | Train Loss: 1.7878 | Val Loss: 1.7796 | Val Acc: 0.2857
2025-06-20 10:10:40,643 [INFO] Epoch 060 | Train Loss: 1.6400 | Val Loss: 1.7679 | Val Acc: 0.3036
2025-06-20 10:10:40,737 [INFO] Epoch 061 | Train Loss: 1.7680 | Val Loss: 1.7436 | Val Acc: 0.3214
2025-06-20 10:10:40,749 [INFO] Epoch 062 | Train Loss: 1.7849 | Val Loss: 1.7349 | Val Acc: 0.3036
2025-06-20 10:10:40,761 [INFO] Epoch 063 | Train Loss: 1.6186 | Val Loss: 1.7304 | Val Acc: 0.2679
2025-06-20 10:10:40,772 [INFO] Epoch 064 | Train Loss: 1.9202 | Val Loss: 1.7123 | Val Acc: 0.2857
2025-06-20 10:10:40,783 [INFO] Epoch 065 | Train Loss: 1.6327 | Val Loss: 1.6854 | Val Acc: 0.3036
2025-06-20 10:10:40,795 [INFO] Epoch 066 | Train Loss: 1.6053 | Val Loss: 1.6775 | Val Acc: 0.2679
2025-06-20 10:10:40,806 [INFO] Epoch 067 | Train Loss: 1.5694 | Val Loss: 1.6561 | Val Acc: 0.2679
2025-06-20 10:10:40,817 [INFO] Epoch 068 | Train Loss: 1.6240 | Val Loss: 1.6327 | Val Acc: 0.2679
2025-06-20 10:10:40,828 [INFO] Epoch 069 | Train Loss: 1.5571 | Val Loss: 1.6217 | Val Acc: 0.2857
2025-06-20 10:10:40,838 [INFO] Epoch 070 | Train Loss: 1.6395 | Val Loss: 1.6167 | Val Acc: 0.3036
2025-06-20 10:10:40,929 [INFO] Epoch 071 | Train Loss: 1.8518 | Val Loss: 1.6117 | Val Acc: 0.2857
2025-06-20 10:10:40,939 [INFO] Epoch 072 | Train Loss: 1.7064 | Val Loss: 1.6104 | Val Acc: 0.2857
2025-06-20 10:10:40,950 [INFO] Epoch 073 | Train Loss: 1.6589 | Val Loss: 1.5918 | Val Acc: 0.3036
2025-06-20 10:10:40,961 [INFO] Epoch 074 | Train Loss: 1.6385 | Val Loss: 1.5605 | Val Acc: 0.3393
2025-06-20 10:10:40,971 [INFO] Epoch 075 | Train Loss: 1.5183 | Val Loss: 1.5505 | Val Acc: 0.3393
2025-06-20 10:10:40,981 [INFO] Epoch 076 | Train Loss: 1.4954 | Val Loss: 1.5415 | Val Acc: 0.3571
2025-06-20 10:10:40,992 [INFO] Epoch 077 | Train Loss: 1.5668 | Val Loss: 1.5194 | Val Acc: 0.3571
2025-06-20 10:10:41,003 [INFO] Epoch 078 | Train Loss: 1.4657 | Val Loss: 1.5365 | Val Acc: 0.3214
2025-06-20 10:10:41,013 [INFO] Epoch 079 | Train Loss: 1.5900 | Val Loss: 1.5103 | Val Acc: 0.2857
2025-06-20 10:10:41,023 [INFO] Epoch 080 | Train Loss: 1.5436 | Val Loss: 1.5090 | Val Acc: 0.2857
2025-06-20 10:10:41,117 [INFO] Epoch 081 | Train Loss: 1.4706 | Val Loss: 1.4907 | Val Acc: 0.3214
2025-06-20 10:10:41,129 [INFO] Epoch 082 | Train Loss: 1.5034 | Val Loss: 1.5031 | Val Acc: 0.3214
2025-06-20 10:10:41,141 [INFO] Epoch 083 | Train Loss: 1.6322 | Val Loss: 1.4968 | Val Acc: 0.3036
2025-06-20 10:10:41,155 [INFO] Epoch 084 | Train Loss: 1.4256 | Val Loss: 1.4835 | Val Acc: 0.3036
2025-06-20 10:10:41,168 [INFO] Epoch 085 | Train Loss: 1.4703 | Val Loss: 1.4623 | Val Acc: 0.3214
2025-06-20 10:10:41,180 [INFO] Epoch 086 | Train Loss: 1.3931 | Val Loss: 1.4645 | Val Acc: 0.2857
2025-06-20 10:10:41,192 [INFO] Epoch 087 | Train Loss: 1.3747 | Val Loss: 1.4685 | Val Acc: 0.2857
2025-06-20 10:10:41,202 [INFO] Epoch 088 | Train Loss: 1.4113 | Val Loss: 1.4439 | Val Acc: 0.2857
2025-06-20 10:10:41,216 [INFO] Epoch 089 | Train Loss: 1.4778 | Val Loss: 1.4422 | Val Acc: 0.3036
2025-06-20 10:10:41,228 [INFO] Epoch 090 | Train Loss: 1.3412 | Val Loss: 1.4384 | Val Acc: 0.3036
2025-06-20 10:10:41,321 [INFO] Epoch 091 | Train Loss: 1.4885 | Val Loss: 1.4340 | Val Acc: 0.3036
2025-06-20 10:10:41,332 [INFO] Epoch 092 | Train Loss: 1.3242 | Val Loss: 1.4280 | Val Acc: 0.3036
2025-06-20 10:10:41,343 [INFO] Epoch 093 | Train Loss: 1.2754 | Val Loss: 1.4269 | Val Acc: 0.3036
2025-06-20 10:10:41,356 [INFO] Epoch 094 | Train Loss: 1.3651 | Val Loss: 1.4110 | Val Acc: 0.3214
2025-06-20 10:10:41,367 [INFO] Epoch 095 | Train Loss: 1.4007 | Val Loss: 1.4284 | Val Acc: 0.2857
2025-06-20 10:10:41,381 [INFO] Epoch 096 | Train Loss: 1.4078 | Val Loss: 1.4354 | Val Acc: 0.3036
2025-06-20 10:10:41,393 [INFO] Epoch 097 | Train Loss: 1.4107 | Val Loss: 1.4249 | Val Acc: 0.3214
2025-06-20 10:10:41,404 [INFO] Epoch 098 | Train Loss: 1.3375 | Val Loss: 1.4163 | Val Acc: 0.3214
2025-06-20 10:10:41,414 [INFO] Epoch 099 | Train Loss: 1.3549 | Val Loss: 1.4157 | Val Acc: 0.3393
2025-06-20 10:10:41,427 [INFO] Epoch 100 | Train Loss: 1.5464 | Val Loss: 1.4272 | Val Acc: 0.3750
2025-06-20 10:10:41,508 [INFO] New best model at epoch 100 (Val Acc: 0.3750)
2025-06-20 10:10:41,509 [INFO] Best model saved to ./checkpoints/ENZYMES/GIN_0.0001/ENZYMES/GIN_0.0001/ENZYMES/GIN_0.0001/ENZYMES/best/best_source_gin.pth (Val Acc: 0.3750 at epoch 100)
2025-06-20 10:10:41,509 [INFO] Updated record.txt with new best validation accuracy: 0.3750
2025-06-20 10:10:41,510 [INFO] Training/validation metrics saved to ./checkpoints/ENZYMES/GIN_0.0001/ENZYMES/GIN_0.0001/ENZYMES/GIN_0.0001/ENZYMES/GIN_0.0001/train_metrics.csv
2025-06-20 10:10:41,587 [INFO] Final training curves saved
2025-06-20 10:10:41,587 [INFO] Training completed!
2025-06-20 10:10:41,587 [INFO] Best validation accuracy: 0.3750
2025-06-20 10:10:41,587 [INFO] Best epoch: 100
2025-06-20 10:10:41,587 [INFO] Total epochs trained: 100
2025-06-20 10:10:41,588 [INFO] Starting training with parameters: (0.0001, 0.0, 32, 1, 100, 0.0001)
