2025-06-20 18:51:34,671 [INFO] Using device: cpu
2025-06-20 18:51:34,671 [INFO] 开始创建数据加载器...
2025-06-20 18:51:34,673 [INFO] Successfully loaded dataset ENZYMES from ./data, total graphs: 600
2025-06-20 18:51:34,673 [INFO] Class allocation analysis:
2025-06-20 18:51:34,673 [INFO]   Source classes: [0, 1, 2, 3]
2025-06-20 18:51:34,673 [INFO]   Target classes: [0, 1, 2, 3, 4, 5]
2025-06-20 18:51:34,673 [INFO]   Overlap classes (to be split): [0, 1, 2, 3]
2025-06-20 18:51:34,673 [INFO]   Target novel classes (unknown): [4, 5]
2025-06-20 18:51:34,692 [INFO]   Class 0: 100 total -> Source: 70, Target: 30
2025-06-20 18:51:34,692 [INFO]   Class 1: 100 total -> Source: 70, Target: 30
2025-06-20 18:51:34,693 [INFO]   Class 2: 100 total -> Source: 70, Target: 30
2025-06-20 18:51:34,693 [INFO]   Class 3: 100 total -> Source: 70, Target: 30
2025-06-20 18:51:34,693 [INFO]   Class 4 (novel/unknown): 100 samples -> Target
2025-06-20 18:51:34,693 [INFO]   Class 5 (novel/unknown): 100 samples -> Target
2025-06-20 18:51:34,693 [INFO] Final allocation:
2025-06-20 18:51:34,693 [INFO]   Source domain: 280 samples
2025-06-20 18:51:34,693 [INFO]   Target domain: 320 samples
2025-06-20 18:51:34,695 [INFO] Source domain setup:
2025-06-20 18:51:34,695 [INFO]   Original classes: [0, 1, 2, 3]
2025-06-20 18:51:34,695 [INFO]   Overlap classes used: [0, 1, 2, 3]
2025-06-20 18:51:34,695 [INFO]   Label mapping: {0: 0, 1: 1, 2: 2, 3: 3}
2025-06-20 18:51:34,695 [INFO]   Total data after allocation: 280
2025-06-20 18:51:34,695 [INFO]   Data split - Train: 224, Val: 56
2025-06-20 18:51:34,695 [INFO]   Train label distribution: {0: 56, 1: 56, 3: 56, 2: 56}
2025-06-20 18:51:34,695 [INFO]   Val label distribution: {1: 14, 2: 14, 0: 14, 3: 14}
2025-06-20 18:51:34,697 [INFO] Successfully loaded dataset ENZYMES from ./data, total graphs: 600
2025-06-20 18:51:34,697 [INFO] Class allocation analysis:
2025-06-20 18:51:34,697 [INFO]   Source classes: [0, 1, 2, 3]
2025-06-20 18:51:34,697 [INFO]   Target classes: [0, 1, 2, 3, 4, 5]
2025-06-20 18:51:34,697 [INFO]   Overlap classes (to be split): [0, 1, 2, 3]
2025-06-20 18:51:34,697 [INFO]   Target novel classes (unknown): [4, 5]
2025-06-20 18:51:34,717 [INFO]   Class 0: 100 total -> Source: 70, Target: 30
2025-06-20 18:51:34,717 [INFO]   Class 1: 100 total -> Source: 70, Target: 30
2025-06-20 18:51:34,717 [INFO]   Class 2: 100 total -> Source: 70, Target: 30
2025-06-20 18:51:34,718 [INFO]   Class 3: 100 total -> Source: 70, Target: 30
2025-06-20 18:51:34,718 [INFO]   Class 4 (novel/unknown): 100 samples -> Target
2025-06-20 18:51:34,718 [INFO]   Class 5 (novel/unknown): 100 samples -> Target
2025-06-20 18:51:34,718 [INFO] Final allocation:
2025-06-20 18:51:34,718 [INFO]   Source domain: 280 samples
2025-06-20 18:51:34,718 [INFO]   Target domain: 320 samples
2025-06-20 18:51:34,720 [INFO] Target domain setup:
2025-06-20 18:51:34,720 [INFO]   Original classes: [0, 1, 2, 3, 4, 5]
2025-06-20 18:51:34,720 [INFO]   Overlap classes: [0, 1, 2, 3]
2025-06-20 18:51:34,720 [INFO]   Novel classes: [4, 5] -> mapped to unknown label 4
2025-06-20 18:51:34,720 [INFO]   Label mapping: {0: 0, 1: 1, 2: 2, 3: 3, 4: 4, 5: 4}
2025-06-20 18:51:34,720 [INFO]   Total data after allocation: 320
2025-06-20 18:51:34,720 [INFO]   Data split - Train: 256, Val: 64
2025-06-20 18:51:34,720 [INFO]   Total count: 320 (known: 120, unknown: 200)
2025-06-20 18:51:34,720 [INFO]   Total label distribution: {4: 200, 3: 30, 0: 30, 1: 30, 2: 30}
2025-06-20 18:51:34,720 [INFO]   Train label distribution: {4: 160, 0: 24, 2: 24, 3: 24, 1: 24}
2025-06-20 18:51:34,720 [INFO]   Val label distribution: {1: 6, 4: 40, 3: 6, 0: 6, 2: 6}
2025-06-20 18:51:34,721 [INFO] 数据加载器创建完成!
2025-06-20 18:51:34,721 [INFO] 源域类别数: 4 (重叠类别)
2025-06-20 18:51:34,721 [INFO] 目标域类别数: 5 (4个重叠类别 + 1个未知类别)
2025-06-20 18:51:34,721 [INFO] 重叠类别: [0, 1, 2, 3]
2025-06-20 18:51:34,721 [INFO] 目标域新类别: [4, 5]
2025-06-20 18:51:34,721 [INFO] Data allocation verification:
2025-06-20 18:51:34,721 [INFO]   Source data samples: 280
2025-06-20 18:51:34,721 [INFO]   Target data samples: 320
2025-06-20 18:51:34,721 [INFO]   Overlapping samples: 0
2025-06-20 18:51:34,721 [INFO]   ✓ Data allocation is correct - no overlapping samples
2025-06-20 18:51:34,722 [INFO] Model initialized with 3684 parameters
2025-06-20 18:51:34,723 [INFO] Previous best validation accuracy read from record.txt: 0.6250
2025-06-20 18:51:34,723 [INFO] Starting training...
2025-06-20 18:51:34,745 [INFO] Epoch 001 | Train Loss: 7.9823 | Val Loss: 1.9628 | Val Acc: 0.2321
2025-06-20 18:51:34,910 [INFO] New best model at epoch 1 (Val Acc: 0.2321)
2025-06-20 18:51:34,933 [INFO] Epoch 002 | Train Loss: 8.0723 | Val Loss: 1.7589 | Val Acc: 0.1964
2025-06-20 18:51:34,956 [INFO] Epoch 003 | Train Loss: 7.6168 | Val Loss: 1.9012 | Val Acc: 0.1607
2025-06-20 18:51:34,975 [INFO] Epoch 004 | Train Loss: 5.8703 | Val Loss: 2.0626 | Val Acc: 0.2500
2025-06-20 18:51:34,978 [INFO] New best model at epoch 4 (Val Acc: 0.2500)
2025-06-20 18:51:35,002 [INFO] Epoch 005 | Train Loss: 6.2237 | Val Loss: 2.1984 | Val Acc: 0.3036
2025-06-20 18:51:35,005 [INFO] New best model at epoch 5 (Val Acc: 0.3036)
2025-06-20 18:51:35,027 [INFO] Epoch 006 | Train Loss: 5.8322 | Val Loss: 2.3492 | Val Acc: 0.3214
2025-06-20 18:51:35,030 [INFO] New best model at epoch 6 (Val Acc: 0.3214)
2025-06-20 18:51:35,048 [INFO] Epoch 007 | Train Loss: 6.7177 | Val Loss: 2.4942 | Val Acc: 0.3214
2025-06-20 18:51:35,066 [INFO] Epoch 008 | Train Loss: 6.6514 | Val Loss: 2.5952 | Val Acc: 0.3393
2025-06-20 18:51:35,069 [INFO] New best model at epoch 8 (Val Acc: 0.3393)
2025-06-20 18:51:35,086 [INFO] Epoch 009 | Train Loss: 5.9212 | Val Loss: 2.7126 | Val Acc: 0.2857
2025-06-20 18:51:35,108 [INFO] Epoch 010 | Train Loss: 5.5718 | Val Loss: 2.7988 | Val Acc: 0.3214
2025-06-20 18:51:35,374 [INFO] Epoch 011 | Train Loss: 5.6824 | Val Loss: 2.9295 | Val Acc: 0.3036
2025-06-20 18:51:35,395 [INFO] Epoch 012 | Train Loss: 4.9419 | Val Loss: 2.7468 | Val Acc: 0.2679
2025-06-20 18:51:35,414 [INFO] Epoch 013 | Train Loss: 5.5910 | Val Loss: 2.6943 | Val Acc: 0.2500
2025-06-20 18:51:35,437 [INFO] Epoch 014 | Train Loss: 4.4169 | Val Loss: 2.7068 | Val Acc: 0.2679
2025-06-20 18:51:35,458 [INFO] Epoch 015 | Train Loss: 4.7062 | Val Loss: 2.7911 | Val Acc: 0.2857
2025-06-20 18:51:35,479 [INFO] Epoch 016 | Train Loss: 4.6025 | Val Loss: 2.8633 | Val Acc: 0.2679
2025-06-20 18:51:35,500 [INFO] Epoch 017 | Train Loss: 5.2486 | Val Loss: 2.8992 | Val Acc: 0.2857
2025-06-20 18:51:35,519 [INFO] Epoch 018 | Train Loss: 4.9404 | Val Loss: 2.8009 | Val Acc: 0.2679
2025-06-20 18:51:35,540 [INFO] Epoch 019 | Train Loss: 5.6063 | Val Loss: 2.6991 | Val Acc: 0.2679
2025-06-20 18:51:35,561 [INFO] Epoch 020 | Train Loss: 5.0802 | Val Loss: 2.5303 | Val Acc: 0.3036
2025-06-20 18:51:35,849 [INFO] Epoch 021 | Train Loss: 4.8885 | Val Loss: 2.3495 | Val Acc: 0.3036
2025-06-20 18:51:35,869 [INFO] Epoch 022 | Train Loss: 4.8003 | Val Loss: 2.1667 | Val Acc: 0.3036
2025-06-20 18:51:35,891 [INFO] Epoch 023 | Train Loss: 4.7703 | Val Loss: 2.1076 | Val Acc: 0.3571
2025-06-20 18:51:35,894 [INFO] New best model at epoch 23 (Val Acc: 0.3571)
2025-06-20 18:51:35,916 [INFO] Epoch 024 | Train Loss: 4.2125 | Val Loss: 2.1482 | Val Acc: 0.3214
2025-06-20 18:51:35,937 [INFO] Epoch 025 | Train Loss: 4.4398 | Val Loss: 2.1519 | Val Acc: 0.3393
2025-06-20 18:51:35,955 [INFO] Epoch 026 | Train Loss: 4.4824 | Val Loss: 2.1110 | Val Acc: 0.3571
2025-06-20 18:51:35,975 [INFO] Epoch 027 | Train Loss: 5.3934 | Val Loss: 2.1970 | Val Acc: 0.3393
2025-06-20 18:51:35,994 [INFO] Epoch 028 | Train Loss: 3.8649 | Val Loss: 2.1908 | Val Acc: 0.3214
2025-06-20 18:51:36,014 [INFO] Epoch 029 | Train Loss: 4.0295 | Val Loss: 2.1447 | Val Acc: 0.3214
2025-06-20 18:51:36,035 [INFO] Epoch 030 | Train Loss: 5.4977 | Val Loss: 2.2503 | Val Acc: 0.3393
2025-06-20 18:51:36,264 [INFO] Epoch 031 | Train Loss: 4.1466 | Val Loss: 2.1564 | Val Acc: 0.3393
2025-06-20 18:51:36,285 [INFO] Epoch 032 | Train Loss: 4.0961 | Val Loss: 2.0699 | Val Acc: 0.3571
2025-06-20 18:51:36,307 [INFO] Epoch 033 | Train Loss: 3.9233 | Val Loss: 2.0626 | Val Acc: 0.3571
2025-06-20 18:51:36,328 [INFO] Epoch 034 | Train Loss: 4.1784 | Val Loss: 2.0336 | Val Acc: 0.3750
2025-06-20 18:51:36,331 [INFO] New best model at epoch 34 (Val Acc: 0.3750)
2025-06-20 18:51:36,348 [INFO] Epoch 035 | Train Loss: 4.6762 | Val Loss: 1.9837 | Val Acc: 0.4107
2025-06-20 18:51:36,351 [INFO] New best model at epoch 35 (Val Acc: 0.4107)
2025-06-20 18:51:36,368 [INFO] Epoch 036 | Train Loss: 4.5215 | Val Loss: 2.0134 | Val Acc: 0.3929
2025-06-20 18:51:36,390 [INFO] Epoch 037 | Train Loss: 3.9912 | Val Loss: 1.9978 | Val Acc: 0.3750
2025-06-20 18:51:36,411 [INFO] Epoch 038 | Train Loss: 3.5461 | Val Loss: 1.9984 | Val Acc: 0.3750
2025-06-20 18:51:36,432 [INFO] Epoch 039 | Train Loss: 3.3838 | Val Loss: 1.9639 | Val Acc: 0.3929
2025-06-20 18:51:36,454 [INFO] Epoch 040 | Train Loss: 4.3582 | Val Loss: 1.9861 | Val Acc: 0.3750
2025-06-20 18:51:36,651 [INFO] Epoch 041 | Train Loss: 3.4346 | Val Loss: 1.9594 | Val Acc: 0.3393
2025-06-20 18:51:36,675 [INFO] Epoch 042 | Train Loss: 3.3307 | Val Loss: 2.0037 | Val Acc: 0.3036
2025-06-20 18:51:36,698 [INFO] Epoch 043 | Train Loss: 5.0153 | Val Loss: 1.9510 | Val Acc: 0.3571
2025-06-20 18:51:36,721 [INFO] Epoch 044 | Train Loss: 4.1733 | Val Loss: 2.0240 | Val Acc: 0.3393
2025-06-20 18:51:36,744 [INFO] Epoch 045 | Train Loss: 2.9862 | Val Loss: 1.9783 | Val Acc: 0.3750
2025-06-20 18:51:36,767 [INFO] Epoch 046 | Train Loss: 4.2358 | Val Loss: 1.8999 | Val Acc: 0.3750
2025-06-20 18:51:36,788 [INFO] Epoch 047 | Train Loss: 4.3533 | Val Loss: 1.8733 | Val Acc: 0.3929
2025-06-20 18:51:36,810 [INFO] Epoch 048 | Train Loss: 4.0456 | Val Loss: 1.8817 | Val Acc: 0.4107
2025-06-20 18:51:36,832 [INFO] Epoch 049 | Train Loss: 3.6270 | Val Loss: 1.8742 | Val Acc: 0.3750
2025-06-20 18:51:36,853 [INFO] Epoch 050 | Train Loss: 3.5239 | Val Loss: 1.9149 | Val Acc: 0.3571
2025-06-20 18:51:37,040 [INFO] Epoch 051 | Train Loss: 3.6582 | Val Loss: 1.8687 | Val Acc: 0.3571
2025-06-20 18:51:37,064 [INFO] Epoch 052 | Train Loss: 4.2389 | Val Loss: 1.8937 | Val Acc: 0.3750
2025-06-20 18:51:37,088 [INFO] Epoch 053 | Train Loss: 3.8601 | Val Loss: 1.8461 | Val Acc: 0.3929
2025-06-20 18:51:37,115 [INFO] Epoch 054 | Train Loss: 3.7853 | Val Loss: 1.8165 | Val Acc: 0.3929
2025-06-20 18:51:37,141 [INFO] Epoch 055 | Train Loss: 3.6338 | Val Loss: 1.8119 | Val Acc: 0.4107
2025-06-20 18:51:37,165 [INFO] Epoch 056 | Train Loss: 4.0216 | Val Loss: 1.7736 | Val Acc: 0.4107
2025-06-20 18:51:37,187 [INFO] Epoch 057 | Train Loss: 3.4692 | Val Loss: 1.7267 | Val Acc: 0.4464
2025-06-20 18:51:37,191 [INFO] New best model at epoch 57 (Val Acc: 0.4464)
2025-06-20 18:51:37,276 [INFO] Epoch 058 | Train Loss: 4.2581 | Val Loss: 1.7268 | Val Acc: 0.4286
2025-06-20 18:51:37,303 [INFO] Epoch 059 | Train Loss: 3.6914 | Val Loss: 1.7666 | Val Acc: 0.4286
2025-06-20 18:51:37,328 [INFO] Epoch 060 | Train Loss: 3.4145 | Val Loss: 1.8208 | Val Acc: 0.4107
2025-06-20 18:51:37,525 [INFO] Epoch 061 | Train Loss: 4.3158 | Val Loss: 1.9227 | Val Acc: 0.3929
2025-06-20 18:51:37,548 [INFO] Epoch 062 | Train Loss: 3.5976 | Val Loss: 1.8279 | Val Acc: 0.4107
2025-06-20 18:51:37,569 [INFO] Epoch 063 | Train Loss: 3.4576 | Val Loss: 1.8299 | Val Acc: 0.4107
2025-06-20 18:51:37,591 [INFO] Epoch 064 | Train Loss: 4.0174 | Val Loss: 1.8381 | Val Acc: 0.4107
2025-06-20 18:51:37,617 [INFO] Epoch 065 | Train Loss: 3.1969 | Val Loss: 1.7744 | Val Acc: 0.3929
2025-06-20 18:51:37,642 [INFO] Epoch 066 | Train Loss: 2.9886 | Val Loss: 1.7667 | Val Acc: 0.3929
2025-06-20 18:51:37,664 [INFO] Epoch 067 | Train Loss: 3.4800 | Val Loss: 1.7773 | Val Acc: 0.4107
2025-06-20 18:51:37,685 [INFO] Epoch 068 | Train Loss: 3.0891 | Val Loss: 1.7541 | Val Acc: 0.3929
2025-06-20 18:51:37,707 [INFO] Epoch 069 | Train Loss: 3.4814 | Val Loss: 1.7085 | Val Acc: 0.4107
2025-06-20 18:51:37,727 [INFO] Epoch 070 | Train Loss: 3.7615 | Val Loss: 1.7032 | Val Acc: 0.4107
2025-06-20 18:51:37,913 [INFO] Epoch 071 | Train Loss: 3.2433 | Val Loss: 1.7073 | Val Acc: 0.3929
2025-06-20 18:51:37,938 [INFO] Epoch 072 | Train Loss: 3.3794 | Val Loss: 1.6823 | Val Acc: 0.4643
2025-06-20 18:51:37,941 [INFO] New best model at epoch 72 (Val Acc: 0.4643)
2025-06-20 18:51:37,961 [INFO] Epoch 073 | Train Loss: 3.6098 | Val Loss: 1.6970 | Val Acc: 0.4464
2025-06-20 18:51:37,982 [INFO] Epoch 074 | Train Loss: 3.1985 | Val Loss: 1.7012 | Val Acc: 0.4286
2025-06-20 18:51:38,003 [INFO] Epoch 075 | Train Loss: 3.6433 | Val Loss: 1.6720 | Val Acc: 0.4107
2025-06-20 18:51:38,025 [INFO] Epoch 076 | Train Loss: 3.2352 | Val Loss: 1.6693 | Val Acc: 0.4107
2025-06-20 18:51:38,048 [INFO] Epoch 077 | Train Loss: 3.9496 | Val Loss: 1.6920 | Val Acc: 0.3929
2025-06-20 18:51:38,071 [INFO] Epoch 078 | Train Loss: 3.1923 | Val Loss: 1.6274 | Val Acc: 0.4107
2025-06-20 18:51:38,093 [INFO] Epoch 079 | Train Loss: 3.3235 | Val Loss: 1.6656 | Val Acc: 0.4107
2025-06-20 18:51:38,117 [INFO] Epoch 080 | Train Loss: 2.9185 | Val Loss: 1.7239 | Val Acc: 0.3929
2025-06-20 18:51:38,315 [INFO] Epoch 081 | Train Loss: 3.2957 | Val Loss: 1.6535 | Val Acc: 0.4107
2025-06-20 18:51:38,341 [INFO] Epoch 082 | Train Loss: 2.7108 | Val Loss: 1.6264 | Val Acc: 0.4286
2025-06-20 18:51:38,365 [INFO] Epoch 083 | Train Loss: 3.7165 | Val Loss: 1.6478 | Val Acc: 0.3929
2025-06-20 18:51:38,390 [INFO] Epoch 084 | Train Loss: 3.0383 | Val Loss: 1.6073 | Val Acc: 0.4464
2025-06-20 18:51:38,416 [INFO] Epoch 085 | Train Loss: 3.0577 | Val Loss: 1.5947 | Val Acc: 0.4464
2025-06-20 18:51:38,441 [INFO] Epoch 086 | Train Loss: 3.0930 | Val Loss: 1.5806 | Val Acc: 0.4286
2025-06-20 18:51:38,464 [INFO] Epoch 087 | Train Loss: 3.5799 | Val Loss: 1.6311 | Val Acc: 0.4643
2025-06-20 18:51:38,487 [INFO] Epoch 088 | Train Loss: 3.1957 | Val Loss: 1.5833 | Val Acc: 0.4464
2025-06-20 18:51:38,509 [INFO] Epoch 089 | Train Loss: 2.9312 | Val Loss: 1.6127 | Val Acc: 0.4464
2025-06-20 18:51:38,534 [INFO] Epoch 090 | Train Loss: 3.1795 | Val Loss: 1.6512 | Val Acc: 0.3929
2025-06-20 18:51:38,733 [INFO] Epoch 091 | Train Loss: 2.5027 | Val Loss: 1.6112 | Val Acc: 0.4286
2025-06-20 18:51:38,755 [INFO] Epoch 092 | Train Loss: 4.1119 | Val Loss: 1.6221 | Val Acc: 0.4107
2025-06-20 18:51:38,777 [INFO] Epoch 093 | Train Loss: 3.6014 | Val Loss: 1.6021 | Val Acc: 0.3750
2025-06-20 18:51:38,798 [INFO] Epoch 094 | Train Loss: 3.0418 | Val Loss: 1.5786 | Val Acc: 0.3750
2025-06-20 18:51:38,822 [INFO] Epoch 095 | Train Loss: 3.5177 | Val Loss: 1.6460 | Val Acc: 0.4107
2025-06-20 18:51:38,843 [INFO] Epoch 096 | Train Loss: 2.8048 | Val Loss: 1.5861 | Val Acc: 0.3929
2025-06-20 18:51:38,865 [INFO] Epoch 097 | Train Loss: 3.0855 | Val Loss: 1.5926 | Val Acc: 0.4286
2025-06-20 18:51:38,887 [INFO] Epoch 098 | Train Loss: 2.7898 | Val Loss: 1.5678 | Val Acc: 0.4643
2025-06-20 18:51:38,909 [INFO] Epoch 099 | Train Loss: 3.7172 | Val Loss: 1.6419 | Val Acc: 0.3571
2025-06-20 18:51:38,933 [INFO] Epoch 100 | Train Loss: 3.6519 | Val Loss: 1.6686 | Val Acc: 0.3750
2025-06-20 18:51:39,127 [INFO] Epoch 101 | Train Loss: 2.6844 | Val Loss: 1.7142 | Val Acc: 0.3750
2025-06-20 18:51:39,154 [INFO] Epoch 102 | Train Loss: 2.9467 | Val Loss: 1.6659 | Val Acc: 0.4107
2025-06-20 18:51:39,178 [INFO] Epoch 103 | Train Loss: 2.6846 | Val Loss: 1.6477 | Val Acc: 0.4107
2025-06-20 18:51:39,199 [INFO] Epoch 104 | Train Loss: 2.0005 | Val Loss: 1.6448 | Val Acc: 0.4286
2025-06-20 18:51:39,221 [INFO] Epoch 105 | Train Loss: 3.4319 | Val Loss: 1.6228 | Val Acc: 0.4286
2025-06-20 18:51:39,245 [INFO] Epoch 106 | Train Loss: 2.6476 | Val Loss: 1.6409 | Val Acc: 0.4286
2025-06-20 18:51:39,272 [INFO] Epoch 107 | Train Loss: 3.8025 | Val Loss: 1.7123 | Val Acc: 0.3571
2025-06-20 18:51:39,294 [INFO] Epoch 108 | Train Loss: 2.4524 | Val Loss: 1.6751 | Val Acc: 0.3929
2025-06-20 18:51:39,316 [INFO] Epoch 109 | Train Loss: 3.2384 | Val Loss: 1.6962 | Val Acc: 0.3750
2025-06-20 18:51:39,339 [INFO] Epoch 110 | Train Loss: 2.7242 | Val Loss: 1.6710 | Val Acc: 0.3750
2025-06-20 18:51:39,532 [INFO] Epoch 111 | Train Loss: 2.6884 | Val Loss: 1.6633 | Val Acc: 0.3571
2025-06-20 18:51:39,554 [INFO] Epoch 112 | Train Loss: 2.3545 | Val Loss: 1.6611 | Val Acc: 0.3571
2025-06-20 18:51:39,576 [INFO] Epoch 113 | Train Loss: 2.9600 | Val Loss: 1.7312 | Val Acc: 0.3929
2025-06-20 18:51:39,597 [INFO] Epoch 114 | Train Loss: 3.0555 | Val Loss: 1.7211 | Val Acc: 0.3750
2025-06-20 18:51:39,619 [INFO] Epoch 115 | Train Loss: 2.4786 | Val Loss: 1.6761 | Val Acc: 0.3571
2025-06-20 18:51:39,639 [INFO] Epoch 116 | Train Loss: 2.8279 | Val Loss: 1.6875 | Val Acc: 0.4107
2025-06-20 18:51:39,660 [INFO] Epoch 117 | Train Loss: 2.3869 | Val Loss: 1.7499 | Val Acc: 0.3750
2025-06-20 18:51:39,683 [INFO] Epoch 118 | Train Loss: 2.7967 | Val Loss: 1.7276 | Val Acc: 0.3929
2025-06-20 18:51:39,707 [INFO] Epoch 119 | Train Loss: 1.9684 | Val Loss: 1.6458 | Val Acc: 0.3571
2025-06-20 18:51:39,730 [INFO] Epoch 120 | Train Loss: 2.2090 | Val Loss: 1.6008 | Val Acc: 0.4107
2025-06-20 18:51:40,095 [INFO] Epoch 121 | Train Loss: 2.6857 | Val Loss: 1.6078 | Val Acc: 0.3929
2025-06-20 18:51:40,115 [INFO] Epoch 122 | Train Loss: 2.5288 | Val Loss: 1.6180 | Val Acc: 0.4107
2025-06-20 18:51:40,137 [INFO] Epoch 123 | Train Loss: 3.2994 | Val Loss: 1.6319 | Val Acc: 0.3929
2025-06-20 18:51:40,158 [INFO] Epoch 124 | Train Loss: 3.2377 | Val Loss: 1.6081 | Val Acc: 0.3750
2025-06-20 18:51:40,177 [INFO] Epoch 125 | Train Loss: 3.2688 | Val Loss: 1.6430 | Val Acc: 0.3750
2025-06-20 18:51:40,198 [INFO] Epoch 126 | Train Loss: 2.4917 | Val Loss: 1.6374 | Val Acc: 0.4286
2025-06-20 18:51:40,220 [INFO] Epoch 127 | Train Loss: 2.5675 | Val Loss: 1.6415 | Val Acc: 0.3393
2025-06-20 18:51:40,240 [INFO] Epoch 128 | Train Loss: 2.5468 | Val Loss: 1.6601 | Val Acc: 0.3750
2025-06-20 18:51:40,259 [INFO] Epoch 129 | Train Loss: 3.2092 | Val Loss: 1.6536 | Val Acc: 0.3571
2025-06-20 18:51:40,278 [INFO] Epoch 130 | Train Loss: 2.7073 | Val Loss: 1.7386 | Val Acc: 0.3393
2025-06-20 18:51:40,460 [INFO] Epoch 131 | Train Loss: 2.3507 | Val Loss: 1.6599 | Val Acc: 0.3929
2025-06-20 18:51:40,481 [INFO] Epoch 132 | Train Loss: 2.1623 | Val Loss: 1.6579 | Val Acc: 0.4107
2025-06-20 18:51:40,500 [INFO] Epoch 133 | Train Loss: 2.3109 | Val Loss: 1.6373 | Val Acc: 0.4107
2025-06-20 18:51:40,521 [INFO] Epoch 134 | Train Loss: 2.2192 | Val Loss: 1.6195 | Val Acc: 0.4107
2025-06-20 18:51:40,540 [INFO] Epoch 135 | Train Loss: 2.0652 | Val Loss: 1.5862 | Val Acc: 0.4107
2025-06-20 18:51:40,560 [INFO] Epoch 136 | Train Loss: 2.3948 | Val Loss: 1.5710 | Val Acc: 0.4286
2025-06-20 18:51:40,580 [INFO] Epoch 137 | Train Loss: 2.8706 | Val Loss: 1.6116 | Val Acc: 0.3929
2025-06-20 18:51:40,599 [INFO] Epoch 138 | Train Loss: 2.7663 | Val Loss: 1.6195 | Val Acc: 0.3750
2025-06-20 18:51:40,621 [INFO] Epoch 139 | Train Loss: 2.5797 | Val Loss: 1.6451 | Val Acc: 0.3929
2025-06-20 18:51:40,645 [INFO] Epoch 140 | Train Loss: 2.5576 | Val Loss: 1.6283 | Val Acc: 0.3750
2025-06-20 18:51:40,842 [INFO] Epoch 141 | Train Loss: 3.0808 | Val Loss: 1.6396 | Val Acc: 0.3929
2025-06-20 18:51:40,862 [INFO] Epoch 142 | Train Loss: 2.8060 | Val Loss: 1.6336 | Val Acc: 0.3571
2025-06-20 18:51:40,884 [INFO] Epoch 143 | Train Loss: 2.5140 | Val Loss: 1.6033 | Val Acc: 0.3750
2025-06-20 18:51:40,905 [INFO] Epoch 144 | Train Loss: 2.5473 | Val Loss: 1.6488 | Val Acc: 0.3393
2025-06-20 18:51:40,928 [INFO] Epoch 145 | Train Loss: 2.2377 | Val Loss: 1.5901 | Val Acc: 0.4107
2025-06-20 18:51:40,949 [INFO] Epoch 146 | Train Loss: 1.9086 | Val Loss: 1.5801 | Val Acc: 0.3929
2025-06-20 18:51:40,970 [INFO] Epoch 147 | Train Loss: 2.5318 | Val Loss: 1.6502 | Val Acc: 0.3929
2025-06-20 18:51:40,991 [INFO] Epoch 148 | Train Loss: 2.2855 | Val Loss: 1.6570 | Val Acc: 0.3571
2025-06-20 18:51:41,012 [INFO] Epoch 149 | Train Loss: 2.5639 | Val Loss: 1.7154 | Val Acc: 0.3750
2025-06-20 18:51:41,032 [INFO] Epoch 150 | Train Loss: 2.3112 | Val Loss: 1.6558 | Val Acc: 0.3393
2025-06-20 18:51:41,256 [INFO] Epoch 151 | Train Loss: 3.1358 | Val Loss: 1.6813 | Val Acc: 0.3750
2025-06-20 18:51:41,281 [INFO] Epoch 152 | Train Loss: 2.2421 | Val Loss: 1.6763 | Val Acc: 0.3750
2025-06-20 18:51:41,304 [INFO] Epoch 153 | Train Loss: 2.1019 | Val Loss: 1.6514 | Val Acc: 0.3393
2025-06-20 18:51:41,384 [INFO] Epoch 154 | Train Loss: 2.2650 | Val Loss: 1.6606 | Val Acc: 0.3393
2025-06-20 18:51:41,433 [INFO] Epoch 155 | Train Loss: 2.4715 | Val Loss: 1.6733 | Val Acc: 0.3393
2025-06-20 18:51:41,459 [INFO] Epoch 156 | Train Loss: 2.0568 | Val Loss: 1.6235 | Val Acc: 0.3929
2025-06-20 18:51:41,485 [INFO] Epoch 157 | Train Loss: 2.5816 | Val Loss: 1.6226 | Val Acc: 0.3929
2025-06-20 18:51:41,508 [INFO] Epoch 158 | Train Loss: 2.6575 | Val Loss: 1.7091 | Val Acc: 0.3393
2025-06-20 18:51:41,528 [INFO] Epoch 159 | Train Loss: 2.9814 | Val Loss: 1.6325 | Val Acc: 0.3393
2025-06-20 18:51:41,549 [INFO] Epoch 160 | Train Loss: 3.0929 | Val Loss: 1.6987 | Val Acc: 0.3214
2025-06-20 18:51:41,745 [INFO] Epoch 161 | Train Loss: 3.0802 | Val Loss: 1.6774 | Val Acc: 0.3393
2025-06-20 18:51:41,770 [INFO] Epoch 162 | Train Loss: 2.3719 | Val Loss: 1.6044 | Val Acc: 0.3750
2025-06-20 18:51:41,796 [INFO] Epoch 163 | Train Loss: 2.8480 | Val Loss: 1.5638 | Val Acc: 0.3929
2025-06-20 18:51:41,819 [INFO] Epoch 164 | Train Loss: 2.2213 | Val Loss: 1.6431 | Val Acc: 0.3929
2025-06-20 18:51:41,840 [INFO] Epoch 165 | Train Loss: 2.6716 | Val Loss: 1.6572 | Val Acc: 0.3571
2025-06-20 18:51:41,862 [INFO] Epoch 166 | Train Loss: 2.0667 | Val Loss: 1.6129 | Val Acc: 0.3571
2025-06-20 18:51:41,883 [INFO] Epoch 167 | Train Loss: 2.5230 | Val Loss: 1.6114 | Val Acc: 0.3214
2025-06-20 18:51:41,903 [INFO] Epoch 168 | Train Loss: 2.1274 | Val Loss: 1.5557 | Val Acc: 0.3571
2025-06-20 18:51:41,925 [INFO] Epoch 169 | Train Loss: 2.1951 | Val Loss: 1.5614 | Val Acc: 0.3393
2025-06-20 18:51:41,945 [INFO] Epoch 170 | Train Loss: 1.8213 | Val Loss: 1.5241 | Val Acc: 0.3571
2025-06-20 18:51:42,135 [INFO] Epoch 171 | Train Loss: 2.4874 | Val Loss: 1.5562 | Val Acc: 0.3571
2025-06-20 18:51:42,156 [INFO] Epoch 172 | Train Loss: 2.8611 | Val Loss: 1.5988 | Val Acc: 0.3214
2025-06-20 18:51:42,177 [INFO] Epoch 173 | Train Loss: 2.6606 | Val Loss: 1.5986 | Val Acc: 0.3214
2025-06-20 18:51:42,203 [INFO] Epoch 174 | Train Loss: 2.4768 | Val Loss: 1.6851 | Val Acc: 0.3393
2025-06-20 18:51:42,227 [INFO] Epoch 175 | Train Loss: 2.1187 | Val Loss: 1.6003 | Val Acc: 0.2857
2025-06-20 18:51:42,249 [INFO] Epoch 176 | Train Loss: 2.2827 | Val Loss: 1.6781 | Val Acc: 0.3036
2025-06-20 18:51:42,270 [INFO] Epoch 177 | Train Loss: 2.2806 | Val Loss: 1.6559 | Val Acc: 0.3214
2025-06-20 18:51:42,291 [INFO] Epoch 178 | Train Loss: 2.0327 | Val Loss: 1.6161 | Val Acc: 0.3036
2025-06-20 18:51:42,312 [INFO] Epoch 179 | Train Loss: 2.7447 | Val Loss: 1.6047 | Val Acc: 0.3214
2025-06-20 18:51:42,333 [INFO] Epoch 180 | Train Loss: 1.9673 | Val Loss: 1.5812 | Val Acc: 0.3214
2025-06-20 18:51:42,559 [INFO] Epoch 181 | Train Loss: 1.9860 | Val Loss: 1.6210 | Val Acc: 0.3036
2025-06-20 18:51:42,580 [INFO] Epoch 182 | Train Loss: 1.7042 | Val Loss: 1.5622 | Val Acc: 0.3393
2025-06-20 18:51:42,602 [INFO] Epoch 183 | Train Loss: 2.3953 | Val Loss: 1.6749 | Val Acc: 0.3036
2025-06-20 18:51:42,623 [INFO] Epoch 184 | Train Loss: 2.3670 | Val Loss: 1.6792 | Val Acc: 0.3036
2025-06-20 18:51:42,644 [INFO] Epoch 185 | Train Loss: 1.9338 | Val Loss: 1.6147 | Val Acc: 0.3214
2025-06-20 18:51:42,665 [INFO] Epoch 186 | Train Loss: 1.9107 | Val Loss: 1.6177 | Val Acc: 0.3214
2025-06-20 18:51:42,686 [INFO] Epoch 187 | Train Loss: 1.9399 | Val Loss: 1.5672 | Val Acc: 0.3036
2025-06-20 18:51:42,707 [INFO] Epoch 188 | Train Loss: 2.5051 | Val Loss: 1.6590 | Val Acc: 0.2857
2025-06-20 18:51:42,728 [INFO] Epoch 189 | Train Loss: 2.2916 | Val Loss: 1.6458 | Val Acc: 0.3036
2025-06-20 18:51:42,747 [INFO] Epoch 190 | Train Loss: 2.2191 | Val Loss: 1.7110 | Val Acc: 0.2857
2025-06-20 18:51:42,941 [INFO] Epoch 191 | Train Loss: 2.6521 | Val Loss: 1.7171 | Val Acc: 0.2857
2025-06-20 18:51:42,963 [INFO] Epoch 192 | Train Loss: 1.9966 | Val Loss: 1.6334 | Val Acc: 0.3571
2025-06-20 18:51:42,984 [INFO] Epoch 193 | Train Loss: 2.0538 | Val Loss: 1.6410 | Val Acc: 0.3214
2025-06-20 18:51:43,006 [INFO] Epoch 194 | Train Loss: 2.5348 | Val Loss: 1.7954 | Val Acc: 0.3036
2025-06-20 18:51:43,027 [INFO] Epoch 195 | Train Loss: 2.0854 | Val Loss: 1.7461 | Val Acc: 0.3036
2025-06-20 18:51:43,046 [INFO] Epoch 196 | Train Loss: 2.3065 | Val Loss: 1.7547 | Val Acc: 0.3036
2025-06-20 18:51:43,065 [INFO] Epoch 197 | Train Loss: 1.7593 | Val Loss: 1.7132 | Val Acc: 0.3036
2025-06-20 18:51:43,086 [INFO] Epoch 198 | Train Loss: 2.6838 | Val Loss: 1.6653 | Val Acc: 0.3214
2025-06-20 18:51:43,107 [INFO] Epoch 199 | Train Loss: 2.6025 | Val Loss: 1.8133 | Val Acc: 0.3214
2025-06-20 18:51:43,127 [INFO] Epoch 200 | Train Loss: 2.3332 | Val Loss: 1.7737 | Val Acc: 0.3036
2025-06-20 18:51:43,323 [INFO] Epoch 201 | Train Loss: 1.9784 | Val Loss: 1.7111 | Val Acc: 0.3214
2025-06-20 18:51:43,346 [INFO] Epoch 202 | Train Loss: 1.9852 | Val Loss: 1.7578 | Val Acc: 0.3036
2025-06-20 18:51:43,365 [INFO] Epoch 203 | Train Loss: 1.8122 | Val Loss: 1.6192 | Val Acc: 0.3214
2025-06-20 18:51:43,386 [INFO] Epoch 204 | Train Loss: 2.5459 | Val Loss: 1.6431 | Val Acc: 0.3393
2025-06-20 18:51:43,411 [INFO] Epoch 205 | Train Loss: 2.4175 | Val Loss: 1.5607 | Val Acc: 0.3571
2025-06-20 18:51:43,434 [INFO] Epoch 206 | Train Loss: 2.7201 | Val Loss: 1.6515 | Val Acc: 0.3393
2025-06-20 18:51:43,460 [INFO] Epoch 207 | Train Loss: 2.4362 | Val Loss: 1.6957 | Val Acc: 0.3393
2025-06-20 18:51:43,482 [INFO] Epoch 208 | Train Loss: 2.5531 | Val Loss: 1.6314 | Val Acc: 0.3571
2025-06-20 18:51:43,503 [INFO] Epoch 209 | Train Loss: 2.2100 | Val Loss: 1.5568 | Val Acc: 0.3750
2025-06-20 18:51:43,521 [INFO] Epoch 210 | Train Loss: 2.1131 | Val Loss: 1.6155 | Val Acc: 0.3214
2025-06-20 18:51:43,710 [INFO] Epoch 211 | Train Loss: 2.0298 | Val Loss: 1.6197 | Val Acc: 0.3393
2025-06-20 18:51:43,733 [INFO] Epoch 212 | Train Loss: 3.1102 | Val Loss: 1.5774 | Val Acc: 0.3571
2025-06-20 18:51:43,755 [INFO] Epoch 213 | Train Loss: 2.3972 | Val Loss: 1.6130 | Val Acc: 0.3571
2025-06-20 18:51:43,778 [INFO] Epoch 214 | Train Loss: 2.3513 | Val Loss: 1.5785 | Val Acc: 0.3571
2025-06-20 18:51:43,800 [INFO] Epoch 215 | Train Loss: 2.3117 | Val Loss: 1.6285 | Val Acc: 0.3571
2025-06-20 18:51:43,824 [INFO] Epoch 216 | Train Loss: 2.4061 | Val Loss: 1.6647 | Val Acc: 0.3036
2025-06-20 18:51:43,848 [INFO] Epoch 217 | Train Loss: 1.8034 | Val Loss: 1.6265 | Val Acc: 0.3214
2025-06-20 18:51:43,871 [INFO] Epoch 218 | Train Loss: 1.5039 | Val Loss: 1.6247 | Val Acc: 0.3393
2025-06-20 18:51:43,893 [INFO] Epoch 219 | Train Loss: 2.1951 | Val Loss: 1.6547 | Val Acc: 0.3214
2025-06-20 18:51:43,915 [INFO] Epoch 220 | Train Loss: 2.1032 | Val Loss: 1.6575 | Val Acc: 0.3036
2025-06-20 18:51:44,185 [INFO] Epoch 221 | Train Loss: 2.2343 | Val Loss: 1.6602 | Val Acc: 0.3393
2025-06-20 18:51:44,207 [INFO] Epoch 222 | Train Loss: 2.4631 | Val Loss: 1.7062 | Val Acc: 0.2857
2025-06-20 18:51:44,209 [INFO] Early stopping at epoch 222 (no improvement in 150 epochs).
2025-06-20 18:51:44,210 [INFO] Best model saved to <built-in function time>/ENZYMES/best/best_source_gin.pth (Val Acc: 0.4643 at epoch 72)
2025-06-20 18:51:44,211 [INFO] Training/validation metrics saved to <built-in function time>/ENZYMES/GIN_0.0001/train_metrics.csv
2025-06-20 18:51:44,476 [INFO] Final training curves saved
2025-06-20 18:51:44,476 [INFO] Training completed!
2025-06-20 18:51:44,476 [INFO] Best validation accuracy: 0.4643
2025-06-20 18:51:44,476 [INFO] Best epoch: 72
2025-06-20 18:51:44,477 [INFO] Total epochs trained: 222
2025-06-20 18:51:44,477 [INFO] Starting training with parameters: (0.0001, 0.2, 32, 3, 50, 0.0)
