2025-06-22 05:17:52,768 [INFO] Using device: cpu
2025-06-22 05:17:52,769 [INFO] 开始创建数据加载器...
2025-06-22 05:17:52,772 [INFO] Successfully loaded dataset ENZYMES from ./data, total graphs: 600
2025-06-22 05:17:52,772 [INFO] Class allocation analysis:
2025-06-22 05:17:52,772 [INFO]   Source classes: [0, 1, 2, 3]
2025-06-22 05:17:52,772 [INFO]   Target classes: [0, 1, 2, 3, 4, 5]
2025-06-22 05:17:52,772 [INFO]   Overlap classes (to be split): [0, 1, 2, 3]
2025-06-22 05:17:52,772 [INFO]   Target novel classes (unknown): [4, 5]
2025-06-22 05:17:52,786 [INFO]   Class 0: 100 total -> Source: 70, Target: 30
2025-06-22 05:17:52,786 [INFO]   Class 1: 100 total -> Source: 70, Target: 30
2025-06-22 05:17:52,786 [INFO]   Class 2: 100 total -> Source: 70, Target: 30
2025-06-22 05:17:52,786 [INFO]   Class 3: 100 total -> Source: 70, Target: 30
2025-06-22 05:17:52,786 [INFO]   Class 4 (novel/unknown): 100 samples -> Target
2025-06-22 05:17:52,786 [INFO]   Class 5 (novel/unknown): 100 samples -> Target
2025-06-22 05:17:52,787 [INFO] Final allocation:
2025-06-22 05:17:52,787 [INFO]   Source domain: 280 samples
2025-06-22 05:17:52,787 [INFO]   Target domain: 320 samples
2025-06-22 05:17:52,788 [INFO] Source domain setup:
2025-06-22 05:17:52,788 [INFO]   Original classes: [0, 1, 2, 3]
2025-06-22 05:17:52,788 [INFO]   Overlap classes used: [0, 1, 2, 3]
2025-06-22 05:17:52,788 [INFO]   Label mapping: {0: 0, 1: 1, 2: 2, 3: 3}
2025-06-22 05:17:52,788 [INFO]   Total data after allocation: 280
2025-06-22 05:17:52,788 [INFO]   Data split - Train: 224, Val: 56
2025-06-22 05:17:52,788 [INFO]   Train label distribution: {0: 56, 1: 56, 3: 56, 2: 56}
2025-06-22 05:17:52,788 [INFO]   Val label distribution: {1: 14, 2: 14, 0: 14, 3: 14}
2025-06-22 05:17:52,789 [INFO] Successfully loaded dataset ENZYMES from ./data, total graphs: 600
2025-06-22 05:17:52,789 [INFO] Class allocation analysis:
2025-06-22 05:17:52,789 [INFO]   Source classes: [0, 1, 2, 3]
2025-06-22 05:17:52,789 [INFO]   Target classes: [0, 1, 2, 3, 4, 5]
2025-06-22 05:17:52,789 [INFO]   Overlap classes (to be split): [0, 1, 2, 3]
2025-06-22 05:17:52,789 [INFO]   Target novel classes (unknown): [4, 5]
2025-06-22 05:17:52,802 [INFO]   Class 0: 100 total -> Source: 70, Target: 30
2025-06-22 05:17:52,802 [INFO]   Class 1: 100 total -> Source: 70, Target: 30
2025-06-22 05:17:52,802 [INFO]   Class 2: 100 total -> Source: 70, Target: 30
2025-06-22 05:17:52,803 [INFO]   Class 3: 100 total -> Source: 70, Target: 30
2025-06-22 05:17:52,803 [INFO]   Class 4 (novel/unknown): 100 samples -> Target
2025-06-22 05:17:52,803 [INFO]   Class 5 (novel/unknown): 100 samples -> Target
2025-06-22 05:17:52,803 [INFO] Final allocation:
2025-06-22 05:17:52,803 [INFO]   Source domain: 280 samples
2025-06-22 05:17:52,803 [INFO]   Target domain: 320 samples
2025-06-22 05:17:52,804 [INFO] Target domain setup:
2025-06-22 05:17:52,804 [INFO]   Original classes: [0, 1, 2, 3, 4, 5]
2025-06-22 05:17:52,804 [INFO]   Overlap classes: [0, 1, 2, 3]
2025-06-22 05:17:52,804 [INFO]   Novel classes: [4, 5] -> mapped to unknown label 4
2025-06-22 05:17:52,804 [INFO]   Label mapping: {0: 0, 1: 1, 2: 2, 3: 3, 4: 4, 5: 4}
2025-06-22 05:17:52,804 [INFO]   Total data after allocation: 320
2025-06-22 05:17:52,804 [INFO]   Data split - Train: 256, Val: 64
2025-06-22 05:17:52,804 [INFO]   Total count: 320 (known: 120, unknown: 200)
2025-06-22 05:17:52,804 [INFO]   Total label distribution: {4: 200, 3: 30, 0: 30, 1: 30, 2: 30}
2025-06-22 05:17:52,804 [INFO]   Train label distribution: {4: 160, 0: 24, 2: 24, 3: 24, 1: 24}
2025-06-22 05:17:52,804 [INFO]   Val label distribution: {1: 6, 4: 40, 3: 6, 0: 6, 2: 6}
2025-06-22 05:17:52,805 [INFO] 数据加载器创建完成!
2025-06-22 05:17:52,805 [INFO] 源域类别数: 4 (重叠类别)
2025-06-22 05:17:52,805 [INFO] 目标域类别数: 5 (4个重叠类别 + 1个未知类别)
2025-06-22 05:17:52,805 [INFO] 重叠类别: [0, 1, 2, 3]
2025-06-22 05:17:52,805 [INFO] 目标域新类别: [4, 5]
2025-06-22 05:17:52,805 [INFO] Data allocation verification:
2025-06-22 05:17:52,805 [INFO]   Source data samples: 280
2025-06-22 05:17:52,805 [INFO]   Target data samples: 320
2025-06-22 05:17:52,805 [INFO]   Overlapping samples: 0
2025-06-22 05:17:52,805 [INFO]   ✓ Data allocation is correct - no overlapping samples
2025-06-22 05:17:52,807 [INFO] Model initialized with 334084 parameters
2025-06-22 05:17:52,807 [INFO] Previous best validation accuracy read from record.txt: 0.6250
2025-06-22 05:17:52,807 [INFO] Starting training...
2025-06-22 05:17:52,872 [INFO] Epoch 001 | Train Loss: 10.4752 | Val Loss: 1.8825 | Val Acc: 0.2857
2025-06-22 05:17:53,482 [INFO] New best model at epoch 1 (Val Acc: 0.2857)
2025-06-22 05:17:53,521 [INFO] Epoch 002 | Train Loss: 8.9936 | Val Loss: 2.1065 | Val Acc: 0.2857
2025-06-22 05:17:53,576 [INFO] Epoch 003 | Train Loss: 7.5880 | Val Loss: 4.2713 | Val Acc: 0.2143
2025-06-22 05:17:53,623 [INFO] Epoch 004 | Train Loss: 5.7232 | Val Loss: 3.4639 | Val Acc: 0.3393
2025-06-22 05:17:53,632 [INFO] New best model at epoch 4 (Val Acc: 0.3393)
2025-06-22 05:17:53,696 [INFO] Epoch 005 | Train Loss: 6.2552 | Val Loss: 4.1043 | Val Acc: 0.3393
2025-06-22 05:17:53,750 [INFO] Epoch 006 | Train Loss: 5.5648 | Val Loss: 2.7554 | Val Acc: 0.3929
2025-06-22 05:17:53,758 [INFO] New best model at epoch 6 (Val Acc: 0.3929)
2025-06-22 05:17:53,802 [INFO] Epoch 007 | Train Loss: 5.1804 | Val Loss: 3.0096 | Val Acc: 0.4821
2025-06-22 05:17:53,810 [INFO] New best model at epoch 7 (Val Acc: 0.4821)
2025-06-22 05:17:53,850 [INFO] Epoch 008 | Train Loss: 4.1899 | Val Loss: 3.3447 | Val Acc: 0.4821
2025-06-22 05:17:53,894 [INFO] Epoch 009 | Train Loss: 4.0176 | Val Loss: 4.4887 | Val Acc: 0.3929
2025-06-22 05:17:53,940 [INFO] Epoch 010 | Train Loss: 4.4243 | Val Loss: 3.5294 | Val Acc: 0.3571
2025-06-22 05:17:54,586 [INFO] Epoch 011 | Train Loss: 3.9200 | Val Loss: 3.0235 | Val Acc: 0.4464
2025-06-22 05:17:54,657 [INFO] Epoch 012 | Train Loss: 3.2764 | Val Loss: 2.9125 | Val Acc: 0.3929
2025-06-22 05:17:54,722 [INFO] Epoch 013 | Train Loss: 3.1166 | Val Loss: 4.0463 | Val Acc: 0.3393
2025-06-22 05:17:54,784 [INFO] Epoch 014 | Train Loss: 4.1924 | Val Loss: 4.0547 | Val Acc: 0.2500
2025-06-22 05:17:54,829 [INFO] Epoch 015 | Train Loss: 2.9109 | Val Loss: 4.0227 | Val Acc: 0.2321
2025-06-22 05:17:54,876 [INFO] Epoch 016 | Train Loss: 3.6265 | Val Loss: 3.5448 | Val Acc: 0.2857
2025-06-22 05:17:54,922 [INFO] Epoch 017 | Train Loss: 3.2352 | Val Loss: 3.9242 | Val Acc: 0.3214
2025-06-22 05:17:54,968 [INFO] Epoch 018 | Train Loss: 3.0086 | Val Loss: 3.2836 | Val Acc: 0.3036
2025-06-22 05:17:55,014 [INFO] Epoch 019 | Train Loss: 2.5145 | Val Loss: 3.3428 | Val Acc: 0.3214
2025-06-22 05:17:55,061 [INFO] Epoch 020 | Train Loss: 2.2642 | Val Loss: 3.6429 | Val Acc: 0.3036
2025-06-22 05:17:56,007 [INFO] Epoch 021 | Train Loss: 2.4879 | Val Loss: 3.1208 | Val Acc: 0.4286
2025-06-22 05:17:56,068 [INFO] Epoch 022 | Train Loss: 1.8267 | Val Loss: 3.2847 | Val Acc: 0.3214
2025-06-22 05:17:56,116 [INFO] Epoch 023 | Train Loss: 2.5171 | Val Loss: 3.4563 | Val Acc: 0.3393
2025-06-22 05:17:56,162 [INFO] Epoch 024 | Train Loss: 1.8953 | Val Loss: 3.4436 | Val Acc: 0.3750
2025-06-22 05:17:56,206 [INFO] Epoch 025 | Train Loss: 1.7167 | Val Loss: 3.1393 | Val Acc: 0.2679
2025-06-22 05:17:56,249 [INFO] Epoch 026 | Train Loss: 2.0369 | Val Loss: 2.9783 | Val Acc: 0.3929
2025-06-22 05:17:56,318 [INFO] Epoch 027 | Train Loss: 2.9823 | Val Loss: 3.2608 | Val Acc: 0.2500
2025-06-22 05:17:56,362 [INFO] Epoch 028 | Train Loss: 1.9967 | Val Loss: 4.4480 | Val Acc: 0.2679
2025-06-22 05:17:56,407 [INFO] Epoch 029 | Train Loss: 1.7676 | Val Loss: 4.6320 | Val Acc: 0.3214
2025-06-22 05:17:56,452 [INFO] Epoch 030 | Train Loss: 2.0119 | Val Loss: 4.1431 | Val Acc: 0.3750
2025-06-22 05:17:57,347 [INFO] Epoch 031 | Train Loss: 2.2481 | Val Loss: 3.2121 | Val Acc: 0.3214
2025-06-22 05:17:57,450 [INFO] Epoch 032 | Train Loss: 1.4943 | Val Loss: 4.1833 | Val Acc: 0.2679
2025-06-22 05:17:57,547 [INFO] Epoch 033 | Train Loss: 1.7150 | Val Loss: 3.3284 | Val Acc: 0.3393
2025-06-22 05:17:57,593 [INFO] Epoch 034 | Train Loss: 1.4360 | Val Loss: 3.5667 | Val Acc: 0.3571
2025-06-22 05:17:57,639 [INFO] Epoch 035 | Train Loss: 1.4490 | Val Loss: 2.7213 | Val Acc: 0.3571
2025-06-22 05:17:57,684 [INFO] Epoch 036 | Train Loss: 2.9054 | Val Loss: 3.0463 | Val Acc: 0.3571
2025-06-22 05:17:57,729 [INFO] Epoch 037 | Train Loss: 1.6845 | Val Loss: 4.4269 | Val Acc: 0.3393
2025-06-22 05:17:57,773 [INFO] Epoch 038 | Train Loss: 1.2941 | Val Loss: 3.5711 | Val Acc: 0.3571
2025-06-22 05:17:57,819 [INFO] Epoch 039 | Train Loss: 1.8979 | Val Loss: 2.6637 | Val Acc: 0.4107
2025-06-22 05:17:57,874 [INFO] Epoch 040 | Train Loss: 1.5440 | Val Loss: 3.0576 | Val Acc: 0.3393
2025-06-22 05:17:58,536 [INFO] Epoch 041 | Train Loss: 1.7601 | Val Loss: 3.4037 | Val Acc: 0.3036
2025-06-22 05:17:58,724 [INFO] Epoch 042 | Train Loss: 1.4985 | Val Loss: 3.1986 | Val Acc: 0.4643
2025-06-22 05:17:58,813 [INFO] Epoch 043 | Train Loss: 1.6487 | Val Loss: 3.2930 | Val Acc: 0.4643
2025-06-22 05:17:58,857 [INFO] Epoch 044 | Train Loss: 1.2010 | Val Loss: 2.3846 | Val Acc: 0.4643
2025-06-22 05:17:58,903 [INFO] Epoch 045 | Train Loss: 1.8367 | Val Loss: 3.5096 | Val Acc: 0.3571
2025-06-22 05:17:58,950 [INFO] Epoch 046 | Train Loss: 1.3891 | Val Loss: 3.2378 | Val Acc: 0.3750
2025-06-22 05:17:59,012 [INFO] Epoch 047 | Train Loss: 0.8270 | Val Loss: 3.0316 | Val Acc: 0.3036
2025-06-22 05:17:59,067 [INFO] Epoch 048 | Train Loss: 1.1982 | Val Loss: 3.0468 | Val Acc: 0.3750
2025-06-22 05:17:59,112 [INFO] Epoch 049 | Train Loss: 0.9098 | Val Loss: 3.1881 | Val Acc: 0.3214
2025-06-22 05:17:59,158 [INFO] Epoch 050 | Train Loss: 0.8897 | Val Loss: 2.5554 | Val Acc: 0.3929
2025-06-22 05:17:59,851 [INFO] Epoch 051 | Train Loss: 0.9964 | Val Loss: 2.6417 | Val Acc: 0.3036
2025-06-22 05:17:59,916 [INFO] Epoch 052 | Train Loss: 1.0742 | Val Loss: 3.3098 | Val Acc: 0.3214
2025-06-22 05:17:59,961 [INFO] Epoch 053 | Train Loss: 0.6722 | Val Loss: 3.1959 | Val Acc: 0.2500
2025-06-22 05:18:00,005 [INFO] Epoch 054 | Train Loss: 1.0691 | Val Loss: 2.9692 | Val Acc: 0.3214
2025-06-22 05:18:00,072 [INFO] Epoch 055 | Train Loss: 1.0413 | Val Loss: 3.5169 | Val Acc: 0.3571
2025-06-22 05:18:00,136 [INFO] Epoch 056 | Train Loss: 1.1143 | Val Loss: 3.5376 | Val Acc: 0.4107
2025-06-22 05:18:00,182 [INFO] Epoch 057 | Train Loss: 1.0592 | Val Loss: 3.7339 | Val Acc: 0.3214
2025-06-22 05:18:00,242 [INFO] Epoch 058 | Train Loss: 1.2104 | Val Loss: 2.5032 | Val Acc: 0.4107
2025-06-22 05:18:00,291 [INFO] Epoch 059 | Train Loss: 1.2053 | Val Loss: 2.9681 | Val Acc: 0.3929
2025-06-22 05:18:00,342 [INFO] Epoch 060 | Train Loss: 1.5184 | Val Loss: 3.1560 | Val Acc: 0.3393
2025-06-22 05:18:02,654 [INFO] Epoch 061 | Train Loss: 0.8736 | Val Loss: 3.1898 | Val Acc: 0.3571
2025-06-22 05:18:02,711 [INFO] Epoch 062 | Train Loss: 0.7099 | Val Loss: 3.2796 | Val Acc: 0.3393
2025-06-22 05:18:02,760 [INFO] Epoch 063 | Train Loss: 0.7180 | Val Loss: 3.3806 | Val Acc: 0.4107
2025-06-22 05:18:02,807 [INFO] Epoch 064 | Train Loss: 1.0058 | Val Loss: 3.3959 | Val Acc: 0.3214
2025-06-22 05:18:02,856 [INFO] Epoch 065 | Train Loss: 0.9543 | Val Loss: 3.8690 | Val Acc: 0.4286
2025-06-22 05:18:02,902 [INFO] Epoch 066 | Train Loss: 0.9311 | Val Loss: 3.6218 | Val Acc: 0.3750
2025-06-22 05:18:02,950 [INFO] Epoch 067 | Train Loss: 1.0082 | Val Loss: 2.8389 | Val Acc: 0.3929
2025-06-22 05:18:02,997 [INFO] Epoch 068 | Train Loss: 0.9879 | Val Loss: 3.0872 | Val Acc: 0.4107
2025-06-22 05:18:03,042 [INFO] Epoch 069 | Train Loss: 1.2275 | Val Loss: 3.6790 | Val Acc: 0.3214
2025-06-22 05:18:03,099 [INFO] Epoch 070 | Train Loss: 1.0070 | Val Loss: 3.3919 | Val Acc: 0.3929
2025-06-22 05:18:03,896 [INFO] Epoch 071 | Train Loss: 0.8105 | Val Loss: 3.4987 | Val Acc: 0.3929
2025-06-22 05:18:03,952 [INFO] Epoch 072 | Train Loss: 1.1446 | Val Loss: 3.4725 | Val Acc: 0.3750
2025-06-22 05:18:04,001 [INFO] Epoch 073 | Train Loss: 0.8781 | Val Loss: 3.6593 | Val Acc: 0.3393
2025-06-22 05:18:04,048 [INFO] Epoch 074 | Train Loss: 0.8440 | Val Loss: 3.1073 | Val Acc: 0.4107
2025-06-22 05:18:04,094 [INFO] Epoch 075 | Train Loss: 0.7760 | Val Loss: 3.0132 | Val Acc: 0.4107
2025-06-22 05:18:04,141 [INFO] Epoch 076 | Train Loss: 0.5620 | Val Loss: 2.9998 | Val Acc: 0.4286
2025-06-22 05:18:04,188 [INFO] Epoch 077 | Train Loss: 1.0900 | Val Loss: 3.3301 | Val Acc: 0.3929
2025-06-22 05:18:04,233 [INFO] Epoch 078 | Train Loss: 0.5454 | Val Loss: 3.0243 | Val Acc: 0.3929
2025-06-22 05:18:04,279 [INFO] Epoch 079 | Train Loss: 1.1455 | Val Loss: 3.2558 | Val Acc: 0.4286
2025-06-22 05:18:04,337 [INFO] Epoch 080 | Train Loss: 0.5835 | Val Loss: 3.7965 | Val Acc: 0.3571
2025-06-22 05:18:05,077 [INFO] Epoch 081 | Train Loss: 0.7914 | Val Loss: 3.2818 | Val Acc: 0.3929
2025-06-22 05:18:05,140 [INFO] Epoch 082 | Train Loss: 0.7594 | Val Loss: 3.5030 | Val Acc: 0.3750
2025-06-22 05:18:05,185 [INFO] Epoch 083 | Train Loss: 0.5936 | Val Loss: 3.4313 | Val Acc: 0.3214
2025-06-22 05:18:05,232 [INFO] Epoch 084 | Train Loss: 0.6746 | Val Loss: 3.5123 | Val Acc: 0.3750
2025-06-22 05:18:05,281 [INFO] Epoch 085 | Train Loss: 0.7230 | Val Loss: 3.8623 | Val Acc: 0.4107
2025-06-22 05:18:05,327 [INFO] Epoch 086 | Train Loss: 0.7294 | Val Loss: 3.6875 | Val Acc: 0.3571
2025-06-22 05:18:05,381 [INFO] Epoch 087 | Train Loss: 0.6360 | Val Loss: 3.1475 | Val Acc: 0.4821
2025-06-22 05:18:05,443 [INFO] Epoch 088 | Train Loss: 0.4203 | Val Loss: 3.3687 | Val Acc: 0.4107
2025-06-22 05:18:05,495 [INFO] Epoch 089 | Train Loss: 0.4745 | Val Loss: 3.6757 | Val Acc: 0.3036
2025-06-22 05:18:05,542 [INFO] Epoch 090 | Train Loss: 0.7353 | Val Loss: 3.8903 | Val Acc: 0.4107
2025-06-22 05:18:06,198 [INFO] Epoch 091 | Train Loss: 0.6437 | Val Loss: 4.4701 | Val Acc: 0.3929
2025-06-22 05:18:06,265 [INFO] Epoch 092 | Train Loss: 0.5760 | Val Loss: 3.9367 | Val Acc: 0.3750
2025-06-22 05:18:06,309 [INFO] Epoch 093 | Train Loss: 0.6877 | Val Loss: 3.3094 | Val Acc: 0.3214
2025-06-22 05:18:06,356 [INFO] Epoch 094 | Train Loss: 0.6691 | Val Loss: 3.6060 | Val Acc: 0.3393
2025-06-22 05:18:06,401 [INFO] Epoch 095 | Train Loss: 0.5948 | Val Loss: 3.5540 | Val Acc: 0.3571
2025-06-22 05:18:06,468 [INFO] Epoch 096 | Train Loss: 0.5674 | Val Loss: 3.8767 | Val Acc: 0.3393
2025-06-22 05:18:06,515 [INFO] Epoch 097 | Train Loss: 0.5819 | Val Loss: 3.3543 | Val Acc: 0.4464
2025-06-22 05:18:06,561 [INFO] Epoch 098 | Train Loss: 0.7125 | Val Loss: 3.4944 | Val Acc: 0.4107
2025-06-22 05:18:06,607 [INFO] Epoch 099 | Train Loss: 0.7314 | Val Loss: 3.3805 | Val Acc: 0.4107
2025-06-22 05:18:06,654 [INFO] Epoch 100 | Train Loss: 0.8186 | Val Loss: 4.6494 | Val Acc: 0.3571
2025-06-22 05:18:07,311 [INFO] Epoch 101 | Train Loss: 0.8559 | Val Loss: 3.6208 | Val Acc: 0.3929
2025-06-22 05:18:07,379 [INFO] Epoch 102 | Train Loss: 0.7492 | Val Loss: 2.8564 | Val Acc: 0.4643
2025-06-22 05:18:07,424 [INFO] Epoch 103 | Train Loss: 0.6449 | Val Loss: 3.3902 | Val Acc: 0.4821
2025-06-22 05:18:07,470 [INFO] Epoch 104 | Train Loss: 0.5844 | Val Loss: 4.2881 | Val Acc: 0.4286
2025-06-22 05:18:07,531 [INFO] Epoch 105 | Train Loss: 0.5234 | Val Loss: 3.7953 | Val Acc: 0.5000
2025-06-22 05:18:07,540 [INFO] New best model at epoch 105 (Val Acc: 0.5000)
2025-06-22 05:18:07,591 [INFO] Epoch 106 | Train Loss: 0.8037 | Val Loss: 3.7999 | Val Acc: 0.4821
2025-06-22 05:18:07,642 [INFO] Epoch 107 | Train Loss: 0.4795 | Val Loss: 4.3317 | Val Acc: 0.3929
2025-06-22 05:18:07,690 [INFO] Epoch 108 | Train Loss: 0.5059 | Val Loss: 3.8540 | Val Acc: 0.3393
2025-06-22 05:18:07,742 [INFO] Epoch 109 | Train Loss: 0.4803 | Val Loss: 3.4531 | Val Acc: 0.3929
2025-06-22 05:18:07,812 [INFO] Epoch 110 | Train Loss: 1.2934 | Val Loss: 4.5671 | Val Acc: 0.4107
2025-06-22 05:18:08,479 [INFO] Epoch 111 | Train Loss: 0.5853 | Val Loss: 4.4094 | Val Acc: 0.3214
2025-06-22 05:18:08,550 [INFO] Epoch 112 | Train Loss: 0.6267 | Val Loss: 3.8562 | Val Acc: 0.3571
2025-06-22 05:18:08,608 [INFO] Epoch 113 | Train Loss: 0.5644 | Val Loss: 3.5697 | Val Acc: 0.3929
2025-06-22 05:18:08,655 [INFO] Epoch 114 | Train Loss: 0.5306 | Val Loss: 3.4884 | Val Acc: 0.4286
2025-06-22 05:18:08,701 [INFO] Epoch 115 | Train Loss: 0.6011 | Val Loss: 3.6933 | Val Acc: 0.4464
2025-06-22 05:18:08,747 [INFO] Epoch 116 | Train Loss: 0.3888 | Val Loss: 3.9307 | Val Acc: 0.3750
2025-06-22 05:18:08,793 [INFO] Epoch 117 | Train Loss: 0.4429 | Val Loss: 3.8118 | Val Acc: 0.4464
2025-06-22 05:18:08,840 [INFO] Epoch 118 | Train Loss: 0.5887 | Val Loss: 4.2810 | Val Acc: 0.3571
2025-06-22 05:18:08,885 [INFO] Epoch 119 | Train Loss: 0.8195 | Val Loss: 4.4890 | Val Acc: 0.4107
2025-06-22 05:18:08,930 [INFO] Epoch 120 | Train Loss: 0.4300 | Val Loss: 4.2355 | Val Acc: 0.3571
2025-06-22 05:18:09,616 [INFO] Epoch 121 | Train Loss: 0.3330 | Val Loss: 4.2523 | Val Acc: 0.5179
2025-06-22 05:18:09,625 [INFO] New best model at epoch 121 (Val Acc: 0.5179)
2025-06-22 05:18:09,684 [INFO] Epoch 122 | Train Loss: 0.4916 | Val Loss: 3.6472 | Val Acc: 0.4464
2025-06-22 05:18:09,741 [INFO] Epoch 123 | Train Loss: 0.6747 | Val Loss: 3.5384 | Val Acc: 0.3929
2025-06-22 05:18:09,789 [INFO] Epoch 124 | Train Loss: 0.3621 | Val Loss: 4.1361 | Val Acc: 0.4107
2025-06-22 05:18:09,838 [INFO] Epoch 125 | Train Loss: 0.5425 | Val Loss: 4.0096 | Val Acc: 0.3750
2025-06-22 05:18:09,885 [INFO] Epoch 126 | Train Loss: 0.4289 | Val Loss: 3.9758 | Val Acc: 0.4107
2025-06-22 05:18:09,932 [INFO] Epoch 127 | Train Loss: 0.6295 | Val Loss: 3.6338 | Val Acc: 0.4286
2025-06-22 05:18:09,977 [INFO] Epoch 128 | Train Loss: 0.3101 | Val Loss: 3.5764 | Val Acc: 0.4643
2025-06-22 05:18:10,024 [INFO] Epoch 129 | Train Loss: 0.4463 | Val Loss: 4.3165 | Val Acc: 0.4286
2025-06-22 05:18:10,087 [INFO] Epoch 130 | Train Loss: 0.3890 | Val Loss: 4.2584 | Val Acc: 0.3750
2025-06-22 05:18:10,730 [INFO] Epoch 131 | Train Loss: 0.7029 | Val Loss: 4.1742 | Val Acc: 0.3393
2025-06-22 05:18:10,789 [INFO] Epoch 132 | Train Loss: 0.5027 | Val Loss: 4.6078 | Val Acc: 0.3571
2025-06-22 05:18:10,851 [INFO] Epoch 133 | Train Loss: 0.6803 | Val Loss: 3.8991 | Val Acc: 0.3571
2025-06-22 05:18:10,919 [INFO] Epoch 134 | Train Loss: 0.2575 | Val Loss: 3.3174 | Val Acc: 0.4643
2025-06-22 05:18:10,963 [INFO] Epoch 135 | Train Loss: 0.3720 | Val Loss: 3.4817 | Val Acc: 0.4107
2025-06-22 05:18:11,010 [INFO] Epoch 136 | Train Loss: 0.4157 | Val Loss: 3.7334 | Val Acc: 0.3393
2025-06-22 05:18:11,059 [INFO] Epoch 137 | Train Loss: 0.3665 | Val Loss: 3.7180 | Val Acc: 0.4107
2025-06-22 05:18:11,125 [INFO] Epoch 138 | Train Loss: 0.8433 | Val Loss: 4.3447 | Val Acc: 0.3214
2025-06-22 05:18:11,202 [INFO] Epoch 139 | Train Loss: 0.5360 | Val Loss: 3.6165 | Val Acc: 0.4821
2025-06-22 05:18:11,259 [INFO] Epoch 140 | Train Loss: 0.3941 | Val Loss: 3.6274 | Val Acc: 0.4286
2025-06-22 05:18:12,228 [INFO] Epoch 141 | Train Loss: 0.5421 | Val Loss: 3.1603 | Val Acc: 0.4643
2025-06-22 05:18:12,287 [INFO] Epoch 142 | Train Loss: 0.2810 | Val Loss: 3.2723 | Val Acc: 0.3571
2025-06-22 05:18:12,343 [INFO] Epoch 143 | Train Loss: 0.4519 | Val Loss: 3.6124 | Val Acc: 0.3750
2025-06-22 05:18:12,391 [INFO] Epoch 144 | Train Loss: 0.4997 | Val Loss: 3.5987 | Val Acc: 0.4821
2025-06-22 05:18:12,436 [INFO] Epoch 145 | Train Loss: 0.4436 | Val Loss: 3.2854 | Val Acc: 0.3929
2025-06-22 05:18:12,481 [INFO] Epoch 146 | Train Loss: 0.4314 | Val Loss: 3.4938 | Val Acc: 0.3929
2025-06-22 05:18:12,529 [INFO] Epoch 147 | Train Loss: 0.2060 | Val Loss: 3.5897 | Val Acc: 0.4464
2025-06-22 05:18:12,577 [INFO] Epoch 148 | Train Loss: 0.3870 | Val Loss: 4.1998 | Val Acc: 0.3929
2025-06-22 05:18:12,626 [INFO] Epoch 149 | Train Loss: 0.2199 | Val Loss: 5.0443 | Val Acc: 0.3571
2025-06-22 05:18:12,673 [INFO] Epoch 150 | Train Loss: 0.1652 | Val Loss: 4.4124 | Val Acc: 0.3393
2025-06-22 05:18:14,128 [INFO] Epoch 151 | Train Loss: 0.2354 | Val Loss: 4.8000 | Val Acc: 0.4821
2025-06-22 05:18:14,196 [INFO] Epoch 152 | Train Loss: 0.2556 | Val Loss: 4.3197 | Val Acc: 0.4821
2025-06-22 05:18:14,259 [INFO] Epoch 153 | Train Loss: 0.2516 | Val Loss: 4.0628 | Val Acc: 0.4643
2025-06-22 05:18:14,308 [INFO] Epoch 154 | Train Loss: 0.3078 | Val Loss: 3.5256 | Val Acc: 0.4821
2025-06-22 05:18:14,353 [INFO] Epoch 155 | Train Loss: 0.3574 | Val Loss: 4.3393 | Val Acc: 0.4464
2025-06-22 05:18:14,398 [INFO] Epoch 156 | Train Loss: 0.3173 | Val Loss: 4.6747 | Val Acc: 0.3571
2025-06-22 05:18:14,444 [INFO] Epoch 157 | Train Loss: 0.2931 | Val Loss: 4.3414 | Val Acc: 0.3750
2025-06-22 05:18:14,495 [INFO] Epoch 158 | Train Loss: 0.6382 | Val Loss: 4.2630 | Val Acc: 0.3929
2025-06-22 05:18:14,540 [INFO] Epoch 159 | Train Loss: 0.5529 | Val Loss: 3.9771 | Val Acc: 0.4107
2025-06-22 05:18:14,587 [INFO] Epoch 160 | Train Loss: 0.4588 | Val Loss: 4.3079 | Val Acc: 0.4821
2025-06-22 05:18:15,270 [INFO] Epoch 161 | Train Loss: 0.4829 | Val Loss: 3.8879 | Val Acc: 0.4286
2025-06-22 05:18:15,338 [INFO] Epoch 162 | Train Loss: 0.6091 | Val Loss: 4.5094 | Val Acc: 0.4286
2025-06-22 05:18:15,383 [INFO] Epoch 163 | Train Loss: 0.7908 | Val Loss: 3.9612 | Val Acc: 0.3393
2025-06-22 05:18:15,428 [INFO] Epoch 164 | Train Loss: 0.7310 | Val Loss: 3.6080 | Val Acc: 0.4643
2025-06-22 05:18:15,473 [INFO] Epoch 165 | Train Loss: 0.2811 | Val Loss: 3.8691 | Val Acc: 0.3929
2025-06-22 05:18:15,518 [INFO] Epoch 166 | Train Loss: 0.4180 | Val Loss: 3.1847 | Val Acc: 0.5536
2025-06-22 05:18:15,527 [INFO] New best model at epoch 166 (Val Acc: 0.5536)
2025-06-22 05:18:15,566 [INFO] Epoch 167 | Train Loss: 0.3215 | Val Loss: 3.2160 | Val Acc: 0.4286
2025-06-22 05:18:15,611 [INFO] Epoch 168 | Train Loss: 0.3713 | Val Loss: 3.2653 | Val Acc: 0.4107
2025-06-22 05:18:15,656 [INFO] Epoch 169 | Train Loss: 0.4702 | Val Loss: 3.0164 | Val Acc: 0.4643
2025-06-22 05:18:15,701 [INFO] Epoch 170 | Train Loss: 0.2867 | Val Loss: 2.9895 | Val Acc: 0.4464
2025-06-22 05:18:16,418 [INFO] Epoch 171 | Train Loss: 0.4225 | Val Loss: 3.0871 | Val Acc: 0.4643
2025-06-22 05:18:16,476 [INFO] Epoch 172 | Train Loss: 0.3197 | Val Loss: 3.1714 | Val Acc: 0.4643
2025-06-22 05:18:16,522 [INFO] Epoch 173 | Train Loss: 0.4818 | Val Loss: 3.8451 | Val Acc: 0.4286
2025-06-22 05:18:16,568 [INFO] Epoch 174 | Train Loss: 0.3811 | Val Loss: 3.9149 | Val Acc: 0.5179
2025-06-22 05:18:16,614 [INFO] Epoch 175 | Train Loss: 0.3937 | Val Loss: 3.8868 | Val Acc: 0.3929
2025-06-22 05:18:16,659 [INFO] Epoch 176 | Train Loss: 0.3559 | Val Loss: 3.9261 | Val Acc: 0.3571
2025-06-22 05:18:16,751 [INFO] Epoch 177 | Train Loss: 0.3410 | Val Loss: 4.0884 | Val Acc: 0.4643
2025-06-22 05:18:16,810 [INFO] Epoch 178 | Train Loss: 0.4307 | Val Loss: 3.7844 | Val Acc: 0.4286
2025-06-22 05:18:16,862 [INFO] Epoch 179 | Train Loss: 0.5355 | Val Loss: 4.3436 | Val Acc: 0.3214
2025-06-22 05:18:16,930 [INFO] Epoch 180 | Train Loss: 0.3308 | Val Loss: 4.6805 | Val Acc: 0.3214
2025-06-22 05:18:17,761 [INFO] Epoch 181 | Train Loss: 0.3304 | Val Loss: 4.3719 | Val Acc: 0.4821
2025-06-22 05:18:17,827 [INFO] Epoch 182 | Train Loss: 0.3297 | Val Loss: 3.8530 | Val Acc: 0.3571
2025-06-22 05:18:17,872 [INFO] Epoch 183 | Train Loss: 0.2440 | Val Loss: 3.5522 | Val Acc: 0.3571
2025-06-22 05:18:17,917 [INFO] Epoch 184 | Train Loss: 0.2276 | Val Loss: 3.4324 | Val Acc: 0.4286
2025-06-22 05:18:17,963 [INFO] Epoch 185 | Train Loss: 0.2184 | Val Loss: 3.7443 | Val Acc: 0.3929
2025-06-22 05:18:18,009 [INFO] Epoch 186 | Train Loss: 0.4236 | Val Loss: 3.7443 | Val Acc: 0.3750
2025-06-22 05:18:18,053 [INFO] Epoch 187 | Train Loss: 0.2119 | Val Loss: 3.9380 | Val Acc: 0.4286
2025-06-22 05:18:18,099 [INFO] Epoch 188 | Train Loss: 0.2371 | Val Loss: 3.8948 | Val Acc: 0.4107
2025-06-22 05:18:18,163 [INFO] Epoch 189 | Train Loss: 0.2318 | Val Loss: 3.8335 | Val Acc: 0.4821
2025-06-22 05:18:18,220 [INFO] Epoch 190 | Train Loss: 0.3229 | Val Loss: 3.9855 | Val Acc: 0.4643
2025-06-22 05:18:18,873 [INFO] Epoch 191 | Train Loss: 0.2769 | Val Loss: 4.0243 | Val Acc: 0.4286
2025-06-22 05:18:18,936 [INFO] Epoch 192 | Train Loss: 0.5487 | Val Loss: 4.2069 | Val Acc: 0.4286
2025-06-22 05:18:18,980 [INFO] Epoch 193 | Train Loss: 0.2022 | Val Loss: 4.2207 | Val Acc: 0.3750
2025-06-22 05:18:19,026 [INFO] Epoch 194 | Train Loss: 0.3176 | Val Loss: 3.6475 | Val Acc: 0.4821
2025-06-22 05:18:19,070 [INFO] Epoch 195 | Train Loss: 0.2886 | Val Loss: 3.7057 | Val Acc: 0.4643
2025-06-22 05:18:19,115 [INFO] Epoch 196 | Train Loss: 0.2108 | Val Loss: 3.6349 | Val Acc: 0.5179
2025-06-22 05:18:19,167 [INFO] Epoch 197 | Train Loss: 0.3034 | Val Loss: 3.7345 | Val Acc: 0.4821
2025-06-22 05:18:19,215 [INFO] Epoch 198 | Train Loss: 0.2761 | Val Loss: 3.9040 | Val Acc: 0.4286
2025-06-22 05:18:19,263 [INFO] Epoch 199 | Train Loss: 0.2473 | Val Loss: 4.4573 | Val Acc: 0.4286
2025-06-22 05:18:19,309 [INFO] Epoch 200 | Train Loss: 0.2530 | Val Loss: 3.6564 | Val Acc: 0.5000
2025-06-22 05:18:20,011 [INFO] Epoch 201 | Train Loss: 0.2313 | Val Loss: 3.5589 | Val Acc: 0.4286
2025-06-22 05:18:20,087 [INFO] Epoch 202 | Train Loss: 0.2433 | Val Loss: 3.5440 | Val Acc: 0.4821
2025-06-22 05:18:20,133 [INFO] Epoch 203 | Train Loss: 0.2581 | Val Loss: 4.3460 | Val Acc: 0.4286
2025-06-22 05:18:20,180 [INFO] Epoch 204 | Train Loss: 0.1980 | Val Loss: 4.7863 | Val Acc: 0.3929
2025-06-22 05:18:20,225 [INFO] Epoch 205 | Train Loss: 0.1546 | Val Loss: 4.9402 | Val Acc: 0.4107
2025-06-22 05:18:20,284 [INFO] Epoch 206 | Train Loss: 0.2616 | Val Loss: 3.8421 | Val Acc: 0.4821
2025-06-22 05:18:20,346 [INFO] Epoch 207 | Train Loss: 0.2509 | Val Loss: 3.4466 | Val Acc: 0.4643
2025-06-22 05:18:20,404 [INFO] Epoch 208 | Train Loss: 0.2174 | Val Loss: 4.6165 | Val Acc: 0.3929
2025-06-22 05:18:20,450 [INFO] Epoch 209 | Train Loss: 0.2668 | Val Loss: 4.8081 | Val Acc: 0.4107
2025-06-22 05:18:20,511 [INFO] Epoch 210 | Train Loss: 0.3955 | Val Loss: 4.0868 | Val Acc: 0.5357
2025-06-22 05:18:23,055 [INFO] Epoch 211 | Train Loss: 0.1492 | Val Loss: 4.3079 | Val Acc: 0.5179
2025-06-22 05:18:23,112 [INFO] Epoch 212 | Train Loss: 0.2662 | Val Loss: 4.4631 | Val Acc: 0.4643
2025-06-22 05:18:23,167 [INFO] Epoch 213 | Train Loss: 0.1648 | Val Loss: 4.2125 | Val Acc: 0.4643
2025-06-22 05:18:23,217 [INFO] Epoch 214 | Train Loss: 0.2594 | Val Loss: 3.5844 | Val Acc: 0.4643
2025-06-22 05:18:23,263 [INFO] Epoch 215 | Train Loss: 0.2689 | Val Loss: 3.5636 | Val Acc: 0.4286
2025-06-22 05:18:23,315 [INFO] Epoch 216 | Train Loss: 0.2144 | Val Loss: 3.7658 | Val Acc: 0.4107
2025-06-22 05:18:23,362 [INFO] Epoch 217 | Train Loss: 0.2947 | Val Loss: 4.1161 | Val Acc: 0.4464
2025-06-22 05:18:23,415 [INFO] Epoch 218 | Train Loss: 0.2079 | Val Loss: 4.3716 | Val Acc: 0.4821
2025-06-22 05:18:23,478 [INFO] Epoch 219 | Train Loss: 0.3050 | Val Loss: 3.7150 | Val Acc: 0.5357
2025-06-22 05:18:23,564 [INFO] Epoch 220 | Train Loss: 0.3199 | Val Loss: 3.7110 | Val Acc: 0.4643
2025-06-22 05:18:24,237 [INFO] Epoch 221 | Train Loss: 0.3383 | Val Loss: 4.5926 | Val Acc: 0.3750
2025-06-22 05:18:24,307 [INFO] Epoch 222 | Train Loss: 0.3463 | Val Loss: 4.5267 | Val Acc: 0.4286
2025-06-22 05:18:24,352 [INFO] Epoch 223 | Train Loss: 0.5344 | Val Loss: 3.8721 | Val Acc: 0.4464
2025-06-22 05:18:24,398 [INFO] Epoch 224 | Train Loss: 0.2664 | Val Loss: 4.4688 | Val Acc: 0.4643
2025-06-22 05:18:24,444 [INFO] Epoch 225 | Train Loss: 0.1763 | Val Loss: 4.7039 | Val Acc: 0.3393
2025-06-22 05:18:24,501 [INFO] Epoch 226 | Train Loss: 0.2804 | Val Loss: 5.2504 | Val Acc: 0.3571
2025-06-22 05:18:24,560 [INFO] Epoch 227 | Train Loss: 0.2666 | Val Loss: 4.5728 | Val Acc: 0.3750
2025-06-22 05:18:24,613 [INFO] Epoch 228 | Train Loss: 0.2303 | Val Loss: 4.9711 | Val Acc: 0.4107
2025-06-22 05:18:24,660 [INFO] Epoch 229 | Train Loss: 0.2988 | Val Loss: 4.7156 | Val Acc: 0.4107
2025-06-22 05:18:24,803 [INFO] Epoch 230 | Train Loss: 0.3303 | Val Loss: 4.9043 | Val Acc: 0.3750
2025-06-22 05:18:25,465 [INFO] Epoch 231 | Train Loss: 0.1823 | Val Loss: 5.0302 | Val Acc: 0.4107
2025-06-22 05:18:25,539 [INFO] Epoch 232 | Train Loss: 0.2991 | Val Loss: 4.8706 | Val Acc: 0.3929
2025-06-22 05:18:25,607 [INFO] Epoch 233 | Train Loss: 0.3892 | Val Loss: 5.1561 | Val Acc: 0.3571
2025-06-22 05:18:25,657 [INFO] Epoch 234 | Train Loss: 0.5850 | Val Loss: 4.7206 | Val Acc: 0.3393
2025-06-22 05:18:25,723 [INFO] Epoch 235 | Train Loss: 0.1895 | Val Loss: 4.9858 | Val Acc: 0.3929
2025-06-22 05:18:25,769 [INFO] Epoch 236 | Train Loss: 0.6138 | Val Loss: 4.0203 | Val Acc: 0.3571
2025-06-22 05:18:25,815 [INFO] Epoch 237 | Train Loss: 0.4204 | Val Loss: 3.9663 | Val Acc: 0.4286
2025-06-22 05:18:25,866 [INFO] Epoch 238 | Train Loss: 0.6929 | Val Loss: 4.3560 | Val Acc: 0.4464
2025-06-22 05:18:25,928 [INFO] Epoch 239 | Train Loss: 0.3570 | Val Loss: 5.9362 | Val Acc: 0.3750
2025-06-22 05:18:25,981 [INFO] Epoch 240 | Train Loss: 0.2977 | Val Loss: 5.1021 | Val Acc: 0.3214
2025-06-22 05:18:26,679 [INFO] Epoch 241 | Train Loss: 0.3215 | Val Loss: 4.2862 | Val Acc: 0.4286
2025-06-22 05:18:26,747 [INFO] Epoch 242 | Train Loss: 0.2704 | Val Loss: 4.7716 | Val Acc: 0.4286
2025-06-22 05:18:26,792 [INFO] Epoch 243 | Train Loss: 0.1849 | Val Loss: 4.7489 | Val Acc: 0.4107
2025-06-22 05:18:26,839 [INFO] Epoch 244 | Train Loss: 0.3623 | Val Loss: 4.7676 | Val Acc: 0.3750
2025-06-22 05:18:26,886 [INFO] Epoch 245 | Train Loss: 0.3432 | Val Loss: 5.1726 | Val Acc: 0.3571
2025-06-22 05:18:26,931 [INFO] Epoch 246 | Train Loss: 0.2756 | Val Loss: 6.5904 | Val Acc: 0.3929
2025-06-22 05:18:26,977 [INFO] Epoch 247 | Train Loss: 0.3684 | Val Loss: 5.5728 | Val Acc: 0.3393
2025-06-22 05:18:27,025 [INFO] Epoch 248 | Train Loss: 0.3061 | Val Loss: 5.4302 | Val Acc: 0.3571
2025-06-22 05:18:27,075 [INFO] Epoch 249 | Train Loss: 0.2579 | Val Loss: 5.8118 | Val Acc: 0.3571
2025-06-22 05:18:27,121 [INFO] Epoch 250 | Train Loss: 0.2142 | Val Loss: 5.1207 | Val Acc: 0.3750
2025-06-22 05:18:28,157 [INFO] Epoch 251 | Train Loss: 0.2446 | Val Loss: 4.9210 | Val Acc: 0.4464
2025-06-22 05:18:28,219 [INFO] Epoch 252 | Train Loss: 0.2155 | Val Loss: 4.1721 | Val Acc: 0.5000
2025-06-22 05:18:28,274 [INFO] Epoch 253 | Train Loss: 0.4224 | Val Loss: 4.5778 | Val Acc: 0.5000
2025-06-22 05:18:28,319 [INFO] Epoch 254 | Train Loss: 0.2702 | Val Loss: 4.5636 | Val Acc: 0.4643
2025-06-22 05:18:28,364 [INFO] Epoch 255 | Train Loss: 0.2145 | Val Loss: 5.2075 | Val Acc: 0.4643
2025-06-22 05:18:28,409 [INFO] Epoch 256 | Train Loss: 0.2926 | Val Loss: 5.6230 | Val Acc: 0.3750
2025-06-22 05:18:28,455 [INFO] Epoch 257 | Train Loss: 0.1805 | Val Loss: 5.3812 | Val Acc: 0.3750
2025-06-22 05:18:28,499 [INFO] Epoch 258 | Train Loss: 0.2029 | Val Loss: 5.4939 | Val Acc: 0.4643
2025-06-22 05:18:28,546 [INFO] Epoch 259 | Train Loss: 0.2285 | Val Loss: 6.3163 | Val Acc: 0.4107
2025-06-22 05:18:28,593 [INFO] Epoch 260 | Train Loss: 0.2177 | Val Loss: 6.2172 | Val Acc: 0.3929
2025-06-22 05:18:29,272 [INFO] Epoch 261 | Train Loss: 0.2181 | Val Loss: 6.1454 | Val Acc: 0.3571
2025-06-22 05:18:29,342 [INFO] Epoch 262 | Train Loss: 0.2558 | Val Loss: 5.3399 | Val Acc: 0.3929
2025-06-22 05:18:29,386 [INFO] Epoch 263 | Train Loss: 0.2137 | Val Loss: 4.6607 | Val Acc: 0.4464
2025-06-22 05:18:29,434 [INFO] Epoch 264 | Train Loss: 0.3833 | Val Loss: 3.9415 | Val Acc: 0.5000
2025-06-22 05:18:29,481 [INFO] Epoch 265 | Train Loss: 0.1834 | Val Loss: 3.5691 | Val Acc: 0.5179
2025-06-22 05:18:29,526 [INFO] Epoch 266 | Train Loss: 0.2857 | Val Loss: 4.1746 | Val Acc: 0.4286
2025-06-22 05:18:29,571 [INFO] Epoch 267 | Train Loss: 0.1975 | Val Loss: 4.2394 | Val Acc: 0.4821
2025-06-22 05:18:29,617 [INFO] Epoch 268 | Train Loss: 0.3306 | Val Loss: 4.7532 | Val Acc: 0.3929
2025-06-22 05:18:29,663 [INFO] Epoch 269 | Train Loss: 0.4334 | Val Loss: 4.4113 | Val Acc: 0.4286
2025-06-22 05:18:29,708 [INFO] Epoch 270 | Train Loss: 0.3432 | Val Loss: 5.3369 | Val Acc: 0.3571
2025-06-22 05:18:30,388 [INFO] Epoch 271 | Train Loss: 0.2718 | Val Loss: 6.4112 | Val Acc: 0.3571
2025-06-22 05:18:30,451 [INFO] Epoch 272 | Train Loss: 0.4886 | Val Loss: 5.8593 | Val Acc: 0.4286
2025-06-22 05:18:30,497 [INFO] Epoch 273 | Train Loss: 0.4499 | Val Loss: 4.6714 | Val Acc: 0.4464
2025-06-22 05:18:30,544 [INFO] Epoch 274 | Train Loss: 0.1984 | Val Loss: 4.7255 | Val Acc: 0.4286
2025-06-22 05:18:30,593 [INFO] Epoch 275 | Train Loss: 0.2236 | Val Loss: 4.7642 | Val Acc: 0.3929
2025-06-22 05:18:30,638 [INFO] Epoch 276 | Train Loss: 0.2040 | Val Loss: 4.7240 | Val Acc: 0.5000
2025-06-22 05:18:30,682 [INFO] Epoch 277 | Train Loss: 0.1720 | Val Loss: 4.6436 | Val Acc: 0.4821
2025-06-22 05:18:30,727 [INFO] Epoch 278 | Train Loss: 0.1280 | Val Loss: 4.1970 | Val Acc: 0.3393
2025-06-22 05:18:30,773 [INFO] Epoch 279 | Train Loss: 0.1741 | Val Loss: 4.4721 | Val Acc: 0.3571
2025-06-22 05:18:30,819 [INFO] Epoch 280 | Train Loss: 0.1506 | Val Loss: 4.4153 | Val Acc: 0.3571
2025-06-22 05:18:31,477 [INFO] Epoch 281 | Train Loss: 0.2553 | Val Loss: 4.7081 | Val Acc: 0.3750
2025-06-22 05:18:31,543 [INFO] Epoch 282 | Train Loss: 0.0821 | Val Loss: 4.7314 | Val Acc: 0.3750
2025-06-22 05:18:31,623 [INFO] Epoch 283 | Train Loss: 0.1267 | Val Loss: 4.7619 | Val Acc: 0.4286
2025-06-22 05:18:31,672 [INFO] Epoch 284 | Train Loss: 0.1820 | Val Loss: 4.9862 | Val Acc: 0.4286
2025-06-22 05:18:31,733 [INFO] Epoch 285 | Train Loss: 0.1776 | Val Loss: 5.3137 | Val Acc: 0.4107
2025-06-22 05:18:31,779 [INFO] Epoch 286 | Train Loss: 0.2378 | Val Loss: 5.6713 | Val Acc: 0.4107
2025-06-22 05:18:31,825 [INFO] Epoch 287 | Train Loss: 0.1702 | Val Loss: 5.4746 | Val Acc: 0.4286
2025-06-22 05:18:31,871 [INFO] Epoch 288 | Train Loss: 0.1870 | Val Loss: 5.7617 | Val Acc: 0.4643
2025-06-22 05:18:31,915 [INFO] Epoch 289 | Train Loss: 0.2268 | Val Loss: 5.9521 | Val Acc: 0.4643
2025-06-22 05:18:31,966 [INFO] Epoch 290 | Train Loss: 0.3313 | Val Loss: 6.5304 | Val Acc: 0.3929
2025-06-22 05:18:32,715 [INFO] Epoch 291 | Train Loss: 0.3590 | Val Loss: 4.8624 | Val Acc: 0.3929
2025-06-22 05:18:32,804 [INFO] Epoch 292 | Train Loss: 0.3501 | Val Loss: 4.3354 | Val Acc: 0.4286
2025-06-22 05:18:32,849 [INFO] Epoch 293 | Train Loss: 0.2080 | Val Loss: 4.7876 | Val Acc: 0.4286
2025-06-22 05:18:32,894 [INFO] Epoch 294 | Train Loss: 0.2350 | Val Loss: 4.8044 | Val Acc: 0.4464
2025-06-22 05:18:32,939 [INFO] Epoch 295 | Train Loss: 0.1301 | Val Loss: 4.4004 | Val Acc: 0.5179
2025-06-22 05:18:32,985 [INFO] Epoch 296 | Train Loss: 0.3717 | Val Loss: 4.5155 | Val Acc: 0.4821
2025-06-22 05:18:33,031 [INFO] Epoch 297 | Train Loss: 0.1579 | Val Loss: 5.1372 | Val Acc: 0.4643
2025-06-22 05:18:33,089 [INFO] Epoch 298 | Train Loss: 0.2709 | Val Loss: 5.1931 | Val Acc: 0.4286
2025-06-22 05:18:33,143 [INFO] Epoch 299 | Train Loss: 0.2696 | Val Loss: 4.6047 | Val Acc: 0.4643
2025-06-22 05:18:33,190 [INFO] Epoch 300 | Train Loss: 0.3565 | Val Loss: 4.7313 | Val Acc: 0.4107
2025-06-22 05:18:33,795 [INFO] Best model saved to <built-in function time>/ENZYMES/best/best_source_gin.pth (Val Acc: 0.5536 at epoch 166)
2025-06-22 05:18:33,795 [INFO] Training/validation metrics saved to <built-in function time>/ENZYMES/GIN_0.001/train_metrics.csv
2025-06-22 05:18:34,424 [INFO] Final training curves saved
2025-06-22 05:18:34,425 [INFO] Training completed!
2025-06-22 05:18:34,425 [INFO] Best validation accuracy: 0.5536
2025-06-22 05:18:34,425 [INFO] Best epoch: 166
2025-06-22 05:18:34,425 [INFO] Total epochs trained: 300
2025-06-22 05:18:34,425 [INFO] Starting training with parameters: (0.001, 0.3, 256, 3, 400, 0.0)
