2025-06-22 10:49:04,503 [INFO] Using device: cpu
2025-06-22 10:49:04,503 [INFO] 开始创建数据加载器...
2025-06-22 10:49:04,506 [INFO] Successfully loaded dataset ENZYMES from ./data, total graphs: 600
2025-06-22 10:49:04,507 [INFO] Class allocation analysis:
2025-06-22 10:49:04,507 [INFO]   Source classes: [0, 1, 2, 3]
2025-06-22 10:49:04,507 [INFO]   Target classes: [0, 1, 2, 3, 4, 5]
2025-06-22 10:49:04,507 [INFO]   Overlap classes (to be split): [0, 1, 2, 3]
2025-06-22 10:49:04,507 [INFO]   Target novel classes (unknown): [4, 5]
2025-06-22 10:49:04,522 [INFO]   Class 0: 100 total -> Source: 70, Target: 30
2025-06-22 10:49:04,523 [INFO]   Class 1: 100 total -> Source: 70, Target: 30
2025-06-22 10:49:04,523 [INFO]   Class 2: 100 total -> Source: 70, Target: 30
2025-06-22 10:49:04,523 [INFO]   Class 3: 100 total -> Source: 70, Target: 30
2025-06-22 10:49:04,523 [INFO]   Class 4 (novel/unknown): 100 samples -> Target
2025-06-22 10:49:04,523 [INFO]   Class 5 (novel/unknown): 100 samples -> Target
2025-06-22 10:49:04,523 [INFO] Final allocation:
2025-06-22 10:49:04,523 [INFO]   Source domain: 280 samples
2025-06-22 10:49:04,523 [INFO]   Target domain: 320 samples
2025-06-22 10:49:04,525 [INFO] Source domain setup:
2025-06-22 10:49:04,525 [INFO]   Original classes: [0, 1, 2, 3]
2025-06-22 10:49:04,525 [INFO]   Overlap classes used: [0, 1, 2, 3]
2025-06-22 10:49:04,525 [INFO]   Label mapping: {0: 0, 1: 1, 2: 2, 3: 3}
2025-06-22 10:49:04,525 [INFO]   Total data after allocation: 280
2025-06-22 10:49:04,525 [INFO]   Data split - Train: 224, Val: 56
2025-06-22 10:49:04,525 [INFO]   Train label distribution: {0: 56, 1: 56, 3: 56, 2: 56}
2025-06-22 10:49:04,525 [INFO]   Val label distribution: {1: 14, 2: 14, 0: 14, 3: 14}
2025-06-22 10:49:04,527 [INFO] Successfully loaded dataset ENZYMES from ./data, total graphs: 600
2025-06-22 10:49:04,527 [INFO] Class allocation analysis:
2025-06-22 10:49:04,527 [INFO]   Source classes: [0, 1, 2, 3]
2025-06-22 10:49:04,527 [INFO]   Target classes: [0, 1, 2, 3, 4, 5]
2025-06-22 10:49:04,527 [INFO]   Overlap classes (to be split): [0, 1, 2, 3]
2025-06-22 10:49:04,527 [INFO]   Target novel classes (unknown): [4, 5]
2025-06-22 10:49:04,540 [INFO]   Class 0: 100 total -> Source: 70, Target: 30
2025-06-22 10:49:04,541 [INFO]   Class 1: 100 total -> Source: 70, Target: 30
2025-06-22 10:49:04,541 [INFO]   Class 2: 100 total -> Source: 70, Target: 30
2025-06-22 10:49:04,541 [INFO]   Class 3: 100 total -> Source: 70, Target: 30
2025-06-22 10:49:04,541 [INFO]   Class 4 (novel/unknown): 100 samples -> Target
2025-06-22 10:49:04,541 [INFO]   Class 5 (novel/unknown): 100 samples -> Target
2025-06-22 10:49:04,541 [INFO] Final allocation:
2025-06-22 10:49:04,541 [INFO]   Source domain: 280 samples
2025-06-22 10:49:04,541 [INFO]   Target domain: 320 samples
2025-06-22 10:49:04,543 [INFO] Target domain setup:
2025-06-22 10:49:04,543 [INFO]   Original classes: [0, 1, 2, 3, 4, 5]
2025-06-22 10:49:04,543 [INFO]   Overlap classes: [0, 1, 2, 3]
2025-06-22 10:49:04,543 [INFO]   Novel classes: [4, 5] -> mapped to unknown label 4
2025-06-22 10:49:04,543 [INFO]   Label mapping: {0: 0, 1: 1, 2: 2, 3: 3, 4: 4, 5: 4}
2025-06-22 10:49:04,543 [INFO]   Total data after allocation: 320
2025-06-22 10:49:04,543 [INFO]   Data split - Train: 256, Val: 64
2025-06-22 10:49:04,543 [INFO]   Total count: 320 (known: 120, unknown: 200)
2025-06-22 10:49:04,543 [INFO]   Total label distribution: {4: 200, 3: 30, 0: 30, 1: 30, 2: 30}
2025-06-22 10:49:04,543 [INFO]   Train label distribution: {4: 160, 0: 24, 2: 24, 3: 24, 1: 24}
2025-06-22 10:49:04,543 [INFO]   Val label distribution: {1: 6, 4: 40, 3: 6, 0: 6, 2: 6}
2025-06-22 10:49:04,544 [INFO] 数据加载器创建完成!
2025-06-22 10:49:04,544 [INFO] 源域类别数: 4 (重叠类别)
2025-06-22 10:49:04,544 [INFO] 目标域类别数: 5 (4个重叠类别 + 1个未知类别)
2025-06-22 10:49:04,544 [INFO] 重叠类别: [0, 1, 2, 3]
2025-06-22 10:49:04,544 [INFO] 目标域新类别: [4, 5]
2025-06-22 10:49:04,544 [INFO] Data allocation verification:
2025-06-22 10:49:04,544 [INFO]   Source data samples: 280
2025-06-22 10:49:04,544 [INFO]   Target data samples: 320
2025-06-22 10:49:04,544 [INFO]   Overlapping samples: 0
2025-06-22 10:49:04,544 [INFO]   ✓ Data allocation is correct - no overlapping samples
2025-06-22 10:49:04,548 [INFO] Model initialized with 599300 parameters
2025-06-22 10:49:04,548 [INFO] Previous best validation accuracy read from record.txt: 0.6250
2025-06-22 10:49:04,548 [INFO] Starting training...
2025-06-22 10:49:04,720 [INFO] Epoch 001 | Train Loss: 12.1526 | Val Loss: 1.4851 | Val Acc: 0.2500
2025-06-22 10:49:05,599 [INFO] New best model at epoch 1 (Val Acc: 0.2500)
2025-06-22 10:49:05,765 [INFO] Epoch 002 | Train Loss: 10.0512 | Val Loss: 2.0222 | Val Acc: 0.2679
2025-06-22 10:49:05,778 [INFO] New best model at epoch 2 (Val Acc: 0.2679)
2025-06-22 10:49:05,860 [INFO] Epoch 003 | Train Loss: 8.8261 | Val Loss: 2.5164 | Val Acc: 0.3214
2025-06-22 10:49:05,874 [INFO] New best model at epoch 3 (Val Acc: 0.3214)
2025-06-22 10:49:05,946 [INFO] Epoch 004 | Train Loss: 6.0076 | Val Loss: 2.0341 | Val Acc: 0.3571
2025-06-22 10:49:05,960 [INFO] New best model at epoch 4 (Val Acc: 0.3571)
2025-06-22 10:49:06,026 [INFO] Epoch 005 | Train Loss: 6.2342 | Val Loss: 2.9045 | Val Acc: 0.4107
2025-06-22 10:49:06,041 [INFO] New best model at epoch 5 (Val Acc: 0.4107)
2025-06-22 10:49:06,111 [INFO] Epoch 006 | Train Loss: 7.5474 | Val Loss: 6.6534 | Val Acc: 0.2857
2025-06-22 10:49:06,198 [INFO] Epoch 007 | Train Loss: 5.9509 | Val Loss: 3.9085 | Val Acc: 0.2857
2025-06-22 10:49:06,276 [INFO] Epoch 008 | Train Loss: 4.7817 | Val Loss: 3.2002 | Val Acc: 0.3750
2025-06-22 10:49:06,381 [INFO] Epoch 009 | Train Loss: 5.1787 | Val Loss: 3.2066 | Val Acc: 0.3393
2025-06-22 10:49:06,462 [INFO] Epoch 010 | Train Loss: 4.7327 | Val Loss: 3.6311 | Val Acc: 0.3393
2025-06-22 10:49:07,342 [INFO] Epoch 011 | Train Loss: 3.3796 | Val Loss: 3.0194 | Val Acc: 0.3214
2025-06-22 10:49:07,443 [INFO] Epoch 012 | Train Loss: 4.9261 | Val Loss: 2.3605 | Val Acc: 0.3571
2025-06-22 10:49:07,527 [INFO] Epoch 013 | Train Loss: 4.2460 | Val Loss: 2.5005 | Val Acc: 0.3929
2025-06-22 10:49:07,614 [INFO] Epoch 014 | Train Loss: 3.3091 | Val Loss: 4.4102 | Val Acc: 0.4821
2025-06-22 10:49:07,628 [INFO] New best model at epoch 14 (Val Acc: 0.4821)
2025-06-22 10:49:07,694 [INFO] Epoch 015 | Train Loss: 3.4683 | Val Loss: 4.7790 | Val Acc: 0.3750
2025-06-22 10:49:07,779 [INFO] Epoch 016 | Train Loss: 3.9612 | Val Loss: 3.4751 | Val Acc: 0.3571
2025-06-22 10:49:07,855 [INFO] Epoch 017 | Train Loss: 3.6270 | Val Loss: 4.3665 | Val Acc: 0.3036
2025-06-22 10:49:07,931 [INFO] Epoch 018 | Train Loss: 3.0947 | Val Loss: 5.9210 | Val Acc: 0.4107
2025-06-22 10:49:08,008 [INFO] Epoch 019 | Train Loss: 3.7166 | Val Loss: 3.8566 | Val Acc: 0.3393
2025-06-22 10:49:08,084 [INFO] Epoch 020 | Train Loss: 3.0176 | Val Loss: 4.8374 | Val Acc: 0.4286
2025-06-22 10:49:09,011 [INFO] Epoch 021 | Train Loss: 2.6743 | Val Loss: 5.2314 | Val Acc: 0.3750
2025-06-22 10:49:09,086 [INFO] Epoch 022 | Train Loss: 2.8722 | Val Loss: 4.0308 | Val Acc: 0.4107
2025-06-22 10:49:09,164 [INFO] Epoch 023 | Train Loss: 3.2724 | Val Loss: 3.5827 | Val Acc: 0.3750
2025-06-22 10:49:09,240 [INFO] Epoch 024 | Train Loss: 3.0517 | Val Loss: 2.2864 | Val Acc: 0.4107
2025-06-22 10:49:09,316 [INFO] Epoch 025 | Train Loss: 2.1466 | Val Loss: 1.9258 | Val Acc: 0.3571
2025-06-22 10:49:09,393 [INFO] Epoch 026 | Train Loss: 2.4555 | Val Loss: 4.2487 | Val Acc: 0.3393
2025-06-22 10:49:09,483 [INFO] Epoch 027 | Train Loss: 1.4630 | Val Loss: 5.2288 | Val Acc: 0.4107
2025-06-22 10:49:09,588 [INFO] Epoch 028 | Train Loss: 1.5490 | Val Loss: 4.4269 | Val Acc: 0.3929
2025-06-22 10:49:09,666 [INFO] Epoch 029 | Train Loss: 2.9871 | Val Loss: 3.6624 | Val Acc: 0.3036
2025-06-22 10:49:09,743 [INFO] Epoch 030 | Train Loss: 2.5904 | Val Loss: 3.3131 | Val Acc: 0.3214
2025-06-22 10:49:11,227 [INFO] Epoch 031 | Train Loss: 1.6128 | Val Loss: 3.8165 | Val Acc: 0.4464
2025-06-22 10:49:11,304 [INFO] Epoch 032 | Train Loss: 1.6281 | Val Loss: 3.8218 | Val Acc: 0.3929
2025-06-22 10:49:11,381 [INFO] Epoch 033 | Train Loss: 2.9683 | Val Loss: 2.9031 | Val Acc: 0.3750
2025-06-22 10:49:11,457 [INFO] Epoch 034 | Train Loss: 2.7723 | Val Loss: 2.5262 | Val Acc: 0.3571
2025-06-22 10:49:11,535 [INFO] Epoch 035 | Train Loss: 3.2629 | Val Loss: 2.6289 | Val Acc: 0.3393
2025-06-22 10:49:11,612 [INFO] Epoch 036 | Train Loss: 1.7593 | Val Loss: 2.6135 | Val Acc: 0.3214
2025-06-22 10:49:11,701 [INFO] Epoch 037 | Train Loss: 1.7250 | Val Loss: 3.1871 | Val Acc: 0.3571
2025-06-22 10:49:11,780 [INFO] Epoch 038 | Train Loss: 1.3075 | Val Loss: 2.8079 | Val Acc: 0.3571
2025-06-22 10:49:11,857 [INFO] Epoch 039 | Train Loss: 2.1629 | Val Loss: 1.8373 | Val Acc: 0.3929
2025-06-22 10:49:11,933 [INFO] Epoch 040 | Train Loss: 1.1251 | Val Loss: 1.8513 | Val Acc: 0.3214
2025-06-22 10:49:12,840 [INFO] Epoch 041 | Train Loss: 1.3068 | Val Loss: 1.9776 | Val Acc: 0.3750
2025-06-22 10:49:12,915 [INFO] Epoch 042 | Train Loss: 2.0023 | Val Loss: 2.2584 | Val Acc: 0.3750
2025-06-22 10:49:12,990 [INFO] Epoch 043 | Train Loss: 1.9123 | Val Loss: 2.2060 | Val Acc: 0.4286
2025-06-22 10:49:13,066 [INFO] Epoch 044 | Train Loss: 1.3624 | Val Loss: 2.4461 | Val Acc: 0.3929
2025-06-22 10:49:13,145 [INFO] Epoch 045 | Train Loss: 2.1057 | Val Loss: 1.7100 | Val Acc: 0.4107
2025-06-22 10:49:13,221 [INFO] Epoch 046 | Train Loss: 1.5717 | Val Loss: 2.0396 | Val Acc: 0.4107
2025-06-22 10:49:13,309 [INFO] Epoch 047 | Train Loss: 2.1747 | Val Loss: 2.9943 | Val Acc: 0.3750
2025-06-22 10:49:13,385 [INFO] Epoch 048 | Train Loss: 1.6150 | Val Loss: 5.2152 | Val Acc: 0.3393
2025-06-22 10:49:13,462 [INFO] Epoch 049 | Train Loss: 1.3433 | Val Loss: 2.9954 | Val Acc: 0.3571
2025-06-22 10:49:13,538 [INFO] Epoch 050 | Train Loss: 1.6033 | Val Loss: 1.9022 | Val Acc: 0.4821
2025-06-22 10:49:14,414 [INFO] Epoch 051 | Train Loss: 1.2918 | Val Loss: 2.3613 | Val Acc: 0.4464
2025-06-22 10:49:14,489 [INFO] Epoch 052 | Train Loss: 1.0903 | Val Loss: 2.7341 | Val Acc: 0.4107
2025-06-22 10:49:14,567 [INFO] Epoch 053 | Train Loss: 1.2703 | Val Loss: 2.0546 | Val Acc: 0.5179
2025-06-22 10:49:14,579 [INFO] New best model at epoch 53 (Val Acc: 0.5179)
2025-06-22 10:49:14,645 [INFO] Epoch 054 | Train Loss: 1.1782 | Val Loss: 1.8183 | Val Acc: 0.4821
2025-06-22 10:49:14,729 [INFO] Epoch 055 | Train Loss: 0.9321 | Val Loss: 2.0036 | Val Acc: 0.4286
2025-06-22 10:49:14,834 [INFO] Epoch 056 | Train Loss: 2.1094 | Val Loss: 2.1127 | Val Acc: 0.3571
2025-06-22 10:49:14,934 [INFO] Epoch 057 | Train Loss: 0.7505 | Val Loss: 2.1518 | Val Acc: 0.3393
2025-06-22 10:49:15,012 [INFO] Epoch 058 | Train Loss: 1.4828 | Val Loss: 2.8002 | Val Acc: 0.3929
2025-06-22 10:49:15,090 [INFO] Epoch 059 | Train Loss: 1.1297 | Val Loss: 2.9504 | Val Acc: 0.4286
2025-06-22 10:49:15,168 [INFO] Epoch 060 | Train Loss: 2.0004 | Val Loss: 5.0992 | Val Acc: 0.4643
2025-06-22 10:49:16,099 [INFO] Epoch 061 | Train Loss: 1.3964 | Val Loss: 3.4914 | Val Acc: 0.4643
2025-06-22 10:49:16,175 [INFO] Epoch 062 | Train Loss: 1.7769 | Val Loss: 1.8474 | Val Acc: 0.4821
2025-06-22 10:49:16,262 [INFO] Epoch 063 | Train Loss: 1.6292 | Val Loss: 2.0192 | Val Acc: 0.4643
2025-06-22 10:49:16,338 [INFO] Epoch 064 | Train Loss: 1.8095 | Val Loss: 1.9153 | Val Acc: 0.4464
2025-06-22 10:49:16,416 [INFO] Epoch 065 | Train Loss: 0.9009 | Val Loss: 2.4530 | Val Acc: 0.3571
2025-06-22 10:49:16,492 [INFO] Epoch 066 | Train Loss: 1.0416 | Val Loss: 2.4539 | Val Acc: 0.5000
2025-06-22 10:49:16,574 [INFO] Epoch 067 | Train Loss: 2.0226 | Val Loss: 2.6760 | Val Acc: 0.4286
2025-06-22 10:49:16,662 [INFO] Epoch 068 | Train Loss: 1.3477 | Val Loss: 2.6394 | Val Acc: 0.3929
2025-06-22 10:49:16,739 [INFO] Epoch 069 | Train Loss: 1.3353 | Val Loss: 3.1715 | Val Acc: 0.4107
2025-06-22 10:49:16,827 [INFO] Epoch 070 | Train Loss: 1.1344 | Val Loss: 4.7724 | Val Acc: 0.3750
2025-06-22 10:49:17,736 [INFO] Epoch 071 | Train Loss: 0.7974 | Val Loss: 4.5223 | Val Acc: 0.4107
2025-06-22 10:49:17,811 [INFO] Epoch 072 | Train Loss: 1.9328 | Val Loss: 2.4857 | Val Acc: 0.4821
2025-06-22 10:49:17,888 [INFO] Epoch 073 | Train Loss: 1.5168 | Val Loss: 2.5892 | Val Acc: 0.4464
2025-06-22 10:49:17,974 [INFO] Epoch 074 | Train Loss: 0.7104 | Val Loss: 2.8504 | Val Acc: 0.3929
2025-06-22 10:49:18,074 [INFO] Epoch 075 | Train Loss: 1.0277 | Val Loss: 2.5290 | Val Acc: 0.3393
2025-06-22 10:49:18,177 [INFO] Epoch 076 | Train Loss: 1.1512 | Val Loss: 3.1948 | Val Acc: 0.3214
2025-06-22 10:49:18,256 [INFO] Epoch 077 | Train Loss: 0.7005 | Val Loss: 3.4229 | Val Acc: 0.4464
2025-06-22 10:49:18,334 [INFO] Epoch 078 | Train Loss: 0.7988 | Val Loss: 2.9924 | Val Acc: 0.3750
2025-06-22 10:49:18,421 [INFO] Epoch 079 | Train Loss: 1.0408 | Val Loss: 3.6455 | Val Acc: 0.3214
2025-06-22 10:49:18,498 [INFO] Epoch 080 | Train Loss: 0.7674 | Val Loss: 5.3538 | Val Acc: 0.3929
2025-06-22 10:49:19,416 [INFO] Epoch 081 | Train Loss: 1.1379 | Val Loss: 4.6971 | Val Acc: 0.2857
2025-06-22 10:49:19,491 [INFO] Epoch 082 | Train Loss: 0.7836 | Val Loss: 5.0418 | Val Acc: 0.3750
2025-06-22 10:49:19,567 [INFO] Epoch 083 | Train Loss: 1.0164 | Val Loss: 3.1072 | Val Acc: 0.3571
2025-06-22 10:49:19,647 [INFO] Epoch 084 | Train Loss: 0.8745 | Val Loss: 2.9231 | Val Acc: 0.3929
2025-06-22 10:49:19,733 [INFO] Epoch 085 | Train Loss: 0.6024 | Val Loss: 3.4499 | Val Acc: 0.5000
2025-06-22 10:49:19,812 [INFO] Epoch 086 | Train Loss: 1.1248 | Val Loss: 3.9039 | Val Acc: 0.5000
2025-06-22 10:49:19,901 [INFO] Epoch 087 | Train Loss: 0.8923 | Val Loss: 3.7510 | Val Acc: 0.3750
2025-06-22 10:49:19,982 [INFO] Epoch 088 | Train Loss: 1.3470 | Val Loss: 2.3775 | Val Acc: 0.4286
2025-06-22 10:49:20,063 [INFO] Epoch 089 | Train Loss: 0.4340 | Val Loss: 2.2994 | Val Acc: 0.3929
2025-06-22 10:49:20,171 [INFO] Epoch 090 | Train Loss: 0.6669 | Val Loss: 2.7548 | Val Acc: 0.4107
2025-06-22 10:49:21,036 [INFO] Epoch 091 | Train Loss: 0.8082 | Val Loss: 3.2464 | Val Acc: 0.4464
2025-06-22 10:49:21,111 [INFO] Epoch 092 | Train Loss: 1.5518 | Val Loss: 3.7790 | Val Acc: 0.3750
2025-06-22 10:49:21,187 [INFO] Epoch 093 | Train Loss: 0.7381 | Val Loss: 3.9738 | Val Acc: 0.3750
2025-06-22 10:49:21,285 [INFO] Epoch 094 | Train Loss: 0.9071 | Val Loss: 4.2190 | Val Acc: 0.3750
2025-06-22 10:49:21,368 [INFO] Epoch 095 | Train Loss: 0.7110 | Val Loss: 4.1720 | Val Acc: 0.4286
2025-06-22 10:49:21,446 [INFO] Epoch 096 | Train Loss: 0.6662 | Val Loss: 2.8744 | Val Acc: 0.3750
2025-06-22 10:49:21,526 [INFO] Epoch 097 | Train Loss: 0.5295 | Val Loss: 2.9198 | Val Acc: 0.4643
2025-06-22 10:49:21,602 [INFO] Epoch 098 | Train Loss: 1.5303 | Val Loss: 2.9066 | Val Acc: 0.4286
2025-06-22 10:49:21,680 [INFO] Epoch 099 | Train Loss: 0.7564 | Val Loss: 4.0014 | Val Acc: 0.3750
2025-06-22 10:49:21,756 [INFO] Epoch 100 | Train Loss: 0.9912 | Val Loss: 4.0914 | Val Acc: 0.4464
2025-06-22 10:49:24,968 [INFO] Best model saved to <built-in function time>/ENZYMES/best/best_source_gin.pth (Val Acc: 0.5179 at epoch 53)
2025-06-22 10:49:24,970 [INFO] Training/validation metrics saved to <built-in function time>/ENZYMES/GIN_0.001/train_metrics.csv
2025-06-22 10:49:25,891 [INFO] Final training curves saved
2025-06-22 10:49:25,891 [INFO] Training completed!
2025-06-22 10:49:25,891 [INFO] Best validation accuracy: 0.5179
2025-06-22 10:49:25,891 [INFO] Best epoch: 53
2025-06-22 10:49:25,891 [INFO] Total epochs trained: 100
2025-06-22 10:49:25,892 [INFO] Starting training with parameters: (0.001, 0.5, 256, 5, 100, 0.0001)
