2025-06-23 17:24:20,784 [INFO] Using device: cpu
2025-06-23 17:24:20,784 [INFO] 开始创建数据加载器...
2025-06-23 17:24:20,788 [INFO] Successfully loaded dataset ENZYMES from ./data, total graphs: 600
2025-06-23 17:24:20,788 [INFO] Class allocation analysis:
2025-06-23 17:24:20,788 [INFO]   Source classes: [0, 1, 2, 3]
2025-06-23 17:24:20,788 [INFO]   Target classes: [0, 1, 2, 3, 4, 5]
2025-06-23 17:24:20,788 [INFO]   Overlap classes (to be split): [0, 1, 2, 3]
2025-06-23 17:24:20,788 [INFO]   Target novel classes (unknown): [4, 5]
2025-06-23 17:24:20,802 [INFO]   Class 0: 100 total -> Source: 70, Target: 30
2025-06-23 17:24:20,803 [INFO]   Class 1: 100 total -> Source: 70, Target: 30
2025-06-23 17:24:20,803 [INFO]   Class 2: 100 total -> Source: 70, Target: 30
2025-06-23 17:24:20,803 [INFO]   Class 3: 100 total -> Source: 70, Target: 30
2025-06-23 17:24:20,803 [INFO]   Class 4 (novel/unknown): 100 samples -> Target
2025-06-23 17:24:20,803 [INFO]   Class 5 (novel/unknown): 100 samples -> Target
2025-06-23 17:24:20,803 [INFO] Final allocation:
2025-06-23 17:24:20,803 [INFO]   Source domain: 280 samples
2025-06-23 17:24:20,803 [INFO]   Target domain: 320 samples
2025-06-23 17:24:20,804 [INFO] Source domain setup:
2025-06-23 17:24:20,804 [INFO]   Original classes: [0, 1, 2, 3]
2025-06-23 17:24:20,804 [INFO]   Overlap classes used: [0, 1, 2, 3]
2025-06-23 17:24:20,804 [INFO]   Label mapping: {0: 0, 1: 1, 2: 2, 3: 3}
2025-06-23 17:24:20,805 [INFO]   Total data after allocation: 280
2025-06-23 17:24:20,805 [INFO]   Data split - Train: 224, Val: 56
2025-06-23 17:24:20,805 [INFO]   Train label distribution: {0: 56, 1: 56, 3: 56, 2: 56}
2025-06-23 17:24:20,805 [INFO]   Val label distribution: {1: 14, 2: 14, 0: 14, 3: 14}
2025-06-23 17:24:20,806 [INFO] Successfully loaded dataset ENZYMES from ./data, total graphs: 600
2025-06-23 17:24:20,806 [INFO] Class allocation analysis:
2025-06-23 17:24:20,806 [INFO]   Source classes: [0, 1, 2, 3]
2025-06-23 17:24:20,806 [INFO]   Target classes: [0, 1, 2, 3, 4, 5]
2025-06-23 17:24:20,806 [INFO]   Overlap classes (to be split): [0, 1, 2, 3]
2025-06-23 17:24:20,806 [INFO]   Target novel classes (unknown): [4, 5]
2025-06-23 17:24:20,820 [INFO]   Class 0: 100 total -> Source: 70, Target: 30
2025-06-23 17:24:20,821 [INFO]   Class 1: 100 total -> Source: 70, Target: 30
2025-06-23 17:24:20,821 [INFO]   Class 2: 100 total -> Source: 70, Target: 30
2025-06-23 17:24:20,821 [INFO]   Class 3: 100 total -> Source: 70, Target: 30
2025-06-23 17:24:20,821 [INFO]   Class 4 (novel/unknown): 100 samples -> Target
2025-06-23 17:24:20,821 [INFO]   Class 5 (novel/unknown): 100 samples -> Target
2025-06-23 17:24:20,821 [INFO] Final allocation:
2025-06-23 17:24:20,821 [INFO]   Source domain: 280 samples
2025-06-23 17:24:20,821 [INFO]   Target domain: 320 samples
2025-06-23 17:24:20,823 [INFO] Target domain setup:
2025-06-23 17:24:20,823 [INFO]   Original classes: [0, 1, 2, 3, 4, 5]
2025-06-23 17:24:20,823 [INFO]   Overlap classes: [0, 1, 2, 3]
2025-06-23 17:24:20,823 [INFO]   Novel classes: [4, 5] -> mapped to unknown label 4
2025-06-23 17:24:20,823 [INFO]   Label mapping: {0: 0, 1: 1, 2: 2, 3: 3, 4: 4, 5: 4}
2025-06-23 17:24:20,823 [INFO]   Total data after allocation: 320
2025-06-23 17:24:20,823 [INFO]   Data split - Train: 256, Val: 64
2025-06-23 17:24:20,823 [INFO]   Total count: 320 (known: 120, unknown: 200)
2025-06-23 17:24:20,823 [INFO]   Total label distribution: {4: 200, 3: 30, 0: 30, 1: 30, 2: 30}
2025-06-23 17:24:20,823 [INFO]   Train label distribution: {4: 160, 0: 24, 2: 24, 3: 24, 1: 24}
2025-06-23 17:24:20,823 [INFO]   Val label distribution: {1: 6, 4: 40, 3: 6, 0: 6, 2: 6}
2025-06-23 17:24:20,823 [INFO] 数据加载器创建完成!
2025-06-23 17:24:20,823 [INFO] 源域类别数: 4 (重叠类别)
2025-06-23 17:24:20,823 [INFO] 目标域类别数: 5 (4个重叠类别 + 1个未知类别)
2025-06-23 17:24:20,824 [INFO] 重叠类别: [0, 1, 2, 3]
2025-06-23 17:24:20,824 [INFO] 目标域新类别: [4, 5]
2025-06-23 17:24:20,824 [INFO] Data allocation verification:
2025-06-23 17:24:20,824 [INFO]   Source data samples: 280
2025-06-23 17:24:20,824 [INFO]   Target data samples: 320
2025-06-23 17:24:20,824 [INFO]   Overlapping samples: 0
2025-06-23 17:24:20,824 [INFO]   ✓ Data allocation is correct - no overlapping samples
2025-06-23 17:24:20,831 [INFO] Model initialized with 1850884 parameters
2025-06-23 17:24:20,831 [INFO] Previous best validation accuracy read from record.txt: 0.6429
2025-06-23 17:24:20,831 [INFO] Starting training...
2025-06-23 17:24:20,968 [INFO] Epoch 001 | Train Loss: 25.0724 | Val Loss: 65796.0117 | Val Acc: 0.2500
2025-06-23 17:24:22,261 [INFO] New best model at epoch 1 (Val Acc: 0.2500)
2025-06-23 17:24:22,400 [INFO] Epoch 002 | Train Loss: 11.3524 | Val Loss: 2776.1382 | Val Acc: 0.2500
2025-06-23 17:24:22,550 [INFO] Epoch 003 | Train Loss: 9.5218 | Val Loss: 184.2712 | Val Acc: 0.2500
2025-06-23 17:24:22,691 [INFO] Epoch 004 | Train Loss: 9.2441 | Val Loss: 67.5269 | Val Acc: 0.2679
2025-06-23 17:24:22,728 [INFO] New best model at epoch 4 (Val Acc: 0.2679)
2025-06-23 17:24:22,891 [INFO] Epoch 005 | Train Loss: 8.1766 | Val Loss: 17.2107 | Val Acc: 0.3393
2025-06-23 17:24:22,921 [INFO] New best model at epoch 5 (Val Acc: 0.3393)
2025-06-23 17:24:23,030 [INFO] Epoch 006 | Train Loss: 4.6879 | Val Loss: 9.3185 | Val Acc: 0.3214
2025-06-23 17:24:23,170 [INFO] Epoch 007 | Train Loss: 3.5707 | Val Loss: 7.6079 | Val Acc: 0.3036
2025-06-23 17:24:23,314 [INFO] Epoch 008 | Train Loss: 8.5742 | Val Loss: 5.3296 | Val Acc: 0.2500
2025-06-23 17:24:23,486 [INFO] Epoch 009 | Train Loss: 5.6207 | Val Loss: 4.0139 | Val Acc: 0.2679
2025-06-23 17:24:23,618 [INFO] Epoch 010 | Train Loss: 1.8001 | Val Loss: 4.0970 | Val Acc: 0.3036
2025-06-23 17:24:25,064 [INFO] Epoch 011 | Train Loss: 2.5137 | Val Loss: 5.9391 | Val Acc: 0.1964
2025-06-23 17:24:25,238 [INFO] Epoch 012 | Train Loss: 5.2114 | Val Loss: 2.5018 | Val Acc: 0.3393
2025-06-23 17:24:25,380 [INFO] Epoch 013 | Train Loss: 10.1947 | Val Loss: 2.5293 | Val Acc: 0.2679
2025-06-23 17:24:25,523 [INFO] Epoch 014 | Train Loss: 6.2725 | Val Loss: 1.8865 | Val Acc: 0.4107
2025-06-23 17:24:25,552 [INFO] New best model at epoch 14 (Val Acc: 0.4107)
2025-06-23 17:24:25,663 [INFO] Epoch 015 | Train Loss: 2.4551 | Val Loss: 1.6329 | Val Acc: 0.3214
2025-06-23 17:24:25,811 [INFO] Epoch 016 | Train Loss: 7.1118 | Val Loss: 1.8750 | Val Acc: 0.3571
2025-06-23 17:24:25,963 [INFO] Epoch 017 | Train Loss: 2.7252 | Val Loss: 2.3674 | Val Acc: 0.3214
2025-06-23 17:24:26,116 [INFO] Epoch 018 | Train Loss: 5.3353 | Val Loss: 1.9767 | Val Acc: 0.3214
2025-06-23 17:24:26,292 [INFO] Epoch 019 | Train Loss: 4.5620 | Val Loss: 4.6258 | Val Acc: 0.2143
2025-06-23 17:24:26,480 [INFO] Epoch 020 | Train Loss: 6.4052 | Val Loss: 5.0921 | Val Acc: 0.2500
2025-06-23 17:24:27,967 [INFO] Epoch 021 | Train Loss: 4.4622 | Val Loss: 2.8285 | Val Acc: 0.2679
2025-06-23 17:24:28,095 [INFO] Epoch 022 | Train Loss: 1.5108 | Val Loss: 1.9289 | Val Acc: 0.3571
2025-06-23 17:24:28,235 [INFO] Epoch 023 | Train Loss: 3.5948 | Val Loss: 2.1151 | Val Acc: 0.3036
2025-06-23 17:24:28,386 [INFO] Epoch 024 | Train Loss: 3.3317 | Val Loss: 5.0782 | Val Acc: 0.1964
2025-06-23 17:24:28,514 [INFO] Epoch 025 | Train Loss: 4.2399 | Val Loss: 2.8714 | Val Acc: 0.2679
2025-06-23 17:24:28,647 [INFO] Epoch 026 | Train Loss: 6.6257 | Val Loss: 1.7661 | Val Acc: 0.3214
2025-06-23 17:24:28,775 [INFO] Epoch 027 | Train Loss: 6.2299 | Val Loss: 6.1022 | Val Acc: 0.3571
2025-06-23 17:24:28,915 [INFO] Epoch 028 | Train Loss: 3.5940 | Val Loss: 2.6511 | Val Acc: 0.3571
2025-06-23 17:24:29,043 [INFO] Epoch 029 | Train Loss: 2.2860 | Val Loss: 2.3721 | Val Acc: 0.2679
2025-06-23 17:24:29,173 [INFO] Epoch 030 | Train Loss: 2.8095 | Val Loss: 1.4193 | Val Acc: 0.2679
2025-06-23 17:24:30,598 [INFO] Epoch 031 | Train Loss: 1.7717 | Val Loss: 1.3604 | Val Acc: 0.2679
2025-06-23 17:24:30,746 [INFO] Epoch 032 | Train Loss: 4.7037 | Val Loss: 1.4620 | Val Acc: 0.3393
2025-06-23 17:24:30,881 [INFO] Epoch 033 | Train Loss: 5.1539 | Val Loss: 8.0312 | Val Acc: 0.3750
2025-06-23 17:24:31,067 [INFO] Epoch 034 | Train Loss: 1.3646 | Val Loss: 13.0035 | Val Acc: 0.3036
2025-06-23 17:24:31,195 [INFO] Epoch 035 | Train Loss: 1.8144 | Val Loss: 3.5803 | Val Acc: 0.3214
2025-06-23 17:24:31,326 [INFO] Epoch 036 | Train Loss: 1.9405 | Val Loss: 1.9515 | Val Acc: 0.3036
2025-06-23 17:24:31,460 [INFO] Epoch 037 | Train Loss: 4.5777 | Val Loss: 2.0311 | Val Acc: 0.2679
2025-06-23 17:24:31,601 [INFO] Epoch 038 | Train Loss: 2.8591 | Val Loss: 2.6878 | Val Acc: 0.2321
2025-06-23 17:24:31,735 [INFO] Epoch 039 | Train Loss: 2.1119 | Val Loss: 1.7803 | Val Acc: 0.2679
2025-06-23 17:24:31,866 [INFO] Epoch 040 | Train Loss: 2.6649 | Val Loss: 1.5249 | Val Acc: 0.3571
2025-06-23 17:24:33,241 [INFO] Epoch 041 | Train Loss: 3.9927 | Val Loss: 1.4142 | Val Acc: 0.3214
2025-06-23 17:24:33,406 [INFO] Epoch 042 | Train Loss: 5.3374 | Val Loss: 1.4492 | Val Acc: 0.3929
2025-06-23 17:24:33,562 [INFO] Epoch 043 | Train Loss: 4.2247 | Val Loss: 1.5675 | Val Acc: 0.4286
2025-06-23 17:24:33,591 [INFO] New best model at epoch 43 (Val Acc: 0.4286)
2025-06-23 17:24:33,721 [INFO] Epoch 044 | Train Loss: 4.6400 | Val Loss: 1.7385 | Val Acc: 0.3036
2025-06-23 17:24:33,874 [INFO] Epoch 045 | Train Loss: 7.3539 | Val Loss: 3.6381 | Val Acc: 0.3214
2025-06-23 17:24:34,011 [INFO] Epoch 046 | Train Loss: 3.0587 | Val Loss: 6.0218 | Val Acc: 0.3214
2025-06-23 17:24:34,145 [INFO] Epoch 047 | Train Loss: 4.0952 | Val Loss: 1.9816 | Val Acc: 0.3214
2025-06-23 17:24:34,282 [INFO] Epoch 048 | Train Loss: 4.4890 | Val Loss: 2.9004 | Val Acc: 0.3571
2025-06-23 17:24:34,416 [INFO] Epoch 049 | Train Loss: 5.3554 | Val Loss: 2.5668 | Val Acc: 0.3393
2025-06-23 17:24:34,545 [INFO] Epoch 050 | Train Loss: 4.8299 | Val Loss: 1.7373 | Val Acc: 0.2679
2025-06-23 17:24:35,854 [INFO] Best model saved to <built-in function time>/ENZYMES/best/best_source_gin.pth (Val Acc: 0.4286 at epoch 43)
2025-06-23 17:24:35,854 [INFO] Training/validation metrics saved to <built-in function time>/ENZYMES/GIN_0.01/train_metrics.csv
2025-06-23 17:24:37,193 [INFO] Final training curves saved
2025-06-23 17:24:37,194 [INFO] Training completed!
2025-06-23 17:24:37,194 [INFO] Best validation accuracy: 0.4286
2025-06-23 17:24:37,194 [INFO] Best epoch: 43
2025-06-23 17:24:37,194 [INFO] Total epochs trained: 50
2025-06-23 17:24:37,194 [INFO] Starting training with parameters: (0.01, 0.3, 512, 4, 50, 0.001)
