2025-06-22 05:01:15,809 [INFO] Using device: cpu
2025-06-22 05:01:15,809 [INFO] 开始创建数据加载器...
2025-06-22 05:01:15,812 [INFO] Successfully loaded dataset ENZYMES from ./data, total graphs: 600
2025-06-22 05:01:15,812 [INFO] Class allocation analysis:
2025-06-22 05:01:15,812 [INFO]   Source classes: [0, 1, 2, 3]
2025-06-22 05:01:15,812 [INFO]   Target classes: [0, 1, 2, 3, 4, 5]
2025-06-22 05:01:15,812 [INFO]   Overlap classes (to be split): [0, 1, 2, 3]
2025-06-22 05:01:15,812 [INFO]   Target novel classes (unknown): [4, 5]
2025-06-22 05:01:15,826 [INFO]   Class 0: 100 total -> Source: 70, Target: 30
2025-06-22 05:01:15,826 [INFO]   Class 1: 100 total -> Source: 70, Target: 30
2025-06-22 05:01:15,826 [INFO]   Class 2: 100 total -> Source: 70, Target: 30
2025-06-22 05:01:15,826 [INFO]   Class 3: 100 total -> Source: 70, Target: 30
2025-06-22 05:01:15,826 [INFO]   Class 4 (novel/unknown): 100 samples -> Target
2025-06-22 05:01:15,826 [INFO]   Class 5 (novel/unknown): 100 samples -> Target
2025-06-22 05:01:15,826 [INFO] Final allocation:
2025-06-22 05:01:15,826 [INFO]   Source domain: 280 samples
2025-06-22 05:01:15,826 [INFO]   Target domain: 320 samples
2025-06-22 05:01:15,827 [INFO] Source domain setup:
2025-06-22 05:01:15,827 [INFO]   Original classes: [0, 1, 2, 3]
2025-06-22 05:01:15,828 [INFO]   Overlap classes used: [0, 1, 2, 3]
2025-06-22 05:01:15,828 [INFO]   Label mapping: {0: 0, 1: 1, 2: 2, 3: 3}
2025-06-22 05:01:15,828 [INFO]   Total data after allocation: 280
2025-06-22 05:01:15,828 [INFO]   Data split - Train: 224, Val: 56
2025-06-22 05:01:15,828 [INFO]   Train label distribution: {0: 56, 1: 56, 3: 56, 2: 56}
2025-06-22 05:01:15,828 [INFO]   Val label distribution: {1: 14, 2: 14, 0: 14, 3: 14}
2025-06-22 05:01:15,829 [INFO] Successfully loaded dataset ENZYMES from ./data, total graphs: 600
2025-06-22 05:01:15,829 [INFO] Class allocation analysis:
2025-06-22 05:01:15,829 [INFO]   Source classes: [0, 1, 2, 3]
2025-06-22 05:01:15,829 [INFO]   Target classes: [0, 1, 2, 3, 4, 5]
2025-06-22 05:01:15,829 [INFO]   Overlap classes (to be split): [0, 1, 2, 3]
2025-06-22 05:01:15,829 [INFO]   Target novel classes (unknown): [4, 5]
2025-06-22 05:01:15,842 [INFO]   Class 0: 100 total -> Source: 70, Target: 30
2025-06-22 05:01:15,842 [INFO]   Class 1: 100 total -> Source: 70, Target: 30
2025-06-22 05:01:15,842 [INFO]   Class 2: 100 total -> Source: 70, Target: 30
2025-06-22 05:01:15,842 [INFO]   Class 3: 100 total -> Source: 70, Target: 30
2025-06-22 05:01:15,842 [INFO]   Class 4 (novel/unknown): 100 samples -> Target
2025-06-22 05:01:15,842 [INFO]   Class 5 (novel/unknown): 100 samples -> Target
2025-06-22 05:01:15,842 [INFO] Final allocation:
2025-06-22 05:01:15,842 [INFO]   Source domain: 280 samples
2025-06-22 05:01:15,842 [INFO]   Target domain: 320 samples
2025-06-22 05:01:15,844 [INFO] Target domain setup:
2025-06-22 05:01:15,844 [INFO]   Original classes: [0, 1, 2, 3, 4, 5]
2025-06-22 05:01:15,844 [INFO]   Overlap classes: [0, 1, 2, 3]
2025-06-22 05:01:15,844 [INFO]   Novel classes: [4, 5] -> mapped to unknown label 4
2025-06-22 05:01:15,844 [INFO]   Label mapping: {0: 0, 1: 1, 2: 2, 3: 3, 4: 4, 5: 4}
2025-06-22 05:01:15,844 [INFO]   Total data after allocation: 320
2025-06-22 05:01:15,844 [INFO]   Data split - Train: 256, Val: 64
2025-06-22 05:01:15,844 [INFO]   Total count: 320 (known: 120, unknown: 200)
2025-06-22 05:01:15,844 [INFO]   Total label distribution: {4: 200, 3: 30, 0: 30, 1: 30, 2: 30}
2025-06-22 05:01:15,844 [INFO]   Train label distribution: {4: 160, 0: 24, 2: 24, 3: 24, 1: 24}
2025-06-22 05:01:15,844 [INFO]   Val label distribution: {1: 6, 4: 40, 3: 6, 0: 6, 2: 6}
2025-06-22 05:01:15,844 [INFO] 数据加载器创建完成!
2025-06-22 05:01:15,844 [INFO] 源域类别数: 4 (重叠类别)
2025-06-22 05:01:15,844 [INFO] 目标域类别数: 5 (4个重叠类别 + 1个未知类别)
2025-06-22 05:01:15,844 [INFO] 重叠类别: [0, 1, 2, 3]
2025-06-22 05:01:15,844 [INFO] 目标域新类别: [4, 5]
2025-06-22 05:01:15,844 [INFO] Data allocation verification:
2025-06-22 05:01:15,845 [INFO]   Source data samples: 280
2025-06-22 05:01:15,845 [INFO]   Target data samples: 320
2025-06-22 05:01:15,845 [INFO]   Overlapping samples: 0
2025-06-22 05:01:15,845 [INFO]   ✓ Data allocation is correct - no overlapping samples
2025-06-22 05:01:15,847 [INFO] Model initialized with 152196 parameters
2025-06-22 05:01:15,847 [INFO] Previous best validation accuracy read from record.txt: 0.6250
2025-06-22 05:01:15,847 [INFO] Starting training...
2025-06-22 05:01:15,893 [INFO] Epoch 001 | Train Loss: 8.6255 | Val Loss: 1.7093 | Val Acc: 0.2500
2025-06-22 05:01:16,521 [INFO] New best model at epoch 1 (Val Acc: 0.2500)
2025-06-22 05:01:16,562 [INFO] Epoch 002 | Train Loss: 6.5291 | Val Loss: 1.8651 | Val Acc: 0.2500
2025-06-22 05:01:16,614 [INFO] Epoch 003 | Train Loss: 6.9012 | Val Loss: 1.8179 | Val Acc: 0.2500
2025-06-22 05:01:16,681 [INFO] Epoch 004 | Train Loss: 4.8663 | Val Loss: 1.9136 | Val Acc: 0.2857
2025-06-22 05:01:16,688 [INFO] New best model at epoch 4 (Val Acc: 0.2857)
2025-06-22 05:01:16,727 [INFO] Epoch 005 | Train Loss: 5.3595 | Val Loss: 2.5563 | Val Acc: 0.3393
2025-06-22 05:01:16,734 [INFO] New best model at epoch 5 (Val Acc: 0.3393)
2025-06-22 05:01:16,771 [INFO] Epoch 006 | Train Loss: 4.0163 | Val Loss: 2.6712 | Val Acc: 0.3571
2025-06-22 05:01:16,779 [INFO] New best model at epoch 6 (Val Acc: 0.3571)
2025-06-22 05:01:16,818 [INFO] Epoch 007 | Train Loss: 3.8386 | Val Loss: 3.0175 | Val Acc: 0.3750
2025-06-22 05:01:16,825 [INFO] New best model at epoch 7 (Val Acc: 0.3750)
2025-06-22 05:01:16,863 [INFO] Epoch 008 | Train Loss: 3.8257 | Val Loss: 4.0418 | Val Acc: 0.3036
2025-06-22 05:01:16,913 [INFO] Epoch 009 | Train Loss: 3.0772 | Val Loss: 3.4327 | Val Acc: 0.3571
2025-06-22 05:01:16,964 [INFO] Epoch 010 | Train Loss: 4.0601 | Val Loss: 3.6644 | Val Acc: 0.2857
2025-06-22 05:01:17,592 [INFO] Epoch 011 | Train Loss: 2.9971 | Val Loss: 3.4058 | Val Acc: 0.2143
2025-06-22 05:01:17,640 [INFO] Epoch 012 | Train Loss: 2.6708 | Val Loss: 3.1591 | Val Acc: 0.2857
2025-06-22 05:01:17,690 [INFO] Epoch 013 | Train Loss: 3.1717 | Val Loss: 3.2356 | Val Acc: 0.2679
2025-06-22 05:01:17,756 [INFO] Epoch 014 | Train Loss: 2.2839 | Val Loss: 3.3218 | Val Acc: 0.3036
2025-06-22 05:01:17,806 [INFO] Epoch 015 | Train Loss: 3.6026 | Val Loss: 2.6520 | Val Acc: 0.3214
2025-06-22 05:01:17,857 [INFO] Epoch 016 | Train Loss: 2.4411 | Val Loss: 2.3080 | Val Acc: 0.3214
2025-06-22 05:01:17,900 [INFO] Epoch 017 | Train Loss: 1.8443 | Val Loss: 2.1325 | Val Acc: 0.3571
2025-06-22 05:01:17,944 [INFO] Epoch 018 | Train Loss: 2.6335 | Val Loss: 3.0960 | Val Acc: 0.2857
2025-06-22 05:01:17,988 [INFO] Epoch 019 | Train Loss: 1.8479 | Val Loss: 3.9244 | Val Acc: 0.2857
2025-06-22 05:01:18,034 [INFO] Epoch 020 | Train Loss: 2.1811 | Val Loss: 3.1363 | Val Acc: 0.2500
2025-06-22 05:01:18,695 [INFO] Epoch 021 | Train Loss: 2.2886 | Val Loss: 2.0679 | Val Acc: 0.3036
2025-06-22 05:01:18,757 [INFO] Epoch 022 | Train Loss: 2.5993 | Val Loss: 2.0035 | Val Acc: 0.3929
2025-06-22 05:01:18,764 [INFO] New best model at epoch 22 (Val Acc: 0.3929)
2025-06-22 05:01:18,802 [INFO] Epoch 023 | Train Loss: 1.6897 | Val Loss: 1.7601 | Val Acc: 0.3929
2025-06-22 05:01:18,845 [INFO] Epoch 024 | Train Loss: 2.7467 | Val Loss: 1.8878 | Val Acc: 0.3929
2025-06-22 05:01:18,890 [INFO] Epoch 025 | Train Loss: 2.0889 | Val Loss: 2.3918 | Val Acc: 0.3036
2025-06-22 05:01:18,935 [INFO] Epoch 026 | Train Loss: 1.6867 | Val Loss: 2.4793 | Val Acc: 0.2679
2025-06-22 05:01:18,979 [INFO] Epoch 027 | Train Loss: 2.4155 | Val Loss: 2.0348 | Val Acc: 0.3036
2025-06-22 05:01:19,022 [INFO] Epoch 028 | Train Loss: 2.3827 | Val Loss: 1.5795 | Val Acc: 0.3571
2025-06-22 05:01:19,129 [INFO] Epoch 029 | Train Loss: 2.1810 | Val Loss: 1.6626 | Val Acc: 0.3929
2025-06-22 05:01:19,176 [INFO] Epoch 030 | Train Loss: 1.8438 | Val Loss: 1.9693 | Val Acc: 0.4107
2025-06-22 05:01:21,079 [INFO] New best model at epoch 30 (Val Acc: 0.4107)
2025-06-22 05:01:21,197 [INFO] Epoch 031 | Train Loss: 2.1396 | Val Loss: 1.7370 | Val Acc: 0.3929
2025-06-22 05:01:21,299 [INFO] Epoch 032 | Train Loss: 1.5560 | Val Loss: 2.0101 | Val Acc: 0.3571
2025-06-22 05:01:21,387 [INFO] Epoch 033 | Train Loss: 2.0100 | Val Loss: 2.6217 | Val Acc: 0.3571
2025-06-22 05:01:21,451 [INFO] Epoch 034 | Train Loss: 1.7062 | Val Loss: 2.3600 | Val Acc: 0.3929
2025-06-22 05:01:21,505 [INFO] Epoch 035 | Train Loss: 1.5618 | Val Loss: 1.8549 | Val Acc: 0.3929
2025-06-22 05:01:21,550 [INFO] Epoch 036 | Train Loss: 2.2824 | Val Loss: 1.7540 | Val Acc: 0.5000
2025-06-22 05:01:21,558 [INFO] New best model at epoch 36 (Val Acc: 0.5000)
2025-06-22 05:01:21,596 [INFO] Epoch 037 | Train Loss: 1.3385 | Val Loss: 2.0224 | Val Acc: 0.3750
2025-06-22 05:01:21,665 [INFO] Epoch 038 | Train Loss: 1.8936 | Val Loss: 1.8064 | Val Acc: 0.4107
2025-06-22 05:01:21,717 [INFO] Epoch 039 | Train Loss: 1.4914 | Val Loss: 1.7730 | Val Acc: 0.4286
2025-06-22 05:01:21,786 [INFO] Epoch 040 | Train Loss: 1.6947 | Val Loss: 1.9932 | Val Acc: 0.4464
2025-06-22 05:01:22,442 [INFO] Epoch 041 | Train Loss: 2.3719 | Val Loss: 2.1937 | Val Acc: 0.3571
2025-06-22 05:01:22,513 [INFO] Epoch 042 | Train Loss: 1.4963 | Val Loss: 2.1893 | Val Acc: 0.3214
2025-06-22 05:01:22,558 [INFO] Epoch 043 | Train Loss: 1.8419 | Val Loss: 2.0791 | Val Acc: 0.3929
2025-06-22 05:01:22,620 [INFO] Epoch 044 | Train Loss: 1.5891 | Val Loss: 2.1684 | Val Acc: 0.3929
2025-06-22 05:01:22,686 [INFO] Epoch 045 | Train Loss: 1.5922 | Val Loss: 2.1530 | Val Acc: 0.3929
2025-06-22 05:01:22,730 [INFO] Epoch 046 | Train Loss: 1.3722 | Val Loss: 2.2818 | Val Acc: 0.4464
2025-06-22 05:01:22,780 [INFO] Epoch 047 | Train Loss: 1.2640 | Val Loss: 1.8263 | Val Acc: 0.3929
2025-06-22 05:01:22,839 [INFO] Epoch 048 | Train Loss: 1.5586 | Val Loss: 1.8319 | Val Acc: 0.4107
2025-06-22 05:01:22,888 [INFO] Epoch 049 | Train Loss: 1.3732 | Val Loss: 1.6337 | Val Acc: 0.4821
2025-06-22 05:01:22,943 [INFO] Epoch 050 | Train Loss: 1.4928 | Val Loss: 1.7834 | Val Acc: 0.4107
2025-06-22 05:01:23,579 [INFO] Epoch 051 | Train Loss: 1.2361 | Val Loss: 2.1082 | Val Acc: 0.4107
2025-06-22 05:01:23,645 [INFO] Epoch 052 | Train Loss: 1.5525 | Val Loss: 1.9459 | Val Acc: 0.3750
2025-06-22 05:01:23,688 [INFO] Epoch 053 | Train Loss: 1.4942 | Val Loss: 1.5743 | Val Acc: 0.3929
2025-06-22 05:01:23,733 [INFO] Epoch 054 | Train Loss: 1.0627 | Val Loss: 1.7690 | Val Acc: 0.3571
2025-06-22 05:01:23,776 [INFO] Epoch 055 | Train Loss: 0.9655 | Val Loss: 1.6219 | Val Acc: 0.4286
2025-06-22 05:01:23,819 [INFO] Epoch 056 | Train Loss: 1.0147 | Val Loss: 1.7006 | Val Acc: 0.3750
2025-06-22 05:01:23,881 [INFO] Epoch 057 | Train Loss: 1.1716 | Val Loss: 2.0106 | Val Acc: 0.3214
2025-06-22 05:01:23,936 [INFO] Epoch 058 | Train Loss: 1.0100 | Val Loss: 2.1636 | Val Acc: 0.3571
2025-06-22 05:01:23,992 [INFO] Epoch 059 | Train Loss: 1.0339 | Val Loss: 1.9487 | Val Acc: 0.3750
2025-06-22 05:01:24,038 [INFO] Epoch 060 | Train Loss: 1.1354 | Val Loss: 1.8364 | Val Acc: 0.4643
2025-06-22 05:01:26,900 [INFO] Epoch 061 | Train Loss: 0.9932 | Val Loss: 1.8511 | Val Acc: 0.4643
2025-06-22 05:01:26,947 [INFO] Epoch 062 | Train Loss: 1.0192 | Val Loss: 1.9689 | Val Acc: 0.4107
2025-06-22 05:01:26,992 [INFO] Epoch 063 | Train Loss: 1.1916 | Val Loss: 2.0920 | Val Acc: 0.3571
2025-06-22 05:01:27,046 [INFO] Epoch 064 | Train Loss: 1.1201 | Val Loss: 2.2021 | Val Acc: 0.3036
2025-06-22 05:01:27,100 [INFO] Epoch 065 | Train Loss: 1.2084 | Val Loss: 1.7659 | Val Acc: 0.3214
2025-06-22 05:01:27,145 [INFO] Epoch 066 | Train Loss: 0.7259 | Val Loss: 1.7773 | Val Acc: 0.3393
2025-06-22 05:01:27,189 [INFO] Epoch 067 | Train Loss: 1.2256 | Val Loss: 1.9693 | Val Acc: 0.4107
2025-06-22 05:01:27,233 [INFO] Epoch 068 | Train Loss: 1.2691 | Val Loss: 2.0058 | Val Acc: 0.4821
2025-06-22 05:01:27,277 [INFO] Epoch 069 | Train Loss: 0.9434 | Val Loss: 2.1568 | Val Acc: 0.4107
2025-06-22 05:01:27,321 [INFO] Epoch 070 | Train Loss: 1.2390 | Val Loss: 2.7374 | Val Acc: 0.4464
2025-06-22 05:01:27,980 [INFO] Epoch 071 | Train Loss: 1.1170 | Val Loss: 2.6875 | Val Acc: 0.4107
2025-06-22 05:01:28,045 [INFO] Epoch 072 | Train Loss: 1.1714 | Val Loss: 2.7410 | Val Acc: 0.3750
2025-06-22 05:01:28,091 [INFO] Epoch 073 | Train Loss: 0.9750 | Val Loss: 2.7308 | Val Acc: 0.3571
2025-06-22 05:01:28,163 [INFO] Epoch 074 | Train Loss: 1.2259 | Val Loss: 2.8407 | Val Acc: 0.3929
2025-06-22 05:01:28,222 [INFO] Epoch 075 | Train Loss: 1.2679 | Val Loss: 2.0541 | Val Acc: 0.4464
2025-06-22 05:01:28,278 [INFO] Epoch 076 | Train Loss: 0.9546 | Val Loss: 2.1277 | Val Acc: 0.4286
2025-06-22 05:01:28,322 [INFO] Epoch 077 | Train Loss: 0.8779 | Val Loss: 2.1221 | Val Acc: 0.3571
2025-06-22 05:01:28,373 [INFO] Epoch 078 | Train Loss: 1.2102 | Val Loss: 2.2229 | Val Acc: 0.4821
2025-06-22 05:01:28,419 [INFO] Epoch 079 | Train Loss: 1.4873 | Val Loss: 1.9918 | Val Acc: 0.4107
2025-06-22 05:01:28,472 [INFO] Epoch 080 | Train Loss: 1.0367 | Val Loss: 2.1524 | Val Acc: 0.3571
2025-06-22 05:01:29,113 [INFO] Epoch 081 | Train Loss: 1.0194 | Val Loss: 2.2388 | Val Acc: 0.4107
2025-06-22 05:01:29,199 [INFO] Epoch 082 | Train Loss: 0.9810 | Val Loss: 2.6212 | Val Acc: 0.3750
2025-06-22 05:01:29,260 [INFO] Epoch 083 | Train Loss: 1.1693 | Val Loss: 2.1887 | Val Acc: 0.3929
2025-06-22 05:01:29,307 [INFO] Epoch 084 | Train Loss: 1.0275 | Val Loss: 2.0967 | Val Acc: 0.3750
2025-06-22 05:01:29,349 [INFO] Epoch 085 | Train Loss: 1.3263 | Val Loss: 2.1403 | Val Acc: 0.3571
2025-06-22 05:01:29,394 [INFO] Epoch 086 | Train Loss: 0.9808 | Val Loss: 2.1119 | Val Acc: 0.2679
2025-06-22 05:01:29,439 [INFO] Epoch 087 | Train Loss: 0.8477 | Val Loss: 2.2144 | Val Acc: 0.3571
2025-06-22 05:01:29,485 [INFO] Epoch 088 | Train Loss: 1.0117 | Val Loss: 2.2201 | Val Acc: 0.3750
2025-06-22 05:01:29,530 [INFO] Epoch 089 | Train Loss: 0.9106 | Val Loss: 2.1525 | Val Acc: 0.3929
2025-06-22 05:01:29,595 [INFO] Epoch 090 | Train Loss: 1.0033 | Val Loss: 2.3552 | Val Acc: 0.3750
2025-06-22 05:01:30,252 [INFO] Epoch 091 | Train Loss: 1.2714 | Val Loss: 2.4848 | Val Acc: 0.3393
2025-06-22 05:01:30,304 [INFO] Epoch 092 | Train Loss: 0.8910 | Val Loss: 2.1636 | Val Acc: 0.4107
2025-06-22 05:01:30,347 [INFO] Epoch 093 | Train Loss: 1.0260 | Val Loss: 2.5047 | Val Acc: 0.4643
2025-06-22 05:01:30,390 [INFO] Epoch 094 | Train Loss: 1.0723 | Val Loss: 2.6449 | Val Acc: 0.5357
2025-06-22 05:01:30,397 [INFO] New best model at epoch 94 (Val Acc: 0.5357)
2025-06-22 05:01:30,436 [INFO] Epoch 095 | Train Loss: 1.0047 | Val Loss: 2.5342 | Val Acc: 0.5179
2025-06-22 05:01:30,480 [INFO] Epoch 096 | Train Loss: 0.9113 | Val Loss: 2.3647 | Val Acc: 0.5179
2025-06-22 05:01:30,525 [INFO] Epoch 097 | Train Loss: 0.5479 | Val Loss: 2.1764 | Val Acc: 0.4821
2025-06-22 05:01:30,569 [INFO] Epoch 098 | Train Loss: 0.7508 | Val Loss: 2.2073 | Val Acc: 0.5000
2025-06-22 05:01:30,613 [INFO] Epoch 099 | Train Loss: 1.1339 | Val Loss: 2.3072 | Val Acc: 0.5179
2025-06-22 05:01:30,656 [INFO] Epoch 100 | Train Loss: 0.8051 | Val Loss: 2.8196 | Val Acc: 0.4464
2025-06-22 05:01:31,278 [INFO] Epoch 101 | Train Loss: 0.8140 | Val Loss: 2.8816 | Val Acc: 0.3571
2025-06-22 05:01:31,345 [INFO] Epoch 102 | Train Loss: 0.7422 | Val Loss: 3.0223 | Val Acc: 0.3214
2025-06-22 05:01:31,387 [INFO] Epoch 103 | Train Loss: 0.6660 | Val Loss: 3.0128 | Val Acc: 0.3929
2025-06-22 05:01:31,430 [INFO] Epoch 104 | Train Loss: 0.6208 | Val Loss: 2.8925 | Val Acc: 0.4464
2025-06-22 05:01:31,473 [INFO] Epoch 105 | Train Loss: 0.5055 | Val Loss: 2.6222 | Val Acc: 0.4821
2025-06-22 05:01:31,516 [INFO] Epoch 106 | Train Loss: 0.8110 | Val Loss: 2.3076 | Val Acc: 0.4643
2025-06-22 05:01:31,560 [INFO] Epoch 107 | Train Loss: 0.9395 | Val Loss: 2.7244 | Val Acc: 0.4286
2025-06-22 05:01:31,603 [INFO] Epoch 108 | Train Loss: 0.9663 | Val Loss: 3.0269 | Val Acc: 0.3929
2025-06-22 05:01:31,646 [INFO] Epoch 109 | Train Loss: 0.8107 | Val Loss: 2.8963 | Val Acc: 0.4286
2025-06-22 05:01:31,692 [INFO] Epoch 110 | Train Loss: 0.5432 | Val Loss: 2.6931 | Val Acc: 0.4107
2025-06-22 05:01:32,305 [INFO] Epoch 111 | Train Loss: 0.4718 | Val Loss: 2.3625 | Val Acc: 0.4643
2025-06-22 05:01:32,383 [INFO] Epoch 112 | Train Loss: 0.4820 | Val Loss: 2.5389 | Val Acc: 0.3750
2025-06-22 05:01:32,435 [INFO] Epoch 113 | Train Loss: 0.7823 | Val Loss: 2.5492 | Val Acc: 0.4286
2025-06-22 05:01:32,486 [INFO] Epoch 114 | Train Loss: 0.6564 | Val Loss: 2.9951 | Val Acc: 0.3571
2025-06-22 05:01:32,528 [INFO] Epoch 115 | Train Loss: 0.5385 | Val Loss: 3.3411 | Val Acc: 0.3929
2025-06-22 05:01:32,571 [INFO] Epoch 116 | Train Loss: 0.6594 | Val Loss: 3.6850 | Val Acc: 0.3750
2025-06-22 05:01:32,615 [INFO] Epoch 117 | Train Loss: 0.5573 | Val Loss: 3.2853 | Val Acc: 0.4107
2025-06-22 05:01:32,659 [INFO] Epoch 118 | Train Loss: 0.7013 | Val Loss: 2.2694 | Val Acc: 0.5000
2025-06-22 05:01:32,702 [INFO] Epoch 119 | Train Loss: 0.8741 | Val Loss: 2.3849 | Val Acc: 0.4464
2025-06-22 05:01:32,745 [INFO] Epoch 120 | Train Loss: 1.0225 | Val Loss: 2.3023 | Val Acc: 0.3929
2025-06-22 05:01:33,457 [INFO] Epoch 121 | Train Loss: 0.5769 | Val Loss: 2.8190 | Val Acc: 0.3571
2025-06-22 05:01:33,532 [INFO] Epoch 122 | Train Loss: 1.1291 | Val Loss: 3.1230 | Val Acc: 0.3214
2025-06-22 05:01:33,575 [INFO] Epoch 123 | Train Loss: 0.8868 | Val Loss: 3.5441 | Val Acc: 0.3750
2025-06-22 05:01:33,620 [INFO] Epoch 124 | Train Loss: 0.6509 | Val Loss: 3.1065 | Val Acc: 0.3750
2025-06-22 05:01:33,663 [INFO] Epoch 125 | Train Loss: 0.4422 | Val Loss: 3.0214 | Val Acc: 0.3571
2025-06-22 05:01:33,707 [INFO] Epoch 126 | Train Loss: 0.5747 | Val Loss: 2.9315 | Val Acc: 0.3929
2025-06-22 05:01:33,750 [INFO] Epoch 127 | Train Loss: 0.6930 | Val Loss: 3.6142 | Val Acc: 0.4464
2025-06-22 05:01:33,792 [INFO] Epoch 128 | Train Loss: 0.5050 | Val Loss: 3.6150 | Val Acc: 0.4464
2025-06-22 05:01:33,835 [INFO] Epoch 129 | Train Loss: 0.3750 | Val Loss: 3.1774 | Val Acc: 0.4286
2025-06-22 05:01:33,879 [INFO] Epoch 130 | Train Loss: 0.5138 | Val Loss: 3.6848 | Val Acc: 0.4286
2025-06-22 05:01:34,546 [INFO] Epoch 131 | Train Loss: 0.3821 | Val Loss: 3.4190 | Val Acc: 0.4286
2025-06-22 05:01:34,608 [INFO] Epoch 132 | Train Loss: 0.5198 | Val Loss: 3.1437 | Val Acc: 0.4464
2025-06-22 05:01:34,684 [INFO] Epoch 133 | Train Loss: 0.6152 | Val Loss: 3.6245 | Val Acc: 0.3929
2025-06-22 05:01:34,729 [INFO] Epoch 134 | Train Loss: 0.5165 | Val Loss: 4.6061 | Val Acc: 0.3571
2025-06-22 05:01:34,773 [INFO] Epoch 135 | Train Loss: 0.6369 | Val Loss: 4.2790 | Val Acc: 0.3571
2025-06-22 05:01:34,817 [INFO] Epoch 136 | Train Loss: 0.6715 | Val Loss: 4.0796 | Val Acc: 0.3571
2025-06-22 05:01:34,859 [INFO] Epoch 137 | Train Loss: 0.7341 | Val Loss: 3.6193 | Val Acc: 0.3929
2025-06-22 05:01:34,903 [INFO] Epoch 138 | Train Loss: 0.4116 | Val Loss: 3.5109 | Val Acc: 0.3571
2025-06-22 05:01:34,946 [INFO] Epoch 139 | Train Loss: 0.5398 | Val Loss: 3.8187 | Val Acc: 0.4464
2025-06-22 05:01:34,988 [INFO] Epoch 140 | Train Loss: 0.4705 | Val Loss: 3.7198 | Val Acc: 0.4643
2025-06-22 05:01:35,618 [INFO] Epoch 141 | Train Loss: 0.3590 | Val Loss: 4.6835 | Val Acc: 0.3571
2025-06-22 05:01:35,679 [INFO] Epoch 142 | Train Loss: 0.6367 | Val Loss: 3.9870 | Val Acc: 0.3036
2025-06-22 05:01:35,723 [INFO] Epoch 143 | Train Loss: 0.7421 | Val Loss: 4.1604 | Val Acc: 0.2857
2025-06-22 05:01:35,766 [INFO] Epoch 144 | Train Loss: 0.7533 | Val Loss: 3.7825 | Val Acc: 0.3929
2025-06-22 05:01:35,810 [INFO] Epoch 145 | Train Loss: 0.6540 | Val Loss: 3.9711 | Val Acc: 0.4464
2025-06-22 05:01:35,862 [INFO] Epoch 146 | Train Loss: 0.6123 | Val Loss: 4.0052 | Val Acc: 0.4107
2025-06-22 05:01:35,906 [INFO] Epoch 147 | Train Loss: 0.6450 | Val Loss: 3.0563 | Val Acc: 0.4107
2025-06-22 05:01:35,948 [INFO] Epoch 148 | Train Loss: 0.4374 | Val Loss: 2.9767 | Val Acc: 0.3750
2025-06-22 05:01:35,992 [INFO] Epoch 149 | Train Loss: 0.5361 | Val Loss: 2.5367 | Val Acc: 0.4286
2025-06-22 05:01:36,038 [INFO] Epoch 150 | Train Loss: 0.3542 | Val Loss: 2.9990 | Val Acc: 0.4464
2025-06-22 05:01:36,605 [INFO] Best model saved to <built-in function time>/ENZYMES/best/best_source_gin.pth (Val Acc: 0.5357 at epoch 94)
2025-06-22 05:01:36,605 [INFO] Training/validation metrics saved to <built-in function time>/ENZYMES/GIN_0.001/train_metrics.csv
2025-06-22 05:01:37,202 [INFO] Final training curves saved
2025-06-22 05:01:37,202 [INFO] Training completed!
2025-06-22 05:01:37,202 [INFO] Best validation accuracy: 0.5357
2025-06-22 05:01:37,202 [INFO] Best epoch: 94
2025-06-22 05:01:37,202 [INFO] Total epochs trained: 150
2025-06-22 05:01:37,202 [INFO] Starting training with parameters: (0.001, 0.3, 128, 5, 150, 0.001)
