2025-06-22 02:41:42,218 [INFO] Using device: cpu
2025-06-22 02:41:42,218 [INFO] 开始创建数据加载器...
2025-06-22 02:41:42,221 [INFO] Successfully loaded dataset ENZYMES from ./data, total graphs: 600
2025-06-22 02:41:42,221 [INFO] Class allocation analysis:
2025-06-22 02:41:42,221 [INFO]   Source classes: [0, 1, 2, 3]
2025-06-22 02:41:42,221 [INFO]   Target classes: [0, 1, 2, 3, 4, 5]
2025-06-22 02:41:42,221 [INFO]   Overlap classes (to be split): [0, 1, 2, 3]
2025-06-22 02:41:42,221 [INFO]   Target novel classes (unknown): [4, 5]
2025-06-22 02:41:42,234 [INFO]   Class 0: 100 total -> Source: 70, Target: 30
2025-06-22 02:41:42,234 [INFO]   Class 1: 100 total -> Source: 70, Target: 30
2025-06-22 02:41:42,235 [INFO]   Class 2: 100 total -> Source: 70, Target: 30
2025-06-22 02:41:42,235 [INFO]   Class 3: 100 total -> Source: 70, Target: 30
2025-06-22 02:41:42,235 [INFO]   Class 4 (novel/unknown): 100 samples -> Target
2025-06-22 02:41:42,235 [INFO]   Class 5 (novel/unknown): 100 samples -> Target
2025-06-22 02:41:42,235 [INFO] Final allocation:
2025-06-22 02:41:42,235 [INFO]   Source domain: 280 samples
2025-06-22 02:41:42,235 [INFO]   Target domain: 320 samples
2025-06-22 02:41:42,236 [INFO] Source domain setup:
2025-06-22 02:41:42,236 [INFO]   Original classes: [0, 1, 2, 3]
2025-06-22 02:41:42,236 [INFO]   Overlap classes used: [0, 1, 2, 3]
2025-06-22 02:41:42,236 [INFO]   Label mapping: {0: 0, 1: 1, 2: 2, 3: 3}
2025-06-22 02:41:42,236 [INFO]   Total data after allocation: 280
2025-06-22 02:41:42,236 [INFO]   Data split - Train: 224, Val: 56
2025-06-22 02:41:42,236 [INFO]   Train label distribution: {0: 56, 1: 56, 3: 56, 2: 56}
2025-06-22 02:41:42,236 [INFO]   Val label distribution: {1: 14, 2: 14, 0: 14, 3: 14}
2025-06-22 02:41:42,237 [INFO] Successfully loaded dataset ENZYMES from ./data, total graphs: 600
2025-06-22 02:41:42,238 [INFO] Class allocation analysis:
2025-06-22 02:41:42,238 [INFO]   Source classes: [0, 1, 2, 3]
2025-06-22 02:41:42,238 [INFO]   Target classes: [0, 1, 2, 3, 4, 5]
2025-06-22 02:41:42,238 [INFO]   Overlap classes (to be split): [0, 1, 2, 3]
2025-06-22 02:41:42,238 [INFO]   Target novel classes (unknown): [4, 5]
2025-06-22 02:41:42,250 [INFO]   Class 0: 100 total -> Source: 70, Target: 30
2025-06-22 02:41:42,250 [INFO]   Class 1: 100 total -> Source: 70, Target: 30
2025-06-22 02:41:42,251 [INFO]   Class 2: 100 total -> Source: 70, Target: 30
2025-06-22 02:41:42,251 [INFO]   Class 3: 100 total -> Source: 70, Target: 30
2025-06-22 02:41:42,251 [INFO]   Class 4 (novel/unknown): 100 samples -> Target
2025-06-22 02:41:42,251 [INFO]   Class 5 (novel/unknown): 100 samples -> Target
2025-06-22 02:41:42,251 [INFO] Final allocation:
2025-06-22 02:41:42,251 [INFO]   Source domain: 280 samples
2025-06-22 02:41:42,251 [INFO]   Target domain: 320 samples
2025-06-22 02:41:42,252 [INFO] Target domain setup:
2025-06-22 02:41:42,252 [INFO]   Original classes: [0, 1, 2, 3, 4, 5]
2025-06-22 02:41:42,252 [INFO]   Overlap classes: [0, 1, 2, 3]
2025-06-22 02:41:42,252 [INFO]   Novel classes: [4, 5] -> mapped to unknown label 4
2025-06-22 02:41:42,252 [INFO]   Label mapping: {0: 0, 1: 1, 2: 2, 3: 3, 4: 4, 5: 4}
2025-06-22 02:41:42,252 [INFO]   Total data after allocation: 320
2025-06-22 02:41:42,252 [INFO]   Data split - Train: 256, Val: 64
2025-06-22 02:41:42,252 [INFO]   Total count: 320 (known: 120, unknown: 200)
2025-06-22 02:41:42,252 [INFO]   Total label distribution: {4: 200, 3: 30, 0: 30, 1: 30, 2: 30}
2025-06-22 02:41:42,252 [INFO]   Train label distribution: {4: 160, 0: 24, 2: 24, 3: 24, 1: 24}
2025-06-22 02:41:42,253 [INFO]   Val label distribution: {1: 6, 4: 40, 3: 6, 0: 6, 2: 6}
2025-06-22 02:41:42,253 [INFO] 数据加载器创建完成!
2025-06-22 02:41:42,253 [INFO] 源域类别数: 4 (重叠类别)
2025-06-22 02:41:42,253 [INFO] 目标域类别数: 5 (4个重叠类别 + 1个未知类别)
2025-06-22 02:41:42,253 [INFO] 重叠类别: [0, 1, 2, 3]
2025-06-22 02:41:42,253 [INFO] 目标域新类别: [4, 5]
2025-06-22 02:41:42,253 [INFO] Data allocation verification:
2025-06-22 02:41:42,253 [INFO]   Source data samples: 280
2025-06-22 02:41:42,253 [INFO]   Target data samples: 320
2025-06-22 02:41:42,253 [INFO]   Overlapping samples: 0
2025-06-22 02:41:42,253 [INFO]   ✓ Data allocation is correct - no overlapping samples
2025-06-22 02:41:42,255 [INFO] Model initialized with 85124 parameters
2025-06-22 02:41:42,255 [INFO] Previous best validation accuracy read from record.txt: 0.6250
2025-06-22 02:41:42,255 [INFO] Starting training...
2025-06-22 02:41:42,280 [INFO] Epoch 001 | Train Loss: 7.6484 | Val Loss: 1.4563 | Val Acc: 0.3036
2025-06-22 02:41:42,780 [INFO] New best model at epoch 1 (Val Acc: 0.3036)
2025-06-22 02:41:42,805 [INFO] Epoch 002 | Train Loss: 5.5759 | Val Loss: 1.8008 | Val Acc: 0.1964
2025-06-22 02:41:42,833 [INFO] Epoch 003 | Train Loss: 4.1827 | Val Loss: 2.0224 | Val Acc: 0.2500
2025-06-22 02:41:42,866 [INFO] Epoch 004 | Train Loss: 4.2004 | Val Loss: 2.0918 | Val Acc: 0.3036
2025-06-22 02:41:42,906 [INFO] Epoch 005 | Train Loss: 3.7160 | Val Loss: 1.9997 | Val Acc: 0.3393
2025-06-22 02:41:42,910 [INFO] New best model at epoch 5 (Val Acc: 0.3393)
2025-06-22 02:41:42,936 [INFO] Epoch 006 | Train Loss: 3.8796 | Val Loss: 1.6157 | Val Acc: 0.3393
2025-06-22 02:41:42,980 [INFO] Epoch 007 | Train Loss: 3.2655 | Val Loss: 2.1690 | Val Acc: 0.4464
2025-06-22 02:41:42,985 [INFO] New best model at epoch 7 (Val Acc: 0.4464)
2025-06-22 02:41:43,016 [INFO] Epoch 008 | Train Loss: 4.0221 | Val Loss: 2.1608 | Val Acc: 0.3393
2025-06-22 02:41:43,052 [INFO] Epoch 009 | Train Loss: 3.6734 | Val Loss: 3.2305 | Val Acc: 0.3036
2025-06-22 02:41:43,079 [INFO] Epoch 010 | Train Loss: 3.3226 | Val Loss: 2.6162 | Val Acc: 0.3750
2025-06-22 02:41:43,673 [INFO] Epoch 011 | Train Loss: 2.7239 | Val Loss: 3.2189 | Val Acc: 0.3214
2025-06-22 02:41:43,706 [INFO] Epoch 012 | Train Loss: 2.8268 | Val Loss: 3.0367 | Val Acc: 0.4464
2025-06-22 02:41:43,741 [INFO] Epoch 013 | Train Loss: 2.2386 | Val Loss: 2.4530 | Val Acc: 0.4107
2025-06-22 02:41:43,768 [INFO] Epoch 014 | Train Loss: 2.4263 | Val Loss: 2.0984 | Val Acc: 0.4286
2025-06-22 02:41:43,795 [INFO] Epoch 015 | Train Loss: 2.3944 | Val Loss: 1.7067 | Val Acc: 0.4464
2025-06-22 02:41:43,822 [INFO] Epoch 016 | Train Loss: 2.7043 | Val Loss: 2.1332 | Val Acc: 0.3929
2025-06-22 02:41:43,849 [INFO] Epoch 017 | Train Loss: 2.8085 | Val Loss: 2.4017 | Val Acc: 0.4107
2025-06-22 02:41:43,877 [INFO] Epoch 018 | Train Loss: 2.2622 | Val Loss: 1.9907 | Val Acc: 0.4643
2025-06-22 02:41:43,881 [INFO] New best model at epoch 18 (Val Acc: 0.4643)
2025-06-22 02:41:43,906 [INFO] Epoch 019 | Train Loss: 2.0434 | Val Loss: 2.6348 | Val Acc: 0.3750
2025-06-22 02:41:43,934 [INFO] Epoch 020 | Train Loss: 2.0579 | Val Loss: 3.1515 | Val Acc: 0.3393
2025-06-22 02:41:44,481 [INFO] Epoch 021 | Train Loss: 2.2349 | Val Loss: 2.5160 | Val Acc: 0.3750
2025-06-22 02:41:44,508 [INFO] Epoch 022 | Train Loss: 2.0394 | Val Loss: 2.9288 | Val Acc: 0.4107
2025-06-22 02:41:44,535 [INFO] Epoch 023 | Train Loss: 2.1783 | Val Loss: 2.1351 | Val Acc: 0.3036
2025-06-22 02:41:44,562 [INFO] Epoch 024 | Train Loss: 2.7390 | Val Loss: 2.3669 | Val Acc: 0.3571
2025-06-22 02:41:44,599 [INFO] Epoch 025 | Train Loss: 1.8259 | Val Loss: 2.4305 | Val Acc: 0.4286
2025-06-22 02:41:44,637 [INFO] Epoch 026 | Train Loss: 2.0125 | Val Loss: 2.6174 | Val Acc: 0.3571
2025-06-22 02:41:44,678 [INFO] Epoch 027 | Train Loss: 2.0760 | Val Loss: 2.0423 | Val Acc: 0.4107
2025-06-22 02:41:44,707 [INFO] Epoch 028 | Train Loss: 1.8811 | Val Loss: 2.8371 | Val Acc: 0.3571
2025-06-22 02:41:44,736 [INFO] Epoch 029 | Train Loss: 1.8599 | Val Loss: 2.6292 | Val Acc: 0.3750
2025-06-22 02:41:44,762 [INFO] Epoch 030 | Train Loss: 1.6302 | Val Loss: 2.1108 | Val Acc: 0.3929
2025-06-22 02:41:46,344 [INFO] Epoch 031 | Train Loss: 1.4865 | Val Loss: 1.5764 | Val Acc: 0.4286
2025-06-22 02:41:46,401 [INFO] Epoch 032 | Train Loss: 1.4564 | Val Loss: 1.8092 | Val Acc: 0.4643
2025-06-22 02:41:46,433 [INFO] Epoch 033 | Train Loss: 1.6183 | Val Loss: 1.9995 | Val Acc: 0.3393
2025-06-22 02:41:46,460 [INFO] Epoch 034 | Train Loss: 1.6205 | Val Loss: 1.8509 | Val Acc: 0.3393
2025-06-22 02:41:46,488 [INFO] Epoch 035 | Train Loss: 2.3533 | Val Loss: 2.1976 | Val Acc: 0.3571
2025-06-22 02:41:46,522 [INFO] Epoch 036 | Train Loss: 1.3908 | Val Loss: 1.7391 | Val Acc: 0.3929
2025-06-22 02:41:46,549 [INFO] Epoch 037 | Train Loss: 1.5574 | Val Loss: 2.1096 | Val Acc: 0.4286
2025-06-22 02:41:46,576 [INFO] Epoch 038 | Train Loss: 1.3273 | Val Loss: 1.9131 | Val Acc: 0.4107
2025-06-22 02:41:46,604 [INFO] Epoch 039 | Train Loss: 1.6276 | Val Loss: 1.8743 | Val Acc: 0.4107
2025-06-22 02:41:46,632 [INFO] Epoch 040 | Train Loss: 1.5609 | Val Loss: 2.4161 | Val Acc: 0.3393
2025-06-22 02:41:47,193 [INFO] Epoch 041 | Train Loss: 1.2147 | Val Loss: 2.2662 | Val Acc: 0.3214
2025-06-22 02:41:47,235 [INFO] Epoch 042 | Train Loss: 1.8899 | Val Loss: 2.2287 | Val Acc: 0.3571
2025-06-22 02:41:47,262 [INFO] Epoch 043 | Train Loss: 1.8454 | Val Loss: 1.8305 | Val Acc: 0.4464
2025-06-22 02:41:47,304 [INFO] Epoch 044 | Train Loss: 1.2673 | Val Loss: 1.8421 | Val Acc: 0.3929
2025-06-22 02:41:47,331 [INFO] Epoch 045 | Train Loss: 1.3628 | Val Loss: 2.1861 | Val Acc: 0.3929
2025-06-22 02:41:47,358 [INFO] Epoch 046 | Train Loss: 1.3990 | Val Loss: 1.9916 | Val Acc: 0.4821
2025-06-22 02:41:47,363 [INFO] New best model at epoch 46 (Val Acc: 0.4821)
2025-06-22 02:41:47,387 [INFO] Epoch 047 | Train Loss: 1.0098 | Val Loss: 1.7541 | Val Acc: 0.4107
2025-06-22 02:41:47,415 [INFO] Epoch 048 | Train Loss: 1.3376 | Val Loss: 1.8742 | Val Acc: 0.3214
2025-06-22 02:41:47,444 [INFO] Epoch 049 | Train Loss: 1.2126 | Val Loss: 2.0203 | Val Acc: 0.3750
2025-06-22 02:41:47,471 [INFO] Epoch 050 | Train Loss: 1.1107 | Val Loss: 2.2788 | Val Acc: 0.4821
2025-06-22 02:41:48,005 [INFO] Epoch 051 | Train Loss: 1.7021 | Val Loss: 2.3756 | Val Acc: 0.3929
2025-06-22 02:41:48,048 [INFO] Epoch 052 | Train Loss: 1.6737 | Val Loss: 2.1503 | Val Acc: 0.4464
2025-06-22 02:41:48,088 [INFO] Epoch 053 | Train Loss: 1.4835 | Val Loss: 2.4885 | Val Acc: 0.4107
2025-06-22 02:41:48,121 [INFO] Epoch 054 | Train Loss: 1.2321 | Val Loss: 2.5285 | Val Acc: 0.3214
2025-06-22 02:41:48,149 [INFO] Epoch 055 | Train Loss: 1.0424 | Val Loss: 2.7199 | Val Acc: 0.3036
2025-06-22 02:41:48,176 [INFO] Epoch 056 | Train Loss: 1.1864 | Val Loss: 2.4475 | Val Acc: 0.3750
2025-06-22 02:41:48,203 [INFO] Epoch 057 | Train Loss: 0.9409 | Val Loss: 2.5455 | Val Acc: 0.4286
2025-06-22 02:41:48,231 [INFO] Epoch 058 | Train Loss: 1.0058 | Val Loss: 2.8746 | Val Acc: 0.4643
2025-06-22 02:41:48,266 [INFO] Epoch 059 | Train Loss: 0.8800 | Val Loss: 2.2585 | Val Acc: 0.3929
2025-06-22 02:41:48,302 [INFO] Epoch 060 | Train Loss: 0.9979 | Val Loss: 2.2252 | Val Acc: 0.3929
2025-06-22 02:41:48,849 [INFO] Epoch 061 | Train Loss: 0.9253 | Val Loss: 2.4291 | Val Acc: 0.4107
2025-06-22 02:41:48,892 [INFO] Epoch 062 | Train Loss: 1.2941 | Val Loss: 2.3487 | Val Acc: 0.3571
2025-06-22 02:41:48,932 [INFO] Epoch 063 | Train Loss: 0.6317 | Val Loss: 2.0010 | Val Acc: 0.3750
2025-06-22 02:41:48,977 [INFO] Epoch 064 | Train Loss: 0.8497 | Val Loss: 1.7330 | Val Acc: 0.3929
2025-06-22 02:41:49,021 [INFO] Epoch 065 | Train Loss: 0.9541 | Val Loss: 2.0788 | Val Acc: 0.3750
2025-06-22 02:41:49,048 [INFO] Epoch 066 | Train Loss: 0.8876 | Val Loss: 2.5581 | Val Acc: 0.4107
2025-06-22 02:41:49,078 [INFO] Epoch 067 | Train Loss: 0.7983 | Val Loss: 2.7762 | Val Acc: 0.3393
2025-06-22 02:41:49,105 [INFO] Epoch 068 | Train Loss: 0.9345 | Val Loss: 2.4700 | Val Acc: 0.4286
2025-06-22 02:41:49,132 [INFO] Epoch 069 | Train Loss: 0.7571 | Val Loss: 2.4202 | Val Acc: 0.4464
2025-06-22 02:41:49,159 [INFO] Epoch 070 | Train Loss: 0.8166 | Val Loss: 2.0829 | Val Acc: 0.3750
2025-06-22 02:41:50,100 [INFO] Epoch 071 | Train Loss: 0.7584 | Val Loss: 2.3075 | Val Acc: 0.4643
2025-06-22 02:41:50,147 [INFO] Epoch 072 | Train Loss: 0.7450 | Val Loss: 3.1118 | Val Acc: 0.4464
2025-06-22 02:41:50,178 [INFO] Epoch 073 | Train Loss: 0.7929 | Val Loss: 2.8246 | Val Acc: 0.4286
2025-06-22 02:41:50,208 [INFO] Epoch 074 | Train Loss: 0.9187 | Val Loss: 2.9888 | Val Acc: 0.3929
2025-06-22 02:41:50,235 [INFO] Epoch 075 | Train Loss: 0.6706 | Val Loss: 2.2625 | Val Acc: 0.3929
2025-06-22 02:41:50,263 [INFO] Epoch 076 | Train Loss: 0.8787 | Val Loss: 2.6694 | Val Acc: 0.4286
2025-06-22 02:41:50,289 [INFO] Epoch 077 | Train Loss: 1.0116 | Val Loss: 2.7871 | Val Acc: 0.3929
2025-06-22 02:41:50,316 [INFO] Epoch 078 | Train Loss: 0.8794 | Val Loss: 2.7149 | Val Acc: 0.4286
2025-06-22 02:41:50,346 [INFO] Epoch 079 | Train Loss: 0.6461 | Val Loss: 2.7431 | Val Acc: 0.4464
2025-06-22 02:41:50,381 [INFO] Epoch 080 | Train Loss: 0.5924 | Val Loss: 2.1783 | Val Acc: 0.5536
2025-06-22 02:41:50,900 [INFO] New best model at epoch 80 (Val Acc: 0.5536)
2025-06-22 02:41:50,945 [INFO] Epoch 081 | Train Loss: 0.6273 | Val Loss: 2.2267 | Val Acc: 0.4821
2025-06-22 02:41:50,988 [INFO] Epoch 082 | Train Loss: 0.9505 | Val Loss: 2.2149 | Val Acc: 0.4464
2025-06-22 02:41:51,020 [INFO] Epoch 083 | Train Loss: 0.9138 | Val Loss: 2.5375 | Val Acc: 0.3214
2025-06-22 02:41:51,052 [INFO] Epoch 084 | Train Loss: 0.6055 | Val Loss: 2.4536 | Val Acc: 0.3750
2025-06-22 02:41:51,081 [INFO] Epoch 085 | Train Loss: 0.8714 | Val Loss: 2.6920 | Val Acc: 0.4464
2025-06-22 02:41:51,107 [INFO] Epoch 086 | Train Loss: 0.8192 | Val Loss: 2.9602 | Val Acc: 0.4107
2025-06-22 02:41:51,134 [INFO] Epoch 087 | Train Loss: 0.7396 | Val Loss: 2.3670 | Val Acc: 0.4464
2025-06-22 02:41:51,161 [INFO] Epoch 088 | Train Loss: 1.0688 | Val Loss: 2.6537 | Val Acc: 0.2679
2025-06-22 02:41:51,188 [INFO] Epoch 089 | Train Loss: 0.9011 | Val Loss: 2.7618 | Val Acc: 0.4286
2025-06-22 02:41:51,215 [INFO] Epoch 090 | Train Loss: 0.6784 | Val Loss: 2.1383 | Val Acc: 0.4643
2025-06-22 02:41:51,791 [INFO] Epoch 091 | Train Loss: 0.7434 | Val Loss: 2.1014 | Val Acc: 0.4643
2025-06-22 02:41:51,830 [INFO] Epoch 092 | Train Loss: 0.6116 | Val Loss: 2.2722 | Val Acc: 0.4107
2025-06-22 02:41:51,866 [INFO] Epoch 093 | Train Loss: 0.8299 | Val Loss: 1.9370 | Val Acc: 0.5357
2025-06-22 02:41:51,901 [INFO] Epoch 094 | Train Loss: 1.0871 | Val Loss: 2.3092 | Val Acc: 0.4464
2025-06-22 02:41:51,928 [INFO] Epoch 095 | Train Loss: 0.6733 | Val Loss: 2.7684 | Val Acc: 0.4286
2025-06-22 02:41:51,956 [INFO] Epoch 096 | Train Loss: 0.9631 | Val Loss: 2.7280 | Val Acc: 0.4643
2025-06-22 02:41:51,987 [INFO] Epoch 097 | Train Loss: 0.5606 | Val Loss: 2.0996 | Val Acc: 0.4286
2025-06-22 02:41:52,014 [INFO] Epoch 098 | Train Loss: 0.7162 | Val Loss: 1.9679 | Val Acc: 0.4464
2025-06-22 02:41:52,041 [INFO] Epoch 099 | Train Loss: 0.7330 | Val Loss: 2.4064 | Val Acc: 0.4107
2025-06-22 02:41:52,069 [INFO] Epoch 100 | Train Loss: 0.6870 | Val Loss: 2.2150 | Val Acc: 0.5179
2025-06-22 02:41:52,591 [INFO] Epoch 101 | Train Loss: 0.4398 | Val Loss: 2.0999 | Val Acc: 0.4643
2025-06-22 02:41:52,635 [INFO] Epoch 102 | Train Loss: 0.7219 | Val Loss: 2.0683 | Val Acc: 0.4643
2025-06-22 02:41:52,667 [INFO] Epoch 103 | Train Loss: 0.3631 | Val Loss: 2.4706 | Val Acc: 0.4821
2025-06-22 02:41:52,701 [INFO] Epoch 104 | Train Loss: 0.5836 | Val Loss: 2.2849 | Val Acc: 0.5000
2025-06-22 02:41:52,728 [INFO] Epoch 105 | Train Loss: 0.4384 | Val Loss: 2.1565 | Val Acc: 0.4821
2025-06-22 02:41:52,755 [INFO] Epoch 106 | Train Loss: 0.4592 | Val Loss: 2.1989 | Val Acc: 0.4821
2025-06-22 02:41:52,781 [INFO] Epoch 107 | Train Loss: 0.4208 | Val Loss: 2.3637 | Val Acc: 0.4821
2025-06-22 02:41:52,808 [INFO] Epoch 108 | Train Loss: 0.4833 | Val Loss: 2.3086 | Val Acc: 0.4643
2025-06-22 02:41:52,835 [INFO] Epoch 109 | Train Loss: 0.5828 | Val Loss: 2.1447 | Val Acc: 0.4821
2025-06-22 02:41:52,863 [INFO] Epoch 110 | Train Loss: 0.4590 | Val Loss: 2.0700 | Val Acc: 0.4464
2025-06-22 02:41:53,405 [INFO] Epoch 111 | Train Loss: 0.4832 | Val Loss: 2.3632 | Val Acc: 0.3571
2025-06-22 02:41:53,471 [INFO] Epoch 112 | Train Loss: 0.3838 | Val Loss: 2.5262 | Val Acc: 0.4107
2025-06-22 02:41:53,501 [INFO] Epoch 113 | Train Loss: 0.3866 | Val Loss: 2.1996 | Val Acc: 0.4821
2025-06-22 02:41:53,566 [INFO] Epoch 114 | Train Loss: 0.2960 | Val Loss: 2.4371 | Val Acc: 0.4464
2025-06-22 02:41:53,603 [INFO] Epoch 115 | Train Loss: 0.4899 | Val Loss: 2.9146 | Val Acc: 0.5179
2025-06-22 02:41:53,636 [INFO] Epoch 116 | Train Loss: 0.5191 | Val Loss: 2.5301 | Val Acc: 0.5179
2025-06-22 02:41:53,663 [INFO] Epoch 117 | Train Loss: 0.4725 | Val Loss: 2.3199 | Val Acc: 0.5536
2025-06-22 02:41:53,690 [INFO] Epoch 118 | Train Loss: 0.4370 | Val Loss: 2.5155 | Val Acc: 0.4821
2025-06-22 02:41:53,719 [INFO] Epoch 119 | Train Loss: 0.4620 | Val Loss: 2.5814 | Val Acc: 0.5179
2025-06-22 02:41:53,771 [INFO] Epoch 120 | Train Loss: 0.3159 | Val Loss: 2.8513 | Val Acc: 0.4821
2025-06-22 02:41:54,374 [INFO] Epoch 121 | Train Loss: 0.3870 | Val Loss: 2.7862 | Val Acc: 0.4286
2025-06-22 02:41:54,413 [INFO] Epoch 122 | Train Loss: 0.3050 | Val Loss: 2.5820 | Val Acc: 0.5179
2025-06-22 02:41:54,463 [INFO] Epoch 123 | Train Loss: 0.4477 | Val Loss: 2.4392 | Val Acc: 0.5000
2025-06-22 02:41:54,491 [INFO] Epoch 124 | Train Loss: 0.3728 | Val Loss: 3.0156 | Val Acc: 0.4286
2025-06-22 02:41:54,518 [INFO] Epoch 125 | Train Loss: 0.3050 | Val Loss: 2.4048 | Val Acc: 0.4464
2025-06-22 02:41:54,543 [INFO] Epoch 126 | Train Loss: 0.4872 | Val Loss: 2.2417 | Val Acc: 0.5357
2025-06-22 02:41:54,570 [INFO] Epoch 127 | Train Loss: 0.2945 | Val Loss: 2.4382 | Val Acc: 0.4643
2025-06-22 02:41:54,603 [INFO] Epoch 128 | Train Loss: 0.3273 | Val Loss: 2.6022 | Val Acc: 0.4821
2025-06-22 02:41:54,639 [INFO] Epoch 129 | Train Loss: 0.3584 | Val Loss: 2.5180 | Val Acc: 0.5000
2025-06-22 02:41:54,672 [INFO] Epoch 130 | Train Loss: 0.2978 | Val Loss: 2.4421 | Val Acc: 0.5357
2025-06-22 02:41:55,243 [INFO] Epoch 131 | Train Loss: 0.3041 | Val Loss: 2.3933 | Val Acc: 0.4821
2025-06-22 02:41:55,271 [INFO] Epoch 132 | Train Loss: 0.3264 | Val Loss: 2.3906 | Val Acc: 0.4464
2025-06-22 02:41:55,324 [INFO] Epoch 133 | Train Loss: 0.2715 | Val Loss: 2.5610 | Val Acc: 0.4107
2025-06-22 02:41:55,439 [INFO] Epoch 134 | Train Loss: 0.2497 | Val Loss: 2.3861 | Val Acc: 0.4286
2025-06-22 02:41:55,467 [INFO] Epoch 135 | Train Loss: 0.3719 | Val Loss: 2.5006 | Val Acc: 0.4464
2025-06-22 02:41:55,493 [INFO] Epoch 136 | Train Loss: 0.3160 | Val Loss: 3.0823 | Val Acc: 0.4464
2025-06-22 02:41:55,521 [INFO] Epoch 137 | Train Loss: 0.5386 | Val Loss: 3.5255 | Val Acc: 0.4286
2025-06-22 02:41:55,548 [INFO] Epoch 138 | Train Loss: 0.3226 | Val Loss: 3.3768 | Val Acc: 0.4821
2025-06-22 02:41:55,576 [INFO] Epoch 139 | Train Loss: 0.5397 | Val Loss: 3.0069 | Val Acc: 0.4643
2025-06-22 02:41:55,617 [INFO] Epoch 140 | Train Loss: 0.2320 | Val Loss: 2.9276 | Val Acc: 0.4643
2025-06-22 02:41:56,591 [INFO] Epoch 141 | Train Loss: 0.3811 | Val Loss: 2.8908 | Val Acc: 0.4286
2025-06-22 02:41:56,635 [INFO] Epoch 142 | Train Loss: 0.2686 | Val Loss: 2.9440 | Val Acc: 0.4821
2025-06-22 02:41:56,679 [INFO] Epoch 143 | Train Loss: 0.4349 | Val Loss: 3.1465 | Val Acc: 0.4643
2025-06-22 02:41:56,706 [INFO] Epoch 144 | Train Loss: 0.3758 | Val Loss: 3.2187 | Val Acc: 0.4643
2025-06-22 02:41:56,759 [INFO] Epoch 145 | Train Loss: 0.4728 | Val Loss: 2.8391 | Val Acc: 0.5000
2025-06-22 02:41:56,786 [INFO] Epoch 146 | Train Loss: 0.4444 | Val Loss: 2.8073 | Val Acc: 0.5179
2025-06-22 02:41:56,813 [INFO] Epoch 147 | Train Loss: 0.3326 | Val Loss: 2.2755 | Val Acc: 0.5000
2025-06-22 02:41:56,839 [INFO] Epoch 148 | Train Loss: 0.3667 | Val Loss: 2.1661 | Val Acc: 0.5000
2025-06-22 02:41:56,873 [INFO] Epoch 149 | Train Loss: 0.2327 | Val Loss: 2.1523 | Val Acc: 0.5000
2025-06-22 02:41:56,902 [INFO] Epoch 150 | Train Loss: 0.4194 | Val Loss: 2.8585 | Val Acc: 0.4643
2025-06-22 02:41:57,436 [INFO] Epoch 151 | Train Loss: 0.2649 | Val Loss: 2.7663 | Val Acc: 0.4643
2025-06-22 02:41:57,464 [INFO] Epoch 152 | Train Loss: 0.2938 | Val Loss: 2.8222 | Val Acc: 0.5000
2025-06-22 02:41:57,523 [INFO] Epoch 153 | Train Loss: 0.2893 | Val Loss: 2.7471 | Val Acc: 0.5000
2025-06-22 02:41:57,562 [INFO] Epoch 154 | Train Loss: 0.3779 | Val Loss: 2.4198 | Val Acc: 0.5357
2025-06-22 02:41:57,590 [INFO] Epoch 155 | Train Loss: 0.3345 | Val Loss: 2.3433 | Val Acc: 0.4821
2025-06-22 02:41:57,617 [INFO] Epoch 156 | Train Loss: 0.2850 | Val Loss: 2.4037 | Val Acc: 0.4464
2025-06-22 02:41:57,645 [INFO] Epoch 157 | Train Loss: 0.1933 | Val Loss: 2.5827 | Val Acc: 0.4643
2025-06-22 02:41:57,672 [INFO] Epoch 158 | Train Loss: 0.2416 | Val Loss: 2.8366 | Val Acc: 0.4643
2025-06-22 02:41:57,699 [INFO] Epoch 159 | Train Loss: 0.2050 | Val Loss: 3.5663 | Val Acc: 0.5179
2025-06-22 02:41:57,727 [INFO] Epoch 160 | Train Loss: 0.2664 | Val Loss: 3.7152 | Val Acc: 0.4464
2025-06-22 02:41:58,278 [INFO] Epoch 161 | Train Loss: 0.2387 | Val Loss: 3.3624 | Val Acc: 0.4464
2025-06-22 02:41:58,306 [INFO] Epoch 162 | Train Loss: 0.2822 | Val Loss: 3.1679 | Val Acc: 0.4464
2025-06-22 02:41:58,334 [INFO] Epoch 163 | Train Loss: 0.2737 | Val Loss: 2.6472 | Val Acc: 0.4821
2025-06-22 02:41:58,372 [INFO] Epoch 164 | Train Loss: 0.1694 | Val Loss: 2.4787 | Val Acc: 0.4821
2025-06-22 02:41:58,418 [INFO] Epoch 165 | Train Loss: 0.1873 | Val Loss: 2.5432 | Val Acc: 0.5179
2025-06-22 02:41:58,462 [INFO] Epoch 166 | Train Loss: 0.1555 | Val Loss: 2.6499 | Val Acc: 0.5357
2025-06-22 02:41:58,495 [INFO] Epoch 167 | Train Loss: 0.2255 | Val Loss: 2.5035 | Val Acc: 0.5357
2025-06-22 02:41:58,521 [INFO] Epoch 168 | Train Loss: 0.2811 | Val Loss: 2.6509 | Val Acc: 0.4821
2025-06-22 02:41:58,549 [INFO] Epoch 169 | Train Loss: 0.2687 | Val Loss: 2.3537 | Val Acc: 0.5536
2025-06-22 02:41:58,577 [INFO] Epoch 170 | Train Loss: 0.1903 | Val Loss: 2.6460 | Val Acc: 0.5000
2025-06-22 02:41:59,614 [INFO] Epoch 171 | Train Loss: 0.4416 | Val Loss: 3.2735 | Val Acc: 0.3750
2025-06-22 02:41:59,657 [INFO] Epoch 172 | Train Loss: 0.2151 | Val Loss: 3.0918 | Val Acc: 0.4643
2025-06-22 02:41:59,698 [INFO] Epoch 173 | Train Loss: 0.2787 | Val Loss: 2.8507 | Val Acc: 0.4464
2025-06-22 02:41:59,725 [INFO] Epoch 174 | Train Loss: 0.2274 | Val Loss: 3.2469 | Val Acc: 0.4286
2025-06-22 02:41:59,751 [INFO] Epoch 175 | Train Loss: 0.2022 | Val Loss: 3.0513 | Val Acc: 0.4464
2025-06-22 02:41:59,779 [INFO] Epoch 176 | Train Loss: 0.2319 | Val Loss: 3.0772 | Val Acc: 0.4821
2025-06-22 02:41:59,806 [INFO] Epoch 177 | Train Loss: 0.2436 | Val Loss: 3.6228 | Val Acc: 0.4643
2025-06-22 02:41:59,833 [INFO] Epoch 178 | Train Loss: 0.2969 | Val Loss: 4.1529 | Val Acc: 0.4286
2025-06-22 02:41:59,860 [INFO] Epoch 179 | Train Loss: 0.3625 | Val Loss: 3.8198 | Val Acc: 0.3571
2025-06-22 02:41:59,907 [INFO] Epoch 180 | Train Loss: 0.4195 | Val Loss: 3.7184 | Val Acc: 0.3929
2025-06-22 02:42:00,474 [INFO] Epoch 181 | Train Loss: 0.3067 | Val Loss: 3.0377 | Val Acc: 0.4643
2025-06-22 02:42:00,504 [INFO] Epoch 182 | Train Loss: 0.2460 | Val Loss: 2.9981 | Val Acc: 0.4821
2025-06-22 02:42:00,559 [INFO] Epoch 183 | Train Loss: 0.2643 | Val Loss: 3.0046 | Val Acc: 0.5000
2025-06-22 02:42:00,595 [INFO] Epoch 184 | Train Loss: 0.3158 | Val Loss: 2.9341 | Val Acc: 0.4821
2025-06-22 02:42:00,622 [INFO] Epoch 185 | Train Loss: 0.2872 | Val Loss: 3.4522 | Val Acc: 0.3929
2025-06-22 02:42:00,650 [INFO] Epoch 186 | Train Loss: 0.3505 | Val Loss: 3.4216 | Val Acc: 0.4643
2025-06-22 02:42:00,686 [INFO] Epoch 187 | Train Loss: 0.3094 | Val Loss: 3.2895 | Val Acc: 0.5000
2025-06-22 02:42:00,713 [INFO] Epoch 188 | Train Loss: 0.2862 | Val Loss: 3.4049 | Val Acc: 0.5000
2025-06-22 02:42:00,740 [INFO] Epoch 189 | Train Loss: 0.3575 | Val Loss: 3.2421 | Val Acc: 0.4464
2025-06-22 02:42:00,767 [INFO] Epoch 190 | Train Loss: 0.2744 | Val Loss: 3.5277 | Val Acc: 0.4643
2025-06-22 02:42:01,324 [INFO] Epoch 191 | Train Loss: 0.2117 | Val Loss: 3.4201 | Val Acc: 0.5000
2025-06-22 02:42:01,356 [INFO] Epoch 192 | Train Loss: 0.1706 | Val Loss: 3.1871 | Val Acc: 0.5000
2025-06-22 02:42:01,398 [INFO] Epoch 193 | Train Loss: 0.1284 | Val Loss: 3.2034 | Val Acc: 0.5000
2025-06-22 02:42:01,441 [INFO] Epoch 194 | Train Loss: 0.2466 | Val Loss: 3.4238 | Val Acc: 0.5179
2025-06-22 02:42:01,468 [INFO] Epoch 195 | Train Loss: 0.1491 | Val Loss: 3.4829 | Val Acc: 0.4821
2025-06-22 02:42:01,495 [INFO] Epoch 196 | Train Loss: 0.1817 | Val Loss: 3.5196 | Val Acc: 0.4643
2025-06-22 02:42:01,522 [INFO] Epoch 197 | Train Loss: 0.1775 | Val Loss: 3.5810 | Val Acc: 0.4464
2025-06-22 02:42:01,549 [INFO] Epoch 198 | Train Loss: 0.1160 | Val Loss: 3.4029 | Val Acc: 0.5179
2025-06-22 02:42:01,576 [INFO] Epoch 199 | Train Loss: 0.2858 | Val Loss: 3.3345 | Val Acc: 0.5179
2025-06-22 02:42:01,604 [INFO] Epoch 200 | Train Loss: 0.1834 | Val Loss: 2.9695 | Val Acc: 0.5357
2025-06-22 02:42:02,138 [INFO] Epoch 201 | Train Loss: 0.4681 | Val Loss: 2.9787 | Val Acc: 0.4821
2025-06-22 02:42:02,174 [INFO] Epoch 202 | Train Loss: 0.2525 | Val Loss: 3.2811 | Val Acc: 0.4821
2025-06-22 02:42:02,204 [INFO] Epoch 203 | Train Loss: 0.1708 | Val Loss: 2.8946 | Val Acc: 0.4286
2025-06-22 02:42:02,257 [INFO] Epoch 204 | Train Loss: 0.2211 | Val Loss: 2.9203 | Val Acc: 0.4107
2025-06-22 02:42:02,293 [INFO] Epoch 205 | Train Loss: 0.1448 | Val Loss: 3.0341 | Val Acc: 0.3929
2025-06-22 02:42:02,320 [INFO] Epoch 206 | Train Loss: 0.1068 | Val Loss: 3.2478 | Val Acc: 0.3929
2025-06-22 02:42:02,347 [INFO] Epoch 207 | Train Loss: 0.2001 | Val Loss: 4.1375 | Val Acc: 0.4643
2025-06-22 02:42:02,382 [INFO] Epoch 208 | Train Loss: 0.3181 | Val Loss: 3.8629 | Val Acc: 0.5000
2025-06-22 02:42:02,410 [INFO] Epoch 209 | Train Loss: 0.1821 | Val Loss: 3.9285 | Val Acc: 0.4643
2025-06-22 02:42:02,438 [INFO] Epoch 210 | Train Loss: 0.2806 | Val Loss: 3.8809 | Val Acc: 0.4643
2025-06-22 02:42:02,963 [INFO] Epoch 211 | Train Loss: 0.1604 | Val Loss: 3.5098 | Val Acc: 0.5000
2025-06-22 02:42:02,990 [INFO] Epoch 212 | Train Loss: 0.1894 | Val Loss: 3.4711 | Val Acc: 0.4821
2025-06-22 02:42:03,020 [INFO] Epoch 213 | Train Loss: 0.2102 | Val Loss: 3.4016 | Val Acc: 0.4821
2025-06-22 02:42:03,047 [INFO] Epoch 214 | Train Loss: 0.1977 | Val Loss: 3.0626 | Val Acc: 0.5179
2025-06-22 02:42:03,078 [INFO] Epoch 215 | Train Loss: 0.1257 | Val Loss: 3.2025 | Val Acc: 0.5000
2025-06-22 02:42:03,126 [INFO] Epoch 216 | Train Loss: 0.1164 | Val Loss: 3.6688 | Val Acc: 0.4821
2025-06-22 02:42:03,160 [INFO] Epoch 217 | Train Loss: 0.1832 | Val Loss: 3.7879 | Val Acc: 0.5179
2025-06-22 02:42:03,197 [INFO] Epoch 218 | Train Loss: 0.1729 | Val Loss: 3.7768 | Val Acc: 0.5000
2025-06-22 02:42:03,224 [INFO] Epoch 219 | Train Loss: 0.1403 | Val Loss: 4.0298 | Val Acc: 0.5000
2025-06-22 02:42:03,251 [INFO] Epoch 220 | Train Loss: 0.1660 | Val Loss: 4.4245 | Val Acc: 0.4643
2025-06-22 02:42:03,883 [INFO] Epoch 221 | Train Loss: 0.1827 | Val Loss: 4.2252 | Val Acc: 0.4643
2025-06-22 02:42:03,936 [INFO] Epoch 222 | Train Loss: 0.1557 | Val Loss: 4.1676 | Val Acc: 0.4821
2025-06-22 02:42:03,978 [INFO] Epoch 223 | Train Loss: 0.2600 | Val Loss: 3.6753 | Val Acc: 0.4643
2025-06-22 02:42:04,015 [INFO] Epoch 224 | Train Loss: 0.1229 | Val Loss: 3.2904 | Val Acc: 0.4643
2025-06-22 02:42:04,050 [INFO] Epoch 225 | Train Loss: 0.2361 | Val Loss: 4.0100 | Val Acc: 0.4643
2025-06-22 02:42:04,077 [INFO] Epoch 226 | Train Loss: 0.1823 | Val Loss: 4.1580 | Val Acc: 0.4821
2025-06-22 02:42:04,105 [INFO] Epoch 227 | Train Loss: 0.1781 | Val Loss: 4.1845 | Val Acc: 0.4643
2025-06-22 02:42:04,132 [INFO] Epoch 228 | Train Loss: 0.2387 | Val Loss: 3.8840 | Val Acc: 0.4286
2025-06-22 02:42:04,158 [INFO] Epoch 229 | Train Loss: 0.1767 | Val Loss: 3.1843 | Val Acc: 0.4643
2025-06-22 02:42:04,185 [INFO] Epoch 230 | Train Loss: 0.2420 | Val Loss: 3.0725 | Val Acc: 0.4286
2025-06-22 02:42:04,718 [INFO] Early stopping at epoch 230 (no improvement in 150 epochs).
2025-06-22 02:42:04,721 [INFO] Best model saved to <built-in function time>/ENZYMES/best/best_source_gin.pth (Val Acc: 0.5536 at epoch 80)
2025-06-22 02:42:04,722 [INFO] Training/validation metrics saved to <built-in function time>/ENZYMES/GIN_0.001/train_metrics.csv
2025-06-22 02:42:05,203 [INFO] Final training curves saved
2025-06-22 02:42:05,203 [INFO] Training completed!
2025-06-22 02:42:05,203 [INFO] Best validation accuracy: 0.5536
2025-06-22 02:42:05,203 [INFO] Best epoch: 80
2025-06-22 02:42:05,203 [INFO] Total epochs trained: 230
2025-06-22 02:42:05,204 [INFO] Starting training with parameters: (0.001, 0.2, 128, 3, 400, 0.0)
