2025-06-22 01:23:45,565 [INFO] Using device: cpu
2025-06-22 01:23:45,565 [INFO] 开始创建数据加载器...
2025-06-22 01:23:45,566 [INFO] Successfully loaded dataset ENZYMES from ./data, total graphs: 600
2025-06-22 01:23:45,566 [INFO] Class allocation analysis:
2025-06-22 01:23:45,566 [INFO]   Source classes: [0, 1, 2, 3]
2025-06-22 01:23:45,566 [INFO]   Target classes: [0, 1, 2, 3, 4, 5]
2025-06-22 01:23:45,566 [INFO]   Overlap classes (to be split): [0, 1, 2, 3]
2025-06-22 01:23:45,566 [INFO]   Target novel classes (unknown): [4, 5]
2025-06-22 01:23:45,580 [INFO]   Class 0: 100 total -> Source: 70, Target: 30
2025-06-22 01:23:45,580 [INFO]   Class 1: 100 total -> Source: 70, Target: 30
2025-06-22 01:23:45,580 [INFO]   Class 2: 100 total -> Source: 70, Target: 30
2025-06-22 01:23:45,581 [INFO]   Class 3: 100 total -> Source: 70, Target: 30
2025-06-22 01:23:45,581 [INFO]   Class 4 (novel/unknown): 100 samples -> Target
2025-06-22 01:23:45,581 [INFO]   Class 5 (novel/unknown): 100 samples -> Target
2025-06-22 01:23:45,581 [INFO] Final allocation:
2025-06-22 01:23:45,581 [INFO]   Source domain: 280 samples
2025-06-22 01:23:45,581 [INFO]   Target domain: 320 samples
2025-06-22 01:23:45,582 [INFO] Source domain setup:
2025-06-22 01:23:45,582 [INFO]   Original classes: [0, 1, 2, 3]
2025-06-22 01:23:45,582 [INFO]   Overlap classes used: [0, 1, 2, 3]
2025-06-22 01:23:45,582 [INFO]   Label mapping: {0: 0, 1: 1, 2: 2, 3: 3}
2025-06-22 01:23:45,582 [INFO]   Total data after allocation: 280
2025-06-22 01:23:45,582 [INFO]   Data split - Train: 224, Val: 56
2025-06-22 01:23:45,582 [INFO]   Train label distribution: {0: 56, 1: 56, 3: 56, 2: 56}
2025-06-22 01:23:45,582 [INFO]   Val label distribution: {1: 14, 2: 14, 0: 14, 3: 14}
2025-06-22 01:23:45,583 [INFO] Successfully loaded dataset ENZYMES from ./data, total graphs: 600
2025-06-22 01:23:45,583 [INFO] Class allocation analysis:
2025-06-22 01:23:45,583 [INFO]   Source classes: [0, 1, 2, 3]
2025-06-22 01:23:45,583 [INFO]   Target classes: [0, 1, 2, 3, 4, 5]
2025-06-22 01:23:45,583 [INFO]   Overlap classes (to be split): [0, 1, 2, 3]
2025-06-22 01:23:45,583 [INFO]   Target novel classes (unknown): [4, 5]
2025-06-22 01:23:45,597 [INFO]   Class 0: 100 total -> Source: 70, Target: 30
2025-06-22 01:23:45,597 [INFO]   Class 1: 100 total -> Source: 70, Target: 30
2025-06-22 01:23:45,597 [INFO]   Class 2: 100 total -> Source: 70, Target: 30
2025-06-22 01:23:45,597 [INFO]   Class 3: 100 total -> Source: 70, Target: 30
2025-06-22 01:23:45,597 [INFO]   Class 4 (novel/unknown): 100 samples -> Target
2025-06-22 01:23:45,597 [INFO]   Class 5 (novel/unknown): 100 samples -> Target
2025-06-22 01:23:45,597 [INFO] Final allocation:
2025-06-22 01:23:45,597 [INFO]   Source domain: 280 samples
2025-06-22 01:23:45,597 [INFO]   Target domain: 320 samples
2025-06-22 01:23:45,599 [INFO] Target domain setup:
2025-06-22 01:23:45,599 [INFO]   Original classes: [0, 1, 2, 3, 4, 5]
2025-06-22 01:23:45,599 [INFO]   Overlap classes: [0, 1, 2, 3]
2025-06-22 01:23:45,599 [INFO]   Novel classes: [4, 5] -> mapped to unknown label 4
2025-06-22 01:23:45,599 [INFO]   Label mapping: {0: 0, 1: 1, 2: 2, 3: 3, 4: 4, 5: 4}
2025-06-22 01:23:45,599 [INFO]   Total data after allocation: 320
2025-06-22 01:23:45,599 [INFO]   Data split - Train: 256, Val: 64
2025-06-22 01:23:45,599 [INFO]   Total count: 320 (known: 120, unknown: 200)
2025-06-22 01:23:45,599 [INFO]   Total label distribution: {4: 200, 3: 30, 0: 30, 1: 30, 2: 30}
2025-06-22 01:23:45,599 [INFO]   Train label distribution: {4: 160, 0: 24, 2: 24, 3: 24, 1: 24}
2025-06-22 01:23:45,599 [INFO]   Val label distribution: {1: 6, 4: 40, 3: 6, 0: 6, 2: 6}
2025-06-22 01:23:45,599 [INFO] 数据加载器创建完成!
2025-06-22 01:23:45,599 [INFO] 源域类别数: 4 (重叠类别)
2025-06-22 01:23:45,599 [INFO] 目标域类别数: 5 (4个重叠类别 + 1个未知类别)
2025-06-22 01:23:45,599 [INFO] 重叠类别: [0, 1, 2, 3]
2025-06-22 01:23:45,599 [INFO] 目标域新类别: [4, 5]
2025-06-22 01:23:45,599 [INFO] Data allocation verification:
2025-06-22 01:23:45,599 [INFO]   Source data samples: 280
2025-06-22 01:23:45,599 [INFO]   Target data samples: 320
2025-06-22 01:23:45,599 [INFO]   Overlapping samples: 0
2025-06-22 01:23:45,599 [INFO]   ✓ Data allocation is correct - no overlapping samples
2025-06-22 01:23:45,604 [INFO] Model initialized with 1323524 parameters
2025-06-22 01:23:45,604 [INFO] Previous best validation accuracy read from record.txt: 0.6250
2025-06-22 01:23:45,604 [INFO] Starting training...
2025-06-22 01:23:45,694 [INFO] Epoch 001 | Train Loss: 16.9130 | Val Loss: 17.6738 | Val Acc: 0.2500
2025-06-22 01:23:46,185 [INFO] New best model at epoch 1 (Val Acc: 0.2500)
2025-06-22 01:23:46,273 [INFO] Epoch 002 | Train Loss: 7.0176 | Val Loss: 6.6925 | Val Acc: 0.3929
2025-06-22 01:23:46,293 [INFO] New best model at epoch 2 (Val Acc: 0.3929)
2025-06-22 01:23:46,371 [INFO] Epoch 003 | Train Loss: 5.7674 | Val Loss: 6.3393 | Val Acc: 0.4286
2025-06-22 01:23:46,393 [INFO] New best model at epoch 3 (Val Acc: 0.4286)
2025-06-22 01:23:46,478 [INFO] Epoch 004 | Train Loss: 4.8357 | Val Loss: 9.6423 | Val Acc: 0.2321
2025-06-22 01:23:46,586 [INFO] Epoch 005 | Train Loss: 4.1863 | Val Loss: 2.7154 | Val Acc: 0.4643
2025-06-22 01:23:46,606 [INFO] New best model at epoch 5 (Val Acc: 0.4643)
2025-06-22 01:23:46,684 [INFO] Epoch 006 | Train Loss: 3.6744 | Val Loss: 5.0505 | Val Acc: 0.3571
2025-06-22 01:23:46,780 [INFO] Epoch 007 | Train Loss: 3.2539 | Val Loss: 4.7324 | Val Acc: 0.3036
2025-06-22 01:23:46,900 [INFO] Epoch 008 | Train Loss: 2.8786 | Val Loss: 2.6286 | Val Acc: 0.4464
2025-06-22 01:23:46,995 [INFO] Epoch 009 | Train Loss: 3.7065 | Val Loss: 3.0215 | Val Acc: 0.3214
2025-06-22 01:23:47,111 [INFO] Epoch 010 | Train Loss: 3.5657 | Val Loss: 2.9215 | Val Acc: 0.3929
2025-06-22 01:23:48,126 [INFO] Epoch 011 | Train Loss: 3.5355 | Val Loss: 2.7672 | Val Acc: 0.4821
2025-06-22 01:23:48,147 [INFO] New best model at epoch 11 (Val Acc: 0.4821)
2025-06-22 01:23:48,225 [INFO] Epoch 012 | Train Loss: 3.5835 | Val Loss: 3.2247 | Val Acc: 0.3214
2025-06-22 01:23:48,317 [INFO] Epoch 013 | Train Loss: 2.7892 | Val Loss: 2.1146 | Val Acc: 0.3750
2025-06-22 01:23:48,413 [INFO] Epoch 014 | Train Loss: 2.4466 | Val Loss: 3.4156 | Val Acc: 0.3214
2025-06-22 01:23:48,525 [INFO] Epoch 015 | Train Loss: 2.0322 | Val Loss: 2.7035 | Val Acc: 0.3214
2025-06-22 01:23:48,625 [INFO] Epoch 016 | Train Loss: 2.3950 | Val Loss: 3.5931 | Val Acc: 0.3571
2025-06-22 01:23:48,724 [INFO] Epoch 017 | Train Loss: 2.5449 | Val Loss: 4.1749 | Val Acc: 0.3750
2025-06-22 01:23:48,822 [INFO] Epoch 018 | Train Loss: 2.4976 | Val Loss: 5.0214 | Val Acc: 0.3750
2025-06-22 01:23:48,923 [INFO] Epoch 019 | Train Loss: 3.2788 | Val Loss: 2.5083 | Val Acc: 0.3571
2025-06-22 01:23:49,021 [INFO] Epoch 020 | Train Loss: 2.7293 | Val Loss: 2.5663 | Val Acc: 0.3929
2025-06-22 01:23:49,593 [INFO] Epoch 021 | Train Loss: 2.0301 | Val Loss: 2.5287 | Val Acc: 0.4107
2025-06-22 01:23:49,695 [INFO] Epoch 022 | Train Loss: 2.7365 | Val Loss: 2.6708 | Val Acc: 0.3750
2025-06-22 01:23:49,794 [INFO] Epoch 023 | Train Loss: 2.0165 | Val Loss: 2.7460 | Val Acc: 0.4107
2025-06-22 01:23:49,891 [INFO] Epoch 024 | Train Loss: 3.4224 | Val Loss: 2.2416 | Val Acc: 0.3929
2025-06-22 01:23:49,987 [INFO] Epoch 025 | Train Loss: 1.7711 | Val Loss: 2.5179 | Val Acc: 0.3750
2025-06-22 01:23:50,099 [INFO] Epoch 026 | Train Loss: 2.1290 | Val Loss: 2.6786 | Val Acc: 0.4286
2025-06-22 01:23:50,196 [INFO] Epoch 027 | Train Loss: 2.4546 | Val Loss: 2.4724 | Val Acc: 0.4107
2025-06-22 01:23:50,294 [INFO] Epoch 028 | Train Loss: 2.2423 | Val Loss: 3.2093 | Val Acc: 0.2857
2025-06-22 01:23:50,392 [INFO] Epoch 029 | Train Loss: 2.1069 | Val Loss: 2.6604 | Val Acc: 0.4286
2025-06-22 01:23:50,489 [INFO] Epoch 030 | Train Loss: 2.4701 | Val Loss: 2.9767 | Val Acc: 0.3571
2025-06-22 01:23:51,802 [INFO] Epoch 031 | Train Loss: 1.9983 | Val Loss: 2.5116 | Val Acc: 0.4107
2025-06-22 01:23:51,899 [INFO] Epoch 032 | Train Loss: 2.2150 | Val Loss: 2.5232 | Val Acc: 0.3750
2025-06-22 01:23:51,994 [INFO] Epoch 033 | Train Loss: 2.0984 | Val Loss: 2.7420 | Val Acc: 0.3214
2025-06-22 01:23:52,101 [INFO] Epoch 034 | Train Loss: 1.7749 | Val Loss: 3.1938 | Val Acc: 0.3036
2025-06-22 01:23:52,241 [INFO] Epoch 035 | Train Loss: 1.6996 | Val Loss: 3.7177 | Val Acc: 0.3750
2025-06-22 01:23:52,336 [INFO] Epoch 036 | Train Loss: 1.9121 | Val Loss: 2.9434 | Val Acc: 0.3929
2025-06-22 01:23:52,436 [INFO] Epoch 037 | Train Loss: 1.6234 | Val Loss: 2.6075 | Val Acc: 0.3750
2025-06-22 01:23:52,579 [INFO] Epoch 038 | Train Loss: 1.2601 | Val Loss: 3.4262 | Val Acc: 0.2679
2025-06-22 01:23:52,683 [INFO] Epoch 039 | Train Loss: 1.1040 | Val Loss: 2.9056 | Val Acc: 0.3393
2025-06-22 01:23:52,793 [INFO] Epoch 040 | Train Loss: 1.6843 | Val Loss: 3.3010 | Val Acc: 0.4107
2025-06-22 01:23:53,471 [INFO] Epoch 041 | Train Loss: 1.8541 | Val Loss: 3.1368 | Val Acc: 0.3214
2025-06-22 01:23:53,593 [INFO] Epoch 042 | Train Loss: 1.6731 | Val Loss: 3.4923 | Val Acc: 0.3214
2025-06-22 01:23:53,702 [INFO] Epoch 043 | Train Loss: 1.5245 | Val Loss: 3.2613 | Val Acc: 0.3750
2025-06-22 01:23:53,799 [INFO] Epoch 044 | Train Loss: 1.5529 | Val Loss: 2.7788 | Val Acc: 0.3929
2025-06-22 01:23:53,917 [INFO] Epoch 045 | Train Loss: 1.5811 | Val Loss: 2.9911 | Val Acc: 0.4286
2025-06-22 01:23:54,013 [INFO] Epoch 046 | Train Loss: 1.2728 | Val Loss: 2.6790 | Val Acc: 0.3571
2025-06-22 01:23:54,115 [INFO] Epoch 047 | Train Loss: 1.4684 | Val Loss: 2.8109 | Val Acc: 0.4464
2025-06-22 01:23:54,230 [INFO] Epoch 048 | Train Loss: 1.2102 | Val Loss: 2.7515 | Val Acc: 0.3571
2025-06-22 01:23:54,337 [INFO] Epoch 049 | Train Loss: 1.5146 | Val Loss: 2.8127 | Val Acc: 0.3750
2025-06-22 01:23:54,447 [INFO] Epoch 050 | Train Loss: 1.3695 | Val Loss: 2.4210 | Val Acc: 0.3750
2025-06-22 01:23:54,942 [INFO] Best model saved to <built-in function time>/ENZYMES/best/best_source_gin.pth (Val Acc: 0.4821 at epoch 11)
2025-06-22 01:23:54,942 [INFO] Training/validation metrics saved to <built-in function time>/ENZYMES/GIN_0.001/train_metrics.csv
2025-06-22 01:23:55,439 [INFO] Final training curves saved
2025-06-22 01:23:55,439 [INFO] Training completed!
2025-06-22 01:23:55,439 [INFO] Best validation accuracy: 0.4821
2025-06-22 01:23:55,439 [INFO] Best epoch: 11
2025-06-22 01:23:55,439 [INFO] Total epochs trained: 50
2025-06-22 01:23:55,440 [INFO] Starting training with parameters: (0.001, 0.1, 512, 3, 100, 0.0)
