2025-06-23 18:35:27,629 [INFO] Using device: cpu
2025-06-23 18:35:27,629 [INFO] 开始创建数据加载器...
2025-06-23 18:35:27,633 [INFO] Successfully loaded dataset ENZYMES from ./data, total graphs: 600
2025-06-23 18:35:27,633 [INFO] Class allocation analysis:
2025-06-23 18:35:27,633 [INFO]   Source classes: [0, 1, 2, 3]
2025-06-23 18:35:27,633 [INFO]   Target classes: [0, 1, 2, 3, 4, 5]
2025-06-23 18:35:27,633 [INFO]   Overlap classes (to be split): [0, 1, 2, 3]
2025-06-23 18:35:27,633 [INFO]   Target novel classes (unknown): [4, 5]
2025-06-23 18:35:27,647 [INFO]   Class 0: 100 total -> Source: 70, Target: 30
2025-06-23 18:35:27,647 [INFO]   Class 1: 100 total -> Source: 70, Target: 30
2025-06-23 18:35:27,647 [INFO]   Class 2: 100 total -> Source: 70, Target: 30
2025-06-23 18:35:27,648 [INFO]   Class 3: 100 total -> Source: 70, Target: 30
2025-06-23 18:35:27,648 [INFO]   Class 4 (novel/unknown): 100 samples -> Target
2025-06-23 18:35:27,648 [INFO]   Class 5 (novel/unknown): 100 samples -> Target
2025-06-23 18:35:27,648 [INFO] Final allocation:
2025-06-23 18:35:27,648 [INFO]   Source domain: 280 samples
2025-06-23 18:35:27,648 [INFO]   Target domain: 320 samples
2025-06-23 18:35:27,649 [INFO] Source domain setup:
2025-06-23 18:35:27,649 [INFO]   Original classes: [0, 1, 2, 3]
2025-06-23 18:35:27,649 [INFO]   Overlap classes used: [0, 1, 2, 3]
2025-06-23 18:35:27,649 [INFO]   Label mapping: {0: 0, 1: 1, 2: 2, 3: 3}
2025-06-23 18:35:27,649 [INFO]   Total data after allocation: 280
2025-06-23 18:35:27,649 [INFO]   Data split - Train: 224, Val: 56
2025-06-23 18:35:27,649 [INFO]   Train label distribution: {0: 56, 1: 56, 3: 56, 2: 56}
2025-06-23 18:35:27,649 [INFO]   Val label distribution: {1: 14, 2: 14, 0: 14, 3: 14}
2025-06-23 18:35:27,651 [INFO] Successfully loaded dataset ENZYMES from ./data, total graphs: 600
2025-06-23 18:35:27,651 [INFO] Class allocation analysis:
2025-06-23 18:35:27,651 [INFO]   Source classes: [0, 1, 2, 3]
2025-06-23 18:35:27,651 [INFO]   Target classes: [0, 1, 2, 3, 4, 5]
2025-06-23 18:35:27,651 [INFO]   Overlap classes (to be split): [0, 1, 2, 3]
2025-06-23 18:35:27,651 [INFO]   Target novel classes (unknown): [4, 5]
2025-06-23 18:35:27,664 [INFO]   Class 0: 100 total -> Source: 70, Target: 30
2025-06-23 18:35:27,665 [INFO]   Class 1: 100 total -> Source: 70, Target: 30
2025-06-23 18:35:27,665 [INFO]   Class 2: 100 total -> Source: 70, Target: 30
2025-06-23 18:35:27,665 [INFO]   Class 3: 100 total -> Source: 70, Target: 30
2025-06-23 18:35:27,665 [INFO]   Class 4 (novel/unknown): 100 samples -> Target
2025-06-23 18:35:27,665 [INFO]   Class 5 (novel/unknown): 100 samples -> Target
2025-06-23 18:35:27,665 [INFO] Final allocation:
2025-06-23 18:35:27,665 [INFO]   Source domain: 280 samples
2025-06-23 18:35:27,665 [INFO]   Target domain: 320 samples
2025-06-23 18:35:27,667 [INFO] Target domain setup:
2025-06-23 18:35:27,667 [INFO]   Original classes: [0, 1, 2, 3, 4, 5]
2025-06-23 18:35:27,667 [INFO]   Overlap classes: [0, 1, 2, 3]
2025-06-23 18:35:27,667 [INFO]   Novel classes: [4, 5] -> mapped to unknown label 4
2025-06-23 18:35:27,667 [INFO]   Label mapping: {0: 0, 1: 1, 2: 2, 3: 3, 4: 4, 5: 4}
2025-06-23 18:35:27,667 [INFO]   Total data after allocation: 320
2025-06-23 18:35:27,667 [INFO]   Data split - Train: 256, Val: 64
2025-06-23 18:35:27,667 [INFO]   Total count: 320 (known: 120, unknown: 200)
2025-06-23 18:35:27,667 [INFO]   Total label distribution: {4: 200, 3: 30, 0: 30, 1: 30, 2: 30}
2025-06-23 18:35:27,667 [INFO]   Train label distribution: {4: 160, 0: 24, 2: 24, 3: 24, 1: 24}
2025-06-23 18:35:27,667 [INFO]   Val label distribution: {1: 6, 4: 40, 3: 6, 0: 6, 2: 6}
2025-06-23 18:35:27,667 [INFO] 数据加载器创建完成!
2025-06-23 18:35:27,667 [INFO] 源域类别数: 4 (重叠类别)
2025-06-23 18:35:27,667 [INFO] 目标域类别数: 5 (4个重叠类别 + 1个未知类别)
2025-06-23 18:35:27,667 [INFO] 重叠类别: [0, 1, 2, 3]
2025-06-23 18:35:27,667 [INFO] 目标域新类别: [4, 5]
2025-06-23 18:35:27,667 [INFO] Data allocation verification:
2025-06-23 18:35:27,667 [INFO]   Source data samples: 280
2025-06-23 18:35:27,667 [INFO]   Target data samples: 320
2025-06-23 18:35:27,667 [INFO]   Overlapping samples: 0
2025-06-23 18:35:27,667 [INFO]   ✓ Data allocation is correct - no overlapping samples
2025-06-23 18:35:27,669 [INFO] Model initialized with 8164 parameters
2025-06-23 18:35:27,670 [INFO] Previous best validation accuracy read from record.txt: 0.6429
2025-06-23 18:35:27,670 [INFO] Starting training...
2025-06-23 18:35:27,707 [INFO] Epoch 001 | Train Loss: 9.3741 | Val Loss: 6.4272 | Val Acc: 0.3571
2025-06-23 18:35:29,388 [INFO] New best model at epoch 1 (Val Acc: 0.3571)
2025-06-23 18:35:29,424 [INFO] Epoch 002 | Train Loss: 6.0197 | Val Loss: 1.6743 | Val Acc: 0.3036
2025-06-23 18:35:29,460 [INFO] Epoch 003 | Train Loss: 4.2707 | Val Loss: 1.4209 | Val Acc: 0.3571
2025-06-23 18:35:29,493 [INFO] Epoch 004 | Train Loss: 3.4672 | Val Loss: 2.6503 | Val Acc: 0.2679
2025-06-23 18:35:29,518 [INFO] Epoch 005 | Train Loss: 2.9481 | Val Loss: 2.4979 | Val Acc: 0.2321
2025-06-23 18:35:29,544 [INFO] Epoch 006 | Train Loss: 2.3923 | Val Loss: 3.3691 | Val Acc: 0.3036
2025-06-23 18:35:29,569 [INFO] Epoch 007 | Train Loss: 2.3629 | Val Loss: 1.6171 | Val Acc: 0.2500
2025-06-23 18:35:29,594 [INFO] Epoch 008 | Train Loss: 1.9853 | Val Loss: 2.6713 | Val Acc: 0.2857
2025-06-23 18:35:29,620 [INFO] Epoch 009 | Train Loss: 2.4972 | Val Loss: 3.0710 | Val Acc: 0.3393
2025-06-23 18:35:29,645 [INFO] Epoch 010 | Train Loss: 1.9141 | Val Loss: 1.3124 | Val Acc: 0.3214
2025-06-23 18:35:30,895 [INFO] Epoch 011 | Train Loss: 2.1272 | Val Loss: 1.7399 | Val Acc: 0.3929
2025-06-23 18:35:30,899 [INFO] New best model at epoch 11 (Val Acc: 0.3929)
2025-06-23 18:35:30,935 [INFO] Epoch 012 | Train Loss: 2.1345 | Val Loss: 2.0722 | Val Acc: 0.4107
2025-06-23 18:35:30,939 [INFO] New best model at epoch 12 (Val Acc: 0.4107)
2025-06-23 18:35:30,968 [INFO] Epoch 013 | Train Loss: 1.8161 | Val Loss: 2.3136 | Val Acc: 0.3036
2025-06-23 18:35:30,994 [INFO] Epoch 014 | Train Loss: 1.9967 | Val Loss: 1.4592 | Val Acc: 0.3750
2025-06-23 18:35:31,019 [INFO] Epoch 015 | Train Loss: 1.9332 | Val Loss: 1.7226 | Val Acc: 0.3571
2025-06-23 18:35:31,043 [INFO] Epoch 016 | Train Loss: 1.8513 | Val Loss: 2.0050 | Val Acc: 0.2857
2025-06-23 18:35:31,069 [INFO] Epoch 017 | Train Loss: 1.4355 | Val Loss: 1.2777 | Val Acc: 0.3393
2025-06-23 18:35:31,093 [INFO] Epoch 018 | Train Loss: 1.6148 | Val Loss: 1.5666 | Val Acc: 0.3393
2025-06-23 18:35:31,118 [INFO] Epoch 019 | Train Loss: 1.4918 | Val Loss: 2.0255 | Val Acc: 0.3571
2025-06-23 18:35:31,142 [INFO] Epoch 020 | Train Loss: 1.6456 | Val Loss: 1.3311 | Val Acc: 0.4107
2025-06-23 18:35:36,408 [INFO] Epoch 021 | Train Loss: 1.5777 | Val Loss: 1.4529 | Val Acc: 0.3929
2025-06-23 18:35:36,451 [INFO] Epoch 022 | Train Loss: 1.4041 | Val Loss: 1.4382 | Val Acc: 0.3929
2025-06-23 18:35:36,481 [INFO] Epoch 023 | Train Loss: 1.5410 | Val Loss: 1.7262 | Val Acc: 0.3036
2025-06-23 18:35:36,512 [INFO] Epoch 024 | Train Loss: 1.5999 | Val Loss: 1.4190 | Val Acc: 0.3214
2025-06-23 18:35:36,540 [INFO] Epoch 025 | Train Loss: 1.4498 | Val Loss: 1.3787 | Val Acc: 0.3750
2025-06-23 18:35:36,569 [INFO] Epoch 026 | Train Loss: 1.3509 | Val Loss: 1.3576 | Val Acc: 0.3929
2025-06-23 18:35:36,593 [INFO] Epoch 027 | Train Loss: 1.3759 | Val Loss: 1.2843 | Val Acc: 0.3929
2025-06-23 18:35:36,621 [INFO] Epoch 028 | Train Loss: 1.3071 | Val Loss: 1.3055 | Val Acc: 0.4286
2025-06-23 18:35:36,625 [INFO] New best model at epoch 28 (Val Acc: 0.4286)
2025-06-23 18:35:36,727 [INFO] Epoch 029 | Train Loss: 1.5012 | Val Loss: 1.3326 | Val Acc: 0.2857
2025-06-23 18:35:36,793 [INFO] Epoch 030 | Train Loss: 1.4132 | Val Loss: 1.4617 | Val Acc: 0.3214
2025-06-23 18:35:38,135 [INFO] Epoch 031 | Train Loss: 1.5653 | Val Loss: 1.3928 | Val Acc: 0.2857
2025-06-23 18:35:38,186 [INFO] Epoch 032 | Train Loss: 1.4774 | Val Loss: 1.3176 | Val Acc: 0.3393
2025-06-23 18:35:38,214 [INFO] Epoch 033 | Train Loss: 1.3673 | Val Loss: 1.4058 | Val Acc: 0.3571
2025-06-23 18:35:38,239 [INFO] Epoch 034 | Train Loss: 1.3483 | Val Loss: 1.6055 | Val Acc: 0.3393
2025-06-23 18:35:38,264 [INFO] Epoch 035 | Train Loss: 1.4022 | Val Loss: 1.3226 | Val Acc: 0.4643
2025-06-23 18:35:38,269 [INFO] New best model at epoch 35 (Val Acc: 0.4643)
2025-06-23 18:35:38,293 [INFO] Epoch 036 | Train Loss: 1.5088 | Val Loss: 1.4049 | Val Acc: 0.2857
2025-06-23 18:35:38,318 [INFO] Epoch 037 | Train Loss: 1.3731 | Val Loss: 1.6298 | Val Acc: 0.2857
2025-06-23 18:35:38,342 [INFO] Epoch 038 | Train Loss: 1.3464 | Val Loss: 1.3426 | Val Acc: 0.2857
2025-06-23 18:35:38,367 [INFO] Epoch 039 | Train Loss: 1.1985 | Val Loss: 1.3423 | Val Acc: 0.3214
2025-06-23 18:35:38,399 [INFO] Epoch 040 | Train Loss: 1.3844 | Val Loss: 1.4528 | Val Acc: 0.2679
2025-06-23 18:35:39,698 [INFO] Epoch 041 | Train Loss: 1.3668 | Val Loss: 1.4498 | Val Acc: 0.3571
2025-06-23 18:35:39,732 [INFO] Epoch 042 | Train Loss: 1.2600 | Val Loss: 1.3949 | Val Acc: 0.3214
2025-06-23 18:35:39,767 [INFO] Epoch 043 | Train Loss: 1.3539 | Val Loss: 1.4008 | Val Acc: 0.3214
2025-06-23 18:35:39,795 [INFO] Epoch 044 | Train Loss: 1.2174 | Val Loss: 1.3684 | Val Acc: 0.3571
2025-06-23 18:35:39,820 [INFO] Epoch 045 | Train Loss: 1.2263 | Val Loss: 1.3685 | Val Acc: 0.4643
2025-06-23 18:35:39,854 [INFO] Epoch 046 | Train Loss: 1.1782 | Val Loss: 1.3471 | Val Acc: 0.3929
2025-06-23 18:35:39,880 [INFO] Epoch 047 | Train Loss: 1.2811 | Val Loss: 1.3843 | Val Acc: 0.3393
2025-06-23 18:35:39,905 [INFO] Epoch 048 | Train Loss: 1.2438 | Val Loss: 1.3300 | Val Acc: 0.3393
2025-06-23 18:35:39,932 [INFO] Epoch 049 | Train Loss: 1.1915 | Val Loss: 1.3161 | Val Acc: 0.3929
2025-06-23 18:35:39,961 [INFO] Epoch 050 | Train Loss: 1.1798 | Val Loss: 1.3941 | Val Acc: 0.4107
2025-06-23 18:35:41,297 [INFO] Epoch 051 | Train Loss: 1.2062 | Val Loss: 1.3258 | Val Acc: 0.3929
2025-06-23 18:35:41,327 [INFO] Epoch 052 | Train Loss: 1.3107 | Val Loss: 1.2985 | Val Acc: 0.4286
2025-06-23 18:35:41,354 [INFO] Epoch 053 | Train Loss: 1.2438 | Val Loss: 1.3662 | Val Acc: 0.3571
2025-06-23 18:35:41,382 [INFO] Epoch 054 | Train Loss: 1.3092 | Val Loss: 1.4589 | Val Acc: 0.3393
2025-06-23 18:35:41,407 [INFO] Epoch 055 | Train Loss: 1.3156 | Val Loss: 1.4350 | Val Acc: 0.3571
2025-06-23 18:35:41,432 [INFO] Epoch 056 | Train Loss: 1.2632 | Val Loss: 1.3223 | Val Acc: 0.3929
2025-06-23 18:35:41,456 [INFO] Epoch 057 | Train Loss: 1.3108 | Val Loss: 1.3339 | Val Acc: 0.3036
2025-06-23 18:35:41,481 [INFO] Epoch 058 | Train Loss: 1.2381 | Val Loss: 1.2766 | Val Acc: 0.3929
2025-06-23 18:35:41,507 [INFO] Epoch 059 | Train Loss: 1.2671 | Val Loss: 1.3095 | Val Acc: 0.3393
2025-06-23 18:35:41,533 [INFO] Epoch 060 | Train Loss: 1.1898 | Val Loss: 1.3075 | Val Acc: 0.3750
2025-06-23 18:35:45,600 [INFO] Epoch 061 | Train Loss: 1.1912 | Val Loss: 1.4837 | Val Acc: 0.3571
2025-06-23 18:35:45,635 [INFO] Epoch 062 | Train Loss: 1.1680 | Val Loss: 1.4384 | Val Acc: 0.2857
2025-06-23 18:35:45,667 [INFO] Epoch 063 | Train Loss: 1.1732 | Val Loss: 1.3150 | Val Acc: 0.3393
2025-06-23 18:35:45,692 [INFO] Epoch 064 | Train Loss: 1.1741 | Val Loss: 1.3144 | Val Acc: 0.3393
2025-06-23 18:35:45,717 [INFO] Epoch 065 | Train Loss: 1.1687 | Val Loss: 1.3671 | Val Acc: 0.3571
2025-06-23 18:35:45,742 [INFO] Epoch 066 | Train Loss: 1.2453 | Val Loss: 1.4339 | Val Acc: 0.3750
2025-06-23 18:35:45,868 [INFO] Epoch 067 | Train Loss: 1.1230 | Val Loss: 1.4177 | Val Acc: 0.4107
2025-06-23 18:35:45,896 [INFO] Epoch 068 | Train Loss: 1.2363 | Val Loss: 1.4888 | Val Acc: 0.3393
2025-06-23 18:35:45,925 [INFO] Epoch 069 | Train Loss: 1.2033 | Val Loss: 1.3760 | Val Acc: 0.3571
2025-06-23 18:35:45,952 [INFO] Epoch 070 | Train Loss: 1.0999 | Val Loss: 1.3130 | Val Acc: 0.3214
2025-06-23 18:35:47,244 [INFO] Epoch 071 | Train Loss: 1.1663 | Val Loss: 1.3881 | Val Acc: 0.3036
2025-06-23 18:35:47,273 [INFO] Epoch 072 | Train Loss: 1.0907 | Val Loss: 1.3572 | Val Acc: 0.4286
2025-06-23 18:35:47,306 [INFO] Epoch 073 | Train Loss: 1.1832 | Val Loss: 1.4110 | Val Acc: 0.3571
2025-06-23 18:35:47,333 [INFO] Epoch 074 | Train Loss: 1.1660 | Val Loss: 1.4000 | Val Acc: 0.3393
2025-06-23 18:35:47,358 [INFO] Epoch 075 | Train Loss: 1.0881 | Val Loss: 1.3140 | Val Acc: 0.3750
2025-06-23 18:35:47,390 [INFO] Epoch 076 | Train Loss: 1.0928 | Val Loss: 1.3166 | Val Acc: 0.3929
2025-06-23 18:35:47,418 [INFO] Epoch 077 | Train Loss: 1.0835 | Val Loss: 1.3353 | Val Acc: 0.4107
2025-06-23 18:35:47,443 [INFO] Epoch 078 | Train Loss: 1.0705 | Val Loss: 1.2958 | Val Acc: 0.3750
2025-06-23 18:35:47,468 [INFO] Epoch 079 | Train Loss: 1.0465 | Val Loss: 1.2989 | Val Acc: 0.3393
2025-06-23 18:35:47,493 [INFO] Epoch 080 | Train Loss: 1.1271 | Val Loss: 1.2785 | Val Acc: 0.3750
2025-06-23 18:35:48,747 [INFO] Epoch 081 | Train Loss: 1.0700 | Val Loss: 1.2723 | Val Acc: 0.3571
2025-06-23 18:35:48,778 [INFO] Epoch 082 | Train Loss: 1.0320 | Val Loss: 1.3321 | Val Acc: 0.3750
2025-06-23 18:35:48,806 [INFO] Epoch 083 | Train Loss: 1.0962 | Val Loss: 1.2718 | Val Acc: 0.4107
2025-06-23 18:35:48,832 [INFO] Epoch 084 | Train Loss: 1.0353 | Val Loss: 1.2525 | Val Acc: 0.4286
2025-06-23 18:35:48,867 [INFO] Epoch 085 | Train Loss: 1.1228 | Val Loss: 1.2769 | Val Acc: 0.3750
2025-06-23 18:35:48,892 [INFO] Epoch 086 | Train Loss: 1.0464 | Val Loss: 1.3948 | Val Acc: 0.2857
2025-06-23 18:35:48,917 [INFO] Epoch 087 | Train Loss: 1.0762 | Val Loss: 1.3777 | Val Acc: 0.4286
2025-06-23 18:35:48,942 [INFO] Epoch 088 | Train Loss: 1.1598 | Val Loss: 1.3602 | Val Acc: 0.4286
2025-06-23 18:35:48,967 [INFO] Epoch 089 | Train Loss: 1.0384 | Val Loss: 1.3545 | Val Acc: 0.3750
2025-06-23 18:35:48,991 [INFO] Epoch 090 | Train Loss: 1.0457 | Val Loss: 1.3285 | Val Acc: 0.3571
2025-06-23 18:35:50,266 [INFO] Epoch 091 | Train Loss: 1.0188 | Val Loss: 1.3356 | Val Acc: 0.3929
2025-06-23 18:35:50,294 [INFO] Epoch 092 | Train Loss: 1.0881 | Val Loss: 1.3177 | Val Acc: 0.3929
2025-06-23 18:35:50,336 [INFO] Epoch 093 | Train Loss: 1.1285 | Val Loss: 1.2815 | Val Acc: 0.4286
2025-06-23 18:35:50,362 [INFO] Epoch 094 | Train Loss: 1.0746 | Val Loss: 1.3415 | Val Acc: 0.3571
2025-06-23 18:35:50,386 [INFO] Epoch 095 | Train Loss: 1.0287 | Val Loss: 1.2973 | Val Acc: 0.4464
2025-06-23 18:35:50,411 [INFO] Epoch 096 | Train Loss: 1.0091 | Val Loss: 1.2328 | Val Acc: 0.4286
2025-06-23 18:35:50,436 [INFO] Epoch 097 | Train Loss: 1.0743 | Val Loss: 1.2274 | Val Acc: 0.4107
2025-06-23 18:35:50,462 [INFO] Epoch 098 | Train Loss: 0.9884 | Val Loss: 1.2779 | Val Acc: 0.3393
2025-06-23 18:35:50,487 [INFO] Epoch 099 | Train Loss: 1.1087 | Val Loss: 1.2247 | Val Acc: 0.3750
2025-06-23 18:35:50,511 [INFO] Epoch 100 | Train Loss: 1.0445 | Val Loss: 1.2830 | Val Acc: 0.3571
2025-06-23 18:35:52,906 [INFO] Epoch 101 | Train Loss: 1.0522 | Val Loss: 1.2277 | Val Acc: 0.4821
2025-06-23 18:35:52,910 [INFO] New best model at epoch 101 (Val Acc: 0.4821)
2025-06-23 18:35:52,938 [INFO] Epoch 102 | Train Loss: 1.0008 | Val Loss: 1.3645 | Val Acc: 0.4821
2025-06-23 18:35:52,966 [INFO] Epoch 103 | Train Loss: 1.0635 | Val Loss: 1.4292 | Val Acc: 0.3571
2025-06-23 18:35:52,995 [INFO] Epoch 104 | Train Loss: 1.0001 | Val Loss: 1.3642 | Val Acc: 0.3750
2025-06-23 18:35:53,020 [INFO] Epoch 105 | Train Loss: 1.0570 | Val Loss: 1.4140 | Val Acc: 0.3750
2025-06-23 18:35:53,043 [INFO] Epoch 106 | Train Loss: 1.0497 | Val Loss: 1.5357 | Val Acc: 0.3929
2025-06-23 18:35:53,068 [INFO] Epoch 107 | Train Loss: 1.0028 | Val Loss: 1.3523 | Val Acc: 0.3929
2025-06-23 18:35:53,093 [INFO] Epoch 108 | Train Loss: 1.0722 | Val Loss: 1.3480 | Val Acc: 0.3571
2025-06-23 18:35:53,118 [INFO] Epoch 109 | Train Loss: 1.1379 | Val Loss: 1.4047 | Val Acc: 0.4107
2025-06-23 18:35:53,143 [INFO] Epoch 110 | Train Loss: 1.0276 | Val Loss: 1.3761 | Val Acc: 0.4286
2025-06-23 18:35:54,382 [INFO] Epoch 111 | Train Loss: 1.0129 | Val Loss: 1.2924 | Val Acc: 0.4286
2025-06-23 18:35:54,411 [INFO] Epoch 112 | Train Loss: 1.0312 | Val Loss: 1.3052 | Val Acc: 0.3929
2025-06-23 18:35:54,441 [INFO] Epoch 113 | Train Loss: 1.0583 | Val Loss: 1.3404 | Val Acc: 0.3393
2025-06-23 18:35:54,469 [INFO] Epoch 114 | Train Loss: 1.0115 | Val Loss: 1.3859 | Val Acc: 0.2857
2025-06-23 18:35:54,493 [INFO] Epoch 115 | Train Loss: 1.0253 | Val Loss: 1.3000 | Val Acc: 0.3571
2025-06-23 18:35:54,518 [INFO] Epoch 116 | Train Loss: 1.0618 | Val Loss: 1.2631 | Val Acc: 0.4464
2025-06-23 18:35:54,542 [INFO] Epoch 117 | Train Loss: 0.9772 | Val Loss: 1.3167 | Val Acc: 0.4286
2025-06-23 18:35:54,568 [INFO] Epoch 118 | Train Loss: 1.0018 | Val Loss: 1.3211 | Val Acc: 0.3571
2025-06-23 18:35:54,592 [INFO] Epoch 119 | Train Loss: 1.0364 | Val Loss: 1.3167 | Val Acc: 0.3929
2025-06-23 18:35:54,616 [INFO] Epoch 120 | Train Loss: 1.0506 | Val Loss: 1.2464 | Val Acc: 0.4107
2025-06-23 18:35:55,836 [INFO] Epoch 121 | Train Loss: 0.9909 | Val Loss: 1.3560 | Val Acc: 0.4286
2025-06-23 18:35:55,866 [INFO] Epoch 122 | Train Loss: 0.9810 | Val Loss: 1.2554 | Val Acc: 0.4107
2025-06-23 18:35:55,897 [INFO] Epoch 123 | Train Loss: 1.0646 | Val Loss: 1.3217 | Val Acc: 0.3929
2025-06-23 18:35:55,924 [INFO] Epoch 124 | Train Loss: 1.0307 | Val Loss: 1.3341 | Val Acc: 0.4286
2025-06-23 18:35:55,948 [INFO] Epoch 125 | Train Loss: 0.9703 | Val Loss: 1.3030 | Val Acc: 0.4286
2025-06-23 18:35:55,973 [INFO] Epoch 126 | Train Loss: 0.9488 | Val Loss: 1.2924 | Val Acc: 0.5000
2025-06-23 18:35:55,976 [INFO] New best model at epoch 126 (Val Acc: 0.5000)
2025-06-23 18:35:55,998 [INFO] Epoch 127 | Train Loss: 0.9766 | Val Loss: 1.2752 | Val Acc: 0.3929
2025-06-23 18:35:56,023 [INFO] Epoch 128 | Train Loss: 0.9664 | Val Loss: 1.3518 | Val Acc: 0.4107
2025-06-23 18:35:56,047 [INFO] Epoch 129 | Train Loss: 0.9382 | Val Loss: 1.2903 | Val Acc: 0.3750
2025-06-23 18:35:56,072 [INFO] Epoch 130 | Train Loss: 0.8569 | Val Loss: 1.4109 | Val Acc: 0.4464
2025-06-23 18:35:57,298 [INFO] Epoch 131 | Train Loss: 0.9825 | Val Loss: 1.3111 | Val Acc: 0.4821
2025-06-23 18:35:57,328 [INFO] Epoch 132 | Train Loss: 0.9524 | Val Loss: 1.3029 | Val Acc: 0.5179
2025-06-23 18:35:57,332 [INFO] New best model at epoch 132 (Val Acc: 0.5179)
2025-06-23 18:35:57,358 [INFO] Epoch 133 | Train Loss: 1.0411 | Val Loss: 1.2636 | Val Acc: 0.4464
2025-06-23 18:35:57,390 [INFO] Epoch 134 | Train Loss: 0.9797 | Val Loss: 1.3311 | Val Acc: 0.3929
2025-06-23 18:35:57,417 [INFO] Epoch 135 | Train Loss: 1.0088 | Val Loss: 1.4393 | Val Acc: 0.3750
2025-06-23 18:35:57,442 [INFO] Epoch 136 | Train Loss: 0.9481 | Val Loss: 1.3333 | Val Acc: 0.4107
2025-06-23 18:35:57,467 [INFO] Epoch 137 | Train Loss: 0.9777 | Val Loss: 1.3686 | Val Acc: 0.3929
2025-06-23 18:35:57,492 [INFO] Epoch 138 | Train Loss: 0.9255 | Val Loss: 1.2892 | Val Acc: 0.4821
2025-06-23 18:35:57,516 [INFO] Epoch 139 | Train Loss: 0.9772 | Val Loss: 1.3660 | Val Acc: 0.4107
2025-06-23 18:35:57,542 [INFO] Epoch 140 | Train Loss: 0.9256 | Val Loss: 1.3520 | Val Acc: 0.4643
2025-06-23 18:35:58,984 [INFO] Epoch 141 | Train Loss: 0.9553 | Val Loss: 1.5391 | Val Acc: 0.3393
2025-06-23 18:35:59,021 [INFO] Epoch 142 | Train Loss: 1.0133 | Val Loss: 1.5742 | Val Acc: 0.3750
2025-06-23 18:35:59,053 [INFO] Epoch 143 | Train Loss: 0.8624 | Val Loss: 1.6087 | Val Acc: 0.4464
2025-06-23 18:35:59,079 [INFO] Epoch 144 | Train Loss: 0.9409 | Val Loss: 1.4767 | Val Acc: 0.3571
2025-06-23 18:35:59,104 [INFO] Epoch 145 | Train Loss: 1.0188 | Val Loss: 1.4430 | Val Acc: 0.3750
2025-06-23 18:35:59,128 [INFO] Epoch 146 | Train Loss: 0.9380 | Val Loss: 1.5456 | Val Acc: 0.3750
2025-06-23 18:35:59,154 [INFO] Epoch 147 | Train Loss: 0.9100 | Val Loss: 1.4692 | Val Acc: 0.3929
2025-06-23 18:35:59,179 [INFO] Epoch 148 | Train Loss: 0.9217 | Val Loss: 1.4709 | Val Acc: 0.3929
2025-06-23 18:35:59,203 [INFO] Epoch 149 | Train Loss: 1.0670 | Val Loss: 1.5374 | Val Acc: 0.4464
2025-06-23 18:35:59,227 [INFO] Epoch 150 | Train Loss: 0.8782 | Val Loss: 1.4137 | Val Acc: 0.3929
2025-06-23 18:36:00,518 [INFO] Epoch 151 | Train Loss: 0.9928 | Val Loss: 1.5690 | Val Acc: 0.3929
2025-06-23 18:36:00,547 [INFO] Epoch 152 | Train Loss: 0.8810 | Val Loss: 1.6461 | Val Acc: 0.3393
2025-06-23 18:36:00,576 [INFO] Epoch 153 | Train Loss: 0.9185 | Val Loss: 1.4914 | Val Acc: 0.4286
2025-06-23 18:36:00,604 [INFO] Epoch 154 | Train Loss: 0.9012 | Val Loss: 1.5104 | Val Acc: 0.4107
2025-06-23 18:36:00,628 [INFO] Epoch 155 | Train Loss: 0.9149 | Val Loss: 1.4619 | Val Acc: 0.3571
2025-06-23 18:36:00,653 [INFO] Epoch 156 | Train Loss: 0.8198 | Val Loss: 1.3474 | Val Acc: 0.4464
2025-06-23 18:36:00,678 [INFO] Epoch 157 | Train Loss: 0.8250 | Val Loss: 1.3734 | Val Acc: 0.4107
2025-06-23 18:36:00,703 [INFO] Epoch 158 | Train Loss: 0.8777 | Val Loss: 1.4460 | Val Acc: 0.3750
2025-06-23 18:36:00,728 [INFO] Epoch 159 | Train Loss: 0.8861 | Val Loss: 1.5494 | Val Acc: 0.3929
2025-06-23 18:36:00,752 [INFO] Epoch 160 | Train Loss: 0.9116 | Val Loss: 1.6879 | Val Acc: 0.4107
2025-06-23 18:36:05,528 [INFO] Epoch 161 | Train Loss: 0.9273 | Val Loss: 1.4175 | Val Acc: 0.3214
2025-06-23 18:36:05,582 [INFO] Epoch 162 | Train Loss: 0.8941 | Val Loss: 1.3845 | Val Acc: 0.3929
2025-06-23 18:36:05,609 [INFO] Epoch 163 | Train Loss: 0.9422 | Val Loss: 1.3001 | Val Acc: 0.3929
2025-06-23 18:36:05,635 [INFO] Epoch 164 | Train Loss: 0.9489 | Val Loss: 1.5297 | Val Acc: 0.3929
2025-06-23 18:36:05,662 [INFO] Epoch 165 | Train Loss: 0.9431 | Val Loss: 1.4161 | Val Acc: 0.4107
2025-06-23 18:36:05,689 [INFO] Epoch 166 | Train Loss: 1.0354 | Val Loss: 1.4972 | Val Acc: 0.4464
2025-06-23 18:36:05,715 [INFO] Epoch 167 | Train Loss: 0.9517 | Val Loss: 1.5652 | Val Acc: 0.4464
2025-06-23 18:36:05,740 [INFO] Epoch 168 | Train Loss: 0.9697 | Val Loss: 1.4036 | Val Acc: 0.5357
2025-06-23 18:36:05,844 [INFO] New best model at epoch 168 (Val Acc: 0.5357)
2025-06-23 18:36:05,958 [INFO] Epoch 169 | Train Loss: 0.8784 | Val Loss: 1.5448 | Val Acc: 0.4107
2025-06-23 18:36:06,057 [INFO] Epoch 170 | Train Loss: 0.9085 | Val Loss: 1.5356 | Val Acc: 0.4107
2025-06-23 18:36:07,524 [INFO] Epoch 171 | Train Loss: 0.9231 | Val Loss: 1.6712 | Val Acc: 0.3393
2025-06-23 18:36:07,584 [INFO] Epoch 172 | Train Loss: 0.9487 | Val Loss: 1.6609 | Val Acc: 0.2857
2025-06-23 18:36:07,631 [INFO] Epoch 173 | Train Loss: 0.9530 | Val Loss: 1.6672 | Val Acc: 0.4107
2025-06-23 18:36:07,663 [INFO] Epoch 174 | Train Loss: 0.9434 | Val Loss: 1.5760 | Val Acc: 0.3571
2025-06-23 18:36:07,690 [INFO] Epoch 175 | Train Loss: 0.9188 | Val Loss: 1.5804 | Val Acc: 0.2857
2025-06-23 18:36:07,715 [INFO] Epoch 176 | Train Loss: 0.9702 | Val Loss: 1.6730 | Val Acc: 0.3750
2025-06-23 18:36:07,740 [INFO] Epoch 177 | Train Loss: 0.9147 | Val Loss: 1.3451 | Val Acc: 0.3750
2025-06-23 18:36:07,766 [INFO] Epoch 178 | Train Loss: 0.9496 | Val Loss: 1.6706 | Val Acc: 0.4107
2025-06-23 18:36:07,791 [INFO] Epoch 179 | Train Loss: 0.9273 | Val Loss: 1.6079 | Val Acc: 0.3571
2025-06-23 18:36:07,818 [INFO] Epoch 180 | Train Loss: 0.9477 | Val Loss: 1.4753 | Val Acc: 0.3393
2025-06-23 18:36:09,117 [INFO] Epoch 181 | Train Loss: 0.9318 | Val Loss: 1.3901 | Val Acc: 0.4821
2025-06-23 18:36:09,153 [INFO] Epoch 182 | Train Loss: 0.9044 | Val Loss: 1.4924 | Val Acc: 0.4107
2025-06-23 18:36:09,184 [INFO] Epoch 183 | Train Loss: 0.8231 | Val Loss: 1.6934 | Val Acc: 0.3393
2025-06-23 18:36:09,211 [INFO] Epoch 184 | Train Loss: 0.8542 | Val Loss: 1.6206 | Val Acc: 0.3393
2025-06-23 18:36:09,240 [INFO] Epoch 185 | Train Loss: 0.8327 | Val Loss: 1.4862 | Val Acc: 0.4464
2025-06-23 18:36:09,267 [INFO] Epoch 186 | Train Loss: 0.9339 | Val Loss: 1.7641 | Val Acc: 0.4464
2025-06-23 18:36:09,293 [INFO] Epoch 187 | Train Loss: 0.8781 | Val Loss: 1.9814 | Val Acc: 0.3929
2025-06-23 18:36:09,319 [INFO] Epoch 188 | Train Loss: 0.8466 | Val Loss: 1.8613 | Val Acc: 0.4107
2025-06-23 18:36:09,366 [INFO] Epoch 189 | Train Loss: 0.8346 | Val Loss: 1.7389 | Val Acc: 0.3750
2025-06-23 18:36:09,410 [INFO] Epoch 190 | Train Loss: 0.9403 | Val Loss: 1.5938 | Val Acc: 0.4464
2025-06-23 18:36:10,824 [INFO] Epoch 191 | Train Loss: 0.9052 | Val Loss: 1.6701 | Val Acc: 0.3750
2025-06-23 18:36:10,857 [INFO] Epoch 192 | Train Loss: 0.8720 | Val Loss: 1.7815 | Val Acc: 0.4107
2025-06-23 18:36:10,892 [INFO] Epoch 193 | Train Loss: 0.8282 | Val Loss: 1.3239 | Val Acc: 0.3929
2025-06-23 18:36:10,920 [INFO] Epoch 194 | Train Loss: 0.8555 | Val Loss: 1.4096 | Val Acc: 0.4286
2025-06-23 18:36:10,956 [INFO] Epoch 195 | Train Loss: 0.7898 | Val Loss: 1.3974 | Val Acc: 0.5179
2025-06-23 18:36:10,989 [INFO] Epoch 196 | Train Loss: 0.8706 | Val Loss: 1.3557 | Val Acc: 0.4464
2025-06-23 18:36:11,014 [INFO] Epoch 197 | Train Loss: 0.8422 | Val Loss: 1.5726 | Val Acc: 0.4643
2025-06-23 18:36:11,049 [INFO] Epoch 198 | Train Loss: 0.7994 | Val Loss: 1.4514 | Val Acc: 0.5357
2025-06-23 18:36:11,074 [INFO] Epoch 199 | Train Loss: 0.7900 | Val Loss: 1.5530 | Val Acc: 0.3750
2025-06-23 18:36:11,100 [INFO] Epoch 200 | Train Loss: 0.7294 | Val Loss: 1.5692 | Val Acc: 0.3929
2025-06-23 18:36:12,432 [INFO] Epoch 201 | Train Loss: 0.8495 | Val Loss: 1.5235 | Val Acc: 0.4464
2025-06-23 18:36:12,464 [INFO] Epoch 202 | Train Loss: 0.7996 | Val Loss: 1.7476 | Val Acc: 0.4821
2025-06-23 18:36:12,494 [INFO] Epoch 203 | Train Loss: 0.8597 | Val Loss: 1.6977 | Val Acc: 0.3929
2025-06-23 18:36:12,522 [INFO] Epoch 204 | Train Loss: 1.0156 | Val Loss: 1.6644 | Val Acc: 0.4286
2025-06-23 18:36:12,548 [INFO] Epoch 205 | Train Loss: 0.9114 | Val Loss: 1.7060 | Val Acc: 0.4286
2025-06-23 18:36:12,573 [INFO] Epoch 206 | Train Loss: 1.0318 | Val Loss: 1.6754 | Val Acc: 0.3929
2025-06-23 18:36:12,598 [INFO] Epoch 207 | Train Loss: 0.9432 | Val Loss: 1.5481 | Val Acc: 0.4464
2025-06-23 18:36:12,624 [INFO] Epoch 208 | Train Loss: 0.8659 | Val Loss: 1.4210 | Val Acc: 0.4643
2025-06-23 18:36:12,651 [INFO] Epoch 209 | Train Loss: 0.7955 | Val Loss: 1.5255 | Val Acc: 0.3929
2025-06-23 18:36:12,675 [INFO] Epoch 210 | Train Loss: 0.9114 | Val Loss: 1.5667 | Val Acc: 0.3750
2025-06-23 18:36:15,025 [INFO] Epoch 211 | Train Loss: 0.7590 | Val Loss: 1.3975 | Val Acc: 0.3750
2025-06-23 18:36:15,058 [INFO] Epoch 212 | Train Loss: 0.9268 | Val Loss: 1.5747 | Val Acc: 0.3571
2025-06-23 18:36:15,087 [INFO] Epoch 213 | Train Loss: 0.8300 | Val Loss: 1.7741 | Val Acc: 0.4107
2025-06-23 18:36:15,114 [INFO] Epoch 214 | Train Loss: 0.8102 | Val Loss: 1.3520 | Val Acc: 0.4286
2025-06-23 18:36:15,140 [INFO] Epoch 215 | Train Loss: 0.7709 | Val Loss: 1.4106 | Val Acc: 0.4821
2025-06-23 18:36:15,166 [INFO] Epoch 216 | Train Loss: 0.8368 | Val Loss: 1.3597 | Val Acc: 0.4464
2025-06-23 18:36:15,190 [INFO] Epoch 217 | Train Loss: 0.8665 | Val Loss: 1.4748 | Val Acc: 0.3214
2025-06-23 18:36:15,215 [INFO] Epoch 218 | Train Loss: 0.8143 | Val Loss: 1.6618 | Val Acc: 0.4107
2025-06-23 18:36:15,240 [INFO] Epoch 219 | Train Loss: 0.7111 | Val Loss: 1.5870 | Val Acc: 0.4464
2025-06-23 18:36:15,264 [INFO] Epoch 220 | Train Loss: 0.7960 | Val Loss: 1.9223 | Val Acc: 0.4107
2025-06-23 18:36:16,724 [INFO] Epoch 221 | Train Loss: 0.8462 | Val Loss: 1.7555 | Val Acc: 0.4464
2025-06-23 18:36:16,763 [INFO] Epoch 222 | Train Loss: 0.7424 | Val Loss: 1.7969 | Val Acc: 0.3393
2025-06-23 18:36:16,797 [INFO] Epoch 223 | Train Loss: 0.8536 | Val Loss: 1.7226 | Val Acc: 0.4286
2025-06-23 18:36:16,827 [INFO] Epoch 224 | Train Loss: 0.8727 | Val Loss: 1.6223 | Val Acc: 0.3750
2025-06-23 18:36:16,858 [INFO] Epoch 225 | Train Loss: 0.8307 | Val Loss: 2.1117 | Val Acc: 0.4464
2025-06-23 18:36:16,892 [INFO] Epoch 226 | Train Loss: 0.8799 | Val Loss: 1.4536 | Val Acc: 0.4464
2025-06-23 18:36:16,922 [INFO] Epoch 227 | Train Loss: 0.8292 | Val Loss: 1.4500 | Val Acc: 0.4107
2025-06-23 18:36:16,952 [INFO] Epoch 228 | Train Loss: 0.7622 | Val Loss: 1.6338 | Val Acc: 0.3750
2025-06-23 18:36:16,982 [INFO] Epoch 229 | Train Loss: 0.7890 | Val Loss: 1.5365 | Val Acc: 0.5179
2025-06-23 18:36:17,013 [INFO] Epoch 230 | Train Loss: 0.8015 | Val Loss: 1.7593 | Val Acc: 0.4286
2025-06-23 18:36:18,476 [INFO] Epoch 231 | Train Loss: 0.8153 | Val Loss: 1.9260 | Val Acc: 0.3929
2025-06-23 18:36:18,524 [INFO] Epoch 232 | Train Loss: 0.7689 | Val Loss: 1.8236 | Val Acc: 0.4286
2025-06-23 18:36:18,572 [INFO] Epoch 233 | Train Loss: 0.7279 | Val Loss: 1.4872 | Val Acc: 0.4107
2025-06-23 18:36:18,608 [INFO] Epoch 234 | Train Loss: 0.7029 | Val Loss: 1.6589 | Val Acc: 0.4643
2025-06-23 18:36:18,640 [INFO] Epoch 235 | Train Loss: 0.6381 | Val Loss: 1.7092 | Val Acc: 0.4286
2025-06-23 18:36:18,680 [INFO] Epoch 236 | Train Loss: 0.6629 | Val Loss: 2.1783 | Val Acc: 0.4643
2025-06-23 18:36:18,720 [INFO] Epoch 237 | Train Loss: 0.7783 | Val Loss: 1.7980 | Val Acc: 0.3929
2025-06-23 18:36:18,751 [INFO] Epoch 238 | Train Loss: 0.7386 | Val Loss: 1.7167 | Val Acc: 0.4107
2025-06-23 18:36:18,787 [INFO] Epoch 239 | Train Loss: 0.7653 | Val Loss: 2.1374 | Val Acc: 0.4821
2025-06-23 18:36:18,819 [INFO] Epoch 240 | Train Loss: 0.7993 | Val Loss: 1.9234 | Val Acc: 0.5000
2025-06-23 18:36:23,211 [INFO] Epoch 241 | Train Loss: 0.7635 | Val Loss: 1.5577 | Val Acc: 0.5000
2025-06-23 18:36:23,257 [INFO] Epoch 242 | Train Loss: 0.9816 | Val Loss: 2.1014 | Val Acc: 0.3929
2025-06-23 18:36:23,288 [INFO] Epoch 243 | Train Loss: 0.8098 | Val Loss: 2.5429 | Val Acc: 0.3214
2025-06-23 18:36:23,317 [INFO] Epoch 244 | Train Loss: 0.8539 | Val Loss: 1.8705 | Val Acc: 0.3929
2025-06-23 18:36:23,345 [INFO] Epoch 245 | Train Loss: 0.7687 | Val Loss: 1.7631 | Val Acc: 0.4107
2025-06-23 18:36:23,386 [INFO] Epoch 246 | Train Loss: 0.7917 | Val Loss: 1.7740 | Val Acc: 0.3393
2025-06-23 18:36:23,419 [INFO] Epoch 247 | Train Loss: 0.8927 | Val Loss: 2.0973 | Val Acc: 0.3036
2025-06-23 18:36:23,457 [INFO] Epoch 248 | Train Loss: 1.0100 | Val Loss: 2.1228 | Val Acc: 0.3036
2025-06-23 18:36:23,491 [INFO] Epoch 249 | Train Loss: 0.9628 | Val Loss: 2.0177 | Val Acc: 0.3393
2025-06-23 18:36:23,521 [INFO] Epoch 250 | Train Loss: 1.0084 | Val Loss: 1.7397 | Val Acc: 0.3571
2025-06-23 18:36:25,002 [INFO] Epoch 251 | Train Loss: 0.7841 | Val Loss: 1.6365 | Val Acc: 0.4821
2025-06-23 18:36:25,056 [INFO] Epoch 252 | Train Loss: 0.8205 | Val Loss: 1.7468 | Val Acc: 0.3929
2025-06-23 18:36:25,099 [INFO] Epoch 253 | Train Loss: 0.8142 | Val Loss: 1.6062 | Val Acc: 0.3929
2025-06-23 18:36:25,132 [INFO] Epoch 254 | Train Loss: 0.7381 | Val Loss: 1.6762 | Val Acc: 0.3571
2025-06-23 18:36:25,168 [INFO] Epoch 255 | Train Loss: 0.7317 | Val Loss: 1.5788 | Val Acc: 0.3929
2025-06-23 18:36:25,206 [INFO] Epoch 256 | Train Loss: 0.8783 | Val Loss: 1.8447 | Val Acc: 0.3571
2025-06-23 18:36:25,243 [INFO] Epoch 257 | Train Loss: 0.7580 | Val Loss: 2.0929 | Val Acc: 0.4464
2025-06-23 18:36:25,278 [INFO] Epoch 258 | Train Loss: 0.6030 | Val Loss: 1.7358 | Val Acc: 0.4643
2025-06-23 18:36:25,322 [INFO] Epoch 259 | Train Loss: 0.6735 | Val Loss: 2.0028 | Val Acc: 0.5179
2025-06-23 18:36:25,362 [INFO] Epoch 260 | Train Loss: 0.6428 | Val Loss: 2.0068 | Val Acc: 0.4107
2025-06-23 18:36:26,777 [INFO] Epoch 261 | Train Loss: 0.6261 | Val Loss: 2.0923 | Val Acc: 0.3214
2025-06-23 18:36:26,815 [INFO] Epoch 262 | Train Loss: 0.6879 | Val Loss: 2.0175 | Val Acc: 0.3571
2025-06-23 18:36:26,851 [INFO] Epoch 263 | Train Loss: 0.6792 | Val Loss: 1.8392 | Val Acc: 0.4464
2025-06-23 18:36:26,884 [INFO] Epoch 264 | Train Loss: 0.5995 | Val Loss: 2.0099 | Val Acc: 0.3929
2025-06-23 18:36:26,919 [INFO] Epoch 265 | Train Loss: 0.6176 | Val Loss: 1.8682 | Val Acc: 0.4286
2025-06-23 18:36:26,982 [INFO] Epoch 266 | Train Loss: 0.7289 | Val Loss: 1.7803 | Val Acc: 0.3929
2025-06-23 18:36:27,028 [INFO] Epoch 267 | Train Loss: 0.6222 | Val Loss: 2.2219 | Val Acc: 0.4107
2025-06-23 18:36:27,066 [INFO] Epoch 268 | Train Loss: 0.6655 | Val Loss: 2.3824 | Val Acc: 0.4464
2025-06-23 18:36:27,096 [INFO] Epoch 269 | Train Loss: 0.6032 | Val Loss: 2.0988 | Val Acc: 0.5000
2025-06-23 18:36:27,123 [INFO] Epoch 270 | Train Loss: 0.6319 | Val Loss: 2.2219 | Val Acc: 0.4464
2025-06-23 18:36:28,642 [INFO] Epoch 271 | Train Loss: 0.6087 | Val Loss: 2.1142 | Val Acc: 0.3929
2025-06-23 18:36:28,678 [INFO] Epoch 272 | Train Loss: 0.6768 | Val Loss: 3.3226 | Val Acc: 0.4643
2025-06-23 18:36:28,716 [INFO] Epoch 273 | Train Loss: 0.6290 | Val Loss: 3.8184 | Val Acc: 0.3571
2025-06-23 18:36:28,747 [INFO] Epoch 274 | Train Loss: 0.6507 | Val Loss: 2.6919 | Val Acc: 0.4107
2025-06-23 18:36:28,779 [INFO] Epoch 275 | Train Loss: 0.7677 | Val Loss: 2.0157 | Val Acc: 0.4107
2025-06-23 18:36:28,809 [INFO] Epoch 276 | Train Loss: 0.8117 | Val Loss: 2.0142 | Val Acc: 0.4464
2025-06-23 18:36:28,839 [INFO] Epoch 277 | Train Loss: 0.8293 | Val Loss: 2.5856 | Val Acc: 0.2857
2025-06-23 18:36:28,868 [INFO] Epoch 278 | Train Loss: 0.9839 | Val Loss: 2.2873 | Val Acc: 0.3036
2025-06-23 18:36:28,902 [INFO] Epoch 279 | Train Loss: 0.7350 | Val Loss: 1.9555 | Val Acc: 0.3393
2025-06-23 18:36:28,936 [INFO] Epoch 280 | Train Loss: 0.7634 | Val Loss: 1.9758 | Val Acc: 0.4286
2025-06-23 18:36:30,327 [INFO] Epoch 281 | Train Loss: 0.6998 | Val Loss: 2.1187 | Val Acc: 0.4286
2025-06-23 18:36:30,356 [INFO] Epoch 282 | Train Loss: 0.7545 | Val Loss: 2.0546 | Val Acc: 0.4464
2025-06-23 18:36:30,387 [INFO] Epoch 283 | Train Loss: 0.6228 | Val Loss: 2.1266 | Val Acc: 0.3929
2025-06-23 18:36:30,412 [INFO] Epoch 284 | Train Loss: 0.7041 | Val Loss: 2.2505 | Val Acc: 0.3750
2025-06-23 18:36:30,438 [INFO] Epoch 285 | Train Loss: 0.6847 | Val Loss: 2.2789 | Val Acc: 0.4107
2025-06-23 18:36:30,463 [INFO] Epoch 286 | Train Loss: 0.6288 | Val Loss: 2.0835 | Val Acc: 0.3929
2025-06-23 18:36:30,487 [INFO] Epoch 287 | Train Loss: 0.6823 | Val Loss: 2.0365 | Val Acc: 0.4643
2025-06-23 18:36:30,512 [INFO] Epoch 288 | Train Loss: 0.5931 | Val Loss: 2.0693 | Val Acc: 0.4464
2025-06-23 18:36:30,541 [INFO] Epoch 289 | Train Loss: 0.5607 | Val Loss: 1.8337 | Val Acc: 0.4464
2025-06-23 18:36:30,565 [INFO] Epoch 290 | Train Loss: 0.5791 | Val Loss: 2.0925 | Val Acc: 0.4464
2025-06-23 18:36:31,895 [INFO] Epoch 291 | Train Loss: 0.6311 | Val Loss: 2.2546 | Val Acc: 0.4821
2025-06-23 18:36:31,926 [INFO] Epoch 292 | Train Loss: 0.6249 | Val Loss: 2.5775 | Val Acc: 0.3750
2025-06-23 18:36:31,963 [INFO] Epoch 293 | Train Loss: 0.5411 | Val Loss: 2.3652 | Val Acc: 0.4107
2025-06-23 18:36:31,996 [INFO] Epoch 294 | Train Loss: 0.7148 | Val Loss: 2.3009 | Val Acc: 0.4464
2025-06-23 18:36:32,024 [INFO] Epoch 295 | Train Loss: 0.6743 | Val Loss: 2.1282 | Val Acc: 0.5179
2025-06-23 18:36:32,055 [INFO] Epoch 296 | Train Loss: 0.6615 | Val Loss: 2.2938 | Val Acc: 0.4107
2025-06-23 18:36:32,085 [INFO] Epoch 297 | Train Loss: 0.7147 | Val Loss: 2.1661 | Val Acc: 0.4643
2025-06-23 18:36:32,117 [INFO] Epoch 298 | Train Loss: 0.6114 | Val Loss: 2.0042 | Val Acc: 0.3750
2025-06-23 18:36:32,145 [INFO] Epoch 299 | Train Loss: 0.6762 | Val Loss: 2.0026 | Val Acc: 0.4464
2025-06-23 18:36:32,175 [INFO] Epoch 300 | Train Loss: 0.5680 | Val Loss: 2.1365 | Val Acc: 0.4464
2025-06-23 18:36:33,502 [INFO] Epoch 301 | Train Loss: 0.6684 | Val Loss: 2.0966 | Val Acc: 0.4464
2025-06-23 18:36:33,533 [INFO] Epoch 302 | Train Loss: 0.6270 | Val Loss: 2.2719 | Val Acc: 0.4643
2025-06-23 18:36:33,563 [INFO] Epoch 303 | Train Loss: 0.6261 | Val Loss: 1.7883 | Val Acc: 0.5000
2025-06-23 18:36:33,594 [INFO] Epoch 304 | Train Loss: 0.5731 | Val Loss: 1.9444 | Val Acc: 0.4643
2025-06-23 18:36:33,620 [INFO] Epoch 305 | Train Loss: 0.6548 | Val Loss: 2.4705 | Val Acc: 0.4286
2025-06-23 18:36:33,644 [INFO] Epoch 306 | Train Loss: 0.6246 | Val Loss: 1.9743 | Val Acc: 0.4464
2025-06-23 18:36:33,669 [INFO] Epoch 307 | Train Loss: 0.6486 | Val Loss: 2.0092 | Val Acc: 0.4464
2025-06-23 18:36:33,698 [INFO] Epoch 308 | Train Loss: 0.5279 | Val Loss: 2.2323 | Val Acc: 0.3929
2025-06-23 18:36:33,723 [INFO] Epoch 309 | Train Loss: 0.5354 | Val Loss: 2.2395 | Val Acc: 0.4107
2025-06-23 18:36:33,749 [INFO] Epoch 310 | Train Loss: 0.6013 | Val Loss: 2.5916 | Val Acc: 0.4464
2025-06-23 18:36:39,228 [INFO] Epoch 311 | Train Loss: 0.6507 | Val Loss: 2.3727 | Val Acc: 0.4286
2025-06-23 18:36:39,276 [INFO] Epoch 312 | Train Loss: 0.6998 | Val Loss: 2.0990 | Val Acc: 0.4286
2025-06-23 18:36:39,303 [INFO] Epoch 313 | Train Loss: 0.6334 | Val Loss: 1.6491 | Val Acc: 0.4464
2025-06-23 18:36:39,330 [INFO] Epoch 314 | Train Loss: 0.5421 | Val Loss: 2.2433 | Val Acc: 0.4821
2025-06-23 18:36:39,371 [INFO] Epoch 315 | Train Loss: 0.6027 | Val Loss: 2.0327 | Val Acc: 0.4821
2025-06-23 18:36:39,404 [INFO] Epoch 316 | Train Loss: 0.5652 | Val Loss: 2.2798 | Val Acc: 0.4107
2025-06-23 18:36:39,429 [INFO] Epoch 317 | Train Loss: 0.5525 | Val Loss: 2.9390 | Val Acc: 0.4643
2025-06-23 18:36:39,453 [INFO] Epoch 318 | Train Loss: 0.5793 | Val Loss: 2.7309 | Val Acc: 0.4821
2025-06-23 18:36:39,455 [INFO] Early stopping at epoch 318 (no improvement in 150 epochs).
2025-06-23 18:36:39,458 [INFO] Best model saved to <built-in function time>/ENZYMES/best/best_source_gin.pth (Val Acc: 0.5357 at epoch 168)
2025-06-23 18:36:39,459 [INFO] Training/validation metrics saved to <built-in function time>/ENZYMES/GIN_0.01/train_metrics.csv
2025-06-23 18:36:41,862 [INFO] Final training curves saved
2025-06-23 18:36:41,862 [INFO] Training completed!
2025-06-23 18:36:41,862 [INFO] Best validation accuracy: 0.5357
2025-06-23 18:36:41,862 [INFO] Best epoch: 168
2025-06-23 18:36:41,862 [INFO] Total epochs trained: 318
2025-06-23 18:36:41,863 [INFO] Starting training with parameters: (0.01, 0.4, 32, 4, 400, 0.0001)
