2025-06-22 09:30:12,702 [INFO] Using device: cpu
2025-06-22 09:30:12,702 [INFO] 开始创建数据加载器...
2025-06-22 09:30:12,705 [INFO] Successfully loaded dataset ENZYMES from ./data, total graphs: 600
2025-06-22 09:30:12,705 [INFO] Class allocation analysis:
2025-06-22 09:30:12,705 [INFO]   Source classes: [0, 1, 2, 3]
2025-06-22 09:30:12,705 [INFO]   Target classes: [0, 1, 2, 3, 4, 5]
2025-06-22 09:30:12,706 [INFO]   Overlap classes (to be split): [0, 1, 2, 3]
2025-06-22 09:30:12,706 [INFO]   Target novel classes (unknown): [4, 5]
2025-06-22 09:30:12,719 [INFO]   Class 0: 100 total -> Source: 70, Target: 30
2025-06-22 09:30:12,719 [INFO]   Class 1: 100 total -> Source: 70, Target: 30
2025-06-22 09:30:12,720 [INFO]   Class 2: 100 total -> Source: 70, Target: 30
2025-06-22 09:30:12,720 [INFO]   Class 3: 100 total -> Source: 70, Target: 30
2025-06-22 09:30:12,720 [INFO]   Class 4 (novel/unknown): 100 samples -> Target
2025-06-22 09:30:12,720 [INFO]   Class 5 (novel/unknown): 100 samples -> Target
2025-06-22 09:30:12,720 [INFO] Final allocation:
2025-06-22 09:30:12,720 [INFO]   Source domain: 280 samples
2025-06-22 09:30:12,720 [INFO]   Target domain: 320 samples
2025-06-22 09:30:12,721 [INFO] Source domain setup:
2025-06-22 09:30:12,721 [INFO]   Original classes: [0, 1, 2, 3]
2025-06-22 09:30:12,721 [INFO]   Overlap classes used: [0, 1, 2, 3]
2025-06-22 09:30:12,721 [INFO]   Label mapping: {0: 0, 1: 1, 2: 2, 3: 3}
2025-06-22 09:30:12,721 [INFO]   Total data after allocation: 280
2025-06-22 09:30:12,721 [INFO]   Data split - Train: 224, Val: 56
2025-06-22 09:30:12,721 [INFO]   Train label distribution: {0: 56, 1: 56, 3: 56, 2: 56}
2025-06-22 09:30:12,721 [INFO]   Val label distribution: {1: 14, 2: 14, 0: 14, 3: 14}
2025-06-22 09:30:12,723 [INFO] Successfully loaded dataset ENZYMES from ./data, total graphs: 600
2025-06-22 09:30:12,723 [INFO] Class allocation analysis:
2025-06-22 09:30:12,723 [INFO]   Source classes: [0, 1, 2, 3]
2025-06-22 09:30:12,723 [INFO]   Target classes: [0, 1, 2, 3, 4, 5]
2025-06-22 09:30:12,723 [INFO]   Overlap classes (to be split): [0, 1, 2, 3]
2025-06-22 09:30:12,723 [INFO]   Target novel classes (unknown): [4, 5]
2025-06-22 09:30:12,736 [INFO]   Class 0: 100 total -> Source: 70, Target: 30
2025-06-22 09:30:12,736 [INFO]   Class 1: 100 total -> Source: 70, Target: 30
2025-06-22 09:30:12,736 [INFO]   Class 2: 100 total -> Source: 70, Target: 30
2025-06-22 09:30:12,736 [INFO]   Class 3: 100 total -> Source: 70, Target: 30
2025-06-22 09:30:12,736 [INFO]   Class 4 (novel/unknown): 100 samples -> Target
2025-06-22 09:30:12,736 [INFO]   Class 5 (novel/unknown): 100 samples -> Target
2025-06-22 09:30:12,736 [INFO] Final allocation:
2025-06-22 09:30:12,736 [INFO]   Source domain: 280 samples
2025-06-22 09:30:12,736 [INFO]   Target domain: 320 samples
2025-06-22 09:30:12,738 [INFO] Target domain setup:
2025-06-22 09:30:12,738 [INFO]   Original classes: [0, 1, 2, 3, 4, 5]
2025-06-22 09:30:12,738 [INFO]   Overlap classes: [0, 1, 2, 3]
2025-06-22 09:30:12,738 [INFO]   Novel classes: [4, 5] -> mapped to unknown label 4
2025-06-22 09:30:12,738 [INFO]   Label mapping: {0: 0, 1: 1, 2: 2, 3: 3, 4: 4, 5: 4}
2025-06-22 09:30:12,738 [INFO]   Total data after allocation: 320
2025-06-22 09:30:12,738 [INFO]   Data split - Train: 256, Val: 64
2025-06-22 09:30:12,738 [INFO]   Total count: 320 (known: 120, unknown: 200)
2025-06-22 09:30:12,738 [INFO]   Total label distribution: {4: 200, 3: 30, 0: 30, 1: 30, 2: 30}
2025-06-22 09:30:12,738 [INFO]   Train label distribution: {4: 160, 0: 24, 2: 24, 3: 24, 1: 24}
2025-06-22 09:30:12,738 [INFO]   Val label distribution: {1: 6, 4: 40, 3: 6, 0: 6, 2: 6}
2025-06-22 09:30:12,738 [INFO] 数据加载器创建完成!
2025-06-22 09:30:12,738 [INFO] 源域类别数: 4 (重叠类别)
2025-06-22 09:30:12,738 [INFO] 目标域类别数: 5 (4个重叠类别 + 1个未知类别)
2025-06-22 09:30:12,738 [INFO] 重叠类别: [0, 1, 2, 3]
2025-06-22 09:30:12,738 [INFO] 目标域新类别: [4, 5]
2025-06-22 09:30:12,738 [INFO] Data allocation verification:
2025-06-22 09:30:12,739 [INFO]   Source data samples: 280
2025-06-22 09:30:12,739 [INFO]   Target data samples: 320
2025-06-22 09:30:12,739 [INFO]   Overlapping samples: 0
2025-06-22 09:30:12,739 [INFO]   ✓ Data allocation is correct - no overlapping samples
2025-06-22 09:30:12,740 [INFO] Model initialized with 13508 parameters
2025-06-22 09:30:12,740 [INFO] Previous best validation accuracy read from record.txt: 0.6250
2025-06-22 09:30:12,740 [INFO] Starting training...
2025-06-22 09:30:12,761 [INFO] Epoch 001 | Train Loss: 15.7160 | Val Loss: 2.5964 | Val Acc: 0.2857
2025-06-22 09:30:13,501 [INFO] New best model at epoch 1 (Val Acc: 0.2857)
2025-06-22 09:30:13,516 [INFO] Epoch 002 | Train Loss: 9.6462 | Val Loss: 3.0053 | Val Acc: 0.3036
2025-06-22 09:30:13,519 [INFO] New best model at epoch 2 (Val Acc: 0.3036)
2025-06-22 09:30:13,533 [INFO] Epoch 003 | Train Loss: 8.5418 | Val Loss: 4.3503 | Val Acc: 0.2500
2025-06-22 09:30:13,549 [INFO] Epoch 004 | Train Loss: 7.8590 | Val Loss: 5.6240 | Val Acc: 0.2500
2025-06-22 09:30:13,564 [INFO] Epoch 005 | Train Loss: 7.0818 | Val Loss: 5.2110 | Val Acc: 0.2500
2025-06-22 09:30:13,579 [INFO] Epoch 006 | Train Loss: 6.1707 | Val Loss: 4.0557 | Val Acc: 0.2679
2025-06-22 09:30:13,595 [INFO] Epoch 007 | Train Loss: 4.9331 | Val Loss: 3.4321 | Val Acc: 0.2857
2025-06-22 09:30:13,610 [INFO] Epoch 008 | Train Loss: 5.0923 | Val Loss: 3.9552 | Val Acc: 0.1964
2025-06-22 09:30:13,625 [INFO] Epoch 009 | Train Loss: 4.6380 | Val Loss: 3.8032 | Val Acc: 0.2857
2025-06-22 09:30:13,641 [INFO] Epoch 010 | Train Loss: 5.2583 | Val Loss: 2.8602 | Val Acc: 0.3750
2025-06-22 09:30:14,406 [INFO] New best model at epoch 10 (Val Acc: 0.3750)
2025-06-22 09:30:14,425 [INFO] Epoch 011 | Train Loss: 5.3245 | Val Loss: 2.6667 | Val Acc: 0.3750
2025-06-22 09:30:14,441 [INFO] Epoch 012 | Train Loss: 5.6299 | Val Loss: 2.6453 | Val Acc: 0.4464
2025-06-22 09:30:14,443 [INFO] New best model at epoch 12 (Val Acc: 0.4464)
2025-06-22 09:30:14,458 [INFO] Epoch 013 | Train Loss: 4.4499 | Val Loss: 2.5448 | Val Acc: 0.3750
2025-06-22 09:30:14,484 [INFO] Epoch 014 | Train Loss: 5.0513 | Val Loss: 2.1187 | Val Acc: 0.3571
2025-06-22 09:30:14,512 [INFO] Epoch 015 | Train Loss: 4.7561 | Val Loss: 2.5880 | Val Acc: 0.3036
2025-06-22 09:30:14,532 [INFO] Epoch 016 | Train Loss: 3.8571 | Val Loss: 2.4926 | Val Acc: 0.3750
2025-06-22 09:30:14,552 [INFO] Epoch 017 | Train Loss: 4.0581 | Val Loss: 2.5386 | Val Acc: 0.4286
2025-06-22 09:30:14,571 [INFO] Epoch 018 | Train Loss: 3.6503 | Val Loss: 2.5614 | Val Acc: 0.3571
2025-06-22 09:30:14,587 [INFO] Epoch 019 | Train Loss: 3.4637 | Val Loss: 2.4074 | Val Acc: 0.3571
2025-06-22 09:30:14,602 [INFO] Epoch 020 | Train Loss: 3.8218 | Val Loss: 2.2380 | Val Acc: 0.3214
2025-06-22 09:30:15,367 [INFO] Epoch 021 | Train Loss: 3.0242 | Val Loss: 2.1808 | Val Acc: 0.3036
2025-06-22 09:30:15,394 [INFO] Epoch 022 | Train Loss: 3.0402 | Val Loss: 2.2345 | Val Acc: 0.3571
2025-06-22 09:30:15,421 [INFO] Epoch 023 | Train Loss: 3.3963 | Val Loss: 1.8116 | Val Acc: 0.4464
2025-06-22 09:30:15,442 [INFO] Epoch 024 | Train Loss: 2.6474 | Val Loss: 1.8489 | Val Acc: 0.4286
2025-06-22 09:30:15,460 [INFO] Epoch 025 | Train Loss: 3.0460 | Val Loss: 1.8891 | Val Acc: 0.3929
2025-06-22 09:30:15,475 [INFO] Epoch 026 | Train Loss: 2.4501 | Val Loss: 1.7461 | Val Acc: 0.4286
2025-06-22 09:30:15,490 [INFO] Epoch 027 | Train Loss: 2.7547 | Val Loss: 1.8609 | Val Acc: 0.2857
2025-06-22 09:30:15,504 [INFO] Epoch 028 | Train Loss: 3.4864 | Val Loss: 1.7595 | Val Acc: 0.3571
2025-06-22 09:30:15,519 [INFO] Epoch 029 | Train Loss: 2.2622 | Val Loss: 1.6883 | Val Acc: 0.3929
2025-06-22 09:30:15,534 [INFO] Epoch 030 | Train Loss: 3.0440 | Val Loss: 1.8958 | Val Acc: 0.3571
2025-06-22 09:30:16,275 [INFO] Epoch 031 | Train Loss: 2.8246 | Val Loss: 1.9082 | Val Acc: 0.3571
2025-06-22 09:30:16,293 [INFO] Epoch 032 | Train Loss: 2.0733 | Val Loss: 1.6502 | Val Acc: 0.4643
2025-06-22 09:30:16,295 [INFO] New best model at epoch 32 (Val Acc: 0.4643)
2025-06-22 09:30:16,313 [INFO] Epoch 033 | Train Loss: 2.2063 | Val Loss: 1.7327 | Val Acc: 0.4107
2025-06-22 09:30:16,336 [INFO] Epoch 034 | Train Loss: 2.3009 | Val Loss: 1.6197 | Val Acc: 0.4107
2025-06-22 09:30:16,369 [INFO] Epoch 035 | Train Loss: 1.9786 | Val Loss: 1.5624 | Val Acc: 0.4107
2025-06-22 09:30:16,385 [INFO] Epoch 036 | Train Loss: 2.1362 | Val Loss: 1.6512 | Val Acc: 0.3393
2025-06-22 09:30:16,399 [INFO] Epoch 037 | Train Loss: 1.8186 | Val Loss: 1.7566 | Val Acc: 0.4286
2025-06-22 09:30:16,415 [INFO] Epoch 038 | Train Loss: 2.2761 | Val Loss: 1.7375 | Val Acc: 0.3393
2025-06-22 09:30:16,430 [INFO] Epoch 039 | Train Loss: 1.9181 | Val Loss: 1.8066 | Val Acc: 0.3750
2025-06-22 09:30:16,444 [INFO] Epoch 040 | Train Loss: 1.6531 | Val Loss: 1.7237 | Val Acc: 0.4286
2025-06-22 09:30:17,292 [INFO] Epoch 041 | Train Loss: 2.4074 | Val Loss: 1.5116 | Val Acc: 0.4107
2025-06-22 09:30:17,315 [INFO] Epoch 042 | Train Loss: 1.8787 | Val Loss: 1.7230 | Val Acc: 0.4107
2025-06-22 09:30:17,337 [INFO] Epoch 043 | Train Loss: 2.0180 | Val Loss: 1.6923 | Val Acc: 0.3750
2025-06-22 09:30:17,358 [INFO] Epoch 044 | Train Loss: 2.0884 | Val Loss: 1.5440 | Val Acc: 0.4286
2025-06-22 09:30:17,377 [INFO] Epoch 045 | Train Loss: 1.9494 | Val Loss: 1.6297 | Val Acc: 0.3571
2025-06-22 09:30:17,392 [INFO] Epoch 046 | Train Loss: 1.9674 | Val Loss: 1.6163 | Val Acc: 0.3571
2025-06-22 09:30:17,408 [INFO] Epoch 047 | Train Loss: 1.9993 | Val Loss: 1.6119 | Val Acc: 0.3571
2025-06-22 09:30:17,423 [INFO] Epoch 048 | Train Loss: 1.7709 | Val Loss: 1.5112 | Val Acc: 0.3571
2025-06-22 09:30:17,458 [INFO] Epoch 049 | Train Loss: 1.9530 | Val Loss: 1.4419 | Val Acc: 0.3571
2025-06-22 09:30:17,476 [INFO] Epoch 050 | Train Loss: 1.6437 | Val Loss: 1.4925 | Val Acc: 0.3750
2025-06-22 09:30:18,221 [INFO] Epoch 051 | Train Loss: 2.2078 | Val Loss: 1.5464 | Val Acc: 0.3750
2025-06-22 09:30:18,243 [INFO] Epoch 052 | Train Loss: 1.3838 | Val Loss: 1.5504 | Val Acc: 0.3571
2025-06-22 09:30:18,264 [INFO] Epoch 053 | Train Loss: 2.0258 | Val Loss: 1.5280 | Val Acc: 0.4464
2025-06-22 09:30:18,284 [INFO] Epoch 054 | Train Loss: 1.6173 | Val Loss: 1.4945 | Val Acc: 0.3750
2025-06-22 09:30:18,306 [INFO] Epoch 055 | Train Loss: 1.5457 | Val Loss: 1.4482 | Val Acc: 0.3750
2025-06-22 09:30:18,323 [INFO] Epoch 056 | Train Loss: 1.4958 | Val Loss: 1.6009 | Val Acc: 0.3393
2025-06-22 09:30:18,342 [INFO] Epoch 057 | Train Loss: 1.7032 | Val Loss: 1.5724 | Val Acc: 0.3214
2025-06-22 09:30:18,357 [INFO] Epoch 058 | Train Loss: 1.6719 | Val Loss: 1.4737 | Val Acc: 0.3750
2025-06-22 09:30:18,372 [INFO] Epoch 059 | Train Loss: 1.4490 | Val Loss: 1.5715 | Val Acc: 0.3393
2025-06-22 09:30:18,386 [INFO] Epoch 060 | Train Loss: 1.4258 | Val Loss: 1.5451 | Val Acc: 0.3393
2025-06-22 09:30:19,139 [INFO] Epoch 061 | Train Loss: 1.4918 | Val Loss: 1.5106 | Val Acc: 0.4107
2025-06-22 09:30:19,159 [INFO] Epoch 062 | Train Loss: 1.6317 | Val Loss: 1.4606 | Val Acc: 0.4107
2025-06-22 09:30:19,178 [INFO] Epoch 063 | Train Loss: 1.5503 | Val Loss: 1.4596 | Val Acc: 0.3036
2025-06-22 09:30:19,196 [INFO] Epoch 064 | Train Loss: 1.5366 | Val Loss: 1.4875 | Val Acc: 0.3036
2025-06-22 09:30:19,215 [INFO] Epoch 065 | Train Loss: 1.5638 | Val Loss: 1.4257 | Val Acc: 0.3393
2025-06-22 09:30:19,234 [INFO] Epoch 066 | Train Loss: 1.4755 | Val Loss: 1.4882 | Val Acc: 0.3036
2025-06-22 09:30:19,254 [INFO] Epoch 067 | Train Loss: 1.5512 | Val Loss: 1.4160 | Val Acc: 0.3393
2025-06-22 09:30:19,271 [INFO] Epoch 068 | Train Loss: 1.1220 | Val Loss: 1.3702 | Val Acc: 0.3393
2025-06-22 09:30:19,291 [INFO] Epoch 069 | Train Loss: 1.3080 | Val Loss: 1.4105 | Val Acc: 0.3393
2025-06-22 09:30:19,311 [INFO] Epoch 070 | Train Loss: 1.1759 | Val Loss: 1.3243 | Val Acc: 0.3571
2025-06-22 09:30:20,054 [INFO] Epoch 071 | Train Loss: 1.3325 | Val Loss: 1.3415 | Val Acc: 0.3571
2025-06-22 09:30:20,073 [INFO] Epoch 072 | Train Loss: 1.5945 | Val Loss: 1.3596 | Val Acc: 0.4464
2025-06-22 09:30:20,115 [INFO] Epoch 073 | Train Loss: 1.2248 | Val Loss: 1.3277 | Val Acc: 0.5000
2025-06-22 09:30:20,118 [INFO] New best model at epoch 73 (Val Acc: 0.5000)
2025-06-22 09:30:20,138 [INFO] Epoch 074 | Train Loss: 1.1457 | Val Loss: 1.3293 | Val Acc: 0.4464
2025-06-22 09:30:20,156 [INFO] Epoch 075 | Train Loss: 1.4473 | Val Loss: 1.3379 | Val Acc: 0.4643
2025-06-22 09:30:20,172 [INFO] Epoch 076 | Train Loss: 1.1266 | Val Loss: 1.3484 | Val Acc: 0.4464
2025-06-22 09:30:20,187 [INFO] Epoch 077 | Train Loss: 1.2525 | Val Loss: 1.3395 | Val Acc: 0.4107
2025-06-22 09:30:20,201 [INFO] Epoch 078 | Train Loss: 1.2426 | Val Loss: 1.2856 | Val Acc: 0.4464
2025-06-22 09:30:20,216 [INFO] Epoch 079 | Train Loss: 1.2790 | Val Loss: 1.3096 | Val Acc: 0.4643
2025-06-22 09:30:20,231 [INFO] Epoch 080 | Train Loss: 1.2805 | Val Loss: 1.3800 | Val Acc: 0.4286
2025-06-22 09:30:20,974 [INFO] Epoch 081 | Train Loss: 1.1978 | Val Loss: 1.3886 | Val Acc: 0.3929
2025-06-22 09:30:20,990 [INFO] Epoch 082 | Train Loss: 1.2483 | Val Loss: 1.3585 | Val Acc: 0.3929
2025-06-22 09:30:21,011 [INFO] Epoch 083 | Train Loss: 1.2159 | Val Loss: 1.3221 | Val Acc: 0.3393
2025-06-22 09:30:21,029 [INFO] Epoch 084 | Train Loss: 1.2991 | Val Loss: 1.2801 | Val Acc: 0.3929
2025-06-22 09:30:21,055 [INFO] Epoch 085 | Train Loss: 1.0851 | Val Loss: 1.3464 | Val Acc: 0.3750
2025-06-22 09:30:21,073 [INFO] Epoch 086 | Train Loss: 1.4202 | Val Loss: 1.3380 | Val Acc: 0.3750
2025-06-22 09:30:21,088 [INFO] Epoch 087 | Train Loss: 1.3157 | Val Loss: 1.2737 | Val Acc: 0.4464
2025-06-22 09:30:21,102 [INFO] Epoch 088 | Train Loss: 1.2245 | Val Loss: 1.2868 | Val Acc: 0.4643
2025-06-22 09:30:21,118 [INFO] Epoch 089 | Train Loss: 1.3134 | Val Loss: 1.2982 | Val Acc: 0.4107
2025-06-22 09:30:21,133 [INFO] Epoch 090 | Train Loss: 1.6103 | Val Loss: 1.4008 | Val Acc: 0.3036
2025-06-22 09:30:21,877 [INFO] Epoch 091 | Train Loss: 1.1862 | Val Loss: 1.3775 | Val Acc: 0.4286
2025-06-22 09:30:21,894 [INFO] Epoch 092 | Train Loss: 1.2473 | Val Loss: 1.3474 | Val Acc: 0.4286
2025-06-22 09:30:21,912 [INFO] Epoch 093 | Train Loss: 1.2638 | Val Loss: 1.2695 | Val Acc: 0.5179
2025-06-22 09:30:21,914 [INFO] New best model at epoch 93 (Val Acc: 0.5179)
2025-06-22 09:30:21,935 [INFO] Epoch 094 | Train Loss: 1.0436 | Val Loss: 1.3398 | Val Acc: 0.4107
2025-06-22 09:30:21,958 [INFO] Epoch 095 | Train Loss: 1.1448 | Val Loss: 1.4694 | Val Acc: 0.3750
2025-06-22 09:30:21,983 [INFO] Epoch 096 | Train Loss: 1.0878 | Val Loss: 1.3763 | Val Acc: 0.4286
2025-06-22 09:30:21,999 [INFO] Epoch 097 | Train Loss: 1.0381 | Val Loss: 1.3578 | Val Acc: 0.3750
2025-06-22 09:30:22,015 [INFO] Epoch 098 | Train Loss: 1.1306 | Val Loss: 1.3448 | Val Acc: 0.3929
2025-06-22 09:30:22,032 [INFO] Epoch 099 | Train Loss: 1.1423 | Val Loss: 1.3671 | Val Acc: 0.4464
2025-06-22 09:30:22,046 [INFO] Epoch 100 | Train Loss: 1.1287 | Val Loss: 1.3484 | Val Acc: 0.4286
2025-06-22 09:30:23,095 [INFO] Epoch 101 | Train Loss: 1.1200 | Val Loss: 1.2747 | Val Acc: 0.4464
2025-06-22 09:30:23,114 [INFO] Epoch 102 | Train Loss: 1.2565 | Val Loss: 1.2929 | Val Acc: 0.5179
2025-06-22 09:30:23,134 [INFO] Epoch 103 | Train Loss: 1.1093 | Val Loss: 1.3073 | Val Acc: 0.3750
2025-06-22 09:30:23,155 [INFO] Epoch 104 | Train Loss: 1.1162 | Val Loss: 1.4389 | Val Acc: 0.3929
2025-06-22 09:30:23,177 [INFO] Epoch 105 | Train Loss: 1.0584 | Val Loss: 1.4528 | Val Acc: 0.4107
2025-06-22 09:30:23,196 [INFO] Epoch 106 | Train Loss: 1.0884 | Val Loss: 1.4005 | Val Acc: 0.4107
2025-06-22 09:30:23,211 [INFO] Epoch 107 | Train Loss: 1.1875 | Val Loss: 1.2983 | Val Acc: 0.3750
2025-06-22 09:30:23,225 [INFO] Epoch 108 | Train Loss: 1.1401 | Val Loss: 1.2557 | Val Acc: 0.4643
2025-06-22 09:30:23,239 [INFO] Epoch 109 | Train Loss: 1.1317 | Val Loss: 1.2580 | Val Acc: 0.4464
2025-06-22 09:30:23,255 [INFO] Epoch 110 | Train Loss: 1.1780 | Val Loss: 1.2598 | Val Acc: 0.4643
2025-06-22 09:30:26,189 [INFO] Epoch 111 | Train Loss: 1.2149 | Val Loss: 1.2969 | Val Acc: 0.4107
2025-06-22 09:30:26,208 [INFO] Epoch 112 | Train Loss: 1.0036 | Val Loss: 1.2993 | Val Acc: 0.3393
2025-06-22 09:30:26,231 [INFO] Epoch 113 | Train Loss: 1.1268 | Val Loss: 1.3498 | Val Acc: 0.3214
2025-06-22 09:30:26,275 [INFO] Epoch 114 | Train Loss: 1.1458 | Val Loss: 1.3556 | Val Acc: 0.2500
2025-06-22 09:30:26,302 [INFO] Epoch 115 | Train Loss: 1.0379 | Val Loss: 1.2786 | Val Acc: 0.3929
2025-06-22 09:30:26,320 [INFO] Epoch 116 | Train Loss: 1.0444 | Val Loss: 1.4190 | Val Acc: 0.4107
2025-06-22 09:30:26,345 [INFO] Epoch 117 | Train Loss: 1.0988 | Val Loss: 1.3062 | Val Acc: 0.4464
2025-06-22 09:30:26,362 [INFO] Epoch 118 | Train Loss: 1.0437 | Val Loss: 1.3141 | Val Acc: 0.3393
2025-06-22 09:30:26,377 [INFO] Epoch 119 | Train Loss: 1.0765 | Val Loss: 1.3113 | Val Acc: 0.3750
2025-06-22 09:30:26,393 [INFO] Epoch 120 | Train Loss: 1.0413 | Val Loss: 1.3301 | Val Acc: 0.4286
2025-06-22 09:30:28,251 [INFO] Epoch 121 | Train Loss: 1.0005 | Val Loss: 1.5112 | Val Acc: 0.3929
2025-06-22 09:30:28,269 [INFO] Epoch 122 | Train Loss: 0.9568 | Val Loss: 1.4693 | Val Acc: 0.4821
2025-06-22 09:30:28,293 [INFO] Epoch 123 | Train Loss: 1.0142 | Val Loss: 1.4572 | Val Acc: 0.4107
2025-06-22 09:30:28,312 [INFO] Epoch 124 | Train Loss: 0.9808 | Val Loss: 1.4601 | Val Acc: 0.4643
2025-06-22 09:30:28,333 [INFO] Epoch 125 | Train Loss: 1.0428 | Val Loss: 1.4255 | Val Acc: 0.4286
2025-06-22 09:30:28,353 [INFO] Epoch 126 | Train Loss: 1.0337 | Val Loss: 1.4180 | Val Acc: 0.4464
2025-06-22 09:30:28,368 [INFO] Epoch 127 | Train Loss: 1.1792 | Val Loss: 1.3232 | Val Acc: 0.5179
2025-06-22 09:30:28,384 [INFO] Epoch 128 | Train Loss: 1.1559 | Val Loss: 1.3851 | Val Acc: 0.3750
2025-06-22 09:30:28,401 [INFO] Epoch 129 | Train Loss: 1.0258 | Val Loss: 1.5115 | Val Acc: 0.4107
2025-06-22 09:30:28,416 [INFO] Epoch 130 | Train Loss: 1.0330 | Val Loss: 1.4842 | Val Acc: 0.4286
2025-06-22 09:30:29,195 [INFO] Epoch 131 | Train Loss: 0.9331 | Val Loss: 1.3446 | Val Acc: 0.4643
2025-06-22 09:30:29,223 [INFO] Epoch 132 | Train Loss: 1.0346 | Val Loss: 1.4471 | Val Acc: 0.4286
2025-06-22 09:30:29,266 [INFO] Epoch 133 | Train Loss: 0.9826 | Val Loss: 1.4552 | Val Acc: 0.4464
2025-06-22 09:30:29,296 [INFO] Epoch 134 | Train Loss: 1.0619 | Val Loss: 1.5661 | Val Acc: 0.3571
2025-06-22 09:30:29,317 [INFO] Epoch 135 | Train Loss: 1.0775 | Val Loss: 1.5179 | Val Acc: 0.3571
2025-06-22 09:30:29,333 [INFO] Epoch 136 | Train Loss: 0.9604 | Val Loss: 1.4306 | Val Acc: 0.4821
2025-06-22 09:30:29,350 [INFO] Epoch 137 | Train Loss: 0.9093 | Val Loss: 1.5375 | Val Acc: 0.4464
2025-06-22 09:30:29,365 [INFO] Epoch 138 | Train Loss: 1.0221 | Val Loss: 1.5191 | Val Acc: 0.3393
2025-06-22 09:30:29,383 [INFO] Epoch 139 | Train Loss: 1.1067 | Val Loss: 1.5193 | Val Acc: 0.3571
2025-06-22 09:30:29,398 [INFO] Epoch 140 | Train Loss: 1.0104 | Val Loss: 1.3982 | Val Acc: 0.4464
2025-06-22 09:30:30,341 [INFO] Epoch 141 | Train Loss: 0.9722 | Val Loss: 1.3249 | Val Acc: 0.4286
2025-06-22 09:30:30,362 [INFO] Epoch 142 | Train Loss: 0.9723 | Val Loss: 1.3169 | Val Acc: 0.5179
2025-06-22 09:30:30,386 [INFO] Epoch 143 | Train Loss: 0.9866 | Val Loss: 1.4059 | Val Acc: 0.3929
2025-06-22 09:30:30,406 [INFO] Epoch 144 | Train Loss: 1.0001 | Val Loss: 1.4101 | Val Acc: 0.3750
2025-06-22 09:30:30,426 [INFO] Epoch 145 | Train Loss: 0.9705 | Val Loss: 1.4814 | Val Acc: 0.3750
2025-06-22 09:30:30,442 [INFO] Epoch 146 | Train Loss: 0.9945 | Val Loss: 1.5312 | Val Acc: 0.4286
2025-06-22 09:30:30,457 [INFO] Epoch 147 | Train Loss: 0.9927 | Val Loss: 1.4017 | Val Acc: 0.3929
2025-06-22 09:30:30,472 [INFO] Epoch 148 | Train Loss: 0.9629 | Val Loss: 1.3138 | Val Acc: 0.3750
2025-06-22 09:30:30,487 [INFO] Epoch 149 | Train Loss: 1.0505 | Val Loss: 1.4169 | Val Acc: 0.3929
2025-06-22 09:30:30,502 [INFO] Epoch 150 | Train Loss: 0.9760 | Val Loss: 1.5369 | Val Acc: 0.3750
2025-06-22 09:30:31,245 [INFO] Best model saved to <built-in function time>/ENZYMES/best/best_source_gin.pth (Val Acc: 0.5179 at epoch 93)
2025-06-22 09:30:31,246 [INFO] Training/validation metrics saved to <built-in function time>/ENZYMES/GIN_0.001/train_metrics.csv
2025-06-22 09:30:31,959 [INFO] Final training curves saved
2025-06-22 09:30:31,959 [INFO] Training completed!
2025-06-22 09:30:31,959 [INFO] Best validation accuracy: 0.5179
2025-06-22 09:30:31,959 [INFO] Best epoch: 93
2025-06-22 09:30:31,959 [INFO] Total epochs trained: 150
2025-06-22 09:30:31,959 [INFO] Starting training with parameters: (0.001, 0.5, 64, 2, 150, 0.001)
