2025-06-24 04:16:13,653 [INFO] Using device: cpu
2025-06-24 04:16:13,653 [INFO] 开始创建数据加载器...
2025-06-24 04:16:13,659 [INFO] Successfully loaded dataset ENZYMES from ./data, total graphs: 600
2025-06-24 04:16:13,659 [INFO] Class allocation analysis:
2025-06-24 04:16:13,659 [INFO]   Source classes: [0, 1, 2, 3]
2025-06-24 04:16:13,659 [INFO]   Target classes: [0, 1, 2, 3, 4, 5]
2025-06-24 04:16:13,659 [INFO]   Overlap classes (to be split): [0, 1, 2, 3]
2025-06-24 04:16:13,659 [INFO]   Target novel classes (unknown): [4, 5]
2025-06-24 04:16:13,675 [INFO]   Class 0: 100 total -> Source: 70, Target: 30
2025-06-24 04:16:13,676 [INFO]   Class 1: 100 total -> Source: 70, Target: 30
2025-06-24 04:16:13,676 [INFO]   Class 2: 100 total -> Source: 70, Target: 30
2025-06-24 04:16:13,676 [INFO]   Class 3: 100 total -> Source: 70, Target: 30
2025-06-24 04:16:13,676 [INFO]   Class 4 (novel/unknown): 100 samples -> Target
2025-06-24 04:16:13,676 [INFO]   Class 5 (novel/unknown): 100 samples -> Target
2025-06-24 04:16:13,676 [INFO] Final allocation:
2025-06-24 04:16:13,676 [INFO]   Source domain: 280 samples
2025-06-24 04:16:13,676 [INFO]   Target domain: 320 samples
2025-06-24 04:16:13,678 [INFO] Source domain setup:
2025-06-24 04:16:13,678 [INFO]   Original classes: [0, 1, 2, 3]
2025-06-24 04:16:13,678 [INFO]   Overlap classes used: [0, 1, 2, 3]
2025-06-24 04:16:13,678 [INFO]   Label mapping: {0: 0, 1: 1, 2: 2, 3: 3}
2025-06-24 04:16:13,678 [INFO]   Total data after allocation: 280
2025-06-24 04:16:13,678 [INFO]   Data split - Train: 224, Val: 56
2025-06-24 04:16:13,678 [INFO]   Train label distribution: {0: 56, 1: 56, 3: 56, 2: 56}
2025-06-24 04:16:13,678 [INFO]   Val label distribution: {1: 14, 2: 14, 0: 14, 3: 14}
2025-06-24 04:16:13,680 [INFO] Successfully loaded dataset ENZYMES from ./data, total graphs: 600
2025-06-24 04:16:13,680 [INFO] Class allocation analysis:
2025-06-24 04:16:13,680 [INFO]   Source classes: [0, 1, 2, 3]
2025-06-24 04:16:13,680 [INFO]   Target classes: [0, 1, 2, 3, 4, 5]
2025-06-24 04:16:13,680 [INFO]   Overlap classes (to be split): [0, 1, 2, 3]
2025-06-24 04:16:13,680 [INFO]   Target novel classes (unknown): [4, 5]
2025-06-24 04:16:13,811 [INFO]   Class 0: 100 total -> Source: 70, Target: 30
2025-06-24 04:16:13,811 [INFO]   Class 1: 100 total -> Source: 70, Target: 30
2025-06-24 04:16:13,812 [INFO]   Class 2: 100 total -> Source: 70, Target: 30
2025-06-24 04:16:13,812 [INFO]   Class 3: 100 total -> Source: 70, Target: 30
2025-06-24 04:16:13,812 [INFO]   Class 4 (novel/unknown): 100 samples -> Target
2025-06-24 04:16:13,812 [INFO]   Class 5 (novel/unknown): 100 samples -> Target
2025-06-24 04:16:13,812 [INFO] Final allocation:
2025-06-24 04:16:13,812 [INFO]   Source domain: 280 samples
2025-06-24 04:16:13,812 [INFO]   Target domain: 320 samples
2025-06-24 04:16:13,813 [INFO] Target domain setup:
2025-06-24 04:16:13,813 [INFO]   Original classes: [0, 1, 2, 3, 4, 5]
2025-06-24 04:16:13,813 [INFO]   Overlap classes: [0, 1, 2, 3]
2025-06-24 04:16:13,813 [INFO]   Novel classes: [4, 5] -> mapped to unknown label 4
2025-06-24 04:16:13,814 [INFO]   Label mapping: {0: 0, 1: 1, 2: 2, 3: 3, 4: 4, 5: 4}
2025-06-24 04:16:13,814 [INFO]   Total data after allocation: 320
2025-06-24 04:16:13,814 [INFO]   Data split - Train: 256, Val: 64
2025-06-24 04:16:13,814 [INFO]   Total count: 320 (known: 120, unknown: 200)
2025-06-24 04:16:13,814 [INFO]   Total label distribution: {4: 200, 3: 30, 0: 30, 1: 30, 2: 30}
2025-06-24 04:16:13,814 [INFO]   Train label distribution: {4: 160, 0: 24, 2: 24, 3: 24, 1: 24}
2025-06-24 04:16:13,814 [INFO]   Val label distribution: {1: 6, 4: 40, 3: 6, 0: 6, 2: 6}
2025-06-24 04:16:13,814 [INFO] 数据加载器创建完成!
2025-06-24 04:16:13,814 [INFO] 源域类别数: 4 (重叠类别)
2025-06-24 04:16:13,814 [INFO] 目标域类别数: 5 (4个重叠类别 + 1个未知类别)
2025-06-24 04:16:13,814 [INFO] 重叠类别: [0, 1, 2, 3]
2025-06-24 04:16:13,814 [INFO] 目标域新类别: [4, 5]
2025-06-24 04:16:13,814 [INFO] Data allocation verification:
2025-06-24 04:16:13,814 [INFO]   Source data samples: 280
2025-06-24 04:16:13,814 [INFO]   Target data samples: 320
2025-06-24 04:16:13,814 [INFO]   Overlapping samples: 0
2025-06-24 04:16:13,814 [INFO]   ✓ Data allocation is correct - no overlapping samples
2025-06-24 04:16:13,816 [INFO] Model initialized with 268804 parameters
2025-06-24 04:16:13,817 [INFO] Previous best validation accuracy read from record.txt: 0.6429
2025-06-24 04:16:13,817 [INFO] Starting training...
2025-06-24 04:16:13,878 [INFO] Epoch 001 | Train Loss: 27.6635 | Val Loss: 86.1857 | Val Acc: 0.2679
2025-06-24 04:16:15,194 [INFO] New best model at epoch 1 (Val Acc: 0.2679)
2025-06-24 04:16:15,225 [INFO] Epoch 002 | Train Loss: 15.4434 | Val Loss: 18.7054 | Val Acc: 0.3393
2025-06-24 04:16:15,230 [INFO] New best model at epoch 2 (Val Acc: 0.3393)
2025-06-24 04:16:15,259 [INFO] Epoch 003 | Train Loss: 11.3158 | Val Loss: 18.0978 | Val Acc: 0.3571
2025-06-24 04:16:15,264 [INFO] New best model at epoch 3 (Val Acc: 0.3571)
2025-06-24 04:16:15,292 [INFO] Epoch 004 | Train Loss: 14.7116 | Val Loss: 17.9964 | Val Acc: 0.2500
2025-06-24 04:16:15,318 [INFO] Epoch 005 | Train Loss: 11.4070 | Val Loss: 8.4807 | Val Acc: 0.3214
2025-06-24 04:16:15,342 [INFO] Epoch 006 | Train Loss: 11.1411 | Val Loss: 8.8514 | Val Acc: 0.3036
2025-06-24 04:16:15,366 [INFO] Epoch 007 | Train Loss: 10.9039 | Val Loss: 10.7708 | Val Acc: 0.3214
2025-06-24 04:16:15,389 [INFO] Epoch 008 | Train Loss: 11.8730 | Val Loss: 6.2644 | Val Acc: 0.3750
2025-06-24 04:16:15,394 [INFO] New best model at epoch 8 (Val Acc: 0.3750)
2025-06-24 04:16:15,414 [INFO] Epoch 009 | Train Loss: 15.9681 | Val Loss: 9.3865 | Val Acc: 0.2679
2025-06-24 04:16:15,437 [INFO] Epoch 010 | Train Loss: 10.3373 | Val Loss: 14.6335 | Val Acc: 0.3393
2025-06-24 04:16:16,710 [INFO] Epoch 011 | Train Loss: 15.6045 | Val Loss: 11.5822 | Val Acc: 0.2500
2025-06-24 04:16:16,740 [INFO] Epoch 012 | Train Loss: 9.8249 | Val Loss: 7.6045 | Val Acc: 0.3929
2025-06-24 04:16:16,745 [INFO] New best model at epoch 12 (Val Acc: 0.3929)
2025-06-24 04:16:16,772 [INFO] Epoch 013 | Train Loss: 11.3826 | Val Loss: 9.8420 | Val Acc: 0.3929
2025-06-24 04:16:16,802 [INFO] Epoch 014 | Train Loss: 8.9286 | Val Loss: 5.8014 | Val Acc: 0.2679
2025-06-24 04:16:16,825 [INFO] Epoch 015 | Train Loss: 6.9890 | Val Loss: 5.3743 | Val Acc: 0.3214
2025-06-24 04:16:16,848 [INFO] Epoch 016 | Train Loss: 8.9210 | Val Loss: 8.5487 | Val Acc: 0.3750
2025-06-24 04:16:16,871 [INFO] Epoch 017 | Train Loss: 10.6344 | Val Loss: 10.3858 | Val Acc: 0.3214
2025-06-24 04:16:16,894 [INFO] Epoch 018 | Train Loss: 8.0386 | Val Loss: 6.8601 | Val Acc: 0.3750
2025-06-24 04:16:16,918 [INFO] Epoch 019 | Train Loss: 7.3687 | Val Loss: 6.7417 | Val Acc: 0.3393
2025-06-24 04:16:16,942 [INFO] Epoch 020 | Train Loss: 8.7383 | Val Loss: 7.7214 | Val Acc: 0.2321
2025-06-24 04:16:18,293 [INFO] Epoch 021 | Train Loss: 7.1067 | Val Loss: 8.5016 | Val Acc: 0.3571
2025-06-24 04:16:18,323 [INFO] Epoch 022 | Train Loss: 6.9037 | Val Loss: 3.6653 | Val Acc: 0.4107
2025-06-24 04:16:18,329 [INFO] New best model at epoch 22 (Val Acc: 0.4107)
2025-06-24 04:16:18,355 [INFO] Epoch 023 | Train Loss: 5.7630 | Val Loss: 6.0597 | Val Acc: 0.3036
2025-06-24 04:16:18,383 [INFO] Epoch 024 | Train Loss: 7.1588 | Val Loss: 8.2023 | Val Acc: 0.2500
2025-06-24 04:16:18,406 [INFO] Epoch 025 | Train Loss: 7.5045 | Val Loss: 3.9763 | Val Acc: 0.3571
2025-06-24 04:16:18,429 [INFO] Epoch 026 | Train Loss: 5.5709 | Val Loss: 4.3144 | Val Acc: 0.4464
2025-06-24 04:16:18,434 [INFO] New best model at epoch 26 (Val Acc: 0.4464)
2025-06-24 04:16:18,454 [INFO] Epoch 027 | Train Loss: 4.8699 | Val Loss: 6.0987 | Val Acc: 0.2857
2025-06-24 04:16:18,478 [INFO] Epoch 028 | Train Loss: 5.7472 | Val Loss: 3.6643 | Val Acc: 0.3214
2025-06-24 04:16:18,501 [INFO] Epoch 029 | Train Loss: 5.4785 | Val Loss: 4.2106 | Val Acc: 0.3214
2025-06-24 04:16:18,525 [INFO] Epoch 030 | Train Loss: 4.5831 | Val Loss: 3.4485 | Val Acc: 0.2679
2025-06-24 04:16:19,873 [INFO] Epoch 031 | Train Loss: 4.4246 | Val Loss: 3.3467 | Val Acc: 0.3214
2025-06-24 04:16:19,903 [INFO] Epoch 032 | Train Loss: 4.4240 | Val Loss: 3.8040 | Val Acc: 0.3036
2025-06-24 04:16:19,937 [INFO] Epoch 033 | Train Loss: 4.9559 | Val Loss: 3.5879 | Val Acc: 0.3036
2025-06-24 04:16:19,968 [INFO] Epoch 034 | Train Loss: 4.4175 | Val Loss: 3.2207 | Val Acc: 0.3929
2025-06-24 04:16:19,994 [INFO] Epoch 035 | Train Loss: 4.7888 | Val Loss: 4.8306 | Val Acc: 0.2857
2025-06-24 04:16:20,017 [INFO] Epoch 036 | Train Loss: 4.5518 | Val Loss: 2.9369 | Val Acc: 0.3214
2025-06-24 04:16:20,042 [INFO] Epoch 037 | Train Loss: 3.6402 | Val Loss: 3.4658 | Val Acc: 0.2679
2025-06-24 04:16:20,065 [INFO] Epoch 038 | Train Loss: 4.6638 | Val Loss: 3.9574 | Val Acc: 0.3571
2025-06-24 04:16:20,097 [INFO] Epoch 039 | Train Loss: 3.4941 | Val Loss: 3.6881 | Val Acc: 0.3571
2025-06-24 04:16:20,122 [INFO] Epoch 040 | Train Loss: 3.8910 | Val Loss: 3.7709 | Val Acc: 0.3929
2025-06-24 04:16:21,551 [INFO] Epoch 041 | Train Loss: 3.9728 | Val Loss: 3.0515 | Val Acc: 0.3036
2025-06-24 04:16:21,614 [INFO] Epoch 042 | Train Loss: 2.9775 | Val Loss: 2.2846 | Val Acc: 0.3036
2025-06-24 04:16:21,642 [INFO] Epoch 043 | Train Loss: 4.1244 | Val Loss: 2.0052 | Val Acc: 0.4286
2025-06-24 04:16:21,665 [INFO] Epoch 044 | Train Loss: 2.8671 | Val Loss: 2.6434 | Val Acc: 0.3036
2025-06-24 04:16:21,689 [INFO] Epoch 045 | Train Loss: 3.5397 | Val Loss: 2.3020 | Val Acc: 0.2679
2025-06-24 04:16:21,712 [INFO] Epoch 046 | Train Loss: 3.0336 | Val Loss: 2.4531 | Val Acc: 0.2679
2025-06-24 04:16:21,736 [INFO] Epoch 047 | Train Loss: 2.4349 | Val Loss: 2.2191 | Val Acc: 0.4286
2025-06-24 04:16:21,765 [INFO] Epoch 048 | Train Loss: 3.0106 | Val Loss: 2.8050 | Val Acc: 0.3214
2025-06-24 04:16:21,790 [INFO] Epoch 049 | Train Loss: 3.3195 | Val Loss: 2.7863 | Val Acc: 0.2500
2025-06-24 04:16:21,814 [INFO] Epoch 050 | Train Loss: 3.5541 | Val Loss: 2.5850 | Val Acc: 0.3036
2025-06-24 04:16:23,332 [INFO] Epoch 051 | Train Loss: 3.7363 | Val Loss: 2.3653 | Val Acc: 0.2679
2025-06-24 04:16:23,367 [INFO] Epoch 052 | Train Loss: 2.8159 | Val Loss: 2.9449 | Val Acc: 0.2857
2025-06-24 04:16:23,401 [INFO] Epoch 053 | Train Loss: 3.6384 | Val Loss: 2.5858 | Val Acc: 0.4286
2025-06-24 04:16:23,425 [INFO] Epoch 054 | Train Loss: 3.3642 | Val Loss: 3.0318 | Val Acc: 0.2857
2025-06-24 04:16:23,452 [INFO] Epoch 055 | Train Loss: 3.0947 | Val Loss: 2.0885 | Val Acc: 0.3929
2025-06-24 04:16:23,476 [INFO] Epoch 056 | Train Loss: 2.3943 | Val Loss: 2.1016 | Val Acc: 0.3393
2025-06-24 04:16:23,502 [INFO] Epoch 057 | Train Loss: 2.5305 | Val Loss: 2.7918 | Val Acc: 0.2857
2025-06-24 04:16:23,526 [INFO] Epoch 058 | Train Loss: 3.2389 | Val Loss: 4.3875 | Val Acc: 0.3036
2025-06-24 04:16:23,550 [INFO] Epoch 059 | Train Loss: 3.2067 | Val Loss: 2.5088 | Val Acc: 0.3393
2025-06-24 04:16:23,572 [INFO] Epoch 060 | Train Loss: 3.1063 | Val Loss: 2.6290 | Val Acc: 0.3036
2025-06-24 04:16:25,769 [INFO] Epoch 061 | Train Loss: 3.4865 | Val Loss: 2.7078 | Val Acc: 0.2857
2025-06-24 04:16:25,800 [INFO] Epoch 062 | Train Loss: 3.5739 | Val Loss: 2.4579 | Val Acc: 0.4107
2025-06-24 04:16:25,830 [INFO] Epoch 063 | Train Loss: 2.5064 | Val Loss: 2.0636 | Val Acc: 0.3393
2025-06-24 04:16:25,859 [INFO] Epoch 064 | Train Loss: 2.8750 | Val Loss: 2.0270 | Val Acc: 0.3750
2025-06-24 04:16:25,883 [INFO] Epoch 065 | Train Loss: 2.9893 | Val Loss: 2.1640 | Val Acc: 0.3036
2025-06-24 04:16:25,910 [INFO] Epoch 066 | Train Loss: 2.1714 | Val Loss: 2.1378 | Val Acc: 0.2500
2025-06-24 04:16:25,932 [INFO] Epoch 067 | Train Loss: 2.6660 | Val Loss: 1.5568 | Val Acc: 0.3393
2025-06-24 04:16:25,956 [INFO] Epoch 068 | Train Loss: 2.4381 | Val Loss: 2.0946 | Val Acc: 0.3214
2025-06-24 04:16:25,979 [INFO] Epoch 069 | Train Loss: 2.2200 | Val Loss: 1.9289 | Val Acc: 0.3393
2025-06-24 04:16:26,006 [INFO] Epoch 070 | Train Loss: 2.0872 | Val Loss: 1.7736 | Val Acc: 0.2857
2025-06-24 04:16:27,532 [INFO] Epoch 071 | Train Loss: 1.7730 | Val Loss: 1.5468 | Val Acc: 0.3929
2025-06-24 04:16:27,564 [INFO] Epoch 072 | Train Loss: 2.0193 | Val Loss: 1.8067 | Val Acc: 0.4107
2025-06-24 04:16:27,596 [INFO] Epoch 073 | Train Loss: 1.8582 | Val Loss: 2.2038 | Val Acc: 0.3214
2025-06-24 04:16:27,625 [INFO] Epoch 074 | Train Loss: 2.0700 | Val Loss: 2.0760 | Val Acc: 0.2500
2025-06-24 04:16:27,649 [INFO] Epoch 075 | Train Loss: 1.7593 | Val Loss: 1.6963 | Val Acc: 0.3571
2025-06-24 04:16:27,672 [INFO] Epoch 076 | Train Loss: 1.3543 | Val Loss: 1.5550 | Val Acc: 0.3929
2025-06-24 04:16:27,695 [INFO] Epoch 077 | Train Loss: 1.6123 | Val Loss: 1.6970 | Val Acc: 0.4107
2025-06-24 04:16:27,719 [INFO] Epoch 078 | Train Loss: 2.1221 | Val Loss: 1.7607 | Val Acc: 0.3214
2025-06-24 04:16:27,741 [INFO] Epoch 079 | Train Loss: 1.4938 | Val Loss: 1.6018 | Val Acc: 0.3750
2025-06-24 04:16:27,764 [INFO] Epoch 080 | Train Loss: 1.3536 | Val Loss: 1.5061 | Val Acc: 0.3750
2025-06-24 04:16:29,326 [INFO] Epoch 081 | Train Loss: 1.6331 | Val Loss: 1.5344 | Val Acc: 0.3571
2025-06-24 04:16:29,359 [INFO] Epoch 082 | Train Loss: 1.8070 | Val Loss: 1.7063 | Val Acc: 0.3393
2025-06-24 04:16:29,390 [INFO] Epoch 083 | Train Loss: 1.6789 | Val Loss: 1.5616 | Val Acc: 0.3393
2025-06-24 04:16:29,417 [INFO] Epoch 084 | Train Loss: 1.5004 | Val Loss: 1.4972 | Val Acc: 0.4286
2025-06-24 04:16:29,440 [INFO] Epoch 085 | Train Loss: 1.4221 | Val Loss: 1.3813 | Val Acc: 0.3750
2025-06-24 04:16:29,464 [INFO] Epoch 086 | Train Loss: 1.3718 | Val Loss: 1.4755 | Val Acc: 0.3750
2025-06-24 04:16:29,490 [INFO] Epoch 087 | Train Loss: 1.4063 | Val Loss: 1.5221 | Val Acc: 0.4107
2025-06-24 04:16:29,513 [INFO] Epoch 088 | Train Loss: 1.4427 | Val Loss: 1.5422 | Val Acc: 0.3571
2025-06-24 04:16:29,536 [INFO] Epoch 089 | Train Loss: 1.6225 | Val Loss: 1.5637 | Val Acc: 0.3750
2025-06-24 04:16:29,560 [INFO] Epoch 090 | Train Loss: 1.3443 | Val Loss: 1.8242 | Val Acc: 0.3571
2025-06-24 04:16:31,016 [INFO] Epoch 091 | Train Loss: 1.6990 | Val Loss: 1.3587 | Val Acc: 0.4107
2025-06-24 04:16:31,046 [INFO] Epoch 092 | Train Loss: 1.3141 | Val Loss: 1.4123 | Val Acc: 0.3929
2025-06-24 04:16:31,076 [INFO] Epoch 093 | Train Loss: 1.2935 | Val Loss: 1.6898 | Val Acc: 0.3393
2025-06-24 04:16:31,105 [INFO] Epoch 094 | Train Loss: 1.5600 | Val Loss: 1.6451 | Val Acc: 0.3393
2025-06-24 04:16:31,129 [INFO] Epoch 095 | Train Loss: 1.4866 | Val Loss: 1.6598 | Val Acc: 0.2857
2025-06-24 04:16:31,153 [INFO] Epoch 096 | Train Loss: 1.3580 | Val Loss: 1.5515 | Val Acc: 0.3393
2025-06-24 04:16:31,176 [INFO] Epoch 097 | Train Loss: 1.6680 | Val Loss: 1.5148 | Val Acc: 0.3393
2025-06-24 04:16:31,200 [INFO] Epoch 098 | Train Loss: 1.4867 | Val Loss: 1.7414 | Val Acc: 0.3929
2025-06-24 04:16:31,224 [INFO] Epoch 099 | Train Loss: 1.3741 | Val Loss: 1.5591 | Val Acc: 0.3214
2025-06-24 04:16:31,247 [INFO] Epoch 100 | Train Loss: 1.3333 | Val Loss: 1.5986 | Val Acc: 0.4107
2025-06-24 04:16:32,885 [INFO] Epoch 101 | Train Loss: 1.4199 | Val Loss: 1.4575 | Val Acc: 0.3571
2025-06-24 04:16:32,915 [INFO] Epoch 102 | Train Loss: 1.3457 | Val Loss: 1.3950 | Val Acc: 0.3929
2025-06-24 04:16:32,945 [INFO] Epoch 103 | Train Loss: 1.2447 | Val Loss: 1.5635 | Val Acc: 0.3214
2025-06-24 04:16:32,978 [INFO] Epoch 104 | Train Loss: 1.2382 | Val Loss: 1.4168 | Val Acc: 0.3929
2025-06-24 04:16:33,001 [INFO] Epoch 105 | Train Loss: 1.2026 | Val Loss: 1.4331 | Val Acc: 0.4286
2025-06-24 04:16:33,024 [INFO] Epoch 106 | Train Loss: 1.1278 | Val Loss: 1.4056 | Val Acc: 0.3929
2025-06-24 04:16:33,048 [INFO] Epoch 107 | Train Loss: 1.2109 | Val Loss: 1.3846 | Val Acc: 0.3929
2025-06-24 04:16:33,073 [INFO] Epoch 108 | Train Loss: 1.1684 | Val Loss: 1.3543 | Val Acc: 0.4464
2025-06-24 04:16:33,095 [INFO] Epoch 109 | Train Loss: 1.1503 | Val Loss: 1.4401 | Val Acc: 0.3750
2025-06-24 04:16:33,118 [INFO] Epoch 110 | Train Loss: 1.1275 | Val Loss: 1.4575 | Val Acc: 0.3036
2025-06-24 04:16:34,591 [INFO] Epoch 111 | Train Loss: 1.2030 | Val Loss: 1.4910 | Val Acc: 0.3750
2025-06-24 04:16:34,622 [INFO] Epoch 112 | Train Loss: 1.1429 | Val Loss: 1.4950 | Val Acc: 0.3036
2025-06-24 04:16:34,652 [INFO] Epoch 113 | Train Loss: 1.2129 | Val Loss: 1.3912 | Val Acc: 0.4286
2025-06-24 04:16:34,683 [INFO] Epoch 114 | Train Loss: 1.2975 | Val Loss: 1.4395 | Val Acc: 0.3750
2025-06-24 04:16:34,709 [INFO] Epoch 115 | Train Loss: 1.0922 | Val Loss: 1.4215 | Val Acc: 0.4286
2025-06-24 04:16:34,733 [INFO] Epoch 116 | Train Loss: 1.1619 | Val Loss: 1.4182 | Val Acc: 0.4107
2025-06-24 04:16:34,756 [INFO] Epoch 117 | Train Loss: 1.1894 | Val Loss: 1.4826 | Val Acc: 0.3214
2025-06-24 04:16:34,779 [INFO] Epoch 118 | Train Loss: 1.2518 | Val Loss: 1.5628 | Val Acc: 0.3393
2025-06-24 04:16:34,803 [INFO] Epoch 119 | Train Loss: 1.1221 | Val Loss: 1.3916 | Val Acc: 0.4286
2025-06-24 04:16:34,832 [INFO] Epoch 120 | Train Loss: 1.2296 | Val Loss: 1.4403 | Val Acc: 0.4107
2025-06-24 04:16:36,379 [INFO] Epoch 121 | Train Loss: 1.1719 | Val Loss: 1.3871 | Val Acc: 0.3393
2025-06-24 04:16:36,414 [INFO] Epoch 122 | Train Loss: 1.1395 | Val Loss: 1.3875 | Val Acc: 0.3571
2025-06-24 04:16:36,444 [INFO] Epoch 123 | Train Loss: 1.1478 | Val Loss: 1.4168 | Val Acc: 0.4107
2025-06-24 04:16:36,472 [INFO] Epoch 124 | Train Loss: 1.1703 | Val Loss: 1.4390 | Val Acc: 0.3750
2025-06-24 04:16:36,495 [INFO] Epoch 125 | Train Loss: 1.1407 | Val Loss: 1.4448 | Val Acc: 0.3571
2025-06-24 04:16:36,519 [INFO] Epoch 126 | Train Loss: 1.2791 | Val Loss: 1.4005 | Val Acc: 0.3571
2025-06-24 04:16:36,542 [INFO] Epoch 127 | Train Loss: 1.1878 | Val Loss: 1.3698 | Val Acc: 0.3750
2025-06-24 04:16:36,566 [INFO] Epoch 128 | Train Loss: 1.1929 | Val Loss: 1.3451 | Val Acc: 0.3750
2025-06-24 04:16:36,589 [INFO] Epoch 129 | Train Loss: 1.1776 | Val Loss: 1.3285 | Val Acc: 0.3571
2025-06-24 04:16:36,615 [INFO] Epoch 130 | Train Loss: 1.1588 | Val Loss: 1.3413 | Val Acc: 0.4286
2025-06-24 04:16:38,114 [INFO] Epoch 131 | Train Loss: 1.1745 | Val Loss: 1.4038 | Val Acc: 0.3750
2025-06-24 04:16:38,146 [INFO] Epoch 132 | Train Loss: 1.1789 | Val Loss: 1.3635 | Val Acc: 0.4107
2025-06-24 04:16:38,177 [INFO] Epoch 133 | Train Loss: 1.1421 | Val Loss: 1.3903 | Val Acc: 0.4107
2025-06-24 04:16:38,204 [INFO] Epoch 134 | Train Loss: 1.2120 | Val Loss: 1.3555 | Val Acc: 0.3571
2025-06-24 04:16:38,228 [INFO] Epoch 135 | Train Loss: 1.1504 | Val Loss: 1.3366 | Val Acc: 0.3750
2025-06-24 04:16:38,253 [INFO] Epoch 136 | Train Loss: 1.1090 | Val Loss: 1.3353 | Val Acc: 0.4286
2025-06-24 04:16:38,283 [INFO] Epoch 137 | Train Loss: 1.2190 | Val Loss: 1.3358 | Val Acc: 0.4107
2025-06-24 04:16:38,317 [INFO] Epoch 138 | Train Loss: 1.2489 | Val Loss: 1.4904 | Val Acc: 0.3750
2025-06-24 04:16:38,341 [INFO] Epoch 139 | Train Loss: 1.2526 | Val Loss: 1.4425 | Val Acc: 0.3750
2025-06-24 04:16:38,364 [INFO] Epoch 140 | Train Loss: 1.2519 | Val Loss: 1.5145 | Val Acc: 0.3393
2025-06-24 04:16:43,504 [INFO] Epoch 141 | Train Loss: 1.2187 | Val Loss: 1.3964 | Val Acc: 0.3750
2025-06-24 04:16:43,553 [INFO] Epoch 142 | Train Loss: 1.2433 | Val Loss: 1.4198 | Val Acc: 0.3214
2025-06-24 04:16:43,581 [INFO] Epoch 143 | Train Loss: 1.1457 | Val Loss: 1.3599 | Val Acc: 0.4107
2025-06-24 04:16:43,607 [INFO] Epoch 144 | Train Loss: 1.1799 | Val Loss: 1.3019 | Val Acc: 0.4464
2025-06-24 04:16:43,632 [INFO] Epoch 145 | Train Loss: 1.1512 | Val Loss: 1.3223 | Val Acc: 0.3929
2025-06-24 04:16:43,655 [INFO] Epoch 146 | Train Loss: 1.1077 | Val Loss: 1.3450 | Val Acc: 0.3929
2025-06-24 04:16:43,678 [INFO] Epoch 147 | Train Loss: 1.1481 | Val Loss: 1.3590 | Val Acc: 0.3750
2025-06-24 04:16:43,708 [INFO] Epoch 148 | Train Loss: 1.1069 | Val Loss: 1.3295 | Val Acc: 0.3929
2025-06-24 04:16:43,737 [INFO] Epoch 149 | Train Loss: 1.1004 | Val Loss: 1.3455 | Val Acc: 0.3929
2025-06-24 04:16:43,762 [INFO] Epoch 150 | Train Loss: 1.1113 | Val Loss: 1.3708 | Val Acc: 0.4107
2025-06-24 04:16:45,122 [INFO] Epoch 151 | Train Loss: 1.1539 | Val Loss: 1.3443 | Val Acc: 0.3750
2025-06-24 04:16:45,163 [INFO] Epoch 152 | Train Loss: 1.1168 | Val Loss: 1.3832 | Val Acc: 0.4286
2025-06-24 04:16:45,194 [INFO] Epoch 153 | Train Loss: 1.1240 | Val Loss: 1.3727 | Val Acc: 0.3571
2025-06-24 04:16:45,217 [INFO] Epoch 154 | Train Loss: 1.1072 | Val Loss: 1.4290 | Val Acc: 0.3214
2025-06-24 04:16:45,241 [INFO] Epoch 155 | Train Loss: 1.1401 | Val Loss: 1.3886 | Val Acc: 0.3571
2025-06-24 04:16:45,265 [INFO] Epoch 156 | Train Loss: 1.1509 | Val Loss: 1.3814 | Val Acc: 0.3750
2025-06-24 04:16:45,295 [INFO] Epoch 157 | Train Loss: 1.1176 | Val Loss: 1.4091 | Val Acc: 0.3929
2025-06-24 04:16:45,319 [INFO] Epoch 158 | Train Loss: 1.1520 | Val Loss: 1.3922 | Val Acc: 0.3393
2025-06-24 04:16:45,344 [INFO] Epoch 159 | Train Loss: 1.0943 | Val Loss: 1.3742 | Val Acc: 0.3393
2025-06-24 04:16:45,369 [INFO] Epoch 160 | Train Loss: 1.1064 | Val Loss: 1.3613 | Val Acc: 0.3571
2025-06-24 04:16:46,775 [INFO] Epoch 161 | Train Loss: 1.1603 | Val Loss: 1.3637 | Val Acc: 0.3393
2025-06-24 04:16:46,805 [INFO] Epoch 162 | Train Loss: 1.1008 | Val Loss: 1.3430 | Val Acc: 0.3750
2025-06-24 04:16:46,835 [INFO] Epoch 163 | Train Loss: 1.1181 | Val Loss: 1.3693 | Val Acc: 0.3750
2025-06-24 04:16:46,863 [INFO] Epoch 164 | Train Loss: 1.1149 | Val Loss: 1.3897 | Val Acc: 0.4107
2025-06-24 04:16:46,886 [INFO] Epoch 165 | Train Loss: 1.1368 | Val Loss: 1.3468 | Val Acc: 0.3750
2025-06-24 04:16:46,920 [INFO] Epoch 166 | Train Loss: 1.1196 | Val Loss: 1.5292 | Val Acc: 0.3214
2025-06-24 04:16:46,951 [INFO] Epoch 167 | Train Loss: 1.1719 | Val Loss: 1.3130 | Val Acc: 0.3750
2025-06-24 04:16:46,975 [INFO] Epoch 168 | Train Loss: 1.1337 | Val Loss: 1.2984 | Val Acc: 0.4286
2025-06-24 04:16:46,998 [INFO] Epoch 169 | Train Loss: 1.1904 | Val Loss: 1.3734 | Val Acc: 0.3214
2025-06-24 04:16:47,022 [INFO] Epoch 170 | Train Loss: 1.1946 | Val Loss: 1.5552 | Val Acc: 0.3571
2025-06-24 04:16:48,973 [INFO] Epoch 171 | Train Loss: 1.1437 | Val Loss: 1.4986 | Val Acc: 0.3036
2025-06-24 04:16:49,006 [INFO] Epoch 172 | Train Loss: 1.1174 | Val Loss: 1.3694 | Val Acc: 0.3750
2025-06-24 04:16:49,055 [INFO] Epoch 173 | Train Loss: 1.1353 | Val Loss: 1.3297 | Val Acc: 0.3929
2025-06-24 04:16:49,085 [INFO] Epoch 174 | Train Loss: 1.0985 | Val Loss: 1.3723 | Val Acc: 0.3393
2025-06-24 04:16:49,117 [INFO] Epoch 175 | Train Loss: 1.1246 | Val Loss: 1.4335 | Val Acc: 0.3571
2025-06-24 04:16:49,150 [INFO] Epoch 176 | Train Loss: 1.1285 | Val Loss: 1.3857 | Val Acc: 0.3393
2025-06-24 04:16:49,154 [INFO] Early stopping at epoch 176 (no improvement in 150 epochs).
2025-06-24 04:16:49,160 [INFO] Best model saved to <built-in function time>/ENZYMES/best/best_source_gin.pth (Val Acc: 0.4464 at epoch 26)
2025-06-24 04:16:49,161 [INFO] Training/validation metrics saved to <built-in function time>/ENZYMES/GIN_0.01/train_metrics.csv
2025-06-24 04:16:53,208 [INFO] Final training curves saved
2025-06-24 04:16:53,208 [INFO] Training completed!
2025-06-24 04:16:53,208 [INFO] Best validation accuracy: 0.4464
2025-06-24 04:16:53,208 [INFO] Best epoch: 26
2025-06-24 04:16:53,208 [INFO] Total epochs trained: 176
2025-06-24 04:16:53,211 [INFO] Starting training with parameters: (0.01, 0.4, 512, 1, 400, 0.001)
