2025-06-20 20:14:47,681 [INFO] Using device: cpu
2025-06-20 20:14:47,681 [INFO] 开始创建数据加载器...
2025-06-20 20:14:47,682 [INFO] Successfully loaded dataset ENZYMES from ./data, total graphs: 600
2025-06-20 20:14:47,682 [INFO] Class allocation analysis:
2025-06-20 20:14:47,682 [INFO]   Source classes: [0, 1, 2, 3]
2025-06-20 20:14:47,682 [INFO]   Target classes: [0, 1, 2, 3, 4, 5]
2025-06-20 20:14:47,682 [INFO]   Overlap classes (to be split): [0, 1, 2, 3]
2025-06-20 20:14:47,682 [INFO]   Target novel classes (unknown): [4, 5]
2025-06-20 20:14:47,696 [INFO]   Class 0: 100 total -> Source: 70, Target: 30
2025-06-20 20:14:47,696 [INFO]   Class 1: 100 total -> Source: 70, Target: 30
2025-06-20 20:14:47,697 [INFO]   Class 2: 100 total -> Source: 70, Target: 30
2025-06-20 20:14:47,697 [INFO]   Class 3: 100 total -> Source: 70, Target: 30
2025-06-20 20:14:47,697 [INFO]   Class 4 (novel/unknown): 100 samples -> Target
2025-06-20 20:14:47,697 [INFO]   Class 5 (novel/unknown): 100 samples -> Target
2025-06-20 20:14:47,697 [INFO] Final allocation:
2025-06-20 20:14:47,697 [INFO]   Source domain: 280 samples
2025-06-20 20:14:47,697 [INFO]   Target domain: 320 samples
2025-06-20 20:14:47,698 [INFO] Source domain setup:
2025-06-20 20:14:47,698 [INFO]   Original classes: [0, 1, 2, 3]
2025-06-20 20:14:47,698 [INFO]   Overlap classes used: [0, 1, 2, 3]
2025-06-20 20:14:47,698 [INFO]   Label mapping: {0: 0, 1: 1, 2: 2, 3: 3}
2025-06-20 20:14:47,698 [INFO]   Total data after allocation: 280
2025-06-20 20:14:47,698 [INFO]   Data split - Train: 224, Val: 56
2025-06-20 20:14:47,698 [INFO]   Train label distribution: {0: 56, 1: 56, 3: 56, 2: 56}
2025-06-20 20:14:47,698 [INFO]   Val label distribution: {1: 14, 2: 14, 0: 14, 3: 14}
2025-06-20 20:14:47,699 [INFO] Successfully loaded dataset ENZYMES from ./data, total graphs: 600
2025-06-20 20:14:47,699 [INFO] Class allocation analysis:
2025-06-20 20:14:47,699 [INFO]   Source classes: [0, 1, 2, 3]
2025-06-20 20:14:47,700 [INFO]   Target classes: [0, 1, 2, 3, 4, 5]
2025-06-20 20:14:47,700 [INFO]   Overlap classes (to be split): [0, 1, 2, 3]
2025-06-20 20:14:47,700 [INFO]   Target novel classes (unknown): [4, 5]
2025-06-20 20:14:47,713 [INFO]   Class 0: 100 total -> Source: 70, Target: 30
2025-06-20 20:14:47,713 [INFO]   Class 1: 100 total -> Source: 70, Target: 30
2025-06-20 20:14:47,714 [INFO]   Class 2: 100 total -> Source: 70, Target: 30
2025-06-20 20:14:47,714 [INFO]   Class 3: 100 total -> Source: 70, Target: 30
2025-06-20 20:14:47,714 [INFO]   Class 4 (novel/unknown): 100 samples -> Target
2025-06-20 20:14:47,714 [INFO]   Class 5 (novel/unknown): 100 samples -> Target
2025-06-20 20:14:47,714 [INFO] Final allocation:
2025-06-20 20:14:47,714 [INFO]   Source domain: 280 samples
2025-06-20 20:14:47,714 [INFO]   Target domain: 320 samples
2025-06-20 20:14:47,716 [INFO] Target domain setup:
2025-06-20 20:14:47,716 [INFO]   Original classes: [0, 1, 2, 3, 4, 5]
2025-06-20 20:14:47,716 [INFO]   Overlap classes: [0, 1, 2, 3]
2025-06-20 20:14:47,716 [INFO]   Novel classes: [4, 5] -> mapped to unknown label 4
2025-06-20 20:14:47,716 [INFO]   Label mapping: {0: 0, 1: 1, 2: 2, 3: 3, 4: 4, 5: 4}
2025-06-20 20:14:47,716 [INFO]   Total data after allocation: 320
2025-06-20 20:14:47,716 [INFO]   Data split - Train: 256, Val: 64
2025-06-20 20:14:47,716 [INFO]   Total count: 320 (known: 120, unknown: 200)
2025-06-20 20:14:47,716 [INFO]   Total label distribution: {4: 200, 3: 30, 0: 30, 1: 30, 2: 30}
2025-06-20 20:14:47,716 [INFO]   Train label distribution: {4: 160, 0: 24, 2: 24, 3: 24, 1: 24}
2025-06-20 20:14:47,716 [INFO]   Val label distribution: {1: 6, 4: 40, 3: 6, 0: 6, 2: 6}
2025-06-20 20:14:47,716 [INFO] 数据加载器创建完成!
2025-06-20 20:14:47,716 [INFO] 源域类别数: 4 (重叠类别)
2025-06-20 20:14:47,716 [INFO] 目标域类别数: 5 (4个重叠类别 + 1个未知类别)
2025-06-20 20:14:47,716 [INFO] 重叠类别: [0, 1, 2, 3]
2025-06-20 20:14:47,716 [INFO] 目标域新类别: [4, 5]
2025-06-20 20:14:47,716 [INFO] Data allocation verification:
2025-06-20 20:14:47,716 [INFO]   Source data samples: 280
2025-06-20 20:14:47,716 [INFO]   Target data samples: 320
2025-06-20 20:14:47,716 [INFO]   Overlapping samples: 0
2025-06-20 20:14:47,716 [INFO]   ✓ Data allocation is correct - no overlapping samples
2025-06-20 20:14:47,717 [INFO] Model initialized with 3684 parameters
2025-06-20 20:14:47,718 [INFO] Previous best validation accuracy read from record.txt: 0.6250
2025-06-20 20:14:47,718 [INFO] Starting training...
2025-06-20 20:14:47,733 [INFO] Epoch 001 | Train Loss: 9.0462 | Val Loss: 1.9573 | Val Acc: 0.2500
2025-06-20 20:14:47,879 [INFO] New best model at epoch 1 (Val Acc: 0.2500)
2025-06-20 20:14:47,893 [INFO] Epoch 002 | Train Loss: 9.3373 | Val Loss: 1.7508 | Val Acc: 0.1964
2025-06-20 20:14:47,907 [INFO] Epoch 003 | Train Loss: 7.5334 | Val Loss: 1.9013 | Val Acc: 0.1964
2025-06-20 20:14:47,924 [INFO] Epoch 004 | Train Loss: 6.6131 | Val Loss: 2.0836 | Val Acc: 0.2679
2025-06-20 20:14:47,926 [INFO] New best model at epoch 4 (Val Acc: 0.2679)
2025-06-20 20:14:47,941 [INFO] Epoch 005 | Train Loss: 6.3423 | Val Loss: 2.2157 | Val Acc: 0.3036
2025-06-20 20:14:47,943 [INFO] New best model at epoch 5 (Val Acc: 0.3036)
2025-06-20 20:14:47,957 [INFO] Epoch 006 | Train Loss: 6.0556 | Val Loss: 2.3592 | Val Acc: 0.3036
2025-06-20 20:14:47,973 [INFO] Epoch 007 | Train Loss: 7.3110 | Val Loss: 2.5158 | Val Acc: 0.3036
2025-06-20 20:14:47,988 [INFO] Epoch 008 | Train Loss: 7.6694 | Val Loss: 2.7062 | Val Acc: 0.3393
2025-06-20 20:14:47,990 [INFO] New best model at epoch 8 (Val Acc: 0.3393)
2025-06-20 20:14:48,005 [INFO] Epoch 009 | Train Loss: 7.3404 | Val Loss: 2.9120 | Val Acc: 0.2857
2025-06-20 20:14:48,020 [INFO] Epoch 010 | Train Loss: 6.2518 | Val Loss: 3.0165 | Val Acc: 0.3036
2025-06-20 20:14:48,191 [INFO] Epoch 011 | Train Loss: 7.4303 | Val Loss: 3.0942 | Val Acc: 0.3214
2025-06-20 20:14:48,208 [INFO] Epoch 012 | Train Loss: 5.8169 | Val Loss: 2.9239 | Val Acc: 0.2857
2025-06-20 20:14:48,225 [INFO] Epoch 013 | Train Loss: 6.6484 | Val Loss: 2.8710 | Val Acc: 0.2321
2025-06-20 20:14:48,239 [INFO] Epoch 014 | Train Loss: 5.3806 | Val Loss: 2.8022 | Val Acc: 0.2500
2025-06-20 20:14:48,256 [INFO] Epoch 015 | Train Loss: 5.5310 | Val Loss: 2.8411 | Val Acc: 0.2321
2025-06-20 20:14:48,271 [INFO] Epoch 016 | Train Loss: 5.3796 | Val Loss: 2.7877 | Val Acc: 0.2500
2025-06-20 20:14:48,287 [INFO] Epoch 017 | Train Loss: 6.1405 | Val Loss: 2.8431 | Val Acc: 0.2857
2025-06-20 20:14:48,303 [INFO] Epoch 018 | Train Loss: 5.3945 | Val Loss: 2.8340 | Val Acc: 0.2679
2025-06-20 20:14:48,320 [INFO] Epoch 019 | Train Loss: 6.5721 | Val Loss: 2.7720 | Val Acc: 0.2857
2025-06-20 20:14:48,337 [INFO] Epoch 020 | Train Loss: 6.3376 | Val Loss: 2.6052 | Val Acc: 0.2857
2025-06-20 20:14:48,522 [INFO] Epoch 021 | Train Loss: 5.7023 | Val Loss: 2.4450 | Val Acc: 0.2857
2025-06-20 20:14:48,538 [INFO] Epoch 022 | Train Loss: 5.4175 | Val Loss: 2.3188 | Val Acc: 0.3393
2025-06-20 20:14:48,555 [INFO] Epoch 023 | Train Loss: 6.0925 | Val Loss: 2.2938 | Val Acc: 0.3571
2025-06-20 20:14:48,557 [INFO] New best model at epoch 23 (Val Acc: 0.3571)
2025-06-20 20:14:48,572 [INFO] Epoch 024 | Train Loss: 4.9384 | Val Loss: 2.3301 | Val Acc: 0.3571
2025-06-20 20:14:48,588 [INFO] Epoch 025 | Train Loss: 5.0519 | Val Loss: 2.3229 | Val Acc: 0.3750
2025-06-20 20:14:48,590 [INFO] New best model at epoch 25 (Val Acc: 0.3750)
2025-06-20 20:14:48,605 [INFO] Epoch 026 | Train Loss: 5.5694 | Val Loss: 2.2276 | Val Acc: 0.3750
2025-06-20 20:14:48,621 [INFO] Epoch 027 | Train Loss: 6.3092 | Val Loss: 2.2839 | Val Acc: 0.3750
2025-06-20 20:14:48,640 [INFO] Epoch 028 | Train Loss: 4.6719 | Val Loss: 2.2545 | Val Acc: 0.3571
2025-06-20 20:14:48,656 [INFO] Epoch 029 | Train Loss: 4.8427 | Val Loss: 2.2448 | Val Acc: 0.3750
2025-06-20 20:14:48,672 [INFO] Epoch 030 | Train Loss: 6.4557 | Val Loss: 2.2004 | Val Acc: 0.3393
2025-06-20 20:14:48,856 [INFO] Epoch 031 | Train Loss: 5.0712 | Val Loss: 2.1269 | Val Acc: 0.3571
2025-06-20 20:14:48,878 [INFO] Epoch 032 | Train Loss: 5.4365 | Val Loss: 2.2157 | Val Acc: 0.3750
2025-06-20 20:14:48,893 [INFO] Epoch 033 | Train Loss: 5.0691 | Val Loss: 2.1486 | Val Acc: 0.3571
2025-06-20 20:14:48,909 [INFO] Epoch 034 | Train Loss: 4.8701 | Val Loss: 2.0689 | Val Acc: 0.3750
2025-06-20 20:14:48,925 [INFO] Epoch 035 | Train Loss: 5.4830 | Val Loss: 2.0440 | Val Acc: 0.3929
2025-06-20 20:14:48,928 [INFO] New best model at epoch 35 (Val Acc: 0.3929)
2025-06-20 20:14:48,943 [INFO] Epoch 036 | Train Loss: 5.5245 | Val Loss: 1.9894 | Val Acc: 0.3750
2025-06-20 20:14:48,962 [INFO] Epoch 037 | Train Loss: 4.4559 | Val Loss: 1.9376 | Val Acc: 0.3750
2025-06-20 20:14:48,982 [INFO] Epoch 038 | Train Loss: 4.4409 | Val Loss: 1.9316 | Val Acc: 0.3750
2025-06-20 20:14:49,000 [INFO] Epoch 039 | Train Loss: 4.5776 | Val Loss: 1.8856 | Val Acc: 0.3750
2025-06-20 20:14:49,018 [INFO] Epoch 040 | Train Loss: 4.8647 | Val Loss: 1.8639 | Val Acc: 0.3750
2025-06-20 20:14:49,200 [INFO] Epoch 041 | Train Loss: 4.0368 | Val Loss: 1.8764 | Val Acc: 0.4107
2025-06-20 20:14:49,202 [INFO] New best model at epoch 41 (Val Acc: 0.4107)
2025-06-20 20:14:49,217 [INFO] Epoch 042 | Train Loss: 4.1494 | Val Loss: 1.8464 | Val Acc: 0.3929
2025-06-20 20:14:49,232 [INFO] Epoch 043 | Train Loss: 5.6611 | Val Loss: 1.7770 | Val Acc: 0.3750
2025-06-20 20:14:49,249 [INFO] Epoch 044 | Train Loss: 4.9804 | Val Loss: 1.7419 | Val Acc: 0.3929
2025-06-20 20:14:49,265 [INFO] Epoch 045 | Train Loss: 3.0139 | Val Loss: 1.7656 | Val Acc: 0.3929
2025-06-20 20:14:49,281 [INFO] Epoch 046 | Train Loss: 4.6201 | Val Loss: 1.7480 | Val Acc: 0.4107
2025-06-20 20:14:49,297 [INFO] Epoch 047 | Train Loss: 4.3201 | Val Loss: 1.7187 | Val Acc: 0.3929
2025-06-20 20:14:49,313 [INFO] Epoch 048 | Train Loss: 5.0370 | Val Loss: 1.7108 | Val Acc: 0.3929
2025-06-20 20:14:49,329 [INFO] Epoch 049 | Train Loss: 4.7428 | Val Loss: 1.6697 | Val Acc: 0.3750
2025-06-20 20:14:49,345 [INFO] Epoch 050 | Train Loss: 3.9846 | Val Loss: 1.6889 | Val Acc: 0.3571
2025-06-20 20:14:49,524 [INFO] Epoch 051 | Train Loss: 3.4494 | Val Loss: 1.6797 | Val Acc: 0.3750
2025-06-20 20:14:49,539 [INFO] Epoch 052 | Train Loss: 4.6707 | Val Loss: 1.6837 | Val Acc: 0.3571
2025-06-20 20:14:49,553 [INFO] Epoch 053 | Train Loss: 4.4472 | Val Loss: 1.6630 | Val Acc: 0.3750
2025-06-20 20:14:49,568 [INFO] Epoch 054 | Train Loss: 4.4108 | Val Loss: 1.6118 | Val Acc: 0.3571
2025-06-20 20:14:49,583 [INFO] Epoch 055 | Train Loss: 3.7397 | Val Loss: 1.6021 | Val Acc: 0.3750
2025-06-20 20:14:49,600 [INFO] Epoch 056 | Train Loss: 4.9244 | Val Loss: 1.5531 | Val Acc: 0.3571
2025-06-20 20:14:49,616 [INFO] Epoch 057 | Train Loss: 3.6319 | Val Loss: 1.5941 | Val Acc: 0.4286
2025-06-20 20:14:49,619 [INFO] New best model at epoch 57 (Val Acc: 0.4286)
2025-06-20 20:14:49,635 [INFO] Epoch 058 | Train Loss: 4.2980 | Val Loss: 1.5632 | Val Acc: 0.4107
2025-06-20 20:14:49,651 [INFO] Epoch 059 | Train Loss: 4.6984 | Val Loss: 1.5241 | Val Acc: 0.3750
2025-06-20 20:14:49,668 [INFO] Epoch 060 | Train Loss: 4.5004 | Val Loss: 1.5675 | Val Acc: 0.3571
2025-06-20 20:14:50,029 [INFO] Epoch 061 | Train Loss: 5.2573 | Val Loss: 1.6660 | Val Acc: 0.3214
2025-06-20 20:14:50,044 [INFO] Epoch 062 | Train Loss: 3.8942 | Val Loss: 1.5422 | Val Acc: 0.3393
2025-06-20 20:14:50,059 [INFO] Epoch 063 | Train Loss: 4.1620 | Val Loss: 1.5288 | Val Acc: 0.4107
2025-06-20 20:14:50,074 [INFO] Epoch 064 | Train Loss: 4.6055 | Val Loss: 1.5297 | Val Acc: 0.3929
2025-06-20 20:14:50,089 [INFO] Epoch 065 | Train Loss: 3.5517 | Val Loss: 1.5432 | Val Acc: 0.3929
2025-06-20 20:14:50,105 [INFO] Epoch 066 | Train Loss: 4.0270 | Val Loss: 1.5565 | Val Acc: 0.3929
2025-06-20 20:14:50,120 [INFO] Epoch 067 | Train Loss: 3.6991 | Val Loss: 1.5521 | Val Acc: 0.3929
2025-06-20 20:14:50,134 [INFO] Epoch 068 | Train Loss: 3.2633 | Val Loss: 1.5392 | Val Acc: 0.3929
2025-06-20 20:14:50,149 [INFO] Epoch 069 | Train Loss: 3.9699 | Val Loss: 1.5458 | Val Acc: 0.3929
2025-06-20 20:14:50,165 [INFO] Epoch 070 | Train Loss: 3.7200 | Val Loss: 1.5218 | Val Acc: 0.3929
2025-06-20 20:14:50,346 [INFO] Epoch 071 | Train Loss: 3.7308 | Val Loss: 1.5257 | Val Acc: 0.3929
2025-06-20 20:14:50,362 [INFO] Epoch 072 | Train Loss: 4.0997 | Val Loss: 1.5315 | Val Acc: 0.3929
2025-06-20 20:14:50,378 [INFO] Epoch 073 | Train Loss: 4.3056 | Val Loss: 1.5207 | Val Acc: 0.3750
2025-06-20 20:14:50,393 [INFO] Epoch 074 | Train Loss: 3.6900 | Val Loss: 1.5075 | Val Acc: 0.3929
2025-06-20 20:14:50,409 [INFO] Epoch 075 | Train Loss: 3.9719 | Val Loss: 1.4832 | Val Acc: 0.4107
2025-06-20 20:14:50,425 [INFO] Epoch 076 | Train Loss: 3.7912 | Val Loss: 1.4625 | Val Acc: 0.4286
2025-06-20 20:14:50,440 [INFO] Epoch 077 | Train Loss: 4.3832 | Val Loss: 1.4702 | Val Acc: 0.3929
2025-06-20 20:14:50,455 [INFO] Epoch 078 | Train Loss: 3.3665 | Val Loss: 1.4723 | Val Acc: 0.4107
2025-06-20 20:14:50,470 [INFO] Epoch 079 | Train Loss: 3.9553 | Val Loss: 1.5136 | Val Acc: 0.3929
2025-06-20 20:14:50,486 [INFO] Epoch 080 | Train Loss: 4.0882 | Val Loss: 1.5369 | Val Acc: 0.3929
2025-06-20 20:14:50,753 [INFO] Epoch 081 | Train Loss: 3.7039 | Val Loss: 1.4916 | Val Acc: 0.3750
2025-06-20 20:14:50,767 [INFO] Epoch 082 | Train Loss: 3.0146 | Val Loss: 1.4798 | Val Acc: 0.3929
2025-06-20 20:14:50,781 [INFO] Epoch 083 | Train Loss: 4.3237 | Val Loss: 1.4793 | Val Acc: 0.3929
2025-06-20 20:14:50,796 [INFO] Epoch 084 | Train Loss: 3.1891 | Val Loss: 1.4263 | Val Acc: 0.3929
2025-06-20 20:14:50,811 [INFO] Epoch 085 | Train Loss: 3.2267 | Val Loss: 1.4218 | Val Acc: 0.4107
2025-06-20 20:14:50,827 [INFO] Epoch 086 | Train Loss: 4.0730 | Val Loss: 1.4241 | Val Acc: 0.4107
2025-06-20 20:14:50,842 [INFO] Epoch 087 | Train Loss: 3.5265 | Val Loss: 1.4239 | Val Acc: 0.3929
2025-06-20 20:14:50,856 [INFO] Epoch 088 | Train Loss: 3.3899 | Val Loss: 1.4271 | Val Acc: 0.4107
2025-06-20 20:14:50,871 [INFO] Epoch 089 | Train Loss: 3.4216 | Val Loss: 1.4777 | Val Acc: 0.3929
2025-06-20 20:14:50,885 [INFO] Epoch 090 | Train Loss: 4.1515 | Val Loss: 1.4492 | Val Acc: 0.3929
2025-06-20 20:14:51,061 [INFO] Epoch 091 | Train Loss: 3.0027 | Val Loss: 1.4559 | Val Acc: 0.4107
2025-06-20 20:14:51,079 [INFO] Epoch 092 | Train Loss: 4.8366 | Val Loss: 1.5165 | Val Acc: 0.4107
2025-06-20 20:14:51,094 [INFO] Epoch 093 | Train Loss: 4.1811 | Val Loss: 1.4301 | Val Acc: 0.3929
2025-06-20 20:14:51,108 [INFO] Epoch 094 | Train Loss: 3.2567 | Val Loss: 1.4249 | Val Acc: 0.3750
2025-06-20 20:14:51,122 [INFO] Epoch 095 | Train Loss: 3.8577 | Val Loss: 1.4752 | Val Acc: 0.3571
2025-06-20 20:14:51,137 [INFO] Epoch 096 | Train Loss: 3.6389 | Val Loss: 1.4325 | Val Acc: 0.3571
2025-06-20 20:14:51,154 [INFO] Epoch 097 | Train Loss: 3.7003 | Val Loss: 1.4384 | Val Acc: 0.3929
2025-06-20 20:14:51,169 [INFO] Epoch 098 | Train Loss: 2.8953 | Val Loss: 1.3972 | Val Acc: 0.4107
2025-06-20 20:14:51,184 [INFO] Epoch 099 | Train Loss: 4.5583 | Val Loss: 1.4709 | Val Acc: 0.3750
2025-06-20 20:14:51,201 [INFO] Epoch 100 | Train Loss: 4.1502 | Val Loss: 1.5640 | Val Acc: 0.3571
2025-06-20 20:14:51,385 [INFO] Epoch 101 | Train Loss: 3.2395 | Val Loss: 1.5888 | Val Acc: 0.3214
2025-06-20 20:14:51,404 [INFO] Epoch 102 | Train Loss: 3.4759 | Val Loss: 1.5275 | Val Acc: 0.3571
2025-06-20 20:14:51,424 [INFO] Epoch 103 | Train Loss: 3.0786 | Val Loss: 1.5035 | Val Acc: 0.3571
2025-06-20 20:14:51,440 [INFO] Epoch 104 | Train Loss: 2.5505 | Val Loss: 1.5105 | Val Acc: 0.3571
2025-06-20 20:14:51,456 [INFO] Epoch 105 | Train Loss: 4.6252 | Val Loss: 1.4906 | Val Acc: 0.3750
2025-06-20 20:14:51,470 [INFO] Epoch 106 | Train Loss: 2.9703 | Val Loss: 1.5117 | Val Acc: 0.3571
2025-06-20 20:14:51,485 [INFO] Epoch 107 | Train Loss: 4.2879 | Val Loss: 1.5535 | Val Acc: 0.3393
2025-06-20 20:14:51,499 [INFO] Epoch 108 | Train Loss: 3.2500 | Val Loss: 1.5215 | Val Acc: 0.3571
2025-06-20 20:14:51,513 [INFO] Epoch 109 | Train Loss: 3.8218 | Val Loss: 1.5445 | Val Acc: 0.3393
2025-06-20 20:14:51,532 [INFO] Epoch 110 | Train Loss: 2.8061 | Val Loss: 1.5353 | Val Acc: 0.3571
2025-06-20 20:14:51,726 [INFO] Epoch 111 | Train Loss: 3.4674 | Val Loss: 1.5353 | Val Acc: 0.3929
2025-06-20 20:14:51,741 [INFO] Epoch 112 | Train Loss: 2.6958 | Val Loss: 1.5455 | Val Acc: 0.3571
2025-06-20 20:14:51,757 [INFO] Epoch 113 | Train Loss: 3.3773 | Val Loss: 1.5857 | Val Acc: 0.3571
2025-06-20 20:14:51,774 [INFO] Epoch 114 | Train Loss: 3.6030 | Val Loss: 1.5843 | Val Acc: 0.3571
2025-06-20 20:14:51,791 [INFO] Epoch 115 | Train Loss: 2.7262 | Val Loss: 1.5748 | Val Acc: 0.3393
2025-06-20 20:14:51,806 [INFO] Epoch 116 | Train Loss: 3.4560 | Val Loss: 1.5842 | Val Acc: 0.3571
2025-06-20 20:14:51,823 [INFO] Epoch 117 | Train Loss: 2.7433 | Val Loss: 1.5898 | Val Acc: 0.3393
2025-06-20 20:14:51,838 [INFO] Epoch 118 | Train Loss: 4.0620 | Val Loss: 1.5604 | Val Acc: 0.3750
2025-06-20 20:14:51,854 [INFO] Epoch 119 | Train Loss: 2.3431 | Val Loss: 1.5191 | Val Acc: 0.3929
2025-06-20 20:14:51,873 [INFO] Epoch 120 | Train Loss: 3.2729 | Val Loss: 1.5101 | Val Acc: 0.3929
2025-06-20 20:14:52,067 [INFO] Epoch 121 | Train Loss: 3.0585 | Val Loss: 1.5453 | Val Acc: 0.3929
2025-06-20 20:14:52,083 [INFO] Epoch 122 | Train Loss: 3.1602 | Val Loss: 1.5357 | Val Acc: 0.3929
2025-06-20 20:14:52,100 [INFO] Epoch 123 | Train Loss: 3.8381 | Val Loss: 1.5182 | Val Acc: 0.3571
2025-06-20 20:14:52,118 [INFO] Epoch 124 | Train Loss: 3.9749 | Val Loss: 1.5277 | Val Acc: 0.3571
2025-06-20 20:14:52,136 [INFO] Epoch 125 | Train Loss: 3.5422 | Val Loss: 1.5369 | Val Acc: 0.3571
2025-06-20 20:14:52,153 [INFO] Epoch 126 | Train Loss: 3.0288 | Val Loss: 1.5031 | Val Acc: 0.3571
2025-06-20 20:14:52,171 [INFO] Epoch 127 | Train Loss: 2.7829 | Val Loss: 1.4837 | Val Acc: 0.3571
2025-06-20 20:14:52,187 [INFO] Epoch 128 | Train Loss: 3.2317 | Val Loss: 1.4945 | Val Acc: 0.3571
2025-06-20 20:14:52,203 [INFO] Epoch 129 | Train Loss: 3.4016 | Val Loss: 1.4673 | Val Acc: 0.3571
2025-06-20 20:14:52,219 [INFO] Epoch 130 | Train Loss: 3.6672 | Val Loss: 1.5072 | Val Acc: 0.3750
2025-06-20 20:14:52,428 [INFO] Epoch 131 | Train Loss: 2.9645 | Val Loss: 1.5191 | Val Acc: 0.3571
2025-06-20 20:14:52,446 [INFO] Epoch 132 | Train Loss: 2.7193 | Val Loss: 1.5345 | Val Acc: 0.3571
2025-06-20 20:14:52,462 [INFO] Epoch 133 | Train Loss: 2.5896 | Val Loss: 1.5624 | Val Acc: 0.3393
2025-06-20 20:14:52,478 [INFO] Epoch 134 | Train Loss: 3.1444 | Val Loss: 1.5507 | Val Acc: 0.3571
2025-06-20 20:14:52,495 [INFO] Epoch 135 | Train Loss: 2.4978 | Val Loss: 1.5704 | Val Acc: 0.3571
2025-06-20 20:14:52,510 [INFO] Epoch 136 | Train Loss: 2.4733 | Val Loss: 1.5210 | Val Acc: 0.3750
2025-06-20 20:14:52,525 [INFO] Epoch 137 | Train Loss: 3.0389 | Val Loss: 1.5317 | Val Acc: 0.3571
2025-06-20 20:14:52,540 [INFO] Epoch 138 | Train Loss: 2.6722 | Val Loss: 1.5260 | Val Acc: 0.3929
2025-06-20 20:14:52,556 [INFO] Epoch 139 | Train Loss: 3.0057 | Val Loss: 1.5420 | Val Acc: 0.3750
2025-06-20 20:14:52,571 [INFO] Epoch 140 | Train Loss: 2.9816 | Val Loss: 1.5516 | Val Acc: 0.3571
2025-06-20 20:14:52,773 [INFO] Epoch 141 | Train Loss: 3.0793 | Val Loss: 1.5754 | Val Acc: 0.3750
2025-06-20 20:14:52,790 [INFO] Epoch 142 | Train Loss: 3.2387 | Val Loss: 1.5543 | Val Acc: 0.3571
2025-06-20 20:14:52,808 [INFO] Epoch 143 | Train Loss: 3.0115 | Val Loss: 1.5369 | Val Acc: 0.3750
2025-06-20 20:14:52,827 [INFO] Epoch 144 | Train Loss: 2.9823 | Val Loss: 1.5636 | Val Acc: 0.3750
2025-06-20 20:14:52,844 [INFO] Epoch 145 | Train Loss: 2.2571 | Val Loss: 1.5306 | Val Acc: 0.3750
2025-06-20 20:14:52,860 [INFO] Epoch 146 | Train Loss: 2.1575 | Val Loss: 1.5028 | Val Acc: 0.3929
2025-06-20 20:14:52,878 [INFO] Epoch 147 | Train Loss: 3.1870 | Val Loss: 1.5164 | Val Acc: 0.3929
2025-06-20 20:14:52,895 [INFO] Epoch 148 | Train Loss: 2.7920 | Val Loss: 1.5207 | Val Acc: 0.3571
2025-06-20 20:14:52,914 [INFO] Epoch 149 | Train Loss: 2.6829 | Val Loss: 1.5565 | Val Acc: 0.3571
2025-06-20 20:14:52,934 [INFO] Epoch 150 | Train Loss: 3.0340 | Val Loss: 1.5235 | Val Acc: 0.3750
2025-06-20 20:14:53,126 [INFO] Epoch 151 | Train Loss: 3.9715 | Val Loss: 1.5326 | Val Acc: 0.3750
2025-06-20 20:14:53,141 [INFO] Epoch 152 | Train Loss: 2.8775 | Val Loss: 1.5498 | Val Acc: 0.3929
2025-06-20 20:14:53,158 [INFO] Epoch 153 | Train Loss: 2.9171 | Val Loss: 1.5344 | Val Acc: 0.4107
2025-06-20 20:14:53,175 [INFO] Epoch 154 | Train Loss: 3.0935 | Val Loss: 1.5480 | Val Acc: 0.4107
2025-06-20 20:14:53,190 [INFO] Epoch 155 | Train Loss: 3.3192 | Val Loss: 1.5323 | Val Acc: 0.3929
2025-06-20 20:14:53,206 [INFO] Epoch 156 | Train Loss: 2.0325 | Val Loss: 1.5229 | Val Acc: 0.4286
2025-06-20 20:14:53,221 [INFO] Epoch 157 | Train Loss: 3.2211 | Val Loss: 1.5240 | Val Acc: 0.4107
2025-06-20 20:14:53,236 [INFO] Epoch 158 | Train Loss: 3.0846 | Val Loss: 1.5666 | Val Acc: 0.3750
2025-06-20 20:14:53,253 [INFO] Epoch 159 | Train Loss: 2.9921 | Val Loss: 1.5488 | Val Acc: 0.3929
2025-06-20 20:14:53,272 [INFO] Epoch 160 | Train Loss: 3.6022 | Val Loss: 1.5728 | Val Acc: 0.3750
2025-06-20 20:14:53,468 [INFO] Epoch 161 | Train Loss: 3.0605 | Val Loss: 1.6134 | Val Acc: 0.3929
2025-06-20 20:14:53,484 [INFO] Epoch 162 | Train Loss: 2.5722 | Val Loss: 1.5998 | Val Acc: 0.3750
2025-06-20 20:14:53,500 [INFO] Epoch 163 | Train Loss: 3.2658 | Val Loss: 1.5774 | Val Acc: 0.3929
2025-06-20 20:14:53,515 [INFO] Epoch 164 | Train Loss: 2.4422 | Val Loss: 1.6299 | Val Acc: 0.3750
2025-06-20 20:14:53,530 [INFO] Epoch 165 | Train Loss: 3.2439 | Val Loss: 1.6384 | Val Acc: 0.3750
2025-06-20 20:14:53,546 [INFO] Epoch 166 | Train Loss: 2.3404 | Val Loss: 1.6165 | Val Acc: 0.3929
2025-06-20 20:14:53,561 [INFO] Epoch 167 | Train Loss: 2.3898 | Val Loss: 1.6144 | Val Acc: 0.3750
2025-06-20 20:14:53,577 [INFO] Epoch 168 | Train Loss: 2.1236 | Val Loss: 1.5727 | Val Acc: 0.3929
2025-06-20 20:14:53,593 [INFO] Epoch 169 | Train Loss: 2.5406 | Val Loss: 1.5675 | Val Acc: 0.3750
2025-06-20 20:14:53,608 [INFO] Epoch 170 | Train Loss: 1.9730 | Val Loss: 1.5414 | Val Acc: 0.3750
2025-06-20 20:14:53,954 [INFO] Epoch 171 | Train Loss: 3.0463 | Val Loss: 1.5513 | Val Acc: 0.3571
2025-06-20 20:14:53,971 [INFO] Epoch 172 | Train Loss: 3.1685 | Val Loss: 1.5610 | Val Acc: 0.3571
2025-06-20 20:14:53,988 [INFO] Epoch 173 | Train Loss: 3.1284 | Val Loss: 1.5459 | Val Acc: 0.3571
2025-06-20 20:14:54,004 [INFO] Epoch 174 | Train Loss: 3.2643 | Val Loss: 1.5845 | Val Acc: 0.3571
2025-06-20 20:14:54,019 [INFO] Epoch 175 | Train Loss: 2.2432 | Val Loss: 1.5452 | Val Acc: 0.3571
2025-06-20 20:14:54,038 [INFO] Epoch 176 | Train Loss: 2.7209 | Val Loss: 1.5859 | Val Acc: 0.3571
2025-06-20 20:14:54,057 [INFO] Epoch 177 | Train Loss: 2.3123 | Val Loss: 1.5772 | Val Acc: 0.3571
2025-06-20 20:14:54,079 [INFO] Epoch 178 | Train Loss: 2.3396 | Val Loss: 1.5720 | Val Acc: 0.3571
2025-06-20 20:14:54,095 [INFO] Epoch 179 | Train Loss: 2.7015 | Val Loss: 1.5600 | Val Acc: 0.3571
2025-06-20 20:14:54,110 [INFO] Epoch 180 | Train Loss: 2.0780 | Val Loss: 1.5274 | Val Acc: 0.3571
2025-06-20 20:14:54,300 [INFO] Epoch 181 | Train Loss: 2.4223 | Val Loss: 1.5421 | Val Acc: 0.3393
2025-06-20 20:14:54,316 [INFO] Epoch 182 | Train Loss: 1.8483 | Val Loss: 1.5072 | Val Acc: 0.3750
2025-06-20 20:14:54,331 [INFO] Epoch 183 | Train Loss: 2.7982 | Val Loss: 1.5651 | Val Acc: 0.3393
2025-06-20 20:14:54,346 [INFO] Epoch 184 | Train Loss: 2.6874 | Val Loss: 1.5489 | Val Acc: 0.3571
2025-06-20 20:14:54,361 [INFO] Epoch 185 | Train Loss: 2.4531 | Val Loss: 1.5232 | Val Acc: 0.4107
2025-06-20 20:14:54,379 [INFO] Epoch 186 | Train Loss: 2.5464 | Val Loss: 1.5452 | Val Acc: 0.3750
2025-06-20 20:14:54,395 [INFO] Epoch 187 | Train Loss: 2.2270 | Val Loss: 1.5365 | Val Acc: 0.3929
2025-06-20 20:14:54,410 [INFO] Epoch 188 | Train Loss: 2.6474 | Val Loss: 1.6097 | Val Acc: 0.3393
2025-06-20 20:14:54,426 [INFO] Epoch 189 | Train Loss: 2.5278 | Val Loss: 1.6038 | Val Acc: 0.3393
2025-06-20 20:14:54,443 [INFO] Epoch 190 | Train Loss: 2.3116 | Val Loss: 1.5994 | Val Acc: 0.3393
2025-06-20 20:14:54,639 [INFO] Epoch 191 | Train Loss: 2.9842 | Val Loss: 1.5971 | Val Acc: 0.3393
2025-06-20 20:14:54,658 [INFO] Epoch 192 | Train Loss: 2.5683 | Val Loss: 1.5701 | Val Acc: 0.3393
2025-06-20 20:14:54,675 [INFO] Epoch 193 | Train Loss: 2.4482 | Val Loss: 1.5971 | Val Acc: 0.3571
2025-06-20 20:14:54,692 [INFO] Epoch 194 | Train Loss: 2.8997 | Val Loss: 1.7063 | Val Acc: 0.3214
2025-06-20 20:14:54,707 [INFO] Epoch 195 | Train Loss: 2.5446 | Val Loss: 1.6669 | Val Acc: 0.3393
2025-06-20 20:14:54,722 [INFO] Epoch 196 | Train Loss: 2.5610 | Val Loss: 1.6435 | Val Acc: 0.3393
2025-06-20 20:14:54,736 [INFO] Epoch 197 | Train Loss: 2.0471 | Val Loss: 1.6145 | Val Acc: 0.3750
2025-06-20 20:14:54,752 [INFO] Epoch 198 | Train Loss: 2.6187 | Val Loss: 1.5828 | Val Acc: 0.3750
2025-06-20 20:14:54,769 [INFO] Epoch 199 | Train Loss: 2.9119 | Val Loss: 1.7174 | Val Acc: 0.3214
2025-06-20 20:14:54,785 [INFO] Epoch 200 | Train Loss: 2.6739 | Val Loss: 1.6974 | Val Acc: 0.3214
2025-06-20 20:14:54,976 [INFO] Epoch 201 | Train Loss: 2.5350 | Val Loss: 1.6697 | Val Acc: 0.3571
2025-06-20 20:14:54,993 [INFO] Epoch 202 | Train Loss: 1.8996 | Val Loss: 1.7058 | Val Acc: 0.3214
2025-06-20 20:14:55,010 [INFO] Epoch 203 | Train Loss: 2.4692 | Val Loss: 1.6221 | Val Acc: 0.3750
2025-06-20 20:14:55,027 [INFO] Epoch 204 | Train Loss: 3.0945 | Val Loss: 1.6572 | Val Acc: 0.3750
2025-06-20 20:14:55,043 [INFO] Epoch 205 | Train Loss: 2.0884 | Val Loss: 1.6016 | Val Acc: 0.3929
2025-06-20 20:14:55,059 [INFO] Epoch 206 | Train Loss: 3.0387 | Val Loss: 1.6210 | Val Acc: 0.3750
2025-06-20 20:14:55,075 [INFO] Epoch 207 | Train Loss: 3.2168 | Val Loss: 1.6416 | Val Acc: 0.3571
2025-06-20 20:14:55,076 [INFO] Early stopping at epoch 207 (no improvement in 150 epochs).
2025-06-20 20:14:55,078 [INFO] Best model saved to <built-in function time>/ENZYMES/best/best_source_gin.pth (Val Acc: 0.4286 at epoch 57)
2025-06-20 20:14:55,078 [INFO] Training/validation metrics saved to <built-in function time>/ENZYMES/GIN_0.0001/train_metrics.csv
2025-06-20 20:14:55,255 [INFO] Final training curves saved
2025-06-20 20:14:55,255 [INFO] Training completed!
2025-06-20 20:14:55,255 [INFO] Best validation accuracy: 0.4286
2025-06-20 20:14:55,255 [INFO] Best epoch: 57
2025-06-20 20:14:55,255 [INFO] Total epochs trained: 207
2025-06-20 20:14:55,256 [INFO] Starting training with parameters: (0.0001, 0.3, 32, 2, 300, 0.0001)
