2025-06-22 08:12:36,959 [INFO] Using device: cpu
2025-06-22 08:12:36,959 [INFO] 开始创建数据加载器...
2025-06-22 08:12:36,961 [INFO] Successfully loaded dataset ENZYMES from ./data, total graphs: 600
2025-06-22 08:12:36,961 [INFO] Class allocation analysis:
2025-06-22 08:12:36,961 [INFO]   Source classes: [0, 1, 2, 3]
2025-06-22 08:12:36,961 [INFO]   Target classes: [0, 1, 2, 3, 4, 5]
2025-06-22 08:12:36,961 [INFO]   Overlap classes (to be split): [0, 1, 2, 3]
2025-06-22 08:12:36,961 [INFO]   Target novel classes (unknown): [4, 5]
2025-06-22 08:12:36,975 [INFO]   Class 0: 100 total -> Source: 70, Target: 30
2025-06-22 08:12:36,975 [INFO]   Class 1: 100 total -> Source: 70, Target: 30
2025-06-22 08:12:36,975 [INFO]   Class 2: 100 total -> Source: 70, Target: 30
2025-06-22 08:12:36,976 [INFO]   Class 3: 100 total -> Source: 70, Target: 30
2025-06-22 08:12:36,976 [INFO]   Class 4 (novel/unknown): 100 samples -> Target
2025-06-22 08:12:36,976 [INFO]   Class 5 (novel/unknown): 100 samples -> Target
2025-06-22 08:12:36,976 [INFO] Final allocation:
2025-06-22 08:12:36,976 [INFO]   Source domain: 280 samples
2025-06-22 08:12:36,976 [INFO]   Target domain: 320 samples
2025-06-22 08:12:36,977 [INFO] Source domain setup:
2025-06-22 08:12:36,977 [INFO]   Original classes: [0, 1, 2, 3]
2025-06-22 08:12:36,977 [INFO]   Overlap classes used: [0, 1, 2, 3]
2025-06-22 08:12:36,977 [INFO]   Label mapping: {0: 0, 1: 1, 2: 2, 3: 3}
2025-06-22 08:12:36,977 [INFO]   Total data after allocation: 280
2025-06-22 08:12:36,977 [INFO]   Data split - Train: 224, Val: 56
2025-06-22 08:12:36,977 [INFO]   Train label distribution: {0: 56, 1: 56, 3: 56, 2: 56}
2025-06-22 08:12:36,977 [INFO]   Val label distribution: {1: 14, 2: 14, 0: 14, 3: 14}
2025-06-22 08:12:36,979 [INFO] Successfully loaded dataset ENZYMES from ./data, total graphs: 600
2025-06-22 08:12:36,979 [INFO] Class allocation analysis:
2025-06-22 08:12:36,979 [INFO]   Source classes: [0, 1, 2, 3]
2025-06-22 08:12:36,979 [INFO]   Target classes: [0, 1, 2, 3, 4, 5]
2025-06-22 08:12:36,979 [INFO]   Overlap classes (to be split): [0, 1, 2, 3]
2025-06-22 08:12:36,979 [INFO]   Target novel classes (unknown): [4, 5]
2025-06-22 08:12:37,081 [INFO]   Class 0: 100 total -> Source: 70, Target: 30
2025-06-22 08:12:37,081 [INFO]   Class 1: 100 total -> Source: 70, Target: 30
2025-06-22 08:12:37,081 [INFO]   Class 2: 100 total -> Source: 70, Target: 30
2025-06-22 08:12:37,081 [INFO]   Class 3: 100 total -> Source: 70, Target: 30
2025-06-22 08:12:37,081 [INFO]   Class 4 (novel/unknown): 100 samples -> Target
2025-06-22 08:12:37,081 [INFO]   Class 5 (novel/unknown): 100 samples -> Target
2025-06-22 08:12:37,081 [INFO] Final allocation:
2025-06-22 08:12:37,081 [INFO]   Source domain: 280 samples
2025-06-22 08:12:37,081 [INFO]   Target domain: 320 samples
2025-06-22 08:12:37,083 [INFO] Target domain setup:
2025-06-22 08:12:37,083 [INFO]   Original classes: [0, 1, 2, 3, 4, 5]
2025-06-22 08:12:37,083 [INFO]   Overlap classes: [0, 1, 2, 3]
2025-06-22 08:12:37,083 [INFO]   Novel classes: [4, 5] -> mapped to unknown label 4
2025-06-22 08:12:37,083 [INFO]   Label mapping: {0: 0, 1: 1, 2: 2, 3: 3, 4: 4, 5: 4}
2025-06-22 08:12:37,083 [INFO]   Total data after allocation: 320
2025-06-22 08:12:37,083 [INFO]   Data split - Train: 256, Val: 64
2025-06-22 08:12:37,083 [INFO]   Total count: 320 (known: 120, unknown: 200)
2025-06-22 08:12:37,083 [INFO]   Total label distribution: {4: 200, 3: 30, 0: 30, 1: 30, 2: 30}
2025-06-22 08:12:37,083 [INFO]   Train label distribution: {4: 160, 0: 24, 2: 24, 3: 24, 1: 24}
2025-06-22 08:12:37,083 [INFO]   Val label distribution: {1: 6, 4: 40, 3: 6, 0: 6, 2: 6}
2025-06-22 08:12:37,084 [INFO] 数据加载器创建完成!
2025-06-22 08:12:37,084 [INFO] 源域类别数: 4 (重叠类别)
2025-06-22 08:12:37,084 [INFO] 目标域类别数: 5 (4个重叠类别 + 1个未知类别)
2025-06-22 08:12:37,084 [INFO] 重叠类别: [0, 1, 2, 3]
2025-06-22 08:12:37,084 [INFO] 目标域新类别: [4, 5]
2025-06-22 08:12:37,084 [INFO] Data allocation verification:
2025-06-22 08:12:37,084 [INFO]   Source data samples: 280
2025-06-22 08:12:37,084 [INFO]   Target data samples: 320
2025-06-22 08:12:37,084 [INFO]   Overlapping samples: 0
2025-06-22 08:12:37,084 [INFO]   ✓ Data allocation is correct - no overlapping samples
2025-06-22 08:12:37,085 [INFO] Model initialized with 268804 parameters
2025-06-22 08:12:37,086 [INFO] Previous best validation accuracy read from record.txt: 0.6250
2025-06-22 08:12:37,086 [INFO] Starting training...
2025-06-22 08:12:37,123 [INFO] Epoch 001 | Train Loss: 11.8632 | Val Loss: 11.6151 | Val Acc: 0.3036
2025-06-22 08:12:37,880 [INFO] New best model at epoch 1 (Val Acc: 0.3036)
2025-06-22 08:12:37,921 [INFO] Epoch 002 | Train Loss: 8.0200 | Val Loss: 3.3121 | Val Acc: 0.3571
2025-06-22 08:12:37,926 [INFO] New best model at epoch 2 (Val Acc: 0.3571)
2025-06-22 08:12:38,019 [INFO] Epoch 003 | Train Loss: 8.4682 | Val Loss: 5.9036 | Val Acc: 0.1964
2025-06-22 08:12:38,057 [INFO] Epoch 004 | Train Loss: 6.8019 | Val Loss: 4.1730 | Val Acc: 0.3750
2025-06-22 08:12:38,062 [INFO] New best model at epoch 4 (Val Acc: 0.3750)
2025-06-22 08:12:38,089 [INFO] Epoch 005 | Train Loss: 5.7187 | Val Loss: 4.5701 | Val Acc: 0.3750
2025-06-22 08:12:38,121 [INFO] Epoch 006 | Train Loss: 5.9205 | Val Loss: 3.8447 | Val Acc: 0.3929
2025-06-22 08:12:38,126 [INFO] New best model at epoch 6 (Val Acc: 0.3929)
2025-06-22 08:12:38,159 [INFO] Epoch 007 | Train Loss: 6.0298 | Val Loss: 5.4913 | Val Acc: 0.2679
2025-06-22 08:12:38,193 [INFO] Epoch 008 | Train Loss: 6.2445 | Val Loss: 3.9180 | Val Acc: 0.3393
2025-06-22 08:12:38,222 [INFO] Epoch 009 | Train Loss: 5.2593 | Val Loss: 3.9458 | Val Acc: 0.3393
2025-06-22 08:12:38,255 [INFO] Epoch 010 | Train Loss: 4.2839 | Val Loss: 3.0091 | Val Acc: 0.3393
2025-06-22 08:12:39,028 [INFO] Epoch 011 | Train Loss: 5.5206 | Val Loss: 3.8453 | Val Acc: 0.4464
2025-06-22 08:12:39,033 [INFO] New best model at epoch 11 (Val Acc: 0.4464)
2025-06-22 08:12:39,069 [INFO] Epoch 012 | Train Loss: 5.2867 | Val Loss: 3.2108 | Val Acc: 0.3214
2025-06-22 08:12:39,101 [INFO] Epoch 013 | Train Loss: 5.9532 | Val Loss: 2.9378 | Val Acc: 0.3571
2025-06-22 08:12:39,131 [INFO] Epoch 014 | Train Loss: 4.7574 | Val Loss: 2.8152 | Val Acc: 0.4107
2025-06-22 08:12:39,161 [INFO] Epoch 015 | Train Loss: 5.7938 | Val Loss: 2.6136 | Val Acc: 0.4464
2025-06-22 08:12:39,192 [INFO] Epoch 016 | Train Loss: 4.8375 | Val Loss: 2.7317 | Val Acc: 0.3929
2025-06-22 08:12:39,226 [INFO] Epoch 017 | Train Loss: 5.1153 | Val Loss: 3.5703 | Val Acc: 0.4286
2025-06-22 08:12:39,259 [INFO] Epoch 018 | Train Loss: 4.7957 | Val Loss: 3.8464 | Val Acc: 0.2500
2025-06-22 08:12:39,291 [INFO] Epoch 019 | Train Loss: 4.5483 | Val Loss: 3.1349 | Val Acc: 0.3929
2025-06-22 08:12:39,319 [INFO] Epoch 020 | Train Loss: 3.9729 | Val Loss: 3.9989 | Val Acc: 0.2321
2025-06-22 08:12:40,048 [INFO] Epoch 021 | Train Loss: 3.7156 | Val Loss: 2.9206 | Val Acc: 0.3750
2025-06-22 08:12:40,082 [INFO] Epoch 022 | Train Loss: 4.1646 | Val Loss: 2.9820 | Val Acc: 0.3571
2025-06-22 08:12:40,117 [INFO] Epoch 023 | Train Loss: 4.3048 | Val Loss: 2.5148 | Val Acc: 0.3929
2025-06-22 08:12:40,143 [INFO] Epoch 024 | Train Loss: 4.5489 | Val Loss: 4.0734 | Val Acc: 0.2857
2025-06-22 08:12:40,172 [INFO] Epoch 025 | Train Loss: 4.4996 | Val Loss: 3.0702 | Val Acc: 0.3750
2025-06-22 08:12:40,196 [INFO] Epoch 026 | Train Loss: 3.9614 | Val Loss: 3.4470 | Val Acc: 0.4107
2025-06-22 08:12:40,222 [INFO] Epoch 027 | Train Loss: 3.3604 | Val Loss: 4.0802 | Val Acc: 0.3036
2025-06-22 08:12:40,248 [INFO] Epoch 028 | Train Loss: 4.1461 | Val Loss: 3.0191 | Val Acc: 0.3036
2025-06-22 08:12:40,271 [INFO] Epoch 029 | Train Loss: 3.8150 | Val Loss: 2.8514 | Val Acc: 0.3393
2025-06-22 08:12:40,296 [INFO] Epoch 030 | Train Loss: 3.4084 | Val Loss: 3.0252 | Val Acc: 0.3750
2025-06-22 08:12:43,150 [INFO] Epoch 031 | Train Loss: 3.3455 | Val Loss: 2.2430 | Val Acc: 0.3571
2025-06-22 08:12:43,190 [INFO] Epoch 032 | Train Loss: 3.5747 | Val Loss: 3.6219 | Val Acc: 0.2679
2025-06-22 08:12:43,220 [INFO] Epoch 033 | Train Loss: 3.2527 | Val Loss: 2.6695 | Val Acc: 0.3036
2025-06-22 08:12:43,248 [INFO] Epoch 034 | Train Loss: 3.2345 | Val Loss: 2.8762 | Val Acc: 0.2857
2025-06-22 08:12:43,273 [INFO] Epoch 035 | Train Loss: 3.2059 | Val Loss: 2.2192 | Val Acc: 0.3750
2025-06-22 08:12:43,302 [INFO] Epoch 036 | Train Loss: 3.0214 | Val Loss: 2.0376 | Val Acc: 0.4107
2025-06-22 08:12:43,329 [INFO] Epoch 037 | Train Loss: 2.8929 | Val Loss: 2.5466 | Val Acc: 0.3214
2025-06-22 08:12:43,356 [INFO] Epoch 038 | Train Loss: 2.6496 | Val Loss: 2.2403 | Val Acc: 0.3393
2025-06-22 08:12:43,381 [INFO] Epoch 039 | Train Loss: 2.6769 | Val Loss: 2.5591 | Val Acc: 0.2500
2025-06-22 08:12:43,407 [INFO] Epoch 040 | Train Loss: 3.0089 | Val Loss: 2.6962 | Val Acc: 0.4107
2025-06-22 08:12:44,137 [INFO] Epoch 041 | Train Loss: 2.4081 | Val Loss: 2.2813 | Val Acc: 0.3571
2025-06-22 08:12:44,182 [INFO] Epoch 042 | Train Loss: 2.4463 | Val Loss: 2.5597 | Val Acc: 0.3571
2025-06-22 08:12:44,225 [INFO] Epoch 043 | Train Loss: 3.0990 | Val Loss: 2.3127 | Val Acc: 0.3750
2025-06-22 08:12:44,251 [INFO] Epoch 044 | Train Loss: 2.6474 | Val Loss: 2.9818 | Val Acc: 0.3571
2025-06-22 08:12:44,278 [INFO] Epoch 045 | Train Loss: 2.7905 | Val Loss: 1.9051 | Val Acc: 0.3929
2025-06-22 08:12:44,304 [INFO] Epoch 046 | Train Loss: 2.3905 | Val Loss: 2.3998 | Val Acc: 0.2500
2025-06-22 08:12:44,330 [INFO] Epoch 047 | Train Loss: 2.5429 | Val Loss: 2.2654 | Val Acc: 0.2143
2025-06-22 08:12:44,356 [INFO] Epoch 048 | Train Loss: 2.7296 | Val Loss: 2.1835 | Val Acc: 0.3214
2025-06-22 08:12:44,382 [INFO] Epoch 049 | Train Loss: 2.5977 | Val Loss: 2.1835 | Val Acc: 0.3214
2025-06-22 08:12:44,407 [INFO] Epoch 050 | Train Loss: 2.6128 | Val Loss: 1.9669 | Val Acc: 0.3393
2025-06-22 08:12:45,116 [INFO] Best model saved to <built-in function time>/ENZYMES/best/best_source_gin.pth (Val Acc: 0.4464 at epoch 11)
2025-06-22 08:12:45,116 [INFO] Training/validation metrics saved to <built-in function time>/ENZYMES/GIN_0.001/train_metrics.csv
2025-06-22 08:12:45,798 [INFO] Final training curves saved
2025-06-22 08:12:45,798 [INFO] Training completed!
2025-06-22 08:12:45,798 [INFO] Best validation accuracy: 0.4464
2025-06-22 08:12:45,798 [INFO] Best epoch: 11
2025-06-22 08:12:45,798 [INFO] Total epochs trained: 50
2025-06-22 08:12:45,798 [INFO] Starting training with parameters: (0.001, 0.4, 512, 1, 100, 0.0)
