2025-06-22 06:21:09,055 [INFO] Using device: cpu
2025-06-22 06:21:09,055 [INFO] 开始创建数据加载器...
2025-06-22 06:21:09,059 [INFO] Successfully loaded dataset ENZYMES from ./data, total graphs: 600
2025-06-22 06:21:09,059 [INFO] Class allocation analysis:
2025-06-22 06:21:09,059 [INFO]   Source classes: [0, 1, 2, 3]
2025-06-22 06:21:09,059 [INFO]   Target classes: [0, 1, 2, 3, 4, 5]
2025-06-22 06:21:09,059 [INFO]   Overlap classes (to be split): [0, 1, 2, 3]
2025-06-22 06:21:09,059 [INFO]   Target novel classes (unknown): [4, 5]
2025-06-22 06:21:09,073 [INFO]   Class 0: 100 total -> Source: 70, Target: 30
2025-06-22 06:21:09,073 [INFO]   Class 1: 100 total -> Source: 70, Target: 30
2025-06-22 06:21:09,073 [INFO]   Class 2: 100 total -> Source: 70, Target: 30
2025-06-22 06:21:09,074 [INFO]   Class 3: 100 total -> Source: 70, Target: 30
2025-06-22 06:21:09,074 [INFO]   Class 4 (novel/unknown): 100 samples -> Target
2025-06-22 06:21:09,074 [INFO]   Class 5 (novel/unknown): 100 samples -> Target
2025-06-22 06:21:09,074 [INFO] Final allocation:
2025-06-22 06:21:09,074 [INFO]   Source domain: 280 samples
2025-06-22 06:21:09,074 [INFO]   Target domain: 320 samples
2025-06-22 06:21:09,075 [INFO] Source domain setup:
2025-06-22 06:21:09,075 [INFO]   Original classes: [0, 1, 2, 3]
2025-06-22 06:21:09,075 [INFO]   Overlap classes used: [0, 1, 2, 3]
2025-06-22 06:21:09,075 [INFO]   Label mapping: {0: 0, 1: 1, 2: 2, 3: 3}
2025-06-22 06:21:09,075 [INFO]   Total data after allocation: 280
2025-06-22 06:21:09,075 [INFO]   Data split - Train: 224, Val: 56
2025-06-22 06:21:09,075 [INFO]   Train label distribution: {0: 56, 1: 56, 3: 56, 2: 56}
2025-06-22 06:21:09,075 [INFO]   Val label distribution: {1: 14, 2: 14, 0: 14, 3: 14}
2025-06-22 06:21:09,076 [INFO] Successfully loaded dataset ENZYMES from ./data, total graphs: 600
2025-06-22 06:21:09,076 [INFO] Class allocation analysis:
2025-06-22 06:21:09,076 [INFO]   Source classes: [0, 1, 2, 3]
2025-06-22 06:21:09,076 [INFO]   Target classes: [0, 1, 2, 3, 4, 5]
2025-06-22 06:21:09,076 [INFO]   Overlap classes (to be split): [0, 1, 2, 3]
2025-06-22 06:21:09,076 [INFO]   Target novel classes (unknown): [4, 5]
2025-06-22 06:21:09,089 [INFO]   Class 0: 100 total -> Source: 70, Target: 30
2025-06-22 06:21:09,089 [INFO]   Class 1: 100 total -> Source: 70, Target: 30
2025-06-22 06:21:09,089 [INFO]   Class 2: 100 total -> Source: 70, Target: 30
2025-06-22 06:21:09,090 [INFO]   Class 3: 100 total -> Source: 70, Target: 30
2025-06-22 06:21:09,090 [INFO]   Class 4 (novel/unknown): 100 samples -> Target
2025-06-22 06:21:09,090 [INFO]   Class 5 (novel/unknown): 100 samples -> Target
2025-06-22 06:21:09,090 [INFO] Final allocation:
2025-06-22 06:21:09,090 [INFO]   Source domain: 280 samples
2025-06-22 06:21:09,090 [INFO]   Target domain: 320 samples
2025-06-22 06:21:09,091 [INFO] Target domain setup:
2025-06-22 06:21:09,091 [INFO]   Original classes: [0, 1, 2, 3, 4, 5]
2025-06-22 06:21:09,091 [INFO]   Overlap classes: [0, 1, 2, 3]
2025-06-22 06:21:09,091 [INFO]   Novel classes: [4, 5] -> mapped to unknown label 4
2025-06-22 06:21:09,091 [INFO]   Label mapping: {0: 0, 1: 1, 2: 2, 3: 3, 4: 4, 5: 4}
2025-06-22 06:21:09,091 [INFO]   Total data after allocation: 320
2025-06-22 06:21:09,091 [INFO]   Data split - Train: 256, Val: 64
2025-06-22 06:21:09,091 [INFO]   Total count: 320 (known: 120, unknown: 200)
2025-06-22 06:21:09,091 [INFO]   Total label distribution: {4: 200, 3: 30, 0: 30, 1: 30, 2: 30}
2025-06-22 06:21:09,091 [INFO]   Train label distribution: {4: 160, 0: 24, 2: 24, 3: 24, 1: 24}
2025-06-22 06:21:09,091 [INFO]   Val label distribution: {1: 6, 4: 40, 3: 6, 0: 6, 2: 6}
2025-06-22 06:21:09,092 [INFO] 数据加载器创建完成!
2025-06-22 06:21:09,092 [INFO] 源域类别数: 4 (重叠类别)
2025-06-22 06:21:09,092 [INFO] 目标域类别数: 5 (4个重叠类别 + 1个未知类别)
2025-06-22 06:21:09,092 [INFO] 重叠类别: [0, 1, 2, 3]
2025-06-22 06:21:09,092 [INFO] 目标域新类别: [4, 5]
2025-06-22 06:21:09,092 [INFO] Data allocation verification:
2025-06-22 06:21:09,092 [INFO]   Source data samples: 280
2025-06-22 06:21:09,092 [INFO]   Target data samples: 320
2025-06-22 06:21:09,092 [INFO]   Overlapping samples: 0
2025-06-22 06:21:09,092 [INFO]   ✓ Data allocation is correct - no overlapping samples
2025-06-22 06:21:09,093 [INFO] Model initialized with 3684 parameters
2025-06-22 06:21:09,094 [INFO] Previous best validation accuracy read from record.txt: 0.6250
2025-06-22 06:21:09,094 [INFO] Starting training...
2025-06-22 06:21:09,110 [INFO] Epoch 001 | Train Loss: 8.4505 | Val Loss: 1.8276 | Val Acc: 0.3393
2025-06-22 06:21:09,763 [INFO] New best model at epoch 1 (Val Acc: 0.3393)
2025-06-22 06:21:09,777 [INFO] Epoch 002 | Train Loss: 6.9927 | Val Loss: 1.6665 | Val Acc: 0.2500
2025-06-22 06:21:09,791 [INFO] Epoch 003 | Train Loss: 5.6881 | Val Loss: 1.7652 | Val Acc: 0.3393
2025-06-22 06:21:09,806 [INFO] Epoch 004 | Train Loss: 5.5917 | Val Loss: 1.8866 | Val Acc: 0.3571
2025-06-22 06:21:09,808 [INFO] New best model at epoch 4 (Val Acc: 0.3571)
2025-06-22 06:21:09,821 [INFO] Epoch 005 | Train Loss: 5.4264 | Val Loss: 1.7789 | Val Acc: 0.3929
2025-06-22 06:21:09,823 [INFO] New best model at epoch 5 (Val Acc: 0.3929)
2025-06-22 06:21:09,835 [INFO] Epoch 006 | Train Loss: 4.9740 | Val Loss: 1.7032 | Val Acc: 0.3929
2025-06-22 06:21:09,855 [INFO] Epoch 007 | Train Loss: 5.3325 | Val Loss: 1.6633 | Val Acc: 0.4107
2025-06-22 06:21:09,857 [INFO] New best model at epoch 7 (Val Acc: 0.4107)
2025-06-22 06:21:09,870 [INFO] Epoch 008 | Train Loss: 5.6401 | Val Loss: 1.5861 | Val Acc: 0.3929
2025-06-22 06:21:09,884 [INFO] Epoch 009 | Train Loss: 5.1871 | Val Loss: 1.5745 | Val Acc: 0.3750
2025-06-22 06:21:09,898 [INFO] Epoch 010 | Train Loss: 4.8118 | Val Loss: 1.7281 | Val Acc: 0.3750
2025-06-22 06:21:10,575 [INFO] Epoch 011 | Train Loss: 5.0044 | Val Loss: 1.7348 | Val Acc: 0.3571
2025-06-22 06:21:10,589 [INFO] Epoch 012 | Train Loss: 3.6143 | Val Loss: 1.6176 | Val Acc: 0.3393
2025-06-22 06:21:10,603 [INFO] Epoch 013 | Train Loss: 4.3859 | Val Loss: 1.6649 | Val Acc: 0.3214
2025-06-22 06:21:10,617 [INFO] Epoch 014 | Train Loss: 3.7807 | Val Loss: 1.7195 | Val Acc: 0.3571
2025-06-22 06:21:10,630 [INFO] Epoch 015 | Train Loss: 3.3798 | Val Loss: 1.7740 | Val Acc: 0.3750
2025-06-22 06:21:10,648 [INFO] Epoch 016 | Train Loss: 4.2335 | Val Loss: 1.8446 | Val Acc: 0.3036
2025-06-22 06:21:10,664 [INFO] Epoch 017 | Train Loss: 3.7189 | Val Loss: 1.8482 | Val Acc: 0.3036
2025-06-22 06:21:10,678 [INFO] Epoch 018 | Train Loss: 2.8621 | Val Loss: 1.7828 | Val Acc: 0.3393
2025-06-22 06:21:10,692 [INFO] Epoch 019 | Train Loss: 3.8096 | Val Loss: 1.7512 | Val Acc: 0.3393
2025-06-22 06:21:10,705 [INFO] Epoch 020 | Train Loss: 3.6383 | Val Loss: 1.6465 | Val Acc: 0.3750
2025-06-22 06:21:11,461 [INFO] Epoch 021 | Train Loss: 3.1590 | Val Loss: 1.5139 | Val Acc: 0.3571
2025-06-22 06:21:11,476 [INFO] Epoch 022 | Train Loss: 3.1748 | Val Loss: 1.4722 | Val Acc: 0.3214
2025-06-22 06:21:11,491 [INFO] Epoch 023 | Train Loss: 3.6380 | Val Loss: 1.3635 | Val Acc: 0.3214
2025-06-22 06:21:11,508 [INFO] Epoch 024 | Train Loss: 2.5076 | Val Loss: 1.3537 | Val Acc: 0.3571
2025-06-22 06:21:11,522 [INFO] Epoch 025 | Train Loss: 3.0723 | Val Loss: 1.3967 | Val Acc: 0.2857
2025-06-22 06:21:11,545 [INFO] Epoch 026 | Train Loss: 3.0561 | Val Loss: 1.4442 | Val Acc: 0.3214
2025-06-22 06:21:11,561 [INFO] Epoch 027 | Train Loss: 3.8400 | Val Loss: 1.5116 | Val Acc: 0.3036
2025-06-22 06:21:11,588 [INFO] Epoch 028 | Train Loss: 2.2137 | Val Loss: 1.5790 | Val Acc: 0.2321
2025-06-22 06:21:11,604 [INFO] Epoch 029 | Train Loss: 2.7111 | Val Loss: 1.5477 | Val Acc: 0.2143
2025-06-22 06:21:11,618 [INFO] Epoch 030 | Train Loss: 3.3591 | Val Loss: 1.6888 | Val Acc: 0.2679
2025-06-22 06:21:14,122 [INFO] Epoch 031 | Train Loss: 2.0617 | Val Loss: 1.4765 | Val Acc: 0.3214
2025-06-22 06:21:14,142 [INFO] Epoch 032 | Train Loss: 2.6222 | Val Loss: 1.4770 | Val Acc: 0.3393
2025-06-22 06:21:14,162 [INFO] Epoch 033 | Train Loss: 2.4336 | Val Loss: 1.4915 | Val Acc: 0.3750
2025-06-22 06:21:14,203 [INFO] Epoch 034 | Train Loss: 1.7771 | Val Loss: 1.5530 | Val Acc: 0.3571
2025-06-22 06:21:14,225 [INFO] Epoch 035 | Train Loss: 2.6235 | Val Loss: 1.5414 | Val Acc: 0.3929
2025-06-22 06:21:14,241 [INFO] Epoch 036 | Train Loss: 2.6641 | Val Loss: 1.5377 | Val Acc: 0.3750
2025-06-22 06:21:14,255 [INFO] Epoch 037 | Train Loss: 2.2299 | Val Loss: 1.4982 | Val Acc: 0.3929
2025-06-22 06:21:14,269 [INFO] Epoch 038 | Train Loss: 2.2878 | Val Loss: 1.4800 | Val Acc: 0.3393
2025-06-22 06:21:14,283 [INFO] Epoch 039 | Train Loss: 2.2326 | Val Loss: 1.4342 | Val Acc: 0.3929
2025-06-22 06:21:14,297 [INFO] Epoch 040 | Train Loss: 2.2828 | Val Loss: 1.3873 | Val Acc: 0.3571
2025-06-22 06:21:15,249 [INFO] Epoch 041 | Train Loss: 1.5909 | Val Loss: 1.4337 | Val Acc: 0.4107
2025-06-22 06:21:15,265 [INFO] Epoch 042 | Train Loss: 1.9878 | Val Loss: 1.4554 | Val Acc: 0.3393
2025-06-22 06:21:15,283 [INFO] Epoch 043 | Train Loss: 2.2766 | Val Loss: 1.6079 | Val Acc: 0.3750
2025-06-22 06:21:15,300 [INFO] Epoch 044 | Train Loss: 2.0093 | Val Loss: 1.7086 | Val Acc: 0.4107
2025-06-22 06:21:15,322 [INFO] Epoch 045 | Train Loss: 1.6845 | Val Loss: 1.5752 | Val Acc: 0.3750
2025-06-22 06:21:15,342 [INFO] Epoch 046 | Train Loss: 2.1941 | Val Loss: 1.5956 | Val Acc: 0.3571
2025-06-22 06:21:15,379 [INFO] Epoch 047 | Train Loss: 2.1236 | Val Loss: 1.6270 | Val Acc: 0.3393
2025-06-22 06:21:15,403 [INFO] Epoch 048 | Train Loss: 2.2040 | Val Loss: 1.5597 | Val Acc: 0.3929
2025-06-22 06:21:15,420 [INFO] Epoch 049 | Train Loss: 2.4740 | Val Loss: 1.5060 | Val Acc: 0.3214
2025-06-22 06:21:15,434 [INFO] Epoch 050 | Train Loss: 2.3605 | Val Loss: 1.3875 | Val Acc: 0.2857
2025-06-22 06:21:16,421 [INFO] Best model saved to <built-in function time>/ENZYMES/best/best_source_gin.pth (Val Acc: 0.4107 at epoch 7)
2025-06-22 06:21:16,422 [INFO] Training/validation metrics saved to <built-in function time>/ENZYMES/GIN_0.001/train_metrics.csv
2025-06-22 06:21:17,122 [INFO] Final training curves saved
2025-06-22 06:21:17,122 [INFO] Training completed!
2025-06-22 06:21:17,122 [INFO] Best validation accuracy: 0.4107
2025-06-22 06:21:17,122 [INFO] Best epoch: 7
2025-06-22 06:21:17,122 [INFO] Total epochs trained: 50
2025-06-22 06:21:17,123 [INFO] Starting training with parameters: (0.001, 0.4, 32, 2, 50, 0.001)
