2025-06-20 17:54:57,871 [INFO] Using device: cpu
2025-06-20 17:54:57,871 [INFO] 开始创建数据加载器...
2025-06-20 17:54:57,873 [INFO] Successfully loaded dataset ENZYMES from ./data, total graphs: 600
2025-06-20 17:54:57,873 [INFO] Class allocation analysis:
2025-06-20 17:54:57,873 [INFO]   Source classes: [0, 1, 2, 3]
2025-06-20 17:54:57,873 [INFO]   Target classes: [0, 1, 2, 3, 4, 5]
2025-06-20 17:54:57,873 [INFO]   Overlap classes (to be split): [0, 1, 2, 3]
2025-06-20 17:54:57,873 [INFO]   Target novel classes (unknown): [4, 5]
2025-06-20 17:54:57,887 [INFO]   Class 0: 100 total -> Source: 70, Target: 30
2025-06-20 17:54:57,887 [INFO]   Class 1: 100 total -> Source: 70, Target: 30
2025-06-20 17:54:57,887 [INFO]   Class 2: 100 total -> Source: 70, Target: 30
2025-06-20 17:54:57,887 [INFO]   Class 3: 100 total -> Source: 70, Target: 30
2025-06-20 17:54:57,888 [INFO]   Class 4 (novel/unknown): 100 samples -> Target
2025-06-20 17:54:57,888 [INFO]   Class 5 (novel/unknown): 100 samples -> Target
2025-06-20 17:54:57,888 [INFO] Final allocation:
2025-06-20 17:54:57,888 [INFO]   Source domain: 280 samples
2025-06-20 17:54:57,888 [INFO]   Target domain: 320 samples
2025-06-20 17:54:57,889 [INFO] Source domain setup:
2025-06-20 17:54:57,889 [INFO]   Original classes: [0, 1, 2, 3]
2025-06-20 17:54:57,889 [INFO]   Overlap classes used: [0, 1, 2, 3]
2025-06-20 17:54:57,889 [INFO]   Label mapping: {0: 0, 1: 1, 2: 2, 3: 3}
2025-06-20 17:54:57,889 [INFO]   Total data after allocation: 280
2025-06-20 17:54:57,889 [INFO]   Data split - Train: 224, Val: 56
2025-06-20 17:54:57,889 [INFO]   Train label distribution: {0: 56, 1: 56, 3: 56, 2: 56}
2025-06-20 17:54:57,889 [INFO]   Val label distribution: {1: 14, 2: 14, 0: 14, 3: 14}
2025-06-20 17:54:57,891 [INFO] Successfully loaded dataset ENZYMES from ./data, total graphs: 600
2025-06-20 17:54:57,891 [INFO] Class allocation analysis:
2025-06-20 17:54:57,891 [INFO]   Source classes: [0, 1, 2, 3]
2025-06-20 17:54:57,891 [INFO]   Target classes: [0, 1, 2, 3, 4, 5]
2025-06-20 17:54:57,891 [INFO]   Overlap classes (to be split): [0, 1, 2, 3]
2025-06-20 17:54:57,891 [INFO]   Target novel classes (unknown): [4, 5]
2025-06-20 17:54:57,904 [INFO]   Class 0: 100 total -> Source: 70, Target: 30
2025-06-20 17:54:57,905 [INFO]   Class 1: 100 total -> Source: 70, Target: 30
2025-06-20 17:54:57,905 [INFO]   Class 2: 100 total -> Source: 70, Target: 30
2025-06-20 17:54:57,905 [INFO]   Class 3: 100 total -> Source: 70, Target: 30
2025-06-20 17:54:57,905 [INFO]   Class 4 (novel/unknown): 100 samples -> Target
2025-06-20 17:54:57,905 [INFO]   Class 5 (novel/unknown): 100 samples -> Target
2025-06-20 17:54:57,905 [INFO] Final allocation:
2025-06-20 17:54:57,905 [INFO]   Source domain: 280 samples
2025-06-20 17:54:57,905 [INFO]   Target domain: 320 samples
2025-06-20 17:54:57,907 [INFO] Target domain setup:
2025-06-20 17:54:57,907 [INFO]   Original classes: [0, 1, 2, 3, 4, 5]
2025-06-20 17:54:57,907 [INFO]   Overlap classes: [0, 1, 2, 3]
2025-06-20 17:54:57,907 [INFO]   Novel classes: [4, 5] -> mapped to unknown label 4
2025-06-20 17:54:57,907 [INFO]   Label mapping: {0: 0, 1: 1, 2: 2, 3: 3, 4: 4, 5: 4}
2025-06-20 17:54:57,907 [INFO]   Total data after allocation: 320
2025-06-20 17:54:57,907 [INFO]   Data split - Train: 256, Val: 64
2025-06-20 17:54:57,907 [INFO]   Total count: 320 (known: 120, unknown: 200)
2025-06-20 17:54:57,907 [INFO]   Total label distribution: {4: 200, 3: 30, 0: 30, 1: 30, 2: 30}
2025-06-20 17:54:57,907 [INFO]   Train label distribution: {4: 160, 0: 24, 2: 24, 3: 24, 1: 24}
2025-06-20 17:54:57,907 [INFO]   Val label distribution: {1: 6, 4: 40, 3: 6, 0: 6, 2: 6}
2025-06-20 17:54:57,907 [INFO] 数据加载器创建完成!
2025-06-20 17:54:57,907 [INFO] 源域类别数: 4 (重叠类别)
2025-06-20 17:54:57,907 [INFO] 目标域类别数: 5 (4个重叠类别 + 1个未知类别)
2025-06-20 17:54:57,907 [INFO] 重叠类别: [0, 1, 2, 3]
2025-06-20 17:54:57,907 [INFO] 目标域新类别: [4, 5]
2025-06-20 17:54:57,908 [INFO] Data allocation verification:
2025-06-20 17:54:57,908 [INFO]   Source data samples: 280
2025-06-20 17:54:57,908 [INFO]   Target data samples: 320
2025-06-20 17:54:57,908 [INFO]   Overlapping samples: 0
2025-06-20 17:54:57,908 [INFO]   ✓ Data allocation is correct - no overlapping samples
2025-06-20 17:54:57,910 [INFO] Model initialized with 118660 parameters
2025-06-20 17:54:57,910 [INFO] Previous best validation accuracy read from record.txt: 0.6071
2025-06-20 17:54:57,910 [INFO] Starting training...
2025-06-20 17:54:57,967 [INFO] Epoch 001 | Train Loss: 11.5810 | Val Loss: 1.7071 | Val Acc: 0.2500
2025-06-20 17:54:58,087 [INFO] New best model at epoch 1 (Val Acc: 0.2500)
2025-06-20 17:54:58,134 [INFO] Epoch 002 | Train Loss: 8.7957 | Val Loss: 1.6469 | Val Acc: 0.2500
2025-06-20 17:54:58,180 [INFO] Epoch 003 | Train Loss: 5.7496 | Val Loss: 1.6614 | Val Acc: 0.2500
2025-06-20 17:54:58,232 [INFO] Epoch 004 | Train Loss: 5.1537 | Val Loss: 1.9113 | Val Acc: 0.2321
2025-06-20 17:54:58,283 [INFO] Epoch 005 | Train Loss: 4.8423 | Val Loss: 2.6485 | Val Acc: 0.3214
2025-06-20 17:54:58,289 [INFO] New best model at epoch 5 (Val Acc: 0.3214)
2025-06-20 17:54:58,340 [INFO] Epoch 006 | Train Loss: 4.6023 | Val Loss: 2.8848 | Val Acc: 0.2500
2025-06-20 17:54:58,387 [INFO] Epoch 007 | Train Loss: 3.1779 | Val Loss: 3.2054 | Val Acc: 0.2321
2025-06-20 17:54:58,430 [INFO] Epoch 008 | Train Loss: 3.5250 | Val Loss: 3.2805 | Val Acc: 0.2321
2025-06-20 17:54:58,477 [INFO] Epoch 009 | Train Loss: 3.6369 | Val Loss: 3.7001 | Val Acc: 0.2857
2025-06-20 17:54:58,530 [INFO] Epoch 010 | Train Loss: 3.6123 | Val Loss: 3.4492 | Val Acc: 0.3571
2025-06-20 17:54:58,697 [INFO] New best model at epoch 10 (Val Acc: 0.3571)
2025-06-20 17:54:58,757 [INFO] Epoch 011 | Train Loss: 3.0892 | Val Loss: 3.6154 | Val Acc: 0.3036
2025-06-20 17:54:58,821 [INFO] Epoch 012 | Train Loss: 2.9922 | Val Loss: 3.3011 | Val Acc: 0.3214
2025-06-20 17:54:58,897 [INFO] Epoch 013 | Train Loss: 2.8859 | Val Loss: 3.4473 | Val Acc: 0.2857
2025-06-20 17:54:58,986 [INFO] Epoch 014 | Train Loss: 2.9891 | Val Loss: 3.3623 | Val Acc: 0.4286
2025-06-20 17:54:58,992 [INFO] New best model at epoch 14 (Val Acc: 0.4286)
2025-06-20 17:54:59,058 [INFO] Epoch 015 | Train Loss: 2.4698 | Val Loss: 3.3337 | Val Acc: 0.4286
2025-06-20 17:54:59,122 [INFO] Epoch 016 | Train Loss: 2.4133 | Val Loss: 3.5266 | Val Acc: 0.3393
2025-06-20 17:54:59,188 [INFO] Epoch 017 | Train Loss: 2.2174 | Val Loss: 3.4254 | Val Acc: 0.3393
2025-06-20 17:54:59,254 [INFO] Epoch 018 | Train Loss: 2.0969 | Val Loss: 3.5217 | Val Acc: 0.2857
2025-06-20 17:54:59,328 [INFO] Epoch 019 | Train Loss: 2.2968 | Val Loss: 3.9443 | Val Acc: 0.2679
2025-06-20 17:54:59,398 [INFO] Epoch 020 | Train Loss: 2.4845 | Val Loss: 3.8848 | Val Acc: 0.2679
2025-06-20 17:54:59,588 [INFO] Epoch 021 | Train Loss: 2.5530 | Val Loss: 3.1949 | Val Acc: 0.3393
2025-06-20 17:54:59,660 [INFO] Epoch 022 | Train Loss: 2.0971 | Val Loss: 3.4915 | Val Acc: 0.3036
2025-06-20 17:54:59,767 [INFO] Epoch 023 | Train Loss: 1.8815 | Val Loss: 3.2993 | Val Acc: 0.2679
2025-06-20 17:54:59,836 [INFO] Epoch 024 | Train Loss: 2.5729 | Val Loss: 3.7880 | Val Acc: 0.2857
2025-06-20 17:54:59,910 [INFO] Epoch 025 | Train Loss: 2.6903 | Val Loss: 3.4940 | Val Acc: 0.3214
2025-06-20 17:54:59,981 [INFO] Epoch 026 | Train Loss: 1.9916 | Val Loss: 2.9288 | Val Acc: 0.3571
2025-06-20 17:55:00,056 [INFO] Epoch 027 | Train Loss: 2.1663 | Val Loss: 2.7458 | Val Acc: 0.3929
2025-06-20 17:55:00,122 [INFO] Epoch 028 | Train Loss: 1.9578 | Val Loss: 2.6224 | Val Acc: 0.3750
2025-06-20 17:55:00,189 [INFO] Epoch 029 | Train Loss: 2.1529 | Val Loss: 2.8179 | Val Acc: 0.3750
2025-06-20 17:55:00,267 [INFO] Epoch 030 | Train Loss: 1.8228 | Val Loss: 2.7682 | Val Acc: 0.3571
2025-06-20 17:55:00,479 [INFO] Epoch 031 | Train Loss: 1.7642 | Val Loss: 2.9064 | Val Acc: 0.4107
2025-06-20 17:55:00,581 [INFO] Epoch 032 | Train Loss: 1.5871 | Val Loss: 3.0833 | Val Acc: 0.4464
2025-06-20 17:55:00,588 [INFO] New best model at epoch 32 (Val Acc: 0.4464)
2025-06-20 17:55:00,703 [INFO] Epoch 033 | Train Loss: 2.1573 | Val Loss: 3.0210 | Val Acc: 0.4286
2025-06-20 17:55:00,809 [INFO] Epoch 034 | Train Loss: 1.4901 | Val Loss: 3.2133 | Val Acc: 0.3929
2025-06-20 17:55:00,890 [INFO] Epoch 035 | Train Loss: 1.4486 | Val Loss: 2.9047 | Val Acc: 0.4107
2025-06-20 17:55:00,958 [INFO] Epoch 036 | Train Loss: 1.6588 | Val Loss: 2.7403 | Val Acc: 0.4107
2025-06-20 17:55:01,028 [INFO] Epoch 037 | Train Loss: 1.8426 | Val Loss: 2.7053 | Val Acc: 0.3929
2025-06-20 17:55:01,102 [INFO] Epoch 038 | Train Loss: 1.5046 | Val Loss: 2.7542 | Val Acc: 0.4107
2025-06-20 17:55:01,167 [INFO] Epoch 039 | Train Loss: 1.3568 | Val Loss: 2.9105 | Val Acc: 0.3750
2025-06-20 17:55:01,259 [INFO] Epoch 040 | Train Loss: 1.5895 | Val Loss: 2.7524 | Val Acc: 0.3036
2025-06-20 17:55:01,465 [INFO] Epoch 041 | Train Loss: 1.4542 | Val Loss: 2.5909 | Val Acc: 0.3393
2025-06-20 17:55:01,558 [INFO] Epoch 042 | Train Loss: 1.7912 | Val Loss: 2.8060 | Val Acc: 0.3571
2025-06-20 17:55:01,638 [INFO] Epoch 043 | Train Loss: 1.9316 | Val Loss: 2.8119 | Val Acc: 0.3571
2025-06-20 17:55:01,711 [INFO] Epoch 044 | Train Loss: 1.2401 | Val Loss: 2.8806 | Val Acc: 0.3393
2025-06-20 17:55:01,773 [INFO] Epoch 045 | Train Loss: 1.6908 | Val Loss: 2.4098 | Val Acc: 0.4464
2025-06-20 17:55:01,829 [INFO] Epoch 046 | Train Loss: 1.5235 | Val Loss: 2.4755 | Val Acc: 0.4107
2025-06-20 17:55:01,884 [INFO] Epoch 047 | Train Loss: 1.6517 | Val Loss: 2.4954 | Val Acc: 0.3750
2025-06-20 17:55:01,941 [INFO] Epoch 048 | Train Loss: 1.6659 | Val Loss: 2.4367 | Val Acc: 0.3929
2025-06-20 17:55:01,998 [INFO] Epoch 049 | Train Loss: 1.5715 | Val Loss: 2.3762 | Val Acc: 0.3750
2025-06-20 17:55:02,052 [INFO] Epoch 050 | Train Loss: 1.2276 | Val Loss: 2.7403 | Val Acc: 0.3929
2025-06-20 17:55:02,230 [INFO] Epoch 051 | Train Loss: 1.3182 | Val Loss: 2.8391 | Val Acc: 0.3750
2025-06-20 17:55:02,282 [INFO] Epoch 052 | Train Loss: 1.8162 | Val Loss: 2.8190 | Val Acc: 0.3571
2025-06-20 17:55:02,346 [INFO] Epoch 053 | Train Loss: 1.7903 | Val Loss: 2.5691 | Val Acc: 0.3750
2025-06-20 17:55:02,394 [INFO] Epoch 054 | Train Loss: 1.6155 | Val Loss: 2.3930 | Val Acc: 0.3929
2025-06-20 17:55:02,445 [INFO] Epoch 055 | Train Loss: 1.5331 | Val Loss: 2.2230 | Val Acc: 0.4643
2025-06-20 17:55:02,452 [INFO] New best model at epoch 55 (Val Acc: 0.4643)
2025-06-20 17:55:02,517 [INFO] Epoch 056 | Train Loss: 1.2228 | Val Loss: 2.0822 | Val Acc: 0.4643
2025-06-20 17:55:02,567 [INFO] Epoch 057 | Train Loss: 1.6110 | Val Loss: 2.1167 | Val Acc: 0.4821
2025-06-20 17:55:02,574 [INFO] New best model at epoch 57 (Val Acc: 0.4821)
2025-06-20 17:55:02,617 [INFO] Epoch 058 | Train Loss: 1.7312 | Val Loss: 2.3135 | Val Acc: 0.4107
2025-06-20 17:55:02,664 [INFO] Epoch 059 | Train Loss: 1.1336 | Val Loss: 2.3254 | Val Acc: 0.4286
2025-06-20 17:55:02,710 [INFO] Epoch 060 | Train Loss: 1.5341 | Val Loss: 2.5505 | Val Acc: 0.4286
2025-06-20 17:55:02,892 [INFO] Epoch 061 | Train Loss: 0.8733 | Val Loss: 2.5276 | Val Acc: 0.4286
2025-06-20 17:55:02,969 [INFO] Epoch 062 | Train Loss: 1.5272 | Val Loss: 2.4607 | Val Acc: 0.4286
2025-06-20 17:55:03,048 [INFO] Epoch 063 | Train Loss: 1.3192 | Val Loss: 2.3580 | Val Acc: 0.3571
2025-06-20 17:55:03,118 [INFO] Epoch 064 | Train Loss: 1.4061 | Val Loss: 2.3869 | Val Acc: 0.3750
2025-06-20 17:55:03,181 [INFO] Epoch 065 | Train Loss: 1.5414 | Val Loss: 2.6318 | Val Acc: 0.3750
2025-06-20 17:55:03,259 [INFO] Epoch 066 | Train Loss: 1.3442 | Val Loss: 2.6536 | Val Acc: 0.3929
2025-06-20 17:55:03,354 [INFO] Epoch 067 | Train Loss: 1.3317 | Val Loss: 2.8200 | Val Acc: 0.3929
2025-06-20 17:55:03,439 [INFO] Epoch 068 | Train Loss: 0.9597 | Val Loss: 2.8647 | Val Acc: 0.3750
2025-06-20 17:55:03,518 [INFO] Epoch 069 | Train Loss: 1.3051 | Val Loss: 2.5004 | Val Acc: 0.4464
2025-06-20 17:55:03,597 [INFO] Epoch 070 | Train Loss: 0.7845 | Val Loss: 2.5000 | Val Acc: 0.4643
2025-06-20 17:55:03,810 [INFO] Epoch 071 | Train Loss: 1.1401 | Val Loss: 2.5530 | Val Acc: 0.3571
2025-06-20 17:55:03,899 [INFO] Epoch 072 | Train Loss: 1.3753 | Val Loss: 2.4428 | Val Acc: 0.4286
2025-06-20 17:55:03,978 [INFO] Epoch 073 | Train Loss: 1.6340 | Val Loss: 2.4344 | Val Acc: 0.5000
2025-06-20 17:55:03,984 [INFO] New best model at epoch 73 (Val Acc: 0.5000)
2025-06-20 17:55:04,046 [INFO] Epoch 074 | Train Loss: 1.1335 | Val Loss: 2.8820 | Val Acc: 0.4464
2025-06-20 17:55:04,121 [INFO] Epoch 075 | Train Loss: 1.0536 | Val Loss: 2.8791 | Val Acc: 0.4286
2025-06-20 17:55:04,192 [INFO] Epoch 076 | Train Loss: 1.0693 | Val Loss: 2.6712 | Val Acc: 0.4464
2025-06-20 17:55:04,258 [INFO] Epoch 077 | Train Loss: 1.5456 | Val Loss: 2.7311 | Val Acc: 0.3929
2025-06-20 17:55:04,327 [INFO] Epoch 078 | Train Loss: 0.8704 | Val Loss: 2.4892 | Val Acc: 0.4286
2025-06-20 17:55:04,394 [INFO] Epoch 079 | Train Loss: 1.1799 | Val Loss: 2.4246 | Val Acc: 0.4286
2025-06-20 17:55:04,462 [INFO] Epoch 080 | Train Loss: 1.0162 | Val Loss: 2.4802 | Val Acc: 0.4286
2025-06-20 17:55:04,718 [INFO] Epoch 081 | Train Loss: 0.9973 | Val Loss: 2.3562 | Val Acc: 0.4643
2025-06-20 17:55:04,783 [INFO] Epoch 082 | Train Loss: 1.2866 | Val Loss: 2.5232 | Val Acc: 0.4821
2025-06-20 17:55:04,865 [INFO] Epoch 083 | Train Loss: 0.8456 | Val Loss: 2.8785 | Val Acc: 0.4464
2025-06-20 17:55:04,975 [INFO] Epoch 084 | Train Loss: 1.3443 | Val Loss: 2.7864 | Val Acc: 0.4286
2025-06-20 17:55:05,038 [INFO] Epoch 085 | Train Loss: 0.8322 | Val Loss: 2.6786 | Val Acc: 0.4286
2025-06-20 17:55:05,110 [INFO] Epoch 086 | Train Loss: 0.7983 | Val Loss: 2.7110 | Val Acc: 0.4643
2025-06-20 17:55:05,161 [INFO] Epoch 087 | Train Loss: 0.9640 | Val Loss: 2.8086 | Val Acc: 0.4464
2025-06-20 17:55:05,208 [INFO] Epoch 088 | Train Loss: 0.8759 | Val Loss: 2.5458 | Val Acc: 0.4821
2025-06-20 17:55:05,256 [INFO] Epoch 089 | Train Loss: 0.7426 | Val Loss: 2.4321 | Val Acc: 0.4821
2025-06-20 17:55:05,324 [INFO] Epoch 090 | Train Loss: 1.1542 | Val Loss: 2.6904 | Val Acc: 0.3929
2025-06-20 17:55:05,554 [INFO] Epoch 091 | Train Loss: 0.8891 | Val Loss: 2.6240 | Val Acc: 0.4107
2025-06-20 17:55:05,624 [INFO] Epoch 092 | Train Loss: 0.8524 | Val Loss: 2.7054 | Val Acc: 0.3929
2025-06-20 17:55:05,698 [INFO] Epoch 093 | Train Loss: 0.8708 | Val Loss: 2.9046 | Val Acc: 0.3929
2025-06-20 17:55:05,764 [INFO] Epoch 094 | Train Loss: 0.6852 | Val Loss: 2.9172 | Val Acc: 0.4464
2025-06-20 17:55:05,831 [INFO] Epoch 095 | Train Loss: 0.8105 | Val Loss: 2.9033 | Val Acc: 0.4643
2025-06-20 17:55:05,898 [INFO] Epoch 096 | Train Loss: 0.7923 | Val Loss: 2.9836 | Val Acc: 0.4821
2025-06-20 17:55:05,973 [INFO] Epoch 097 | Train Loss: 1.0075 | Val Loss: 2.9017 | Val Acc: 0.4286
2025-06-20 17:55:06,056 [INFO] Epoch 098 | Train Loss: 0.9755 | Val Loss: 2.7270 | Val Acc: 0.4464
2025-06-20 17:55:06,126 [INFO] Epoch 099 | Train Loss: 0.6608 | Val Loss: 2.6929 | Val Acc: 0.4643
2025-06-20 17:55:06,189 [INFO] Epoch 100 | Train Loss: 1.2511 | Val Loss: 2.7067 | Val Acc: 0.4286
2025-06-20 17:55:06,374 [INFO] Epoch 101 | Train Loss: 0.8135 | Val Loss: 2.8271 | Val Acc: 0.4643
2025-06-20 17:55:06,422 [INFO] Epoch 102 | Train Loss: 0.9740 | Val Loss: 2.9104 | Val Acc: 0.4464
2025-06-20 17:55:06,492 [INFO] Epoch 103 | Train Loss: 0.9332 | Val Loss: 2.8326 | Val Acc: 0.4821
2025-06-20 17:55:06,543 [INFO] Epoch 104 | Train Loss: 0.9172 | Val Loss: 2.9443 | Val Acc: 0.4821
2025-06-20 17:55:06,595 [INFO] Epoch 105 | Train Loss: 1.0376 | Val Loss: 3.0341 | Val Acc: 0.4286
2025-06-20 17:55:06,648 [INFO] Epoch 106 | Train Loss: 0.9962 | Val Loss: 2.9383 | Val Acc: 0.4286
2025-06-20 17:55:06,698 [INFO] Epoch 107 | Train Loss: 1.0459 | Val Loss: 2.9994 | Val Acc: 0.4107
2025-06-20 17:55:06,751 [INFO] Epoch 108 | Train Loss: 0.6389 | Val Loss: 2.9005 | Val Acc: 0.4107
2025-06-20 17:55:06,820 [INFO] Epoch 109 | Train Loss: 0.8800 | Val Loss: 3.0494 | Val Acc: 0.3929
2025-06-20 17:55:06,868 [INFO] Epoch 110 | Train Loss: 0.7835 | Val Loss: 3.0885 | Val Acc: 0.3929
2025-06-20 17:55:07,056 [INFO] Epoch 111 | Train Loss: 0.9203 | Val Loss: 3.0440 | Val Acc: 0.3929
2025-06-20 17:55:07,104 [INFO] Epoch 112 | Train Loss: 0.7008 | Val Loss: 3.0652 | Val Acc: 0.4643
2025-06-20 17:55:07,150 [INFO] Epoch 113 | Train Loss: 1.1041 | Val Loss: 2.8673 | Val Acc: 0.5000
2025-06-20 17:55:07,197 [INFO] Epoch 114 | Train Loss: 0.6458 | Val Loss: 2.8215 | Val Acc: 0.5000
2025-06-20 17:55:07,247 [INFO] Epoch 115 | Train Loss: 0.5227 | Val Loss: 2.7585 | Val Acc: 0.5000
2025-06-20 17:55:07,305 [INFO] Epoch 116 | Train Loss: 0.8026 | Val Loss: 2.7559 | Val Acc: 0.4464
2025-06-20 17:55:07,350 [INFO] Epoch 117 | Train Loss: 0.6427 | Val Loss: 2.8608 | Val Acc: 0.4286
2025-06-20 17:55:07,401 [INFO] Epoch 118 | Train Loss: 0.6924 | Val Loss: 2.8237 | Val Acc: 0.4286
2025-06-20 17:55:07,451 [INFO] Epoch 119 | Train Loss: 0.9392 | Val Loss: 2.7348 | Val Acc: 0.4643
2025-06-20 17:55:07,504 [INFO] Epoch 120 | Train Loss: 1.0213 | Val Loss: 2.6795 | Val Acc: 0.4286
2025-06-20 17:55:07,725 [INFO] Epoch 121 | Train Loss: 0.9860 | Val Loss: 2.9585 | Val Acc: 0.4643
2025-06-20 17:55:07,770 [INFO] Epoch 122 | Train Loss: 0.6513 | Val Loss: 2.9862 | Val Acc: 0.4464
2025-06-20 17:55:07,826 [INFO] Epoch 123 | Train Loss: 0.7110 | Val Loss: 3.0226 | Val Acc: 0.4286
2025-06-20 17:55:07,872 [INFO] Epoch 124 | Train Loss: 0.8470 | Val Loss: 2.9059 | Val Acc: 0.4107
2025-06-20 17:55:07,931 [INFO] Epoch 125 | Train Loss: 0.5618 | Val Loss: 2.8099 | Val Acc: 0.4821
2025-06-20 17:55:07,981 [INFO] Epoch 126 | Train Loss: 0.9145 | Val Loss: 2.6862 | Val Acc: 0.4821
2025-06-20 17:55:08,028 [INFO] Epoch 127 | Train Loss: 0.7180 | Val Loss: 2.6341 | Val Acc: 0.5000
2025-06-20 17:55:08,076 [INFO] Epoch 128 | Train Loss: 0.7605 | Val Loss: 2.6130 | Val Acc: 0.4643
2025-06-20 17:55:08,127 [INFO] Epoch 129 | Train Loss: 0.8060 | Val Loss: 2.4695 | Val Acc: 0.5000
2025-06-20 17:55:08,184 [INFO] Epoch 130 | Train Loss: 0.6486 | Val Loss: 2.5403 | Val Acc: 0.4643
2025-06-20 17:55:08,392 [INFO] Epoch 131 | Train Loss: 0.7768 | Val Loss: 2.2644 | Val Acc: 0.5357
2025-06-20 17:55:08,398 [INFO] New best model at epoch 131 (Val Acc: 0.5357)
2025-06-20 17:55:08,449 [INFO] Epoch 132 | Train Loss: 0.8145 | Val Loss: 2.2945 | Val Acc: 0.5179
2025-06-20 17:55:08,517 [INFO] Epoch 133 | Train Loss: 0.7405 | Val Loss: 2.4526 | Val Acc: 0.5179
2025-06-20 17:55:08,573 [INFO] Epoch 134 | Train Loss: 0.7409 | Val Loss: 2.7177 | Val Acc: 0.4643
2025-06-20 17:55:08,636 [INFO] Epoch 135 | Train Loss: 0.6340 | Val Loss: 2.8931 | Val Acc: 0.4286
2025-06-20 17:55:08,683 [INFO] Epoch 136 | Train Loss: 0.6847 | Val Loss: 2.9026 | Val Acc: 0.4107
2025-06-20 17:55:08,729 [INFO] Epoch 137 | Train Loss: 1.0599 | Val Loss: 2.8113 | Val Acc: 0.4643
2025-06-20 17:55:08,776 [INFO] Epoch 138 | Train Loss: 0.8592 | Val Loss: 2.8752 | Val Acc: 0.4643
2025-06-20 17:55:08,820 [INFO] Epoch 139 | Train Loss: 0.6839 | Val Loss: 2.8905 | Val Acc: 0.5179
2025-06-20 17:55:08,865 [INFO] Epoch 140 | Train Loss: 0.7327 | Val Loss: 2.7946 | Val Acc: 0.5357
2025-06-20 17:55:09,042 [INFO] Epoch 141 | Train Loss: 0.6449 | Val Loss: 2.8076 | Val Acc: 0.5000
2025-06-20 17:55:09,098 [INFO] Epoch 142 | Train Loss: 0.8219 | Val Loss: 2.8804 | Val Acc: 0.4821
2025-06-20 17:55:09,145 [INFO] Epoch 143 | Train Loss: 0.6614 | Val Loss: 2.8603 | Val Acc: 0.5000
2025-06-20 17:55:09,196 [INFO] Epoch 144 | Train Loss: 0.7917 | Val Loss: 2.8781 | Val Acc: 0.5357
2025-06-20 17:55:09,246 [INFO] Epoch 145 | Train Loss: 0.6760 | Val Loss: 2.8623 | Val Acc: 0.5000
2025-06-20 17:55:09,293 [INFO] Epoch 146 | Train Loss: 0.6984 | Val Loss: 2.8921 | Val Acc: 0.4464
2025-06-20 17:55:09,343 [INFO] Epoch 147 | Train Loss: 0.5338 | Val Loss: 2.8177 | Val Acc: 0.4821
2025-06-20 17:55:09,409 [INFO] Epoch 148 | Train Loss: 0.6494 | Val Loss: 2.9776 | Val Acc: 0.5000
2025-06-20 17:55:09,454 [INFO] Epoch 149 | Train Loss: 1.2308 | Val Loss: 3.0305 | Val Acc: 0.4821
2025-06-20 17:55:09,503 [INFO] Epoch 150 | Train Loss: 0.5988 | Val Loss: 3.2022 | Val Acc: 0.5000
2025-06-20 17:55:09,640 [INFO] Best model saved to <built-in function time>/ENZYMES/best/best_source_gin.pth (Val Acc: 0.5357 at epoch 131)
2025-06-20 17:55:09,641 [INFO] Training/validation metrics saved to <built-in function time>/ENZYMES/GIN_0.0001/train_metrics.csv
2025-06-20 17:55:09,763 [INFO] Final training curves saved
2025-06-20 17:55:09,763 [INFO] Training completed!
2025-06-20 17:55:09,763 [INFO] Best validation accuracy: 0.5357
2025-06-20 17:55:09,763 [INFO] Best epoch: 131
2025-06-20 17:55:09,763 [INFO] Total epochs trained: 150
2025-06-20 17:55:09,764 [INFO] Starting training with parameters: (0.0001, 0.1, 128, 4, 150, 0.001)
