2025-06-23 12:29:13,498 [INFO] Using device: cpu
2025-06-23 12:29:13,498 [INFO] 开始创建数据加载器...
2025-06-23 12:29:13,502 [INFO] Successfully loaded dataset ENZYMES from ./data, total graphs: 600
2025-06-23 12:29:13,502 [INFO] Class allocation analysis:
2025-06-23 12:29:13,502 [INFO]   Source classes: [0, 1, 2, 3]
2025-06-23 12:29:13,502 [INFO]   Target classes: [0, 1, 2, 3, 4, 5]
2025-06-23 12:29:13,502 [INFO]   Overlap classes (to be split): [0, 1, 2, 3]
2025-06-23 12:29:13,502 [INFO]   Target novel classes (unknown): [4, 5]
2025-06-23 12:29:13,517 [INFO]   Class 0: 100 total -> Source: 70, Target: 30
2025-06-23 12:29:13,517 [INFO]   Class 1: 100 total -> Source: 70, Target: 30
2025-06-23 12:29:13,517 [INFO]   Class 2: 100 total -> Source: 70, Target: 30
2025-06-23 12:29:13,517 [INFO]   Class 3: 100 total -> Source: 70, Target: 30
2025-06-23 12:29:13,517 [INFO]   Class 4 (novel/unknown): 100 samples -> Target
2025-06-23 12:29:13,517 [INFO]   Class 5 (novel/unknown): 100 samples -> Target
2025-06-23 12:29:13,517 [INFO] Final allocation:
2025-06-23 12:29:13,517 [INFO]   Source domain: 280 samples
2025-06-23 12:29:13,517 [INFO]   Target domain: 320 samples
2025-06-23 12:29:13,519 [INFO] Source domain setup:
2025-06-23 12:29:13,519 [INFO]   Original classes: [0, 1, 2, 3]
2025-06-23 12:29:13,519 [INFO]   Overlap classes used: [0, 1, 2, 3]
2025-06-23 12:29:13,519 [INFO]   Label mapping: {0: 0, 1: 1, 2: 2, 3: 3}
2025-06-23 12:29:13,519 [INFO]   Total data after allocation: 280
2025-06-23 12:29:13,519 [INFO]   Data split - Train: 224, Val: 56
2025-06-23 12:29:13,519 [INFO]   Train label distribution: {0: 56, 1: 56, 3: 56, 2: 56}
2025-06-23 12:29:13,519 [INFO]   Val label distribution: {1: 14, 2: 14, 0: 14, 3: 14}
2025-06-23 12:29:13,522 [INFO] Successfully loaded dataset ENZYMES from ./data, total graphs: 600
2025-06-23 12:29:13,522 [INFO] Class allocation analysis:
2025-06-23 12:29:13,522 [INFO]   Source classes: [0, 1, 2, 3]
2025-06-23 12:29:13,522 [INFO]   Target classes: [0, 1, 2, 3, 4, 5]
2025-06-23 12:29:13,522 [INFO]   Overlap classes (to be split): [0, 1, 2, 3]
2025-06-23 12:29:13,522 [INFO]   Target novel classes (unknown): [4, 5]
2025-06-23 12:29:13,536 [INFO]   Class 0: 100 total -> Source: 70, Target: 30
2025-06-23 12:29:13,537 [INFO]   Class 1: 100 total -> Source: 70, Target: 30
2025-06-23 12:29:13,537 [INFO]   Class 2: 100 total -> Source: 70, Target: 30
2025-06-23 12:29:13,537 [INFO]   Class 3: 100 total -> Source: 70, Target: 30
2025-06-23 12:29:13,537 [INFO]   Class 4 (novel/unknown): 100 samples -> Target
2025-06-23 12:29:13,537 [INFO]   Class 5 (novel/unknown): 100 samples -> Target
2025-06-23 12:29:13,537 [INFO] Final allocation:
2025-06-23 12:29:13,537 [INFO]   Source domain: 280 samples
2025-06-23 12:29:13,537 [INFO]   Target domain: 320 samples
2025-06-23 12:29:13,539 [INFO] Target domain setup:
2025-06-23 12:29:13,539 [INFO]   Original classes: [0, 1, 2, 3, 4, 5]
2025-06-23 12:29:13,539 [INFO]   Overlap classes: [0, 1, 2, 3]
2025-06-23 12:29:13,539 [INFO]   Novel classes: [4, 5] -> mapped to unknown label 4
2025-06-23 12:29:13,539 [INFO]   Label mapping: {0: 0, 1: 1, 2: 2, 3: 3, 4: 4, 5: 4}
2025-06-23 12:29:13,539 [INFO]   Total data after allocation: 320
2025-06-23 12:29:13,539 [INFO]   Data split - Train: 256, Val: 64
2025-06-23 12:29:13,539 [INFO]   Total count: 320 (known: 120, unknown: 200)
2025-06-23 12:29:13,539 [INFO]   Total label distribution: {4: 200, 3: 30, 0: 30, 1: 30, 2: 30}
2025-06-23 12:29:13,539 [INFO]   Train label distribution: {4: 160, 0: 24, 2: 24, 3: 24, 1: 24}
2025-06-23 12:29:13,539 [INFO]   Val label distribution: {1: 6, 4: 40, 3: 6, 0: 6, 2: 6}
2025-06-23 12:29:13,539 [INFO] 数据加载器创建完成!
2025-06-23 12:29:13,539 [INFO] 源域类别数: 4 (重叠类别)
2025-06-23 12:29:13,539 [INFO] 目标域类别数: 5 (4个重叠类别 + 1个未知类别)
2025-06-23 12:29:13,539 [INFO] 重叠类别: [0, 1, 2, 3]
2025-06-23 12:29:13,539 [INFO] 目标域新类别: [4, 5]
2025-06-23 12:29:13,539 [INFO] Data allocation verification:
2025-06-23 12:29:13,540 [INFO]   Source data samples: 280
2025-06-23 12:29:13,540 [INFO]   Target data samples: 320
2025-06-23 12:29:13,540 [INFO]   Overlapping samples: 0
2025-06-23 12:29:13,540 [INFO]   ✓ Data allocation is correct - no overlapping samples
2025-06-23 12:29:13,543 [INFO] Model initialized with 599300 parameters
2025-06-23 12:29:13,544 [INFO] Previous best validation accuracy read from record.txt: 0.6429
2025-06-23 12:29:13,544 [INFO] Starting training...
2025-06-23 12:29:13,690 [INFO] Epoch 001 | Train Loss: 15.4937 | Val Loss: 10155.6304 | Val Acc: 0.2500
2025-06-23 12:29:14,762 [INFO] New best model at epoch 1 (Val Acc: 0.2500)
2025-06-23 12:29:14,871 [INFO] Epoch 002 | Train Loss: 5.9985 | Val Loss: 2187.4796 | Val Acc: 0.2500
2025-06-23 12:29:14,950 [INFO] Epoch 003 | Train Loss: 6.0357 | Val Loss: 633.4142 | Val Acc: 0.2679
2025-06-23 12:29:14,963 [INFO] New best model at epoch 3 (Val Acc: 0.2679)
2025-06-23 12:29:15,032 [INFO] Epoch 004 | Train Loss: 4.5075 | Val Loss: 123.1697 | Val Acc: 0.3750
2025-06-23 12:29:15,046 [INFO] New best model at epoch 4 (Val Acc: 0.3750)
2025-06-23 12:29:15,115 [INFO] Epoch 005 | Train Loss: 3.3252 | Val Loss: 23.4198 | Val Acc: 0.3750
2025-06-23 12:29:15,194 [INFO] Epoch 006 | Train Loss: 12.9905 | Val Loss: 8.7465 | Val Acc: 0.2679
2025-06-23 12:29:15,271 [INFO] Epoch 007 | Train Loss: 5.0877 | Val Loss: 7.1353 | Val Acc: 0.3214
2025-06-23 12:29:15,364 [INFO] Epoch 008 | Train Loss: 4.1716 | Val Loss: 5.5747 | Val Acc: 0.3571
2025-06-23 12:29:15,441 [INFO] Epoch 009 | Train Loss: 3.7630 | Val Loss: 2.5083 | Val Acc: 0.2500
2025-06-23 12:29:15,519 [INFO] Epoch 010 | Train Loss: 2.5549 | Val Loss: 2.5499 | Val Acc: 0.2679
2025-06-23 12:29:16,681 [INFO] Epoch 011 | Train Loss: 3.1608 | Val Loss: 2.5457 | Val Acc: 0.3036
2025-06-23 12:29:16,765 [INFO] Epoch 012 | Train Loss: 5.4019 | Val Loss: 1.9252 | Val Acc: 0.3036
2025-06-23 12:29:16,844 [INFO] Epoch 013 | Train Loss: 4.7090 | Val Loss: 2.0243 | Val Acc: 0.2500
2025-06-23 12:29:16,921 [INFO] Epoch 014 | Train Loss: 2.5694 | Val Loss: 7.2720 | Val Acc: 0.3929
2025-06-23 12:29:16,935 [INFO] New best model at epoch 14 (Val Acc: 0.3929)
2025-06-23 12:29:17,003 [INFO] Epoch 015 | Train Loss: 8.4551 | Val Loss: 20.5125 | Val Acc: 0.3929
2025-06-23 12:29:17,083 [INFO] Epoch 016 | Train Loss: 3.9584 | Val Loss: 5.0325 | Val Acc: 0.3750
2025-06-23 12:29:17,168 [INFO] Epoch 017 | Train Loss: 2.9390 | Val Loss: 10.6558 | Val Acc: 0.3929
2025-06-23 12:29:17,249 [INFO] Epoch 018 | Train Loss: 2.6929 | Val Loss: 6.3104 | Val Acc: 0.3393
2025-06-23 12:29:17,325 [INFO] Epoch 019 | Train Loss: 3.1563 | Val Loss: 2.4888 | Val Acc: 0.3214
2025-06-23 12:29:17,402 [INFO] Epoch 020 | Train Loss: 2.4825 | Val Loss: 2.0126 | Val Acc: 0.3214
2025-06-23 12:29:18,613 [INFO] Epoch 021 | Train Loss: 2.4609 | Val Loss: 2.7092 | Val Acc: 0.3393
2025-06-23 12:29:18,686 [INFO] Epoch 022 | Train Loss: 1.2876 | Val Loss: 5.6549 | Val Acc: 0.3214
2025-06-23 12:29:18,761 [INFO] Epoch 023 | Train Loss: 4.8806 | Val Loss: 5.5461 | Val Acc: 0.2679
2025-06-23 12:29:18,835 [INFO] Epoch 024 | Train Loss: 3.7692 | Val Loss: 2.1024 | Val Acc: 0.3036
2025-06-23 12:29:18,912 [INFO] Epoch 025 | Train Loss: 2.4258 | Val Loss: 1.8756 | Val Acc: 0.2857
2025-06-23 12:29:18,990 [INFO] Epoch 026 | Train Loss: 1.6642 | Val Loss: 1.8955 | Val Acc: 0.2857
2025-06-23 12:29:19,084 [INFO] Epoch 027 | Train Loss: 1.9207 | Val Loss: 1.5952 | Val Acc: 0.3393
2025-06-23 12:29:19,160 [INFO] Epoch 028 | Train Loss: 1.9723 | Val Loss: 1.6152 | Val Acc: 0.3571
2025-06-23 12:29:19,236 [INFO] Epoch 029 | Train Loss: 4.6959 | Val Loss: 1.7381 | Val Acc: 0.3214
2025-06-23 12:29:19,312 [INFO] Epoch 030 | Train Loss: 4.2915 | Val Loss: 1.8841 | Val Acc: 0.3929
2025-06-23 12:29:22,632 [INFO] Epoch 031 | Train Loss: 3.1505 | Val Loss: 1.6486 | Val Acc: 0.3214
2025-06-23 12:29:22,743 [INFO] Epoch 032 | Train Loss: 1.8514 | Val Loss: 1.4967 | Val Acc: 0.3929
2025-06-23 12:29:22,846 [INFO] Epoch 033 | Train Loss: 4.1065 | Val Loss: 1.4876 | Val Acc: 0.3393
2025-06-23 12:29:22,927 [INFO] Epoch 034 | Train Loss: 5.3251 | Val Loss: 1.7523 | Val Acc: 0.3036
2025-06-23 12:29:23,008 [INFO] Epoch 035 | Train Loss: 7.1602 | Val Loss: 1.3732 | Val Acc: 0.4107
2025-06-23 12:29:23,023 [INFO] New best model at epoch 35 (Val Acc: 0.4107)
2025-06-23 12:29:23,140 [INFO] Epoch 036 | Train Loss: 1.9863 | Val Loss: 3.0833 | Val Acc: 0.3750
2025-06-23 12:29:23,262 [INFO] Epoch 037 | Train Loss: 2.6659 | Val Loss: 1.3444 | Val Acc: 0.3929
2025-06-23 12:29:23,373 [INFO] Epoch 038 | Train Loss: 1.7018 | Val Loss: 1.2444 | Val Acc: 0.4107
2025-06-23 12:29:23,499 [INFO] Epoch 039 | Train Loss: 4.0803 | Val Loss: 1.2722 | Val Acc: 0.4643
2025-06-23 12:29:23,513 [INFO] New best model at epoch 39 (Val Acc: 0.4643)
2025-06-23 12:29:23,589 [INFO] Epoch 040 | Train Loss: 4.3220 | Val Loss: 1.3578 | Val Acc: 0.3929
2025-06-23 12:29:24,747 [INFO] Epoch 041 | Train Loss: 1.2340 | Val Loss: 1.3362 | Val Acc: 0.3571
2025-06-23 12:29:24,826 [INFO] Epoch 042 | Train Loss: 2.8108 | Val Loss: 2.3262 | Val Acc: 0.3929
2025-06-23 12:29:24,904 [INFO] Epoch 043 | Train Loss: 2.1695 | Val Loss: 1.3551 | Val Acc: 0.4643
2025-06-23 12:29:25,002 [INFO] Epoch 044 | Train Loss: 2.9250 | Val Loss: 1.2753 | Val Acc: 0.4107
2025-06-23 12:29:25,084 [INFO] Epoch 045 | Train Loss: 2.2210 | Val Loss: 1.3683 | Val Acc: 0.3393
2025-06-23 12:29:25,166 [INFO] Epoch 046 | Train Loss: 2.1289 | Val Loss: 1.3327 | Val Acc: 0.3750
2025-06-23 12:29:25,257 [INFO] Epoch 047 | Train Loss: 1.7046 | Val Loss: 1.2576 | Val Acc: 0.5000
2025-06-23 12:29:25,270 [INFO] New best model at epoch 47 (Val Acc: 0.5000)
2025-06-23 12:29:25,340 [INFO] Epoch 048 | Train Loss: 3.1958 | Val Loss: 1.9371 | Val Acc: 0.3571
2025-06-23 12:29:25,419 [INFO] Epoch 049 | Train Loss: 3.8180 | Val Loss: 1.2503 | Val Acc: 0.4464
2025-06-23 12:29:25,498 [INFO] Epoch 050 | Train Loss: 4.2173 | Val Loss: 1.2749 | Val Acc: 0.4107
2025-06-23 12:29:26,827 [INFO] Epoch 051 | Train Loss: 2.1788 | Val Loss: 1.4093 | Val Acc: 0.3571
2025-06-23 12:29:26,948 [INFO] Epoch 052 | Train Loss: 1.1982 | Val Loss: 1.4179 | Val Acc: 0.2500
2025-06-23 12:29:27,065 [INFO] Epoch 053 | Train Loss: 2.4817 | Val Loss: 1.4063 | Val Acc: 0.2500
2025-06-23 12:29:27,186 [INFO] Epoch 054 | Train Loss: 2.0956 | Val Loss: 1.2804 | Val Acc: 0.4464
2025-06-23 12:29:27,330 [INFO] Epoch 055 | Train Loss: 2.2798 | Val Loss: 1.4061 | Val Acc: 0.3750
2025-06-23 12:29:27,451 [INFO] Epoch 056 | Train Loss: 2.1420 | Val Loss: 3.1726 | Val Acc: 0.2500
2025-06-23 12:29:27,574 [INFO] Epoch 057 | Train Loss: 1.2202 | Val Loss: 2.4685 | Val Acc: 0.2500
2025-06-23 12:29:27,697 [INFO] Epoch 058 | Train Loss: 1.3891 | Val Loss: 1.4818 | Val Acc: 0.3036
2025-06-23 12:29:27,818 [INFO] Epoch 059 | Train Loss: 1.6866 | Val Loss: 1.4146 | Val Acc: 0.2679
2025-06-23 12:29:27,932 [INFO] Epoch 060 | Train Loss: 1.5445 | Val Loss: 1.3870 | Val Acc: 0.3214
2025-06-23 12:29:29,176 [INFO] Epoch 061 | Train Loss: 1.4092 | Val Loss: 1.3486 | Val Acc: 0.4643
2025-06-23 12:29:29,290 [INFO] Epoch 062 | Train Loss: 2.0455 | Val Loss: 1.4983 | Val Acc: 0.4107
2025-06-23 12:29:29,397 [INFO] Epoch 063 | Train Loss: 2.1505 | Val Loss: 1.4542 | Val Acc: 0.3750
2025-06-23 12:29:29,516 [INFO] Epoch 064 | Train Loss: 2.2144 | Val Loss: 4.3654 | Val Acc: 0.4286
2025-06-23 12:29:29,629 [INFO] Epoch 065 | Train Loss: 1.3780 | Val Loss: 1.4733 | Val Acc: 0.4464
2025-06-23 12:29:29,740 [INFO] Epoch 066 | Train Loss: 1.1914 | Val Loss: 1.4326 | Val Acc: 0.3929
2025-06-23 12:29:29,857 [INFO] Epoch 067 | Train Loss: 2.7169 | Val Loss: 2.3330 | Val Acc: 0.3571
2025-06-23 12:29:29,971 [INFO] Epoch 068 | Train Loss: 2.2767 | Val Loss: 1.7988 | Val Acc: 0.4107
2025-06-23 12:29:30,083 [INFO] Epoch 069 | Train Loss: 1.1672 | Val Loss: 1.8206 | Val Acc: 0.4107
2025-06-23 12:29:30,187 [INFO] Epoch 070 | Train Loss: 1.3120 | Val Loss: 1.3193 | Val Acc: 0.3929
2025-06-23 12:29:31,431 [INFO] Epoch 071 | Train Loss: 1.2910 | Val Loss: 1.3165 | Val Acc: 0.4107
2025-06-23 12:29:31,507 [INFO] Epoch 072 | Train Loss: 1.3687 | Val Loss: 1.3307 | Val Acc: 0.4286
2025-06-23 12:29:31,588 [INFO] Epoch 073 | Train Loss: 1.6104 | Val Loss: 1.3573 | Val Acc: 0.4643
2025-06-23 12:29:31,770 [INFO] Epoch 074 | Train Loss: 1.2845 | Val Loss: 1.6570 | Val Acc: 0.3750
2025-06-23 12:29:31,849 [INFO] Epoch 075 | Train Loss: 1.6649 | Val Loss: 1.6263 | Val Acc: 0.3750
2025-06-23 12:29:31,938 [INFO] Epoch 076 | Train Loss: 2.0266 | Val Loss: 2.9797 | Val Acc: 0.2679
2025-06-23 12:29:32,016 [INFO] Epoch 077 | Train Loss: 1.2743 | Val Loss: 1.7471 | Val Acc: 0.2679
2025-06-23 12:29:32,094 [INFO] Epoch 078 | Train Loss: 2.0618 | Val Loss: 13.1924 | Val Acc: 0.3214
2025-06-23 12:29:32,169 [INFO] Epoch 079 | Train Loss: 2.1914 | Val Loss: 2.6155 | Val Acc: 0.3571
2025-06-23 12:29:32,246 [INFO] Epoch 080 | Train Loss: 1.5938 | Val Loss: 1.7994 | Val Acc: 0.3036
2025-06-23 12:29:34,138 [INFO] Epoch 081 | Train Loss: 1.7081 | Val Loss: 1.5982 | Val Acc: 0.3214
2025-06-23 12:29:34,259 [INFO] Epoch 082 | Train Loss: 1.7502 | Val Loss: 1.5911 | Val Acc: 0.3750
2025-06-23 12:29:34,372 [INFO] Epoch 083 | Train Loss: 1.4930 | Val Loss: 1.6149 | Val Acc: 0.3750
2025-06-23 12:29:34,494 [INFO] Epoch 084 | Train Loss: 1.3739 | Val Loss: 1.9043 | Val Acc: 0.3393
2025-06-23 12:29:34,638 [INFO] Epoch 085 | Train Loss: 1.1697 | Val Loss: 1.5532 | Val Acc: 0.4107
2025-06-23 12:29:34,749 [INFO] Epoch 086 | Train Loss: 1.4856 | Val Loss: 1.6892 | Val Acc: 0.3393
2025-06-23 12:29:34,862 [INFO] Epoch 087 | Train Loss: 1.1446 | Val Loss: 1.2900 | Val Acc: 0.5536
2025-06-23 12:29:34,876 [INFO] New best model at epoch 87 (Val Acc: 0.5536)
2025-06-23 12:29:34,986 [INFO] Epoch 088 | Train Loss: 1.5702 | Val Loss: 1.3329 | Val Acc: 0.4821
2025-06-23 12:29:35,090 [INFO] Epoch 089 | Train Loss: 1.0634 | Val Loss: 1.4190 | Val Acc: 0.3214
2025-06-23 12:29:35,199 [INFO] Epoch 090 | Train Loss: 1.1389 | Val Loss: 1.4032 | Val Acc: 0.5000
2025-06-23 12:29:36,698 [INFO] Epoch 091 | Train Loss: 0.9995 | Val Loss: 1.4391 | Val Acc: 0.4464
2025-06-23 12:29:36,773 [INFO] Epoch 092 | Train Loss: 1.5492 | Val Loss: 1.5150 | Val Acc: 0.4286
2025-06-23 12:29:36,850 [INFO] Epoch 093 | Train Loss: 1.2534 | Val Loss: 1.3274 | Val Acc: 0.3929
2025-06-23 12:29:36,925 [INFO] Epoch 094 | Train Loss: 1.2293 | Val Loss: 1.3413 | Val Acc: 0.4107
2025-06-23 12:29:37,009 [INFO] Epoch 095 | Train Loss: 1.0464 | Val Loss: 1.5045 | Val Acc: 0.4107
2025-06-23 12:29:37,088 [INFO] Epoch 096 | Train Loss: 0.9748 | Val Loss: 2.1492 | Val Acc: 0.4286
2025-06-23 12:29:37,185 [INFO] Epoch 097 | Train Loss: 1.2802 | Val Loss: 1.5538 | Val Acc: 0.4107
2025-06-23 12:29:37,262 [INFO] Epoch 098 | Train Loss: 1.8002 | Val Loss: 1.9449 | Val Acc: 0.4286
2025-06-23 12:29:37,338 [INFO] Epoch 099 | Train Loss: 1.1167 | Val Loss: 1.7866 | Val Acc: 0.3571
2025-06-23 12:29:37,414 [INFO] Epoch 100 | Train Loss: 1.0559 | Val Loss: 1.5135 | Val Acc: 0.3750
2025-06-23 12:29:39,453 [INFO] Epoch 101 | Train Loss: 1.0661 | Val Loss: 2.3371 | Val Acc: 0.3214
2025-06-23 12:29:39,531 [INFO] Epoch 102 | Train Loss: 1.2513 | Val Loss: 2.2419 | Val Acc: 0.3929
2025-06-23 12:29:39,622 [INFO] Epoch 103 | Train Loss: 1.8464 | Val Loss: 1.5118 | Val Acc: 0.3571
2025-06-23 12:29:39,727 [INFO] Epoch 104 | Train Loss: 1.4601 | Val Loss: 1.4439 | Val Acc: 0.4286
2025-06-23 12:29:39,807 [INFO] Epoch 105 | Train Loss: 1.6065 | Val Loss: 7.7942 | Val Acc: 0.3750
2025-06-23 12:29:39,887 [INFO] Epoch 106 | Train Loss: 1.4795 | Val Loss: 1.8952 | Val Acc: 0.2500
2025-06-23 12:29:39,986 [INFO] Epoch 107 | Train Loss: 1.2453 | Val Loss: 2.3610 | Val Acc: 0.4643
2025-06-23 12:29:40,064 [INFO] Epoch 108 | Train Loss: 1.2994 | Val Loss: 1.8738 | Val Acc: 0.4286
2025-06-23 12:29:40,146 [INFO] Epoch 109 | Train Loss: 1.4719 | Val Loss: 2.0344 | Val Acc: 0.3750
2025-06-23 12:29:40,228 [INFO] Epoch 110 | Train Loss: 1.1898 | Val Loss: 2.8276 | Val Acc: 0.3393
2025-06-23 12:29:41,693 [INFO] Epoch 111 | Train Loss: 1.3938 | Val Loss: 2.3420 | Val Acc: 0.3036
2025-06-23 12:29:41,771 [INFO] Epoch 112 | Train Loss: 1.2844 | Val Loss: 1.8331 | Val Acc: 0.3214
2025-06-23 12:29:41,848 [INFO] Epoch 113 | Train Loss: 1.2238 | Val Loss: 1.6613 | Val Acc: 0.4107
2025-06-23 12:29:41,924 [INFO] Epoch 114 | Train Loss: 1.4117 | Val Loss: 1.5436 | Val Acc: 0.3214
2025-06-23 12:29:42,002 [INFO] Epoch 115 | Train Loss: 1.1561 | Val Loss: 1.5249 | Val Acc: 0.3393
2025-06-23 12:29:42,096 [INFO] Epoch 116 | Train Loss: 1.1960 | Val Loss: 1.4983 | Val Acc: 0.3393
2025-06-23 12:29:42,189 [INFO] Epoch 117 | Train Loss: 1.3384 | Val Loss: 1.7933 | Val Acc: 0.3214
2025-06-23 12:29:42,266 [INFO] Epoch 118 | Train Loss: 1.0934 | Val Loss: 1.5875 | Val Acc: 0.2857
2025-06-23 12:29:42,345 [INFO] Epoch 119 | Train Loss: 0.9930 | Val Loss: 1.5115 | Val Acc: 0.3929
2025-06-23 12:29:42,420 [INFO] Epoch 120 | Train Loss: 0.9563 | Val Loss: 1.5213 | Val Acc: 0.4821
2025-06-23 12:29:43,635 [INFO] Epoch 121 | Train Loss: 0.9863 | Val Loss: 1.4533 | Val Acc: 0.4107
2025-06-23 12:29:43,711 [INFO] Epoch 122 | Train Loss: 1.0213 | Val Loss: 1.4576 | Val Acc: 0.4643
2025-06-23 12:29:43,786 [INFO] Epoch 123 | Train Loss: 1.1498 | Val Loss: 1.4902 | Val Acc: 0.4107
2025-06-23 12:29:43,861 [INFO] Epoch 124 | Train Loss: 1.0120 | Val Loss: 1.5893 | Val Acc: 0.4464
2025-06-23 12:29:43,940 [INFO] Epoch 125 | Train Loss: 1.0394 | Val Loss: 1.5666 | Val Acc: 0.4107
2025-06-23 12:29:44,018 [INFO] Epoch 126 | Train Loss: 1.0164 | Val Loss: 1.4611 | Val Acc: 0.4286
2025-06-23 12:29:44,109 [INFO] Epoch 127 | Train Loss: 0.9675 | Val Loss: 1.5932 | Val Acc: 0.5000
2025-06-23 12:29:44,186 [INFO] Epoch 128 | Train Loss: 0.9250 | Val Loss: 1.8221 | Val Acc: 0.4464
2025-06-23 12:29:44,264 [INFO] Epoch 129 | Train Loss: 0.8967 | Val Loss: 1.5703 | Val Acc: 0.4464
2025-06-23 12:29:44,338 [INFO] Epoch 130 | Train Loss: 0.8755 | Val Loss: 1.5520 | Val Acc: 0.3750
2025-06-23 12:29:48,525 [INFO] Epoch 131 | Train Loss: 0.8982 | Val Loss: 1.6646 | Val Acc: 0.3929
2025-06-23 12:29:48,640 [INFO] Epoch 132 | Train Loss: 0.8878 | Val Loss: 1.7942 | Val Acc: 0.4286
2025-06-23 12:29:48,768 [INFO] Epoch 133 | Train Loss: 1.0166 | Val Loss: 1.5778 | Val Acc: 0.4464
2025-06-23 12:29:48,912 [INFO] Epoch 134 | Train Loss: 0.8574 | Val Loss: 1.6276 | Val Acc: 0.3214
2025-06-23 12:29:49,112 [INFO] Epoch 135 | Train Loss: 0.8113 | Val Loss: 1.5275 | Val Acc: 0.4286
2025-06-23 12:29:49,294 [INFO] Epoch 136 | Train Loss: 0.8987 | Val Loss: 1.7050 | Val Acc: 0.4464
2025-06-23 12:29:49,441 [INFO] Epoch 137 | Train Loss: 0.8563 | Val Loss: 1.7434 | Val Acc: 0.3393
2025-06-23 12:29:49,553 [INFO] Epoch 138 | Train Loss: 0.9904 | Val Loss: 1.7452 | Val Acc: 0.4464
2025-06-23 12:29:49,665 [INFO] Epoch 139 | Train Loss: 0.9302 | Val Loss: 1.8112 | Val Acc: 0.4286
2025-06-23 12:29:49,777 [INFO] Epoch 140 | Train Loss: 0.9121 | Val Loss: 1.8568 | Val Acc: 0.4643
2025-06-23 12:29:51,083 [INFO] Epoch 141 | Train Loss: 0.8732 | Val Loss: 1.6984 | Val Acc: 0.4643
2025-06-23 12:29:51,203 [INFO] Epoch 142 | Train Loss: 0.8373 | Val Loss: 1.7244 | Val Acc: 0.4286
2025-06-23 12:29:51,318 [INFO] Epoch 143 | Train Loss: 0.8450 | Val Loss: 1.7279 | Val Acc: 0.4821
2025-06-23 12:29:51,429 [INFO] Epoch 144 | Train Loss: 0.8923 | Val Loss: 2.2693 | Val Acc: 0.4643
2025-06-23 12:29:51,523 [INFO] Epoch 145 | Train Loss: 0.7990 | Val Loss: 1.7406 | Val Acc: 0.4821
2025-06-23 12:29:51,603 [INFO] Epoch 146 | Train Loss: 0.9833 | Val Loss: 1.5182 | Val Acc: 0.3750
2025-06-23 12:29:51,685 [INFO] Epoch 147 | Train Loss: 0.9038 | Val Loss: 1.8337 | Val Acc: 0.4107
2025-06-23 12:29:51,767 [INFO] Epoch 148 | Train Loss: 0.8971 | Val Loss: 1.5627 | Val Acc: 0.5000
2025-06-23 12:29:51,849 [INFO] Epoch 149 | Train Loss: 0.8837 | Val Loss: 1.5239 | Val Acc: 0.3929
2025-06-23 12:29:51,930 [INFO] Epoch 150 | Train Loss: 0.7884 | Val Loss: 1.6899 | Val Acc: 0.4107
2025-06-23 12:29:53,313 [INFO] Epoch 151 | Train Loss: 0.8682 | Val Loss: 1.6578 | Val Acc: 0.4107
2025-06-23 12:29:53,392 [INFO] Epoch 152 | Train Loss: 0.8663 | Val Loss: 1.6609 | Val Acc: 0.4286
2025-06-23 12:29:53,474 [INFO] Epoch 153 | Train Loss: 0.8371 | Val Loss: 1.6723 | Val Acc: 0.4464
2025-06-23 12:29:53,565 [INFO] Epoch 154 | Train Loss: 0.8561 | Val Loss: 1.6173 | Val Acc: 0.4821
2025-06-23 12:29:53,700 [INFO] Epoch 155 | Train Loss: 0.7705 | Val Loss: 1.7222 | Val Acc: 0.4286
2025-06-23 12:29:53,827 [INFO] Epoch 156 | Train Loss: 0.7430 | Val Loss: 1.9277 | Val Acc: 0.4464
2025-06-23 12:29:53,958 [INFO] Epoch 157 | Train Loss: 0.7300 | Val Loss: 1.5777 | Val Acc: 0.5000
2025-06-23 12:29:54,090 [INFO] Epoch 158 | Train Loss: 0.8920 | Val Loss: 1.3844 | Val Acc: 0.4821
2025-06-23 12:29:54,205 [INFO] Epoch 159 | Train Loss: 0.7251 | Val Loss: 1.5027 | Val Acc: 0.4464
2025-06-23 12:29:54,320 [INFO] Epoch 160 | Train Loss: 0.8092 | Val Loss: 1.6369 | Val Acc: 0.4286
2025-06-23 12:29:55,583 [INFO] Epoch 161 | Train Loss: 0.7689 | Val Loss: 1.8564 | Val Acc: 0.4286
2025-06-23 12:29:55,664 [INFO] Epoch 162 | Train Loss: 0.7567 | Val Loss: 1.7456 | Val Acc: 0.5000
2025-06-23 12:29:55,743 [INFO] Epoch 163 | Train Loss: 0.7331 | Val Loss: 2.2163 | Val Acc: 0.3929
2025-06-23 12:29:55,819 [INFO] Epoch 164 | Train Loss: 0.8302 | Val Loss: 2.3899 | Val Acc: 0.4286
2025-06-23 12:29:55,898 [INFO] Epoch 165 | Train Loss: 0.8188 | Val Loss: 2.0441 | Val Acc: 0.4286
2025-06-23 12:29:55,979 [INFO] Epoch 166 | Train Loss: 0.6876 | Val Loss: 1.7714 | Val Acc: 0.5357
2025-06-23 12:29:56,082 [INFO] Epoch 167 | Train Loss: 0.6681 | Val Loss: 1.8523 | Val Acc: 0.4107
2025-06-23 12:29:56,167 [INFO] Epoch 168 | Train Loss: 0.7686 | Val Loss: 1.7699 | Val Acc: 0.5179
2025-06-23 12:29:56,249 [INFO] Epoch 169 | Train Loss: 0.5539 | Val Loss: 2.0083 | Val Acc: 0.5000
2025-06-23 12:29:56,338 [INFO] Epoch 170 | Train Loss: 0.8037 | Val Loss: 2.0281 | Val Acc: 0.5000
2025-06-23 12:29:57,724 [INFO] Epoch 171 | Train Loss: 0.9433 | Val Loss: 2.2982 | Val Acc: 0.4464
2025-06-23 12:29:57,800 [INFO] Epoch 172 | Train Loss: 0.8614 | Val Loss: 2.1941 | Val Acc: 0.4643
2025-06-23 12:29:57,877 [INFO] Epoch 173 | Train Loss: 0.7981 | Val Loss: 1.5302 | Val Acc: 0.5000
2025-06-23 12:29:57,956 [INFO] Epoch 174 | Train Loss: 0.8440 | Val Loss: 1.8899 | Val Acc: 0.4286
2025-06-23 12:29:58,140 [INFO] Epoch 175 | Train Loss: 0.8063 | Val Loss: 1.5824 | Val Acc: 0.4821
2025-06-23 12:29:58,241 [INFO] Epoch 176 | Train Loss: 0.7043 | Val Loss: 1.7715 | Val Acc: 0.3571
2025-06-23 12:29:58,320 [INFO] Epoch 177 | Train Loss: 0.7529 | Val Loss: 1.5889 | Val Acc: 0.4464
2025-06-23 12:29:58,403 [INFO] Epoch 178 | Train Loss: 0.7876 | Val Loss: 1.5664 | Val Acc: 0.5179
2025-06-23 12:29:58,489 [INFO] Epoch 179 | Train Loss: 0.8383 | Val Loss: 1.6382 | Val Acc: 0.5000
2025-06-23 12:29:58,630 [INFO] Epoch 180 | Train Loss: 0.8435 | Val Loss: 2.0387 | Val Acc: 0.4464
2025-06-23 12:29:59,920 [INFO] Epoch 181 | Train Loss: 0.8056 | Val Loss: 1.7474 | Val Acc: 0.4821
2025-06-23 12:30:00,006 [INFO] Epoch 182 | Train Loss: 0.6932 | Val Loss: 1.5428 | Val Acc: 0.4464
2025-06-23 12:30:00,085 [INFO] Epoch 183 | Train Loss: 0.7479 | Val Loss: 2.0038 | Val Acc: 0.4464
2025-06-23 12:30:00,164 [INFO] Epoch 184 | Train Loss: 0.7636 | Val Loss: 2.0616 | Val Acc: 0.4464
2025-06-23 12:30:00,243 [INFO] Epoch 185 | Train Loss: 0.6014 | Val Loss: 2.0366 | Val Acc: 0.3750
2025-06-23 12:30:00,322 [INFO] Epoch 186 | Train Loss: 0.6806 | Val Loss: 2.0859 | Val Acc: 0.4107
2025-06-23 12:30:00,422 [INFO] Epoch 187 | Train Loss: 0.6803 | Val Loss: 1.9267 | Val Acc: 0.4643
2025-06-23 12:30:00,502 [INFO] Epoch 188 | Train Loss: 0.6848 | Val Loss: 2.4870 | Val Acc: 0.3750
2025-06-23 12:30:00,586 [INFO] Epoch 189 | Train Loss: 0.6461 | Val Loss: 2.5112 | Val Acc: 0.4107
2025-06-23 12:30:00,678 [INFO] Epoch 190 | Train Loss: 0.7471 | Val Loss: 2.6837 | Val Acc: 0.4464
2025-06-23 12:30:02,208 [INFO] Epoch 191 | Train Loss: 0.7266 | Val Loss: 2.1843 | Val Acc: 0.4643
2025-06-23 12:30:02,366 [INFO] Epoch 192 | Train Loss: 0.6858 | Val Loss: 2.0276 | Val Acc: 0.4643
2025-06-23 12:30:02,486 [INFO] Epoch 193 | Train Loss: 0.6085 | Val Loss: 2.1209 | Val Acc: 0.4643
2025-06-23 12:30:02,623 [INFO] Epoch 194 | Train Loss: 0.6554 | Val Loss: 2.1799 | Val Acc: 0.4821
2025-06-23 12:30:02,746 [INFO] Epoch 195 | Train Loss: 0.7147 | Val Loss: 2.5879 | Val Acc: 0.4107
2025-06-23 12:30:02,853 [INFO] Epoch 196 | Train Loss: 0.7303 | Val Loss: 2.1584 | Val Acc: 0.4286
2025-06-23 12:30:02,942 [INFO] Epoch 197 | Train Loss: 0.6337 | Val Loss: 1.8921 | Val Acc: 0.4464
2025-06-23 12:30:03,029 [INFO] Epoch 198 | Train Loss: 0.7101 | Val Loss: 2.1251 | Val Acc: 0.4643
2025-06-23 12:30:03,118 [INFO] Epoch 199 | Train Loss: 0.6438 | Val Loss: 2.0995 | Val Acc: 0.5000
2025-06-23 12:30:03,214 [INFO] Epoch 200 | Train Loss: 0.6049 | Val Loss: 1.8372 | Val Acc: 0.5000
2025-06-23 12:30:19,266 [INFO] Epoch 201 | Train Loss: 0.6919 | Val Loss: 2.4320 | Val Acc: 0.3929
2025-06-23 12:30:19,351 [INFO] Epoch 202 | Train Loss: 0.6840 | Val Loss: 2.3345 | Val Acc: 0.4286
2025-06-23 12:30:19,438 [INFO] Epoch 203 | Train Loss: 0.5705 | Val Loss: 2.9973 | Val Acc: 0.3750
2025-06-23 12:30:19,521 [INFO] Epoch 204 | Train Loss: 0.7160 | Val Loss: 2.1806 | Val Acc: 0.4821
2025-06-23 12:30:19,601 [INFO] Epoch 205 | Train Loss: 0.5882 | Val Loss: 1.7572 | Val Acc: 0.4821
2025-06-23 12:30:19,688 [INFO] Epoch 206 | Train Loss: 0.7415 | Val Loss: 1.7972 | Val Acc: 0.4643
2025-06-23 12:30:19,783 [INFO] Epoch 207 | Train Loss: 0.6810 | Val Loss: 2.3415 | Val Acc: 0.4643
2025-06-23 12:30:19,861 [INFO] Epoch 208 | Train Loss: 0.6571 | Val Loss: 2.2423 | Val Acc: 0.4107
2025-06-23 12:30:19,938 [INFO] Epoch 209 | Train Loss: 0.5121 | Val Loss: 2.3825 | Val Acc: 0.4286
2025-06-23 12:30:20,017 [INFO] Epoch 210 | Train Loss: 0.4807 | Val Loss: 2.0540 | Val Acc: 0.5179
2025-06-23 12:30:24,381 [INFO] Epoch 211 | Train Loss: 0.7107 | Val Loss: 2.2647 | Val Acc: 0.4286
2025-06-23 12:30:24,478 [INFO] Epoch 212 | Train Loss: 0.6231 | Val Loss: 2.3640 | Val Acc: 0.3750
2025-06-23 12:30:24,577 [INFO] Epoch 213 | Train Loss: 0.4726 | Val Loss: 2.4119 | Val Acc: 0.4464
2025-06-23 12:30:24,680 [INFO] Epoch 214 | Train Loss: 0.5278 | Val Loss: 2.6828 | Val Acc: 0.4821
2025-06-23 12:30:24,758 [INFO] Epoch 215 | Train Loss: 0.5503 | Val Loss: 2.6654 | Val Acc: 0.4821
2025-06-23 12:30:24,883 [INFO] Epoch 216 | Train Loss: 0.5819 | Val Loss: 2.8732 | Val Acc: 0.5179
2025-06-23 12:30:24,960 [INFO] Epoch 217 | Train Loss: 0.5083 | Val Loss: 3.0280 | Val Acc: 0.3929
2025-06-23 12:30:25,061 [INFO] Epoch 218 | Train Loss: 0.5612 | Val Loss: 3.0354 | Val Acc: 0.4286
2025-06-23 12:30:25,148 [INFO] Epoch 219 | Train Loss: 0.8220 | Val Loss: 2.6541 | Val Acc: 0.4286
2025-06-23 12:30:25,230 [INFO] Epoch 220 | Train Loss: 0.7501 | Val Loss: 2.8328 | Val Acc: 0.4286
2025-06-23 12:30:26,425 [INFO] Epoch 221 | Train Loss: 0.6124 | Val Loss: 2.7924 | Val Acc: 0.4286
2025-06-23 12:30:26,504 [INFO] Epoch 222 | Train Loss: 0.6594 | Val Loss: 2.3815 | Val Acc: 0.4643
2025-06-23 12:30:26,582 [INFO] Epoch 223 | Train Loss: 0.4771 | Val Loss: 2.2581 | Val Acc: 0.4643
2025-06-23 12:30:26,658 [INFO] Epoch 224 | Train Loss: 0.7885 | Val Loss: 2.0599 | Val Acc: 0.5179
2025-06-23 12:30:26,733 [INFO] Epoch 225 | Train Loss: 0.5383 | Val Loss: 2.5747 | Val Acc: 0.4286
2025-06-23 12:30:26,809 [INFO] Epoch 226 | Train Loss: 0.4978 | Val Loss: 2.5098 | Val Acc: 0.3929
2025-06-23 12:30:26,896 [INFO] Epoch 227 | Train Loss: 0.4462 | Val Loss: 2.3496 | Val Acc: 0.4464
2025-06-23 12:30:26,968 [INFO] Epoch 228 | Train Loss: 0.7550 | Val Loss: 3.0687 | Val Acc: 0.4107
2025-06-23 12:30:27,044 [INFO] Epoch 229 | Train Loss: 0.6103 | Val Loss: 3.6364 | Val Acc: 0.3036
2025-06-23 12:30:27,119 [INFO] Epoch 230 | Train Loss: 0.5308 | Val Loss: 2.9801 | Val Acc: 0.3393
2025-06-23 12:30:28,574 [INFO] Epoch 231 | Train Loss: 0.5794 | Val Loss: 2.8360 | Val Acc: 0.3929
2025-06-23 12:30:28,652 [INFO] Epoch 232 | Train Loss: 0.5573 | Val Loss: 3.0362 | Val Acc: 0.4464
2025-06-23 12:30:28,727 [INFO] Epoch 233 | Train Loss: 0.4893 | Val Loss: 3.2522 | Val Acc: 0.4643
2025-06-23 12:30:28,801 [INFO] Epoch 234 | Train Loss: 0.4790 | Val Loss: 2.7184 | Val Acc: 0.4286
2025-06-23 12:30:28,878 [INFO] Epoch 235 | Train Loss: 0.6930 | Val Loss: 2.7669 | Val Acc: 0.3929
2025-06-23 12:30:28,952 [INFO] Epoch 236 | Train Loss: 0.5461 | Val Loss: 2.9146 | Val Acc: 0.4464
2025-06-23 12:30:29,037 [INFO] Epoch 237 | Train Loss: 0.4886 | Val Loss: 2.7843 | Val Acc: 0.4107
2025-06-23 12:30:29,047 [INFO] Early stopping at epoch 237 (no improvement in 150 epochs).
2025-06-23 12:30:29,062 [INFO] Best model saved to <built-in function time>/ENZYMES/best/best_source_gin.pth (Val Acc: 0.5536 at epoch 87)
2025-06-23 12:30:29,063 [INFO] Training/validation metrics saved to <built-in function time>/ENZYMES/GIN_0.01/train_metrics.csv
2025-06-23 12:30:30,133 [INFO] Final training curves saved
2025-06-23 12:30:30,133 [INFO] Training completed!
2025-06-23 12:30:30,133 [INFO] Best validation accuracy: 0.5536
2025-06-23 12:30:30,133 [INFO] Best epoch: 87
2025-06-23 12:30:30,133 [INFO] Total epochs trained: 237
2025-06-23 12:30:30,134 [INFO] Starting training with parameters: (0.01, 0.2, 256, 5, 400, 0.001)
