2025-06-20 16:12:55,193 [INFO] Using device: cpu
2025-06-20 16:12:55,193 [INFO] 开始创建数据加载器...
2025-06-20 16:12:55,194 [INFO] Successfully loaded dataset ENZYMES from ./data, total graphs: 600
2025-06-20 16:12:55,194 [INFO] Class allocation analysis:
2025-06-20 16:12:55,194 [INFO]   Source classes: [0, 1, 2, 3]
2025-06-20 16:12:55,194 [INFO]   Target classes: [0, 1, 2, 3, 4, 5]
2025-06-20 16:12:55,195 [INFO]   Overlap classes (to be split): [0, 1, 2, 3]
2025-06-20 16:12:55,195 [INFO]   Target novel classes (unknown): [4, 5]
2025-06-20 16:12:55,208 [INFO]   Class 0: 100 total -> Source: 70, Target: 30
2025-06-20 16:12:55,208 [INFO]   Class 1: 100 total -> Source: 70, Target: 30
2025-06-20 16:12:55,208 [INFO]   Class 2: 100 total -> Source: 70, Target: 30
2025-06-20 16:12:55,209 [INFO]   Class 3: 100 total -> Source: 70, Target: 30
2025-06-20 16:12:55,209 [INFO]   Class 4 (novel/unknown): 100 samples -> Target
2025-06-20 16:12:55,209 [INFO]   Class 5 (novel/unknown): 100 samples -> Target
2025-06-20 16:12:55,209 [INFO] Final allocation:
2025-06-20 16:12:55,209 [INFO]   Source domain: 280 samples
2025-06-20 16:12:55,209 [INFO]   Target domain: 320 samples
2025-06-20 16:12:55,210 [INFO] Source domain setup:
2025-06-20 16:12:55,210 [INFO]   Original classes: [0, 1, 2, 3]
2025-06-20 16:12:55,210 [INFO]   Overlap classes used: [0, 1, 2, 3]
2025-06-20 16:12:55,210 [INFO]   Label mapping: {0: 0, 1: 1, 2: 2, 3: 3}
2025-06-20 16:12:55,210 [INFO]   Total data after allocation: 280
2025-06-20 16:12:55,210 [INFO]   Data split - Train: 224, Val: 56
2025-06-20 16:12:55,210 [INFO]   Train label distribution: {0: 56, 1: 56, 3: 56, 2: 56}
2025-06-20 16:12:55,210 [INFO]   Val label distribution: {1: 14, 2: 14, 0: 14, 3: 14}
2025-06-20 16:12:55,212 [INFO] Successfully loaded dataset ENZYMES from ./data, total graphs: 600
2025-06-20 16:12:55,212 [INFO] Class allocation analysis:
2025-06-20 16:12:55,212 [INFO]   Source classes: [0, 1, 2, 3]
2025-06-20 16:12:55,212 [INFO]   Target classes: [0, 1, 2, 3, 4, 5]
2025-06-20 16:12:55,212 [INFO]   Overlap classes (to be split): [0, 1, 2, 3]
2025-06-20 16:12:55,212 [INFO]   Target novel classes (unknown): [4, 5]
2025-06-20 16:12:55,287 [INFO]   Class 0: 100 total -> Source: 70, Target: 30
2025-06-20 16:12:55,287 [INFO]   Class 1: 100 total -> Source: 70, Target: 30
2025-06-20 16:12:55,287 [INFO]   Class 2: 100 total -> Source: 70, Target: 30
2025-06-20 16:12:55,287 [INFO]   Class 3: 100 total -> Source: 70, Target: 30
2025-06-20 16:12:55,287 [INFO]   Class 4 (novel/unknown): 100 samples -> Target
2025-06-20 16:12:55,288 [INFO]   Class 5 (novel/unknown): 100 samples -> Target
2025-06-20 16:12:55,288 [INFO] Final allocation:
2025-06-20 16:12:55,288 [INFO]   Source domain: 280 samples
2025-06-20 16:12:55,288 [INFO]   Target domain: 320 samples
2025-06-20 16:12:55,289 [INFO] Target domain setup:
2025-06-20 16:12:55,289 [INFO]   Original classes: [0, 1, 2, 3, 4, 5]
2025-06-20 16:12:55,289 [INFO]   Overlap classes: [0, 1, 2, 3]
2025-06-20 16:12:55,289 [INFO]   Novel classes: [4, 5] -> mapped to unknown label 4
2025-06-20 16:12:55,289 [INFO]   Label mapping: {0: 0, 1: 1, 2: 2, 3: 3, 4: 4, 5: 4}
2025-06-20 16:12:55,289 [INFO]   Total data after allocation: 320
2025-06-20 16:12:55,289 [INFO]   Data split - Train: 256, Val: 64
2025-06-20 16:12:55,289 [INFO]   Total count: 320 (known: 120, unknown: 200)
2025-06-20 16:12:55,289 [INFO]   Total label distribution: {4: 200, 3: 30, 0: 30, 1: 30, 2: 30}
2025-06-20 16:12:55,289 [INFO]   Train label distribution: {4: 160, 0: 24, 2: 24, 3: 24, 1: 24}
2025-06-20 16:12:55,289 [INFO]   Val label distribution: {1: 6, 4: 40, 3: 6, 0: 6, 2: 6}
2025-06-20 16:12:55,290 [INFO] 数据加载器创建完成!
2025-06-20 16:12:55,290 [INFO] 源域类别数: 4 (重叠类别)
2025-06-20 16:12:55,290 [INFO] 目标域类别数: 5 (4个重叠类别 + 1个未知类别)
2025-06-20 16:12:55,290 [INFO] 重叠类别: [0, 1, 2, 3]
2025-06-20 16:12:55,290 [INFO] 目标域新类别: [4, 5]
2025-06-20 16:12:55,290 [INFO] Data allocation verification:
2025-06-20 16:12:55,290 [INFO]   Source data samples: 280
2025-06-20 16:12:55,290 [INFO]   Target data samples: 320
2025-06-20 16:12:55,290 [INFO]   Overlapping samples: 0
2025-06-20 16:12:55,290 [INFO]   ✓ Data allocation is correct - no overlapping samples
2025-06-20 16:12:55,290 [INFO] Model initialized with 1444 parameters
2025-06-20 16:12:55,291 [INFO] Previous best validation accuracy read from record.txt: 0.3750
2025-06-20 16:12:55,291 [INFO] Starting training...
2025-06-20 16:12:55,302 [INFO] Epoch 001 | Train Loss: 11.1344 | Val Loss: 7.4273 | Val Acc: 0.2500
2025-06-20 16:12:55,376 [INFO] New best model at epoch 1 (Val Acc: 0.2500)
2025-06-20 16:12:55,386 [INFO] Epoch 002 | Train Loss: 10.1246 | Val Loss: 5.7676 | Val Acc: 0.2679
2025-06-20 16:12:55,388 [INFO] New best model at epoch 2 (Val Acc: 0.2679)
2025-06-20 16:12:55,396 [INFO] Epoch 003 | Train Loss: 9.5283 | Val Loss: 5.4014 | Val Acc: 0.2321
2025-06-20 16:12:55,406 [INFO] Epoch 004 | Train Loss: 9.1952 | Val Loss: 5.3287 | Val Acc: 0.2500
2025-06-20 16:12:55,415 [INFO] Epoch 005 | Train Loss: 8.6868 | Val Loss: 5.4377 | Val Acc: 0.2679
2025-06-20 16:12:55,425 [INFO] Epoch 006 | Train Loss: 7.8288 | Val Loss: 5.6252 | Val Acc: 0.2500
2025-06-20 16:12:55,435 [INFO] Epoch 007 | Train Loss: 8.4580 | Val Loss: 5.8320 | Val Acc: 0.2679
2025-06-20 16:12:55,445 [INFO] Epoch 008 | Train Loss: 7.1431 | Val Loss: 5.9261 | Val Acc: 0.2679
2025-06-20 16:12:55,455 [INFO] Epoch 009 | Train Loss: 6.5748 | Val Loss: 5.9913 | Val Acc: 0.2857
2025-06-20 16:12:55,456 [INFO] New best model at epoch 9 (Val Acc: 0.2857)
2025-06-20 16:12:55,465 [INFO] Epoch 010 | Train Loss: 6.8282 | Val Loss: 5.9751 | Val Acc: 0.2857
2025-06-20 16:12:55,551 [INFO] Epoch 011 | Train Loss: 6.1416 | Val Loss: 5.8026 | Val Acc: 0.2679
2025-06-20 16:12:55,562 [INFO] Epoch 012 | Train Loss: 5.3853 | Val Loss: 5.6619 | Val Acc: 0.2679
2025-06-20 16:12:55,572 [INFO] Epoch 013 | Train Loss: 5.3352 | Val Loss: 5.4574 | Val Acc: 0.2857
2025-06-20 16:12:55,586 [INFO] Epoch 014 | Train Loss: 5.5255 | Val Loss: 5.1954 | Val Acc: 0.2857
2025-06-20 16:12:55,597 [INFO] Epoch 015 | Train Loss: 4.5381 | Val Loss: 4.9610 | Val Acc: 0.3036
2025-06-20 16:12:55,598 [INFO] New best model at epoch 15 (Val Acc: 0.3036)
2025-06-20 16:12:55,608 [INFO] Epoch 016 | Train Loss: 4.4406 | Val Loss: 4.7383 | Val Acc: 0.2679
2025-06-20 16:12:55,620 [INFO] Epoch 017 | Train Loss: 4.3211 | Val Loss: 4.5401 | Val Acc: 0.2679
2025-06-20 16:12:55,631 [INFO] Epoch 018 | Train Loss: 4.3114 | Val Loss: 4.2881 | Val Acc: 0.2679
2025-06-20 16:12:55,642 [INFO] Epoch 019 | Train Loss: 3.9723 | Val Loss: 4.0678 | Val Acc: 0.2500
2025-06-20 16:12:55,652 [INFO] Epoch 020 | Train Loss: 3.9431 | Val Loss: 3.8556 | Val Acc: 0.2500
2025-06-20 16:12:55,744 [INFO] Epoch 021 | Train Loss: 4.1622 | Val Loss: 3.7193 | Val Acc: 0.2321
2025-06-20 16:12:55,754 [INFO] Epoch 022 | Train Loss: 3.5099 | Val Loss: 3.5260 | Val Acc: 0.2321
2025-06-20 16:12:55,763 [INFO] Epoch 023 | Train Loss: 3.3176 | Val Loss: 3.3984 | Val Acc: 0.2679
2025-06-20 16:12:55,772 [INFO] Epoch 024 | Train Loss: 3.5384 | Val Loss: 3.2530 | Val Acc: 0.2321
2025-06-20 16:12:55,780 [INFO] Epoch 025 | Train Loss: 3.1771 | Val Loss: 3.1182 | Val Acc: 0.2500
2025-06-20 16:12:55,791 [INFO] Epoch 026 | Train Loss: 2.9511 | Val Loss: 2.9976 | Val Acc: 0.2679
2025-06-20 16:12:55,799 [INFO] Epoch 027 | Train Loss: 2.8301 | Val Loss: 2.8549 | Val Acc: 0.2500
2025-06-20 16:12:55,808 [INFO] Epoch 028 | Train Loss: 2.7336 | Val Loss: 2.7477 | Val Acc: 0.2321
2025-06-20 16:12:55,818 [INFO] Epoch 029 | Train Loss: 2.7630 | Val Loss: 2.6560 | Val Acc: 0.2500
2025-06-20 16:12:55,828 [INFO] Epoch 030 | Train Loss: 3.1395 | Val Loss: 2.6295 | Val Acc: 0.2500
2025-06-20 16:12:55,916 [INFO] Epoch 031 | Train Loss: 2.7835 | Val Loss: 2.5126 | Val Acc: 0.2679
2025-06-20 16:12:55,926 [INFO] Epoch 032 | Train Loss: 2.5880 | Val Loss: 2.4122 | Val Acc: 0.2857
2025-06-20 16:12:55,937 [INFO] Epoch 033 | Train Loss: 2.4301 | Val Loss: 2.3729 | Val Acc: 0.3036
2025-06-20 16:12:55,946 [INFO] Epoch 034 | Train Loss: 2.5885 | Val Loss: 2.3369 | Val Acc: 0.3214
2025-06-20 16:12:55,948 [INFO] New best model at epoch 34 (Val Acc: 0.3214)
2025-06-20 16:12:55,958 [INFO] Epoch 035 | Train Loss: 2.4757 | Val Loss: 2.3017 | Val Acc: 0.3036
2025-06-20 16:12:55,966 [INFO] Epoch 036 | Train Loss: 2.1926 | Val Loss: 2.2780 | Val Acc: 0.3036
2025-06-20 16:12:55,975 [INFO] Epoch 037 | Train Loss: 2.4238 | Val Loss: 2.2718 | Val Acc: 0.2679
2025-06-20 16:12:55,984 [INFO] Epoch 038 | Train Loss: 2.0441 | Val Loss: 2.1958 | Val Acc: 0.3214
2025-06-20 16:12:55,992 [INFO] Epoch 039 | Train Loss: 2.4419 | Val Loss: 2.1705 | Val Acc: 0.3214
2025-06-20 16:12:56,002 [INFO] Epoch 040 | Train Loss: 2.1261 | Val Loss: 2.1271 | Val Acc: 0.3393
2025-06-20 16:12:56,082 [INFO] New best model at epoch 40 (Val Acc: 0.3393)
2025-06-20 16:12:56,093 [INFO] Epoch 041 | Train Loss: 2.0270 | Val Loss: 2.1029 | Val Acc: 0.3214
2025-06-20 16:12:56,103 [INFO] Epoch 042 | Train Loss: 2.2423 | Val Loss: 2.0804 | Val Acc: 0.3214
2025-06-20 16:12:56,113 [INFO] Epoch 043 | Train Loss: 2.0669 | Val Loss: 2.0726 | Val Acc: 0.3214
2025-06-20 16:12:56,124 [INFO] Epoch 044 | Train Loss: 2.1202 | Val Loss: 2.0504 | Val Acc: 0.3214
2025-06-20 16:12:56,134 [INFO] Epoch 045 | Train Loss: 2.1205 | Val Loss: 2.0282 | Val Acc: 0.3214
2025-06-20 16:12:56,143 [INFO] Epoch 046 | Train Loss: 2.0329 | Val Loss: 2.0079 | Val Acc: 0.3393
2025-06-20 16:12:56,153 [INFO] Epoch 047 | Train Loss: 2.1108 | Val Loss: 1.9807 | Val Acc: 0.3393
2025-06-20 16:12:56,163 [INFO] Epoch 048 | Train Loss: 1.9747 | Val Loss: 1.9474 | Val Acc: 0.3214
2025-06-20 16:12:56,174 [INFO] Epoch 049 | Train Loss: 1.8653 | Val Loss: 1.9225 | Val Acc: 0.3393
2025-06-20 16:12:56,184 [INFO] Epoch 050 | Train Loss: 1.9705 | Val Loss: 1.9059 | Val Acc: 0.3036
2025-06-20 16:12:56,267 [INFO] Epoch 051 | Train Loss: 1.9823 | Val Loss: 1.9015 | Val Acc: 0.2857
2025-06-20 16:12:56,276 [INFO] Epoch 052 | Train Loss: 1.7967 | Val Loss: 1.9170 | Val Acc: 0.2500
2025-06-20 16:12:56,286 [INFO] Epoch 053 | Train Loss: 1.8892 | Val Loss: 1.9047 | Val Acc: 0.2679
2025-06-20 16:12:56,295 [INFO] Epoch 054 | Train Loss: 1.8765 | Val Loss: 1.8622 | Val Acc: 0.3036
2025-06-20 16:12:56,304 [INFO] Epoch 055 | Train Loss: 1.7081 | Val Loss: 1.8387 | Val Acc: 0.3214
2025-06-20 16:12:56,313 [INFO] Epoch 056 | Train Loss: 1.8260 | Val Loss: 1.8264 | Val Acc: 0.2857
2025-06-20 16:12:56,322 [INFO] Epoch 057 | Train Loss: 1.7040 | Val Loss: 1.8137 | Val Acc: 0.2679
2025-06-20 16:12:56,331 [INFO] Epoch 058 | Train Loss: 1.7787 | Val Loss: 1.7975 | Val Acc: 0.2679
2025-06-20 16:12:56,340 [INFO] Epoch 059 | Train Loss: 1.7876 | Val Loss: 1.7776 | Val Acc: 0.2679
2025-06-20 16:12:56,348 [INFO] Epoch 060 | Train Loss: 1.6388 | Val Loss: 1.7648 | Val Acc: 0.3036
2025-06-20 16:12:56,436 [INFO] Epoch 061 | Train Loss: 1.7672 | Val Loss: 1.7390 | Val Acc: 0.3393
2025-06-20 16:12:56,446 [INFO] Epoch 062 | Train Loss: 1.7840 | Val Loss: 1.7298 | Val Acc: 0.3036
2025-06-20 16:12:56,455 [INFO] Epoch 063 | Train Loss: 1.6187 | Val Loss: 1.7259 | Val Acc: 0.2857
2025-06-20 16:12:56,464 [INFO] Epoch 064 | Train Loss: 1.9180 | Val Loss: 1.7093 | Val Acc: 0.2857
2025-06-20 16:12:56,473 [INFO] Epoch 065 | Train Loss: 1.6308 | Val Loss: 1.6844 | Val Acc: 0.3214
2025-06-20 16:12:56,482 [INFO] Epoch 066 | Train Loss: 1.6047 | Val Loss: 1.6791 | Val Acc: 0.2857
2025-06-20 16:12:56,491 [INFO] Epoch 067 | Train Loss: 1.5741 | Val Loss: 1.6569 | Val Acc: 0.2679
2025-06-20 16:12:56,501 [INFO] Epoch 068 | Train Loss: 1.6226 | Val Loss: 1.6332 | Val Acc: 0.2500
2025-06-20 16:12:56,510 [INFO] Epoch 069 | Train Loss: 1.5551 | Val Loss: 1.6200 | Val Acc: 0.2857
2025-06-20 16:12:56,520 [INFO] Epoch 070 | Train Loss: 1.6371 | Val Loss: 1.6146 | Val Acc: 0.2857
2025-06-20 16:12:56,610 [INFO] Epoch 071 | Train Loss: 1.8500 | Val Loss: 1.6067 | Val Acc: 0.3036
2025-06-20 16:12:56,619 [INFO] Epoch 072 | Train Loss: 1.7043 | Val Loss: 1.6050 | Val Acc: 0.3036
2025-06-20 16:12:56,629 [INFO] Epoch 073 | Train Loss: 1.6570 | Val Loss: 1.5870 | Val Acc: 0.3214
2025-06-20 16:12:56,638 [INFO] Epoch 074 | Train Loss: 1.6386 | Val Loss: 1.5539 | Val Acc: 0.3571
2025-06-20 16:12:56,639 [INFO] New best model at epoch 74 (Val Acc: 0.3571)
2025-06-20 16:12:56,648 [INFO] Epoch 075 | Train Loss: 1.5189 | Val Loss: 1.5442 | Val Acc: 0.3571
2025-06-20 16:12:56,658 [INFO] Epoch 076 | Train Loss: 1.4954 | Val Loss: 1.5361 | Val Acc: 0.3393
2025-06-20 16:12:56,667 [INFO] Epoch 077 | Train Loss: 1.5656 | Val Loss: 1.5143 | Val Acc: 0.3571
2025-06-20 16:12:56,676 [INFO] Epoch 078 | Train Loss: 1.4634 | Val Loss: 1.5316 | Val Acc: 0.3393
2025-06-20 16:12:56,685 [INFO] Epoch 079 | Train Loss: 1.5883 | Val Loss: 1.5064 | Val Acc: 0.2857
2025-06-20 16:12:56,693 [INFO] Epoch 080 | Train Loss: 1.5429 | Val Loss: 1.5033 | Val Acc: 0.2857
2025-06-20 16:12:56,788 [INFO] Epoch 081 | Train Loss: 1.4700 | Val Loss: 1.4827 | Val Acc: 0.3214
2025-06-20 16:12:56,853 [INFO] Epoch 082 | Train Loss: 1.5022 | Val Loss: 1.4954 | Val Acc: 0.3214
2025-06-20 16:12:56,870 [INFO] Epoch 083 | Train Loss: 1.6322 | Val Loss: 1.4904 | Val Acc: 0.3036
2025-06-20 16:12:56,882 [INFO] Epoch 084 | Train Loss: 1.4249 | Val Loss: 1.4784 | Val Acc: 0.3036
2025-06-20 16:12:56,893 [INFO] Epoch 085 | Train Loss: 1.4690 | Val Loss: 1.4591 | Val Acc: 0.3214
2025-06-20 16:12:56,903 [INFO] Epoch 086 | Train Loss: 1.3922 | Val Loss: 1.4628 | Val Acc: 0.2857
2025-06-20 16:12:56,913 [INFO] Epoch 087 | Train Loss: 1.3753 | Val Loss: 1.4668 | Val Acc: 0.2857
2025-06-20 16:12:56,923 [INFO] Epoch 088 | Train Loss: 1.4107 | Val Loss: 1.4441 | Val Acc: 0.2857
2025-06-20 16:12:56,932 [INFO] Epoch 089 | Train Loss: 1.4766 | Val Loss: 1.4438 | Val Acc: 0.3036
2025-06-20 16:12:56,946 [INFO] Epoch 090 | Train Loss: 1.3408 | Val Loss: 1.4435 | Val Acc: 0.3036
2025-06-20 16:12:57,095 [INFO] Epoch 091 | Train Loss: 1.4871 | Val Loss: 1.4377 | Val Acc: 0.3214
2025-06-20 16:12:57,105 [INFO] Epoch 092 | Train Loss: 1.3248 | Val Loss: 1.4283 | Val Acc: 0.3036
2025-06-20 16:12:57,115 [INFO] Epoch 093 | Train Loss: 1.2736 | Val Loss: 1.4259 | Val Acc: 0.3036
2025-06-20 16:12:57,126 [INFO] Epoch 094 | Train Loss: 1.3638 | Val Loss: 1.4091 | Val Acc: 0.3393
2025-06-20 16:12:57,136 [INFO] Epoch 095 | Train Loss: 1.3985 | Val Loss: 1.4258 | Val Acc: 0.2679
2025-06-20 16:12:57,145 [INFO] Epoch 096 | Train Loss: 1.4081 | Val Loss: 1.4302 | Val Acc: 0.3036
2025-06-20 16:12:57,155 [INFO] Epoch 097 | Train Loss: 1.4079 | Val Loss: 1.4197 | Val Acc: 0.3214
2025-06-20 16:12:57,165 [INFO] Epoch 098 | Train Loss: 1.3362 | Val Loss: 1.4114 | Val Acc: 0.3393
2025-06-20 16:12:57,175 [INFO] Epoch 099 | Train Loss: 1.3542 | Val Loss: 1.4126 | Val Acc: 0.3393
2025-06-20 16:12:57,185 [INFO] Epoch 100 | Train Loss: 1.5453 | Val Loss: 1.4265 | Val Acc: 0.3750
2025-06-20 16:12:57,267 [INFO] New best model at epoch 100 (Val Acc: 0.3750)
2025-06-20 16:12:57,268 [INFO] Best model saved to <built-in function time>/ENZYMES/best/best_source_gin.pth (Val Acc: 0.3750 at epoch 100)
2025-06-20 16:12:57,268 [INFO] Training/validation metrics saved to <built-in function time>/ENZYMES/GIN_0.0001/train_metrics.csv
2025-06-20 16:12:57,346 [INFO] Final training curves saved
2025-06-20 16:12:57,346 [INFO] Training completed!
2025-06-20 16:12:57,346 [INFO] Best validation accuracy: 0.3750
2025-06-20 16:12:57,346 [INFO] Best epoch: 100
2025-06-20 16:12:57,346 [INFO] Total epochs trained: 100
2025-06-20 16:12:57,347 [INFO] Starting training with parameters: (0.0001, 0.0, 32, 1, 150, 0.0)
