2025-06-21 21:06:24,353 [INFO] Using device: cpu
2025-06-21 21:06:24,353 [INFO] 开始创建数据加载器...
2025-06-21 21:06:24,356 [INFO] Successfully loaded dataset ENZYMES from ./data, total graphs: 600
2025-06-21 21:06:24,356 [INFO] Class allocation analysis:
2025-06-21 21:06:24,356 [INFO]   Source classes: [0, 1, 2, 3]
2025-06-21 21:06:24,356 [INFO]   Target classes: [0, 1, 2, 3, 4, 5]
2025-06-21 21:06:24,356 [INFO]   Overlap classes (to be split): [0, 1, 2, 3]
2025-06-21 21:06:24,356 [INFO]   Target novel classes (unknown): [4, 5]
2025-06-21 21:06:24,370 [INFO]   Class 0: 100 total -> Source: 70, Target: 30
2025-06-21 21:06:24,370 [INFO]   Class 1: 100 total -> Source: 70, Target: 30
2025-06-21 21:06:24,370 [INFO]   Class 2: 100 total -> Source: 70, Target: 30
2025-06-21 21:06:24,371 [INFO]   Class 3: 100 total -> Source: 70, Target: 30
2025-06-21 21:06:24,371 [INFO]   Class 4 (novel/unknown): 100 samples -> Target
2025-06-21 21:06:24,371 [INFO]   Class 5 (novel/unknown): 100 samples -> Target
2025-06-21 21:06:24,371 [INFO] Final allocation:
2025-06-21 21:06:24,371 [INFO]   Source domain: 280 samples
2025-06-21 21:06:24,371 [INFO]   Target domain: 320 samples
2025-06-21 21:06:24,372 [INFO] Source domain setup:
2025-06-21 21:06:24,372 [INFO]   Original classes: [0, 1, 2, 3]
2025-06-21 21:06:24,372 [INFO]   Overlap classes used: [0, 1, 2, 3]
2025-06-21 21:06:24,372 [INFO]   Label mapping: {0: 0, 1: 1, 2: 2, 3: 3}
2025-06-21 21:06:24,372 [INFO]   Total data after allocation: 280
2025-06-21 21:06:24,372 [INFO]   Data split - Train: 224, Val: 56
2025-06-21 21:06:24,372 [INFO]   Train label distribution: {0: 56, 1: 56, 3: 56, 2: 56}
2025-06-21 21:06:24,372 [INFO]   Val label distribution: {1: 14, 2: 14, 0: 14, 3: 14}
2025-06-21 21:06:24,373 [INFO] Successfully loaded dataset ENZYMES from ./data, total graphs: 600
2025-06-21 21:06:24,373 [INFO] Class allocation analysis:
2025-06-21 21:06:24,373 [INFO]   Source classes: [0, 1, 2, 3]
2025-06-21 21:06:24,373 [INFO]   Target classes: [0, 1, 2, 3, 4, 5]
2025-06-21 21:06:24,374 [INFO]   Overlap classes (to be split): [0, 1, 2, 3]
2025-06-21 21:06:24,374 [INFO]   Target novel classes (unknown): [4, 5]
2025-06-21 21:06:24,387 [INFO]   Class 0: 100 total -> Source: 70, Target: 30
2025-06-21 21:06:24,388 [INFO]   Class 1: 100 total -> Source: 70, Target: 30
2025-06-21 21:06:24,388 [INFO]   Class 2: 100 total -> Source: 70, Target: 30
2025-06-21 21:06:24,388 [INFO]   Class 3: 100 total -> Source: 70, Target: 30
2025-06-21 21:06:24,388 [INFO]   Class 4 (novel/unknown): 100 samples -> Target
2025-06-21 21:06:24,388 [INFO]   Class 5 (novel/unknown): 100 samples -> Target
2025-06-21 21:06:24,388 [INFO] Final allocation:
2025-06-21 21:06:24,388 [INFO]   Source domain: 280 samples
2025-06-21 21:06:24,388 [INFO]   Target domain: 320 samples
2025-06-21 21:06:24,390 [INFO] Target domain setup:
2025-06-21 21:06:24,390 [INFO]   Original classes: [0, 1, 2, 3, 4, 5]
2025-06-21 21:06:24,390 [INFO]   Overlap classes: [0, 1, 2, 3]
2025-06-21 21:06:24,390 [INFO]   Novel classes: [4, 5] -> mapped to unknown label 4
2025-06-21 21:06:24,390 [INFO]   Label mapping: {0: 0, 1: 1, 2: 2, 3: 3, 4: 4, 5: 4}
2025-06-21 21:06:24,390 [INFO]   Total data after allocation: 320
2025-06-21 21:06:24,390 [INFO]   Data split - Train: 256, Val: 64
2025-06-21 21:06:24,390 [INFO]   Total count: 320 (known: 120, unknown: 200)
2025-06-21 21:06:24,390 [INFO]   Total label distribution: {4: 200, 3: 30, 0: 30, 1: 30, 2: 30}
2025-06-21 21:06:24,390 [INFO]   Train label distribution: {4: 160, 0: 24, 2: 24, 3: 24, 1: 24}
2025-06-21 21:06:24,390 [INFO]   Val label distribution: {1: 6, 4: 40, 3: 6, 0: 6, 2: 6}
2025-06-21 21:06:24,391 [INFO] 数据加载器创建完成!
2025-06-21 21:06:24,391 [INFO] 源域类别数: 4 (重叠类别)
2025-06-21 21:06:24,391 [INFO] 目标域类别数: 5 (4个重叠类别 + 1个未知类别)
2025-06-21 21:06:24,391 [INFO] 重叠类别: [0, 1, 2, 3]
2025-06-21 21:06:24,391 [INFO] 目标域新类别: [4, 5]
2025-06-21 21:06:24,391 [INFO] Data allocation verification:
2025-06-21 21:06:24,391 [INFO]   Source data samples: 280
2025-06-21 21:06:24,391 [INFO]   Target data samples: 320
2025-06-21 21:06:24,391 [INFO]   Overlapping samples: 0
2025-06-21 21:06:24,391 [INFO]   ✓ Data allocation is correct - no overlapping samples
2025-06-21 21:06:24,394 [INFO] Model initialized with 39236 parameters
2025-06-21 21:06:24,395 [INFO] Previous best validation accuracy read from record.txt: 0.6250
2025-06-21 21:06:24,395 [INFO] Starting training...
2025-06-21 21:06:24,451 [INFO] Epoch 001 | Train Loss: 10.9921 | Val Loss: 1.6310 | Val Acc: 0.2679
2025-06-21 21:06:24,842 [INFO] New best model at epoch 1 (Val Acc: 0.2679)
2025-06-21 21:06:24,877 [INFO] Epoch 002 | Train Loss: 12.0407 | Val Loss: 1.5732 | Val Acc: 0.2500
2025-06-21 21:06:24,912 [INFO] Epoch 003 | Train Loss: 12.0125 | Val Loss: 1.5604 | Val Acc: 0.2500
2025-06-21 21:06:24,946 [INFO] Epoch 004 | Train Loss: 10.7041 | Val Loss: 1.6716 | Val Acc: 0.1964
2025-06-21 21:06:24,980 [INFO] Epoch 005 | Train Loss: 8.8163 | Val Loss: 2.1539 | Val Acc: 0.2321
2025-06-21 21:06:25,014 [INFO] Epoch 006 | Train Loss: 9.2996 | Val Loss: 2.5268 | Val Acc: 0.2500
2025-06-21 21:06:25,050 [INFO] Epoch 007 | Train Loss: 10.0062 | Val Loss: 3.5137 | Val Acc: 0.2679
2025-06-21 21:06:25,084 [INFO] Epoch 008 | Train Loss: 9.7859 | Val Loss: 4.3164 | Val Acc: 0.2321
2025-06-21 21:06:25,119 [INFO] Epoch 009 | Train Loss: 8.3753 | Val Loss: 4.2048 | Val Acc: 0.2679
2025-06-21 21:06:25,164 [INFO] Epoch 010 | Train Loss: 7.8408 | Val Loss: 4.0174 | Val Acc: 0.2321
2025-06-21 21:06:25,458 [INFO] Epoch 011 | Train Loss: 9.0380 | Val Loss: 4.1924 | Val Acc: 0.2857
2025-06-21 21:06:25,463 [INFO] New best model at epoch 11 (Val Acc: 0.2857)
2025-06-21 21:06:25,501 [INFO] Epoch 012 | Train Loss: 9.4942 | Val Loss: 3.9964 | Val Acc: 0.3036
2025-06-21 21:06:25,507 [INFO] New best model at epoch 12 (Val Acc: 0.3036)
2025-06-21 21:06:25,547 [INFO] Epoch 013 | Train Loss: 8.9125 | Val Loss: 3.7374 | Val Acc: 0.3750
2025-06-21 21:06:25,553 [INFO] New best model at epoch 13 (Val Acc: 0.3750)
2025-06-21 21:06:25,582 [INFO] Epoch 014 | Train Loss: 7.8160 | Val Loss: 4.1556 | Val Acc: 0.3571
2025-06-21 21:06:25,620 [INFO] Epoch 015 | Train Loss: 8.7610 | Val Loss: 3.8198 | Val Acc: 0.3929
2025-06-21 21:06:25,626 [INFO] New best model at epoch 15 (Val Acc: 0.3929)
2025-06-21 21:06:25,659 [INFO] Epoch 016 | Train Loss: 8.0364 | Val Loss: 3.8083 | Val Acc: 0.4107
2025-06-21 21:06:25,665 [INFO] New best model at epoch 16 (Val Acc: 0.4107)
2025-06-21 21:06:25,709 [INFO] Epoch 017 | Train Loss: 7.0901 | Val Loss: 3.6989 | Val Acc: 0.4107
2025-06-21 21:06:25,748 [INFO] Epoch 018 | Train Loss: 7.3170 | Val Loss: 3.8739 | Val Acc: 0.3571
2025-06-21 21:06:25,787 [INFO] Epoch 019 | Train Loss: 6.4494 | Val Loss: 3.5403 | Val Acc: 0.3929
2025-06-21 21:06:25,824 [INFO] Epoch 020 | Train Loss: 6.4148 | Val Loss: 3.4886 | Val Acc: 0.3750
2025-06-21 21:06:26,134 [INFO] Epoch 021 | Train Loss: 7.8369 | Val Loss: 3.8938 | Val Acc: 0.4107
2025-06-21 21:06:26,171 [INFO] Epoch 022 | Train Loss: 7.6221 | Val Loss: 4.5434 | Val Acc: 0.4286
2025-06-21 21:06:26,176 [INFO] New best model at epoch 22 (Val Acc: 0.4286)
2025-06-21 21:06:26,213 [INFO] Epoch 023 | Train Loss: 7.0803 | Val Loss: 5.2409 | Val Acc: 0.3393
2025-06-21 21:06:26,277 [INFO] Epoch 024 | Train Loss: 6.5683 | Val Loss: 4.8866 | Val Acc: 0.4107
2025-06-21 21:06:26,317 [INFO] Epoch 025 | Train Loss: 6.3186 | Val Loss: 5.6382 | Val Acc: 0.3036
2025-06-21 21:06:26,354 [INFO] Epoch 026 | Train Loss: 6.5726 | Val Loss: 4.5440 | Val Acc: 0.3214
2025-06-21 21:06:26,390 [INFO] Epoch 027 | Train Loss: 8.3595 | Val Loss: 4.3321 | Val Acc: 0.2679
2025-06-21 21:06:26,427 [INFO] Epoch 028 | Train Loss: 5.6553 | Val Loss: 3.6275 | Val Acc: 0.3929
2025-06-21 21:06:26,462 [INFO] Epoch 029 | Train Loss: 6.5781 | Val Loss: 2.7235 | Val Acc: 0.3929
2025-06-21 21:06:26,498 [INFO] Epoch 030 | Train Loss: 5.6458 | Val Loss: 2.3299 | Val Acc: 0.3929
2025-06-21 21:06:26,815 [INFO] Epoch 031 | Train Loss: 6.5438 | Val Loss: 2.8215 | Val Acc: 0.3036
2025-06-21 21:06:26,850 [INFO] Epoch 032 | Train Loss: 6.8053 | Val Loss: 3.4709 | Val Acc: 0.3214
2025-06-21 21:06:26,885 [INFO] Epoch 033 | Train Loss: 6.1406 | Val Loss: 3.5522 | Val Acc: 0.3036
2025-06-21 21:06:26,920 [INFO] Epoch 034 | Train Loss: 5.4110 | Val Loss: 2.8528 | Val Acc: 0.3571
2025-06-21 21:06:26,954 [INFO] Epoch 035 | Train Loss: 5.5509 | Val Loss: 3.1779 | Val Acc: 0.3750
2025-06-21 21:06:26,990 [INFO] Epoch 036 | Train Loss: 6.0181 | Val Loss: 3.3773 | Val Acc: 0.3929
2025-06-21 21:06:27,025 [INFO] Epoch 037 | Train Loss: 6.0670 | Val Loss: 3.2340 | Val Acc: 0.3214
2025-06-21 21:06:27,059 [INFO] Epoch 038 | Train Loss: 5.5145 | Val Loss: 3.4083 | Val Acc: 0.3929
2025-06-21 21:06:27,100 [INFO] Epoch 039 | Train Loss: 5.3807 | Val Loss: 3.3802 | Val Acc: 0.3929
2025-06-21 21:06:27,154 [INFO] Epoch 040 | Train Loss: 5.1460 | Val Loss: 3.3810 | Val Acc: 0.4464
2025-06-21 21:06:27,417 [INFO] New best model at epoch 40 (Val Acc: 0.4464)
2025-06-21 21:06:27,447 [INFO] Epoch 041 | Train Loss: 4.4068 | Val Loss: 3.4230 | Val Acc: 0.3393
2025-06-21 21:06:27,482 [INFO] Epoch 042 | Train Loss: 6.0454 | Val Loss: 3.4053 | Val Acc: 0.3393
2025-06-21 21:06:27,516 [INFO] Epoch 043 | Train Loss: 5.5324 | Val Loss: 3.3948 | Val Acc: 0.3571
2025-06-21 21:06:27,554 [INFO] Epoch 044 | Train Loss: 5.0655 | Val Loss: 2.9868 | Val Acc: 0.3750
2025-06-21 21:06:27,592 [INFO] Epoch 045 | Train Loss: 5.1958 | Val Loss: 2.8827 | Val Acc: 0.3929
2025-06-21 21:06:27,630 [INFO] Epoch 046 | Train Loss: 4.9325 | Val Loss: 3.2065 | Val Acc: 0.3214
2025-06-21 21:06:27,663 [INFO] Epoch 047 | Train Loss: 5.6935 | Val Loss: 3.4194 | Val Acc: 0.3750
2025-06-21 21:06:27,698 [INFO] Epoch 048 | Train Loss: 5.0713 | Val Loss: 3.7072 | Val Acc: 0.3750
2025-06-21 21:06:27,732 [INFO] Epoch 049 | Train Loss: 6.5313 | Val Loss: 3.4474 | Val Acc: 0.3393
2025-06-21 21:06:27,767 [INFO] Epoch 050 | Train Loss: 5.8577 | Val Loss: 3.3327 | Val Acc: 0.3571
2025-06-21 21:06:28,173 [INFO] Epoch 051 | Train Loss: 5.8597 | Val Loss: 3.0997 | Val Acc: 0.3036
2025-06-21 21:06:28,211 [INFO] Epoch 052 | Train Loss: 5.7466 | Val Loss: 2.8767 | Val Acc: 0.3571
2025-06-21 21:06:28,248 [INFO] Epoch 053 | Train Loss: 4.0901 | Val Loss: 3.2297 | Val Acc: 0.3036
2025-06-21 21:06:28,293 [INFO] Epoch 054 | Train Loss: 4.4937 | Val Loss: 3.3322 | Val Acc: 0.3750
2025-06-21 21:06:28,334 [INFO] Epoch 055 | Train Loss: 4.6545 | Val Loss: 3.6234 | Val Acc: 0.4107
2025-06-21 21:06:28,374 [INFO] Epoch 056 | Train Loss: 4.6353 | Val Loss: 3.6885 | Val Acc: 0.3929
2025-06-21 21:06:28,417 [INFO] Epoch 057 | Train Loss: 5.4098 | Val Loss: 3.7454 | Val Acc: 0.3750
2025-06-21 21:06:28,452 [INFO] Epoch 058 | Train Loss: 5.3455 | Val Loss: 4.0313 | Val Acc: 0.3750
2025-06-21 21:06:28,489 [INFO] Epoch 059 | Train Loss: 5.0031 | Val Loss: 3.6979 | Val Acc: 0.3750
2025-06-21 21:06:28,524 [INFO] Epoch 060 | Train Loss: 4.0513 | Val Loss: 3.4673 | Val Acc: 0.3214
2025-06-21 21:06:28,879 [INFO] Epoch 061 | Train Loss: 4.6633 | Val Loss: 3.7538 | Val Acc: 0.3036
2025-06-21 21:06:28,914 [INFO] Epoch 062 | Train Loss: 5.6493 | Val Loss: 3.7375 | Val Acc: 0.3214
2025-06-21 21:06:28,948 [INFO] Epoch 063 | Train Loss: 4.2968 | Val Loss: 3.3649 | Val Acc: 0.3393
2025-06-21 21:06:28,982 [INFO] Epoch 064 | Train Loss: 5.6721 | Val Loss: 3.6202 | Val Acc: 0.3571
2025-06-21 21:06:29,019 [INFO] Epoch 065 | Train Loss: 4.8741 | Val Loss: 3.2036 | Val Acc: 0.3393
2025-06-21 21:06:29,053 [INFO] Epoch 066 | Train Loss: 4.6434 | Val Loss: 3.6352 | Val Acc: 0.3393
2025-06-21 21:06:29,088 [INFO] Epoch 067 | Train Loss: 5.6288 | Val Loss: 3.3313 | Val Acc: 0.3750
2025-06-21 21:06:29,123 [INFO] Epoch 068 | Train Loss: 4.1096 | Val Loss: 3.1914 | Val Acc: 0.3750
2025-06-21 21:06:29,158 [INFO] Epoch 069 | Train Loss: 5.4718 | Val Loss: 3.1213 | Val Acc: 0.3929
2025-06-21 21:06:29,194 [INFO] Epoch 070 | Train Loss: 4.1705 | Val Loss: 2.9424 | Val Acc: 0.4107
2025-06-21 21:06:29,804 [INFO] Epoch 071 | Train Loss: 4.0685 | Val Loss: 2.7991 | Val Acc: 0.4286
2025-06-21 21:06:29,838 [INFO] Epoch 072 | Train Loss: 3.8388 | Val Loss: 2.9251 | Val Acc: 0.3571
2025-06-21 21:06:29,875 [INFO] Epoch 073 | Train Loss: 4.2784 | Val Loss: 3.3773 | Val Acc: 0.4107
2025-06-21 21:06:29,909 [INFO] Epoch 074 | Train Loss: 3.6941 | Val Loss: 3.5921 | Val Acc: 0.3929
2025-06-21 21:06:29,944 [INFO] Epoch 075 | Train Loss: 4.9642 | Val Loss: 3.2308 | Val Acc: 0.3571
2025-06-21 21:06:29,982 [INFO] Epoch 076 | Train Loss: 4.6831 | Val Loss: 2.8403 | Val Acc: 0.3571
2025-06-21 21:06:30,024 [INFO] Epoch 077 | Train Loss: 3.8476 | Val Loss: 2.4924 | Val Acc: 0.3750
2025-06-21 21:06:30,059 [INFO] Epoch 078 | Train Loss: 3.2881 | Val Loss: 2.4718 | Val Acc: 0.4286
2025-06-21 21:06:30,093 [INFO] Epoch 079 | Train Loss: 4.1901 | Val Loss: 2.5720 | Val Acc: 0.4643
2025-06-21 21:06:30,099 [INFO] New best model at epoch 79 (Val Acc: 0.4643)
2025-06-21 21:06:30,131 [INFO] Epoch 080 | Train Loss: 4.2210 | Val Loss: 2.7110 | Val Acc: 0.4107
2025-06-21 21:06:30,438 [INFO] Epoch 081 | Train Loss: 4.1800 | Val Loss: 3.0237 | Val Acc: 0.3571
2025-06-21 21:06:30,485 [INFO] Epoch 082 | Train Loss: 4.8543 | Val Loss: 2.9991 | Val Acc: 0.3750
2025-06-21 21:06:30,519 [INFO] Epoch 083 | Train Loss: 3.8437 | Val Loss: 3.1125 | Val Acc: 0.3750
2025-06-21 21:06:30,556 [INFO] Epoch 084 | Train Loss: 3.1004 | Val Loss: 3.3337 | Val Acc: 0.4107
2025-06-21 21:06:30,592 [INFO] Epoch 085 | Train Loss: 3.8363 | Val Loss: 3.4300 | Val Acc: 0.3929
2025-06-21 21:06:30,628 [INFO] Epoch 086 | Train Loss: 4.8554 | Val Loss: 3.1163 | Val Acc: 0.3571
2025-06-21 21:06:30,663 [INFO] Epoch 087 | Train Loss: 3.8982 | Val Loss: 2.9738 | Val Acc: 0.3750
2025-06-21 21:06:30,698 [INFO] Epoch 088 | Train Loss: 4.9130 | Val Loss: 2.3243 | Val Acc: 0.3393
2025-06-21 21:06:30,733 [INFO] Epoch 089 | Train Loss: 3.8664 | Val Loss: 2.0968 | Val Acc: 0.3929
2025-06-21 21:06:30,768 [INFO] Epoch 090 | Train Loss: 3.5724 | Val Loss: 2.0355 | Val Acc: 0.3750
2025-06-21 21:06:31,074 [INFO] Epoch 091 | Train Loss: 4.4192 | Val Loss: 2.0523 | Val Acc: 0.4107
2025-06-21 21:06:31,110 [INFO] Epoch 092 | Train Loss: 3.3158 | Val Loss: 2.2402 | Val Acc: 0.3929
2025-06-21 21:06:31,148 [INFO] Epoch 093 | Train Loss: 3.7722 | Val Loss: 2.1491 | Val Acc: 0.3750
2025-06-21 21:06:31,183 [INFO] Epoch 094 | Train Loss: 4.0437 | Val Loss: 2.0772 | Val Acc: 0.4107
2025-06-21 21:06:31,233 [INFO] Epoch 095 | Train Loss: 3.0626 | Val Loss: 2.1904 | Val Acc: 0.4107
2025-06-21 21:06:31,284 [INFO] Epoch 096 | Train Loss: 3.2619 | Val Loss: 2.1072 | Val Acc: 0.3571
2025-06-21 21:06:31,323 [INFO] Epoch 097 | Train Loss: 3.8630 | Val Loss: 3.1018 | Val Acc: 0.3929
2025-06-21 21:06:31,358 [INFO] Epoch 098 | Train Loss: 3.1945 | Val Loss: 3.5240 | Val Acc: 0.3393
2025-06-21 21:06:31,393 [INFO] Epoch 099 | Train Loss: 3.8020 | Val Loss: 3.3567 | Val Acc: 0.3214
2025-06-21 21:06:31,427 [INFO] Epoch 100 | Train Loss: 2.6146 | Val Loss: 3.2993 | Val Acc: 0.3393
2025-06-21 21:06:31,988 [INFO] Epoch 101 | Train Loss: 4.1356 | Val Loss: 2.8582 | Val Acc: 0.3393
2025-06-21 21:06:32,037 [INFO] Epoch 102 | Train Loss: 3.7579 | Val Loss: 2.9649 | Val Acc: 0.3393
2025-06-21 21:06:32,076 [INFO] Epoch 103 | Train Loss: 4.0901 | Val Loss: 3.6783 | Val Acc: 0.3393
2025-06-21 21:06:32,111 [INFO] Epoch 104 | Train Loss: 3.5410 | Val Loss: 3.3820 | Val Acc: 0.3571
2025-06-21 21:06:32,146 [INFO] Epoch 105 | Train Loss: 3.5064 | Val Loss: 3.4639 | Val Acc: 0.3571
2025-06-21 21:06:32,182 [INFO] Epoch 106 | Train Loss: 3.6389 | Val Loss: 3.5899 | Val Acc: 0.3571
2025-06-21 21:06:32,218 [INFO] Epoch 107 | Train Loss: 3.4766 | Val Loss: 3.5516 | Val Acc: 0.3393
2025-06-21 21:06:32,253 [INFO] Epoch 108 | Train Loss: 3.9210 | Val Loss: 3.3098 | Val Acc: 0.3214
2025-06-21 21:06:32,291 [INFO] Epoch 109 | Train Loss: 3.1679 | Val Loss: 3.2613 | Val Acc: 0.3214
2025-06-21 21:06:32,327 [INFO] Epoch 110 | Train Loss: 2.9759 | Val Loss: 2.8194 | Val Acc: 0.3036
2025-06-21 21:06:32,669 [INFO] Epoch 111 | Train Loss: 3.5968 | Val Loss: 2.3618 | Val Acc: 0.2857
2025-06-21 21:06:32,707 [INFO] Epoch 112 | Train Loss: 3.0100 | Val Loss: 2.2760 | Val Acc: 0.3571
2025-06-21 21:06:32,745 [INFO] Epoch 113 | Train Loss: 3.0800 | Val Loss: 2.4786 | Val Acc: 0.3750
2025-06-21 21:06:32,782 [INFO] Epoch 114 | Train Loss: 3.1428 | Val Loss: 2.4609 | Val Acc: 0.3750
2025-06-21 21:06:32,820 [INFO] Epoch 115 | Train Loss: 3.4164 | Val Loss: 2.7142 | Val Acc: 0.4107
2025-06-21 21:06:32,879 [INFO] Epoch 116 | Train Loss: 2.5948 | Val Loss: 2.5378 | Val Acc: 0.4107
2025-06-21 21:06:32,923 [INFO] Epoch 117 | Train Loss: 2.8060 | Val Loss: 2.4878 | Val Acc: 0.4107
2025-06-21 21:06:32,961 [INFO] Epoch 118 | Train Loss: 4.0505 | Val Loss: 3.0538 | Val Acc: 0.3929
2025-06-21 21:06:32,998 [INFO] Epoch 119 | Train Loss: 2.7859 | Val Loss: 2.7948 | Val Acc: 0.3750
2025-06-21 21:06:33,038 [INFO] Epoch 120 | Train Loss: 3.3663 | Val Loss: 3.0762 | Val Acc: 0.3750
2025-06-21 21:06:33,343 [INFO] Epoch 121 | Train Loss: 3.5732 | Val Loss: 2.8615 | Val Acc: 0.3571
2025-06-21 21:06:33,382 [INFO] Epoch 122 | Train Loss: 3.3001 | Val Loss: 2.8059 | Val Acc: 0.3750
2025-06-21 21:06:33,420 [INFO] Epoch 123 | Train Loss: 3.3400 | Val Loss: 2.8956 | Val Acc: 0.3393
2025-06-21 21:06:33,457 [INFO] Epoch 124 | Train Loss: 3.4023 | Val Loss: 3.3575 | Val Acc: 0.3214
2025-06-21 21:06:33,492 [INFO] Epoch 125 | Train Loss: 2.9465 | Val Loss: 3.0863 | Val Acc: 0.4107
2025-06-21 21:06:33,528 [INFO] Epoch 126 | Train Loss: 2.9386 | Val Loss: 2.8136 | Val Acc: 0.3929
2025-06-21 21:06:33,567 [INFO] Epoch 127 | Train Loss: 2.8573 | Val Loss: 3.4679 | Val Acc: 0.4107
2025-06-21 21:06:33,613 [INFO] Epoch 128 | Train Loss: 3.4238 | Val Loss: 3.6021 | Val Acc: 0.4107
2025-06-21 21:06:33,648 [INFO] Epoch 129 | Train Loss: 3.0140 | Val Loss: 3.4676 | Val Acc: 0.4107
2025-06-21 21:06:33,696 [INFO] Epoch 130 | Train Loss: 3.4395 | Val Loss: 1.7070 | Val Acc: 0.4107
2025-06-21 21:06:34,010 [INFO] Epoch 131 | Train Loss: 3.3508 | Val Loss: 2.4724 | Val Acc: 0.3929
2025-06-21 21:06:34,043 [INFO] Epoch 132 | Train Loss: 2.9311 | Val Loss: 2.4988 | Val Acc: 0.3750
2025-06-21 21:06:34,078 [INFO] Epoch 133 | Train Loss: 3.0632 | Val Loss: 2.3121 | Val Acc: 0.3750
2025-06-21 21:06:34,114 [INFO] Epoch 134 | Train Loss: 2.6788 | Val Loss: 2.1357 | Val Acc: 0.3929
2025-06-21 21:06:34,148 [INFO] Epoch 135 | Train Loss: 3.4022 | Val Loss: 2.3241 | Val Acc: 0.3929
2025-06-21 21:06:34,184 [INFO] Epoch 136 | Train Loss: 3.1505 | Val Loss: 2.2828 | Val Acc: 0.3571
2025-06-21 21:06:34,221 [INFO] Epoch 137 | Train Loss: 3.3777 | Val Loss: 2.2982 | Val Acc: 0.3929
2025-06-21 21:06:34,261 [INFO] Epoch 138 | Train Loss: 2.6424 | Val Loss: 2.0186 | Val Acc: 0.4286
2025-06-21 21:06:34,296 [INFO] Epoch 139 | Train Loss: 2.6097 | Val Loss: 2.0525 | Val Acc: 0.4107
2025-06-21 21:06:34,330 [INFO] Epoch 140 | Train Loss: 2.7624 | Val Loss: 1.9402 | Val Acc: 0.3571
2025-06-21 21:06:34,654 [INFO] Epoch 141 | Train Loss: 3.1768 | Val Loss: 1.9124 | Val Acc: 0.3393
2025-06-21 21:06:34,688 [INFO] Epoch 142 | Train Loss: 3.0185 | Val Loss: 2.0924 | Val Acc: 0.3571
2025-06-21 21:06:34,740 [INFO] Epoch 143 | Train Loss: 2.3264 | Val Loss: 1.9847 | Val Acc: 0.4107
2025-06-21 21:06:34,780 [INFO] Epoch 144 | Train Loss: 3.0759 | Val Loss: 2.1858 | Val Acc: 0.3214
2025-06-21 21:06:34,814 [INFO] Epoch 145 | Train Loss: 3.1321 | Val Loss: 2.2048 | Val Acc: 0.3393
2025-06-21 21:06:34,859 [INFO] Epoch 146 | Train Loss: 2.6534 | Val Loss: 2.5742 | Val Acc: 0.3929
2025-06-21 21:06:34,898 [INFO] Epoch 147 | Train Loss: 2.9799 | Val Loss: 2.2533 | Val Acc: 0.3393
2025-06-21 21:06:34,934 [INFO] Epoch 148 | Train Loss: 2.7406 | Val Loss: 2.3101 | Val Acc: 0.3214
2025-06-21 21:06:34,969 [INFO] Epoch 149 | Train Loss: 2.4067 | Val Loss: 2.0199 | Val Acc: 0.3214
2025-06-21 21:06:35,009 [INFO] Epoch 150 | Train Loss: 2.9372 | Val Loss: 2.1654 | Val Acc: 0.3214
2025-06-21 21:06:35,325 [INFO] Epoch 151 | Train Loss: 3.2180 | Val Loss: 2.1342 | Val Acc: 0.3036
2025-06-21 21:06:35,360 [INFO] Epoch 152 | Train Loss: 2.3619 | Val Loss: 2.1143 | Val Acc: 0.3571
2025-06-21 21:06:35,394 [INFO] Epoch 153 | Train Loss: 2.9941 | Val Loss: 2.6095 | Val Acc: 0.2857
2025-06-21 21:06:35,434 [INFO] Epoch 154 | Train Loss: 2.5349 | Val Loss: 2.5658 | Val Acc: 0.3929
2025-06-21 21:06:35,480 [INFO] Epoch 155 | Train Loss: 2.3044 | Val Loss: 2.3613 | Val Acc: 0.3393
2025-06-21 21:06:35,519 [INFO] Epoch 156 | Train Loss: 2.9294 | Val Loss: 2.2620 | Val Acc: 0.2857
2025-06-21 21:06:35,555 [INFO] Epoch 157 | Train Loss: 2.1600 | Val Loss: 2.2191 | Val Acc: 0.3036
2025-06-21 21:06:35,590 [INFO] Epoch 158 | Train Loss: 3.1098 | Val Loss: 2.3909 | Val Acc: 0.3214
2025-06-21 21:06:35,625 [INFO] Epoch 159 | Train Loss: 2.8523 | Val Loss: 2.4024 | Val Acc: 0.3036
2025-06-21 21:06:35,661 [INFO] Epoch 160 | Train Loss: 2.5117 | Val Loss: 2.0412 | Val Acc: 0.3750
2025-06-21 21:06:35,976 [INFO] Epoch 161 | Train Loss: 2.0979 | Val Loss: 1.6524 | Val Acc: 0.3929
2025-06-21 21:06:36,009 [INFO] Epoch 162 | Train Loss: 2.7515 | Val Loss: 1.5812 | Val Acc: 0.3571
2025-06-21 21:06:36,043 [INFO] Epoch 163 | Train Loss: 2.4634 | Val Loss: 1.6706 | Val Acc: 0.3571
2025-06-21 21:06:36,079 [INFO] Epoch 164 | Train Loss: 2.5303 | Val Loss: 1.6255 | Val Acc: 0.4286
2025-06-21 21:06:36,114 [INFO] Epoch 165 | Train Loss: 2.3637 | Val Loss: 1.6493 | Val Acc: 0.4286
2025-06-21 21:06:36,150 [INFO] Epoch 166 | Train Loss: 3.1998 | Val Loss: 1.6744 | Val Acc: 0.3929
2025-06-21 21:06:36,185 [INFO] Epoch 167 | Train Loss: 2.1575 | Val Loss: 1.9353 | Val Acc: 0.3214
2025-06-21 21:06:36,222 [INFO] Epoch 168 | Train Loss: 2.6248 | Val Loss: 1.9648 | Val Acc: 0.3571
2025-06-21 21:06:36,256 [INFO] Epoch 169 | Train Loss: 2.0314 | Val Loss: 2.0739 | Val Acc: 0.3393
2025-06-21 21:06:36,292 [INFO] Epoch 170 | Train Loss: 2.3039 | Val Loss: 1.8757 | Val Acc: 0.3750
2025-06-21 21:06:36,614 [INFO] Epoch 171 | Train Loss: 2.4328 | Val Loss: 2.5162 | Val Acc: 0.3571
2025-06-21 21:06:36,648 [INFO] Epoch 172 | Train Loss: 2.3838 | Val Loss: 2.0555 | Val Acc: 0.2500
2025-06-21 21:06:36,680 [INFO] Epoch 173 | Train Loss: 3.3395 | Val Loss: 1.8826 | Val Acc: 0.3036
2025-06-21 21:06:36,715 [INFO] Epoch 174 | Train Loss: 2.2165 | Val Loss: 1.8188 | Val Acc: 0.3214
2025-06-21 21:06:36,750 [INFO] Epoch 175 | Train Loss: 2.8603 | Val Loss: 1.6690 | Val Acc: 0.3750
2025-06-21 21:06:36,785 [INFO] Epoch 176 | Train Loss: 2.4274 | Val Loss: 1.9849 | Val Acc: 0.3750
2025-06-21 21:06:36,822 [INFO] Epoch 177 | Train Loss: 2.7988 | Val Loss: 2.1234 | Val Acc: 0.3571
2025-06-21 21:06:36,857 [INFO] Epoch 178 | Train Loss: 1.9328 | Val Loss: 1.9894 | Val Acc: 0.3571
2025-06-21 21:06:36,905 [INFO] Epoch 179 | Train Loss: 2.6773 | Val Loss: 2.2911 | Val Acc: 0.3214
2025-06-21 21:06:36,939 [INFO] Epoch 180 | Train Loss: 3.8315 | Val Loss: 2.4997 | Val Acc: 0.3393
2025-06-21 21:06:37,240 [INFO] Epoch 181 | Train Loss: 2.1214 | Val Loss: 2.4504 | Val Acc: 0.3036
2025-06-21 21:06:37,276 [INFO] Epoch 182 | Train Loss: 1.7312 | Val Loss: 2.4603 | Val Acc: 0.3393
2025-06-21 21:06:37,321 [INFO] Epoch 183 | Train Loss: 2.3283 | Val Loss: 2.5522 | Val Acc: 0.3571
2025-06-21 21:06:37,367 [INFO] Epoch 184 | Train Loss: 3.0483 | Val Loss: 2.5175 | Val Acc: 0.3929
2025-06-21 21:06:37,401 [INFO] Epoch 185 | Train Loss: 2.0334 | Val Loss: 2.2476 | Val Acc: 0.3750
2025-06-21 21:06:37,436 [INFO] Epoch 186 | Train Loss: 1.8075 | Val Loss: 2.1676 | Val Acc: 0.3929
2025-06-21 21:06:37,472 [INFO] Epoch 187 | Train Loss: 1.7775 | Val Loss: 2.0963 | Val Acc: 0.4464
2025-06-21 21:06:37,508 [INFO] Epoch 188 | Train Loss: 2.1008 | Val Loss: 1.9815 | Val Acc: 0.3929
2025-06-21 21:06:37,543 [INFO] Epoch 189 | Train Loss: 1.8239 | Val Loss: 1.9605 | Val Acc: 0.3929
2025-06-21 21:06:37,581 [INFO] Epoch 190 | Train Loss: 2.2413 | Val Loss: 2.0992 | Val Acc: 0.3393
2025-06-21 21:06:37,899 [INFO] Epoch 191 | Train Loss: 2.8299 | Val Loss: 1.8580 | Val Acc: 0.3393
2025-06-21 21:06:37,934 [INFO] Epoch 192 | Train Loss: 1.9004 | Val Loss: 1.8936 | Val Acc: 0.3393
2025-06-21 21:06:37,970 [INFO] Epoch 193 | Train Loss: 2.3796 | Val Loss: 1.8019 | Val Acc: 0.3214
2025-06-21 21:06:38,004 [INFO] Epoch 194 | Train Loss: 2.7187 | Val Loss: 2.2957 | Val Acc: 0.3214
2025-06-21 21:06:38,040 [INFO] Epoch 195 | Train Loss: 1.8241 | Val Loss: 2.2768 | Val Acc: 0.3214
2025-06-21 21:06:38,076 [INFO] Epoch 196 | Train Loss: 2.1544 | Val Loss: 2.2337 | Val Acc: 0.3036
2025-06-21 21:06:38,116 [INFO] Epoch 197 | Train Loss: 2.3396 | Val Loss: 1.9585 | Val Acc: 0.2679
2025-06-21 21:06:38,150 [INFO] Epoch 198 | Train Loss: 1.7832 | Val Loss: 2.1019 | Val Acc: 0.3571
2025-06-21 21:06:38,188 [INFO] Epoch 199 | Train Loss: 2.5365 | Val Loss: 2.2009 | Val Acc: 0.3036
2025-06-21 21:06:38,238 [INFO] Epoch 200 | Train Loss: 1.8042 | Val Loss: 2.0405 | Val Acc: 0.3214
2025-06-21 21:06:38,615 [INFO] Epoch 201 | Train Loss: 2.6396 | Val Loss: 2.1742 | Val Acc: 0.3214
2025-06-21 21:06:38,651 [INFO] Epoch 202 | Train Loss: 2.3249 | Val Loss: 2.2929 | Val Acc: 0.3036
2025-06-21 21:06:38,698 [INFO] Epoch 203 | Train Loss: 1.9026 | Val Loss: 2.4935 | Val Acc: 0.3036
2025-06-21 21:06:38,734 [INFO] Epoch 204 | Train Loss: 1.5115 | Val Loss: 2.5058 | Val Acc: 0.3214
2025-06-21 21:06:38,767 [INFO] Epoch 205 | Train Loss: 2.5308 | Val Loss: 2.4142 | Val Acc: 0.2857
2025-06-21 21:06:38,806 [INFO] Epoch 206 | Train Loss: 2.6699 | Val Loss: 2.3989 | Val Acc: 0.3214
2025-06-21 21:06:38,840 [INFO] Epoch 207 | Train Loss: 2.0448 | Val Loss: 2.3844 | Val Acc: 0.3036
2025-06-21 21:06:38,875 [INFO] Epoch 208 | Train Loss: 1.8711 | Val Loss: 2.6763 | Val Acc: 0.3036
2025-06-21 21:06:38,910 [INFO] Epoch 209 | Train Loss: 2.3399 | Val Loss: 2.4482 | Val Acc: 0.3036
2025-06-21 21:06:38,943 [INFO] Epoch 210 | Train Loss: 2.6462 | Val Loss: 2.3174 | Val Acc: 0.3393
2025-06-21 21:06:39,393 [INFO] Epoch 211 | Train Loss: 2.0752 | Val Loss: 2.1150 | Val Acc: 0.3929
2025-06-21 21:06:39,426 [INFO] Epoch 212 | Train Loss: 1.6918 | Val Loss: 1.8517 | Val Acc: 0.3750
2025-06-21 21:06:39,460 [INFO] Epoch 213 | Train Loss: 2.6267 | Val Loss: 1.6348 | Val Acc: 0.3393
2025-06-21 21:06:39,495 [INFO] Epoch 214 | Train Loss: 1.9377 | Val Loss: 1.7757 | Val Acc: 0.3214
2025-06-21 21:06:39,543 [INFO] Epoch 215 | Train Loss: 1.7443 | Val Loss: 1.7703 | Val Acc: 0.3214
2025-06-21 21:06:39,578 [INFO] Epoch 216 | Train Loss: 1.9040 | Val Loss: 1.9387 | Val Acc: 0.3036
2025-06-21 21:06:39,613 [INFO] Epoch 217 | Train Loss: 1.9833 | Val Loss: 1.9078 | Val Acc: 0.3750
2025-06-21 21:06:39,648 [INFO] Epoch 218 | Train Loss: 2.0475 | Val Loss: 1.8915 | Val Acc: 0.3750
2025-06-21 21:06:39,684 [INFO] Epoch 219 | Train Loss: 1.8922 | Val Loss: 2.0579 | Val Acc: 0.3036
2025-06-21 21:06:39,720 [INFO] Epoch 220 | Train Loss: 2.3296 | Val Loss: 2.2462 | Val Acc: 0.2857
2025-06-21 21:06:40,155 [INFO] Epoch 221 | Train Loss: 2.0953 | Val Loss: 2.2297 | Val Acc: 0.2500
2025-06-21 21:06:40,202 [INFO] Epoch 222 | Train Loss: 2.4612 | Val Loss: 2.4609 | Val Acc: 0.2500
2025-06-21 21:06:40,237 [INFO] Epoch 223 | Train Loss: 2.2753 | Val Loss: 2.0845 | Val Acc: 0.3036
2025-06-21 21:06:40,273 [INFO] Epoch 224 | Train Loss: 2.2989 | Val Loss: 2.0214 | Val Acc: 0.3214
2025-06-21 21:06:40,309 [INFO] Epoch 225 | Train Loss: 1.7323 | Val Loss: 1.6223 | Val Acc: 0.3393
2025-06-21 21:06:40,344 [INFO] Epoch 226 | Train Loss: 2.9833 | Val Loss: 1.8890 | Val Acc: 0.2679
2025-06-21 21:06:40,380 [INFO] Epoch 227 | Train Loss: 1.6303 | Val Loss: 1.9822 | Val Acc: 0.3393
2025-06-21 21:06:40,414 [INFO] Epoch 228 | Train Loss: 1.8858 | Val Loss: 2.0226 | Val Acc: 0.3750
2025-06-21 21:06:40,457 [INFO] Epoch 229 | Train Loss: 2.2004 | Val Loss: 1.8800 | Val Acc: 0.3393
2025-06-21 21:06:40,461 [INFO] Early stopping at epoch 229 (no improvement in 150 epochs).
2025-06-21 21:06:40,464 [INFO] Best model saved to <built-in function time>/ENZYMES/best/best_source_gin.pth (Val Acc: 0.4643 at epoch 79)
2025-06-21 21:06:40,464 [INFO] Training/validation metrics saved to <built-in function time>/ENZYMES/GIN_0.0001/train_metrics.csv
2025-06-21 21:06:40,844 [INFO] Final training curves saved
2025-06-21 21:06:40,844 [INFO] Training completed!
2025-06-21 21:06:40,844 [INFO] Best validation accuracy: 0.4643
2025-06-21 21:06:40,844 [INFO] Best epoch: 79
2025-06-21 21:06:40,844 [INFO] Total epochs trained: 229
2025-06-21 21:06:40,845 [INFO] Starting training with parameters: (0.0001, 0.5, 128, 1, 50, 0.0)
