2025-06-20 19:18:50,115 [INFO] Using device: cpu
2025-06-20 19:18:50,115 [INFO] 开始创建数据加载器...
2025-06-20 19:18:50,117 [INFO] Successfully loaded dataset ENZYMES from ./data, total graphs: 600
2025-06-20 19:18:50,117 [INFO] Class allocation analysis:
2025-06-20 19:18:50,117 [INFO]   Source classes: [0, 1, 2, 3]
2025-06-20 19:18:50,117 [INFO]   Target classes: [0, 1, 2, 3, 4, 5]
2025-06-20 19:18:50,117 [INFO]   Overlap classes (to be split): [0, 1, 2, 3]
2025-06-20 19:18:50,117 [INFO]   Target novel classes (unknown): [4, 5]
2025-06-20 19:18:50,138 [INFO]   Class 0: 100 total -> Source: 70, Target: 30
2025-06-20 19:18:50,138 [INFO]   Class 1: 100 total -> Source: 70, Target: 30
2025-06-20 19:18:50,138 [INFO]   Class 2: 100 total -> Source: 70, Target: 30
2025-06-20 19:18:50,138 [INFO]   Class 3: 100 total -> Source: 70, Target: 30
2025-06-20 19:18:50,138 [INFO]   Class 4 (novel/unknown): 100 samples -> Target
2025-06-20 19:18:50,138 [INFO]   Class 5 (novel/unknown): 100 samples -> Target
2025-06-20 19:18:50,139 [INFO] Final allocation:
2025-06-20 19:18:50,139 [INFO]   Source domain: 280 samples
2025-06-20 19:18:50,139 [INFO]   Target domain: 320 samples
2025-06-20 19:18:50,140 [INFO] Source domain setup:
2025-06-20 19:18:50,140 [INFO]   Original classes: [0, 1, 2, 3]
2025-06-20 19:18:50,140 [INFO]   Overlap classes used: [0, 1, 2, 3]
2025-06-20 19:18:50,140 [INFO]   Label mapping: {0: 0, 1: 1, 2: 2, 3: 3}
2025-06-20 19:18:50,140 [INFO]   Total data after allocation: 280
2025-06-20 19:18:50,141 [INFO]   Data split - Train: 224, Val: 56
2025-06-20 19:18:50,141 [INFO]   Train label distribution: {0: 56, 1: 56, 3: 56, 2: 56}
2025-06-20 19:18:50,141 [INFO]   Val label distribution: {1: 14, 2: 14, 0: 14, 3: 14}
2025-06-20 19:18:50,142 [INFO] Successfully loaded dataset ENZYMES from ./data, total graphs: 600
2025-06-20 19:18:50,142 [INFO] Class allocation analysis:
2025-06-20 19:18:50,142 [INFO]   Source classes: [0, 1, 2, 3]
2025-06-20 19:18:50,142 [INFO]   Target classes: [0, 1, 2, 3, 4, 5]
2025-06-20 19:18:50,142 [INFO]   Overlap classes (to be split): [0, 1, 2, 3]
2025-06-20 19:18:50,142 [INFO]   Target novel classes (unknown): [4, 5]
2025-06-20 19:18:50,162 [INFO]   Class 0: 100 total -> Source: 70, Target: 30
2025-06-20 19:18:50,163 [INFO]   Class 1: 100 total -> Source: 70, Target: 30
2025-06-20 19:18:50,163 [INFO]   Class 2: 100 total -> Source: 70, Target: 30
2025-06-20 19:18:50,163 [INFO]   Class 3: 100 total -> Source: 70, Target: 30
2025-06-20 19:18:50,163 [INFO]   Class 4 (novel/unknown): 100 samples -> Target
2025-06-20 19:18:50,163 [INFO]   Class 5 (novel/unknown): 100 samples -> Target
2025-06-20 19:18:50,163 [INFO] Final allocation:
2025-06-20 19:18:50,163 [INFO]   Source domain: 280 samples
2025-06-20 19:18:50,163 [INFO]   Target domain: 320 samples
2025-06-20 19:18:50,166 [INFO] Target domain setup:
2025-06-20 19:18:50,166 [INFO]   Original classes: [0, 1, 2, 3, 4, 5]
2025-06-20 19:18:50,166 [INFO]   Overlap classes: [0, 1, 2, 3]
2025-06-20 19:18:50,166 [INFO]   Novel classes: [4, 5] -> mapped to unknown label 4
2025-06-20 19:18:50,166 [INFO]   Label mapping: {0: 0, 1: 1, 2: 2, 3: 3, 4: 4, 5: 4}
2025-06-20 19:18:50,166 [INFO]   Total data after allocation: 320
2025-06-20 19:18:50,166 [INFO]   Data split - Train: 256, Val: 64
2025-06-20 19:18:50,166 [INFO]   Total count: 320 (known: 120, unknown: 200)
2025-06-20 19:18:50,166 [INFO]   Total label distribution: {4: 200, 3: 30, 0: 30, 1: 30, 2: 30}
2025-06-20 19:18:50,166 [INFO]   Train label distribution: {4: 160, 0: 24, 2: 24, 3: 24, 1: 24}
2025-06-20 19:18:50,166 [INFO]   Val label distribution: {1: 6, 4: 40, 3: 6, 0: 6, 2: 6}
2025-06-20 19:18:50,166 [INFO] 数据加载器创建完成!
2025-06-20 19:18:50,166 [INFO] 源域类别数: 4 (重叠类别)
2025-06-20 19:18:50,166 [INFO] 目标域类别数: 5 (4个重叠类别 + 1个未知类别)
2025-06-20 19:18:50,166 [INFO] 重叠类别: [0, 1, 2, 3]
2025-06-20 19:18:50,166 [INFO] 目标域新类别: [4, 5]
2025-06-20 19:18:50,166 [INFO] Data allocation verification:
2025-06-20 19:18:50,167 [INFO]   Source data samples: 280
2025-06-20 19:18:50,167 [INFO]   Target data samples: 320
2025-06-20 19:18:50,167 [INFO]   Overlapping samples: 0
2025-06-20 19:18:50,167 [INFO]   ✓ Data allocation is correct - no overlapping samples
2025-06-20 19:18:50,170 [INFO] Model initialized with 152196 parameters
2025-06-20 19:18:50,170 [INFO] Previous best validation accuracy read from record.txt: 0.6250
2025-06-20 19:18:50,170 [INFO] Starting training...
2025-06-20 19:18:50,235 [INFO] Epoch 001 | Train Loss: 10.6662 | Val Loss: 1.6674 | Val Acc: 0.2857
2025-06-20 19:18:50,425 [INFO] New best model at epoch 1 (Val Acc: 0.2857)
2025-06-20 19:18:50,506 [INFO] Epoch 002 | Train Loss: 9.2463 | Val Loss: 1.8327 | Val Acc: 0.2500
2025-06-20 19:18:50,605 [INFO] Epoch 003 | Train Loss: 7.1385 | Val Loss: 1.9821 | Val Acc: 0.2500
2025-06-20 19:18:50,699 [INFO] Epoch 004 | Train Loss: 6.6127 | Val Loss: 2.1058 | Val Acc: 0.2500
2025-06-20 19:18:50,765 [INFO] Epoch 005 | Train Loss: 5.9212 | Val Loss: 2.4619 | Val Acc: 0.2500
2025-06-20 19:18:50,845 [INFO] Epoch 006 | Train Loss: 4.4802 | Val Loss: 2.8148 | Val Acc: 0.2143
2025-06-20 19:18:50,916 [INFO] Epoch 007 | Train Loss: 4.2082 | Val Loss: 2.7268 | Val Acc: 0.2143
2025-06-20 19:18:50,988 [INFO] Epoch 008 | Train Loss: 3.9643 | Val Loss: 2.9033 | Val Acc: 0.1786
2025-06-20 19:18:51,061 [INFO] Epoch 009 | Train Loss: 4.1238 | Val Loss: 2.8222 | Val Acc: 0.2679
2025-06-20 19:18:51,141 [INFO] Epoch 010 | Train Loss: 4.2469 | Val Loss: 3.0149 | Val Acc: 0.2321
2025-06-20 19:18:51,447 [INFO] Epoch 011 | Train Loss: 3.9923 | Val Loss: 3.3658 | Val Acc: 0.2500
2025-06-20 19:18:51,539 [INFO] Epoch 012 | Train Loss: 3.7357 | Val Loss: 3.6214 | Val Acc: 0.3393
2025-06-20 19:18:51,551 [INFO] New best model at epoch 12 (Val Acc: 0.3393)
2025-06-20 19:18:51,627 [INFO] Epoch 013 | Train Loss: 4.0145 | Val Loss: 4.2676 | Val Acc: 0.3036
2025-06-20 19:18:51,711 [INFO] Epoch 014 | Train Loss: 3.3918 | Val Loss: 3.2628 | Val Acc: 0.3036
2025-06-20 19:18:51,810 [INFO] Epoch 015 | Train Loss: 4.3779 | Val Loss: 3.1242 | Val Acc: 0.3393
2025-06-20 19:18:51,893 [INFO] Epoch 016 | Train Loss: 4.1036 | Val Loss: 3.9589 | Val Acc: 0.3929
2025-06-20 19:18:51,905 [INFO] New best model at epoch 16 (Val Acc: 0.3929)
2025-06-20 19:18:51,984 [INFO] Epoch 017 | Train Loss: 3.3711 | Val Loss: 3.5410 | Val Acc: 0.4286
2025-06-20 19:18:52,077 [INFO] New best model at epoch 17 (Val Acc: 0.4286)
2025-06-20 19:18:52,151 [INFO] Epoch 018 | Train Loss: 4.1174 | Val Loss: 4.6260 | Val Acc: 0.3393
2025-06-20 19:18:52,236 [INFO] Epoch 019 | Train Loss: 3.4414 | Val Loss: 3.8623 | Val Acc: 0.2857
2025-06-20 19:18:52,320 [INFO] Epoch 020 | Train Loss: 3.1176 | Val Loss: 3.3768 | Val Acc: 0.2857
2025-06-20 19:18:52,645 [INFO] Epoch 021 | Train Loss: 3.8206 | Val Loss: 3.2714 | Val Acc: 0.3214
2025-06-20 19:18:52,741 [INFO] Epoch 022 | Train Loss: 3.2887 | Val Loss: 3.1376 | Val Acc: 0.3929
2025-06-20 19:18:52,826 [INFO] Epoch 023 | Train Loss: 2.5122 | Val Loss: 2.8075 | Val Acc: 0.3571
2025-06-20 19:18:52,910 [INFO] Epoch 024 | Train Loss: 3.4010 | Val Loss: 2.7133 | Val Acc: 0.3929
2025-06-20 19:18:52,995 [INFO] Epoch 025 | Train Loss: 3.2990 | Val Loss: 2.7480 | Val Acc: 0.3036
2025-06-20 19:18:53,097 [INFO] Epoch 026 | Train Loss: 3.4134 | Val Loss: 2.9690 | Val Acc: 0.3750
2025-06-20 19:18:53,176 [INFO] Epoch 027 | Train Loss: 2.9102 | Val Loss: 2.8979 | Val Acc: 0.3214
2025-06-20 19:18:53,261 [INFO] Epoch 028 | Train Loss: 3.0855 | Val Loss: 2.8100 | Val Acc: 0.4464
2025-06-20 19:18:53,274 [INFO] New best model at epoch 28 (Val Acc: 0.4464)
2025-06-20 19:18:53,349 [INFO] Epoch 029 | Train Loss: 2.9670 | Val Loss: 2.8342 | Val Acc: 0.4107
2025-06-20 19:18:53,435 [INFO] Epoch 030 | Train Loss: 2.8364 | Val Loss: 2.5736 | Val Acc: 0.3750
2025-06-20 19:18:53,758 [INFO] Epoch 031 | Train Loss: 2.5684 | Val Loss: 2.8505 | Val Acc: 0.4107
2025-06-20 19:18:53,849 [INFO] Epoch 032 | Train Loss: 2.3099 | Val Loss: 2.7090 | Val Acc: 0.3929
2025-06-20 19:18:53,926 [INFO] Epoch 033 | Train Loss: 2.6191 | Val Loss: 2.5466 | Val Acc: 0.3929
2025-06-20 19:18:54,008 [INFO] Epoch 034 | Train Loss: 2.6314 | Val Loss: 2.4708 | Val Acc: 0.4643
2025-06-20 19:18:54,021 [INFO] New best model at epoch 34 (Val Acc: 0.4643)
2025-06-20 19:18:54,098 [INFO] Epoch 035 | Train Loss: 2.4975 | Val Loss: 2.4929 | Val Acc: 0.4107
2025-06-20 19:18:54,173 [INFO] Epoch 036 | Train Loss: 2.4392 | Val Loss: 2.8121 | Val Acc: 0.4286
2025-06-20 19:18:54,270 [INFO] Epoch 037 | Train Loss: 2.4868 | Val Loss: 2.9402 | Val Acc: 0.4286
2025-06-20 19:18:54,358 [INFO] Epoch 038 | Train Loss: 2.5552 | Val Loss: 2.6181 | Val Acc: 0.4643
2025-06-20 19:18:54,449 [INFO] Epoch 039 | Train Loss: 2.1293 | Val Loss: 2.6360 | Val Acc: 0.4107
2025-06-20 19:18:54,530 [INFO] Epoch 040 | Train Loss: 2.9695 | Val Loss: 3.0909 | Val Acc: 0.4464
2025-06-20 19:18:54,883 [INFO] Epoch 041 | Train Loss: 2.8139 | Val Loss: 2.7449 | Val Acc: 0.3929
2025-06-20 19:18:54,979 [INFO] Epoch 042 | Train Loss: 2.3680 | Val Loss: 2.6653 | Val Acc: 0.3929
2025-06-20 19:18:55,066 [INFO] Epoch 043 | Train Loss: 3.0652 | Val Loss: 3.0045 | Val Acc: 0.3750
2025-06-20 19:18:55,169 [INFO] Epoch 044 | Train Loss: 2.0157 | Val Loss: 2.9393 | Val Acc: 0.4286
2025-06-20 19:18:55,254 [INFO] Epoch 045 | Train Loss: 1.8071 | Val Loss: 2.8026 | Val Acc: 0.4464
2025-06-20 19:18:55,338 [INFO] Epoch 046 | Train Loss: 1.8588 | Val Loss: 2.9048 | Val Acc: 0.3929
2025-06-20 19:18:55,421 [INFO] Epoch 047 | Train Loss: 2.3612 | Val Loss: 2.6601 | Val Acc: 0.4464
2025-06-20 19:18:55,506 [INFO] Epoch 048 | Train Loss: 2.1052 | Val Loss: 2.5450 | Val Acc: 0.4464
2025-06-20 19:18:55,588 [INFO] Epoch 049 | Train Loss: 1.8011 | Val Loss: 2.8028 | Val Acc: 0.3036
2025-06-20 19:18:55,694 [INFO] Epoch 050 | Train Loss: 2.3804 | Val Loss: 2.6662 | Val Acc: 0.3393
2025-06-20 19:18:56,002 [INFO] Epoch 051 | Train Loss: 1.7343 | Val Loss: 2.9790 | Val Acc: 0.3750
2025-06-20 19:18:56,089 [INFO] Epoch 052 | Train Loss: 2.5254 | Val Loss: 3.0510 | Val Acc: 0.3571
2025-06-20 19:18:56,177 [INFO] Epoch 053 | Train Loss: 2.1962 | Val Loss: 2.8841 | Val Acc: 0.4107
2025-06-20 19:18:56,260 [INFO] Epoch 054 | Train Loss: 2.0405 | Val Loss: 2.7603 | Val Acc: 0.4107
2025-06-20 19:18:56,345 [INFO] Epoch 055 | Train Loss: 2.3799 | Val Loss: 2.8457 | Val Acc: 0.3750
2025-06-20 19:18:56,423 [INFO] Epoch 056 | Train Loss: 1.8287 | Val Loss: 2.7412 | Val Acc: 0.3750
2025-06-20 19:18:56,513 [INFO] Epoch 057 | Train Loss: 1.8777 | Val Loss: 2.8947 | Val Acc: 0.3750
2025-06-20 19:18:56,597 [INFO] Epoch 058 | Train Loss: 2.1483 | Val Loss: 2.7845 | Val Acc: 0.3750
2025-06-20 19:18:56,675 [INFO] Epoch 059 | Train Loss: 2.0758 | Val Loss: 2.8147 | Val Acc: 0.3393
2025-06-20 19:18:56,755 [INFO] Epoch 060 | Train Loss: 2.4319 | Val Loss: 3.1255 | Val Acc: 0.3393
2025-06-20 19:18:57,118 [INFO] Epoch 061 | Train Loss: 1.9426 | Val Loss: 3.0159 | Val Acc: 0.3571
2025-06-20 19:18:57,210 [INFO] Epoch 062 | Train Loss: 2.0301 | Val Loss: 2.6222 | Val Acc: 0.3750
2025-06-20 19:18:57,286 [INFO] Epoch 063 | Train Loss: 1.7116 | Val Loss: 2.5217 | Val Acc: 0.3929
2025-06-20 19:18:57,358 [INFO] Epoch 064 | Train Loss: 1.8966 | Val Loss: 2.4141 | Val Acc: 0.3571
2025-06-20 19:18:57,442 [INFO] Epoch 065 | Train Loss: 2.0795 | Val Loss: 2.4504 | Val Acc: 0.3571
2025-06-20 19:18:57,545 [INFO] Epoch 066 | Train Loss: 1.7377 | Val Loss: 2.7573 | Val Acc: 0.3036
2025-06-20 19:18:57,628 [INFO] Epoch 067 | Train Loss: 2.3416 | Val Loss: 2.9818 | Val Acc: 0.3036
2025-06-20 19:18:57,705 [INFO] Epoch 068 | Train Loss: 1.5139 | Val Loss: 2.7255 | Val Acc: 0.2857
2025-06-20 19:18:57,804 [INFO] Epoch 069 | Train Loss: 1.6120 | Val Loss: 2.6640 | Val Acc: 0.3393
2025-06-20 19:18:57,885 [INFO] Epoch 070 | Train Loss: 2.0602 | Val Loss: 2.5822 | Val Acc: 0.3750
2025-06-20 19:18:58,194 [INFO] Epoch 071 | Train Loss: 1.4103 | Val Loss: 2.4884 | Val Acc: 0.3393
2025-06-20 19:18:58,298 [INFO] Epoch 072 | Train Loss: 2.2541 | Val Loss: 2.3378 | Val Acc: 0.3571
2025-06-20 19:18:58,383 [INFO] Epoch 073 | Train Loss: 2.1434 | Val Loss: 2.2400 | Val Acc: 0.3750
2025-06-20 19:18:58,465 [INFO] Epoch 074 | Train Loss: 2.1482 | Val Loss: 1.9278 | Val Acc: 0.4464
2025-06-20 19:18:58,546 [INFO] Epoch 075 | Train Loss: 2.1445 | Val Loss: 1.9373 | Val Acc: 0.3929
2025-06-20 19:18:58,625 [INFO] Epoch 076 | Train Loss: 1.6797 | Val Loss: 1.9857 | Val Acc: 0.3929
2025-06-20 19:18:58,707 [INFO] Epoch 077 | Train Loss: 1.7814 | Val Loss: 2.1369 | Val Acc: 0.3750
2025-06-20 19:18:58,787 [INFO] Epoch 078 | Train Loss: 1.9193 | Val Loss: 2.1751 | Val Acc: 0.4286
2025-06-20 19:18:58,866 [INFO] Epoch 079 | Train Loss: 2.2923 | Val Loss: 2.1818 | Val Acc: 0.4643
2025-06-20 19:18:58,950 [INFO] Epoch 080 | Train Loss: 2.0125 | Val Loss: 2.0592 | Val Acc: 0.4821
2025-06-20 19:18:59,534 [INFO] New best model at epoch 80 (Val Acc: 0.4821)
2025-06-20 19:18:59,628 [INFO] Epoch 081 | Train Loss: 2.0904 | Val Loss: 1.9457 | Val Acc: 0.4821
2025-06-20 19:18:59,765 [INFO] Epoch 082 | Train Loss: 1.6901 | Val Loss: 2.1897 | Val Acc: 0.4464
2025-06-20 19:18:59,848 [INFO] Epoch 083 | Train Loss: 1.8833 | Val Loss: 2.0476 | Val Acc: 0.4286
2025-06-20 19:18:59,923 [INFO] Epoch 084 | Train Loss: 1.3022 | Val Loss: 2.2758 | Val Acc: 0.3571
2025-06-20 19:19:00,002 [INFO] Epoch 085 | Train Loss: 1.9842 | Val Loss: 2.4325 | Val Acc: 0.3929
2025-06-20 19:19:00,084 [INFO] Epoch 086 | Train Loss: 1.5168 | Val Loss: 2.2991 | Val Acc: 0.3929
2025-06-20 19:19:00,155 [INFO] Epoch 087 | Train Loss: 1.6221 | Val Loss: 2.8416 | Val Acc: 0.3929
2025-06-20 19:19:00,241 [INFO] Epoch 088 | Train Loss: 1.6224 | Val Loss: 2.8958 | Val Acc: 0.4107
2025-06-20 19:19:00,321 [INFO] Epoch 089 | Train Loss: 1.3195 | Val Loss: 2.8622 | Val Acc: 0.4107
2025-06-20 19:19:00,400 [INFO] Epoch 090 | Train Loss: 1.4663 | Val Loss: 3.0292 | Val Acc: 0.3750
2025-06-20 19:19:00,792 [INFO] Epoch 091 | Train Loss: 2.0155 | Val Loss: 2.9627 | Val Acc: 0.3750
2025-06-20 19:19:00,866 [INFO] Epoch 092 | Train Loss: 1.6468 | Val Loss: 2.6969 | Val Acc: 0.3750
2025-06-20 19:19:00,946 [INFO] Epoch 093 | Train Loss: 1.6353 | Val Loss: 2.3397 | Val Acc: 0.3929
2025-06-20 19:19:01,026 [INFO] Epoch 094 | Train Loss: 1.4821 | Val Loss: 2.2887 | Val Acc: 0.4286
2025-06-20 19:19:01,106 [INFO] Epoch 095 | Train Loss: 1.7437 | Val Loss: 2.4640 | Val Acc: 0.3929
2025-06-20 19:19:01,188 [INFO] Epoch 096 | Train Loss: 1.3052 | Val Loss: 2.3243 | Val Acc: 0.3750
2025-06-20 19:19:01,270 [INFO] Epoch 097 | Train Loss: 1.4711 | Val Loss: 2.1590 | Val Acc: 0.4107
2025-06-20 19:19:01,347 [INFO] Epoch 098 | Train Loss: 1.7570 | Val Loss: 2.2370 | Val Acc: 0.4464
2025-06-20 19:19:01,428 [INFO] Epoch 099 | Train Loss: 1.3874 | Val Loss: 2.1378 | Val Acc: 0.4464
2025-06-20 19:19:01,526 [INFO] Epoch 100 | Train Loss: 1.5357 | Val Loss: 2.3174 | Val Acc: 0.4107
2025-06-20 19:19:01,836 [INFO] Epoch 101 | Train Loss: 1.4202 | Val Loss: 2.4067 | Val Acc: 0.3750
2025-06-20 19:19:01,916 [INFO] Epoch 102 | Train Loss: 1.6881 | Val Loss: 2.5768 | Val Acc: 0.3750
2025-06-20 19:19:02,010 [INFO] Epoch 103 | Train Loss: 1.6495 | Val Loss: 2.3219 | Val Acc: 0.3750
2025-06-20 19:19:02,089 [INFO] Epoch 104 | Train Loss: 1.2511 | Val Loss: 2.2026 | Val Acc: 0.3929
2025-06-20 19:19:02,170 [INFO] Epoch 105 | Train Loss: 1.4014 | Val Loss: 2.2293 | Val Acc: 0.3571
2025-06-20 19:19:02,249 [INFO] Epoch 106 | Train Loss: 1.3588 | Val Loss: 2.2719 | Val Acc: 0.3571
2025-06-20 19:19:02,325 [INFO] Epoch 107 | Train Loss: 1.6251 | Val Loss: 2.2892 | Val Acc: 0.4107
2025-06-20 19:19:02,404 [INFO] Epoch 108 | Train Loss: 1.7658 | Val Loss: 2.3364 | Val Acc: 0.3929
2025-06-20 19:19:02,483 [INFO] Epoch 109 | Train Loss: 1.4523 | Val Loss: 2.2760 | Val Acc: 0.4107
2025-06-20 19:19:02,563 [INFO] Epoch 110 | Train Loss: 1.4286 | Val Loss: 2.2400 | Val Acc: 0.4643
2025-06-20 19:19:02,868 [INFO] Epoch 111 | Train Loss: 1.3101 | Val Loss: 2.3020 | Val Acc: 0.3750
2025-06-20 19:19:02,950 [INFO] Epoch 112 | Train Loss: 1.2435 | Val Loss: 2.4652 | Val Acc: 0.3750
2025-06-20 19:19:03,036 [INFO] Epoch 113 | Train Loss: 1.6811 | Val Loss: 2.6302 | Val Acc: 0.3750
2025-06-20 19:19:03,213 [INFO] Epoch 114 | Train Loss: 1.4851 | Val Loss: 2.2689 | Val Acc: 0.3929
2025-06-20 19:19:03,298 [INFO] Epoch 115 | Train Loss: 1.5975 | Val Loss: 2.2671 | Val Acc: 0.4107
2025-06-20 19:19:03,381 [INFO] Epoch 116 | Train Loss: 1.3519 | Val Loss: 2.4579 | Val Acc: 0.4107
2025-06-20 19:19:03,468 [INFO] Epoch 117 | Train Loss: 1.4047 | Val Loss: 2.1877 | Val Acc: 0.4286
2025-06-20 19:19:03,551 [INFO] Epoch 118 | Train Loss: 1.1915 | Val Loss: 2.1051 | Val Acc: 0.3929
2025-06-20 19:19:03,631 [INFO] Epoch 119 | Train Loss: 1.8513 | Val Loss: 1.9086 | Val Acc: 0.4464
2025-06-20 19:19:03,716 [INFO] Epoch 120 | Train Loss: 1.5117 | Val Loss: 1.9922 | Val Acc: 0.4821
2025-06-20 19:19:03,985 [INFO] Epoch 121 | Train Loss: 1.0711 | Val Loss: 2.2631 | Val Acc: 0.4464
2025-06-20 19:19:04,029 [INFO] Epoch 122 | Train Loss: 1.2817 | Val Loss: 2.2071 | Val Acc: 0.4464
2025-06-20 19:19:04,086 [INFO] Epoch 123 | Train Loss: 1.4013 | Val Loss: 2.2952 | Val Acc: 0.4464
2025-06-20 19:19:04,133 [INFO] Epoch 124 | Train Loss: 1.3940 | Val Loss: 2.3178 | Val Acc: 0.4286
2025-06-20 19:19:04,180 [INFO] Epoch 125 | Train Loss: 1.1727 | Val Loss: 2.2668 | Val Acc: 0.4643
2025-06-20 19:19:04,229 [INFO] Epoch 126 | Train Loss: 1.4529 | Val Loss: 2.1926 | Val Acc: 0.4821
2025-06-20 19:19:04,271 [INFO] Epoch 127 | Train Loss: 1.1605 | Val Loss: 2.2361 | Val Acc: 0.4643
2025-06-20 19:19:04,320 [INFO] Epoch 128 | Train Loss: 1.2462 | Val Loss: 2.3050 | Val Acc: 0.4821
2025-06-20 19:19:04,363 [INFO] Epoch 129 | Train Loss: 0.9329 | Val Loss: 2.4057 | Val Acc: 0.4643
2025-06-20 19:19:04,410 [INFO] Epoch 130 | Train Loss: 1.5180 | Val Loss: 2.2909 | Val Acc: 0.5000
2025-06-20 19:19:04,552 [INFO] New best model at epoch 130 (Val Acc: 0.5000)
2025-06-20 19:19:04,594 [INFO] Epoch 131 | Train Loss: 1.1336 | Val Loss: 2.3961 | Val Acc: 0.5000
2025-06-20 19:19:04,643 [INFO] Epoch 132 | Train Loss: 1.3519 | Val Loss: 2.2695 | Val Acc: 0.5000
2025-06-20 19:19:04,693 [INFO] Epoch 133 | Train Loss: 1.4906 | Val Loss: 2.3503 | Val Acc: 0.4643
2025-06-20 19:19:04,762 [INFO] Epoch 134 | Train Loss: 1.2357 | Val Loss: 2.6138 | Val Acc: 0.4821
2025-06-20 19:19:04,823 [INFO] Epoch 135 | Train Loss: 1.6381 | Val Loss: 2.5677 | Val Acc: 0.4643
2025-06-20 19:19:04,892 [INFO] Epoch 136 | Train Loss: 1.3967 | Val Loss: 2.6466 | Val Acc: 0.5000
2025-06-20 19:19:04,941 [INFO] Epoch 137 | Train Loss: 1.7433 | Val Loss: 2.8639 | Val Acc: 0.4464
2025-06-20 19:19:04,990 [INFO] Epoch 138 | Train Loss: 0.9792 | Val Loss: 2.8944 | Val Acc: 0.4821
2025-06-20 19:19:05,039 [INFO] Epoch 139 | Train Loss: 1.2968 | Val Loss: 2.6609 | Val Acc: 0.4643
2025-06-20 19:19:05,089 [INFO] Epoch 140 | Train Loss: 1.5024 | Val Loss: 2.3845 | Val Acc: 0.5000
2025-06-20 19:19:05,273 [INFO] Epoch 141 | Train Loss: 1.0640 | Val Loss: 2.1998 | Val Acc: 0.4821
2025-06-20 19:19:05,325 [INFO] Epoch 142 | Train Loss: 1.3261 | Val Loss: 2.3634 | Val Acc: 0.4464
2025-06-20 19:19:05,382 [INFO] Epoch 143 | Train Loss: 1.5089 | Val Loss: 2.7140 | Val Acc: 0.4643
2025-06-20 19:19:05,437 [INFO] Epoch 144 | Train Loss: 0.9084 | Val Loss: 2.6795 | Val Acc: 0.4464
2025-06-20 19:19:05,487 [INFO] Epoch 145 | Train Loss: 1.3640 | Val Loss: 2.6270 | Val Acc: 0.4286
2025-06-20 19:19:05,538 [INFO] Epoch 146 | Train Loss: 1.1945 | Val Loss: 2.6067 | Val Acc: 0.4821
2025-06-20 19:19:05,587 [INFO] Epoch 147 | Train Loss: 1.3646 | Val Loss: 2.6297 | Val Acc: 0.4286
2025-06-20 19:19:05,639 [INFO] Epoch 148 | Train Loss: 1.3957 | Val Loss: 2.8018 | Val Acc: 0.4107
2025-06-20 19:19:05,689 [INFO] Epoch 149 | Train Loss: 1.4216 | Val Loss: 2.8371 | Val Acc: 0.4286
2025-06-20 19:19:05,741 [INFO] Epoch 150 | Train Loss: 1.1013 | Val Loss: 2.9912 | Val Acc: 0.4286
2025-06-20 19:19:05,882 [INFO] Best model saved to <built-in function time>/ENZYMES/best/best_source_gin.pth (Val Acc: 0.5000 at epoch 130)
2025-06-20 19:19:05,883 [INFO] Training/validation metrics saved to <built-in function time>/ENZYMES/GIN_0.0001/train_metrics.csv
2025-06-20 19:19:06,026 [INFO] Final training curves saved
2025-06-20 19:19:06,026 [INFO] Training completed!
2025-06-20 19:19:06,026 [INFO] Best validation accuracy: 0.5000
2025-06-20 19:19:06,026 [INFO] Best epoch: 130
2025-06-20 19:19:06,026 [INFO] Total epochs trained: 150
2025-06-20 19:19:06,027 [INFO] Starting training with parameters: (0.0001, 0.2, 128, 5, 150, 0.0001)
