2025-06-24 04:44:24,603 [INFO] Using device: cpu
2025-06-24 04:44:24,603 [INFO] 开始创建数据加载器...
2025-06-24 04:44:24,608 [INFO] Successfully loaded dataset ENZYMES from ./data, total graphs: 600
2025-06-24 04:44:24,608 [INFO] Class allocation analysis:
2025-06-24 04:44:24,608 [INFO]   Source classes: [0, 1, 2, 3]
2025-06-24 04:44:24,608 [INFO]   Target classes: [0, 1, 2, 3, 4, 5]
2025-06-24 04:44:24,608 [INFO]   Overlap classes (to be split): [0, 1, 2, 3]
2025-06-24 04:44:24,608 [INFO]   Target novel classes (unknown): [4, 5]
2025-06-24 04:44:24,733 [INFO]   Class 0: 100 total -> Source: 70, Target: 30
2025-06-24 04:44:24,734 [INFO]   Class 1: 100 total -> Source: 70, Target: 30
2025-06-24 04:44:24,734 [INFO]   Class 2: 100 total -> Source: 70, Target: 30
2025-06-24 04:44:24,734 [INFO]   Class 3: 100 total -> Source: 70, Target: 30
2025-06-24 04:44:24,734 [INFO]   Class 4 (novel/unknown): 100 samples -> Target
2025-06-24 04:44:24,734 [INFO]   Class 5 (novel/unknown): 100 samples -> Target
2025-06-24 04:44:24,734 [INFO] Final allocation:
2025-06-24 04:44:24,734 [INFO]   Source domain: 280 samples
2025-06-24 04:44:24,734 [INFO]   Target domain: 320 samples
2025-06-24 04:44:24,735 [INFO] Source domain setup:
2025-06-24 04:44:24,736 [INFO]   Original classes: [0, 1, 2, 3]
2025-06-24 04:44:24,736 [INFO]   Overlap classes used: [0, 1, 2, 3]
2025-06-24 04:44:24,736 [INFO]   Label mapping: {0: 0, 1: 1, 2: 2, 3: 3}
2025-06-24 04:44:24,736 [INFO]   Total data after allocation: 280
2025-06-24 04:44:24,736 [INFO]   Data split - Train: 224, Val: 56
2025-06-24 04:44:24,736 [INFO]   Train label distribution: {0: 56, 1: 56, 3: 56, 2: 56}
2025-06-24 04:44:24,736 [INFO]   Val label distribution: {1: 14, 2: 14, 0: 14, 3: 14}
2025-06-24 04:44:24,737 [INFO] Successfully loaded dataset ENZYMES from ./data, total graphs: 600
2025-06-24 04:44:24,737 [INFO] Class allocation analysis:
2025-06-24 04:44:24,737 [INFO]   Source classes: [0, 1, 2, 3]
2025-06-24 04:44:24,737 [INFO]   Target classes: [0, 1, 2, 3, 4, 5]
2025-06-24 04:44:24,737 [INFO]   Overlap classes (to be split): [0, 1, 2, 3]
2025-06-24 04:44:24,737 [INFO]   Target novel classes (unknown): [4, 5]
2025-06-24 04:44:24,749 [INFO]   Class 0: 100 total -> Source: 70, Target: 30
2025-06-24 04:44:24,750 [INFO]   Class 1: 100 total -> Source: 70, Target: 30
2025-06-24 04:44:24,750 [INFO]   Class 2: 100 total -> Source: 70, Target: 30
2025-06-24 04:44:24,750 [INFO]   Class 3: 100 total -> Source: 70, Target: 30
2025-06-24 04:44:24,750 [INFO]   Class 4 (novel/unknown): 100 samples -> Target
2025-06-24 04:44:24,750 [INFO]   Class 5 (novel/unknown): 100 samples -> Target
2025-06-24 04:44:24,750 [INFO] Final allocation:
2025-06-24 04:44:24,750 [INFO]   Source domain: 280 samples
2025-06-24 04:44:24,750 [INFO]   Target domain: 320 samples
2025-06-24 04:44:24,751 [INFO] Target domain setup:
2025-06-24 04:44:24,751 [INFO]   Original classes: [0, 1, 2, 3, 4, 5]
2025-06-24 04:44:24,751 [INFO]   Overlap classes: [0, 1, 2, 3]
2025-06-24 04:44:24,751 [INFO]   Novel classes: [4, 5] -> mapped to unknown label 4
2025-06-24 04:44:24,751 [INFO]   Label mapping: {0: 0, 1: 1, 2: 2, 3: 3, 4: 4, 5: 4}
2025-06-24 04:44:24,751 [INFO]   Total data after allocation: 320
2025-06-24 04:44:24,751 [INFO]   Data split - Train: 256, Val: 64
2025-06-24 04:44:24,752 [INFO]   Total count: 320 (known: 120, unknown: 200)
2025-06-24 04:44:24,752 [INFO]   Total label distribution: {4: 200, 3: 30, 0: 30, 1: 30, 2: 30}
2025-06-24 04:44:24,752 [INFO]   Train label distribution: {4: 160, 0: 24, 2: 24, 3: 24, 1: 24}
2025-06-24 04:44:24,752 [INFO]   Val label distribution: {1: 6, 4: 40, 3: 6, 0: 6, 2: 6}
2025-06-24 04:44:24,752 [INFO] 数据加载器创建完成!
2025-06-24 04:44:24,752 [INFO] 源域类别数: 4 (重叠类别)
2025-06-24 04:44:24,752 [INFO] 目标域类别数: 5 (4个重叠类别 + 1个未知类别)
2025-06-24 04:44:24,752 [INFO] 重叠类别: [0, 1, 2, 3]
2025-06-24 04:44:24,752 [INFO] 目标域新类别: [4, 5]
2025-06-24 04:44:24,752 [INFO] Data allocation verification:
2025-06-24 04:44:24,752 [INFO]   Source data samples: 280
2025-06-24 04:44:24,752 [INFO]   Target data samples: 320
2025-06-24 04:44:24,752 [INFO]   Overlapping samples: 0
2025-06-24 04:44:24,752 [INFO]   ✓ Data allocation is correct - no overlapping samples
2025-06-24 04:44:24,755 [INFO] Model initialized with 796164 parameters
2025-06-24 04:44:24,756 [INFO] Previous best validation accuracy read from record.txt: 0.6429
2025-06-24 04:44:24,756 [INFO] Starting training...
2025-06-24 04:44:24,842 [INFO] Epoch 001 | Train Loss: 32.0126 | Val Loss: 327.0343 | Val Acc: 0.3571
2025-06-24 04:44:26,161 [INFO] New best model at epoch 1 (Val Acc: 0.3571)
2025-06-24 04:44:26,259 [INFO] Epoch 002 | Train Loss: 19.1114 | Val Loss: 78.3145 | Val Acc: 0.2857
2025-06-24 04:44:26,327 [INFO] Epoch 003 | Train Loss: 16.1817 | Val Loss: 15.9402 | Val Acc: 0.3571
2025-06-24 04:44:26,399 [INFO] Epoch 004 | Train Loss: 10.1557 | Val Loss: 28.5033 | Val Acc: 0.2679
2025-06-24 04:44:26,481 [INFO] Epoch 005 | Train Loss: 8.8202 | Val Loss: 14.1299 | Val Acc: 0.3214
2025-06-24 04:44:26,550 [INFO] Epoch 006 | Train Loss: 10.2870 | Val Loss: 7.5448 | Val Acc: 0.4286
2025-06-24 04:44:26,563 [INFO] New best model at epoch 6 (Val Acc: 0.4286)
2025-06-24 04:44:26,617 [INFO] Epoch 007 | Train Loss: 8.0616 | Val Loss: 7.5642 | Val Acc: 0.2857
2025-06-24 04:44:26,681 [INFO] Epoch 008 | Train Loss: 6.4330 | Val Loss: 4.5518 | Val Acc: 0.3929
2025-06-24 04:44:26,762 [INFO] Epoch 009 | Train Loss: 7.6985 | Val Loss: 5.3060 | Val Acc: 0.3750
2025-06-24 04:44:26,939 [INFO] Epoch 010 | Train Loss: 5.8884 | Val Loss: 5.4411 | Val Acc: 0.3929
2025-06-24 04:44:28,763 [INFO] Epoch 011 | Train Loss: 7.4996 | Val Loss: 9.3947 | Val Acc: 0.2500
2025-06-24 04:44:28,828 [INFO] Epoch 012 | Train Loss: 10.8195 | Val Loss: 4.1262 | Val Acc: 0.2679
2025-06-24 04:44:28,893 [INFO] Epoch 013 | Train Loss: 6.3628 | Val Loss: 3.0097 | Val Acc: 0.3393
2025-06-24 04:44:28,953 [INFO] Epoch 014 | Train Loss: 5.8850 | Val Loss: 4.3742 | Val Acc: 0.3214
2025-06-24 04:44:29,016 [INFO] Epoch 015 | Train Loss: 9.0170 | Val Loss: 7.3494 | Val Acc: 0.2679
2025-06-24 04:44:29,076 [INFO] Epoch 016 | Train Loss: 8.9109 | Val Loss: 3.8168 | Val Acc: 0.3393
2025-06-24 04:44:29,138 [INFO] Epoch 017 | Train Loss: 5.9031 | Val Loss: 3.9472 | Val Acc: 0.2857
2025-06-24 04:44:29,211 [INFO] Epoch 018 | Train Loss: 7.2517 | Val Loss: 4.2101 | Val Acc: 0.3393
2025-06-24 04:44:29,297 [INFO] Epoch 019 | Train Loss: 7.7740 | Val Loss: 3.5111 | Val Acc: 0.2321
2025-06-24 04:44:29,365 [INFO] Epoch 020 | Train Loss: 6.0194 | Val Loss: 4.7632 | Val Acc: 0.3036
2025-06-24 04:44:30,711 [INFO] Epoch 021 | Train Loss: 5.7838 | Val Loss: 4.9310 | Val Acc: 0.3750
2025-06-24 04:44:30,779 [INFO] Epoch 022 | Train Loss: 7.4483 | Val Loss: 4.7479 | Val Acc: 0.3036
2025-06-24 04:44:30,856 [INFO] Epoch 023 | Train Loss: 7.2422 | Val Loss: 3.3525 | Val Acc: 0.3036
2025-06-24 04:44:30,934 [INFO] Epoch 024 | Train Loss: 6.0665 | Val Loss: 6.9585 | Val Acc: 0.2143
2025-06-24 04:44:30,996 [INFO] Epoch 025 | Train Loss: 5.7761 | Val Loss: 3.6681 | Val Acc: 0.2679
2025-06-24 04:44:31,060 [INFO] Epoch 026 | Train Loss: 4.8498 | Val Loss: 2.8666 | Val Acc: 0.3036
2025-06-24 04:44:31,139 [INFO] Epoch 027 | Train Loss: 5.1985 | Val Loss: 3.2775 | Val Acc: 0.3393
2025-06-24 04:44:31,224 [INFO] Epoch 028 | Train Loss: 4.4174 | Val Loss: 2.3577 | Val Acc: 0.2679
2025-06-24 04:44:31,292 [INFO] Epoch 029 | Train Loss: 4.2708 | Val Loss: 2.1761 | Val Acc: 0.3571
2025-06-24 04:44:31,354 [INFO] Epoch 030 | Train Loss: 4.3508 | Val Loss: 3.8920 | Val Acc: 0.3750
2025-06-24 04:44:32,679 [INFO] Epoch 031 | Train Loss: 4.2071 | Val Loss: 2.2571 | Val Acc: 0.2857
2025-06-24 04:44:32,754 [INFO] Epoch 032 | Train Loss: 6.4104 | Val Loss: 2.4551 | Val Acc: 0.2679
2025-06-24 04:44:32,828 [INFO] Epoch 033 | Train Loss: 5.4066 | Val Loss: 2.0456 | Val Acc: 0.4286
2025-06-24 04:44:32,933 [INFO] Epoch 034 | Train Loss: 2.9557 | Val Loss: 2.2281 | Val Acc: 0.3750
2025-06-24 04:44:32,998 [INFO] Epoch 035 | Train Loss: 5.0263 | Val Loss: 1.6935 | Val Acc: 0.3214
2025-06-24 04:44:33,072 [INFO] Epoch 036 | Train Loss: 2.8164 | Val Loss: 1.5342 | Val Acc: 0.4286
2025-06-24 04:44:33,136 [INFO] Epoch 037 | Train Loss: 2.3232 | Val Loss: 63.7601 | Val Acc: 0.3036
2025-06-24 04:44:33,210 [INFO] Epoch 038 | Train Loss: 4.2184 | Val Loss: 1.8500 | Val Acc: 0.3214
2025-06-24 04:44:33,275 [INFO] Epoch 039 | Train Loss: 2.2962 | Val Loss: 2.2417 | Val Acc: 0.3036
2025-06-24 04:44:33,356 [INFO] Epoch 040 | Train Loss: 1.7978 | Val Loss: 1.4788 | Val Acc: 0.3571
2025-06-24 04:44:34,698 [INFO] Epoch 041 | Train Loss: 2.3946 | Val Loss: 2.1052 | Val Acc: 0.4643
2025-06-24 04:44:34,710 [INFO] New best model at epoch 41 (Val Acc: 0.4643)
2025-06-24 04:44:34,772 [INFO] Epoch 042 | Train Loss: 2.4850 | Val Loss: 1.8857 | Val Acc: 0.3214
2025-06-24 04:44:34,834 [INFO] Epoch 043 | Train Loss: 2.0981 | Val Loss: 2.0866 | Val Acc: 0.2857
2025-06-24 04:44:34,895 [INFO] Epoch 044 | Train Loss: 2.4336 | Val Loss: 1.6885 | Val Acc: 0.4107
2025-06-24 04:44:34,954 [INFO] Epoch 045 | Train Loss: 2.6632 | Val Loss: 1.9058 | Val Acc: 0.2679
2025-06-24 04:44:35,014 [INFO] Epoch 046 | Train Loss: 1.9347 | Val Loss: 1.4003 | Val Acc: 0.3036
2025-06-24 04:44:35,094 [INFO] Epoch 047 | Train Loss: 3.1985 | Val Loss: 1.7474 | Val Acc: 0.3214
2025-06-24 04:44:35,184 [INFO] Epoch 048 | Train Loss: 2.7807 | Val Loss: 1.9452 | Val Acc: 0.3036
2025-06-24 04:44:35,266 [INFO] Epoch 049 | Train Loss: 2.5372 | Val Loss: 1.4722 | Val Acc: 0.3929
2025-06-24 04:44:35,346 [INFO] Epoch 050 | Train Loss: 2.7326 | Val Loss: 2.2097 | Val Acc: 0.3393
2025-06-24 04:44:36,741 [INFO] Epoch 051 | Train Loss: 3.0331 | Val Loss: 1.5917 | Val Acc: 0.3571
2025-06-24 04:44:36,850 [INFO] Epoch 052 | Train Loss: 3.1475 | Val Loss: 2.3941 | Val Acc: 0.4107
2025-06-24 04:44:36,940 [INFO] Epoch 053 | Train Loss: 2.7823 | Val Loss: 3.0530 | Val Acc: 0.4107
2025-06-24 04:44:37,036 [INFO] Epoch 054 | Train Loss: 3.4302 | Val Loss: 2.8398 | Val Acc: 0.4107
2025-06-24 04:44:37,121 [INFO] Epoch 055 | Train Loss: 3.0373 | Val Loss: 3.8932 | Val Acc: 0.3393
2025-06-24 04:44:37,227 [INFO] Epoch 056 | Train Loss: 2.4482 | Val Loss: 2.3253 | Val Acc: 0.3036
2025-06-24 04:44:37,314 [INFO] Epoch 057 | Train Loss: 2.5458 | Val Loss: 1.5228 | Val Acc: 0.3214
2025-06-24 04:44:37,409 [INFO] Epoch 058 | Train Loss: 1.9152 | Val Loss: 1.7297 | Val Acc: 0.3750
2025-06-24 04:44:37,503 [INFO] Epoch 059 | Train Loss: 1.7663 | Val Loss: 1.6989 | Val Acc: 0.3750
2025-06-24 04:44:37,594 [INFO] Epoch 060 | Train Loss: 2.1066 | Val Loss: 1.6790 | Val Acc: 0.3929
2025-06-24 04:44:39,138 [INFO] Epoch 061 | Train Loss: 1.9796 | Val Loss: 1.3076 | Val Acc: 0.4286
2025-06-24 04:44:39,224 [INFO] Epoch 062 | Train Loss: 2.2507 | Val Loss: 1.9012 | Val Acc: 0.3929
2025-06-24 04:44:39,341 [INFO] Epoch 063 | Train Loss: 1.5826 | Val Loss: 2.3383 | Val Acc: 0.3036
2025-06-24 04:44:39,429 [INFO] Epoch 064 | Train Loss: 1.4743 | Val Loss: 1.7727 | Val Acc: 0.3214
2025-06-24 04:44:39,515 [INFO] Epoch 065 | Train Loss: 2.2027 | Val Loss: 1.7750 | Val Acc: 0.3571
2025-06-24 04:44:39,625 [INFO] Epoch 066 | Train Loss: 7.0497 | Val Loss: 1.5063 | Val Acc: 0.3214
2025-06-24 04:44:39,703 [INFO] Epoch 067 | Train Loss: 2.1148 | Val Loss: 1.3864 | Val Acc: 0.3571
2025-06-24 04:44:39,801 [INFO] Epoch 068 | Train Loss: 1.5357 | Val Loss: 1.4119 | Val Acc: 0.3750
2025-06-24 04:44:39,892 [INFO] Epoch 069 | Train Loss: 1.9977 | Val Loss: 1.4339 | Val Acc: 0.4286
2025-06-24 04:44:39,989 [INFO] Epoch 070 | Train Loss: 1.6035 | Val Loss: 1.4793 | Val Acc: 0.2500
2025-06-24 04:44:43,673 [INFO] Epoch 071 | Train Loss: 1.8286 | Val Loss: 1.5603 | Val Acc: 0.2500
2025-06-24 04:44:43,855 [INFO] Epoch 072 | Train Loss: 1.4505 | Val Loss: 1.9359 | Val Acc: 0.2500
2025-06-24 04:44:44,112 [INFO] Epoch 073 | Train Loss: 1.6146 | Val Loss: 1.3315 | Val Acc: 0.3393
2025-06-24 04:44:44,284 [INFO] Epoch 074 | Train Loss: 1.3320 | Val Loss: 1.3271 | Val Acc: 0.3929
2025-06-24 04:44:44,474 [INFO] Epoch 075 | Train Loss: 1.6717 | Val Loss: 1.6099 | Val Acc: 0.3036
2025-06-24 04:44:44,615 [INFO] Epoch 076 | Train Loss: 1.6910 | Val Loss: 1.3679 | Val Acc: 0.3036
2025-06-24 04:44:44,747 [INFO] Epoch 077 | Train Loss: 1.3042 | Val Loss: 1.2875 | Val Acc: 0.3929
2025-06-24 04:44:44,922 [INFO] Epoch 078 | Train Loss: 1.7006 | Val Loss: 1.2787 | Val Acc: 0.3571
2025-06-24 04:44:45,073 [INFO] Epoch 079 | Train Loss: 1.3955 | Val Loss: 1.3307 | Val Acc: 0.3929
2025-06-24 04:44:45,263 [INFO] Epoch 080 | Train Loss: 1.8181 | Val Loss: 1.4688 | Val Acc: 0.4464
2025-06-24 04:44:47,248 [INFO] Epoch 081 | Train Loss: 1.8591 | Val Loss: 1.4981 | Val Acc: 0.4107
2025-06-24 04:44:47,323 [INFO] Epoch 082 | Train Loss: 1.3143 | Val Loss: 1.4991 | Val Acc: 0.3929
2025-06-24 04:44:47,386 [INFO] Epoch 083 | Train Loss: 1.3324 | Val Loss: 1.4139 | Val Acc: 0.5000
2025-06-24 04:44:47,400 [INFO] New best model at epoch 83 (Val Acc: 0.5000)
2025-06-24 04:44:47,462 [INFO] Epoch 084 | Train Loss: 1.1284 | Val Loss: 1.4807 | Val Acc: 0.3750
2025-06-24 04:44:47,533 [INFO] Epoch 085 | Train Loss: 1.1120 | Val Loss: 1.4501 | Val Acc: 0.3750
2025-06-24 04:44:47,605 [INFO] Epoch 086 | Train Loss: 1.1103 | Val Loss: 1.4373 | Val Acc: 0.3214
2025-06-24 04:44:47,678 [INFO] Epoch 087 | Train Loss: 1.5503 | Val Loss: 1.4595 | Val Acc: 0.4107
2025-06-24 04:44:47,782 [INFO] Epoch 088 | Train Loss: 1.1537 | Val Loss: 1.3728 | Val Acc: 0.4286
2025-06-24 04:44:47,862 [INFO] Epoch 089 | Train Loss: 1.4046 | Val Loss: 1.3215 | Val Acc: 0.4107
2025-06-24 04:44:47,951 [INFO] Epoch 090 | Train Loss: 1.2584 | Val Loss: 1.5194 | Val Acc: 0.3036
2025-06-24 04:44:53,351 [INFO] Epoch 091 | Train Loss: 1.2271 | Val Loss: 1.5122 | Val Acc: 0.2679
2025-06-24 04:44:53,432 [INFO] Epoch 092 | Train Loss: 1.1932 | Val Loss: 1.3903 | Val Acc: 0.3214
2025-06-24 04:44:53,509 [INFO] Epoch 093 | Train Loss: 1.0581 | Val Loss: 1.3195 | Val Acc: 0.4107
2025-06-24 04:44:53,604 [INFO] Epoch 094 | Train Loss: 1.0982 | Val Loss: 1.2774 | Val Acc: 0.3929
2025-06-24 04:44:53,676 [INFO] Epoch 095 | Train Loss: 1.1733 | Val Loss: 1.3390 | Val Acc: 0.3036
2025-06-24 04:44:53,779 [INFO] Epoch 096 | Train Loss: 1.0955 | Val Loss: 1.4679 | Val Acc: 0.2857
2025-06-24 04:44:53,889 [INFO] Epoch 097 | Train Loss: 1.1629 | Val Loss: 1.4667 | Val Acc: 0.2679
2025-06-24 04:44:54,004 [INFO] Epoch 098 | Train Loss: 1.1489 | Val Loss: 1.4920 | Val Acc: 0.3214
2025-06-24 04:44:54,215 [INFO] Epoch 099 | Train Loss: 1.0539 | Val Loss: 1.4965 | Val Acc: 0.3214
2025-06-24 04:44:54,630 [INFO] Epoch 100 | Train Loss: 1.0814 | Val Loss: 1.5745 | Val Acc: 0.2857
2025-06-24 04:44:56,669 [INFO] Epoch 101 | Train Loss: 1.1468 | Val Loss: 1.4340 | Val Acc: 0.3571
2025-06-24 04:44:56,736 [INFO] Epoch 102 | Train Loss: 0.9085 | Val Loss: 1.3298 | Val Acc: 0.4464
2025-06-24 04:44:56,803 [INFO] Epoch 103 | Train Loss: 1.0892 | Val Loss: 1.5226 | Val Acc: 0.4107
2025-06-24 04:44:56,877 [INFO] Epoch 104 | Train Loss: 0.9708 | Val Loss: 1.6796 | Val Acc: 0.3750
2025-06-24 04:44:56,949 [INFO] Epoch 105 | Train Loss: 1.1937 | Val Loss: 1.4534 | Val Acc: 0.3571
2025-06-24 04:44:57,082 [INFO] Epoch 106 | Train Loss: 1.1488 | Val Loss: 1.4260 | Val Acc: 0.4107
2025-06-24 04:44:57,202 [INFO] Epoch 107 | Train Loss: 1.1527 | Val Loss: 1.4005 | Val Acc: 0.4286
2025-06-24 04:44:57,375 [INFO] Epoch 108 | Train Loss: 1.1422 | Val Loss: 1.7219 | Val Acc: 0.3393
2025-06-24 04:44:57,466 [INFO] Epoch 109 | Train Loss: 1.0591 | Val Loss: 2.0192 | Val Acc: 0.3214
2025-06-24 04:44:57,570 [INFO] Epoch 110 | Train Loss: 0.9826 | Val Loss: 1.8335 | Val Acc: 0.2857
2025-06-24 04:44:59,431 [INFO] Epoch 111 | Train Loss: 1.0182 | Val Loss: 2.0104 | Val Acc: 0.3929
2025-06-24 04:44:59,505 [INFO] Epoch 112 | Train Loss: 1.0649 | Val Loss: 1.4781 | Val Acc: 0.3571
2025-06-24 04:44:59,603 [INFO] Epoch 113 | Train Loss: 1.3062 | Val Loss: 1.5960 | Val Acc: 0.3214
2025-06-24 04:44:59,690 [INFO] Epoch 114 | Train Loss: 1.0146 | Val Loss: 1.5377 | Val Acc: 0.3571
2025-06-24 04:44:59,793 [INFO] Epoch 115 | Train Loss: 0.9337 | Val Loss: 1.5791 | Val Acc: 0.3571
2025-06-24 04:44:59,902 [INFO] Epoch 116 | Train Loss: 0.8922 | Val Loss: 1.8058 | Val Acc: 0.3214
2025-06-24 04:45:00,129 [INFO] Epoch 117 | Train Loss: 1.0818 | Val Loss: 1.7004 | Val Acc: 0.2857
2025-06-24 04:45:00,242 [INFO] Epoch 118 | Train Loss: 1.0768 | Val Loss: 1.6993 | Val Acc: 0.3214
2025-06-24 04:45:00,403 [INFO] Epoch 119 | Train Loss: 0.9740 | Val Loss: 1.6735 | Val Acc: 0.3214
2025-06-24 04:45:00,521 [INFO] Epoch 120 | Train Loss: 1.0425 | Val Loss: 1.5550 | Val Acc: 0.3571
2025-06-24 04:45:02,249 [INFO] Epoch 121 | Train Loss: 1.1144 | Val Loss: 1.3997 | Val Acc: 0.3929
2025-06-24 04:45:02,344 [INFO] Epoch 122 | Train Loss: 1.1332 | Val Loss: 1.4878 | Val Acc: 0.4464
2025-06-24 04:45:02,455 [INFO] Epoch 123 | Train Loss: 1.0009 | Val Loss: 2.5563 | Val Acc: 0.3750
2025-06-24 04:45:02,546 [INFO] Epoch 124 | Train Loss: 1.1950 | Val Loss: 2.3101 | Val Acc: 0.3393
2025-06-24 04:45:02,638 [INFO] Epoch 125 | Train Loss: 1.1253 | Val Loss: 1.6005 | Val Acc: 0.4464
2025-06-24 04:45:02,757 [INFO] Epoch 126 | Train Loss: 1.1181 | Val Loss: 1.4689 | Val Acc: 0.4464
2025-06-24 04:45:02,861 [INFO] Epoch 127 | Train Loss: 1.2645 | Val Loss: 1.6991 | Val Acc: 0.3393
2025-06-24 04:45:03,004 [INFO] Epoch 128 | Train Loss: 1.0650 | Val Loss: 2.3328 | Val Acc: 0.3750
2025-06-24 04:45:03,131 [INFO] Epoch 129 | Train Loss: 1.0189 | Val Loss: 1.7943 | Val Acc: 0.2500
2025-06-24 04:45:03,259 [INFO] Epoch 130 | Train Loss: 1.4515 | Val Loss: 2.0723 | Val Acc: 0.2857
2025-06-24 04:45:09,728 [INFO] Epoch 131 | Train Loss: 1.1880 | Val Loss: 1.7492 | Val Acc: 0.2500
2025-06-24 04:45:09,808 [INFO] Epoch 132 | Train Loss: 0.9815 | Val Loss: 1.7245 | Val Acc: 0.2500
2025-06-24 04:45:09,914 [INFO] Epoch 133 | Train Loss: 1.0476 | Val Loss: 1.3912 | Val Acc: 0.3929
2025-06-24 04:45:09,988 [INFO] Epoch 134 | Train Loss: 1.0171 | Val Loss: 1.5004 | Val Acc: 0.3571
2025-06-24 04:45:10,082 [INFO] Epoch 135 | Train Loss: 0.9376 | Val Loss: 1.5725 | Val Acc: 0.4286
2025-06-24 04:45:10,195 [INFO] Epoch 136 | Train Loss: 1.0741 | Val Loss: 1.5379 | Val Acc: 0.3750
2025-06-24 04:45:10,273 [INFO] Epoch 137 | Train Loss: 0.9930 | Val Loss: 1.5374 | Val Acc: 0.3214
2025-06-24 04:45:10,349 [INFO] Epoch 138 | Train Loss: 0.9442 | Val Loss: 1.4284 | Val Acc: 0.3571
2025-06-24 04:45:10,428 [INFO] Epoch 139 | Train Loss: 0.8646 | Val Loss: 1.3168 | Val Acc: 0.3214
2025-06-24 04:45:10,518 [INFO] Epoch 140 | Train Loss: 0.9109 | Val Loss: 1.6971 | Val Acc: 0.3393
2025-06-24 04:45:12,241 [INFO] Epoch 141 | Train Loss: 0.8962 | Val Loss: 1.4520 | Val Acc: 0.3214
2025-06-24 04:45:12,344 [INFO] Epoch 142 | Train Loss: 0.9130 | Val Loss: 1.6006 | Val Acc: 0.3393
2025-06-24 04:45:12,415 [INFO] Epoch 143 | Train Loss: 0.8486 | Val Loss: 1.8068 | Val Acc: 0.3214
2025-06-24 04:45:12,486 [INFO] Epoch 144 | Train Loss: 0.9619 | Val Loss: 1.6223 | Val Acc: 0.2679
2025-06-24 04:45:12,554 [INFO] Epoch 145 | Train Loss: 0.9504 | Val Loss: 1.5277 | Val Acc: 0.3929
2025-06-24 04:45:12,625 [INFO] Epoch 146 | Train Loss: 0.8395 | Val Loss: 1.6802 | Val Acc: 0.3214
2025-06-24 04:45:12,695 [INFO] Epoch 147 | Train Loss: 0.8407 | Val Loss: 1.9380 | Val Acc: 0.2857
2025-06-24 04:45:12,783 [INFO] Epoch 148 | Train Loss: 0.9255 | Val Loss: 1.8609 | Val Acc: 0.3750
2025-06-24 04:45:12,860 [INFO] Epoch 149 | Train Loss: 0.9897 | Val Loss: 2.9164 | Val Acc: 0.4464
2025-06-24 04:45:12,940 [INFO] Epoch 150 | Train Loss: 0.9725 | Val Loss: 2.4431 | Val Acc: 0.4286
2025-06-24 04:45:14,637 [INFO] Best model saved to <built-in function time>/ENZYMES/best/best_source_gin.pth (Val Acc: 0.5000 at epoch 83)
2025-06-24 04:45:14,638 [INFO] Training/validation metrics saved to <built-in function time>/ENZYMES/GIN_0.01/train_metrics.csv
2025-06-24 04:45:15,912 [INFO] Final training curves saved
2025-06-24 04:45:15,913 [INFO] Training completed!
2025-06-24 04:45:15,913 [INFO] Best validation accuracy: 0.5000
2025-06-24 04:45:15,913 [INFO] Best epoch: 83
2025-06-24 04:45:15,913 [INFO] Total epochs trained: 150
2025-06-24 04:45:15,913 [INFO] Starting training with parameters: (0.01, 0.4, 512, 2, 150, 0.0001)
