2025-06-20 17:34:14,542 [INFO] Using device: cpu
2025-06-20 17:34:14,542 [INFO] 开始创建数据加载器...
2025-06-20 17:34:14,544 [INFO] Successfully loaded dataset ENZYMES from ./data, total graphs: 600
2025-06-20 17:34:14,544 [INFO] Class allocation analysis:
2025-06-20 17:34:14,544 [INFO]   Source classes: [0, 1, 2, 3]
2025-06-20 17:34:14,544 [INFO]   Target classes: [0, 1, 2, 3, 4, 5]
2025-06-20 17:34:14,544 [INFO]   Overlap classes (to be split): [0, 1, 2, 3]
2025-06-20 17:34:14,544 [INFO]   Target novel classes (unknown): [4, 5]
2025-06-20 17:34:14,558 [INFO]   Class 0: 100 total -> Source: 70, Target: 30
2025-06-20 17:34:14,558 [INFO]   Class 1: 100 total -> Source: 70, Target: 30
2025-06-20 17:34:14,558 [INFO]   Class 2: 100 total -> Source: 70, Target: 30
2025-06-20 17:34:14,558 [INFO]   Class 3: 100 total -> Source: 70, Target: 30
2025-06-20 17:34:14,558 [INFO]   Class 4 (novel/unknown): 100 samples -> Target
2025-06-20 17:34:14,558 [INFO]   Class 5 (novel/unknown): 100 samples -> Target
2025-06-20 17:34:14,559 [INFO] Final allocation:
2025-06-20 17:34:14,559 [INFO]   Source domain: 280 samples
2025-06-20 17:34:14,559 [INFO]   Target domain: 320 samples
2025-06-20 17:34:14,560 [INFO] Source domain setup:
2025-06-20 17:34:14,560 [INFO]   Original classes: [0, 1, 2, 3]
2025-06-20 17:34:14,560 [INFO]   Overlap classes used: [0, 1, 2, 3]
2025-06-20 17:34:14,560 [INFO]   Label mapping: {0: 0, 1: 1, 2: 2, 3: 3}
2025-06-20 17:34:14,560 [INFO]   Total data after allocation: 280
2025-06-20 17:34:14,560 [INFO]   Data split - Train: 224, Val: 56
2025-06-20 17:34:14,560 [INFO]   Train label distribution: {0: 56, 1: 56, 3: 56, 2: 56}
2025-06-20 17:34:14,560 [INFO]   Val label distribution: {1: 14, 2: 14, 0: 14, 3: 14}
2025-06-20 17:34:14,561 [INFO] Successfully loaded dataset ENZYMES from ./data, total graphs: 600
2025-06-20 17:34:14,561 [INFO] Class allocation analysis:
2025-06-20 17:34:14,561 [INFO]   Source classes: [0, 1, 2, 3]
2025-06-20 17:34:14,561 [INFO]   Target classes: [0, 1, 2, 3, 4, 5]
2025-06-20 17:34:14,561 [INFO]   Overlap classes (to be split): [0, 1, 2, 3]
2025-06-20 17:34:14,561 [INFO]   Target novel classes (unknown): [4, 5]
2025-06-20 17:34:14,640 [INFO]   Class 0: 100 total -> Source: 70, Target: 30
2025-06-20 17:34:14,640 [INFO]   Class 1: 100 total -> Source: 70, Target: 30
2025-06-20 17:34:14,641 [INFO]   Class 2: 100 total -> Source: 70, Target: 30
2025-06-20 17:34:14,641 [INFO]   Class 3: 100 total -> Source: 70, Target: 30
2025-06-20 17:34:14,641 [INFO]   Class 4 (novel/unknown): 100 samples -> Target
2025-06-20 17:34:14,641 [INFO]   Class 5 (novel/unknown): 100 samples -> Target
2025-06-20 17:34:14,641 [INFO] Final allocation:
2025-06-20 17:34:14,641 [INFO]   Source domain: 280 samples
2025-06-20 17:34:14,641 [INFO]   Target domain: 320 samples
2025-06-20 17:34:14,643 [INFO] Target domain setup:
2025-06-20 17:34:14,643 [INFO]   Original classes: [0, 1, 2, 3, 4, 5]
2025-06-20 17:34:14,643 [INFO]   Overlap classes: [0, 1, 2, 3]
2025-06-20 17:34:14,643 [INFO]   Novel classes: [4, 5] -> mapped to unknown label 4
2025-06-20 17:34:14,643 [INFO]   Label mapping: {0: 0, 1: 1, 2: 2, 3: 3, 4: 4, 5: 4}
2025-06-20 17:34:14,643 [INFO]   Total data after allocation: 320
2025-06-20 17:34:14,643 [INFO]   Data split - Train: 256, Val: 64
2025-06-20 17:34:14,643 [INFO]   Total count: 320 (known: 120, unknown: 200)
2025-06-20 17:34:14,643 [INFO]   Total label distribution: {4: 200, 3: 30, 0: 30, 1: 30, 2: 30}
2025-06-20 17:34:14,643 [INFO]   Train label distribution: {4: 160, 0: 24, 2: 24, 3: 24, 1: 24}
2025-06-20 17:34:14,643 [INFO]   Val label distribution: {1: 6, 4: 40, 3: 6, 0: 6, 2: 6}
2025-06-20 17:34:14,643 [INFO] 数据加载器创建完成!
2025-06-20 17:34:14,643 [INFO] 源域类别数: 4 (重叠类别)
2025-06-20 17:34:14,643 [INFO] 目标域类别数: 5 (4个重叠类别 + 1个未知类别)
2025-06-20 17:34:14,643 [INFO] 重叠类别: [0, 1, 2, 3]
2025-06-20 17:34:14,643 [INFO] 目标域新类别: [4, 5]
2025-06-20 17:34:14,643 [INFO] Data allocation verification:
2025-06-20 17:34:14,643 [INFO]   Source data samples: 280
2025-06-20 17:34:14,643 [INFO]   Target data samples: 320
2025-06-20 17:34:14,643 [INFO]   Overlapping samples: 0
2025-06-20 17:34:14,643 [INFO]   ✓ Data allocation is correct - no overlapping samples
2025-06-20 17:34:14,645 [INFO] Model initialized with 5924 parameters
2025-06-20 17:34:14,645 [INFO] Previous best validation accuracy read from record.txt: 0.6071
2025-06-20 17:34:14,645 [INFO] Starting training...
2025-06-20 17:34:14,668 [INFO] Epoch 001 | Train Loss: 10.9993 | Val Loss: 2.2299 | Val Acc: 0.2500
2025-06-20 17:34:14,762 [INFO] New best model at epoch 1 (Val Acc: 0.2500)
2025-06-20 17:34:14,785 [INFO] Epoch 002 | Train Loss: 10.2075 | Val Loss: 2.2824 | Val Acc: 0.3036
2025-06-20 17:34:14,789 [INFO] New best model at epoch 2 (Val Acc: 0.3036)
2025-06-20 17:34:14,811 [INFO] Epoch 003 | Train Loss: 8.8974 | Val Loss: 2.6892 | Val Acc: 0.2321
2025-06-20 17:34:14,834 [INFO] Epoch 004 | Train Loss: 9.0622 | Val Loss: 3.4332 | Val Acc: 0.2500
2025-06-20 17:34:14,857 [INFO] Epoch 005 | Train Loss: 8.0142 | Val Loss: 4.0886 | Val Acc: 0.3214
2025-06-20 17:34:14,860 [INFO] New best model at epoch 5 (Val Acc: 0.3214)
2025-06-20 17:34:14,882 [INFO] Epoch 006 | Train Loss: 8.1737 | Val Loss: 4.4994 | Val Acc: 0.3036
2025-06-20 17:34:14,908 [INFO] Epoch 007 | Train Loss: 7.4278 | Val Loss: 4.6200 | Val Acc: 0.2143
2025-06-20 17:34:14,933 [INFO] Epoch 008 | Train Loss: 7.1987 | Val Loss: 5.3129 | Val Acc: 0.2321
2025-06-20 17:34:14,956 [INFO] Epoch 009 | Train Loss: 6.7440 | Val Loss: 6.0712 | Val Acc: 0.2857
2025-06-20 17:34:14,979 [INFO] Epoch 010 | Train Loss: 6.0394 | Val Loss: 5.7447 | Val Acc: 0.2143
2025-06-20 17:34:15,106 [INFO] Epoch 011 | Train Loss: 5.6956 | Val Loss: 5.5443 | Val Acc: 0.2500
2025-06-20 17:34:15,140 [INFO] Epoch 012 | Train Loss: 5.9248 | Val Loss: 5.1819 | Val Acc: 0.2500
2025-06-20 17:34:15,166 [INFO] Epoch 013 | Train Loss: 5.2154 | Val Loss: 4.8775 | Val Acc: 0.2857
2025-06-20 17:34:15,191 [INFO] Epoch 014 | Train Loss: 4.9158 | Val Loss: 4.6060 | Val Acc: 0.2857
2025-06-20 17:34:15,217 [INFO] Epoch 015 | Train Loss: 5.1883 | Val Loss: 4.3497 | Val Acc: 0.2679
2025-06-20 17:34:15,246 [INFO] Epoch 016 | Train Loss: 5.0618 | Val Loss: 4.0790 | Val Acc: 0.2679
2025-06-20 17:34:15,268 [INFO] Epoch 017 | Train Loss: 4.9440 | Val Loss: 3.8655 | Val Acc: 0.2500
2025-06-20 17:34:15,293 [INFO] Epoch 018 | Train Loss: 4.7232 | Val Loss: 3.5932 | Val Acc: 0.3036
2025-06-20 17:34:15,317 [INFO] Epoch 019 | Train Loss: 3.7455 | Val Loss: 3.3824 | Val Acc: 0.2679
2025-06-20 17:34:15,343 [INFO] Epoch 020 | Train Loss: 4.8467 | Val Loss: 3.0375 | Val Acc: 0.2679
2025-06-20 17:34:15,476 [INFO] Epoch 021 | Train Loss: 3.8765 | Val Loss: 2.8570 | Val Acc: 0.2857
2025-06-20 17:34:15,503 [INFO] Epoch 022 | Train Loss: 4.2883 | Val Loss: 2.7485 | Val Acc: 0.3214
2025-06-20 17:34:15,528 [INFO] Epoch 023 | Train Loss: 4.2026 | Val Loss: 2.5626 | Val Acc: 0.3036
2025-06-20 17:34:15,553 [INFO] Epoch 024 | Train Loss: 3.5542 | Val Loss: 2.5682 | Val Acc: 0.3036
2025-06-20 17:34:15,581 [INFO] Epoch 025 | Train Loss: 3.6907 | Val Loss: 2.6289 | Val Acc: 0.3036
2025-06-20 17:34:15,611 [INFO] Epoch 026 | Train Loss: 3.9486 | Val Loss: 2.6124 | Val Acc: 0.2679
2025-06-20 17:34:15,637 [INFO] Epoch 027 | Train Loss: 3.6369 | Val Loss: 2.4386 | Val Acc: 0.2857
2025-06-20 17:34:15,663 [INFO] Epoch 028 | Train Loss: 3.8329 | Val Loss: 2.3284 | Val Acc: 0.2857
2025-06-20 17:34:15,686 [INFO] Epoch 029 | Train Loss: 3.6718 | Val Loss: 2.2720 | Val Acc: 0.2679
2025-06-20 17:34:15,716 [INFO] Epoch 030 | Train Loss: 3.4179 | Val Loss: 2.2984 | Val Acc: 0.3036
2025-06-20 17:34:15,852 [INFO] Epoch 031 | Train Loss: 4.2066 | Val Loss: 2.1061 | Val Acc: 0.3214
2025-06-20 17:34:15,879 [INFO] Epoch 032 | Train Loss: 3.8296 | Val Loss: 2.0308 | Val Acc: 0.3036
2025-06-20 17:34:15,909 [INFO] Epoch 033 | Train Loss: 3.0986 | Val Loss: 2.0674 | Val Acc: 0.3214
2025-06-20 17:34:15,934 [INFO] Epoch 034 | Train Loss: 3.6966 | Val Loss: 2.1297 | Val Acc: 0.3036
2025-06-20 17:34:15,957 [INFO] Epoch 035 | Train Loss: 3.3080 | Val Loss: 1.9816 | Val Acc: 0.3036
2025-06-20 17:34:15,979 [INFO] Epoch 036 | Train Loss: 2.6994 | Val Loss: 1.9547 | Val Acc: 0.3393
2025-06-20 17:34:15,982 [INFO] New best model at epoch 36 (Val Acc: 0.3393)
2025-06-20 17:34:16,003 [INFO] Epoch 037 | Train Loss: 3.1098 | Val Loss: 1.9024 | Val Acc: 0.3750
2025-06-20 17:34:16,006 [INFO] New best model at epoch 37 (Val Acc: 0.3750)
2025-06-20 17:34:16,028 [INFO] Epoch 038 | Train Loss: 2.8863 | Val Loss: 1.8301 | Val Acc: 0.3750
2025-06-20 17:34:16,055 [INFO] Epoch 039 | Train Loss: 3.3465 | Val Loss: 1.8522 | Val Acc: 0.3750
2025-06-20 17:34:16,078 [INFO] Epoch 040 | Train Loss: 2.4593 | Val Loss: 1.7095 | Val Acc: 0.3929
2025-06-20 17:34:16,229 [INFO] New best model at epoch 40 (Val Acc: 0.3929)
2025-06-20 17:34:16,255 [INFO] Epoch 041 | Train Loss: 2.9188 | Val Loss: 1.7369 | Val Acc: 0.3929
2025-06-20 17:34:16,276 [INFO] Epoch 042 | Train Loss: 2.8646 | Val Loss: 1.7303 | Val Acc: 0.3750
2025-06-20 17:34:16,299 [INFO] Epoch 043 | Train Loss: 2.7532 | Val Loss: 1.6768 | Val Acc: 0.3571
2025-06-20 17:34:16,319 [INFO] Epoch 044 | Train Loss: 2.6146 | Val Loss: 1.7662 | Val Acc: 0.4107
2025-06-20 17:34:16,323 [INFO] New best model at epoch 44 (Val Acc: 0.4107)
2025-06-20 17:34:16,344 [INFO] Epoch 045 | Train Loss: 2.5279 | Val Loss: 1.8636 | Val Acc: 0.4286
2025-06-20 17:34:16,348 [INFO] New best model at epoch 45 (Val Acc: 0.4286)
2025-06-20 17:34:16,370 [INFO] Epoch 046 | Train Loss: 3.2608 | Val Loss: 1.8696 | Val Acc: 0.4107
2025-06-20 17:34:16,398 [INFO] Epoch 047 | Train Loss: 3.1777 | Val Loss: 1.9485 | Val Acc: 0.4107
2025-06-20 17:34:16,418 [INFO] Epoch 048 | Train Loss: 2.6372 | Val Loss: 1.9084 | Val Acc: 0.3750
2025-06-20 17:34:16,443 [INFO] Epoch 049 | Train Loss: 3.4695 | Val Loss: 1.7096 | Val Acc: 0.3929
2025-06-20 17:34:16,470 [INFO] Epoch 050 | Train Loss: 2.8590 | Val Loss: 1.6434 | Val Acc: 0.3750
2025-06-20 17:34:16,576 [INFO] Best model saved to <built-in function time>/ENZYMES/best/best_source_gin.pth (Val Acc: 0.4286 at epoch 45)
2025-06-20 17:34:16,576 [INFO] Training/validation metrics saved to <built-in function time>/ENZYMES/GIN_0.0001/train_metrics.csv
2025-06-20 17:34:16,676 [INFO] Final training curves saved
2025-06-20 17:34:16,676 [INFO] Training completed!
2025-06-20 17:34:16,676 [INFO] Best validation accuracy: 0.4286
2025-06-20 17:34:16,676 [INFO] Best epoch: 45
2025-06-20 17:34:16,676 [INFO] Total epochs trained: 50
2025-06-20 17:34:16,676 [INFO] Starting training with parameters: (0.0001, 0.1, 32, 3, 50, 0.001)
