2025-06-22 00:51:40,338 [INFO] Using device: cpu
2025-06-22 00:51:40,338 [INFO] 开始创建数据加载器...
2025-06-22 00:51:40,339 [INFO] Successfully loaded dataset ENZYMES from ./data, total graphs: 600
2025-06-22 00:51:40,339 [INFO] Class allocation analysis:
2025-06-22 00:51:40,339 [INFO]   Source classes: [0, 1, 2, 3]
2025-06-22 00:51:40,339 [INFO]   Target classes: [0, 1, 2, 3, 4, 5]
2025-06-22 00:51:40,339 [INFO]   Overlap classes (to be split): [0, 1, 2, 3]
2025-06-22 00:51:40,339 [INFO]   Target novel classes (unknown): [4, 5]
2025-06-22 00:51:40,353 [INFO]   Class 0: 100 total -> Source: 70, Target: 30
2025-06-22 00:51:40,353 [INFO]   Class 1: 100 total -> Source: 70, Target: 30
2025-06-22 00:51:40,353 [INFO]   Class 2: 100 total -> Source: 70, Target: 30
2025-06-22 00:51:40,353 [INFO]   Class 3: 100 total -> Source: 70, Target: 30
2025-06-22 00:51:40,353 [INFO]   Class 4 (novel/unknown): 100 samples -> Target
2025-06-22 00:51:40,353 [INFO]   Class 5 (novel/unknown): 100 samples -> Target
2025-06-22 00:51:40,353 [INFO] Final allocation:
2025-06-22 00:51:40,353 [INFO]   Source domain: 280 samples
2025-06-22 00:51:40,353 [INFO]   Target domain: 320 samples
2025-06-22 00:51:40,354 [INFO] Source domain setup:
2025-06-22 00:51:40,354 [INFO]   Original classes: [0, 1, 2, 3]
2025-06-22 00:51:40,354 [INFO]   Overlap classes used: [0, 1, 2, 3]
2025-06-22 00:51:40,354 [INFO]   Label mapping: {0: 0, 1: 1, 2: 2, 3: 3}
2025-06-22 00:51:40,354 [INFO]   Total data after allocation: 280
2025-06-22 00:51:40,355 [INFO]   Data split - Train: 224, Val: 56
2025-06-22 00:51:40,355 [INFO]   Train label distribution: {0: 56, 1: 56, 3: 56, 2: 56}
2025-06-22 00:51:40,355 [INFO]   Val label distribution: {1: 14, 2: 14, 0: 14, 3: 14}
2025-06-22 00:51:40,356 [INFO] Successfully loaded dataset ENZYMES from ./data, total graphs: 600
2025-06-22 00:51:40,356 [INFO] Class allocation analysis:
2025-06-22 00:51:40,356 [INFO]   Source classes: [0, 1, 2, 3]
2025-06-22 00:51:40,356 [INFO]   Target classes: [0, 1, 2, 3, 4, 5]
2025-06-22 00:51:40,356 [INFO]   Overlap classes (to be split): [0, 1, 2, 3]
2025-06-22 00:51:40,356 [INFO]   Target novel classes (unknown): [4, 5]
2025-06-22 00:51:40,369 [INFO]   Class 0: 100 total -> Source: 70, Target: 30
2025-06-22 00:51:40,369 [INFO]   Class 1: 100 total -> Source: 70, Target: 30
2025-06-22 00:51:40,370 [INFO]   Class 2: 100 total -> Source: 70, Target: 30
2025-06-22 00:51:40,370 [INFO]   Class 3: 100 total -> Source: 70, Target: 30
2025-06-22 00:51:40,370 [INFO]   Class 4 (novel/unknown): 100 samples -> Target
2025-06-22 00:51:40,370 [INFO]   Class 5 (novel/unknown): 100 samples -> Target
2025-06-22 00:51:40,370 [INFO] Final allocation:
2025-06-22 00:51:40,370 [INFO]   Source domain: 280 samples
2025-06-22 00:51:40,370 [INFO]   Target domain: 320 samples
2025-06-22 00:51:40,371 [INFO] Target domain setup:
2025-06-22 00:51:40,372 [INFO]   Original classes: [0, 1, 2, 3, 4, 5]
2025-06-22 00:51:40,372 [INFO]   Overlap classes: [0, 1, 2, 3]
2025-06-22 00:51:40,372 [INFO]   Novel classes: [4, 5] -> mapped to unknown label 4
2025-06-22 00:51:40,372 [INFO]   Label mapping: {0: 0, 1: 1, 2: 2, 3: 3, 4: 4, 5: 4}
2025-06-22 00:51:40,372 [INFO]   Total data after allocation: 320
2025-06-22 00:51:40,372 [INFO]   Data split - Train: 256, Val: 64
2025-06-22 00:51:40,372 [INFO]   Total count: 320 (known: 120, unknown: 200)
2025-06-22 00:51:40,372 [INFO]   Total label distribution: {4: 200, 3: 30, 0: 30, 1: 30, 2: 30}
2025-06-22 00:51:40,372 [INFO]   Train label distribution: {4: 160, 0: 24, 2: 24, 3: 24, 1: 24}
2025-06-22 00:51:40,372 [INFO]   Val label distribution: {1: 6, 4: 40, 3: 6, 0: 6, 2: 6}
2025-06-22 00:51:40,372 [INFO] 数据加载器创建完成!
2025-06-22 00:51:40,372 [INFO] 源域类别数: 4 (重叠类别)
2025-06-22 00:51:40,372 [INFO] 目标域类别数: 5 (4个重叠类别 + 1个未知类别)
2025-06-22 00:51:40,372 [INFO] 重叠类别: [0, 1, 2, 3]
2025-06-22 00:51:40,372 [INFO] 目标域新类别: [4, 5]
2025-06-22 00:51:40,372 [INFO] Data allocation verification:
2025-06-22 00:51:40,372 [INFO]   Source data samples: 280
2025-06-22 00:51:40,372 [INFO]   Target data samples: 320
2025-06-22 00:51:40,372 [INFO]   Overlapping samples: 0
2025-06-22 00:51:40,372 [INFO]   ✓ Data allocation is correct - no overlapping samples
2025-06-22 00:51:40,373 [INFO] Model initialized with 68868 parameters
2025-06-22 00:51:40,373 [INFO] Previous best validation accuracy read from record.txt: 0.6250
2025-06-22 00:51:40,373 [INFO] Starting training...
2025-06-22 00:51:40,390 [INFO] Epoch 001 | Train Loss: 6.8703 | Val Loss: 3.9302 | Val Acc: 0.2500
2025-06-22 00:51:40,933 [INFO] New best model at epoch 1 (Val Acc: 0.2500)
2025-06-22 00:51:40,949 [INFO] Epoch 002 | Train Loss: 4.7140 | Val Loss: 4.0932 | Val Acc: 0.3393
2025-06-22 00:51:40,952 [INFO] New best model at epoch 2 (Val Acc: 0.3393)
2025-06-22 00:51:40,967 [INFO] Epoch 003 | Train Loss: 4.2938 | Val Loss: 1.9068 | Val Acc: 0.3571
2025-06-22 00:51:40,969 [INFO] New best model at epoch 3 (Val Acc: 0.3571)
2025-06-22 00:51:40,983 [INFO] Epoch 004 | Train Loss: 2.9299 | Val Loss: 2.2339 | Val Acc: 0.3750
2025-06-22 00:51:40,985 [INFO] New best model at epoch 4 (Val Acc: 0.3750)
2025-06-22 00:51:40,998 [INFO] Epoch 005 | Train Loss: 3.2833 | Val Loss: 2.1293 | Val Acc: 0.4286
2025-06-22 00:51:41,001 [INFO] New best model at epoch 5 (Val Acc: 0.4286)
2025-06-22 00:51:41,015 [INFO] Epoch 006 | Train Loss: 2.7843 | Val Loss: 2.1016 | Val Acc: 0.3571
2025-06-22 00:51:41,030 [INFO] Epoch 007 | Train Loss: 2.8965 | Val Loss: 2.8023 | Val Acc: 0.3214
2025-06-22 00:51:41,049 [INFO] Epoch 008 | Train Loss: 2.4179 | Val Loss: 2.7851 | Val Acc: 0.3214
2025-06-22 00:51:41,065 [INFO] Epoch 009 | Train Loss: 3.1930 | Val Loss: 3.3489 | Val Acc: 0.2500
2025-06-22 00:51:41,083 [INFO] Epoch 010 | Train Loss: 2.6707 | Val Loss: 2.7876 | Val Acc: 0.3214
2025-06-22 00:51:41,510 [INFO] Epoch 011 | Train Loss: 2.7129 | Val Loss: 2.8590 | Val Acc: 0.2857
2025-06-22 00:51:41,525 [INFO] Epoch 012 | Train Loss: 3.0708 | Val Loss: 2.8609 | Val Acc: 0.3571
2025-06-22 00:51:41,539 [INFO] Epoch 013 | Train Loss: 3.2364 | Val Loss: 3.0891 | Val Acc: 0.3214
2025-06-22 00:51:41,555 [INFO] Epoch 014 | Train Loss: 3.0134 | Val Loss: 3.0350 | Val Acc: 0.3571
2025-06-22 00:51:41,575 [INFO] Epoch 015 | Train Loss: 2.7360 | Val Loss: 2.5405 | Val Acc: 0.3214
2025-06-22 00:51:41,590 [INFO] Epoch 016 | Train Loss: 2.8427 | Val Loss: 2.2146 | Val Acc: 0.3929
2025-06-22 00:51:41,606 [INFO] Epoch 017 | Train Loss: 2.3180 | Val Loss: 2.4504 | Val Acc: 0.2679
2025-06-22 00:51:41,622 [INFO] Epoch 018 | Train Loss: 2.3913 | Val Loss: 2.1002 | Val Acc: 0.3571
2025-06-22 00:51:41,636 [INFO] Epoch 019 | Train Loss: 2.3468 | Val Loss: 2.1006 | Val Acc: 0.4286
2025-06-22 00:51:41,655 [INFO] Epoch 020 | Train Loss: 2.6047 | Val Loss: 2.1362 | Val Acc: 0.4286
2025-06-22 00:51:42,188 [INFO] Epoch 021 | Train Loss: 2.4493 | Val Loss: 2.1437 | Val Acc: 0.4464
2025-06-22 00:51:42,190 [INFO] New best model at epoch 21 (Val Acc: 0.4464)
2025-06-22 00:51:42,205 [INFO] Epoch 022 | Train Loss: 2.4495 | Val Loss: 2.6071 | Val Acc: 0.2857
2025-06-22 00:51:42,221 [INFO] Epoch 023 | Train Loss: 2.2259 | Val Loss: 2.1851 | Val Acc: 0.3750
2025-06-22 00:51:42,237 [INFO] Epoch 024 | Train Loss: 2.2789 | Val Loss: 2.0027 | Val Acc: 0.3750
2025-06-22 00:51:42,252 [INFO] Epoch 025 | Train Loss: 2.4449 | Val Loss: 2.4555 | Val Acc: 0.3393
2025-06-22 00:51:42,267 [INFO] Epoch 026 | Train Loss: 2.0781 | Val Loss: 2.7625 | Val Acc: 0.2857
2025-06-22 00:51:42,286 [INFO] Epoch 027 | Train Loss: 2.5197 | Val Loss: 2.1089 | Val Acc: 0.3571
2025-06-22 00:51:42,305 [INFO] Epoch 028 | Train Loss: 2.2857 | Val Loss: 2.5925 | Val Acc: 0.3571
2025-06-22 00:51:42,325 [INFO] Epoch 029 | Train Loss: 2.3238 | Val Loss: 2.4877 | Val Acc: 0.4286
2025-06-22 00:51:42,343 [INFO] Epoch 030 | Train Loss: 2.4362 | Val Loss: 2.9255 | Val Acc: 0.1964
2025-06-22 00:51:43,536 [INFO] Epoch 031 | Train Loss: 2.5151 | Val Loss: 1.9911 | Val Acc: 0.3929
2025-06-22 00:51:43,556 [INFO] Epoch 032 | Train Loss: 2.1657 | Val Loss: 2.5926 | Val Acc: 0.3571
2025-06-22 00:51:43,578 [INFO] Epoch 033 | Train Loss: 2.5355 | Val Loss: 2.6282 | Val Acc: 0.2857
2025-06-22 00:51:43,598 [INFO] Epoch 034 | Train Loss: 2.1484 | Val Loss: 1.9180 | Val Acc: 0.3036
2025-06-22 00:51:43,615 [INFO] Epoch 035 | Train Loss: 2.0710 | Val Loss: 1.9716 | Val Acc: 0.3393
2025-06-22 00:51:43,631 [INFO] Epoch 036 | Train Loss: 2.1337 | Val Loss: 1.9558 | Val Acc: 0.3393
2025-06-22 00:51:43,646 [INFO] Epoch 037 | Train Loss: 2.0316 | Val Loss: 2.6175 | Val Acc: 0.2321
2025-06-22 00:51:43,662 [INFO] Epoch 038 | Train Loss: 1.9175 | Val Loss: 2.2287 | Val Acc: 0.2857
2025-06-22 00:51:43,677 [INFO] Epoch 039 | Train Loss: 2.3456 | Val Loss: 1.7073 | Val Acc: 0.4286
2025-06-22 00:51:43,692 [INFO] Epoch 040 | Train Loss: 2.2997 | Val Loss: 2.6093 | Val Acc: 0.3036
2025-06-22 00:51:44,152 [INFO] Epoch 041 | Train Loss: 2.1858 | Val Loss: 2.1590 | Val Acc: 0.4464
2025-06-22 00:51:44,167 [INFO] Epoch 042 | Train Loss: 2.2467 | Val Loss: 2.1660 | Val Acc: 0.3036
2025-06-22 00:51:44,183 [INFO] Epoch 043 | Train Loss: 1.8440 | Val Loss: 1.6488 | Val Acc: 0.4643
2025-06-22 00:51:44,185 [INFO] New best model at epoch 43 (Val Acc: 0.4643)
2025-06-22 00:51:44,198 [INFO] Epoch 044 | Train Loss: 1.8117 | Val Loss: 1.7367 | Val Acc: 0.4464
2025-06-22 00:51:44,213 [INFO] Epoch 045 | Train Loss: 1.9094 | Val Loss: 1.8450 | Val Acc: 0.3571
2025-06-22 00:51:44,228 [INFO] Epoch 046 | Train Loss: 1.8822 | Val Loss: 2.2229 | Val Acc: 0.3393
2025-06-22 00:51:44,244 [INFO] Epoch 047 | Train Loss: 2.2785 | Val Loss: 2.0744 | Val Acc: 0.3571
2025-06-22 00:51:44,261 [INFO] Epoch 048 | Train Loss: 2.0685 | Val Loss: 2.0736 | Val Acc: 0.2321
2025-06-22 00:51:44,279 [INFO] Epoch 049 | Train Loss: 2.0289 | Val Loss: 2.0953 | Val Acc: 0.3393
2025-06-22 00:51:44,295 [INFO] Epoch 050 | Train Loss: 2.0467 | Val Loss: 2.1548 | Val Acc: 0.4107
2025-06-22 00:51:44,774 [INFO] Epoch 051 | Train Loss: 2.0346 | Val Loss: 2.2038 | Val Acc: 0.2857
2025-06-22 00:51:44,789 [INFO] Epoch 052 | Train Loss: 2.2153 | Val Loss: 2.2127 | Val Acc: 0.3393
2025-06-22 00:51:44,804 [INFO] Epoch 053 | Train Loss: 2.2851 | Val Loss: 2.0449 | Val Acc: 0.3571
2025-06-22 00:51:44,820 [INFO] Epoch 054 | Train Loss: 2.0177 | Val Loss: 2.0143 | Val Acc: 0.3571
2025-06-22 00:51:44,836 [INFO] Epoch 055 | Train Loss: 1.9541 | Val Loss: 2.0221 | Val Acc: 0.3929
2025-06-22 00:51:44,852 [INFO] Epoch 056 | Train Loss: 1.9998 | Val Loss: 1.9219 | Val Acc: 0.2500
2025-06-22 00:51:44,868 [INFO] Epoch 057 | Train Loss: 2.1500 | Val Loss: 2.1441 | Val Acc: 0.3571
2025-06-22 00:51:44,882 [INFO] Epoch 058 | Train Loss: 1.8128 | Val Loss: 1.5214 | Val Acc: 0.3929
2025-06-22 00:51:44,904 [INFO] Epoch 059 | Train Loss: 1.8739 | Val Loss: 1.8305 | Val Acc: 0.3214
2025-06-22 00:51:44,927 [INFO] Epoch 060 | Train Loss: 1.8492 | Val Loss: 2.1872 | Val Acc: 0.2679
2025-06-22 00:51:45,452 [INFO] Epoch 061 | Train Loss: 1.7707 | Val Loss: 2.1519 | Val Acc: 0.3036
2025-06-22 00:51:45,468 [INFO] Epoch 062 | Train Loss: 1.7441 | Val Loss: 2.0442 | Val Acc: 0.3036
2025-06-22 00:51:45,484 [INFO] Epoch 063 | Train Loss: 1.8491 | Val Loss: 1.8731 | Val Acc: 0.2679
2025-06-22 00:51:45,498 [INFO] Epoch 064 | Train Loss: 1.7713 | Val Loss: 1.9786 | Val Acc: 0.3393
2025-06-22 00:51:45,513 [INFO] Epoch 065 | Train Loss: 1.7388 | Val Loss: 1.9963 | Val Acc: 0.2500
2025-06-22 00:51:45,529 [INFO] Epoch 066 | Train Loss: 1.9310 | Val Loss: 1.9836 | Val Acc: 0.3393
2025-06-22 00:51:45,544 [INFO] Epoch 067 | Train Loss: 2.0486 | Val Loss: 1.6986 | Val Acc: 0.3393
2025-06-22 00:51:45,559 [INFO] Epoch 068 | Train Loss: 1.8159 | Val Loss: 1.5527 | Val Acc: 0.3571
2025-06-22 00:51:45,574 [INFO] Epoch 069 | Train Loss: 1.6610 | Val Loss: 1.5666 | Val Acc: 0.4107
2025-06-22 00:51:45,589 [INFO] Epoch 070 | Train Loss: 1.8036 | Val Loss: 1.9420 | Val Acc: 0.3750
2025-06-22 00:51:46,108 [INFO] Epoch 071 | Train Loss: 1.9191 | Val Loss: 2.0364 | Val Acc: 0.3036
2025-06-22 00:51:46,123 [INFO] Epoch 072 | Train Loss: 1.7670 | Val Loss: 1.6056 | Val Acc: 0.3750
2025-06-22 00:51:46,139 [INFO] Epoch 073 | Train Loss: 1.6286 | Val Loss: 2.0574 | Val Acc: 0.3214
2025-06-22 00:51:46,154 [INFO] Epoch 074 | Train Loss: 1.9329 | Val Loss: 2.0661 | Val Acc: 0.3214
2025-06-22 00:51:46,170 [INFO] Epoch 075 | Train Loss: 1.7121 | Val Loss: 1.8012 | Val Acc: 0.3929
2025-06-22 00:51:46,186 [INFO] Epoch 076 | Train Loss: 1.8166 | Val Loss: 2.2218 | Val Acc: 0.3036
2025-06-22 00:51:46,201 [INFO] Epoch 077 | Train Loss: 1.5777 | Val Loss: 2.3568 | Val Acc: 0.2679
2025-06-22 00:51:46,215 [INFO] Epoch 078 | Train Loss: 1.7412 | Val Loss: 1.7267 | Val Acc: 0.3393
2025-06-22 00:51:46,229 [INFO] Epoch 079 | Train Loss: 1.5774 | Val Loss: 1.7233 | Val Acc: 0.3750
2025-06-22 00:51:46,244 [INFO] Epoch 080 | Train Loss: 1.6649 | Val Loss: 1.6203 | Val Acc: 0.3571
2025-06-22 00:51:46,741 [INFO] Epoch 081 | Train Loss: 1.6316 | Val Loss: 1.6803 | Val Acc: 0.4107
2025-06-22 00:51:46,759 [INFO] Epoch 082 | Train Loss: 1.5603 | Val Loss: 1.7295 | Val Acc: 0.3214
2025-06-22 00:51:46,774 [INFO] Epoch 083 | Train Loss: 1.7660 | Val Loss: 1.7127 | Val Acc: 0.3929
2025-06-22 00:51:46,789 [INFO] Epoch 084 | Train Loss: 1.4252 | Val Loss: 2.0037 | Val Acc: 0.3750
2025-06-22 00:51:46,805 [INFO] Epoch 085 | Train Loss: 1.8211 | Val Loss: 1.9661 | Val Acc: 0.3393
2025-06-22 00:51:46,824 [INFO] Epoch 086 | Train Loss: 1.6216 | Val Loss: 1.6151 | Val Acc: 0.3393
2025-06-22 00:51:46,843 [INFO] Epoch 087 | Train Loss: 1.5469 | Val Loss: 1.4595 | Val Acc: 0.4643
2025-06-22 00:51:46,862 [INFO] Epoch 088 | Train Loss: 1.6432 | Val Loss: 1.6104 | Val Acc: 0.4286
2025-06-22 00:51:46,880 [INFO] Epoch 089 | Train Loss: 1.4949 | Val Loss: 1.9245 | Val Acc: 0.2321
2025-06-22 00:51:46,896 [INFO] Epoch 090 | Train Loss: 1.3956 | Val Loss: 1.6316 | Val Acc: 0.4107
2025-06-22 00:51:47,308 [INFO] Epoch 091 | Train Loss: 1.3493 | Val Loss: 1.6674 | Val Acc: 0.3571
2025-06-22 00:51:47,330 [INFO] Epoch 092 | Train Loss: 1.6733 | Val Loss: 1.8501 | Val Acc: 0.3929
2025-06-22 00:51:47,351 [INFO] Epoch 093 | Train Loss: 1.4491 | Val Loss: 1.7631 | Val Acc: 0.3929
2025-06-22 00:51:47,369 [INFO] Epoch 094 | Train Loss: 1.5325 | Val Loss: 1.7470 | Val Acc: 0.3750
2025-06-22 00:51:47,383 [INFO] Epoch 095 | Train Loss: 1.5835 | Val Loss: 1.6116 | Val Acc: 0.4286
2025-06-22 00:51:47,398 [INFO] Epoch 096 | Train Loss: 1.3669 | Val Loss: 1.5477 | Val Acc: 0.3929
2025-06-22 00:51:47,413 [INFO] Epoch 097 | Train Loss: 1.4832 | Val Loss: 1.5049 | Val Acc: 0.4286
2025-06-22 00:51:47,427 [INFO] Epoch 098 | Train Loss: 1.4942 | Val Loss: 1.8696 | Val Acc: 0.3214
2025-06-22 00:51:47,443 [INFO] Epoch 099 | Train Loss: 1.5588 | Val Loss: 1.8488 | Val Acc: 0.3036
2025-06-22 00:51:47,457 [INFO] Epoch 100 | Train Loss: 1.6172 | Val Loss: 2.0257 | Val Acc: 0.2679
2025-06-22 00:51:47,900 [INFO] Best model saved to <built-in function time>/ENZYMES/best/best_source_gin.pth (Val Acc: 0.4643 at epoch 43)
2025-06-22 00:51:47,900 [INFO] Training/validation metrics saved to <built-in function time>/ENZYMES/GIN_0.001/train_metrics.csv
2025-06-22 00:51:48,342 [INFO] Final training curves saved
2025-06-22 00:51:48,342 [INFO] Training completed!
2025-06-22 00:51:48,342 [INFO] Best validation accuracy: 0.4643
2025-06-22 00:51:48,342 [INFO] Best epoch: 43
2025-06-22 00:51:48,342 [INFO] Total epochs trained: 100
2025-06-22 00:51:48,343 [INFO] Starting training with parameters: (0.001, 0.1, 256, 1, 100, 0.0001)
