2025-06-22 04:28:47,035 [INFO] Using device: cpu
2025-06-22 04:28:47,035 [INFO] 开始创建数据加载器...
2025-06-22 04:28:47,038 [INFO] Successfully loaded dataset ENZYMES from ./data, total graphs: 600
2025-06-22 04:28:47,038 [INFO] Class allocation analysis:
2025-06-22 04:28:47,038 [INFO]   Source classes: [0, 1, 2, 3]
2025-06-22 04:28:47,038 [INFO]   Target classes: [0, 1, 2, 3, 4, 5]
2025-06-22 04:28:47,038 [INFO]   Overlap classes (to be split): [0, 1, 2, 3]
2025-06-22 04:28:47,038 [INFO]   Target novel classes (unknown): [4, 5]
2025-06-22 04:28:47,051 [INFO]   Class 0: 100 total -> Source: 70, Target: 30
2025-06-22 04:28:47,052 [INFO]   Class 1: 100 total -> Source: 70, Target: 30
2025-06-22 04:28:47,052 [INFO]   Class 2: 100 total -> Source: 70, Target: 30
2025-06-22 04:28:47,052 [INFO]   Class 3: 100 total -> Source: 70, Target: 30
2025-06-22 04:28:47,052 [INFO]   Class 4 (novel/unknown): 100 samples -> Target
2025-06-22 04:28:47,052 [INFO]   Class 5 (novel/unknown): 100 samples -> Target
2025-06-22 04:28:47,052 [INFO] Final allocation:
2025-06-22 04:28:47,052 [INFO]   Source domain: 280 samples
2025-06-22 04:28:47,052 [INFO]   Target domain: 320 samples
2025-06-22 04:28:47,053 [INFO] Source domain setup:
2025-06-22 04:28:47,053 [INFO]   Original classes: [0, 1, 2, 3]
2025-06-22 04:28:47,053 [INFO]   Overlap classes used: [0, 1, 2, 3]
2025-06-22 04:28:47,053 [INFO]   Label mapping: {0: 0, 1: 1, 2: 2, 3: 3}
2025-06-22 04:28:47,053 [INFO]   Total data after allocation: 280
2025-06-22 04:28:47,053 [INFO]   Data split - Train: 224, Val: 56
2025-06-22 04:28:47,053 [INFO]   Train label distribution: {0: 56, 1: 56, 3: 56, 2: 56}
2025-06-22 04:28:47,053 [INFO]   Val label distribution: {1: 14, 2: 14, 0: 14, 3: 14}
2025-06-22 04:28:47,055 [INFO] Successfully loaded dataset ENZYMES from ./data, total graphs: 600
2025-06-22 04:28:47,055 [INFO] Class allocation analysis:
2025-06-22 04:28:47,055 [INFO]   Source classes: [0, 1, 2, 3]
2025-06-22 04:28:47,055 [INFO]   Target classes: [0, 1, 2, 3, 4, 5]
2025-06-22 04:28:47,055 [INFO]   Overlap classes (to be split): [0, 1, 2, 3]
2025-06-22 04:28:47,055 [INFO]   Target novel classes (unknown): [4, 5]
2025-06-22 04:28:47,067 [INFO]   Class 0: 100 total -> Source: 70, Target: 30
2025-06-22 04:28:47,067 [INFO]   Class 1: 100 total -> Source: 70, Target: 30
2025-06-22 04:28:47,068 [INFO]   Class 2: 100 total -> Source: 70, Target: 30
2025-06-22 04:28:47,068 [INFO]   Class 3: 100 total -> Source: 70, Target: 30
2025-06-22 04:28:47,068 [INFO]   Class 4 (novel/unknown): 100 samples -> Target
2025-06-22 04:28:47,068 [INFO]   Class 5 (novel/unknown): 100 samples -> Target
2025-06-22 04:28:47,068 [INFO] Final allocation:
2025-06-22 04:28:47,068 [INFO]   Source domain: 280 samples
2025-06-22 04:28:47,068 [INFO]   Target domain: 320 samples
2025-06-22 04:28:47,069 [INFO] Target domain setup:
2025-06-22 04:28:47,069 [INFO]   Original classes: [0, 1, 2, 3, 4, 5]
2025-06-22 04:28:47,069 [INFO]   Overlap classes: [0, 1, 2, 3]
2025-06-22 04:28:47,069 [INFO]   Novel classes: [4, 5] -> mapped to unknown label 4
2025-06-22 04:28:47,069 [INFO]   Label mapping: {0: 0, 1: 1, 2: 2, 3: 3, 4: 4, 5: 4}
2025-06-22 04:28:47,069 [INFO]   Total data after allocation: 320
2025-06-22 04:28:47,069 [INFO]   Data split - Train: 256, Val: 64
2025-06-22 04:28:47,070 [INFO]   Total count: 320 (known: 120, unknown: 200)
2025-06-22 04:28:47,070 [INFO]   Total label distribution: {4: 200, 3: 30, 0: 30, 1: 30, 2: 30}
2025-06-22 04:28:47,070 [INFO]   Train label distribution: {4: 160, 0: 24, 2: 24, 3: 24, 1: 24}
2025-06-22 04:28:47,070 [INFO]   Val label distribution: {1: 6, 4: 40, 3: 6, 0: 6, 2: 6}
2025-06-22 04:28:47,070 [INFO] 数据加载器创建完成!
2025-06-22 04:28:47,070 [INFO] 源域类别数: 4 (重叠类别)
2025-06-22 04:28:47,070 [INFO] 目标域类别数: 5 (4个重叠类别 + 1个未知类别)
2025-06-22 04:28:47,070 [INFO] 重叠类别: [0, 1, 2, 3]
2025-06-22 04:28:47,070 [INFO] 目标域新类别: [4, 5]
2025-06-22 04:28:47,070 [INFO] Data allocation verification:
2025-06-22 04:28:47,070 [INFO]   Source data samples: 280
2025-06-22 04:28:47,070 [INFO]   Target data samples: 320
2025-06-22 04:28:47,070 [INFO]   Overlapping samples: 0
2025-06-22 04:28:47,070 [INFO]   ✓ Data allocation is correct - no overlapping samples
2025-06-22 04:28:47,072 [INFO] Model initialized with 22084 parameters
2025-06-22 04:28:47,072 [INFO] Previous best validation accuracy read from record.txt: 0.6250
2025-06-22 04:28:47,072 [INFO] Starting training...
2025-06-22 04:28:47,092 [INFO] Epoch 001 | Train Loss: 10.1805 | Val Loss: 1.4767 | Val Acc: 0.3214
2025-06-22 04:28:47,619 [INFO] New best model at epoch 1 (Val Acc: 0.3214)
2025-06-22 04:28:47,641 [INFO] Epoch 002 | Train Loss: 7.3190 | Val Loss: 1.4329 | Val Acc: 0.3036
2025-06-22 04:28:47,671 [INFO] Epoch 003 | Train Loss: 5.0407 | Val Loss: 1.5829 | Val Acc: 0.2321
2025-06-22 04:28:47,715 [INFO] Epoch 004 | Train Loss: 4.7573 | Val Loss: 1.9313 | Val Acc: 0.3036
2025-06-22 04:28:47,745 [INFO] Epoch 005 | Train Loss: 4.5301 | Val Loss: 2.4112 | Val Acc: 0.2679
2025-06-22 04:28:47,774 [INFO] Epoch 006 | Train Loss: 4.0060 | Val Loss: 2.4605 | Val Acc: 0.3036
2025-06-22 04:28:47,804 [INFO] Epoch 007 | Train Loss: 4.1519 | Val Loss: 2.4155 | Val Acc: 0.3750
2025-06-22 04:28:47,807 [INFO] New best model at epoch 7 (Val Acc: 0.3750)
2025-06-22 04:28:47,835 [INFO] Epoch 008 | Train Loss: 4.2173 | Val Loss: 2.5858 | Val Acc: 0.2857
2025-06-22 04:28:47,871 [INFO] Epoch 009 | Train Loss: 4.3293 | Val Loss: 2.8442 | Val Acc: 0.3393
2025-06-22 04:28:47,892 [INFO] Epoch 010 | Train Loss: 3.2560 | Val Loss: 2.5271 | Val Acc: 0.3929
2025-06-22 04:28:48,421 [INFO] New best model at epoch 10 (Val Acc: 0.3929)
2025-06-22 04:28:48,442 [INFO] Epoch 011 | Train Loss: 3.6218 | Val Loss: 2.3969 | Val Acc: 0.3929
2025-06-22 04:28:48,463 [INFO] Epoch 012 | Train Loss: 3.3594 | Val Loss: 2.2584 | Val Acc: 0.3750
2025-06-22 04:28:48,485 [INFO] Epoch 013 | Train Loss: 3.5706 | Val Loss: 1.8583 | Val Acc: 0.3750
2025-06-22 04:28:48,512 [INFO] Epoch 014 | Train Loss: 3.2900 | Val Loss: 1.8007 | Val Acc: 0.3393
2025-06-22 04:28:48,549 [INFO] Epoch 015 | Train Loss: 2.9020 | Val Loss: 2.1349 | Val Acc: 0.3929
2025-06-22 04:28:48,577 [INFO] Epoch 016 | Train Loss: 2.1339 | Val Loss: 2.0766 | Val Acc: 0.3929
2025-06-22 04:28:48,597 [INFO] Epoch 017 | Train Loss: 2.9157 | Val Loss: 2.0429 | Val Acc: 0.4286
2025-06-22 04:28:48,601 [INFO] New best model at epoch 17 (Val Acc: 0.4286)
2025-06-22 04:28:48,620 [INFO] Epoch 018 | Train Loss: 3.2281 | Val Loss: 2.0705 | Val Acc: 0.3929
2025-06-22 04:28:48,642 [INFO] Epoch 019 | Train Loss: 3.0060 | Val Loss: 1.8883 | Val Acc: 0.3571
2025-06-22 04:28:48,664 [INFO] Epoch 020 | Train Loss: 2.2917 | Val Loss: 1.8894 | Val Acc: 0.3571
2025-06-22 04:28:49,206 [INFO] Epoch 021 | Train Loss: 2.5480 | Val Loss: 2.2899 | Val Acc: 0.3571
2025-06-22 04:28:49,236 [INFO] Epoch 022 | Train Loss: 2.1202 | Val Loss: 2.5351 | Val Acc: 0.3750
2025-06-22 04:28:49,274 [INFO] Epoch 023 | Train Loss: 2.0152 | Val Loss: 2.3754 | Val Acc: 0.4107
2025-06-22 04:28:49,304 [INFO] Epoch 024 | Train Loss: 2.6319 | Val Loss: 2.1383 | Val Acc: 0.3571
2025-06-22 04:28:49,336 [INFO] Epoch 025 | Train Loss: 2.2155 | Val Loss: 2.4403 | Val Acc: 0.3929
2025-06-22 04:28:49,358 [INFO] Epoch 026 | Train Loss: 2.2600 | Val Loss: 2.1983 | Val Acc: 0.4286
2025-06-22 04:28:49,378 [INFO] Epoch 027 | Train Loss: 2.0524 | Val Loss: 2.0394 | Val Acc: 0.4643
2025-06-22 04:28:49,382 [INFO] New best model at epoch 27 (Val Acc: 0.4643)
2025-06-22 04:28:49,401 [INFO] Epoch 028 | Train Loss: 1.8122 | Val Loss: 1.9046 | Val Acc: 0.3750
2025-06-22 04:28:49,423 [INFO] Epoch 029 | Train Loss: 2.1809 | Val Loss: 1.9183 | Val Acc: 0.3571
2025-06-22 04:28:49,444 [INFO] Epoch 030 | Train Loss: 2.3505 | Val Loss: 1.8041 | Val Acc: 0.3750
2025-06-22 04:28:49,996 [INFO] Epoch 031 | Train Loss: 1.6041 | Val Loss: 2.0853 | Val Acc: 0.3393
2025-06-22 04:28:50,018 [INFO] Epoch 032 | Train Loss: 1.6807 | Val Loss: 1.9862 | Val Acc: 0.3929
2025-06-22 04:28:50,039 [INFO] Epoch 033 | Train Loss: 1.7984 | Val Loss: 2.0116 | Val Acc: 0.3571
2025-06-22 04:28:50,060 [INFO] Epoch 034 | Train Loss: 1.7138 | Val Loss: 2.2211 | Val Acc: 0.3929
2025-06-22 04:28:50,081 [INFO] Epoch 035 | Train Loss: 2.2142 | Val Loss: 2.2707 | Val Acc: 0.3393
2025-06-22 04:28:50,110 [INFO] Epoch 036 | Train Loss: 1.6235 | Val Loss: 1.7400 | Val Acc: 0.4107
2025-06-22 04:28:50,132 [INFO] Epoch 037 | Train Loss: 1.5785 | Val Loss: 1.8123 | Val Acc: 0.4643
2025-06-22 04:28:50,153 [INFO] Epoch 038 | Train Loss: 2.0636 | Val Loss: 1.5948 | Val Acc: 0.4821
2025-06-22 04:28:50,157 [INFO] New best model at epoch 38 (Val Acc: 0.4821)
2025-06-22 04:28:50,178 [INFO] Epoch 039 | Train Loss: 1.4040 | Val Loss: 1.5789 | Val Acc: 0.5000
2025-06-22 04:28:50,182 [INFO] New best model at epoch 39 (Val Acc: 0.5000)
2025-06-22 04:28:50,208 [INFO] Epoch 040 | Train Loss: 1.6814 | Val Loss: 1.7767 | Val Acc: 0.4464
2025-06-22 04:28:50,754 [INFO] Epoch 041 | Train Loss: 1.7256 | Val Loss: 1.9944 | Val Acc: 0.4286
2025-06-22 04:28:50,775 [INFO] Epoch 042 | Train Loss: 1.7225 | Val Loss: 1.9477 | Val Acc: 0.3750
2025-06-22 04:28:50,796 [INFO] Epoch 043 | Train Loss: 1.3489 | Val Loss: 1.7841 | Val Acc: 0.3750
2025-06-22 04:28:50,818 [INFO] Epoch 044 | Train Loss: 1.8739 | Val Loss: 1.8479 | Val Acc: 0.3393
2025-06-22 04:28:50,839 [INFO] Epoch 045 | Train Loss: 1.8229 | Val Loss: 1.8038 | Val Acc: 0.3750
2025-06-22 04:28:50,868 [INFO] Epoch 046 | Train Loss: 1.5244 | Val Loss: 1.6378 | Val Acc: 0.5179
2025-06-22 04:28:50,871 [INFO] New best model at epoch 46 (Val Acc: 0.5179)
2025-06-22 04:28:50,891 [INFO] Epoch 047 | Train Loss: 1.5388 | Val Loss: 1.8644 | Val Acc: 0.4286
2025-06-22 04:28:50,912 [INFO] Epoch 048 | Train Loss: 1.6605 | Val Loss: 1.7819 | Val Acc: 0.4286
2025-06-22 04:28:50,934 [INFO] Epoch 049 | Train Loss: 1.4111 | Val Loss: 1.9020 | Val Acc: 0.3750
2025-06-22 04:28:50,956 [INFO] Epoch 050 | Train Loss: 1.5481 | Val Loss: 2.0113 | Val Acc: 0.3750
2025-06-22 04:28:52,475 [INFO] Epoch 051 | Train Loss: 1.1910 | Val Loss: 1.9547 | Val Acc: 0.4286
2025-06-22 04:28:52,509 [INFO] Epoch 052 | Train Loss: 1.5035 | Val Loss: 1.7916 | Val Acc: 0.4286
2025-06-22 04:28:52,538 [INFO] Epoch 053 | Train Loss: 1.1871 | Val Loss: 1.7697 | Val Acc: 0.4286
2025-06-22 04:28:52,569 [INFO] Epoch 054 | Train Loss: 1.1875 | Val Loss: 1.8809 | Val Acc: 0.3571
2025-06-22 04:28:52,591 [INFO] Epoch 055 | Train Loss: 1.1997 | Val Loss: 1.8371 | Val Acc: 0.4643
2025-06-22 04:28:52,613 [INFO] Epoch 056 | Train Loss: 1.1835 | Val Loss: 1.6750 | Val Acc: 0.4464
2025-06-22 04:28:52,635 [INFO] Epoch 057 | Train Loss: 1.1498 | Val Loss: 1.8353 | Val Acc: 0.4643
2025-06-22 04:28:52,656 [INFO] Epoch 058 | Train Loss: 1.0548 | Val Loss: 1.6796 | Val Acc: 0.4464
2025-06-22 04:28:52,678 [INFO] Epoch 059 | Train Loss: 0.8866 | Val Loss: 1.4944 | Val Acc: 0.3929
2025-06-22 04:28:52,700 [INFO] Epoch 060 | Train Loss: 1.0884 | Val Loss: 2.5179 | Val Acc: 0.4107
2025-06-22 04:28:53,607 [INFO] Epoch 061 | Train Loss: 1.2103 | Val Loss: 2.2468 | Val Acc: 0.4821
2025-06-22 04:28:53,648 [INFO] Epoch 062 | Train Loss: 1.2925 | Val Loss: 2.0331 | Val Acc: 0.4286
2025-06-22 04:28:53,678 [INFO] Epoch 063 | Train Loss: 0.9492 | Val Loss: 1.7439 | Val Acc: 0.4464
2025-06-22 04:28:53,701 [INFO] Epoch 064 | Train Loss: 1.2173 | Val Loss: 1.7578 | Val Acc: 0.4464
2025-06-22 04:28:53,723 [INFO] Epoch 065 | Train Loss: 1.0891 | Val Loss: 1.7282 | Val Acc: 0.4107
2025-06-22 04:28:53,748 [INFO] Epoch 066 | Train Loss: 0.8855 | Val Loss: 1.7950 | Val Acc: 0.4821
2025-06-22 04:28:53,777 [INFO] Epoch 067 | Train Loss: 1.0722 | Val Loss: 1.7200 | Val Acc: 0.4821
2025-06-22 04:28:53,801 [INFO] Epoch 068 | Train Loss: 0.9439 | Val Loss: 1.7944 | Val Acc: 0.4286
2025-06-22 04:28:53,843 [INFO] Epoch 069 | Train Loss: 0.9278 | Val Loss: 1.7290 | Val Acc: 0.4286
2025-06-22 04:28:53,867 [INFO] Epoch 070 | Train Loss: 1.1457 | Val Loss: 1.9140 | Val Acc: 0.4107
2025-06-22 04:28:55,442 [INFO] Epoch 071 | Train Loss: 1.0184 | Val Loss: 2.2107 | Val Acc: 0.3929
2025-06-22 04:28:55,471 [INFO] Epoch 072 | Train Loss: 0.8419 | Val Loss: 1.8969 | Val Acc: 0.4286
2025-06-22 04:28:55,504 [INFO] Epoch 073 | Train Loss: 1.1684 | Val Loss: 1.9057 | Val Acc: 0.3929
2025-06-22 04:28:55,541 [INFO] Epoch 074 | Train Loss: 1.0946 | Val Loss: 1.8843 | Val Acc: 0.4464
2025-06-22 04:28:55,562 [INFO] Epoch 075 | Train Loss: 0.9261 | Val Loss: 1.7910 | Val Acc: 0.4464
2025-06-22 04:28:55,584 [INFO] Epoch 076 | Train Loss: 0.9857 | Val Loss: 1.8853 | Val Acc: 0.4464
2025-06-22 04:28:55,604 [INFO] Epoch 077 | Train Loss: 1.0917 | Val Loss: 1.9472 | Val Acc: 0.4286
2025-06-22 04:28:55,627 [INFO] Epoch 078 | Train Loss: 1.2761 | Val Loss: 1.8335 | Val Acc: 0.3929
2025-06-22 04:28:55,649 [INFO] Epoch 079 | Train Loss: 1.0814 | Val Loss: 1.9635 | Val Acc: 0.4107
2025-06-22 04:28:55,671 [INFO] Epoch 080 | Train Loss: 1.2178 | Val Loss: 1.7753 | Val Acc: 0.3929
2025-06-22 04:28:56,261 [INFO] Epoch 081 | Train Loss: 1.1312 | Val Loss: 1.7542 | Val Acc: 0.4464
2025-06-22 04:28:56,282 [INFO] Epoch 082 | Train Loss: 0.8665 | Val Loss: 1.6571 | Val Acc: 0.4821
2025-06-22 04:28:56,303 [INFO] Epoch 083 | Train Loss: 0.8998 | Val Loss: 1.7367 | Val Acc: 0.4821
2025-06-22 04:28:56,331 [INFO] Epoch 084 | Train Loss: 0.9393 | Val Loss: 1.7006 | Val Acc: 0.3929
2025-06-22 04:28:56,353 [INFO] Epoch 085 | Train Loss: 0.9399 | Val Loss: 1.7259 | Val Acc: 0.4286
2025-06-22 04:28:56,377 [INFO] Epoch 086 | Train Loss: 0.8758 | Val Loss: 1.8901 | Val Acc: 0.4464
2025-06-22 04:28:56,399 [INFO] Epoch 087 | Train Loss: 0.9635 | Val Loss: 2.1175 | Val Acc: 0.4286
2025-06-22 04:28:56,421 [INFO] Epoch 088 | Train Loss: 0.9698 | Val Loss: 2.1040 | Val Acc: 0.3929
2025-06-22 04:28:56,442 [INFO] Epoch 089 | Train Loss: 1.1023 | Val Loss: 2.1086 | Val Acc: 0.4643
2025-06-22 04:28:56,464 [INFO] Epoch 090 | Train Loss: 0.7287 | Val Loss: 1.8099 | Val Acc: 0.5179
2025-06-22 04:28:57,057 [INFO] Epoch 091 | Train Loss: 0.8457 | Val Loss: 1.7684 | Val Acc: 0.5357
2025-06-22 04:28:57,061 [INFO] New best model at epoch 91 (Val Acc: 0.5357)
2025-06-22 04:28:57,080 [INFO] Epoch 092 | Train Loss: 0.8686 | Val Loss: 1.8246 | Val Acc: 0.5000
2025-06-22 04:28:57,101 [INFO] Epoch 093 | Train Loss: 1.1176 | Val Loss: 1.5871 | Val Acc: 0.5179
2025-06-22 04:28:57,129 [INFO] Epoch 094 | Train Loss: 0.9508 | Val Loss: 1.7998 | Val Acc: 0.3929
2025-06-22 04:28:57,150 [INFO] Epoch 095 | Train Loss: 0.9536 | Val Loss: 1.9586 | Val Acc: 0.4286
2025-06-22 04:28:57,173 [INFO] Epoch 096 | Train Loss: 0.9855 | Val Loss: 2.5519 | Val Acc: 0.4286
2025-06-22 04:28:57,194 [INFO] Epoch 097 | Train Loss: 0.8446 | Val Loss: 2.3267 | Val Acc: 0.4821
2025-06-22 04:28:57,216 [INFO] Epoch 098 | Train Loss: 0.8804 | Val Loss: 2.0266 | Val Acc: 0.4643
2025-06-22 04:28:57,237 [INFO] Epoch 099 | Train Loss: 0.7895 | Val Loss: 1.9797 | Val Acc: 0.4107
2025-06-22 04:28:57,258 [INFO] Epoch 100 | Train Loss: 0.8267 | Val Loss: 2.1907 | Val Acc: 0.4286
2025-06-22 04:28:57,800 [INFO] Epoch 101 | Train Loss: 0.7283 | Val Loss: 2.0489 | Val Acc: 0.5000
2025-06-22 04:28:57,821 [INFO] Epoch 102 | Train Loss: 0.7839 | Val Loss: 1.9124 | Val Acc: 0.4821
2025-06-22 04:28:57,842 [INFO] Epoch 103 | Train Loss: 0.8840 | Val Loss: 2.0132 | Val Acc: 0.5179
2025-06-22 04:28:57,867 [INFO] Epoch 104 | Train Loss: 0.7689 | Val Loss: 1.9015 | Val Acc: 0.4464
2025-06-22 04:28:57,889 [INFO] Epoch 105 | Train Loss: 0.7986 | Val Loss: 1.9609 | Val Acc: 0.5357
2025-06-22 04:28:57,925 [INFO] Epoch 106 | Train Loss: 0.9182 | Val Loss: 2.1852 | Val Acc: 0.5357
2025-06-22 04:28:57,947 [INFO] Epoch 107 | Train Loss: 0.6224 | Val Loss: 2.1452 | Val Acc: 0.4821
2025-06-22 04:28:57,968 [INFO] Epoch 108 | Train Loss: 0.7452 | Val Loss: 2.0293 | Val Acc: 0.5000
2025-06-22 04:28:57,990 [INFO] Epoch 109 | Train Loss: 0.7546 | Val Loss: 1.9916 | Val Acc: 0.4643
2025-06-22 04:28:58,012 [INFO] Epoch 110 | Train Loss: 0.6884 | Val Loss: 2.1114 | Val Acc: 0.4464
2025-06-22 04:28:58,646 [INFO] Epoch 111 | Train Loss: 0.6573 | Val Loss: 2.0804 | Val Acc: 0.4464
2025-06-22 04:28:58,669 [INFO] Epoch 112 | Train Loss: 0.7195 | Val Loss: 2.2914 | Val Acc: 0.3929
2025-06-22 04:28:58,691 [INFO] Epoch 113 | Train Loss: 0.6690 | Val Loss: 1.7868 | Val Acc: 0.5179
2025-06-22 04:28:58,721 [INFO] Epoch 114 | Train Loss: 0.6668 | Val Loss: 1.8324 | Val Acc: 0.5357
2025-06-22 04:28:58,742 [INFO] Epoch 115 | Train Loss: 0.4878 | Val Loss: 1.8915 | Val Acc: 0.5357
2025-06-22 04:28:58,764 [INFO] Epoch 116 | Train Loss: 0.6804 | Val Loss: 2.0439 | Val Acc: 0.5000
2025-06-22 04:28:58,785 [INFO] Epoch 117 | Train Loss: 0.7200 | Val Loss: 2.2466 | Val Acc: 0.4821
2025-06-22 04:28:58,807 [INFO] Epoch 118 | Train Loss: 0.6551 | Val Loss: 2.2853 | Val Acc: 0.4643
2025-06-22 04:28:58,829 [INFO] Epoch 119 | Train Loss: 0.6986 | Val Loss: 2.0291 | Val Acc: 0.4286
2025-06-22 04:28:58,850 [INFO] Epoch 120 | Train Loss: 0.6881 | Val Loss: 2.1978 | Val Acc: 0.4821
2025-06-22 04:28:59,409 [INFO] Epoch 121 | Train Loss: 0.7634 | Val Loss: 2.1212 | Val Acc: 0.5357
2025-06-22 04:28:59,439 [INFO] Epoch 122 | Train Loss: 0.6168 | Val Loss: 1.9497 | Val Acc: 0.4464
2025-06-22 04:28:59,460 [INFO] Epoch 123 | Train Loss: 0.6685 | Val Loss: 2.1054 | Val Acc: 0.4107
2025-06-22 04:28:59,481 [INFO] Epoch 124 | Train Loss: 0.6490 | Val Loss: 2.0732 | Val Acc: 0.4643
2025-06-22 04:28:59,507 [INFO] Epoch 125 | Train Loss: 0.6267 | Val Loss: 2.1425 | Val Acc: 0.5357
2025-06-22 04:28:59,529 [INFO] Epoch 126 | Train Loss: 0.6232 | Val Loss: 2.1602 | Val Acc: 0.4643
2025-06-22 04:28:59,551 [INFO] Epoch 127 | Train Loss: 0.4606 | Val Loss: 2.1928 | Val Acc: 0.4107
2025-06-22 04:28:59,572 [INFO] Epoch 128 | Train Loss: 0.6328 | Val Loss: 2.1152 | Val Acc: 0.5000
2025-06-22 04:28:59,594 [INFO] Epoch 129 | Train Loss: 0.6496 | Val Loss: 1.9034 | Val Acc: 0.5536
2025-06-22 04:28:59,598 [INFO] New best model at epoch 129 (Val Acc: 0.5536)
2025-06-22 04:28:59,617 [INFO] Epoch 130 | Train Loss: 0.6461 | Val Loss: 1.7784 | Val Acc: 0.5179
2025-06-22 04:29:00,195 [INFO] Epoch 131 | Train Loss: 0.5047 | Val Loss: 1.8341 | Val Acc: 0.5179
2025-06-22 04:29:00,216 [INFO] Epoch 132 | Train Loss: 0.5189 | Val Loss: 2.1177 | Val Acc: 0.4821
2025-06-22 04:29:00,237 [INFO] Epoch 133 | Train Loss: 0.4825 | Val Loss: 2.1572 | Val Acc: 0.5536
2025-06-22 04:29:00,262 [INFO] Epoch 134 | Train Loss: 0.4804 | Val Loss: 2.1549 | Val Acc: 0.4643
2025-06-22 04:29:00,286 [INFO] Epoch 135 | Train Loss: 0.4645 | Val Loss: 2.5291 | Val Acc: 0.4107
2025-06-22 04:29:00,312 [INFO] Epoch 136 | Train Loss: 0.4835 | Val Loss: 2.4705 | Val Acc: 0.4643
2025-06-22 04:29:00,337 [INFO] Epoch 137 | Train Loss: 0.5881 | Val Loss: 2.5854 | Val Acc: 0.4643
2025-06-22 04:29:00,358 [INFO] Epoch 138 | Train Loss: 0.4756 | Val Loss: 2.5164 | Val Acc: 0.4464
2025-06-22 04:29:00,380 [INFO] Epoch 139 | Train Loss: 0.4440 | Val Loss: 2.7850 | Val Acc: 0.4821
2025-06-22 04:29:00,402 [INFO] Epoch 140 | Train Loss: 0.7130 | Val Loss: 2.8930 | Val Acc: 0.3929
2025-06-22 04:29:00,987 [INFO] Epoch 141 | Train Loss: 0.5661 | Val Loss: 2.6219 | Val Acc: 0.4107
2025-06-22 04:29:01,009 [INFO] Epoch 142 | Train Loss: 0.4754 | Val Loss: 2.5855 | Val Acc: 0.3571
2025-06-22 04:29:01,030 [INFO] Epoch 143 | Train Loss: 0.5901 | Val Loss: 2.4538 | Val Acc: 0.4821
2025-06-22 04:29:01,058 [INFO] Epoch 144 | Train Loss: 0.5955 | Val Loss: 2.3111 | Val Acc: 0.4464
2025-06-22 04:29:01,080 [INFO] Epoch 145 | Train Loss: 0.5550 | Val Loss: 2.4217 | Val Acc: 0.4464
2025-06-22 04:29:01,101 [INFO] Epoch 146 | Train Loss: 0.5249 | Val Loss: 2.4782 | Val Acc: 0.5000
2025-06-22 04:29:01,123 [INFO] Epoch 147 | Train Loss: 0.6959 | Val Loss: 2.6430 | Val Acc: 0.5000
2025-06-22 04:29:01,144 [INFO] Epoch 148 | Train Loss: 0.5652 | Val Loss: 3.0231 | Val Acc: 0.4821
2025-06-22 04:29:01,168 [INFO] Epoch 149 | Train Loss: 0.6126 | Val Loss: 2.8066 | Val Acc: 0.3929
2025-06-22 04:29:01,195 [INFO] Epoch 150 | Train Loss: 0.8448 | Val Loss: 2.3912 | Val Acc: 0.4107
2025-06-22 04:29:01,796 [INFO] Epoch 151 | Train Loss: 0.4826 | Val Loss: 2.2598 | Val Acc: 0.4286
2025-06-22 04:29:01,817 [INFO] Epoch 152 | Train Loss: 0.5240 | Val Loss: 2.7120 | Val Acc: 0.4643
2025-06-22 04:29:01,839 [INFO] Epoch 153 | Train Loss: 0.4787 | Val Loss: 3.0374 | Val Acc: 0.4643
2025-06-22 04:29:01,867 [INFO] Epoch 154 | Train Loss: 0.4866 | Val Loss: 2.9238 | Val Acc: 0.5000
2025-06-22 04:29:01,894 [INFO] Epoch 155 | Train Loss: 0.4043 | Val Loss: 2.7405 | Val Acc: 0.5000
2025-06-22 04:29:01,921 [INFO] Epoch 156 | Train Loss: 0.4485 | Val Loss: 2.4230 | Val Acc: 0.5179
2025-06-22 04:29:01,945 [INFO] Epoch 157 | Train Loss: 0.4200 | Val Loss: 2.4288 | Val Acc: 0.5000
2025-06-22 04:29:01,973 [INFO] Epoch 158 | Train Loss: 0.4644 | Val Loss: 2.7246 | Val Acc: 0.4464
2025-06-22 04:29:01,994 [INFO] Epoch 159 | Train Loss: 0.3133 | Val Loss: 2.8242 | Val Acc: 0.5000
2025-06-22 04:29:02,015 [INFO] Epoch 160 | Train Loss: 0.4371 | Val Loss: 2.4935 | Val Acc: 0.5000
2025-06-22 04:29:02,837 [INFO] Epoch 161 | Train Loss: 0.3786 | Val Loss: 2.4240 | Val Acc: 0.4821
2025-06-22 04:29:02,862 [INFO] Epoch 162 | Train Loss: 0.5497 | Val Loss: 2.5892 | Val Acc: 0.4107
2025-06-22 04:29:02,883 [INFO] Epoch 163 | Train Loss: 0.4978 | Val Loss: 2.9872 | Val Acc: 0.4464
2025-06-22 04:29:02,912 [INFO] Epoch 164 | Train Loss: 0.5420 | Val Loss: 3.1791 | Val Acc: 0.4643
2025-06-22 04:29:02,934 [INFO] Epoch 165 | Train Loss: 0.4663 | Val Loss: 2.7683 | Val Acc: 0.4821
2025-06-22 04:29:02,956 [INFO] Epoch 166 | Train Loss: 0.4529 | Val Loss: 3.2198 | Val Acc: 0.4643
2025-06-22 04:29:02,979 [INFO] Epoch 167 | Train Loss: 0.4507 | Val Loss: 2.9095 | Val Acc: 0.5179
2025-06-22 04:29:03,001 [INFO] Epoch 168 | Train Loss: 0.4954 | Val Loss: 2.6760 | Val Acc: 0.4464
2025-06-22 04:29:03,023 [INFO] Epoch 169 | Train Loss: 0.4062 | Val Loss: 3.0508 | Val Acc: 0.4643
2025-06-22 04:29:03,045 [INFO] Epoch 170 | Train Loss: 0.4647 | Val Loss: 3.5660 | Val Acc: 0.4286
2025-06-22 04:29:03,698 [INFO] Epoch 171 | Train Loss: 0.4240 | Val Loss: 3.0850 | Val Acc: 0.4464
2025-06-22 04:29:03,724 [INFO] Epoch 172 | Train Loss: 0.4505 | Val Loss: 2.3371 | Val Acc: 0.4643
2025-06-22 04:29:03,744 [INFO] Epoch 173 | Train Loss: 0.4428 | Val Loss: 2.2187 | Val Acc: 0.4643
2025-06-22 04:29:03,773 [INFO] Epoch 174 | Train Loss: 0.4312 | Val Loss: 2.6224 | Val Acc: 0.4464
2025-06-22 04:29:03,795 [INFO] Epoch 175 | Train Loss: 0.4782 | Val Loss: 3.0549 | Val Acc: 0.4464
2025-06-22 04:29:03,816 [INFO] Epoch 176 | Train Loss: 0.4067 | Val Loss: 2.8763 | Val Acc: 0.4107
2025-06-22 04:29:03,838 [INFO] Epoch 177 | Train Loss: 0.4453 | Val Loss: 2.9087 | Val Acc: 0.4107
2025-06-22 04:29:03,860 [INFO] Epoch 178 | Train Loss: 0.4615 | Val Loss: 2.7844 | Val Acc: 0.5000
2025-06-22 04:29:03,882 [INFO] Epoch 179 | Train Loss: 0.5189 | Val Loss: 2.4774 | Val Acc: 0.4464
2025-06-22 04:29:03,910 [INFO] Epoch 180 | Train Loss: 0.3583 | Val Loss: 2.4303 | Val Acc: 0.5179
2025-06-22 04:29:04,557 [INFO] Epoch 181 | Train Loss: 0.5040 | Val Loss: 3.1870 | Val Acc: 0.4464
2025-06-22 04:29:04,579 [INFO] Epoch 182 | Train Loss: 0.3145 | Val Loss: 3.0160 | Val Acc: 0.5357
2025-06-22 04:29:04,605 [INFO] Epoch 183 | Train Loss: 0.4023 | Val Loss: 2.7358 | Val Acc: 0.5179
2025-06-22 04:29:04,635 [INFO] Epoch 184 | Train Loss: 0.3662 | Val Loss: 3.1956 | Val Acc: 0.4821
2025-06-22 04:29:04,658 [INFO] Epoch 185 | Train Loss: 0.3879 | Val Loss: 3.5954 | Val Acc: 0.4643
2025-06-22 04:29:04,681 [INFO] Epoch 186 | Train Loss: 0.3313 | Val Loss: 3.1809 | Val Acc: 0.4286
2025-06-22 04:29:04,702 [INFO] Epoch 187 | Train Loss: 0.5023 | Val Loss: 3.3642 | Val Acc: 0.4464
2025-06-22 04:29:04,724 [INFO] Epoch 188 | Train Loss: 0.3766 | Val Loss: 3.4455 | Val Acc: 0.4821
2025-06-22 04:29:04,746 [INFO] Epoch 189 | Train Loss: 0.3707 | Val Loss: 3.6409 | Val Acc: 0.4643
2025-06-22 04:29:04,767 [INFO] Epoch 190 | Train Loss: 0.4281 | Val Loss: 3.2859 | Val Acc: 0.4821
2025-06-22 04:29:05,343 [INFO] Epoch 191 | Train Loss: 0.3030 | Val Loss: 3.3923 | Val Acc: 0.4643
2025-06-22 04:29:05,364 [INFO] Epoch 192 | Train Loss: 0.3628 | Val Loss: 3.5113 | Val Acc: 0.4464
2025-06-22 04:29:05,385 [INFO] Epoch 193 | Train Loss: 0.4028 | Val Loss: 3.5897 | Val Acc: 0.4643
2025-06-22 04:29:05,413 [INFO] Epoch 194 | Train Loss: 0.3090 | Val Loss: 2.7884 | Val Acc: 0.4821
2025-06-22 04:29:05,439 [INFO] Epoch 195 | Train Loss: 0.3638 | Val Loss: 3.1722 | Val Acc: 0.5179
2025-06-22 04:29:05,461 [INFO] Epoch 196 | Train Loss: 0.2790 | Val Loss: 2.6947 | Val Acc: 0.5000
2025-06-22 04:29:05,484 [INFO] Epoch 197 | Train Loss: 0.3591 | Val Loss: 2.6899 | Val Acc: 0.4643
2025-06-22 04:29:05,506 [INFO] Epoch 198 | Train Loss: 0.3164 | Val Loss: 2.8751 | Val Acc: 0.4821
2025-06-22 04:29:05,528 [INFO] Epoch 199 | Train Loss: 0.3650 | Val Loss: 3.2894 | Val Acc: 0.4821
2025-06-22 04:29:05,550 [INFO] Epoch 200 | Train Loss: 0.2533 | Val Loss: 3.7336 | Val Acc: 0.4286
2025-06-22 04:29:06,113 [INFO] Epoch 201 | Train Loss: 0.2881 | Val Loss: 3.9692 | Val Acc: 0.4643
2025-06-22 04:29:06,133 [INFO] Epoch 202 | Train Loss: 0.3315 | Val Loss: 3.8021 | Val Acc: 0.5000
2025-06-22 04:29:06,155 [INFO] Epoch 203 | Train Loss: 0.3305 | Val Loss: 3.5754 | Val Acc: 0.4464
2025-06-22 04:29:06,176 [INFO] Epoch 204 | Train Loss: 0.3477 | Val Loss: 3.3010 | Val Acc: 0.4821
2025-06-22 04:29:06,206 [INFO] Epoch 205 | Train Loss: 0.4096 | Val Loss: 2.9819 | Val Acc: 0.5357
2025-06-22 04:29:06,230 [INFO] Epoch 206 | Train Loss: 0.3302 | Val Loss: 3.1532 | Val Acc: 0.4643
2025-06-22 04:29:06,256 [INFO] Epoch 207 | Train Loss: 0.3862 | Val Loss: 3.0088 | Val Acc: 0.5000
2025-06-22 04:29:06,277 [INFO] Epoch 208 | Train Loss: 0.2868 | Val Loss: 3.2413 | Val Acc: 0.5000
2025-06-22 04:29:06,299 [INFO] Epoch 209 | Train Loss: 0.3077 | Val Loss: 3.2160 | Val Acc: 0.4643
2025-06-22 04:29:06,321 [INFO] Epoch 210 | Train Loss: 0.2415 | Val Loss: 3.1677 | Val Acc: 0.5000
2025-06-22 04:29:06,921 [INFO] Epoch 211 | Train Loss: 0.5327 | Val Loss: 3.4064 | Val Acc: 0.5000
2025-06-22 04:29:06,942 [INFO] Epoch 212 | Train Loss: 0.3058 | Val Loss: 3.1165 | Val Acc: 0.4821
2025-06-22 04:29:06,963 [INFO] Epoch 213 | Train Loss: 0.2806 | Val Loss: 3.1098 | Val Acc: 0.5536
2025-06-22 04:29:06,991 [INFO] Epoch 214 | Train Loss: 0.2870 | Val Loss: 3.5784 | Val Acc: 0.4821
2025-06-22 04:29:07,012 [INFO] Epoch 215 | Train Loss: 0.4112 | Val Loss: 3.8705 | Val Acc: 0.4464
2025-06-22 04:29:07,034 [INFO] Epoch 216 | Train Loss: 0.3118 | Val Loss: 3.5829 | Val Acc: 0.4286
2025-06-22 04:29:07,062 [INFO] Epoch 217 | Train Loss: 0.3216 | Val Loss: 2.9112 | Val Acc: 0.4464
2025-06-22 04:29:07,087 [INFO] Epoch 218 | Train Loss: 0.4054 | Val Loss: 2.9625 | Val Acc: 0.5000
2025-06-22 04:29:07,109 [INFO] Epoch 219 | Train Loss: 0.2814 | Val Loss: 2.9339 | Val Acc: 0.5179
2025-06-22 04:29:07,131 [INFO] Epoch 220 | Train Loss: 0.3083 | Val Loss: 2.7290 | Val Acc: 0.5000
2025-06-22 04:29:09,496 [INFO] Epoch 221 | Train Loss: 0.4989 | Val Loss: 2.9033 | Val Acc: 0.4821
2025-06-22 04:29:09,551 [INFO] Epoch 222 | Train Loss: 0.2778 | Val Loss: 3.7393 | Val Acc: 0.5000
2025-06-22 04:29:09,573 [INFO] Epoch 223 | Train Loss: 0.3564 | Val Loss: 4.3897 | Val Acc: 0.4464
2025-06-22 04:29:09,596 [INFO] Epoch 224 | Train Loss: 0.3250 | Val Loss: 3.4444 | Val Acc: 0.5179
2025-06-22 04:29:09,617 [INFO] Epoch 225 | Train Loss: 0.3016 | Val Loss: 3.1568 | Val Acc: 0.5000
2025-06-22 04:29:09,639 [INFO] Epoch 226 | Train Loss: 0.2702 | Val Loss: 3.4293 | Val Acc: 0.4464
2025-06-22 04:29:09,660 [INFO] Epoch 227 | Train Loss: 0.4005 | Val Loss: 4.2459 | Val Acc: 0.3929
2025-06-22 04:29:09,682 [INFO] Epoch 228 | Train Loss: 0.3018 | Val Loss: 3.4625 | Val Acc: 0.4643
2025-06-22 04:29:09,703 [INFO] Epoch 229 | Train Loss: 0.3805 | Val Loss: 2.8194 | Val Acc: 0.5357
2025-06-22 04:29:09,725 [INFO] Epoch 230 | Train Loss: 0.2972 | Val Loss: 2.9303 | Val Acc: 0.5357
2025-06-22 04:29:10,628 [INFO] Epoch 231 | Train Loss: 0.4228 | Val Loss: 3.6113 | Val Acc: 0.5536
2025-06-22 04:29:10,655 [INFO] Epoch 232 | Train Loss: 0.2677 | Val Loss: 3.5298 | Val Acc: 0.4643
2025-06-22 04:29:10,685 [INFO] Epoch 233 | Train Loss: 0.4295 | Val Loss: 3.4908 | Val Acc: 0.4464
2025-06-22 04:29:10,718 [INFO] Epoch 234 | Train Loss: 0.3916 | Val Loss: 2.9066 | Val Acc: 0.4821
2025-06-22 04:29:10,740 [INFO] Epoch 235 | Train Loss: 0.2735 | Val Loss: 3.2674 | Val Acc: 0.5179
2025-06-22 04:29:10,761 [INFO] Epoch 236 | Train Loss: 0.3909 | Val Loss: 3.6871 | Val Acc: 0.4821
2025-06-22 04:29:10,784 [INFO] Epoch 237 | Train Loss: 0.3901 | Val Loss: 3.5855 | Val Acc: 0.4821
2025-06-22 04:29:10,807 [INFO] Epoch 238 | Train Loss: 0.4365 | Val Loss: 3.2213 | Val Acc: 0.4821
2025-06-22 04:29:10,829 [INFO] Epoch 239 | Train Loss: 0.3562 | Val Loss: 3.3190 | Val Acc: 0.4821
2025-06-22 04:29:10,851 [INFO] Epoch 240 | Train Loss: 0.3776 | Val Loss: 3.5268 | Val Acc: 0.4821
2025-06-22 04:29:11,430 [INFO] Epoch 241 | Train Loss: 0.3025 | Val Loss: 3.7452 | Val Acc: 0.4464
2025-06-22 04:29:11,461 [INFO] Epoch 242 | Train Loss: 0.3731 | Val Loss: 4.0836 | Val Acc: 0.4107
2025-06-22 04:29:11,490 [INFO] Epoch 243 | Train Loss: 0.2493 | Val Loss: 3.8526 | Val Acc: 0.4643
2025-06-22 04:29:11,522 [INFO] Epoch 244 | Train Loss: 0.2235 | Val Loss: 4.0219 | Val Acc: 0.4643
2025-06-22 04:29:11,543 [INFO] Epoch 245 | Train Loss: 0.2315 | Val Loss: 4.0863 | Val Acc: 0.4286
2025-06-22 04:29:11,565 [INFO] Epoch 246 | Train Loss: 0.1626 | Val Loss: 3.8276 | Val Acc: 0.4107
2025-06-22 04:29:11,587 [INFO] Epoch 247 | Train Loss: 0.4467 | Val Loss: 4.0364 | Val Acc: 0.4464
2025-06-22 04:29:11,609 [INFO] Epoch 248 | Train Loss: 0.2736 | Val Loss: 3.8419 | Val Acc: 0.4464
2025-06-22 04:29:11,630 [INFO] Epoch 249 | Train Loss: 0.2580 | Val Loss: 4.0914 | Val Acc: 0.3750
2025-06-22 04:29:11,652 [INFO] Epoch 250 | Train Loss: 0.3259 | Val Loss: 3.6212 | Val Acc: 0.3929
2025-06-22 04:29:12,217 [INFO] Epoch 251 | Train Loss: 0.3168 | Val Loss: 2.9785 | Val Acc: 0.5179
2025-06-22 04:29:12,244 [INFO] Epoch 252 | Train Loss: 0.4181 | Val Loss: 3.0054 | Val Acc: 0.5536
2025-06-22 04:29:12,271 [INFO] Epoch 253 | Train Loss: 0.2973 | Val Loss: 2.9618 | Val Acc: 0.5357
2025-06-22 04:29:12,299 [INFO] Epoch 254 | Train Loss: 0.1902 | Val Loss: 3.0323 | Val Acc: 0.5000
2025-06-22 04:29:12,327 [INFO] Epoch 255 | Train Loss: 0.3155 | Val Loss: 3.1139 | Val Acc: 0.4643
2025-06-22 04:29:12,351 [INFO] Epoch 256 | Train Loss: 0.3546 | Val Loss: 3.3069 | Val Acc: 0.4643
2025-06-22 04:29:12,374 [INFO] Epoch 257 | Train Loss: 0.3410 | Val Loss: 4.4338 | Val Acc: 0.3929
2025-06-22 04:29:12,396 [INFO] Epoch 258 | Train Loss: 0.3372 | Val Loss: 3.9607 | Val Acc: 0.5000
2025-06-22 04:29:12,418 [INFO] Epoch 259 | Train Loss: 0.3111 | Val Loss: 3.7869 | Val Acc: 0.5000
2025-06-22 04:29:12,440 [INFO] Epoch 260 | Train Loss: 0.2565 | Val Loss: 3.7668 | Val Acc: 0.5000
2025-06-22 04:29:13,202 [INFO] Epoch 261 | Train Loss: 0.2965 | Val Loss: 4.1748 | Val Acc: 0.5179
2025-06-22 04:29:13,233 [INFO] Epoch 262 | Train Loss: 0.2596 | Val Loss: 3.5380 | Val Acc: 0.5000
2025-06-22 04:29:13,284 [INFO] Epoch 263 | Train Loss: 0.3503 | Val Loss: 3.6898 | Val Acc: 0.4821
2025-06-22 04:29:13,308 [INFO] Epoch 264 | Train Loss: 0.2365 | Val Loss: 3.9621 | Val Acc: 0.4643
2025-06-22 04:29:13,330 [INFO] Epoch 265 | Train Loss: 0.2405 | Val Loss: 3.8450 | Val Acc: 0.5357
2025-06-22 04:29:13,352 [INFO] Epoch 266 | Train Loss: 0.2961 | Val Loss: 3.6684 | Val Acc: 0.5179
2025-06-22 04:29:13,374 [INFO] Epoch 267 | Train Loss: 0.1868 | Val Loss: 3.7702 | Val Acc: 0.4286
2025-06-22 04:29:13,401 [INFO] Epoch 268 | Train Loss: 0.2783 | Val Loss: 3.8630 | Val Acc: 0.4107
2025-06-22 04:29:13,423 [INFO] Epoch 269 | Train Loss: 0.2507 | Val Loss: 4.6249 | Val Acc: 0.3929
2025-06-22 04:29:13,445 [INFO] Epoch 270 | Train Loss: 0.2511 | Val Loss: 4.5342 | Val Acc: 0.3929
2025-06-22 04:29:14,007 [INFO] Epoch 271 | Train Loss: 0.3598 | Val Loss: 4.7029 | Val Acc: 0.4286
2025-06-22 04:29:14,028 [INFO] Epoch 272 | Train Loss: 0.3136 | Val Loss: 4.1877 | Val Acc: 0.5179
2025-06-22 04:29:14,057 [INFO] Epoch 273 | Train Loss: 0.3367 | Val Loss: 4.0864 | Val Acc: 0.4464
2025-06-22 04:29:14,083 [INFO] Epoch 274 | Train Loss: 0.2784 | Val Loss: 3.5431 | Val Acc: 0.4464
2025-06-22 04:29:14,115 [INFO] Epoch 275 | Train Loss: 0.2936 | Val Loss: 4.0578 | Val Acc: 0.4821
2025-06-22 04:29:14,137 [INFO] Epoch 276 | Train Loss: 0.1606 | Val Loss: 4.1462 | Val Acc: 0.4286
2025-06-22 04:29:14,158 [INFO] Epoch 277 | Train Loss: 0.2989 | Val Loss: 3.7958 | Val Acc: 0.5000
2025-06-22 04:29:14,181 [INFO] Epoch 278 | Train Loss: 0.1871 | Val Loss: 3.4752 | Val Acc: 0.4821
2025-06-22 04:29:14,203 [INFO] Epoch 279 | Train Loss: 0.2302 | Val Loss: 3.5737 | Val Acc: 0.4821
2025-06-22 04:29:14,205 [INFO] Early stopping at epoch 279 (no improvement in 150 epochs).
2025-06-22 04:29:14,207 [INFO] Best model saved to <built-in function time>/ENZYMES/best/best_source_gin.pth (Val Acc: 0.5536 at epoch 129)
2025-06-22 04:29:14,208 [INFO] Training/validation metrics saved to <built-in function time>/ENZYMES/GIN_0.001/train_metrics.csv
2025-06-22 04:29:14,820 [INFO] Final training curves saved
2025-06-22 04:29:14,820 [INFO] Training completed!
2025-06-22 04:29:14,820 [INFO] Best validation accuracy: 0.5536
2025-06-22 04:29:14,820 [INFO] Best epoch: 129
2025-06-22 04:29:14,820 [INFO] Total epochs trained: 279
2025-06-22 04:29:14,821 [INFO] Starting training with parameters: (0.001, 0.3, 64, 3, 400, 0.001)
