2025-06-20 16:29:29,029 [INFO] Using device: cpu
2025-06-20 16:29:29,029 [INFO] 开始创建数据加载器...
2025-06-20 16:29:29,031 [INFO] Successfully loaded dataset ENZYMES from ./data, total graphs: 600
2025-06-20 16:29:29,031 [INFO] Class allocation analysis:
2025-06-20 16:29:29,031 [INFO]   Source classes: [0, 1, 2, 3]
2025-06-20 16:29:29,031 [INFO]   Target classes: [0, 1, 2, 3, 4, 5]
2025-06-20 16:29:29,031 [INFO]   Overlap classes (to be split): [0, 1, 2, 3]
2025-06-20 16:29:29,031 [INFO]   Target novel classes (unknown): [4, 5]
2025-06-20 16:29:29,047 [INFO]   Class 0: 100 total -> Source: 70, Target: 30
2025-06-20 16:29:29,047 [INFO]   Class 1: 100 total -> Source: 70, Target: 30
2025-06-20 16:29:29,047 [INFO]   Class 2: 100 total -> Source: 70, Target: 30
2025-06-20 16:29:29,047 [INFO]   Class 3: 100 total -> Source: 70, Target: 30
2025-06-20 16:29:29,047 [INFO]   Class 4 (novel/unknown): 100 samples -> Target
2025-06-20 16:29:29,047 [INFO]   Class 5 (novel/unknown): 100 samples -> Target
2025-06-20 16:29:29,047 [INFO] Final allocation:
2025-06-20 16:29:29,047 [INFO]   Source domain: 280 samples
2025-06-20 16:29:29,047 [INFO]   Target domain: 320 samples
2025-06-20 16:29:29,049 [INFO] Source domain setup:
2025-06-20 16:29:29,049 [INFO]   Original classes: [0, 1, 2, 3]
2025-06-20 16:29:29,049 [INFO]   Overlap classes used: [0, 1, 2, 3]
2025-06-20 16:29:29,049 [INFO]   Label mapping: {0: 0, 1: 1, 2: 2, 3: 3}
2025-06-20 16:29:29,049 [INFO]   Total data after allocation: 280
2025-06-20 16:29:29,049 [INFO]   Data split - Train: 224, Val: 56
2025-06-20 16:29:29,049 [INFO]   Train label distribution: {0: 56, 1: 56, 3: 56, 2: 56}
2025-06-20 16:29:29,049 [INFO]   Val label distribution: {1: 14, 2: 14, 0: 14, 3: 14}
2025-06-20 16:29:29,050 [INFO] Successfully loaded dataset ENZYMES from ./data, total graphs: 600
2025-06-20 16:29:29,051 [INFO] Class allocation analysis:
2025-06-20 16:29:29,051 [INFO]   Source classes: [0, 1, 2, 3]
2025-06-20 16:29:29,051 [INFO]   Target classes: [0, 1, 2, 3, 4, 5]
2025-06-20 16:29:29,051 [INFO]   Overlap classes (to be split): [0, 1, 2, 3]
2025-06-20 16:29:29,051 [INFO]   Target novel classes (unknown): [4, 5]
2025-06-20 16:29:29,066 [INFO]   Class 0: 100 total -> Source: 70, Target: 30
2025-06-20 16:29:29,066 [INFO]   Class 1: 100 total -> Source: 70, Target: 30
2025-06-20 16:29:29,066 [INFO]   Class 2: 100 total -> Source: 70, Target: 30
2025-06-20 16:29:29,066 [INFO]   Class 3: 100 total -> Source: 70, Target: 30
2025-06-20 16:29:29,067 [INFO]   Class 4 (novel/unknown): 100 samples -> Target
2025-06-20 16:29:29,067 [INFO]   Class 5 (novel/unknown): 100 samples -> Target
2025-06-20 16:29:29,067 [INFO] Final allocation:
2025-06-20 16:29:29,067 [INFO]   Source domain: 280 samples
2025-06-20 16:29:29,067 [INFO]   Target domain: 320 samples
2025-06-20 16:29:29,068 [INFO] Target domain setup:
2025-06-20 16:29:29,068 [INFO]   Original classes: [0, 1, 2, 3, 4, 5]
2025-06-20 16:29:29,069 [INFO]   Overlap classes: [0, 1, 2, 3]
2025-06-20 16:29:29,069 [INFO]   Novel classes: [4, 5] -> mapped to unknown label 4
2025-06-20 16:29:29,069 [INFO]   Label mapping: {0: 0, 1: 1, 2: 2, 3: 3, 4: 4, 5: 4}
2025-06-20 16:29:29,069 [INFO]   Total data after allocation: 320
2025-06-20 16:29:29,069 [INFO]   Data split - Train: 256, Val: 64
2025-06-20 16:29:29,069 [INFO]   Total count: 320 (known: 120, unknown: 200)
2025-06-20 16:29:29,069 [INFO]   Total label distribution: {4: 200, 3: 30, 0: 30, 1: 30, 2: 30}
2025-06-20 16:29:29,069 [INFO]   Train label distribution: {4: 160, 0: 24, 2: 24, 3: 24, 1: 24}
2025-06-20 16:29:29,069 [INFO]   Val label distribution: {1: 6, 4: 40, 3: 6, 0: 6, 2: 6}
2025-06-20 16:29:29,069 [INFO] 数据加载器创建完成!
2025-06-20 16:29:29,069 [INFO] 源域类别数: 4 (重叠类别)
2025-06-20 16:29:29,069 [INFO] 目标域类别数: 5 (4个重叠类别 + 1个未知类别)
2025-06-20 16:29:29,069 [INFO] 重叠类别: [0, 1, 2, 3]
2025-06-20 16:29:29,069 [INFO] 目标域新类别: [4, 5]
2025-06-20 16:29:29,069 [INFO] Data allocation verification:
2025-06-20 16:29:29,069 [INFO]   Source data samples: 280
2025-06-20 16:29:29,069 [INFO]   Target data samples: 320
2025-06-20 16:29:29,069 [INFO]   Overlapping samples: 0
2025-06-20 16:29:29,069 [INFO]   ✓ Data allocation is correct - no overlapping samples
2025-06-20 16:29:29,070 [INFO] Model initialized with 18052 parameters
2025-06-20 16:29:29,070 [INFO] Previous best validation accuracy read from record.txt: 0.5536
2025-06-20 16:29:29,070 [INFO] Starting training...
2025-06-20 16:29:29,085 [INFO] Epoch 001 | Train Loss: 11.9033 | Val Loss: 6.9725 | Val Acc: 0.1607
2025-06-20 16:29:29,189 [INFO] New best model at epoch 1 (Val Acc: 0.1607)
2025-06-20 16:29:29,205 [INFO] Epoch 002 | Train Loss: 8.5827 | Val Loss: 5.1621 | Val Acc: 0.1964
2025-06-20 16:29:29,208 [INFO] New best model at epoch 2 (Val Acc: 0.1964)
2025-06-20 16:29:29,222 [INFO] Epoch 003 | Train Loss: 6.6329 | Val Loss: 4.9675 | Val Acc: 0.2500
2025-06-20 16:29:29,225 [INFO] New best model at epoch 3 (Val Acc: 0.2500)
2025-06-20 16:29:29,241 [INFO] Epoch 004 | Train Loss: 5.2350 | Val Loss: 4.6391 | Val Acc: 0.2679
2025-06-20 16:29:29,243 [INFO] New best model at epoch 4 (Val Acc: 0.2679)
2025-06-20 16:29:29,258 [INFO] Epoch 005 | Train Loss: 4.8621 | Val Loss: 4.1271 | Val Acc: 0.1964
2025-06-20 16:29:29,275 [INFO] Epoch 006 | Train Loss: 4.0271 | Val Loss: 3.6805 | Val Acc: 0.1607
2025-06-20 16:29:29,291 [INFO] Epoch 007 | Train Loss: 3.5102 | Val Loss: 3.0599 | Val Acc: 0.2321
2025-06-20 16:29:29,308 [INFO] Epoch 008 | Train Loss: 2.9275 | Val Loss: 2.5498 | Val Acc: 0.1607
2025-06-20 16:29:29,325 [INFO] Epoch 009 | Train Loss: 2.6213 | Val Loss: 2.2702 | Val Acc: 0.1429
2025-06-20 16:29:29,343 [INFO] Epoch 010 | Train Loss: 2.1441 | Val Loss: 1.9977 | Val Acc: 0.1964
2025-06-20 16:29:29,459 [INFO] Epoch 011 | Train Loss: 1.7969 | Val Loss: 1.8284 | Val Acc: 0.1964
2025-06-20 16:29:29,479 [INFO] Epoch 012 | Train Loss: 1.6801 | Val Loss: 2.0005 | Val Acc: 0.2321
2025-06-20 16:29:29,497 [INFO] Epoch 013 | Train Loss: 1.7005 | Val Loss: 1.9188 | Val Acc: 0.2857
2025-06-20 16:29:29,499 [INFO] New best model at epoch 13 (Val Acc: 0.2857)
2025-06-20 16:29:29,514 [INFO] Epoch 014 | Train Loss: 1.7074 | Val Loss: 1.7876 | Val Acc: 0.2857
2025-06-20 16:29:29,532 [INFO] Epoch 015 | Train Loss: 1.5449 | Val Loss: 1.6207 | Val Acc: 0.3036
2025-06-20 16:29:29,535 [INFO] New best model at epoch 15 (Val Acc: 0.3036)
2025-06-20 16:29:29,548 [INFO] Epoch 016 | Train Loss: 1.5688 | Val Loss: 1.7513 | Val Acc: 0.3036
2025-06-20 16:29:29,562 [INFO] Epoch 017 | Train Loss: 1.4568 | Val Loss: 1.8775 | Val Acc: 0.2679
2025-06-20 16:29:29,576 [INFO] Epoch 018 | Train Loss: 1.6288 | Val Loss: 1.9900 | Val Acc: 0.3036
2025-06-20 16:29:29,593 [INFO] Epoch 019 | Train Loss: 1.5088 | Val Loss: 1.7931 | Val Acc: 0.3214
2025-06-20 16:29:29,595 [INFO] New best model at epoch 19 (Val Acc: 0.3214)
2025-06-20 16:29:29,608 [INFO] Epoch 020 | Train Loss: 1.4454 | Val Loss: 1.6634 | Val Acc: 0.2857
2025-06-20 16:29:29,732 [INFO] Epoch 021 | Train Loss: 1.3746 | Val Loss: 1.5488 | Val Acc: 0.3750
2025-06-20 16:29:29,734 [INFO] New best model at epoch 21 (Val Acc: 0.3750)
2025-06-20 16:29:29,754 [INFO] Epoch 022 | Train Loss: 1.3984 | Val Loss: 1.6664 | Val Acc: 0.2500
2025-06-20 16:29:29,773 [INFO] Epoch 023 | Train Loss: 1.4631 | Val Loss: 1.6170 | Val Acc: 0.3036
2025-06-20 16:29:29,793 [INFO] Epoch 024 | Train Loss: 1.2777 | Val Loss: 1.6993 | Val Acc: 0.3214
2025-06-20 16:29:29,814 [INFO] Epoch 025 | Train Loss: 1.2672 | Val Loss: 1.7215 | Val Acc: 0.3393
2025-06-20 16:29:29,838 [INFO] Epoch 026 | Train Loss: 1.4204 | Val Loss: 1.6669 | Val Acc: 0.3750
2025-06-20 16:29:29,859 [INFO] Epoch 027 | Train Loss: 1.3349 | Val Loss: 1.6723 | Val Acc: 0.4107
2025-06-20 16:29:29,861 [INFO] New best model at epoch 27 (Val Acc: 0.4107)
2025-06-20 16:29:29,881 [INFO] Epoch 028 | Train Loss: 1.2252 | Val Loss: 1.7813 | Val Acc: 0.3750
2025-06-20 16:29:29,899 [INFO] Epoch 029 | Train Loss: 1.4611 | Val Loss: 1.7910 | Val Acc: 0.3214
2025-06-20 16:29:29,919 [INFO] Epoch 030 | Train Loss: 1.2972 | Val Loss: 1.5875 | Val Acc: 0.3750
2025-06-20 16:29:30,047 [INFO] Epoch 031 | Train Loss: 1.2792 | Val Loss: 1.7563 | Val Acc: 0.3393
2025-06-20 16:29:30,067 [INFO] Epoch 032 | Train Loss: 1.3004 | Val Loss: 1.6315 | Val Acc: 0.3036
2025-06-20 16:29:30,087 [INFO] Epoch 033 | Train Loss: 1.3128 | Val Loss: 1.5017 | Val Acc: 0.3571
2025-06-20 16:29:30,106 [INFO] Epoch 034 | Train Loss: 1.2604 | Val Loss: 1.5744 | Val Acc: 0.3750
2025-06-20 16:29:30,125 [INFO] Epoch 035 | Train Loss: 1.2902 | Val Loss: 1.5859 | Val Acc: 0.3393
2025-06-20 16:29:30,147 [INFO] Epoch 036 | Train Loss: 1.3311 | Val Loss: 1.5838 | Val Acc: 0.3036
2025-06-20 16:29:30,169 [INFO] Epoch 037 | Train Loss: 1.1956 | Val Loss: 1.5299 | Val Acc: 0.3750
2025-06-20 16:29:30,187 [INFO] Epoch 038 | Train Loss: 1.2022 | Val Loss: 1.5209 | Val Acc: 0.3393
2025-06-20 16:29:30,204 [INFO] Epoch 039 | Train Loss: 1.2789 | Val Loss: 1.5777 | Val Acc: 0.3393
2025-06-20 16:29:30,224 [INFO] Epoch 040 | Train Loss: 1.2682 | Val Loss: 1.6156 | Val Acc: 0.3571
2025-06-20 16:29:30,376 [INFO] Epoch 041 | Train Loss: 1.2468 | Val Loss: 1.5538 | Val Acc: 0.3750
2025-06-20 16:29:30,393 [INFO] Epoch 042 | Train Loss: 1.2398 | Val Loss: 1.5753 | Val Acc: 0.2857
2025-06-20 16:29:30,408 [INFO] Epoch 043 | Train Loss: 1.1935 | Val Loss: 1.6442 | Val Acc: 0.2500
2025-06-20 16:29:30,424 [INFO] Epoch 044 | Train Loss: 1.2345 | Val Loss: 1.5663 | Val Acc: 0.3571
2025-06-20 16:29:30,442 [INFO] Epoch 045 | Train Loss: 1.1728 | Val Loss: 1.5394 | Val Acc: 0.3571
2025-06-20 16:29:30,461 [INFO] Epoch 046 | Train Loss: 1.1200 | Val Loss: 1.5042 | Val Acc: 0.3571
2025-06-20 16:29:30,483 [INFO] Epoch 047 | Train Loss: 1.1729 | Val Loss: 1.4998 | Val Acc: 0.3750
2025-06-20 16:29:30,501 [INFO] Epoch 048 | Train Loss: 1.1886 | Val Loss: 1.6307 | Val Acc: 0.3393
2025-06-20 16:29:30,520 [INFO] Epoch 049 | Train Loss: 1.1266 | Val Loss: 1.5388 | Val Acc: 0.3750
2025-06-20 16:29:30,537 [INFO] Epoch 050 | Train Loss: 1.2024 | Val Loss: 1.5082 | Val Acc: 0.3214
2025-06-20 16:29:30,647 [INFO] Epoch 051 | Train Loss: 1.2069 | Val Loss: 1.5169 | Val Acc: 0.3929
2025-06-20 16:29:30,665 [INFO] Epoch 052 | Train Loss: 1.1299 | Val Loss: 1.5847 | Val Acc: 0.3750
2025-06-20 16:29:30,682 [INFO] Epoch 053 | Train Loss: 1.1675 | Val Loss: 1.6357 | Val Acc: 0.3214
2025-06-20 16:29:30,699 [INFO] Epoch 054 | Train Loss: 1.1184 | Val Loss: 1.5069 | Val Acc: 0.3393
2025-06-20 16:29:30,718 [INFO] Epoch 055 | Train Loss: 1.1444 | Val Loss: 1.4939 | Val Acc: 0.3036
2025-06-20 16:29:30,737 [INFO] Epoch 056 | Train Loss: 1.1803 | Val Loss: 1.5521 | Val Acc: 0.3571
2025-06-20 16:29:30,753 [INFO] Epoch 057 | Train Loss: 1.1543 | Val Loss: 1.6119 | Val Acc: 0.3214
2025-06-20 16:29:30,767 [INFO] Epoch 058 | Train Loss: 1.2295 | Val Loss: 1.5240 | Val Acc: 0.3750
2025-06-20 16:29:30,782 [INFO] Epoch 059 | Train Loss: 1.1661 | Val Loss: 1.5663 | Val Acc: 0.3214
2025-06-20 16:29:30,798 [INFO] Epoch 060 | Train Loss: 1.1765 | Val Loss: 1.5766 | Val Acc: 0.3393
2025-06-20 16:29:30,920 [INFO] Epoch 061 | Train Loss: 1.1892 | Val Loss: 1.5374 | Val Acc: 0.3571
2025-06-20 16:29:30,936 [INFO] Epoch 062 | Train Loss: 1.1705 | Val Loss: 1.5689 | Val Acc: 0.3571
2025-06-20 16:29:30,952 [INFO] Epoch 063 | Train Loss: 1.1373 | Val Loss: 1.6148 | Val Acc: 0.2857
2025-06-20 16:29:30,967 [INFO] Epoch 064 | Train Loss: 1.1547 | Val Loss: 1.5484 | Val Acc: 0.3571
2025-06-20 16:29:30,983 [INFO] Epoch 065 | Train Loss: 1.2041 | Val Loss: 1.5333 | Val Acc: 0.3750
2025-06-20 16:29:30,997 [INFO] Epoch 066 | Train Loss: 1.1723 | Val Loss: 1.5329 | Val Acc: 0.3393
2025-06-20 16:29:31,014 [INFO] Epoch 067 | Train Loss: 1.1530 | Val Loss: 1.5721 | Val Acc: 0.3750
2025-06-20 16:29:31,034 [INFO] Epoch 068 | Train Loss: 1.1565 | Val Loss: 1.6245 | Val Acc: 0.3750
2025-06-20 16:29:31,051 [INFO] Epoch 069 | Train Loss: 1.1382 | Val Loss: 1.5402 | Val Acc: 0.3214
2025-06-20 16:29:31,067 [INFO] Epoch 070 | Train Loss: 1.1172 | Val Loss: 1.5952 | Val Acc: 0.3393
2025-06-20 16:29:31,185 [INFO] Epoch 071 | Train Loss: 1.1438 | Val Loss: 1.5890 | Val Acc: 0.3929
2025-06-20 16:29:31,200 [INFO] Epoch 072 | Train Loss: 1.1224 | Val Loss: 1.5375 | Val Acc: 0.3393
2025-06-20 16:29:31,215 [INFO] Epoch 073 | Train Loss: 1.1474 | Val Loss: 1.4985 | Val Acc: 0.3750
2025-06-20 16:29:31,234 [INFO] Epoch 074 | Train Loss: 1.1508 | Val Loss: 1.5668 | Val Acc: 0.3214
2025-06-20 16:29:31,256 [INFO] Epoch 075 | Train Loss: 1.0968 | Val Loss: 1.4932 | Val Acc: 0.3929
2025-06-20 16:29:31,278 [INFO] Epoch 076 | Train Loss: 1.1058 | Val Loss: 1.5066 | Val Acc: 0.3750
2025-06-20 16:29:31,299 [INFO] Epoch 077 | Train Loss: 1.1238 | Val Loss: 1.5743 | Val Acc: 0.3036
2025-06-20 16:29:31,319 [INFO] Epoch 078 | Train Loss: 1.1067 | Val Loss: 1.5522 | Val Acc: 0.3393
2025-06-20 16:29:31,342 [INFO] Epoch 079 | Train Loss: 1.1909 | Val Loss: 1.5330 | Val Acc: 0.3929
2025-06-20 16:29:31,361 [INFO] Epoch 080 | Train Loss: 1.1782 | Val Loss: 1.6255 | Val Acc: 0.2857
2025-06-20 16:29:31,565 [INFO] Epoch 081 | Train Loss: 1.1228 | Val Loss: 1.5739 | Val Acc: 0.3214
2025-06-20 16:29:31,585 [INFO] Epoch 082 | Train Loss: 1.1163 | Val Loss: 1.4856 | Val Acc: 0.4107
2025-06-20 16:29:31,606 [INFO] Epoch 083 | Train Loss: 1.1190 | Val Loss: 1.4721 | Val Acc: 0.4107
2025-06-20 16:29:31,628 [INFO] Epoch 084 | Train Loss: 1.1619 | Val Loss: 1.6043 | Val Acc: 0.3393
2025-06-20 16:29:31,645 [INFO] Epoch 085 | Train Loss: 1.1369 | Val Loss: 1.6043 | Val Acc: 0.3393
2025-06-20 16:29:31,663 [INFO] Epoch 086 | Train Loss: 1.1071 | Val Loss: 1.5842 | Val Acc: 0.3036
2025-06-20 16:29:31,686 [INFO] Epoch 087 | Train Loss: 1.1010 | Val Loss: 1.4673 | Val Acc: 0.3393
2025-06-20 16:29:31,715 [INFO] Epoch 088 | Train Loss: 1.1298 | Val Loss: 1.4459 | Val Acc: 0.3571
2025-06-20 16:29:31,742 [INFO] Epoch 089 | Train Loss: 1.0841 | Val Loss: 1.4417 | Val Acc: 0.3571
2025-06-20 16:29:31,766 [INFO] Epoch 090 | Train Loss: 1.1920 | Val Loss: 1.4995 | Val Acc: 0.3393
2025-06-20 16:29:31,880 [INFO] Epoch 091 | Train Loss: 1.1229 | Val Loss: 1.5208 | Val Acc: 0.4286
2025-06-20 16:29:31,882 [INFO] New best model at epoch 91 (Val Acc: 0.4286)
2025-06-20 16:29:31,898 [INFO] Epoch 092 | Train Loss: 1.1575 | Val Loss: 1.4668 | Val Acc: 0.3571
2025-06-20 16:29:31,913 [INFO] Epoch 093 | Train Loss: 1.1169 | Val Loss: 1.4944 | Val Acc: 0.3571
2025-06-20 16:29:31,932 [INFO] Epoch 094 | Train Loss: 1.1055 | Val Loss: 1.5029 | Val Acc: 0.3393
2025-06-20 16:29:31,952 [INFO] Epoch 095 | Train Loss: 1.1458 | Val Loss: 1.4652 | Val Acc: 0.3750
2025-06-20 16:29:31,972 [INFO] Epoch 096 | Train Loss: 1.1117 | Val Loss: 1.5058 | Val Acc: 0.3750
2025-06-20 16:29:31,990 [INFO] Epoch 097 | Train Loss: 1.1208 | Val Loss: 1.5484 | Val Acc: 0.3750
2025-06-20 16:29:32,008 [INFO] Epoch 098 | Train Loss: 1.1243 | Val Loss: 1.5092 | Val Acc: 0.3571
2025-06-20 16:29:32,023 [INFO] Epoch 099 | Train Loss: 1.1635 | Val Loss: 1.4988 | Val Acc: 0.3571
2025-06-20 16:29:32,039 [INFO] Epoch 100 | Train Loss: 1.1176 | Val Loss: 1.5764 | Val Acc: 0.3214
2025-06-20 16:29:32,159 [INFO] Epoch 101 | Train Loss: 1.0884 | Val Loss: 1.5021 | Val Acc: 0.3750
2025-06-20 16:29:32,178 [INFO] Epoch 102 | Train Loss: 1.1639 | Val Loss: 1.5166 | Val Acc: 0.3929
2025-06-20 16:29:32,196 [INFO] Epoch 103 | Train Loss: 1.0962 | Val Loss: 1.5094 | Val Acc: 0.3929
2025-06-20 16:29:32,214 [INFO] Epoch 104 | Train Loss: 1.0940 | Val Loss: 1.5385 | Val Acc: 0.3393
2025-06-20 16:29:32,230 [INFO] Epoch 105 | Train Loss: 1.1878 | Val Loss: 1.6910 | Val Acc: 0.2857
2025-06-20 16:29:32,246 [INFO] Epoch 106 | Train Loss: 1.1419 | Val Loss: 1.6182 | Val Acc: 0.3750
2025-06-20 16:29:32,264 [INFO] Epoch 107 | Train Loss: 1.1337 | Val Loss: 1.5753 | Val Acc: 0.3214
2025-06-20 16:29:32,280 [INFO] Epoch 108 | Train Loss: 1.1341 | Val Loss: 1.5133 | Val Acc: 0.3214
2025-06-20 16:29:32,299 [INFO] Epoch 109 | Train Loss: 1.1224 | Val Loss: 1.5502 | Val Acc: 0.3214
2025-06-20 16:29:32,316 [INFO] Epoch 110 | Train Loss: 1.0575 | Val Loss: 1.4934 | Val Acc: 0.3750
2025-06-20 16:29:32,435 [INFO] Epoch 111 | Train Loss: 1.1623 | Val Loss: 1.5231 | Val Acc: 0.3393
2025-06-20 16:29:32,457 [INFO] Epoch 112 | Train Loss: 1.0902 | Val Loss: 1.5166 | Val Acc: 0.3571
2025-06-20 16:29:32,474 [INFO] Epoch 113 | Train Loss: 1.0955 | Val Loss: 1.5253 | Val Acc: 0.3393
2025-06-20 16:29:32,492 [INFO] Epoch 114 | Train Loss: 1.1266 | Val Loss: 1.5632 | Val Acc: 0.3214
2025-06-20 16:29:32,508 [INFO] Epoch 115 | Train Loss: 1.1140 | Val Loss: 1.4672 | Val Acc: 0.3571
2025-06-20 16:29:32,527 [INFO] Epoch 116 | Train Loss: 1.1159 | Val Loss: 1.4414 | Val Acc: 0.4286
2025-06-20 16:29:32,542 [INFO] Epoch 117 | Train Loss: 1.1108 | Val Loss: 1.4771 | Val Acc: 0.3214
2025-06-20 16:29:32,557 [INFO] Epoch 118 | Train Loss: 1.1418 | Val Loss: 1.5043 | Val Acc: 0.3750
2025-06-20 16:29:32,571 [INFO] Epoch 119 | Train Loss: 1.0855 | Val Loss: 1.4933 | Val Acc: 0.3929
2025-06-20 16:29:32,586 [INFO] Epoch 120 | Train Loss: 1.0711 | Val Loss: 1.4900 | Val Acc: 0.3929
2025-06-20 16:29:32,699 [INFO] Epoch 121 | Train Loss: 1.0829 | Val Loss: 1.5515 | Val Acc: 0.3750
2025-06-20 16:29:32,715 [INFO] Epoch 122 | Train Loss: 1.0772 | Val Loss: 1.4959 | Val Acc: 0.3750
2025-06-20 16:29:32,735 [INFO] Epoch 123 | Train Loss: 1.1220 | Val Loss: 1.4538 | Val Acc: 0.3929
2025-06-20 16:29:32,753 [INFO] Epoch 124 | Train Loss: 1.0879 | Val Loss: 1.4575 | Val Acc: 0.4107
2025-06-20 16:29:32,769 [INFO] Epoch 125 | Train Loss: 1.0807 | Val Loss: 1.4646 | Val Acc: 0.4286
2025-06-20 16:29:32,787 [INFO] Epoch 126 | Train Loss: 1.1050 | Val Loss: 1.4906 | Val Acc: 0.3750
2025-06-20 16:29:32,803 [INFO] Epoch 127 | Train Loss: 1.0859 | Val Loss: 1.5332 | Val Acc: 0.3750
2025-06-20 16:29:32,817 [INFO] Epoch 128 | Train Loss: 1.1143 | Val Loss: 1.5881 | Val Acc: 0.3214
2025-06-20 16:29:32,831 [INFO] Epoch 129 | Train Loss: 1.0442 | Val Loss: 1.5576 | Val Acc: 0.3393
2025-06-20 16:29:32,846 [INFO] Epoch 130 | Train Loss: 1.0481 | Val Loss: 1.5231 | Val Acc: 0.3750
2025-06-20 16:29:32,963 [INFO] Epoch 131 | Train Loss: 1.1372 | Val Loss: 1.5641 | Val Acc: 0.3571
2025-06-20 16:29:32,982 [INFO] Epoch 132 | Train Loss: 1.1536 | Val Loss: 1.5375 | Val Acc: 0.3214
2025-06-20 16:29:32,999 [INFO] Epoch 133 | Train Loss: 1.1005 | Val Loss: 1.5390 | Val Acc: 0.3393
2025-06-20 16:29:33,015 [INFO] Epoch 134 | Train Loss: 1.0764 | Val Loss: 1.5715 | Val Acc: 0.3571
2025-06-20 16:29:33,029 [INFO] Epoch 135 | Train Loss: 1.1061 | Val Loss: 1.5210 | Val Acc: 0.3929
2025-06-20 16:29:33,051 [INFO] Epoch 136 | Train Loss: 1.1191 | Val Loss: 1.5552 | Val Acc: 0.3571
2025-06-20 16:29:33,072 [INFO] Epoch 137 | Train Loss: 1.0611 | Val Loss: 1.5039 | Val Acc: 0.3750
2025-06-20 16:29:33,093 [INFO] Epoch 138 | Train Loss: 1.0603 | Val Loss: 1.4952 | Val Acc: 0.3393
2025-06-20 16:29:33,113 [INFO] Epoch 139 | Train Loss: 1.0936 | Val Loss: 1.5217 | Val Acc: 0.3571
2025-06-20 16:29:33,132 [INFO] Epoch 140 | Train Loss: 1.0472 | Val Loss: 1.5300 | Val Acc: 0.3750
2025-06-20 16:29:33,271 [INFO] Epoch 141 | Train Loss: 1.0882 | Val Loss: 1.5371 | Val Acc: 0.3571
2025-06-20 16:29:33,293 [INFO] Epoch 142 | Train Loss: 1.0899 | Val Loss: 1.5269 | Val Acc: 0.3750
2025-06-20 16:29:33,312 [INFO] Epoch 143 | Train Loss: 1.0676 | Val Loss: 1.4750 | Val Acc: 0.3929
2025-06-20 16:29:33,334 [INFO] Epoch 144 | Train Loss: 1.0995 | Val Loss: 1.4562 | Val Acc: 0.3750
2025-06-20 16:29:33,353 [INFO] Epoch 145 | Train Loss: 1.0798 | Val Loss: 1.5359 | Val Acc: 0.3571
2025-06-20 16:29:33,371 [INFO] Epoch 146 | Train Loss: 1.0835 | Val Loss: 1.6201 | Val Acc: 0.3393
2025-06-20 16:29:33,389 [INFO] Epoch 147 | Train Loss: 1.1067 | Val Loss: 1.5433 | Val Acc: 0.3214
2025-06-20 16:29:33,406 [INFO] Epoch 148 | Train Loss: 1.0877 | Val Loss: 1.5183 | Val Acc: 0.3214
2025-06-20 16:29:33,424 [INFO] Epoch 149 | Train Loss: 1.0675 | Val Loss: 1.5791 | Val Acc: 0.3214
2025-06-20 16:29:33,442 [INFO] Epoch 150 | Train Loss: 1.0794 | Val Loss: 1.5345 | Val Acc: 0.3214
2025-06-20 16:29:33,567 [INFO] Epoch 151 | Train Loss: 1.1317 | Val Loss: 1.5857 | Val Acc: 0.3750
2025-06-20 16:29:33,587 [INFO] Epoch 152 | Train Loss: 1.0619 | Val Loss: 1.5242 | Val Acc: 0.3571
2025-06-20 16:29:33,606 [INFO] Epoch 153 | Train Loss: 1.0646 | Val Loss: 1.5784 | Val Acc: 0.3571
2025-06-20 16:29:33,622 [INFO] Epoch 154 | Train Loss: 1.0479 | Val Loss: 1.6075 | Val Acc: 0.3214
2025-06-20 16:29:33,640 [INFO] Epoch 155 | Train Loss: 1.0858 | Val Loss: 1.5436 | Val Acc: 0.3571
2025-06-20 16:29:33,659 [INFO] Epoch 156 | Train Loss: 1.0840 | Val Loss: 1.5582 | Val Acc: 0.3393
2025-06-20 16:29:33,676 [INFO] Epoch 157 | Train Loss: 1.0559 | Val Loss: 1.5789 | Val Acc: 0.3571
2025-06-20 16:29:33,693 [INFO] Epoch 158 | Train Loss: 1.0759 | Val Loss: 1.5905 | Val Acc: 0.3571
2025-06-20 16:29:33,708 [INFO] Epoch 159 | Train Loss: 1.1102 | Val Loss: 1.5527 | Val Acc: 0.3571
2025-06-20 16:29:33,724 [INFO] Epoch 160 | Train Loss: 1.0949 | Val Loss: 1.5867 | Val Acc: 0.3393
2025-06-20 16:29:33,847 [INFO] Epoch 161 | Train Loss: 1.1369 | Val Loss: 1.5514 | Val Acc: 0.3393
2025-06-20 16:29:33,864 [INFO] Epoch 162 | Train Loss: 1.1100 | Val Loss: 1.5408 | Val Acc: 0.3750
2025-06-20 16:29:33,878 [INFO] Epoch 163 | Train Loss: 1.0656 | Val Loss: 1.5373 | Val Acc: 0.3571
2025-06-20 16:29:33,893 [INFO] Epoch 164 | Train Loss: 1.1389 | Val Loss: 1.5693 | Val Acc: 0.3214
2025-06-20 16:29:33,910 [INFO] Epoch 165 | Train Loss: 1.0566 | Val Loss: 1.5419 | Val Acc: 0.3393
2025-06-20 16:29:33,924 [INFO] Epoch 166 | Train Loss: 1.0877 | Val Loss: 1.5503 | Val Acc: 0.3571
2025-06-20 16:29:33,937 [INFO] Epoch 167 | Train Loss: 1.0755 | Val Loss: 1.5499 | Val Acc: 0.3929
2025-06-20 16:29:33,951 [INFO] Epoch 168 | Train Loss: 1.1042 | Val Loss: 1.5881 | Val Acc: 0.3929
2025-06-20 16:29:33,967 [INFO] Epoch 169 | Train Loss: 1.1137 | Val Loss: 1.5400 | Val Acc: 0.3393
2025-06-20 16:29:33,984 [INFO] Epoch 170 | Train Loss: 1.0975 | Val Loss: 1.5348 | Val Acc: 0.3214
2025-06-20 16:29:34,104 [INFO] Epoch 171 | Train Loss: 1.0969 | Val Loss: 1.5205 | Val Acc: 0.3393
2025-06-20 16:29:34,122 [INFO] Epoch 172 | Train Loss: 1.0538 | Val Loss: 1.5683 | Val Acc: 0.3393
2025-06-20 16:29:34,136 [INFO] Epoch 173 | Train Loss: 1.0708 | Val Loss: 1.5552 | Val Acc: 0.3393
2025-06-20 16:29:34,150 [INFO] Epoch 174 | Train Loss: 1.0617 | Val Loss: 1.5080 | Val Acc: 0.3750
2025-06-20 16:29:34,164 [INFO] Epoch 175 | Train Loss: 1.0459 | Val Loss: 1.5289 | Val Acc: 0.3750
2025-06-20 16:29:34,176 [INFO] Epoch 176 | Train Loss: 1.0697 | Val Loss: 1.5475 | Val Acc: 0.3393
2025-06-20 16:29:34,191 [INFO] Epoch 177 | Train Loss: 1.1169 | Val Loss: 1.5330 | Val Acc: 0.3393
2025-06-20 16:29:34,204 [INFO] Epoch 178 | Train Loss: 1.0678 | Val Loss: 1.5389 | Val Acc: 0.3571
2025-06-20 16:29:34,218 [INFO] Epoch 179 | Train Loss: 1.0620 | Val Loss: 1.5981 | Val Acc: 0.3750
2025-06-20 16:29:34,231 [INFO] Epoch 180 | Train Loss: 1.0440 | Val Loss: 1.5369 | Val Acc: 0.3750
2025-06-20 16:29:34,345 [INFO] Epoch 181 | Train Loss: 1.0789 | Val Loss: 1.5633 | Val Acc: 0.3929
2025-06-20 16:29:34,360 [INFO] Epoch 182 | Train Loss: 1.0670 | Val Loss: 1.5220 | Val Acc: 0.3571
2025-06-20 16:29:34,380 [INFO] Epoch 183 | Train Loss: 1.0465 | Val Loss: 1.4895 | Val Acc: 0.3571
2025-06-20 16:29:34,402 [INFO] Epoch 184 | Train Loss: 1.0470 | Val Loss: 1.4591 | Val Acc: 0.3929
2025-06-20 16:29:34,418 [INFO] Epoch 185 | Train Loss: 1.0603 | Val Loss: 1.4599 | Val Acc: 0.3929
2025-06-20 16:29:34,438 [INFO] Epoch 186 | Train Loss: 1.0843 | Val Loss: 1.5236 | Val Acc: 0.3393
2025-06-20 16:29:34,455 [INFO] Epoch 187 | Train Loss: 1.0628 | Val Loss: 1.4744 | Val Acc: 0.3929
2025-06-20 16:29:34,477 [INFO] Epoch 188 | Train Loss: 1.0938 | Val Loss: 1.5452 | Val Acc: 0.3750
2025-06-20 16:29:34,503 [INFO] Epoch 189 | Train Loss: 1.1157 | Val Loss: 1.5443 | Val Acc: 0.3214
2025-06-20 16:29:34,524 [INFO] Epoch 190 | Train Loss: 1.0827 | Val Loss: 1.4905 | Val Acc: 0.3750
2025-06-20 16:29:34,720 [INFO] Epoch 191 | Train Loss: 1.0716 | Val Loss: 1.5120 | Val Acc: 0.4107
2025-06-20 16:29:34,737 [INFO] Epoch 192 | Train Loss: 1.0563 | Val Loss: 1.5218 | Val Acc: 0.3750
2025-06-20 16:29:34,755 [INFO] Epoch 193 | Train Loss: 1.0294 | Val Loss: 1.4650 | Val Acc: 0.3750
2025-06-20 16:29:34,769 [INFO] Epoch 194 | Train Loss: 1.0518 | Val Loss: 1.4785 | Val Acc: 0.3393
2025-06-20 16:29:34,785 [INFO] Epoch 195 | Train Loss: 1.0859 | Val Loss: 1.5038 | Val Acc: 0.3571
2025-06-20 16:29:34,799 [INFO] Epoch 196 | Train Loss: 1.0423 | Val Loss: 1.5488 | Val Acc: 0.3750
2025-06-20 16:29:34,815 [INFO] Epoch 197 | Train Loss: 1.0988 | Val Loss: 1.5248 | Val Acc: 0.3750
2025-06-20 16:29:34,829 [INFO] Epoch 198 | Train Loss: 1.0928 | Val Loss: 1.5329 | Val Acc: 0.3750
2025-06-20 16:29:34,844 [INFO] Epoch 199 | Train Loss: 1.0525 | Val Loss: 1.4754 | Val Acc: 0.3750
2025-06-20 16:29:34,860 [INFO] Epoch 200 | Train Loss: 1.0660 | Val Loss: 1.5572 | Val Acc: 0.3393
2025-06-20 16:29:34,979 [INFO] Epoch 201 | Train Loss: 1.0755 | Val Loss: 1.5407 | Val Acc: 0.3750
2025-06-20 16:29:34,995 [INFO] Epoch 202 | Train Loss: 1.0933 | Val Loss: 1.7504 | Val Acc: 0.3214
2025-06-20 16:29:35,012 [INFO] Epoch 203 | Train Loss: 1.0734 | Val Loss: 1.6872 | Val Acc: 0.3393
2025-06-20 16:29:35,028 [INFO] Epoch 204 | Train Loss: 1.0659 | Val Loss: 1.6242 | Val Acc: 0.3036
2025-06-20 16:29:35,043 [INFO] Epoch 205 | Train Loss: 1.0889 | Val Loss: 1.5715 | Val Acc: 0.3393
2025-06-20 16:29:35,058 [INFO] Epoch 206 | Train Loss: 1.1006 | Val Loss: 1.6610 | Val Acc: 0.3750
2025-06-20 16:29:35,072 [INFO] Epoch 207 | Train Loss: 1.1030 | Val Loss: 1.5400 | Val Acc: 0.3929
2025-06-20 16:29:35,086 [INFO] Epoch 208 | Train Loss: 1.1062 | Val Loss: 1.6206 | Val Acc: 0.3036
2025-06-20 16:29:35,109 [INFO] Epoch 209 | Train Loss: 1.0922 | Val Loss: 1.5430 | Val Acc: 0.3393
2025-06-20 16:29:35,130 [INFO] Epoch 210 | Train Loss: 1.0651 | Val Loss: 1.5226 | Val Acc: 0.3571
2025-06-20 16:29:35,255 [INFO] Epoch 211 | Train Loss: 1.0880 | Val Loss: 1.5287 | Val Acc: 0.3750
2025-06-20 16:29:35,271 [INFO] Epoch 212 | Train Loss: 1.0685 | Val Loss: 1.5905 | Val Acc: 0.3571
2025-06-20 16:29:35,288 [INFO] Epoch 213 | Train Loss: 1.0632 | Val Loss: 1.5814 | Val Acc: 0.3036
2025-06-20 16:29:35,304 [INFO] Epoch 214 | Train Loss: 1.0666 | Val Loss: 1.5476 | Val Acc: 0.3036
2025-06-20 16:29:35,320 [INFO] Epoch 215 | Train Loss: 1.0743 | Val Loss: 1.5835 | Val Acc: 0.3393
2025-06-20 16:29:35,335 [INFO] Epoch 216 | Train Loss: 1.0632 | Val Loss: 1.5510 | Val Acc: 0.3571
2025-06-20 16:29:35,351 [INFO] Epoch 217 | Train Loss: 1.0371 | Val Loss: 1.5327 | Val Acc: 0.3571
2025-06-20 16:29:35,367 [INFO] Epoch 218 | Train Loss: 1.0444 | Val Loss: 1.5855 | Val Acc: 0.3393
2025-06-20 16:29:35,383 [INFO] Epoch 219 | Train Loss: 1.0721 | Val Loss: 1.5186 | Val Acc: 0.3214
2025-06-20 16:29:35,397 [INFO] Epoch 220 | Train Loss: 1.0491 | Val Loss: 1.5059 | Val Acc: 0.3929
2025-06-20 16:29:35,507 [INFO] Epoch 221 | Train Loss: 1.1086 | Val Loss: 1.5518 | Val Acc: 0.3750
2025-06-20 16:29:35,521 [INFO] Epoch 222 | Train Loss: 1.0637 | Val Loss: 1.5370 | Val Acc: 0.3036
2025-06-20 16:29:35,538 [INFO] Epoch 223 | Train Loss: 1.0684 | Val Loss: 1.5336 | Val Acc: 0.3393
2025-06-20 16:29:35,558 [INFO] Epoch 224 | Train Loss: 1.0711 | Val Loss: 1.5238 | Val Acc: 0.3750
2025-06-20 16:29:35,599 [INFO] Epoch 225 | Train Loss: 1.0772 | Val Loss: 1.5771 | Val Acc: 0.3393
2025-06-20 16:29:35,618 [INFO] Epoch 226 | Train Loss: 1.0919 | Val Loss: 1.5753 | Val Acc: 0.3036
2025-06-20 16:29:35,638 [INFO] Epoch 227 | Train Loss: 1.0732 | Val Loss: 1.5075 | Val Acc: 0.3214
2025-06-20 16:29:35,654 [INFO] Epoch 228 | Train Loss: 1.0459 | Val Loss: 1.5209 | Val Acc: 0.3750
2025-06-20 16:29:35,670 [INFO] Epoch 229 | Train Loss: 1.0488 | Val Loss: 1.5207 | Val Acc: 0.3571
2025-06-20 16:29:35,688 [INFO] Epoch 230 | Train Loss: 1.0504 | Val Loss: 1.5361 | Val Acc: 0.3036
2025-06-20 16:29:35,804 [INFO] Epoch 231 | Train Loss: 1.0544 | Val Loss: 1.5127 | Val Acc: 0.3214
2025-06-20 16:29:35,826 [INFO] Epoch 232 | Train Loss: 1.0644 | Val Loss: 1.5318 | Val Acc: 0.3214
2025-06-20 16:29:35,847 [INFO] Epoch 233 | Train Loss: 1.0683 | Val Loss: 1.5616 | Val Acc: 0.3393
2025-06-20 16:29:35,870 [INFO] Epoch 234 | Train Loss: 1.0628 | Val Loss: 1.4849 | Val Acc: 0.3571
2025-06-20 16:29:35,888 [INFO] Epoch 235 | Train Loss: 1.0593 | Val Loss: 1.4968 | Val Acc: 0.3571
2025-06-20 16:29:35,907 [INFO] Epoch 236 | Train Loss: 1.0435 | Val Loss: 1.5272 | Val Acc: 0.3929
2025-06-20 16:29:35,932 [INFO] Epoch 237 | Train Loss: 1.0556 | Val Loss: 1.6054 | Val Acc: 0.3393
2025-06-20 16:29:35,952 [INFO] Epoch 238 | Train Loss: 1.0531 | Val Loss: 1.5416 | Val Acc: 0.3571
2025-06-20 16:29:35,971 [INFO] Epoch 239 | Train Loss: 1.0761 | Val Loss: 1.5573 | Val Acc: 0.3571
2025-06-20 16:29:35,986 [INFO] Epoch 240 | Train Loss: 1.0289 | Val Loss: 1.5494 | Val Acc: 0.3750
2025-06-20 16:29:36,120 [INFO] Epoch 241 | Train Loss: 1.0562 | Val Loss: 1.4891 | Val Acc: 0.3571
2025-06-20 16:29:36,122 [INFO] Early stopping at epoch 241 (no improvement in 150 epochs).
2025-06-20 16:29:36,123 [INFO] Best model saved to <built-in function time>/ENZYMES/best/best_source_gin.pth (Val Acc: 0.4286 at epoch 91)
2025-06-20 16:29:36,124 [INFO] Training/validation metrics saved to <built-in function time>/ENZYMES/GIN_0.0001/train_metrics.csv
2025-06-20 16:29:36,222 [INFO] Final training curves saved
2025-06-20 16:29:36,222 [INFO] Training completed!
2025-06-20 16:29:36,222 [INFO] Best validation accuracy: 0.4286
2025-06-20 16:29:36,222 [INFO] Best epoch: 91
2025-06-20 16:29:36,222 [INFO] Total epochs trained: 241
2025-06-20 16:29:36,223 [INFO] Starting training with parameters: (0.0001, 0.0, 128, 1, 400, 0.0)
