2025-06-22 02:19:07,794 [INFO] Using device: cpu
2025-06-22 02:19:07,794 [INFO] 开始创建数据加载器...
2025-06-22 02:19:07,797 [INFO] Successfully loaded dataset ENZYMES from ./data, total graphs: 600
2025-06-22 02:19:07,797 [INFO] Class allocation analysis:
2025-06-22 02:19:07,797 [INFO]   Source classes: [0, 1, 2, 3]
2025-06-22 02:19:07,797 [INFO]   Target classes: [0, 1, 2, 3, 4, 5]
2025-06-22 02:19:07,797 [INFO]   Overlap classes (to be split): [0, 1, 2, 3]
2025-06-22 02:19:07,797 [INFO]   Target novel classes (unknown): [4, 5]
2025-06-22 02:19:07,811 [INFO]   Class 0: 100 total -> Source: 70, Target: 30
2025-06-22 02:19:07,811 [INFO]   Class 1: 100 total -> Source: 70, Target: 30
2025-06-22 02:19:07,811 [INFO]   Class 2: 100 total -> Source: 70, Target: 30
2025-06-22 02:19:07,811 [INFO]   Class 3: 100 total -> Source: 70, Target: 30
2025-06-22 02:19:07,811 [INFO]   Class 4 (novel/unknown): 100 samples -> Target
2025-06-22 02:19:07,811 [INFO]   Class 5 (novel/unknown): 100 samples -> Target
2025-06-22 02:19:07,811 [INFO] Final allocation:
2025-06-22 02:19:07,811 [INFO]   Source domain: 280 samples
2025-06-22 02:19:07,811 [INFO]   Target domain: 320 samples
2025-06-22 02:19:07,813 [INFO] Source domain setup:
2025-06-22 02:19:07,813 [INFO]   Original classes: [0, 1, 2, 3]
2025-06-22 02:19:07,813 [INFO]   Overlap classes used: [0, 1, 2, 3]
2025-06-22 02:19:07,813 [INFO]   Label mapping: {0: 0, 1: 1, 2: 2, 3: 3}
2025-06-22 02:19:07,813 [INFO]   Total data after allocation: 280
2025-06-22 02:19:07,813 [INFO]   Data split - Train: 224, Val: 56
2025-06-22 02:19:07,813 [INFO]   Train label distribution: {0: 56, 1: 56, 3: 56, 2: 56}
2025-06-22 02:19:07,813 [INFO]   Val label distribution: {1: 14, 2: 14, 0: 14, 3: 14}
2025-06-22 02:19:07,814 [INFO] Successfully loaded dataset ENZYMES from ./data, total graphs: 600
2025-06-22 02:19:07,814 [INFO] Class allocation analysis:
2025-06-22 02:19:07,814 [INFO]   Source classes: [0, 1, 2, 3]
2025-06-22 02:19:07,814 [INFO]   Target classes: [0, 1, 2, 3, 4, 5]
2025-06-22 02:19:07,814 [INFO]   Overlap classes (to be split): [0, 1, 2, 3]
2025-06-22 02:19:07,814 [INFO]   Target novel classes (unknown): [4, 5]
2025-06-22 02:19:07,827 [INFO]   Class 0: 100 total -> Source: 70, Target: 30
2025-06-22 02:19:07,827 [INFO]   Class 1: 100 total -> Source: 70, Target: 30
2025-06-22 02:19:07,827 [INFO]   Class 2: 100 total -> Source: 70, Target: 30
2025-06-22 02:19:07,828 [INFO]   Class 3: 100 total -> Source: 70, Target: 30
2025-06-22 02:19:07,828 [INFO]   Class 4 (novel/unknown): 100 samples -> Target
2025-06-22 02:19:07,828 [INFO]   Class 5 (novel/unknown): 100 samples -> Target
2025-06-22 02:19:07,828 [INFO] Final allocation:
2025-06-22 02:19:07,828 [INFO]   Source domain: 280 samples
2025-06-22 02:19:07,828 [INFO]   Target domain: 320 samples
2025-06-22 02:19:07,829 [INFO] Target domain setup:
2025-06-22 02:19:07,829 [INFO]   Original classes: [0, 1, 2, 3, 4, 5]
2025-06-22 02:19:07,829 [INFO]   Overlap classes: [0, 1, 2, 3]
2025-06-22 02:19:07,829 [INFO]   Novel classes: [4, 5] -> mapped to unknown label 4
2025-06-22 02:19:07,829 [INFO]   Label mapping: {0: 0, 1: 1, 2: 2, 3: 3, 4: 4, 5: 4}
2025-06-22 02:19:07,829 [INFO]   Total data after allocation: 320
2025-06-22 02:19:07,829 [INFO]   Data split - Train: 256, Val: 64
2025-06-22 02:19:07,829 [INFO]   Total count: 320 (known: 120, unknown: 200)
2025-06-22 02:19:07,829 [INFO]   Total label distribution: {4: 200, 3: 30, 0: 30, 1: 30, 2: 30}
2025-06-22 02:19:07,829 [INFO]   Train label distribution: {4: 160, 0: 24, 2: 24, 3: 24, 1: 24}
2025-06-22 02:19:07,829 [INFO]   Val label distribution: {1: 6, 4: 40, 3: 6, 0: 6, 2: 6}
2025-06-22 02:19:07,830 [INFO] 数据加载器创建完成!
2025-06-22 02:19:07,830 [INFO] 源域类别数: 4 (重叠类别)
2025-06-22 02:19:07,830 [INFO] 目标域类别数: 5 (4个重叠类别 + 1个未知类别)
2025-06-22 02:19:07,830 [INFO] 重叠类别: [0, 1, 2, 3]
2025-06-22 02:19:07,830 [INFO] 目标域新类别: [4, 5]
2025-06-22 02:19:07,830 [INFO] Data allocation verification:
2025-06-22 02:19:07,830 [INFO]   Source data samples: 280
2025-06-22 02:19:07,830 [INFO]   Target data samples: 320
2025-06-22 02:19:07,830 [INFO]   Overlapping samples: 0
2025-06-22 02:19:07,830 [INFO]   ✓ Data allocation is correct - no overlapping samples
2025-06-22 02:19:07,831 [INFO] Model initialized with 13508 parameters
2025-06-22 02:19:07,831 [INFO] Previous best validation accuracy read from record.txt: 0.6250
2025-06-22 02:19:07,831 [INFO] Starting training...
2025-06-22 02:19:07,847 [INFO] Epoch 001 | Train Loss: 11.8636 | Val Loss: 2.4662 | Val Acc: 0.3750
2025-06-22 02:19:08,447 [INFO] New best model at epoch 1 (Val Acc: 0.3750)
2025-06-22 02:19:08,473 [INFO] Epoch 002 | Train Loss: 6.1583 | Val Loss: 2.3364 | Val Acc: 0.3214
2025-06-22 02:19:08,496 [INFO] Epoch 003 | Train Loss: 5.4028 | Val Loss: 2.9576 | Val Acc: 0.2500
2025-06-22 02:19:08,517 [INFO] Epoch 004 | Train Loss: 4.5614 | Val Loss: 3.7468 | Val Acc: 0.2857
2025-06-22 02:19:08,546 [INFO] Epoch 005 | Train Loss: 3.9607 | Val Loss: 3.2245 | Val Acc: 0.2857
2025-06-22 02:19:08,569 [INFO] Epoch 006 | Train Loss: 3.7873 | Val Loss: 2.6204 | Val Acc: 0.3750
2025-06-22 02:19:08,588 [INFO] Epoch 007 | Train Loss: 3.7149 | Val Loss: 2.7095 | Val Acc: 0.3750
2025-06-22 02:19:08,604 [INFO] Epoch 008 | Train Loss: 4.1346 | Val Loss: 2.4129 | Val Acc: 0.4643
2025-06-22 02:19:08,606 [INFO] New best model at epoch 8 (Val Acc: 0.4643)
2025-06-22 02:19:08,621 [INFO] Epoch 009 | Train Loss: 2.7458 | Val Loss: 2.1316 | Val Acc: 0.4464
2025-06-22 02:19:08,638 [INFO] Epoch 010 | Train Loss: 3.1204 | Val Loss: 2.0252 | Val Acc: 0.4286
2025-06-22 02:19:09,113 [INFO] Epoch 011 | Train Loss: 2.9664 | Val Loss: 2.4073 | Val Acc: 0.4286
2025-06-22 02:19:09,130 [INFO] Epoch 012 | Train Loss: 3.0886 | Val Loss: 2.5723 | Val Acc: 0.4286
2025-06-22 02:19:09,145 [INFO] Epoch 013 | Train Loss: 2.8080 | Val Loss: 2.7762 | Val Acc: 0.3571
2025-06-22 02:19:09,161 [INFO] Epoch 014 | Train Loss: 2.8210 | Val Loss: 2.3558 | Val Acc: 0.3393
2025-06-22 02:19:09,176 [INFO] Epoch 015 | Train Loss: 2.8441 | Val Loss: 2.0978 | Val Acc: 0.4286
2025-06-22 02:19:09,193 [INFO] Epoch 016 | Train Loss: 2.6444 | Val Loss: 2.1323 | Val Acc: 0.4643
2025-06-22 02:19:09,209 [INFO] Epoch 017 | Train Loss: 2.5819 | Val Loss: 2.3387 | Val Acc: 0.3393
2025-06-22 02:19:09,225 [INFO] Epoch 018 | Train Loss: 2.5798 | Val Loss: 2.3298 | Val Acc: 0.3750
2025-06-22 02:19:09,241 [INFO] Epoch 019 | Train Loss: 3.1145 | Val Loss: 2.1000 | Val Acc: 0.3929
2025-06-22 02:19:09,257 [INFO] Epoch 020 | Train Loss: 2.2872 | Val Loss: 2.0042 | Val Acc: 0.4286
2025-06-22 02:19:09,720 [INFO] Epoch 021 | Train Loss: 2.1512 | Val Loss: 2.6639 | Val Acc: 0.3393
2025-06-22 02:19:09,736 [INFO] Epoch 022 | Train Loss: 2.1842 | Val Loss: 1.8605 | Val Acc: 0.4643
2025-06-22 02:19:09,751 [INFO] Epoch 023 | Train Loss: 1.9628 | Val Loss: 1.8971 | Val Acc: 0.4286
2025-06-22 02:19:09,767 [INFO] Epoch 024 | Train Loss: 2.1590 | Val Loss: 1.7016 | Val Acc: 0.4821
2025-06-22 02:19:09,769 [INFO] New best model at epoch 24 (Val Acc: 0.4821)
2025-06-22 02:19:09,783 [INFO] Epoch 025 | Train Loss: 2.3481 | Val Loss: 3.0288 | Val Acc: 0.3571
2025-06-22 02:19:09,799 [INFO] Epoch 026 | Train Loss: 2.0712 | Val Loss: 2.3415 | Val Acc: 0.3750
2025-06-22 02:19:09,814 [INFO] Epoch 027 | Train Loss: 2.1382 | Val Loss: 1.9570 | Val Acc: 0.4286
2025-06-22 02:19:09,832 [INFO] Epoch 028 | Train Loss: 2.4331 | Val Loss: 2.1225 | Val Acc: 0.4107
2025-06-22 02:19:09,848 [INFO] Epoch 029 | Train Loss: 2.4107 | Val Loss: 2.2297 | Val Acc: 0.3750
2025-06-22 02:19:09,864 [INFO] Epoch 030 | Train Loss: 2.1500 | Val Loss: 1.6641 | Val Acc: 0.5179
2025-06-22 02:19:10,567 [INFO] New best model at epoch 30 (Val Acc: 0.5179)
2025-06-22 02:19:10,583 [INFO] Epoch 031 | Train Loss: 2.1649 | Val Loss: 1.7222 | Val Acc: 0.4107
2025-06-22 02:19:10,598 [INFO] Epoch 032 | Train Loss: 1.8110 | Val Loss: 2.2193 | Val Acc: 0.4464
2025-06-22 02:19:10,614 [INFO] Epoch 033 | Train Loss: 1.9214 | Val Loss: 2.0505 | Val Acc: 0.4464
2025-06-22 02:19:10,629 [INFO] Epoch 034 | Train Loss: 1.8483 | Val Loss: 1.8572 | Val Acc: 0.5000
2025-06-22 02:19:10,645 [INFO] Epoch 035 | Train Loss: 1.8275 | Val Loss: 1.7840 | Val Acc: 0.4643
2025-06-22 02:19:10,668 [INFO] Epoch 036 | Train Loss: 1.7399 | Val Loss: 1.8465 | Val Acc: 0.3036
2025-06-22 02:19:10,684 [INFO] Epoch 037 | Train Loss: 1.6825 | Val Loss: 1.8697 | Val Acc: 0.4107
2025-06-22 02:19:10,701 [INFO] Epoch 038 | Train Loss: 1.9225 | Val Loss: 2.0231 | Val Acc: 0.3929
2025-06-22 02:19:10,717 [INFO] Epoch 039 | Train Loss: 1.5345 | Val Loss: 1.7576 | Val Acc: 0.3571
2025-06-22 02:19:10,733 [INFO] Epoch 040 | Train Loss: 1.6840 | Val Loss: 1.7580 | Val Acc: 0.4464
2025-06-22 02:19:11,203 [INFO] Epoch 041 | Train Loss: 1.6755 | Val Loss: 1.6670 | Val Acc: 0.5000
2025-06-22 02:19:11,219 [INFO] Epoch 042 | Train Loss: 1.6363 | Val Loss: 1.6246 | Val Acc: 0.3750
2025-06-22 02:19:11,234 [INFO] Epoch 043 | Train Loss: 1.5130 | Val Loss: 1.5938 | Val Acc: 0.4286
2025-06-22 02:19:11,250 [INFO] Epoch 044 | Train Loss: 1.4234 | Val Loss: 1.7566 | Val Acc: 0.4464
2025-06-22 02:19:11,266 [INFO] Epoch 045 | Train Loss: 1.3704 | Val Loss: 1.6854 | Val Acc: 0.4286
2025-06-22 02:19:11,282 [INFO] Epoch 046 | Train Loss: 1.4327 | Val Loss: 1.6020 | Val Acc: 0.4286
2025-06-22 02:19:11,298 [INFO] Epoch 047 | Train Loss: 1.4443 | Val Loss: 2.3169 | Val Acc: 0.3750
2025-06-22 02:19:11,314 [INFO] Epoch 048 | Train Loss: 1.3128 | Val Loss: 1.8017 | Val Acc: 0.4107
2025-06-22 02:19:11,330 [INFO] Epoch 049 | Train Loss: 1.3613 | Val Loss: 1.6549 | Val Acc: 0.3929
2025-06-22 02:19:11,347 [INFO] Epoch 050 | Train Loss: 1.3370 | Val Loss: 1.7193 | Val Acc: 0.3929
2025-06-22 02:19:11,842 [INFO] Epoch 051 | Train Loss: 1.7594 | Val Loss: 1.8014 | Val Acc: 0.4286
2025-06-22 02:19:11,857 [INFO] Epoch 052 | Train Loss: 1.3084 | Val Loss: 1.7894 | Val Acc: 0.4107
2025-06-22 02:19:11,873 [INFO] Epoch 053 | Train Loss: 1.5107 | Val Loss: 1.6301 | Val Acc: 0.4286
2025-06-22 02:19:11,889 [INFO] Epoch 054 | Train Loss: 1.3333 | Val Loss: 1.6745 | Val Acc: 0.4286
2025-06-22 02:19:11,904 [INFO] Epoch 055 | Train Loss: 1.4122 | Val Loss: 1.7548 | Val Acc: 0.4643
2025-06-22 02:19:11,920 [INFO] Epoch 056 | Train Loss: 1.3906 | Val Loss: 1.7239 | Val Acc: 0.3750
2025-06-22 02:19:11,937 [INFO] Epoch 057 | Train Loss: 1.2545 | Val Loss: 1.9004 | Val Acc: 0.4643
2025-06-22 02:19:11,953 [INFO] Epoch 058 | Train Loss: 1.3478 | Val Loss: 1.8843 | Val Acc: 0.4464
2025-06-22 02:19:11,969 [INFO] Epoch 059 | Train Loss: 1.2542 | Val Loss: 1.7310 | Val Acc: 0.4107
2025-06-22 02:19:11,987 [INFO] Epoch 060 | Train Loss: 1.3167 | Val Loss: 1.7818 | Val Acc: 0.4286
2025-06-22 02:19:12,493 [INFO] Epoch 061 | Train Loss: 1.2157 | Val Loss: 1.5987 | Val Acc: 0.4286
2025-06-22 02:19:12,510 [INFO] Epoch 062 | Train Loss: 1.3205 | Val Loss: 1.6043 | Val Acc: 0.4107
2025-06-22 02:19:12,526 [INFO] Epoch 063 | Train Loss: 1.2177 | Val Loss: 1.5543 | Val Acc: 0.4286
2025-06-22 02:19:12,547 [INFO] Epoch 064 | Train Loss: 1.1949 | Val Loss: 1.6835 | Val Acc: 0.4286
2025-06-22 02:19:12,565 [INFO] Epoch 065 | Train Loss: 1.2374 | Val Loss: 1.5785 | Val Acc: 0.4643
2025-06-22 02:19:12,585 [INFO] Epoch 066 | Train Loss: 1.2837 | Val Loss: 1.5426 | Val Acc: 0.4464
2025-06-22 02:19:12,606 [INFO] Epoch 067 | Train Loss: 1.0778 | Val Loss: 1.6224 | Val Acc: 0.5357
2025-06-22 02:19:12,609 [INFO] New best model at epoch 67 (Val Acc: 0.5357)
2025-06-22 02:19:12,625 [INFO] Epoch 068 | Train Loss: 1.0920 | Val Loss: 1.5695 | Val Acc: 0.5179
2025-06-22 02:19:12,642 [INFO] Epoch 069 | Train Loss: 1.0610 | Val Loss: 1.4595 | Val Acc: 0.5179
2025-06-22 02:19:12,666 [INFO] Epoch 070 | Train Loss: 1.1618 | Val Loss: 1.5079 | Val Acc: 0.3571
2025-06-22 02:19:13,600 [INFO] Epoch 071 | Train Loss: 1.2107 | Val Loss: 1.5599 | Val Acc: 0.3214
2025-06-22 02:19:13,617 [INFO] Epoch 072 | Train Loss: 1.2402 | Val Loss: 1.4849 | Val Acc: 0.4821
2025-06-22 02:19:13,635 [INFO] Epoch 073 | Train Loss: 1.0346 | Val Loss: 1.7131 | Val Acc: 0.5179
2025-06-22 02:19:13,655 [INFO] Epoch 074 | Train Loss: 1.0866 | Val Loss: 1.9834 | Val Acc: 0.4464
2025-06-22 02:19:13,679 [INFO] Epoch 075 | Train Loss: 1.0455 | Val Loss: 2.0294 | Val Acc: 0.4286
2025-06-22 02:19:13,697 [INFO] Epoch 076 | Train Loss: 1.1731 | Val Loss: 1.7289 | Val Acc: 0.4643
2025-06-22 02:19:13,713 [INFO] Epoch 077 | Train Loss: 0.9893 | Val Loss: 1.8916 | Val Acc: 0.4643
2025-06-22 02:19:13,729 [INFO] Epoch 078 | Train Loss: 1.0238 | Val Loss: 1.6857 | Val Acc: 0.4464
2025-06-22 02:19:13,745 [INFO] Epoch 079 | Train Loss: 0.8821 | Val Loss: 1.5992 | Val Acc: 0.4286
2025-06-22 02:19:13,761 [INFO] Epoch 080 | Train Loss: 0.9608 | Val Loss: 1.5393 | Val Acc: 0.4286
2025-06-22 02:19:14,216 [INFO] Epoch 081 | Train Loss: 1.0741 | Val Loss: 1.6406 | Val Acc: 0.4821
2025-06-22 02:19:14,232 [INFO] Epoch 082 | Train Loss: 1.0053 | Val Loss: 1.6551 | Val Acc: 0.5000
2025-06-22 02:19:14,248 [INFO] Epoch 083 | Train Loss: 1.1478 | Val Loss: 1.6037 | Val Acc: 0.5000
2025-06-22 02:19:14,263 [INFO] Epoch 084 | Train Loss: 0.9795 | Val Loss: 1.4789 | Val Acc: 0.4286
2025-06-22 02:19:14,279 [INFO] Epoch 085 | Train Loss: 0.8497 | Val Loss: 1.6891 | Val Acc: 0.4286
2025-06-22 02:19:14,294 [INFO] Epoch 086 | Train Loss: 0.9922 | Val Loss: 1.8756 | Val Acc: 0.4464
2025-06-22 02:19:14,310 [INFO] Epoch 087 | Train Loss: 1.0985 | Val Loss: 1.7108 | Val Acc: 0.5000
2025-06-22 02:19:14,326 [INFO] Epoch 088 | Train Loss: 1.0462 | Val Loss: 1.6397 | Val Acc: 0.4464
2025-06-22 02:19:14,342 [INFO] Epoch 089 | Train Loss: 0.9993 | Val Loss: 1.5810 | Val Acc: 0.4643
2025-06-22 02:19:14,359 [INFO] Epoch 090 | Train Loss: 1.0309 | Val Loss: 1.6876 | Val Acc: 0.4821
2025-06-22 02:19:14,851 [INFO] Epoch 091 | Train Loss: 1.0316 | Val Loss: 1.6283 | Val Acc: 0.4464
2025-06-22 02:19:14,866 [INFO] Epoch 092 | Train Loss: 1.0027 | Val Loss: 1.6987 | Val Acc: 0.4286
2025-06-22 02:19:14,881 [INFO] Epoch 093 | Train Loss: 0.9859 | Val Loss: 1.4981 | Val Acc: 0.3929
2025-06-22 02:19:14,896 [INFO] Epoch 094 | Train Loss: 0.8815 | Val Loss: 1.5844 | Val Acc: 0.4643
2025-06-22 02:19:14,911 [INFO] Epoch 095 | Train Loss: 0.8047 | Val Loss: 1.6006 | Val Acc: 0.4821
2025-06-22 02:19:14,927 [INFO] Epoch 096 | Train Loss: 0.8212 | Val Loss: 1.6597 | Val Acc: 0.4643
2025-06-22 02:19:14,943 [INFO] Epoch 097 | Train Loss: 0.8287 | Val Loss: 1.7315 | Val Acc: 0.3929
2025-06-22 02:19:14,958 [INFO] Epoch 098 | Train Loss: 0.8636 | Val Loss: 1.9462 | Val Acc: 0.4643
2025-06-22 02:19:14,974 [INFO] Epoch 099 | Train Loss: 0.8834 | Val Loss: 1.9062 | Val Acc: 0.4286
2025-06-22 02:19:14,990 [INFO] Epoch 100 | Train Loss: 0.8924 | Val Loss: 1.7878 | Val Acc: 0.4107
2025-06-22 02:19:15,504 [INFO] Epoch 101 | Train Loss: 0.8896 | Val Loss: 1.5902 | Val Acc: 0.4464
2025-06-22 02:19:15,519 [INFO] Epoch 102 | Train Loss: 1.0561 | Val Loss: 1.8214 | Val Acc: 0.4821
2025-06-22 02:19:15,535 [INFO] Epoch 103 | Train Loss: 0.9193 | Val Loss: 1.8953 | Val Acc: 0.4821
2025-06-22 02:19:15,550 [INFO] Epoch 104 | Train Loss: 0.9229 | Val Loss: 1.8033 | Val Acc: 0.4107
2025-06-22 02:19:15,567 [INFO] Epoch 105 | Train Loss: 0.8561 | Val Loss: 1.7184 | Val Acc: 0.4286
2025-06-22 02:19:15,582 [INFO] Epoch 106 | Train Loss: 0.7229 | Val Loss: 1.5894 | Val Acc: 0.4464
2025-06-22 02:19:15,598 [INFO] Epoch 107 | Train Loss: 0.9140 | Val Loss: 1.5061 | Val Acc: 0.4107
2025-06-22 02:19:15,614 [INFO] Epoch 108 | Train Loss: 0.8376 | Val Loss: 1.7677 | Val Acc: 0.3750
2025-06-22 02:19:15,630 [INFO] Epoch 109 | Train Loss: 0.9441 | Val Loss: 1.6605 | Val Acc: 0.4643
2025-06-22 02:19:15,652 [INFO] Epoch 110 | Train Loss: 0.9878 | Val Loss: 1.6224 | Val Acc: 0.4464
2025-06-22 02:19:16,170 [INFO] Epoch 111 | Train Loss: 0.9008 | Val Loss: 1.7191 | Val Acc: 0.4821
2025-06-22 02:19:16,190 [INFO] Epoch 112 | Train Loss: 0.8165 | Val Loss: 1.9847 | Val Acc: 0.4643
2025-06-22 02:19:16,209 [INFO] Epoch 113 | Train Loss: 0.7891 | Val Loss: 1.8927 | Val Acc: 0.4286
2025-06-22 02:19:16,225 [INFO] Epoch 114 | Train Loss: 0.8154 | Val Loss: 1.7063 | Val Acc: 0.4107
2025-06-22 02:19:16,241 [INFO] Epoch 115 | Train Loss: 0.7088 | Val Loss: 1.6860 | Val Acc: 0.4821
2025-06-22 02:19:16,257 [INFO] Epoch 116 | Train Loss: 0.8051 | Val Loss: 1.7830 | Val Acc: 0.4643
2025-06-22 02:19:16,273 [INFO] Epoch 117 | Train Loss: 0.8760 | Val Loss: 1.7277 | Val Acc: 0.3929
2025-06-22 02:19:16,289 [INFO] Epoch 118 | Train Loss: 0.8665 | Val Loss: 1.5624 | Val Acc: 0.4107
2025-06-22 02:19:16,310 [INFO] Epoch 119 | Train Loss: 0.7440 | Val Loss: 1.9531 | Val Acc: 0.4286
2025-06-22 02:19:16,326 [INFO] Epoch 120 | Train Loss: 0.8122 | Val Loss: 2.1899 | Val Acc: 0.4643
2025-06-22 02:19:16,789 [INFO] Epoch 121 | Train Loss: 0.6923 | Val Loss: 1.9845 | Val Acc: 0.4286
2025-06-22 02:19:16,805 [INFO] Epoch 122 | Train Loss: 0.7291 | Val Loss: 1.7513 | Val Acc: 0.4643
2025-06-22 02:19:16,820 [INFO] Epoch 123 | Train Loss: 0.6720 | Val Loss: 1.7080 | Val Acc: 0.4107
2025-06-22 02:19:16,836 [INFO] Epoch 124 | Train Loss: 0.7020 | Val Loss: 1.4727 | Val Acc: 0.5357
2025-06-22 02:19:16,852 [INFO] Epoch 125 | Train Loss: 0.6818 | Val Loss: 1.5749 | Val Acc: 0.5357
2025-06-22 02:19:16,868 [INFO] Epoch 126 | Train Loss: 0.7000 | Val Loss: 1.6324 | Val Acc: 0.4821
2025-06-22 02:19:16,884 [INFO] Epoch 127 | Train Loss: 0.9496 | Val Loss: 1.4982 | Val Acc: 0.5179
2025-06-22 02:19:16,900 [INFO] Epoch 128 | Train Loss: 0.8194 | Val Loss: 1.5252 | Val Acc: 0.4286
2025-06-22 02:19:16,916 [INFO] Epoch 129 | Train Loss: 0.6805 | Val Loss: 1.8053 | Val Acc: 0.4643
2025-06-22 02:19:16,933 [INFO] Epoch 130 | Train Loss: 0.8709 | Val Loss: 1.8196 | Val Acc: 0.5357
2025-06-22 02:19:17,943 [INFO] Epoch 131 | Train Loss: 0.6288 | Val Loss: 2.0356 | Val Acc: 0.5000
2025-06-22 02:19:17,959 [INFO] Epoch 132 | Train Loss: 0.6804 | Val Loss: 1.7420 | Val Acc: 0.4464
2025-06-22 02:19:17,979 [INFO] Epoch 133 | Train Loss: 0.6890 | Val Loss: 1.8363 | Val Acc: 0.4286
2025-06-22 02:19:18,000 [INFO] Epoch 134 | Train Loss: 0.9383 | Val Loss: 2.0558 | Val Acc: 0.4643
2025-06-22 02:19:18,026 [INFO] Epoch 135 | Train Loss: 0.7364 | Val Loss: 1.8491 | Val Acc: 0.4643
2025-06-22 02:19:18,044 [INFO] Epoch 136 | Train Loss: 0.6518 | Val Loss: 1.8006 | Val Acc: 0.4464
2025-06-22 02:19:18,060 [INFO] Epoch 137 | Train Loss: 0.7243 | Val Loss: 1.8835 | Val Acc: 0.5000
2025-06-22 02:19:18,077 [INFO] Epoch 138 | Train Loss: 0.6617 | Val Loss: 1.8993 | Val Acc: 0.4643
2025-06-22 02:19:18,099 [INFO] Epoch 139 | Train Loss: 0.7193 | Val Loss: 1.7283 | Val Acc: 0.4821
2025-06-22 02:19:18,122 [INFO] Epoch 140 | Train Loss: 0.6540 | Val Loss: 1.8620 | Val Acc: 0.4821
2025-06-22 02:19:18,666 [INFO] Epoch 141 | Train Loss: 0.6748 | Val Loss: 1.8474 | Val Acc: 0.5000
2025-06-22 02:19:18,682 [INFO] Epoch 142 | Train Loss: 0.6009 | Val Loss: 1.8542 | Val Acc: 0.4286
2025-06-22 02:19:18,697 [INFO] Epoch 143 | Train Loss: 0.6941 | Val Loss: 1.7809 | Val Acc: 0.4286
2025-06-22 02:19:18,714 [INFO] Epoch 144 | Train Loss: 0.6076 | Val Loss: 1.6608 | Val Acc: 0.4464
2025-06-22 02:19:18,730 [INFO] Epoch 145 | Train Loss: 0.6004 | Val Loss: 2.0014 | Val Acc: 0.4107
2025-06-22 02:19:18,746 [INFO] Epoch 146 | Train Loss: 0.7127 | Val Loss: 1.8777 | Val Acc: 0.4464
2025-06-22 02:19:18,769 [INFO] Epoch 147 | Train Loss: 0.5467 | Val Loss: 1.7598 | Val Acc: 0.4286
2025-06-22 02:19:18,786 [INFO] Epoch 148 | Train Loss: 0.5589 | Val Loss: 1.9273 | Val Acc: 0.3929
2025-06-22 02:19:18,802 [INFO] Epoch 149 | Train Loss: 0.6355 | Val Loss: 1.9893 | Val Acc: 0.4107
2025-06-22 02:19:18,819 [INFO] Epoch 150 | Train Loss: 0.6202 | Val Loss: 1.9090 | Val Acc: 0.4821
2025-06-22 02:19:19,312 [INFO] Epoch 151 | Train Loss: 0.6679 | Val Loss: 2.1990 | Val Acc: 0.4286
2025-06-22 02:19:19,328 [INFO] Epoch 152 | Train Loss: 0.6468 | Val Loss: 2.3162 | Val Acc: 0.4643
2025-06-22 02:19:19,350 [INFO] Epoch 153 | Train Loss: 0.5724 | Val Loss: 2.4167 | Val Acc: 0.4464
2025-06-22 02:19:19,373 [INFO] Epoch 154 | Train Loss: 0.6175 | Val Loss: 1.9942 | Val Acc: 0.4643
2025-06-22 02:19:19,388 [INFO] Epoch 155 | Train Loss: 0.6490 | Val Loss: 1.7059 | Val Acc: 0.5000
2025-06-22 02:19:19,405 [INFO] Epoch 156 | Train Loss: 0.5317 | Val Loss: 1.9543 | Val Acc: 0.4643
2025-06-22 02:19:19,421 [INFO] Epoch 157 | Train Loss: 0.5919 | Val Loss: 1.7687 | Val Acc: 0.4286
2025-06-22 02:19:19,437 [INFO] Epoch 158 | Train Loss: 0.5486 | Val Loss: 1.7299 | Val Acc: 0.4464
2025-06-22 02:19:19,453 [INFO] Epoch 159 | Train Loss: 0.5275 | Val Loss: 1.7866 | Val Acc: 0.4643
2025-06-22 02:19:19,475 [INFO] Epoch 160 | Train Loss: 0.5682 | Val Loss: 1.8439 | Val Acc: 0.4107
2025-06-22 02:19:19,963 [INFO] Epoch 161 | Train Loss: 0.5562 | Val Loss: 2.0297 | Val Acc: 0.4464
2025-06-22 02:19:19,980 [INFO] Epoch 162 | Train Loss: 0.5157 | Val Loss: 1.8133 | Val Acc: 0.4286
2025-06-22 02:19:19,995 [INFO] Epoch 163 | Train Loss: 0.6528 | Val Loss: 2.0700 | Val Acc: 0.4643
2025-06-22 02:19:20,009 [INFO] Epoch 164 | Train Loss: 0.5256 | Val Loss: 2.0510 | Val Acc: 0.4107
2025-06-22 02:19:20,027 [INFO] Epoch 165 | Train Loss: 0.5225 | Val Loss: 1.7440 | Val Acc: 0.4286
2025-06-22 02:19:20,043 [INFO] Epoch 166 | Train Loss: 0.5147 | Val Loss: 1.8166 | Val Acc: 0.3929
2025-06-22 02:19:20,058 [INFO] Epoch 167 | Train Loss: 0.5466 | Val Loss: 2.0906 | Val Acc: 0.3929
2025-06-22 02:19:20,075 [INFO] Epoch 168 | Train Loss: 0.6059 | Val Loss: 2.5024 | Val Acc: 0.3393
2025-06-22 02:19:20,090 [INFO] Epoch 169 | Train Loss: 0.6234 | Val Loss: 1.9686 | Val Acc: 0.4464
2025-06-22 02:19:20,106 [INFO] Epoch 170 | Train Loss: 0.6343 | Val Loss: 2.1197 | Val Acc: 0.4107
2025-06-22 02:19:20,570 [INFO] Epoch 171 | Train Loss: 0.5514 | Val Loss: 1.9534 | Val Acc: 0.4286
2025-06-22 02:19:20,586 [INFO] Epoch 172 | Train Loss: 0.5259 | Val Loss: 1.8136 | Val Acc: 0.4821
2025-06-22 02:19:20,604 [INFO] Epoch 173 | Train Loss: 0.5670 | Val Loss: 1.8544 | Val Acc: 0.5000
2025-06-22 02:19:20,622 [INFO] Epoch 174 | Train Loss: 0.5520 | Val Loss: 2.0164 | Val Acc: 0.4821
2025-06-22 02:19:20,643 [INFO] Epoch 175 | Train Loss: 0.5509 | Val Loss: 2.4993 | Val Acc: 0.4107
2025-06-22 02:19:20,661 [INFO] Epoch 176 | Train Loss: 0.5050 | Val Loss: 2.5148 | Val Acc: 0.4107
2025-06-22 02:19:20,677 [INFO] Epoch 177 | Train Loss: 0.4470 | Val Loss: 2.0344 | Val Acc: 0.4286
2025-06-22 02:19:20,700 [INFO] Epoch 178 | Train Loss: 0.5507 | Val Loss: 2.0888 | Val Acc: 0.4643
2025-06-22 02:19:20,727 [INFO] Epoch 179 | Train Loss: 0.5141 | Val Loss: 2.3848 | Val Acc: 0.3929
2025-06-22 02:19:20,742 [INFO] Epoch 180 | Train Loss: 0.5571 | Val Loss: 2.3008 | Val Acc: 0.3929
2025-06-22 02:19:21,739 [INFO] Epoch 181 | Train Loss: 0.5830 | Val Loss: 2.2979 | Val Acc: 0.3750
2025-06-22 02:19:21,757 [INFO] Epoch 182 | Train Loss: 0.6270 | Val Loss: 2.4274 | Val Acc: 0.4464
2025-06-22 02:19:21,779 [INFO] Epoch 183 | Train Loss: 0.5727 | Val Loss: 2.3731 | Val Acc: 0.4107
2025-06-22 02:19:21,801 [INFO] Epoch 184 | Train Loss: 0.5592 | Val Loss: 2.2795 | Val Acc: 0.3929
2025-06-22 02:19:21,827 [INFO] Epoch 185 | Train Loss: 0.6901 | Val Loss: 2.7302 | Val Acc: 0.3929
2025-06-22 02:19:21,844 [INFO] Epoch 186 | Train Loss: 0.5900 | Val Loss: 2.3923 | Val Acc: 0.4643
2025-06-22 02:19:21,860 [INFO] Epoch 187 | Train Loss: 0.5994 | Val Loss: 2.1689 | Val Acc: 0.3929
2025-06-22 02:19:21,876 [INFO] Epoch 188 | Train Loss: 0.5731 | Val Loss: 1.8948 | Val Acc: 0.4286
2025-06-22 02:19:21,892 [INFO] Epoch 189 | Train Loss: 0.5878 | Val Loss: 1.9136 | Val Acc: 0.5000
2025-06-22 02:19:21,908 [INFO] Epoch 190 | Train Loss: 0.5480 | Val Loss: 2.2126 | Val Acc: 0.4821
2025-06-22 02:19:22,401 [INFO] Epoch 191 | Train Loss: 0.4745 | Val Loss: 2.3417 | Val Acc: 0.4464
2025-06-22 02:19:22,416 [INFO] Epoch 192 | Train Loss: 0.5476 | Val Loss: 2.2411 | Val Acc: 0.4643
2025-06-22 02:19:22,431 [INFO] Epoch 193 | Train Loss: 0.4831 | Val Loss: 2.7743 | Val Acc: 0.3571
2025-06-22 02:19:22,447 [INFO] Epoch 194 | Train Loss: 0.5130 | Val Loss: 2.3003 | Val Acc: 0.3750
2025-06-22 02:19:22,461 [INFO] Epoch 195 | Train Loss: 0.6188 | Val Loss: 2.4126 | Val Acc: 0.4107
2025-06-22 02:19:22,477 [INFO] Epoch 196 | Train Loss: 0.4933 | Val Loss: 2.3153 | Val Acc: 0.4464
2025-06-22 02:19:22,493 [INFO] Epoch 197 | Train Loss: 0.4936 | Val Loss: 2.9295 | Val Acc: 0.4643
2025-06-22 02:19:22,509 [INFO] Epoch 198 | Train Loss: 0.4965 | Val Loss: 2.3332 | Val Acc: 0.4107
2025-06-22 02:19:22,525 [INFO] Epoch 199 | Train Loss: 0.4754 | Val Loss: 2.2732 | Val Acc: 0.3929
2025-06-22 02:19:22,540 [INFO] Epoch 200 | Train Loss: 0.4949 | Val Loss: 2.3010 | Val Acc: 0.3929
2025-06-22 02:19:23,071 [INFO] Epoch 201 | Train Loss: 0.5274 | Val Loss: 2.2044 | Val Acc: 0.4286
2025-06-22 02:19:23,086 [INFO] Epoch 202 | Train Loss: 0.4133 | Val Loss: 2.1971 | Val Acc: 0.4286
2025-06-22 02:19:23,101 [INFO] Epoch 203 | Train Loss: 0.4582 | Val Loss: 2.0189 | Val Acc: 0.4821
2025-06-22 02:19:23,116 [INFO] Epoch 204 | Train Loss: 0.4366 | Val Loss: 1.8710 | Val Acc: 0.4643
2025-06-22 02:19:23,132 [INFO] Epoch 205 | Train Loss: 0.4089 | Val Loss: 2.1841 | Val Acc: 0.4107
2025-06-22 02:19:23,148 [INFO] Epoch 206 | Train Loss: 0.4184 | Val Loss: 2.2740 | Val Acc: 0.3750
2025-06-22 02:19:23,164 [INFO] Epoch 207 | Train Loss: 0.4448 | Val Loss: 2.3151 | Val Acc: 0.3750
2025-06-22 02:19:23,181 [INFO] Epoch 208 | Train Loss: 0.3577 | Val Loss: 2.1477 | Val Acc: 0.3929
2025-06-22 02:19:23,216 [INFO] Epoch 209 | Train Loss: 0.4012 | Val Loss: 2.2012 | Val Acc: 0.4643
2025-06-22 02:19:23,238 [INFO] Epoch 210 | Train Loss: 0.4294 | Val Loss: 2.2115 | Val Acc: 0.4464
2025-06-22 02:19:23,792 [INFO] Epoch 211 | Train Loss: 0.3762 | Val Loss: 2.0512 | Val Acc: 0.4464
2025-06-22 02:19:23,808 [INFO] Epoch 212 | Train Loss: 0.3759 | Val Loss: 2.0660 | Val Acc: 0.4286
2025-06-22 02:19:23,830 [INFO] Epoch 213 | Train Loss: 0.4208 | Val Loss: 2.1800 | Val Acc: 0.5000
2025-06-22 02:19:23,845 [INFO] Epoch 214 | Train Loss: 0.4018 | Val Loss: 2.5137 | Val Acc: 0.4464
2025-06-22 02:19:23,860 [INFO] Epoch 215 | Train Loss: 0.5596 | Val Loss: 2.3667 | Val Acc: 0.4107
2025-06-22 02:19:23,876 [INFO] Epoch 216 | Train Loss: 0.4414 | Val Loss: 2.2031 | Val Acc: 0.3929
2025-06-22 02:19:23,899 [INFO] Epoch 217 | Train Loss: 0.3656 | Val Loss: 2.2110 | Val Acc: 0.4107
2025-06-22 02:19:23,900 [INFO] Early stopping at epoch 217 (no improvement in 150 epochs).
2025-06-22 02:19:23,902 [INFO] Best model saved to <built-in function time>/ENZYMES/best/best_source_gin.pth (Val Acc: 0.5357 at epoch 67)
2025-06-22 02:19:23,903 [INFO] Training/validation metrics saved to <built-in function time>/ENZYMES/GIN_0.001/train_metrics.csv
2025-06-22 02:19:24,495 [INFO] Final training curves saved
2025-06-22 02:19:24,495 [INFO] Training completed!
2025-06-22 02:19:24,495 [INFO] Best validation accuracy: 0.5357
2025-06-22 02:19:24,495 [INFO] Best epoch: 67
2025-06-22 02:19:24,495 [INFO] Total epochs trained: 217
2025-06-22 02:19:24,495 [INFO] Starting training with parameters: (0.001, 0.2, 64, 2, 400, 0.0)
