2025-06-23 14:49:28,557 [INFO] Using device: cpu
2025-06-23 14:49:28,557 [INFO] 开始创建数据加载器...
2025-06-23 14:49:28,560 [INFO] Successfully loaded dataset ENZYMES from ./data, total graphs: 600
2025-06-23 14:49:28,560 [INFO] Class allocation analysis:
2025-06-23 14:49:28,560 [INFO]   Source classes: [0, 1, 2, 3]
2025-06-23 14:49:28,560 [INFO]   Target classes: [0, 1, 2, 3, 4, 5]
2025-06-23 14:49:28,560 [INFO]   Overlap classes (to be split): [0, 1, 2, 3]
2025-06-23 14:49:28,560 [INFO]   Target novel classes (unknown): [4, 5]
2025-06-23 14:49:28,574 [INFO]   Class 0: 100 total -> Source: 70, Target: 30
2025-06-23 14:49:28,574 [INFO]   Class 1: 100 total -> Source: 70, Target: 30
2025-06-23 14:49:28,574 [INFO]   Class 2: 100 total -> Source: 70, Target: 30
2025-06-23 14:49:28,574 [INFO]   Class 3: 100 total -> Source: 70, Target: 30
2025-06-23 14:49:28,574 [INFO]   Class 4 (novel/unknown): 100 samples -> Target
2025-06-23 14:49:28,574 [INFO]   Class 5 (novel/unknown): 100 samples -> Target
2025-06-23 14:49:28,574 [INFO] Final allocation:
2025-06-23 14:49:28,574 [INFO]   Source domain: 280 samples
2025-06-23 14:49:28,574 [INFO]   Target domain: 320 samples
2025-06-23 14:49:28,576 [INFO] Source domain setup:
2025-06-23 14:49:28,576 [INFO]   Original classes: [0, 1, 2, 3]
2025-06-23 14:49:28,576 [INFO]   Overlap classes used: [0, 1, 2, 3]
2025-06-23 14:49:28,576 [INFO]   Label mapping: {0: 0, 1: 1, 2: 2, 3: 3}
2025-06-23 14:49:28,576 [INFO]   Total data after allocation: 280
2025-06-23 14:49:28,576 [INFO]   Data split - Train: 224, Val: 56
2025-06-23 14:49:28,576 [INFO]   Train label distribution: {0: 56, 1: 56, 3: 56, 2: 56}
2025-06-23 14:49:28,576 [INFO]   Val label distribution: {1: 14, 2: 14, 0: 14, 3: 14}
2025-06-23 14:49:28,578 [INFO] Successfully loaded dataset ENZYMES from ./data, total graphs: 600
2025-06-23 14:49:28,578 [INFO] Class allocation analysis:
2025-06-23 14:49:28,578 [INFO]   Source classes: [0, 1, 2, 3]
2025-06-23 14:49:28,578 [INFO]   Target classes: [0, 1, 2, 3, 4, 5]
2025-06-23 14:49:28,578 [INFO]   Overlap classes (to be split): [0, 1, 2, 3]
2025-06-23 14:49:28,578 [INFO]   Target novel classes (unknown): [4, 5]
2025-06-23 14:49:28,592 [INFO]   Class 0: 100 total -> Source: 70, Target: 30
2025-06-23 14:49:28,593 [INFO]   Class 1: 100 total -> Source: 70, Target: 30
2025-06-23 14:49:28,593 [INFO]   Class 2: 100 total -> Source: 70, Target: 30
2025-06-23 14:49:28,593 [INFO]   Class 3: 100 total -> Source: 70, Target: 30
2025-06-23 14:49:28,593 [INFO]   Class 4 (novel/unknown): 100 samples -> Target
2025-06-23 14:49:28,593 [INFO]   Class 5 (novel/unknown): 100 samples -> Target
2025-06-23 14:49:28,593 [INFO] Final allocation:
2025-06-23 14:49:28,593 [INFO]   Source domain: 280 samples
2025-06-23 14:49:28,593 [INFO]   Target domain: 320 samples
2025-06-23 14:49:28,595 [INFO] Target domain setup:
2025-06-23 14:49:28,595 [INFO]   Original classes: [0, 1, 2, 3, 4, 5]
2025-06-23 14:49:28,595 [INFO]   Overlap classes: [0, 1, 2, 3]
2025-06-23 14:49:28,595 [INFO]   Novel classes: [4, 5] -> mapped to unknown label 4
2025-06-23 14:49:28,595 [INFO]   Label mapping: {0: 0, 1: 1, 2: 2, 3: 3, 4: 4, 5: 4}
2025-06-23 14:49:28,595 [INFO]   Total data after allocation: 320
2025-06-23 14:49:28,595 [INFO]   Data split - Train: 256, Val: 64
2025-06-23 14:49:28,595 [INFO]   Total count: 320 (known: 120, unknown: 200)
2025-06-23 14:49:28,595 [INFO]   Total label distribution: {4: 200, 3: 30, 0: 30, 1: 30, 2: 30}
2025-06-23 14:49:28,595 [INFO]   Train label distribution: {4: 160, 0: 24, 2: 24, 3: 24, 1: 24}
2025-06-23 14:49:28,595 [INFO]   Val label distribution: {1: 6, 4: 40, 3: 6, 0: 6, 2: 6}
2025-06-23 14:49:28,596 [INFO] 数据加载器创建完成!
2025-06-23 14:49:28,596 [INFO] 源域类别数: 4 (重叠类别)
2025-06-23 14:49:28,596 [INFO] 目标域类别数: 5 (4个重叠类别 + 1个未知类别)
2025-06-23 14:49:28,596 [INFO] 重叠类别: [0, 1, 2, 3]
2025-06-23 14:49:28,596 [INFO] 目标域新类别: [4, 5]
2025-06-23 14:49:28,596 [INFO] Data allocation verification:
2025-06-23 14:49:28,596 [INFO]   Source data samples: 280
2025-06-23 14:49:28,596 [INFO]   Target data samples: 320
2025-06-23 14:49:28,596 [INFO]   Overlapping samples: 0
2025-06-23 14:49:28,596 [INFO]   ✓ Data allocation is correct - no overlapping samples
2025-06-23 14:49:28,598 [INFO] Model initialized with 30660 parameters
2025-06-23 14:49:28,599 [INFO] Previous best validation accuracy read from record.txt: 0.6429
2025-06-23 14:49:28,599 [INFO] Starting training...
2025-06-23 14:49:28,654 [INFO] Epoch 001 | Train Loss: 9.5802 | Val Loss: 60.3853 | Val Acc: 0.2500
2025-06-23 14:49:29,806 [INFO] New best model at epoch 1 (Val Acc: 0.2500)
2025-06-23 14:49:29,831 [INFO] Epoch 002 | Train Loss: 5.8955 | Val Loss: 14.5185 | Val Acc: 0.2500
2025-06-23 14:49:29,871 [INFO] Epoch 003 | Train Loss: 4.5524 | Val Loss: 14.3619 | Val Acc: 0.1786
2025-06-23 14:49:29,910 [INFO] Epoch 004 | Train Loss: 3.3740 | Val Loss: 14.5278 | Val Acc: 0.3036
2025-06-23 14:49:29,915 [INFO] New best model at epoch 4 (Val Acc: 0.3036)
2025-06-23 14:49:29,938 [INFO] Epoch 005 | Train Loss: 2.4455 | Val Loss: 3.8901 | Val Acc: 0.4286
2025-06-23 14:49:29,943 [INFO] New best model at epoch 5 (Val Acc: 0.4286)
2025-06-23 14:49:29,967 [INFO] Epoch 006 | Train Loss: 2.8790 | Val Loss: 3.1987 | Val Acc: 0.2143
2025-06-23 14:49:29,993 [INFO] Epoch 007 | Train Loss: 2.7959 | Val Loss: 2.6475 | Val Acc: 0.3571
2025-06-23 14:49:30,020 [INFO] Epoch 008 | Train Loss: 2.8878 | Val Loss: 1.5599 | Val Acc: 0.3214
2025-06-23 14:49:30,046 [INFO] Epoch 009 | Train Loss: 2.5521 | Val Loss: 2.4806 | Val Acc: 0.4107
2025-06-23 14:49:30,072 [INFO] Epoch 010 | Train Loss: 2.5658 | Val Loss: 1.6321 | Val Acc: 0.3571
2025-06-23 14:49:31,244 [INFO] Epoch 011 | Train Loss: 2.1463 | Val Loss: 1.7771 | Val Acc: 0.2500
2025-06-23 14:49:31,294 [INFO] Epoch 012 | Train Loss: 2.3730 | Val Loss: 1.6021 | Val Acc: 0.3571
2025-06-23 14:49:31,329 [INFO] Epoch 013 | Train Loss: 2.0184 | Val Loss: 1.8569 | Val Acc: 0.3929
2025-06-23 14:49:31,355 [INFO] Epoch 014 | Train Loss: 1.7072 | Val Loss: 1.4076 | Val Acc: 0.3750
2025-06-23 14:49:31,383 [INFO] Epoch 015 | Train Loss: 2.2801 | Val Loss: 1.9864 | Val Acc: 0.2857
2025-06-23 14:49:31,409 [INFO] Epoch 016 | Train Loss: 2.2900 | Val Loss: 1.4602 | Val Acc: 0.3036
2025-06-23 14:49:31,435 [INFO] Epoch 017 | Train Loss: 1.5405 | Val Loss: 1.8492 | Val Acc: 0.3036
2025-06-23 14:49:31,461 [INFO] Epoch 018 | Train Loss: 1.6263 | Val Loss: 1.6560 | Val Acc: 0.3036
2025-06-23 14:49:31,488 [INFO] Epoch 019 | Train Loss: 1.8707 | Val Loss: 1.7062 | Val Acc: 0.2679
2025-06-23 14:49:31,514 [INFO] Epoch 020 | Train Loss: 2.0429 | Val Loss: 1.7092 | Val Acc: 0.2500
2025-06-23 14:49:33,699 [INFO] Epoch 021 | Train Loss: 1.8745 | Val Loss: 1.6364 | Val Acc: 0.2321
2025-06-23 14:49:33,736 [INFO] Epoch 022 | Train Loss: 1.8610 | Val Loss: 1.4998 | Val Acc: 0.2321
2025-06-23 14:49:33,777 [INFO] Epoch 023 | Train Loss: 1.7368 | Val Loss: 1.9213 | Val Acc: 0.3214
2025-06-23 14:49:33,804 [INFO] Epoch 024 | Train Loss: 1.4825 | Val Loss: 1.3603 | Val Acc: 0.3036
2025-06-23 14:49:33,830 [INFO] Epoch 025 | Train Loss: 1.6934 | Val Loss: 1.6180 | Val Acc: 0.2679
2025-06-23 14:49:33,856 [INFO] Epoch 026 | Train Loss: 1.6058 | Val Loss: 2.7591 | Val Acc: 0.4107
2025-06-23 14:49:33,882 [INFO] Epoch 027 | Train Loss: 1.9033 | Val Loss: 2.2576 | Val Acc: 0.3036
2025-06-23 14:49:33,910 [INFO] Epoch 028 | Train Loss: 1.4625 | Val Loss: 1.8468 | Val Acc: 0.3036
2025-06-23 14:49:33,937 [INFO] Epoch 029 | Train Loss: 1.8690 | Val Loss: 1.5977 | Val Acc: 0.3036
2025-06-23 14:49:33,963 [INFO] Epoch 030 | Train Loss: 1.3766 | Val Loss: 1.3886 | Val Acc: 0.2857
2025-06-23 14:49:35,179 [INFO] Epoch 031 | Train Loss: 1.5809 | Val Loss: 1.4169 | Val Acc: 0.3393
2025-06-23 14:49:35,236 [INFO] Epoch 032 | Train Loss: 1.4443 | Val Loss: 1.9810 | Val Acc: 0.3036
2025-06-23 14:49:35,272 [INFO] Epoch 033 | Train Loss: 1.4621 | Val Loss: 1.4799 | Val Acc: 0.3214
2025-06-23 14:49:35,302 [INFO] Epoch 034 | Train Loss: 1.7503 | Val Loss: 1.4677 | Val Acc: 0.3571
2025-06-23 14:49:35,334 [INFO] Epoch 035 | Train Loss: 1.4343 | Val Loss: 1.3101 | Val Acc: 0.3393
2025-06-23 14:49:35,360 [INFO] Epoch 036 | Train Loss: 1.3081 | Val Loss: 1.4733 | Val Acc: 0.3214
2025-06-23 14:49:35,390 [INFO] Epoch 037 | Train Loss: 1.3729 | Val Loss: 1.3497 | Val Acc: 0.3393
2025-06-23 14:49:35,416 [INFO] Epoch 038 | Train Loss: 1.3310 | Val Loss: 1.7400 | Val Acc: 0.3214
2025-06-23 14:49:35,441 [INFO] Epoch 039 | Train Loss: 1.3280 | Val Loss: 1.4639 | Val Acc: 0.4286
2025-06-23 14:49:35,469 [INFO] Epoch 040 | Train Loss: 1.3028 | Val Loss: 1.5778 | Val Acc: 0.2857
2025-06-23 14:49:36,664 [INFO] Epoch 041 | Train Loss: 1.4300 | Val Loss: 1.4974 | Val Acc: 0.3393
2025-06-23 14:49:36,706 [INFO] Epoch 042 | Train Loss: 1.3653 | Val Loss: 1.5332 | Val Acc: 0.3214
2025-06-23 14:49:36,740 [INFO] Epoch 043 | Train Loss: 1.3436 | Val Loss: 2.2194 | Val Acc: 0.2857
2025-06-23 14:49:36,766 [INFO] Epoch 044 | Train Loss: 1.3879 | Val Loss: 1.3433 | Val Acc: 0.3929
2025-06-23 14:49:36,792 [INFO] Epoch 045 | Train Loss: 1.1704 | Val Loss: 1.4978 | Val Acc: 0.2857
2025-06-23 14:49:36,817 [INFO] Epoch 046 | Train Loss: 1.2587 | Val Loss: 1.8300 | Val Acc: 0.3036
2025-06-23 14:49:36,845 [INFO] Epoch 047 | Train Loss: 1.4441 | Val Loss: 1.4007 | Val Acc: 0.3214
2025-06-23 14:49:36,876 [INFO] Epoch 048 | Train Loss: 1.3601 | Val Loss: 1.4389 | Val Acc: 0.4464
2025-06-23 14:49:36,881 [INFO] New best model at epoch 48 (Val Acc: 0.4464)
2025-06-23 14:49:36,908 [INFO] Epoch 049 | Train Loss: 1.3356 | Val Loss: 2.6143 | Val Acc: 0.3929
2025-06-23 14:49:36,935 [INFO] Epoch 050 | Train Loss: 1.4861 | Val Loss: 1.8495 | Val Acc: 0.2857
2025-06-23 14:49:38,148 [INFO] Epoch 051 | Train Loss: 1.3069 | Val Loss: 1.3496 | Val Acc: 0.4286
2025-06-23 14:49:38,187 [INFO] Epoch 052 | Train Loss: 1.2278 | Val Loss: 1.9149 | Val Acc: 0.3571
2025-06-23 14:49:38,229 [INFO] Epoch 053 | Train Loss: 1.2554 | Val Loss: 1.9322 | Val Acc: 0.3036
2025-06-23 14:49:38,255 [INFO] Epoch 054 | Train Loss: 1.3523 | Val Loss: 1.4692 | Val Acc: 0.3750
2025-06-23 14:49:38,284 [INFO] Epoch 055 | Train Loss: 1.3378 | Val Loss: 1.5363 | Val Acc: 0.3571
2025-06-23 14:49:38,309 [INFO] Epoch 056 | Train Loss: 1.1951 | Val Loss: 1.5581 | Val Acc: 0.3750
2025-06-23 14:49:38,334 [INFO] Epoch 057 | Train Loss: 1.1835 | Val Loss: 1.7161 | Val Acc: 0.3750
2025-06-23 14:49:38,360 [INFO] Epoch 058 | Train Loss: 1.2146 | Val Loss: 1.4284 | Val Acc: 0.3750
2025-06-23 14:49:38,386 [INFO] Epoch 059 | Train Loss: 1.2633 | Val Loss: 1.3362 | Val Acc: 0.4107
2025-06-23 14:49:38,412 [INFO] Epoch 060 | Train Loss: 1.1603 | Val Loss: 1.3774 | Val Acc: 0.3929
2025-06-23 14:49:39,578 [INFO] Epoch 061 | Train Loss: 1.0589 | Val Loss: 1.4977 | Val Acc: 0.4107
2025-06-23 14:49:39,614 [INFO] Epoch 062 | Train Loss: 1.1512 | Val Loss: 1.6461 | Val Acc: 0.3929
2025-06-23 14:49:39,652 [INFO] Epoch 063 | Train Loss: 1.1269 | Val Loss: 1.7528 | Val Acc: 0.3571
2025-06-23 14:49:39,678 [INFO] Epoch 064 | Train Loss: 1.1260 | Val Loss: 1.4804 | Val Acc: 0.3036
2025-06-23 14:49:39,704 [INFO] Epoch 065 | Train Loss: 1.0647 | Val Loss: 1.4807 | Val Acc: 0.3571
2025-06-23 14:49:39,732 [INFO] Epoch 066 | Train Loss: 1.0881 | Val Loss: 1.3391 | Val Acc: 0.3571
2025-06-23 14:49:39,758 [INFO] Epoch 067 | Train Loss: 1.1102 | Val Loss: 1.3396 | Val Acc: 0.3750
2025-06-23 14:49:39,784 [INFO] Epoch 068 | Train Loss: 1.0652 | Val Loss: 1.3523 | Val Acc: 0.3750
2025-06-23 14:49:39,809 [INFO] Epoch 069 | Train Loss: 1.0197 | Val Loss: 1.3162 | Val Acc: 0.4286
2025-06-23 14:49:39,835 [INFO] Epoch 070 | Train Loss: 0.9947 | Val Loss: 1.3013 | Val Acc: 0.4286
2025-06-23 14:49:44,172 [INFO] Epoch 071 | Train Loss: 1.0696 | Val Loss: 1.2629 | Val Acc: 0.3929
2025-06-23 14:49:44,206 [INFO] Epoch 072 | Train Loss: 1.0018 | Val Loss: 1.4037 | Val Acc: 0.3750
2025-06-23 14:49:44,245 [INFO] Epoch 073 | Train Loss: 1.0440 | Val Loss: 1.3920 | Val Acc: 0.3929
2025-06-23 14:49:44,283 [INFO] Epoch 074 | Train Loss: 1.1025 | Val Loss: 1.3339 | Val Acc: 0.3929
2025-06-23 14:49:44,310 [INFO] Epoch 075 | Train Loss: 1.0793 | Val Loss: 1.4114 | Val Acc: 0.3750
2025-06-23 14:49:44,336 [INFO] Epoch 076 | Train Loss: 0.9626 | Val Loss: 1.5627 | Val Acc: 0.4107
2025-06-23 14:49:44,362 [INFO] Epoch 077 | Train Loss: 1.0924 | Val Loss: 1.4489 | Val Acc: 0.3750
2025-06-23 14:49:44,388 [INFO] Epoch 078 | Train Loss: 1.0365 | Val Loss: 1.4429 | Val Acc: 0.3393
2025-06-23 14:49:44,417 [INFO] Epoch 079 | Train Loss: 0.9979 | Val Loss: 1.4790 | Val Acc: 0.3571
2025-06-23 14:49:44,445 [INFO] Epoch 080 | Train Loss: 1.0968 | Val Loss: 1.7710 | Val Acc: 0.3036
2025-06-23 14:49:45,632 [INFO] Epoch 081 | Train Loss: 1.0485 | Val Loss: 1.4154 | Val Acc: 0.4107
2025-06-23 14:49:45,671 [INFO] Epoch 082 | Train Loss: 1.0358 | Val Loss: 1.3330 | Val Acc: 0.3571
2025-06-23 14:49:45,718 [INFO] Epoch 083 | Train Loss: 1.0408 | Val Loss: 1.4140 | Val Acc: 0.3929
2025-06-23 14:49:45,745 [INFO] Epoch 084 | Train Loss: 0.9254 | Val Loss: 1.4390 | Val Acc: 0.3929
2025-06-23 14:49:45,771 [INFO] Epoch 085 | Train Loss: 0.9163 | Val Loss: 1.5648 | Val Acc: 0.3214
2025-06-23 14:49:45,798 [INFO] Epoch 086 | Train Loss: 1.0110 | Val Loss: 1.6384 | Val Acc: 0.3393
2025-06-23 14:49:45,825 [INFO] Epoch 087 | Train Loss: 0.9141 | Val Loss: 1.5264 | Val Acc: 0.2857
2025-06-23 14:49:45,852 [INFO] Epoch 088 | Train Loss: 0.9096 | Val Loss: 1.4468 | Val Acc: 0.3036
2025-06-23 14:49:45,878 [INFO] Epoch 089 | Train Loss: 0.8634 | Val Loss: 1.5710 | Val Acc: 0.3929
2025-06-23 14:49:45,908 [INFO] Epoch 090 | Train Loss: 0.8705 | Val Loss: 1.7104 | Val Acc: 0.4107
2025-06-23 14:49:47,106 [INFO] Epoch 091 | Train Loss: 0.9047 | Val Loss: 1.6630 | Val Acc: 0.3214
2025-06-23 14:49:47,145 [INFO] Epoch 092 | Train Loss: 0.8734 | Val Loss: 1.7322 | Val Acc: 0.3214
2025-06-23 14:49:47,186 [INFO] Epoch 093 | Train Loss: 0.8913 | Val Loss: 1.6194 | Val Acc: 0.3750
2025-06-23 14:49:47,214 [INFO] Epoch 094 | Train Loss: 0.9243 | Val Loss: 1.3744 | Val Acc: 0.4643
2025-06-23 14:49:47,218 [INFO] New best model at epoch 94 (Val Acc: 0.4643)
2025-06-23 14:49:47,243 [INFO] Epoch 095 | Train Loss: 0.9135 | Val Loss: 1.3730 | Val Acc: 0.4286
2025-06-23 14:49:47,273 [INFO] Epoch 096 | Train Loss: 0.9267 | Val Loss: 1.4837 | Val Acc: 0.4286
2025-06-23 14:49:47,303 [INFO] Epoch 097 | Train Loss: 0.8459 | Val Loss: 1.3856 | Val Acc: 0.3571
2025-06-23 14:49:47,332 [INFO] Epoch 098 | Train Loss: 0.9240 | Val Loss: 1.4692 | Val Acc: 0.3571
2025-06-23 14:49:47,365 [INFO] Epoch 099 | Train Loss: 0.9475 | Val Loss: 1.3332 | Val Acc: 0.4107
2025-06-23 14:49:47,395 [INFO] Epoch 100 | Train Loss: 0.9391 | Val Loss: 1.4657 | Val Acc: 0.3036
2025-06-23 14:49:48,669 [INFO] Epoch 101 | Train Loss: 0.9589 | Val Loss: 1.6376 | Val Acc: 0.3393
2025-06-23 14:49:48,713 [INFO] Epoch 102 | Train Loss: 0.8671 | Val Loss: 1.7677 | Val Acc: 0.3036
2025-06-23 14:49:48,749 [INFO] Epoch 103 | Train Loss: 0.9487 | Val Loss: 1.5058 | Val Acc: 0.3393
2025-06-23 14:49:48,780 [INFO] Epoch 104 | Train Loss: 0.8614 | Val Loss: 1.4469 | Val Acc: 0.4464
2025-06-23 14:49:48,810 [INFO] Epoch 105 | Train Loss: 0.8623 | Val Loss: 1.4611 | Val Acc: 0.3214
2025-06-23 14:49:48,839 [INFO] Epoch 106 | Train Loss: 0.8074 | Val Loss: 1.4392 | Val Acc: 0.3393
2025-06-23 14:49:48,866 [INFO] Epoch 107 | Train Loss: 0.8357 | Val Loss: 1.4705 | Val Acc: 0.3929
2025-06-23 14:49:48,892 [INFO] Epoch 108 | Train Loss: 0.8227 | Val Loss: 1.8076 | Val Acc: 0.3393
2025-06-23 14:49:48,918 [INFO] Epoch 109 | Train Loss: 0.7806 | Val Loss: 1.5815 | Val Acc: 0.3571
2025-06-23 14:49:48,948 [INFO] Epoch 110 | Train Loss: 0.8697 | Val Loss: 1.3039 | Val Acc: 0.5000
2025-06-23 14:49:52,179 [INFO] New best model at epoch 110 (Val Acc: 0.5000)
2025-06-23 14:49:52,242 [INFO] Epoch 111 | Train Loss: 0.8401 | Val Loss: 1.5542 | Val Acc: 0.3750
2025-06-23 14:49:52,302 [INFO] Epoch 112 | Train Loss: 0.8266 | Val Loss: 1.6279 | Val Acc: 0.3750
2025-06-23 14:49:52,330 [INFO] Epoch 113 | Train Loss: 0.7717 | Val Loss: 1.9682 | Val Acc: 0.4107
2025-06-23 14:49:52,356 [INFO] Epoch 114 | Train Loss: 0.6900 | Val Loss: 1.6475 | Val Acc: 0.4107
2025-06-23 14:49:52,382 [INFO] Epoch 115 | Train Loss: 0.8033 | Val Loss: 1.7603 | Val Acc: 0.3750
2025-06-23 14:49:52,415 [INFO] Epoch 116 | Train Loss: 0.7215 | Val Loss: 1.6897 | Val Acc: 0.4286
2025-06-23 14:49:52,443 [INFO] Epoch 117 | Train Loss: 0.7292 | Val Loss: 1.6699 | Val Acc: 0.4464
2025-06-23 14:49:52,471 [INFO] Epoch 118 | Train Loss: 0.6466 | Val Loss: 1.5719 | Val Acc: 0.4464
2025-06-23 14:49:52,500 [INFO] Epoch 119 | Train Loss: 0.7121 | Val Loss: 1.6127 | Val Acc: 0.4286
2025-06-23 14:49:52,528 [INFO] Epoch 120 | Train Loss: 0.7346 | Val Loss: 1.7004 | Val Acc: 0.4107
2025-06-23 14:49:53,747 [INFO] Epoch 121 | Train Loss: 0.6972 | Val Loss: 1.5666 | Val Acc: 0.3214
2025-06-23 14:49:53,797 [INFO] Epoch 122 | Train Loss: 0.7931 | Val Loss: 1.5265 | Val Acc: 0.4107
2025-06-23 14:49:53,835 [INFO] Epoch 123 | Train Loss: 0.7320 | Val Loss: 1.5188 | Val Acc: 0.5000
2025-06-23 14:49:53,862 [INFO] Epoch 124 | Train Loss: 0.7909 | Val Loss: 1.8855 | Val Acc: 0.4107
2025-06-23 14:49:53,888 [INFO] Epoch 125 | Train Loss: 0.7584 | Val Loss: 2.0262 | Val Acc: 0.4286
2025-06-23 14:49:53,923 [INFO] Epoch 126 | Train Loss: 0.7933 | Val Loss: 2.0772 | Val Acc: 0.4107
2025-06-23 14:49:53,953 [INFO] Epoch 127 | Train Loss: 0.7496 | Val Loss: 2.2537 | Val Acc: 0.3393
2025-06-23 14:49:53,979 [INFO] Epoch 128 | Train Loss: 0.7255 | Val Loss: 1.8579 | Val Acc: 0.4286
2025-06-23 14:49:54,007 [INFO] Epoch 129 | Train Loss: 0.7370 | Val Loss: 1.6283 | Val Acc: 0.4286
2025-06-23 14:49:54,039 [INFO] Epoch 130 | Train Loss: 0.7989 | Val Loss: 1.6370 | Val Acc: 0.4464
2025-06-23 14:49:56,120 [INFO] Epoch 131 | Train Loss: 0.7467 | Val Loss: 1.7232 | Val Acc: 0.3214
2025-06-23 14:49:56,159 [INFO] Epoch 132 | Train Loss: 0.7528 | Val Loss: 1.9907 | Val Acc: 0.4464
2025-06-23 14:49:56,199 [INFO] Epoch 133 | Train Loss: 0.7794 | Val Loss: 1.7508 | Val Acc: 0.4107
2025-06-23 14:49:56,226 [INFO] Epoch 134 | Train Loss: 0.7332 | Val Loss: 1.9953 | Val Acc: 0.3929
2025-06-23 14:49:56,252 [INFO] Epoch 135 | Train Loss: 0.7719 | Val Loss: 2.0350 | Val Acc: 0.3571
2025-06-23 14:49:56,284 [INFO] Epoch 136 | Train Loss: 0.7331 | Val Loss: 1.6077 | Val Acc: 0.4464
2025-06-23 14:49:56,310 [INFO] Epoch 137 | Train Loss: 0.6881 | Val Loss: 1.9439 | Val Acc: 0.4464
2025-06-23 14:49:56,336 [INFO] Epoch 138 | Train Loss: 0.7585 | Val Loss: 1.7207 | Val Acc: 0.3929
2025-06-23 14:49:56,370 [INFO] Epoch 139 | Train Loss: 0.7301 | Val Loss: 1.6465 | Val Acc: 0.4821
2025-06-23 14:49:56,396 [INFO] Epoch 140 | Train Loss: 0.7874 | Val Loss: 1.4812 | Val Acc: 0.4286
2025-06-23 14:49:57,649 [INFO] Epoch 141 | Train Loss: 0.6811 | Val Loss: 2.4673 | Val Acc: 0.3929
2025-06-23 14:49:57,702 [INFO] Epoch 142 | Train Loss: 0.6679 | Val Loss: 2.3669 | Val Acc: 0.3929
2025-06-23 14:49:57,762 [INFO] Epoch 143 | Train Loss: 0.7589 | Val Loss: 2.3325 | Val Acc: 0.4286
2025-06-23 14:49:57,788 [INFO] Epoch 144 | Train Loss: 0.8038 | Val Loss: 1.8078 | Val Acc: 0.4643
2025-06-23 14:49:57,818 [INFO] Epoch 145 | Train Loss: 0.7200 | Val Loss: 1.5339 | Val Acc: 0.3929
2025-06-23 14:49:57,844 [INFO] Epoch 146 | Train Loss: 0.6623 | Val Loss: 1.5948 | Val Acc: 0.3571
2025-06-23 14:49:57,870 [INFO] Epoch 147 | Train Loss: 0.6683 | Val Loss: 1.9834 | Val Acc: 0.3750
2025-06-23 14:49:57,914 [INFO] Epoch 148 | Train Loss: 0.7441 | Val Loss: 2.5258 | Val Acc: 0.3393
2025-06-23 14:49:57,954 [INFO] Epoch 149 | Train Loss: 0.5631 | Val Loss: 2.6280 | Val Acc: 0.3214
2025-06-23 14:49:57,983 [INFO] Epoch 150 | Train Loss: 0.6869 | Val Loss: 2.3727 | Val Acc: 0.3571
2025-06-23 14:49:59,210 [INFO] Epoch 151 | Train Loss: 0.6891 | Val Loss: 1.9290 | Val Acc: 0.3571
2025-06-23 14:49:59,248 [INFO] Epoch 152 | Train Loss: 0.6564 | Val Loss: 1.9430 | Val Acc: 0.3750
2025-06-23 14:49:59,293 [INFO] Epoch 153 | Train Loss: 0.5940 | Val Loss: 1.8808 | Val Acc: 0.3929
2025-06-23 14:49:59,319 [INFO] Epoch 154 | Train Loss: 0.7593 | Val Loss: 2.1567 | Val Acc: 0.3393
2025-06-23 14:49:59,346 [INFO] Epoch 155 | Train Loss: 0.8106 | Val Loss: 2.3093 | Val Acc: 0.3750
2025-06-23 14:49:59,373 [INFO] Epoch 156 | Train Loss: 0.8005 | Val Loss: 2.0144 | Val Acc: 0.4286
2025-06-23 14:49:59,399 [INFO] Epoch 157 | Train Loss: 0.6610 | Val Loss: 1.9116 | Val Acc: 0.4107
2025-06-23 14:49:59,424 [INFO] Epoch 158 | Train Loss: 0.6419 | Val Loss: 2.1770 | Val Acc: 0.3750
2025-06-23 14:49:59,449 [INFO] Epoch 159 | Train Loss: 0.6431 | Val Loss: 2.1687 | Val Acc: 0.4643
2025-06-23 14:49:59,475 [INFO] Epoch 160 | Train Loss: 0.6766 | Val Loss: 1.7944 | Val Acc: 0.4464
2025-06-23 14:50:00,677 [INFO] Epoch 161 | Train Loss: 0.6554 | Val Loss: 2.2258 | Val Acc: 0.3750
2025-06-23 14:50:00,736 [INFO] Epoch 162 | Train Loss: 0.6309 | Val Loss: 2.1281 | Val Acc: 0.3929
2025-06-23 14:50:00,804 [INFO] Epoch 163 | Train Loss: 0.7392 | Val Loss: 2.5995 | Val Acc: 0.4107
2025-06-23 14:50:00,861 [INFO] Epoch 164 | Train Loss: 0.7366 | Val Loss: 1.6325 | Val Acc: 0.4286
2025-06-23 14:50:00,915 [INFO] Epoch 165 | Train Loss: 0.6891 | Val Loss: 2.2443 | Val Acc: 0.3750
2025-06-23 14:50:00,956 [INFO] Epoch 166 | Train Loss: 0.5604 | Val Loss: 2.4887 | Val Acc: 0.3750
2025-06-23 14:50:00,995 [INFO] Epoch 167 | Train Loss: 0.5771 | Val Loss: 2.5484 | Val Acc: 0.2679
2025-06-23 14:50:01,037 [INFO] Epoch 168 | Train Loss: 0.6119 | Val Loss: 2.3233 | Val Acc: 0.3750
2025-06-23 14:50:01,073 [INFO] Epoch 169 | Train Loss: 0.5754 | Val Loss: 1.8981 | Val Acc: 0.3929
2025-06-23 14:50:01,106 [INFO] Epoch 170 | Train Loss: 0.5822 | Val Loss: 2.1149 | Val Acc: 0.4107
2025-06-23 14:50:02,330 [INFO] Epoch 171 | Train Loss: 0.5381 | Val Loss: 2.5323 | Val Acc: 0.4286
2025-06-23 14:50:02,460 [INFO] Epoch 172 | Train Loss: 0.6240 | Val Loss: 2.2530 | Val Acc: 0.3393
2025-06-23 14:50:02,490 [INFO] Epoch 173 | Train Loss: 0.5365 | Val Loss: 2.1525 | Val Acc: 0.4286
2025-06-23 14:50:02,516 [INFO] Epoch 174 | Train Loss: 0.6399 | Val Loss: 1.7434 | Val Acc: 0.4464
2025-06-23 14:50:02,544 [INFO] Epoch 175 | Train Loss: 0.5914 | Val Loss: 11.0142 | Val Acc: 0.4643
2025-06-23 14:50:02,572 [INFO] Epoch 176 | Train Loss: 0.5952 | Val Loss: 2.0482 | Val Acc: 0.3929
2025-06-23 14:50:02,600 [INFO] Epoch 177 | Train Loss: 0.5342 | Val Loss: 2.3153 | Val Acc: 0.3571
2025-06-23 14:50:02,630 [INFO] Epoch 178 | Train Loss: 0.5531 | Val Loss: 2.5614 | Val Acc: 0.4107
2025-06-23 14:50:02,655 [INFO] Epoch 179 | Train Loss: 0.6596 | Val Loss: 2.1827 | Val Acc: 0.4821
2025-06-23 14:50:02,681 [INFO] Epoch 180 | Train Loss: 0.6166 | Val Loss: 2.0883 | Val Acc: 0.3750
2025-06-23 14:50:03,868 [INFO] Epoch 181 | Train Loss: 0.6487 | Val Loss: 2.3632 | Val Acc: 0.4643
2025-06-23 14:50:03,906 [INFO] Epoch 182 | Train Loss: 0.6772 | Val Loss: 1.8693 | Val Acc: 0.4286
2025-06-23 14:50:03,948 [INFO] Epoch 183 | Train Loss: 0.6324 | Val Loss: 2.0875 | Val Acc: 0.4286
2025-06-23 14:50:03,974 [INFO] Epoch 184 | Train Loss: 0.7249 | Val Loss: 1.8152 | Val Acc: 0.4821
2025-06-23 14:50:04,000 [INFO] Epoch 185 | Train Loss: 0.7174 | Val Loss: 1.8089 | Val Acc: 0.3929
2025-06-23 14:50:04,030 [INFO] Epoch 186 | Train Loss: 0.5644 | Val Loss: 1.8761 | Val Acc: 0.3929
2025-06-23 14:50:04,061 [INFO] Epoch 187 | Train Loss: 0.6025 | Val Loss: 2.3863 | Val Acc: 0.3750
2025-06-23 14:50:04,089 [INFO] Epoch 188 | Train Loss: 0.6747 | Val Loss: 2.4712 | Val Acc: 0.3393
2025-06-23 14:50:04,118 [INFO] Epoch 189 | Train Loss: 0.7287 | Val Loss: 2.6731 | Val Acc: 0.3214
2025-06-23 14:50:04,152 [INFO] Epoch 190 | Train Loss: 0.7026 | Val Loss: 2.3054 | Val Acc: 0.3393
2025-06-23 14:50:05,366 [INFO] Epoch 191 | Train Loss: 0.5255 | Val Loss: 1.9151 | Val Acc: 0.4286
2025-06-23 14:50:05,402 [INFO] Epoch 192 | Train Loss: 0.7204 | Val Loss: 2.0271 | Val Acc: 0.3750
2025-06-23 14:50:05,438 [INFO] Epoch 193 | Train Loss: 0.5539 | Val Loss: 2.2775 | Val Acc: 0.3571
2025-06-23 14:50:05,464 [INFO] Epoch 194 | Train Loss: 0.5402 | Val Loss: 2.4063 | Val Acc: 0.3571
2025-06-23 14:50:05,490 [INFO] Epoch 195 | Train Loss: 0.4565 | Val Loss: 2.4199 | Val Acc: 0.3929
2025-06-23 14:50:05,515 [INFO] Epoch 196 | Train Loss: 0.5436 | Val Loss: 2.2757 | Val Acc: 0.4286
2025-06-23 14:50:05,543 [INFO] Epoch 197 | Train Loss: 0.6431 | Val Loss: 2.3691 | Val Acc: 0.3929
2025-06-23 14:50:05,569 [INFO] Epoch 198 | Train Loss: 0.5535 | Val Loss: 2.5856 | Val Acc: 0.4286
2025-06-23 14:50:05,596 [INFO] Epoch 199 | Train Loss: 0.4841 | Val Loss: 3.2701 | Val Acc: 0.3571
2025-06-23 14:50:05,622 [INFO] Epoch 200 | Train Loss: 0.6059 | Val Loss: 3.6792 | Val Acc: 0.3036
2025-06-23 14:50:06,816 [INFO] Epoch 201 | Train Loss: 0.7348 | Val Loss: 2.8432 | Val Acc: 0.2679
2025-06-23 14:50:06,855 [INFO] Epoch 202 | Train Loss: 0.5602 | Val Loss: 2.4844 | Val Acc: 0.3393
2025-06-23 14:50:06,892 [INFO] Epoch 203 | Train Loss: 0.4858 | Val Loss: 2.4635 | Val Acc: 0.4643
2025-06-23 14:50:06,923 [INFO] Epoch 204 | Train Loss: 0.5768 | Val Loss: 2.7934 | Val Acc: 0.5357
2025-06-23 14:50:06,928 [INFO] New best model at epoch 204 (Val Acc: 0.5357)
2025-06-23 14:50:06,952 [INFO] Epoch 205 | Train Loss: 0.4692 | Val Loss: 2.9911 | Val Acc: 0.2857
2025-06-23 14:50:06,982 [INFO] Epoch 206 | Train Loss: 0.4332 | Val Loss: 2.4628 | Val Acc: 0.5000
2025-06-23 14:50:07,009 [INFO] Epoch 207 | Train Loss: 0.5065 | Val Loss: 2.5787 | Val Acc: 0.5536
2025-06-23 14:50:07,013 [INFO] New best model at epoch 207 (Val Acc: 0.5536)
2025-06-23 14:50:07,042 [INFO] Epoch 208 | Train Loss: 0.5905 | Val Loss: 2.5981 | Val Acc: 0.3214
2025-06-23 14:50:07,069 [INFO] Epoch 209 | Train Loss: 0.4884 | Val Loss: 2.4027 | Val Acc: 0.4821
2025-06-23 14:50:07,098 [INFO] Epoch 210 | Train Loss: 0.5763 | Val Loss: 2.0651 | Val Acc: 0.4821
2025-06-23 14:50:08,318 [INFO] Epoch 211 | Train Loss: 0.6124 | Val Loss: 2.5190 | Val Acc: 0.3571
2025-06-23 14:50:08,354 [INFO] Epoch 212 | Train Loss: 0.5887 | Val Loss: 2.5099 | Val Acc: 0.4643
2025-06-23 14:50:08,393 [INFO] Epoch 213 | Train Loss: 0.5378 | Val Loss: 2.0359 | Val Acc: 0.4821
2025-06-23 14:50:08,422 [INFO] Epoch 214 | Train Loss: 0.4198 | Val Loss: 2.0453 | Val Acc: 0.4464
2025-06-23 14:50:08,450 [INFO] Epoch 215 | Train Loss: 0.3721 | Val Loss: 2.8133 | Val Acc: 0.3393
2025-06-23 14:50:08,477 [INFO] Epoch 216 | Train Loss: 0.4401 | Val Loss: 2.6282 | Val Acc: 0.4286
2025-06-23 14:50:08,504 [INFO] Epoch 217 | Train Loss: 0.4953 | Val Loss: 3.5244 | Val Acc: 0.3214
2025-06-23 14:50:08,542 [INFO] Epoch 218 | Train Loss: 0.4692 | Val Loss: 3.2886 | Val Acc: 0.3214
2025-06-23 14:50:08,575 [INFO] Epoch 219 | Train Loss: 0.5078 | Val Loss: 2.6334 | Val Acc: 0.4464
2025-06-23 14:50:08,605 [INFO] Epoch 220 | Train Loss: 0.5164 | Val Loss: 2.6788 | Val Acc: 0.3214
2025-06-23 14:50:12,767 [INFO] Epoch 221 | Train Loss: 0.6176 | Val Loss: 2.0863 | Val Acc: 0.4643
2025-06-23 14:50:12,807 [INFO] Epoch 222 | Train Loss: 0.6991 | Val Loss: 2.2914 | Val Acc: 0.3750
2025-06-23 14:50:12,834 [INFO] Epoch 223 | Train Loss: 0.7154 | Val Loss: 2.9034 | Val Acc: 0.3393
2025-06-23 14:50:12,860 [INFO] Epoch 224 | Train Loss: 0.5951 | Val Loss: 2.3888 | Val Acc: 0.3750
2025-06-23 14:50:12,886 [INFO] Epoch 225 | Train Loss: 0.5519 | Val Loss: 2.7452 | Val Acc: 0.4821
2025-06-23 14:50:12,926 [INFO] Epoch 226 | Train Loss: 0.6582 | Val Loss: 2.6304 | Val Acc: 0.3393
2025-06-23 14:50:12,953 [INFO] Epoch 227 | Train Loss: 0.5798 | Val Loss: 1.9921 | Val Acc: 0.3571
2025-06-23 14:50:12,980 [INFO] Epoch 228 | Train Loss: 0.5657 | Val Loss: 1.8912 | Val Acc: 0.3929
2025-06-23 14:50:13,022 [INFO] Epoch 229 | Train Loss: 0.5768 | Val Loss: 1.9632 | Val Acc: 0.4643
2025-06-23 14:50:13,048 [INFO] Epoch 230 | Train Loss: 0.5418 | Val Loss: 2.6053 | Val Acc: 0.3929
2025-06-23 14:50:14,308 [INFO] Epoch 231 | Train Loss: 0.4772 | Val Loss: 2.6928 | Val Acc: 0.4464
2025-06-23 14:50:14,349 [INFO] Epoch 232 | Train Loss: 0.3188 | Val Loss: 2.6435 | Val Acc: 0.4464
2025-06-23 14:50:14,386 [INFO] Epoch 233 | Train Loss: 0.4573 | Val Loss: 2.7429 | Val Acc: 0.5357
2025-06-23 14:50:14,412 [INFO] Epoch 234 | Train Loss: 0.3872 | Val Loss: 2.6454 | Val Acc: 0.4464
2025-06-23 14:50:14,438 [INFO] Epoch 235 | Train Loss: 0.4802 | Val Loss: 2.7332 | Val Acc: 0.4286
2025-06-23 14:50:14,464 [INFO] Epoch 236 | Train Loss: 0.4650 | Val Loss: 2.7264 | Val Acc: 0.3571
2025-06-23 14:50:14,490 [INFO] Epoch 237 | Train Loss: 0.3956 | Val Loss: 3.1543 | Val Acc: 0.4107
2025-06-23 14:50:14,516 [INFO] Epoch 238 | Train Loss: 0.6409 | Val Loss: 3.3850 | Val Acc: 0.4107
2025-06-23 14:50:14,544 [INFO] Epoch 239 | Train Loss: 0.4903 | Val Loss: 3.2069 | Val Acc: 0.4643
2025-06-23 14:50:14,574 [INFO] Epoch 240 | Train Loss: 0.4710 | Val Loss: 3.0452 | Val Acc: 0.4643
2025-06-23 14:50:16,619 [INFO] Epoch 241 | Train Loss: 0.4513 | Val Loss: 2.4943 | Val Acc: 0.5357
2025-06-23 14:50:16,664 [INFO] Epoch 242 | Train Loss: 0.3375 | Val Loss: 2.8035 | Val Acc: 0.4643
2025-06-23 14:50:16,702 [INFO] Epoch 243 | Train Loss: 0.4470 | Val Loss: 2.7647 | Val Acc: 0.4286
2025-06-23 14:50:16,733 [INFO] Epoch 244 | Train Loss: 0.3862 | Val Loss: 2.5987 | Val Acc: 0.3929
2025-06-23 14:50:16,765 [INFO] Epoch 245 | Train Loss: 0.4980 | Val Loss: 2.2753 | Val Acc: 0.4643
2025-06-23 14:50:16,795 [INFO] Epoch 246 | Train Loss: 0.4392 | Val Loss: 2.9293 | Val Acc: 0.3929
2025-06-23 14:50:16,827 [INFO] Epoch 247 | Train Loss: 0.3882 | Val Loss: 2.7238 | Val Acc: 0.3571
2025-06-23 14:50:16,856 [INFO] Epoch 248 | Train Loss: 0.4159 | Val Loss: 2.8528 | Val Acc: 0.4464
2025-06-23 14:50:16,885 [INFO] Epoch 249 | Train Loss: 0.4120 | Val Loss: 3.0265 | Val Acc: 0.3571
2025-06-23 14:50:16,912 [INFO] Epoch 250 | Train Loss: 0.4187 | Val Loss: 3.1966 | Val Acc: 0.3571
2025-06-23 14:50:18,164 [INFO] Epoch 251 | Train Loss: 0.4737 | Val Loss: 2.9476 | Val Acc: 0.3929
2025-06-23 14:50:18,205 [INFO] Epoch 252 | Train Loss: 0.4303 | Val Loss: 3.2228 | Val Acc: 0.4643
2025-06-23 14:50:18,237 [INFO] Epoch 253 | Train Loss: 0.5540 | Val Loss: 3.8278 | Val Acc: 0.4107
2025-06-23 14:50:18,267 [INFO] Epoch 254 | Train Loss: 0.4565 | Val Loss: 3.1602 | Val Acc: 0.4464
2025-06-23 14:50:18,294 [INFO] Epoch 255 | Train Loss: 0.6999 | Val Loss: 3.2080 | Val Acc: 0.3571
2025-06-23 14:50:18,326 [INFO] Epoch 256 | Train Loss: 0.4919 | Val Loss: 2.3005 | Val Acc: 0.4107
2025-06-23 14:50:18,351 [INFO] Epoch 257 | Train Loss: 0.5196 | Val Loss: 2.9505 | Val Acc: 0.3929
2025-06-23 14:50:18,377 [INFO] Epoch 258 | Train Loss: 0.4489 | Val Loss: 3.2887 | Val Acc: 0.3036
2025-06-23 14:50:18,403 [INFO] Epoch 259 | Train Loss: 0.4529 | Val Loss: 3.1513 | Val Acc: 0.3750
2025-06-23 14:50:18,429 [INFO] Epoch 260 | Train Loss: 0.3340 | Val Loss: 2.9601 | Val Acc: 0.4107
2025-06-23 14:50:19,770 [INFO] Epoch 261 | Train Loss: 0.4578 | Val Loss: 3.0444 | Val Acc: 0.3929
2025-06-23 14:50:19,803 [INFO] Epoch 262 | Train Loss: 0.3858 | Val Loss: 2.7421 | Val Acc: 0.4464
2025-06-23 14:50:19,839 [INFO] Epoch 263 | Train Loss: 0.3577 | Val Loss: 2.6679 | Val Acc: 0.3393
2025-06-23 14:50:19,888 [INFO] Epoch 264 | Train Loss: 0.3174 | Val Loss: 2.7690 | Val Acc: 0.3750
2025-06-23 14:50:19,926 [INFO] Epoch 265 | Train Loss: 0.4321 | Val Loss: 3.3605 | Val Acc: 0.3929
2025-06-23 14:50:19,975 [INFO] Epoch 266 | Train Loss: 0.2095 | Val Loss: 3.2336 | Val Acc: 0.3393
2025-06-23 14:50:20,005 [INFO] Epoch 267 | Train Loss: 0.3630 | Val Loss: 3.6857 | Val Acc: 0.3929
2025-06-23 14:50:20,038 [INFO] Epoch 268 | Train Loss: 0.3825 | Val Loss: 3.5813 | Val Acc: 0.4286
2025-06-23 14:50:20,070 [INFO] Epoch 269 | Train Loss: 0.3249 | Val Loss: 3.2214 | Val Acc: 0.4464
2025-06-23 14:50:20,099 [INFO] Epoch 270 | Train Loss: 0.2620 | Val Loss: 3.7807 | Val Acc: 0.4107
2025-06-23 14:50:21,408 [INFO] Epoch 271 | Train Loss: 0.3261 | Val Loss: 3.8558 | Val Acc: 0.4286
2025-06-23 14:50:21,456 [INFO] Epoch 272 | Train Loss: 0.3853 | Val Loss: 3.1610 | Val Acc: 0.4464
2025-06-23 14:50:21,497 [INFO] Epoch 273 | Train Loss: 0.4303 | Val Loss: 2.9685 | Val Acc: 0.4464
2025-06-23 14:50:21,535 [INFO] Epoch 274 | Train Loss: 0.4165 | Val Loss: 4.7689 | Val Acc: 0.4107
2025-06-23 14:50:21,574 [INFO] Epoch 275 | Train Loss: 0.4170 | Val Loss: 3.7161 | Val Acc: 0.3929
2025-06-23 14:50:21,618 [INFO] Epoch 276 | Train Loss: 0.5153 | Val Loss: 3.4555 | Val Acc: 0.3214
2025-06-23 14:50:21,673 [INFO] Epoch 277 | Train Loss: 0.4391 | Val Loss: 2.9380 | Val Acc: 0.3750
2025-06-23 14:50:21,708 [INFO] Epoch 278 | Train Loss: 0.4392 | Val Loss: 2.5206 | Val Acc: 0.3929
2025-06-23 14:50:21,738 [INFO] Epoch 279 | Train Loss: 0.3524 | Val Loss: 2.4812 | Val Acc: 0.4107
2025-06-23 14:50:21,772 [INFO] Epoch 280 | Train Loss: 0.3855 | Val Loss: 2.6133 | Val Acc: 0.3929
2025-06-23 14:50:23,005 [INFO] Epoch 281 | Train Loss: 0.4427 | Val Loss: 2.0888 | Val Acc: 0.4643
2025-06-23 14:50:23,048 [INFO] Epoch 282 | Train Loss: 0.4526 | Val Loss: 2.7347 | Val Acc: 0.3750
2025-06-23 14:50:23,084 [INFO] Epoch 283 | Train Loss: 0.3771 | Val Loss: 3.0305 | Val Acc: 0.3750
2025-06-23 14:50:23,111 [INFO] Epoch 284 | Train Loss: 0.5041 | Val Loss: 2.7075 | Val Acc: 0.4821
2025-06-23 14:50:23,137 [INFO] Epoch 285 | Train Loss: 0.4345 | Val Loss: 2.2921 | Val Acc: 0.5179
2025-06-23 14:50:23,165 [INFO] Epoch 286 | Train Loss: 0.3995 | Val Loss: 2.6640 | Val Acc: 0.4107
2025-06-23 14:50:23,190 [INFO] Epoch 287 | Train Loss: 0.4229 | Val Loss: 2.1882 | Val Acc: 0.4643
2025-06-23 14:50:23,221 [INFO] Epoch 288 | Train Loss: 0.3083 | Val Loss: 2.3370 | Val Acc: 0.4821
2025-06-23 14:50:23,252 [INFO] Epoch 289 | Train Loss: 0.2795 | Val Loss: 2.8113 | Val Acc: 0.3750
2025-06-23 14:50:23,286 [INFO] Epoch 290 | Train Loss: 0.3850 | Val Loss: 3.5169 | Val Acc: 0.3393
2025-06-23 14:50:24,553 [INFO] Epoch 291 | Train Loss: 0.2468 | Val Loss: 3.5553 | Val Acc: 0.3571
2025-06-23 14:50:24,591 [INFO] Epoch 292 | Train Loss: 0.2799 | Val Loss: 3.5861 | Val Acc: 0.3571
2025-06-23 14:50:24,629 [INFO] Epoch 293 | Train Loss: 0.2905 | Val Loss: 3.8444 | Val Acc: 0.3750
2025-06-23 14:50:24,656 [INFO] Epoch 294 | Train Loss: 0.4272 | Val Loss: 3.4909 | Val Acc: 0.4107
2025-06-23 14:50:24,683 [INFO] Epoch 295 | Train Loss: 0.4615 | Val Loss: 2.8564 | Val Acc: 0.4107
2025-06-23 14:50:24,712 [INFO] Epoch 296 | Train Loss: 0.5745 | Val Loss: 3.0179 | Val Acc: 0.3571
2025-06-23 14:50:24,743 [INFO] Epoch 297 | Train Loss: 0.4530 | Val Loss: 3.4614 | Val Acc: 0.3929
2025-06-23 14:50:24,773 [INFO] Epoch 298 | Train Loss: 0.5842 | Val Loss: 2.8002 | Val Acc: 0.3750
2025-06-23 14:50:24,803 [INFO] Epoch 299 | Train Loss: 0.5017 | Val Loss: 2.3830 | Val Acc: 0.5000
2025-06-23 14:50:24,832 [INFO] Epoch 300 | Train Loss: 0.5325 | Val Loss: 2.4030 | Val Acc: 0.5179
2025-06-23 14:50:28,044 [INFO] Best model saved to <built-in function time>/ENZYMES/best/best_source_gin.pth (Val Acc: 0.5536 at epoch 207)
2025-06-23 14:50:28,046 [INFO] Training/validation metrics saved to <built-in function time>/ENZYMES/GIN_0.01/train_metrics.csv
2025-06-23 14:50:29,241 [INFO] Final training curves saved
2025-06-23 14:50:29,241 [INFO] Training completed!
2025-06-23 14:50:29,242 [INFO] Best validation accuracy: 0.5536
2025-06-23 14:50:29,242 [INFO] Best epoch: 207
2025-06-23 14:50:29,242 [INFO] Total epochs trained: 300
2025-06-23 14:50:29,243 [INFO] Starting training with parameters: (0.01, 0.3, 64, 4, 300, 0.0001)
