2025-06-21 15:56:15,166 [INFO] Using device: cpu
2025-06-21 15:56:15,166 [INFO] 开始创建数据加载器...
2025-06-21 15:56:15,170 [INFO] Successfully loaded dataset ENZYMES from ./data, total graphs: 600
2025-06-21 15:56:15,170 [INFO] Class allocation analysis:
2025-06-21 15:56:15,170 [INFO]   Source classes: [0, 1, 2, 3]
2025-06-21 15:56:15,170 [INFO]   Target classes: [0, 1, 2, 3, 4, 5]
2025-06-21 15:56:15,170 [INFO]   Overlap classes (to be split): [0, 1, 2, 3]
2025-06-21 15:56:15,170 [INFO]   Target novel classes (unknown): [4, 5]
2025-06-21 15:56:15,189 [INFO]   Class 0: 100 total -> Source: 70, Target: 30
2025-06-21 15:56:15,189 [INFO]   Class 1: 100 total -> Source: 70, Target: 30
2025-06-21 15:56:15,189 [INFO]   Class 2: 100 total -> Source: 70, Target: 30
2025-06-21 15:56:15,189 [INFO]   Class 3: 100 total -> Source: 70, Target: 30
2025-06-21 15:56:15,189 [INFO]   Class 4 (novel/unknown): 100 samples -> Target
2025-06-21 15:56:15,189 [INFO]   Class 5 (novel/unknown): 100 samples -> Target
2025-06-21 15:56:15,190 [INFO] Final allocation:
2025-06-21 15:56:15,190 [INFO]   Source domain: 280 samples
2025-06-21 15:56:15,190 [INFO]   Target domain: 320 samples
2025-06-21 15:56:15,191 [INFO] Source domain setup:
2025-06-21 15:56:15,191 [INFO]   Original classes: [0, 1, 2, 3]
2025-06-21 15:56:15,191 [INFO]   Overlap classes used: [0, 1, 2, 3]
2025-06-21 15:56:15,191 [INFO]   Label mapping: {0: 0, 1: 1, 2: 2, 3: 3}
2025-06-21 15:56:15,191 [INFO]   Total data after allocation: 280
2025-06-21 15:56:15,191 [INFO]   Data split - Train: 224, Val: 56
2025-06-21 15:56:15,191 [INFO]   Train label distribution: {0: 56, 1: 56, 3: 56, 2: 56}
2025-06-21 15:56:15,191 [INFO]   Val label distribution: {1: 14, 2: 14, 0: 14, 3: 14}
2025-06-21 15:56:15,193 [INFO] Successfully loaded dataset ENZYMES from ./data, total graphs: 600
2025-06-21 15:56:15,193 [INFO] Class allocation analysis:
2025-06-21 15:56:15,193 [INFO]   Source classes: [0, 1, 2, 3]
2025-06-21 15:56:15,193 [INFO]   Target classes: [0, 1, 2, 3, 4, 5]
2025-06-21 15:56:15,193 [INFO]   Overlap classes (to be split): [0, 1, 2, 3]
2025-06-21 15:56:15,193 [INFO]   Target novel classes (unknown): [4, 5]
2025-06-21 15:56:15,211 [INFO]   Class 0: 100 total -> Source: 70, Target: 30
2025-06-21 15:56:15,211 [INFO]   Class 1: 100 total -> Source: 70, Target: 30
2025-06-21 15:56:15,211 [INFO]   Class 2: 100 total -> Source: 70, Target: 30
2025-06-21 15:56:15,212 [INFO]   Class 3: 100 total -> Source: 70, Target: 30
2025-06-21 15:56:15,212 [INFO]   Class 4 (novel/unknown): 100 samples -> Target
2025-06-21 15:56:15,212 [INFO]   Class 5 (novel/unknown): 100 samples -> Target
2025-06-21 15:56:15,212 [INFO] Final allocation:
2025-06-21 15:56:15,212 [INFO]   Source domain: 280 samples
2025-06-21 15:56:15,212 [INFO]   Target domain: 320 samples
2025-06-21 15:56:15,214 [INFO] Target domain setup:
2025-06-21 15:56:15,214 [INFO]   Original classes: [0, 1, 2, 3, 4, 5]
2025-06-21 15:56:15,214 [INFO]   Overlap classes: [0, 1, 2, 3]
2025-06-21 15:56:15,214 [INFO]   Novel classes: [4, 5] -> mapped to unknown label 4
2025-06-21 15:56:15,214 [INFO]   Label mapping: {0: 0, 1: 1, 2: 2, 3: 3, 4: 4, 5: 4}
2025-06-21 15:56:15,214 [INFO]   Total data after allocation: 320
2025-06-21 15:56:15,214 [INFO]   Data split - Train: 256, Val: 64
2025-06-21 15:56:15,214 [INFO]   Total count: 320 (known: 120, unknown: 200)
2025-06-21 15:56:15,214 [INFO]   Total label distribution: {4: 200, 3: 30, 0: 30, 1: 30, 2: 30}
2025-06-21 15:56:15,214 [INFO]   Train label distribution: {4: 160, 0: 24, 2: 24, 3: 24, 1: 24}
2025-06-21 15:56:15,214 [INFO]   Val label distribution: {1: 6, 4: 40, 3: 6, 0: 6, 2: 6}
2025-06-21 15:56:15,215 [INFO] 数据加载器创建完成!
2025-06-21 15:56:15,215 [INFO] 源域类别数: 4 (重叠类别)
2025-06-21 15:56:15,215 [INFO] 目标域类别数: 5 (4个重叠类别 + 1个未知类别)
2025-06-21 15:56:15,215 [INFO] 重叠类别: [0, 1, 2, 3]
2025-06-21 15:56:15,215 [INFO] 目标域新类别: [4, 5]
2025-06-21 15:56:15,215 [INFO] Data allocation verification:
2025-06-21 15:56:15,215 [INFO]   Source data samples: 280
2025-06-21 15:56:15,215 [INFO]   Target data samples: 320
2025-06-21 15:56:15,215 [INFO]   Overlapping samples: 0
2025-06-21 15:56:15,215 [INFO]   ✓ Data allocation is correct - no overlapping samples
2025-06-21 15:56:15,218 [INFO] Model initialized with 334084 parameters
2025-06-21 15:56:15,218 [INFO] Previous best validation accuracy read from record.txt: 0.6250
2025-06-21 15:56:15,218 [INFO] Starting training...
2025-06-21 15:56:15,275 [INFO] Epoch 001 | Train Loss: 9.5310 | Val Loss: 1.3858 | Val Acc: 0.2857
2025-06-21 15:56:16,522 [INFO] New best model at epoch 1 (Val Acc: 0.2857)
2025-06-21 15:56:16,610 [INFO] Epoch 002 | Train Loss: 6.1952 | Val Loss: 1.6477 | Val Acc: 0.2679
2025-06-21 15:56:16,696 [INFO] Epoch 003 | Train Loss: 6.9626 | Val Loss: 2.1633 | Val Acc: 0.3036
2025-06-21 15:56:16,708 [INFO] New best model at epoch 3 (Val Acc: 0.3036)
2025-06-21 15:56:16,833 [INFO] Epoch 004 | Train Loss: 5.9372 | Val Loss: 2.4408 | Val Acc: 0.2679
2025-06-21 15:56:16,922 [INFO] Epoch 005 | Train Loss: 5.0203 | Val Loss: 2.5737 | Val Acc: 0.1964
2025-06-21 15:56:17,019 [INFO] Epoch 006 | Train Loss: 4.6374 | Val Loss: 2.9014 | Val Acc: 0.2321
2025-06-21 15:56:17,149 [INFO] Epoch 007 | Train Loss: 4.2173 | Val Loss: 2.4991 | Val Acc: 0.4286
2025-06-21 15:56:17,166 [INFO] New best model at epoch 7 (Val Acc: 0.4286)
2025-06-21 15:56:17,367 [INFO] Epoch 008 | Train Loss: 4.4384 | Val Loss: 2.2716 | Val Acc: 0.4464
2025-06-21 15:56:17,385 [INFO] New best model at epoch 8 (Val Acc: 0.4464)
2025-06-21 15:56:17,694 [INFO] Epoch 009 | Train Loss: 3.6521 | Val Loss: 2.7984 | Val Acc: 0.5179
2025-06-21 15:56:17,719 [INFO] New best model at epoch 9 (Val Acc: 0.5179)
2025-06-21 15:56:18,058 [INFO] Epoch 010 | Train Loss: 4.1138 | Val Loss: 3.6549 | Val Acc: 0.3571
2025-06-21 15:56:19,980 [INFO] Epoch 011 | Train Loss: 4.0184 | Val Loss: 4.1679 | Val Acc: 0.3214
2025-06-21 15:56:20,481 [INFO] Epoch 012 | Train Loss: 3.6971 | Val Loss: 4.1117 | Val Acc: 0.3393
2025-06-21 15:56:20,543 [INFO] Epoch 013 | Train Loss: 2.9638 | Val Loss: 3.7107 | Val Acc: 0.3571
2025-06-21 15:56:20,597 [INFO] Epoch 014 | Train Loss: 3.7315 | Val Loss: 3.9493 | Val Acc: 0.3214
2025-06-21 15:56:20,646 [INFO] Epoch 015 | Train Loss: 2.3747 | Val Loss: 3.6716 | Val Acc: 0.3929
2025-06-21 15:56:20,696 [INFO] Epoch 016 | Train Loss: 3.1782 | Val Loss: 4.0458 | Val Acc: 0.4107
2025-06-21 15:56:20,748 [INFO] Epoch 017 | Train Loss: 2.8657 | Val Loss: 4.7596 | Val Acc: 0.3393
2025-06-21 15:56:20,800 [INFO] Epoch 018 | Train Loss: 3.0037 | Val Loss: 4.3816 | Val Acc: 0.3929
2025-06-21 15:56:20,870 [INFO] Epoch 019 | Train Loss: 3.1592 | Val Loss: 4.2853 | Val Acc: 0.4643
2025-06-21 15:56:20,920 [INFO] Epoch 020 | Train Loss: 3.3002 | Val Loss: 4.1580 | Val Acc: 0.4643
2025-06-21 15:56:21,156 [INFO] Epoch 021 | Train Loss: 3.6686 | Val Loss: 3.9458 | Val Acc: 0.4464
2025-06-21 15:56:21,214 [INFO] Epoch 022 | Train Loss: 2.8344 | Val Loss: 4.2687 | Val Acc: 0.3571
2025-06-21 15:56:21,288 [INFO] Epoch 023 | Train Loss: 3.4894 | Val Loss: 4.9266 | Val Acc: 0.3571
2025-06-21 15:56:21,339 [INFO] Epoch 024 | Train Loss: 3.0252 | Val Loss: 3.8973 | Val Acc: 0.4464
2025-06-21 15:56:21,390 [INFO] Epoch 025 | Train Loss: 2.4557 | Val Loss: 3.5404 | Val Acc: 0.4464
2025-06-21 15:56:21,438 [INFO] Epoch 026 | Train Loss: 2.7617 | Val Loss: 3.3378 | Val Acc: 0.4107
2025-06-21 15:56:21,487 [INFO] Epoch 027 | Train Loss: 3.5309 | Val Loss: 3.3570 | Val Acc: 0.3929
2025-06-21 15:56:21,538 [INFO] Epoch 028 | Train Loss: 2.6157 | Val Loss: 3.7494 | Val Acc: 0.4286
2025-06-21 15:56:21,589 [INFO] Epoch 029 | Train Loss: 2.5189 | Val Loss: 3.8995 | Val Acc: 0.4286
2025-06-21 15:56:21,640 [INFO] Epoch 030 | Train Loss: 2.5674 | Val Loss: 3.6483 | Val Acc: 0.4643
2025-06-21 15:56:21,893 [INFO] Epoch 031 | Train Loss: 3.2650 | Val Loss: 3.7272 | Val Acc: 0.4286
2025-06-21 15:56:21,945 [INFO] Epoch 032 | Train Loss: 2.7715 | Val Loss: 3.6911 | Val Acc: 0.4821
2025-06-21 15:56:22,000 [INFO] Epoch 033 | Train Loss: 2.3469 | Val Loss: 4.0385 | Val Acc: 0.5000
2025-06-21 15:56:22,051 [INFO] Epoch 034 | Train Loss: 2.2468 | Val Loss: 4.4248 | Val Acc: 0.4464
2025-06-21 15:56:22,121 [INFO] Epoch 035 | Train Loss: 2.2005 | Val Loss: 4.5452 | Val Acc: 0.4643
2025-06-21 15:56:22,177 [INFO] Epoch 036 | Train Loss: 2.7125 | Val Loss: 4.9488 | Val Acc: 0.4107
2025-06-21 15:56:22,228 [INFO] Epoch 037 | Train Loss: 1.9735 | Val Loss: 4.7310 | Val Acc: 0.3929
2025-06-21 15:56:22,279 [INFO] Epoch 038 | Train Loss: 2.0417 | Val Loss: 4.3780 | Val Acc: 0.4821
2025-06-21 15:56:22,332 [INFO] Epoch 039 | Train Loss: 2.4691 | Val Loss: 4.3359 | Val Acc: 0.5000
2025-06-21 15:56:22,384 [INFO] Epoch 040 | Train Loss: 2.5934 | Val Loss: 4.1602 | Val Acc: 0.4643
2025-06-21 15:56:22,629 [INFO] Epoch 041 | Train Loss: 2.7073 | Val Loss: 3.8249 | Val Acc: 0.5179
2025-06-21 15:56:22,680 [INFO] Epoch 042 | Train Loss: 1.9525 | Val Loss: 3.9564 | Val Acc: 0.5357
2025-06-21 15:56:22,690 [INFO] New best model at epoch 42 (Val Acc: 0.5357)
2025-06-21 15:56:22,743 [INFO] Epoch 043 | Train Loss: 2.1530 | Val Loss: 4.3491 | Val Acc: 0.5000
2025-06-21 15:56:22,794 [INFO] Epoch 044 | Train Loss: 1.5850 | Val Loss: 4.2866 | Val Acc: 0.5000
2025-06-21 15:56:22,845 [INFO] Epoch 045 | Train Loss: 1.9708 | Val Loss: 4.4849 | Val Acc: 0.5000
2025-06-21 15:56:22,914 [INFO] Epoch 046 | Train Loss: 1.8567 | Val Loss: 4.7389 | Val Acc: 0.4286
2025-06-21 15:56:22,973 [INFO] Epoch 047 | Train Loss: 1.6335 | Val Loss: 4.7966 | Val Acc: 0.4107
2025-06-21 15:56:23,028 [INFO] Epoch 048 | Train Loss: 1.9078 | Val Loss: 4.7093 | Val Acc: 0.4821
2025-06-21 15:56:23,079 [INFO] Epoch 049 | Train Loss: 1.8290 | Val Loss: 4.7191 | Val Acc: 0.4464
2025-06-21 15:56:23,129 [INFO] Epoch 050 | Train Loss: 1.7032 | Val Loss: 4.0167 | Val Acc: 0.3929
2025-06-21 15:56:23,487 [INFO] Epoch 051 | Train Loss: 1.2372 | Val Loss: 4.1707 | Val Acc: 0.4464
2025-06-21 15:56:23,534 [INFO] Epoch 052 | Train Loss: 2.1091 | Val Loss: 4.1056 | Val Acc: 0.4643
2025-06-21 15:56:23,582 [INFO] Epoch 053 | Train Loss: 1.1324 | Val Loss: 3.9229 | Val Acc: 0.5179
2025-06-21 15:56:23,630 [INFO] Epoch 054 | Train Loss: 1.7253 | Val Loss: 4.4077 | Val Acc: 0.4821
2025-06-21 15:56:23,690 [INFO] Epoch 055 | Train Loss: 1.4799 | Val Loss: 4.1811 | Val Acc: 0.4464
2025-06-21 15:56:23,771 [INFO] Epoch 056 | Train Loss: 1.8302 | Val Loss: 4.4084 | Val Acc: 0.4286
2025-06-21 15:56:23,836 [INFO] Epoch 057 | Train Loss: 1.7270 | Val Loss: 4.7413 | Val Acc: 0.3929
2025-06-21 15:56:23,883 [INFO] Epoch 058 | Train Loss: 1.9745 | Val Loss: 4.5365 | Val Acc: 0.4821
2025-06-21 15:56:23,932 [INFO] Epoch 059 | Train Loss: 1.4853 | Val Loss: 4.3373 | Val Acc: 0.5179
2025-06-21 15:56:23,984 [INFO] Epoch 060 | Train Loss: 1.6608 | Val Loss: 4.4460 | Val Acc: 0.4821
2025-06-21 15:56:24,214 [INFO] Epoch 061 | Train Loss: 0.8470 | Val Loss: 4.2585 | Val Acc: 0.5179
2025-06-21 15:56:24,270 [INFO] Epoch 062 | Train Loss: 1.0727 | Val Loss: 4.3989 | Val Acc: 0.4643
2025-06-21 15:56:24,319 [INFO] Epoch 063 | Train Loss: 1.4365 | Val Loss: 4.8042 | Val Acc: 0.4286
2025-06-21 15:56:24,374 [INFO] Epoch 064 | Train Loss: 1.7567 | Val Loss: 4.6599 | Val Acc: 0.4464
2025-06-21 15:56:24,424 [INFO] Epoch 065 | Train Loss: 1.4744 | Val Loss: 4.7555 | Val Acc: 0.5000
2025-06-21 15:56:24,478 [INFO] Epoch 066 | Train Loss: 2.1037 | Val Loss: 4.4907 | Val Acc: 0.4464
2025-06-21 15:56:24,541 [INFO] Epoch 067 | Train Loss: 1.6201 | Val Loss: 3.9585 | Val Acc: 0.5179
2025-06-21 15:56:24,603 [INFO] Epoch 068 | Train Loss: 1.6482 | Val Loss: 4.2257 | Val Acc: 0.5179
2025-06-21 15:56:24,657 [INFO] Epoch 069 | Train Loss: 1.3557 | Val Loss: 4.2549 | Val Acc: 0.4643
2025-06-21 15:56:24,713 [INFO] Epoch 070 | Train Loss: 1.4573 | Val Loss: 4.5411 | Val Acc: 0.4643
2025-06-21 15:56:24,947 [INFO] Epoch 071 | Train Loss: 0.9952 | Val Loss: 4.5863 | Val Acc: 0.4643
2025-06-21 15:56:25,002 [INFO] Epoch 072 | Train Loss: 1.3241 | Val Loss: 4.7152 | Val Acc: 0.5000
2025-06-21 15:56:25,075 [INFO] Epoch 073 | Train Loss: 1.2052 | Val Loss: 4.9212 | Val Acc: 0.5000
2025-06-21 15:56:25,130 [INFO] Epoch 074 | Train Loss: 1.0709 | Val Loss: 5.1422 | Val Acc: 0.5000
2025-06-21 15:56:25,185 [INFO] Epoch 075 | Train Loss: 1.5719 | Val Loss: 5.3070 | Val Acc: 0.4643
2025-06-21 15:56:25,238 [INFO] Epoch 076 | Train Loss: 1.3165 | Val Loss: 4.9367 | Val Acc: 0.4643
2025-06-21 15:56:25,292 [INFO] Epoch 077 | Train Loss: 1.7589 | Val Loss: 4.9054 | Val Acc: 0.4643
2025-06-21 15:56:25,343 [INFO] Epoch 078 | Train Loss: 1.0056 | Val Loss: 4.5620 | Val Acc: 0.4464
2025-06-21 15:56:25,410 [INFO] Epoch 079 | Train Loss: 1.7921 | Val Loss: 4.3593 | Val Acc: 0.5179
2025-06-21 15:56:25,474 [INFO] Epoch 080 | Train Loss: 1.1066 | Val Loss: 4.5632 | Val Acc: 0.5179
2025-06-21 15:56:25,767 [INFO] Epoch 081 | Train Loss: 1.0989 | Val Loss: 4.2210 | Val Acc: 0.5000
2025-06-21 15:56:25,816 [INFO] Epoch 082 | Train Loss: 1.3934 | Val Loss: 4.2064 | Val Acc: 0.5000
2025-06-21 15:56:25,873 [INFO] Epoch 083 | Train Loss: 0.7755 | Val Loss: 4.0544 | Val Acc: 0.4821
2025-06-21 15:56:25,939 [INFO] Epoch 084 | Train Loss: 1.2463 | Val Loss: 4.5368 | Val Acc: 0.5000
2025-06-21 15:56:25,989 [INFO] Epoch 085 | Train Loss: 1.3544 | Val Loss: 4.4563 | Val Acc: 0.5000
2025-06-21 15:56:26,041 [INFO] Epoch 086 | Train Loss: 1.0723 | Val Loss: 4.1847 | Val Acc: 0.5357
2025-06-21 15:56:26,089 [INFO] Epoch 087 | Train Loss: 1.5509 | Val Loss: 4.0724 | Val Acc: 0.5179
2025-06-21 15:56:26,143 [INFO] Epoch 088 | Train Loss: 1.1720 | Val Loss: 4.5766 | Val Acc: 0.4821
2025-06-21 15:56:26,191 [INFO] Epoch 089 | Train Loss: 0.8952 | Val Loss: 4.2373 | Val Acc: 0.4821
2025-06-21 15:56:26,244 [INFO] Epoch 090 | Train Loss: 1.9050 | Val Loss: 4.6537 | Val Acc: 0.4643
2025-06-21 15:56:26,499 [INFO] Epoch 091 | Train Loss: 1.0763 | Val Loss: 4.6088 | Val Acc: 0.5000
2025-06-21 15:56:26,551 [INFO] Epoch 092 | Train Loss: 1.2031 | Val Loss: 4.7887 | Val Acc: 0.5000
2025-06-21 15:56:26,601 [INFO] Epoch 093 | Train Loss: 1.3343 | Val Loss: 5.1415 | Val Acc: 0.4643
2025-06-21 15:56:26,650 [INFO] Epoch 094 | Train Loss: 0.9914 | Val Loss: 4.9475 | Val Acc: 0.4821
2025-06-21 15:56:26,701 [INFO] Epoch 095 | Train Loss: 1.0130 | Val Loss: 5.0881 | Val Acc: 0.4643
2025-06-21 15:56:26,752 [INFO] Epoch 096 | Train Loss: 0.9137 | Val Loss: 4.9427 | Val Acc: 0.4821
2025-06-21 15:56:26,816 [INFO] Epoch 097 | Train Loss: 1.1244 | Val Loss: 4.7292 | Val Acc: 0.4821
2025-06-21 15:56:26,868 [INFO] Epoch 098 | Train Loss: 1.4443 | Val Loss: 4.8644 | Val Acc: 0.4464
2025-06-21 15:56:26,920 [INFO] Epoch 099 | Train Loss: 1.4028 | Val Loss: 5.2040 | Val Acc: 0.4643
2025-06-21 15:56:26,972 [INFO] Epoch 100 | Train Loss: 1.0382 | Val Loss: 5.5341 | Val Acc: 0.4643
2025-06-21 15:56:27,259 [INFO] Epoch 101 | Train Loss: 1.2840 | Val Loss: 5.0499 | Val Acc: 0.4643
2025-06-21 15:56:27,327 [INFO] Epoch 102 | Train Loss: 0.8921 | Val Loss: 4.5255 | Val Acc: 0.4643
2025-06-21 15:56:29,289 [INFO] Epoch 103 | Train Loss: 1.0801 | Val Loss: 4.3114 | Val Acc: 0.5179
2025-06-21 15:56:29,360 [INFO] Epoch 104 | Train Loss: 0.7860 | Val Loss: 4.2065 | Val Acc: 0.5000
2025-06-21 15:56:29,420 [INFO] Epoch 105 | Train Loss: 0.5678 | Val Loss: 4.3788 | Val Acc: 0.4643
2025-06-21 15:56:29,484 [INFO] Epoch 106 | Train Loss: 0.6785 | Val Loss: 4.3712 | Val Acc: 0.4821
2025-06-21 15:56:29,552 [INFO] Epoch 107 | Train Loss: 1.0526 | Val Loss: 4.7330 | Val Acc: 0.5000
2025-06-21 15:56:29,609 [INFO] Epoch 108 | Train Loss: 0.6683 | Val Loss: 4.8337 | Val Acc: 0.5357
2025-06-21 15:56:29,674 [INFO] Epoch 109 | Train Loss: 1.0052 | Val Loss: 5.2361 | Val Acc: 0.5179
2025-06-21 15:56:29,767 [INFO] Epoch 110 | Train Loss: 1.4360 | Val Loss: 5.2452 | Val Acc: 0.4821
2025-06-21 15:56:30,162 [INFO] Epoch 111 | Train Loss: 1.4095 | Val Loss: 5.2267 | Val Acc: 0.4821
2025-06-21 15:56:30,290 [INFO] Epoch 112 | Train Loss: 0.9670 | Val Loss: 5.1436 | Val Acc: 0.4643
2025-06-21 15:56:30,422 [INFO] Epoch 113 | Train Loss: 0.7953 | Val Loss: 5.0789 | Val Acc: 0.4464
2025-06-21 15:56:30,578 [INFO] Epoch 114 | Train Loss: 0.6934 | Val Loss: 4.7256 | Val Acc: 0.4464
2025-06-21 15:56:30,870 [INFO] Epoch 115 | Train Loss: 1.5635 | Val Loss: 4.9188 | Val Acc: 0.4821
2025-06-21 15:56:31,230 [INFO] Epoch 116 | Train Loss: 0.7336 | Val Loss: 5.0753 | Val Acc: 0.4643
2025-06-21 15:56:31,648 [INFO] Epoch 117 | Train Loss: 0.6819 | Val Loss: 4.8291 | Val Acc: 0.4643
2025-06-21 15:56:32,236 [INFO] Epoch 118 | Train Loss: 1.0123 | Val Loss: 5.4737 | Val Acc: 0.4643
2025-06-21 15:56:32,740 [INFO] Epoch 119 | Train Loss: 1.2651 | Val Loss: 5.6339 | Val Acc: 0.4821
2025-06-21 15:56:33,096 [INFO] Epoch 120 | Train Loss: 0.6693 | Val Loss: 4.6894 | Val Acc: 0.4821
2025-06-21 15:56:33,640 [INFO] Epoch 121 | Train Loss: 1.0718 | Val Loss: 4.2583 | Val Acc: 0.5000
2025-06-21 15:56:33,746 [INFO] Epoch 122 | Train Loss: 0.5286 | Val Loss: 4.8335 | Val Acc: 0.5000
2025-06-21 15:56:33,845 [INFO] Epoch 123 | Train Loss: 0.8734 | Val Loss: 5.4839 | Val Acc: 0.5179
2025-06-21 15:56:33,959 [INFO] Epoch 124 | Train Loss: 0.5318 | Val Loss: 5.4741 | Val Acc: 0.5179
2025-06-21 15:56:34,090 [INFO] Epoch 125 | Train Loss: 0.4676 | Val Loss: 5.3155 | Val Acc: 0.4821
2025-06-21 15:56:34,261 [INFO] Epoch 126 | Train Loss: 0.4212 | Val Loss: 4.7673 | Val Acc: 0.5000
2025-06-21 15:56:34,435 [INFO] Epoch 127 | Train Loss: 1.0578 | Val Loss: 5.0542 | Val Acc: 0.4286
2025-06-21 15:56:34,775 [INFO] Epoch 128 | Train Loss: 0.4601 | Val Loss: 5.0395 | Val Acc: 0.4286
2025-06-21 15:56:35,154 [INFO] Epoch 129 | Train Loss: 0.5176 | Val Loss: 5.2371 | Val Acc: 0.4464
2025-06-21 15:56:35,683 [INFO] Epoch 130 | Train Loss: 0.5543 | Val Loss: 5.4674 | Val Acc: 0.4286
2025-06-21 15:56:39,010 [INFO] Epoch 131 | Train Loss: 1.1145 | Val Loss: 5.8145 | Val Acc: 0.5000
2025-06-21 15:56:39,724 [INFO] Epoch 132 | Train Loss: 0.5655 | Val Loss: 5.3485 | Val Acc: 0.5000
2025-06-21 15:56:40,079 [INFO] Epoch 133 | Train Loss: 0.6735 | Val Loss: 5.3728 | Val Acc: 0.4643
2025-06-21 15:56:40,561 [INFO] Epoch 134 | Train Loss: 0.9673 | Val Loss: 5.7736 | Val Acc: 0.4464
2025-06-21 15:56:41,237 [INFO] Epoch 135 | Train Loss: 0.6997 | Val Loss: 5.9938 | Val Acc: 0.4821
2025-06-21 15:56:41,781 [INFO] Epoch 136 | Train Loss: 0.3760 | Val Loss: 5.5197 | Val Acc: 0.4643
2025-06-21 15:56:42,268 [INFO] Epoch 137 | Train Loss: 0.5882 | Val Loss: 5.5523 | Val Acc: 0.4643
2025-06-21 15:56:42,665 [INFO] Epoch 138 | Train Loss: 1.0485 | Val Loss: 5.6463 | Val Acc: 0.4464
2025-06-21 15:56:42,953 [INFO] Epoch 139 | Train Loss: 0.5606 | Val Loss: 5.2914 | Val Acc: 0.4821
2025-06-21 15:56:43,108 [INFO] Epoch 140 | Train Loss: 0.8712 | Val Loss: 5.4056 | Val Acc: 0.5000
2025-06-21 15:56:43,543 [INFO] Epoch 141 | Train Loss: 0.5849 | Val Loss: 5.1733 | Val Acc: 0.5000
2025-06-21 15:56:43,637 [INFO] Epoch 142 | Train Loss: 0.7267 | Val Loss: 5.5654 | Val Acc: 0.4821
2025-06-21 15:56:43,734 [INFO] Epoch 143 | Train Loss: 1.1952 | Val Loss: 5.8138 | Val Acc: 0.5000
2025-06-21 15:56:43,829 [INFO] Epoch 144 | Train Loss: 0.6072 | Val Loss: 5.9041 | Val Acc: 0.4643
2025-06-21 15:56:43,937 [INFO] Epoch 145 | Train Loss: 0.9826 | Val Loss: 5.9478 | Val Acc: 0.4643
2025-06-21 15:56:44,065 [INFO] Epoch 146 | Train Loss: 0.9231 | Val Loss: 5.5209 | Val Acc: 0.5179
2025-06-21 15:56:44,215 [INFO] Epoch 147 | Train Loss: 0.6460 | Val Loss: 5.2868 | Val Acc: 0.4286
2025-06-21 15:56:44,378 [INFO] Epoch 148 | Train Loss: 1.0306 | Val Loss: 5.4106 | Val Acc: 0.3750
2025-06-21 15:56:44,631 [INFO] Epoch 149 | Train Loss: 0.6900 | Val Loss: 5.0791 | Val Acc: 0.4107
2025-06-21 15:56:44,954 [INFO] Epoch 150 | Train Loss: 0.1958 | Val Loss: 5.1749 | Val Acc: 0.4286
2025-06-21 15:56:47,921 [INFO] Epoch 151 | Train Loss: 0.8290 | Val Loss: 5.6224 | Val Acc: 0.4643
2025-06-21 15:56:48,256 [INFO] Epoch 152 | Train Loss: 0.6796 | Val Loss: 6.0396 | Val Acc: 0.4821
2025-06-21 15:56:48,634 [INFO] Epoch 153 | Train Loss: 0.8960 | Val Loss: 6.1044 | Val Acc: 0.4643
2025-06-21 15:56:49,242 [INFO] Epoch 154 | Train Loss: 0.5302 | Val Loss: 5.8853 | Val Acc: 0.4464
2025-06-21 15:56:49,929 [INFO] Epoch 155 | Train Loss: 0.8503 | Val Loss: 5.3702 | Val Acc: 0.4643
2025-06-21 15:56:50,625 [INFO] Epoch 156 | Train Loss: 0.7776 | Val Loss: 4.8823 | Val Acc: 0.4821
2025-06-21 15:56:50,935 [INFO] Epoch 157 | Train Loss: 0.8170 | Val Loss: 4.9876 | Val Acc: 0.4464
2025-06-21 15:56:51,062 [INFO] Epoch 158 | Train Loss: 0.6471 | Val Loss: 5.3093 | Val Acc: 0.5000
2025-06-21 15:56:51,166 [INFO] Epoch 159 | Train Loss: 0.7388 | Val Loss: 5.7250 | Val Acc: 0.4821
2025-06-21 15:56:51,273 [INFO] Epoch 160 | Train Loss: 0.5069 | Val Loss: 5.7816 | Val Acc: 0.4643
2025-06-21 15:56:51,732 [INFO] Epoch 161 | Train Loss: 0.6872 | Val Loss: 5.8404 | Val Acc: 0.4643
2025-06-21 15:56:51,843 [INFO] Epoch 162 | Train Loss: 0.8134 | Val Loss: 5.9037 | Val Acc: 0.3929
2025-06-21 15:56:51,943 [INFO] Epoch 163 | Train Loss: 0.6584 | Val Loss: 5.7303 | Val Acc: 0.4643
2025-06-21 15:56:52,059 [INFO] Epoch 164 | Train Loss: 1.1061 | Val Loss: 6.1006 | Val Acc: 0.4643
2025-06-21 15:56:52,183 [INFO] Epoch 165 | Train Loss: 0.3941 | Val Loss: 6.8404 | Val Acc: 0.4643
2025-06-21 15:56:52,329 [INFO] Epoch 166 | Train Loss: 0.4830 | Val Loss: 6.5076 | Val Acc: 0.4464
2025-06-21 15:56:52,480 [INFO] Epoch 167 | Train Loss: 0.2452 | Val Loss: 6.3975 | Val Acc: 0.4107
2025-06-21 15:56:52,808 [INFO] Epoch 168 | Train Loss: 0.6706 | Val Loss: 6.8595 | Val Acc: 0.4286
2025-06-21 15:56:53,121 [INFO] Epoch 169 | Train Loss: 0.5569 | Val Loss: 6.9628 | Val Acc: 0.3929
2025-06-21 15:56:53,474 [INFO] Epoch 170 | Train Loss: 0.6015 | Val Loss: 6.7024 | Val Acc: 0.4464
2025-06-21 15:56:56,213 [INFO] Epoch 171 | Train Loss: 0.5550 | Val Loss: 5.7025 | Val Acc: 0.4464
2025-06-21 15:56:56,742 [INFO] Epoch 172 | Train Loss: 0.6505 | Val Loss: 5.0234 | Val Acc: 0.5179
2025-06-21 15:56:57,488 [INFO] Epoch 173 | Train Loss: 0.5476 | Val Loss: 5.1532 | Val Acc: 0.5000
2025-06-21 15:56:58,171 [INFO] Epoch 174 | Train Loss: 0.4275 | Val Loss: 5.4836 | Val Acc: 0.5000
2025-06-21 15:56:58,684 [INFO] Epoch 175 | Train Loss: 0.3482 | Val Loss: 5.6699 | Val Acc: 0.4643
2025-06-21 15:56:59,002 [INFO] Epoch 176 | Train Loss: 0.7734 | Val Loss: 5.5691 | Val Acc: 0.5357
2025-06-21 15:56:59,134 [INFO] Epoch 177 | Train Loss: 0.3654 | Val Loss: 5.5242 | Val Acc: 0.5000
2025-06-21 15:56:59,253 [INFO] Epoch 178 | Train Loss: 0.6152 | Val Loss: 5.4801 | Val Acc: 0.5000
2025-06-21 15:56:59,363 [INFO] Epoch 179 | Train Loss: 0.9775 | Val Loss: 5.1223 | Val Acc: 0.5000
2025-06-21 15:56:59,461 [INFO] Epoch 180 | Train Loss: 0.4782 | Val Loss: 4.5775 | Val Acc: 0.4821
2025-06-21 15:56:59,907 [INFO] Epoch 181 | Train Loss: 0.7472 | Val Loss: 4.8507 | Val Acc: 0.4286
2025-06-21 15:57:00,036 [INFO] Epoch 182 | Train Loss: 1.0253 | Val Loss: 5.7222 | Val Acc: 0.4464
2025-06-21 15:57:00,149 [INFO] Epoch 183 | Train Loss: 0.4931 | Val Loss: 5.8904 | Val Acc: 0.4286
2025-06-21 15:57:00,279 [INFO] Epoch 184 | Train Loss: 0.3379 | Val Loss: 5.9965 | Val Acc: 0.3929
2025-06-21 15:57:00,456 [INFO] Epoch 185 | Train Loss: 0.4268 | Val Loss: 5.9301 | Val Acc: 0.3750
2025-06-21 15:57:00,651 [INFO] Epoch 186 | Train Loss: 1.0265 | Val Loss: 6.3755 | Val Acc: 0.4107
2025-06-21 15:57:04,409 [INFO] Epoch 187 | Train Loss: 0.9989 | Val Loss: 6.8696 | Val Acc: 0.3929
2025-06-21 15:57:05,355 [INFO] Epoch 188 | Train Loss: 0.5990 | Val Loss: 6.4678 | Val Acc: 0.4821
2025-06-21 15:57:07,567 [INFO] Epoch 189 | Train Loss: 0.6072 | Val Loss: 6.1275 | Val Acc: 0.4821
2025-06-21 15:57:07,986 [INFO] Epoch 190 | Train Loss: 0.6029 | Val Loss: 6.1699 | Val Acc: 0.4821
2025-06-21 15:57:08,562 [INFO] Epoch 191 | Train Loss: 0.4852 | Val Loss: 6.1978 | Val Acc: 0.4643
2025-06-21 15:57:08,676 [INFO] Epoch 192 | Train Loss: 0.7942 | Val Loss: 5.2617 | Val Acc: 0.4464
2025-06-21 15:57:08,687 [INFO] Early stopping at epoch 192 (no improvement in 150 epochs).
2025-06-21 15:57:08,698 [INFO] Best model saved to <built-in function time>/ENZYMES/best/best_source_gin.pth (Val Acc: 0.5357 at epoch 42)
2025-06-21 15:57:08,699 [INFO] Training/validation metrics saved to <built-in function time>/ENZYMES/GIN_0.0001/train_metrics.csv
2025-06-21 15:57:09,048 [INFO] Final training curves saved
2025-06-21 15:57:09,048 [INFO] Training completed!
2025-06-21 15:57:09,048 [INFO] Best validation accuracy: 0.5357
2025-06-21 15:57:09,048 [INFO] Best epoch: 42
2025-06-21 15:57:09,048 [INFO] Total epochs trained: 192
2025-06-21 15:57:09,050 [INFO] Starting training with parameters: (0.0001, 0.3, 256, 3, 400, 0.0)
