2025-06-20 18:25:11,784 [INFO] Using device: cpu
2025-06-20 18:25:11,784 [INFO] 开始创建数据加载器...
2025-06-20 18:25:11,787 [INFO] Successfully loaded dataset ENZYMES from ./data, total graphs: 600
2025-06-20 18:25:11,787 [INFO] Class allocation analysis:
2025-06-20 18:25:11,788 [INFO]   Source classes: [0, 1, 2, 3]
2025-06-20 18:25:11,788 [INFO]   Target classes: [0, 1, 2, 3, 4, 5]
2025-06-20 18:25:11,788 [INFO]   Overlap classes (to be split): [0, 1, 2, 3]
2025-06-20 18:25:11,788 [INFO]   Target novel classes (unknown): [4, 5]
2025-06-20 18:25:11,803 [INFO]   Class 0: 100 total -> Source: 70, Target: 30
2025-06-20 18:25:11,803 [INFO]   Class 1: 100 total -> Source: 70, Target: 30
2025-06-20 18:25:11,803 [INFO]   Class 2: 100 total -> Source: 70, Target: 30
2025-06-20 18:25:11,804 [INFO]   Class 3: 100 total -> Source: 70, Target: 30
2025-06-20 18:25:11,804 [INFO]   Class 4 (novel/unknown): 100 samples -> Target
2025-06-20 18:25:11,804 [INFO]   Class 5 (novel/unknown): 100 samples -> Target
2025-06-20 18:25:11,804 [INFO] Final allocation:
2025-06-20 18:25:11,804 [INFO]   Source domain: 280 samples
2025-06-20 18:25:11,804 [INFO]   Target domain: 320 samples
2025-06-20 18:25:11,805 [INFO] Source domain setup:
2025-06-20 18:25:11,805 [INFO]   Original classes: [0, 1, 2, 3]
2025-06-20 18:25:11,805 [INFO]   Overlap classes used: [0, 1, 2, 3]
2025-06-20 18:25:11,805 [INFO]   Label mapping: {0: 0, 1: 1, 2: 2, 3: 3}
2025-06-20 18:25:11,805 [INFO]   Total data after allocation: 280
2025-06-20 18:25:11,805 [INFO]   Data split - Train: 224, Val: 56
2025-06-20 18:25:11,805 [INFO]   Train label distribution: {0: 56, 1: 56, 3: 56, 2: 56}
2025-06-20 18:25:11,805 [INFO]   Val label distribution: {1: 14, 2: 14, 0: 14, 3: 14}
2025-06-20 18:25:11,807 [INFO] Successfully loaded dataset ENZYMES from ./data, total graphs: 600
2025-06-20 18:25:11,807 [INFO] Class allocation analysis:
2025-06-20 18:25:11,807 [INFO]   Source classes: [0, 1, 2, 3]
2025-06-20 18:25:11,807 [INFO]   Target classes: [0, 1, 2, 3, 4, 5]
2025-06-20 18:25:11,807 [INFO]   Overlap classes (to be split): [0, 1, 2, 3]
2025-06-20 18:25:11,807 [INFO]   Target novel classes (unknown): [4, 5]
2025-06-20 18:25:11,822 [INFO]   Class 0: 100 total -> Source: 70, Target: 30
2025-06-20 18:25:11,822 [INFO]   Class 1: 100 total -> Source: 70, Target: 30
2025-06-20 18:25:11,822 [INFO]   Class 2: 100 total -> Source: 70, Target: 30
2025-06-20 18:25:11,822 [INFO]   Class 3: 100 total -> Source: 70, Target: 30
2025-06-20 18:25:11,822 [INFO]   Class 4 (novel/unknown): 100 samples -> Target
2025-06-20 18:25:11,822 [INFO]   Class 5 (novel/unknown): 100 samples -> Target
2025-06-20 18:25:11,822 [INFO] Final allocation:
2025-06-20 18:25:11,822 [INFO]   Source domain: 280 samples
2025-06-20 18:25:11,822 [INFO]   Target domain: 320 samples
2025-06-20 18:25:11,824 [INFO] Target domain setup:
2025-06-20 18:25:11,824 [INFO]   Original classes: [0, 1, 2, 3, 4, 5]
2025-06-20 18:25:11,824 [INFO]   Overlap classes: [0, 1, 2, 3]
2025-06-20 18:25:11,824 [INFO]   Novel classes: [4, 5] -> mapped to unknown label 4
2025-06-20 18:25:11,824 [INFO]   Label mapping: {0: 0, 1: 1, 2: 2, 3: 3, 4: 4, 5: 4}
2025-06-20 18:25:11,824 [INFO]   Total data after allocation: 320
2025-06-20 18:25:11,824 [INFO]   Data split - Train: 256, Val: 64
2025-06-20 18:25:11,824 [INFO]   Total count: 320 (known: 120, unknown: 200)
2025-06-20 18:25:11,824 [INFO]   Total label distribution: {4: 200, 3: 30, 0: 30, 1: 30, 2: 30}
2025-06-20 18:25:11,824 [INFO]   Train label distribution: {4: 160, 0: 24, 2: 24, 3: 24, 1: 24}
2025-06-20 18:25:11,824 [INFO]   Val label distribution: {1: 6, 4: 40, 3: 6, 0: 6, 2: 6}
2025-06-20 18:25:11,825 [INFO] 数据加载器创建完成!
2025-06-20 18:25:11,825 [INFO] 源域类别数: 4 (重叠类别)
2025-06-20 18:25:11,825 [INFO] 目标域类别数: 5 (4个重叠类别 + 1个未知类别)
2025-06-20 18:25:11,825 [INFO] 重叠类别: [0, 1, 2, 3]
2025-06-20 18:25:11,825 [INFO] 目标域新类别: [4, 5]
2025-06-20 18:25:11,825 [INFO] Data allocation verification:
2025-06-20 18:25:11,825 [INFO]   Source data samples: 280
2025-06-20 18:25:11,825 [INFO]   Target data samples: 320
2025-06-20 18:25:11,825 [INFO]   Overlapping samples: 0
2025-06-20 18:25:11,825 [INFO]   ✓ Data allocation is correct - no overlapping samples
2025-06-20 18:25:11,830 [INFO] Model initialized with 1323524 parameters
2025-06-20 18:25:11,830 [INFO] Previous best validation accuracy read from record.txt: 0.6250
2025-06-20 18:25:11,830 [INFO] Starting training...
2025-06-20 18:25:11,951 [INFO] Epoch 001 | Train Loss: 11.5407 | Val Loss: 1.6084 | Val Acc: 0.2321
2025-06-20 18:25:12,095 [INFO] New best model at epoch 1 (Val Acc: 0.2321)
2025-06-20 18:25:12,214 [INFO] Epoch 002 | Train Loss: 5.8459 | Val Loss: 1.8986 | Val Acc: 0.2679
2025-06-20 18:25:12,238 [INFO] New best model at epoch 2 (Val Acc: 0.2679)
2025-06-20 18:25:12,350 [INFO] Epoch 003 | Train Loss: 4.0402 | Val Loss: 2.0917 | Val Acc: 0.3393
2025-06-20 18:25:12,373 [INFO] New best model at epoch 3 (Val Acc: 0.3393)
2025-06-20 18:25:12,493 [INFO] Epoch 004 | Train Loss: 3.3134 | Val Loss: 2.0044 | Val Acc: 0.3571
2025-06-20 18:25:12,515 [INFO] New best model at epoch 4 (Val Acc: 0.3571)
2025-06-20 18:25:12,620 [INFO] Epoch 005 | Train Loss: 3.2314 | Val Loss: 2.4612 | Val Acc: 0.3393
2025-06-20 18:25:12,747 [INFO] Epoch 006 | Train Loss: 2.4371 | Val Loss: 2.4303 | Val Acc: 0.3036
2025-06-20 18:25:12,872 [INFO] Epoch 007 | Train Loss: 2.1860 | Val Loss: 3.4806 | Val Acc: 0.3750
2025-06-20 18:25:12,895 [INFO] New best model at epoch 7 (Val Acc: 0.3750)
2025-06-20 18:25:13,009 [INFO] Epoch 008 | Train Loss: 2.3815 | Val Loss: 2.6792 | Val Acc: 0.3929
2025-06-20 18:25:13,031 [INFO] New best model at epoch 8 (Val Acc: 0.3929)
2025-06-20 18:25:13,139 [INFO] Epoch 009 | Train Loss: 2.5669 | Val Loss: 3.3398 | Val Acc: 0.3393
2025-06-20 18:25:13,274 [INFO] Epoch 010 | Train Loss: 2.2142 | Val Loss: 3.2283 | Val Acc: 0.4107
2025-06-20 18:25:13,447 [INFO] New best model at epoch 10 (Val Acc: 0.4107)
2025-06-20 18:25:13,574 [INFO] Epoch 011 | Train Loss: 2.5940 | Val Loss: 3.0869 | Val Acc: 0.3571
2025-06-20 18:25:13,714 [INFO] Epoch 012 | Train Loss: 2.4695 | Val Loss: 3.5068 | Val Acc: 0.3571
2025-06-20 18:25:13,844 [INFO] Epoch 013 | Train Loss: 2.1482 | Val Loss: 3.3684 | Val Acc: 0.3571
2025-06-20 18:25:13,969 [INFO] Epoch 014 | Train Loss: 2.2145 | Val Loss: 3.0300 | Val Acc: 0.3571
2025-06-20 18:25:14,094 [INFO] Epoch 015 | Train Loss: 1.9678 | Val Loss: 4.5105 | Val Acc: 0.2857
2025-06-20 18:25:14,219 [INFO] Epoch 016 | Train Loss: 1.7987 | Val Loss: 4.0629 | Val Acc: 0.3750
2025-06-20 18:25:14,343 [INFO] Epoch 017 | Train Loss: 2.1752 | Val Loss: 3.2696 | Val Acc: 0.3929
2025-06-20 18:25:14,467 [INFO] Epoch 018 | Train Loss: 2.3789 | Val Loss: 3.3504 | Val Acc: 0.4464
2025-06-20 18:25:14,491 [INFO] New best model at epoch 18 (Val Acc: 0.4464)
2025-06-20 18:25:14,596 [INFO] Epoch 019 | Train Loss: 2.3490 | Val Loss: 3.3517 | Val Acc: 0.4464
2025-06-20 18:25:14,716 [INFO] Epoch 020 | Train Loss: 2.2261 | Val Loss: 3.5559 | Val Acc: 0.4643
2025-06-20 18:25:14,867 [INFO] New best model at epoch 20 (Val Acc: 0.4643)
2025-06-20 18:25:14,987 [INFO] Epoch 021 | Train Loss: 1.3963 | Val Loss: 2.4648 | Val Acc: 0.5357
2025-06-20 18:25:15,009 [INFO] New best model at epoch 21 (Val Acc: 0.5357)
2025-06-20 18:25:15,125 [INFO] Epoch 022 | Train Loss: 2.0507 | Val Loss: 3.5410 | Val Acc: 0.4107
2025-06-20 18:25:15,251 [INFO] Epoch 023 | Train Loss: 1.7122 | Val Loss: 4.2196 | Val Acc: 0.4286
2025-06-20 18:25:15,379 [INFO] Epoch 024 | Train Loss: 1.2679 | Val Loss: 4.3365 | Val Acc: 0.4821
2025-06-20 18:25:15,516 [INFO] Epoch 025 | Train Loss: 1.4403 | Val Loss: 4.6903 | Val Acc: 0.4107
2025-06-20 18:25:15,645 [INFO] Epoch 026 | Train Loss: 1.0533 | Val Loss: 4.7709 | Val Acc: 0.4107
2025-06-20 18:25:15,772 [INFO] Epoch 027 | Train Loss: 1.3940 | Val Loss: 4.7088 | Val Acc: 0.4107
2025-06-20 18:25:15,903 [INFO] Epoch 028 | Train Loss: 1.1738 | Val Loss: 4.4017 | Val Acc: 0.4286
2025-06-20 18:25:16,071 [INFO] Epoch 029 | Train Loss: 1.1958 | Val Loss: 4.1430 | Val Acc: 0.4286
2025-06-20 18:25:16,205 [INFO] Epoch 030 | Train Loss: 1.3453 | Val Loss: 5.5250 | Val Acc: 0.3036
2025-06-20 18:25:16,489 [INFO] Epoch 031 | Train Loss: 1.2243 | Val Loss: 4.8969 | Val Acc: 0.3929
2025-06-20 18:25:16,627 [INFO] Epoch 032 | Train Loss: 1.3295 | Val Loss: 5.3814 | Val Acc: 0.4286
2025-06-20 18:25:16,764 [INFO] Epoch 033 | Train Loss: 1.4754 | Val Loss: 5.6249 | Val Acc: 0.5000
2025-06-20 18:25:16,908 [INFO] Epoch 034 | Train Loss: 1.1470 | Val Loss: 5.1564 | Val Acc: 0.4821
2025-06-20 18:25:17,039 [INFO] Epoch 035 | Train Loss: 1.3210 | Val Loss: 4.7630 | Val Acc: 0.4286
2025-06-20 18:25:17,179 [INFO] Epoch 036 | Train Loss: 1.2039 | Val Loss: 4.9971 | Val Acc: 0.4107
2025-06-20 18:25:17,321 [INFO] Epoch 037 | Train Loss: 1.4469 | Val Loss: 3.9725 | Val Acc: 0.5000
2025-06-20 18:25:17,457 [INFO] Epoch 038 | Train Loss: 0.7874 | Val Loss: 4.6879 | Val Acc: 0.4643
2025-06-20 18:25:17,592 [INFO] Epoch 039 | Train Loss: 1.0418 | Val Loss: 5.0084 | Val Acc: 0.4643
2025-06-20 18:25:17,725 [INFO] Epoch 040 | Train Loss: 0.8424 | Val Loss: 4.3713 | Val Acc: 0.4643
2025-06-20 18:25:18,078 [INFO] Epoch 041 | Train Loss: 0.7672 | Val Loss: 4.8143 | Val Acc: 0.4286
2025-06-20 18:25:18,212 [INFO] Epoch 042 | Train Loss: 0.7648 | Val Loss: 4.9243 | Val Acc: 0.4107
2025-06-20 18:25:18,346 [INFO] Epoch 043 | Train Loss: 1.0717 | Val Loss: 4.9114 | Val Acc: 0.3929
2025-06-20 18:25:18,475 [INFO] Epoch 044 | Train Loss: 0.9063 | Val Loss: 4.0773 | Val Acc: 0.5179
2025-06-20 18:25:18,602 [INFO] Epoch 045 | Train Loss: 0.9659 | Val Loss: 4.2834 | Val Acc: 0.5179
2025-06-20 18:25:18,732 [INFO] Epoch 046 | Train Loss: 0.7620 | Val Loss: 4.4180 | Val Acc: 0.4643
2025-06-20 18:25:18,865 [INFO] Epoch 047 | Train Loss: 1.3021 | Val Loss: 4.4764 | Val Acc: 0.4464
2025-06-20 18:25:18,993 [INFO] Epoch 048 | Train Loss: 0.9813 | Val Loss: 5.1628 | Val Acc: 0.4464
2025-06-20 18:25:19,120 [INFO] Epoch 049 | Train Loss: 0.9240 | Val Loss: 5.1974 | Val Acc: 0.4107
2025-06-20 18:25:19,254 [INFO] Epoch 050 | Train Loss: 0.9236 | Val Loss: 5.5483 | Val Acc: 0.3214
2025-06-20 18:25:19,532 [INFO] Epoch 051 | Train Loss: 0.8717 | Val Loss: 5.5522 | Val Acc: 0.3571
2025-06-20 18:25:19,676 [INFO] Epoch 052 | Train Loss: 0.8063 | Val Loss: 4.9048 | Val Acc: 0.4643
2025-06-20 18:25:19,809 [INFO] Epoch 053 | Train Loss: 0.6470 | Val Loss: 5.0327 | Val Acc: 0.4821
2025-06-20 18:25:19,958 [INFO] Epoch 054 | Train Loss: 0.6059 | Val Loss: 4.5401 | Val Acc: 0.4821
2025-06-20 18:25:20,096 [INFO] Epoch 055 | Train Loss: 0.4701 | Val Loss: 4.1968 | Val Acc: 0.5179
2025-06-20 18:25:20,231 [INFO] Epoch 056 | Train Loss: 0.6741 | Val Loss: 4.3018 | Val Acc: 0.4643
2025-06-20 18:25:20,367 [INFO] Epoch 057 | Train Loss: 0.5322 | Val Loss: 4.1512 | Val Acc: 0.4286
2025-06-20 18:25:20,501 [INFO] Epoch 058 | Train Loss: 0.5865 | Val Loss: 5.1263 | Val Acc: 0.4286
2025-06-20 18:25:20,633 [INFO] Epoch 059 | Train Loss: 0.5805 | Val Loss: 4.6581 | Val Acc: 0.4643
2025-06-20 18:25:20,761 [INFO] Epoch 060 | Train Loss: 0.6924 | Val Loss: 4.3845 | Val Acc: 0.3929
2025-06-20 18:25:21,112 [INFO] Epoch 061 | Train Loss: 0.4601 | Val Loss: 4.7335 | Val Acc: 0.4643
2025-06-20 18:25:21,240 [INFO] Epoch 062 | Train Loss: 0.8930 | Val Loss: 4.0148 | Val Acc: 0.4643
2025-06-20 18:25:21,370 [INFO] Epoch 063 | Train Loss: 0.4883 | Val Loss: 4.2049 | Val Acc: 0.4821
2025-06-20 18:25:21,497 [INFO] Epoch 064 | Train Loss: 0.6185 | Val Loss: 4.3496 | Val Acc: 0.5179
2025-06-20 18:25:21,622 [INFO] Epoch 065 | Train Loss: 0.4289 | Val Loss: 4.1769 | Val Acc: 0.5000
2025-06-20 18:25:21,750 [INFO] Epoch 066 | Train Loss: 0.5353 | Val Loss: 3.9916 | Val Acc: 0.4821
2025-06-20 18:25:21,887 [INFO] Epoch 067 | Train Loss: 0.8676 | Val Loss: 4.6010 | Val Acc: 0.4286
2025-06-20 18:25:22,021 [INFO] Epoch 068 | Train Loss: 0.8479 | Val Loss: 4.5584 | Val Acc: 0.5000
2025-06-20 18:25:22,150 [INFO] Epoch 069 | Train Loss: 0.6928 | Val Loss: 4.0263 | Val Acc: 0.5000
2025-06-20 18:25:22,291 [INFO] Epoch 070 | Train Loss: 0.5930 | Val Loss: 4.1512 | Val Acc: 0.4643
2025-06-20 18:25:22,585 [INFO] Epoch 071 | Train Loss: 0.7351 | Val Loss: 4.9059 | Val Acc: 0.4286
2025-06-20 18:25:22,720 [INFO] Epoch 072 | Train Loss: 1.0940 | Val Loss: 4.3696 | Val Acc: 0.5179
2025-06-20 18:25:22,858 [INFO] Epoch 073 | Train Loss: 0.6416 | Val Loss: 5.8617 | Val Acc: 0.3750
2025-06-20 18:25:23,001 [INFO] Epoch 074 | Train Loss: 0.5865 | Val Loss: 4.4555 | Val Acc: 0.4821
2025-06-20 18:25:23,134 [INFO] Epoch 075 | Train Loss: 0.5286 | Val Loss: 5.1675 | Val Acc: 0.4107
2025-06-20 18:25:23,262 [INFO] Epoch 076 | Train Loss: 0.7761 | Val Loss: 4.6717 | Val Acc: 0.4464
2025-06-20 18:25:23,394 [INFO] Epoch 077 | Train Loss: 0.4649 | Val Loss: 5.1052 | Val Acc: 0.4821
2025-06-20 18:25:23,552 [INFO] Epoch 078 | Train Loss: 0.7640 | Val Loss: 4.6690 | Val Acc: 0.4821
2025-06-20 18:25:23,698 [INFO] Epoch 079 | Train Loss: 0.5380 | Val Loss: 5.5696 | Val Acc: 0.3929
2025-06-20 18:25:23,829 [INFO] Epoch 080 | Train Loss: 0.7997 | Val Loss: 4.8563 | Val Acc: 0.4643
2025-06-20 18:25:24,116 [INFO] Epoch 081 | Train Loss: 0.4580 | Val Loss: 5.6703 | Val Acc: 0.3750
2025-06-20 18:25:24,284 [INFO] Epoch 082 | Train Loss: 0.5801 | Val Loss: 5.0464 | Val Acc: 0.4286
2025-06-20 18:25:24,441 [INFO] Epoch 083 | Train Loss: 0.6197 | Val Loss: 5.1219 | Val Acc: 0.3750
2025-06-20 18:25:24,602 [INFO] Epoch 084 | Train Loss: 0.5985 | Val Loss: 5.1345 | Val Acc: 0.3929
2025-06-20 18:25:24,734 [INFO] Epoch 085 | Train Loss: 0.4597 | Val Loss: 4.8355 | Val Acc: 0.3929
2025-06-20 18:25:24,881 [INFO] Epoch 086 | Train Loss: 0.5790 | Val Loss: 4.6507 | Val Acc: 0.3929
2025-06-20 18:25:25,009 [INFO] Epoch 087 | Train Loss: 0.6280 | Val Loss: 4.9568 | Val Acc: 0.4464
2025-06-20 18:25:25,151 [INFO] Epoch 088 | Train Loss: 0.6967 | Val Loss: 5.3361 | Val Acc: 0.4464
2025-06-20 18:25:25,287 [INFO] Epoch 089 | Train Loss: 0.2823 | Val Loss: 5.0370 | Val Acc: 0.3750
2025-06-20 18:25:25,436 [INFO] Epoch 090 | Train Loss: 0.4877 | Val Loss: 4.5281 | Val Acc: 0.4821
2025-06-20 18:25:25,740 [INFO] Epoch 091 | Train Loss: 0.3116 | Val Loss: 4.1747 | Val Acc: 0.5179
2025-06-20 18:25:25,907 [INFO] Epoch 092 | Train Loss: 0.3861 | Val Loss: 4.8932 | Val Acc: 0.4643
2025-06-20 18:25:26,048 [INFO] Epoch 093 | Train Loss: 0.4505 | Val Loss: 5.0054 | Val Acc: 0.4821
2025-06-20 18:25:26,230 [INFO] Epoch 094 | Train Loss: 0.3786 | Val Loss: 4.8495 | Val Acc: 0.4286
2025-06-20 18:25:26,448 [INFO] Epoch 095 | Train Loss: 0.4732 | Val Loss: 4.8433 | Val Acc: 0.4107
2025-06-20 18:25:26,611 [INFO] Epoch 096 | Train Loss: 0.6175 | Val Loss: 4.8916 | Val Acc: 0.4821
2025-06-20 18:25:26,775 [INFO] Epoch 097 | Train Loss: 0.6403 | Val Loss: 5.3460 | Val Acc: 0.4286
2025-06-20 18:25:26,920 [INFO] Epoch 098 | Train Loss: 0.4069 | Val Loss: 6.6245 | Val Acc: 0.3750
2025-06-20 18:25:27,094 [INFO] Epoch 099 | Train Loss: 0.6453 | Val Loss: 5.0030 | Val Acc: 0.3929
2025-06-20 18:25:27,285 [INFO] Epoch 100 | Train Loss: 0.4771 | Val Loss: 5.1356 | Val Acc: 0.4821
2025-06-20 18:25:27,575 [INFO] Epoch 101 | Train Loss: 0.7118 | Val Loss: 5.1606 | Val Acc: 0.4643
2025-06-20 18:25:27,715 [INFO] Epoch 102 | Train Loss: 0.5148 | Val Loss: 5.1993 | Val Acc: 0.4107
2025-06-20 18:25:27,847 [INFO] Epoch 103 | Train Loss: 0.4407 | Val Loss: 5.9835 | Val Acc: 0.3929
2025-06-20 18:25:27,982 [INFO] Epoch 104 | Train Loss: 0.4639 | Val Loss: 5.2644 | Val Acc: 0.3929
2025-06-20 18:25:28,108 [INFO] Epoch 105 | Train Loss: 0.7802 | Val Loss: 6.0626 | Val Acc: 0.4464
2025-06-20 18:25:28,236 [INFO] Epoch 106 | Train Loss: 0.3361 | Val Loss: 5.8933 | Val Acc: 0.4643
2025-06-20 18:25:28,358 [INFO] Epoch 107 | Train Loss: 0.5877 | Val Loss: 4.5085 | Val Acc: 0.5179
2025-06-20 18:25:28,514 [INFO] Epoch 108 | Train Loss: 0.4714 | Val Loss: 5.7588 | Val Acc: 0.3929
2025-06-20 18:25:28,688 [INFO] Epoch 109 | Train Loss: 0.4474 | Val Loss: 6.1033 | Val Acc: 0.3750
2025-06-20 18:25:28,821 [INFO] Epoch 110 | Train Loss: 0.4054 | Val Loss: 5.1027 | Val Acc: 0.4286
2025-06-20 18:25:29,117 [INFO] Epoch 111 | Train Loss: 0.4210 | Val Loss: 5.2414 | Val Acc: 0.4643
2025-06-20 18:25:29,248 [INFO] Epoch 112 | Train Loss: 0.4027 | Val Loss: 5.4391 | Val Acc: 0.4643
2025-06-20 18:25:29,383 [INFO] Epoch 113 | Train Loss: 0.4387 | Val Loss: 6.1068 | Val Acc: 0.4821
2025-06-20 18:25:29,521 [INFO] Epoch 114 | Train Loss: 0.4628 | Val Loss: 5.9717 | Val Acc: 0.4821
2025-06-20 18:25:29,652 [INFO] Epoch 115 | Train Loss: 0.2632 | Val Loss: 5.5883 | Val Acc: 0.5179
2025-06-20 18:25:29,783 [INFO] Epoch 116 | Train Loss: 0.7294 | Val Loss: 5.5354 | Val Acc: 0.5179
2025-06-20 18:25:30,002 [INFO] Epoch 117 | Train Loss: 0.4791 | Val Loss: 5.4439 | Val Acc: 0.4286
2025-06-20 18:25:30,153 [INFO] Epoch 118 | Train Loss: 0.3106 | Val Loss: 5.4417 | Val Acc: 0.4107
2025-06-20 18:25:30,301 [INFO] Epoch 119 | Train Loss: 0.2188 | Val Loss: 5.1461 | Val Acc: 0.4286
2025-06-20 18:25:30,429 [INFO] Epoch 120 | Train Loss: 0.5334 | Val Loss: 5.1478 | Val Acc: 0.5000
2025-06-20 18:25:30,733 [INFO] Epoch 121 | Train Loss: 0.5205 | Val Loss: 5.3210 | Val Acc: 0.4821
2025-06-20 18:25:30,917 [INFO] Epoch 122 | Train Loss: 0.2822 | Val Loss: 5.0188 | Val Acc: 0.4821
2025-06-20 18:25:31,056 [INFO] Epoch 123 | Train Loss: 0.4133 | Val Loss: 4.7578 | Val Acc: 0.5179
2025-06-20 18:25:31,221 [INFO] Epoch 124 | Train Loss: 0.1821 | Val Loss: 4.5881 | Val Acc: 0.5000
2025-06-20 18:25:31,362 [INFO] Epoch 125 | Train Loss: 0.3086 | Val Loss: 4.8667 | Val Acc: 0.4643
2025-06-20 18:25:31,501 [INFO] Epoch 126 | Train Loss: 0.2421 | Val Loss: 5.0832 | Val Acc: 0.4286
2025-06-20 18:25:31,632 [INFO] Epoch 127 | Train Loss: 0.1369 | Val Loss: 5.3874 | Val Acc: 0.4107
2025-06-20 18:25:31,816 [INFO] Epoch 128 | Train Loss: 0.2865 | Val Loss: 5.4449 | Val Acc: 0.4286
2025-06-20 18:25:31,977 [INFO] Epoch 129 | Train Loss: 0.2323 | Val Loss: 5.3786 | Val Acc: 0.4286
2025-06-20 18:25:32,119 [INFO] Epoch 130 | Train Loss: 0.2394 | Val Loss: 5.1245 | Val Acc: 0.5000
2025-06-20 18:25:32,430 [INFO] Epoch 131 | Train Loss: 0.2430 | Val Loss: 5.5339 | Val Acc: 0.4643
2025-06-20 18:25:32,576 [INFO] Epoch 132 | Train Loss: 0.3299 | Val Loss: 6.2042 | Val Acc: 0.4286
2025-06-20 18:25:32,716 [INFO] Epoch 133 | Train Loss: 0.6507 | Val Loss: 5.4639 | Val Acc: 0.3750
2025-06-20 18:25:32,849 [INFO] Epoch 134 | Train Loss: 0.2596 | Val Loss: 4.8298 | Val Acc: 0.4107
2025-06-20 18:25:32,966 [INFO] Epoch 135 | Train Loss: 0.3750 | Val Loss: 4.7680 | Val Acc: 0.4643
2025-06-20 18:25:33,093 [INFO] Epoch 136 | Train Loss: 0.2853 | Val Loss: 5.1270 | Val Acc: 0.4464
2025-06-20 18:25:33,225 [INFO] Epoch 137 | Train Loss: 0.5069 | Val Loss: 5.8492 | Val Acc: 0.3214
2025-06-20 18:25:33,356 [INFO] Epoch 138 | Train Loss: 0.4215 | Val Loss: 5.8931 | Val Acc: 0.4286
2025-06-20 18:25:33,480 [INFO] Epoch 139 | Train Loss: 0.2538 | Val Loss: 5.6441 | Val Acc: 0.5000
2025-06-20 18:25:33,609 [INFO] Epoch 140 | Train Loss: 0.2588 | Val Loss: 5.3521 | Val Acc: 0.4821
2025-06-20 18:25:33,909 [INFO] Epoch 141 | Train Loss: 0.2098 | Val Loss: 4.7905 | Val Acc: 0.4821
2025-06-20 18:25:34,076 [INFO] Epoch 142 | Train Loss: 0.3418 | Val Loss: 4.5847 | Val Acc: 0.5000
2025-06-20 18:25:34,235 [INFO] Epoch 143 | Train Loss: 0.3332 | Val Loss: 5.0211 | Val Acc: 0.4821
2025-06-20 18:25:34,385 [INFO] Epoch 144 | Train Loss: 0.2410 | Val Loss: 5.4087 | Val Acc: 0.4464
2025-06-20 18:25:34,532 [INFO] Epoch 145 | Train Loss: 0.3652 | Val Loss: 5.5679 | Val Acc: 0.3929
2025-06-20 18:25:34,666 [INFO] Epoch 146 | Train Loss: 0.4297 | Val Loss: 5.2112 | Val Acc: 0.4286
2025-06-20 18:25:34,807 [INFO] Epoch 147 | Train Loss: 0.2420 | Val Loss: 5.3280 | Val Acc: 0.4286
2025-06-20 18:25:34,946 [INFO] Epoch 148 | Train Loss: 0.1652 | Val Loss: 5.5931 | Val Acc: 0.5000
2025-06-20 18:25:35,083 [INFO] Epoch 149 | Train Loss: 0.0979 | Val Loss: 6.2690 | Val Acc: 0.4464
2025-06-20 18:25:35,212 [INFO] Epoch 150 | Train Loss: 0.1587 | Val Loss: 6.4472 | Val Acc: 0.4286
2025-06-20 18:25:35,465 [INFO] Best model saved to <built-in function time>/ENZYMES/best/best_source_gin.pth (Val Acc: 0.5357 at epoch 21)
2025-06-20 18:25:35,466 [INFO] Training/validation metrics saved to <built-in function time>/ENZYMES/GIN_0.0001/train_metrics.csv
2025-06-20 18:25:35,736 [INFO] Final training curves saved
2025-06-20 18:25:35,736 [INFO] Training completed!
2025-06-20 18:25:35,736 [INFO] Best validation accuracy: 0.5357
2025-06-20 18:25:35,736 [INFO] Best epoch: 21
2025-06-20 18:25:35,736 [INFO] Total epochs trained: 150
2025-06-20 18:25:35,737 [INFO] Starting training with parameters: (0.0001, 0.1, 512, 3, 150, 0.0001)
