2025-06-23 09:59:53,859 [INFO] Using device: cpu
2025-06-23 09:59:53,859 [INFO] 开始创建数据加载器...
2025-06-23 09:59:53,863 [INFO] Successfully loaded dataset ENZYMES from ./data, total graphs: 600
2025-06-23 09:59:53,863 [INFO] Class allocation analysis:
2025-06-23 09:59:53,863 [INFO]   Source classes: [0, 1, 2, 3]
2025-06-23 09:59:53,863 [INFO]   Target classes: [0, 1, 2, 3, 4, 5]
2025-06-23 09:59:53,863 [INFO]   Overlap classes (to be split): [0, 1, 2, 3]
2025-06-23 09:59:53,863 [INFO]   Target novel classes (unknown): [4, 5]
2025-06-23 09:59:53,876 [INFO]   Class 0: 100 total -> Source: 70, Target: 30
2025-06-23 09:59:53,876 [INFO]   Class 1: 100 total -> Source: 70, Target: 30
2025-06-23 09:59:53,877 [INFO]   Class 2: 100 total -> Source: 70, Target: 30
2025-06-23 09:59:53,877 [INFO]   Class 3: 100 total -> Source: 70, Target: 30
2025-06-23 09:59:53,877 [INFO]   Class 4 (novel/unknown): 100 samples -> Target
2025-06-23 09:59:53,877 [INFO]   Class 5 (novel/unknown): 100 samples -> Target
2025-06-23 09:59:53,877 [INFO] Final allocation:
2025-06-23 09:59:53,877 [INFO]   Source domain: 280 samples
2025-06-23 09:59:53,877 [INFO]   Target domain: 320 samples
2025-06-23 09:59:53,878 [INFO] Source domain setup:
2025-06-23 09:59:53,878 [INFO]   Original classes: [0, 1, 2, 3]
2025-06-23 09:59:53,878 [INFO]   Overlap classes used: [0, 1, 2, 3]
2025-06-23 09:59:53,878 [INFO]   Label mapping: {0: 0, 1: 1, 2: 2, 3: 3}
2025-06-23 09:59:53,878 [INFO]   Total data after allocation: 280
2025-06-23 09:59:53,878 [INFO]   Data split - Train: 224, Val: 56
2025-06-23 09:59:53,878 [INFO]   Train label distribution: {0: 56, 1: 56, 3: 56, 2: 56}
2025-06-23 09:59:53,878 [INFO]   Val label distribution: {1: 14, 2: 14, 0: 14, 3: 14}
2025-06-23 09:59:53,880 [INFO] Successfully loaded dataset ENZYMES from ./data, total graphs: 600
2025-06-23 09:59:53,880 [INFO] Class allocation analysis:
2025-06-23 09:59:53,880 [INFO]   Source classes: [0, 1, 2, 3]
2025-06-23 09:59:53,880 [INFO]   Target classes: [0, 1, 2, 3, 4, 5]
2025-06-23 09:59:53,880 [INFO]   Overlap classes (to be split): [0, 1, 2, 3]
2025-06-23 09:59:53,880 [INFO]   Target novel classes (unknown): [4, 5]
2025-06-23 09:59:53,893 [INFO]   Class 0: 100 total -> Source: 70, Target: 30
2025-06-23 09:59:53,894 [INFO]   Class 1: 100 total -> Source: 70, Target: 30
2025-06-23 09:59:53,894 [INFO]   Class 2: 100 total -> Source: 70, Target: 30
2025-06-23 09:59:53,894 [INFO]   Class 3: 100 total -> Source: 70, Target: 30
2025-06-23 09:59:53,894 [INFO]   Class 4 (novel/unknown): 100 samples -> Target
2025-06-23 09:59:53,894 [INFO]   Class 5 (novel/unknown): 100 samples -> Target
2025-06-23 09:59:53,894 [INFO] Final allocation:
2025-06-23 09:59:53,894 [INFO]   Source domain: 280 samples
2025-06-23 09:59:53,894 [INFO]   Target domain: 320 samples
2025-06-23 09:59:53,896 [INFO] Target domain setup:
2025-06-23 09:59:53,896 [INFO]   Original classes: [0, 1, 2, 3, 4, 5]
2025-06-23 09:59:53,896 [INFO]   Overlap classes: [0, 1, 2, 3]
2025-06-23 09:59:53,896 [INFO]   Novel classes: [4, 5] -> mapped to unknown label 4
2025-06-23 09:59:53,896 [INFO]   Label mapping: {0: 0, 1: 1, 2: 2, 3: 3, 4: 4, 5: 4}
2025-06-23 09:59:53,896 [INFO]   Total data after allocation: 320
2025-06-23 09:59:53,896 [INFO]   Data split - Train: 256, Val: 64
2025-06-23 09:59:53,896 [INFO]   Total count: 320 (known: 120, unknown: 200)
2025-06-23 09:59:53,896 [INFO]   Total label distribution: {4: 200, 3: 30, 0: 30, 1: 30, 2: 30}
2025-06-23 09:59:53,896 [INFO]   Train label distribution: {4: 160, 0: 24, 2: 24, 3: 24, 1: 24}
2025-06-23 09:59:53,896 [INFO]   Val label distribution: {1: 6, 4: 40, 3: 6, 0: 6, 2: 6}
2025-06-23 09:59:53,896 [INFO] 数据加载器创建完成!
2025-06-23 09:59:53,896 [INFO] 源域类别数: 4 (重叠类别)
2025-06-23 09:59:53,896 [INFO] 目标域类别数: 5 (4个重叠类别 + 1个未知类别)
2025-06-23 09:59:53,896 [INFO] 重叠类别: [0, 1, 2, 3]
2025-06-23 09:59:53,896 [INFO] 目标域新类别: [4, 5]
2025-06-23 09:59:53,896 [INFO] Data allocation verification:
2025-06-23 09:59:53,896 [INFO]   Source data samples: 280
2025-06-23 09:59:53,896 [INFO]   Target data samples: 320
2025-06-23 09:59:53,896 [INFO]   Overlapping samples: 0
2025-06-23 09:59:53,896 [INFO]   ✓ Data allocation is correct - no overlapping samples
2025-06-23 09:59:53,898 [INFO] Model initialized with 8164 parameters
2025-06-23 09:59:53,899 [INFO] Previous best validation accuracy read from record.txt: 0.6429
2025-06-23 09:59:53,899 [INFO] Starting training...
2025-06-23 09:59:53,928 [INFO] Epoch 001 | Train Loss: 7.9414 | Val Loss: 1.4513 | Val Acc: 0.3929
2025-06-23 09:59:54,999 [INFO] New best model at epoch 1 (Val Acc: 0.3929)
2025-06-23 09:59:55,033 [INFO] Epoch 002 | Train Loss: 5.3138 | Val Loss: 1.7208 | Val Acc: 0.3214
2025-06-23 09:59:55,065 [INFO] Epoch 003 | Train Loss: 3.6851 | Val Loss: 3.0369 | Val Acc: 0.3571
2025-06-23 09:59:55,096 [INFO] Epoch 004 | Train Loss: 3.0340 | Val Loss: 5.4069 | Val Acc: 0.2679
2025-06-23 09:59:55,121 [INFO] Epoch 005 | Train Loss: 2.7636 | Val Loss: 4.7242 | Val Acc: 0.2143
2025-06-23 09:59:55,148 [INFO] Epoch 006 | Train Loss: 2.6454 | Val Loss: 2.6542 | Val Acc: 0.2679
2025-06-23 09:59:55,172 [INFO] Epoch 007 | Train Loss: 2.2078 | Val Loss: 2.7544 | Val Acc: 0.3214
2025-06-23 09:59:55,196 [INFO] Epoch 008 | Train Loss: 2.2288 | Val Loss: 1.7018 | Val Acc: 0.3929
2025-06-23 09:59:55,220 [INFO] Epoch 009 | Train Loss: 1.8456 | Val Loss: 1.8845 | Val Acc: 0.3393
2025-06-23 09:59:55,247 [INFO] Epoch 010 | Train Loss: 1.9003 | Val Loss: 2.0019 | Val Acc: 0.3393
2025-06-23 09:59:58,367 [INFO] Epoch 011 | Train Loss: 1.6534 | Val Loss: 1.6475 | Val Acc: 0.3214
2025-06-23 09:59:58,400 [INFO] Epoch 012 | Train Loss: 1.4581 | Val Loss: 1.4459 | Val Acc: 0.3750
2025-06-23 09:59:58,428 [INFO] Epoch 013 | Train Loss: 1.4037 | Val Loss: 1.3671 | Val Acc: 0.3571
2025-06-23 09:59:58,453 [INFO] Epoch 014 | Train Loss: 1.5650 | Val Loss: 1.6156 | Val Acc: 0.3750
2025-06-23 09:59:58,479 [INFO] Epoch 015 | Train Loss: 1.4287 | Val Loss: 1.4560 | Val Acc: 0.3393
2025-06-23 09:59:58,509 [INFO] Epoch 016 | Train Loss: 1.4631 | Val Loss: 1.6679 | Val Acc: 0.3036
2025-06-23 09:59:58,547 [INFO] Epoch 017 | Train Loss: 1.3316 | Val Loss: 1.5330 | Val Acc: 0.3393
2025-06-23 09:59:58,580 [INFO] Epoch 018 | Train Loss: 1.8399 | Val Loss: 1.6985 | Val Acc: 0.3393
2025-06-23 09:59:58,608 [INFO] Epoch 019 | Train Loss: 1.4687 | Val Loss: 1.7422 | Val Acc: 0.3214
2025-06-23 09:59:58,636 [INFO] Epoch 020 | Train Loss: 1.3696 | Val Loss: 1.3797 | Val Acc: 0.3929
2025-06-23 09:59:59,774 [INFO] Epoch 021 | Train Loss: 1.4263 | Val Loss: 1.4060 | Val Acc: 0.4286
2025-06-23 09:59:59,779 [INFO] New best model at epoch 21 (Val Acc: 0.4286)
2025-06-23 09:59:59,800 [INFO] Epoch 022 | Train Loss: 1.2404 | Val Loss: 1.6884 | Val Acc: 0.3571
2025-06-23 09:59:59,825 [INFO] Epoch 023 | Train Loss: 1.3364 | Val Loss: 1.5638 | Val Acc: 0.2679
2025-06-23 09:59:59,855 [INFO] Epoch 024 | Train Loss: 1.4280 | Val Loss: 1.4260 | Val Acc: 0.2857
2025-06-23 09:59:59,899 [INFO] Epoch 025 | Train Loss: 1.2572 | Val Loss: 1.5125 | Val Acc: 0.3750
2025-06-23 09:59:59,943 [INFO] Epoch 026 | Train Loss: 1.3595 | Val Loss: 1.3279 | Val Acc: 0.3214
2025-06-23 09:59:59,996 [INFO] Epoch 027 | Train Loss: 1.3045 | Val Loss: 1.4094 | Val Acc: 0.2321
2025-06-23 10:00:00,054 [INFO] Epoch 028 | Train Loss: 1.2379 | Val Loss: 1.7054 | Val Acc: 0.3929
2025-06-23 10:00:00,081 [INFO] Epoch 029 | Train Loss: 1.3847 | Val Loss: 1.3949 | Val Acc: 0.3036
2025-06-23 10:00:00,107 [INFO] Epoch 030 | Train Loss: 1.3406 | Val Loss: 1.5546 | Val Acc: 0.3571
2025-06-23 10:00:01,164 [INFO] Epoch 031 | Train Loss: 1.5818 | Val Loss: 1.8030 | Val Acc: 0.3036
2025-06-23 10:00:01,191 [INFO] Epoch 032 | Train Loss: 1.6130 | Val Loss: 1.8900 | Val Acc: 0.3393
2025-06-23 10:00:01,223 [INFO] Epoch 033 | Train Loss: 1.2592 | Val Loss: 1.7631 | Val Acc: 0.3571
2025-06-23 10:00:01,249 [INFO] Epoch 034 | Train Loss: 1.2739 | Val Loss: 2.0287 | Val Acc: 0.2321
2025-06-23 10:00:01,282 [INFO] Epoch 035 | Train Loss: 1.2789 | Val Loss: 2.1489 | Val Acc: 0.2143
2025-06-23 10:00:01,319 [INFO] Epoch 036 | Train Loss: 1.4285 | Val Loss: 2.3535 | Val Acc: 0.2679
2025-06-23 10:00:01,348 [INFO] Epoch 037 | Train Loss: 1.3122 | Val Loss: 1.9097 | Val Acc: 0.2679
2025-06-23 10:00:01,372 [INFO] Epoch 038 | Train Loss: 1.2626 | Val Loss: 1.6154 | Val Acc: 0.3036
2025-06-23 10:00:01,397 [INFO] Epoch 039 | Train Loss: 1.1484 | Val Loss: 1.5081 | Val Acc: 0.2679
2025-06-23 10:00:01,421 [INFO] Epoch 040 | Train Loss: 1.2932 | Val Loss: 1.8250 | Val Acc: 0.3214
2025-06-23 10:00:05,588 [INFO] Epoch 041 | Train Loss: 1.1451 | Val Loss: 1.9805 | Val Acc: 0.3393
2025-06-23 10:00:05,624 [INFO] Epoch 042 | Train Loss: 1.1272 | Val Loss: 1.7874 | Val Acc: 0.3571
2025-06-23 10:00:05,652 [INFO] Epoch 043 | Train Loss: 1.1191 | Val Loss: 1.6923 | Val Acc: 0.3036
2025-06-23 10:00:05,679 [INFO] Epoch 044 | Train Loss: 1.1014 | Val Loss: 1.5371 | Val Acc: 0.5000
2025-06-23 10:00:05,683 [INFO] New best model at epoch 44 (Val Acc: 0.5000)
2025-06-23 10:00:05,708 [INFO] Epoch 045 | Train Loss: 1.1301 | Val Loss: 1.5393 | Val Acc: 0.4643
2025-06-23 10:00:05,735 [INFO] Epoch 046 | Train Loss: 1.0838 | Val Loss: 1.5739 | Val Acc: 0.3571
2025-06-23 10:00:05,760 [INFO] Epoch 047 | Train Loss: 1.0884 | Val Loss: 1.5356 | Val Acc: 0.3571
2025-06-23 10:00:05,786 [INFO] Epoch 048 | Train Loss: 1.0772 | Val Loss: 1.6662 | Val Acc: 0.3036
2025-06-23 10:00:05,811 [INFO] Epoch 049 | Train Loss: 0.9975 | Val Loss: 1.6943 | Val Acc: 0.2857
2025-06-23 10:00:05,836 [INFO] Epoch 050 | Train Loss: 0.9801 | Val Loss: 1.9743 | Val Acc: 0.3214
2025-06-23 10:00:07,032 [INFO] Epoch 051 | Train Loss: 1.0430 | Val Loss: 2.0220 | Val Acc: 0.2679
2025-06-23 10:00:07,067 [INFO] Epoch 052 | Train Loss: 1.0812 | Val Loss: 1.8555 | Val Acc: 0.3571
2025-06-23 10:00:07,096 [INFO] Epoch 053 | Train Loss: 1.0582 | Val Loss: 1.8928 | Val Acc: 0.4464
2025-06-23 10:00:07,124 [INFO] Epoch 054 | Train Loss: 1.0793 | Val Loss: 2.0957 | Val Acc: 0.3393
2025-06-23 10:00:07,148 [INFO] Epoch 055 | Train Loss: 0.9939 | Val Loss: 1.9435 | Val Acc: 0.3393
2025-06-23 10:00:07,171 [INFO] Epoch 056 | Train Loss: 0.9961 | Val Loss: 1.8629 | Val Acc: 0.4464
2025-06-23 10:00:07,194 [INFO] Epoch 057 | Train Loss: 0.9841 | Val Loss: 1.9580 | Val Acc: 0.3393
2025-06-23 10:00:07,218 [INFO] Epoch 058 | Train Loss: 1.0428 | Val Loss: 1.5326 | Val Acc: 0.4286
2025-06-23 10:00:07,241 [INFO] Epoch 059 | Train Loss: 1.0281 | Val Loss: 2.0035 | Val Acc: 0.3750
2025-06-23 10:00:07,272 [INFO] Epoch 060 | Train Loss: 0.9877 | Val Loss: 1.7484 | Val Acc: 0.4107
2025-06-23 10:00:08,326 [INFO] Epoch 061 | Train Loss: 1.1305 | Val Loss: 1.5607 | Val Acc: 0.3214
2025-06-23 10:00:08,356 [INFO] Epoch 062 | Train Loss: 0.9913 | Val Loss: 1.6232 | Val Acc: 0.4464
2025-06-23 10:00:08,386 [INFO] Epoch 063 | Train Loss: 1.1133 | Val Loss: 1.3678 | Val Acc: 0.3393
2025-06-23 10:00:08,414 [INFO] Epoch 064 | Train Loss: 1.0302 | Val Loss: 1.7057 | Val Acc: 0.3571
2025-06-23 10:00:08,439 [INFO] Epoch 065 | Train Loss: 1.0102 | Val Loss: 1.6288 | Val Acc: 0.3393
2025-06-23 10:00:08,462 [INFO] Epoch 066 | Train Loss: 1.1233 | Val Loss: 1.7749 | Val Acc: 0.4286
2025-06-23 10:00:08,487 [INFO] Epoch 067 | Train Loss: 1.0052 | Val Loss: 1.5735 | Val Acc: 0.3750
2025-06-23 10:00:08,511 [INFO] Epoch 068 | Train Loss: 1.0352 | Val Loss: 1.6264 | Val Acc: 0.3750
2025-06-23 10:00:08,534 [INFO] Epoch 069 | Train Loss: 0.9859 | Val Loss: 1.4640 | Val Acc: 0.4107
2025-06-23 10:00:08,558 [INFO] Epoch 070 | Train Loss: 1.0293 | Val Loss: 1.6777 | Val Acc: 0.4464
2025-06-23 10:00:09,632 [INFO] Epoch 071 | Train Loss: 0.9423 | Val Loss: 1.6457 | Val Acc: 0.4464
2025-06-23 10:00:09,660 [INFO] Epoch 072 | Train Loss: 0.9381 | Val Loss: 1.5773 | Val Acc: 0.3929
2025-06-23 10:00:09,692 [INFO] Epoch 073 | Train Loss: 0.9263 | Val Loss: 1.5895 | Val Acc: 0.3750
2025-06-23 10:00:09,720 [INFO] Epoch 074 | Train Loss: 1.0157 | Val Loss: 1.4098 | Val Acc: 0.3750
2025-06-23 10:00:09,744 [INFO] Epoch 075 | Train Loss: 0.9264 | Val Loss: 1.5254 | Val Acc: 0.4464
2025-06-23 10:00:09,769 [INFO] Epoch 076 | Train Loss: 0.9241 | Val Loss: 1.8629 | Val Acc: 0.5000
2025-06-23 10:00:09,792 [INFO] Epoch 077 | Train Loss: 1.0680 | Val Loss: 1.6403 | Val Acc: 0.4643
2025-06-23 10:00:09,816 [INFO] Epoch 078 | Train Loss: 0.9131 | Val Loss: 1.5412 | Val Acc: 0.4286
2025-06-23 10:00:09,841 [INFO] Epoch 079 | Train Loss: 0.8979 | Val Loss: 1.7737 | Val Acc: 0.4464
2025-06-23 10:00:09,865 [INFO] Epoch 080 | Train Loss: 1.0445 | Val Loss: 1.5232 | Val Acc: 0.4286
2025-06-23 10:00:10,936 [INFO] Epoch 081 | Train Loss: 0.8666 | Val Loss: 1.4381 | Val Acc: 0.3929
2025-06-23 10:00:10,966 [INFO] Epoch 082 | Train Loss: 0.8163 | Val Loss: 1.7991 | Val Acc: 0.4107
2025-06-23 10:00:10,994 [INFO] Epoch 083 | Train Loss: 0.9352 | Val Loss: 1.7286 | Val Acc: 0.4821
2025-06-23 10:00:11,023 [INFO] Epoch 084 | Train Loss: 0.9200 | Val Loss: 1.6273 | Val Acc: 0.4821
2025-06-23 10:00:11,048 [INFO] Epoch 085 | Train Loss: 0.8971 | Val Loss: 1.6520 | Val Acc: 0.4286
2025-06-23 10:00:11,075 [INFO] Epoch 086 | Train Loss: 0.9729 | Val Loss: 2.1486 | Val Acc: 0.3750
2025-06-23 10:00:11,099 [INFO] Epoch 087 | Train Loss: 1.0086 | Val Loss: 1.6159 | Val Acc: 0.3393
2025-06-23 10:00:11,123 [INFO] Epoch 088 | Train Loss: 0.9851 | Val Loss: 1.6090 | Val Acc: 0.4107
2025-06-23 10:00:11,147 [INFO] Epoch 089 | Train Loss: 0.9081 | Val Loss: 1.4080 | Val Acc: 0.4643
2025-06-23 10:00:11,171 [INFO] Epoch 090 | Train Loss: 0.9349 | Val Loss: 1.5116 | Val Acc: 0.3750
2025-06-23 10:00:12,862 [INFO] Epoch 091 | Train Loss: 0.8933 | Val Loss: 1.7861 | Val Acc: 0.3393
2025-06-23 10:00:12,896 [INFO] Epoch 092 | Train Loss: 0.9302 | Val Loss: 1.8072 | Val Acc: 0.3929
2025-06-23 10:00:12,926 [INFO] Epoch 093 | Train Loss: 0.7964 | Val Loss: 1.8210 | Val Acc: 0.3571
2025-06-23 10:00:12,952 [INFO] Epoch 094 | Train Loss: 0.9258 | Val Loss: 1.7996 | Val Acc: 0.4464
2025-06-23 10:00:12,976 [INFO] Epoch 095 | Train Loss: 0.8645 | Val Loss: 1.6453 | Val Acc: 0.4107
2025-06-23 10:00:13,000 [INFO] Epoch 096 | Train Loss: 0.7863 | Val Loss: 1.7595 | Val Acc: 0.3929
2025-06-23 10:00:13,024 [INFO] Epoch 097 | Train Loss: 0.9007 | Val Loss: 1.6421 | Val Acc: 0.3214
2025-06-23 10:00:13,049 [INFO] Epoch 098 | Train Loss: 0.9083 | Val Loss: 1.6766 | Val Acc: 0.3393
2025-06-23 10:00:13,073 [INFO] Epoch 099 | Train Loss: 0.8873 | Val Loss: 1.7397 | Val Acc: 0.3571
2025-06-23 10:00:13,097 [INFO] Epoch 100 | Train Loss: 0.8381 | Val Loss: 2.0334 | Val Acc: 0.4464
2025-06-23 10:00:14,202 [INFO] Epoch 101 | Train Loss: 0.8696 | Val Loss: 1.9905 | Val Acc: 0.5179
2025-06-23 10:00:14,206 [INFO] New best model at epoch 101 (Val Acc: 0.5179)
2025-06-23 10:00:14,233 [INFO] Epoch 102 | Train Loss: 0.8076 | Val Loss: 1.8695 | Val Acc: 0.3393
2025-06-23 10:00:14,266 [INFO] Epoch 103 | Train Loss: 0.7587 | Val Loss: 1.8408 | Val Acc: 0.3750
2025-06-23 10:00:14,295 [INFO] Epoch 104 | Train Loss: 0.8530 | Val Loss: 1.6581 | Val Acc: 0.4821
2025-06-23 10:00:14,319 [INFO] Epoch 105 | Train Loss: 0.8889 | Val Loss: 1.6486 | Val Acc: 0.5536
2025-06-23 10:00:14,323 [INFO] New best model at epoch 105 (Val Acc: 0.5536)
2025-06-23 10:00:14,345 [INFO] Epoch 106 | Train Loss: 0.7390 | Val Loss: 1.6888 | Val Acc: 0.4821
2025-06-23 10:00:14,370 [INFO] Epoch 107 | Train Loss: 0.7572 | Val Loss: 1.5972 | Val Acc: 0.4821
2025-06-23 10:00:14,394 [INFO] Epoch 108 | Train Loss: 0.8288 | Val Loss: 1.4277 | Val Acc: 0.4464
2025-06-23 10:00:14,418 [INFO] Epoch 109 | Train Loss: 0.8239 | Val Loss: 1.5781 | Val Acc: 0.4286
2025-06-23 10:00:14,442 [INFO] Epoch 110 | Train Loss: 0.7579 | Val Loss: 1.8943 | Val Acc: 0.4643
2025-06-23 10:00:15,555 [INFO] Epoch 111 | Train Loss: 0.8550 | Val Loss: 1.6850 | Val Acc: 0.4821
2025-06-23 10:00:15,587 [INFO] Epoch 112 | Train Loss: 0.7102 | Val Loss: 1.5680 | Val Acc: 0.3929
2025-06-23 10:00:15,615 [INFO] Epoch 113 | Train Loss: 0.8542 | Val Loss: 1.4983 | Val Acc: 0.4821
2025-06-23 10:00:15,645 [INFO] Epoch 114 | Train Loss: 0.8285 | Val Loss: 2.2424 | Val Acc: 0.3929
2025-06-23 10:00:15,669 [INFO] Epoch 115 | Train Loss: 0.8584 | Val Loss: 2.0375 | Val Acc: 0.4821
2025-06-23 10:00:15,694 [INFO] Epoch 116 | Train Loss: 1.0045 | Val Loss: 2.1049 | Val Acc: 0.3214
2025-06-23 10:00:15,719 [INFO] Epoch 117 | Train Loss: 0.9174 | Val Loss: 2.0861 | Val Acc: 0.4107
2025-06-23 10:00:15,742 [INFO] Epoch 118 | Train Loss: 0.8878 | Val Loss: 1.7637 | Val Acc: 0.5179
2025-06-23 10:00:15,766 [INFO] Epoch 119 | Train Loss: 0.9251 | Val Loss: 1.5380 | Val Acc: 0.4643
2025-06-23 10:00:15,790 [INFO] Epoch 120 | Train Loss: 0.8693 | Val Loss: 1.4356 | Val Acc: 0.5000
2025-06-23 10:00:16,874 [INFO] Epoch 121 | Train Loss: 0.8552 | Val Loss: 1.5191 | Val Acc: 0.4821
2025-06-23 10:00:16,907 [INFO] Epoch 122 | Train Loss: 0.7470 | Val Loss: 1.6190 | Val Acc: 0.3929
2025-06-23 10:00:16,938 [INFO] Epoch 123 | Train Loss: 0.7994 | Val Loss: 1.5993 | Val Acc: 0.3750
2025-06-23 10:00:16,964 [INFO] Epoch 124 | Train Loss: 0.8398 | Val Loss: 1.8530 | Val Acc: 0.3929
2025-06-23 10:00:16,987 [INFO] Epoch 125 | Train Loss: 0.7356 | Val Loss: 2.0379 | Val Acc: 0.3929
2025-06-23 10:00:17,010 [INFO] Epoch 126 | Train Loss: 0.9363 | Val Loss: 2.2441 | Val Acc: 0.3750
2025-06-23 10:00:17,035 [INFO] Epoch 127 | Train Loss: 0.8159 | Val Loss: 2.4113 | Val Acc: 0.4643
2025-06-23 10:00:17,060 [INFO] Epoch 128 | Train Loss: 0.7283 | Val Loss: 1.9894 | Val Acc: 0.3929
2025-06-23 10:00:17,084 [INFO] Epoch 129 | Train Loss: 0.7465 | Val Loss: 1.7431 | Val Acc: 0.4286
2025-06-23 10:00:17,108 [INFO] Epoch 130 | Train Loss: 0.7122 | Val Loss: 2.1555 | Val Acc: 0.3750
2025-06-23 10:00:18,215 [INFO] Epoch 131 | Train Loss: 0.8045 | Val Loss: 1.9234 | Val Acc: 0.4464
2025-06-23 10:00:18,254 [INFO] Epoch 132 | Train Loss: 0.6671 | Val Loss: 1.7790 | Val Acc: 0.4286
2025-06-23 10:00:18,286 [INFO] Epoch 133 | Train Loss: 0.7297 | Val Loss: 2.1012 | Val Acc: 0.4107
2025-06-23 10:00:18,315 [INFO] Epoch 134 | Train Loss: 0.7944 | Val Loss: 2.1149 | Val Acc: 0.3571
2025-06-23 10:00:18,343 [INFO] Epoch 135 | Train Loss: 0.7918 | Val Loss: 2.0179 | Val Acc: 0.3750
2025-06-23 10:00:18,370 [INFO] Epoch 136 | Train Loss: 0.8157 | Val Loss: 2.1096 | Val Acc: 0.3571
2025-06-23 10:00:18,395 [INFO] Epoch 137 | Train Loss: 0.8006 | Val Loss: 1.5835 | Val Acc: 0.4464
2025-06-23 10:00:18,420 [INFO] Epoch 138 | Train Loss: 0.7133 | Val Loss: 1.6715 | Val Acc: 0.4643
2025-06-23 10:00:18,443 [INFO] Epoch 139 | Train Loss: 0.8200 | Val Loss: 1.8488 | Val Acc: 0.4643
2025-06-23 10:00:18,468 [INFO] Epoch 140 | Train Loss: 0.7801 | Val Loss: 1.6184 | Val Acc: 0.4286
2025-06-23 10:00:19,527 [INFO] Epoch 141 | Train Loss: 0.7659 | Val Loss: 1.5254 | Val Acc: 0.4286
2025-06-23 10:00:19,560 [INFO] Epoch 142 | Train Loss: 0.7624 | Val Loss: 1.9291 | Val Acc: 0.4107
2025-06-23 10:00:19,589 [INFO] Epoch 143 | Train Loss: 0.7605 | Val Loss: 1.8449 | Val Acc: 0.4107
2025-06-23 10:00:19,613 [INFO] Epoch 144 | Train Loss: 0.8160 | Val Loss: 2.2376 | Val Acc: 0.4643
2025-06-23 10:00:19,637 [INFO] Epoch 145 | Train Loss: 0.7825 | Val Loss: 3.0262 | Val Acc: 0.4464
2025-06-23 10:00:19,660 [INFO] Epoch 146 | Train Loss: 0.7467 | Val Loss: 2.6610 | Val Acc: 0.4286
2025-06-23 10:00:19,686 [INFO] Epoch 147 | Train Loss: 0.6782 | Val Loss: 2.0402 | Val Acc: 0.5000
2025-06-23 10:00:19,712 [INFO] Epoch 148 | Train Loss: 0.6969 | Val Loss: 2.0068 | Val Acc: 0.5179
2025-06-23 10:00:19,736 [INFO] Epoch 149 | Train Loss: 0.7206 | Val Loss: 2.2294 | Val Acc: 0.5179
2025-06-23 10:00:19,760 [INFO] Epoch 150 | Train Loss: 0.6540 | Val Loss: 1.9482 | Val Acc: 0.6071
2025-06-23 10:00:20,879 [INFO] New best model at epoch 150 (Val Acc: 0.6071)
2025-06-23 10:00:20,881 [INFO] Best model saved to <built-in function time>/ENZYMES/best/best_source_gin.pth (Val Acc: 0.6071 at epoch 150)
2025-06-23 10:00:20,881 [INFO] Training/validation metrics saved to <built-in function time>/ENZYMES/GIN_0.01/train_metrics.csv
2025-06-23 10:00:21,991 [INFO] Final training curves saved
2025-06-23 10:00:21,991 [INFO] Training completed!
2025-06-23 10:00:21,991 [INFO] Best validation accuracy: 0.6071
2025-06-23 10:00:21,991 [INFO] Best epoch: 150
2025-06-23 10:00:21,991 [INFO] Total epochs trained: 150
2025-06-23 10:00:21,992 [INFO] Starting training with parameters: (0.01, 0.2, 32, 4, 300, 0.0)
