2025-06-21 22:03:44,998 [INFO] Using device: cpu
2025-06-21 22:03:44,998 [INFO] 开始创建数据加载器...
2025-06-21 22:03:45,000 [INFO] Successfully loaded dataset ENZYMES from ./data, total graphs: 600
2025-06-21 22:03:45,001 [INFO] Class allocation analysis:
2025-06-21 22:03:45,001 [INFO]   Source classes: [0, 1, 2, 3]
2025-06-21 22:03:45,001 [INFO]   Target classes: [0, 1, 2, 3, 4, 5]
2025-06-21 22:03:45,001 [INFO]   Overlap classes (to be split): [0, 1, 2, 3]
2025-06-21 22:03:45,001 [INFO]   Target novel classes (unknown): [4, 5]
2025-06-21 22:03:45,014 [INFO]   Class 0: 100 total -> Source: 70, Target: 30
2025-06-21 22:03:45,014 [INFO]   Class 1: 100 total -> Source: 70, Target: 30
2025-06-21 22:03:45,014 [INFO]   Class 2: 100 total -> Source: 70, Target: 30
2025-06-21 22:03:45,014 [INFO]   Class 3: 100 total -> Source: 70, Target: 30
2025-06-21 22:03:45,014 [INFO]   Class 4 (novel/unknown): 100 samples -> Target
2025-06-21 22:03:45,014 [INFO]   Class 5 (novel/unknown): 100 samples -> Target
2025-06-21 22:03:45,014 [INFO] Final allocation:
2025-06-21 22:03:45,014 [INFO]   Source domain: 280 samples
2025-06-21 22:03:45,014 [INFO]   Target domain: 320 samples
2025-06-21 22:03:45,016 [INFO] Source domain setup:
2025-06-21 22:03:45,016 [INFO]   Original classes: [0, 1, 2, 3]
2025-06-21 22:03:45,016 [INFO]   Overlap classes used: [0, 1, 2, 3]
2025-06-21 22:03:45,016 [INFO]   Label mapping: {0: 0, 1: 1, 2: 2, 3: 3}
2025-06-21 22:03:45,016 [INFO]   Total data after allocation: 280
2025-06-21 22:03:45,016 [INFO]   Data split - Train: 224, Val: 56
2025-06-21 22:03:45,016 [INFO]   Train label distribution: {0: 56, 1: 56, 3: 56, 2: 56}
2025-06-21 22:03:45,016 [INFO]   Val label distribution: {1: 14, 2: 14, 0: 14, 3: 14}
2025-06-21 22:03:45,017 [INFO] Successfully loaded dataset ENZYMES from ./data, total graphs: 600
2025-06-21 22:03:45,017 [INFO] Class allocation analysis:
2025-06-21 22:03:45,017 [INFO]   Source classes: [0, 1, 2, 3]
2025-06-21 22:03:45,017 [INFO]   Target classes: [0, 1, 2, 3, 4, 5]
2025-06-21 22:03:45,017 [INFO]   Overlap classes (to be split): [0, 1, 2, 3]
2025-06-21 22:03:45,017 [INFO]   Target novel classes (unknown): [4, 5]
2025-06-21 22:03:45,030 [INFO]   Class 0: 100 total -> Source: 70, Target: 30
2025-06-21 22:03:45,030 [INFO]   Class 1: 100 total -> Source: 70, Target: 30
2025-06-21 22:03:45,030 [INFO]   Class 2: 100 total -> Source: 70, Target: 30
2025-06-21 22:03:45,030 [INFO]   Class 3: 100 total -> Source: 70, Target: 30
2025-06-21 22:03:45,030 [INFO]   Class 4 (novel/unknown): 100 samples -> Target
2025-06-21 22:03:45,030 [INFO]   Class 5 (novel/unknown): 100 samples -> Target
2025-06-21 22:03:45,030 [INFO] Final allocation:
2025-06-21 22:03:45,030 [INFO]   Source domain: 280 samples
2025-06-21 22:03:45,030 [INFO]   Target domain: 320 samples
2025-06-21 22:03:45,032 [INFO] Target domain setup:
2025-06-21 22:03:45,032 [INFO]   Original classes: [0, 1, 2, 3, 4, 5]
2025-06-21 22:03:45,032 [INFO]   Overlap classes: [0, 1, 2, 3]
2025-06-21 22:03:45,032 [INFO]   Novel classes: [4, 5] -> mapped to unknown label 4
2025-06-21 22:03:45,032 [INFO]   Label mapping: {0: 0, 1: 1, 2: 2, 3: 3, 4: 4, 5: 4}
2025-06-21 22:03:45,032 [INFO]   Total data after allocation: 320
2025-06-21 22:03:45,032 [INFO]   Data split - Train: 256, Val: 64
2025-06-21 22:03:45,032 [INFO]   Total count: 320 (known: 120, unknown: 200)
2025-06-21 22:03:45,032 [INFO]   Total label distribution: {4: 200, 3: 30, 0: 30, 1: 30, 2: 30}
2025-06-21 22:03:45,032 [INFO]   Train label distribution: {4: 160, 0: 24, 2: 24, 3: 24, 1: 24}
2025-06-21 22:03:45,032 [INFO]   Val label distribution: {1: 6, 4: 40, 3: 6, 0: 6, 2: 6}
2025-06-21 22:03:45,032 [INFO] 数据加载器创建完成!
2025-06-21 22:03:45,032 [INFO] 源域类别数: 4 (重叠类别)
2025-06-21 22:03:45,032 [INFO] 目标域类别数: 5 (4个重叠类别 + 1个未知类别)
2025-06-21 22:03:45,032 [INFO] 重叠类别: [0, 1, 2, 3]
2025-06-21 22:03:45,032 [INFO] 目标域新类别: [4, 5]
2025-06-21 22:03:45,032 [INFO] Data allocation verification:
2025-06-21 22:03:45,032 [INFO]   Source data samples: 280
2025-06-21 22:03:45,032 [INFO]   Target data samples: 320
2025-06-21 22:03:45,032 [INFO]   Overlapping samples: 0
2025-06-21 22:03:45,032 [INFO]   ✓ Data allocation is correct - no overlapping samples
2025-06-21 22:03:45,040 [INFO] Model initialized with 2378244 parameters
2025-06-21 22:03:45,040 [INFO] Previous best validation accuracy read from record.txt: 0.6250
2025-06-21 22:03:45,040 [INFO] Starting training...
2025-06-21 22:03:45,181 [INFO] Epoch 001 | Train Loss: 13.9152 | Val Loss: 1.8265 | Val Acc: 0.2500
2025-06-21 22:03:45,521 [INFO] New best model at epoch 1 (Val Acc: 0.2500)
2025-06-21 22:03:45,681 [INFO] Epoch 002 | Train Loss: 10.0809 | Val Loss: 2.1259 | Val Acc: 0.2500
2025-06-21 22:03:45,853 [INFO] Epoch 003 | Train Loss: 6.9638 | Val Loss: 2.4745 | Val Acc: 0.2500
2025-06-21 22:03:46,025 [INFO] Epoch 004 | Train Loss: 8.5742 | Val Loss: 2.7873 | Val Acc: 0.2679
2025-06-21 22:03:46,064 [INFO] New best model at epoch 4 (Val Acc: 0.2679)
2025-06-21 22:03:46,211 [INFO] Epoch 005 | Train Loss: 7.3495 | Val Loss: 3.5559 | Val Acc: 0.2143
2025-06-21 22:03:46,395 [INFO] Epoch 006 | Train Loss: 7.6049 | Val Loss: 2.9443 | Val Acc: 0.2321
2025-06-21 22:03:46,576 [INFO] Epoch 007 | Train Loss: 7.5919 | Val Loss: 3.5823 | Val Acc: 0.3036
2025-06-21 22:03:46,618 [INFO] New best model at epoch 7 (Val Acc: 0.3036)
2025-06-21 22:03:46,772 [INFO] Epoch 008 | Train Loss: 5.8619 | Val Loss: 4.3553 | Val Acc: 0.3214
2025-06-21 22:03:46,813 [INFO] New best model at epoch 8 (Val Acc: 0.3214)
2025-06-21 22:03:46,953 [INFO] Epoch 009 | Train Loss: 7.4017 | Val Loss: 2.9549 | Val Acc: 0.4107
2025-06-21 22:03:46,995 [INFO] New best model at epoch 9 (Val Acc: 0.4107)
2025-06-21 22:03:47,154 [INFO] Epoch 010 | Train Loss: 5.3793 | Val Loss: 5.5084 | Val Acc: 0.3929
2025-06-21 22:03:47,827 [INFO] Epoch 011 | Train Loss: 6.8742 | Val Loss: 4.5374 | Val Acc: 0.3750
2025-06-21 22:03:47,992 [INFO] Epoch 012 | Train Loss: 6.0993 | Val Loss: 3.7679 | Val Acc: 0.4107
2025-06-21 22:03:48,164 [INFO] Epoch 013 | Train Loss: 7.4851 | Val Loss: 4.5027 | Val Acc: 0.4464
2025-06-21 22:03:48,200 [INFO] New best model at epoch 13 (Val Acc: 0.4464)
2025-06-21 22:03:48,333 [INFO] Epoch 014 | Train Loss: 5.2469 | Val Loss: 5.6069 | Val Acc: 0.3571
2025-06-21 22:03:48,504 [INFO] Epoch 015 | Train Loss: 4.6507 | Val Loss: 7.3202 | Val Acc: 0.3036
2025-06-21 22:03:48,683 [INFO] Epoch 016 | Train Loss: 4.7725 | Val Loss: 7.5236 | Val Acc: 0.2857
2025-06-21 22:03:48,858 [INFO] Epoch 017 | Train Loss: 4.7582 | Val Loss: 6.3771 | Val Acc: 0.3571
2025-06-21 22:03:49,033 [INFO] Epoch 018 | Train Loss: 6.5201 | Val Loss: 6.1901 | Val Acc: 0.3393
2025-06-21 22:03:49,206 [INFO] Epoch 019 | Train Loss: 5.0732 | Val Loss: 4.3827 | Val Acc: 0.3036
2025-06-21 22:03:49,379 [INFO] Epoch 020 | Train Loss: 5.7095 | Val Loss: 3.7718 | Val Acc: 0.4643
2025-06-21 22:03:49,736 [INFO] New best model at epoch 20 (Val Acc: 0.4643)
2025-06-21 22:03:49,891 [INFO] Epoch 021 | Train Loss: 4.7490 | Val Loss: 3.9090 | Val Acc: 0.4286
2025-06-21 22:03:50,115 [INFO] Epoch 022 | Train Loss: 4.9665 | Val Loss: 4.5456 | Val Acc: 0.3750
2025-06-21 22:03:50,313 [INFO] Epoch 023 | Train Loss: 5.0411 | Val Loss: 4.0155 | Val Acc: 0.4464
2025-06-21 22:03:50,496 [INFO] Epoch 024 | Train Loss: 3.8449 | Val Loss: 4.0437 | Val Acc: 0.4107
2025-06-21 22:03:50,676 [INFO] Epoch 025 | Train Loss: 6.0623 | Val Loss: 5.6270 | Val Acc: 0.2679
2025-06-21 22:03:50,860 [INFO] Epoch 026 | Train Loss: 5.4804 | Val Loss: 5.3658 | Val Acc: 0.2857
2025-06-21 22:03:51,049 [INFO] Epoch 027 | Train Loss: 5.3136 | Val Loss: 4.8214 | Val Acc: 0.3214
2025-06-21 22:03:51,236 [INFO] Epoch 028 | Train Loss: 4.9241 | Val Loss: 5.1581 | Val Acc: 0.3036
2025-06-21 22:03:51,534 [INFO] Epoch 029 | Train Loss: 4.7761 | Val Loss: 5.7484 | Val Acc: 0.3214
2025-06-21 22:03:51,758 [INFO] Epoch 030 | Train Loss: 3.5238 | Val Loss: 4.0741 | Val Acc: 0.4107
2025-06-21 22:03:52,294 [INFO] Epoch 031 | Train Loss: 4.8103 | Val Loss: 4.6642 | Val Acc: 0.4107
2025-06-21 22:03:52,465 [INFO] Epoch 032 | Train Loss: 4.1723 | Val Loss: 3.9465 | Val Acc: 0.3571
2025-06-21 22:03:52,629 [INFO] Epoch 033 | Train Loss: 3.5052 | Val Loss: 3.3149 | Val Acc: 0.3750
2025-06-21 22:03:52,815 [INFO] Epoch 034 | Train Loss: 3.7187 | Val Loss: 3.3881 | Val Acc: 0.4286
2025-06-21 22:03:53,005 [INFO] Epoch 035 | Train Loss: 4.4524 | Val Loss: 4.0224 | Val Acc: 0.4286
2025-06-21 22:03:53,198 [INFO] Epoch 036 | Train Loss: 3.3459 | Val Loss: 4.1593 | Val Acc: 0.4286
2025-06-21 22:03:53,427 [INFO] Epoch 037 | Train Loss: 4.7873 | Val Loss: 3.9890 | Val Acc: 0.4286
2025-06-21 22:03:53,662 [INFO] Epoch 038 | Train Loss: 3.4738 | Val Loss: 3.8447 | Val Acc: 0.3929
2025-06-21 22:03:53,906 [INFO] Epoch 039 | Train Loss: 3.4435 | Val Loss: 3.7100 | Val Acc: 0.3929
2025-06-21 22:03:54,130 [INFO] Epoch 040 | Train Loss: 3.2618 | Val Loss: 2.8610 | Val Acc: 0.4643
2025-06-21 22:03:54,773 [INFO] Epoch 041 | Train Loss: 3.6038 | Val Loss: 3.2901 | Val Acc: 0.5357
2025-06-21 22:03:54,807 [INFO] New best model at epoch 41 (Val Acc: 0.5357)
2025-06-21 22:03:54,995 [INFO] Epoch 042 | Train Loss: 4.0242 | Val Loss: 3.0309 | Val Acc: 0.4821
2025-06-21 22:03:55,225 [INFO] Epoch 043 | Train Loss: 3.2511 | Val Loss: 4.9246 | Val Acc: 0.3929
2025-06-21 22:03:55,448 [INFO] Epoch 044 | Train Loss: 2.2547 | Val Loss: 2.9642 | Val Acc: 0.4821
2025-06-21 22:03:55,673 [INFO] Epoch 045 | Train Loss: 3.8925 | Val Loss: 2.8078 | Val Acc: 0.4821
2025-06-21 22:03:55,904 [INFO] Epoch 046 | Train Loss: 2.7420 | Val Loss: 3.0932 | Val Acc: 0.4821
2025-06-21 22:03:56,143 [INFO] Epoch 047 | Train Loss: 2.4310 | Val Loss: 3.2497 | Val Acc: 0.5357
2025-06-21 22:03:56,356 [INFO] Epoch 048 | Train Loss: 3.8691 | Val Loss: 3.6616 | Val Acc: 0.4286
2025-06-21 22:03:56,539 [INFO] Epoch 049 | Train Loss: 3.7099 | Val Loss: 3.3947 | Val Acc: 0.4286
2025-06-21 22:03:56,729 [INFO] Epoch 050 | Train Loss: 2.3191 | Val Loss: 3.5534 | Val Acc: 0.4286
2025-06-21 22:03:57,115 [INFO] Best model saved to <built-in function time>/ENZYMES/best/best_source_gin.pth (Val Acc: 0.5357 at epoch 41)
2025-06-21 22:03:57,116 [INFO] Training/validation metrics saved to <built-in function time>/ENZYMES/GIN_0.0001/train_metrics.csv
2025-06-21 22:03:57,973 [INFO] Final training curves saved
2025-06-21 22:03:57,973 [INFO] Training completed!
2025-06-21 22:03:57,973 [INFO] Best validation accuracy: 0.5357
2025-06-21 22:03:57,973 [INFO] Best epoch: 41
2025-06-21 22:03:57,973 [INFO] Total epochs trained: 50
2025-06-21 22:03:57,974 [INFO] Starting training with parameters: (0.0001, 0.5, 512, 5, 50, 0.001)
