2025-06-22 02:54:42,500 [INFO] Using device: cpu
2025-06-22 02:54:42,500 [INFO] 开始创建数据加载器...
2025-06-22 02:54:42,503 [INFO] Successfully loaded dataset ENZYMES from ./data, total graphs: 600
2025-06-22 02:54:42,503 [INFO] Class allocation analysis:
2025-06-22 02:54:42,503 [INFO]   Source classes: [0, 1, 2, 3]
2025-06-22 02:54:42,503 [INFO]   Target classes: [0, 1, 2, 3, 4, 5]
2025-06-22 02:54:42,503 [INFO]   Overlap classes (to be split): [0, 1, 2, 3]
2025-06-22 02:54:42,503 [INFO]   Target novel classes (unknown): [4, 5]
2025-06-22 02:54:42,517 [INFO]   Class 0: 100 total -> Source: 70, Target: 30
2025-06-22 02:54:42,517 [INFO]   Class 1: 100 total -> Source: 70, Target: 30
2025-06-22 02:54:42,517 [INFO]   Class 2: 100 total -> Source: 70, Target: 30
2025-06-22 02:54:42,518 [INFO]   Class 3: 100 total -> Source: 70, Target: 30
2025-06-22 02:54:42,518 [INFO]   Class 4 (novel/unknown): 100 samples -> Target
2025-06-22 02:54:42,518 [INFO]   Class 5 (novel/unknown): 100 samples -> Target
2025-06-22 02:54:42,518 [INFO] Final allocation:
2025-06-22 02:54:42,518 [INFO]   Source domain: 280 samples
2025-06-22 02:54:42,518 [INFO]   Target domain: 320 samples
2025-06-22 02:54:42,519 [INFO] Source domain setup:
2025-06-22 02:54:42,519 [INFO]   Original classes: [0, 1, 2, 3]
2025-06-22 02:54:42,519 [INFO]   Overlap classes used: [0, 1, 2, 3]
2025-06-22 02:54:42,519 [INFO]   Label mapping: {0: 0, 1: 1, 2: 2, 3: 3}
2025-06-22 02:54:42,519 [INFO]   Total data after allocation: 280
2025-06-22 02:54:42,519 [INFO]   Data split - Train: 224, Val: 56
2025-06-22 02:54:42,519 [INFO]   Train label distribution: {0: 56, 1: 56, 3: 56, 2: 56}
2025-06-22 02:54:42,519 [INFO]   Val label distribution: {1: 14, 2: 14, 0: 14, 3: 14}
2025-06-22 02:54:42,520 [INFO] Successfully loaded dataset ENZYMES from ./data, total graphs: 600
2025-06-22 02:54:42,520 [INFO] Class allocation analysis:
2025-06-22 02:54:42,520 [INFO]   Source classes: [0, 1, 2, 3]
2025-06-22 02:54:42,521 [INFO]   Target classes: [0, 1, 2, 3, 4, 5]
2025-06-22 02:54:42,521 [INFO]   Overlap classes (to be split): [0, 1, 2, 3]
2025-06-22 02:54:42,521 [INFO]   Target novel classes (unknown): [4, 5]
2025-06-22 02:54:42,534 [INFO]   Class 0: 100 total -> Source: 70, Target: 30
2025-06-22 02:54:42,534 [INFO]   Class 1: 100 total -> Source: 70, Target: 30
2025-06-22 02:54:42,534 [INFO]   Class 2: 100 total -> Source: 70, Target: 30
2025-06-22 02:54:42,534 [INFO]   Class 3: 100 total -> Source: 70, Target: 30
2025-06-22 02:54:42,534 [INFO]   Class 4 (novel/unknown): 100 samples -> Target
2025-06-22 02:54:42,534 [INFO]   Class 5 (novel/unknown): 100 samples -> Target
2025-06-22 02:54:42,534 [INFO] Final allocation:
2025-06-22 02:54:42,534 [INFO]   Source domain: 280 samples
2025-06-22 02:54:42,534 [INFO]   Target domain: 320 samples
2025-06-22 02:54:42,536 [INFO] Target domain setup:
2025-06-22 02:54:42,536 [INFO]   Original classes: [0, 1, 2, 3, 4, 5]
2025-06-22 02:54:42,536 [INFO]   Overlap classes: [0, 1, 2, 3]
2025-06-22 02:54:42,536 [INFO]   Novel classes: [4, 5] -> mapped to unknown label 4
2025-06-22 02:54:42,536 [INFO]   Label mapping: {0: 0, 1: 1, 2: 2, 3: 3, 4: 4, 5: 4}
2025-06-22 02:54:42,536 [INFO]   Total data after allocation: 320
2025-06-22 02:54:42,536 [INFO]   Data split - Train: 256, Val: 64
2025-06-22 02:54:42,536 [INFO]   Total count: 320 (known: 120, unknown: 200)
2025-06-22 02:54:42,536 [INFO]   Total label distribution: {4: 200, 3: 30, 0: 30, 1: 30, 2: 30}
2025-06-22 02:54:42,536 [INFO]   Train label distribution: {4: 160, 0: 24, 2: 24, 3: 24, 1: 24}
2025-06-22 02:54:42,536 [INFO]   Val label distribution: {1: 6, 4: 40, 3: 6, 0: 6, 2: 6}
2025-06-22 02:54:42,536 [INFO] 数据加载器创建完成!
2025-06-22 02:54:42,536 [INFO] 源域类别数: 4 (重叠类别)
2025-06-22 02:54:42,536 [INFO] 目标域类别数: 5 (4个重叠类别 + 1个未知类别)
2025-06-22 02:54:42,536 [INFO] 重叠类别: [0, 1, 2, 3]
2025-06-22 02:54:42,536 [INFO] 目标域新类别: [4, 5]
2025-06-22 02:54:42,536 [INFO] Data allocation verification:
2025-06-22 02:54:42,536 [INFO]   Source data samples: 280
2025-06-22 02:54:42,536 [INFO]   Target data samples: 320
2025-06-22 02:54:42,536 [INFO]   Overlapping samples: 0
2025-06-22 02:54:42,536 [INFO]   ✓ Data allocation is correct - no overlapping samples
2025-06-22 02:54:42,537 [INFO] Model initialized with 68868 parameters
2025-06-22 02:54:42,538 [INFO] Previous best validation accuracy read from record.txt: 0.6250
2025-06-22 02:54:42,538 [INFO] Starting training...
2025-06-22 02:54:42,557 [INFO] Epoch 001 | Train Loss: 6.3020 | Val Loss: 1.9178 | Val Acc: 0.3214
2025-06-22 02:54:43,074 [INFO] New best model at epoch 1 (Val Acc: 0.3214)
2025-06-22 02:54:43,089 [INFO] Epoch 002 | Train Loss: 5.4475 | Val Loss: 3.5622 | Val Acc: 0.2500
2025-06-22 02:54:43,104 [INFO] Epoch 003 | Train Loss: 5.1921 | Val Loss: 2.3350 | Val Acc: 0.3036
2025-06-22 02:54:43,122 [INFO] Epoch 004 | Train Loss: 3.9490 | Val Loss: 2.8383 | Val Acc: 0.3393
2025-06-22 02:54:43,125 [INFO] New best model at epoch 4 (Val Acc: 0.3393)
2025-06-22 02:54:43,137 [INFO] Epoch 005 | Train Loss: 4.3076 | Val Loss: 3.3141 | Val Acc: 0.3036
2025-06-22 02:54:43,152 [INFO] Epoch 006 | Train Loss: 4.1493 | Val Loss: 2.5370 | Val Acc: 0.4286
2025-06-22 02:54:43,154 [INFO] New best model at epoch 6 (Val Acc: 0.4286)
2025-06-22 02:54:43,174 [INFO] Epoch 007 | Train Loss: 4.0917 | Val Loss: 3.0450 | Val Acc: 0.2500
2025-06-22 02:54:43,189 [INFO] Epoch 008 | Train Loss: 3.3333 | Val Loss: 2.9087 | Val Acc: 0.3036
2025-06-22 02:54:43,202 [INFO] Epoch 009 | Train Loss: 3.8850 | Val Loss: 2.9522 | Val Acc: 0.3571
2025-06-22 02:54:43,215 [INFO] Epoch 010 | Train Loss: 3.5031 | Val Loss: 3.2432 | Val Acc: 0.2857
2025-06-22 02:54:43,776 [INFO] Epoch 011 | Train Loss: 3.8784 | Val Loss: 3.3492 | Val Acc: 0.3214
2025-06-22 02:54:43,791 [INFO] Epoch 012 | Train Loss: 3.3157 | Val Loss: 2.8775 | Val Acc: 0.3571
2025-06-22 02:54:43,806 [INFO] Epoch 013 | Train Loss: 3.8450 | Val Loss: 2.6621 | Val Acc: 0.3393
2025-06-22 02:54:43,820 [INFO] Epoch 014 | Train Loss: 3.7570 | Val Loss: 2.4074 | Val Acc: 0.3929
2025-06-22 02:54:43,833 [INFO] Epoch 015 | Train Loss: 3.2578 | Val Loss: 2.5652 | Val Acc: 0.3929
2025-06-22 02:54:43,847 [INFO] Epoch 016 | Train Loss: 3.1002 | Val Loss: 2.7047 | Val Acc: 0.2679
2025-06-22 02:54:43,860 [INFO] Epoch 017 | Train Loss: 3.4691 | Val Loss: 3.2177 | Val Acc: 0.3036
2025-06-22 02:54:43,873 [INFO] Epoch 018 | Train Loss: 3.2686 | Val Loss: 2.1114 | Val Acc: 0.4643
2025-06-22 02:54:43,876 [INFO] New best model at epoch 18 (Val Acc: 0.4643)
2025-06-22 02:54:43,894 [INFO] Epoch 019 | Train Loss: 2.8890 | Val Loss: 2.8685 | Val Acc: 0.4286
2025-06-22 02:54:43,908 [INFO] Epoch 020 | Train Loss: 3.2576 | Val Loss: 2.6137 | Val Acc: 0.3214
2025-06-22 02:54:44,415 [INFO] Epoch 021 | Train Loss: 3.1208 | Val Loss: 2.3068 | Val Acc: 0.3393
2025-06-22 02:54:44,452 [INFO] Epoch 022 | Train Loss: 3.0374 | Val Loss: 2.3855 | Val Acc: 0.3036
2025-06-22 02:54:44,482 [INFO] Epoch 023 | Train Loss: 3.3383 | Val Loss: 2.8983 | Val Acc: 0.3571
2025-06-22 02:54:44,496 [INFO] Epoch 024 | Train Loss: 2.6553 | Val Loss: 2.7461 | Val Acc: 0.2679
2025-06-22 02:54:44,510 [INFO] Epoch 025 | Train Loss: 2.9007 | Val Loss: 2.2580 | Val Acc: 0.4107
2025-06-22 02:54:44,524 [INFO] Epoch 026 | Train Loss: 2.3338 | Val Loss: 3.0770 | Val Acc: 0.2321
2025-06-22 02:54:44,537 [INFO] Epoch 027 | Train Loss: 3.0733 | Val Loss: 2.4153 | Val Acc: 0.3036
2025-06-22 02:54:44,553 [INFO] Epoch 028 | Train Loss: 2.6365 | Val Loss: 2.2124 | Val Acc: 0.3571
2025-06-22 02:54:44,573 [INFO] Epoch 029 | Train Loss: 2.6768 | Val Loss: 2.6419 | Val Acc: 0.3571
2025-06-22 02:54:44,590 [INFO] Epoch 030 | Train Loss: 2.6720 | Val Loss: 2.9389 | Val Acc: 0.3036
2025-06-22 02:54:45,094 [INFO] Epoch 031 | Train Loss: 2.6866 | Val Loss: 2.9731 | Val Acc: 0.2679
2025-06-22 02:54:45,108 [INFO] Epoch 032 | Train Loss: 2.3402 | Val Loss: 2.4179 | Val Acc: 0.3214
2025-06-22 02:54:45,123 [INFO] Epoch 033 | Train Loss: 2.6494 | Val Loss: 2.4251 | Val Acc: 0.3036
2025-06-22 02:54:45,137 [INFO] Epoch 034 | Train Loss: 2.2801 | Val Loss: 1.8328 | Val Acc: 0.3214
2025-06-22 02:54:45,155 [INFO] Epoch 035 | Train Loss: 2.3645 | Val Loss: 2.3340 | Val Acc: 0.3571
2025-06-22 02:54:45,174 [INFO] Epoch 036 | Train Loss: 2.4249 | Val Loss: 2.0460 | Val Acc: 0.3393
2025-06-22 02:54:45,187 [INFO] Epoch 037 | Train Loss: 2.1961 | Val Loss: 2.0643 | Val Acc: 0.3214
2025-06-22 02:54:45,211 [INFO] Epoch 038 | Train Loss: 2.1362 | Val Loss: 2.1003 | Val Acc: 0.3036
2025-06-22 02:54:45,225 [INFO] Epoch 039 | Train Loss: 2.4039 | Val Loss: 1.7882 | Val Acc: 0.3929
2025-06-22 02:54:45,244 [INFO] Epoch 040 | Train Loss: 2.2447 | Val Loss: 2.8639 | Val Acc: 0.2857
2025-06-22 02:54:45,807 [INFO] Epoch 041 | Train Loss: 2.3198 | Val Loss: 2.1443 | Val Acc: 0.3036
2025-06-22 02:54:45,821 [INFO] Epoch 042 | Train Loss: 2.1973 | Val Loss: 2.1326 | Val Acc: 0.3214
2025-06-22 02:54:45,835 [INFO] Epoch 043 | Train Loss: 2.0772 | Val Loss: 1.7724 | Val Acc: 0.5179
2025-06-22 02:54:45,838 [INFO] New best model at epoch 43 (Val Acc: 0.5179)
2025-06-22 02:54:45,850 [INFO] Epoch 044 | Train Loss: 2.0997 | Val Loss: 1.7571 | Val Acc: 0.3929
2025-06-22 02:54:45,863 [INFO] Epoch 045 | Train Loss: 1.8907 | Val Loss: 2.3576 | Val Acc: 0.2500
2025-06-22 02:54:45,877 [INFO] Epoch 046 | Train Loss: 1.8518 | Val Loss: 2.0076 | Val Acc: 0.3571
2025-06-22 02:54:45,899 [INFO] Epoch 047 | Train Loss: 1.9340 | Val Loss: 2.0744 | Val Acc: 0.3393
2025-06-22 02:54:45,912 [INFO] Epoch 048 | Train Loss: 1.9753 | Val Loss: 2.0848 | Val Acc: 0.3571
2025-06-22 02:54:45,926 [INFO] Epoch 049 | Train Loss: 1.9420 | Val Loss: 1.9958 | Val Acc: 0.3393
2025-06-22 02:54:45,940 [INFO] Epoch 050 | Train Loss: 1.9529 | Val Loss: 2.4740 | Val Acc: 0.3929
2025-06-22 02:54:46,484 [INFO] Epoch 051 | Train Loss: 2.0557 | Val Loss: 2.0898 | Val Acc: 0.3571
2025-06-22 02:54:46,499 [INFO] Epoch 052 | Train Loss: 2.1687 | Val Loss: 1.6604 | Val Acc: 0.3571
2025-06-22 02:54:46,513 [INFO] Epoch 053 | Train Loss: 1.9371 | Val Loss: 1.7347 | Val Acc: 0.3214
2025-06-22 02:54:46,527 [INFO] Epoch 054 | Train Loss: 1.8746 | Val Loss: 1.8454 | Val Acc: 0.3929
2025-06-22 02:54:46,541 [INFO] Epoch 055 | Train Loss: 1.7646 | Val Loss: 1.5895 | Val Acc: 0.3214
2025-06-22 02:54:46,554 [INFO] Epoch 056 | Train Loss: 1.7458 | Val Loss: 1.7679 | Val Acc: 0.3393
2025-06-22 02:54:46,568 [INFO] Epoch 057 | Train Loss: 2.0377 | Val Loss: 2.3703 | Val Acc: 0.3393
2025-06-22 02:54:46,581 [INFO] Epoch 058 | Train Loss: 1.8944 | Val Loss: 1.7728 | Val Acc: 0.4464
2025-06-22 02:54:46,602 [INFO] Epoch 059 | Train Loss: 1.9484 | Val Loss: 1.7386 | Val Acc: 0.3929
2025-06-22 02:54:46,617 [INFO] Epoch 060 | Train Loss: 1.9396 | Val Loss: 1.6899 | Val Acc: 0.4464
2025-06-22 02:54:47,167 [INFO] Epoch 061 | Train Loss: 1.8029 | Val Loss: 1.7523 | Val Acc: 0.3750
2025-06-22 02:54:47,182 [INFO] Epoch 062 | Train Loss: 1.7599 | Val Loss: 1.7143 | Val Acc: 0.3393
2025-06-22 02:54:47,195 [INFO] Epoch 063 | Train Loss: 1.9949 | Val Loss: 1.9565 | Val Acc: 0.3393
2025-06-22 02:54:47,209 [INFO] Epoch 064 | Train Loss: 1.8361 | Val Loss: 1.7845 | Val Acc: 0.3571
2025-06-22 02:54:47,223 [INFO] Epoch 065 | Train Loss: 1.6420 | Val Loss: 1.9863 | Val Acc: 0.2143
2025-06-22 02:54:47,236 [INFO] Epoch 066 | Train Loss: 1.8037 | Val Loss: 1.8560 | Val Acc: 0.3036
2025-06-22 02:54:47,250 [INFO] Epoch 067 | Train Loss: 1.5889 | Val Loss: 1.5327 | Val Acc: 0.4286
2025-06-22 02:54:47,270 [INFO] Epoch 068 | Train Loss: 1.6473 | Val Loss: 1.7192 | Val Acc: 0.2321
2025-06-22 02:54:47,284 [INFO] Epoch 069 | Train Loss: 1.6347 | Val Loss: 1.5910 | Val Acc: 0.3393
2025-06-22 02:54:47,299 [INFO] Epoch 070 | Train Loss: 1.7983 | Val Loss: 1.6444 | Val Acc: 0.3214
2025-06-22 02:54:48,093 [INFO] Epoch 071 | Train Loss: 1.7601 | Val Loss: 1.7749 | Val Acc: 0.3036
2025-06-22 02:54:48,106 [INFO] Epoch 072 | Train Loss: 1.6650 | Val Loss: 1.5392 | Val Acc: 0.3571
2025-06-22 02:54:48,120 [INFO] Epoch 073 | Train Loss: 1.5653 | Val Loss: 1.7501 | Val Acc: 0.3393
2025-06-22 02:54:48,133 [INFO] Epoch 074 | Train Loss: 1.5974 | Val Loss: 1.9485 | Val Acc: 0.2857
2025-06-22 02:54:48,147 [INFO] Epoch 075 | Train Loss: 1.6279 | Val Loss: 1.6349 | Val Acc: 0.3393
2025-06-22 02:54:48,163 [INFO] Epoch 076 | Train Loss: 1.7360 | Val Loss: 1.7521 | Val Acc: 0.3571
2025-06-22 02:54:48,180 [INFO] Epoch 077 | Train Loss: 1.6874 | Val Loss: 1.7060 | Val Acc: 0.3036
2025-06-22 02:54:48,194 [INFO] Epoch 078 | Train Loss: 1.5883 | Val Loss: 1.5719 | Val Acc: 0.3036
2025-06-22 02:54:48,208 [INFO] Epoch 079 | Train Loss: 1.8158 | Val Loss: 1.5860 | Val Acc: 0.3036
2025-06-22 02:54:48,222 [INFO] Epoch 080 | Train Loss: 1.4703 | Val Loss: 1.6283 | Val Acc: 0.3036
2025-06-22 02:54:48,757 [INFO] Epoch 081 | Train Loss: 1.4852 | Val Loss: 1.6636 | Val Acc: 0.3571
2025-06-22 02:54:48,771 [INFO] Epoch 082 | Train Loss: 1.5443 | Val Loss: 1.5286 | Val Acc: 0.4107
2025-06-22 02:54:48,784 [INFO] Epoch 083 | Train Loss: 1.5660 | Val Loss: 1.6051 | Val Acc: 0.2857
2025-06-22 02:54:48,798 [INFO] Epoch 084 | Train Loss: 1.3852 | Val Loss: 1.7918 | Val Acc: 0.3036
2025-06-22 02:54:48,812 [INFO] Epoch 085 | Train Loss: 1.4713 | Val Loss: 1.6578 | Val Acc: 0.2857
2025-06-22 02:54:48,826 [INFO] Epoch 086 | Train Loss: 1.4668 | Val Loss: 1.5113 | Val Acc: 0.3750
2025-06-22 02:54:48,839 [INFO] Epoch 087 | Train Loss: 1.4142 | Val Loss: 1.7096 | Val Acc: 0.3750
2025-06-22 02:54:48,854 [INFO] Epoch 088 | Train Loss: 1.4152 | Val Loss: 1.6022 | Val Acc: 0.3571
2025-06-22 02:54:48,881 [INFO] Epoch 089 | Train Loss: 1.4623 | Val Loss: 1.6469 | Val Acc: 0.2321
2025-06-22 02:54:48,899 [INFO] Epoch 090 | Train Loss: 1.3026 | Val Loss: 1.5279 | Val Acc: 0.4107
2025-06-22 02:54:50,105 [INFO] Epoch 091 | Train Loss: 1.4380 | Val Loss: 1.5878 | Val Acc: 0.3750
2025-06-22 02:54:50,119 [INFO] Epoch 092 | Train Loss: 1.4058 | Val Loss: 1.5877 | Val Acc: 0.3929
2025-06-22 02:54:50,133 [INFO] Epoch 093 | Train Loss: 1.4108 | Val Loss: 1.5731 | Val Acc: 0.3214
2025-06-22 02:54:50,147 [INFO] Epoch 094 | Train Loss: 1.3298 | Val Loss: 1.5378 | Val Acc: 0.3214
2025-06-22 02:54:50,161 [INFO] Epoch 095 | Train Loss: 1.4327 | Val Loss: 1.6668 | Val Acc: 0.2857
2025-06-22 02:54:50,180 [INFO] Epoch 096 | Train Loss: 1.3342 | Val Loss: 1.4590 | Val Acc: 0.3929
2025-06-22 02:54:50,195 [INFO] Epoch 097 | Train Loss: 1.3159 | Val Loss: 1.4083 | Val Acc: 0.4643
2025-06-22 02:54:50,209 [INFO] Epoch 098 | Train Loss: 1.4354 | Val Loss: 1.7707 | Val Acc: 0.4107
2025-06-22 02:54:50,224 [INFO] Epoch 099 | Train Loss: 1.3415 | Val Loss: 1.5936 | Val Acc: 0.3750
2025-06-22 02:54:50,237 [INFO] Epoch 100 | Train Loss: 1.4376 | Val Loss: 1.6663 | Val Acc: 0.2679
2025-06-22 02:54:50,751 [INFO] Epoch 101 | Train Loss: 1.3933 | Val Loss: 1.5235 | Val Acc: 0.3571
2025-06-22 02:54:50,766 [INFO] Epoch 102 | Train Loss: 1.3525 | Val Loss: 1.8873 | Val Acc: 0.2857
2025-06-22 02:54:50,780 [INFO] Epoch 103 | Train Loss: 1.5025 | Val Loss: 1.6861 | Val Acc: 0.3571
2025-06-22 02:54:50,794 [INFO] Epoch 104 | Train Loss: 1.5171 | Val Loss: 1.8479 | Val Acc: 0.3036
2025-06-22 02:54:50,808 [INFO] Epoch 105 | Train Loss: 1.5969 | Val Loss: 1.6990 | Val Acc: 0.3036
2025-06-22 02:54:50,822 [INFO] Epoch 106 | Train Loss: 1.4843 | Val Loss: 1.6427 | Val Acc: 0.3036
2025-06-22 02:54:50,836 [INFO] Epoch 107 | Train Loss: 1.3725 | Val Loss: 1.4949 | Val Acc: 0.3393
2025-06-22 02:54:50,849 [INFO] Epoch 108 | Train Loss: 1.2846 | Val Loss: 1.5579 | Val Acc: 0.3036
2025-06-22 02:54:50,863 [INFO] Epoch 109 | Train Loss: 1.2766 | Val Loss: 1.6206 | Val Acc: 0.3571
2025-06-22 02:54:50,878 [INFO] Epoch 110 | Train Loss: 1.3183 | Val Loss: 1.5236 | Val Acc: 0.3036
2025-06-22 02:54:51,433 [INFO] Epoch 111 | Train Loss: 1.3687 | Val Loss: 1.4141 | Val Acc: 0.3929
2025-06-22 02:54:51,447 [INFO] Epoch 112 | Train Loss: 1.3515 | Val Loss: 1.4192 | Val Acc: 0.3214
2025-06-22 02:54:51,461 [INFO] Epoch 113 | Train Loss: 1.2429 | Val Loss: 1.4929 | Val Acc: 0.3750
2025-06-22 02:54:51,475 [INFO] Epoch 114 | Train Loss: 1.2384 | Val Loss: 1.6188 | Val Acc: 0.2857
2025-06-22 02:54:51,489 [INFO] Epoch 115 | Train Loss: 1.3095 | Val Loss: 1.5351 | Val Acc: 0.3929
2025-06-22 02:54:51,503 [INFO] Epoch 116 | Train Loss: 1.3111 | Val Loss: 1.3848 | Val Acc: 0.4107
2025-06-22 02:54:51,516 [INFO] Epoch 117 | Train Loss: 1.2087 | Val Loss: 1.3752 | Val Acc: 0.3571
2025-06-22 02:54:51,533 [INFO] Epoch 118 | Train Loss: 1.1975 | Val Loss: 1.4695 | Val Acc: 0.3571
2025-06-22 02:54:51,551 [INFO] Epoch 119 | Train Loss: 1.2738 | Val Loss: 1.4365 | Val Acc: 0.3750
2025-06-22 02:54:51,564 [INFO] Epoch 120 | Train Loss: 1.3290 | Val Loss: 1.3979 | Val Acc: 0.4286
2025-06-22 02:54:53,203 [INFO] Epoch 121 | Train Loss: 1.2580 | Val Loss: 1.6157 | Val Acc: 0.3393
2025-06-22 02:54:53,226 [INFO] Epoch 122 | Train Loss: 1.3505 | Val Loss: 1.5838 | Val Acc: 0.3571
2025-06-22 02:54:53,281 [INFO] Epoch 123 | Train Loss: 1.2712 | Val Loss: 1.4156 | Val Acc: 0.3214
2025-06-22 02:54:53,305 [INFO] Epoch 124 | Train Loss: 1.2536 | Val Loss: 1.4098 | Val Acc: 0.4821
2025-06-22 02:54:53,325 [INFO] Epoch 125 | Train Loss: 1.3051 | Val Loss: 1.5016 | Val Acc: 0.3393
2025-06-22 02:54:53,348 [INFO] Epoch 126 | Train Loss: 1.2949 | Val Loss: 1.3969 | Val Acc: 0.3929
2025-06-22 02:54:53,371 [INFO] Epoch 127 | Train Loss: 1.2503 | Val Loss: 1.4373 | Val Acc: 0.4107
2025-06-22 02:54:53,394 [INFO] Epoch 128 | Train Loss: 1.2640 | Val Loss: 1.3705 | Val Acc: 0.4107
2025-06-22 02:54:53,415 [INFO] Epoch 129 | Train Loss: 1.3638 | Val Loss: 2.4825 | Val Acc: 0.2500
2025-06-22 02:54:53,435 [INFO] Epoch 130 | Train Loss: 1.3655 | Val Loss: 1.3891 | Val Acc: 0.4107
2025-06-22 02:54:53,957 [INFO] Epoch 131 | Train Loss: 1.3332 | Val Loss: 1.4327 | Val Acc: 0.3929
2025-06-22 02:54:53,971 [INFO] Epoch 132 | Train Loss: 1.3109 | Val Loss: 1.4355 | Val Acc: 0.4107
2025-06-22 02:54:53,985 [INFO] Epoch 133 | Train Loss: 1.3301 | Val Loss: 1.4670 | Val Acc: 0.3393
2025-06-22 02:54:53,999 [INFO] Epoch 134 | Train Loss: 1.2770 | Val Loss: 1.5297 | Val Acc: 0.3393
2025-06-22 02:54:54,014 [INFO] Epoch 135 | Train Loss: 1.2891 | Val Loss: 1.5043 | Val Acc: 0.3571
2025-06-22 02:54:54,027 [INFO] Epoch 136 | Train Loss: 1.3323 | Val Loss: 1.4907 | Val Acc: 0.4286
2025-06-22 02:54:54,041 [INFO] Epoch 137 | Train Loss: 1.4153 | Val Loss: 1.4944 | Val Acc: 0.3214
2025-06-22 02:54:54,055 [INFO] Epoch 138 | Train Loss: 1.4503 | Val Loss: 1.7238 | Val Acc: 0.3036
2025-06-22 02:54:54,069 [INFO] Epoch 139 | Train Loss: 1.3901 | Val Loss: 1.8784 | Val Acc: 0.3036
2025-06-22 02:54:54,096 [INFO] Epoch 140 | Train Loss: 1.4279 | Val Loss: 1.5888 | Val Acc: 0.3571
2025-06-22 02:54:54,668 [INFO] Epoch 141 | Train Loss: 1.3955 | Val Loss: 1.4900 | Val Acc: 0.2857
2025-06-22 02:54:54,683 [INFO] Epoch 142 | Train Loss: 1.2190 | Val Loss: 1.4285 | Val Acc: 0.4107
2025-06-22 02:54:54,698 [INFO] Epoch 143 | Train Loss: 1.2396 | Val Loss: 1.4436 | Val Acc: 0.3929
2025-06-22 02:54:54,712 [INFO] Epoch 144 | Train Loss: 1.3066 | Val Loss: 1.3448 | Val Acc: 0.4821
2025-06-22 02:54:54,726 [INFO] Epoch 145 | Train Loss: 1.2960 | Val Loss: 1.3055 | Val Acc: 0.4286
2025-06-22 02:54:54,746 [INFO] Epoch 146 | Train Loss: 1.2392 | Val Loss: 1.5678 | Val Acc: 0.2500
2025-06-22 02:54:54,761 [INFO] Epoch 147 | Train Loss: 1.2417 | Val Loss: 1.6174 | Val Acc: 0.3214
2025-06-22 02:54:54,775 [INFO] Epoch 148 | Train Loss: 1.2499 | Val Loss: 1.5178 | Val Acc: 0.2679
2025-06-22 02:54:54,789 [INFO] Epoch 149 | Train Loss: 1.3729 | Val Loss: 1.5117 | Val Acc: 0.4107
2025-06-22 02:54:54,803 [INFO] Epoch 150 | Train Loss: 1.3681 | Val Loss: 1.5983 | Val Acc: 0.3036
2025-06-22 02:54:55,332 [INFO] Best model saved to <built-in function time>/ENZYMES/best/best_source_gin.pth (Val Acc: 0.5179 at epoch 43)
2025-06-22 02:54:55,333 [INFO] Training/validation metrics saved to <built-in function time>/ENZYMES/GIN_0.001/train_metrics.csv
2025-06-22 02:54:55,859 [INFO] Final training curves saved
2025-06-22 02:54:55,859 [INFO] Training completed!
2025-06-22 02:54:55,863 [INFO] Best validation accuracy: 0.5179
2025-06-22 02:54:55,863 [INFO] Best epoch: 43
2025-06-22 02:54:55,863 [INFO] Total epochs trained: 150
2025-06-22 02:54:55,863 [INFO] Starting training with parameters: (0.001, 0.2, 256, 1, 150, 0.001)
