2025-06-21 23:10:56,351 [INFO] Using device: cpu
2025-06-21 23:10:56,351 [INFO] 开始创建数据加载器...
2025-06-21 23:10:56,354 [INFO] Successfully loaded dataset ENZYMES from ./data, total graphs: 600
2025-06-21 23:10:56,354 [INFO] Class allocation analysis:
2025-06-21 23:10:56,354 [INFO]   Source classes: [0, 1, 2, 3]
2025-06-21 23:10:56,354 [INFO]   Target classes: [0, 1, 2, 3, 4, 5]
2025-06-21 23:10:56,354 [INFO]   Overlap classes (to be split): [0, 1, 2, 3]
2025-06-21 23:10:56,354 [INFO]   Target novel classes (unknown): [4, 5]
2025-06-21 23:10:56,368 [INFO]   Class 0: 100 total -> Source: 70, Target: 30
2025-06-21 23:10:56,368 [INFO]   Class 1: 100 total -> Source: 70, Target: 30
2025-06-21 23:10:56,368 [INFO]   Class 2: 100 total -> Source: 70, Target: 30
2025-06-21 23:10:56,368 [INFO]   Class 3: 100 total -> Source: 70, Target: 30
2025-06-21 23:10:56,369 [INFO]   Class 4 (novel/unknown): 100 samples -> Target
2025-06-21 23:10:56,369 [INFO]   Class 5 (novel/unknown): 100 samples -> Target
2025-06-21 23:10:56,369 [INFO] Final allocation:
2025-06-21 23:10:56,369 [INFO]   Source domain: 280 samples
2025-06-21 23:10:56,369 [INFO]   Target domain: 320 samples
2025-06-21 23:10:56,370 [INFO] Source domain setup:
2025-06-21 23:10:56,370 [INFO]   Original classes: [0, 1, 2, 3]
2025-06-21 23:10:56,370 [INFO]   Overlap classes used: [0, 1, 2, 3]
2025-06-21 23:10:56,370 [INFO]   Label mapping: {0: 0, 1: 1, 2: 2, 3: 3}
2025-06-21 23:10:56,370 [INFO]   Total data after allocation: 280
2025-06-21 23:10:56,370 [INFO]   Data split - Train: 224, Val: 56
2025-06-21 23:10:56,370 [INFO]   Train label distribution: {0: 56, 1: 56, 3: 56, 2: 56}
2025-06-21 23:10:56,370 [INFO]   Val label distribution: {1: 14, 2: 14, 0: 14, 3: 14}
2025-06-21 23:10:56,371 [INFO] Successfully loaded dataset ENZYMES from ./data, total graphs: 600
2025-06-21 23:10:56,371 [INFO] Class allocation analysis:
2025-06-21 23:10:56,371 [INFO]   Source classes: [0, 1, 2, 3]
2025-06-21 23:10:56,371 [INFO]   Target classes: [0, 1, 2, 3, 4, 5]
2025-06-21 23:10:56,371 [INFO]   Overlap classes (to be split): [0, 1, 2, 3]
2025-06-21 23:10:56,371 [INFO]   Target novel classes (unknown): [4, 5]
2025-06-21 23:10:56,384 [INFO]   Class 0: 100 total -> Source: 70, Target: 30
2025-06-21 23:10:56,384 [INFO]   Class 1: 100 total -> Source: 70, Target: 30
2025-06-21 23:10:56,385 [INFO]   Class 2: 100 total -> Source: 70, Target: 30
2025-06-21 23:10:56,385 [INFO]   Class 3: 100 total -> Source: 70, Target: 30
2025-06-21 23:10:56,385 [INFO]   Class 4 (novel/unknown): 100 samples -> Target
2025-06-21 23:10:56,385 [INFO]   Class 5 (novel/unknown): 100 samples -> Target
2025-06-21 23:10:56,385 [INFO] Final allocation:
2025-06-21 23:10:56,385 [INFO]   Source domain: 280 samples
2025-06-21 23:10:56,385 [INFO]   Target domain: 320 samples
2025-06-21 23:10:56,386 [INFO] Target domain setup:
2025-06-21 23:10:56,386 [INFO]   Original classes: [0, 1, 2, 3, 4, 5]
2025-06-21 23:10:56,386 [INFO]   Overlap classes: [0, 1, 2, 3]
2025-06-21 23:10:56,386 [INFO]   Novel classes: [4, 5] -> mapped to unknown label 4
2025-06-21 23:10:56,386 [INFO]   Label mapping: {0: 0, 1: 1, 2: 2, 3: 3, 4: 4, 5: 4}
2025-06-21 23:10:56,386 [INFO]   Total data after allocation: 320
2025-06-21 23:10:56,386 [INFO]   Data split - Train: 256, Val: 64
2025-06-21 23:10:56,386 [INFO]   Total count: 320 (known: 120, unknown: 200)
2025-06-21 23:10:56,386 [INFO]   Total label distribution: {4: 200, 3: 30, 0: 30, 1: 30, 2: 30}
2025-06-21 23:10:56,387 [INFO]   Train label distribution: {4: 160, 0: 24, 2: 24, 3: 24, 1: 24}
2025-06-21 23:10:56,387 [INFO]   Val label distribution: {1: 6, 4: 40, 3: 6, 0: 6, 2: 6}
2025-06-21 23:10:56,387 [INFO] 数据加载器创建完成!
2025-06-21 23:10:56,387 [INFO] 源域类别数: 4 (重叠类别)
2025-06-21 23:10:56,387 [INFO] 目标域类别数: 5 (4个重叠类别 + 1个未知类别)
2025-06-21 23:10:56,387 [INFO] 重叠类别: [0, 1, 2, 3]
2025-06-21 23:10:56,387 [INFO] 目标域新类别: [4, 5]
2025-06-21 23:10:56,387 [INFO] Data allocation verification:
2025-06-21 23:10:56,387 [INFO]   Source data samples: 280
2025-06-21 23:10:56,387 [INFO]   Target data samples: 320
2025-06-21 23:10:56,387 [INFO]   Overlapping samples: 0
2025-06-21 23:10:56,387 [INFO]   ✓ Data allocation is correct - no overlapping samples
2025-06-21 23:10:56,389 [INFO] Model initialized with 334084 parameters
2025-06-21 23:10:56,389 [INFO] Previous best validation accuracy read from record.txt: 0.6250
2025-06-21 23:10:56,389 [INFO] Starting training...
2025-06-21 23:10:56,433 [INFO] Epoch 001 | Train Loss: 9.7198 | Val Loss: 2.2849 | Val Acc: 0.2500
2025-06-21 23:10:56,862 [INFO] New best model at epoch 1 (Val Acc: 0.2500)
2025-06-21 23:10:56,917 [INFO] Epoch 002 | Train Loss: 5.9146 | Val Loss: 2.1205 | Val Acc: 0.2321
2025-06-21 23:10:56,981 [INFO] Epoch 003 | Train Loss: 3.9590 | Val Loss: 2.4708 | Val Acc: 0.2679
2025-06-21 23:10:56,988 [INFO] New best model at epoch 3 (Val Acc: 0.2679)
2025-06-21 23:10:57,028 [INFO] Epoch 004 | Train Loss: 3.3253 | Val Loss: 3.6483 | Val Acc: 0.2321
2025-06-21 23:10:57,079 [INFO] Epoch 005 | Train Loss: 2.4302 | Val Loss: 3.5347 | Val Acc: 0.2143
2025-06-21 23:10:57,127 [INFO] Epoch 006 | Train Loss: 1.9296 | Val Loss: 2.7564 | Val Acc: 0.3571
2025-06-21 23:10:57,135 [INFO] New best model at epoch 6 (Val Acc: 0.3571)
2025-06-21 23:10:57,177 [INFO] Epoch 007 | Train Loss: 2.3160 | Val Loss: 2.9848 | Val Acc: 0.4107
2025-06-21 23:10:57,186 [INFO] New best model at epoch 7 (Val Acc: 0.4107)
2025-06-21 23:10:57,228 [INFO] Epoch 008 | Train Loss: 1.8684 | Val Loss: 3.7797 | Val Acc: 0.3036
2025-06-21 23:10:57,277 [INFO] Epoch 009 | Train Loss: 1.8493 | Val Loss: 2.4099 | Val Acc: 0.3750
2025-06-21 23:10:57,327 [INFO] Epoch 010 | Train Loss: 1.6489 | Val Loss: 2.1787 | Val Acc: 0.3750
2025-06-21 23:10:58,245 [INFO] Epoch 011 | Train Loss: 1.7361 | Val Loss: 2.3624 | Val Acc: 0.3571
2025-06-21 23:10:58,295 [INFO] Epoch 012 | Train Loss: 1.8908 | Val Loss: 2.4255 | Val Acc: 0.3571
2025-06-21 23:10:58,343 [INFO] Epoch 013 | Train Loss: 1.7792 | Val Loss: 2.3362 | Val Acc: 0.3393
2025-06-21 23:10:58,391 [INFO] Epoch 014 | Train Loss: 1.7002 | Val Loss: 1.9565 | Val Acc: 0.4464
2025-06-21 23:10:58,399 [INFO] New best model at epoch 14 (Val Acc: 0.4464)
2025-06-21 23:10:58,440 [INFO] Epoch 015 | Train Loss: 1.2942 | Val Loss: 2.2662 | Val Acc: 0.4107
2025-06-21 23:10:58,489 [INFO] Epoch 016 | Train Loss: 1.1127 | Val Loss: 2.5682 | Val Acc: 0.3393
2025-06-21 23:10:58,540 [INFO] Epoch 017 | Train Loss: 1.3281 | Val Loss: 2.8752 | Val Acc: 0.4107
2025-06-21 23:10:58,588 [INFO] Epoch 018 | Train Loss: 1.3040 | Val Loss: 1.8296 | Val Acc: 0.4464
2025-06-21 23:10:58,635 [INFO] Epoch 019 | Train Loss: 1.1649 | Val Loss: 1.9119 | Val Acc: 0.4643
2025-06-21 23:10:58,643 [INFO] New best model at epoch 19 (Val Acc: 0.4643)
2025-06-21 23:10:58,685 [INFO] Epoch 020 | Train Loss: 1.2983 | Val Loss: 2.7105 | Val Acc: 0.3750
2025-06-21 23:10:59,066 [INFO] Epoch 021 | Train Loss: 1.1892 | Val Loss: 2.5316 | Val Acc: 0.4464
2025-06-21 23:10:59,128 [INFO] Epoch 022 | Train Loss: 0.9608 | Val Loss: 3.0230 | Val Acc: 0.3214
2025-06-21 23:10:59,176 [INFO] Epoch 023 | Train Loss: 1.0935 | Val Loss: 2.7888 | Val Acc: 0.3036
2025-06-21 23:10:59,222 [INFO] Epoch 024 | Train Loss: 1.0487 | Val Loss: 2.6947 | Val Acc: 0.3571
2025-06-21 23:10:59,273 [INFO] Epoch 025 | Train Loss: 0.9584 | Val Loss: 1.9509 | Val Acc: 0.4286
2025-06-21 23:10:59,319 [INFO] Epoch 026 | Train Loss: 0.8627 | Val Loss: 2.1485 | Val Acc: 0.4286
2025-06-21 23:10:59,367 [INFO] Epoch 027 | Train Loss: 0.9394 | Val Loss: 2.2966 | Val Acc: 0.3929
2025-06-21 23:10:59,416 [INFO] Epoch 028 | Train Loss: 0.8319 | Val Loss: 2.1456 | Val Acc: 0.4643
2025-06-21 23:10:59,464 [INFO] Epoch 029 | Train Loss: 0.9753 | Val Loss: 2.9830 | Val Acc: 0.2857
2025-06-21 23:10:59,516 [INFO] Epoch 030 | Train Loss: 1.0387 | Val Loss: 2.6926 | Val Acc: 0.3929
2025-06-21 23:10:59,972 [INFO] Epoch 031 | Train Loss: 1.0872 | Val Loss: 2.4853 | Val Acc: 0.4286
2025-06-21 23:11:00,043 [INFO] Epoch 032 | Train Loss: 0.7137 | Val Loss: 1.8286 | Val Acc: 0.5714
2025-06-21 23:11:00,061 [INFO] New best model at epoch 32 (Val Acc: 0.5714)
2025-06-21 23:11:00,160 [INFO] Epoch 033 | Train Loss: 0.8861 | Val Loss: 2.7298 | Val Acc: 0.3214
2025-06-21 23:11:00,212 [INFO] Epoch 034 | Train Loss: 0.6645 | Val Loss: 2.2067 | Val Acc: 0.4821
2025-06-21 23:11:00,267 [INFO] Epoch 035 | Train Loss: 1.2767 | Val Loss: 2.4369 | Val Acc: 0.4464
2025-06-21 23:11:00,321 [INFO] Epoch 036 | Train Loss: 0.7758 | Val Loss: 2.9938 | Val Acc: 0.4643
2025-06-21 23:11:00,369 [INFO] Epoch 037 | Train Loss: 0.7319 | Val Loss: 3.5681 | Val Acc: 0.3393
2025-06-21 23:11:00,417 [INFO] Epoch 038 | Train Loss: 0.9277 | Val Loss: 2.3874 | Val Acc: 0.4286
2025-06-21 23:11:00,473 [INFO] Epoch 039 | Train Loss: 0.6767 | Val Loss: 2.1926 | Val Acc: 0.4464
2025-06-21 23:11:00,520 [INFO] Epoch 040 | Train Loss: 0.7248 | Val Loss: 2.6669 | Val Acc: 0.3929
2025-06-21 23:11:00,919 [INFO] Epoch 041 | Train Loss: 0.7070 | Val Loss: 2.9625 | Val Acc: 0.4286
2025-06-21 23:11:00,980 [INFO] Epoch 042 | Train Loss: 0.8352 | Val Loss: 2.5711 | Val Acc: 0.4464
2025-06-21 23:11:01,028 [INFO] Epoch 043 | Train Loss: 0.7931 | Val Loss: 2.7054 | Val Acc: 0.3750
2025-06-21 23:11:01,076 [INFO] Epoch 044 | Train Loss: 0.7466 | Val Loss: 2.8564 | Val Acc: 0.4643
2025-06-21 23:11:01,125 [INFO] Epoch 045 | Train Loss: 0.8942 | Val Loss: 2.5306 | Val Acc: 0.4821
2025-06-21 23:11:01,171 [INFO] Epoch 046 | Train Loss: 0.7500 | Val Loss: 2.3468 | Val Acc: 0.5000
2025-06-21 23:11:01,220 [INFO] Epoch 047 | Train Loss: 0.8048 | Val Loss: 3.6164 | Val Acc: 0.3571
2025-06-21 23:11:01,270 [INFO] Epoch 048 | Train Loss: 0.8827 | Val Loss: 3.1065 | Val Acc: 0.4464
2025-06-21 23:11:01,322 [INFO] Epoch 049 | Train Loss: 0.8020 | Val Loss: 2.8822 | Val Acc: 0.4643
2025-06-21 23:11:01,370 [INFO] Epoch 050 | Train Loss: 0.7002 | Val Loss: 2.3876 | Val Acc: 0.4286
2025-06-21 23:11:01,752 [INFO] Epoch 051 | Train Loss: 0.7467 | Val Loss: 2.3006 | Val Acc: 0.4107
2025-06-21 23:11:01,801 [INFO] Epoch 052 | Train Loss: 0.4974 | Val Loss: 2.8724 | Val Acc: 0.3393
2025-06-21 23:11:01,861 [INFO] Epoch 053 | Train Loss: 0.4606 | Val Loss: 2.8111 | Val Acc: 0.3571
2025-06-21 23:11:01,918 [INFO] Epoch 054 | Train Loss: 0.3812 | Val Loss: 3.2948 | Val Acc: 0.3929
2025-06-21 23:11:01,967 [INFO] Epoch 055 | Train Loss: 0.5041 | Val Loss: 2.0379 | Val Acc: 0.5000
2025-06-21 23:11:02,014 [INFO] Epoch 056 | Train Loss: 0.5031 | Val Loss: 10.6366 | Val Acc: 0.4107
2025-06-21 23:11:02,063 [INFO] Epoch 057 | Train Loss: 0.6273 | Val Loss: 3.8898 | Val Acc: 0.3571
2025-06-21 23:11:02,109 [INFO] Epoch 058 | Train Loss: 0.5942 | Val Loss: 2.7753 | Val Acc: 0.3750
2025-06-21 23:11:02,155 [INFO] Epoch 059 | Train Loss: 0.4895 | Val Loss: 2.7794 | Val Acc: 0.4821
2025-06-21 23:11:02,204 [INFO] Epoch 060 | Train Loss: 0.6690 | Val Loss: 2.4787 | Val Acc: 0.4643
2025-06-21 23:11:02,592 [INFO] Epoch 061 | Train Loss: 0.4664 | Val Loss: 3.2901 | Val Acc: 0.3571
2025-06-21 23:11:02,637 [INFO] Epoch 062 | Train Loss: 0.4505 | Val Loss: 2.0923 | Val Acc: 0.5893
2025-06-21 23:11:02,646 [INFO] New best model at epoch 62 (Val Acc: 0.5893)
2025-06-21 23:11:02,687 [INFO] Epoch 063 | Train Loss: 0.2696 | Val Loss: 2.6794 | Val Acc: 0.5179
2025-06-21 23:11:02,756 [INFO] Epoch 064 | Train Loss: 0.3314 | Val Loss: 2.5776 | Val Acc: 0.5000
2025-06-21 23:11:02,807 [INFO] Epoch 065 | Train Loss: 0.3873 | Val Loss: 3.4066 | Val Acc: 0.4464
2025-06-21 23:11:02,857 [INFO] Epoch 066 | Train Loss: 0.4031 | Val Loss: 3.5743 | Val Acc: 0.3750
2025-06-21 23:11:02,906 [INFO] Epoch 067 | Train Loss: 0.3876 | Val Loss: 3.3178 | Val Acc: 0.3036
2025-06-21 23:11:02,953 [INFO] Epoch 068 | Train Loss: 0.4863 | Val Loss: 3.7474 | Val Acc: 0.3750
2025-06-21 23:11:03,001 [INFO] Epoch 069 | Train Loss: 0.4879 | Val Loss: 3.4331 | Val Acc: 0.4107
2025-06-21 23:11:03,048 [INFO] Epoch 070 | Train Loss: 0.3458 | Val Loss: 3.1725 | Val Acc: 0.4464
2025-06-21 23:11:03,790 [INFO] Epoch 071 | Train Loss: 0.3476 | Val Loss: 3.3660 | Val Acc: 0.3929
2025-06-21 23:11:03,849 [INFO] Epoch 072 | Train Loss: 0.6630 | Val Loss: 3.0938 | Val Acc: 0.4286
2025-06-21 23:11:03,895 [INFO] Epoch 073 | Train Loss: 0.6344 | Val Loss: 3.0431 | Val Acc: 0.4464
2025-06-21 23:11:03,943 [INFO] Epoch 074 | Train Loss: 0.3179 | Val Loss: 3.7965 | Val Acc: 0.4464
2025-06-21 23:11:03,992 [INFO] Epoch 075 | Train Loss: 0.7754 | Val Loss: 2.8824 | Val Acc: 0.4821
2025-06-21 23:11:04,039 [INFO] Epoch 076 | Train Loss: 0.3745 | Val Loss: 3.7966 | Val Acc: 0.3750
2025-06-21 23:11:04,086 [INFO] Epoch 077 | Train Loss: 0.7558 | Val Loss: 4.0195 | Val Acc: 0.4464
2025-06-21 23:11:04,133 [INFO] Epoch 078 | Train Loss: 0.7968 | Val Loss: 3.7519 | Val Acc: 0.3929
2025-06-21 23:11:04,183 [INFO] Epoch 079 | Train Loss: 0.5743 | Val Loss: 2.7833 | Val Acc: 0.3750
2025-06-21 23:11:04,234 [INFO] Epoch 080 | Train Loss: 0.7737 | Val Loss: 4.3925 | Val Acc: 0.3929
2025-06-21 23:11:04,622 [INFO] Epoch 081 | Train Loss: 0.8046 | Val Loss: 4.3545 | Val Acc: 0.4286
2025-06-21 23:11:04,689 [INFO] Epoch 082 | Train Loss: 0.5961 | Val Loss: 3.8010 | Val Acc: 0.4107
2025-06-21 23:11:04,742 [INFO] Epoch 083 | Train Loss: 0.3751 | Val Loss: 3.8045 | Val Acc: 0.3393
2025-06-21 23:11:04,790 [INFO] Epoch 084 | Train Loss: 0.8722 | Val Loss: 4.3187 | Val Acc: 0.4464
2025-06-21 23:11:04,883 [INFO] Epoch 085 | Train Loss: 0.8882 | Val Loss: 4.0439 | Val Acc: 0.3750
2025-06-21 23:11:04,933 [INFO] Epoch 086 | Train Loss: 0.5964 | Val Loss: 4.6420 | Val Acc: 0.3750
2025-06-21 23:11:04,984 [INFO] Epoch 087 | Train Loss: 0.6499 | Val Loss: 3.9319 | Val Acc: 0.4464
2025-06-21 23:11:05,036 [INFO] Epoch 088 | Train Loss: 0.4047 | Val Loss: 4.2848 | Val Acc: 0.3929
2025-06-21 23:11:05,083 [INFO] Epoch 089 | Train Loss: 0.4895 | Val Loss: 3.2339 | Val Acc: 0.3750
2025-06-21 23:11:05,130 [INFO] Epoch 090 | Train Loss: 0.7973 | Val Loss: 3.8833 | Val Acc: 0.4107
2025-06-21 23:11:05,773 [INFO] Epoch 091 | Train Loss: 0.4988 | Val Loss: 3.6596 | Val Acc: 0.3929
2025-06-21 23:11:05,834 [INFO] Epoch 092 | Train Loss: 0.3345 | Val Loss: 3.0981 | Val Acc: 0.5000
2025-06-21 23:11:05,880 [INFO] Epoch 093 | Train Loss: 0.2998 | Val Loss: 3.3888 | Val Acc: 0.3750
2025-06-21 23:11:05,929 [INFO] Epoch 094 | Train Loss: 0.3179 | Val Loss: 3.5303 | Val Acc: 0.4286
2025-06-21 23:11:05,981 [INFO] Epoch 095 | Train Loss: 0.2160 | Val Loss: 3.5052 | Val Acc: 0.4464
2025-06-21 23:11:06,028 [INFO] Epoch 096 | Train Loss: 0.2599 | Val Loss: 4.4488 | Val Acc: 0.4464
2025-06-21 23:11:06,080 [INFO] Epoch 097 | Train Loss: 0.2544 | Val Loss: 4.3547 | Val Acc: 0.4464
2025-06-21 23:11:06,129 [INFO] Epoch 098 | Train Loss: 0.2181 | Val Loss: 3.4503 | Val Acc: 0.3750
2025-06-21 23:11:06,179 [INFO] Epoch 099 | Train Loss: 0.1544 | Val Loss: 3.8254 | Val Acc: 0.3750
2025-06-21 23:11:06,226 [INFO] Epoch 100 | Train Loss: 0.3166 | Val Loss: 3.3174 | Val Acc: 0.5179
2025-06-21 23:11:06,634 [INFO] Epoch 101 | Train Loss: 0.4494 | Val Loss: 3.2840 | Val Acc: 0.4464
2025-06-21 23:11:06,695 [INFO] Epoch 102 | Train Loss: 0.3092 | Val Loss: 4.0521 | Val Acc: 0.4107
2025-06-21 23:11:06,742 [INFO] Epoch 103 | Train Loss: 0.5170 | Val Loss: 2.7157 | Val Acc: 0.4821
2025-06-21 23:11:06,792 [INFO] Epoch 104 | Train Loss: 0.5257 | Val Loss: 3.0172 | Val Acc: 0.5000
2025-06-21 23:11:06,841 [INFO] Epoch 105 | Train Loss: 0.3989 | Val Loss: 4.5332 | Val Acc: 0.3036
2025-06-21 23:11:06,893 [INFO] Epoch 106 | Train Loss: 0.3454 | Val Loss: 4.0514 | Val Acc: 0.4286
2025-06-21 23:11:06,940 [INFO] Epoch 107 | Train Loss: 0.2619 | Val Loss: 4.2876 | Val Acc: 0.3750
2025-06-21 23:11:06,989 [INFO] Epoch 108 | Train Loss: 0.3048 | Val Loss: 2.8869 | Val Acc: 0.5000
2025-06-21 23:11:07,037 [INFO] Epoch 109 | Train Loss: 0.3413 | Val Loss: 2.4689 | Val Acc: 0.5179
2025-06-21 23:11:07,085 [INFO] Epoch 110 | Train Loss: 0.2259 | Val Loss: 3.4788 | Val Acc: 0.4464
2025-06-21 23:11:07,538 [INFO] Epoch 111 | Train Loss: 0.2644 | Val Loss: 3.3768 | Val Acc: 0.3750
2025-06-21 23:11:07,611 [INFO] Epoch 112 | Train Loss: 0.2742 | Val Loss: 3.5506 | Val Acc: 0.4464
2025-06-21 23:11:07,679 [INFO] Epoch 113 | Train Loss: 0.1413 | Val Loss: 3.2625 | Val Acc: 0.4286
2025-06-21 23:11:07,744 [INFO] Epoch 114 | Train Loss: 0.1643 | Val Loss: 3.3685 | Val Acc: 0.4107
2025-06-21 23:11:07,811 [INFO] Epoch 115 | Train Loss: 0.1371 | Val Loss: 3.2272 | Val Acc: 0.4464
2025-06-21 23:11:07,881 [INFO] Epoch 116 | Train Loss: 0.1472 | Val Loss: 4.0720 | Val Acc: 0.4107
2025-06-21 23:11:07,954 [INFO] Epoch 117 | Train Loss: 0.1987 | Val Loss: 3.6381 | Val Acc: 0.4821
2025-06-21 23:11:08,030 [INFO] Epoch 118 | Train Loss: 0.2415 | Val Loss: 3.7190 | Val Acc: 0.4464
2025-06-21 23:11:08,078 [INFO] Epoch 119 | Train Loss: 0.1396 | Val Loss: 3.3828 | Val Acc: 0.4464
2025-06-21 23:11:08,125 [INFO] Epoch 120 | Train Loss: 0.2082 | Val Loss: 3.2802 | Val Acc: 0.4107
2025-06-21 23:11:08,508 [INFO] Epoch 121 | Train Loss: 0.3182 | Val Loss: 3.4872 | Val Acc: 0.4107
2025-06-21 23:11:08,567 [INFO] Epoch 122 | Train Loss: 0.2780 | Val Loss: 4.1172 | Val Acc: 0.3929
2025-06-21 23:11:08,614 [INFO] Epoch 123 | Train Loss: 0.3483 | Val Loss: 3.5028 | Val Acc: 0.4643
2025-06-21 23:11:08,663 [INFO] Epoch 124 | Train Loss: 0.1912 | Val Loss: 3.0181 | Val Acc: 0.4643
2025-06-21 23:11:08,719 [INFO] Epoch 125 | Train Loss: 0.3212 | Val Loss: 3.4640 | Val Acc: 0.4107
2025-06-21 23:11:08,768 [INFO] Epoch 126 | Train Loss: 0.4084 | Val Loss: 3.9785 | Val Acc: 0.3750
2025-06-21 23:11:08,818 [INFO] Epoch 127 | Train Loss: 0.4411 | Val Loss: 3.4109 | Val Acc: 0.4464
2025-06-21 23:11:08,867 [INFO] Epoch 128 | Train Loss: 0.3736 | Val Loss: 4.8278 | Val Acc: 0.4107
2025-06-21 23:11:08,915 [INFO] Epoch 129 | Train Loss: 0.5686 | Val Loss: 4.0615 | Val Acc: 0.3036
2025-06-21 23:11:08,963 [INFO] Epoch 130 | Train Loss: 0.2765 | Val Loss: 3.9438 | Val Acc: 0.4464
2025-06-21 23:11:09,504 [INFO] Epoch 131 | Train Loss: 0.3103 | Val Loss: 4.4006 | Val Acc: 0.4464
2025-06-21 23:11:09,585 [INFO] Epoch 132 | Train Loss: 0.4679 | Val Loss: 3.8755 | Val Acc: 0.4464
2025-06-21 23:11:09,653 [INFO] Epoch 133 | Train Loss: 0.4328 | Val Loss: 3.8997 | Val Acc: 0.4286
2025-06-21 23:11:09,725 [INFO] Epoch 134 | Train Loss: 0.2882 | Val Loss: 4.4683 | Val Acc: 0.3750
2025-06-21 23:11:09,796 [INFO] Epoch 135 | Train Loss: 0.6338 | Val Loss: 4.1693 | Val Acc: 0.4643
2025-06-21 23:11:09,865 [INFO] Epoch 136 | Train Loss: 0.2665 | Val Loss: 4.6718 | Val Acc: 0.3571
2025-06-21 23:11:09,938 [INFO] Epoch 137 | Train Loss: 0.2962 | Val Loss: 3.4278 | Val Acc: 0.4464
2025-06-21 23:11:10,018 [INFO] Epoch 138 | Train Loss: 0.5627 | Val Loss: 3.6200 | Val Acc: 0.3571
2025-06-21 23:11:10,086 [INFO] Epoch 139 | Train Loss: 0.6538 | Val Loss: 4.2540 | Val Acc: 0.4464
2025-06-21 23:11:10,158 [INFO] Epoch 140 | Train Loss: 0.2759 | Val Loss: 3.4284 | Val Acc: 0.4464
2025-06-21 23:11:10,598 [INFO] Epoch 141 | Train Loss: 0.3618 | Val Loss: 3.6144 | Val Acc: 0.3750
2025-06-21 23:11:10,668 [INFO] Epoch 142 | Train Loss: 0.3458 | Val Loss: 3.6651 | Val Acc: 0.3571
2025-06-21 23:11:10,740 [INFO] Epoch 143 | Train Loss: 0.5284 | Val Loss: 4.6617 | Val Acc: 0.4107
2025-06-21 23:11:10,811 [INFO] Epoch 144 | Train Loss: 0.2913 | Val Loss: 3.5314 | Val Acc: 0.4286
2025-06-21 23:11:10,885 [INFO] Epoch 145 | Train Loss: 0.2297 | Val Loss: 3.5528 | Val Acc: 0.4464
2025-06-21 23:11:10,956 [INFO] Epoch 146 | Train Loss: 0.2814 | Val Loss: 3.8957 | Val Acc: 0.4286
2025-06-21 23:11:11,025 [INFO] Epoch 147 | Train Loss: 0.3750 | Val Loss: 3.7074 | Val Acc: 0.4643
2025-06-21 23:11:11,109 [INFO] Epoch 148 | Train Loss: 0.2386 | Val Loss: 3.7384 | Val Acc: 0.4464
2025-06-21 23:11:11,175 [INFO] Epoch 149 | Train Loss: 0.3222 | Val Loss: 4.1021 | Val Acc: 0.4464
2025-06-21 23:11:11,242 [INFO] Epoch 150 | Train Loss: 0.2840 | Val Loss: 3.4499 | Val Acc: 0.4286
2025-06-21 23:11:11,704 [INFO] Epoch 151 | Train Loss: 0.4074 | Val Loss: 3.8825 | Val Acc: 0.4643
2025-06-21 23:11:11,776 [INFO] Epoch 152 | Train Loss: 0.3209 | Val Loss: 4.3437 | Val Acc: 0.3571
2025-06-21 23:11:11,846 [INFO] Epoch 153 | Train Loss: 0.2676 | Val Loss: 4.2227 | Val Acc: 0.4643
2025-06-21 23:11:11,917 [INFO] Epoch 154 | Train Loss: 0.2745 | Val Loss: 4.8807 | Val Acc: 0.3929
2025-06-21 23:11:11,966 [INFO] Epoch 155 | Train Loss: 0.2463 | Val Loss: 4.7843 | Val Acc: 0.4464
2025-06-21 23:11:12,018 [INFO] Epoch 156 | Train Loss: 0.1643 | Val Loss: 4.2801 | Val Acc: 0.4107
2025-06-21 23:11:12,071 [INFO] Epoch 157 | Train Loss: 0.1964 | Val Loss: 4.0983 | Val Acc: 0.4643
2025-06-21 23:11:12,121 [INFO] Epoch 158 | Train Loss: 0.1805 | Val Loss: 4.7627 | Val Acc: 0.3214
2025-06-21 23:11:12,179 [INFO] Epoch 159 | Train Loss: 0.2359 | Val Loss: 4.1980 | Val Acc: 0.4464
2025-06-21 23:11:12,231 [INFO] Epoch 160 | Train Loss: 0.1228 | Val Loss: 4.8346 | Val Acc: 0.4286
2025-06-21 23:11:12,614 [INFO] Epoch 161 | Train Loss: 0.2474 | Val Loss: 4.7760 | Val Acc: 0.4464
2025-06-21 23:11:12,678 [INFO] Epoch 162 | Train Loss: 0.1698 | Val Loss: 3.8953 | Val Acc: 0.4464
2025-06-21 23:11:12,727 [INFO] Epoch 163 | Train Loss: 0.2476 | Val Loss: 4.2007 | Val Acc: 0.4107
2025-06-21 23:11:12,775 [INFO] Epoch 164 | Train Loss: 0.3232 | Val Loss: 4.2759 | Val Acc: 0.4643
2025-06-21 23:11:12,825 [INFO] Epoch 165 | Train Loss: 0.2319 | Val Loss: 4.2157 | Val Acc: 0.4643
2025-06-21 23:11:12,876 [INFO] Epoch 166 | Train Loss: 0.2721 | Val Loss: 5.6727 | Val Acc: 0.4286
2025-06-21 23:11:12,924 [INFO] Epoch 167 | Train Loss: 0.2175 | Val Loss: 5.5843 | Val Acc: 0.4286
2025-06-21 23:11:12,973 [INFO] Epoch 168 | Train Loss: 0.1642 | Val Loss: 4.4227 | Val Acc: 0.4821
2025-06-21 23:11:13,022 [INFO] Epoch 169 | Train Loss: 0.2311 | Val Loss: 4.5091 | Val Acc: 0.4286
2025-06-21 23:11:13,095 [INFO] Epoch 170 | Train Loss: 0.2664 | Val Loss: 4.6002 | Val Acc: 0.4286
2025-06-21 23:11:13,605 [INFO] Epoch 171 | Train Loss: 0.2969 | Val Loss: 4.3284 | Val Acc: 0.4107
2025-06-21 23:11:13,678 [INFO] Epoch 172 | Train Loss: 0.1524 | Val Loss: 4.7194 | Val Acc: 0.4107
2025-06-21 23:11:13,744 [INFO] Epoch 173 | Train Loss: 0.2505 | Val Loss: 4.4878 | Val Acc: 0.4286
2025-06-21 23:11:13,807 [INFO] Epoch 174 | Train Loss: 0.0890 | Val Loss: 3.4627 | Val Acc: 0.4107
2025-06-21 23:11:13,872 [INFO] Epoch 175 | Train Loss: 0.2554 | Val Loss: 2.9339 | Val Acc: 0.5000
2025-06-21 23:11:13,935 [INFO] Epoch 176 | Train Loss: 0.1773 | Val Loss: 4.1261 | Val Acc: 0.4107
2025-06-21 23:11:14,002 [INFO] Epoch 177 | Train Loss: 0.1429 | Val Loss: 4.1862 | Val Acc: 0.3929
2025-06-21 23:11:14,068 [INFO] Epoch 178 | Train Loss: 0.1894 | Val Loss: 4.2885 | Val Acc: 0.4107
2025-06-21 23:11:14,137 [INFO] Epoch 179 | Train Loss: 0.1295 | Val Loss: 4.9015 | Val Acc: 0.4286
2025-06-21 23:11:14,201 [INFO] Epoch 180 | Train Loss: 0.0843 | Val Loss: 6.1343 | Val Acc: 0.4286
2025-06-21 23:11:14,666 [INFO] Epoch 181 | Train Loss: 0.1498 | Val Loss: 4.9475 | Val Acc: 0.3571
2025-06-21 23:11:14,740 [INFO] Epoch 182 | Train Loss: 0.1192 | Val Loss: 4.5206 | Val Acc: 0.3750
2025-06-21 23:11:14,811 [INFO] Epoch 183 | Train Loss: 0.1225 | Val Loss: 4.5502 | Val Acc: 0.4464
2025-06-21 23:11:14,884 [INFO] Epoch 184 | Train Loss: 0.0958 | Val Loss: 4.8768 | Val Acc: 0.4821
2025-06-21 23:11:14,957 [INFO] Epoch 185 | Train Loss: 0.1402 | Val Loss: 4.8876 | Val Acc: 0.4643
2025-06-21 23:11:15,011 [INFO] Epoch 186 | Train Loss: 0.2310 | Val Loss: 4.8913 | Val Acc: 0.4643
2025-06-21 23:11:15,059 [INFO] Epoch 187 | Train Loss: 0.1576 | Val Loss: 4.3284 | Val Acc: 0.4464
2025-06-21 23:11:15,118 [INFO] Epoch 188 | Train Loss: 0.0750 | Val Loss: 4.6335 | Val Acc: 0.4464
2025-06-21 23:11:15,183 [INFO] Epoch 189 | Train Loss: 0.1729 | Val Loss: 4.5602 | Val Acc: 0.4643
2025-06-21 23:11:15,230 [INFO] Epoch 190 | Train Loss: 0.0681 | Val Loss: 4.7168 | Val Acc: 0.4821
2025-06-21 23:11:16,134 [INFO] Epoch 191 | Train Loss: 0.0903 | Val Loss: 5.2790 | Val Acc: 0.4286
2025-06-21 23:11:16,181 [INFO] Epoch 192 | Train Loss: 0.1341 | Val Loss: 5.5261 | Val Acc: 0.4821
2025-06-21 23:11:16,227 [INFO] Epoch 193 | Train Loss: 0.0751 | Val Loss: 4.5767 | Val Acc: 0.4821
2025-06-21 23:11:16,274 [INFO] Epoch 194 | Train Loss: 0.0721 | Val Loss: 4.5152 | Val Acc: 0.4821
2025-06-21 23:11:16,323 [INFO] Epoch 195 | Train Loss: 0.1369 | Val Loss: 4.5465 | Val Acc: 0.5357
2025-06-21 23:11:16,372 [INFO] Epoch 196 | Train Loss: 0.1052 | Val Loss: 4.4095 | Val Acc: 0.4643
2025-06-21 23:11:16,418 [INFO] Epoch 197 | Train Loss: 0.0939 | Val Loss: 4.3563 | Val Acc: 0.4643
2025-06-21 23:11:16,466 [INFO] Epoch 198 | Train Loss: 0.1189 | Val Loss: 4.7078 | Val Acc: 0.5893
2025-06-21 23:11:16,513 [INFO] Epoch 199 | Train Loss: 0.1598 | Val Loss: 4.8112 | Val Acc: 0.4821
2025-06-21 23:11:16,558 [INFO] Epoch 200 | Train Loss: 0.1614 | Val Loss: 5.7380 | Val Acc: 0.4286
2025-06-21 23:11:16,959 [INFO] Epoch 201 | Train Loss: 0.0937 | Val Loss: 5.0982 | Val Acc: 0.4107
2025-06-21 23:11:17,006 [INFO] Epoch 202 | Train Loss: 0.1364 | Val Loss: 4.8597 | Val Acc: 0.4464
2025-06-21 23:11:17,054 [INFO] Epoch 203 | Train Loss: 0.1540 | Val Loss: 4.9823 | Val Acc: 0.4107
2025-06-21 23:11:17,117 [INFO] Epoch 204 | Train Loss: 0.0621 | Val Loss: 3.9845 | Val Acc: 0.4821
2025-06-21 23:11:17,178 [INFO] Epoch 205 | Train Loss: 0.0437 | Val Loss: 4.1487 | Val Acc: 0.4643
2025-06-21 23:11:17,233 [INFO] Epoch 206 | Train Loss: 0.2195 | Val Loss: 5.0485 | Val Acc: 0.4286
2025-06-21 23:11:17,281 [INFO] Epoch 207 | Train Loss: 0.0724 | Val Loss: 5.3373 | Val Acc: 0.4286
2025-06-21 23:11:17,332 [INFO] Epoch 208 | Train Loss: 0.2002 | Val Loss: 4.8274 | Val Acc: 0.4286
2025-06-21 23:11:17,380 [INFO] Epoch 209 | Train Loss: 0.1179 | Val Loss: 4.9703 | Val Acc: 0.4286
2025-06-21 23:11:17,430 [INFO] Epoch 210 | Train Loss: 0.1914 | Val Loss: 4.9316 | Val Acc: 0.4464
2025-06-21 23:11:17,835 [INFO] Epoch 211 | Train Loss: 0.3083 | Val Loss: 3.9753 | Val Acc: 0.4821
2025-06-21 23:11:17,880 [INFO] Epoch 212 | Train Loss: 0.1728 | Val Loss: 4.1770 | Val Acc: 0.4821
2025-06-21 23:11:17,887 [INFO] Early stopping at epoch 212 (no improvement in 150 epochs).
2025-06-21 23:11:17,894 [INFO] Best model saved to <built-in function time>/ENZYMES/best/best_source_gin.pth (Val Acc: 0.5893 at epoch 62)
2025-06-21 23:11:17,895 [INFO] Training/validation metrics saved to <built-in function time>/ENZYMES/GIN_0.001/train_metrics.csv
2025-06-21 23:11:18,461 [INFO] Final training curves saved
2025-06-21 23:11:18,462 [INFO] Training completed!
2025-06-21 23:11:18,462 [INFO] Best validation accuracy: 0.5893
2025-06-21 23:11:18,462 [INFO] Best epoch: 62
2025-06-21 23:11:18,462 [INFO] Total epochs trained: 212
2025-06-21 23:11:18,462 [INFO] Starting training with parameters: (0.001, 0.0, 256, 3, 300, 0.0001)
