2025-06-21 22:38:51,226 [INFO] Using device: cpu
2025-06-21 22:38:51,226 [INFO] 开始创建数据加载器...
2025-06-21 22:38:51,228 [INFO] Successfully loaded dataset ENZYMES from ./data, total graphs: 600
2025-06-21 22:38:51,228 [INFO] Class allocation analysis:
2025-06-21 22:38:51,228 [INFO]   Source classes: [0, 1, 2, 3]
2025-06-21 22:38:51,229 [INFO]   Target classes: [0, 1, 2, 3, 4, 5]
2025-06-21 22:38:51,229 [INFO]   Overlap classes (to be split): [0, 1, 2, 3]
2025-06-21 22:38:51,229 [INFO]   Target novel classes (unknown): [4, 5]
2025-06-21 22:38:51,242 [INFO]   Class 0: 100 total -> Source: 70, Target: 30
2025-06-21 22:38:51,242 [INFO]   Class 1: 100 total -> Source: 70, Target: 30
2025-06-21 22:38:51,242 [INFO]   Class 2: 100 total -> Source: 70, Target: 30
2025-06-21 22:38:51,242 [INFO]   Class 3: 100 total -> Source: 70, Target: 30
2025-06-21 22:38:51,242 [INFO]   Class 4 (novel/unknown): 100 samples -> Target
2025-06-21 22:38:51,242 [INFO]   Class 5 (novel/unknown): 100 samples -> Target
2025-06-21 22:38:51,243 [INFO] Final allocation:
2025-06-21 22:38:51,243 [INFO]   Source domain: 280 samples
2025-06-21 22:38:51,243 [INFO]   Target domain: 320 samples
2025-06-21 22:38:51,244 [INFO] Source domain setup:
2025-06-21 22:38:51,244 [INFO]   Original classes: [0, 1, 2, 3]
2025-06-21 22:38:51,244 [INFO]   Overlap classes used: [0, 1, 2, 3]
2025-06-21 22:38:51,244 [INFO]   Label mapping: {0: 0, 1: 1, 2: 2, 3: 3}
2025-06-21 22:38:51,244 [INFO]   Total data after allocation: 280
2025-06-21 22:38:51,244 [INFO]   Data split - Train: 224, Val: 56
2025-06-21 22:38:51,244 [INFO]   Train label distribution: {0: 56, 1: 56, 3: 56, 2: 56}
2025-06-21 22:38:51,244 [INFO]   Val label distribution: {1: 14, 2: 14, 0: 14, 3: 14}
2025-06-21 22:38:51,245 [INFO] Successfully loaded dataset ENZYMES from ./data, total graphs: 600
2025-06-21 22:38:51,245 [INFO] Class allocation analysis:
2025-06-21 22:38:51,245 [INFO]   Source classes: [0, 1, 2, 3]
2025-06-21 22:38:51,245 [INFO]   Target classes: [0, 1, 2, 3, 4, 5]
2025-06-21 22:38:51,245 [INFO]   Overlap classes (to be split): [0, 1, 2, 3]
2025-06-21 22:38:51,245 [INFO]   Target novel classes (unknown): [4, 5]
2025-06-21 22:38:51,258 [INFO]   Class 0: 100 total -> Source: 70, Target: 30
2025-06-21 22:38:51,259 [INFO]   Class 1: 100 total -> Source: 70, Target: 30
2025-06-21 22:38:51,259 [INFO]   Class 2: 100 total -> Source: 70, Target: 30
2025-06-21 22:38:51,259 [INFO]   Class 3: 100 total -> Source: 70, Target: 30
2025-06-21 22:38:51,259 [INFO]   Class 4 (novel/unknown): 100 samples -> Target
2025-06-21 22:38:51,259 [INFO]   Class 5 (novel/unknown): 100 samples -> Target
2025-06-21 22:38:51,259 [INFO] Final allocation:
2025-06-21 22:38:51,259 [INFO]   Source domain: 280 samples
2025-06-21 22:38:51,259 [INFO]   Target domain: 320 samples
2025-06-21 22:38:51,261 [INFO] Target domain setup:
2025-06-21 22:38:51,261 [INFO]   Original classes: [0, 1, 2, 3, 4, 5]
2025-06-21 22:38:51,261 [INFO]   Overlap classes: [0, 1, 2, 3]
2025-06-21 22:38:51,261 [INFO]   Novel classes: [4, 5] -> mapped to unknown label 4
2025-06-21 22:38:51,261 [INFO]   Label mapping: {0: 0, 1: 1, 2: 2, 3: 3, 4: 4, 5: 4}
2025-06-21 22:38:51,261 [INFO]   Total data after allocation: 320
2025-06-21 22:38:51,261 [INFO]   Data split - Train: 256, Val: 64
2025-06-21 22:38:51,261 [INFO]   Total count: 320 (known: 120, unknown: 200)
2025-06-21 22:38:51,261 [INFO]   Total label distribution: {4: 200, 3: 30, 0: 30, 1: 30, 2: 30}
2025-06-21 22:38:51,261 [INFO]   Train label distribution: {4: 160, 0: 24, 2: 24, 3: 24, 1: 24}
2025-06-21 22:38:51,261 [INFO]   Val label distribution: {1: 6, 4: 40, 3: 6, 0: 6, 2: 6}
2025-06-21 22:38:51,261 [INFO] 数据加载器创建完成!
2025-06-21 22:38:51,261 [INFO] 源域类别数: 4 (重叠类别)
2025-06-21 22:38:51,261 [INFO] 目标域类别数: 5 (4个重叠类别 + 1个未知类别)
2025-06-21 22:38:51,261 [INFO] 重叠类别: [0, 1, 2, 3]
2025-06-21 22:38:51,261 [INFO] 目标域新类别: [4, 5]
2025-06-21 22:38:51,261 [INFO] Data allocation verification:
2025-06-21 22:38:51,261 [INFO]   Source data samples: 280
2025-06-21 22:38:51,261 [INFO]   Target data samples: 320
2025-06-21 22:38:51,261 [INFO]   Overlapping samples: 0
2025-06-21 22:38:51,261 [INFO]   ✓ Data allocation is correct - no overlapping samples
2025-06-21 22:38:51,263 [INFO] Model initialized with 39236 parameters
2025-06-21 22:38:51,264 [INFO] Previous best validation accuracy read from record.txt: 0.6250
2025-06-21 22:38:51,264 [INFO] Starting training...
2025-06-21 22:38:51,300 [INFO] Epoch 001 | Train Loss: 6.9837 | Val Loss: 1.4663 | Val Acc: 0.2500
2025-06-21 22:38:51,690 [INFO] New best model at epoch 1 (Val Acc: 0.2500)
2025-06-21 22:38:51,724 [INFO] Epoch 002 | Train Loss: 5.1598 | Val Loss: 1.3734 | Val Acc: 0.2500
2025-06-21 22:38:51,763 [INFO] Epoch 003 | Train Loss: 3.6469 | Val Loss: 1.3816 | Val Acc: 0.2679
2025-06-21 22:38:51,769 [INFO] New best model at epoch 3 (Val Acc: 0.2679)
2025-06-21 22:38:51,799 [INFO] Epoch 004 | Train Loss: 3.5694 | Val Loss: 1.3847 | Val Acc: 0.3214
2025-06-21 22:38:51,805 [INFO] New best model at epoch 4 (Val Acc: 0.3214)
2025-06-21 22:38:51,839 [INFO] Epoch 005 | Train Loss: 2.7395 | Val Loss: 1.6776 | Val Acc: 0.2857
2025-06-21 22:38:51,874 [INFO] Epoch 006 | Train Loss: 2.2986 | Val Loss: 2.5233 | Val Acc: 0.2321
2025-06-21 22:38:51,912 [INFO] Epoch 007 | Train Loss: 2.2192 | Val Loss: 2.4189 | Val Acc: 0.2679
2025-06-21 22:38:51,952 [INFO] Epoch 008 | Train Loss: 1.9346 | Val Loss: 2.1842 | Val Acc: 0.2857
2025-06-21 22:38:51,990 [INFO] Epoch 009 | Train Loss: 1.7291 | Val Loss: 2.0317 | Val Acc: 0.3571
2025-06-21 22:38:51,996 [INFO] New best model at epoch 9 (Val Acc: 0.3571)
2025-06-21 22:38:52,029 [INFO] Epoch 010 | Train Loss: 1.6620 | Val Loss: 1.8606 | Val Acc: 0.3214
2025-06-21 22:38:52,534 [INFO] Epoch 011 | Train Loss: 1.6133 | Val Loss: 2.0111 | Val Acc: 0.3393
2025-06-21 22:38:52,570 [INFO] Epoch 012 | Train Loss: 1.6580 | Val Loss: 1.3940 | Val Acc: 0.3393
2025-06-21 22:38:52,613 [INFO] Epoch 013 | Train Loss: 1.6431 | Val Loss: 1.5949 | Val Acc: 0.3393
2025-06-21 22:38:52,648 [INFO] Epoch 014 | Train Loss: 1.3396 | Val Loss: 1.6644 | Val Acc: 0.3036
2025-06-21 22:38:52,683 [INFO] Epoch 015 | Train Loss: 1.3256 | Val Loss: 1.4817 | Val Acc: 0.3036
2025-06-21 22:38:52,719 [INFO] Epoch 016 | Train Loss: 1.2456 | Val Loss: 1.6101 | Val Acc: 0.4464
2025-06-21 22:38:52,725 [INFO] New best model at epoch 16 (Val Acc: 0.4464)
2025-06-21 22:38:52,757 [INFO] Epoch 017 | Train Loss: 1.3452 | Val Loss: 1.5844 | Val Acc: 0.3929
2025-06-21 22:38:52,792 [INFO] Epoch 018 | Train Loss: 1.2137 | Val Loss: 1.4767 | Val Acc: 0.4286
2025-06-21 22:38:52,826 [INFO] Epoch 019 | Train Loss: 1.3452 | Val Loss: 1.4728 | Val Acc: 0.3929
2025-06-21 22:38:52,860 [INFO] Epoch 020 | Train Loss: 1.0894 | Val Loss: 1.4803 | Val Acc: 0.3571
2025-06-21 22:38:53,255 [INFO] Epoch 021 | Train Loss: 1.2103 | Val Loss: 1.5006 | Val Acc: 0.4821
2025-06-21 22:38:53,260 [INFO] New best model at epoch 21 (Val Acc: 0.4821)
2025-06-21 22:38:53,298 [INFO] Epoch 022 | Train Loss: 1.2772 | Val Loss: 1.3737 | Val Acc: 0.3929
2025-06-21 22:38:53,332 [INFO] Epoch 023 | Train Loss: 1.0687 | Val Loss: 1.3796 | Val Acc: 0.4643
2025-06-21 22:38:53,366 [INFO] Epoch 024 | Train Loss: 1.1879 | Val Loss: 1.4000 | Val Acc: 0.4464
2025-06-21 22:38:53,401 [INFO] Epoch 025 | Train Loss: 1.1414 | Val Loss: 1.4595 | Val Acc: 0.5000
2025-06-21 22:38:53,406 [INFO] New best model at epoch 25 (Val Acc: 0.5000)
2025-06-21 22:38:53,437 [INFO] Epoch 026 | Train Loss: 1.1678 | Val Loss: 1.6852 | Val Acc: 0.5536
2025-06-21 22:38:53,443 [INFO] New best model at epoch 26 (Val Acc: 0.5536)
2025-06-21 22:38:53,474 [INFO] Epoch 027 | Train Loss: 1.0180 | Val Loss: 1.7566 | Val Acc: 0.3929
2025-06-21 22:38:53,509 [INFO] Epoch 028 | Train Loss: 1.2219 | Val Loss: 1.7388 | Val Acc: 0.4643
2025-06-21 22:38:53,545 [INFO] Epoch 029 | Train Loss: 0.9442 | Val Loss: 1.8329 | Val Acc: 0.4286
2025-06-21 22:38:53,585 [INFO] Epoch 030 | Train Loss: 0.9496 | Val Loss: 1.6214 | Val Acc: 0.4821
2025-06-21 22:38:54,305 [INFO] Epoch 031 | Train Loss: 1.1104 | Val Loss: 1.7005 | Val Acc: 0.5000
2025-06-21 22:38:54,348 [INFO] Epoch 032 | Train Loss: 1.0716 | Val Loss: 1.7021 | Val Acc: 0.5179
2025-06-21 22:38:54,383 [INFO] Epoch 033 | Train Loss: 1.0411 | Val Loss: 1.5905 | Val Acc: 0.4643
2025-06-21 22:38:54,421 [INFO] Epoch 034 | Train Loss: 1.0014 | Val Loss: 1.4503 | Val Acc: 0.4643
2025-06-21 22:38:54,464 [INFO] Epoch 035 | Train Loss: 1.0229 | Val Loss: 1.4961 | Val Acc: 0.4643
2025-06-21 22:38:54,502 [INFO] Epoch 036 | Train Loss: 1.0524 | Val Loss: 1.8059 | Val Acc: 0.3750
2025-06-21 22:38:54,545 [INFO] Epoch 037 | Train Loss: 0.7891 | Val Loss: 1.7894 | Val Acc: 0.3750
2025-06-21 22:38:54,585 [INFO] Epoch 038 | Train Loss: 0.8181 | Val Loss: 1.7998 | Val Acc: 0.3571
2025-06-21 22:38:54,621 [INFO] Epoch 039 | Train Loss: 0.8476 | Val Loss: 1.8251 | Val Acc: 0.4821
2025-06-21 22:38:54,657 [INFO] Epoch 040 | Train Loss: 0.7860 | Val Loss: 1.8644 | Val Acc: 0.4464
2025-06-21 22:38:55,060 [INFO] Epoch 041 | Train Loss: 0.8148 | Val Loss: 1.9194 | Val Acc: 0.3929
2025-06-21 22:38:55,098 [INFO] Epoch 042 | Train Loss: 0.9927 | Val Loss: 1.8225 | Val Acc: 0.4464
2025-06-21 22:38:55,134 [INFO] Epoch 043 | Train Loss: 0.8399 | Val Loss: 2.0442 | Val Acc: 0.4286
2025-06-21 22:38:55,168 [INFO] Epoch 044 | Train Loss: 0.8591 | Val Loss: 2.0060 | Val Acc: 0.4643
2025-06-21 22:38:55,207 [INFO] Epoch 045 | Train Loss: 0.9134 | Val Loss: 1.9224 | Val Acc: 0.5179
2025-06-21 22:38:55,242 [INFO] Epoch 046 | Train Loss: 0.7522 | Val Loss: 2.0734 | Val Acc: 0.3929
2025-06-21 22:38:55,277 [INFO] Epoch 047 | Train Loss: 0.8631 | Val Loss: 1.9143 | Val Acc: 0.3393
2025-06-21 22:38:55,345 [INFO] Epoch 048 | Train Loss: 0.8386 | Val Loss: 1.6410 | Val Acc: 0.4643
2025-06-21 22:38:55,383 [INFO] Epoch 049 | Train Loss: 0.6124 | Val Loss: 1.7870 | Val Acc: 0.4464
2025-06-21 22:38:55,418 [INFO] Epoch 050 | Train Loss: 0.6407 | Val Loss: 1.7263 | Val Acc: 0.4464
2025-06-21 22:38:55,817 [INFO] Epoch 051 | Train Loss: 0.7492 | Val Loss: 1.9907 | Val Acc: 0.4464
2025-06-21 22:38:55,851 [INFO] Epoch 052 | Train Loss: 0.7509 | Val Loss: 2.4544 | Val Acc: 0.3929
2025-06-21 22:38:55,886 [INFO] Epoch 053 | Train Loss: 0.6637 | Val Loss: 1.7964 | Val Acc: 0.4107
2025-06-21 22:38:55,921 [INFO] Epoch 054 | Train Loss: 0.4863 | Val Loss: 1.6565 | Val Acc: 0.4643
2025-06-21 22:38:55,956 [INFO] Epoch 055 | Train Loss: 0.6468 | Val Loss: 1.7189 | Val Acc: 0.4821
2025-06-21 22:38:55,990 [INFO] Epoch 056 | Train Loss: 0.7362 | Val Loss: 1.8331 | Val Acc: 0.5357
2025-06-21 22:38:56,026 [INFO] Epoch 057 | Train Loss: 0.7164 | Val Loss: 1.7825 | Val Acc: 0.4286
2025-06-21 22:38:56,061 [INFO] Epoch 058 | Train Loss: 0.7707 | Val Loss: 1.6816 | Val Acc: 0.5000
2025-06-21 22:38:56,099 [INFO] Epoch 059 | Train Loss: 0.7343 | Val Loss: 1.9363 | Val Acc: 0.5000
2025-06-21 22:38:56,141 [INFO] Epoch 060 | Train Loss: 0.5259 | Val Loss: 1.9014 | Val Acc: 0.4643
2025-06-21 22:38:56,546 [INFO] Epoch 061 | Train Loss: 0.5450 | Val Loss: 2.1136 | Val Acc: 0.4464
2025-06-21 22:38:56,584 [INFO] Epoch 062 | Train Loss: 0.4801 | Val Loss: 1.9968 | Val Acc: 0.4821
2025-06-21 22:38:56,619 [INFO] Epoch 063 | Train Loss: 0.6852 | Val Loss: 2.2588 | Val Acc: 0.4464
2025-06-21 22:38:56,656 [INFO] Epoch 064 | Train Loss: 0.7127 | Val Loss: 2.3928 | Val Acc: 0.4286
2025-06-21 22:38:56,693 [INFO] Epoch 065 | Train Loss: 0.6499 | Val Loss: 2.3813 | Val Acc: 0.4643
2025-06-21 22:38:56,729 [INFO] Epoch 066 | Train Loss: 0.5445 | Val Loss: 2.3354 | Val Acc: 0.5000
2025-06-21 22:38:56,767 [INFO] Epoch 067 | Train Loss: 0.7515 | Val Loss: 2.2375 | Val Acc: 0.4464
2025-06-21 22:38:56,804 [INFO] Epoch 068 | Train Loss: 0.7977 | Val Loss: 1.9704 | Val Acc: 0.4643
2025-06-21 22:38:56,840 [INFO] Epoch 069 | Train Loss: 0.7056 | Val Loss: 1.7350 | Val Acc: 0.5179
2025-06-21 22:38:56,876 [INFO] Epoch 070 | Train Loss: 0.5685 | Val Loss: 2.1336 | Val Acc: 0.4107
2025-06-21 22:38:57,242 [INFO] Epoch 071 | Train Loss: 0.7336 | Val Loss: 1.9527 | Val Acc: 0.4464
2025-06-21 22:38:57,284 [INFO] Epoch 072 | Train Loss: 0.6464 | Val Loss: 1.5514 | Val Acc: 0.5714
2025-06-21 22:38:57,289 [INFO] New best model at epoch 72 (Val Acc: 0.5714)
2025-06-21 22:38:57,333 [INFO] Epoch 073 | Train Loss: 0.6481 | Val Loss: 1.6465 | Val Acc: 0.5000
2025-06-21 22:38:57,373 [INFO] Epoch 074 | Train Loss: 0.6101 | Val Loss: 2.0085 | Val Acc: 0.4643
2025-06-21 22:38:57,407 [INFO] Epoch 075 | Train Loss: 0.5669 | Val Loss: 2.0317 | Val Acc: 0.4107
2025-06-21 22:38:57,442 [INFO] Epoch 076 | Train Loss: 0.8378 | Val Loss: 2.3771 | Val Acc: 0.4286
2025-06-21 22:38:57,478 [INFO] Epoch 077 | Train Loss: 0.6102 | Val Loss: 2.3468 | Val Acc: 0.4286
2025-06-21 22:38:57,514 [INFO] Epoch 078 | Train Loss: 0.4927 | Val Loss: 2.0862 | Val Acc: 0.4464
2025-06-21 22:38:57,549 [INFO] Epoch 079 | Train Loss: 0.5160 | Val Loss: 2.0227 | Val Acc: 0.5000
2025-06-21 22:38:57,584 [INFO] Epoch 080 | Train Loss: 0.5977 | Val Loss: 2.1461 | Val Acc: 0.4464
2025-06-21 22:38:57,982 [INFO] Epoch 081 | Train Loss: 0.4795 | Val Loss: 2.4002 | Val Acc: 0.3929
2025-06-21 22:38:58,018 [INFO] Epoch 082 | Train Loss: 0.4236 | Val Loss: 2.1553 | Val Acc: 0.4286
2025-06-21 22:38:58,051 [INFO] Epoch 083 | Train Loss: 0.6316 | Val Loss: 2.2211 | Val Acc: 0.4643
2025-06-21 22:38:58,086 [INFO] Epoch 084 | Train Loss: 0.4024 | Val Loss: 2.2413 | Val Acc: 0.5357
2025-06-21 22:38:58,121 [INFO] Epoch 085 | Train Loss: 0.5256 | Val Loss: 2.4044 | Val Acc: 0.4464
2025-06-21 22:38:58,163 [INFO] Epoch 086 | Train Loss: 0.4861 | Val Loss: 2.3534 | Val Acc: 0.3929
2025-06-21 22:38:58,209 [INFO] Epoch 087 | Train Loss: 0.4884 | Val Loss: 2.3264 | Val Acc: 0.4107
2025-06-21 22:38:58,246 [INFO] Epoch 088 | Train Loss: 0.5293 | Val Loss: 2.3895 | Val Acc: 0.4286
2025-06-21 22:38:58,280 [INFO] Epoch 089 | Train Loss: 0.5093 | Val Loss: 2.2517 | Val Acc: 0.5179
2025-06-21 22:38:58,315 [INFO] Epoch 090 | Train Loss: 0.3685 | Val Loss: 2.3472 | Val Acc: 0.4286
2025-06-21 22:38:58,688 [INFO] Epoch 091 | Train Loss: 0.3267 | Val Loss: 2.3936 | Val Acc: 0.4286
2025-06-21 22:38:58,725 [INFO] Epoch 092 | Train Loss: 0.3903 | Val Loss: 2.1908 | Val Acc: 0.4464
2025-06-21 22:38:58,767 [INFO] Epoch 093 | Train Loss: 0.4264 | Val Loss: 2.2661 | Val Acc: 0.4643
2025-06-21 22:38:58,805 [INFO] Epoch 094 | Train Loss: 0.3765 | Val Loss: 2.2351 | Val Acc: 0.4821
2025-06-21 22:38:58,842 [INFO] Epoch 095 | Train Loss: 0.2870 | Val Loss: 2.1329 | Val Acc: 0.4643
2025-06-21 22:38:58,879 [INFO] Epoch 096 | Train Loss: 0.4717 | Val Loss: 1.9392 | Val Acc: 0.5714
2025-06-21 22:38:58,917 [INFO] Epoch 097 | Train Loss: 0.3604 | Val Loss: 1.8133 | Val Acc: 0.6071
2025-06-21 22:38:58,922 [INFO] New best model at epoch 97 (Val Acc: 0.6071)
2025-06-21 22:38:58,957 [INFO] Epoch 098 | Train Loss: 0.3069 | Val Loss: 2.0823 | Val Acc: 0.4643
2025-06-21 22:38:58,992 [INFO] Epoch 099 | Train Loss: 0.4773 | Val Loss: 2.5903 | Val Acc: 0.4464
2025-06-21 22:38:59,032 [INFO] Epoch 100 | Train Loss: 0.3500 | Val Loss: 2.7776 | Val Acc: 0.4107
2025-06-21 22:38:59,439 [INFO] Epoch 101 | Train Loss: 0.3673 | Val Loss: 3.0284 | Val Acc: 0.4107
2025-06-21 22:38:59,473 [INFO] Epoch 102 | Train Loss: 0.3443 | Val Loss: 2.7236 | Val Acc: 0.4464
2025-06-21 22:38:59,506 [INFO] Epoch 103 | Train Loss: 0.3664 | Val Loss: 2.6528 | Val Acc: 0.3929
2025-06-21 22:38:59,544 [INFO] Epoch 104 | Train Loss: 0.5953 | Val Loss: 2.8209 | Val Acc: 0.4286
2025-06-21 22:38:59,579 [INFO] Epoch 105 | Train Loss: 0.5017 | Val Loss: 2.6277 | Val Acc: 0.4464
2025-06-21 22:38:59,624 [INFO] Epoch 106 | Train Loss: 0.5501 | Val Loss: 3.2589 | Val Acc: 0.3036
2025-06-21 22:38:59,661 [INFO] Epoch 107 | Train Loss: 0.3547 | Val Loss: 3.1547 | Val Acc: 0.3571
2025-06-21 22:38:59,701 [INFO] Epoch 108 | Train Loss: 0.4768 | Val Loss: 2.7200 | Val Acc: 0.4286
2025-06-21 22:38:59,737 [INFO] Epoch 109 | Train Loss: 0.4698 | Val Loss: 2.8217 | Val Acc: 0.4643
2025-06-21 22:38:59,774 [INFO] Epoch 110 | Train Loss: 0.4787 | Val Loss: 2.9689 | Val Acc: 0.4821
2025-06-21 22:39:00,167 [INFO] Epoch 111 | Train Loss: 0.3118 | Val Loss: 3.4821 | Val Acc: 0.3571
2025-06-21 22:39:00,201 [INFO] Epoch 112 | Train Loss: 0.4346 | Val Loss: 2.5739 | Val Acc: 0.4286
2025-06-21 22:39:00,236 [INFO] Epoch 113 | Train Loss: 0.5031 | Val Loss: 3.1513 | Val Acc: 0.4821
2025-06-21 22:39:00,270 [INFO] Epoch 114 | Train Loss: 0.2838 | Val Loss: 2.5043 | Val Acc: 0.5000
2025-06-21 22:39:00,313 [INFO] Epoch 115 | Train Loss: 0.3863 | Val Loss: 2.4904 | Val Acc: 0.5000
2025-06-21 22:39:00,347 [INFO] Epoch 116 | Train Loss: 0.2860 | Val Loss: 2.5437 | Val Acc: 0.4821
2025-06-21 22:39:00,382 [INFO] Epoch 117 | Train Loss: 0.4212 | Val Loss: 2.7335 | Val Acc: 0.5179
2025-06-21 22:39:00,418 [INFO] Epoch 118 | Train Loss: 0.4908 | Val Loss: 2.9017 | Val Acc: 0.3214
2025-06-21 22:39:00,454 [INFO] Epoch 119 | Train Loss: 0.5920 | Val Loss: 2.7073 | Val Acc: 0.4107
2025-06-21 22:39:00,488 [INFO] Epoch 120 | Train Loss: 0.4053 | Val Loss: 2.8970 | Val Acc: 0.4286
2025-06-21 22:39:00,883 [INFO] Epoch 121 | Train Loss: 0.3674 | Val Loss: 2.5721 | Val Acc: 0.4643
2025-06-21 22:39:00,916 [INFO] Epoch 122 | Train Loss: 0.6159 | Val Loss: 2.4549 | Val Acc: 0.4286
2025-06-21 22:39:00,950 [INFO] Epoch 123 | Train Loss: 0.6107 | Val Loss: 2.9084 | Val Acc: 0.4286
2025-06-21 22:39:00,984 [INFO] Epoch 124 | Train Loss: 0.5350 | Val Loss: 3.1000 | Val Acc: 0.4107
2025-06-21 22:39:01,034 [INFO] Epoch 125 | Train Loss: 0.4720 | Val Loss: 3.1674 | Val Acc: 0.3750
2025-06-21 22:39:01,068 [INFO] Epoch 126 | Train Loss: 0.5355 | Val Loss: 2.4845 | Val Acc: 0.3929
2025-06-21 22:39:01,106 [INFO] Epoch 127 | Train Loss: 0.4721 | Val Loss: 2.1790 | Val Acc: 0.4821
2025-06-21 22:39:01,150 [INFO] Epoch 128 | Train Loss: 0.3877 | Val Loss: 2.8908 | Val Acc: 0.4464
2025-06-21 22:39:01,184 [INFO] Epoch 129 | Train Loss: 0.5502 | Val Loss: 2.2329 | Val Acc: 0.5179
2025-06-21 22:39:01,218 [INFO] Epoch 130 | Train Loss: 0.3464 | Val Loss: 2.4697 | Val Acc: 0.5179
2025-06-21 22:39:01,652 [INFO] Epoch 131 | Train Loss: 0.3838 | Val Loss: 2.6142 | Val Acc: 0.4107
2025-06-21 22:39:01,686 [INFO] Epoch 132 | Train Loss: 0.4278 | Val Loss: 2.7920 | Val Acc: 0.3750
2025-06-21 22:39:01,725 [INFO] Epoch 133 | Train Loss: 0.4705 | Val Loss: 2.7301 | Val Acc: 0.3750
2025-06-21 22:39:01,759 [INFO] Epoch 134 | Train Loss: 0.4782 | Val Loss: 2.5089 | Val Acc: 0.4643
2025-06-21 22:39:01,793 [INFO] Epoch 135 | Train Loss: 0.3326 | Val Loss: 2.3809 | Val Acc: 0.4821
2025-06-21 22:39:01,834 [INFO] Epoch 136 | Train Loss: 0.2810 | Val Loss: 2.3496 | Val Acc: 0.5179
2025-06-21 22:39:01,869 [INFO] Epoch 137 | Train Loss: 0.2310 | Val Loss: 2.3935 | Val Acc: 0.5357
2025-06-21 22:39:01,904 [INFO] Epoch 138 | Train Loss: 0.4356 | Val Loss: 2.4904 | Val Acc: 0.5000
2025-06-21 22:39:01,948 [INFO] Epoch 139 | Train Loss: 0.3279 | Val Loss: 2.5654 | Val Acc: 0.4643
2025-06-21 22:39:01,983 [INFO] Epoch 140 | Train Loss: 0.3383 | Val Loss: 2.9580 | Val Acc: 0.4286
2025-06-21 22:39:02,552 [INFO] Epoch 141 | Train Loss: 0.2436 | Val Loss: 2.8474 | Val Acc: 0.5000
2025-06-21 22:39:02,586 [INFO] Epoch 142 | Train Loss: 0.3960 | Val Loss: 2.7026 | Val Acc: 0.4643
2025-06-21 22:39:02,632 [INFO] Epoch 143 | Train Loss: 0.3425 | Val Loss: 2.7222 | Val Acc: 0.3929
2025-06-21 22:39:02,664 [INFO] Epoch 144 | Train Loss: 0.3299 | Val Loss: 2.4877 | Val Acc: 0.4464
2025-06-21 22:39:02,698 [INFO] Epoch 145 | Train Loss: 0.4641 | Val Loss: 3.1091 | Val Acc: 0.3929
2025-06-21 22:39:02,732 [INFO] Epoch 146 | Train Loss: 0.3377 | Val Loss: 3.0294 | Val Acc: 0.4107
2025-06-21 22:39:02,767 [INFO] Epoch 147 | Train Loss: 0.2727 | Val Loss: 2.9175 | Val Acc: 0.3571
2025-06-21 22:39:02,805 [INFO] Epoch 148 | Train Loss: 0.2564 | Val Loss: 2.8434 | Val Acc: 0.3750
2025-06-21 22:39:02,843 [INFO] Epoch 149 | Train Loss: 0.3531 | Val Loss: 2.6971 | Val Acc: 0.4286
2025-06-21 22:39:02,877 [INFO] Epoch 150 | Train Loss: 0.2403 | Val Loss: 2.9473 | Val Acc: 0.4107
2025-06-21 22:39:03,191 [INFO] Best model saved to <built-in function time>/ENZYMES/best/best_source_gin.pth (Val Acc: 0.6071 at epoch 97)
2025-06-21 22:39:03,191 [INFO] Training/validation metrics saved to <built-in function time>/ENZYMES/GIN_0.001/train_metrics.csv
2025-06-21 22:39:03,578 [INFO] Final training curves saved
2025-06-21 22:39:03,578 [INFO] Training completed!
2025-06-21 22:39:03,578 [INFO] Best validation accuracy: 0.6071
2025-06-21 22:39:03,578 [INFO] Best epoch: 97
2025-06-21 22:39:03,578 [INFO] Total epochs trained: 150
2025-06-21 22:39:03,579 [INFO] Starting training with parameters: (0.001, 0.0, 64, 5, 150, 0.001)
