2025-06-20 17:54:19,631 [INFO] Using device: cpu
2025-06-20 17:54:19,631 [INFO] 开始创建数据加载器...
2025-06-20 17:54:19,633 [INFO] Successfully loaded dataset ENZYMES from ./data, total graphs: 600
2025-06-20 17:54:19,633 [INFO] Class allocation analysis:
2025-06-20 17:54:19,633 [INFO]   Source classes: [0, 1, 2, 3]
2025-06-20 17:54:19,633 [INFO]   Target classes: [0, 1, 2, 3, 4, 5]
2025-06-20 17:54:19,633 [INFO]   Overlap classes (to be split): [0, 1, 2, 3]
2025-06-20 17:54:19,633 [INFO]   Target novel classes (unknown): [4, 5]
2025-06-20 17:54:19,647 [INFO]   Class 0: 100 total -> Source: 70, Target: 30
2025-06-20 17:54:19,647 [INFO]   Class 1: 100 total -> Source: 70, Target: 30
2025-06-20 17:54:19,648 [INFO]   Class 2: 100 total -> Source: 70, Target: 30
2025-06-20 17:54:19,648 [INFO]   Class 3: 100 total -> Source: 70, Target: 30
2025-06-20 17:54:19,648 [INFO]   Class 4 (novel/unknown): 100 samples -> Target
2025-06-20 17:54:19,648 [INFO]   Class 5 (novel/unknown): 100 samples -> Target
2025-06-20 17:54:19,648 [INFO] Final allocation:
2025-06-20 17:54:19,648 [INFO]   Source domain: 280 samples
2025-06-20 17:54:19,648 [INFO]   Target domain: 320 samples
2025-06-20 17:54:19,649 [INFO] Source domain setup:
2025-06-20 17:54:19,649 [INFO]   Original classes: [0, 1, 2, 3]
2025-06-20 17:54:19,649 [INFO]   Overlap classes used: [0, 1, 2, 3]
2025-06-20 17:54:19,649 [INFO]   Label mapping: {0: 0, 1: 1, 2: 2, 3: 3}
2025-06-20 17:54:19,649 [INFO]   Total data after allocation: 280
2025-06-20 17:54:19,649 [INFO]   Data split - Train: 224, Val: 56
2025-06-20 17:54:19,649 [INFO]   Train label distribution: {0: 56, 1: 56, 3: 56, 2: 56}
2025-06-20 17:54:19,649 [INFO]   Val label distribution: {1: 14, 2: 14, 0: 14, 3: 14}
2025-06-20 17:54:19,651 [INFO] Successfully loaded dataset ENZYMES from ./data, total graphs: 600
2025-06-20 17:54:19,651 [INFO] Class allocation analysis:
2025-06-20 17:54:19,651 [INFO]   Source classes: [0, 1, 2, 3]
2025-06-20 17:54:19,651 [INFO]   Target classes: [0, 1, 2, 3, 4, 5]
2025-06-20 17:54:19,651 [INFO]   Overlap classes (to be split): [0, 1, 2, 3]
2025-06-20 17:54:19,651 [INFO]   Target novel classes (unknown): [4, 5]
2025-06-20 17:54:19,665 [INFO]   Class 0: 100 total -> Source: 70, Target: 30
2025-06-20 17:54:19,666 [INFO]   Class 1: 100 total -> Source: 70, Target: 30
2025-06-20 17:54:19,666 [INFO]   Class 2: 100 total -> Source: 70, Target: 30
2025-06-20 17:54:19,666 [INFO]   Class 3: 100 total -> Source: 70, Target: 30
2025-06-20 17:54:19,666 [INFO]   Class 4 (novel/unknown): 100 samples -> Target
2025-06-20 17:54:19,666 [INFO]   Class 5 (novel/unknown): 100 samples -> Target
2025-06-20 17:54:19,666 [INFO] Final allocation:
2025-06-20 17:54:19,666 [INFO]   Source domain: 280 samples
2025-06-20 17:54:19,666 [INFO]   Target domain: 320 samples
2025-06-20 17:54:19,668 [INFO] Target domain setup:
2025-06-20 17:54:19,668 [INFO]   Original classes: [0, 1, 2, 3, 4, 5]
2025-06-20 17:54:19,668 [INFO]   Overlap classes: [0, 1, 2, 3]
2025-06-20 17:54:19,668 [INFO]   Novel classes: [4, 5] -> mapped to unknown label 4
2025-06-20 17:54:19,668 [INFO]   Label mapping: {0: 0, 1: 1, 2: 2, 3: 3, 4: 4, 5: 4}
2025-06-20 17:54:19,668 [INFO]   Total data after allocation: 320
2025-06-20 17:54:19,668 [INFO]   Data split - Train: 256, Val: 64
2025-06-20 17:54:19,668 [INFO]   Total count: 320 (known: 120, unknown: 200)
2025-06-20 17:54:19,668 [INFO]   Total label distribution: {4: 200, 3: 30, 0: 30, 1: 30, 2: 30}
2025-06-20 17:54:19,668 [INFO]   Train label distribution: {4: 160, 0: 24, 2: 24, 3: 24, 1: 24}
2025-06-20 17:54:19,668 [INFO]   Val label distribution: {1: 6, 4: 40, 3: 6, 0: 6, 2: 6}
2025-06-20 17:54:19,669 [INFO] 数据加载器创建完成!
2025-06-20 17:54:19,669 [INFO] 源域类别数: 4 (重叠类别)
2025-06-20 17:54:19,669 [INFO] 目标域类别数: 5 (4个重叠类别 + 1个未知类别)
2025-06-20 17:54:19,669 [INFO] 重叠类别: [0, 1, 2, 3]
2025-06-20 17:54:19,669 [INFO] 目标域新类别: [4, 5]
2025-06-20 17:54:19,669 [INFO] Data allocation verification:
2025-06-20 17:54:19,669 [INFO]   Source data samples: 280
2025-06-20 17:54:19,669 [INFO]   Target data samples: 320
2025-06-20 17:54:19,669 [INFO]   Overlapping samples: 0
2025-06-20 17:54:19,669 [INFO]   ✓ Data allocation is correct - no overlapping samples
2025-06-20 17:54:19,671 [INFO] Model initialized with 118660 parameters
2025-06-20 17:54:19,671 [INFO] Previous best validation accuracy read from record.txt: 0.6071
2025-06-20 17:54:19,671 [INFO] Starting training...
2025-06-20 17:54:19,729 [INFO] Epoch 001 | Train Loss: 11.6034 | Val Loss: 1.7071 | Val Acc: 0.2500
2025-06-20 17:54:19,846 [INFO] New best model at epoch 1 (Val Acc: 0.2500)
2025-06-20 17:54:19,891 [INFO] Epoch 002 | Train Loss: 8.7519 | Val Loss: 1.6525 | Val Acc: 0.2500
2025-06-20 17:54:19,938 [INFO] Epoch 003 | Train Loss: 5.7076 | Val Loss: 1.6706 | Val Acc: 0.2500
2025-06-20 17:54:20,009 [INFO] Epoch 004 | Train Loss: 5.1694 | Val Loss: 1.9008 | Val Acc: 0.2857
2025-06-20 17:54:20,014 [INFO] New best model at epoch 4 (Val Acc: 0.2857)
2025-06-20 17:54:20,072 [INFO] Epoch 005 | Train Loss: 4.8006 | Val Loss: 2.6411 | Val Acc: 0.3036
2025-06-20 17:54:20,078 [INFO] New best model at epoch 5 (Val Acc: 0.3036)
2025-06-20 17:54:20,135 [INFO] Epoch 006 | Train Loss: 4.4427 | Val Loss: 2.8385 | Val Acc: 0.2143
2025-06-20 17:54:20,194 [INFO] Epoch 007 | Train Loss: 3.4310 | Val Loss: 3.1813 | Val Acc: 0.2321
2025-06-20 17:54:20,242 [INFO] Epoch 008 | Train Loss: 3.3259 | Val Loss: 3.3215 | Val Acc: 0.2500
2025-06-20 17:54:20,297 [INFO] Epoch 009 | Train Loss: 3.1238 | Val Loss: 3.0605 | Val Acc: 0.2500
2025-06-20 17:54:20,349 [INFO] Epoch 010 | Train Loss: 3.7337 | Val Loss: 3.6117 | Val Acc: 0.3393
2025-06-20 17:54:20,477 [INFO] New best model at epoch 10 (Val Acc: 0.3393)
2025-06-20 17:54:20,552 [INFO] Epoch 011 | Train Loss: 3.3632 | Val Loss: 3.9894 | Val Acc: 0.3036
2025-06-20 17:54:20,615 [INFO] Epoch 012 | Train Loss: 2.6990 | Val Loss: 3.9849 | Val Acc: 0.2857
2025-06-20 17:54:20,677 [INFO] Epoch 013 | Train Loss: 2.5062 | Val Loss: 3.4484 | Val Acc: 0.3214
2025-06-20 17:54:20,748 [INFO] Epoch 014 | Train Loss: 2.8846 | Val Loss: 3.3807 | Val Acc: 0.3750
2025-06-20 17:54:20,756 [INFO] New best model at epoch 14 (Val Acc: 0.3750)
2025-06-20 17:54:20,818 [INFO] Epoch 015 | Train Loss: 2.3286 | Val Loss: 3.4672 | Val Acc: 0.4107
2025-06-20 17:54:20,825 [INFO] New best model at epoch 15 (Val Acc: 0.4107)
2025-06-20 17:54:20,884 [INFO] Epoch 016 | Train Loss: 2.7204 | Val Loss: 3.7648 | Val Acc: 0.3393
2025-06-20 17:54:20,938 [INFO] Epoch 017 | Train Loss: 2.4640 | Val Loss: 4.0404 | Val Acc: 0.3571
2025-06-20 17:54:20,990 [INFO] Epoch 018 | Train Loss: 2.2104 | Val Loss: 4.0944 | Val Acc: 0.3214
2025-06-20 17:54:21,052 [INFO] Epoch 019 | Train Loss: 2.2567 | Val Loss: 4.2176 | Val Acc: 0.3214
2025-06-20 17:54:21,109 [INFO] Epoch 020 | Train Loss: 2.8512 | Val Loss: 3.9520 | Val Acc: 0.3750
2025-06-20 17:54:21,322 [INFO] Epoch 021 | Train Loss: 2.4984 | Val Loss: 3.5316 | Val Acc: 0.3036
2025-06-20 17:54:21,424 [INFO] Epoch 022 | Train Loss: 2.3930 | Val Loss: 3.4832 | Val Acc: 0.2679
2025-06-20 17:54:21,494 [INFO] Epoch 023 | Train Loss: 1.9061 | Val Loss: 3.6364 | Val Acc: 0.2857
2025-06-20 17:54:21,576 [INFO] Epoch 024 | Train Loss: 2.4887 | Val Loss: 3.7042 | Val Acc: 0.2321
2025-06-20 17:54:21,643 [INFO] Epoch 025 | Train Loss: 2.4347 | Val Loss: 3.3735 | Val Acc: 0.3393
2025-06-20 17:54:21,705 [INFO] Epoch 026 | Train Loss: 1.8781 | Val Loss: 3.1444 | Val Acc: 0.3750
2025-06-20 17:54:21,767 [INFO] Epoch 027 | Train Loss: 2.0363 | Val Loss: 3.3198 | Val Acc: 0.3571
2025-06-20 17:54:21,839 [INFO] Epoch 028 | Train Loss: 1.8126 | Val Loss: 3.4936 | Val Acc: 0.3036
2025-06-20 17:54:21,890 [INFO] Epoch 029 | Train Loss: 1.8280 | Val Loss: 3.2715 | Val Acc: 0.3750
2025-06-20 17:54:21,943 [INFO] Epoch 030 | Train Loss: 2.1057 | Val Loss: 3.8309 | Val Acc: 0.3214
2025-06-20 17:54:22,124 [INFO] Epoch 031 | Train Loss: 1.8127 | Val Loss: 3.7244 | Val Acc: 0.3214
2025-06-20 17:54:22,176 [INFO] Epoch 032 | Train Loss: 1.7668 | Val Loss: 3.4605 | Val Acc: 0.2857
2025-06-20 17:54:22,248 [INFO] Epoch 033 | Train Loss: 2.1881 | Val Loss: 3.4875 | Val Acc: 0.3036
2025-06-20 17:54:22,315 [INFO] Epoch 034 | Train Loss: 1.6650 | Val Loss: 3.3499 | Val Acc: 0.2857
2025-06-20 17:54:22,364 [INFO] Epoch 035 | Train Loss: 1.5273 | Val Loss: 3.3602 | Val Acc: 0.3393
2025-06-20 17:54:22,414 [INFO] Epoch 036 | Train Loss: 1.7520 | Val Loss: 3.1746 | Val Acc: 0.3571
2025-06-20 17:54:22,465 [INFO] Epoch 037 | Train Loss: 1.5819 | Val Loss: 3.1622 | Val Acc: 0.3929
2025-06-20 17:54:22,517 [INFO] Epoch 038 | Train Loss: 1.5920 | Val Loss: 3.1402 | Val Acc: 0.3929
2025-06-20 17:54:22,567 [INFO] Epoch 039 | Train Loss: 1.5051 | Val Loss: 3.3102 | Val Acc: 0.3214
2025-06-20 17:54:22,617 [INFO] Epoch 040 | Train Loss: 1.7383 | Val Loss: 3.4262 | Val Acc: 0.3393
2025-06-20 17:54:22,806 [INFO] Epoch 041 | Train Loss: 1.4939 | Val Loss: 3.4773 | Val Acc: 0.3750
2025-06-20 17:54:22,859 [INFO] Epoch 042 | Train Loss: 1.6910 | Val Loss: 3.3816 | Val Acc: 0.3393
2025-06-20 17:54:22,925 [INFO] Epoch 043 | Train Loss: 1.9239 | Val Loss: 3.1053 | Val Acc: 0.4107
2025-06-20 17:54:22,994 [INFO] Epoch 044 | Train Loss: 1.5282 | Val Loss: 2.8866 | Val Acc: 0.3929
2025-06-20 17:54:23,098 [INFO] Epoch 045 | Train Loss: 1.7566 | Val Loss: 2.8690 | Val Acc: 0.3929
2025-06-20 17:54:23,193 [INFO] Epoch 046 | Train Loss: 1.2283 | Val Loss: 3.1977 | Val Acc: 0.3929
2025-06-20 17:54:23,255 [INFO] Epoch 047 | Train Loss: 1.4150 | Val Loss: 3.1125 | Val Acc: 0.4286
2025-06-20 17:54:23,262 [INFO] New best model at epoch 47 (Val Acc: 0.4286)
2025-06-20 17:54:23,330 [INFO] Epoch 048 | Train Loss: 1.8025 | Val Loss: 3.0706 | Val Acc: 0.4107
2025-06-20 17:54:23,399 [INFO] Epoch 049 | Train Loss: 1.5675 | Val Loss: 3.1384 | Val Acc: 0.4286
2025-06-20 17:54:23,454 [INFO] Epoch 050 | Train Loss: 1.0235 | Val Loss: 3.0829 | Val Acc: 0.4464
2025-06-20 17:54:23,572 [INFO] New best model at epoch 50 (Val Acc: 0.4464)
2025-06-20 17:54:23,576 [INFO] Best model saved to <built-in function time>/ENZYMES/best/best_source_gin.pth (Val Acc: 0.4464 at epoch 50)
2025-06-20 17:54:23,577 [INFO] Training/validation metrics saved to <built-in function time>/ENZYMES/GIN_0.0001/train_metrics.csv
2025-06-20 17:54:23,699 [INFO] Final training curves saved
2025-06-20 17:54:23,699 [INFO] Training completed!
2025-06-20 17:54:23,699 [INFO] Best validation accuracy: 0.4464
2025-06-20 17:54:23,700 [INFO] Best epoch: 50
2025-06-20 17:54:23,700 [INFO] Total epochs trained: 50
2025-06-20 17:54:23,700 [INFO] Starting training with parameters: (0.0001, 0.1, 128, 4, 100, 0.0)
