2025-06-22 01:39:07,745 [INFO] Using device: cpu
2025-06-22 01:39:07,745 [INFO] 开始创建数据加载器...
2025-06-22 01:39:07,749 [INFO] Successfully loaded dataset ENZYMES from ./data, total graphs: 600
2025-06-22 01:39:07,749 [INFO] Class allocation analysis:
2025-06-22 01:39:07,749 [INFO]   Source classes: [0, 1, 2, 3]
2025-06-22 01:39:07,749 [INFO]   Target classes: [0, 1, 2, 3, 4, 5]
2025-06-22 01:39:07,749 [INFO]   Overlap classes (to be split): [0, 1, 2, 3]
2025-06-22 01:39:07,749 [INFO]   Target novel classes (unknown): [4, 5]
2025-06-22 01:39:07,762 [INFO]   Class 0: 100 total -> Source: 70, Target: 30
2025-06-22 01:39:07,762 [INFO]   Class 1: 100 total -> Source: 70, Target: 30
2025-06-22 01:39:07,762 [INFO]   Class 2: 100 total -> Source: 70, Target: 30
2025-06-22 01:39:07,763 [INFO]   Class 3: 100 total -> Source: 70, Target: 30
2025-06-22 01:39:07,763 [INFO]   Class 4 (novel/unknown): 100 samples -> Target
2025-06-22 01:39:07,763 [INFO]   Class 5 (novel/unknown): 100 samples -> Target
2025-06-22 01:39:07,763 [INFO] Final allocation:
2025-06-22 01:39:07,763 [INFO]   Source domain: 280 samples
2025-06-22 01:39:07,763 [INFO]   Target domain: 320 samples
2025-06-22 01:39:07,764 [INFO] Source domain setup:
2025-06-22 01:39:07,764 [INFO]   Original classes: [0, 1, 2, 3]
2025-06-22 01:39:07,764 [INFO]   Overlap classes used: [0, 1, 2, 3]
2025-06-22 01:39:07,764 [INFO]   Label mapping: {0: 0, 1: 1, 2: 2, 3: 3}
2025-06-22 01:39:07,764 [INFO]   Total data after allocation: 280
2025-06-22 01:39:07,764 [INFO]   Data split - Train: 224, Val: 56
2025-06-22 01:39:07,764 [INFO]   Train label distribution: {0: 56, 1: 56, 3: 56, 2: 56}
2025-06-22 01:39:07,764 [INFO]   Val label distribution: {1: 14, 2: 14, 0: 14, 3: 14}
2025-06-22 01:39:07,765 [INFO] Successfully loaded dataset ENZYMES from ./data, total graphs: 600
2025-06-22 01:39:07,765 [INFO] Class allocation analysis:
2025-06-22 01:39:07,765 [INFO]   Source classes: [0, 1, 2, 3]
2025-06-22 01:39:07,765 [INFO]   Target classes: [0, 1, 2, 3, 4, 5]
2025-06-22 01:39:07,765 [INFO]   Overlap classes (to be split): [0, 1, 2, 3]
2025-06-22 01:39:07,765 [INFO]   Target novel classes (unknown): [4, 5]
2025-06-22 01:39:07,779 [INFO]   Class 0: 100 total -> Source: 70, Target: 30
2025-06-22 01:39:07,779 [INFO]   Class 1: 100 total -> Source: 70, Target: 30
2025-06-22 01:39:07,779 [INFO]   Class 2: 100 total -> Source: 70, Target: 30
2025-06-22 01:39:07,779 [INFO]   Class 3: 100 total -> Source: 70, Target: 30
2025-06-22 01:39:07,779 [INFO]   Class 4 (novel/unknown): 100 samples -> Target
2025-06-22 01:39:07,779 [INFO]   Class 5 (novel/unknown): 100 samples -> Target
2025-06-22 01:39:07,779 [INFO] Final allocation:
2025-06-22 01:39:07,779 [INFO]   Source domain: 280 samples
2025-06-22 01:39:07,780 [INFO]   Target domain: 320 samples
2025-06-22 01:39:07,781 [INFO] Target domain setup:
2025-06-22 01:39:07,781 [INFO]   Original classes: [0, 1, 2, 3, 4, 5]
2025-06-22 01:39:07,781 [INFO]   Overlap classes: [0, 1, 2, 3]
2025-06-22 01:39:07,781 [INFO]   Novel classes: [4, 5] -> mapped to unknown label 4
2025-06-22 01:39:07,781 [INFO]   Label mapping: {0: 0, 1: 1, 2: 2, 3: 3, 4: 4, 5: 4}
2025-06-22 01:39:07,781 [INFO]   Total data after allocation: 320
2025-06-22 01:39:07,781 [INFO]   Data split - Train: 256, Val: 64
2025-06-22 01:39:07,781 [INFO]   Total count: 320 (known: 120, unknown: 200)
2025-06-22 01:39:07,781 [INFO]   Total label distribution: {4: 200, 3: 30, 0: 30, 1: 30, 2: 30}
2025-06-22 01:39:07,781 [INFO]   Train label distribution: {4: 160, 0: 24, 2: 24, 3: 24, 1: 24}
2025-06-22 01:39:07,781 [INFO]   Val label distribution: {1: 6, 4: 40, 3: 6, 0: 6, 2: 6}
2025-06-22 01:39:07,781 [INFO] 数据加载器创建完成!
2025-06-22 01:39:07,781 [INFO] 源域类别数: 4 (重叠类别)
2025-06-22 01:39:07,781 [INFO] 目标域类别数: 5 (4个重叠类别 + 1个未知类别)
2025-06-22 01:39:07,782 [INFO] 重叠类别: [0, 1, 2, 3]
2025-06-22 01:39:07,782 [INFO] 目标域新类别: [4, 5]
2025-06-22 01:39:07,782 [INFO] Data allocation verification:
2025-06-22 01:39:07,782 [INFO]   Source data samples: 280
2025-06-22 01:39:07,782 [INFO]   Target data samples: 320
2025-06-22 01:39:07,782 [INFO]   Overlapping samples: 0
2025-06-22 01:39:07,782 [INFO]   ✓ Data allocation is correct - no overlapping samples
2025-06-22 01:39:07,788 [INFO] Model initialized with 1850884 parameters
2025-06-22 01:39:07,788 [INFO] Previous best validation accuracy read from record.txt: 0.6250
2025-06-22 01:39:07,788 [INFO] Starting training...
2025-06-22 01:39:07,923 [INFO] Epoch 001 | Train Loss: 13.1144 | Val Loss: 9.7950 | Val Acc: 0.3036
2025-06-22 01:39:08,447 [INFO] New best model at epoch 1 (Val Acc: 0.3036)
2025-06-22 01:39:08,568 [INFO] Epoch 002 | Train Loss: 7.8799 | Val Loss: 11.1939 | Val Acc: 0.2857
2025-06-22 01:39:08,708 [INFO] Epoch 003 | Train Loss: 6.4987 | Val Loss: 8.5130 | Val Acc: 0.3571
2025-06-22 01:39:08,743 [INFO] New best model at epoch 3 (Val Acc: 0.3571)
2025-06-22 01:39:08,872 [INFO] Epoch 004 | Train Loss: 3.9122 | Val Loss: 6.7579 | Val Acc: 0.4107
2025-06-22 01:39:08,902 [INFO] New best model at epoch 4 (Val Acc: 0.4107)
2025-06-22 01:39:09,016 [INFO] Epoch 005 | Train Loss: 3.6166 | Val Loss: 3.6160 | Val Acc: 0.3929
2025-06-22 01:39:09,149 [INFO] Epoch 006 | Train Loss: 3.7484 | Val Loss: 3.1549 | Val Acc: 0.3750
2025-06-22 01:39:09,290 [INFO] Epoch 007 | Train Loss: 3.4303 | Val Loss: 3.2616 | Val Acc: 0.3393
2025-06-22 01:39:09,445 [INFO] Epoch 008 | Train Loss: 3.9854 | Val Loss: 3.3835 | Val Acc: 0.3929
2025-06-22 01:39:09,590 [INFO] Epoch 009 | Train Loss: 2.9011 | Val Loss: 3.2522 | Val Acc: 0.3036
2025-06-22 01:39:09,737 [INFO] Epoch 010 | Train Loss: 3.2948 | Val Loss: 2.5880 | Val Acc: 0.3750
2025-06-22 01:39:11,000 [INFO] Epoch 011 | Train Loss: 2.8715 | Val Loss: 3.2488 | Val Acc: 0.3929
2025-06-22 01:39:11,141 [INFO] Epoch 012 | Train Loss: 3.2039 | Val Loss: 2.6959 | Val Acc: 0.3214
2025-06-22 01:39:11,281 [INFO] Epoch 013 | Train Loss: 2.4424 | Val Loss: 3.0455 | Val Acc: 0.4286
2025-06-22 01:39:11,314 [INFO] New best model at epoch 13 (Val Acc: 0.4286)
2025-06-22 01:39:11,438 [INFO] Epoch 014 | Train Loss: 2.8777 | Val Loss: 3.6051 | Val Acc: 0.3036
2025-06-22 01:39:11,585 [INFO] Epoch 015 | Train Loss: 2.4903 | Val Loss: 2.7660 | Val Acc: 0.4286
2025-06-22 01:39:11,734 [INFO] Epoch 016 | Train Loss: 2.4035 | Val Loss: 2.2373 | Val Acc: 0.3929
2025-06-22 01:39:11,878 [INFO] Epoch 017 | Train Loss: 2.7529 | Val Loss: 2.8401 | Val Acc: 0.3750
2025-06-22 01:39:12,021 [INFO] Epoch 018 | Train Loss: 2.4480 | Val Loss: 2.1676 | Val Acc: 0.3571
2025-06-22 01:39:12,159 [INFO] Epoch 019 | Train Loss: 2.6070 | Val Loss: 2.3328 | Val Acc: 0.4286
2025-06-22 01:39:12,299 [INFO] Epoch 020 | Train Loss: 2.1921 | Val Loss: 3.0797 | Val Acc: 0.3750
2025-06-22 01:39:12,979 [INFO] Epoch 021 | Train Loss: 2.1425 | Val Loss: 3.2838 | Val Acc: 0.4107
2025-06-22 01:39:13,121 [INFO] Epoch 022 | Train Loss: 2.2450 | Val Loss: 2.7848 | Val Acc: 0.4286
2025-06-22 01:39:13,277 [INFO] Epoch 023 | Train Loss: 2.5328 | Val Loss: 4.1765 | Val Acc: 0.3393
2025-06-22 01:39:13,430 [INFO] Epoch 024 | Train Loss: 2.0013 | Val Loss: 2.6845 | Val Acc: 0.3750
2025-06-22 01:39:13,571 [INFO] Epoch 025 | Train Loss: 3.6403 | Val Loss: 2.4875 | Val Acc: 0.4107
2025-06-22 01:39:13,726 [INFO] Epoch 026 | Train Loss: 4.6248 | Val Loss: 2.6734 | Val Acc: 0.4107
2025-06-22 01:39:13,862 [INFO] Epoch 027 | Train Loss: 2.3591 | Val Loss: 4.2626 | Val Acc: 0.4107
2025-06-22 01:39:14,019 [INFO] Epoch 028 | Train Loss: 2.0963 | Val Loss: 3.0191 | Val Acc: 0.3393
2025-06-22 01:39:14,162 [INFO] Epoch 029 | Train Loss: 1.6831 | Val Loss: 2.6294 | Val Acc: 0.4107
2025-06-22 01:39:14,309 [INFO] Epoch 030 | Train Loss: 1.4887 | Val Loss: 2.5751 | Val Acc: 0.4286
2025-06-22 01:39:14,921 [INFO] Epoch 031 | Train Loss: 1.5039 | Val Loss: 3.1234 | Val Acc: 0.3036
2025-06-22 01:39:15,067 [INFO] Epoch 032 | Train Loss: 1.3051 | Val Loss: 2.2721 | Val Acc: 0.3929
2025-06-22 01:39:15,218 [INFO] Epoch 033 | Train Loss: 1.9409 | Val Loss: 3.4904 | Val Acc: 0.3214
2025-06-22 01:39:15,362 [INFO] Epoch 034 | Train Loss: 1.7138 | Val Loss: 3.7832 | Val Acc: 0.4107
2025-06-22 01:39:15,506 [INFO] Epoch 035 | Train Loss: 1.2553 | Val Loss: 2.6737 | Val Acc: 0.4107
2025-06-22 01:39:15,656 [INFO] Epoch 036 | Train Loss: 1.5332 | Val Loss: 2.6819 | Val Acc: 0.3393
2025-06-22 01:39:15,802 [INFO] Epoch 037 | Train Loss: 2.1876 | Val Loss: 3.1602 | Val Acc: 0.3036
2025-06-22 01:39:15,943 [INFO] Epoch 038 | Train Loss: 2.8162 | Val Loss: 3.2669 | Val Acc: 0.3393
2025-06-22 01:39:16,089 [INFO] Epoch 039 | Train Loss: 1.7610 | Val Loss: 2.8494 | Val Acc: 0.4107
2025-06-22 01:39:16,230 [INFO] Epoch 040 | Train Loss: 2.0074 | Val Loss: 2.4060 | Val Acc: 0.4464
2025-06-22 01:39:16,690 [INFO] New best model at epoch 40 (Val Acc: 0.4464)
2025-06-22 01:39:16,828 [INFO] Epoch 041 | Train Loss: 1.0016 | Val Loss: 2.4262 | Val Acc: 0.3393
2025-06-22 01:39:16,972 [INFO] Epoch 042 | Train Loss: 1.2260 | Val Loss: 2.4336 | Val Acc: 0.4643
2025-06-22 01:39:17,005 [INFO] New best model at epoch 42 (Val Acc: 0.4643)
2025-06-22 01:39:17,122 [INFO] Epoch 043 | Train Loss: 2.0197 | Val Loss: 2.9810 | Val Acc: 0.3929
2025-06-22 01:39:17,277 [INFO] Epoch 044 | Train Loss: 2.0166 | Val Loss: 2.1739 | Val Acc: 0.4643
2025-06-22 01:39:17,419 [INFO] Epoch 045 | Train Loss: 0.9924 | Val Loss: 3.0585 | Val Acc: 0.4464
2025-06-22 01:39:17,559 [INFO] Epoch 046 | Train Loss: 2.2390 | Val Loss: 2.6445 | Val Acc: 0.3571
2025-06-22 01:39:17,698 [INFO] Epoch 047 | Train Loss: 1.7187 | Val Loss: 2.9164 | Val Acc: 0.4107
2025-06-22 01:39:17,845 [INFO] Epoch 048 | Train Loss: 1.7396 | Val Loss: 2.6420 | Val Acc: 0.4286
2025-06-22 01:39:17,988 [INFO] Epoch 049 | Train Loss: 2.0978 | Val Loss: 3.0696 | Val Acc: 0.3571
2025-06-22 01:39:18,131 [INFO] Epoch 050 | Train Loss: 2.1601 | Val Loss: 3.6443 | Val Acc: 0.3214
2025-06-22 01:39:18,730 [INFO] Epoch 051 | Train Loss: 1.8453 | Val Loss: 3.3833 | Val Acc: 0.3571
2025-06-22 01:39:18,879 [INFO] Epoch 052 | Train Loss: 1.1051 | Val Loss: 2.5797 | Val Acc: 0.4107
2025-06-22 01:39:19,024 [INFO] Epoch 053 | Train Loss: 1.1994 | Val Loss: 2.4344 | Val Acc: 0.3750
2025-06-22 01:39:19,173 [INFO] Epoch 054 | Train Loss: 0.7454 | Val Loss: 3.3951 | Val Acc: 0.3929
2025-06-22 01:39:19,312 [INFO] Epoch 055 | Train Loss: 0.9467 | Val Loss: 3.4246 | Val Acc: 0.5179
2025-06-22 01:39:19,345 [INFO] New best model at epoch 55 (Val Acc: 0.5179)
2025-06-22 01:39:19,461 [INFO] Epoch 056 | Train Loss: 1.2233 | Val Loss: 3.4011 | Val Acc: 0.4107
2025-06-22 01:39:19,603 [INFO] Epoch 057 | Train Loss: 1.0935 | Val Loss: 3.2706 | Val Acc: 0.3393
2025-06-22 01:39:19,753 [INFO] Epoch 058 | Train Loss: 1.4563 | Val Loss: 3.0334 | Val Acc: 0.3929
2025-06-22 01:39:19,894 [INFO] Epoch 059 | Train Loss: 0.9268 | Val Loss: 2.9963 | Val Acc: 0.4464
2025-06-22 01:39:20,036 [INFO] Epoch 060 | Train Loss: 1.2628 | Val Loss: 2.9962 | Val Acc: 0.3750
2025-06-22 01:39:20,617 [INFO] Epoch 061 | Train Loss: 1.3487 | Val Loss: 3.1771 | Val Acc: 0.3929
2025-06-22 01:39:20,763 [INFO] Epoch 062 | Train Loss: 1.2692 | Val Loss: 3.5926 | Val Acc: 0.4107
2025-06-22 01:39:20,908 [INFO] Epoch 063 | Train Loss: 1.1995 | Val Loss: 2.5928 | Val Acc: 0.5179
2025-06-22 01:39:21,081 [INFO] Epoch 064 | Train Loss: 1.0356 | Val Loss: 3.3355 | Val Acc: 0.4464
2025-06-22 01:39:21,278 [INFO] Epoch 065 | Train Loss: 1.7795 | Val Loss: 2.7825 | Val Acc: 0.4286
2025-06-22 01:39:21,423 [INFO] Epoch 066 | Train Loss: 1.0720 | Val Loss: 2.3874 | Val Acc: 0.5179
2025-06-22 01:39:21,566 [INFO] Epoch 067 | Train Loss: 0.9116 | Val Loss: 2.9623 | Val Acc: 0.4286
2025-06-22 01:39:21,709 [INFO] Epoch 068 | Train Loss: 0.9290 | Val Loss: 2.9921 | Val Acc: 0.3929
2025-06-22 01:39:21,858 [INFO] Epoch 069 | Train Loss: 0.9667 | Val Loss: 2.6113 | Val Acc: 0.4464
2025-06-22 01:39:22,000 [INFO] Epoch 070 | Train Loss: 1.4679 | Val Loss: 3.0171 | Val Acc: 0.3929
2025-06-22 01:39:22,603 [INFO] Epoch 071 | Train Loss: 1.5682 | Val Loss: 2.9889 | Val Acc: 0.4107
2025-06-22 01:39:22,740 [INFO] Epoch 072 | Train Loss: 1.4159 | Val Loss: 3.5474 | Val Acc: 0.4107
2025-06-22 01:39:22,881 [INFO] Epoch 073 | Train Loss: 0.8359 | Val Loss: 3.8486 | Val Acc: 0.4286
2025-06-22 01:39:23,033 [INFO] Epoch 074 | Train Loss: 0.8707 | Val Loss: 5.4100 | Val Acc: 0.3929
2025-06-22 01:39:23,178 [INFO] Epoch 075 | Train Loss: 1.5179 | Val Loss: 2.9046 | Val Acc: 0.4643
2025-06-22 01:39:23,334 [INFO] Epoch 076 | Train Loss: 1.1719 | Val Loss: 3.0989 | Val Acc: 0.4107
2025-06-22 01:39:23,473 [INFO] Epoch 077 | Train Loss: 0.6700 | Val Loss: 3.3357 | Val Acc: 0.4107
2025-06-22 01:39:23,614 [INFO] Epoch 078 | Train Loss: 1.1448 | Val Loss: 3.3623 | Val Acc: 0.3929
2025-06-22 01:39:23,752 [INFO] Epoch 079 | Train Loss: 1.3238 | Val Loss: 3.5971 | Val Acc: 0.4286
2025-06-22 01:39:23,900 [INFO] Epoch 080 | Train Loss: 0.9037 | Val Loss: 3.4815 | Val Acc: 0.3929
2025-06-22 01:39:24,514 [INFO] Epoch 081 | Train Loss: 1.4422 | Val Loss: 3.6520 | Val Acc: 0.3929
2025-06-22 01:39:24,656 [INFO] Epoch 082 | Train Loss: 1.1990 | Val Loss: 3.1277 | Val Acc: 0.3929
2025-06-22 01:39:24,799 [INFO] Epoch 083 | Train Loss: 1.3353 | Val Loss: 3.5369 | Val Acc: 0.3393
2025-06-22 01:39:24,952 [INFO] Epoch 084 | Train Loss: 0.5638 | Val Loss: 4.1349 | Val Acc: 0.3750
2025-06-22 01:39:25,087 [INFO] Epoch 085 | Train Loss: 1.1306 | Val Loss: 2.7782 | Val Acc: 0.4286
2025-06-22 01:39:25,235 [INFO] Epoch 086 | Train Loss: 0.9535 | Val Loss: 2.3470 | Val Acc: 0.5000
2025-06-22 01:39:25,381 [INFO] Epoch 087 | Train Loss: 1.5483 | Val Loss: 2.7088 | Val Acc: 0.4643
2025-06-22 01:39:25,531 [INFO] Epoch 088 | Train Loss: 2.0586 | Val Loss: 2.4826 | Val Acc: 0.5357
2025-06-22 01:39:25,564 [INFO] New best model at epoch 88 (Val Acc: 0.5357)
2025-06-22 01:39:25,678 [INFO] Epoch 089 | Train Loss: 1.4119 | Val Loss: 3.3605 | Val Acc: 0.4107
2025-06-22 01:39:25,816 [INFO] Epoch 090 | Train Loss: 2.2003 | Val Loss: 4.3125 | Val Acc: 0.4821
2025-06-22 01:39:26,723 [INFO] Epoch 091 | Train Loss: 1.3488 | Val Loss: 4.6791 | Val Acc: 0.3571
2025-06-22 01:39:26,866 [INFO] Epoch 092 | Train Loss: 1.3335 | Val Loss: 3.4624 | Val Acc: 0.3750
2025-06-22 01:39:27,006 [INFO] Epoch 093 | Train Loss: 3.1173 | Val Loss: 3.2132 | Val Acc: 0.4464
2025-06-22 01:39:27,182 [INFO] Epoch 094 | Train Loss: 1.2751 | Val Loss: 2.8318 | Val Acc: 0.4286
2025-06-22 01:39:27,332 [INFO] Epoch 095 | Train Loss: 1.6548 | Val Loss: 2.9357 | Val Acc: 0.4107
2025-06-22 01:39:27,474 [INFO] Epoch 096 | Train Loss: 1.6560 | Val Loss: 3.4209 | Val Acc: 0.3393
2025-06-22 01:39:27,621 [INFO] Epoch 097 | Train Loss: 1.7274 | Val Loss: 3.9357 | Val Acc: 0.5179
2025-06-22 01:39:27,875 [INFO] Epoch 098 | Train Loss: 0.7327 | Val Loss: 3.4944 | Val Acc: 0.3571
2025-06-22 01:39:28,019 [INFO] Epoch 099 | Train Loss: 1.1152 | Val Loss: 3.4312 | Val Acc: 0.4286
2025-06-22 01:39:28,159 [INFO] Epoch 100 | Train Loss: 0.8223 | Val Loss: 3.0004 | Val Acc: 0.3571
2025-06-22 01:39:28,823 [INFO] Epoch 101 | Train Loss: 0.8547 | Val Loss: 3.2799 | Val Acc: 0.3750
2025-06-22 01:39:29,148 [INFO] Epoch 102 | Train Loss: 1.0092 | Val Loss: 2.8815 | Val Acc: 0.4286
2025-06-22 01:39:29,384 [INFO] Epoch 103 | Train Loss: 1.0869 | Val Loss: 2.9632 | Val Acc: 0.4464
2025-06-22 01:39:29,531 [INFO] Epoch 104 | Train Loss: 1.0044 | Val Loss: 3.8727 | Val Acc: 0.3929
2025-06-22 01:39:29,671 [INFO] Epoch 105 | Train Loss: 0.9311 | Val Loss: 3.5301 | Val Acc: 0.4107
2025-06-22 01:39:29,818 [INFO] Epoch 106 | Train Loss: 0.7642 | Val Loss: 3.3627 | Val Acc: 0.3929
2025-06-22 01:39:29,962 [INFO] Epoch 107 | Train Loss: 0.5185 | Val Loss: 2.9909 | Val Acc: 0.4464
2025-06-22 01:39:30,106 [INFO] Epoch 108 | Train Loss: 1.3806 | Val Loss: 3.4125 | Val Acc: 0.4286
2025-06-22 01:39:30,251 [INFO] Epoch 109 | Train Loss: 1.0217 | Val Loss: 3.0833 | Val Acc: 0.3929
2025-06-22 01:39:30,390 [INFO] Epoch 110 | Train Loss: 0.6672 | Val Loss: 3.7372 | Val Acc: 0.4107
2025-06-22 01:39:31,404 [INFO] Epoch 111 | Train Loss: 0.9202 | Val Loss: 4.4231 | Val Acc: 0.4107
2025-06-22 01:39:31,551 [INFO] Epoch 112 | Train Loss: 0.7907 | Val Loss: 3.8761 | Val Acc: 0.4464
2025-06-22 01:39:31,702 [INFO] Epoch 113 | Train Loss: 0.7648 | Val Loss: 3.8074 | Val Acc: 0.4107
2025-06-22 01:39:31,846 [INFO] Epoch 114 | Train Loss: 0.7165 | Val Loss: 3.6791 | Val Acc: 0.3750
2025-06-22 01:39:31,990 [INFO] Epoch 115 | Train Loss: 0.8694 | Val Loss: 3.9810 | Val Acc: 0.3571
2025-06-22 01:39:32,141 [INFO] Epoch 116 | Train Loss: 0.6310 | Val Loss: 4.0519 | Val Acc: 0.3750
2025-06-22 01:39:32,290 [INFO] Epoch 117 | Train Loss: 0.9036 | Val Loss: 4.9249 | Val Acc: 0.3036
2025-06-22 01:39:32,431 [INFO] Epoch 118 | Train Loss: 1.1747 | Val Loss: 4.4942 | Val Acc: 0.3393
2025-06-22 01:39:32,586 [INFO] Epoch 119 | Train Loss: 0.4201 | Val Loss: 3.5267 | Val Acc: 0.3929
2025-06-22 01:39:32,728 [INFO] Epoch 120 | Train Loss: 0.4094 | Val Loss: 3.6113 | Val Acc: 0.3750
2025-06-22 01:39:33,366 [INFO] Epoch 121 | Train Loss: 0.3564 | Val Loss: 4.6430 | Val Acc: 0.3929
2025-06-22 01:39:33,508 [INFO] Epoch 122 | Train Loss: 0.3096 | Val Loss: 4.7197 | Val Acc: 0.3929
2025-06-22 01:39:33,653 [INFO] Epoch 123 | Train Loss: 0.6273 | Val Loss: 4.1443 | Val Acc: 0.3214
2025-06-22 01:39:33,809 [INFO] Epoch 124 | Train Loss: 0.8470 | Val Loss: 4.1867 | Val Acc: 0.3929
2025-06-22 01:39:33,954 [INFO] Epoch 125 | Train Loss: 0.7437 | Val Loss: 4.5735 | Val Acc: 0.5179
2025-06-22 01:39:34,105 [INFO] Epoch 126 | Train Loss: 0.6681 | Val Loss: 4.6457 | Val Acc: 0.4286
2025-06-22 01:39:34,246 [INFO] Epoch 127 | Train Loss: 0.4965 | Val Loss: 3.4098 | Val Acc: 0.3929
2025-06-22 01:39:34,393 [INFO] Epoch 128 | Train Loss: 1.0576 | Val Loss: 3.0651 | Val Acc: 0.4464
2025-06-22 01:39:34,536 [INFO] Epoch 129 | Train Loss: 0.8749 | Val Loss: 4.1217 | Val Acc: 0.3750
2025-06-22 01:39:34,686 [INFO] Epoch 130 | Train Loss: 1.0031 | Val Loss: 4.4819 | Val Acc: 0.3214
2025-06-22 01:39:35,401 [INFO] Epoch 131 | Train Loss: 1.2019 | Val Loss: 3.9000 | Val Acc: 0.3571
2025-06-22 01:39:35,551 [INFO] Epoch 132 | Train Loss: 0.8659 | Val Loss: 3.3231 | Val Acc: 0.4286
2025-06-22 01:39:35,697 [INFO] Epoch 133 | Train Loss: 0.9279 | Val Loss: 4.1086 | Val Acc: 0.3929
2025-06-22 01:39:35,853 [INFO] Epoch 134 | Train Loss: 0.4937 | Val Loss: 3.8396 | Val Acc: 0.4107
2025-06-22 01:39:36,000 [INFO] Epoch 135 | Train Loss: 1.4539 | Val Loss: 3.3444 | Val Acc: 0.3929
2025-06-22 01:39:36,148 [INFO] Epoch 136 | Train Loss: 1.0431 | Val Loss: 4.0716 | Val Acc: 0.3750
2025-06-22 01:39:36,289 [INFO] Epoch 137 | Train Loss: 0.4997 | Val Loss: 5.0128 | Val Acc: 0.3750
2025-06-22 01:39:36,433 [INFO] Epoch 138 | Train Loss: 0.5301 | Val Loss: 4.0828 | Val Acc: 0.3750
2025-06-22 01:39:36,587 [INFO] Epoch 139 | Train Loss: 0.4769 | Val Loss: 4.6533 | Val Acc: 0.3750
2025-06-22 01:39:36,735 [INFO] Epoch 140 | Train Loss: 0.8192 | Val Loss: 4.4212 | Val Acc: 0.4464
2025-06-22 01:39:37,322 [INFO] Epoch 141 | Train Loss: 0.7770 | Val Loss: 5.4627 | Val Acc: 0.3929
2025-06-22 01:39:37,463 [INFO] Epoch 142 | Train Loss: 0.5451 | Val Loss: 5.4664 | Val Acc: 0.4107
2025-06-22 01:39:37,614 [INFO] Epoch 143 | Train Loss: 0.9722 | Val Loss: 3.9519 | Val Acc: 0.3929
2025-06-22 01:39:37,773 [INFO] Epoch 144 | Train Loss: 0.4768 | Val Loss: 3.4560 | Val Acc: 0.4107
2025-06-22 01:39:37,922 [INFO] Epoch 145 | Train Loss: 0.8470 | Val Loss: 3.3822 | Val Acc: 0.4464
2025-06-22 01:39:38,080 [INFO] Epoch 146 | Train Loss: 0.3032 | Val Loss: 3.8498 | Val Acc: 0.4286
2025-06-22 01:39:38,231 [INFO] Epoch 147 | Train Loss: 0.3875 | Val Loss: 3.9751 | Val Acc: 0.4643
2025-06-22 01:39:38,390 [INFO] Epoch 148 | Train Loss: 0.6153 | Val Loss: 6.0333 | Val Acc: 0.3750
2025-06-22 01:39:38,538 [INFO] Epoch 149 | Train Loss: 0.3426 | Val Loss: 5.6521 | Val Acc: 0.3929
2025-06-22 01:39:38,686 [INFO] Epoch 150 | Train Loss: 0.7082 | Val Loss: 4.3751 | Val Acc: 0.4643
2025-06-22 01:39:39,291 [INFO] Epoch 151 | Train Loss: 0.5239 | Val Loss: 3.8699 | Val Acc: 0.3929
2025-06-22 01:39:39,432 [INFO] Epoch 152 | Train Loss: 0.6773 | Val Loss: 4.5775 | Val Acc: 0.3750
2025-06-22 01:39:39,582 [INFO] Epoch 153 | Train Loss: 0.5099 | Val Loss: 4.5391 | Val Acc: 0.3571
2025-06-22 01:39:39,745 [INFO] Epoch 154 | Train Loss: 0.3060 | Val Loss: 4.3993 | Val Acc: 0.4464
2025-06-22 01:39:39,892 [INFO] Epoch 155 | Train Loss: 0.3719 | Val Loss: 4.0808 | Val Acc: 0.3929
2025-06-22 01:39:40,044 [INFO] Epoch 156 | Train Loss: 0.4252 | Val Loss: 3.8891 | Val Acc: 0.4464
2025-06-22 01:39:40,196 [INFO] Epoch 157 | Train Loss: 0.8601 | Val Loss: 3.9056 | Val Acc: 0.4821
2025-06-22 01:39:40,344 [INFO] Epoch 158 | Train Loss: 0.7485 | Val Loss: 3.6565 | Val Acc: 0.4286
2025-06-22 01:39:40,498 [INFO] Epoch 159 | Train Loss: 0.7138 | Val Loss: 3.6317 | Val Acc: 0.3750
2025-06-22 01:39:40,653 [INFO] Epoch 160 | Train Loss: 0.4309 | Val Loss: 4.0912 | Val Acc: 0.4464
2025-06-22 01:39:42,045 [INFO] Epoch 161 | Train Loss: 0.5818 | Val Loss: 4.2300 | Val Acc: 0.3929
2025-06-22 01:39:42,194 [INFO] Epoch 162 | Train Loss: 0.3748 | Val Loss: 4.5679 | Val Acc: 0.3393
2025-06-22 01:39:42,342 [INFO] Epoch 163 | Train Loss: 0.6344 | Val Loss: 6.0329 | Val Acc: 0.3571
2025-06-22 01:39:42,496 [INFO] Epoch 164 | Train Loss: 0.8950 | Val Loss: 5.8303 | Val Acc: 0.3929
2025-06-22 01:39:42,637 [INFO] Epoch 165 | Train Loss: 0.3002 | Val Loss: 4.8869 | Val Acc: 0.3929
2025-06-22 01:39:42,782 [INFO] Epoch 166 | Train Loss: 0.4096 | Val Loss: 4.1518 | Val Acc: 0.4464
2025-06-22 01:39:42,935 [INFO] Epoch 167 | Train Loss: 0.7826 | Val Loss: 5.5256 | Val Acc: 0.3571
2025-06-22 01:39:43,126 [INFO] Epoch 168 | Train Loss: 0.4169 | Val Loss: 5.4497 | Val Acc: 0.4107
2025-06-22 01:39:43,274 [INFO] Epoch 169 | Train Loss: 0.5780 | Val Loss: 4.6722 | Val Acc: 0.4107
2025-06-22 01:39:43,425 [INFO] Epoch 170 | Train Loss: 0.8707 | Val Loss: 4.3595 | Val Acc: 0.3571
2025-06-22 01:39:44,065 [INFO] Epoch 171 | Train Loss: 1.2177 | Val Loss: 4.0632 | Val Acc: 0.3750
2025-06-22 01:39:44,234 [INFO] Epoch 172 | Train Loss: 1.5651 | Val Loss: 4.2113 | Val Acc: 0.4643
2025-06-22 01:39:44,406 [INFO] Epoch 173 | Train Loss: 0.7654 | Val Loss: 4.6834 | Val Acc: 0.3571
2025-06-22 01:39:44,595 [INFO] Epoch 174 | Train Loss: 1.0574 | Val Loss: 3.9537 | Val Acc: 0.4107
2025-06-22 01:39:44,753 [INFO] Epoch 175 | Train Loss: 2.0932 | Val Loss: 4.3967 | Val Acc: 0.4286
2025-06-22 01:39:44,907 [INFO] Epoch 176 | Train Loss: 1.5395 | Val Loss: 6.0735 | Val Acc: 0.3214
2025-06-22 01:39:45,063 [INFO] Epoch 177 | Train Loss: 0.8227 | Val Loss: 4.7803 | Val Acc: 0.3929
2025-06-22 01:39:45,217 [INFO] Epoch 178 | Train Loss: 0.5252 | Val Loss: 5.8599 | Val Acc: 0.3750
2025-06-22 01:39:45,366 [INFO] Epoch 179 | Train Loss: 1.2991 | Val Loss: 6.0319 | Val Acc: 0.3571
2025-06-22 01:39:45,516 [INFO] Epoch 180 | Train Loss: 1.1229 | Val Loss: 4.0649 | Val Acc: 0.4821
2025-06-22 01:39:46,105 [INFO] Epoch 181 | Train Loss: 0.5673 | Val Loss: 3.0027 | Val Acc: 0.5000
2025-06-22 01:39:46,249 [INFO] Epoch 182 | Train Loss: 0.9698 | Val Loss: 4.0839 | Val Acc: 0.3750
2025-06-22 01:39:46,398 [INFO] Epoch 183 | Train Loss: 0.6192 | Val Loss: 6.3040 | Val Acc: 0.3929
2025-06-22 01:39:46,562 [INFO] Epoch 184 | Train Loss: 0.9022 | Val Loss: 4.6472 | Val Acc: 0.4464
2025-06-22 01:39:46,711 [INFO] Epoch 185 | Train Loss: 0.5713 | Val Loss: 3.9668 | Val Acc: 0.3750
2025-06-22 01:39:46,861 [INFO] Epoch 186 | Train Loss: 1.0043 | Val Loss: 5.5654 | Val Acc: 0.4464
2025-06-22 01:39:47,008 [INFO] Epoch 187 | Train Loss: 1.1880 | Val Loss: 4.1430 | Val Acc: 0.3929
2025-06-22 01:39:47,156 [INFO] Epoch 188 | Train Loss: 0.4082 | Val Loss: 4.7386 | Val Acc: 0.3214
2025-06-22 01:39:47,306 [INFO] Epoch 189 | Train Loss: 3.5657 | Val Loss: 4.4606 | Val Acc: 0.3929
2025-06-22 01:39:47,453 [INFO] Epoch 190 | Train Loss: 0.9306 | Val Loss: 4.2694 | Val Acc: 0.4286
2025-06-22 01:39:48,139 [INFO] Epoch 191 | Train Loss: 0.9151 | Val Loss: 8.4214 | Val Acc: 0.3571
2025-06-22 01:39:48,288 [INFO] Epoch 192 | Train Loss: 0.7978 | Val Loss: 7.2228 | Val Acc: 0.3750
2025-06-22 01:39:48,436 [INFO] Epoch 193 | Train Loss: 0.6047 | Val Loss: 7.0804 | Val Acc: 0.3214
2025-06-22 01:39:48,588 [INFO] Epoch 194 | Train Loss: 0.9070 | Val Loss: 3.7773 | Val Acc: 0.3571
2025-06-22 01:39:48,738 [INFO] Epoch 195 | Train Loss: 0.5001 | Val Loss: 3.7640 | Val Acc: 0.4464
2025-06-22 01:39:48,885 [INFO] Epoch 196 | Train Loss: 0.5900 | Val Loss: 3.6727 | Val Acc: 0.4286
2025-06-22 01:39:49,033 [INFO] Epoch 197 | Train Loss: 0.3850 | Val Loss: 4.3389 | Val Acc: 0.3929
2025-06-22 01:39:49,180 [INFO] Epoch 198 | Train Loss: 0.5418 | Val Loss: 5.1535 | Val Acc: 0.4643
2025-06-22 01:39:49,333 [INFO] Epoch 199 | Train Loss: 0.6538 | Val Loss: 4.8491 | Val Acc: 0.3929
2025-06-22 01:39:49,483 [INFO] Epoch 200 | Train Loss: 0.2267 | Val Loss: 3.9540 | Val Acc: 0.4107
2025-06-22 01:39:50,091 [INFO] Epoch 201 | Train Loss: 0.3006 | Val Loss: 3.3187 | Val Acc: 0.4821
2025-06-22 01:39:50,240 [INFO] Epoch 202 | Train Loss: 0.2658 | Val Loss: 3.0316 | Val Acc: 0.4286
2025-06-22 01:39:50,387 [INFO] Epoch 203 | Train Loss: 0.8010 | Val Loss: 3.6870 | Val Acc: 0.3571
2025-06-22 01:39:50,547 [INFO] Epoch 204 | Train Loss: 0.4902 | Val Loss: 3.3177 | Val Acc: 0.3036
2025-06-22 01:39:50,688 [INFO] Epoch 205 | Train Loss: 0.4239 | Val Loss: 3.8628 | Val Acc: 0.3571
2025-06-22 01:39:50,832 [INFO] Epoch 206 | Train Loss: 0.2920 | Val Loss: 3.0953 | Val Acc: 0.4286
2025-06-22 01:39:50,983 [INFO] Epoch 207 | Train Loss: 0.4335 | Val Loss: 3.2930 | Val Acc: 0.4821
2025-06-22 01:39:51,131 [INFO] Epoch 208 | Train Loss: 0.7083 | Val Loss: 4.1225 | Val Acc: 0.3929
2025-06-22 01:39:51,285 [INFO] Epoch 209 | Train Loss: 0.3066 | Val Loss: 3.8045 | Val Acc: 0.4464
2025-06-22 01:39:51,433 [INFO] Epoch 210 | Train Loss: 0.8211 | Val Loss: 3.5215 | Val Acc: 0.4643
2025-06-22 01:39:52,044 [INFO] Epoch 211 | Train Loss: 0.6421 | Val Loss: 3.7293 | Val Acc: 0.4464
2025-06-22 01:39:52,190 [INFO] Epoch 212 | Train Loss: 0.7978 | Val Loss: 4.1854 | Val Acc: 0.3929
2025-06-22 01:39:52,341 [INFO] Epoch 213 | Train Loss: 1.2835 | Val Loss: 3.6521 | Val Acc: 0.4464
2025-06-22 01:39:52,493 [INFO] Epoch 214 | Train Loss: 1.8643 | Val Loss: 3.9041 | Val Acc: 0.5357
2025-06-22 01:39:52,638 [INFO] Epoch 215 | Train Loss: 1.6825 | Val Loss: 4.1564 | Val Acc: 0.4643
2025-06-22 01:39:52,782 [INFO] Epoch 216 | Train Loss: 0.6065 | Val Loss: 3.6835 | Val Acc: 0.4464
2025-06-22 01:39:52,924 [INFO] Epoch 217 | Train Loss: 0.9479 | Val Loss: 3.8874 | Val Acc: 0.5000
2025-06-22 01:39:53,074 [INFO] Epoch 218 | Train Loss: 0.7818 | Val Loss: 3.5481 | Val Acc: 0.5000
2025-06-22 01:39:53,227 [INFO] Epoch 219 | Train Loss: 0.5230 | Val Loss: 3.8149 | Val Acc: 0.5179
2025-06-22 01:39:53,406 [INFO] Epoch 220 | Train Loss: 0.4711 | Val Loss: 4.4712 | Val Acc: 0.4107
2025-06-22 01:39:54,685 [INFO] Epoch 221 | Train Loss: 0.5195 | Val Loss: 5.0608 | Val Acc: 0.3571
2025-06-22 01:39:54,823 [INFO] Epoch 222 | Train Loss: 0.4625 | Val Loss: 5.1164 | Val Acc: 0.3750
2025-06-22 01:39:54,969 [INFO] Epoch 223 | Train Loss: 0.3447 | Val Loss: 4.3352 | Val Acc: 0.4464
2025-06-22 01:39:55,118 [INFO] Epoch 224 | Train Loss: 0.2720 | Val Loss: 4.1064 | Val Acc: 0.4286
2025-06-22 01:39:55,258 [INFO] Epoch 225 | Train Loss: 0.6300 | Val Loss: 4.0911 | Val Acc: 0.3929
2025-06-22 01:39:55,402 [INFO] Epoch 226 | Train Loss: 1.1704 | Val Loss: 4.7056 | Val Acc: 0.4464
2025-06-22 01:39:55,547 [INFO] Epoch 227 | Train Loss: 0.3349 | Val Loss: 3.8868 | Val Acc: 0.4286
2025-06-22 01:39:55,695 [INFO] Epoch 228 | Train Loss: 0.4537 | Val Loss: 3.7725 | Val Acc: 0.4464
2025-06-22 01:39:55,844 [INFO] Epoch 229 | Train Loss: 0.2463 | Val Loss: 4.0269 | Val Acc: 0.4107
2025-06-22 01:39:55,997 [INFO] Epoch 230 | Train Loss: 0.2661 | Val Loss: 4.9973 | Val Acc: 0.4286
2025-06-22 01:39:56,636 [INFO] Epoch 231 | Train Loss: 0.2621 | Val Loss: 5.5748 | Val Acc: 0.4286
2025-06-22 01:39:56,771 [INFO] Epoch 232 | Train Loss: 0.2906 | Val Loss: 5.7367 | Val Acc: 0.4464
2025-06-22 01:39:56,912 [INFO] Epoch 233 | Train Loss: 0.1777 | Val Loss: 5.9880 | Val Acc: 0.3929
2025-06-22 01:39:57,060 [INFO] Epoch 234 | Train Loss: 0.2771 | Val Loss: 5.7873 | Val Acc: 0.3571
2025-06-22 01:39:57,204 [INFO] Epoch 235 | Train Loss: 0.4736 | Val Loss: 5.7222 | Val Acc: 0.4464
2025-06-22 01:39:57,357 [INFO] Epoch 236 | Train Loss: 0.2719 | Val Loss: 5.9037 | Val Acc: 0.4107
2025-06-22 01:39:57,513 [INFO] Epoch 237 | Train Loss: 0.5986 | Val Loss: 6.2501 | Val Acc: 0.3571
2025-06-22 01:39:57,666 [INFO] Epoch 238 | Train Loss: 0.5685 | Val Loss: 6.1990 | Val Acc: 0.3393
2025-06-22 01:39:57,702 [INFO] Early stopping at epoch 238 (no improvement in 150 epochs).
2025-06-22 01:39:57,747 [INFO] Best model saved to <built-in function time>/ENZYMES/best/best_source_gin.pth (Val Acc: 0.5357 at epoch 88)
2025-06-22 01:39:57,748 [INFO] Training/validation metrics saved to <built-in function time>/ENZYMES/GIN_0.001/train_metrics.csv
2025-06-22 01:39:58,374 [INFO] Final training curves saved
2025-06-22 01:39:58,374 [INFO] Training completed!
2025-06-22 01:39:58,374 [INFO] Best validation accuracy: 0.5357
2025-06-22 01:39:58,374 [INFO] Best epoch: 88
2025-06-22 01:39:58,374 [INFO] Total epochs trained: 238
2025-06-22 01:39:58,375 [INFO] Starting training with parameters: (0.001, 0.1, 512, 4, 400, 0.001)
