2025-06-21 20:01:01,898 [INFO] Using device: cpu
2025-06-21 20:01:01,898 [INFO] 开始创建数据加载器...
2025-06-21 20:01:01,900 [INFO] Successfully loaded dataset ENZYMES from ./data, total graphs: 600
2025-06-21 20:01:01,900 [INFO] Class allocation analysis:
2025-06-21 20:01:01,900 [INFO]   Source classes: [0, 1, 2, 3]
2025-06-21 20:01:01,900 [INFO]   Target classes: [0, 1, 2, 3, 4, 5]
2025-06-21 20:01:01,901 [INFO]   Overlap classes (to be split): [0, 1, 2, 3]
2025-06-21 20:01:01,901 [INFO]   Target novel classes (unknown): [4, 5]
2025-06-21 20:01:01,914 [INFO]   Class 0: 100 total -> Source: 70, Target: 30
2025-06-21 20:01:01,914 [INFO]   Class 1: 100 total -> Source: 70, Target: 30
2025-06-21 20:01:01,914 [INFO]   Class 2: 100 total -> Source: 70, Target: 30
2025-06-21 20:01:01,915 [INFO]   Class 3: 100 total -> Source: 70, Target: 30
2025-06-21 20:01:01,915 [INFO]   Class 4 (novel/unknown): 100 samples -> Target
2025-06-21 20:01:01,915 [INFO]   Class 5 (novel/unknown): 100 samples -> Target
2025-06-21 20:01:01,915 [INFO] Final allocation:
2025-06-21 20:01:01,915 [INFO]   Source domain: 280 samples
2025-06-21 20:01:01,915 [INFO]   Target domain: 320 samples
2025-06-21 20:01:01,916 [INFO] Source domain setup:
2025-06-21 20:01:01,916 [INFO]   Original classes: [0, 1, 2, 3]
2025-06-21 20:01:01,916 [INFO]   Overlap classes used: [0, 1, 2, 3]
2025-06-21 20:01:01,916 [INFO]   Label mapping: {0: 0, 1: 1, 2: 2, 3: 3}
2025-06-21 20:01:01,916 [INFO]   Total data after allocation: 280
2025-06-21 20:01:01,916 [INFO]   Data split - Train: 224, Val: 56
2025-06-21 20:01:01,916 [INFO]   Train label distribution: {0: 56, 1: 56, 3: 56, 2: 56}
2025-06-21 20:01:01,916 [INFO]   Val label distribution: {1: 14, 2: 14, 0: 14, 3: 14}
2025-06-21 20:01:01,917 [INFO] Successfully loaded dataset ENZYMES from ./data, total graphs: 600
2025-06-21 20:01:01,917 [INFO] Class allocation analysis:
2025-06-21 20:01:01,917 [INFO]   Source classes: [0, 1, 2, 3]
2025-06-21 20:01:01,917 [INFO]   Target classes: [0, 1, 2, 3, 4, 5]
2025-06-21 20:01:01,917 [INFO]   Overlap classes (to be split): [0, 1, 2, 3]
2025-06-21 20:01:01,917 [INFO]   Target novel classes (unknown): [4, 5]
2025-06-21 20:01:01,930 [INFO]   Class 0: 100 total -> Source: 70, Target: 30
2025-06-21 20:01:01,930 [INFO]   Class 1: 100 total -> Source: 70, Target: 30
2025-06-21 20:01:01,930 [INFO]   Class 2: 100 total -> Source: 70, Target: 30
2025-06-21 20:01:01,931 [INFO]   Class 3: 100 total -> Source: 70, Target: 30
2025-06-21 20:01:01,931 [INFO]   Class 4 (novel/unknown): 100 samples -> Target
2025-06-21 20:01:01,931 [INFO]   Class 5 (novel/unknown): 100 samples -> Target
2025-06-21 20:01:01,931 [INFO] Final allocation:
2025-06-21 20:01:01,931 [INFO]   Source domain: 280 samples
2025-06-21 20:01:01,931 [INFO]   Target domain: 320 samples
2025-06-21 20:01:01,932 [INFO] Target domain setup:
2025-06-21 20:01:01,932 [INFO]   Original classes: [0, 1, 2, 3, 4, 5]
2025-06-21 20:01:01,932 [INFO]   Overlap classes: [0, 1, 2, 3]
2025-06-21 20:01:01,932 [INFO]   Novel classes: [4, 5] -> mapped to unknown label 4
2025-06-21 20:01:01,932 [INFO]   Label mapping: {0: 0, 1: 1, 2: 2, 3: 3, 4: 4, 5: 4}
2025-06-21 20:01:01,932 [INFO]   Total data after allocation: 320
2025-06-21 20:01:01,932 [INFO]   Data split - Train: 256, Val: 64
2025-06-21 20:01:01,932 [INFO]   Total count: 320 (known: 120, unknown: 200)
2025-06-21 20:01:01,932 [INFO]   Total label distribution: {4: 200, 3: 30, 0: 30, 1: 30, 2: 30}
2025-06-21 20:01:01,932 [INFO]   Train label distribution: {4: 160, 0: 24, 2: 24, 3: 24, 1: 24}
2025-06-21 20:01:01,932 [INFO]   Val label distribution: {1: 6, 4: 40, 3: 6, 0: 6, 2: 6}
2025-06-21 20:01:01,933 [INFO] 数据加载器创建完成!
2025-06-21 20:01:01,933 [INFO] 源域类别数: 4 (重叠类别)
2025-06-21 20:01:01,933 [INFO] 目标域类别数: 5 (4个重叠类别 + 1个未知类别)
2025-06-21 20:01:01,933 [INFO] 重叠类别: [0, 1, 2, 3]
2025-06-21 20:01:01,933 [INFO] 目标域新类别: [4, 5]
2025-06-21 20:01:01,933 [INFO] Data allocation verification:
2025-06-21 20:01:01,933 [INFO]   Source data samples: 280
2025-06-21 20:01:01,933 [INFO]   Target data samples: 320
2025-06-21 20:01:01,933 [INFO]   Overlapping samples: 0
2025-06-21 20:01:01,933 [INFO]   ✓ Data allocation is correct - no overlapping samples
2025-06-21 20:01:01,935 [INFO] Model initialized with 334084 parameters
2025-06-21 20:01:01,935 [INFO] Previous best validation accuracy read from record.txt: 0.6250
2025-06-21 20:01:01,935 [INFO] Starting training...
2025-06-21 20:01:01,979 [INFO] Epoch 001 | Train Loss: 10.7997 | Val Loss: 1.3773 | Val Acc: 0.2857
2025-06-21 20:01:02,205 [INFO] New best model at epoch 1 (Val Acc: 0.2857)
2025-06-21 20:01:02,253 [INFO] Epoch 002 | Train Loss: 7.1073 | Val Loss: 1.5523 | Val Acc: 0.3036
2025-06-21 20:01:02,261 [INFO] New best model at epoch 2 (Val Acc: 0.3036)
2025-06-21 20:01:02,304 [INFO] Epoch 003 | Train Loss: 8.6473 | Val Loss: 1.6500 | Val Acc: 0.3036
2025-06-21 20:01:02,354 [INFO] Epoch 004 | Train Loss: 6.6318 | Val Loss: 1.9712 | Val Acc: 0.2500
2025-06-21 20:01:02,403 [INFO] Epoch 005 | Train Loss: 6.7404 | Val Loss: 2.1865 | Val Acc: 0.2500
2025-06-21 20:01:02,458 [INFO] Epoch 006 | Train Loss: 5.3476 | Val Loss: 2.3832 | Val Acc: 0.3393
2025-06-21 20:01:02,468 [INFO] New best model at epoch 6 (Val Acc: 0.3393)
2025-06-21 20:01:02,511 [INFO] Epoch 007 | Train Loss: 4.4895 | Val Loss: 2.3581 | Val Acc: 0.3929
2025-06-21 20:01:02,520 [INFO] New best model at epoch 7 (Val Acc: 0.3929)
2025-06-21 20:01:02,560 [INFO] Epoch 008 | Train Loss: 5.1994 | Val Loss: 2.6146 | Val Acc: 0.3929
2025-06-21 20:01:02,622 [INFO] Epoch 009 | Train Loss: 4.7114 | Val Loss: 2.6032 | Val Acc: 0.4643
2025-06-21 20:01:02,630 [INFO] New best model at epoch 9 (Val Acc: 0.4643)
2025-06-21 20:01:02,685 [INFO] Epoch 010 | Train Loss: 5.5076 | Val Loss: 3.2597 | Val Acc: 0.3929
2025-06-21 20:01:02,947 [INFO] Epoch 011 | Train Loss: 4.7307 | Val Loss: 4.4910 | Val Acc: 0.4107
2025-06-21 20:01:02,997 [INFO] Epoch 012 | Train Loss: 4.9495 | Val Loss: 4.0460 | Val Acc: 0.3750
2025-06-21 20:01:03,045 [INFO] Epoch 013 | Train Loss: 3.4384 | Val Loss: 3.3475 | Val Acc: 0.3929
2025-06-21 20:01:03,098 [INFO] Epoch 014 | Train Loss: 4.7645 | Val Loss: 4.5288 | Val Acc: 0.3036
2025-06-21 20:01:03,162 [INFO] Epoch 015 | Train Loss: 4.5305 | Val Loss: 7.7665 | Val Acc: 0.3036
2025-06-21 20:01:03,216 [INFO] Epoch 016 | Train Loss: 4.4251 | Val Loss: 4.6043 | Val Acc: 0.3929
2025-06-21 20:01:03,267 [INFO] Epoch 017 | Train Loss: 3.5968 | Val Loss: 4.8142 | Val Acc: 0.3571
2025-06-21 20:01:03,318 [INFO] Epoch 018 | Train Loss: 3.5421 | Val Loss: 4.4249 | Val Acc: 0.3929
2025-06-21 20:01:03,369 [INFO] Epoch 019 | Train Loss: 4.2748 | Val Loss: 4.3053 | Val Acc: 0.4107
2025-06-21 20:01:03,418 [INFO] Epoch 020 | Train Loss: 3.3903 | Val Loss: 3.6635 | Val Acc: 0.4464
2025-06-21 20:01:03,772 [INFO] Epoch 021 | Train Loss: 3.6092 | Val Loss: 3.5320 | Val Acc: 0.4286
2025-06-21 20:01:03,819 [INFO] Epoch 022 | Train Loss: 3.0943 | Val Loss: 3.6220 | Val Acc: 0.4286
2025-06-21 20:01:03,866 [INFO] Epoch 023 | Train Loss: 5.3210 | Val Loss: 3.8381 | Val Acc: 0.4107
2025-06-21 20:01:03,917 [INFO] Epoch 024 | Train Loss: 4.4465 | Val Loss: 3.5140 | Val Acc: 0.4464
2025-06-21 20:01:03,980 [INFO] Epoch 025 | Train Loss: 3.6453 | Val Loss: 2.8260 | Val Acc: 0.4286
2025-06-21 20:01:04,034 [INFO] Epoch 026 | Train Loss: 3.2350 | Val Loss: 2.4145 | Val Acc: 0.3929
2025-06-21 20:01:04,086 [INFO] Epoch 027 | Train Loss: 4.4542 | Val Loss: 2.8834 | Val Acc: 0.4643
2025-06-21 20:01:04,139 [INFO] Epoch 028 | Train Loss: 3.0138 | Val Loss: 2.9860 | Val Acc: 0.5000
2025-06-21 20:01:04,148 [INFO] New best model at epoch 28 (Val Acc: 0.5000)
2025-06-21 20:01:04,206 [INFO] Epoch 029 | Train Loss: 3.6001 | Val Loss: 3.1091 | Val Acc: 0.4286
2025-06-21 20:01:04,270 [INFO] Epoch 030 | Train Loss: 3.0509 | Val Loss: 3.6658 | Val Acc: 0.4107
2025-06-21 20:01:04,552 [INFO] Epoch 031 | Train Loss: 4.7550 | Val Loss: 4.0021 | Val Acc: 0.4464
2025-06-21 20:01:04,602 [INFO] Epoch 032 | Train Loss: 2.8322 | Val Loss: 3.4344 | Val Acc: 0.4286
2025-06-21 20:01:04,652 [INFO] Epoch 033 | Train Loss: 3.4159 | Val Loss: 3.0504 | Val Acc: 0.5357
2025-06-21 20:01:04,662 [INFO] New best model at epoch 33 (Val Acc: 0.5357)
2025-06-21 20:01:04,716 [INFO] Epoch 034 | Train Loss: 2.3721 | Val Loss: 3.3216 | Val Acc: 0.4821
2025-06-21 20:01:04,777 [INFO] Epoch 035 | Train Loss: 2.9422 | Val Loss: 3.3562 | Val Acc: 0.5536
2025-06-21 20:01:04,787 [INFO] New best model at epoch 35 (Val Acc: 0.5536)
2025-06-21 20:01:04,833 [INFO] Epoch 036 | Train Loss: 3.3173 | Val Loss: 4.0037 | Val Acc: 0.3750
2025-06-21 20:01:04,888 [INFO] Epoch 037 | Train Loss: 2.5718 | Val Loss: 3.9173 | Val Acc: 0.3571
2025-06-21 20:01:04,942 [INFO] Epoch 038 | Train Loss: 2.2377 | Val Loss: 3.4247 | Val Acc: 0.3929
2025-06-21 20:01:04,997 [INFO] Epoch 039 | Train Loss: 3.1015 | Val Loss: 4.0094 | Val Acc: 0.4286
2025-06-21 20:01:05,056 [INFO] Epoch 040 | Train Loss: 3.2182 | Val Loss: 4.0277 | Val Acc: 0.4107
2025-06-21 20:01:05,396 [INFO] Epoch 041 | Train Loss: 4.2030 | Val Loss: 3.7248 | Val Acc: 0.4464
2025-06-21 20:01:05,449 [INFO] Epoch 042 | Train Loss: 2.3309 | Val Loss: 3.4507 | Val Acc: 0.4286
2025-06-21 20:01:05,504 [INFO] Epoch 043 | Train Loss: 2.9799 | Val Loss: 3.9379 | Val Acc: 0.3750
2025-06-21 20:01:05,559 [INFO] Epoch 044 | Train Loss: 2.2706 | Val Loss: 3.7029 | Val Acc: 0.3571
2025-06-21 20:01:05,614 [INFO] Epoch 045 | Train Loss: 2.4778 | Val Loss: 3.2928 | Val Acc: 0.4464
2025-06-21 20:01:05,677 [INFO] Epoch 046 | Train Loss: 2.5427 | Val Loss: 3.8098 | Val Acc: 0.4286
2025-06-21 20:01:05,746 [INFO] Epoch 047 | Train Loss: 2.2726 | Val Loss: 3.3570 | Val Acc: 0.5179
2025-06-21 20:01:05,802 [INFO] Epoch 048 | Train Loss: 1.9613 | Val Loss: 3.4461 | Val Acc: 0.4464
2025-06-21 20:01:05,864 [INFO] Epoch 049 | Train Loss: 2.2230 | Val Loss: 3.8706 | Val Acc: 0.4107
2025-06-21 20:01:05,923 [INFO] Epoch 050 | Train Loss: 2.3630 | Val Loss: 3.5498 | Val Acc: 0.4286
2025-06-21 20:01:06,240 [INFO] Epoch 051 | Train Loss: 1.6240 | Val Loss: 3.2939 | Val Acc: 0.3750
2025-06-21 20:01:06,300 [INFO] Epoch 052 | Train Loss: 2.2485 | Val Loss: 3.2933 | Val Acc: 0.4464
2025-06-21 20:01:06,357 [INFO] Epoch 053 | Train Loss: 1.9209 | Val Loss: 3.7555 | Val Acc: 0.4286
2025-06-21 20:01:06,414 [INFO] Epoch 054 | Train Loss: 2.2570 | Val Loss: 3.8799 | Val Acc: 0.4464
2025-06-21 20:01:06,471 [INFO] Epoch 055 | Train Loss: 2.2274 | Val Loss: 3.6964 | Val Acc: 0.4286
2025-06-21 20:01:06,533 [INFO] Epoch 056 | Train Loss: 1.5794 | Val Loss: 3.5571 | Val Acc: 0.4464
2025-06-21 20:01:06,592 [INFO] Epoch 057 | Train Loss: 1.7474 | Val Loss: 3.8162 | Val Acc: 0.3929
2025-06-21 20:01:06,656 [INFO] Epoch 058 | Train Loss: 1.6869 | Val Loss: 3.5355 | Val Acc: 0.4464
2025-06-21 20:01:06,740 [INFO] Epoch 059 | Train Loss: 1.9570 | Val Loss: 3.2358 | Val Acc: 0.3929
2025-06-21 20:01:06,822 [INFO] Epoch 060 | Train Loss: 2.4768 | Val Loss: 3.7720 | Val Acc: 0.3571
2025-06-21 20:01:07,162 [INFO] Epoch 061 | Train Loss: 1.6462 | Val Loss: 3.1994 | Val Acc: 0.4464
2025-06-21 20:01:07,244 [INFO] Epoch 062 | Train Loss: 1.3607 | Val Loss: 3.2457 | Val Acc: 0.4286
2025-06-21 20:01:07,312 [INFO] Epoch 063 | Train Loss: 2.3448 | Val Loss: 3.3920 | Val Acc: 0.4643
2025-06-21 20:01:07,371 [INFO] Epoch 064 | Train Loss: 2.2145 | Val Loss: 3.3670 | Val Acc: 0.4286
2025-06-21 20:01:07,429 [INFO] Epoch 065 | Train Loss: 2.1201 | Val Loss: 3.4801 | Val Acc: 0.4643
2025-06-21 20:01:07,485 [INFO] Epoch 066 | Train Loss: 2.5164 | Val Loss: 3.7164 | Val Acc: 0.4107
2025-06-21 20:01:07,547 [INFO] Epoch 067 | Train Loss: 2.3925 | Val Loss: 4.5052 | Val Acc: 0.3750
2025-06-21 20:01:07,602 [INFO] Epoch 068 | Train Loss: 2.2606 | Val Loss: 4.2433 | Val Acc: 0.3571
2025-06-21 20:01:07,661 [INFO] Epoch 069 | Train Loss: 2.0557 | Val Loss: 3.7015 | Val Acc: 0.4286
2025-06-21 20:01:07,720 [INFO] Epoch 070 | Train Loss: 1.8865 | Val Loss: 3.1630 | Val Acc: 0.4643
2025-06-21 20:01:08,067 [INFO] Epoch 071 | Train Loss: 1.6556 | Val Loss: 3.2773 | Val Acc: 0.4643
2025-06-21 20:01:08,129 [INFO] Epoch 072 | Train Loss: 1.8012 | Val Loss: 3.8581 | Val Acc: 0.3750
2025-06-21 20:01:08,195 [INFO] Epoch 073 | Train Loss: 1.6279 | Val Loss: 3.8938 | Val Acc: 0.4107
2025-06-21 20:01:08,276 [INFO] Epoch 074 | Train Loss: 1.7321 | Val Loss: 3.6144 | Val Acc: 0.5000
2025-06-21 20:01:08,335 [INFO] Epoch 075 | Train Loss: 1.7523 | Val Loss: 3.6839 | Val Acc: 0.5000
2025-06-21 20:01:08,397 [INFO] Epoch 076 | Train Loss: 2.3750 | Val Loss: 3.0728 | Val Acc: 0.4286
2025-06-21 20:01:08,464 [INFO] Epoch 077 | Train Loss: 1.8073 | Val Loss: 3.1537 | Val Acc: 0.4286
2025-06-21 20:01:08,530 [INFO] Epoch 078 | Train Loss: 1.4206 | Val Loss: 3.6578 | Val Acc: 0.4643
2025-06-21 20:01:08,593 [INFO] Epoch 079 | Train Loss: 2.1727 | Val Loss: 3.8219 | Val Acc: 0.3929
2025-06-21 20:01:08,656 [INFO] Epoch 080 | Train Loss: 1.2549 | Val Loss: 4.1595 | Val Acc: 0.4107
2025-06-21 20:01:09,017 [INFO] Epoch 081 | Train Loss: 1.5781 | Val Loss: 3.9773 | Val Acc: 0.4464
2025-06-21 20:01:09,080 [INFO] Epoch 082 | Train Loss: 1.7258 | Val Loss: 4.2706 | Val Acc: 0.3929
2025-06-21 20:01:09,144 [INFO] Epoch 083 | Train Loss: 1.3480 | Val Loss: 3.6221 | Val Acc: 0.4643
2025-06-21 20:01:09,211 [INFO] Epoch 084 | Train Loss: 2.0384 | Val Loss: 3.7729 | Val Acc: 0.4821
2025-06-21 20:01:09,279 [INFO] Epoch 085 | Train Loss: 1.2158 | Val Loss: 3.5975 | Val Acc: 0.5000
2025-06-21 20:01:09,347 [INFO] Epoch 086 | Train Loss: 1.2791 | Val Loss: 4.0374 | Val Acc: 0.4107
2025-06-21 20:01:09,429 [INFO] Epoch 087 | Train Loss: 2.1734 | Val Loss: 3.9753 | Val Acc: 0.4464
2025-06-21 20:01:09,489 [INFO] Epoch 088 | Train Loss: 1.5181 | Val Loss: 4.2337 | Val Acc: 0.4286
2025-06-21 20:01:09,549 [INFO] Epoch 089 | Train Loss: 1.1301 | Val Loss: 4.1027 | Val Acc: 0.4643
2025-06-21 20:01:09,616 [INFO] Epoch 090 | Train Loss: 1.7456 | Val Loss: 4.0750 | Val Acc: 0.4643
2025-06-21 20:01:10,059 [INFO] Epoch 091 | Train Loss: 1.7434 | Val Loss: 3.6887 | Val Acc: 0.4643
2025-06-21 20:01:10,114 [INFO] Epoch 092 | Train Loss: 1.1867 | Val Loss: 4.0697 | Val Acc: 0.4464
2025-06-21 20:01:10,172 [INFO] Epoch 093 | Train Loss: 1.8120 | Val Loss: 4.1279 | Val Acc: 0.4643
2025-06-21 20:01:10,231 [INFO] Epoch 094 | Train Loss: 1.1464 | Val Loss: 3.8030 | Val Acc: 0.4643
2025-06-21 20:01:10,287 [INFO] Epoch 095 | Train Loss: 1.1864 | Val Loss: 4.0458 | Val Acc: 0.4464
2025-06-21 20:01:10,345 [INFO] Epoch 096 | Train Loss: 0.9551 | Val Loss: 4.3165 | Val Acc: 0.4643
2025-06-21 20:01:10,408 [INFO] Epoch 097 | Train Loss: 1.5025 | Val Loss: 4.2068 | Val Acc: 0.4286
2025-06-21 20:01:10,475 [INFO] Epoch 098 | Train Loss: 1.8354 | Val Loss: 4.3561 | Val Acc: 0.4286
2025-06-21 20:01:10,539 [INFO] Epoch 099 | Train Loss: 1.8701 | Val Loss: 4.2459 | Val Acc: 0.3929
2025-06-21 20:01:10,618 [INFO] Epoch 100 | Train Loss: 1.3290 | Val Loss: 4.6676 | Val Acc: 0.3929
2025-06-21 20:01:11,026 [INFO] Epoch 101 | Train Loss: 1.3491 | Val Loss: 4.4523 | Val Acc: 0.4286
2025-06-21 20:01:11,090 [INFO] Epoch 102 | Train Loss: 1.1076 | Val Loss: 3.6447 | Val Acc: 0.4286
2025-06-21 20:01:11,160 [INFO] Epoch 103 | Train Loss: 1.5820 | Val Loss: 3.7171 | Val Acc: 0.4643
2025-06-21 20:01:11,227 [INFO] Epoch 104 | Train Loss: 0.9723 | Val Loss: 3.9542 | Val Acc: 0.4464
2025-06-21 20:01:11,296 [INFO] Epoch 105 | Train Loss: 1.1203 | Val Loss: 3.9454 | Val Acc: 0.4643
2025-06-21 20:01:11,363 [INFO] Epoch 106 | Train Loss: 0.8929 | Val Loss: 3.7896 | Val Acc: 0.5179
2025-06-21 20:01:11,425 [INFO] Epoch 107 | Train Loss: 1.4218 | Val Loss: 4.1554 | Val Acc: 0.4107
2025-06-21 20:01:11,491 [INFO] Epoch 108 | Train Loss: 1.2979 | Val Loss: 4.1028 | Val Acc: 0.4107
2025-06-21 20:01:11,557 [INFO] Epoch 109 | Train Loss: 1.2939 | Val Loss: 4.0809 | Val Acc: 0.4464
2025-06-21 20:01:11,643 [INFO] Epoch 110 | Train Loss: 1.3009 | Val Loss: 3.9981 | Val Acc: 0.4464
2025-06-21 20:01:12,046 [INFO] Epoch 111 | Train Loss: 1.5340 | Val Loss: 3.6693 | Val Acc: 0.4821
2025-06-21 20:01:12,119 [INFO] Epoch 112 | Train Loss: 0.9799 | Val Loss: 3.6978 | Val Acc: 0.5179
2025-06-21 20:01:12,188 [INFO] Epoch 113 | Train Loss: 1.2737 | Val Loss: 3.6100 | Val Acc: 0.4821
2025-06-21 20:01:12,254 [INFO] Epoch 114 | Train Loss: 1.2470 | Val Loss: 3.7620 | Val Acc: 0.4643
2025-06-21 20:01:12,319 [INFO] Epoch 115 | Train Loss: 1.9489 | Val Loss: 3.9817 | Val Acc: 0.4464
2025-06-21 20:01:12,385 [INFO] Epoch 116 | Train Loss: 1.3986 | Val Loss: 5.1013 | Val Acc: 0.4107
2025-06-21 20:01:12,454 [INFO] Epoch 117 | Train Loss: 1.4032 | Val Loss: 4.0071 | Val Acc: 0.4286
2025-06-21 20:01:12,522 [INFO] Epoch 118 | Train Loss: 2.0509 | Val Loss: 3.8297 | Val Acc: 0.4821
2025-06-21 20:01:12,583 [INFO] Epoch 119 | Train Loss: 1.4083 | Val Loss: 3.9837 | Val Acc: 0.4107
2025-06-21 20:01:12,664 [INFO] Epoch 120 | Train Loss: 0.8588 | Val Loss: 3.8087 | Val Acc: 0.5000
2025-06-21 20:01:13,027 [INFO] Epoch 121 | Train Loss: 1.3696 | Val Loss: 4.1372 | Val Acc: 0.5000
2025-06-21 20:01:13,093 [INFO] Epoch 122 | Train Loss: 0.9119 | Val Loss: 4.3305 | Val Acc: 0.5179
2025-06-21 20:01:13,172 [INFO] Epoch 123 | Train Loss: 1.0356 | Val Loss: 4.2035 | Val Acc: 0.4821
2025-06-21 20:01:13,237 [INFO] Epoch 124 | Train Loss: 0.7466 | Val Loss: 3.9928 | Val Acc: 0.4643
2025-06-21 20:01:13,300 [INFO] Epoch 125 | Train Loss: 0.7914 | Val Loss: 3.8396 | Val Acc: 0.4464
2025-06-21 20:01:13,360 [INFO] Epoch 126 | Train Loss: 0.9997 | Val Loss: 3.7091 | Val Acc: 0.4821
2025-06-21 20:01:13,421 [INFO] Epoch 127 | Train Loss: 1.5100 | Val Loss: 3.6662 | Val Acc: 0.4464
2025-06-21 20:01:13,482 [INFO] Epoch 128 | Train Loss: 0.5365 | Val Loss: 3.7966 | Val Acc: 0.4821
2025-06-21 20:01:13,548 [INFO] Epoch 129 | Train Loss: 0.9028 | Val Loss: 3.9438 | Val Acc: 0.4821
2025-06-21 20:01:13,619 [INFO] Epoch 130 | Train Loss: 0.9537 | Val Loss: 4.5013 | Val Acc: 0.4286
2025-06-21 20:01:14,106 [INFO] Epoch 131 | Train Loss: 1.2405 | Val Loss: 4.7963 | Val Acc: 0.4464
2025-06-21 20:01:14,162 [INFO] Epoch 132 | Train Loss: 0.7933 | Val Loss: 4.9400 | Val Acc: 0.5179
2025-06-21 20:01:14,220 [INFO] Epoch 133 | Train Loss: 0.6911 | Val Loss: 4.9236 | Val Acc: 0.5000
2025-06-21 20:01:14,277 [INFO] Epoch 134 | Train Loss: 0.6404 | Val Loss: 4.6455 | Val Acc: 0.5000
2025-06-21 20:01:14,356 [INFO] Epoch 135 | Train Loss: 1.1544 | Val Loss: 4.4223 | Val Acc: 0.4821
2025-06-21 20:01:14,417 [INFO] Epoch 136 | Train Loss: 0.6112 | Val Loss: 4.8026 | Val Acc: 0.4107
2025-06-21 20:01:14,481 [INFO] Epoch 137 | Train Loss: 1.2873 | Val Loss: 4.6403 | Val Acc: 0.4107
2025-06-21 20:01:14,542 [INFO] Epoch 138 | Train Loss: 0.9946 | Val Loss: 4.2129 | Val Acc: 0.4643
2025-06-21 20:01:14,608 [INFO] Epoch 139 | Train Loss: 0.5781 | Val Loss: 3.9361 | Val Acc: 0.5179
2025-06-21 20:01:14,670 [INFO] Epoch 140 | Train Loss: 1.7620 | Val Loss: 3.5598 | Val Acc: 0.4464
2025-06-21 20:01:15,051 [INFO] Epoch 141 | Train Loss: 0.6567 | Val Loss: 4.1256 | Val Acc: 0.4464
2025-06-21 20:01:15,120 [INFO] Epoch 142 | Train Loss: 0.6128 | Val Loss: 4.3229 | Val Acc: 0.4821
2025-06-21 20:01:15,182 [INFO] Epoch 143 | Train Loss: 2.0371 | Val Loss: 4.7098 | Val Acc: 0.4286
2025-06-21 20:01:15,244 [INFO] Epoch 144 | Train Loss: 0.8893 | Val Loss: 4.1170 | Val Acc: 0.4464
2025-06-21 20:01:15,309 [INFO] Epoch 145 | Train Loss: 1.1072 | Val Loss: 4.2788 | Val Acc: 0.3750
2025-06-21 20:01:15,371 [INFO] Epoch 146 | Train Loss: 1.3595 | Val Loss: 4.1357 | Val Acc: 0.3929
2025-06-21 20:01:15,439 [INFO] Epoch 147 | Train Loss: 1.2163 | Val Loss: 3.7706 | Val Acc: 0.4107
2025-06-21 20:01:15,506 [INFO] Epoch 148 | Train Loss: 0.7112 | Val Loss: 4.1628 | Val Acc: 0.3571
2025-06-21 20:01:15,596 [INFO] Epoch 149 | Train Loss: 0.8367 | Val Loss: 4.0760 | Val Acc: 0.4286
2025-06-21 20:01:15,666 [INFO] Epoch 150 | Train Loss: 0.7944 | Val Loss: 3.7546 | Val Acc: 0.4821
2025-06-21 20:01:15,985 [INFO] Best model saved to <built-in function time>/ENZYMES/best/best_source_gin.pth (Val Acc: 0.5536 at epoch 35)
2025-06-21 20:01:15,986 [INFO] Training/validation metrics saved to <built-in function time>/ENZYMES/GIN_0.0001/train_metrics.csv
2025-06-21 20:01:16,289 [INFO] Final training curves saved
2025-06-21 20:01:16,289 [INFO] Training completed!
2025-06-21 20:01:16,289 [INFO] Best validation accuracy: 0.5536
2025-06-21 20:01:16,289 [INFO] Best epoch: 35
2025-06-21 20:01:16,289 [INFO] Total epochs trained: 150
2025-06-21 20:01:16,290 [INFO] Starting training with parameters: (0.0001, 0.4, 256, 3, 300, 0.0)
