2025-06-21 22:13:51,948 [INFO] Using device: cpu
2025-06-21 22:13:51,948 [INFO] 开始创建数据加载器...
2025-06-21 22:13:51,952 [INFO] Successfully loaded dataset ENZYMES from ./data, total graphs: 600
2025-06-21 22:13:51,952 [INFO] Class allocation analysis:
2025-06-21 22:13:51,952 [INFO]   Source classes: [0, 1, 2, 3]
2025-06-21 22:13:51,952 [INFO]   Target classes: [0, 1, 2, 3, 4, 5]
2025-06-21 22:13:51,952 [INFO]   Overlap classes (to be split): [0, 1, 2, 3]
2025-06-21 22:13:51,952 [INFO]   Target novel classes (unknown): [4, 5]
2025-06-21 22:13:51,965 [INFO]   Class 0: 100 total -> Source: 70, Target: 30
2025-06-21 22:13:51,966 [INFO]   Class 1: 100 total -> Source: 70, Target: 30
2025-06-21 22:13:51,966 [INFO]   Class 2: 100 total -> Source: 70, Target: 30
2025-06-21 22:13:51,966 [INFO]   Class 3: 100 total -> Source: 70, Target: 30
2025-06-21 22:13:51,966 [INFO]   Class 4 (novel/unknown): 100 samples -> Target
2025-06-21 22:13:51,966 [INFO]   Class 5 (novel/unknown): 100 samples -> Target
2025-06-21 22:13:51,966 [INFO] Final allocation:
2025-06-21 22:13:51,966 [INFO]   Source domain: 280 samples
2025-06-21 22:13:51,966 [INFO]   Target domain: 320 samples
2025-06-21 22:13:51,967 [INFO] Source domain setup:
2025-06-21 22:13:51,967 [INFO]   Original classes: [0, 1, 2, 3]
2025-06-21 22:13:51,967 [INFO]   Overlap classes used: [0, 1, 2, 3]
2025-06-21 22:13:51,967 [INFO]   Label mapping: {0: 0, 1: 1, 2: 2, 3: 3}
2025-06-21 22:13:51,967 [INFO]   Total data after allocation: 280
2025-06-21 22:13:51,967 [INFO]   Data split - Train: 224, Val: 56
2025-06-21 22:13:51,967 [INFO]   Train label distribution: {0: 56, 1: 56, 3: 56, 2: 56}
2025-06-21 22:13:51,967 [INFO]   Val label distribution: {1: 14, 2: 14, 0: 14, 3: 14}
2025-06-21 22:13:51,969 [INFO] Successfully loaded dataset ENZYMES from ./data, total graphs: 600
2025-06-21 22:13:51,969 [INFO] Class allocation analysis:
2025-06-21 22:13:51,969 [INFO]   Source classes: [0, 1, 2, 3]
2025-06-21 22:13:51,969 [INFO]   Target classes: [0, 1, 2, 3, 4, 5]
2025-06-21 22:13:51,969 [INFO]   Overlap classes (to be split): [0, 1, 2, 3]
2025-06-21 22:13:51,969 [INFO]   Target novel classes (unknown): [4, 5]
2025-06-21 22:13:51,982 [INFO]   Class 0: 100 total -> Source: 70, Target: 30
2025-06-21 22:13:51,982 [INFO]   Class 1: 100 total -> Source: 70, Target: 30
2025-06-21 22:13:51,982 [INFO]   Class 2: 100 total -> Source: 70, Target: 30
2025-06-21 22:13:51,982 [INFO]   Class 3: 100 total -> Source: 70, Target: 30
2025-06-21 22:13:51,982 [INFO]   Class 4 (novel/unknown): 100 samples -> Target
2025-06-21 22:13:51,982 [INFO]   Class 5 (novel/unknown): 100 samples -> Target
2025-06-21 22:13:51,983 [INFO] Final allocation:
2025-06-21 22:13:51,983 [INFO]   Source domain: 280 samples
2025-06-21 22:13:51,983 [INFO]   Target domain: 320 samples
2025-06-21 22:13:51,984 [INFO] Target domain setup:
2025-06-21 22:13:51,984 [INFO]   Original classes: [0, 1, 2, 3, 4, 5]
2025-06-21 22:13:51,984 [INFO]   Overlap classes: [0, 1, 2, 3]
2025-06-21 22:13:51,984 [INFO]   Novel classes: [4, 5] -> mapped to unknown label 4
2025-06-21 22:13:51,984 [INFO]   Label mapping: {0: 0, 1: 1, 2: 2, 3: 3, 4: 4, 5: 4}
2025-06-21 22:13:51,984 [INFO]   Total data after allocation: 320
2025-06-21 22:13:51,984 [INFO]   Data split - Train: 256, Val: 64
2025-06-21 22:13:51,984 [INFO]   Total count: 320 (known: 120, unknown: 200)
2025-06-21 22:13:51,984 [INFO]   Total label distribution: {4: 200, 3: 30, 0: 30, 1: 30, 2: 30}
2025-06-21 22:13:51,984 [INFO]   Train label distribution: {4: 160, 0: 24, 2: 24, 3: 24, 1: 24}
2025-06-21 22:13:51,984 [INFO]   Val label distribution: {1: 6, 4: 40, 3: 6, 0: 6, 2: 6}
2025-06-21 22:13:51,984 [INFO] 数据加载器创建完成!
2025-06-21 22:13:51,985 [INFO] 源域类别数: 4 (重叠类别)
2025-06-21 22:13:51,985 [INFO] 目标域类别数: 5 (4个重叠类别 + 1个未知类别)
2025-06-21 22:13:51,985 [INFO] 重叠类别: [0, 1, 2, 3]
2025-06-21 22:13:51,985 [INFO] 目标域新类别: [4, 5]
2025-06-21 22:13:51,985 [INFO] Data allocation verification:
2025-06-21 22:13:51,985 [INFO]   Source data samples: 280
2025-06-21 22:13:51,985 [INFO]   Target data samples: 320
2025-06-21 22:13:51,985 [INFO]   Overlapping samples: 0
2025-06-21 22:13:51,985 [INFO]   ✓ Data allocation is correct - no overlapping samples
2025-06-21 22:13:51,985 [INFO] Model initialized with 1444 parameters
2025-06-21 22:13:51,986 [INFO] Previous best validation accuracy read from record.txt: 0.6250
2025-06-21 22:13:51,986 [INFO] Starting training...
2025-06-21 22:13:51,995 [INFO] Epoch 001 | Train Loss: 8.8394 | Val Loss: 4.4833 | Val Acc: 0.2500
2025-06-21 22:13:52,368 [INFO] New best model at epoch 1 (Val Acc: 0.2500)
2025-06-21 22:13:52,377 [INFO] Epoch 002 | Train Loss: 4.6724 | Val Loss: 2.7207 | Val Acc: 0.1250
2025-06-21 22:13:52,387 [INFO] Epoch 003 | Train Loss: 3.1419 | Val Loss: 2.1664 | Val Acc: 0.3214
2025-06-21 22:13:52,388 [INFO] New best model at epoch 3 (Val Acc: 0.3214)
2025-06-21 22:13:52,397 [INFO] Epoch 004 | Train Loss: 3.0763 | Val Loss: 1.8565 | Val Acc: 0.3750
2025-06-21 22:13:52,398 [INFO] New best model at epoch 4 (Val Acc: 0.3750)
2025-06-21 22:13:52,407 [INFO] Epoch 005 | Train Loss: 2.6433 | Val Loss: 1.8235 | Val Acc: 0.3036
2025-06-21 22:13:52,416 [INFO] Epoch 006 | Train Loss: 1.9547 | Val Loss: 1.6701 | Val Acc: 0.2857
2025-06-21 22:13:52,425 [INFO] Epoch 007 | Train Loss: 2.0196 | Val Loss: 1.6915 | Val Acc: 0.3393
2025-06-21 22:13:52,434 [INFO] Epoch 008 | Train Loss: 1.6725 | Val Loss: 1.6766 | Val Acc: 0.3750
2025-06-21 22:13:52,443 [INFO] Epoch 009 | Train Loss: 1.6619 | Val Loss: 1.5081 | Val Acc: 0.3929
2025-06-21 22:13:52,445 [INFO] New best model at epoch 9 (Val Acc: 0.3929)
2025-06-21 22:13:52,453 [INFO] Epoch 010 | Train Loss: 1.6521 | Val Loss: 1.6255 | Val Acc: 0.2679
2025-06-21 22:13:52,813 [INFO] Epoch 011 | Train Loss: 1.4371 | Val Loss: 1.7162 | Val Acc: 0.2679
2025-06-21 22:13:52,823 [INFO] Epoch 012 | Train Loss: 1.4306 | Val Loss: 1.5940 | Val Acc: 0.3214
2025-06-21 22:13:52,832 [INFO] Epoch 013 | Train Loss: 1.4287 | Val Loss: 1.4397 | Val Acc: 0.3571
2025-06-21 22:13:52,842 [INFO] Epoch 014 | Train Loss: 1.4232 | Val Loss: 1.5351 | Val Acc: 0.3036
2025-06-21 22:13:52,850 [INFO] Epoch 015 | Train Loss: 1.2672 | Val Loss: 1.6014 | Val Acc: 0.3036
2025-06-21 22:13:52,860 [INFO] Epoch 016 | Train Loss: 1.3063 | Val Loss: 1.4430 | Val Acc: 0.3750
2025-06-21 22:13:52,869 [INFO] Epoch 017 | Train Loss: 1.3013 | Val Loss: 1.4769 | Val Acc: 0.3750
2025-06-21 22:13:52,880 [INFO] Epoch 018 | Train Loss: 1.3340 | Val Loss: 1.4503 | Val Acc: 0.3929
2025-06-21 22:13:52,890 [INFO] Epoch 019 | Train Loss: 1.2589 | Val Loss: 1.4288 | Val Acc: 0.3929
2025-06-21 22:13:52,900 [INFO] Epoch 020 | Train Loss: 1.2197 | Val Loss: 1.4328 | Val Acc: 0.4286
2025-06-21 22:13:53,336 [INFO] New best model at epoch 20 (Val Acc: 0.4286)
2025-06-21 22:13:53,351 [INFO] Epoch 021 | Train Loss: 1.3661 | Val Loss: 1.4443 | Val Acc: 0.3929
2025-06-21 22:13:53,371 [INFO] Epoch 022 | Train Loss: 1.2707 | Val Loss: 1.4631 | Val Acc: 0.3929
2025-06-21 22:13:53,391 [INFO] Epoch 023 | Train Loss: 1.2129 | Val Loss: 1.4623 | Val Acc: 0.3929
2025-06-21 22:13:53,406 [INFO] Epoch 024 | Train Loss: 1.2852 | Val Loss: 1.4338 | Val Acc: 0.3393
2025-06-21 22:13:53,416 [INFO] Epoch 025 | Train Loss: 1.2354 | Val Loss: 1.4223 | Val Acc: 0.3929
2025-06-21 22:13:53,425 [INFO] Epoch 026 | Train Loss: 1.1861 | Val Loss: 1.5236 | Val Acc: 0.3929
2025-06-21 22:13:53,435 [INFO] Epoch 027 | Train Loss: 1.2328 | Val Loss: 1.3862 | Val Acc: 0.4464
2025-06-21 22:13:53,437 [INFO] New best model at epoch 27 (Val Acc: 0.4464)
2025-06-21 22:13:53,448 [INFO] Epoch 028 | Train Loss: 1.1847 | Val Loss: 1.3869 | Val Acc: 0.4107
2025-06-21 22:13:53,465 [INFO] Epoch 029 | Train Loss: 1.2262 | Val Loss: 1.3549 | Val Acc: 0.4107
2025-06-21 22:13:53,476 [INFO] Epoch 030 | Train Loss: 1.2913 | Val Loss: 1.4617 | Val Acc: 0.4107
2025-06-21 22:13:53,962 [INFO] Epoch 031 | Train Loss: 1.2216 | Val Loss: 1.4242 | Val Acc: 0.3929
2025-06-21 22:13:53,973 [INFO] Epoch 032 | Train Loss: 1.2366 | Val Loss: 1.5007 | Val Acc: 0.3750
2025-06-21 22:13:53,994 [INFO] Epoch 033 | Train Loss: 1.2010 | Val Loss: 1.3915 | Val Acc: 0.4286
2025-06-21 22:13:54,006 [INFO] Epoch 034 | Train Loss: 1.2051 | Val Loss: 1.4074 | Val Acc: 0.3750
2025-06-21 22:13:54,016 [INFO] Epoch 035 | Train Loss: 1.2300 | Val Loss: 1.4852 | Val Acc: 0.3571
2025-06-21 22:13:54,038 [INFO] Epoch 036 | Train Loss: 1.1714 | Val Loss: 1.4119 | Val Acc: 0.3929
2025-06-21 22:13:54,049 [INFO] Epoch 037 | Train Loss: 1.2204 | Val Loss: 1.4880 | Val Acc: 0.3036
2025-06-21 22:13:54,058 [INFO] Epoch 038 | Train Loss: 1.1429 | Val Loss: 1.4691 | Val Acc: 0.3929
2025-06-21 22:13:54,068 [INFO] Epoch 039 | Train Loss: 1.2438 | Val Loss: 1.3788 | Val Acc: 0.3929
2025-06-21 22:13:54,078 [INFO] Epoch 040 | Train Loss: 1.2104 | Val Loss: 1.3049 | Val Acc: 0.4464
2025-06-21 22:13:54,470 [INFO] Epoch 041 | Train Loss: 1.1349 | Val Loss: 1.3255 | Val Acc: 0.4464
2025-06-21 22:13:54,482 [INFO] Epoch 042 | Train Loss: 1.2044 | Val Loss: 1.4170 | Val Acc: 0.3571
2025-06-21 22:13:54,492 [INFO] Epoch 043 | Train Loss: 1.1562 | Val Loss: 1.4157 | Val Acc: 0.3214
2025-06-21 22:13:54,502 [INFO] Epoch 044 | Train Loss: 1.1995 | Val Loss: 1.3622 | Val Acc: 0.4107
2025-06-21 22:13:54,512 [INFO] Epoch 045 | Train Loss: 1.1234 | Val Loss: 1.3747 | Val Acc: 0.4286
2025-06-21 22:13:54,524 [INFO] Epoch 046 | Train Loss: 1.1219 | Val Loss: 1.3667 | Val Acc: 0.3393
2025-06-21 22:13:54,534 [INFO] Epoch 047 | Train Loss: 1.2078 | Val Loss: 1.4310 | Val Acc: 0.3571
2025-06-21 22:13:54,544 [INFO] Epoch 048 | Train Loss: 1.1685 | Val Loss: 1.3595 | Val Acc: 0.4464
2025-06-21 22:13:54,555 [INFO] Epoch 049 | Train Loss: 1.1160 | Val Loss: 1.4161 | Val Acc: 0.3750
2025-06-21 22:13:54,565 [INFO] Epoch 050 | Train Loss: 1.1581 | Val Loss: 1.4438 | Val Acc: 0.3929
2025-06-21 22:13:54,932 [INFO] Epoch 051 | Train Loss: 1.1679 | Val Loss: 1.4342 | Val Acc: 0.3929
2025-06-21 22:13:54,942 [INFO] Epoch 052 | Train Loss: 1.1220 | Val Loss: 1.4539 | Val Acc: 0.3571
2025-06-21 22:13:54,952 [INFO] Epoch 053 | Train Loss: 1.1112 | Val Loss: 1.4535 | Val Acc: 0.3750
2025-06-21 22:13:54,962 [INFO] Epoch 054 | Train Loss: 1.1310 | Val Loss: 1.3888 | Val Acc: 0.3929
2025-06-21 22:13:54,970 [INFO] Epoch 055 | Train Loss: 1.1164 | Val Loss: 1.3460 | Val Acc: 0.4107
2025-06-21 22:13:54,980 [INFO] Epoch 056 | Train Loss: 1.1733 | Val Loss: 1.3402 | Val Acc: 0.4286
2025-06-21 22:13:54,990 [INFO] Epoch 057 | Train Loss: 1.0965 | Val Loss: 1.3647 | Val Acc: 0.4286
2025-06-21 22:13:54,999 [INFO] Epoch 058 | Train Loss: 1.0882 | Val Loss: 1.3450 | Val Acc: 0.4286
2025-06-21 22:13:55,009 [INFO] Epoch 059 | Train Loss: 1.1240 | Val Loss: 1.3417 | Val Acc: 0.4643
2025-06-21 22:13:55,010 [INFO] New best model at epoch 59 (Val Acc: 0.4643)
2025-06-21 22:13:55,020 [INFO] Epoch 060 | Train Loss: 1.1787 | Val Loss: 1.4093 | Val Acc: 0.3571
2025-06-21 22:13:55,374 [INFO] Epoch 061 | Train Loss: 1.1647 | Val Loss: 1.3930 | Val Acc: 0.3929
2025-06-21 22:13:55,383 [INFO] Epoch 062 | Train Loss: 1.1354 | Val Loss: 1.3877 | Val Acc: 0.3929
2025-06-21 22:13:55,393 [INFO] Epoch 063 | Train Loss: 1.1415 | Val Loss: 1.3922 | Val Acc: 0.4107
2025-06-21 22:13:55,402 [INFO] Epoch 064 | Train Loss: 1.1423 | Val Loss: 1.4119 | Val Acc: 0.3929
2025-06-21 22:13:55,411 [INFO] Epoch 065 | Train Loss: 1.1107 | Val Loss: 1.3157 | Val Acc: 0.4286
2025-06-21 22:13:55,421 [INFO] Epoch 066 | Train Loss: 1.1198 | Val Loss: 1.3403 | Val Acc: 0.3929
2025-06-21 22:13:55,430 [INFO] Epoch 067 | Train Loss: 1.0918 | Val Loss: 1.3497 | Val Acc: 0.4107
2025-06-21 22:13:55,438 [INFO] Epoch 068 | Train Loss: 1.1079 | Val Loss: 1.3663 | Val Acc: 0.4286
2025-06-21 22:13:55,447 [INFO] Epoch 069 | Train Loss: 1.1200 | Val Loss: 1.3943 | Val Acc: 0.4286
2025-06-21 22:13:55,455 [INFO] Epoch 070 | Train Loss: 1.1179 | Val Loss: 1.3433 | Val Acc: 0.4286
2025-06-21 22:13:55,829 [INFO] Epoch 071 | Train Loss: 1.2031 | Val Loss: 1.3864 | Val Acc: 0.3750
2025-06-21 22:13:55,839 [INFO] Epoch 072 | Train Loss: 1.1300 | Val Loss: 1.3340 | Val Acc: 0.3929
2025-06-21 22:13:55,848 [INFO] Epoch 073 | Train Loss: 1.0975 | Val Loss: 1.4006 | Val Acc: 0.3571
2025-06-21 22:13:55,857 [INFO] Epoch 074 | Train Loss: 1.0956 | Val Loss: 1.3884 | Val Acc: 0.4107
2025-06-21 22:13:55,867 [INFO] Epoch 075 | Train Loss: 1.0801 | Val Loss: 1.4290 | Val Acc: 0.3929
2025-06-21 22:13:55,876 [INFO] Epoch 076 | Train Loss: 1.1033 | Val Loss: 1.3542 | Val Acc: 0.4107
2025-06-21 22:13:55,886 [INFO] Epoch 077 | Train Loss: 1.1183 | Val Loss: 1.3511 | Val Acc: 0.4643
2025-06-21 22:13:55,896 [INFO] Epoch 078 | Train Loss: 1.0844 | Val Loss: 1.3593 | Val Acc: 0.4107
2025-06-21 22:13:55,905 [INFO] Epoch 079 | Train Loss: 1.0671 | Val Loss: 1.3511 | Val Acc: 0.4286
2025-06-21 22:13:55,914 [INFO] Epoch 080 | Train Loss: 1.1194 | Val Loss: 1.3500 | Val Acc: 0.4286
2025-06-21 22:13:56,281 [INFO] Epoch 081 | Train Loss: 1.1075 | Val Loss: 1.3272 | Val Acc: 0.4286
2025-06-21 22:13:56,291 [INFO] Epoch 082 | Train Loss: 1.0976 | Val Loss: 1.3892 | Val Acc: 0.3750
2025-06-21 22:13:56,301 [INFO] Epoch 083 | Train Loss: 1.1331 | Val Loss: 1.3994 | Val Acc: 0.3929
2025-06-21 22:13:56,310 [INFO] Epoch 084 | Train Loss: 1.1194 | Val Loss: 1.3633 | Val Acc: 0.3571
2025-06-21 22:13:56,319 [INFO] Epoch 085 | Train Loss: 1.1177 | Val Loss: 1.4446 | Val Acc: 0.3393
2025-06-21 22:13:56,329 [INFO] Epoch 086 | Train Loss: 1.0965 | Val Loss: 1.3961 | Val Acc: 0.3929
2025-06-21 22:13:56,338 [INFO] Epoch 087 | Train Loss: 1.0875 | Val Loss: 1.4021 | Val Acc: 0.3929
2025-06-21 22:13:56,346 [INFO] Epoch 088 | Train Loss: 1.1137 | Val Loss: 1.4090 | Val Acc: 0.3571
2025-06-21 22:13:56,355 [INFO] Epoch 089 | Train Loss: 1.0857 | Val Loss: 1.4013 | Val Acc: 0.3929
2025-06-21 22:13:56,364 [INFO] Epoch 090 | Train Loss: 1.0895 | Val Loss: 1.3690 | Val Acc: 0.4107
2025-06-21 22:13:56,678 [INFO] Epoch 091 | Train Loss: 1.1135 | Val Loss: 1.3906 | Val Acc: 0.3929
2025-06-21 22:13:56,689 [INFO] Epoch 092 | Train Loss: 1.0949 | Val Loss: 1.3549 | Val Acc: 0.3571
2025-06-21 22:13:56,699 [INFO] Epoch 093 | Train Loss: 1.0799 | Val Loss: 1.3543 | Val Acc: 0.3750
2025-06-21 22:13:56,708 [INFO] Epoch 094 | Train Loss: 1.1058 | Val Loss: 1.4044 | Val Acc: 0.3929
2025-06-21 22:13:56,719 [INFO] Epoch 095 | Train Loss: 1.1406 | Val Loss: 1.4284 | Val Acc: 0.3929
2025-06-21 22:13:56,731 [INFO] Epoch 096 | Train Loss: 1.1394 | Val Loss: 1.4373 | Val Acc: 0.4107
2025-06-21 22:13:56,743 [INFO] Epoch 097 | Train Loss: 1.0628 | Val Loss: 1.3858 | Val Acc: 0.3929
2025-06-21 22:13:56,755 [INFO] Epoch 098 | Train Loss: 1.0891 | Val Loss: 1.3756 | Val Acc: 0.3750
2025-06-21 22:13:56,764 [INFO] Epoch 099 | Train Loss: 1.0763 | Val Loss: 1.4183 | Val Acc: 0.3571
2025-06-21 22:13:56,774 [INFO] Epoch 100 | Train Loss: 1.1606 | Val Loss: 1.4573 | Val Acc: 0.3750
2025-06-21 22:13:57,743 [INFO] Epoch 101 | Train Loss: 1.1713 | Val Loss: 1.4169 | Val Acc: 0.4286
2025-06-21 22:13:57,754 [INFO] Epoch 102 | Train Loss: 1.0991 | Val Loss: 1.3603 | Val Acc: 0.3929
2025-06-21 22:13:57,764 [INFO] Epoch 103 | Train Loss: 1.1632 | Val Loss: 1.3899 | Val Acc: 0.3750
2025-06-21 22:13:57,779 [INFO] Epoch 104 | Train Loss: 1.0916 | Val Loss: 1.4154 | Val Acc: 0.3750
2025-06-21 22:13:57,794 [INFO] Epoch 105 | Train Loss: 1.0525 | Val Loss: 1.4437 | Val Acc: 0.3393
2025-06-21 22:13:57,806 [INFO] Epoch 106 | Train Loss: 1.0758 | Val Loss: 1.3887 | Val Acc: 0.3750
2025-06-21 22:13:57,816 [INFO] Epoch 107 | Train Loss: 1.0712 | Val Loss: 1.4021 | Val Acc: 0.4464
2025-06-21 22:13:57,828 [INFO] Epoch 108 | Train Loss: 1.0835 | Val Loss: 1.4155 | Val Acc: 0.4107
2025-06-21 22:13:57,841 [INFO] Epoch 109 | Train Loss: 1.0658 | Val Loss: 1.4568 | Val Acc: 0.3571
2025-06-21 22:13:57,853 [INFO] Epoch 110 | Train Loss: 1.1145 | Val Loss: 1.4075 | Val Acc: 0.4286
2025-06-21 22:13:58,247 [INFO] Epoch 111 | Train Loss: 1.0715 | Val Loss: 1.4548 | Val Acc: 0.3571
2025-06-21 22:13:58,257 [INFO] Epoch 112 | Train Loss: 1.0541 | Val Loss: 1.4182 | Val Acc: 0.3571
2025-06-21 22:13:58,272 [INFO] Epoch 113 | Train Loss: 1.0407 | Val Loss: 1.4320 | Val Acc: 0.3750
2025-06-21 22:13:58,316 [INFO] Epoch 114 | Train Loss: 1.0800 | Val Loss: 1.4207 | Val Acc: 0.3750
2025-06-21 22:13:58,350 [INFO] Epoch 115 | Train Loss: 1.1218 | Val Loss: 1.4688 | Val Acc: 0.3929
2025-06-21 22:13:58,372 [INFO] Epoch 116 | Train Loss: 1.0849 | Val Loss: 1.3899 | Val Acc: 0.4643
2025-06-21 22:13:58,382 [INFO] Epoch 117 | Train Loss: 1.0795 | Val Loss: 1.4098 | Val Acc: 0.3393
2025-06-21 22:13:58,392 [INFO] Epoch 118 | Train Loss: 1.0743 | Val Loss: 1.4678 | Val Acc: 0.3571
2025-06-21 22:13:58,401 [INFO] Epoch 119 | Train Loss: 1.1376 | Val Loss: 1.3918 | Val Acc: 0.3750
2025-06-21 22:13:58,411 [INFO] Epoch 120 | Train Loss: 1.0486 | Val Loss: 1.3982 | Val Acc: 0.3750
2025-06-21 22:13:58,739 [INFO] Epoch 121 | Train Loss: 1.0779 | Val Loss: 1.4173 | Val Acc: 0.3929
2025-06-21 22:13:58,749 [INFO] Epoch 122 | Train Loss: 1.1550 | Val Loss: 1.4962 | Val Acc: 0.3571
2025-06-21 22:13:58,758 [INFO] Epoch 123 | Train Loss: 1.0721 | Val Loss: 1.4619 | Val Acc: 0.3750
2025-06-21 22:13:58,768 [INFO] Epoch 124 | Train Loss: 1.0822 | Val Loss: 1.3867 | Val Acc: 0.3750
2025-06-21 22:13:58,777 [INFO] Epoch 125 | Train Loss: 1.1247 | Val Loss: 1.3757 | Val Acc: 0.3750
2025-06-21 22:13:58,787 [INFO] Epoch 126 | Train Loss: 1.1033 | Val Loss: 1.3660 | Val Acc: 0.3929
2025-06-21 22:13:58,796 [INFO] Epoch 127 | Train Loss: 1.0697 | Val Loss: 1.3905 | Val Acc: 0.3393
2025-06-21 22:13:58,808 [INFO] Epoch 128 | Train Loss: 1.0453 | Val Loss: 1.3315 | Val Acc: 0.4286
2025-06-21 22:13:58,820 [INFO] Epoch 129 | Train Loss: 1.1044 | Val Loss: 1.3605 | Val Acc: 0.4107
2025-06-21 22:13:58,830 [INFO] Epoch 130 | Train Loss: 1.0575 | Val Loss: 1.4086 | Val Acc: 0.3929
2025-06-21 22:13:59,229 [INFO] Epoch 131 | Train Loss: 1.0685 | Val Loss: 1.4185 | Val Acc: 0.4107
2025-06-21 22:13:59,241 [INFO] Epoch 132 | Train Loss: 1.0621 | Val Loss: 1.4325 | Val Acc: 0.3571
2025-06-21 22:13:59,255 [INFO] Epoch 133 | Train Loss: 1.0667 | Val Loss: 1.3845 | Val Acc: 0.4464
2025-06-21 22:13:59,266 [INFO] Epoch 134 | Train Loss: 1.0848 | Val Loss: 1.3808 | Val Acc: 0.4107
2025-06-21 22:13:59,276 [INFO] Epoch 135 | Train Loss: 1.0665 | Val Loss: 1.4434 | Val Acc: 0.4107
2025-06-21 22:13:59,285 [INFO] Epoch 136 | Train Loss: 1.0347 | Val Loss: 1.3740 | Val Acc: 0.3929
2025-06-21 22:13:59,296 [INFO] Epoch 137 | Train Loss: 1.0530 | Val Loss: 1.3667 | Val Acc: 0.3571
2025-06-21 22:13:59,306 [INFO] Epoch 138 | Train Loss: 1.0472 | Val Loss: 1.4009 | Val Acc: 0.4107
2025-06-21 22:13:59,316 [INFO] Epoch 139 | Train Loss: 1.0983 | Val Loss: 1.4418 | Val Acc: 0.3036
2025-06-21 22:13:59,325 [INFO] Epoch 140 | Train Loss: 1.0727 | Val Loss: 1.4507 | Val Acc: 0.3393
2025-06-21 22:13:59,854 [INFO] Epoch 141 | Train Loss: 1.0829 | Val Loss: 1.3922 | Val Acc: 0.4464
2025-06-21 22:13:59,866 [INFO] Epoch 142 | Train Loss: 1.1158 | Val Loss: 1.4301 | Val Acc: 0.3571
2025-06-21 22:13:59,877 [INFO] Epoch 143 | Train Loss: 1.1059 | Val Loss: 1.4450 | Val Acc: 0.4107
2025-06-21 22:13:59,887 [INFO] Epoch 144 | Train Loss: 1.1101 | Val Loss: 1.4203 | Val Acc: 0.3929
2025-06-21 22:13:59,897 [INFO] Epoch 145 | Train Loss: 1.0602 | Val Loss: 1.3863 | Val Acc: 0.3571
2025-06-21 22:13:59,909 [INFO] Epoch 146 | Train Loss: 1.0854 | Val Loss: 1.3820 | Val Acc: 0.4286
2025-06-21 22:13:59,918 [INFO] Epoch 147 | Train Loss: 1.0687 | Val Loss: 1.3989 | Val Acc: 0.3929
2025-06-21 22:13:59,927 [INFO] Epoch 148 | Train Loss: 1.0971 | Val Loss: 1.4055 | Val Acc: 0.3571
2025-06-21 22:13:59,936 [INFO] Epoch 149 | Train Loss: 1.0680 | Val Loss: 1.4002 | Val Acc: 0.3929
2025-06-21 22:13:59,945 [INFO] Epoch 150 | Train Loss: 1.0366 | Val Loss: 1.3859 | Val Acc: 0.4286
2025-06-21 22:14:00,361 [INFO] Epoch 151 | Train Loss: 1.0983 | Val Loss: 1.4204 | Val Acc: 0.3929
2025-06-21 22:14:00,371 [INFO] Epoch 152 | Train Loss: 1.0988 | Val Loss: 1.3796 | Val Acc: 0.3750
2025-06-21 22:14:00,380 [INFO] Epoch 153 | Train Loss: 1.0633 | Val Loss: 1.3982 | Val Acc: 0.4464
2025-06-21 22:14:00,390 [INFO] Epoch 154 | Train Loss: 1.0884 | Val Loss: 1.3820 | Val Acc: 0.3929
2025-06-21 22:14:00,399 [INFO] Epoch 155 | Train Loss: 1.0678 | Val Loss: 1.4060 | Val Acc: 0.3393
2025-06-21 22:14:00,409 [INFO] Epoch 156 | Train Loss: 1.0852 | Val Loss: 1.4128 | Val Acc: 0.3929
2025-06-21 22:14:00,419 [INFO] Epoch 157 | Train Loss: 1.0612 | Val Loss: 1.4081 | Val Acc: 0.3571
2025-06-21 22:14:00,429 [INFO] Epoch 158 | Train Loss: 1.0736 | Val Loss: 1.4045 | Val Acc: 0.3929
2025-06-21 22:14:00,438 [INFO] Epoch 159 | Train Loss: 1.0871 | Val Loss: 1.4268 | Val Acc: 0.4286
2025-06-21 22:14:00,447 [INFO] Epoch 160 | Train Loss: 1.0864 | Val Loss: 1.4292 | Val Acc: 0.3571
2025-06-21 22:14:00,846 [INFO] Epoch 161 | Train Loss: 1.0423 | Val Loss: 1.4094 | Val Acc: 0.3571
2025-06-21 22:14:00,857 [INFO] Epoch 162 | Train Loss: 1.0654 | Val Loss: 1.4060 | Val Acc: 0.3750
2025-06-21 22:14:00,866 [INFO] Epoch 163 | Train Loss: 1.0614 | Val Loss: 1.4262 | Val Acc: 0.3750
2025-06-21 22:14:00,875 [INFO] Epoch 164 | Train Loss: 1.0667 | Val Loss: 1.3612 | Val Acc: 0.4107
2025-06-21 22:14:00,884 [INFO] Epoch 165 | Train Loss: 1.0264 | Val Loss: 1.3783 | Val Acc: 0.4464
2025-06-21 22:14:00,893 [INFO] Epoch 166 | Train Loss: 1.0442 | Val Loss: 1.4058 | Val Acc: 0.3929
2025-06-21 22:14:00,952 [INFO] Epoch 167 | Train Loss: 1.0488 | Val Loss: 1.3841 | Val Acc: 0.4464
2025-06-21 22:14:00,973 [INFO] Epoch 168 | Train Loss: 1.0177 | Val Loss: 1.4229 | Val Acc: 0.3571
2025-06-21 22:14:01,003 [INFO] Epoch 169 | Train Loss: 1.1010 | Val Loss: 1.4391 | Val Acc: 0.3571
2025-06-21 22:14:01,023 [INFO] Epoch 170 | Train Loss: 1.0388 | Val Loss: 1.4236 | Val Acc: 0.3929
2025-06-21 22:14:01,501 [INFO] Epoch 171 | Train Loss: 1.0396 | Val Loss: 1.4019 | Val Acc: 0.4107
2025-06-21 22:14:01,511 [INFO] Epoch 172 | Train Loss: 1.0226 | Val Loss: 1.4099 | Val Acc: 0.3393
2025-06-21 22:14:01,521 [INFO] Epoch 173 | Train Loss: 1.0398 | Val Loss: 1.3884 | Val Acc: 0.3750
2025-06-21 22:14:01,531 [INFO] Epoch 174 | Train Loss: 1.0379 | Val Loss: 1.3857 | Val Acc: 0.3929
2025-06-21 22:14:01,542 [INFO] Epoch 175 | Train Loss: 1.0418 | Val Loss: 1.3853 | Val Acc: 0.3750
2025-06-21 22:14:01,551 [INFO] Epoch 176 | Train Loss: 1.0498 | Val Loss: 1.4335 | Val Acc: 0.3571
2025-06-21 22:14:01,561 [INFO] Epoch 177 | Train Loss: 1.0442 | Val Loss: 1.4209 | Val Acc: 0.4107
2025-06-21 22:14:01,571 [INFO] Epoch 178 | Train Loss: 1.0737 | Val Loss: 1.4111 | Val Acc: 0.4286
2025-06-21 22:14:01,580 [INFO] Epoch 179 | Train Loss: 1.0407 | Val Loss: 1.4209 | Val Acc: 0.4107
2025-06-21 22:14:01,589 [INFO] Epoch 180 | Train Loss: 1.0819 | Val Loss: 1.3864 | Val Acc: 0.4464
2025-06-21 22:14:01,978 [INFO] Epoch 181 | Train Loss: 1.0290 | Val Loss: 1.4098 | Val Acc: 0.3929
2025-06-21 22:14:01,988 [INFO] Epoch 182 | Train Loss: 1.0256 | Val Loss: 1.4293 | Val Acc: 0.3750
2025-06-21 22:14:01,997 [INFO] Epoch 183 | Train Loss: 1.0347 | Val Loss: 1.4439 | Val Acc: 0.3750
2025-06-21 22:14:02,006 [INFO] Epoch 184 | Train Loss: 1.0596 | Val Loss: 1.4409 | Val Acc: 0.3750
2025-06-21 22:14:02,016 [INFO] Epoch 185 | Train Loss: 1.0365 | Val Loss: 1.4240 | Val Acc: 0.3750
2025-06-21 22:14:02,025 [INFO] Epoch 186 | Train Loss: 1.1056 | Val Loss: 1.4123 | Val Acc: 0.3929
2025-06-21 22:14:02,055 [INFO] Epoch 187 | Train Loss: 1.0513 | Val Loss: 1.4181 | Val Acc: 0.3750
2025-06-21 22:14:02,073 [INFO] Epoch 188 | Train Loss: 1.0535 | Val Loss: 1.3923 | Val Acc: 0.3929
2025-06-21 22:14:02,099 [INFO] Epoch 189 | Train Loss: 1.0903 | Val Loss: 1.4366 | Val Acc: 0.3750
2025-06-21 22:14:02,132 [INFO] Epoch 190 | Train Loss: 1.0531 | Val Loss: 1.4244 | Val Acc: 0.3750
2025-06-21 22:14:02,642 [INFO] Epoch 191 | Train Loss: 1.0783 | Val Loss: 1.4393 | Val Acc: 0.3929
2025-06-21 22:14:02,653 [INFO] Epoch 192 | Train Loss: 1.1241 | Val Loss: 1.4867 | Val Acc: 0.3750
2025-06-21 22:14:02,667 [INFO] Epoch 193 | Train Loss: 1.0463 | Val Loss: 1.4608 | Val Acc: 0.3929
2025-06-21 22:14:02,682 [INFO] Epoch 194 | Train Loss: 1.0770 | Val Loss: 1.5301 | Val Acc: 0.2857
2025-06-21 22:14:02,693 [INFO] Epoch 195 | Train Loss: 1.0889 | Val Loss: 1.4962 | Val Acc: 0.3571
2025-06-21 22:14:02,705 [INFO] Epoch 196 | Train Loss: 1.0636 | Val Loss: 1.4674 | Val Acc: 0.3929
2025-06-21 22:14:02,718 [INFO] Epoch 197 | Train Loss: 1.0487 | Val Loss: 1.4582 | Val Acc: 0.3750
2025-06-21 22:14:02,744 [INFO] Epoch 198 | Train Loss: 1.0383 | Val Loss: 1.4474 | Val Acc: 0.3393
2025-06-21 22:14:02,757 [INFO] Epoch 199 | Train Loss: 1.0351 | Val Loss: 1.4107 | Val Acc: 0.3393
2025-06-21 22:14:02,767 [INFO] Epoch 200 | Train Loss: 1.0336 | Val Loss: 1.3933 | Val Acc: 0.3750
2025-06-21 22:14:03,466 [INFO] Epoch 201 | Train Loss: 1.0457 | Val Loss: 1.4125 | Val Acc: 0.3571
2025-06-21 22:14:03,476 [INFO] Epoch 202 | Train Loss: 1.0589 | Val Loss: 1.3999 | Val Acc: 0.3929
2025-06-21 22:14:03,486 [INFO] Epoch 203 | Train Loss: 1.0185 | Val Loss: 1.4116 | Val Acc: 0.4107
2025-06-21 22:14:03,497 [INFO] Epoch 204 | Train Loss: 1.0263 | Val Loss: 1.4272 | Val Acc: 0.3929
2025-06-21 22:14:03,506 [INFO] Epoch 205 | Train Loss: 1.0290 | Val Loss: 1.4054 | Val Acc: 0.3571
2025-06-21 22:14:03,517 [INFO] Epoch 206 | Train Loss: 1.0432 | Val Loss: 1.3946 | Val Acc: 0.3571
2025-06-21 22:14:03,529 [INFO] Epoch 207 | Train Loss: 1.0394 | Val Loss: 1.4272 | Val Acc: 0.3750
2025-06-21 22:14:03,540 [INFO] Epoch 208 | Train Loss: 0.9922 | Val Loss: 1.3792 | Val Acc: 0.3750
2025-06-21 22:14:03,550 [INFO] Epoch 209 | Train Loss: 1.0288 | Val Loss: 1.3894 | Val Acc: 0.3571
2025-06-21 22:14:03,551 [INFO] Early stopping at epoch 209 (no improvement in 150 epochs).
2025-06-21 22:14:03,552 [INFO] Best model saved to <built-in function time>/ENZYMES/best/best_source_gin.pth (Val Acc: 0.4643 at epoch 59)
2025-06-21 22:14:03,553 [INFO] Training/validation metrics saved to <built-in function time>/ENZYMES/GIN_0.001/train_metrics.csv
2025-06-21 22:14:04,211 [INFO] Final training curves saved
2025-06-21 22:14:04,211 [INFO] Training completed!
2025-06-21 22:14:04,212 [INFO] Best validation accuracy: 0.4643
2025-06-21 22:14:04,212 [INFO] Best epoch: 59
2025-06-21 22:14:04,212 [INFO] Total epochs trained: 209
2025-06-21 22:14:04,212 [INFO] Starting training with parameters: (0.001, 0.0, 32, 1, 400, 0.001)
