2025-06-21 19:55:42,193 [INFO] Using device: cpu
2025-06-21 19:55:42,193 [INFO] 开始创建数据加载器...
2025-06-21 19:55:42,194 [INFO] Successfully loaded dataset ENZYMES from ./data, total graphs: 600
2025-06-21 19:55:42,194 [INFO] Class allocation analysis:
2025-06-21 19:55:42,194 [INFO]   Source classes: [0, 1, 2, 3]
2025-06-21 19:55:42,194 [INFO]   Target classes: [0, 1, 2, 3, 4, 5]
2025-06-21 19:55:42,194 [INFO]   Overlap classes (to be split): [0, 1, 2, 3]
2025-06-21 19:55:42,194 [INFO]   Target novel classes (unknown): [4, 5]
2025-06-21 19:55:42,207 [INFO]   Class 0: 100 total -> Source: 70, Target: 30
2025-06-21 19:55:42,207 [INFO]   Class 1: 100 total -> Source: 70, Target: 30
2025-06-21 19:55:42,208 [INFO]   Class 2: 100 total -> Source: 70, Target: 30
2025-06-21 19:55:42,208 [INFO]   Class 3: 100 total -> Source: 70, Target: 30
2025-06-21 19:55:42,208 [INFO]   Class 4 (novel/unknown): 100 samples -> Target
2025-06-21 19:55:42,208 [INFO]   Class 5 (novel/unknown): 100 samples -> Target
2025-06-21 19:55:42,208 [INFO] Final allocation:
2025-06-21 19:55:42,208 [INFO]   Source domain: 280 samples
2025-06-21 19:55:42,208 [INFO]   Target domain: 320 samples
2025-06-21 19:55:42,209 [INFO] Source domain setup:
2025-06-21 19:55:42,209 [INFO]   Original classes: [0, 1, 2, 3]
2025-06-21 19:55:42,209 [INFO]   Overlap classes used: [0, 1, 2, 3]
2025-06-21 19:55:42,209 [INFO]   Label mapping: {0: 0, 1: 1, 2: 2, 3: 3}
2025-06-21 19:55:42,209 [INFO]   Total data after allocation: 280
2025-06-21 19:55:42,209 [INFO]   Data split - Train: 224, Val: 56
2025-06-21 19:55:42,209 [INFO]   Train label distribution: {0: 56, 1: 56, 3: 56, 2: 56}
2025-06-21 19:55:42,209 [INFO]   Val label distribution: {1: 14, 2: 14, 0: 14, 3: 14}
2025-06-21 19:55:42,210 [INFO] Successfully loaded dataset ENZYMES from ./data, total graphs: 600
2025-06-21 19:55:42,210 [INFO] Class allocation analysis:
2025-06-21 19:55:42,210 [INFO]   Source classes: [0, 1, 2, 3]
2025-06-21 19:55:42,210 [INFO]   Target classes: [0, 1, 2, 3, 4, 5]
2025-06-21 19:55:42,210 [INFO]   Overlap classes (to be split): [0, 1, 2, 3]
2025-06-21 19:55:42,211 [INFO]   Target novel classes (unknown): [4, 5]
2025-06-21 19:55:42,224 [INFO]   Class 0: 100 total -> Source: 70, Target: 30
2025-06-21 19:55:42,224 [INFO]   Class 1: 100 total -> Source: 70, Target: 30
2025-06-21 19:55:42,224 [INFO]   Class 2: 100 total -> Source: 70, Target: 30
2025-06-21 19:55:42,224 [INFO]   Class 3: 100 total -> Source: 70, Target: 30
2025-06-21 19:55:42,224 [INFO]   Class 4 (novel/unknown): 100 samples -> Target
2025-06-21 19:55:42,224 [INFO]   Class 5 (novel/unknown): 100 samples -> Target
2025-06-21 19:55:42,224 [INFO] Final allocation:
2025-06-21 19:55:42,224 [INFO]   Source domain: 280 samples
2025-06-21 19:55:42,224 [INFO]   Target domain: 320 samples
2025-06-21 19:55:42,226 [INFO] Target domain setup:
2025-06-21 19:55:42,226 [INFO]   Original classes: [0, 1, 2, 3, 4, 5]
2025-06-21 19:55:42,226 [INFO]   Overlap classes: [0, 1, 2, 3]
2025-06-21 19:55:42,226 [INFO]   Novel classes: [4, 5] -> mapped to unknown label 4
2025-06-21 19:55:42,226 [INFO]   Label mapping: {0: 0, 1: 1, 2: 2, 3: 3, 4: 4, 5: 4}
2025-06-21 19:55:42,226 [INFO]   Total data after allocation: 320
2025-06-21 19:55:42,226 [INFO]   Data split - Train: 256, Val: 64
2025-06-21 19:55:42,226 [INFO]   Total count: 320 (known: 120, unknown: 200)
2025-06-21 19:55:42,226 [INFO]   Total label distribution: {4: 200, 3: 30, 0: 30, 1: 30, 2: 30}
2025-06-21 19:55:42,226 [INFO]   Train label distribution: {4: 160, 0: 24, 2: 24, 3: 24, 1: 24}
2025-06-21 19:55:42,226 [INFO]   Val label distribution: {1: 6, 4: 40, 3: 6, 0: 6, 2: 6}
2025-06-21 19:55:42,226 [INFO] 数据加载器创建完成!
2025-06-21 19:55:42,226 [INFO] 源域类别数: 4 (重叠类别)
2025-06-21 19:55:42,226 [INFO] 目标域类别数: 5 (4个重叠类别 + 1个未知类别)
2025-06-21 19:55:42,226 [INFO] 重叠类别: [0, 1, 2, 3]
2025-06-21 19:55:42,226 [INFO] 目标域新类别: [4, 5]
2025-06-21 19:55:42,226 [INFO] Data allocation verification:
2025-06-21 19:55:42,226 [INFO]   Source data samples: 280
2025-06-21 19:55:42,226 [INFO]   Target data samples: 320
2025-06-21 19:55:42,226 [INFO]   Overlapping samples: 0
2025-06-21 19:55:42,226 [INFO]   ✓ Data allocation is correct - no overlapping samples
2025-06-21 19:55:42,227 [INFO] Model initialized with 68868 parameters
2025-06-21 19:55:42,227 [INFO] Previous best validation accuracy read from record.txt: 0.6250
2025-06-21 19:55:42,227 [INFO] Starting training...
2025-06-21 19:55:42,242 [INFO] Epoch 001 | Train Loss: 9.0886 | Val Loss: 3.8605 | Val Acc: 0.2679
2025-06-21 19:55:42,481 [INFO] New best model at epoch 1 (Val Acc: 0.2679)
2025-06-21 19:55:42,496 [INFO] Epoch 002 | Train Loss: 6.3626 | Val Loss: 3.3126 | Val Acc: 0.2500
2025-06-21 19:55:42,512 [INFO] Epoch 003 | Train Loss: 7.6090 | Val Loss: 2.5653 | Val Acc: 0.2679
2025-06-21 19:55:42,529 [INFO] Epoch 004 | Train Loss: 6.6239 | Val Loss: 2.1328 | Val Acc: 0.2857
2025-06-21 19:55:42,532 [INFO] New best model at epoch 4 (Val Acc: 0.2857)
2025-06-21 19:55:42,547 [INFO] Epoch 005 | Train Loss: 5.9750 | Val Loss: 2.1125 | Val Acc: 0.2500
2025-06-21 19:55:42,564 [INFO] Epoch 006 | Train Loss: 5.9163 | Val Loss: 2.1337 | Val Acc: 0.3214
2025-06-21 19:55:42,566 [INFO] New best model at epoch 6 (Val Acc: 0.3214)
2025-06-21 19:55:42,580 [INFO] Epoch 007 | Train Loss: 5.9487 | Val Loss: 2.3332 | Val Acc: 0.3750
2025-06-21 19:55:42,583 [INFO] New best model at epoch 7 (Val Acc: 0.3750)
2025-06-21 19:55:42,597 [INFO] Epoch 008 | Train Loss: 5.1220 | Val Loss: 2.4647 | Val Acc: 0.3571
2025-06-21 19:55:42,614 [INFO] Epoch 009 | Train Loss: 6.7103 | Val Loss: 2.9368 | Val Acc: 0.2857
2025-06-21 19:55:42,630 [INFO] Epoch 010 | Train Loss: 6.2141 | Val Loss: 2.7475 | Val Acc: 0.3036
2025-06-21 19:55:42,862 [INFO] Epoch 011 | Train Loss: 6.0992 | Val Loss: 2.4200 | Val Acc: 0.3929
2025-06-21 19:55:42,865 [INFO] New best model at epoch 11 (Val Acc: 0.3929)
2025-06-21 19:55:42,879 [INFO] Epoch 012 | Train Loss: 5.4619 | Val Loss: 2.8381 | Val Acc: 0.3214
2025-06-21 19:55:42,895 [INFO] Epoch 013 | Train Loss: 6.4402 | Val Loss: 3.6765 | Val Acc: 0.3036
2025-06-21 19:55:42,911 [INFO] Epoch 014 | Train Loss: 5.6945 | Val Loss: 3.6346 | Val Acc: 0.3036
2025-06-21 19:55:42,929 [INFO] Epoch 015 | Train Loss: 4.9471 | Val Loss: 3.0380 | Val Acc: 0.3393
2025-06-21 19:55:42,944 [INFO] Epoch 016 | Train Loss: 5.8874 | Val Loss: 3.0036 | Val Acc: 0.3214
2025-06-21 19:55:42,961 [INFO] Epoch 017 | Train Loss: 5.5887 | Val Loss: 3.3074 | Val Acc: 0.2500
2025-06-21 19:55:42,977 [INFO] Epoch 018 | Train Loss: 5.7740 | Val Loss: 2.9025 | Val Acc: 0.4107
2025-06-21 19:55:42,980 [INFO] New best model at epoch 18 (Val Acc: 0.4107)
2025-06-21 19:55:42,994 [INFO] Epoch 019 | Train Loss: 5.0156 | Val Loss: 2.9028 | Val Acc: 0.4107
2025-06-21 19:55:43,010 [INFO] Epoch 020 | Train Loss: 5.7112 | Val Loss: 2.8700 | Val Acc: 0.3571
2025-06-21 19:55:43,275 [INFO] Epoch 021 | Train Loss: 4.9207 | Val Loss: 2.8364 | Val Acc: 0.3571
2025-06-21 19:55:43,291 [INFO] Epoch 022 | Train Loss: 5.4467 | Val Loss: 3.0180 | Val Acc: 0.3929
2025-06-21 19:55:43,306 [INFO] Epoch 023 | Train Loss: 4.9109 | Val Loss: 2.9315 | Val Acc: 0.4107
2025-06-21 19:55:43,321 [INFO] Epoch 024 | Train Loss: 5.0176 | Val Loss: 2.9439 | Val Acc: 0.4107
2025-06-21 19:55:43,336 [INFO] Epoch 025 | Train Loss: 5.3666 | Val Loss: 2.7708 | Val Acc: 0.4286
2025-06-21 19:55:43,339 [INFO] New best model at epoch 25 (Val Acc: 0.4286)
2025-06-21 19:55:43,354 [INFO] Epoch 026 | Train Loss: 4.7759 | Val Loss: 3.1008 | Val Acc: 0.3929
2025-06-21 19:55:43,369 [INFO] Epoch 027 | Train Loss: 5.2214 | Val Loss: 3.1742 | Val Acc: 0.3214
2025-06-21 19:55:43,384 [INFO] Epoch 028 | Train Loss: 4.8635 | Val Loss: 3.0811 | Val Acc: 0.3393
2025-06-21 19:55:43,401 [INFO] Epoch 029 | Train Loss: 4.7996 | Val Loss: 2.8872 | Val Acc: 0.4107
2025-06-21 19:55:43,417 [INFO] Epoch 030 | Train Loss: 5.0087 | Val Loss: 2.9553 | Val Acc: 0.3929
2025-06-21 19:55:43,723 [INFO] Epoch 031 | Train Loss: 5.6055 | Val Loss: 2.7589 | Val Acc: 0.4464
2025-06-21 19:55:43,725 [INFO] New best model at epoch 31 (Val Acc: 0.4464)
2025-06-21 19:55:43,738 [INFO] Epoch 032 | Train Loss: 5.4334 | Val Loss: 2.7280 | Val Acc: 0.5000
2025-06-21 19:55:43,741 [INFO] New best model at epoch 32 (Val Acc: 0.5000)
2025-06-21 19:55:43,755 [INFO] Epoch 033 | Train Loss: 5.0886 | Val Loss: 3.1683 | Val Acc: 0.3571
2025-06-21 19:55:43,770 [INFO] Epoch 034 | Train Loss: 5.2970 | Val Loss: 3.3883 | Val Acc: 0.3750
2025-06-21 19:55:43,785 [INFO] Epoch 035 | Train Loss: 5.0802 | Val Loss: 2.8703 | Val Acc: 0.3214
2025-06-21 19:55:43,800 [INFO] Epoch 036 | Train Loss: 4.8999 | Val Loss: 2.5037 | Val Acc: 0.4464
2025-06-21 19:55:43,815 [INFO] Epoch 037 | Train Loss: 4.6909 | Val Loss: 2.8183 | Val Acc: 0.3750
2025-06-21 19:55:43,831 [INFO] Epoch 038 | Train Loss: 4.2636 | Val Loss: 2.9624 | Val Acc: 0.4464
2025-06-21 19:55:43,846 [INFO] Epoch 039 | Train Loss: 4.9168 | Val Loss: 2.8786 | Val Acc: 0.4464
2025-06-21 19:55:43,865 [INFO] Epoch 040 | Train Loss: 5.1537 | Val Loss: 3.0700 | Val Acc: 0.3750
2025-06-21 19:55:44,223 [INFO] Epoch 041 | Train Loss: 5.1337 | Val Loss: 3.2456 | Val Acc: 0.3571
2025-06-21 19:55:44,237 [INFO] Epoch 042 | Train Loss: 4.6520 | Val Loss: 2.9999 | Val Acc: 0.3571
2025-06-21 19:55:44,252 [INFO] Epoch 043 | Train Loss: 4.5663 | Val Loss: 2.8268 | Val Acc: 0.3929
2025-06-21 19:55:44,267 [INFO] Epoch 044 | Train Loss: 4.3906 | Val Loss: 2.8001 | Val Acc: 0.3929
2025-06-21 19:55:44,283 [INFO] Epoch 045 | Train Loss: 4.8435 | Val Loss: 2.8112 | Val Acc: 0.3750
2025-06-21 19:55:44,342 [INFO] Epoch 046 | Train Loss: 4.2751 | Val Loss: 3.1607 | Val Acc: 0.3750
2025-06-21 19:55:44,391 [INFO] Epoch 047 | Train Loss: 4.4814 | Val Loss: 3.0784 | Val Acc: 0.3214
2025-06-21 19:55:44,407 [INFO] Epoch 048 | Train Loss: 4.1129 | Val Loss: 2.9139 | Val Acc: 0.3929
2025-06-21 19:55:44,423 [INFO] Epoch 049 | Train Loss: 4.9021 | Val Loss: 3.0800 | Val Acc: 0.3750
2025-06-21 19:55:44,443 [INFO] Epoch 050 | Train Loss: 4.7905 | Val Loss: 3.0173 | Val Acc: 0.3750
2025-06-21 19:55:44,745 [INFO] Epoch 051 | Train Loss: 4.6066 | Val Loss: 2.6973 | Val Acc: 0.3929
2025-06-21 19:55:44,764 [INFO] Epoch 052 | Train Loss: 4.4736 | Val Loss: 2.5538 | Val Acc: 0.3929
2025-06-21 19:55:44,784 [INFO] Epoch 053 | Train Loss: 4.2333 | Val Loss: 2.4964 | Val Acc: 0.4107
2025-06-21 19:55:44,803 [INFO] Epoch 054 | Train Loss: 4.6195 | Val Loss: 2.6130 | Val Acc: 0.3929
2025-06-21 19:55:44,819 [INFO] Epoch 055 | Train Loss: 4.2063 | Val Loss: 2.8905 | Val Acc: 0.3571
2025-06-21 19:55:44,835 [INFO] Epoch 056 | Train Loss: 5.1321 | Val Loss: 3.0281 | Val Acc: 0.3571
2025-06-21 19:55:44,851 [INFO] Epoch 057 | Train Loss: 4.9991 | Val Loss: 3.1842 | Val Acc: 0.4286
2025-06-21 19:55:44,868 [INFO] Epoch 058 | Train Loss: 5.5259 | Val Loss: 2.6571 | Val Acc: 0.4464
2025-06-21 19:55:44,886 [INFO] Epoch 059 | Train Loss: 4.1788 | Val Loss: 2.3994 | Val Acc: 0.4643
2025-06-21 19:55:44,901 [INFO] Epoch 060 | Train Loss: 4.2640 | Val Loss: 2.2933 | Val Acc: 0.4821
2025-06-21 19:55:45,155 [INFO] Epoch 061 | Train Loss: 4.0303 | Val Loss: 2.4284 | Val Acc: 0.3929
2025-06-21 19:55:45,169 [INFO] Epoch 062 | Train Loss: 4.4617 | Val Loss: 2.4486 | Val Acc: 0.3571
2025-06-21 19:55:45,185 [INFO] Epoch 063 | Train Loss: 4.0386 | Val Loss: 2.4639 | Val Acc: 0.4286
2025-06-21 19:55:45,201 [INFO] Epoch 064 | Train Loss: 4.0827 | Val Loss: 2.4814 | Val Acc: 0.4464
2025-06-21 19:55:45,218 [INFO] Epoch 065 | Train Loss: 4.0556 | Val Loss: 2.5371 | Val Acc: 0.4286
2025-06-21 19:55:45,236 [INFO] Epoch 066 | Train Loss: 4.1036 | Val Loss: 2.6960 | Val Acc: 0.3750
2025-06-21 19:55:45,256 [INFO] Epoch 067 | Train Loss: 4.1587 | Val Loss: 2.5119 | Val Acc: 0.4286
2025-06-21 19:55:45,273 [INFO] Epoch 068 | Train Loss: 4.0096 | Val Loss: 2.3521 | Val Acc: 0.3929
2025-06-21 19:55:45,288 [INFO] Epoch 069 | Train Loss: 4.3859 | Val Loss: 2.4187 | Val Acc: 0.4286
2025-06-21 19:55:45,303 [INFO] Epoch 070 | Train Loss: 4.2279 | Val Loss: 2.5127 | Val Acc: 0.4286
2025-06-21 19:55:45,553 [INFO] Epoch 071 | Train Loss: 3.6521 | Val Loss: 2.9181 | Val Acc: 0.3750
2025-06-21 19:55:45,572 [INFO] Epoch 072 | Train Loss: 3.9600 | Val Loss: 2.7762 | Val Acc: 0.3929
2025-06-21 19:55:45,593 [INFO] Epoch 073 | Train Loss: 3.9664 | Val Loss: 2.5172 | Val Acc: 0.4464
2025-06-21 19:55:45,612 [INFO] Epoch 074 | Train Loss: 3.9891 | Val Loss: 2.7090 | Val Acc: 0.4107
2025-06-21 19:55:45,627 [INFO] Epoch 075 | Train Loss: 3.9296 | Val Loss: 2.5737 | Val Acc: 0.4464
2025-06-21 19:55:45,644 [INFO] Epoch 076 | Train Loss: 4.0485 | Val Loss: 2.6915 | Val Acc: 0.3214
2025-06-21 19:55:45,659 [INFO] Epoch 077 | Train Loss: 4.3949 | Val Loss: 2.5857 | Val Acc: 0.3929
2025-06-21 19:55:45,675 [INFO] Epoch 078 | Train Loss: 3.9300 | Val Loss: 2.7709 | Val Acc: 0.3750
2025-06-21 19:55:45,690 [INFO] Epoch 079 | Train Loss: 3.6022 | Val Loss: 2.7050 | Val Acc: 0.3929
2025-06-21 19:55:45,706 [INFO] Epoch 080 | Train Loss: 4.3046 | Val Loss: 2.5382 | Val Acc: 0.4107
2025-06-21 19:55:45,944 [INFO] Epoch 081 | Train Loss: 3.8418 | Val Loss: 2.3870 | Val Acc: 0.4464
2025-06-21 19:55:45,960 [INFO] Epoch 082 | Train Loss: 3.5269 | Val Loss: 2.3574 | Val Acc: 0.4464
2025-06-21 19:55:45,976 [INFO] Epoch 083 | Train Loss: 4.1506 | Val Loss: 2.2022 | Val Acc: 0.3929
2025-06-21 19:55:45,992 [INFO] Epoch 084 | Train Loss: 3.7411 | Val Loss: 2.3640 | Val Acc: 0.3929
2025-06-21 19:55:46,008 [INFO] Epoch 085 | Train Loss: 3.2285 | Val Loss: 2.6206 | Val Acc: 0.4107
2025-06-21 19:55:46,023 [INFO] Epoch 086 | Train Loss: 3.2021 | Val Loss: 2.6711 | Val Acc: 0.4107
2025-06-21 19:55:46,039 [INFO] Epoch 087 | Train Loss: 3.4637 | Val Loss: 2.5081 | Val Acc: 0.4107
2025-06-21 19:55:46,057 [INFO] Epoch 088 | Train Loss: 3.1575 | Val Loss: 2.4058 | Val Acc: 0.4643
2025-06-21 19:55:46,077 [INFO] Epoch 089 | Train Loss: 4.3236 | Val Loss: 2.3454 | Val Acc: 0.4464
2025-06-21 19:55:46,092 [INFO] Epoch 090 | Train Loss: 3.6982 | Val Loss: 2.2683 | Val Acc: 0.4643
2025-06-21 19:55:46,326 [INFO] Epoch 091 | Train Loss: 3.7734 | Val Loss: 2.4188 | Val Acc: 0.4286
2025-06-21 19:55:46,342 [INFO] Epoch 092 | Train Loss: 3.3642 | Val Loss: 2.9761 | Val Acc: 0.4107
2025-06-21 19:55:46,358 [INFO] Epoch 093 | Train Loss: 3.5166 | Val Loss: 3.2758 | Val Acc: 0.3393
2025-06-21 19:55:46,373 [INFO] Epoch 094 | Train Loss: 3.6197 | Val Loss: 3.1455 | Val Acc: 0.4107
2025-06-21 19:55:46,389 [INFO] Epoch 095 | Train Loss: 3.6147 | Val Loss: 2.8985 | Val Acc: 0.4286
2025-06-21 19:55:46,407 [INFO] Epoch 096 | Train Loss: 3.5670 | Val Loss: 2.9172 | Val Acc: 0.3929
2025-06-21 19:55:46,427 [INFO] Epoch 097 | Train Loss: 3.5555 | Val Loss: 2.7597 | Val Acc: 0.4286
2025-06-21 19:55:46,447 [INFO] Epoch 098 | Train Loss: 3.4095 | Val Loss: 2.6790 | Val Acc: 0.4464
2025-06-21 19:55:46,467 [INFO] Epoch 099 | Train Loss: 2.9877 | Val Loss: 2.6263 | Val Acc: 0.4643
2025-06-21 19:55:46,484 [INFO] Epoch 100 | Train Loss: 4.1757 | Val Loss: 3.0165 | Val Acc: 0.3929
2025-06-21 19:55:46,707 [INFO] Best model saved to <built-in function time>/ENZYMES/best/best_source_gin.pth (Val Acc: 0.5000 at epoch 32)
2025-06-21 19:55:46,708 [INFO] Training/validation metrics saved to <built-in function time>/ENZYMES/GIN_0.0001/train_metrics.csv
2025-06-21 19:55:46,917 [INFO] Final training curves saved
2025-06-21 19:55:46,917 [INFO] Training completed!
2025-06-21 19:55:46,917 [INFO] Best validation accuracy: 0.5000
2025-06-21 19:55:46,917 [INFO] Best epoch: 32
2025-06-21 19:55:46,917 [INFO] Total epochs trained: 100
2025-06-21 19:55:46,918 [INFO] Starting training with parameters: (0.0001, 0.4, 256, 1, 100, 0.001)
