2025-06-22 12:18:58,996 [INFO] Using device: cpu
2025-06-22 12:18:58,996 [INFO] 开始创建数据加载器...
2025-06-22 12:18:58,999 [INFO] Successfully loaded dataset ENZYMES from ./data, total graphs: 600
2025-06-22 12:18:59,000 [INFO] Class allocation analysis:
2025-06-22 12:18:59,000 [INFO]   Source classes: [0, 1, 2, 3]
2025-06-22 12:18:59,000 [INFO]   Target classes: [0, 1, 2, 3, 4, 5]
2025-06-22 12:18:59,000 [INFO]   Overlap classes (to be split): [0, 1, 2, 3]
2025-06-22 12:18:59,000 [INFO]   Target novel classes (unknown): [4, 5]
2025-06-22 12:18:59,013 [INFO]   Class 0: 100 total -> Source: 70, Target: 30
2025-06-22 12:18:59,013 [INFO]   Class 1: 100 total -> Source: 70, Target: 30
2025-06-22 12:18:59,013 [INFO]   Class 2: 100 total -> Source: 70, Target: 30
2025-06-22 12:18:59,013 [INFO]   Class 3: 100 total -> Source: 70, Target: 30
2025-06-22 12:18:59,014 [INFO]   Class 4 (novel/unknown): 100 samples -> Target
2025-06-22 12:18:59,014 [INFO]   Class 5 (novel/unknown): 100 samples -> Target
2025-06-22 12:18:59,014 [INFO] Final allocation:
2025-06-22 12:18:59,014 [INFO]   Source domain: 280 samples
2025-06-22 12:18:59,014 [INFO]   Target domain: 320 samples
2025-06-22 12:18:59,015 [INFO] Source domain setup:
2025-06-22 12:18:59,015 [INFO]   Original classes: [0, 1, 2, 3]
2025-06-22 12:18:59,015 [INFO]   Overlap classes used: [0, 1, 2, 3]
2025-06-22 12:18:59,015 [INFO]   Label mapping: {0: 0, 1: 1, 2: 2, 3: 3}
2025-06-22 12:18:59,015 [INFO]   Total data after allocation: 280
2025-06-22 12:18:59,015 [INFO]   Data split - Train: 224, Val: 56
2025-06-22 12:18:59,015 [INFO]   Train label distribution: {0: 56, 1: 56, 3: 56, 2: 56}
2025-06-22 12:18:59,015 [INFO]   Val label distribution: {1: 14, 2: 14, 0: 14, 3: 14}
2025-06-22 12:18:59,016 [INFO] Successfully loaded dataset ENZYMES from ./data, total graphs: 600
2025-06-22 12:18:59,016 [INFO] Class allocation analysis:
2025-06-22 12:18:59,016 [INFO]   Source classes: [0, 1, 2, 3]
2025-06-22 12:18:59,016 [INFO]   Target classes: [0, 1, 2, 3, 4, 5]
2025-06-22 12:18:59,016 [INFO]   Overlap classes (to be split): [0, 1, 2, 3]
2025-06-22 12:18:59,016 [INFO]   Target novel classes (unknown): [4, 5]
2025-06-22 12:18:59,029 [INFO]   Class 0: 100 total -> Source: 70, Target: 30
2025-06-22 12:18:59,029 [INFO]   Class 1: 100 total -> Source: 70, Target: 30
2025-06-22 12:18:59,029 [INFO]   Class 2: 100 total -> Source: 70, Target: 30
2025-06-22 12:18:59,030 [INFO]   Class 3: 100 total -> Source: 70, Target: 30
2025-06-22 12:18:59,030 [INFO]   Class 4 (novel/unknown): 100 samples -> Target
2025-06-22 12:18:59,030 [INFO]   Class 5 (novel/unknown): 100 samples -> Target
2025-06-22 12:18:59,030 [INFO] Final allocation:
2025-06-22 12:18:59,030 [INFO]   Source domain: 280 samples
2025-06-22 12:18:59,030 [INFO]   Target domain: 320 samples
2025-06-22 12:18:59,031 [INFO] Target domain setup:
2025-06-22 12:18:59,031 [INFO]   Original classes: [0, 1, 2, 3, 4, 5]
2025-06-22 12:18:59,031 [INFO]   Overlap classes: [0, 1, 2, 3]
2025-06-22 12:18:59,031 [INFO]   Novel classes: [4, 5] -> mapped to unknown label 4
2025-06-22 12:18:59,031 [INFO]   Label mapping: {0: 0, 1: 1, 2: 2, 3: 3, 4: 4, 5: 4}
2025-06-22 12:18:59,031 [INFO]   Total data after allocation: 320
2025-06-22 12:18:59,031 [INFO]   Data split - Train: 256, Val: 64
2025-06-22 12:18:59,031 [INFO]   Total count: 320 (known: 120, unknown: 200)
2025-06-22 12:18:59,031 [INFO]   Total label distribution: {4: 200, 3: 30, 0: 30, 1: 30, 2: 30}
2025-06-22 12:18:59,031 [INFO]   Train label distribution: {4: 160, 0: 24, 2: 24, 3: 24, 1: 24}
2025-06-22 12:18:59,031 [INFO]   Val label distribution: {1: 6, 4: 40, 3: 6, 0: 6, 2: 6}
2025-06-22 12:18:59,032 [INFO] 数据加载器创建完成!
2025-06-22 12:18:59,032 [INFO] 源域类别数: 4 (重叠类别)
2025-06-22 12:18:59,032 [INFO] 目标域类别数: 5 (4个重叠类别 + 1个未知类别)
2025-06-22 12:18:59,032 [INFO] 重叠类别: [0, 1, 2, 3]
2025-06-22 12:18:59,032 [INFO] 目标域新类别: [4, 5]
2025-06-22 12:18:59,032 [INFO] Data allocation verification:
2025-06-22 12:18:59,032 [INFO]   Source data samples: 280
2025-06-22 12:18:59,032 [INFO]   Target data samples: 320
2025-06-22 12:18:59,032 [INFO]   Overlapping samples: 0
2025-06-22 12:18:59,032 [INFO]   ✓ Data allocation is correct - no overlapping samples
2025-06-22 12:18:59,033 [INFO] Model initialized with 4932 parameters
2025-06-22 12:18:59,034 [INFO] Previous best validation accuracy read from record.txt: 0.6250
2025-06-22 12:18:59,034 [INFO] Starting training...
2025-06-22 12:18:59,044 [INFO] Epoch 001 | Train Loss: 7.6450 | Val Loss: 12.0063 | Val Acc: 0.2679
2025-06-22 12:18:59,875 [INFO] New best model at epoch 1 (Val Acc: 0.2679)
2025-06-22 12:18:59,891 [INFO] Epoch 002 | Train Loss: 4.1060 | Val Loss: 9.0146 | Val Acc: 0.2857
2025-06-22 12:18:59,893 [INFO] New best model at epoch 2 (Val Acc: 0.2857)
2025-06-22 12:18:59,901 [INFO] Epoch 003 | Train Loss: 2.5606 | Val Loss: 5.0859 | Val Acc: 0.1429
2025-06-22 12:18:59,911 [INFO] Epoch 004 | Train Loss: 2.6156 | Val Loss: 2.4658 | Val Acc: 0.3214
2025-06-22 12:18:59,912 [INFO] New best model at epoch 4 (Val Acc: 0.3214)
2025-06-22 12:18:59,921 [INFO] Epoch 005 | Train Loss: 2.2686 | Val Loss: 2.3412 | Val Acc: 0.4107
2025-06-22 12:18:59,923 [INFO] New best model at epoch 5 (Val Acc: 0.4107)
2025-06-22 12:18:59,931 [INFO] Epoch 006 | Train Loss: 2.2116 | Val Loss: 1.8767 | Val Acc: 0.3750
2025-06-22 12:18:59,941 [INFO] Epoch 007 | Train Loss: 1.6488 | Val Loss: 2.3240 | Val Acc: 0.2679
2025-06-22 12:18:59,951 [INFO] Epoch 008 | Train Loss: 1.8519 | Val Loss: 2.2295 | Val Acc: 0.2321
2025-06-22 12:18:59,960 [INFO] Epoch 009 | Train Loss: 1.6786 | Val Loss: 1.4286 | Val Acc: 0.4286
2025-06-22 12:18:59,961 [INFO] New best model at epoch 9 (Val Acc: 0.4286)
2025-06-22 12:18:59,969 [INFO] Epoch 010 | Train Loss: 1.4149 | Val Loss: 1.7281 | Val Acc: 0.3750
2025-06-22 12:19:00,834 [INFO] Epoch 011 | Train Loss: 1.4504 | Val Loss: 2.0211 | Val Acc: 0.3571
2025-06-22 12:19:00,843 [INFO] Epoch 012 | Train Loss: 1.5748 | Val Loss: 2.2235 | Val Acc: 0.3393
2025-06-22 12:19:00,853 [INFO] Epoch 013 | Train Loss: 1.6700 | Val Loss: 2.0288 | Val Acc: 0.3571
2025-06-22 12:19:00,862 [INFO] Epoch 014 | Train Loss: 1.5573 | Val Loss: 1.7457 | Val Acc: 0.3214
2025-06-22 12:19:00,873 [INFO] Epoch 015 | Train Loss: 1.7622 | Val Loss: 1.8925 | Val Acc: 0.3929
2025-06-22 12:19:00,882 [INFO] Epoch 016 | Train Loss: 1.5549 | Val Loss: 1.6256 | Val Acc: 0.3571
2025-06-22 12:19:00,891 [INFO] Epoch 017 | Train Loss: 1.5092 | Val Loss: 1.5473 | Val Acc: 0.3393
2025-06-22 12:19:00,900 [INFO] Epoch 018 | Train Loss: 1.4040 | Val Loss: 2.3681 | Val Acc: 0.3571
2025-06-22 12:19:00,911 [INFO] Epoch 019 | Train Loss: 1.5283 | Val Loss: 1.9688 | Val Acc: 0.1964
2025-06-22 12:19:00,923 [INFO] Epoch 020 | Train Loss: 1.4016 | Val Loss: 1.7755 | Val Acc: 0.3750
2025-06-22 12:19:04,195 [INFO] Epoch 021 | Train Loss: 1.6221 | Val Loss: 1.7564 | Val Acc: 0.3393
2025-06-22 12:19:04,214 [INFO] Epoch 022 | Train Loss: 1.4306 | Val Loss: 1.8749 | Val Acc: 0.3393
2025-06-22 12:19:04,235 [INFO] Epoch 023 | Train Loss: 1.5310 | Val Loss: 2.0640 | Val Acc: 0.2500
2025-06-22 12:19:04,261 [INFO] Epoch 024 | Train Loss: 1.6014 | Val Loss: 2.3392 | Val Acc: 0.3750
2025-06-22 12:19:04,293 [INFO] Epoch 025 | Train Loss: 1.5277 | Val Loss: 2.0308 | Val Acc: 0.2321
2025-06-22 12:19:04,302 [INFO] Epoch 026 | Train Loss: 1.6128 | Val Loss: 1.4987 | Val Acc: 0.3036
2025-06-22 12:19:04,311 [INFO] Epoch 027 | Train Loss: 1.2500 | Val Loss: 1.9441 | Val Acc: 0.3393
2025-06-22 12:19:04,320 [INFO] Epoch 028 | Train Loss: 1.3377 | Val Loss: 1.7735 | Val Acc: 0.3750
2025-06-22 12:19:04,329 [INFO] Epoch 029 | Train Loss: 1.3791 | Val Loss: 2.5790 | Val Acc: 0.3214
2025-06-22 12:19:04,338 [INFO] Epoch 030 | Train Loss: 1.4918 | Val Loss: 1.7643 | Val Acc: 0.2857
2025-06-22 12:19:05,489 [INFO] Epoch 031 | Train Loss: 1.3001 | Val Loss: 1.8827 | Val Acc: 0.2143
2025-06-22 12:19:05,504 [INFO] Epoch 032 | Train Loss: 1.3065 | Val Loss: 1.9365 | Val Acc: 0.4107
2025-06-22 12:19:05,515 [INFO] Epoch 033 | Train Loss: 1.2007 | Val Loss: 1.5054 | Val Acc: 0.3571
2025-06-22 12:19:05,529 [INFO] Epoch 034 | Train Loss: 1.2597 | Val Loss: 2.4433 | Val Acc: 0.2500
2025-06-22 12:19:05,553 [INFO] Epoch 035 | Train Loss: 1.4175 | Val Loss: 1.4170 | Val Acc: 0.4107
2025-06-22 12:19:05,587 [INFO] Epoch 036 | Train Loss: 1.3256 | Val Loss: 1.5599 | Val Acc: 0.4464
2025-06-22 12:19:05,588 [INFO] New best model at epoch 36 (Val Acc: 0.4464)
2025-06-22 12:19:05,601 [INFO] Epoch 037 | Train Loss: 1.4227 | Val Loss: 2.2569 | Val Acc: 0.2143
2025-06-22 12:19:05,612 [INFO] Epoch 038 | Train Loss: 1.3392 | Val Loss: 1.6707 | Val Acc: 0.2857
2025-06-22 12:19:05,621 [INFO] Epoch 039 | Train Loss: 1.2954 | Val Loss: 2.1608 | Val Acc: 0.3393
2025-06-22 12:19:05,630 [INFO] Epoch 040 | Train Loss: 1.4999 | Val Loss: 1.8790 | Val Acc: 0.3214
2025-06-22 12:19:06,982 [INFO] Epoch 041 | Train Loss: 1.2885 | Val Loss: 1.7709 | Val Acc: 0.3393
2025-06-22 12:19:06,994 [INFO] Epoch 042 | Train Loss: 1.3236 | Val Loss: 1.7212 | Val Acc: 0.3571
2025-06-22 12:19:07,006 [INFO] Epoch 043 | Train Loss: 1.2375 | Val Loss: 2.2852 | Val Acc: 0.2500
2025-06-22 12:19:07,019 [INFO] Epoch 044 | Train Loss: 1.3019 | Val Loss: 1.6830 | Val Acc: 0.2500
2025-06-22 12:19:07,034 [INFO] Epoch 045 | Train Loss: 1.2009 | Val Loss: 1.7787 | Val Acc: 0.3393
2025-06-22 12:19:07,051 [INFO] Epoch 046 | Train Loss: 1.2777 | Val Loss: 1.7230 | Val Acc: 0.3393
2025-06-22 12:19:07,065 [INFO] Epoch 047 | Train Loss: 1.2810 | Val Loss: 1.7392 | Val Acc: 0.2679
2025-06-22 12:19:07,078 [INFO] Epoch 048 | Train Loss: 1.2050 | Val Loss: 1.6016 | Val Acc: 0.2857
2025-06-22 12:19:07,092 [INFO] Epoch 049 | Train Loss: 1.2823 | Val Loss: 1.7348 | Val Acc: 0.2857
2025-06-22 12:19:07,105 [INFO] Epoch 050 | Train Loss: 1.2635 | Val Loss: 1.5219 | Val Acc: 0.3750
2025-06-22 12:19:07,969 [INFO] Epoch 051 | Train Loss: 1.4078 | Val Loss: 2.1030 | Val Acc: 0.3036
2025-06-22 12:19:07,979 [INFO] Epoch 052 | Train Loss: 1.3835 | Val Loss: 1.7980 | Val Acc: 0.3571
2025-06-22 12:19:07,991 [INFO] Epoch 053 | Train Loss: 1.2598 | Val Loss: 1.5856 | Val Acc: 0.3393
2025-06-22 12:19:08,003 [INFO] Epoch 054 | Train Loss: 1.2113 | Val Loss: 1.5763 | Val Acc: 0.3571
2025-06-22 12:19:08,014 [INFO] Epoch 055 | Train Loss: 1.3780 | Val Loss: 2.1406 | Val Acc: 0.2857
2025-06-22 12:19:08,027 [INFO] Epoch 056 | Train Loss: 1.5148 | Val Loss: 1.6103 | Val Acc: 0.4107
2025-06-22 12:19:08,037 [INFO] Epoch 057 | Train Loss: 1.4491 | Val Loss: 2.2678 | Val Acc: 0.3036
2025-06-22 12:19:08,051 [INFO] Epoch 058 | Train Loss: 1.3197 | Val Loss: 1.5377 | Val Acc: 0.4464
2025-06-22 12:19:08,062 [INFO] Epoch 059 | Train Loss: 1.2477 | Val Loss: 1.5736 | Val Acc: 0.3214
2025-06-22 12:19:08,085 [INFO] Epoch 060 | Train Loss: 1.2727 | Val Loss: 1.9200 | Val Acc: 0.2857
2025-06-22 12:19:08,930 [INFO] Epoch 061 | Train Loss: 1.5307 | Val Loss: 1.6845 | Val Acc: 0.3036
2025-06-22 12:19:08,940 [INFO] Epoch 062 | Train Loss: 1.4215 | Val Loss: 1.7285 | Val Acc: 0.3393
2025-06-22 12:19:08,952 [INFO] Epoch 063 | Train Loss: 1.2529 | Val Loss: 1.7852 | Val Acc: 0.3214
2025-06-22 12:19:08,966 [INFO] Epoch 064 | Train Loss: 1.3010 | Val Loss: 1.6496 | Val Acc: 0.2679
2025-06-22 12:19:08,980 [INFO] Epoch 065 | Train Loss: 1.3006 | Val Loss: 1.6145 | Val Acc: 0.3571
2025-06-22 12:19:08,990 [INFO] Epoch 066 | Train Loss: 1.2682 | Val Loss: 1.4983 | Val Acc: 0.3571
2025-06-22 12:19:09,003 [INFO] Epoch 067 | Train Loss: 1.2366 | Val Loss: 1.8339 | Val Acc: 0.2143
2025-06-22 12:19:09,013 [INFO] Epoch 068 | Train Loss: 1.1544 | Val Loss: 1.7338 | Val Acc: 0.2857
2025-06-22 12:19:09,030 [INFO] Epoch 069 | Train Loss: 1.2121 | Val Loss: 1.5678 | Val Acc: 0.3571
2025-06-22 12:19:09,040 [INFO] Epoch 070 | Train Loss: 1.2183 | Val Loss: 1.7740 | Val Acc: 0.2679
2025-06-22 12:19:09,847 [INFO] Epoch 071 | Train Loss: 1.2788 | Val Loss: 1.9461 | Val Acc: 0.2857
2025-06-22 12:19:09,856 [INFO] Epoch 072 | Train Loss: 1.2710 | Val Loss: 1.6827 | Val Acc: 0.4286
2025-06-22 12:19:09,872 [INFO] Epoch 073 | Train Loss: 1.2120 | Val Loss: 1.8090 | Val Acc: 0.2321
2025-06-22 12:19:09,883 [INFO] Epoch 074 | Train Loss: 1.1718 | Val Loss: 1.6901 | Val Acc: 0.3750
2025-06-22 12:19:09,894 [INFO] Epoch 075 | Train Loss: 1.2606 | Val Loss: 1.7020 | Val Acc: 0.4286
2025-06-22 12:19:09,907 [INFO] Epoch 076 | Train Loss: 1.3704 | Val Loss: 2.6169 | Val Acc: 0.2500
2025-06-22 12:19:09,923 [INFO] Epoch 077 | Train Loss: 1.5504 | Val Loss: 1.8245 | Val Acc: 0.3571
2025-06-22 12:19:09,934 [INFO] Epoch 078 | Train Loss: 1.2686 | Val Loss: 2.0353 | Val Acc: 0.2679
2025-06-22 12:19:09,948 [INFO] Epoch 079 | Train Loss: 1.2430 | Val Loss: 1.7180 | Val Acc: 0.3571
2025-06-22 12:19:09,956 [INFO] Epoch 080 | Train Loss: 1.1104 | Val Loss: 1.8599 | Val Acc: 0.2857
2025-06-22 12:19:10,865 [INFO] Epoch 081 | Train Loss: 1.1116 | Val Loss: 1.5520 | Val Acc: 0.3214
2025-06-22 12:19:10,875 [INFO] Epoch 082 | Train Loss: 1.0821 | Val Loss: 1.8535 | Val Acc: 0.2500
2025-06-22 12:19:10,884 [INFO] Epoch 083 | Train Loss: 1.1208 | Val Loss: 1.6082 | Val Acc: 0.3571
2025-06-22 12:19:10,900 [INFO] Epoch 084 | Train Loss: 1.0187 | Val Loss: 1.7831 | Val Acc: 0.3214
2025-06-22 12:19:10,913 [INFO] Epoch 085 | Train Loss: 1.0876 | Val Loss: 1.5822 | Val Acc: 0.3750
2025-06-22 12:19:10,928 [INFO] Epoch 086 | Train Loss: 1.1633 | Val Loss: 1.5633 | Val Acc: 0.3929
2025-06-22 12:19:10,943 [INFO] Epoch 087 | Train Loss: 1.1297 | Val Loss: 1.5474 | Val Acc: 0.2857
2025-06-22 12:19:10,958 [INFO] Epoch 088 | Train Loss: 1.0926 | Val Loss: 1.5129 | Val Acc: 0.3036
2025-06-22 12:19:10,970 [INFO] Epoch 089 | Train Loss: 1.0435 | Val Loss: 1.5160 | Val Acc: 0.3750
2025-06-22 12:19:10,981 [INFO] Epoch 090 | Train Loss: 1.0467 | Val Loss: 1.5858 | Val Acc: 0.3036
2025-06-22 12:19:11,849 [INFO] Epoch 091 | Train Loss: 1.1356 | Val Loss: 1.5571 | Val Acc: 0.3571
2025-06-22 12:19:11,859 [INFO] Epoch 092 | Train Loss: 1.1046 | Val Loss: 1.5712 | Val Acc: 0.3393
2025-06-22 12:19:11,868 [INFO] Epoch 093 | Train Loss: 1.0745 | Val Loss: 1.5945 | Val Acc: 0.2857
2025-06-22 12:19:11,877 [INFO] Epoch 094 | Train Loss: 1.0858 | Val Loss: 1.6453 | Val Acc: 0.3036
2025-06-22 12:19:11,887 [INFO] Epoch 095 | Train Loss: 1.1204 | Val Loss: 1.6673 | Val Acc: 0.3214
2025-06-22 12:19:11,900 [INFO] Epoch 096 | Train Loss: 1.0780 | Val Loss: 1.5913 | Val Acc: 0.3571
2025-06-22 12:19:11,915 [INFO] Epoch 097 | Train Loss: 1.1263 | Val Loss: 1.4888 | Val Acc: 0.4107
2025-06-22 12:19:11,927 [INFO] Epoch 098 | Train Loss: 1.0752 | Val Loss: 1.5994 | Val Acc: 0.4821
2025-06-22 12:19:11,929 [INFO] New best model at epoch 98 (Val Acc: 0.4821)
2025-06-22 12:19:11,943 [INFO] Epoch 099 | Train Loss: 1.1583 | Val Loss: 1.5495 | Val Acc: 0.3571
2025-06-22 12:19:11,962 [INFO] Epoch 100 | Train Loss: 1.0556 | Val Loss: 1.6070 | Val Acc: 0.3750
2025-06-22 12:19:12,815 [INFO] Epoch 101 | Train Loss: 1.0405 | Val Loss: 1.6429 | Val Acc: 0.3571
2025-06-22 12:19:12,827 [INFO] Epoch 102 | Train Loss: 1.0815 | Val Loss: 1.5414 | Val Acc: 0.3750
2025-06-22 12:19:12,840 [INFO] Epoch 103 | Train Loss: 1.0162 | Val Loss: 1.5739 | Val Acc: 0.3393
2025-06-22 12:19:12,853 [INFO] Epoch 104 | Train Loss: 1.0764 | Val Loss: 1.6210 | Val Acc: 0.3214
2025-06-22 12:19:12,864 [INFO] Epoch 105 | Train Loss: 1.1251 | Val Loss: 1.5363 | Val Acc: 0.3214
2025-06-22 12:19:12,875 [INFO] Epoch 106 | Train Loss: 1.0493 | Val Loss: 1.5273 | Val Acc: 0.3214
2025-06-22 12:19:12,887 [INFO] Epoch 107 | Train Loss: 1.0702 | Val Loss: 1.4906 | Val Acc: 0.3750
2025-06-22 12:19:12,898 [INFO] Epoch 108 | Train Loss: 1.0999 | Val Loss: 1.5767 | Val Acc: 0.3393
2025-06-22 12:19:12,910 [INFO] Epoch 109 | Train Loss: 1.0794 | Val Loss: 1.6808 | Val Acc: 0.4286
2025-06-22 12:19:12,920 [INFO] Epoch 110 | Train Loss: 1.0596 | Val Loss: 1.5433 | Val Acc: 0.3571
2025-06-22 12:19:13,732 [INFO] Epoch 111 | Train Loss: 1.0398 | Val Loss: 1.7958 | Val Acc: 0.3750
2025-06-22 12:19:13,741 [INFO] Epoch 112 | Train Loss: 1.1023 | Val Loss: 1.6654 | Val Acc: 0.3214
2025-06-22 12:19:13,753 [INFO] Epoch 113 | Train Loss: 1.0583 | Val Loss: 1.5644 | Val Acc: 0.2857
2025-06-22 12:19:13,765 [INFO] Epoch 114 | Train Loss: 1.0193 | Val Loss: 1.5947 | Val Acc: 0.3750
2025-06-22 12:19:13,777 [INFO] Epoch 115 | Train Loss: 1.0623 | Val Loss: 1.6176 | Val Acc: 0.3571
2025-06-22 12:19:13,787 [INFO] Epoch 116 | Train Loss: 1.0151 | Val Loss: 1.5103 | Val Acc: 0.3929
2025-06-22 12:19:13,798 [INFO] Epoch 117 | Train Loss: 1.0236 | Val Loss: 1.5238 | Val Acc: 0.3393
2025-06-22 12:19:13,811 [INFO] Epoch 118 | Train Loss: 1.0122 | Val Loss: 1.5888 | Val Acc: 0.3393
2025-06-22 12:19:13,821 [INFO] Epoch 119 | Train Loss: 1.0543 | Val Loss: 1.5821 | Val Acc: 0.3393
2025-06-22 12:19:13,848 [INFO] Epoch 120 | Train Loss: 1.0124 | Val Loss: 1.5698 | Val Acc: 0.4286
2025-06-22 12:19:14,699 [INFO] Epoch 121 | Train Loss: 1.0849 | Val Loss: 1.6729 | Val Acc: 0.4107
2025-06-22 12:19:14,710 [INFO] Epoch 122 | Train Loss: 1.1137 | Val Loss: 1.6752 | Val Acc: 0.3214
2025-06-22 12:19:14,722 [INFO] Epoch 123 | Train Loss: 1.0413 | Val Loss: 1.5464 | Val Acc: 0.3393
2025-06-22 12:19:14,736 [INFO] Epoch 124 | Train Loss: 1.0408 | Val Loss: 1.6525 | Val Acc: 0.3214
2025-06-22 12:19:14,749 [INFO] Epoch 125 | Train Loss: 1.0254 | Val Loss: 1.6132 | Val Acc: 0.3214
2025-06-22 12:19:14,763 [INFO] Epoch 126 | Train Loss: 1.0602 | Val Loss: 1.5382 | Val Acc: 0.3393
2025-06-22 12:19:14,777 [INFO] Epoch 127 | Train Loss: 0.9794 | Val Loss: 1.4397 | Val Acc: 0.4286
2025-06-22 12:19:14,792 [INFO] Epoch 128 | Train Loss: 1.0368 | Val Loss: 1.5303 | Val Acc: 0.3393
2025-06-22 12:19:14,805 [INFO] Epoch 129 | Train Loss: 1.0193 | Val Loss: 1.5639 | Val Acc: 0.4107
2025-06-22 12:19:14,818 [INFO] Epoch 130 | Train Loss: 1.0275 | Val Loss: 1.5086 | Val Acc: 0.4107
2025-06-22 12:19:15,753 [INFO] Epoch 131 | Train Loss: 1.0468 | Val Loss: 1.5483 | Val Acc: 0.3571
2025-06-22 12:19:15,762 [INFO] Epoch 132 | Train Loss: 1.1205 | Val Loss: 1.5670 | Val Acc: 0.3036
2025-06-22 12:19:15,772 [INFO] Epoch 133 | Train Loss: 1.0160 | Val Loss: 1.4567 | Val Acc: 0.3750
2025-06-22 12:19:15,787 [INFO] Epoch 134 | Train Loss: 1.0415 | Val Loss: 1.4814 | Val Acc: 0.3571
2025-06-22 12:19:15,799 [INFO] Epoch 135 | Train Loss: 1.0356 | Val Loss: 1.5598 | Val Acc: 0.3571
2025-06-22 12:19:15,813 [INFO] Epoch 136 | Train Loss: 1.0135 | Val Loss: 1.5915 | Val Acc: 0.3750
2025-06-22 12:19:15,827 [INFO] Epoch 137 | Train Loss: 1.0184 | Val Loss: 1.6907 | Val Acc: 0.2857
2025-06-22 12:19:15,839 [INFO] Epoch 138 | Train Loss: 1.1030 | Val Loss: 1.7332 | Val Acc: 0.3214
2025-06-22 12:19:15,850 [INFO] Epoch 139 | Train Loss: 1.0359 | Val Loss: 1.5962 | Val Acc: 0.3036
2025-06-22 12:19:15,859 [INFO] Epoch 140 | Train Loss: 1.0716 | Val Loss: 1.5902 | Val Acc: 0.4107
2025-06-22 12:19:16,720 [INFO] Epoch 141 | Train Loss: 1.0565 | Val Loss: 1.5648 | Val Acc: 0.3571
2025-06-22 12:19:16,729 [INFO] Epoch 142 | Train Loss: 1.0811 | Val Loss: 1.5937 | Val Acc: 0.3929
2025-06-22 12:19:16,739 [INFO] Epoch 143 | Train Loss: 1.1023 | Val Loss: 1.8483 | Val Acc: 0.3036
2025-06-22 12:19:16,749 [INFO] Epoch 144 | Train Loss: 1.1502 | Val Loss: 1.6047 | Val Acc: 0.3036
2025-06-22 12:19:16,759 [INFO] Epoch 145 | Train Loss: 1.1311 | Val Loss: 1.6311 | Val Acc: 0.3036
2025-06-22 12:19:16,770 [INFO] Epoch 146 | Train Loss: 1.0638 | Val Loss: 1.4926 | Val Acc: 0.3571
2025-06-22 12:19:16,784 [INFO] Epoch 147 | Train Loss: 1.0617 | Val Loss: 1.6059 | Val Acc: 0.3571
2025-06-22 12:19:16,801 [INFO] Epoch 148 | Train Loss: 1.0622 | Val Loss: 1.5653 | Val Acc: 0.3750
2025-06-22 12:19:16,816 [INFO] Epoch 149 | Train Loss: 1.0484 | Val Loss: 1.6380 | Val Acc: 0.3571
2025-06-22 12:19:16,838 [INFO] Epoch 150 | Train Loss: 1.0503 | Val Loss: 1.5975 | Val Acc: 0.3571
2025-06-22 12:19:19,893 [INFO] Epoch 151 | Train Loss: 1.0925 | Val Loss: 1.5008 | Val Acc: 0.3929
2025-06-22 12:19:19,910 [INFO] Epoch 152 | Train Loss: 1.0394 | Val Loss: 1.6392 | Val Acc: 0.3036
2025-06-22 12:19:19,922 [INFO] Epoch 153 | Train Loss: 1.1495 | Val Loss: 1.6980 | Val Acc: 0.4286
2025-06-22 12:19:19,936 [INFO] Epoch 154 | Train Loss: 1.1026 | Val Loss: 1.8084 | Val Acc: 0.3750
2025-06-22 12:19:19,956 [INFO] Epoch 155 | Train Loss: 1.1033 | Val Loss: 1.9226 | Val Acc: 0.3571
2025-06-22 12:19:19,973 [INFO] Epoch 156 | Train Loss: 1.2172 | Val Loss: 1.5683 | Val Acc: 0.3750
2025-06-22 12:19:19,999 [INFO] Epoch 157 | Train Loss: 1.1025 | Val Loss: 1.5590 | Val Acc: 0.3393
2025-06-22 12:19:20,012 [INFO] Epoch 158 | Train Loss: 1.1410 | Val Loss: 1.5298 | Val Acc: 0.4107
2025-06-22 12:19:20,021 [INFO] Epoch 159 | Train Loss: 1.0569 | Val Loss: 1.5195 | Val Acc: 0.3571
2025-06-22 12:19:20,030 [INFO] Epoch 160 | Train Loss: 1.0144 | Val Loss: 1.5126 | Val Acc: 0.4107
2025-06-22 12:19:20,968 [INFO] Epoch 161 | Train Loss: 1.0320 | Val Loss: 1.4644 | Val Acc: 0.4464
2025-06-22 12:19:20,978 [INFO] Epoch 162 | Train Loss: 1.0011 | Val Loss: 1.4780 | Val Acc: 0.3929
2025-06-22 12:19:20,987 [INFO] Epoch 163 | Train Loss: 1.0150 | Val Loss: 1.5417 | Val Acc: 0.3750
2025-06-22 12:19:20,997 [INFO] Epoch 164 | Train Loss: 1.0138 | Val Loss: 1.5843 | Val Acc: 0.3929
2025-06-22 12:19:21,007 [INFO] Epoch 165 | Train Loss: 1.0210 | Val Loss: 1.5047 | Val Acc: 0.4107
2025-06-22 12:19:21,016 [INFO] Epoch 166 | Train Loss: 0.9716 | Val Loss: 1.5339 | Val Acc: 0.3750
2025-06-22 12:19:21,025 [INFO] Epoch 167 | Train Loss: 1.0163 | Val Loss: 1.5529 | Val Acc: 0.3393
2025-06-22 12:19:21,036 [INFO] Epoch 168 | Train Loss: 0.9915 | Val Loss: 1.5142 | Val Acc: 0.4107
2025-06-22 12:19:21,045 [INFO] Epoch 169 | Train Loss: 0.9920 | Val Loss: 1.5171 | Val Acc: 0.3750
2025-06-22 12:19:21,056 [INFO] Epoch 170 | Train Loss: 1.0615 | Val Loss: 1.5531 | Val Acc: 0.3750
2025-06-22 12:19:24,417 [INFO] Epoch 171 | Train Loss: 1.0142 | Val Loss: 1.5317 | Val Acc: 0.3571
2025-06-22 12:19:24,431 [INFO] Epoch 172 | Train Loss: 0.9887 | Val Loss: 1.5133 | Val Acc: 0.3929
2025-06-22 12:19:24,443 [INFO] Epoch 173 | Train Loss: 1.0195 | Val Loss: 1.5357 | Val Acc: 0.4286
2025-06-22 12:19:24,455 [INFO] Epoch 174 | Train Loss: 0.9809 | Val Loss: 1.4937 | Val Acc: 0.3571
2025-06-22 12:19:24,469 [INFO] Epoch 175 | Train Loss: 0.9636 | Val Loss: 1.5503 | Val Acc: 0.4107
2025-06-22 12:19:24,489 [INFO] Epoch 176 | Train Loss: 1.0222 | Val Loss: 1.5515 | Val Acc: 0.3929
2025-06-22 12:19:24,504 [INFO] Epoch 177 | Train Loss: 1.0495 | Val Loss: 1.5654 | Val Acc: 0.4107
2025-06-22 12:19:24,515 [INFO] Epoch 178 | Train Loss: 1.0318 | Val Loss: 1.5189 | Val Acc: 0.3929
2025-06-22 12:19:24,525 [INFO] Epoch 179 | Train Loss: 1.1140 | Val Loss: 1.5697 | Val Acc: 0.4107
2025-06-22 12:19:24,534 [INFO] Epoch 180 | Train Loss: 1.0506 | Val Loss: 1.6778 | Val Acc: 0.3571
2025-06-22 12:19:25,406 [INFO] Epoch 181 | Train Loss: 1.0692 | Val Loss: 1.5399 | Val Acc: 0.3929
2025-06-22 12:19:25,416 [INFO] Epoch 182 | Train Loss: 0.9941 | Val Loss: 1.5221 | Val Acc: 0.4286
2025-06-22 12:19:25,426 [INFO] Epoch 183 | Train Loss: 0.9650 | Val Loss: 1.5066 | Val Acc: 0.4107
2025-06-22 12:19:25,435 [INFO] Epoch 184 | Train Loss: 0.9842 | Val Loss: 1.4787 | Val Acc: 0.3929
2025-06-22 12:19:25,445 [INFO] Epoch 185 | Train Loss: 0.9866 | Val Loss: 1.5825 | Val Acc: 0.3571
2025-06-22 12:19:25,454 [INFO] Epoch 186 | Train Loss: 0.9765 | Val Loss: 1.5990 | Val Acc: 0.4107
2025-06-22 12:19:25,463 [INFO] Epoch 187 | Train Loss: 0.9490 | Val Loss: 1.5206 | Val Acc: 0.4464
2025-06-22 12:19:25,473 [INFO] Epoch 188 | Train Loss: 0.9428 | Val Loss: 1.5478 | Val Acc: 0.3750
2025-06-22 12:19:25,482 [INFO] Epoch 189 | Train Loss: 0.9461 | Val Loss: 1.6263 | Val Acc: 0.3214
2025-06-22 12:19:25,496 [INFO] Epoch 190 | Train Loss: 0.9907 | Val Loss: 1.7057 | Val Acc: 0.3571
2025-06-22 12:19:26,377 [INFO] Epoch 191 | Train Loss: 0.9953 | Val Loss: 1.5643 | Val Acc: 0.4107
2025-06-22 12:19:26,390 [INFO] Epoch 192 | Train Loss: 0.9789 | Val Loss: 1.5045 | Val Acc: 0.4286
2025-06-22 12:19:26,402 [INFO] Epoch 193 | Train Loss: 1.0395 | Val Loss: 1.5536 | Val Acc: 0.3929
2025-06-22 12:19:26,417 [INFO] Epoch 194 | Train Loss: 0.9911 | Val Loss: 1.6680 | Val Acc: 0.3750
2025-06-22 12:19:26,464 [INFO] Epoch 195 | Train Loss: 0.9347 | Val Loss: 1.6170 | Val Acc: 0.3036
2025-06-22 12:19:26,495 [INFO] Epoch 196 | Train Loss: 0.9833 | Val Loss: 1.5314 | Val Acc: 0.3393
2025-06-22 12:19:26,504 [INFO] Epoch 197 | Train Loss: 0.9674 | Val Loss: 1.5297 | Val Acc: 0.3750
2025-06-22 12:19:26,514 [INFO] Epoch 198 | Train Loss: 0.9292 | Val Loss: 1.4498 | Val Acc: 0.3750
2025-06-22 12:19:26,524 [INFO] Epoch 199 | Train Loss: 0.9765 | Val Loss: 1.5403 | Val Acc: 0.3750
2025-06-22 12:19:26,538 [INFO] Epoch 200 | Train Loss: 0.9534 | Val Loss: 1.5658 | Val Acc: 0.3929
2025-06-22 12:19:27,415 [INFO] Epoch 201 | Train Loss: 0.9499 | Val Loss: 1.5397 | Val Acc: 0.3750
2025-06-22 12:19:27,425 [INFO] Epoch 202 | Train Loss: 0.9769 | Val Loss: 1.6396 | Val Acc: 0.4643
2025-06-22 12:19:27,435 [INFO] Epoch 203 | Train Loss: 1.0369 | Val Loss: 1.6444 | Val Acc: 0.3393
2025-06-22 12:19:27,446 [INFO] Epoch 204 | Train Loss: 1.0127 | Val Loss: 1.6853 | Val Acc: 0.3929
2025-06-22 12:19:27,465 [INFO] Epoch 205 | Train Loss: 0.9743 | Val Loss: 1.5903 | Val Acc: 0.3393
2025-06-22 12:19:27,480 [INFO] Epoch 206 | Train Loss: 1.0289 | Val Loss: 1.6494 | Val Acc: 0.3929
2025-06-22 12:19:27,495 [INFO] Epoch 207 | Train Loss: 0.9832 | Val Loss: 1.4973 | Val Acc: 0.4464
2025-06-22 12:19:27,513 [INFO] Epoch 208 | Train Loss: 1.0050 | Val Loss: 1.5413 | Val Acc: 0.3929
2025-06-22 12:19:27,525 [INFO] Epoch 209 | Train Loss: 0.9573 | Val Loss: 1.6338 | Val Acc: 0.3750
2025-06-22 12:19:27,541 [INFO] Epoch 210 | Train Loss: 0.9778 | Val Loss: 1.6577 | Val Acc: 0.3214
2025-06-22 12:19:28,418 [INFO] Epoch 211 | Train Loss: 0.9832 | Val Loss: 1.5472 | Val Acc: 0.4286
2025-06-22 12:19:28,429 [INFO] Epoch 212 | Train Loss: 0.9939 | Val Loss: 1.5911 | Val Acc: 0.3571
2025-06-22 12:19:28,438 [INFO] Epoch 213 | Train Loss: 0.9634 | Val Loss: 1.6243 | Val Acc: 0.3750
2025-06-22 12:19:28,449 [INFO] Epoch 214 | Train Loss: 0.9580 | Val Loss: 1.5631 | Val Acc: 0.3750
2025-06-22 12:19:28,463 [INFO] Epoch 215 | Train Loss: 1.0481 | Val Loss: 1.7211 | Val Acc: 0.3036
2025-06-22 12:19:28,476 [INFO] Epoch 216 | Train Loss: 1.0468 | Val Loss: 1.8391 | Val Acc: 0.3036
2025-06-22 12:19:28,488 [INFO] Epoch 217 | Train Loss: 0.9944 | Val Loss: 1.5037 | Val Acc: 0.3571
2025-06-22 12:19:28,501 [INFO] Epoch 218 | Train Loss: 0.9827 | Val Loss: 1.6093 | Val Acc: 0.4107
2025-06-22 12:19:28,517 [INFO] Epoch 219 | Train Loss: 0.9559 | Val Loss: 1.5711 | Val Acc: 0.3571
2025-06-22 12:19:28,527 [INFO] Epoch 220 | Train Loss: 0.9411 | Val Loss: 1.5772 | Val Acc: 0.3393
2025-06-22 12:19:29,391 [INFO] Epoch 221 | Train Loss: 0.9760 | Val Loss: 1.5569 | Val Acc: 0.3214
2025-06-22 12:19:29,402 [INFO] Epoch 222 | Train Loss: 1.0074 | Val Loss: 1.9546 | Val Acc: 0.2857
2025-06-22 12:19:29,415 [INFO] Epoch 223 | Train Loss: 0.9865 | Val Loss: 1.6369 | Val Acc: 0.3214
2025-06-22 12:19:29,426 [INFO] Epoch 224 | Train Loss: 0.9776 | Val Loss: 1.7354 | Val Acc: 0.3750
2025-06-22 12:19:29,437 [INFO] Epoch 225 | Train Loss: 1.1391 | Val Loss: 1.7195 | Val Acc: 0.3393
2025-06-22 12:19:29,447 [INFO] Epoch 226 | Train Loss: 1.0539 | Val Loss: 1.5905 | Val Acc: 0.3571
2025-06-22 12:19:29,460 [INFO] Epoch 227 | Train Loss: 1.0661 | Val Loss: 1.7154 | Val Acc: 0.3571
2025-06-22 12:19:29,473 [INFO] Epoch 228 | Train Loss: 1.0623 | Val Loss: 1.6466 | Val Acc: 0.3929
2025-06-22 12:19:29,483 [INFO] Epoch 229 | Train Loss: 1.0351 | Val Loss: 1.6609 | Val Acc: 0.3393
2025-06-22 12:19:29,493 [INFO] Epoch 230 | Train Loss: 0.9714 | Val Loss: 1.6786 | Val Acc: 0.3750
2025-06-22 12:19:30,365 [INFO] Epoch 231 | Train Loss: 0.9725 | Val Loss: 1.5731 | Val Acc: 0.3750
2025-06-22 12:19:30,379 [INFO] Epoch 232 | Train Loss: 0.9453 | Val Loss: 1.5683 | Val Acc: 0.3929
2025-06-22 12:19:30,392 [INFO] Epoch 233 | Train Loss: 0.9427 | Val Loss: 1.5058 | Val Acc: 0.4107
2025-06-22 12:19:30,403 [INFO] Epoch 234 | Train Loss: 0.9286 | Val Loss: 1.5383 | Val Acc: 0.3929
2025-06-22 12:19:30,413 [INFO] Epoch 235 | Train Loss: 0.9808 | Val Loss: 1.5682 | Val Acc: 0.3750
2025-06-22 12:19:30,426 [INFO] Epoch 236 | Train Loss: 0.9894 | Val Loss: 1.5205 | Val Acc: 0.3571
2025-06-22 12:19:30,438 [INFO] Epoch 237 | Train Loss: 0.9594 | Val Loss: 1.5279 | Val Acc: 0.3571
2025-06-22 12:19:30,465 [INFO] Epoch 238 | Train Loss: 0.9416 | Val Loss: 1.5466 | Val Acc: 0.3929
2025-06-22 12:19:30,483 [INFO] Epoch 239 | Train Loss: 0.9873 | Val Loss: 1.6023 | Val Acc: 0.3750
2025-06-22 12:19:30,532 [INFO] Epoch 240 | Train Loss: 0.9382 | Val Loss: 1.5481 | Val Acc: 0.3571
2025-06-22 12:19:31,452 [INFO] Epoch 241 | Train Loss: 0.9289 | Val Loss: 1.5526 | Val Acc: 0.3750
2025-06-22 12:19:31,461 [INFO] Epoch 242 | Train Loss: 0.9487 | Val Loss: 1.5470 | Val Acc: 0.4107
2025-06-22 12:19:31,472 [INFO] Epoch 243 | Train Loss: 0.9251 | Val Loss: 1.5448 | Val Acc: 0.3750
2025-06-22 12:19:31,483 [INFO] Epoch 244 | Train Loss: 1.0324 | Val Loss: 1.5516 | Val Acc: 0.3571
2025-06-22 12:19:31,497 [INFO] Epoch 245 | Train Loss: 1.0047 | Val Loss: 1.5148 | Val Acc: 0.4286
2025-06-22 12:19:31,508 [INFO] Epoch 246 | Train Loss: 1.0469 | Val Loss: 1.6764 | Val Acc: 0.3571
2025-06-22 12:19:31,521 [INFO] Epoch 247 | Train Loss: 0.9797 | Val Loss: 1.5731 | Val Acc: 0.3750
2025-06-22 12:19:31,534 [INFO] Epoch 248 | Train Loss: 0.9730 | Val Loss: 1.5609 | Val Acc: 0.3750
2025-06-22 12:19:31,535 [INFO] Early stopping at epoch 248 (no improvement in 150 epochs).
2025-06-22 12:19:31,536 [INFO] Best model saved to <built-in function time>/ENZYMES/best/best_source_gin.pth (Val Acc: 0.4821 at epoch 98)
2025-06-22 12:19:31,536 [INFO] Training/validation metrics saved to <built-in function time>/ENZYMES/GIN_0.01/train_metrics.csv
2025-06-22 12:19:32,918 [INFO] Final training curves saved
2025-06-22 12:19:32,918 [INFO] Training completed!
2025-06-22 12:19:32,918 [INFO] Best validation accuracy: 0.4821
2025-06-22 12:19:32,918 [INFO] Best epoch: 98
2025-06-22 12:19:32,918 [INFO] Total epochs trained: 248
2025-06-22 12:19:32,919 [INFO] Starting training with parameters: (0.01, 0.0, 64, 1, 300, 0.001)
