2025-06-21 19:05:24,382 [INFO] Using device: cpu
2025-06-21 19:05:24,382 [INFO] 开始创建数据加载器...
2025-06-21 19:05:24,385 [INFO] Successfully loaded dataset ENZYMES from ./data, total graphs: 600
2025-06-21 19:05:24,385 [INFO] Class allocation analysis:
2025-06-21 19:05:24,385 [INFO]   Source classes: [0, 1, 2, 3]
2025-06-21 19:05:24,385 [INFO]   Target classes: [0, 1, 2, 3, 4, 5]
2025-06-21 19:05:24,386 [INFO]   Overlap classes (to be split): [0, 1, 2, 3]
2025-06-21 19:05:24,386 [INFO]   Target novel classes (unknown): [4, 5]
2025-06-21 19:05:24,400 [INFO]   Class 0: 100 total -> Source: 70, Target: 30
2025-06-21 19:05:24,400 [INFO]   Class 1: 100 total -> Source: 70, Target: 30
2025-06-21 19:05:24,401 [INFO]   Class 2: 100 total -> Source: 70, Target: 30
2025-06-21 19:05:24,401 [INFO]   Class 3: 100 total -> Source: 70, Target: 30
2025-06-21 19:05:24,401 [INFO]   Class 4 (novel/unknown): 100 samples -> Target
2025-06-21 19:05:24,401 [INFO]   Class 5 (novel/unknown): 100 samples -> Target
2025-06-21 19:05:24,401 [INFO] Final allocation:
2025-06-21 19:05:24,401 [INFO]   Source domain: 280 samples
2025-06-21 19:05:24,401 [INFO]   Target domain: 320 samples
2025-06-21 19:05:24,402 [INFO] Source domain setup:
2025-06-21 19:05:24,402 [INFO]   Original classes: [0, 1, 2, 3]
2025-06-21 19:05:24,402 [INFO]   Overlap classes used: [0, 1, 2, 3]
2025-06-21 19:05:24,402 [INFO]   Label mapping: {0: 0, 1: 1, 2: 2, 3: 3}
2025-06-21 19:05:24,402 [INFO]   Total data after allocation: 280
2025-06-21 19:05:24,402 [INFO]   Data split - Train: 224, Val: 56
2025-06-21 19:05:24,402 [INFO]   Train label distribution: {0: 56, 1: 56, 3: 56, 2: 56}
2025-06-21 19:05:24,402 [INFO]   Val label distribution: {1: 14, 2: 14, 0: 14, 3: 14}
2025-06-21 19:05:24,404 [INFO] Successfully loaded dataset ENZYMES from ./data, total graphs: 600
2025-06-21 19:05:24,404 [INFO] Class allocation analysis:
2025-06-21 19:05:24,404 [INFO]   Source classes: [0, 1, 2, 3]
2025-06-21 19:05:24,404 [INFO]   Target classes: [0, 1, 2, 3, 4, 5]
2025-06-21 19:05:24,404 [INFO]   Overlap classes (to be split): [0, 1, 2, 3]
2025-06-21 19:05:24,404 [INFO]   Target novel classes (unknown): [4, 5]
2025-06-21 19:05:24,418 [INFO]   Class 0: 100 total -> Source: 70, Target: 30
2025-06-21 19:05:24,419 [INFO]   Class 1: 100 total -> Source: 70, Target: 30
2025-06-21 19:05:24,419 [INFO]   Class 2: 100 total -> Source: 70, Target: 30
2025-06-21 19:05:24,419 [INFO]   Class 3: 100 total -> Source: 70, Target: 30
2025-06-21 19:05:24,419 [INFO]   Class 4 (novel/unknown): 100 samples -> Target
2025-06-21 19:05:24,419 [INFO]   Class 5 (novel/unknown): 100 samples -> Target
2025-06-21 19:05:24,419 [INFO] Final allocation:
2025-06-21 19:05:24,419 [INFO]   Source domain: 280 samples
2025-06-21 19:05:24,419 [INFO]   Target domain: 320 samples
2025-06-21 19:05:24,421 [INFO] Target domain setup:
2025-06-21 19:05:24,421 [INFO]   Original classes: [0, 1, 2, 3, 4, 5]
2025-06-21 19:05:24,421 [INFO]   Overlap classes: [0, 1, 2, 3]
2025-06-21 19:05:24,421 [INFO]   Novel classes: [4, 5] -> mapped to unknown label 4
2025-06-21 19:05:24,421 [INFO]   Label mapping: {0: 0, 1: 1, 2: 2, 3: 3, 4: 4, 5: 4}
2025-06-21 19:05:24,421 [INFO]   Total data after allocation: 320
2025-06-21 19:05:24,421 [INFO]   Data split - Train: 256, Val: 64
2025-06-21 19:05:24,421 [INFO]   Total count: 320 (known: 120, unknown: 200)
2025-06-21 19:05:24,421 [INFO]   Total label distribution: {4: 200, 3: 30, 0: 30, 1: 30, 2: 30}
2025-06-21 19:05:24,421 [INFO]   Train label distribution: {4: 160, 0: 24, 2: 24, 3: 24, 1: 24}
2025-06-21 19:05:24,421 [INFO]   Val label distribution: {1: 6, 4: 40, 3: 6, 0: 6, 2: 6}
2025-06-21 19:05:24,421 [INFO] 数据加载器创建完成!
2025-06-21 19:05:24,421 [INFO] 源域类别数: 4 (重叠类别)
2025-06-21 19:05:24,421 [INFO] 目标域类别数: 5 (4个重叠类别 + 1个未知类别)
2025-06-21 19:05:24,421 [INFO] 重叠类别: [0, 1, 2, 3]
2025-06-21 19:05:24,421 [INFO] 目标域新类别: [4, 5]
2025-06-21 19:05:24,422 [INFO] Data allocation verification:
2025-06-21 19:05:24,422 [INFO]   Source data samples: 280
2025-06-21 19:05:24,422 [INFO]   Target data samples: 320
2025-06-21 19:05:24,422 [INFO]   Overlapping samples: 0
2025-06-21 19:05:24,422 [INFO]   ✓ Data allocation is correct - no overlapping samples
2025-06-21 19:05:24,428 [INFO] Model initialized with 1850884 parameters
2025-06-21 19:05:24,429 [INFO] Previous best validation accuracy read from record.txt: 0.6250
2025-06-21 19:05:24,429 [INFO] Starting training...
2025-06-21 19:05:24,549 [INFO] Epoch 001 | Train Loss: 9.7995 | Val Loss: 1.6125 | Val Acc: 0.3036
2025-06-21 19:05:24,896 [INFO] New best model at epoch 1 (Val Acc: 0.3036)
2025-06-21 19:05:25,028 [INFO] Epoch 002 | Train Loss: 6.5255 | Val Loss: 1.8713 | Val Acc: 0.3036
2025-06-21 19:05:25,201 [INFO] Epoch 003 | Train Loss: 4.9646 | Val Loss: 2.1233 | Val Acc: 0.2679
2025-06-21 19:05:25,353 [INFO] Epoch 004 | Train Loss: 5.2979 | Val Loss: 2.4762 | Val Acc: 0.3393
2025-06-21 19:05:25,386 [INFO] New best model at epoch 4 (Val Acc: 0.3393)
2025-06-21 19:05:25,516 [INFO] Epoch 005 | Train Loss: 5.8216 | Val Loss: 2.3704 | Val Acc: 0.3036
2025-06-21 19:05:25,697 [INFO] Epoch 006 | Train Loss: 5.1612 | Val Loss: 2.0794 | Val Acc: 0.3929
2025-06-21 19:05:25,730 [INFO] New best model at epoch 6 (Val Acc: 0.3929)
2025-06-21 19:05:25,868 [INFO] Epoch 007 | Train Loss: 4.6188 | Val Loss: 2.3773 | Val Acc: 0.3214
2025-06-21 19:05:26,033 [INFO] Epoch 008 | Train Loss: 4.7145 | Val Loss: 3.3842 | Val Acc: 0.3571
2025-06-21 19:05:26,223 [INFO] Epoch 009 | Train Loss: 4.6613 | Val Loss: 3.1977 | Val Acc: 0.4821
2025-06-21 19:05:26,259 [INFO] New best model at epoch 9 (Val Acc: 0.4821)
2025-06-21 19:05:26,412 [INFO] Epoch 010 | Train Loss: 4.0279 | Val Loss: 4.2897 | Val Acc: 0.3571
2025-06-21 19:05:26,811 [INFO] Epoch 011 | Train Loss: 4.3632 | Val Loss: 4.5816 | Val Acc: 0.3750
2025-06-21 19:05:26,968 [INFO] Epoch 012 | Train Loss: 3.7424 | Val Loss: 6.1130 | Val Acc: 0.3929
2025-06-21 19:05:27,125 [INFO] Epoch 013 | Train Loss: 3.6031 | Val Loss: 5.4533 | Val Acc: 0.3571
2025-06-21 19:05:27,304 [INFO] Epoch 014 | Train Loss: 2.9129 | Val Loss: 6.4618 | Val Acc: 0.3393
2025-06-21 19:05:27,459 [INFO] Epoch 015 | Train Loss: 3.2332 | Val Loss: 5.6079 | Val Acc: 0.3214
2025-06-21 19:05:27,620 [INFO] Epoch 016 | Train Loss: 3.6476 | Val Loss: 3.4300 | Val Acc: 0.4107
2025-06-21 19:05:27,782 [INFO] Epoch 017 | Train Loss: 3.3375 | Val Loss: 3.1782 | Val Acc: 0.4286
2025-06-21 19:05:27,949 [INFO] Epoch 018 | Train Loss: 3.8613 | Val Loss: 3.0631 | Val Acc: 0.4643
2025-06-21 19:05:28,118 [INFO] Epoch 019 | Train Loss: 2.7763 | Val Loss: 3.4492 | Val Acc: 0.4286
2025-06-21 19:05:28,283 [INFO] Epoch 020 | Train Loss: 3.6087 | Val Loss: 4.1727 | Val Acc: 0.4464
2025-06-21 19:05:28,695 [INFO] Epoch 021 | Train Loss: 3.4927 | Val Loss: 5.7073 | Val Acc: 0.3393
2025-06-21 19:05:28,849 [INFO] Epoch 022 | Train Loss: 2.6036 | Val Loss: 3.8701 | Val Acc: 0.3571
2025-06-21 19:05:29,014 [INFO] Epoch 023 | Train Loss: 2.6259 | Val Loss: 4.7398 | Val Acc: 0.3214
2025-06-21 19:05:29,184 [INFO] Epoch 024 | Train Loss: 2.6117 | Val Loss: 5.4482 | Val Acc: 0.3214
2025-06-21 19:05:29,341 [INFO] Epoch 025 | Train Loss: 2.5222 | Val Loss: 4.7164 | Val Acc: 0.4286
2025-06-21 19:05:29,504 [INFO] Epoch 026 | Train Loss: 3.4920 | Val Loss: 5.5717 | Val Acc: 0.4464
2025-06-21 19:05:29,666 [INFO] Epoch 027 | Train Loss: 2.9956 | Val Loss: 4.7326 | Val Acc: 0.3750
2025-06-21 19:05:29,830 [INFO] Epoch 028 | Train Loss: 2.5186 | Val Loss: 4.8609 | Val Acc: 0.4286
2025-06-21 19:05:29,995 [INFO] Epoch 029 | Train Loss: 3.0929 | Val Loss: 5.2212 | Val Acc: 0.3750
2025-06-21 19:05:30,160 [INFO] Epoch 030 | Train Loss: 1.8688 | Val Loss: 4.3702 | Val Acc: 0.3750
2025-06-21 19:05:30,719 [INFO] Epoch 031 | Train Loss: 2.2568 | Val Loss: 3.9771 | Val Acc: 0.4286
2025-06-21 19:05:30,873 [INFO] Epoch 032 | Train Loss: 2.8233 | Val Loss: 3.6943 | Val Acc: 0.3929
2025-06-21 19:05:31,064 [INFO] Epoch 033 | Train Loss: 3.0196 | Val Loss: 4.0844 | Val Acc: 0.4643
2025-06-21 19:05:31,261 [INFO] Epoch 034 | Train Loss: 2.3550 | Val Loss: 4.4490 | Val Acc: 0.5000
2025-06-21 19:05:31,294 [INFO] New best model at epoch 34 (Val Acc: 0.5000)
2025-06-21 19:05:31,464 [INFO] Epoch 035 | Train Loss: 2.2466 | Val Loss: 3.8954 | Val Acc: 0.4107
2025-06-21 19:05:31,673 [INFO] Epoch 036 | Train Loss: 2.0827 | Val Loss: 3.9262 | Val Acc: 0.4464
2025-06-21 19:05:31,863 [INFO] Epoch 037 | Train Loss: 3.1336 | Val Loss: 4.6127 | Val Acc: 0.4107
2025-06-21 19:05:32,049 [INFO] Epoch 038 | Train Loss: 2.5902 | Val Loss: 4.0386 | Val Acc: 0.4464
2025-06-21 19:05:32,214 [INFO] Epoch 039 | Train Loss: 1.6618 | Val Loss: 3.8336 | Val Acc: 0.4464
2025-06-21 19:05:32,378 [INFO] Epoch 040 | Train Loss: 2.7885 | Val Loss: 3.8142 | Val Acc: 0.5000
2025-06-21 19:05:32,789 [INFO] Epoch 041 | Train Loss: 2.0703 | Val Loss: 4.0909 | Val Acc: 0.4643
2025-06-21 19:05:32,952 [INFO] Epoch 042 | Train Loss: 1.7114 | Val Loss: 4.5309 | Val Acc: 0.3750
2025-06-21 19:05:33,124 [INFO] Epoch 043 | Train Loss: 2.5490 | Val Loss: 4.6056 | Val Acc: 0.3393
2025-06-21 19:05:33,338 [INFO] Epoch 044 | Train Loss: 2.4118 | Val Loss: 4.7356 | Val Acc: 0.3750
2025-06-21 19:05:33,536 [INFO] Epoch 045 | Train Loss: 1.9927 | Val Loss: 3.8636 | Val Acc: 0.4464
2025-06-21 19:05:33,732 [INFO] Epoch 046 | Train Loss: 1.5276 | Val Loss: 3.8881 | Val Acc: 0.4464
2025-06-21 19:05:33,928 [INFO] Epoch 047 | Train Loss: 1.8619 | Val Loss: 4.0941 | Val Acc: 0.4821
2025-06-21 19:05:34,123 [INFO] Epoch 048 | Train Loss: 1.6797 | Val Loss: 5.2488 | Val Acc: 0.3750
2025-06-21 19:05:34,322 [INFO] Epoch 049 | Train Loss: 1.9983 | Val Loss: 6.1921 | Val Acc: 0.4107
2025-06-21 19:05:34,517 [INFO] Epoch 050 | Train Loss: 1.9787 | Val Loss: 5.5366 | Val Acc: 0.4643
2025-06-21 19:05:35,038 [INFO] Epoch 051 | Train Loss: 2.0571 | Val Loss: 5.7080 | Val Acc: 0.4821
2025-06-21 19:05:35,239 [INFO] Epoch 052 | Train Loss: 1.3287 | Val Loss: 5.2453 | Val Acc: 0.4643
2025-06-21 19:05:35,445 [INFO] Epoch 053 | Train Loss: 1.9367 | Val Loss: 5.2520 | Val Acc: 0.4286
2025-06-21 19:05:35,646 [INFO] Epoch 054 | Train Loss: 1.2725 | Val Loss: 5.1669 | Val Acc: 0.4464
2025-06-21 19:05:35,843 [INFO] Epoch 055 | Train Loss: 1.8607 | Val Loss: 5.0689 | Val Acc: 0.4464
2025-06-21 19:05:36,036 [INFO] Epoch 056 | Train Loss: 1.6316 | Val Loss: 4.8037 | Val Acc: 0.4107
2025-06-21 19:05:36,229 [INFO] Epoch 057 | Train Loss: 1.6190 | Val Loss: 4.3410 | Val Acc: 0.4286
2025-06-21 19:05:36,419 [INFO] Epoch 058 | Train Loss: 1.3887 | Val Loss: 5.0064 | Val Acc: 0.4464
2025-06-21 19:05:36,572 [INFO] Epoch 059 | Train Loss: 1.5377 | Val Loss: 5.1432 | Val Acc: 0.4643
2025-06-21 19:05:36,731 [INFO] Epoch 060 | Train Loss: 1.7323 | Val Loss: 5.6570 | Val Acc: 0.4464
2025-06-21 19:05:37,124 [INFO] Epoch 061 | Train Loss: 1.9197 | Val Loss: 5.3763 | Val Acc: 0.4464
2025-06-21 19:05:37,290 [INFO] Epoch 062 | Train Loss: 1.1638 | Val Loss: 4.9644 | Val Acc: 0.4821
2025-06-21 19:05:37,475 [INFO] Epoch 063 | Train Loss: 0.8974 | Val Loss: 5.8775 | Val Acc: 0.4286
2025-06-21 19:05:37,693 [INFO] Epoch 064 | Train Loss: 2.1265 | Val Loss: 6.1585 | Val Acc: 0.4107
2025-06-21 19:05:37,908 [INFO] Epoch 065 | Train Loss: 2.0248 | Val Loss: 5.9874 | Val Acc: 0.4286
2025-06-21 19:05:38,109 [INFO] Epoch 066 | Train Loss: 0.8499 | Val Loss: 5.7885 | Val Acc: 0.4464
2025-06-21 19:05:38,306 [INFO] Epoch 067 | Train Loss: 0.7680 | Val Loss: 5.0860 | Val Acc: 0.4643
2025-06-21 19:05:38,501 [INFO] Epoch 068 | Train Loss: 0.8530 | Val Loss: 5.0458 | Val Acc: 0.4464
2025-06-21 19:05:38,700 [INFO] Epoch 069 | Train Loss: 1.1443 | Val Loss: 5.5445 | Val Acc: 0.4107
2025-06-21 19:05:38,896 [INFO] Epoch 070 | Train Loss: 1.6324 | Val Loss: 6.2241 | Val Acc: 0.4107
2025-06-21 19:05:39,338 [INFO] Epoch 071 | Train Loss: 1.0565 | Val Loss: 5.5401 | Val Acc: 0.3750
2025-06-21 19:05:39,544 [INFO] Epoch 072 | Train Loss: 1.1733 | Val Loss: 4.8659 | Val Acc: 0.4464
2025-06-21 19:05:39,746 [INFO] Epoch 073 | Train Loss: 0.7743 | Val Loss: 5.4945 | Val Acc: 0.3929
2025-06-21 19:05:39,929 [INFO] Epoch 074 | Train Loss: 0.6089 | Val Loss: 5.9443 | Val Acc: 0.4286
2025-06-21 19:05:40,127 [INFO] Epoch 075 | Train Loss: 1.3393 | Val Loss: 6.5236 | Val Acc: 0.4643
2025-06-21 19:05:40,290 [INFO] Epoch 076 | Train Loss: 1.5239 | Val Loss: 6.0970 | Val Acc: 0.4464
2025-06-21 19:05:40,456 [INFO] Epoch 077 | Train Loss: 0.9966 | Val Loss: 4.6072 | Val Acc: 0.5000
2025-06-21 19:05:40,612 [INFO] Epoch 078 | Train Loss: 0.9399 | Val Loss: 4.7187 | Val Acc: 0.5000
2025-06-21 19:05:40,771 [INFO] Epoch 079 | Train Loss: 1.3744 | Val Loss: 6.5532 | Val Acc: 0.4286
2025-06-21 19:05:40,934 [INFO] Epoch 080 | Train Loss: 0.8054 | Val Loss: 7.5436 | Val Acc: 0.3571
2025-06-21 19:05:41,348 [INFO] Epoch 081 | Train Loss: 1.5000 | Val Loss: 5.2277 | Val Acc: 0.5000
2025-06-21 19:05:41,511 [INFO] Epoch 082 | Train Loss: 2.0357 | Val Loss: 6.4602 | Val Acc: 0.4286
2025-06-21 19:05:41,684 [INFO] Epoch 083 | Train Loss: 0.8571 | Val Loss: 6.7139 | Val Acc: 0.4643
2025-06-21 19:05:41,861 [INFO] Epoch 084 | Train Loss: 0.7116 | Val Loss: 5.9169 | Val Acc: 0.4464
2025-06-21 19:05:42,031 [INFO] Epoch 085 | Train Loss: 0.8530 | Val Loss: 5.3729 | Val Acc: 0.4464
2025-06-21 19:05:42,198 [INFO] Epoch 086 | Train Loss: 0.8238 | Val Loss: 5.2677 | Val Acc: 0.4821
2025-06-21 19:05:42,422 [INFO] Epoch 087 | Train Loss: 1.4063 | Val Loss: 5.5771 | Val Acc: 0.4821
2025-06-21 19:05:42,596 [INFO] Epoch 088 | Train Loss: 0.6817 | Val Loss: 6.2664 | Val Acc: 0.4821
2025-06-21 19:05:42,757 [INFO] Epoch 089 | Train Loss: 1.7238 | Val Loss: 6.5757 | Val Acc: 0.3929
2025-06-21 19:05:42,923 [INFO] Epoch 090 | Train Loss: 1.1419 | Val Loss: 8.2187 | Val Acc: 0.3393
2025-06-21 19:05:43,312 [INFO] Epoch 091 | Train Loss: 1.0683 | Val Loss: 8.1383 | Val Acc: 0.3571
2025-06-21 19:05:43,467 [INFO] Epoch 092 | Train Loss: 1.0005 | Val Loss: 7.0359 | Val Acc: 0.3750
2025-06-21 19:05:43,660 [INFO] Epoch 093 | Train Loss: 0.9438 | Val Loss: 6.4032 | Val Acc: 0.4464
2025-06-21 19:05:43,836 [INFO] Epoch 094 | Train Loss: 0.7682 | Val Loss: 6.8367 | Val Acc: 0.3750
2025-06-21 19:05:44,004 [INFO] Epoch 095 | Train Loss: 0.8558 | Val Loss: 7.9385 | Val Acc: 0.3571
2025-06-21 19:05:44,172 [INFO] Epoch 096 | Train Loss: 0.7652 | Val Loss: 7.7939 | Val Acc: 0.3929
2025-06-21 19:05:44,340 [INFO] Epoch 097 | Train Loss: 0.9389 | Val Loss: 5.6864 | Val Acc: 0.4286
2025-06-21 19:05:44,506 [INFO] Epoch 098 | Train Loss: 0.8054 | Val Loss: 5.1663 | Val Acc: 0.4821
2025-06-21 19:05:44,675 [INFO] Epoch 099 | Train Loss: 0.7341 | Val Loss: 6.2813 | Val Acc: 0.4821
2025-06-21 19:05:44,844 [INFO] Epoch 100 | Train Loss: 0.8858 | Val Loss: 6.9687 | Val Acc: 0.4464
2025-06-21 19:05:45,243 [INFO] Epoch 101 | Train Loss: 0.4956 | Val Loss: 6.7678 | Val Acc: 0.5000
2025-06-21 19:05:45,404 [INFO] Epoch 102 | Train Loss: 0.4852 | Val Loss: 6.7373 | Val Acc: 0.5000
2025-06-21 19:05:45,563 [INFO] Epoch 103 | Train Loss: 0.7836 | Val Loss: 7.0230 | Val Acc: 0.4821
2025-06-21 19:05:45,733 [INFO] Epoch 104 | Train Loss: 0.7180 | Val Loss: 7.5116 | Val Acc: 0.4464
2025-06-21 19:05:45,899 [INFO] Epoch 105 | Train Loss: 0.4270 | Val Loss: 7.5384 | Val Acc: 0.5000
2025-06-21 19:05:46,066 [INFO] Epoch 106 | Train Loss: 0.5941 | Val Loss: 7.5780 | Val Acc: 0.5179
2025-06-21 19:05:46,101 [INFO] New best model at epoch 106 (Val Acc: 0.5179)
2025-06-21 19:05:46,237 [INFO] Epoch 107 | Train Loss: 0.4435 | Val Loss: 7.6982 | Val Acc: 0.5536
2025-06-21 19:05:46,271 [INFO] New best model at epoch 107 (Val Acc: 0.5536)
2025-06-21 19:05:46,415 [INFO] Epoch 108 | Train Loss: 0.9975 | Val Loss: 7.4747 | Val Acc: 0.4821
2025-06-21 19:05:46,576 [INFO] Epoch 109 | Train Loss: 0.7695 | Val Loss: 8.3673 | Val Acc: 0.4464
2025-06-21 19:05:46,740 [INFO] Epoch 110 | Train Loss: 0.8329 | Val Loss: 7.9457 | Val Acc: 0.5000
2025-06-21 19:05:47,150 [INFO] Epoch 111 | Train Loss: 0.7738 | Val Loss: 7.9760 | Val Acc: 0.4286
2025-06-21 19:05:47,302 [INFO] Epoch 112 | Train Loss: 0.5343 | Val Loss: 8.5562 | Val Acc: 0.4643
2025-06-21 19:05:47,463 [INFO] Epoch 113 | Train Loss: 0.6635 | Val Loss: 7.6624 | Val Acc: 0.4107
2025-06-21 19:05:47,631 [INFO] Epoch 114 | Train Loss: 0.8956 | Val Loss: 7.6502 | Val Acc: 0.4821
2025-06-21 19:05:47,790 [INFO] Epoch 115 | Train Loss: 0.3918 | Val Loss: 7.6652 | Val Acc: 0.4821
2025-06-21 19:05:47,949 [INFO] Epoch 116 | Train Loss: 0.9743 | Val Loss: 7.9092 | Val Acc: 0.4643
2025-06-21 19:05:48,110 [INFO] Epoch 117 | Train Loss: 0.2314 | Val Loss: 8.3456 | Val Acc: 0.4821
2025-06-21 19:05:48,271 [INFO] Epoch 118 | Train Loss: 0.8636 | Val Loss: 8.7775 | Val Acc: 0.4643
2025-06-21 19:05:48,438 [INFO] Epoch 119 | Train Loss: 0.4213 | Val Loss: 7.8602 | Val Acc: 0.5000
2025-06-21 19:05:48,600 [INFO] Epoch 120 | Train Loss: 0.4477 | Val Loss: 7.5106 | Val Acc: 0.4821
2025-06-21 19:05:49,007 [INFO] Epoch 121 | Train Loss: 0.3772 | Val Loss: 7.0411 | Val Acc: 0.4821
2025-06-21 19:05:49,165 [INFO] Epoch 122 | Train Loss: 0.6793 | Val Loss: 6.9470 | Val Acc: 0.4821
2025-06-21 19:05:49,331 [INFO] Epoch 123 | Train Loss: 1.0696 | Val Loss: 7.0928 | Val Acc: 0.4643
2025-06-21 19:05:49,504 [INFO] Epoch 124 | Train Loss: 0.6172 | Val Loss: 6.8038 | Val Acc: 0.4643
2025-06-21 19:05:49,666 [INFO] Epoch 125 | Train Loss: 1.0605 | Val Loss: 7.6929 | Val Acc: 0.4464
2025-06-21 19:05:49,826 [INFO] Epoch 126 | Train Loss: 0.7108 | Val Loss: 7.8686 | Val Acc: 0.4643
2025-06-21 19:05:50,001 [INFO] Epoch 127 | Train Loss: 0.4769 | Val Loss: 8.0695 | Val Acc: 0.4643
2025-06-21 19:05:50,163 [INFO] Epoch 128 | Train Loss: 0.4972 | Val Loss: 8.5845 | Val Acc: 0.4107
2025-06-21 19:05:50,325 [INFO] Epoch 129 | Train Loss: 0.6226 | Val Loss: 8.7536 | Val Acc: 0.5000
2025-06-21 19:05:50,485 [INFO] Epoch 130 | Train Loss: 0.3276 | Val Loss: 8.4067 | Val Acc: 0.4643
2025-06-21 19:05:51,061 [INFO] Epoch 131 | Train Loss: 0.6583 | Val Loss: 8.3528 | Val Acc: 0.4643
2025-06-21 19:05:51,209 [INFO] Epoch 132 | Train Loss: 0.5893 | Val Loss: 7.9514 | Val Acc: 0.4464
2025-06-21 19:05:51,371 [INFO] Epoch 133 | Train Loss: 0.6046 | Val Loss: 7.7920 | Val Acc: 0.5000
2025-06-21 19:05:51,539 [INFO] Epoch 134 | Train Loss: 0.3766 | Val Loss: 7.5945 | Val Acc: 0.5179
2025-06-21 19:05:51,690 [INFO] Epoch 135 | Train Loss: 0.6925 | Val Loss: 7.5330 | Val Acc: 0.5179
2025-06-21 19:05:51,839 [INFO] Epoch 136 | Train Loss: 0.7049 | Val Loss: 7.2326 | Val Acc: 0.4643
2025-06-21 19:05:51,996 [INFO] Epoch 137 | Train Loss: 0.6150 | Val Loss: 8.3725 | Val Acc: 0.4821
2025-06-21 19:05:52,152 [INFO] Epoch 138 | Train Loss: 0.4161 | Val Loss: 7.3075 | Val Acc: 0.4643
2025-06-21 19:05:52,310 [INFO] Epoch 139 | Train Loss: 0.3104 | Val Loss: 7.1189 | Val Acc: 0.4821
2025-06-21 19:05:52,472 [INFO] Epoch 140 | Train Loss: 0.2315 | Val Loss: 7.1699 | Val Acc: 0.4464
2025-06-21 19:05:53,015 [INFO] Epoch 141 | Train Loss: 0.1943 | Val Loss: 7.2575 | Val Acc: 0.5000
2025-06-21 19:05:53,173 [INFO] Epoch 142 | Train Loss: 0.3902 | Val Loss: 7.6546 | Val Acc: 0.5179
2025-06-21 19:05:53,322 [INFO] Epoch 143 | Train Loss: 0.3538 | Val Loss: 7.8026 | Val Acc: 0.5000
2025-06-21 19:05:53,490 [INFO] Epoch 144 | Train Loss: 0.4867 | Val Loss: 8.9093 | Val Acc: 0.4643
2025-06-21 19:05:53,644 [INFO] Epoch 145 | Train Loss: 0.2137 | Val Loss: 8.9653 | Val Acc: 0.5000
2025-06-21 19:05:53,805 [INFO] Epoch 146 | Train Loss: 0.2228 | Val Loss: 8.0377 | Val Acc: 0.5000
2025-06-21 19:05:53,967 [INFO] Epoch 147 | Train Loss: 0.2798 | Val Loss: 7.6465 | Val Acc: 0.4821
2025-06-21 19:05:54,127 [INFO] Epoch 148 | Train Loss: 0.7626 | Val Loss: 6.8184 | Val Acc: 0.5000
2025-06-21 19:05:54,289 [INFO] Epoch 149 | Train Loss: 0.4596 | Val Loss: 7.1273 | Val Acc: 0.4821
2025-06-21 19:05:54,450 [INFO] Epoch 150 | Train Loss: 0.6138 | Val Loss: 8.1003 | Val Acc: 0.5000
2025-06-21 19:05:54,796 [INFO] Best model saved to <built-in function time>/ENZYMES/best/best_source_gin.pth (Val Acc: 0.5536 at epoch 107)
2025-06-21 19:05:54,796 [INFO] Training/validation metrics saved to <built-in function time>/ENZYMES/GIN_0.0001/train_metrics.csv
2025-06-21 19:05:55,074 [INFO] Final training curves saved
2025-06-21 19:05:55,074 [INFO] Training completed!
2025-06-21 19:05:55,074 [INFO] Best validation accuracy: 0.5536
2025-06-21 19:05:55,074 [INFO] Best epoch: 107
2025-06-21 19:05:55,074 [INFO] Total epochs trained: 150
2025-06-21 19:05:55,076 [INFO] Starting training with parameters: (0.0001, 0.3, 512, 4, 150, 0.0001)
