2025-06-22 10:59:30,954 [INFO] Using device: cpu
2025-06-22 10:59:30,954 [INFO] 开始创建数据加载器...
2025-06-22 10:59:30,958 [INFO] Successfully loaded dataset ENZYMES from ./data, total graphs: 600
2025-06-22 10:59:30,958 [INFO] Class allocation analysis:
2025-06-22 10:59:30,958 [INFO]   Source classes: [0, 1, 2, 3]
2025-06-22 10:59:30,958 [INFO]   Target classes: [0, 1, 2, 3, 4, 5]
2025-06-22 10:59:30,958 [INFO]   Overlap classes (to be split): [0, 1, 2, 3]
2025-06-22 10:59:30,958 [INFO]   Target novel classes (unknown): [4, 5]
2025-06-22 10:59:30,972 [INFO]   Class 0: 100 total -> Source: 70, Target: 30
2025-06-22 10:59:30,972 [INFO]   Class 1: 100 total -> Source: 70, Target: 30
2025-06-22 10:59:30,972 [INFO]   Class 2: 100 total -> Source: 70, Target: 30
2025-06-22 10:59:30,973 [INFO]   Class 3: 100 total -> Source: 70, Target: 30
2025-06-22 10:59:30,973 [INFO]   Class 4 (novel/unknown): 100 samples -> Target
2025-06-22 10:59:30,973 [INFO]   Class 5 (novel/unknown): 100 samples -> Target
2025-06-22 10:59:30,973 [INFO] Final allocation:
2025-06-22 10:59:30,973 [INFO]   Source domain: 280 samples
2025-06-22 10:59:30,973 [INFO]   Target domain: 320 samples
2025-06-22 10:59:30,974 [INFO] Source domain setup:
2025-06-22 10:59:30,974 [INFO]   Original classes: [0, 1, 2, 3]
2025-06-22 10:59:30,974 [INFO]   Overlap classes used: [0, 1, 2, 3]
2025-06-22 10:59:30,974 [INFO]   Label mapping: {0: 0, 1: 1, 2: 2, 3: 3}
2025-06-22 10:59:30,974 [INFO]   Total data after allocation: 280
2025-06-22 10:59:30,974 [INFO]   Data split - Train: 224, Val: 56
2025-06-22 10:59:30,974 [INFO]   Train label distribution: {0: 56, 1: 56, 3: 56, 2: 56}
2025-06-22 10:59:30,974 [INFO]   Val label distribution: {1: 14, 2: 14, 0: 14, 3: 14}
2025-06-22 10:59:30,975 [INFO] Successfully loaded dataset ENZYMES from ./data, total graphs: 600
2025-06-22 10:59:30,975 [INFO] Class allocation analysis:
2025-06-22 10:59:30,975 [INFO]   Source classes: [0, 1, 2, 3]
2025-06-22 10:59:30,975 [INFO]   Target classes: [0, 1, 2, 3, 4, 5]
2025-06-22 10:59:30,975 [INFO]   Overlap classes (to be split): [0, 1, 2, 3]
2025-06-22 10:59:30,975 [INFO]   Target novel classes (unknown): [4, 5]
2025-06-22 10:59:30,988 [INFO]   Class 0: 100 total -> Source: 70, Target: 30
2025-06-22 10:59:30,989 [INFO]   Class 1: 100 total -> Source: 70, Target: 30
2025-06-22 10:59:30,989 [INFO]   Class 2: 100 total -> Source: 70, Target: 30
2025-06-22 10:59:30,989 [INFO]   Class 3: 100 total -> Source: 70, Target: 30
2025-06-22 10:59:30,989 [INFO]   Class 4 (novel/unknown): 100 samples -> Target
2025-06-22 10:59:30,989 [INFO]   Class 5 (novel/unknown): 100 samples -> Target
2025-06-22 10:59:30,989 [INFO] Final allocation:
2025-06-22 10:59:30,989 [INFO]   Source domain: 280 samples
2025-06-22 10:59:30,989 [INFO]   Target domain: 320 samples
2025-06-22 10:59:30,991 [INFO] Target domain setup:
2025-06-22 10:59:30,991 [INFO]   Original classes: [0, 1, 2, 3, 4, 5]
2025-06-22 10:59:30,991 [INFO]   Overlap classes: [0, 1, 2, 3]
2025-06-22 10:59:30,991 [INFO]   Novel classes: [4, 5] -> mapped to unknown label 4
2025-06-22 10:59:30,991 [INFO]   Label mapping: {0: 0, 1: 1, 2: 2, 3: 3, 4: 4, 5: 4}
2025-06-22 10:59:30,991 [INFO]   Total data after allocation: 320
2025-06-22 10:59:30,991 [INFO]   Data split - Train: 256, Val: 64
2025-06-22 10:59:30,991 [INFO]   Total count: 320 (known: 120, unknown: 200)
2025-06-22 10:59:30,991 [INFO]   Total label distribution: {4: 200, 3: 30, 0: 30, 1: 30, 2: 30}
2025-06-22 10:59:30,991 [INFO]   Train label distribution: {4: 160, 0: 24, 2: 24, 3: 24, 1: 24}
2025-06-22 10:59:30,991 [INFO]   Val label distribution: {1: 6, 4: 40, 3: 6, 0: 6, 2: 6}
2025-06-22 10:59:30,991 [INFO] 数据加载器创建完成!
2025-06-22 10:59:30,991 [INFO] 源域类别数: 4 (重叠类别)
2025-06-22 10:59:30,991 [INFO] 目标域类别数: 5 (4个重叠类别 + 1个未知类别)
2025-06-22 10:59:30,991 [INFO] 重叠类别: [0, 1, 2, 3]
2025-06-22 10:59:30,991 [INFO] 目标域新类别: [4, 5]
2025-06-22 10:59:30,991 [INFO] Data allocation verification:
2025-06-22 10:59:30,991 [INFO]   Source data samples: 280
2025-06-22 10:59:30,991 [INFO]   Target data samples: 320
2025-06-22 10:59:30,991 [INFO]   Overlapping samples: 0
2025-06-22 10:59:30,991 [INFO]   ✓ Data allocation is correct - no overlapping samples
2025-06-22 10:59:30,993 [INFO] Model initialized with 268804 parameters
2025-06-22 10:59:30,993 [INFO] Previous best validation accuracy read from record.txt: 0.6250
2025-06-22 10:59:30,993 [INFO] Starting training...
2025-06-22 10:59:31,023 [INFO] Epoch 001 | Train Loss: 12.5145 | Val Loss: 10.3665 | Val Acc: 0.3036
2025-06-22 10:59:31,796 [INFO] New best model at epoch 1 (Val Acc: 0.3036)
2025-06-22 10:59:31,818 [INFO] Epoch 002 | Train Loss: 8.9438 | Val Loss: 3.2431 | Val Acc: 0.3929
2025-06-22 10:59:31,823 [INFO] New best model at epoch 2 (Val Acc: 0.3929)
2025-06-22 10:59:31,846 [INFO] Epoch 003 | Train Loss: 9.7385 | Val Loss: 4.7102 | Val Acc: 0.3214
2025-06-22 10:59:31,871 [INFO] Epoch 004 | Train Loss: 8.0265 | Val Loss: 5.7252 | Val Acc: 0.3929
2025-06-22 10:59:31,900 [INFO] Epoch 005 | Train Loss: 7.3352 | Val Loss: 4.8359 | Val Acc: 0.4286
2025-06-22 10:59:31,905 [INFO] New best model at epoch 5 (Val Acc: 0.4286)
2025-06-22 10:59:31,931 [INFO] Epoch 006 | Train Loss: 6.1584 | Val Loss: 3.9544 | Val Acc: 0.3393
2025-06-22 10:59:31,966 [INFO] Epoch 007 | Train Loss: 6.3604 | Val Loss: 6.4058 | Val Acc: 0.3929
2025-06-22 10:59:31,990 [INFO] Epoch 008 | Train Loss: 7.4669 | Val Loss: 3.4170 | Val Acc: 0.3929
2025-06-22 10:59:32,014 [INFO] Epoch 009 | Train Loss: 6.6354 | Val Loss: 5.2791 | Val Acc: 0.3571
2025-06-22 10:59:32,040 [INFO] Epoch 010 | Train Loss: 5.2027 | Val Loss: 3.2798 | Val Acc: 0.3214
2025-06-22 10:59:32,877 [INFO] Epoch 011 | Train Loss: 6.8434 | Val Loss: 3.5823 | Val Acc: 0.2857
2025-06-22 10:59:32,911 [INFO] Epoch 012 | Train Loss: 7.0048 | Val Loss: 4.5161 | Val Acc: 0.2321
2025-06-22 10:59:32,959 [INFO] Epoch 013 | Train Loss: 7.0076 | Val Loss: 2.9578 | Val Acc: 0.3929
2025-06-22 10:59:32,982 [INFO] Epoch 014 | Train Loss: 6.4331 | Val Loss: 3.2987 | Val Acc: 0.2143
2025-06-22 10:59:33,007 [INFO] Epoch 015 | Train Loss: 5.6847 | Val Loss: 3.9586 | Val Acc: 0.3571
2025-06-22 10:59:33,039 [INFO] Epoch 016 | Train Loss: 5.9618 | Val Loss: 3.4475 | Val Acc: 0.3036
2025-06-22 10:59:33,062 [INFO] Epoch 017 | Train Loss: 5.5144 | Val Loss: 3.1266 | Val Acc: 0.3393
2025-06-22 10:59:33,087 [INFO] Epoch 018 | Train Loss: 5.4767 | Val Loss: 3.0754 | Val Acc: 0.2857
2025-06-22 10:59:33,110 [INFO] Epoch 019 | Train Loss: 4.5951 | Val Loss: 3.5142 | Val Acc: 0.3214
2025-06-22 10:59:33,134 [INFO] Epoch 020 | Train Loss: 5.0405 | Val Loss: 3.3410 | Val Acc: 0.3571
2025-06-22 10:59:33,934 [INFO] Epoch 021 | Train Loss: 4.2368 | Val Loss: 3.0560 | Val Acc: 0.3036
2025-06-22 10:59:33,972 [INFO] Epoch 022 | Train Loss: 4.4312 | Val Loss: 2.6934 | Val Acc: 0.3214
2025-06-22 10:59:34,003 [INFO] Epoch 023 | Train Loss: 4.3391 | Val Loss: 2.9146 | Val Acc: 0.2679
2025-06-22 10:59:34,029 [INFO] Epoch 024 | Train Loss: 4.7144 | Val Loss: 2.9357 | Val Acc: 0.2857
2025-06-22 10:59:34,053 [INFO] Epoch 025 | Train Loss: 3.4829 | Val Loss: 3.5097 | Val Acc: 0.3214
2025-06-22 10:59:34,076 [INFO] Epoch 026 | Train Loss: 4.5909 | Val Loss: 2.8987 | Val Acc: 0.3750
2025-06-22 10:59:34,103 [INFO] Epoch 027 | Train Loss: 4.0086 | Val Loss: 2.2575 | Val Acc: 0.3750
2025-06-22 10:59:34,132 [INFO] Epoch 028 | Train Loss: 4.4940 | Val Loss: 2.4141 | Val Acc: 0.3929
2025-06-22 10:59:34,156 [INFO] Epoch 029 | Train Loss: 4.0875 | Val Loss: 2.3425 | Val Acc: 0.3929
2025-06-22 10:59:34,181 [INFO] Epoch 030 | Train Loss: 3.8960 | Val Loss: 3.0275 | Val Acc: 0.2500
2025-06-22 10:59:34,999 [INFO] Epoch 031 | Train Loss: 3.3842 | Val Loss: 2.5738 | Val Acc: 0.3214
2025-06-22 10:59:35,031 [INFO] Epoch 032 | Train Loss: 4.1517 | Val Loss: 3.0265 | Val Acc: 0.4286
2025-06-22 10:59:35,075 [INFO] Epoch 033 | Train Loss: 3.8388 | Val Loss: 2.1193 | Val Acc: 0.3393
2025-06-22 10:59:35,101 [INFO] Epoch 034 | Train Loss: 3.5953 | Val Loss: 2.4370 | Val Acc: 0.3750
2025-06-22 10:59:35,126 [INFO] Epoch 035 | Train Loss: 3.6631 | Val Loss: 2.0934 | Val Acc: 0.4464
2025-06-22 10:59:35,131 [INFO] New best model at epoch 35 (Val Acc: 0.4464)
2025-06-22 10:59:35,153 [INFO] Epoch 036 | Train Loss: 3.3309 | Val Loss: 2.2691 | Val Acc: 0.3214
2025-06-22 10:59:35,184 [INFO] Epoch 037 | Train Loss: 2.9838 | Val Loss: 3.0026 | Val Acc: 0.3214
2025-06-22 10:59:35,209 [INFO] Epoch 038 | Train Loss: 2.8369 | Val Loss: 2.1982 | Val Acc: 0.2143
2025-06-22 10:59:35,233 [INFO] Epoch 039 | Train Loss: 2.9861 | Val Loss: 2.1924 | Val Acc: 0.4107
2025-06-22 10:59:35,266 [INFO] Epoch 040 | Train Loss: 2.9014 | Val Loss: 2.0520 | Val Acc: 0.3393
2025-06-22 10:59:36,094 [INFO] Epoch 041 | Train Loss: 2.8312 | Val Loss: 2.2390 | Val Acc: 0.2857
2025-06-22 10:59:36,132 [INFO] Epoch 042 | Train Loss: 2.5576 | Val Loss: 2.0289 | Val Acc: 0.3393
2025-06-22 10:59:36,163 [INFO] Epoch 043 | Train Loss: 2.8743 | Val Loss: 1.8886 | Val Acc: 0.3393
2025-06-22 10:59:36,191 [INFO] Epoch 044 | Train Loss: 3.0100 | Val Loss: 2.5831 | Val Acc: 0.3036
2025-06-22 10:59:36,215 [INFO] Epoch 045 | Train Loss: 2.6345 | Val Loss: 2.1286 | Val Acc: 0.3393
2025-06-22 10:59:36,240 [INFO] Epoch 046 | Train Loss: 2.9369 | Val Loss: 2.0339 | Val Acc: 0.4107
2025-06-22 10:59:36,264 [INFO] Epoch 047 | Train Loss: 2.7318 | Val Loss: 1.9033 | Val Acc: 0.3393
2025-06-22 10:59:36,286 [INFO] Epoch 048 | Train Loss: 2.8058 | Val Loss: 1.9498 | Val Acc: 0.3393
2025-06-22 10:59:36,310 [INFO] Epoch 049 | Train Loss: 2.4871 | Val Loss: 1.8485 | Val Acc: 0.4464
2025-06-22 10:59:36,333 [INFO] Epoch 050 | Train Loss: 2.6947 | Val Loss: 2.2603 | Val Acc: 0.3393
2025-06-22 10:59:37,203 [INFO] Epoch 051 | Train Loss: 2.4571 | Val Loss: 1.9598 | Val Acc: 0.2857
2025-06-22 10:59:37,233 [INFO] Epoch 052 | Train Loss: 2.7791 | Val Loss: 1.8881 | Val Acc: 0.3036
2025-06-22 10:59:37,263 [INFO] Epoch 053 | Train Loss: 2.9499 | Val Loss: 2.0280 | Val Acc: 0.3214
2025-06-22 10:59:37,291 [INFO] Epoch 054 | Train Loss: 2.5851 | Val Loss: 1.6244 | Val Acc: 0.3214
2025-06-22 10:59:37,317 [INFO] Epoch 055 | Train Loss: 2.2868 | Val Loss: 1.7208 | Val Acc: 0.3393
2025-06-22 10:59:37,341 [INFO] Epoch 056 | Train Loss: 2.4732 | Val Loss: 1.8621 | Val Acc: 0.2857
2025-06-22 10:59:37,395 [INFO] Epoch 057 | Train Loss: 2.5822 | Val Loss: 1.6898 | Val Acc: 0.3750
2025-06-22 10:59:37,436 [INFO] Epoch 058 | Train Loss: 2.4654 | Val Loss: 2.3456 | Val Acc: 0.3571
2025-06-22 10:59:37,465 [INFO] Epoch 059 | Train Loss: 2.7274 | Val Loss: 1.6674 | Val Acc: 0.3750
2025-06-22 10:59:37,498 [INFO] Epoch 060 | Train Loss: 2.6127 | Val Loss: 2.5744 | Val Acc: 0.2321
2025-06-22 10:59:38,321 [INFO] Epoch 061 | Train Loss: 2.6175 | Val Loss: 2.0424 | Val Acc: 0.3393
2025-06-22 10:59:38,352 [INFO] Epoch 062 | Train Loss: 2.3360 | Val Loss: 2.2842 | Val Acc: 0.3571
2025-06-22 10:59:38,382 [INFO] Epoch 063 | Train Loss: 2.3232 | Val Loss: 1.7138 | Val Acc: 0.3571
2025-06-22 10:59:38,421 [INFO] Epoch 064 | Train Loss: 2.3902 | Val Loss: 1.7197 | Val Acc: 0.3750
2025-06-22 10:59:38,446 [INFO] Epoch 065 | Train Loss: 2.6512 | Val Loss: 1.7387 | Val Acc: 0.3393
2025-06-22 10:59:38,472 [INFO] Epoch 066 | Train Loss: 2.3449 | Val Loss: 1.7378 | Val Acc: 0.3929
2025-06-22 10:59:38,515 [INFO] Epoch 067 | Train Loss: 2.1457 | Val Loss: 1.6933 | Val Acc: 0.3214
2025-06-22 10:59:38,543 [INFO] Epoch 068 | Train Loss: 2.0717 | Val Loss: 1.9980 | Val Acc: 0.3750
2025-06-22 10:59:38,571 [INFO] Epoch 069 | Train Loss: 1.9489 | Val Loss: 2.1836 | Val Acc: 0.2857
2025-06-22 10:59:38,600 [INFO] Epoch 070 | Train Loss: 2.1803 | Val Loss: 1.8129 | Val Acc: 0.2857
2025-06-22 10:59:39,432 [INFO] Epoch 071 | Train Loss: 1.9797 | Val Loss: 1.5542 | Val Acc: 0.3929
2025-06-22 10:59:39,470 [INFO] Epoch 072 | Train Loss: 2.2055 | Val Loss: 1.6748 | Val Acc: 0.2857
2025-06-22 10:59:39,500 [INFO] Epoch 073 | Train Loss: 1.7906 | Val Loss: 1.5709 | Val Acc: 0.3750
2025-06-22 10:59:39,527 [INFO] Epoch 074 | Train Loss: 2.1587 | Val Loss: 1.6152 | Val Acc: 0.3750
2025-06-22 10:59:39,554 [INFO] Epoch 075 | Train Loss: 2.0397 | Val Loss: 1.7503 | Val Acc: 0.3214
2025-06-22 10:59:39,587 [INFO] Epoch 076 | Train Loss: 1.9500 | Val Loss: 1.8564 | Val Acc: 0.2857
2025-06-22 10:59:39,613 [INFO] Epoch 077 | Train Loss: 2.3538 | Val Loss: 2.3496 | Val Acc: 0.2500
2025-06-22 10:59:39,636 [INFO] Epoch 078 | Train Loss: 2.3929 | Val Loss: 1.6575 | Val Acc: 0.4286
2025-06-22 10:59:39,659 [INFO] Epoch 079 | Train Loss: 1.9954 | Val Loss: 1.7073 | Val Acc: 0.2857
2025-06-22 10:59:39,697 [INFO] Epoch 080 | Train Loss: 1.9951 | Val Loss: 1.6139 | Val Acc: 0.2857
2025-06-22 10:59:40,521 [INFO] Epoch 081 | Train Loss: 2.2268 | Val Loss: 1.5389 | Val Acc: 0.3750
2025-06-22 10:59:40,552 [INFO] Epoch 082 | Train Loss: 1.8994 | Val Loss: 1.4672 | Val Acc: 0.3214
2025-06-22 10:59:40,593 [INFO] Epoch 083 | Train Loss: 1.7871 | Val Loss: 1.5351 | Val Acc: 0.4286
2025-06-22 10:59:40,618 [INFO] Epoch 084 | Train Loss: 2.2567 | Val Loss: 1.8427 | Val Acc: 0.3393
2025-06-22 10:59:40,645 [INFO] Epoch 085 | Train Loss: 1.9061 | Val Loss: 2.0633 | Val Acc: 0.3036
2025-06-22 10:59:40,672 [INFO] Epoch 086 | Train Loss: 1.8647 | Val Loss: 1.6433 | Val Acc: 0.3571
2025-06-22 10:59:40,700 [INFO] Epoch 087 | Train Loss: 2.0615 | Val Loss: 1.9142 | Val Acc: 0.2857
2025-06-22 10:59:40,730 [INFO] Epoch 088 | Train Loss: 2.0025 | Val Loss: 1.3510 | Val Acc: 0.4821
2025-06-22 10:59:40,735 [INFO] New best model at epoch 88 (Val Acc: 0.4821)
2025-06-22 10:59:40,755 [INFO] Epoch 089 | Train Loss: 1.7690 | Val Loss: 1.6768 | Val Acc: 0.3393
2025-06-22 10:59:40,778 [INFO] Epoch 090 | Train Loss: 2.0524 | Val Loss: 1.6811 | Val Acc: 0.3214
2025-06-22 10:59:41,961 [INFO] Epoch 091 | Train Loss: 1.8663 | Val Loss: 1.6489 | Val Acc: 0.3571
2025-06-22 10:59:41,991 [INFO] Epoch 092 | Train Loss: 1.7242 | Val Loss: 1.4708 | Val Acc: 0.3214
2025-06-22 10:59:42,023 [INFO] Epoch 093 | Train Loss: 1.7637 | Val Loss: 1.6578 | Val Acc: 0.2679
2025-06-22 10:59:42,050 [INFO] Epoch 094 | Train Loss: 1.8921 | Val Loss: 1.4549 | Val Acc: 0.3571
2025-06-22 10:59:42,075 [INFO] Epoch 095 | Train Loss: 2.0199 | Val Loss: 1.5467 | Val Acc: 0.3571
2025-06-22 10:59:42,098 [INFO] Epoch 096 | Train Loss: 1.8490 | Val Loss: 1.6978 | Val Acc: 0.4107
2025-06-22 10:59:42,122 [INFO] Epoch 097 | Train Loss: 2.3139 | Val Loss: 1.6176 | Val Acc: 0.3393
2025-06-22 10:59:42,153 [INFO] Epoch 098 | Train Loss: 2.2467 | Val Loss: 2.1467 | Val Acc: 0.2857
2025-06-22 10:59:42,182 [INFO] Epoch 099 | Train Loss: 1.8351 | Val Loss: 1.7169 | Val Acc: 0.3393
2025-06-22 10:59:42,205 [INFO] Epoch 100 | Train Loss: 1.8755 | Val Loss: 1.5239 | Val Acc: 0.3750
2025-06-22 10:59:45,072 [INFO] Epoch 101 | Train Loss: 1.7872 | Val Loss: 1.4004 | Val Acc: 0.3571
2025-06-22 10:59:45,119 [INFO] Epoch 102 | Train Loss: 1.6964 | Val Loss: 1.3884 | Val Acc: 0.4107
2025-06-22 10:59:45,144 [INFO] Epoch 103 | Train Loss: 1.6763 | Val Loss: 1.5895 | Val Acc: 0.3929
2025-06-22 10:59:45,169 [INFO] Epoch 104 | Train Loss: 1.6987 | Val Loss: 1.7954 | Val Acc: 0.3571
2025-06-22 10:59:45,205 [INFO] Epoch 105 | Train Loss: 2.0861 | Val Loss: 1.5063 | Val Acc: 0.4286
2025-06-22 10:59:45,230 [INFO] Epoch 106 | Train Loss: 2.0178 | Val Loss: 1.4974 | Val Acc: 0.3929
2025-06-22 10:59:45,254 [INFO] Epoch 107 | Train Loss: 2.1207 | Val Loss: 1.9190 | Val Acc: 0.3571
2025-06-22 10:59:45,279 [INFO] Epoch 108 | Train Loss: 2.1460 | Val Loss: 1.6793 | Val Acc: 0.3036
2025-06-22 10:59:45,304 [INFO] Epoch 109 | Train Loss: 2.4013 | Val Loss: 1.9009 | Val Acc: 0.3036
2025-06-22 10:59:45,328 [INFO] Epoch 110 | Train Loss: 2.3640 | Val Loss: 1.8017 | Val Acc: 0.3571
2025-06-22 10:59:47,987 [INFO] Epoch 111 | Train Loss: 2.0131 | Val Loss: 1.5373 | Val Acc: 0.3929
2025-06-22 10:59:48,034 [INFO] Epoch 112 | Train Loss: 1.7974 | Val Loss: 1.6775 | Val Acc: 0.3036
2025-06-22 10:59:48,059 [INFO] Epoch 113 | Train Loss: 1.7570 | Val Loss: 1.6437 | Val Acc: 0.4286
2025-06-22 10:59:48,084 [INFO] Epoch 114 | Train Loss: 2.0136 | Val Loss: 1.7147 | Val Acc: 0.3036
2025-06-22 10:59:48,117 [INFO] Epoch 115 | Train Loss: 1.9345 | Val Loss: 1.4397 | Val Acc: 0.2679
2025-06-22 10:59:48,143 [INFO] Epoch 116 | Train Loss: 1.9876 | Val Loss: 1.6142 | Val Acc: 0.2679
2025-06-22 10:59:48,168 [INFO] Epoch 117 | Train Loss: 1.8916 | Val Loss: 1.3469 | Val Acc: 0.4464
2025-06-22 10:59:48,198 [INFO] Epoch 118 | Train Loss: 2.1409 | Val Loss: 1.3980 | Val Acc: 0.3393
2025-06-22 10:59:48,244 [INFO] Epoch 119 | Train Loss: 1.8835 | Val Loss: 1.5323 | Val Acc: 0.4107
2025-06-22 10:59:48,268 [INFO] Epoch 120 | Train Loss: 1.7878 | Val Loss: 1.5991 | Val Acc: 0.2679
2025-06-22 10:59:49,099 [INFO] Epoch 121 | Train Loss: 1.7559 | Val Loss: 1.2878 | Val Acc: 0.4464
2025-06-22 10:59:49,124 [INFO] Epoch 122 | Train Loss: 1.6219 | Val Loss: 1.4586 | Val Acc: 0.3571
2025-06-22 10:59:49,160 [INFO] Epoch 123 | Train Loss: 2.0172 | Val Loss: 1.4114 | Val Acc: 0.3571
2025-06-22 10:59:49,196 [INFO] Epoch 124 | Train Loss: 1.7507 | Val Loss: 1.5531 | Val Acc: 0.2857
2025-06-22 10:59:49,225 [INFO] Epoch 125 | Train Loss: 1.7427 | Val Loss: 1.5501 | Val Acc: 0.2857
2025-06-22 10:59:49,254 [INFO] Epoch 126 | Train Loss: 1.7800 | Val Loss: 1.5608 | Val Acc: 0.3393
2025-06-22 10:59:49,281 [INFO] Epoch 127 | Train Loss: 1.7160 | Val Loss: 1.5254 | Val Acc: 0.3929
2025-06-22 10:59:49,306 [INFO] Epoch 128 | Train Loss: 1.8782 | Val Loss: 1.4427 | Val Acc: 0.3571
2025-06-22 10:59:49,332 [INFO] Epoch 129 | Train Loss: 1.9500 | Val Loss: 1.6318 | Val Acc: 0.2857
2025-06-22 10:59:49,356 [INFO] Epoch 130 | Train Loss: 1.7874 | Val Loss: 1.6986 | Val Acc: 0.3929
2025-06-22 10:59:50,171 [INFO] Epoch 131 | Train Loss: 1.7644 | Val Loss: 1.3453 | Val Acc: 0.4464
2025-06-22 10:59:50,202 [INFO] Epoch 132 | Train Loss: 1.6805 | Val Loss: 1.4850 | Val Acc: 0.4107
2025-06-22 10:59:50,233 [INFO] Epoch 133 | Train Loss: 1.5660 | Val Loss: 1.6435 | Val Acc: 0.2857
2025-06-22 10:59:50,261 [INFO] Epoch 134 | Train Loss: 1.9405 | Val Loss: 1.4531 | Val Acc: 0.3929
2025-06-22 10:59:50,289 [INFO] Epoch 135 | Train Loss: 1.9285 | Val Loss: 1.2924 | Val Acc: 0.3929
2025-06-22 10:59:50,316 [INFO] Epoch 136 | Train Loss: 1.6393 | Val Loss: 1.4278 | Val Acc: 0.3750
2025-06-22 10:59:50,342 [INFO] Epoch 137 | Train Loss: 1.5552 | Val Loss: 1.3590 | Val Acc: 0.4286
2025-06-22 10:59:50,367 [INFO] Epoch 138 | Train Loss: 1.7103 | Val Loss: 1.4029 | Val Acc: 0.4643
2025-06-22 10:59:50,391 [INFO] Epoch 139 | Train Loss: 1.6734 | Val Loss: 1.5837 | Val Acc: 0.2679
2025-06-22 10:59:50,414 [INFO] Epoch 140 | Train Loss: 1.5886 | Val Loss: 1.6784 | Val Acc: 0.2321
2025-06-22 10:59:51,221 [INFO] Epoch 141 | Train Loss: 1.8245 | Val Loss: 1.6527 | Val Acc: 0.2857
2025-06-22 10:59:51,272 [INFO] Epoch 142 | Train Loss: 1.6472 | Val Loss: 1.5011 | Val Acc: 0.3571
2025-06-22 10:59:51,309 [INFO] Epoch 143 | Train Loss: 1.8470 | Val Loss: 1.4681 | Val Acc: 0.3571
2025-06-22 10:59:51,336 [INFO] Epoch 144 | Train Loss: 1.7932 | Val Loss: 1.3959 | Val Acc: 0.4107
2025-06-22 10:59:51,364 [INFO] Epoch 145 | Train Loss: 1.6486 | Val Loss: 1.3595 | Val Acc: 0.4286
2025-06-22 10:59:51,389 [INFO] Epoch 146 | Train Loss: 1.7136 | Val Loss: 1.5726 | Val Acc: 0.3393
2025-06-22 10:59:51,412 [INFO] Epoch 147 | Train Loss: 1.6739 | Val Loss: 1.4591 | Val Acc: 0.3393
2025-06-22 10:59:51,435 [INFO] Epoch 148 | Train Loss: 1.8259 | Val Loss: 1.6300 | Val Acc: 0.3393
2025-06-22 10:59:51,460 [INFO] Epoch 149 | Train Loss: 1.8068 | Val Loss: 1.6079 | Val Acc: 0.3036
2025-06-22 10:59:51,517 [INFO] Epoch 150 | Train Loss: 1.8289 | Val Loss: 1.7434 | Val Acc: 0.3036
2025-06-22 10:59:52,326 [INFO] Best model saved to <built-in function time>/ENZYMES/best/best_source_gin.pth (Val Acc: 0.4821 at epoch 88)
2025-06-22 10:59:52,327 [INFO] Training/validation metrics saved to <built-in function time>/ENZYMES/GIN_0.001/train_metrics.csv
2025-06-22 10:59:53,235 [INFO] Final training curves saved
2025-06-22 10:59:53,235 [INFO] Training completed!
2025-06-22 10:59:53,235 [INFO] Best validation accuracy: 0.4821
2025-06-22 10:59:53,235 [INFO] Best epoch: 88
2025-06-22 10:59:53,235 [INFO] Total epochs trained: 150
2025-06-22 10:59:53,236 [INFO] Starting training with parameters: (0.001, 0.5, 512, 1, 300, 0.0)
