2025-06-20 18:59:30,685 [INFO] Using device: cpu
2025-06-20 18:59:30,685 [INFO] 开始创建数据加载器...
2025-06-20 18:59:30,687 [INFO] Successfully loaded dataset ENZYMES from ./data, total graphs: 600
2025-06-20 18:59:30,687 [INFO] Class allocation analysis:
2025-06-20 18:59:30,687 [INFO]   Source classes: [0, 1, 2, 3]
2025-06-20 18:59:30,687 [INFO]   Target classes: [0, 1, 2, 3, 4, 5]
2025-06-20 18:59:30,687 [INFO]   Overlap classes (to be split): [0, 1, 2, 3]
2025-06-20 18:59:30,687 [INFO]   Target novel classes (unknown): [4, 5]
2025-06-20 18:59:30,703 [INFO]   Class 0: 100 total -> Source: 70, Target: 30
2025-06-20 18:59:30,704 [INFO]   Class 1: 100 total -> Source: 70, Target: 30
2025-06-20 18:59:30,704 [INFO]   Class 2: 100 total -> Source: 70, Target: 30
2025-06-20 18:59:30,704 [INFO]   Class 3: 100 total -> Source: 70, Target: 30
2025-06-20 18:59:30,704 [INFO]   Class 4 (novel/unknown): 100 samples -> Target
2025-06-20 18:59:30,704 [INFO]   Class 5 (novel/unknown): 100 samples -> Target
2025-06-20 18:59:30,704 [INFO] Final allocation:
2025-06-20 18:59:30,704 [INFO]   Source domain: 280 samples
2025-06-20 18:59:30,704 [INFO]   Target domain: 320 samples
2025-06-20 18:59:30,706 [INFO] Source domain setup:
2025-06-20 18:59:30,706 [INFO]   Original classes: [0, 1, 2, 3]
2025-06-20 18:59:30,706 [INFO]   Overlap classes used: [0, 1, 2, 3]
2025-06-20 18:59:30,706 [INFO]   Label mapping: {0: 0, 1: 1, 2: 2, 3: 3}
2025-06-20 18:59:30,706 [INFO]   Total data after allocation: 280
2025-06-20 18:59:30,706 [INFO]   Data split - Train: 224, Val: 56
2025-06-20 18:59:30,706 [INFO]   Train label distribution: {0: 56, 1: 56, 3: 56, 2: 56}
2025-06-20 18:59:30,706 [INFO]   Val label distribution: {1: 14, 2: 14, 0: 14, 3: 14}
2025-06-20 18:59:30,707 [INFO] Successfully loaded dataset ENZYMES from ./data, total graphs: 600
2025-06-20 18:59:30,707 [INFO] Class allocation analysis:
2025-06-20 18:59:30,707 [INFO]   Source classes: [0, 1, 2, 3]
2025-06-20 18:59:30,707 [INFO]   Target classes: [0, 1, 2, 3, 4, 5]
2025-06-20 18:59:30,707 [INFO]   Overlap classes (to be split): [0, 1, 2, 3]
2025-06-20 18:59:30,708 [INFO]   Target novel classes (unknown): [4, 5]
2025-06-20 18:59:30,723 [INFO]   Class 0: 100 total -> Source: 70, Target: 30
2025-06-20 18:59:30,723 [INFO]   Class 1: 100 total -> Source: 70, Target: 30
2025-06-20 18:59:30,723 [INFO]   Class 2: 100 total -> Source: 70, Target: 30
2025-06-20 18:59:30,723 [INFO]   Class 3: 100 total -> Source: 70, Target: 30
2025-06-20 18:59:30,723 [INFO]   Class 4 (novel/unknown): 100 samples -> Target
2025-06-20 18:59:30,723 [INFO]   Class 5 (novel/unknown): 100 samples -> Target
2025-06-20 18:59:30,724 [INFO] Final allocation:
2025-06-20 18:59:30,724 [INFO]   Source domain: 280 samples
2025-06-20 18:59:30,724 [INFO]   Target domain: 320 samples
2025-06-20 18:59:30,726 [INFO] Target domain setup:
2025-06-20 18:59:30,726 [INFO]   Original classes: [0, 1, 2, 3, 4, 5]
2025-06-20 18:59:30,726 [INFO]   Overlap classes: [0, 1, 2, 3]
2025-06-20 18:59:30,726 [INFO]   Novel classes: [4, 5] -> mapped to unknown label 4
2025-06-20 18:59:30,726 [INFO]   Label mapping: {0: 0, 1: 1, 2: 2, 3: 3, 4: 4, 5: 4}
2025-06-20 18:59:30,726 [INFO]   Total data after allocation: 320
2025-06-20 18:59:30,726 [INFO]   Data split - Train: 256, Val: 64
2025-06-20 18:59:30,726 [INFO]   Total count: 320 (known: 120, unknown: 200)
2025-06-20 18:59:30,726 [INFO]   Total label distribution: {4: 200, 3: 30, 0: 30, 1: 30, 2: 30}
2025-06-20 18:59:30,726 [INFO]   Train label distribution: {4: 160, 0: 24, 2: 24, 3: 24, 1: 24}
2025-06-20 18:59:30,726 [INFO]   Val label distribution: {1: 6, 4: 40, 3: 6, 0: 6, 2: 6}
2025-06-20 18:59:30,726 [INFO] 数据加载器创建完成!
2025-06-20 18:59:30,726 [INFO] 源域类别数: 4 (重叠类别)
2025-06-20 18:59:30,726 [INFO] 目标域类别数: 5 (4个重叠类别 + 1个未知类别)
2025-06-20 18:59:30,726 [INFO] 重叠类别: [0, 1, 2, 3]
2025-06-20 18:59:30,726 [INFO] 目标域新类别: [4, 5]
2025-06-20 18:59:30,727 [INFO] Data allocation verification:
2025-06-20 18:59:30,727 [INFO]   Source data samples: 280
2025-06-20 18:59:30,727 [INFO]   Target data samples: 320
2025-06-20 18:59:30,727 [INFO]   Overlapping samples: 0
2025-06-20 18:59:30,727 [INFO]   ✓ Data allocation is correct - no overlapping samples
2025-06-20 18:59:30,727 [INFO] Model initialized with 4932 parameters
2025-06-20 18:59:30,728 [INFO] Previous best validation accuracy read from record.txt: 0.6250
2025-06-20 18:59:30,728 [INFO] Starting training...
2025-06-20 18:59:30,741 [INFO] Epoch 001 | Train Loss: 7.4395 | Val Loss: 4.6885 | Val Acc: 0.2679
2025-06-20 18:59:30,888 [INFO] New best model at epoch 1 (Val Acc: 0.2679)
2025-06-20 18:59:30,902 [INFO] Epoch 002 | Train Loss: 7.5766 | Val Loss: 3.5242 | Val Acc: 0.3036
2025-06-20 18:59:30,904 [INFO] New best model at epoch 2 (Val Acc: 0.3036)
2025-06-20 18:59:30,916 [INFO] Epoch 003 | Train Loss: 5.9621 | Val Loss: 3.1593 | Val Acc: 0.3036
2025-06-20 18:59:30,931 [INFO] Epoch 004 | Train Loss: 5.5030 | Val Loss: 3.1080 | Val Acc: 0.3036
2025-06-20 18:59:30,945 [INFO] Epoch 005 | Train Loss: 4.6430 | Val Loss: 3.0552 | Val Acc: 0.3393
2025-06-20 18:59:30,947 [INFO] New best model at epoch 5 (Val Acc: 0.3393)
2025-06-20 18:59:30,958 [INFO] Epoch 006 | Train Loss: 5.2237 | Val Loss: 2.8591 | Val Acc: 0.3571
2025-06-20 18:59:30,960 [INFO] New best model at epoch 6 (Val Acc: 0.3571)
2025-06-20 18:59:30,971 [INFO] Epoch 007 | Train Loss: 4.8627 | Val Loss: 2.5562 | Val Acc: 0.3571
2025-06-20 18:59:30,984 [INFO] Epoch 008 | Train Loss: 4.9943 | Val Loss: 2.3528 | Val Acc: 0.3571
2025-06-20 18:59:30,997 [INFO] Epoch 009 | Train Loss: 4.4747 | Val Loss: 2.1062 | Val Acc: 0.3393
2025-06-20 18:59:31,009 [INFO] Epoch 010 | Train Loss: 4.2169 | Val Loss: 1.9397 | Val Acc: 0.3393
2025-06-20 18:59:31,169 [INFO] Epoch 011 | Train Loss: 4.7445 | Val Loss: 1.8844 | Val Acc: 0.3393
2025-06-20 18:59:31,186 [INFO] Epoch 012 | Train Loss: 4.5940 | Val Loss: 1.9613 | Val Acc: 0.3214
2025-06-20 18:59:31,200 [INFO] Epoch 013 | Train Loss: 4.0103 | Val Loss: 1.9619 | Val Acc: 0.2857
2025-06-20 18:59:31,214 [INFO] Epoch 014 | Train Loss: 4.0670 | Val Loss: 1.9249 | Val Acc: 0.2679
2025-06-20 18:59:31,227 [INFO] Epoch 015 | Train Loss: 4.8625 | Val Loss: 1.9898 | Val Acc: 0.3036
2025-06-20 18:59:31,239 [INFO] Epoch 016 | Train Loss: 3.9311 | Val Loss: 2.0470 | Val Acc: 0.2857
2025-06-20 18:59:31,253 [INFO] Epoch 017 | Train Loss: 4.0191 | Val Loss: 2.0833 | Val Acc: 0.2679
2025-06-20 18:59:31,265 [INFO] Epoch 018 | Train Loss: 4.5864 | Val Loss: 2.0791 | Val Acc: 0.3036
2025-06-20 18:59:31,277 [INFO] Epoch 019 | Train Loss: 3.9173 | Val Loss: 2.0906 | Val Acc: 0.2857
2025-06-20 18:59:31,290 [INFO] Epoch 020 | Train Loss: 4.1180 | Val Loss: 2.0480 | Val Acc: 0.2857
2025-06-20 18:59:31,460 [INFO] Epoch 021 | Train Loss: 4.2468 | Val Loss: 2.0942 | Val Acc: 0.2857
2025-06-20 18:59:31,472 [INFO] Epoch 022 | Train Loss: 3.8249 | Val Loss: 2.0877 | Val Acc: 0.2857
2025-06-20 18:59:31,484 [INFO] Epoch 023 | Train Loss: 4.7081 | Val Loss: 2.0937 | Val Acc: 0.2857
2025-06-20 18:59:31,497 [INFO] Epoch 024 | Train Loss: 3.7532 | Val Loss: 2.0471 | Val Acc: 0.3214
2025-06-20 18:59:31,514 [INFO] Epoch 025 | Train Loss: 3.9028 | Val Loss: 1.9996 | Val Acc: 0.3214
2025-06-20 18:59:31,528 [INFO] Epoch 026 | Train Loss: 3.5926 | Val Loss: 1.9832 | Val Acc: 0.3214
2025-06-20 18:59:31,541 [INFO] Epoch 027 | Train Loss: 4.3719 | Val Loss: 1.9829 | Val Acc: 0.3214
2025-06-20 18:59:31,554 [INFO] Epoch 028 | Train Loss: 4.6739 | Val Loss: 1.9235 | Val Acc: 0.3393
2025-06-20 18:59:31,566 [INFO] Epoch 029 | Train Loss: 3.9508 | Val Loss: 1.8941 | Val Acc: 0.3393
2025-06-20 18:59:31,578 [INFO] Epoch 030 | Train Loss: 3.9518 | Val Loss: 1.9168 | Val Acc: 0.3214
2025-06-20 18:59:31,735 [INFO] Epoch 031 | Train Loss: 3.5078 | Val Loss: 1.9547 | Val Acc: 0.3214
2025-06-20 18:59:31,749 [INFO] Epoch 032 | Train Loss: 4.1168 | Val Loss: 1.9731 | Val Acc: 0.3036
2025-06-20 18:59:31,761 [INFO] Epoch 033 | Train Loss: 3.8761 | Val Loss: 1.9119 | Val Acc: 0.3036
2025-06-20 18:59:31,774 [INFO] Epoch 034 | Train Loss: 4.0396 | Val Loss: 1.9389 | Val Acc: 0.3214
2025-06-20 18:59:31,786 [INFO] Epoch 035 | Train Loss: 4.1996 | Val Loss: 1.9477 | Val Acc: 0.3214
2025-06-20 18:59:31,799 [INFO] Epoch 036 | Train Loss: 4.2773 | Val Loss: 2.0125 | Val Acc: 0.3214
2025-06-20 18:59:31,812 [INFO] Epoch 037 | Train Loss: 3.7131 | Val Loss: 2.0543 | Val Acc: 0.3393
2025-06-20 18:59:31,823 [INFO] Epoch 038 | Train Loss: 4.4068 | Val Loss: 2.0442 | Val Acc: 0.3393
2025-06-20 18:59:31,836 [INFO] Epoch 039 | Train Loss: 3.4662 | Val Loss: 2.0292 | Val Acc: 0.3214
2025-06-20 18:59:31,847 [INFO] Epoch 040 | Train Loss: 3.6176 | Val Loss: 2.0654 | Val Acc: 0.3214
2025-06-20 18:59:32,004 [INFO] Epoch 041 | Train Loss: 3.7058 | Val Loss: 2.1720 | Val Acc: 0.3393
2025-06-20 18:59:32,017 [INFO] Epoch 042 | Train Loss: 4.4115 | Val Loss: 2.1784 | Val Acc: 0.3393
2025-06-20 18:59:32,032 [INFO] Epoch 043 | Train Loss: 3.5044 | Val Loss: 2.0433 | Val Acc: 0.3571
2025-06-20 18:59:32,048 [INFO] Epoch 044 | Train Loss: 4.2573 | Val Loss: 1.8419 | Val Acc: 0.3750
2025-06-20 18:59:32,049 [INFO] New best model at epoch 44 (Val Acc: 0.3750)
2025-06-20 18:59:32,060 [INFO] Epoch 045 | Train Loss: 3.7592 | Val Loss: 1.8087 | Val Acc: 0.3750
2025-06-20 18:59:32,071 [INFO] Epoch 046 | Train Loss: 3.4951 | Val Loss: 1.7732 | Val Acc: 0.3750
2025-06-20 18:59:32,082 [INFO] Epoch 047 | Train Loss: 3.8241 | Val Loss: 1.8209 | Val Acc: 0.3393
2025-06-20 18:59:32,093 [INFO] Epoch 048 | Train Loss: 3.7731 | Val Loss: 1.7833 | Val Acc: 0.3750
2025-06-20 18:59:32,105 [INFO] Epoch 049 | Train Loss: 3.5982 | Val Loss: 1.7696 | Val Acc: 0.3929
2025-06-20 18:59:32,106 [INFO] New best model at epoch 49 (Val Acc: 0.3929)
2025-06-20 18:59:32,116 [INFO] Epoch 050 | Train Loss: 4.1044 | Val Loss: 1.7991 | Val Acc: 0.3571
2025-06-20 18:59:32,357 [INFO] Epoch 051 | Train Loss: 3.3370 | Val Loss: 1.8916 | Val Acc: 0.3214
2025-06-20 18:59:32,368 [INFO] Epoch 052 | Train Loss: 4.0015 | Val Loss: 1.8996 | Val Acc: 0.3214
2025-06-20 18:59:32,380 [INFO] Epoch 053 | Train Loss: 4.0378 | Val Loss: 1.9022 | Val Acc: 0.3214
2025-06-20 18:59:32,392 [INFO] Epoch 054 | Train Loss: 3.6683 | Val Loss: 1.9776 | Val Acc: 0.3393
2025-06-20 18:59:32,403 [INFO] Epoch 055 | Train Loss: 3.7475 | Val Loss: 1.9785 | Val Acc: 0.3393
2025-06-20 18:59:32,415 [INFO] Epoch 056 | Train Loss: 3.6754 | Val Loss: 1.9543 | Val Acc: 0.3750
2025-06-20 18:59:32,426 [INFO] Epoch 057 | Train Loss: 3.2465 | Val Loss: 1.8645 | Val Acc: 0.3571
2025-06-20 18:59:32,437 [INFO] Epoch 058 | Train Loss: 3.6114 | Val Loss: 1.7987 | Val Acc: 0.3571
2025-06-20 18:59:32,448 [INFO] Epoch 059 | Train Loss: 3.6118 | Val Loss: 1.8439 | Val Acc: 0.3393
2025-06-20 18:59:32,459 [INFO] Epoch 060 | Train Loss: 3.4268 | Val Loss: 1.8463 | Val Acc: 0.3571
2025-06-20 18:59:32,619 [INFO] Epoch 061 | Train Loss: 3.8421 | Val Loss: 1.8618 | Val Acc: 0.3750
2025-06-20 18:59:32,634 [INFO] Epoch 062 | Train Loss: 3.4088 | Val Loss: 1.8787 | Val Acc: 0.3750
2025-06-20 18:59:32,651 [INFO] Epoch 063 | Train Loss: 3.3015 | Val Loss: 1.8830 | Val Acc: 0.3929
2025-06-20 18:59:32,663 [INFO] Epoch 064 | Train Loss: 3.6681 | Val Loss: 1.9237 | Val Acc: 0.3750
2025-06-20 18:59:32,674 [INFO] Epoch 065 | Train Loss: 3.5826 | Val Loss: 1.9006 | Val Acc: 0.3750
2025-06-20 18:59:32,686 [INFO] Epoch 066 | Train Loss: 3.5514 | Val Loss: 1.9016 | Val Acc: 0.3750
2025-06-20 18:59:32,698 [INFO] Epoch 067 | Train Loss: 3.3295 | Val Loss: 1.8540 | Val Acc: 0.3750
2025-06-20 18:59:32,708 [INFO] Epoch 068 | Train Loss: 3.7061 | Val Loss: 1.8931 | Val Acc: 0.3929
2025-06-20 18:59:32,720 [INFO] Epoch 069 | Train Loss: 3.4156 | Val Loss: 1.9233 | Val Acc: 0.3750
2025-06-20 18:59:32,731 [INFO] Epoch 070 | Train Loss: 3.3537 | Val Loss: 1.9846 | Val Acc: 0.3750
2025-06-20 18:59:32,937 [INFO] Epoch 071 | Train Loss: 3.4320 | Val Loss: 1.9946 | Val Acc: 0.3750
2025-06-20 18:59:32,950 [INFO] Epoch 072 | Train Loss: 3.0831 | Val Loss: 1.9961 | Val Acc: 0.3750
2025-06-20 18:59:32,963 [INFO] Epoch 073 | Train Loss: 3.1733 | Val Loss: 1.9610 | Val Acc: 0.3750
2025-06-20 18:59:32,978 [INFO] Epoch 074 | Train Loss: 3.4696 | Val Loss: 1.9739 | Val Acc: 0.3750
2025-06-20 18:59:32,992 [INFO] Epoch 075 | Train Loss: 3.7222 | Val Loss: 1.8802 | Val Acc: 0.3929
2025-06-20 18:59:33,009 [INFO] Epoch 076 | Train Loss: 3.3948 | Val Loss: 1.9047 | Val Acc: 0.3750
2025-06-20 18:59:33,022 [INFO] Epoch 077 | Train Loss: 3.3302 | Val Loss: 1.9331 | Val Acc: 0.3571
2025-06-20 18:59:33,106 [INFO] Epoch 078 | Train Loss: 3.4238 | Val Loss: 1.9545 | Val Acc: 0.3571
2025-06-20 18:59:33,131 [INFO] Epoch 079 | Train Loss: 3.3472 | Val Loss: 1.9950 | Val Acc: 0.3750
2025-06-20 18:59:33,147 [INFO] Epoch 080 | Train Loss: 3.2360 | Val Loss: 2.0087 | Val Acc: 0.3750
2025-06-20 18:59:33,317 [INFO] Epoch 081 | Train Loss: 3.3091 | Val Loss: 1.9803 | Val Acc: 0.3750
2025-06-20 18:59:33,331 [INFO] Epoch 082 | Train Loss: 3.1611 | Val Loss: 1.9853 | Val Acc: 0.3750
2025-06-20 18:59:33,344 [INFO] Epoch 083 | Train Loss: 3.5552 | Val Loss: 1.9508 | Val Acc: 0.3750
2025-06-20 18:59:33,357 [INFO] Epoch 084 | Train Loss: 3.5945 | Val Loss: 1.8725 | Val Acc: 0.4107
2025-06-20 18:59:33,359 [INFO] New best model at epoch 84 (Val Acc: 0.4107)
2025-06-20 18:59:33,372 [INFO] Epoch 085 | Train Loss: 3.2898 | Val Loss: 1.8951 | Val Acc: 0.3750
2025-06-20 18:59:33,384 [INFO] Epoch 086 | Train Loss: 3.6002 | Val Loss: 1.9013 | Val Acc: 0.4107
2025-06-20 18:59:33,396 [INFO] Epoch 087 | Train Loss: 3.5353 | Val Loss: 1.8897 | Val Acc: 0.3571
2025-06-20 18:59:33,410 [INFO] Epoch 088 | Train Loss: 3.5544 | Val Loss: 1.8560 | Val Acc: 0.3393
2025-06-20 18:59:33,422 [INFO] Epoch 089 | Train Loss: 3.3303 | Val Loss: 1.8710 | Val Acc: 0.3750
2025-06-20 18:59:33,433 [INFO] Epoch 090 | Train Loss: 3.4474 | Val Loss: 1.9094 | Val Acc: 0.3571
2025-06-20 18:59:33,583 [INFO] Epoch 091 | Train Loss: 3.3622 | Val Loss: 1.9092 | Val Acc: 0.3929
2025-06-20 18:59:33,606 [INFO] Epoch 092 | Train Loss: 3.7209 | Val Loss: 1.9675 | Val Acc: 0.3929
2025-06-20 18:59:33,658 [INFO] Epoch 093 | Train Loss: 3.3111 | Val Loss: 1.8418 | Val Acc: 0.3393
2025-06-20 18:59:33,679 [INFO] Epoch 094 | Train Loss: 3.4520 | Val Loss: 1.7922 | Val Acc: 0.3571
2025-06-20 18:59:33,695 [INFO] Epoch 095 | Train Loss: 3.1544 | Val Loss: 1.8056 | Val Acc: 0.3750
2025-06-20 18:59:33,709 [INFO] Epoch 096 | Train Loss: 3.0521 | Val Loss: 1.8417 | Val Acc: 0.3571
2025-06-20 18:59:33,722 [INFO] Epoch 097 | Train Loss: 3.3157 | Val Loss: 1.8301 | Val Acc: 0.3750
2025-06-20 18:59:33,734 [INFO] Epoch 098 | Train Loss: 3.6887 | Val Loss: 1.8580 | Val Acc: 0.3929
2025-06-20 18:59:33,746 [INFO] Epoch 099 | Train Loss: 2.9808 | Val Loss: 1.8609 | Val Acc: 0.3929
2025-06-20 18:59:33,761 [INFO] Epoch 100 | Train Loss: 3.0657 | Val Loss: 1.9255 | Val Acc: 0.3393
2025-06-20 18:59:33,908 [INFO] Epoch 101 | Train Loss: 3.2297 | Val Loss: 1.9341 | Val Acc: 0.3036
2025-06-20 18:59:33,922 [INFO] Epoch 102 | Train Loss: 3.1306 | Val Loss: 1.9330 | Val Acc: 0.3214
2025-06-20 18:59:33,936 [INFO] Epoch 103 | Train Loss: 3.2287 | Val Loss: 1.8966 | Val Acc: 0.3571
2025-06-20 18:59:33,948 [INFO] Epoch 104 | Train Loss: 2.6995 | Val Loss: 1.8742 | Val Acc: 0.3929
2025-06-20 18:59:33,960 [INFO] Epoch 105 | Train Loss: 3.1474 | Val Loss: 1.8901 | Val Acc: 0.3929
2025-06-20 18:59:33,972 [INFO] Epoch 106 | Train Loss: 2.7872 | Val Loss: 1.8964 | Val Acc: 0.3750
2025-06-20 18:59:33,983 [INFO] Epoch 107 | Train Loss: 3.1908 | Val Loss: 1.9306 | Val Acc: 0.3393
2025-06-20 18:59:33,996 [INFO] Epoch 108 | Train Loss: 2.7547 | Val Loss: 1.9461 | Val Acc: 0.3750
2025-06-20 18:59:34,012 [INFO] Epoch 109 | Train Loss: 3.2209 | Val Loss: 1.9279 | Val Acc: 0.3929
2025-06-20 18:59:34,029 [INFO] Epoch 110 | Train Loss: 3.1020 | Val Loss: 1.9129 | Val Acc: 0.3929
2025-06-20 18:59:34,210 [INFO] Epoch 111 | Train Loss: 3.2604 | Val Loss: 1.9338 | Val Acc: 0.3571
2025-06-20 18:59:34,222 [INFO] Epoch 112 | Train Loss: 3.1054 | Val Loss: 1.9573 | Val Acc: 0.3750
2025-06-20 18:59:34,237 [INFO] Epoch 113 | Train Loss: 3.4185 | Val Loss: 1.9654 | Val Acc: 0.3929
2025-06-20 18:59:34,249 [INFO] Epoch 114 | Train Loss: 3.0173 | Val Loss: 2.0450 | Val Acc: 0.3929
2025-06-20 18:59:34,262 [INFO] Epoch 115 | Train Loss: 3.4759 | Val Loss: 2.0121 | Val Acc: 0.3750
2025-06-20 18:59:34,275 [INFO] Epoch 116 | Train Loss: 3.3072 | Val Loss: 1.9256 | Val Acc: 0.3929
2025-06-20 18:59:34,286 [INFO] Epoch 117 | Train Loss: 3.2320 | Val Loss: 1.8794 | Val Acc: 0.3750
2025-06-20 18:59:34,298 [INFO] Epoch 118 | Train Loss: 2.9120 | Val Loss: 1.9058 | Val Acc: 0.3571
2025-06-20 18:59:34,309 [INFO] Epoch 119 | Train Loss: 2.8421 | Val Loss: 1.9388 | Val Acc: 0.3571
2025-06-20 18:59:34,321 [INFO] Epoch 120 | Train Loss: 2.8562 | Val Loss: 1.9595 | Val Acc: 0.3571
2025-06-20 18:59:34,476 [INFO] Epoch 121 | Train Loss: 3.1232 | Val Loss: 1.9280 | Val Acc: 0.3929
2025-06-20 18:59:34,488 [INFO] Epoch 122 | Train Loss: 2.7926 | Val Loss: 1.9115 | Val Acc: 0.4107
2025-06-20 18:59:34,501 [INFO] Epoch 123 | Train Loss: 3.2256 | Val Loss: 1.9223 | Val Acc: 0.4286
2025-06-20 18:59:34,503 [INFO] New best model at epoch 123 (Val Acc: 0.4286)
2025-06-20 18:59:34,514 [INFO] Epoch 124 | Train Loss: 2.9454 | Val Loss: 1.9117 | Val Acc: 0.4286
2025-06-20 18:59:34,526 [INFO] Epoch 125 | Train Loss: 2.8605 | Val Loss: 1.8996 | Val Acc: 0.4464
2025-06-20 18:59:34,528 [INFO] New best model at epoch 125 (Val Acc: 0.4464)
2025-06-20 18:59:34,539 [INFO] Epoch 126 | Train Loss: 3.1240 | Val Loss: 1.8643 | Val Acc: 0.4286
2025-06-20 18:59:34,552 [INFO] Epoch 127 | Train Loss: 3.5344 | Val Loss: 1.8492 | Val Acc: 0.4286
2025-06-20 18:59:34,563 [INFO] Epoch 128 | Train Loss: 2.9398 | Val Loss: 1.8654 | Val Acc: 0.4286
2025-06-20 18:59:34,577 [INFO] Epoch 129 | Train Loss: 3.4811 | Val Loss: 1.9110 | Val Acc: 0.4643
2025-06-20 18:59:34,578 [INFO] New best model at epoch 129 (Val Acc: 0.4643)
2025-06-20 18:59:34,589 [INFO] Epoch 130 | Train Loss: 3.0261 | Val Loss: 1.9000 | Val Acc: 0.5000
2025-06-20 18:59:34,727 [INFO] New best model at epoch 130 (Val Acc: 0.5000)
2025-06-20 18:59:34,745 [INFO] Epoch 131 | Train Loss: 2.7268 | Val Loss: 1.8808 | Val Acc: 0.4643
2025-06-20 18:59:34,757 [INFO] Epoch 132 | Train Loss: 2.9852 | Val Loss: 1.8885 | Val Acc: 0.4107
2025-06-20 18:59:34,768 [INFO] Epoch 133 | Train Loss: 2.8753 | Val Loss: 1.8451 | Val Acc: 0.4464
2025-06-20 18:59:34,781 [INFO] Epoch 134 | Train Loss: 2.6385 | Val Loss: 1.8581 | Val Acc: 0.4464
2025-06-20 18:59:34,794 [INFO] Epoch 135 | Train Loss: 2.4556 | Val Loss: 1.7958 | Val Acc: 0.4643
2025-06-20 18:59:34,827 [INFO] Epoch 136 | Train Loss: 3.0560 | Val Loss: 1.8126 | Val Acc: 0.4107
2025-06-20 18:59:34,842 [INFO] Epoch 137 | Train Loss: 2.8380 | Val Loss: 1.8030 | Val Acc: 0.4643
2025-06-20 18:59:34,856 [INFO] Epoch 138 | Train Loss: 3.1324 | Val Loss: 1.8028 | Val Acc: 0.4286
2025-06-20 18:59:34,868 [INFO] Epoch 139 | Train Loss: 2.6571 | Val Loss: 1.7484 | Val Acc: 0.4821
2025-06-20 18:59:34,881 [INFO] Epoch 140 | Train Loss: 2.6100 | Val Loss: 1.7321 | Val Acc: 0.5000
2025-06-20 18:59:35,037 [INFO] Epoch 141 | Train Loss: 3.2432 | Val Loss: 1.7760 | Val Acc: 0.4643
2025-06-20 18:59:35,049 [INFO] Epoch 142 | Train Loss: 2.7870 | Val Loss: 1.8001 | Val Acc: 0.4464
2025-06-20 18:59:35,061 [INFO] Epoch 143 | Train Loss: 2.7973 | Val Loss: 1.8315 | Val Acc: 0.4107
2025-06-20 18:59:35,074 [INFO] Epoch 144 | Train Loss: 2.8966 | Val Loss: 1.8829 | Val Acc: 0.4107
2025-06-20 18:59:35,086 [INFO] Epoch 145 | Train Loss: 2.7319 | Val Loss: 1.8950 | Val Acc: 0.4107
2025-06-20 18:59:35,098 [INFO] Epoch 146 | Train Loss: 3.1270 | Val Loss: 1.8536 | Val Acc: 0.4464
2025-06-20 18:59:35,110 [INFO] Epoch 147 | Train Loss: 2.6690 | Val Loss: 1.8167 | Val Acc: 0.4643
2025-06-20 18:59:35,121 [INFO] Epoch 148 | Train Loss: 2.7501 | Val Loss: 1.8226 | Val Acc: 0.4643
2025-06-20 18:59:35,133 [INFO] Epoch 149 | Train Loss: 2.9772 | Val Loss: 1.8275 | Val Acc: 0.4286
2025-06-20 18:59:35,151 [INFO] Epoch 150 | Train Loss: 2.7118 | Val Loss: 1.8218 | Val Acc: 0.4464
2025-06-20 18:59:35,310 [INFO] Epoch 151 | Train Loss: 2.9061 | Val Loss: 1.8673 | Val Acc: 0.4107
2025-06-20 18:59:35,322 [INFO] Epoch 152 | Train Loss: 3.1613 | Val Loss: 1.8576 | Val Acc: 0.3929
2025-06-20 18:59:35,334 [INFO] Epoch 153 | Train Loss: 2.7094 | Val Loss: 1.8304 | Val Acc: 0.3929
2025-06-20 18:59:35,345 [INFO] Epoch 154 | Train Loss: 2.7720 | Val Loss: 1.7900 | Val Acc: 0.4286
2025-06-20 18:59:35,358 [INFO] Epoch 155 | Train Loss: 2.6339 | Val Loss: 1.7516 | Val Acc: 0.4643
2025-06-20 18:59:35,370 [INFO] Epoch 156 | Train Loss: 3.0367 | Val Loss: 1.7652 | Val Acc: 0.4821
2025-06-20 18:59:35,382 [INFO] Epoch 157 | Train Loss: 2.8488 | Val Loss: 1.7714 | Val Acc: 0.4643
2025-06-20 18:59:35,395 [INFO] Epoch 158 | Train Loss: 2.7267 | Val Loss: 1.7749 | Val Acc: 0.4464
2025-06-20 18:59:35,408 [INFO] Epoch 159 | Train Loss: 2.6578 | Val Loss: 1.7710 | Val Acc: 0.4464
2025-06-20 18:59:35,421 [INFO] Epoch 160 | Train Loss: 2.8442 | Val Loss: 1.7766 | Val Acc: 0.4286
2025-06-20 18:59:35,647 [INFO] Epoch 161 | Train Loss: 2.7169 | Val Loss: 1.7885 | Val Acc: 0.4643
2025-06-20 18:59:35,659 [INFO] Epoch 162 | Train Loss: 2.5109 | Val Loss: 1.8114 | Val Acc: 0.4464
2025-06-20 18:59:35,672 [INFO] Epoch 163 | Train Loss: 2.4930 | Val Loss: 1.8253 | Val Acc: 0.4464
2025-06-20 18:59:35,686 [INFO] Epoch 164 | Train Loss: 2.6768 | Val Loss: 1.8350 | Val Acc: 0.4464
2025-06-20 18:59:35,698 [INFO] Epoch 165 | Train Loss: 2.8927 | Val Loss: 1.8182 | Val Acc: 0.4464
2025-06-20 18:59:35,710 [INFO] Epoch 166 | Train Loss: 2.5269 | Val Loss: 1.8317 | Val Acc: 0.3929
2025-06-20 18:59:35,723 [INFO] Epoch 167 | Train Loss: 2.9901 | Val Loss: 1.8087 | Val Acc: 0.4286
2025-06-20 18:59:35,737 [INFO] Epoch 168 | Train Loss: 2.5003 | Val Loss: 1.7853 | Val Acc: 0.4464
2025-06-20 18:59:35,750 [INFO] Epoch 169 | Train Loss: 2.2352 | Val Loss: 1.7845 | Val Acc: 0.4464
2025-06-20 18:59:35,761 [INFO] Epoch 170 | Train Loss: 2.6884 | Val Loss: 1.7836 | Val Acc: 0.3929
2025-06-20 18:59:35,924 [INFO] Epoch 171 | Train Loss: 2.7608 | Val Loss: 1.7798 | Val Acc: 0.4286
2025-06-20 18:59:35,937 [INFO] Epoch 172 | Train Loss: 2.8106 | Val Loss: 1.7435 | Val Acc: 0.4107
2025-06-20 18:59:35,949 [INFO] Epoch 173 | Train Loss: 3.2297 | Val Loss: 1.7704 | Val Acc: 0.4464
2025-06-20 18:59:35,963 [INFO] Epoch 174 | Train Loss: 2.4567 | Val Loss: 1.8141 | Val Acc: 0.4286
2025-06-20 18:59:35,975 [INFO] Epoch 175 | Train Loss: 2.5602 | Val Loss: 1.7914 | Val Acc: 0.4107
2025-06-20 18:59:35,986 [INFO] Epoch 176 | Train Loss: 2.7526 | Val Loss: 1.7649 | Val Acc: 0.4286
2025-06-20 18:59:35,997 [INFO] Epoch 177 | Train Loss: 2.4776 | Val Loss: 1.7558 | Val Acc: 0.4107
2025-06-20 18:59:36,009 [INFO] Epoch 178 | Train Loss: 2.7058 | Val Loss: 1.7455 | Val Acc: 0.3750
2025-06-20 18:59:36,022 [INFO] Epoch 179 | Train Loss: 2.5794 | Val Loss: 1.7702 | Val Acc: 0.3929
2025-06-20 18:59:36,034 [INFO] Epoch 180 | Train Loss: 2.7482 | Val Loss: 1.7784 | Val Acc: 0.4286
2025-06-20 18:59:36,237 [INFO] Epoch 181 | Train Loss: 2.6979 | Val Loss: 1.7954 | Val Acc: 0.4464
2025-06-20 18:59:36,248 [INFO] Epoch 182 | Train Loss: 2.9317 | Val Loss: 1.7993 | Val Acc: 0.4286
2025-06-20 18:59:36,259 [INFO] Epoch 183 | Train Loss: 2.5035 | Val Loss: 1.7820 | Val Acc: 0.4643
2025-06-20 18:59:36,271 [INFO] Epoch 184 | Train Loss: 2.6958 | Val Loss: 1.7690 | Val Acc: 0.4464
2025-06-20 18:59:36,289 [INFO] Epoch 185 | Train Loss: 2.7680 | Val Loss: 1.7810 | Val Acc: 0.4464
2025-06-20 18:59:36,303 [INFO] Epoch 186 | Train Loss: 2.5924 | Val Loss: 1.7966 | Val Acc: 0.3929
2025-06-20 18:59:36,317 [INFO] Epoch 187 | Train Loss: 2.6756 | Val Loss: 1.7804 | Val Acc: 0.3929
2025-06-20 18:59:36,329 [INFO] Epoch 188 | Train Loss: 2.5189 | Val Loss: 1.7976 | Val Acc: 0.3929
2025-06-20 18:59:36,341 [INFO] Epoch 189 | Train Loss: 2.4232 | Val Loss: 1.7884 | Val Acc: 0.3929
2025-06-20 18:59:36,354 [INFO] Epoch 190 | Train Loss: 2.6288 | Val Loss: 1.7862 | Val Acc: 0.4107
2025-06-20 18:59:36,513 [INFO] Epoch 191 | Train Loss: 2.8313 | Val Loss: 1.7745 | Val Acc: 0.4464
2025-06-20 18:59:36,525 [INFO] Epoch 192 | Train Loss: 2.4133 | Val Loss: 1.7778 | Val Acc: 0.4286
2025-06-20 18:59:36,536 [INFO] Epoch 193 | Train Loss: 2.3686 | Val Loss: 1.7793 | Val Acc: 0.4464
2025-06-20 18:59:36,547 [INFO] Epoch 194 | Train Loss: 2.3087 | Val Loss: 1.7524 | Val Acc: 0.4464
2025-06-20 18:59:36,558 [INFO] Epoch 195 | Train Loss: 2.9562 | Val Loss: 1.7520 | Val Acc: 0.4286
2025-06-20 18:59:36,569 [INFO] Epoch 196 | Train Loss: 2.6090 | Val Loss: 1.7561 | Val Acc: 0.4286
2025-06-20 18:59:36,581 [INFO] Epoch 197 | Train Loss: 2.5686 | Val Loss: 1.7705 | Val Acc: 0.4286
2025-06-20 18:59:36,592 [INFO] Epoch 198 | Train Loss: 2.3817 | Val Loss: 1.7797 | Val Acc: 0.4286
2025-06-20 18:59:36,603 [INFO] Epoch 199 | Train Loss: 2.5710 | Val Loss: 1.8076 | Val Acc: 0.4107
2025-06-20 18:59:36,614 [INFO] Epoch 200 | Train Loss: 2.3698 | Val Loss: 1.7758 | Val Acc: 0.4107
2025-06-20 18:59:36,773 [INFO] Epoch 201 | Train Loss: 3.0047 | Val Loss: 1.7528 | Val Acc: 0.4107
2025-06-20 18:59:36,784 [INFO] Epoch 202 | Train Loss: 2.4124 | Val Loss: 1.7678 | Val Acc: 0.4464
2025-06-20 18:59:36,796 [INFO] Epoch 203 | Train Loss: 2.5684 | Val Loss: 1.7917 | Val Acc: 0.4464
2025-06-20 18:59:36,807 [INFO] Epoch 204 | Train Loss: 2.4769 | Val Loss: 1.7845 | Val Acc: 0.4286
2025-06-20 18:59:36,824 [INFO] Epoch 205 | Train Loss: 1.9796 | Val Loss: 1.7889 | Val Acc: 0.4464
2025-06-20 18:59:36,835 [INFO] Epoch 206 | Train Loss: 2.5514 | Val Loss: 1.7705 | Val Acc: 0.4107
2025-06-20 18:59:36,856 [INFO] Epoch 207 | Train Loss: 2.3003 | Val Loss: 1.7646 | Val Acc: 0.4464
2025-06-20 18:59:36,874 [INFO] Epoch 208 | Train Loss: 2.0886 | Val Loss: 1.7832 | Val Acc: 0.3929
2025-06-20 18:59:36,885 [INFO] Epoch 209 | Train Loss: 2.5046 | Val Loss: 1.7913 | Val Acc: 0.3929
2025-06-20 18:59:36,896 [INFO] Epoch 210 | Train Loss: 2.4739 | Val Loss: 1.7805 | Val Acc: 0.4286
2025-06-20 18:59:37,061 [INFO] Epoch 211 | Train Loss: 2.5406 | Val Loss: 1.7920 | Val Acc: 0.4107
2025-06-20 18:59:37,081 [INFO] Epoch 212 | Train Loss: 2.4537 | Val Loss: 1.7522 | Val Acc: 0.4286
2025-06-20 18:59:37,097 [INFO] Epoch 213 | Train Loss: 2.6172 | Val Loss: 1.7430 | Val Acc: 0.3929
2025-06-20 18:59:37,136 [INFO] Epoch 214 | Train Loss: 2.1092 | Val Loss: 1.7589 | Val Acc: 0.3929
2025-06-20 18:59:37,153 [INFO] Epoch 215 | Train Loss: 2.4821 | Val Loss: 1.7632 | Val Acc: 0.4286
2025-06-20 18:59:37,169 [INFO] Epoch 216 | Train Loss: 2.4663 | Val Loss: 1.7907 | Val Acc: 0.4286
2025-06-20 18:59:37,186 [INFO] Epoch 217 | Train Loss: 2.5514 | Val Loss: 1.7870 | Val Acc: 0.4464
2025-06-20 18:59:37,202 [INFO] Epoch 218 | Train Loss: 2.9446 | Val Loss: 1.7128 | Val Acc: 0.4107
2025-06-20 18:59:37,218 [INFO] Epoch 219 | Train Loss: 2.1932 | Val Loss: 1.6753 | Val Acc: 0.4107
2025-06-20 18:59:37,232 [INFO] Epoch 220 | Train Loss: 2.3484 | Val Loss: 1.6361 | Val Acc: 0.3750
2025-06-20 18:59:37,389 [INFO] Epoch 221 | Train Loss: 2.5811 | Val Loss: 1.6286 | Val Acc: 0.3929
2025-06-20 18:59:37,403 [INFO] Epoch 222 | Train Loss: 2.5032 | Val Loss: 1.6549 | Val Acc: 0.4107
2025-06-20 18:59:37,418 [INFO] Epoch 223 | Train Loss: 2.6087 | Val Loss: 1.6888 | Val Acc: 0.4286
2025-06-20 18:59:37,432 [INFO] Epoch 224 | Train Loss: 2.5294 | Val Loss: 1.6836 | Val Acc: 0.4286
2025-06-20 18:59:37,444 [INFO] Epoch 225 | Train Loss: 2.0955 | Val Loss: 1.6635 | Val Acc: 0.4107
2025-06-20 18:59:37,457 [INFO] Epoch 226 | Train Loss: 2.1221 | Val Loss: 1.6803 | Val Acc: 0.4107
2025-06-20 18:59:37,472 [INFO] Epoch 227 | Train Loss: 2.2022 | Val Loss: 1.6759 | Val Acc: 0.4107
2025-06-20 18:59:37,484 [INFO] Epoch 228 | Train Loss: 2.4549 | Val Loss: 1.6734 | Val Acc: 0.4286
2025-06-20 18:59:37,499 [INFO] Epoch 229 | Train Loss: 2.0118 | Val Loss: 1.6708 | Val Acc: 0.4107
2025-06-20 18:59:37,511 [INFO] Epoch 230 | Train Loss: 2.5649 | Val Loss: 1.6879 | Val Acc: 0.3929
2025-06-20 18:59:37,685 [INFO] Epoch 231 | Train Loss: 2.5104 | Val Loss: 1.7101 | Val Acc: 0.4107
2025-06-20 18:59:37,700 [INFO] Epoch 232 | Train Loss: 1.8230 | Val Loss: 1.7220 | Val Acc: 0.4107
2025-06-20 18:59:37,715 [INFO] Epoch 233 | Train Loss: 2.4165 | Val Loss: 1.7443 | Val Acc: 0.4107
2025-06-20 18:59:37,734 [INFO] Epoch 234 | Train Loss: 2.0802 | Val Loss: 1.7714 | Val Acc: 0.4107
2025-06-20 18:59:37,752 [INFO] Epoch 235 | Train Loss: 2.2281 | Val Loss: 1.7413 | Val Acc: 0.4107
2025-06-20 18:59:37,767 [INFO] Epoch 236 | Train Loss: 2.4228 | Val Loss: 1.7383 | Val Acc: 0.4286
2025-06-20 18:59:37,783 [INFO] Epoch 237 | Train Loss: 2.6042 | Val Loss: 1.7451 | Val Acc: 0.4286
2025-06-20 18:59:37,795 [INFO] Epoch 238 | Train Loss: 2.5510 | Val Loss: 1.7504 | Val Acc: 0.4107
2025-06-20 18:59:37,811 [INFO] Epoch 239 | Train Loss: 2.2094 | Val Loss: 1.7689 | Val Acc: 0.3929
2025-06-20 18:59:37,824 [INFO] Epoch 240 | Train Loss: 2.3411 | Val Loss: 1.8037 | Val Acc: 0.3750
2025-06-20 18:59:37,988 [INFO] Epoch 241 | Train Loss: 2.1475 | Val Loss: 1.7794 | Val Acc: 0.3929
2025-06-20 18:59:38,003 [INFO] Epoch 242 | Train Loss: 2.4140 | Val Loss: 1.7360 | Val Acc: 0.4107
2025-06-20 18:59:38,019 [INFO] Epoch 243 | Train Loss: 2.1221 | Val Loss: 1.7265 | Val Acc: 0.3750
2025-06-20 18:59:38,037 [INFO] Epoch 244 | Train Loss: 2.0717 | Val Loss: 1.7120 | Val Acc: 0.3929
2025-06-20 18:59:38,051 [INFO] Epoch 245 | Train Loss: 2.3660 | Val Loss: 1.7219 | Val Acc: 0.4286
2025-06-20 18:59:38,068 [INFO] Epoch 246 | Train Loss: 2.1215 | Val Loss: 1.7052 | Val Acc: 0.4107
2025-06-20 18:59:38,082 [INFO] Epoch 247 | Train Loss: 2.1700 | Val Loss: 1.6873 | Val Acc: 0.3929
2025-06-20 18:59:38,101 [INFO] Epoch 248 | Train Loss: 2.2264 | Val Loss: 1.6824 | Val Acc: 0.4107
2025-06-20 18:59:38,115 [INFO] Epoch 249 | Train Loss: 2.0418 | Val Loss: 1.7316 | Val Acc: 0.4286
2025-06-20 18:59:38,129 [INFO] Epoch 250 | Train Loss: 1.8353 | Val Loss: 1.7690 | Val Acc: 0.3929
2025-06-20 18:59:38,286 [INFO] Epoch 251 | Train Loss: 2.2032 | Val Loss: 1.7641 | Val Acc: 0.3929
2025-06-20 18:59:38,305 [INFO] Epoch 252 | Train Loss: 2.3321 | Val Loss: 1.7296 | Val Acc: 0.3750
2025-06-20 18:59:38,322 [INFO] Epoch 253 | Train Loss: 2.3020 | Val Loss: 1.7412 | Val Acc: 0.3929
2025-06-20 18:59:38,336 [INFO] Epoch 254 | Train Loss: 2.0687 | Val Loss: 1.7597 | Val Acc: 0.3929
2025-06-20 18:59:38,348 [INFO] Epoch 255 | Train Loss: 2.1639 | Val Loss: 1.7711 | Val Acc: 0.3929
2025-06-20 18:59:38,361 [INFO] Epoch 256 | Train Loss: 2.0975 | Val Loss: 1.7849 | Val Acc: 0.3750
2025-06-20 18:59:38,372 [INFO] Epoch 257 | Train Loss: 2.1305 | Val Loss: 1.8207 | Val Acc: 0.4286
2025-06-20 18:59:38,384 [INFO] Epoch 258 | Train Loss: 1.9591 | Val Loss: 1.7825 | Val Acc: 0.4107
2025-06-20 18:59:38,396 [INFO] Epoch 259 | Train Loss: 2.1375 | Val Loss: 1.7661 | Val Acc: 0.4286
2025-06-20 18:59:38,408 [INFO] Epoch 260 | Train Loss: 2.2384 | Val Loss: 1.7773 | Val Acc: 0.4107
2025-06-20 18:59:38,606 [INFO] Epoch 261 | Train Loss: 2.3114 | Val Loss: 1.7799 | Val Acc: 0.4286
2025-06-20 18:59:38,622 [INFO] Epoch 262 | Train Loss: 2.1364 | Val Loss: 1.7943 | Val Acc: 0.4464
2025-06-20 18:59:38,637 [INFO] Epoch 263 | Train Loss: 2.1667 | Val Loss: 1.7820 | Val Acc: 0.4286
2025-06-20 18:59:38,651 [INFO] Epoch 264 | Train Loss: 2.2949 | Val Loss: 1.7397 | Val Acc: 0.4107
2025-06-20 18:59:38,668 [INFO] Epoch 265 | Train Loss: 2.3984 | Val Loss: 1.7437 | Val Acc: 0.4107
2025-06-20 18:59:38,684 [INFO] Epoch 266 | Train Loss: 2.2929 | Val Loss: 1.7397 | Val Acc: 0.4107
2025-06-20 18:59:38,699 [INFO] Epoch 267 | Train Loss: 1.9770 | Val Loss: 1.7464 | Val Acc: 0.4286
2025-06-20 18:59:38,712 [INFO] Epoch 268 | Train Loss: 2.2975 | Val Loss: 1.7732 | Val Acc: 0.4107
2025-06-20 18:59:38,725 [INFO] Epoch 269 | Train Loss: 2.0305 | Val Loss: 1.8174 | Val Acc: 0.3750
2025-06-20 18:59:38,737 [INFO] Epoch 270 | Train Loss: 1.9086 | Val Loss: 1.8176 | Val Acc: 0.3750
2025-06-20 18:59:38,901 [INFO] Epoch 271 | Train Loss: 2.0769 | Val Loss: 1.8520 | Val Acc: 0.3571
2025-06-20 18:59:38,918 [INFO] Epoch 272 | Train Loss: 2.4674 | Val Loss: 1.8571 | Val Acc: 0.3393
2025-06-20 18:59:38,932 [INFO] Epoch 273 | Train Loss: 2.1462 | Val Loss: 1.7898 | Val Acc: 0.3929
2025-06-20 18:59:38,944 [INFO] Epoch 274 | Train Loss: 2.1373 | Val Loss: 1.7281 | Val Acc: 0.3929
2025-06-20 18:59:38,957 [INFO] Epoch 275 | Train Loss: 1.9939 | Val Loss: 1.7129 | Val Acc: 0.4107
2025-06-20 18:59:38,973 [INFO] Epoch 276 | Train Loss: 1.9108 | Val Loss: 1.7261 | Val Acc: 0.4286
2025-06-20 18:59:38,986 [INFO] Epoch 277 | Train Loss: 2.1528 | Val Loss: 1.7653 | Val Acc: 0.4286
2025-06-20 18:59:38,999 [INFO] Epoch 278 | Train Loss: 2.1955 | Val Loss: 1.8034 | Val Acc: 0.4107
2025-06-20 18:59:39,012 [INFO] Epoch 279 | Train Loss: 2.2668 | Val Loss: 1.8030 | Val Acc: 0.3929
2025-06-20 18:59:39,024 [INFO] Epoch 280 | Train Loss: 2.0180 | Val Loss: 1.7859 | Val Acc: 0.4107
2025-06-20 18:59:39,243 [INFO] Early stopping at epoch 280 (no improvement in 150 epochs).
2025-06-20 18:59:39,243 [INFO] Best model saved to <built-in function time>/ENZYMES/best/best_source_gin.pth (Val Acc: 0.5000 at epoch 130)
2025-06-20 18:59:39,244 [INFO] Training/validation metrics saved to <built-in function time>/ENZYMES/GIN_0.0001/train_metrics.csv
2025-06-20 18:59:39,411 [INFO] Final training curves saved
2025-06-20 18:59:39,411 [INFO] Training completed!
2025-06-20 18:59:39,411 [INFO] Best validation accuracy: 0.5000
2025-06-20 18:59:39,411 [INFO] Best epoch: 130
2025-06-20 18:59:39,411 [INFO] Total epochs trained: 280
2025-06-20 18:59:39,412 [INFO] Starting training with parameters: (0.0001, 0.2, 64, 2, 50, 0.0)
