2025-06-23 12:09:33,971 [INFO] Using device: cpu
2025-06-23 12:09:33,971 [INFO] 开始创建数据加载器...
2025-06-23 12:09:33,977 [INFO] Successfully loaded dataset ENZYMES from ./data, total graphs: 600
2025-06-23 12:09:33,978 [INFO] Class allocation analysis:
2025-06-23 12:09:33,978 [INFO]   Source classes: [0, 1, 2, 3]
2025-06-23 12:09:33,978 [INFO]   Target classes: [0, 1, 2, 3, 4, 5]
2025-06-23 12:09:33,978 [INFO]   Overlap classes (to be split): [0, 1, 2, 3]
2025-06-23 12:09:33,978 [INFO]   Target novel classes (unknown): [4, 5]
2025-06-23 12:09:33,996 [INFO]   Class 0: 100 total -> Source: 70, Target: 30
2025-06-23 12:09:33,996 [INFO]   Class 1: 100 total -> Source: 70, Target: 30
2025-06-23 12:09:33,996 [INFO]   Class 2: 100 total -> Source: 70, Target: 30
2025-06-23 12:09:33,996 [INFO]   Class 3: 100 total -> Source: 70, Target: 30
2025-06-23 12:09:33,996 [INFO]   Class 4 (novel/unknown): 100 samples -> Target
2025-06-23 12:09:33,996 [INFO]   Class 5 (novel/unknown): 100 samples -> Target
2025-06-23 12:09:33,996 [INFO] Final allocation:
2025-06-23 12:09:33,996 [INFO]   Source domain: 280 samples
2025-06-23 12:09:33,996 [INFO]   Target domain: 320 samples
2025-06-23 12:09:33,998 [INFO] Source domain setup:
2025-06-23 12:09:33,998 [INFO]   Original classes: [0, 1, 2, 3]
2025-06-23 12:09:33,998 [INFO]   Overlap classes used: [0, 1, 2, 3]
2025-06-23 12:09:33,998 [INFO]   Label mapping: {0: 0, 1: 1, 2: 2, 3: 3}
2025-06-23 12:09:33,998 [INFO]   Total data after allocation: 280
2025-06-23 12:09:33,998 [INFO]   Data split - Train: 224, Val: 56
2025-06-23 12:09:33,998 [INFO]   Train label distribution: {0: 56, 1: 56, 3: 56, 2: 56}
2025-06-23 12:09:33,998 [INFO]   Val label distribution: {1: 14, 2: 14, 0: 14, 3: 14}
2025-06-23 12:09:34,000 [INFO] Successfully loaded dataset ENZYMES from ./data, total graphs: 600
2025-06-23 12:09:34,000 [INFO] Class allocation analysis:
2025-06-23 12:09:34,000 [INFO]   Source classes: [0, 1, 2, 3]
2025-06-23 12:09:34,000 [INFO]   Target classes: [0, 1, 2, 3, 4, 5]
2025-06-23 12:09:34,000 [INFO]   Overlap classes (to be split): [0, 1, 2, 3]
2025-06-23 12:09:34,000 [INFO]   Target novel classes (unknown): [4, 5]
2025-06-23 12:09:34,018 [INFO]   Class 0: 100 total -> Source: 70, Target: 30
2025-06-23 12:09:34,018 [INFO]   Class 1: 100 total -> Source: 70, Target: 30
2025-06-23 12:09:34,018 [INFO]   Class 2: 100 total -> Source: 70, Target: 30
2025-06-23 12:09:34,018 [INFO]   Class 3: 100 total -> Source: 70, Target: 30
2025-06-23 12:09:34,018 [INFO]   Class 4 (novel/unknown): 100 samples -> Target
2025-06-23 12:09:34,018 [INFO]   Class 5 (novel/unknown): 100 samples -> Target
2025-06-23 12:09:34,019 [INFO] Final allocation:
2025-06-23 12:09:34,019 [INFO]   Source domain: 280 samples
2025-06-23 12:09:34,019 [INFO]   Target domain: 320 samples
2025-06-23 12:09:34,021 [INFO] Target domain setup:
2025-06-23 12:09:34,021 [INFO]   Original classes: [0, 1, 2, 3, 4, 5]
2025-06-23 12:09:34,021 [INFO]   Overlap classes: [0, 1, 2, 3]
2025-06-23 12:09:34,021 [INFO]   Novel classes: [4, 5] -> mapped to unknown label 4
2025-06-23 12:09:34,021 [INFO]   Label mapping: {0: 0, 1: 1, 2: 2, 3: 3, 4: 4, 5: 4}
2025-06-23 12:09:34,021 [INFO]   Total data after allocation: 320
2025-06-23 12:09:34,021 [INFO]   Data split - Train: 256, Val: 64
2025-06-23 12:09:34,021 [INFO]   Total count: 320 (known: 120, unknown: 200)
2025-06-23 12:09:34,021 [INFO]   Total label distribution: {4: 200, 3: 30, 0: 30, 1: 30, 2: 30}
2025-06-23 12:09:34,021 [INFO]   Train label distribution: {4: 160, 0: 24, 2: 24, 3: 24, 1: 24}
2025-06-23 12:09:34,021 [INFO]   Val label distribution: {1: 6, 4: 40, 3: 6, 0: 6, 2: 6}
2025-06-23 12:09:34,021 [INFO] 数据加载器创建完成!
2025-06-23 12:09:34,021 [INFO] 源域类别数: 4 (重叠类别)
2025-06-23 12:09:34,021 [INFO] 目标域类别数: 5 (4个重叠类别 + 1个未知类别)
2025-06-23 12:09:34,021 [INFO] 重叠类别: [0, 1, 2, 3]
2025-06-23 12:09:34,021 [INFO] 目标域新类别: [4, 5]
2025-06-23 12:09:34,022 [INFO] Data allocation verification:
2025-06-23 12:09:34,022 [INFO]   Source data samples: 280
2025-06-23 12:09:34,022 [INFO]   Target data samples: 320
2025-06-23 12:09:34,022 [INFO]   Overlapping samples: 0
2025-06-23 12:09:34,022 [INFO]   ✓ Data allocation is correct - no overlapping samples
2025-06-23 12:09:34,026 [INFO] Model initialized with 466692 parameters
2025-06-23 12:09:34,026 [INFO] Previous best validation accuracy read from record.txt: 0.6429
2025-06-23 12:09:34,026 [INFO] Starting training...
2025-06-23 12:09:34,110 [INFO] Epoch 001 | Train Loss: 17.5558 | Val Loss: 3234.9918 | Val Acc: 0.2500
2025-06-23 12:09:38,097 [INFO] New best model at epoch 1 (Val Acc: 0.2500)
2025-06-23 12:09:38,225 [INFO] Epoch 002 | Train Loss: 6.0864 | Val Loss: 806.1765 | Val Acc: 0.2500
2025-06-23 12:09:38,317 [INFO] Epoch 003 | Train Loss: 6.6235 | Val Loss: 126.4683 | Val Acc: 0.2857
2025-06-23 12:09:38,327 [INFO] New best model at epoch 3 (Val Acc: 0.2857)
2025-06-23 12:09:38,423 [INFO] Epoch 004 | Train Loss: 7.3037 | Val Loss: 42.5494 | Val Acc: 0.3393
2025-06-23 12:09:38,434 [INFO] New best model at epoch 4 (Val Acc: 0.3393)
2025-06-23 12:09:38,488 [INFO] Epoch 005 | Train Loss: 7.4976 | Val Loss: 39.7955 | Val Acc: 0.3571
2025-06-23 12:09:38,499 [INFO] New best model at epoch 5 (Val Acc: 0.3571)
2025-06-23 12:09:38,554 [INFO] Epoch 006 | Train Loss: 4.4805 | Val Loss: 8.5569 | Val Acc: 0.3571
2025-06-23 12:09:38,614 [INFO] Epoch 007 | Train Loss: 4.7428 | Val Loss: 2.6400 | Val Acc: 0.3571
2025-06-23 12:09:38,747 [INFO] Epoch 008 | Train Loss: 4.1783 | Val Loss: 3.0322 | Val Acc: 0.3036
2025-06-23 12:09:38,816 [INFO] Epoch 009 | Train Loss: 4.0169 | Val Loss: 3.1987 | Val Acc: 0.3036
2025-06-23 12:09:38,881 [INFO] Epoch 010 | Train Loss: 3.3213 | Val Loss: 3.6982 | Val Acc: 0.2321
2025-06-23 12:09:40,199 [INFO] Epoch 011 | Train Loss: 4.0742 | Val Loss: 4.0448 | Val Acc: 0.3750
2025-06-23 12:09:40,209 [INFO] New best model at epoch 11 (Val Acc: 0.3750)
2025-06-23 12:09:40,268 [INFO] Epoch 012 | Train Loss: 6.5888 | Val Loss: 5.7647 | Val Acc: 0.2679
2025-06-23 12:09:40,326 [INFO] Epoch 013 | Train Loss: 2.4191 | Val Loss: 2.4665 | Val Acc: 0.3571
2025-06-23 12:09:40,386 [INFO] Epoch 014 | Train Loss: 3.5388 | Val Loss: 3.5253 | Val Acc: 0.3571
2025-06-23 12:09:40,446 [INFO] Epoch 015 | Train Loss: 2.7227 | Val Loss: 2.0654 | Val Acc: 0.3750
2025-06-23 12:09:40,505 [INFO] Epoch 016 | Train Loss: 3.4722 | Val Loss: 1.8046 | Val Acc: 0.4286
2025-06-23 12:09:40,516 [INFO] New best model at epoch 16 (Val Acc: 0.4286)
2025-06-23 12:09:40,567 [INFO] Epoch 017 | Train Loss: 3.0152 | Val Loss: 1.4385 | Val Acc: 0.3750
2025-06-23 12:09:40,628 [INFO] Epoch 018 | Train Loss: 2.5579 | Val Loss: 1.7184 | Val Acc: 0.4464
2025-06-23 12:09:40,638 [INFO] New best model at epoch 18 (Val Acc: 0.4464)
2025-06-23 12:09:40,696 [INFO] Epoch 019 | Train Loss: 2.7165 | Val Loss: 1.6073 | Val Acc: 0.4107
2025-06-23 12:09:40,757 [INFO] Epoch 020 | Train Loss: 2.3890 | Val Loss: 1.4638 | Val Acc: 0.4286
2025-06-23 12:09:42,729 [INFO] Epoch 021 | Train Loss: 4.9668 | Val Loss: 1.7339 | Val Acc: 0.3750
2025-06-23 12:09:42,797 [INFO] Epoch 022 | Train Loss: 1.6509 | Val Loss: 1.4234 | Val Acc: 0.4107
2025-06-23 12:09:42,856 [INFO] Epoch 023 | Train Loss: 4.4138 | Val Loss: 1.6275 | Val Acc: 0.2500
2025-06-23 12:09:42,916 [INFO] Epoch 024 | Train Loss: 2.7305 | Val Loss: 6.1280 | Val Acc: 0.3571
2025-06-23 12:09:42,974 [INFO] Epoch 025 | Train Loss: 1.6080 | Val Loss: 2.4560 | Val Acc: 0.3036
2025-06-23 12:09:43,032 [INFO] Epoch 026 | Train Loss: 3.9212 | Val Loss: 1.4785 | Val Acc: 0.3750
2025-06-23 12:09:43,094 [INFO] Epoch 027 | Train Loss: 4.5601 | Val Loss: 1.8148 | Val Acc: 0.3929
2025-06-23 12:09:43,152 [INFO] Epoch 028 | Train Loss: 4.9026 | Val Loss: 1.5719 | Val Acc: 0.3929
2025-06-23 12:09:43,230 [INFO] Epoch 029 | Train Loss: 2.7495 | Val Loss: 1.4228 | Val Acc: 0.3214
2025-06-23 12:09:43,289 [INFO] Epoch 030 | Train Loss: 1.5569 | Val Loss: 1.3878 | Val Acc: 0.4286
2025-06-23 12:09:44,418 [INFO] Epoch 031 | Train Loss: 3.8484 | Val Loss: 1.4714 | Val Acc: 0.4286
2025-06-23 12:09:44,486 [INFO] Epoch 032 | Train Loss: 5.0686 | Val Loss: 1.5455 | Val Acc: 0.4286
2025-06-23 12:09:44,544 [INFO] Epoch 033 | Train Loss: 2.1864 | Val Loss: 1.4309 | Val Acc: 0.3571
2025-06-23 12:09:44,603 [INFO] Epoch 034 | Train Loss: 1.4296 | Val Loss: 1.3581 | Val Acc: 0.3393
2025-06-23 12:09:44,662 [INFO] Epoch 035 | Train Loss: 1.4384 | Val Loss: 1.4172 | Val Acc: 0.4286
2025-06-23 12:09:44,724 [INFO] Epoch 036 | Train Loss: 1.8742 | Val Loss: 1.4965 | Val Acc: 0.3750
2025-06-23 12:09:44,783 [INFO] Epoch 037 | Train Loss: 1.0684 | Val Loss: 1.5722 | Val Acc: 0.3571
2025-06-23 12:09:44,842 [INFO] Epoch 038 | Train Loss: 2.9574 | Val Loss: 5.1375 | Val Acc: 0.3750
2025-06-23 12:09:44,917 [INFO] Epoch 039 | Train Loss: 3.4035 | Val Loss: 1.2904 | Val Acc: 0.3750
2025-06-23 12:09:44,976 [INFO] Epoch 040 | Train Loss: 2.0165 | Val Loss: 4.1700 | Val Acc: 0.3750
2025-06-23 12:09:46,210 [INFO] Epoch 041 | Train Loss: 1.5698 | Val Loss: 3.0919 | Val Acc: 0.3214
2025-06-23 12:09:46,310 [INFO] Epoch 042 | Train Loss: 1.3689 | Val Loss: 1.6592 | Val Acc: 0.3393
2025-06-23 12:09:46,421 [INFO] Epoch 043 | Train Loss: 1.6687 | Val Loss: 1.8698 | Val Acc: 0.3214
2025-06-23 12:09:46,519 [INFO] Epoch 044 | Train Loss: 1.1093 | Val Loss: 1.9182 | Val Acc: 0.3571
2025-06-23 12:09:46,611 [INFO] Epoch 045 | Train Loss: 1.3985 | Val Loss: 5.3206 | Val Acc: 0.3393
2025-06-23 12:09:46,713 [INFO] Epoch 046 | Train Loss: 1.8427 | Val Loss: 1.6860 | Val Acc: 0.2500
2025-06-23 12:09:46,808 [INFO] Epoch 047 | Train Loss: 2.1559 | Val Loss: 1.3467 | Val Acc: 0.3393
2025-06-23 12:09:46,912 [INFO] Epoch 048 | Train Loss: 1.9900 | Val Loss: 1.3909 | Val Acc: 0.3929
2025-06-23 12:09:47,006 [INFO] Epoch 049 | Train Loss: 2.4426 | Val Loss: 1.4391 | Val Acc: 0.4107
2025-06-23 12:09:47,093 [INFO] Epoch 050 | Train Loss: 3.1407 | Val Loss: 1.4232 | Val Acc: 0.3929
2025-06-23 12:09:48,227 [INFO] Best model saved to <built-in function time>/ENZYMES/best/best_source_gin.pth (Val Acc: 0.4464 at epoch 18)
2025-06-23 12:09:48,227 [INFO] Training/validation metrics saved to <built-in function time>/ENZYMES/GIN_0.01/train_metrics.csv
2025-06-23 12:09:49,271 [INFO] Final training curves saved
2025-06-23 12:09:49,271 [INFO] Training completed!
2025-06-23 12:09:49,271 [INFO] Best validation accuracy: 0.4464
2025-06-23 12:09:49,271 [INFO] Best epoch: 18
2025-06-23 12:09:49,271 [INFO] Total epochs trained: 50
2025-06-23 12:09:49,272 [INFO] Starting training with parameters: (0.01, 0.2, 256, 4, 50, 0.0001)
