2025-06-20 16:28:52,587 [INFO] Using device: cpu
2025-06-20 16:28:52,587 [INFO] 开始创建数据加载器...
2025-06-20 16:28:52,589 [INFO] Successfully loaded dataset ENZYMES from ./data, total graphs: 600
2025-06-20 16:28:52,589 [INFO] Class allocation analysis:
2025-06-20 16:28:52,589 [INFO]   Source classes: [0, 1, 2, 3]
2025-06-20 16:28:52,589 [INFO]   Target classes: [0, 1, 2, 3, 4, 5]
2025-06-20 16:28:52,589 [INFO]   Overlap classes (to be split): [0, 1, 2, 3]
2025-06-20 16:28:52,589 [INFO]   Target novel classes (unknown): [4, 5]
2025-06-20 16:28:52,605 [INFO]   Class 0: 100 total -> Source: 70, Target: 30
2025-06-20 16:28:52,605 [INFO]   Class 1: 100 total -> Source: 70, Target: 30
2025-06-20 16:28:52,605 [INFO]   Class 2: 100 total -> Source: 70, Target: 30
2025-06-20 16:28:52,606 [INFO]   Class 3: 100 total -> Source: 70, Target: 30
2025-06-20 16:28:52,606 [INFO]   Class 4 (novel/unknown): 100 samples -> Target
2025-06-20 16:28:52,606 [INFO]   Class 5 (novel/unknown): 100 samples -> Target
2025-06-20 16:28:52,606 [INFO] Final allocation:
2025-06-20 16:28:52,606 [INFO]   Source domain: 280 samples
2025-06-20 16:28:52,606 [INFO]   Target domain: 320 samples
2025-06-20 16:28:52,608 [INFO] Source domain setup:
2025-06-20 16:28:52,608 [INFO]   Original classes: [0, 1, 2, 3]
2025-06-20 16:28:52,608 [INFO]   Overlap classes used: [0, 1, 2, 3]
2025-06-20 16:28:52,608 [INFO]   Label mapping: {0: 0, 1: 1, 2: 2, 3: 3}
2025-06-20 16:28:52,608 [INFO]   Total data after allocation: 280
2025-06-20 16:28:52,608 [INFO]   Data split - Train: 224, Val: 56
2025-06-20 16:28:52,608 [INFO]   Train label distribution: {0: 56, 1: 56, 3: 56, 2: 56}
2025-06-20 16:28:52,608 [INFO]   Val label distribution: {1: 14, 2: 14, 0: 14, 3: 14}
2025-06-20 16:28:52,610 [INFO] Successfully loaded dataset ENZYMES from ./data, total graphs: 600
2025-06-20 16:28:52,610 [INFO] Class allocation analysis:
2025-06-20 16:28:52,610 [INFO]   Source classes: [0, 1, 2, 3]
2025-06-20 16:28:52,610 [INFO]   Target classes: [0, 1, 2, 3, 4, 5]
2025-06-20 16:28:52,610 [INFO]   Overlap classes (to be split): [0, 1, 2, 3]
2025-06-20 16:28:52,610 [INFO]   Target novel classes (unknown): [4, 5]
2025-06-20 16:28:52,627 [INFO]   Class 0: 100 total -> Source: 70, Target: 30
2025-06-20 16:28:52,627 [INFO]   Class 1: 100 total -> Source: 70, Target: 30
2025-06-20 16:28:52,627 [INFO]   Class 2: 100 total -> Source: 70, Target: 30
2025-06-20 16:28:52,627 [INFO]   Class 3: 100 total -> Source: 70, Target: 30
2025-06-20 16:28:52,627 [INFO]   Class 4 (novel/unknown): 100 samples -> Target
2025-06-20 16:28:52,627 [INFO]   Class 5 (novel/unknown): 100 samples -> Target
2025-06-20 16:28:52,628 [INFO] Final allocation:
2025-06-20 16:28:52,628 [INFO]   Source domain: 280 samples
2025-06-20 16:28:52,628 [INFO]   Target domain: 320 samples
2025-06-20 16:28:52,629 [INFO] Target domain setup:
2025-06-20 16:28:52,629 [INFO]   Original classes: [0, 1, 2, 3, 4, 5]
2025-06-20 16:28:52,629 [INFO]   Overlap classes: [0, 1, 2, 3]
2025-06-20 16:28:52,630 [INFO]   Novel classes: [4, 5] -> mapped to unknown label 4
2025-06-20 16:28:52,630 [INFO]   Label mapping: {0: 0, 1: 1, 2: 2, 3: 3, 4: 4, 5: 4}
2025-06-20 16:28:52,630 [INFO]   Total data after allocation: 320
2025-06-20 16:28:52,630 [INFO]   Data split - Train: 256, Val: 64
2025-06-20 16:28:52,630 [INFO]   Total count: 320 (known: 120, unknown: 200)
2025-06-20 16:28:52,630 [INFO]   Total label distribution: {4: 200, 3: 30, 0: 30, 1: 30, 2: 30}
2025-06-20 16:28:52,630 [INFO]   Train label distribution: {4: 160, 0: 24, 2: 24, 3: 24, 1: 24}
2025-06-20 16:28:52,630 [INFO]   Val label distribution: {1: 6, 4: 40, 3: 6, 0: 6, 2: 6}
2025-06-20 16:28:52,630 [INFO] 数据加载器创建完成!
2025-06-20 16:28:52,630 [INFO] 源域类别数: 4 (重叠类别)
2025-06-20 16:28:52,630 [INFO] 目标域类别数: 5 (4个重叠类别 + 1个未知类别)
2025-06-20 16:28:52,631 [INFO] 重叠类别: [0, 1, 2, 3]
2025-06-20 16:28:52,631 [INFO] 目标域新类别: [4, 5]
2025-06-20 16:28:52,631 [INFO] Data allocation verification:
2025-06-20 16:28:52,631 [INFO]   Source data samples: 280
2025-06-20 16:28:52,631 [INFO]   Target data samples: 320
2025-06-20 16:28:52,631 [INFO]   Overlapping samples: 0
2025-06-20 16:28:52,631 [INFO]   ✓ Data allocation is correct - no overlapping samples
2025-06-20 16:28:52,632 [INFO] Model initialized with 18052 parameters
2025-06-20 16:28:52,632 [INFO] Previous best validation accuracy read from record.txt: 0.5536
2025-06-20 16:28:52,632 [INFO] Starting training...
2025-06-20 16:28:52,655 [INFO] Epoch 001 | Train Loss: 11.9033 | Val Loss: 6.9725 | Val Acc: 0.1607
2025-06-20 16:28:52,750 [INFO] New best model at epoch 1 (Val Acc: 0.1607)
2025-06-20 16:28:52,768 [INFO] Epoch 002 | Train Loss: 8.5827 | Val Loss: 5.1621 | Val Acc: 0.1964
2025-06-20 16:28:52,770 [INFO] New best model at epoch 2 (Val Acc: 0.1964)
2025-06-20 16:28:52,784 [INFO] Epoch 003 | Train Loss: 6.6329 | Val Loss: 4.9675 | Val Acc: 0.2500
2025-06-20 16:28:52,786 [INFO] New best model at epoch 3 (Val Acc: 0.2500)
2025-06-20 16:28:52,804 [INFO] Epoch 004 | Train Loss: 5.2350 | Val Loss: 4.6391 | Val Acc: 0.2679
2025-06-20 16:28:52,807 [INFO] New best model at epoch 4 (Val Acc: 0.2679)
2025-06-20 16:28:52,839 [INFO] Epoch 005 | Train Loss: 4.8621 | Val Loss: 4.1271 | Val Acc: 0.1964
2025-06-20 16:28:52,854 [INFO] Epoch 006 | Train Loss: 4.0271 | Val Loss: 3.6805 | Val Acc: 0.1607
2025-06-20 16:28:52,870 [INFO] Epoch 007 | Train Loss: 3.5102 | Val Loss: 3.0599 | Val Acc: 0.2321
2025-06-20 16:28:52,884 [INFO] Epoch 008 | Train Loss: 2.9275 | Val Loss: 2.5498 | Val Acc: 0.1607
2025-06-20 16:28:52,899 [INFO] Epoch 009 | Train Loss: 2.6213 | Val Loss: 2.2702 | Val Acc: 0.1429
2025-06-20 16:28:52,914 [INFO] Epoch 010 | Train Loss: 2.1441 | Val Loss: 1.9977 | Val Acc: 0.1964
2025-06-20 16:28:53,021 [INFO] Epoch 011 | Train Loss: 1.7969 | Val Loss: 1.8284 | Val Acc: 0.1964
2025-06-20 16:28:53,040 [INFO] Epoch 012 | Train Loss: 1.6801 | Val Loss: 2.0005 | Val Acc: 0.2321
2025-06-20 16:28:53,056 [INFO] Epoch 013 | Train Loss: 1.7005 | Val Loss: 1.9188 | Val Acc: 0.2857
2025-06-20 16:28:53,058 [INFO] New best model at epoch 13 (Val Acc: 0.2857)
2025-06-20 16:28:53,075 [INFO] Epoch 014 | Train Loss: 1.7074 | Val Loss: 1.7876 | Val Acc: 0.2857
2025-06-20 16:28:53,102 [INFO] Epoch 015 | Train Loss: 1.5449 | Val Loss: 1.6207 | Val Acc: 0.3036
2025-06-20 16:28:53,104 [INFO] New best model at epoch 15 (Val Acc: 0.3036)
2025-06-20 16:28:53,128 [INFO] Epoch 016 | Train Loss: 1.5688 | Val Loss: 1.7513 | Val Acc: 0.3036
2025-06-20 16:28:53,144 [INFO] Epoch 017 | Train Loss: 1.4568 | Val Loss: 1.8775 | Val Acc: 0.2679
2025-06-20 16:28:53,160 [INFO] Epoch 018 | Train Loss: 1.6288 | Val Loss: 1.9900 | Val Acc: 0.3036
2025-06-20 16:28:53,175 [INFO] Epoch 019 | Train Loss: 1.5088 | Val Loss: 1.7931 | Val Acc: 0.3214
2025-06-20 16:28:53,177 [INFO] New best model at epoch 19 (Val Acc: 0.3214)
2025-06-20 16:28:53,190 [INFO] Epoch 020 | Train Loss: 1.4454 | Val Loss: 1.6634 | Val Acc: 0.2857
2025-06-20 16:28:53,307 [INFO] Epoch 021 | Train Loss: 1.3746 | Val Loss: 1.5488 | Val Acc: 0.3750
2025-06-20 16:28:53,309 [INFO] New best model at epoch 21 (Val Acc: 0.3750)
2025-06-20 16:28:53,321 [INFO] Epoch 022 | Train Loss: 1.3984 | Val Loss: 1.6664 | Val Acc: 0.2500
2025-06-20 16:28:53,337 [INFO] Epoch 023 | Train Loss: 1.4631 | Val Loss: 1.6170 | Val Acc: 0.3036
2025-06-20 16:28:53,351 [INFO] Epoch 024 | Train Loss: 1.2777 | Val Loss: 1.6993 | Val Acc: 0.3214
2025-06-20 16:28:53,366 [INFO] Epoch 025 | Train Loss: 1.2672 | Val Loss: 1.7215 | Val Acc: 0.3393
2025-06-20 16:28:53,382 [INFO] Epoch 026 | Train Loss: 1.4204 | Val Loss: 1.6669 | Val Acc: 0.3750
2025-06-20 16:28:53,400 [INFO] Epoch 027 | Train Loss: 1.3349 | Val Loss: 1.6723 | Val Acc: 0.4107
2025-06-20 16:28:53,403 [INFO] New best model at epoch 27 (Val Acc: 0.4107)
2025-06-20 16:28:53,420 [INFO] Epoch 028 | Train Loss: 1.2252 | Val Loss: 1.7813 | Val Acc: 0.3750
2025-06-20 16:28:53,435 [INFO] Epoch 029 | Train Loss: 1.4611 | Val Loss: 1.7910 | Val Acc: 0.3214
2025-06-20 16:28:53,451 [INFO] Epoch 030 | Train Loss: 1.2972 | Val Loss: 1.5875 | Val Acc: 0.3750
2025-06-20 16:28:53,561 [INFO] Epoch 031 | Train Loss: 1.2792 | Val Loss: 1.7563 | Val Acc: 0.3393
2025-06-20 16:28:53,577 [INFO] Epoch 032 | Train Loss: 1.3004 | Val Loss: 1.6315 | Val Acc: 0.3036
2025-06-20 16:28:53,592 [INFO] Epoch 033 | Train Loss: 1.3128 | Val Loss: 1.5017 | Val Acc: 0.3571
2025-06-20 16:28:53,608 [INFO] Epoch 034 | Train Loss: 1.2604 | Val Loss: 1.5744 | Val Acc: 0.3750
2025-06-20 16:28:53,624 [INFO] Epoch 035 | Train Loss: 1.2902 | Val Loss: 1.5859 | Val Acc: 0.3393
2025-06-20 16:28:53,639 [INFO] Epoch 036 | Train Loss: 1.3311 | Val Loss: 1.5838 | Val Acc: 0.3036
2025-06-20 16:28:53,655 [INFO] Epoch 037 | Train Loss: 1.1956 | Val Loss: 1.5299 | Val Acc: 0.3750
2025-06-20 16:28:53,670 [INFO] Epoch 038 | Train Loss: 1.2022 | Val Loss: 1.5209 | Val Acc: 0.3393
2025-06-20 16:28:53,689 [INFO] Epoch 039 | Train Loss: 1.2789 | Val Loss: 1.5777 | Val Acc: 0.3393
2025-06-20 16:28:53,708 [INFO] Epoch 040 | Train Loss: 1.2682 | Val Loss: 1.6156 | Val Acc: 0.3571
2025-06-20 16:28:53,824 [INFO] Epoch 041 | Train Loss: 1.2468 | Val Loss: 1.5538 | Val Acc: 0.3750
2025-06-20 16:28:53,841 [INFO] Epoch 042 | Train Loss: 1.2398 | Val Loss: 1.5753 | Val Acc: 0.2857
2025-06-20 16:28:53,857 [INFO] Epoch 043 | Train Loss: 1.1935 | Val Loss: 1.6442 | Val Acc: 0.2500
2025-06-20 16:28:53,873 [INFO] Epoch 044 | Train Loss: 1.2345 | Val Loss: 1.5663 | Val Acc: 0.3571
2025-06-20 16:28:53,897 [INFO] Epoch 045 | Train Loss: 1.1728 | Val Loss: 1.5394 | Val Acc: 0.3571
2025-06-20 16:28:53,920 [INFO] Epoch 046 | Train Loss: 1.1200 | Val Loss: 1.5042 | Val Acc: 0.3571
2025-06-20 16:28:53,944 [INFO] Epoch 047 | Train Loss: 1.1729 | Val Loss: 1.4998 | Val Acc: 0.3750
2025-06-20 16:28:53,968 [INFO] Epoch 048 | Train Loss: 1.1886 | Val Loss: 1.6307 | Val Acc: 0.3393
2025-06-20 16:28:53,986 [INFO] Epoch 049 | Train Loss: 1.1266 | Val Loss: 1.5388 | Val Acc: 0.3750
2025-06-20 16:28:54,010 [INFO] Epoch 050 | Train Loss: 1.2024 | Val Loss: 1.5082 | Val Acc: 0.3214
2025-06-20 16:28:54,113 [INFO] Best model saved to <built-in function time>/ENZYMES/best/best_source_gin.pth (Val Acc: 0.4107 at epoch 27)
2025-06-20 16:28:54,113 [INFO] Training/validation metrics saved to <built-in function time>/ENZYMES/GIN_0.0001/train_metrics.csv
2025-06-20 16:28:54,207 [INFO] Final training curves saved
2025-06-20 16:28:54,207 [INFO] Training completed!
2025-06-20 16:28:54,207 [INFO] Best validation accuracy: 0.4107
2025-06-20 16:28:54,207 [INFO] Best epoch: 27
2025-06-20 16:28:54,207 [INFO] Total epochs trained: 50
2025-06-20 16:28:54,209 [INFO] Starting training with parameters: (0.0001, 0.0, 128, 1, 100, 0.0)
