2025-06-23 18:39:27,413 [INFO] Using device: cpu
2025-06-23 18:39:27,413 [INFO] 开始创建数据加载器...
2025-06-23 18:39:27,420 [INFO] Successfully loaded dataset ENZYMES from ./data, total graphs: 600
2025-06-23 18:39:27,421 [INFO] Class allocation analysis:
2025-06-23 18:39:27,421 [INFO]   Source classes: [0, 1, 2, 3]
2025-06-23 18:39:27,421 [INFO]   Target classes: [0, 1, 2, 3, 4, 5]
2025-06-23 18:39:27,421 [INFO]   Overlap classes (to be split): [0, 1, 2, 3]
2025-06-23 18:39:27,421 [INFO]   Target novel classes (unknown): [4, 5]
2025-06-23 18:39:27,436 [INFO]   Class 0: 100 total -> Source: 70, Target: 30
2025-06-23 18:39:27,437 [INFO]   Class 1: 100 total -> Source: 70, Target: 30
2025-06-23 18:39:27,437 [INFO]   Class 2: 100 total -> Source: 70, Target: 30
2025-06-23 18:39:27,437 [INFO]   Class 3: 100 total -> Source: 70, Target: 30
2025-06-23 18:39:27,437 [INFO]   Class 4 (novel/unknown): 100 samples -> Target
2025-06-23 18:39:27,437 [INFO]   Class 5 (novel/unknown): 100 samples -> Target
2025-06-23 18:39:27,437 [INFO] Final allocation:
2025-06-23 18:39:27,437 [INFO]   Source domain: 280 samples
2025-06-23 18:39:27,437 [INFO]   Target domain: 320 samples
2025-06-23 18:39:27,439 [INFO] Source domain setup:
2025-06-23 18:39:27,439 [INFO]   Original classes: [0, 1, 2, 3]
2025-06-23 18:39:27,439 [INFO]   Overlap classes used: [0, 1, 2, 3]
2025-06-23 18:39:27,439 [INFO]   Label mapping: {0: 0, 1: 1, 2: 2, 3: 3}
2025-06-23 18:39:27,439 [INFO]   Total data after allocation: 280
2025-06-23 18:39:27,439 [INFO]   Data split - Train: 224, Val: 56
2025-06-23 18:39:27,439 [INFO]   Train label distribution: {0: 56, 1: 56, 3: 56, 2: 56}
2025-06-23 18:39:27,439 [INFO]   Val label distribution: {1: 14, 2: 14, 0: 14, 3: 14}
2025-06-23 18:39:27,442 [INFO] Successfully loaded dataset ENZYMES from ./data, total graphs: 600
2025-06-23 18:39:27,442 [INFO] Class allocation analysis:
2025-06-23 18:39:27,442 [INFO]   Source classes: [0, 1, 2, 3]
2025-06-23 18:39:27,442 [INFO]   Target classes: [0, 1, 2, 3, 4, 5]
2025-06-23 18:39:27,442 [INFO]   Overlap classes (to be split): [0, 1, 2, 3]
2025-06-23 18:39:27,442 [INFO]   Target novel classes (unknown): [4, 5]
2025-06-23 18:39:27,585 [INFO]   Class 0: 100 total -> Source: 70, Target: 30
2025-06-23 18:39:27,585 [INFO]   Class 1: 100 total -> Source: 70, Target: 30
2025-06-23 18:39:27,585 [INFO]   Class 2: 100 total -> Source: 70, Target: 30
2025-06-23 18:39:27,585 [INFO]   Class 3: 100 total -> Source: 70, Target: 30
2025-06-23 18:39:27,585 [INFO]   Class 4 (novel/unknown): 100 samples -> Target
2025-06-23 18:39:27,585 [INFO]   Class 5 (novel/unknown): 100 samples -> Target
2025-06-23 18:39:27,586 [INFO] Final allocation:
2025-06-23 18:39:27,586 [INFO]   Source domain: 280 samples
2025-06-23 18:39:27,586 [INFO]   Target domain: 320 samples
2025-06-23 18:39:27,587 [INFO] Target domain setup:
2025-06-23 18:39:27,588 [INFO]   Original classes: [0, 1, 2, 3, 4, 5]
2025-06-23 18:39:27,588 [INFO]   Overlap classes: [0, 1, 2, 3]
2025-06-23 18:39:27,588 [INFO]   Novel classes: [4, 5] -> mapped to unknown label 4
2025-06-23 18:39:27,588 [INFO]   Label mapping: {0: 0, 1: 1, 2: 2, 3: 3, 4: 4, 5: 4}
2025-06-23 18:39:27,588 [INFO]   Total data after allocation: 320
2025-06-23 18:39:27,588 [INFO]   Data split - Train: 256, Val: 64
2025-06-23 18:39:27,588 [INFO]   Total count: 320 (known: 120, unknown: 200)
2025-06-23 18:39:27,588 [INFO]   Total label distribution: {4: 200, 3: 30, 0: 30, 1: 30, 2: 30}
2025-06-23 18:39:27,588 [INFO]   Train label distribution: {4: 160, 0: 24, 2: 24, 3: 24, 1: 24}
2025-06-23 18:39:27,588 [INFO]   Val label distribution: {1: 6, 4: 40, 3: 6, 0: 6, 2: 6}
2025-06-23 18:39:27,588 [INFO] 数据加载器创建完成!
2025-06-23 18:39:27,588 [INFO] 源域类别数: 4 (重叠类别)
2025-06-23 18:39:27,588 [INFO] 目标域类别数: 5 (4个重叠类别 + 1个未知类别)
2025-06-23 18:39:27,588 [INFO] 重叠类别: [0, 1, 2, 3]
2025-06-23 18:39:27,588 [INFO] 目标域新类别: [4, 5]
2025-06-23 18:39:27,588 [INFO] Data allocation verification:
2025-06-23 18:39:27,589 [INFO]   Source data samples: 280
2025-06-23 18:39:27,589 [INFO]   Target data samples: 320
2025-06-23 18:39:27,589 [INFO]   Overlapping samples: 0
2025-06-23 18:39:27,589 [INFO]   ✓ Data allocation is correct - no overlapping samples
2025-06-23 18:39:27,592 [INFO] Model initialized with 10404 parameters
2025-06-23 18:39:27,592 [INFO] Previous best validation accuracy read from record.txt: 0.6429
2025-06-23 18:39:27,592 [INFO] Starting training...
2025-06-23 18:39:27,634 [INFO] Epoch 001 | Train Loss: 9.6464 | Val Loss: 2.0100 | Val Acc: 0.3393
2025-06-23 18:39:28,951 [INFO] New best model at epoch 1 (Val Acc: 0.3393)
2025-06-23 18:39:28,999 [INFO] Epoch 002 | Train Loss: 4.3462 | Val Loss: 3.1411 | Val Acc: 0.3571
2025-06-23 18:39:29,004 [INFO] New best model at epoch 2 (Val Acc: 0.3571)
2025-06-23 18:39:29,049 [INFO] Epoch 003 | Train Loss: 3.6436 | Val Loss: 2.3052 | Val Acc: 0.3571
2025-06-23 18:39:29,117 [INFO] Epoch 004 | Train Loss: 2.4413 | Val Loss: 2.3538 | Val Acc: 0.3214
2025-06-23 18:39:29,158 [INFO] Epoch 005 | Train Loss: 2.2434 | Val Loss: 1.6908 | Val Acc: 0.3036
2025-06-23 18:39:29,210 [INFO] Epoch 006 | Train Loss: 2.0343 | Val Loss: 2.5522 | Val Acc: 0.2857
2025-06-23 18:39:29,388 [INFO] Epoch 007 | Train Loss: 1.7640 | Val Loss: 1.8446 | Val Acc: 0.2143
2025-06-23 18:39:29,490 [INFO] Epoch 008 | Train Loss: 1.9863 | Val Loss: 1.5220 | Val Acc: 0.3214
2025-06-23 18:39:29,808 [INFO] Epoch 009 | Train Loss: 1.5936 | Val Loss: 1.5171 | Val Acc: 0.3571
2025-06-23 18:39:29,890 [INFO] Epoch 010 | Train Loss: 1.9978 | Val Loss: 1.7963 | Val Acc: 0.3036
2025-06-23 18:39:31,435 [INFO] Epoch 011 | Train Loss: 1.4075 | Val Loss: 1.4917 | Val Acc: 0.3750
2025-06-23 18:39:31,440 [INFO] New best model at epoch 11 (Val Acc: 0.3750)
2025-06-23 18:39:31,482 [INFO] Epoch 012 | Train Loss: 1.8067 | Val Loss: 1.7567 | Val Acc: 0.3214
2025-06-23 18:39:31,523 [INFO] Epoch 013 | Train Loss: 1.7188 | Val Loss: 1.7287 | Val Acc: 0.3214
2025-06-23 18:39:31,554 [INFO] Epoch 014 | Train Loss: 1.4388 | Val Loss: 1.6961 | Val Acc: 0.3036
2025-06-23 18:39:31,586 [INFO] Epoch 015 | Train Loss: 1.5124 | Val Loss: 1.6769 | Val Acc: 0.3036
2025-06-23 18:39:31,615 [INFO] Epoch 016 | Train Loss: 1.6240 | Val Loss: 1.7134 | Val Acc: 0.2857
2025-06-23 18:39:31,659 [INFO] Epoch 017 | Train Loss: 1.8262 | Val Loss: 1.5394 | Val Acc: 0.3036
2025-06-23 18:39:31,694 [INFO] Epoch 018 | Train Loss: 1.8349 | Val Loss: 2.1573 | Val Acc: 0.3571
2025-06-23 18:39:31,726 [INFO] Epoch 019 | Train Loss: 1.5636 | Val Loss: 2.4631 | Val Acc: 0.2857
2025-06-23 18:39:31,758 [INFO] Epoch 020 | Train Loss: 1.9471 | Val Loss: 1.7706 | Val Acc: 0.2857
2025-06-23 18:39:33,072 [INFO] Epoch 021 | Train Loss: 1.5564 | Val Loss: 1.4836 | Val Acc: 0.2679
2025-06-23 18:39:33,113 [INFO] Epoch 022 | Train Loss: 1.5522 | Val Loss: 1.8349 | Val Acc: 0.2500
2025-06-23 18:39:33,148 [INFO] Epoch 023 | Train Loss: 1.3392 | Val Loss: 1.5951 | Val Acc: 0.2857
2025-06-23 18:39:33,179 [INFO] Epoch 024 | Train Loss: 1.5131 | Val Loss: 1.4516 | Val Acc: 0.2679
2025-06-23 18:39:33,209 [INFO] Epoch 025 | Train Loss: 1.5867 | Val Loss: 1.4612 | Val Acc: 0.2500
2025-06-23 18:39:33,240 [INFO] Epoch 026 | Train Loss: 1.5608 | Val Loss: 1.3899 | Val Acc: 0.2500
2025-06-23 18:39:33,270 [INFO] Epoch 027 | Train Loss: 1.3835 | Val Loss: 1.4118 | Val Acc: 0.3036
2025-06-23 18:39:33,300 [INFO] Epoch 028 | Train Loss: 1.6670 | Val Loss: 1.5217 | Val Acc: 0.3214
2025-06-23 18:39:33,329 [INFO] Epoch 029 | Train Loss: 1.5455 | Val Loss: 1.3700 | Val Acc: 0.2857
2025-06-23 18:39:33,359 [INFO] Epoch 030 | Train Loss: 1.4780 | Val Loss: 1.3490 | Val Acc: 0.2679
2025-06-23 18:39:37,566 [INFO] Epoch 031 | Train Loss: 1.4890 | Val Loss: 1.3829 | Val Acc: 0.3214
2025-06-23 18:39:37,608 [INFO] Epoch 032 | Train Loss: 1.3902 | Val Loss: 1.4288 | Val Acc: 0.1964
2025-06-23 18:39:37,648 [INFO] Epoch 033 | Train Loss: 1.3712 | Val Loss: 1.6542 | Val Acc: 0.2857
2025-06-23 18:39:37,678 [INFO] Epoch 034 | Train Loss: 1.3132 | Val Loss: 1.6999 | Val Acc: 0.2857
2025-06-23 18:39:37,709 [INFO] Epoch 035 | Train Loss: 1.5851 | Val Loss: 1.4447 | Val Acc: 0.2857
2025-06-23 18:39:37,739 [INFO] Epoch 036 | Train Loss: 1.3284 | Val Loss: 1.5195 | Val Acc: 0.3036
2025-06-23 18:39:37,775 [INFO] Epoch 037 | Train Loss: 1.2827 | Val Loss: 1.7053 | Val Acc: 0.3393
2025-06-23 18:39:37,814 [INFO] Epoch 038 | Train Loss: 1.6313 | Val Loss: 1.5475 | Val Acc: 0.3393
2025-06-23 18:39:37,847 [INFO] Epoch 039 | Train Loss: 1.3686 | Val Loss: 1.7154 | Val Acc: 0.3393
2025-06-23 18:39:37,894 [INFO] Epoch 040 | Train Loss: 1.3335 | Val Loss: 1.3832 | Val Acc: 0.3393
2025-06-23 18:39:39,211 [INFO] Epoch 041 | Train Loss: 1.3570 | Val Loss: 1.5288 | Val Acc: 0.2500
2025-06-23 18:39:39,252 [INFO] Epoch 042 | Train Loss: 1.2622 | Val Loss: 1.3372 | Val Acc: 0.3214
2025-06-23 18:39:39,290 [INFO] Epoch 043 | Train Loss: 1.3655 | Val Loss: 1.4860 | Val Acc: 0.3214
2025-06-23 18:39:39,321 [INFO] Epoch 044 | Train Loss: 1.3186 | Val Loss: 1.5635 | Val Acc: 0.3393
2025-06-23 18:39:39,352 [INFO] Epoch 045 | Train Loss: 1.3365 | Val Loss: 1.4899 | Val Acc: 0.3571
2025-06-23 18:39:39,382 [INFO] Epoch 046 | Train Loss: 1.2581 | Val Loss: 1.6140 | Val Acc: 0.3929
2025-06-23 18:39:39,387 [INFO] New best model at epoch 46 (Val Acc: 0.3929)
2025-06-23 18:39:39,417 [INFO] Epoch 047 | Train Loss: 1.2665 | Val Loss: 1.4590 | Val Acc: 0.3571
2025-06-23 18:39:39,510 [INFO] Epoch 048 | Train Loss: 1.2563 | Val Loss: 1.4687 | Val Acc: 0.3929
2025-06-23 18:39:39,541 [INFO] Epoch 049 | Train Loss: 1.4524 | Val Loss: 1.4143 | Val Acc: 0.2857
2025-06-23 18:39:39,572 [INFO] Epoch 050 | Train Loss: 1.3859 | Val Loss: 1.6443 | Val Acc: 0.3214
2025-06-23 18:39:40,827 [INFO] Best model saved to <built-in function time>/ENZYMES/best/best_source_gin.pth (Val Acc: 0.3929 at epoch 46)
2025-06-23 18:39:40,827 [INFO] Training/validation metrics saved to <built-in function time>/ENZYMES/GIN_0.01/train_metrics.csv
2025-06-23 18:39:46,673 [INFO] Final training curves saved
2025-06-23 18:39:46,673 [INFO] Training completed!
2025-06-23 18:39:46,673 [INFO] Best validation accuracy: 0.3929
2025-06-23 18:39:46,673 [INFO] Best epoch: 46
2025-06-23 18:39:46,673 [INFO] Total epochs trained: 50
2025-06-23 18:39:46,675 [INFO] Starting training with parameters: (0.01, 0.4, 32, 5, 50, 0.001)
