2025-06-22 10:38:52,781 [INFO] Using device: cpu
2025-06-22 10:38:52,782 [INFO] 开始创建数据加载器...
2025-06-22 10:38:52,787 [INFO] Successfully loaded dataset ENZYMES from ./data, total graphs: 600
2025-06-22 10:38:52,788 [INFO] Class allocation analysis:
2025-06-22 10:38:52,788 [INFO]   Source classes: [0, 1, 2, 3]
2025-06-22 10:38:52,788 [INFO]   Target classes: [0, 1, 2, 3, 4, 5]
2025-06-22 10:38:52,788 [INFO]   Overlap classes (to be split): [0, 1, 2, 3]
2025-06-22 10:38:52,788 [INFO]   Target novel classes (unknown): [4, 5]
2025-06-22 10:38:52,801 [INFO]   Class 0: 100 total -> Source: 70, Target: 30
2025-06-22 10:38:52,802 [INFO]   Class 1: 100 total -> Source: 70, Target: 30
2025-06-22 10:38:52,802 [INFO]   Class 2: 100 total -> Source: 70, Target: 30
2025-06-22 10:38:52,802 [INFO]   Class 3: 100 total -> Source: 70, Target: 30
2025-06-22 10:38:52,802 [INFO]   Class 4 (novel/unknown): 100 samples -> Target
2025-06-22 10:38:52,802 [INFO]   Class 5 (novel/unknown): 100 samples -> Target
2025-06-22 10:38:52,802 [INFO] Final allocation:
2025-06-22 10:38:52,802 [INFO]   Source domain: 280 samples
2025-06-22 10:38:52,802 [INFO]   Target domain: 320 samples
2025-06-22 10:38:52,803 [INFO] Source domain setup:
2025-06-22 10:38:52,803 [INFO]   Original classes: [0, 1, 2, 3]
2025-06-22 10:38:52,803 [INFO]   Overlap classes used: [0, 1, 2, 3]
2025-06-22 10:38:52,803 [INFO]   Label mapping: {0: 0, 1: 1, 2: 2, 3: 3}
2025-06-22 10:38:52,803 [INFO]   Total data after allocation: 280
2025-06-22 10:38:52,803 [INFO]   Data split - Train: 224, Val: 56
2025-06-22 10:38:52,803 [INFO]   Train label distribution: {0: 56, 1: 56, 3: 56, 2: 56}
2025-06-22 10:38:52,803 [INFO]   Val label distribution: {1: 14, 2: 14, 0: 14, 3: 14}
2025-06-22 10:38:52,805 [INFO] Successfully loaded dataset ENZYMES from ./data, total graphs: 600
2025-06-22 10:38:52,805 [INFO] Class allocation analysis:
2025-06-22 10:38:52,805 [INFO]   Source classes: [0, 1, 2, 3]
2025-06-22 10:38:52,805 [INFO]   Target classes: [0, 1, 2, 3, 4, 5]
2025-06-22 10:38:52,805 [INFO]   Overlap classes (to be split): [0, 1, 2, 3]
2025-06-22 10:38:52,805 [INFO]   Target novel classes (unknown): [4, 5]
2025-06-22 10:38:52,818 [INFO]   Class 0: 100 total -> Source: 70, Target: 30
2025-06-22 10:38:52,818 [INFO]   Class 1: 100 total -> Source: 70, Target: 30
2025-06-22 10:38:52,818 [INFO]   Class 2: 100 total -> Source: 70, Target: 30
2025-06-22 10:38:52,819 [INFO]   Class 3: 100 total -> Source: 70, Target: 30
2025-06-22 10:38:52,819 [INFO]   Class 4 (novel/unknown): 100 samples -> Target
2025-06-22 10:38:52,819 [INFO]   Class 5 (novel/unknown): 100 samples -> Target
2025-06-22 10:38:52,819 [INFO] Final allocation:
2025-06-22 10:38:52,819 [INFO]   Source domain: 280 samples
2025-06-22 10:38:52,819 [INFO]   Target domain: 320 samples
2025-06-22 10:38:52,820 [INFO] Target domain setup:
2025-06-22 10:38:52,820 [INFO]   Original classes: [0, 1, 2, 3, 4, 5]
2025-06-22 10:38:52,820 [INFO]   Overlap classes: [0, 1, 2, 3]
2025-06-22 10:38:52,820 [INFO]   Novel classes: [4, 5] -> mapped to unknown label 4
2025-06-22 10:38:52,820 [INFO]   Label mapping: {0: 0, 1: 1, 2: 2, 3: 3, 4: 4, 5: 4}
2025-06-22 10:38:52,820 [INFO]   Total data after allocation: 320
2025-06-22 10:38:52,820 [INFO]   Data split - Train: 256, Val: 64
2025-06-22 10:38:52,820 [INFO]   Total count: 320 (known: 120, unknown: 200)
2025-06-22 10:38:52,820 [INFO]   Total label distribution: {4: 200, 3: 30, 0: 30, 1: 30, 2: 30}
2025-06-22 10:38:52,820 [INFO]   Train label distribution: {4: 160, 0: 24, 2: 24, 3: 24, 1: 24}
2025-06-22 10:38:52,820 [INFO]   Val label distribution: {1: 6, 4: 40, 3: 6, 0: 6, 2: 6}
2025-06-22 10:38:52,821 [INFO] 数据加载器创建完成!
2025-06-22 10:38:52,821 [INFO] 源域类别数: 4 (重叠类别)
2025-06-22 10:38:52,821 [INFO] 目标域类别数: 5 (4个重叠类别 + 1个未知类别)
2025-06-22 10:38:52,821 [INFO] 重叠类别: [0, 1, 2, 3]
2025-06-22 10:38:52,821 [INFO] 目标域新类别: [4, 5]
2025-06-22 10:38:52,821 [INFO] Data allocation verification:
2025-06-22 10:38:52,821 [INFO]   Source data samples: 280
2025-06-22 10:38:52,821 [INFO]   Target data samples: 320
2025-06-22 10:38:52,821 [INFO]   Overlapping samples: 0
2025-06-22 10:38:52,821 [INFO]   ✓ Data allocation is correct - no overlapping samples
2025-06-22 10:38:52,824 [INFO] Model initialized with 334084 parameters
2025-06-22 10:38:52,824 [INFO] Previous best validation accuracy read from record.txt: 0.6250
2025-06-22 10:38:52,824 [INFO] Starting training...
2025-06-22 10:38:52,887 [INFO] Epoch 001 | Train Loss: 12.0320 | Val Loss: 2.1953 | Val Acc: 0.4107
2025-06-22 10:38:53,704 [INFO] New best model at epoch 1 (Val Acc: 0.4107)
2025-06-22 10:38:53,804 [INFO] Epoch 002 | Train Loss: 9.9731 | Val Loss: 1.8487 | Val Acc: 0.3750
2025-06-22 10:38:53,853 [INFO] Epoch 003 | Train Loss: 9.9321 | Val Loss: 3.2581 | Val Acc: 0.2500
2025-06-22 10:38:53,910 [INFO] Epoch 004 | Train Loss: 9.3953 | Val Loss: 4.8986 | Val Acc: 0.2500
2025-06-22 10:38:53,958 [INFO] Epoch 005 | Train Loss: 6.2584 | Val Loss: 4.7292 | Val Acc: 0.2857
2025-06-22 10:38:54,004 [INFO] Epoch 006 | Train Loss: 6.8615 | Val Loss: 2.8761 | Val Acc: 0.3214
2025-06-22 10:38:54,054 [INFO] Epoch 007 | Train Loss: 6.3009 | Val Loss: 5.3686 | Val Acc: 0.2143
2025-06-22 10:38:54,102 [INFO] Epoch 008 | Train Loss: 7.3672 | Val Loss: 5.1053 | Val Acc: 0.1964
2025-06-22 10:38:54,149 [INFO] Epoch 009 | Train Loss: 4.6833 | Val Loss: 3.5220 | Val Acc: 0.3929
2025-06-22 10:38:54,217 [INFO] Epoch 010 | Train Loss: 5.9312 | Val Loss: 3.4737 | Val Acc: 0.3571
2025-06-22 10:38:55,137 [INFO] Epoch 011 | Train Loss: 4.6954 | Val Loss: 5.1889 | Val Acc: 0.3393
2025-06-22 10:38:55,203 [INFO] Epoch 012 | Train Loss: 4.3676 | Val Loss: 3.1984 | Val Acc: 0.3393
2025-06-22 10:38:55,247 [INFO] Epoch 013 | Train Loss: 4.7367 | Val Loss: 2.6873 | Val Acc: 0.4286
2025-06-22 10:38:55,259 [INFO] New best model at epoch 13 (Val Acc: 0.4286)
2025-06-22 10:38:55,313 [INFO] Epoch 014 | Train Loss: 4.4119 | Val Loss: 2.6274 | Val Acc: 0.4464
2025-06-22 10:38:55,321 [INFO] New best model at epoch 14 (Val Acc: 0.4464)
2025-06-22 10:38:55,373 [INFO] Epoch 015 | Train Loss: 4.1769 | Val Loss: 3.2329 | Val Acc: 0.3393
2025-06-22 10:38:55,434 [INFO] Epoch 016 | Train Loss: 4.8225 | Val Loss: 6.7375 | Val Acc: 0.2857
2025-06-22 10:38:55,480 [INFO] Epoch 017 | Train Loss: 3.6640 | Val Loss: 4.8826 | Val Acc: 0.2679
2025-06-22 10:38:55,526 [INFO] Epoch 018 | Train Loss: 4.0696 | Val Loss: 3.2500 | Val Acc: 0.3214
2025-06-22 10:38:55,573 [INFO] Epoch 019 | Train Loss: 2.9904 | Val Loss: 2.5423 | Val Acc: 0.4464
2025-06-22 10:38:55,619 [INFO] Epoch 020 | Train Loss: 2.9933 | Val Loss: 3.0386 | Val Acc: 0.3036
2025-06-22 10:38:56,528 [INFO] Epoch 021 | Train Loss: 3.5686 | Val Loss: 2.6764 | Val Acc: 0.3036
2025-06-22 10:38:56,591 [INFO] Epoch 022 | Train Loss: 2.7151 | Val Loss: 2.2229 | Val Acc: 0.3929
2025-06-22 10:38:56,646 [INFO] Epoch 023 | Train Loss: 3.7104 | Val Loss: 2.2631 | Val Acc: 0.4107
2025-06-22 10:38:56,692 [INFO] Epoch 024 | Train Loss: 3.2337 | Val Loss: 2.4383 | Val Acc: 0.4107
2025-06-22 10:38:56,740 [INFO] Epoch 025 | Train Loss: 2.7907 | Val Loss: 2.6048 | Val Acc: 0.3750
2025-06-22 10:38:56,799 [INFO] Epoch 026 | Train Loss: 2.7163 | Val Loss: 2.9336 | Val Acc: 0.3929
2025-06-22 10:38:56,847 [INFO] Epoch 027 | Train Loss: 3.5633 | Val Loss: 2.4014 | Val Acc: 0.4286
2025-06-22 10:38:56,895 [INFO] Epoch 028 | Train Loss: 2.8834 | Val Loss: 2.1772 | Val Acc: 0.4107
2025-06-22 10:38:56,940 [INFO] Epoch 029 | Train Loss: 2.6361 | Val Loss: 2.5939 | Val Acc: 0.3571
2025-06-22 10:38:56,987 [INFO] Epoch 030 | Train Loss: 3.7538 | Val Loss: 3.6049 | Val Acc: 0.2857
2025-06-22 10:38:59,391 [INFO] Epoch 031 | Train Loss: 3.4530 | Val Loss: 2.4931 | Val Acc: 0.3393
2025-06-22 10:38:59,453 [INFO] Epoch 032 | Train Loss: 2.7833 | Val Loss: 2.8550 | Val Acc: 0.3393
2025-06-22 10:38:59,497 [INFO] Epoch 033 | Train Loss: 2.3306 | Val Loss: 2.1410 | Val Acc: 0.4107
2025-06-22 10:38:59,564 [INFO] Epoch 034 | Train Loss: 2.1475 | Val Loss: 2.9117 | Val Acc: 0.3214
2025-06-22 10:38:59,648 [INFO] Epoch 035 | Train Loss: 2.2190 | Val Loss: 3.7566 | Val Acc: 0.3214
2025-06-22 10:38:59,694 [INFO] Epoch 036 | Train Loss: 3.5115 | Val Loss: 2.4950 | Val Acc: 0.3750
2025-06-22 10:38:59,750 [INFO] Epoch 037 | Train Loss: 1.8456 | Val Loss: 2.7065 | Val Acc: 0.4643
2025-06-22 10:38:59,758 [INFO] New best model at epoch 37 (Val Acc: 0.4643)
2025-06-22 10:38:59,804 [INFO] Epoch 038 | Train Loss: 2.3553 | Val Loss: 2.8046 | Val Acc: 0.3214
2025-06-22 10:38:59,869 [INFO] Epoch 039 | Train Loss: 2.3142 | Val Loss: 2.3785 | Val Acc: 0.3393
2025-06-22 10:38:59,929 [INFO] Epoch 040 | Train Loss: 2.6149 | Val Loss: 1.8584 | Val Acc: 0.4464
2025-06-22 10:39:00,794 [INFO] Epoch 041 | Train Loss: 2.7842 | Val Loss: 2.5371 | Val Acc: 0.3571
2025-06-22 10:39:00,855 [INFO] Epoch 042 | Train Loss: 2.1491 | Val Loss: 1.9952 | Val Acc: 0.3929
2025-06-22 10:39:00,910 [INFO] Epoch 043 | Train Loss: 2.6579 | Val Loss: 1.8532 | Val Acc: 0.3929
2025-06-22 10:39:00,957 [INFO] Epoch 044 | Train Loss: 1.7940 | Val Loss: 2.2675 | Val Acc: 0.3214
2025-06-22 10:39:01,010 [INFO] Epoch 045 | Train Loss: 2.6927 | Val Loss: 2.1930 | Val Acc: 0.4643
2025-06-22 10:39:01,078 [INFO] Epoch 046 | Train Loss: 2.1527 | Val Loss: 2.5657 | Val Acc: 0.3571
2025-06-22 10:39:01,124 [INFO] Epoch 047 | Train Loss: 1.6389 | Val Loss: 1.9066 | Val Acc: 0.4464
2025-06-22 10:39:01,171 [INFO] Epoch 048 | Train Loss: 1.8229 | Val Loss: 2.1107 | Val Acc: 0.3929
2025-06-22 10:39:01,218 [INFO] Epoch 049 | Train Loss: 1.6146 | Val Loss: 2.3841 | Val Acc: 0.3571
2025-06-22 10:39:01,263 [INFO] Epoch 050 | Train Loss: 1.9865 | Val Loss: 1.9108 | Val Acc: 0.3571
2025-06-22 10:39:02,189 [INFO] Epoch 051 | Train Loss: 1.3929 | Val Loss: 2.4303 | Val Acc: 0.3929
2025-06-22 10:39:02,235 [INFO] Epoch 052 | Train Loss: 1.8437 | Val Loss: 2.2140 | Val Acc: 0.4464
2025-06-22 10:39:02,280 [INFO] Epoch 053 | Train Loss: 1.4126 | Val Loss: 2.2906 | Val Acc: 0.3750
2025-06-22 10:39:02,334 [INFO] Epoch 054 | Train Loss: 1.5012 | Val Loss: 2.1921 | Val Acc: 0.3214
2025-06-22 10:39:02,379 [INFO] Epoch 055 | Train Loss: 1.7506 | Val Loss: 1.9654 | Val Acc: 0.4464
2025-06-22 10:39:02,427 [INFO] Epoch 056 | Train Loss: 1.1422 | Val Loss: 1.8727 | Val Acc: 0.4464
2025-06-22 10:39:02,473 [INFO] Epoch 057 | Train Loss: 1.5314 | Val Loss: 1.6707 | Val Acc: 0.4464
2025-06-22 10:39:02,529 [INFO] Epoch 058 | Train Loss: 1.0288 | Val Loss: 1.9856 | Val Acc: 0.3393
2025-06-22 10:39:02,574 [INFO] Epoch 059 | Train Loss: 1.6697 | Val Loss: 2.0203 | Val Acc: 0.4286
2025-06-22 10:39:02,627 [INFO] Epoch 060 | Train Loss: 2.1571 | Val Loss: 2.3287 | Val Acc: 0.4286
2025-06-22 10:39:03,453 [INFO] Epoch 061 | Train Loss: 1.5203 | Val Loss: 2.2449 | Val Acc: 0.3929
2025-06-22 10:39:03,519 [INFO] Epoch 062 | Train Loss: 1.4838 | Val Loss: 1.7297 | Val Acc: 0.4107
2025-06-22 10:39:03,563 [INFO] Epoch 063 | Train Loss: 1.4213 | Val Loss: 1.8893 | Val Acc: 0.4107
2025-06-22 10:39:03,607 [INFO] Epoch 064 | Train Loss: 1.7019 | Val Loss: 1.9788 | Val Acc: 0.4821
2025-06-22 10:39:03,615 [INFO] New best model at epoch 64 (Val Acc: 0.4821)
2025-06-22 10:39:03,654 [INFO] Epoch 065 | Train Loss: 1.3595 | Val Loss: 2.2426 | Val Acc: 0.4643
2025-06-22 10:39:03,770 [INFO] Epoch 066 | Train Loss: 1.7735 | Val Loss: 2.0496 | Val Acc: 0.3750
2025-06-22 10:39:03,819 [INFO] Epoch 067 | Train Loss: 1.9801 | Val Loss: 2.7547 | Val Acc: 0.4286
2025-06-22 10:39:03,867 [INFO] Epoch 068 | Train Loss: 2.0302 | Val Loss: 1.9158 | Val Acc: 0.4464
2025-06-22 10:39:03,915 [INFO] Epoch 069 | Train Loss: 1.6363 | Val Loss: 2.3331 | Val Acc: 0.4464
2025-06-22 10:39:03,971 [INFO] Epoch 070 | Train Loss: 1.9741 | Val Loss: 2.0846 | Val Acc: 0.4286
2025-06-22 10:39:04,793 [INFO] Epoch 071 | Train Loss: 1.5905 | Val Loss: 1.9986 | Val Acc: 0.4464
2025-06-22 10:39:04,859 [INFO] Epoch 072 | Train Loss: 2.0843 | Val Loss: 2.1512 | Val Acc: 0.3929
2025-06-22 10:39:04,917 [INFO] Epoch 073 | Train Loss: 1.1753 | Val Loss: 1.6554 | Val Acc: 0.5000
2025-06-22 10:39:04,925 [INFO] New best model at epoch 73 (Val Acc: 0.5000)
2025-06-22 10:39:04,980 [INFO] Epoch 074 | Train Loss: 1.4579 | Val Loss: 1.6908 | Val Acc: 0.3929
2025-06-22 10:39:05,025 [INFO] Epoch 075 | Train Loss: 1.6542 | Val Loss: 2.0138 | Val Acc: 0.3571
2025-06-22 10:39:05,077 [INFO] Epoch 076 | Train Loss: 2.0044 | Val Loss: 2.2333 | Val Acc: 0.3571
2025-06-22 10:39:05,137 [INFO] Epoch 077 | Train Loss: 1.3169 | Val Loss: 2.1461 | Val Acc: 0.3036
2025-06-22 10:39:05,182 [INFO] Epoch 078 | Train Loss: 0.8729 | Val Loss: 1.8340 | Val Acc: 0.4286
2025-06-22 10:39:05,228 [INFO] Epoch 079 | Train Loss: 2.0670 | Val Loss: 1.9730 | Val Acc: 0.4107
2025-06-22 10:39:05,275 [INFO] Epoch 080 | Train Loss: 1.3469 | Val Loss: 1.8629 | Val Acc: 0.3750
2025-06-22 10:39:06,156 [INFO] Epoch 081 | Train Loss: 0.8490 | Val Loss: 1.9681 | Val Acc: 0.4643
2025-06-22 10:39:06,212 [INFO] Epoch 082 | Train Loss: 1.2754 | Val Loss: 1.7941 | Val Acc: 0.4464
2025-06-22 10:39:06,256 [INFO] Epoch 083 | Train Loss: 0.9487 | Val Loss: 1.9983 | Val Acc: 0.3929
2025-06-22 10:39:06,301 [INFO] Epoch 084 | Train Loss: 1.1771 | Val Loss: 2.7299 | Val Acc: 0.3393
2025-06-22 10:39:06,348 [INFO] Epoch 085 | Train Loss: 1.1027 | Val Loss: 2.0268 | Val Acc: 0.4286
2025-06-22 10:39:06,394 [INFO] Epoch 086 | Train Loss: 0.9432 | Val Loss: 2.1824 | Val Acc: 0.4464
2025-06-22 10:39:06,439 [INFO] Epoch 087 | Train Loss: 1.3198 | Val Loss: 1.7855 | Val Acc: 0.4286
2025-06-22 10:39:06,484 [INFO] Epoch 088 | Train Loss: 0.9701 | Val Loss: 1.7164 | Val Acc: 0.3929
2025-06-22 10:39:06,529 [INFO] Epoch 089 | Train Loss: 1.1261 | Val Loss: 2.0233 | Val Acc: 0.4643
2025-06-22 10:39:06,574 [INFO] Epoch 090 | Train Loss: 1.0348 | Val Loss: 2.5934 | Val Acc: 0.4107
2025-06-22 10:39:07,662 [INFO] Epoch 091 | Train Loss: 1.4890 | Val Loss: 2.2266 | Val Acc: 0.4821
2025-06-22 10:39:07,746 [INFO] Epoch 092 | Train Loss: 1.4616 | Val Loss: 2.2612 | Val Acc: 0.3750
2025-06-22 10:39:07,801 [INFO] Epoch 093 | Train Loss: 1.2203 | Val Loss: 2.0073 | Val Acc: 0.4286
2025-06-22 10:39:07,847 [INFO] Epoch 094 | Train Loss: 1.6458 | Val Loss: 2.0260 | Val Acc: 0.4107
2025-06-22 10:39:07,892 [INFO] Epoch 095 | Train Loss: 0.9743 | Val Loss: 2.2011 | Val Acc: 0.4643
2025-06-22 10:39:07,938 [INFO] Epoch 096 | Train Loss: 1.0428 | Val Loss: 1.7066 | Val Acc: 0.4464
2025-06-22 10:39:07,985 [INFO] Epoch 097 | Train Loss: 1.2586 | Val Loss: 1.6949 | Val Acc: 0.4821
2025-06-22 10:39:08,032 [INFO] Epoch 098 | Train Loss: 0.9253 | Val Loss: 1.7745 | Val Acc: 0.4286
2025-06-22 10:39:08,079 [INFO] Epoch 099 | Train Loss: 1.2684 | Val Loss: 1.8698 | Val Acc: 0.4286
2025-06-22 10:39:08,165 [INFO] Epoch 100 | Train Loss: 1.6272 | Val Loss: 2.2151 | Val Acc: 0.4643
2025-06-22 10:39:09,410 [INFO] Epoch 101 | Train Loss: 1.1047 | Val Loss: 2.5099 | Val Acc: 0.3571
2025-06-22 10:39:09,474 [INFO] Epoch 102 | Train Loss: 0.8680 | Val Loss: 2.4319 | Val Acc: 0.3929
2025-06-22 10:39:09,517 [INFO] Epoch 103 | Train Loss: 0.8404 | Val Loss: 2.5364 | Val Acc: 0.3929
2025-06-22 10:39:09,564 [INFO] Epoch 104 | Train Loss: 0.7890 | Val Loss: 2.5089 | Val Acc: 0.4107
2025-06-22 10:39:09,610 [INFO] Epoch 105 | Train Loss: 1.4497 | Val Loss: 2.3264 | Val Acc: 0.3750
2025-06-22 10:39:09,653 [INFO] Epoch 106 | Train Loss: 0.7086 | Val Loss: 2.3202 | Val Acc: 0.4464
2025-06-22 10:39:09,699 [INFO] Epoch 107 | Train Loss: 1.1122 | Val Loss: 2.0771 | Val Acc: 0.4107
2025-06-22 10:39:09,745 [INFO] Epoch 108 | Train Loss: 0.9237 | Val Loss: 2.5215 | Val Acc: 0.3393
2025-06-22 10:39:09,792 [INFO] Epoch 109 | Train Loss: 1.2864 | Val Loss: 2.4272 | Val Acc: 0.4464
2025-06-22 10:39:09,838 [INFO] Epoch 110 | Train Loss: 1.2089 | Val Loss: 3.0055 | Val Acc: 0.4107
2025-06-22 10:39:10,699 [INFO] Epoch 111 | Train Loss: 1.1729 | Val Loss: 2.5653 | Val Acc: 0.4464
2025-06-22 10:39:10,762 [INFO] Epoch 112 | Train Loss: 0.7421 | Val Loss: 2.4379 | Val Acc: 0.4286
2025-06-22 10:39:10,813 [INFO] Epoch 113 | Train Loss: 0.9390 | Val Loss: 2.8648 | Val Acc: 0.4821
2025-06-22 10:39:10,858 [INFO] Epoch 114 | Train Loss: 0.7445 | Val Loss: 2.8586 | Val Acc: 0.4107
2025-06-22 10:39:10,904 [INFO] Epoch 115 | Train Loss: 0.8182 | Val Loss: 2.4505 | Val Acc: 0.4643
2025-06-22 10:39:10,952 [INFO] Epoch 116 | Train Loss: 0.9708 | Val Loss: 2.8425 | Val Acc: 0.4643
2025-06-22 10:39:10,998 [INFO] Epoch 117 | Train Loss: 1.0129 | Val Loss: 2.5346 | Val Acc: 0.5179
2025-06-22 10:39:11,007 [INFO] New best model at epoch 117 (Val Acc: 0.5179)
2025-06-22 10:39:11,048 [INFO] Epoch 118 | Train Loss: 1.2932 | Val Loss: 2.8573 | Val Acc: 0.4821
2025-06-22 10:39:11,094 [INFO] Epoch 119 | Train Loss: 1.5117 | Val Loss: 2.6723 | Val Acc: 0.4464
2025-06-22 10:39:11,148 [INFO] Epoch 120 | Train Loss: 0.7127 | Val Loss: 2.9295 | Val Acc: 0.3571
2025-06-22 10:39:12,093 [INFO] Epoch 121 | Train Loss: 1.0453 | Val Loss: 2.9348 | Val Acc: 0.3929
2025-06-22 10:39:12,157 [INFO] Epoch 122 | Train Loss: 0.7681 | Val Loss: 2.9782 | Val Acc: 0.4286
2025-06-22 10:39:12,201 [INFO] Epoch 123 | Train Loss: 0.9310 | Val Loss: 2.8175 | Val Acc: 0.4643
2025-06-22 10:39:12,246 [INFO] Epoch 124 | Train Loss: 0.8569 | Val Loss: 2.4010 | Val Acc: 0.4464
2025-06-22 10:39:12,291 [INFO] Epoch 125 | Train Loss: 0.7252 | Val Loss: 2.2848 | Val Acc: 0.3929
2025-06-22 10:39:12,339 [INFO] Epoch 126 | Train Loss: 0.6136 | Val Loss: 2.3983 | Val Acc: 0.4643
2025-06-22 10:39:12,395 [INFO] Epoch 127 | Train Loss: 0.9782 | Val Loss: 2.4604 | Val Acc: 0.4107
2025-06-22 10:39:12,443 [INFO] Epoch 128 | Train Loss: 0.5788 | Val Loss: 2.6263 | Val Acc: 0.4107
2025-06-22 10:39:12,489 [INFO] Epoch 129 | Train Loss: 0.8164 | Val Loss: 2.5142 | Val Acc: 0.4464
2025-06-22 10:39:12,534 [INFO] Epoch 130 | Train Loss: 0.8753 | Val Loss: 2.7987 | Val Acc: 0.4286
2025-06-22 10:39:15,422 [INFO] Epoch 131 | Train Loss: 0.7976 | Val Loss: 2.7152 | Val Acc: 0.4464
2025-06-22 10:39:15,472 [INFO] Epoch 132 | Train Loss: 0.6428 | Val Loss: 2.5508 | Val Acc: 0.3929
2025-06-22 10:39:15,531 [INFO] Epoch 133 | Train Loss: 0.8181 | Val Loss: 2.5402 | Val Acc: 0.4643
2025-06-22 10:39:15,593 [INFO] Epoch 134 | Train Loss: 0.5519 | Val Loss: 2.6326 | Val Acc: 0.4821
2025-06-22 10:39:15,641 [INFO] Epoch 135 | Train Loss: 0.6162 | Val Loss: 2.6109 | Val Acc: 0.4821
2025-06-22 10:39:15,688 [INFO] Epoch 136 | Train Loss: 0.4841 | Val Loss: 2.8018 | Val Acc: 0.4464
2025-06-22 10:39:15,737 [INFO] Epoch 137 | Train Loss: 0.6009 | Val Loss: 2.6504 | Val Acc: 0.4643
2025-06-22 10:39:15,782 [INFO] Epoch 138 | Train Loss: 0.6061 | Val Loss: 2.8722 | Val Acc: 0.3929
2025-06-22 10:39:15,828 [INFO] Epoch 139 | Train Loss: 0.6264 | Val Loss: 3.1836 | Val Acc: 0.3750
2025-06-22 10:39:15,886 [INFO] Epoch 140 | Train Loss: 0.9265 | Val Loss: 3.0805 | Val Acc: 0.5000
2025-06-22 10:39:16,715 [INFO] Epoch 141 | Train Loss: 0.6598 | Val Loss: 2.4159 | Val Acc: 0.5000
2025-06-22 10:39:16,793 [INFO] Epoch 142 | Train Loss: 0.5383 | Val Loss: 2.2668 | Val Acc: 0.4464
2025-06-22 10:39:16,843 [INFO] Epoch 143 | Train Loss: 0.6770 | Val Loss: 2.2433 | Val Acc: 0.4821
2025-06-22 10:39:16,892 [INFO] Epoch 144 | Train Loss: 0.5966 | Val Loss: 2.4486 | Val Acc: 0.5000
2025-06-22 10:39:16,938 [INFO] Epoch 145 | Train Loss: 0.6020 | Val Loss: 2.5180 | Val Acc: 0.5179
2025-06-22 10:39:16,985 [INFO] Epoch 146 | Train Loss: 0.7152 | Val Loss: 2.2486 | Val Acc: 0.3750
2025-06-22 10:39:17,031 [INFO] Epoch 147 | Train Loss: 0.4508 | Val Loss: 2.2735 | Val Acc: 0.4821
2025-06-22 10:39:17,085 [INFO] Epoch 148 | Train Loss: 0.5172 | Val Loss: 2.3175 | Val Acc: 0.4464
2025-06-22 10:39:17,150 [INFO] Epoch 149 | Train Loss: 0.5970 | Val Loss: 3.0500 | Val Acc: 0.4821
2025-06-22 10:39:17,198 [INFO] Epoch 150 | Train Loss: 0.4822 | Val Loss: 3.4878 | Val Acc: 0.4821
2025-06-22 10:39:18,024 [INFO] Epoch 151 | Train Loss: 0.6540 | Val Loss: 3.6393 | Val Acc: 0.4643
2025-06-22 10:39:18,089 [INFO] Epoch 152 | Train Loss: 0.4523 | Val Loss: 3.5021 | Val Acc: 0.4464
2025-06-22 10:39:18,133 [INFO] Epoch 153 | Train Loss: 0.8157 | Val Loss: 3.6631 | Val Acc: 0.3929
2025-06-22 10:39:18,179 [INFO] Epoch 154 | Train Loss: 0.4755 | Val Loss: 2.8865 | Val Acc: 0.4464
2025-06-22 10:39:18,223 [INFO] Epoch 155 | Train Loss: 0.7667 | Val Loss: 2.8286 | Val Acc: 0.5000
2025-06-22 10:39:18,268 [INFO] Epoch 156 | Train Loss: 0.6624 | Val Loss: 3.3060 | Val Acc: 0.4107
2025-06-22 10:39:18,314 [INFO] Epoch 157 | Train Loss: 0.7564 | Val Loss: 3.0444 | Val Acc: 0.4464
2025-06-22 10:39:18,360 [INFO] Epoch 158 | Train Loss: 1.1379 | Val Loss: 2.8125 | Val Acc: 0.4643
2025-06-22 10:39:18,406 [INFO] Epoch 159 | Train Loss: 0.7285 | Val Loss: 3.0114 | Val Acc: 0.4464
2025-06-22 10:39:18,452 [INFO] Epoch 160 | Train Loss: 0.7695 | Val Loss: 3.4334 | Val Acc: 0.4464
2025-06-22 10:39:19,299 [INFO] Epoch 161 | Train Loss: 0.5766 | Val Loss: 2.8607 | Val Acc: 0.4643
2025-06-22 10:39:19,360 [INFO] Epoch 162 | Train Loss: 0.7033 | Val Loss: 2.9318 | Val Acc: 0.4464
2025-06-22 10:39:19,404 [INFO] Epoch 163 | Train Loss: 0.6516 | Val Loss: 3.2869 | Val Acc: 0.4107
2025-06-22 10:39:19,450 [INFO] Epoch 164 | Train Loss: 0.6726 | Val Loss: 3.5444 | Val Acc: 0.4107
2025-06-22 10:39:19,496 [INFO] Epoch 165 | Train Loss: 0.5046 | Val Loss: 3.5544 | Val Acc: 0.4464
2025-06-22 10:39:19,541 [INFO] Epoch 166 | Train Loss: 0.6277 | Val Loss: 2.3377 | Val Acc: 0.4464
2025-06-22 10:39:19,588 [INFO] Epoch 167 | Train Loss: 0.4460 | Val Loss: 2.4178 | Val Acc: 0.4464
2025-06-22 10:39:19,634 [INFO] Epoch 168 | Train Loss: 0.5423 | Val Loss: 2.4961 | Val Acc: 0.5000
2025-06-22 10:39:19,679 [INFO] Epoch 169 | Train Loss: 0.5582 | Val Loss: 3.0341 | Val Acc: 0.5000
2025-06-22 10:39:19,728 [INFO] Epoch 170 | Train Loss: 0.3924 | Val Loss: 3.6010 | Val Acc: 0.5179
2025-06-22 10:39:20,583 [INFO] Epoch 171 | Train Loss: 0.5195 | Val Loss: 3.6645 | Val Acc: 0.4464
2025-06-22 10:39:20,650 [INFO] Epoch 172 | Train Loss: 0.5599 | Val Loss: 3.2413 | Val Acc: 0.4464
2025-06-22 10:39:20,697 [INFO] Epoch 173 | Train Loss: 0.4338 | Val Loss: 3.1972 | Val Acc: 0.5000
2025-06-22 10:39:20,741 [INFO] Epoch 174 | Train Loss: 0.4307 | Val Loss: 3.5327 | Val Acc: 0.5357
2025-06-22 10:39:20,749 [INFO] New best model at epoch 174 (Val Acc: 0.5357)
2025-06-22 10:39:20,791 [INFO] Epoch 175 | Train Loss: 0.4231 | Val Loss: 3.4930 | Val Acc: 0.5179
2025-06-22 10:39:20,853 [INFO] Epoch 176 | Train Loss: 0.5023 | Val Loss: 2.8114 | Val Acc: 0.4464
2025-06-22 10:39:20,913 [INFO] Epoch 177 | Train Loss: 0.3102 | Val Loss: 2.9191 | Val Acc: 0.4643
2025-06-22 10:39:20,960 [INFO] Epoch 178 | Train Loss: 0.6178 | Val Loss: 3.3853 | Val Acc: 0.4821
2025-06-22 10:39:21,005 [INFO] Epoch 179 | Train Loss: 0.5713 | Val Loss: 4.3446 | Val Acc: 0.4821
2025-06-22 10:39:21,051 [INFO] Epoch 180 | Train Loss: 0.4996 | Val Loss: 3.4375 | Val Acc: 0.4643
2025-06-22 10:39:21,860 [INFO] Epoch 181 | Train Loss: 0.6431 | Val Loss: 3.3120 | Val Acc: 0.4464
2025-06-22 10:39:21,937 [INFO] Epoch 182 | Train Loss: 0.7369 | Val Loss: 3.2836 | Val Acc: 0.4464
2025-06-22 10:39:21,982 [INFO] Epoch 183 | Train Loss: 0.5595 | Val Loss: 3.3365 | Val Acc: 0.4107
2025-06-22 10:39:22,028 [INFO] Epoch 184 | Train Loss: 0.8756 | Val Loss: 3.1546 | Val Acc: 0.5000
2025-06-22 10:39:22,074 [INFO] Epoch 185 | Train Loss: 0.6753 | Val Loss: 3.3770 | Val Acc: 0.4107
2025-06-22 10:39:22,119 [INFO] Epoch 186 | Train Loss: 0.6631 | Val Loss: 4.0509 | Val Acc: 0.3750
2025-06-22 10:39:22,166 [INFO] Epoch 187 | Train Loss: 0.7163 | Val Loss: 3.3640 | Val Acc: 0.4107
2025-06-22 10:39:22,212 [INFO] Epoch 188 | Train Loss: 0.6469 | Val Loss: 3.1253 | Val Acc: 0.4643
2025-06-22 10:39:22,257 [INFO] Epoch 189 | Train Loss: 0.5861 | Val Loss: 3.0472 | Val Acc: 0.4643
2025-06-22 10:39:22,303 [INFO] Epoch 190 | Train Loss: 0.5431 | Val Loss: 3.7535 | Val Acc: 0.4286
2025-06-22 10:39:23,144 [INFO] Epoch 191 | Train Loss: 0.4286 | Val Loss: 4.3234 | Val Acc: 0.4107
2025-06-22 10:39:23,198 [INFO] Epoch 192 | Train Loss: 0.8374 | Val Loss: 3.1392 | Val Acc: 0.4107
2025-06-22 10:39:23,241 [INFO] Epoch 193 | Train Loss: 0.5829 | Val Loss: 2.4339 | Val Acc: 0.4107
2025-06-22 10:39:23,287 [INFO] Epoch 194 | Train Loss: 0.4411 | Val Loss: 2.0433 | Val Acc: 0.3929
2025-06-22 10:39:23,331 [INFO] Epoch 195 | Train Loss: 0.4331 | Val Loss: 2.4610 | Val Acc: 0.4464
2025-06-22 10:39:23,385 [INFO] Epoch 196 | Train Loss: 0.5391 | Val Loss: 3.0847 | Val Acc: 0.4286
2025-06-22 10:39:23,431 [INFO] Epoch 197 | Train Loss: 0.4381 | Val Loss: 3.8074 | Val Acc: 0.3750
2025-06-22 10:39:23,478 [INFO] Epoch 198 | Train Loss: 0.6469 | Val Loss: 4.3268 | Val Acc: 0.3929
2025-06-22 10:39:23,528 [INFO] Epoch 199 | Train Loss: 0.6984 | Val Loss: 5.0917 | Val Acc: 0.3036
2025-06-22 10:39:23,574 [INFO] Epoch 200 | Train Loss: 0.6804 | Val Loss: 4.6324 | Val Acc: 0.3393
2025-06-22 10:39:24,427 [INFO] Epoch 201 | Train Loss: 0.5168 | Val Loss: 4.2747 | Val Acc: 0.3571
2025-06-22 10:39:24,491 [INFO] Epoch 202 | Train Loss: 0.6758 | Val Loss: 4.2378 | Val Acc: 0.3571
2025-06-22 10:39:24,535 [INFO] Epoch 203 | Train Loss: 0.5683 | Val Loss: 4.4108 | Val Acc: 0.3571
2025-06-22 10:39:24,580 [INFO] Epoch 204 | Train Loss: 0.4164 | Val Loss: 3.8275 | Val Acc: 0.4464
2025-06-22 10:39:24,625 [INFO] Epoch 205 | Train Loss: 0.6328 | Val Loss: 3.5969 | Val Acc: 0.4821
2025-06-22 10:39:24,669 [INFO] Epoch 206 | Train Loss: 0.4852 | Val Loss: 3.6133 | Val Acc: 0.4821
2025-06-22 10:39:24,717 [INFO] Epoch 207 | Train Loss: 0.5684 | Val Loss: 3.6322 | Val Acc: 0.4821
2025-06-22 10:39:24,763 [INFO] Epoch 208 | Train Loss: 0.4027 | Val Loss: 3.8200 | Val Acc: 0.5357
2025-06-22 10:39:24,809 [INFO] Epoch 209 | Train Loss: 0.3531 | Val Loss: 3.6541 | Val Acc: 0.5357
2025-06-22 10:39:24,855 [INFO] Epoch 210 | Train Loss: 0.5922 | Val Loss: 4.7515 | Val Acc: 0.4643
2025-06-22 10:39:26,071 [INFO] Epoch 211 | Train Loss: 0.4098 | Val Loss: 4.3933 | Val Acc: 0.4464
2025-06-22 10:39:26,143 [INFO] Epoch 212 | Train Loss: 0.3711 | Val Loss: 4.6282 | Val Acc: 0.3571
2025-06-22 10:39:26,200 [INFO] Epoch 213 | Train Loss: 0.3948 | Val Loss: 4.1297 | Val Acc: 0.4643
2025-06-22 10:39:26,260 [INFO] Epoch 214 | Train Loss: 0.4917 | Val Loss: 3.3153 | Val Acc: 0.4464
2025-06-22 10:39:26,308 [INFO] Epoch 215 | Train Loss: 0.3951 | Val Loss: 3.1909 | Val Acc: 0.4821
2025-06-22 10:39:26,354 [INFO] Epoch 216 | Train Loss: 0.6206 | Val Loss: 4.6312 | Val Acc: 0.4107
2025-06-22 10:39:26,399 [INFO] Epoch 217 | Train Loss: 0.3508 | Val Loss: 4.7850 | Val Acc: 0.4464
2025-06-22 10:39:26,444 [INFO] Epoch 218 | Train Loss: 0.4895 | Val Loss: 4.4178 | Val Acc: 0.4107
2025-06-22 10:39:26,492 [INFO] Epoch 219 | Train Loss: 0.5038 | Val Loss: 4.1706 | Val Acc: 0.4107
2025-06-22 10:39:26,538 [INFO] Epoch 220 | Train Loss: 0.5249 | Val Loss: 4.0812 | Val Acc: 0.4286
2025-06-22 10:39:28,850 [INFO] Epoch 221 | Train Loss: 0.4112 | Val Loss: 2.7009 | Val Acc: 0.5000
2025-06-22 10:39:28,904 [INFO] Epoch 222 | Train Loss: 0.4049 | Val Loss: 2.4895 | Val Acc: 0.4821
2025-06-22 10:39:28,953 [INFO] Epoch 223 | Train Loss: 0.6276 | Val Loss: 2.9912 | Val Acc: 0.4821
2025-06-22 10:39:29,001 [INFO] Epoch 224 | Train Loss: 0.4768 | Val Loss: 3.6269 | Val Acc: 0.4643
2025-06-22 10:39:29,048 [INFO] Epoch 225 | Train Loss: 0.3701 | Val Loss: 4.6806 | Val Acc: 0.4643
2025-06-22 10:39:29,100 [INFO] Epoch 226 | Train Loss: 0.4629 | Val Loss: 3.3880 | Val Acc: 0.4464
2025-06-22 10:39:29,176 [INFO] Epoch 227 | Train Loss: 0.4176 | Val Loss: 3.2888 | Val Acc: 0.4286
2025-06-22 10:39:29,224 [INFO] Epoch 228 | Train Loss: 0.5207 | Val Loss: 3.7661 | Val Acc: 0.4643
2025-06-22 10:39:29,272 [INFO] Epoch 229 | Train Loss: 0.3840 | Val Loss: 3.8174 | Val Acc: 0.5000
2025-06-22 10:39:29,350 [INFO] Epoch 230 | Train Loss: 0.6387 | Val Loss: 4.0098 | Val Acc: 0.4821
2025-06-22 10:39:30,221 [INFO] Epoch 231 | Train Loss: 0.4817 | Val Loss: 4.1755 | Val Acc: 0.3929
2025-06-22 10:39:30,293 [INFO] Epoch 232 | Train Loss: 0.5368 | Val Loss: 4.1140 | Val Acc: 0.3571
2025-06-22 10:39:30,338 [INFO] Epoch 233 | Train Loss: 0.8544 | Val Loss: 3.9396 | Val Acc: 0.4464
2025-06-22 10:39:30,394 [INFO] Epoch 234 | Train Loss: 0.4768 | Val Loss: 3.2804 | Val Acc: 0.4821
2025-06-22 10:39:30,440 [INFO] Epoch 235 | Train Loss: 0.2775 | Val Loss: 3.9132 | Val Acc: 0.4286
2025-06-22 10:39:30,485 [INFO] Epoch 236 | Train Loss: 0.6347 | Val Loss: 3.2918 | Val Acc: 0.4464
2025-06-22 10:39:30,532 [INFO] Epoch 237 | Train Loss: 0.3694 | Val Loss: 3.1333 | Val Acc: 0.4643
2025-06-22 10:39:30,578 [INFO] Epoch 238 | Train Loss: 0.5928 | Val Loss: 4.0128 | Val Acc: 0.4464
2025-06-22 10:39:30,625 [INFO] Epoch 239 | Train Loss: 0.3988 | Val Loss: 4.3341 | Val Acc: 0.3929
2025-06-22 10:39:30,670 [INFO] Epoch 240 | Train Loss: 0.4503 | Val Loss: 4.4852 | Val Acc: 0.3929
2025-06-22 10:39:31,528 [INFO] Epoch 241 | Train Loss: 0.3951 | Val Loss: 4.4345 | Val Acc: 0.4286
2025-06-22 10:39:31,591 [INFO] Epoch 242 | Train Loss: 0.4097 | Val Loss: 4.2746 | Val Acc: 0.4464
2025-06-22 10:39:31,634 [INFO] Epoch 243 | Train Loss: 0.4035 | Val Loss: 4.1232 | Val Acc: 0.4286
2025-06-22 10:39:31,680 [INFO] Epoch 244 | Train Loss: 0.3492 | Val Loss: 4.4497 | Val Acc: 0.4286
2025-06-22 10:39:31,730 [INFO] Epoch 245 | Train Loss: 0.5778 | Val Loss: 4.3130 | Val Acc: 0.4107
2025-06-22 10:39:31,785 [INFO] Epoch 246 | Train Loss: 0.3012 | Val Loss: 4.5286 | Val Acc: 0.3750
2025-06-22 10:39:31,835 [INFO] Epoch 247 | Train Loss: 0.4336 | Val Loss: 3.6173 | Val Acc: 0.4821
2025-06-22 10:39:31,881 [INFO] Epoch 248 | Train Loss: 0.4016 | Val Loss: 3.4212 | Val Acc: 0.4286
2025-06-22 10:39:31,927 [INFO] Epoch 249 | Train Loss: 0.3380 | Val Loss: 3.3466 | Val Acc: 0.5000
2025-06-22 10:39:31,972 [INFO] Epoch 250 | Train Loss: 0.3165 | Val Loss: 3.3379 | Val Acc: 0.4464
2025-06-22 10:39:32,826 [INFO] Epoch 251 | Train Loss: 0.2846 | Val Loss: 3.7718 | Val Acc: 0.3571
2025-06-22 10:39:32,887 [INFO] Epoch 252 | Train Loss: 0.3892 | Val Loss: 4.0000 | Val Acc: 0.4107
2025-06-22 10:39:32,931 [INFO] Epoch 253 | Train Loss: 0.5340 | Val Loss: 4.0247 | Val Acc: 0.4107
2025-06-22 10:39:32,975 [INFO] Epoch 254 | Train Loss: 0.3453 | Val Loss: 4.1100 | Val Acc: 0.4286
2025-06-22 10:39:33,021 [INFO] Epoch 255 | Train Loss: 0.3121 | Val Loss: 3.8409 | Val Acc: 0.4643
2025-06-22 10:39:33,066 [INFO] Epoch 256 | Train Loss: 0.3455 | Val Loss: 3.6662 | Val Acc: 0.4464
2025-06-22 10:39:33,112 [INFO] Epoch 257 | Train Loss: 0.2959 | Val Loss: 4.1253 | Val Acc: 0.4643
2025-06-22 10:39:33,157 [INFO] Epoch 258 | Train Loss: 0.4624 | Val Loss: 4.1686 | Val Acc: 0.4464
2025-06-22 10:39:33,204 [INFO] Epoch 259 | Train Loss: 0.3936 | Val Loss: 4.2058 | Val Acc: 0.4286
2025-06-22 10:39:33,249 [INFO] Epoch 260 | Train Loss: 0.3273 | Val Loss: 4.8612 | Val Acc: 0.4286
2025-06-22 10:39:34,084 [INFO] Epoch 261 | Train Loss: 0.5636 | Val Loss: 4.3406 | Val Acc: 0.3214
2025-06-22 10:39:34,152 [INFO] Epoch 262 | Train Loss: 0.3911 | Val Loss: 3.2936 | Val Acc: 0.4107
2025-06-22 10:39:34,200 [INFO] Epoch 263 | Train Loss: 0.3070 | Val Loss: 3.2560 | Val Acc: 0.4107
2025-06-22 10:39:34,245 [INFO] Epoch 264 | Train Loss: 0.2915 | Val Loss: 3.2041 | Val Acc: 0.4464
2025-06-22 10:39:34,288 [INFO] Epoch 265 | Train Loss: 0.3182 | Val Loss: 2.9788 | Val Acc: 0.4821
2025-06-22 10:39:34,333 [INFO] Epoch 266 | Train Loss: 0.4013 | Val Loss: 3.1728 | Val Acc: 0.4464
2025-06-22 10:39:34,378 [INFO] Epoch 267 | Train Loss: 0.3577 | Val Loss: 3.7709 | Val Acc: 0.4643
2025-06-22 10:39:34,423 [INFO] Epoch 268 | Train Loss: 0.4452 | Val Loss: 4.2032 | Val Acc: 0.3929
2025-06-22 10:39:34,469 [INFO] Epoch 269 | Train Loss: 0.4944 | Val Loss: 4.5259 | Val Acc: 0.4643
2025-06-22 10:39:34,515 [INFO] Epoch 270 | Train Loss: 0.4140 | Val Loss: 4.6266 | Val Acc: 0.5000
2025-06-22 10:39:35,381 [INFO] Epoch 271 | Train Loss: 0.4676 | Val Loss: 3.9535 | Val Acc: 0.4643
2025-06-22 10:39:35,445 [INFO] Epoch 272 | Train Loss: 0.5681 | Val Loss: 4.1995 | Val Acc: 0.4464
2025-06-22 10:39:35,491 [INFO] Epoch 273 | Train Loss: 0.4867 | Val Loss: 3.1040 | Val Acc: 0.4643
2025-06-22 10:39:35,537 [INFO] Epoch 274 | Train Loss: 0.4501 | Val Loss: 3.5346 | Val Acc: 0.4821
2025-06-22 10:39:35,581 [INFO] Epoch 275 | Train Loss: 0.4760 | Val Loss: 3.8613 | Val Acc: 0.4464
2025-06-22 10:39:35,625 [INFO] Epoch 276 | Train Loss: 0.4195 | Val Loss: 4.4437 | Val Acc: 0.5000
2025-06-22 10:39:35,671 [INFO] Epoch 277 | Train Loss: 0.2686 | Val Loss: 4.7536 | Val Acc: 0.3929
2025-06-22 10:39:35,729 [INFO] Epoch 278 | Train Loss: 0.3061 | Val Loss: 4.3924 | Val Acc: 0.3750
2025-06-22 10:39:35,775 [INFO] Epoch 279 | Train Loss: 0.2796 | Val Loss: 4.4499 | Val Acc: 0.3750
2025-06-22 10:39:35,821 [INFO] Epoch 280 | Train Loss: 0.4168 | Val Loss: 4.3679 | Val Acc: 0.4286
2025-06-22 10:39:39,181 [INFO] Epoch 281 | Train Loss: 0.3392 | Val Loss: 4.5404 | Val Acc: 0.4464
2025-06-22 10:39:39,246 [INFO] Epoch 282 | Train Loss: 0.2506 | Val Loss: 4.9210 | Val Acc: 0.4643
2025-06-22 10:39:39,308 [INFO] Epoch 283 | Train Loss: 0.2301 | Val Loss: 5.4804 | Val Acc: 0.4286
2025-06-22 10:39:39,357 [INFO] Epoch 284 | Train Loss: 0.4964 | Val Loss: 5.1834 | Val Acc: 0.3750
2025-06-22 10:39:39,404 [INFO] Epoch 285 | Train Loss: 0.2262 | Val Loss: 4.6100 | Val Acc: 0.4286
2025-06-22 10:39:39,451 [INFO] Epoch 286 | Train Loss: 0.3543 | Val Loss: 4.6605 | Val Acc: 0.4286
2025-06-22 10:39:39,496 [INFO] Epoch 287 | Train Loss: 0.2992 | Val Loss: 4.8983 | Val Acc: 0.4821
2025-06-22 10:39:39,542 [INFO] Epoch 288 | Train Loss: 0.4926 | Val Loss: 4.2039 | Val Acc: 0.4643
2025-06-22 10:39:39,587 [INFO] Epoch 289 | Train Loss: 0.3889 | Val Loss: 3.9364 | Val Acc: 0.4107
2025-06-22 10:39:39,641 [INFO] Epoch 290 | Train Loss: 0.2278 | Val Loss: 4.6101 | Val Acc: 0.5000
2025-06-22 10:39:40,563 [INFO] Epoch 291 | Train Loss: 0.3679 | Val Loss: 4.5606 | Val Acc: 0.4643
2025-06-22 10:39:40,623 [INFO] Epoch 292 | Train Loss: 0.2749 | Val Loss: 5.1077 | Val Acc: 0.3929
2025-06-22 10:39:40,671 [INFO] Epoch 293 | Train Loss: 0.2942 | Val Loss: 4.6761 | Val Acc: 0.4464
2025-06-22 10:39:40,730 [INFO] Epoch 294 | Train Loss: 0.2172 | Val Loss: 4.8124 | Val Acc: 0.4464
2025-06-22 10:39:40,775 [INFO] Epoch 295 | Train Loss: 0.2841 | Val Loss: 5.5439 | Val Acc: 0.4107
2025-06-22 10:39:40,822 [INFO] Epoch 296 | Train Loss: 0.4408 | Val Loss: 6.4102 | Val Acc: 0.3929
2025-06-22 10:39:40,914 [INFO] Epoch 297 | Train Loss: 0.4135 | Val Loss: 5.4620 | Val Acc: 0.4821
2025-06-22 10:39:40,998 [INFO] Epoch 298 | Train Loss: 0.3936 | Val Loss: 4.8116 | Val Acc: 0.5000
2025-06-22 10:39:41,155 [INFO] Epoch 299 | Train Loss: 0.6526 | Val Loss: 3.9911 | Val Acc: 0.4643
2025-06-22 10:39:41,213 [INFO] Epoch 300 | Train Loss: 0.6603 | Val Loss: 4.9545 | Val Acc: 0.4464
2025-06-22 10:39:42,076 [INFO] Epoch 301 | Train Loss: 0.4946 | Val Loss: 5.0254 | Val Acc: 0.4464
2025-06-22 10:39:42,135 [INFO] Epoch 302 | Train Loss: 0.4989 | Val Loss: 4.1912 | Val Acc: 0.4286
2025-06-22 10:39:42,195 [INFO] Epoch 303 | Train Loss: 0.3477 | Val Loss: 3.5471 | Val Acc: 0.4464
2025-06-22 10:39:42,247 [INFO] Epoch 304 | Train Loss: 0.3109 | Val Loss: 4.2557 | Val Acc: 0.4464
2025-06-22 10:39:42,292 [INFO] Epoch 305 | Train Loss: 0.3566 | Val Loss: 4.2945 | Val Acc: 0.4643
2025-06-22 10:39:42,338 [INFO] Epoch 306 | Train Loss: 0.2543 | Val Loss: 4.0363 | Val Acc: 0.4821
2025-06-22 10:39:42,384 [INFO] Epoch 307 | Train Loss: 0.2994 | Val Loss: 4.0162 | Val Acc: 0.4821
2025-06-22 10:39:42,429 [INFO] Epoch 308 | Train Loss: 0.2619 | Val Loss: 4.0928 | Val Acc: 0.5357
2025-06-22 10:39:42,475 [INFO] Epoch 309 | Train Loss: 0.3502 | Val Loss: 4.6065 | Val Acc: 0.4821
2025-06-22 10:39:42,521 [INFO] Epoch 310 | Train Loss: 0.3397 | Val Loss: 5.2090 | Val Acc: 0.3929
2025-06-22 10:39:43,362 [INFO] Epoch 311 | Train Loss: 0.2519 | Val Loss: 5.1518 | Val Acc: 0.4464
2025-06-22 10:39:43,420 [INFO] Epoch 312 | Train Loss: 0.1656 | Val Loss: 4.6185 | Val Acc: 0.4464
2025-06-22 10:39:43,464 [INFO] Epoch 313 | Train Loss: 0.4188 | Val Loss: 4.8983 | Val Acc: 0.4286
2025-06-22 10:39:43,510 [INFO] Epoch 314 | Train Loss: 0.3560 | Val Loss: 4.9111 | Val Acc: 0.5000
2025-06-22 10:39:43,555 [INFO] Epoch 315 | Train Loss: 0.5337 | Val Loss: 5.3976 | Val Acc: 0.3929
2025-06-22 10:39:43,602 [INFO] Epoch 316 | Train Loss: 0.4645 | Val Loss: 5.2014 | Val Acc: 0.4464
2025-06-22 10:39:43,648 [INFO] Epoch 317 | Train Loss: 0.3427 | Val Loss: 5.1101 | Val Acc: 0.4464
2025-06-22 10:39:43,695 [INFO] Epoch 318 | Train Loss: 0.2941 | Val Loss: 4.4422 | Val Acc: 0.4464
2025-06-22 10:39:43,741 [INFO] Epoch 319 | Train Loss: 0.3273 | Val Loss: 4.0434 | Val Acc: 0.5000
2025-06-22 10:39:43,786 [INFO] Epoch 320 | Train Loss: 0.4032 | Val Loss: 3.7532 | Val Acc: 0.5000
2025-06-22 10:39:45,007 [INFO] Epoch 321 | Train Loss: 0.2497 | Val Loss: 4.3750 | Val Acc: 0.4464
2025-06-22 10:39:45,065 [INFO] Epoch 322 | Train Loss: 0.1806 | Val Loss: 4.3933 | Val Acc: 0.4821
2025-06-22 10:39:45,110 [INFO] Epoch 323 | Train Loss: 0.3021 | Val Loss: 4.1666 | Val Acc: 0.5000
2025-06-22 10:39:45,154 [INFO] Epoch 324 | Train Loss: 0.1747 | Val Loss: 4.1008 | Val Acc: 0.5000
2025-06-22 10:39:45,160 [INFO] Early stopping at epoch 324 (no improvement in 150 epochs).
2025-06-22 10:39:45,168 [INFO] Best model saved to <built-in function time>/ENZYMES/best/best_source_gin.pth (Val Acc: 0.5357 at epoch 174)
2025-06-22 10:39:45,169 [INFO] Training/validation metrics saved to <built-in function time>/ENZYMES/GIN_0.001/train_metrics.csv
2025-06-22 10:39:46,074 [INFO] Final training curves saved
2025-06-22 10:39:46,074 [INFO] Training completed!
2025-06-22 10:39:46,074 [INFO] Best validation accuracy: 0.5357
2025-06-22 10:39:46,074 [INFO] Best epoch: 174
2025-06-22 10:39:46,074 [INFO] Total epochs trained: 324
2025-06-22 10:39:46,075 [INFO] Starting training with parameters: (0.001, 0.5, 256, 3, 400, 0.001)
