2025-06-21 21:44:51,128 [INFO] Using device: cpu
2025-06-21 21:44:51,128 [INFO] 开始创建数据加载器...
2025-06-21 21:44:51,129 [INFO] Successfully loaded dataset ENZYMES from ./data, total graphs: 600
2025-06-21 21:44:51,129 [INFO] Class allocation analysis:
2025-06-21 21:44:51,129 [INFO]   Source classes: [0, 1, 2, 3]
2025-06-21 21:44:51,129 [INFO]   Target classes: [0, 1, 2, 3, 4, 5]
2025-06-21 21:44:51,129 [INFO]   Overlap classes (to be split): [0, 1, 2, 3]
2025-06-21 21:44:51,129 [INFO]   Target novel classes (unknown): [4, 5]
2025-06-21 21:44:51,143 [INFO]   Class 0: 100 total -> Source: 70, Target: 30
2025-06-21 21:44:51,144 [INFO]   Class 1: 100 total -> Source: 70, Target: 30
2025-06-21 21:44:51,144 [INFO]   Class 2: 100 total -> Source: 70, Target: 30
2025-06-21 21:44:51,144 [INFO]   Class 3: 100 total -> Source: 70, Target: 30
2025-06-21 21:44:51,144 [INFO]   Class 4 (novel/unknown): 100 samples -> Target
2025-06-21 21:44:51,144 [INFO]   Class 5 (novel/unknown): 100 samples -> Target
2025-06-21 21:44:51,144 [INFO] Final allocation:
2025-06-21 21:44:51,144 [INFO]   Source domain: 280 samples
2025-06-21 21:44:51,144 [INFO]   Target domain: 320 samples
2025-06-21 21:44:51,145 [INFO] Source domain setup:
2025-06-21 21:44:51,145 [INFO]   Original classes: [0, 1, 2, 3]
2025-06-21 21:44:51,145 [INFO]   Overlap classes used: [0, 1, 2, 3]
2025-06-21 21:44:51,145 [INFO]   Label mapping: {0: 0, 1: 1, 2: 2, 3: 3}
2025-06-21 21:44:51,145 [INFO]   Total data after allocation: 280
2025-06-21 21:44:51,145 [INFO]   Data split - Train: 224, Val: 56
2025-06-21 21:44:51,145 [INFO]   Train label distribution: {0: 56, 1: 56, 3: 56, 2: 56}
2025-06-21 21:44:51,145 [INFO]   Val label distribution: {1: 14, 2: 14, 0: 14, 3: 14}
2025-06-21 21:44:51,147 [INFO] Successfully loaded dataset ENZYMES from ./data, total graphs: 600
2025-06-21 21:44:51,147 [INFO] Class allocation analysis:
2025-06-21 21:44:51,147 [INFO]   Source classes: [0, 1, 2, 3]
2025-06-21 21:44:51,147 [INFO]   Target classes: [0, 1, 2, 3, 4, 5]
2025-06-21 21:44:51,147 [INFO]   Overlap classes (to be split): [0, 1, 2, 3]
2025-06-21 21:44:51,147 [INFO]   Target novel classes (unknown): [4, 5]
2025-06-21 21:44:51,160 [INFO]   Class 0: 100 total -> Source: 70, Target: 30
2025-06-21 21:44:51,160 [INFO]   Class 1: 100 total -> Source: 70, Target: 30
2025-06-21 21:44:51,160 [INFO]   Class 2: 100 total -> Source: 70, Target: 30
2025-06-21 21:44:51,161 [INFO]   Class 3: 100 total -> Source: 70, Target: 30
2025-06-21 21:44:51,161 [INFO]   Class 4 (novel/unknown): 100 samples -> Target
2025-06-21 21:44:51,161 [INFO]   Class 5 (novel/unknown): 100 samples -> Target
2025-06-21 21:44:51,161 [INFO] Final allocation:
2025-06-21 21:44:51,161 [INFO]   Source domain: 280 samples
2025-06-21 21:44:51,161 [INFO]   Target domain: 320 samples
2025-06-21 21:44:51,162 [INFO] Target domain setup:
2025-06-21 21:44:51,162 [INFO]   Original classes: [0, 1, 2, 3, 4, 5]
2025-06-21 21:44:51,162 [INFO]   Overlap classes: [0, 1, 2, 3]
2025-06-21 21:44:51,162 [INFO]   Novel classes: [4, 5] -> mapped to unknown label 4
2025-06-21 21:44:51,162 [INFO]   Label mapping: {0: 0, 1: 1, 2: 2, 3: 3, 4: 4, 5: 4}
2025-06-21 21:44:51,162 [INFO]   Total data after allocation: 320
2025-06-21 21:44:51,162 [INFO]   Data split - Train: 256, Val: 64
2025-06-21 21:44:51,162 [INFO]   Total count: 320 (known: 120, unknown: 200)
2025-06-21 21:44:51,162 [INFO]   Total label distribution: {4: 200, 3: 30, 0: 30, 1: 30, 2: 30}
2025-06-21 21:44:51,162 [INFO]   Train label distribution: {4: 160, 0: 24, 2: 24, 3: 24, 1: 24}
2025-06-21 21:44:51,162 [INFO]   Val label distribution: {1: 6, 4: 40, 3: 6, 0: 6, 2: 6}
2025-06-21 21:44:51,163 [INFO] 数据加载器创建完成!
2025-06-21 21:44:51,163 [INFO] 源域类别数: 4 (重叠类别)
2025-06-21 21:44:51,163 [INFO] 目标域类别数: 5 (4个重叠类别 + 1个未知类别)
2025-06-21 21:44:51,163 [INFO] 重叠类别: [0, 1, 2, 3]
2025-06-21 21:44:51,163 [INFO] 目标域新类别: [4, 5]
2025-06-21 21:44:51,163 [INFO] Data allocation verification:
2025-06-21 21:44:51,163 [INFO]   Source data samples: 280
2025-06-21 21:44:51,163 [INFO]   Target data samples: 320
2025-06-21 21:44:51,163 [INFO]   Overlapping samples: 0
2025-06-21 21:44:51,163 [INFO]   ✓ Data allocation is correct - no overlapping samples
2025-06-21 21:44:51,166 [INFO] Model initialized with 796164 parameters
2025-06-21 21:44:51,166 [INFO] Previous best validation accuracy read from record.txt: 0.6250
2025-06-21 21:44:51,166 [INFO] Starting training...
2025-06-21 21:44:51,220 [INFO] Epoch 001 | Train Loss: 14.7273 | Val Loss: 1.8079 | Val Acc: 0.2500
2025-06-21 21:44:51,537 [INFO] New best model at epoch 1 (Val Acc: 0.2500)
2025-06-21 21:44:51,591 [INFO] Epoch 002 | Train Loss: 8.1447 | Val Loss: 1.9963 | Val Acc: 0.2143
2025-06-21 21:44:51,653 [INFO] Epoch 003 | Train Loss: 9.1220 | Val Loss: 1.8759 | Val Acc: 0.2679
2025-06-21 21:44:51,665 [INFO] New best model at epoch 3 (Val Acc: 0.2679)
2025-06-21 21:44:51,734 [INFO] Epoch 004 | Train Loss: 8.4065 | Val Loss: 1.9258 | Val Acc: 0.3571
2025-06-21 21:44:51,746 [INFO] New best model at epoch 4 (Val Acc: 0.3571)
2025-06-21 21:44:51,802 [INFO] Epoch 005 | Train Loss: 7.1098 | Val Loss: 2.8025 | Val Acc: 0.3393
2025-06-21 21:44:51,865 [INFO] Epoch 006 | Train Loss: 7.0373 | Val Loss: 3.3888 | Val Acc: 0.3393
2025-06-21 21:44:51,926 [INFO] Epoch 007 | Train Loss: 5.7923 | Val Loss: 3.9708 | Val Acc: 0.4107
2025-06-21 21:44:51,940 [INFO] New best model at epoch 7 (Val Acc: 0.4107)
2025-06-21 21:44:51,987 [INFO] Epoch 008 | Train Loss: 6.9356 | Val Loss: 3.0731 | Val Acc: 0.4464
2025-06-21 21:44:52,002 [INFO] New best model at epoch 8 (Val Acc: 0.4464)
2025-06-21 21:44:52,051 [INFO] Epoch 009 | Train Loss: 5.8971 | Val Loss: 3.8226 | Val Acc: 0.4107
2025-06-21 21:44:52,114 [INFO] Epoch 010 | Train Loss: 6.8328 | Val Loss: 4.7153 | Val Acc: 0.3214
2025-06-21 21:44:52,742 [INFO] Epoch 011 | Train Loss: 6.1261 | Val Loss: 4.0705 | Val Acc: 0.3571
2025-06-21 21:44:52,807 [INFO] Epoch 012 | Train Loss: 6.8177 | Val Loss: 4.8288 | Val Acc: 0.4643
2025-06-21 21:44:52,820 [INFO] New best model at epoch 12 (Val Acc: 0.4643)
2025-06-21 21:44:52,873 [INFO] Epoch 013 | Train Loss: 7.7323 | Val Loss: 5.0184 | Val Acc: 0.3393
2025-06-21 21:44:52,937 [INFO] Epoch 014 | Train Loss: 6.5472 | Val Loss: 4.2442 | Val Acc: 0.4821
2025-06-21 21:44:52,950 [INFO] New best model at epoch 14 (Val Acc: 0.4821)
2025-06-21 21:44:53,002 [INFO] Epoch 015 | Train Loss: 6.7572 | Val Loss: 4.1891 | Val Acc: 0.4643
2025-06-21 21:44:53,069 [INFO] Epoch 016 | Train Loss: 6.4923 | Val Loss: 4.5287 | Val Acc: 0.3214
2025-06-21 21:44:53,141 [INFO] Epoch 017 | Train Loss: 6.1844 | Val Loss: 4.1364 | Val Acc: 0.3929
2025-06-21 21:44:53,210 [INFO] Epoch 018 | Train Loss: 6.3095 | Val Loss: 5.0139 | Val Acc: 0.4107
2025-06-21 21:44:53,278 [INFO] Epoch 019 | Train Loss: 6.0649 | Val Loss: 5.4515 | Val Acc: 0.4107
2025-06-21 21:44:53,347 [INFO] Epoch 020 | Train Loss: 5.1775 | Val Loss: 6.6699 | Val Acc: 0.3214
2025-06-21 21:44:53,833 [INFO] Epoch 021 | Train Loss: 6.6640 | Val Loss: 4.7434 | Val Acc: 0.3571
2025-06-21 21:44:53,902 [INFO] Epoch 022 | Train Loss: 6.2297 | Val Loss: 5.7343 | Val Acc: 0.3571
2025-06-21 21:44:53,967 [INFO] Epoch 023 | Train Loss: 6.2418 | Val Loss: 4.8156 | Val Acc: 0.3750
2025-06-21 21:44:54,029 [INFO] Epoch 024 | Train Loss: 4.9432 | Val Loss: 4.5576 | Val Acc: 0.3750
2025-06-21 21:44:54,091 [INFO] Epoch 025 | Train Loss: 3.5106 | Val Loss: 4.6223 | Val Acc: 0.3571
2025-06-21 21:44:54,160 [INFO] Epoch 026 | Train Loss: 5.6552 | Val Loss: 5.0165 | Val Acc: 0.3393
2025-06-21 21:44:54,227 [INFO] Epoch 027 | Train Loss: 5.2695 | Val Loss: 5.0724 | Val Acc: 0.3929
2025-06-21 21:44:54,290 [INFO] Epoch 028 | Train Loss: 5.6042 | Val Loss: 4.0467 | Val Acc: 0.4107
2025-06-21 21:44:54,368 [INFO] Epoch 029 | Train Loss: 5.0675 | Val Loss: 3.5500 | Val Acc: 0.4643
2025-06-21 21:44:54,430 [INFO] Epoch 030 | Train Loss: 4.7818 | Val Loss: 3.6782 | Val Acc: 0.4464
2025-06-21 21:44:54,825 [INFO] Epoch 031 | Train Loss: 4.7308 | Val Loss: 5.0061 | Val Acc: 0.3750
2025-06-21 21:44:54,890 [INFO] Epoch 032 | Train Loss: 5.7202 | Val Loss: 5.6012 | Val Acc: 0.3393
2025-06-21 21:44:54,951 [INFO] Epoch 033 | Train Loss: 6.6176 | Val Loss: 4.1664 | Val Acc: 0.4286
2025-06-21 21:44:55,012 [INFO] Epoch 034 | Train Loss: 4.6629 | Val Loss: 4.2088 | Val Acc: 0.4643
2025-06-21 21:44:55,083 [INFO] Epoch 035 | Train Loss: 5.2994 | Val Loss: 4.6200 | Val Acc: 0.3929
2025-06-21 21:44:55,148 [INFO] Epoch 036 | Train Loss: 4.3474 | Val Loss: 3.7948 | Val Acc: 0.4643
2025-06-21 21:44:55,211 [INFO] Epoch 037 | Train Loss: 5.1278 | Val Loss: 4.3090 | Val Acc: 0.4286
2025-06-21 21:44:55,281 [INFO] Epoch 038 | Train Loss: 3.8330 | Val Loss: 3.3930 | Val Acc: 0.5536
2025-06-21 21:44:55,294 [INFO] New best model at epoch 38 (Val Acc: 0.5536)
2025-06-21 21:44:55,344 [INFO] Epoch 039 | Train Loss: 4.9733 | Val Loss: 3.8393 | Val Acc: 0.3929
2025-06-21 21:44:55,409 [INFO] Epoch 040 | Train Loss: 4.5644 | Val Loss: 4.7121 | Val Acc: 0.3393
2025-06-21 21:44:55,910 [INFO] Epoch 041 | Train Loss: 5.2981 | Val Loss: 5.5533 | Val Acc: 0.3750
2025-06-21 21:44:55,979 [INFO] Epoch 042 | Train Loss: 4.0317 | Val Loss: 4.8618 | Val Acc: 0.3750
2025-06-21 21:44:56,040 [INFO] Epoch 043 | Train Loss: 5.1464 | Val Loss: 4.0935 | Val Acc: 0.4286
2025-06-21 21:44:56,116 [INFO] Epoch 044 | Train Loss: 5.0719 | Val Loss: 4.4722 | Val Acc: 0.4643
2025-06-21 21:44:56,180 [INFO] Epoch 045 | Train Loss: 4.7164 | Val Loss: 5.5586 | Val Acc: 0.3929
2025-06-21 21:44:56,247 [INFO] Epoch 046 | Train Loss: 5.1413 | Val Loss: 5.0446 | Val Acc: 0.4286
2025-06-21 21:44:56,314 [INFO] Epoch 047 | Train Loss: 5.3220 | Val Loss: 4.8506 | Val Acc: 0.4286
2025-06-21 21:44:56,380 [INFO] Epoch 048 | Train Loss: 4.7823 | Val Loss: 5.2409 | Val Acc: 0.4107
2025-06-21 21:44:56,446 [INFO] Epoch 049 | Train Loss: 5.1212 | Val Loss: 5.2329 | Val Acc: 0.3393
2025-06-21 21:44:56,507 [INFO] Epoch 050 | Train Loss: 4.1156 | Val Loss: 5.5100 | Val Acc: 0.3214
2025-06-21 21:44:56,855 [INFO] Best model saved to <built-in function time>/ENZYMES/best/best_source_gin.pth (Val Acc: 0.5536 at epoch 38)
2025-06-21 21:44:56,855 [INFO] Training/validation metrics saved to <built-in function time>/ENZYMES/GIN_0.0001/train_metrics.csv
2025-06-21 21:44:57,232 [INFO] Final training curves saved
2025-06-21 21:44:57,232 [INFO] Training completed!
2025-06-21 21:44:57,233 [INFO] Best validation accuracy: 0.5536
2025-06-21 21:44:57,233 [INFO] Best epoch: 38
2025-06-21 21:44:57,233 [INFO] Total epochs trained: 50
2025-06-21 21:44:57,233 [INFO] Starting training with parameters: (0.0001, 0.5, 512, 2, 50, 0.001)
