2025-06-23 08:28:29,953 [INFO] Using device: cpu
2025-06-23 08:28:29,953 [INFO] 开始创建数据加载器...
2025-06-23 08:28:29,957 [INFO] Successfully loaded dataset ENZYMES from ./data, total graphs: 600
2025-06-23 08:28:29,957 [INFO] Class allocation analysis:
2025-06-23 08:28:29,957 [INFO]   Source classes: [0, 1, 2, 3]
2025-06-23 08:28:29,957 [INFO]   Target classes: [0, 1, 2, 3, 4, 5]
2025-06-23 08:28:29,957 [INFO]   Overlap classes (to be split): [0, 1, 2, 3]
2025-06-23 08:28:29,957 [INFO]   Target novel classes (unknown): [4, 5]
2025-06-23 08:28:30,033 [INFO]   Class 0: 100 total -> Source: 70, Target: 30
2025-06-23 08:28:30,033 [INFO]   Class 1: 100 total -> Source: 70, Target: 30
2025-06-23 08:28:30,033 [INFO]   Class 2: 100 total -> Source: 70, Target: 30
2025-06-23 08:28:30,033 [INFO]   Class 3: 100 total -> Source: 70, Target: 30
2025-06-23 08:28:30,033 [INFO]   Class 4 (novel/unknown): 100 samples -> Target
2025-06-23 08:28:30,033 [INFO]   Class 5 (novel/unknown): 100 samples -> Target
2025-06-23 08:28:30,033 [INFO] Final allocation:
2025-06-23 08:28:30,033 [INFO]   Source domain: 280 samples
2025-06-23 08:28:30,033 [INFO]   Target domain: 320 samples
2025-06-23 08:28:30,034 [INFO] Source domain setup:
2025-06-23 08:28:30,034 [INFO]   Original classes: [0, 1, 2, 3]
2025-06-23 08:28:30,035 [INFO]   Overlap classes used: [0, 1, 2, 3]
2025-06-23 08:28:30,035 [INFO]   Label mapping: {0: 0, 1: 1, 2: 2, 3: 3}
2025-06-23 08:28:30,035 [INFO]   Total data after allocation: 280
2025-06-23 08:28:30,035 [INFO]   Data split - Train: 224, Val: 56
2025-06-23 08:28:30,035 [INFO]   Train label distribution: {0: 56, 1: 56, 3: 56, 2: 56}
2025-06-23 08:28:30,035 [INFO]   Val label distribution: {1: 14, 2: 14, 0: 14, 3: 14}
2025-06-23 08:28:30,036 [INFO] Successfully loaded dataset ENZYMES from ./data, total graphs: 600
2025-06-23 08:28:30,036 [INFO] Class allocation analysis:
2025-06-23 08:28:30,036 [INFO]   Source classes: [0, 1, 2, 3]
2025-06-23 08:28:30,036 [INFO]   Target classes: [0, 1, 2, 3, 4, 5]
2025-06-23 08:28:30,036 [INFO]   Overlap classes (to be split): [0, 1, 2, 3]
2025-06-23 08:28:30,036 [INFO]   Target novel classes (unknown): [4, 5]
2025-06-23 08:28:30,048 [INFO]   Class 0: 100 total -> Source: 70, Target: 30
2025-06-23 08:28:30,048 [INFO]   Class 1: 100 total -> Source: 70, Target: 30
2025-06-23 08:28:30,048 [INFO]   Class 2: 100 total -> Source: 70, Target: 30
2025-06-23 08:28:30,048 [INFO]   Class 3: 100 total -> Source: 70, Target: 30
2025-06-23 08:28:30,048 [INFO]   Class 4 (novel/unknown): 100 samples -> Target
2025-06-23 08:28:30,048 [INFO]   Class 5 (novel/unknown): 100 samples -> Target
2025-06-23 08:28:30,049 [INFO] Final allocation:
2025-06-23 08:28:30,049 [INFO]   Source domain: 280 samples
2025-06-23 08:28:30,049 [INFO]   Target domain: 320 samples
2025-06-23 08:28:30,050 [INFO] Target domain setup:
2025-06-23 08:28:30,050 [INFO]   Original classes: [0, 1, 2, 3, 4, 5]
2025-06-23 08:28:30,050 [INFO]   Overlap classes: [0, 1, 2, 3]
2025-06-23 08:28:30,050 [INFO]   Novel classes: [4, 5] -> mapped to unknown label 4
2025-06-23 08:28:30,050 [INFO]   Label mapping: {0: 0, 1: 1, 2: 2, 3: 3, 4: 4, 5: 4}
2025-06-23 08:28:30,050 [INFO]   Total data after allocation: 320
2025-06-23 08:28:30,050 [INFO]   Data split - Train: 256, Val: 64
2025-06-23 08:28:30,050 [INFO]   Total count: 320 (known: 120, unknown: 200)
2025-06-23 08:28:30,050 [INFO]   Total label distribution: {4: 200, 3: 30, 0: 30, 1: 30, 2: 30}
2025-06-23 08:28:30,050 [INFO]   Train label distribution: {4: 160, 0: 24, 2: 24, 3: 24, 1: 24}
2025-06-23 08:28:30,050 [INFO]   Val label distribution: {1: 6, 4: 40, 3: 6, 0: 6, 2: 6}
2025-06-23 08:28:30,050 [INFO] 数据加载器创建完成!
2025-06-23 08:28:30,050 [INFO] 源域类别数: 4 (重叠类别)
2025-06-23 08:28:30,050 [INFO] 目标域类别数: 5 (4个重叠类别 + 1个未知类别)
2025-06-23 08:28:30,050 [INFO] 重叠类别: [0, 1, 2, 3]
2025-06-23 08:28:30,050 [INFO] 目标域新类别: [4, 5]
2025-06-23 08:28:30,051 [INFO] Data allocation verification:
2025-06-23 08:28:30,051 [INFO]   Source data samples: 280
2025-06-23 08:28:30,051 [INFO]   Target data samples: 320
2025-06-23 08:28:30,051 [INFO]   Overlapping samples: 0
2025-06-23 08:28:30,051 [INFO]   ✓ Data allocation is correct - no overlapping samples
2025-06-23 08:28:30,052 [INFO] Model initialized with 3684 parameters
2025-06-23 08:28:30,052 [INFO] Previous best validation accuracy read from record.txt: 0.6429
2025-06-23 08:28:30,053 [INFO] Starting training...
2025-06-23 08:28:30,067 [INFO] Epoch 001 | Train Loss: 7.2289 | Val Loss: 1.9014 | Val Acc: 0.3571
2025-06-23 08:28:31,047 [INFO] New best model at epoch 1 (Val Acc: 0.3571)
2025-06-23 08:28:31,060 [INFO] Epoch 002 | Train Loss: 3.7315 | Val Loss: 2.7571 | Val Acc: 0.2143
2025-06-23 08:28:31,074 [INFO] Epoch 003 | Train Loss: 3.3537 | Val Loss: 1.9766 | Val Acc: 0.3214
2025-06-23 08:28:31,088 [INFO] Epoch 004 | Train Loss: 3.3991 | Val Loss: 2.8724 | Val Acc: 0.3036
2025-06-23 08:28:31,103 [INFO] Epoch 005 | Train Loss: 2.3924 | Val Loss: 1.5785 | Val Acc: 0.3571
2025-06-23 08:28:31,118 [INFO] Epoch 006 | Train Loss: 2.0183 | Val Loss: 1.6134 | Val Acc: 0.4643
2025-06-23 08:28:31,120 [INFO] New best model at epoch 6 (Val Acc: 0.4643)
2025-06-23 08:28:31,135 [INFO] Epoch 007 | Train Loss: 2.0049 | Val Loss: 1.7506 | Val Acc: 0.3929
2025-06-23 08:28:31,151 [INFO] Epoch 008 | Train Loss: 1.7155 | Val Loss: 1.4492 | Val Acc: 0.4286
2025-06-23 08:28:31,167 [INFO] Epoch 009 | Train Loss: 1.7435 | Val Loss: 1.3818 | Val Acc: 0.3929
2025-06-23 08:28:31,181 [INFO] Epoch 010 | Train Loss: 1.5371 | Val Loss: 1.2820 | Val Acc: 0.4464
2025-06-23 08:28:32,274 [INFO] Epoch 011 | Train Loss: 1.6461 | Val Loss: 1.7204 | Val Acc: 0.3571
2025-06-23 08:44:17,575 [INFO] Epoch 012 | Train Loss: 1.4824 | Val Loss: 1.2800 | Val Acc: 0.4464
2025-06-23 08:44:17,743 [INFO] Epoch 013 | Train Loss: 1.4092 | Val Loss: 1.3382 | Val Acc: 0.3750
2025-06-23 08:44:17,763 [INFO] Epoch 014 | Train Loss: 1.4262 | Val Loss: 1.2436 | Val Acc: 0.4464
2025-06-23 08:44:17,782 [INFO] Epoch 015 | Train Loss: 1.3276 | Val Loss: 1.3979 | Val Acc: 0.3393
2025-06-23 08:44:17,799 [INFO] Epoch 016 | Train Loss: 1.3985 | Val Loss: 1.3069 | Val Acc: 0.4286
2025-06-23 08:44:17,821 [INFO] Epoch 017 | Train Loss: 1.4960 | Val Loss: 1.4781 | Val Acc: 0.3393
2025-06-23 08:44:17,844 [INFO] Epoch 018 | Train Loss: 1.4072 | Val Loss: 1.3009 | Val Acc: 0.4821
2025-06-23 08:44:17,846 [INFO] New best model at epoch 18 (Val Acc: 0.4821)
2025-06-23 08:44:17,870 [INFO] Epoch 019 | Train Loss: 1.3455 | Val Loss: 1.3265 | Val Acc: 0.3393
2025-06-23 08:44:17,893 [INFO] Epoch 020 | Train Loss: 1.2266 | Val Loss: 1.3180 | Val Acc: 0.4464
2025-06-23 08:44:19,142 [INFO] Epoch 021 | Train Loss: 1.3568 | Val Loss: 1.4302 | Val Acc: 0.3393
2025-06-23 08:44:19,163 [INFO] Epoch 022 | Train Loss: 1.3101 | Val Loss: 1.3169 | Val Acc: 0.3929
2025-06-23 08:44:19,181 [INFO] Epoch 023 | Train Loss: 1.4668 | Val Loss: 1.3009 | Val Acc: 0.4107
2025-06-23 08:44:19,200 [INFO] Epoch 024 | Train Loss: 1.3848 | Val Loss: 1.2650 | Val Acc: 0.4821
2025-06-23 08:44:19,221 [INFO] Epoch 025 | Train Loss: 1.3038 | Val Loss: 1.2261 | Val Acc: 0.3929
2025-06-23 08:44:19,238 [INFO] Epoch 026 | Train Loss: 1.2257 | Val Loss: 1.2249 | Val Acc: 0.4643
2025-06-23 08:44:19,256 [INFO] Epoch 027 | Train Loss: 1.2497 | Val Loss: 1.3355 | Val Acc: 0.3750
2025-06-23 08:44:19,275 [INFO] Epoch 028 | Train Loss: 1.2238 | Val Loss: 1.2370 | Val Acc: 0.4107
2025-06-23 08:44:19,292 [INFO] Epoch 029 | Train Loss: 1.2378 | Val Loss: 1.2807 | Val Acc: 0.3393
2025-06-23 08:44:19,309 [INFO] Epoch 030 | Train Loss: 1.3176 | Val Loss: 1.4321 | Val Acc: 0.3571
2025-06-23 09:01:59,770 [INFO] Epoch 031 | Train Loss: 1.3173 | Val Loss: 1.3394 | Val Acc: 0.5000
2025-06-23 09:01:59,775 [INFO] New best model at epoch 31 (Val Acc: 0.5000)
2025-06-23 09:01:59,801 [INFO] Epoch 032 | Train Loss: 1.2108 | Val Loss: 1.3952 | Val Acc: 0.3571
2025-06-23 09:01:59,824 [INFO] Epoch 033 | Train Loss: 1.2314 | Val Loss: 1.4533 | Val Acc: 0.3571
2025-06-23 09:01:59,843 [INFO] Epoch 034 | Train Loss: 1.2556 | Val Loss: 1.2807 | Val Acc: 0.4464
2025-06-23 09:01:59,861 [INFO] Epoch 035 | Train Loss: 1.3056 | Val Loss: 1.3073 | Val Acc: 0.4464
2025-06-23 09:01:59,878 [INFO] Epoch 036 | Train Loss: 1.1522 | Val Loss: 1.2474 | Val Acc: 0.4464
2025-06-23 09:01:59,895 [INFO] Epoch 037 | Train Loss: 1.2310 | Val Loss: 1.3065 | Val Acc: 0.4464
2025-06-23 09:01:59,920 [INFO] Epoch 038 | Train Loss: 1.1493 | Val Loss: 1.4444 | Val Acc: 0.4464
2025-06-23 09:01:59,964 [INFO] Epoch 039 | Train Loss: 1.1806 | Val Loss: 1.5331 | Val Acc: 0.3750
2025-06-23 09:01:59,991 [INFO] Epoch 040 | Train Loss: 1.1319 | Val Loss: 1.4431 | Val Acc: 0.4107
2025-06-23 09:02:03,493 [INFO] Epoch 041 | Train Loss: 1.1798 | Val Loss: 1.3527 | Val Acc: 0.3571
2025-06-23 09:02:03,513 [INFO] Epoch 042 | Train Loss: 1.1590 | Val Loss: 1.3713 | Val Acc: 0.3571
2025-06-23 09:02:03,529 [INFO] Epoch 043 | Train Loss: 1.1364 | Val Loss: 1.4117 | Val Acc: 0.3929
2025-06-23 09:02:03,557 [INFO] Epoch 044 | Train Loss: 1.0576 | Val Loss: 1.4718 | Val Acc: 0.3750
2025-06-23 09:02:03,574 [INFO] Epoch 045 | Train Loss: 1.1096 | Val Loss: 1.2959 | Val Acc: 0.5000
2025-06-23 09:02:03,588 [INFO] Epoch 046 | Train Loss: 1.1272 | Val Loss: 1.2904 | Val Acc: 0.4107
2025-06-23 09:02:03,604 [INFO] Epoch 047 | Train Loss: 1.0500 | Val Loss: 1.5102 | Val Acc: 0.3571
2025-06-23 09:02:03,618 [INFO] Epoch 048 | Train Loss: 1.1036 | Val Loss: 1.3211 | Val Acc: 0.3929
2025-06-23 09:02:03,632 [INFO] Epoch 049 | Train Loss: 1.1161 | Val Loss: 1.3104 | Val Acc: 0.5357
2025-06-23 09:02:03,634 [INFO] New best model at epoch 49 (Val Acc: 0.5357)
2025-06-23 09:02:03,647 [INFO] Epoch 050 | Train Loss: 1.0646 | Val Loss: 1.8453 | Val Acc: 0.5000
2025-06-23 09:18:01,842 [INFO] Epoch 051 | Train Loss: 1.1401 | Val Loss: 1.3464 | Val Acc: 0.4286
2025-06-23 09:18:01,857 [INFO] Epoch 052 | Train Loss: 1.0313 | Val Loss: 1.3074 | Val Acc: 0.4286
2025-06-23 09:18:01,873 [INFO] Epoch 053 | Train Loss: 1.1108 | Val Loss: 1.3284 | Val Acc: 0.3929
2025-06-23 09:18:01,890 [INFO] Epoch 054 | Train Loss: 1.1794 | Val Loss: 1.4230 | Val Acc: 0.4107
2025-06-23 09:18:01,905 [INFO] Epoch 055 | Train Loss: 1.1089 | Val Loss: 1.3219 | Val Acc: 0.4464
2025-06-23 09:18:01,921 [INFO] Epoch 056 | Train Loss: 1.0850 | Val Loss: 1.2429 | Val Acc: 0.3571
2025-06-23 09:18:01,938 [INFO] Epoch 057 | Train Loss: 1.1064 | Val Loss: 1.3238 | Val Acc: 0.4821
2025-06-23 09:18:01,952 [INFO] Epoch 058 | Train Loss: 1.0166 | Val Loss: 1.2272 | Val Acc: 0.3929
2025-06-23 09:18:01,965 [INFO] Epoch 059 | Train Loss: 1.0876 | Val Loss: 1.3780 | Val Acc: 0.3571
2025-06-23 09:18:01,980 [INFO] Epoch 060 | Train Loss: 1.0239 | Val Loss: 1.5324 | Val Acc: 0.3929
2025-06-23 09:18:03,162 [INFO] Epoch 061 | Train Loss: 1.0755 | Val Loss: 1.4197 | Val Acc: 0.4107
2025-06-23 09:18:03,183 [INFO] Epoch 062 | Train Loss: 1.0267 | Val Loss: 1.2860 | Val Acc: 0.4643
2025-06-23 09:18:03,203 [INFO] Epoch 063 | Train Loss: 0.9892 | Val Loss: 1.3059 | Val Acc: 0.3929
2025-06-23 09:18:03,222 [INFO] Epoch 064 | Train Loss: 1.0659 | Val Loss: 1.3874 | Val Acc: 0.3929
2025-06-23 09:18:03,244 [INFO] Epoch 065 | Train Loss: 1.0031 | Val Loss: 1.3527 | Val Acc: 0.3393
2025-06-23 09:18:03,302 [INFO] Epoch 066 | Train Loss: 1.0226 | Val Loss: 1.4238 | Val Acc: 0.3929
2025-06-23 09:18:03,321 [INFO] Epoch 067 | Train Loss: 1.0073 | Val Loss: 1.4296 | Val Acc: 0.3750
2025-06-23 09:18:03,339 [INFO] Epoch 068 | Train Loss: 0.9657 | Val Loss: 1.3917 | Val Acc: 0.2857
2025-06-23 09:18:03,368 [INFO] Epoch 069 | Train Loss: 0.9870 | Val Loss: 1.3168 | Val Acc: 0.3214
2025-06-23 09:18:03,387 [INFO] Epoch 070 | Train Loss: 0.9388 | Val Loss: 1.7466 | Val Acc: 0.3393
2025-06-23 09:18:04,540 [INFO] Epoch 071 | Train Loss: 0.9659 | Val Loss: 1.5747 | Val Acc: 0.3571
2025-06-23 09:18:04,564 [INFO] Epoch 072 | Train Loss: 0.9969 | Val Loss: 1.4169 | Val Acc: 0.3571
2025-06-23 09:18:04,589 [INFO] Epoch 073 | Train Loss: 1.0432 | Val Loss: 1.3425 | Val Acc: 0.4464
2025-06-23 09:18:04,615 [INFO] Epoch 074 | Train Loss: 1.0453 | Val Loss: 1.3885 | Val Acc: 0.4107
2025-06-23 09:18:04,633 [INFO] Epoch 075 | Train Loss: 0.9596 | Val Loss: 1.5600 | Val Acc: 0.3393
2025-06-23 09:18:04,651 [INFO] Epoch 076 | Train Loss: 1.1348 | Val Loss: 1.5191 | Val Acc: 0.3393
2025-06-23 09:18:04,668 [INFO] Epoch 077 | Train Loss: 1.0613 | Val Loss: 1.3732 | Val Acc: 0.3929
2025-06-23 09:18:04,685 [INFO] Epoch 078 | Train Loss: 1.0268 | Val Loss: 1.2969 | Val Acc: 0.4286
2025-06-23 09:18:04,703 [INFO] Epoch 079 | Train Loss: 1.0067 | Val Loss: 1.3626 | Val Acc: 0.4107
2025-06-23 09:18:04,721 [INFO] Epoch 080 | Train Loss: 0.9806 | Val Loss: 1.5214 | Val Acc: 0.4286
2025-06-23 09:18:06,518 [INFO] Epoch 081 | Train Loss: 0.9697 | Val Loss: 1.7493 | Val Acc: 0.4107
2025-06-23 09:18:06,538 [INFO] Epoch 082 | Train Loss: 0.9766 | Val Loss: 1.4539 | Val Acc: 0.3571
2025-06-23 09:18:06,560 [INFO] Epoch 083 | Train Loss: 0.9523 | Val Loss: 1.4777 | Val Acc: 0.1964
2025-06-23 09:29:20,443 [INFO] Epoch 084 | Train Loss: 0.9793 | Val Loss: 1.4438 | Val Acc: 0.3214
2025-06-23 09:29:20,619 [INFO] Epoch 085 | Train Loss: 1.0090 | Val Loss: 1.5582 | Val Acc: 0.3571
2025-06-23 09:29:20,634 [INFO] Epoch 086 | Train Loss: 1.0172 | Val Loss: 1.5559 | Val Acc: 0.3571
2025-06-23 09:29:20,649 [INFO] Epoch 087 | Train Loss: 0.9349 | Val Loss: 1.8180 | Val Acc: 0.3750
2025-06-23 09:29:20,664 [INFO] Epoch 088 | Train Loss: 1.0122 | Val Loss: 1.7534 | Val Acc: 0.3214
2025-06-23 09:29:20,697 [INFO] Epoch 089 | Train Loss: 1.0322 | Val Loss: 1.5966 | Val Acc: 0.3036
2025-06-23 09:29:20,711 [INFO] Epoch 090 | Train Loss: 0.9461 | Val Loss: 1.5334 | Val Acc: 0.3214
2025-06-23 09:29:21,883 [INFO] Epoch 091 | Train Loss: 0.9224 | Val Loss: 1.7897 | Val Acc: 0.3214
2025-06-23 09:29:21,907 [INFO] Epoch 092 | Train Loss: 1.0403 | Val Loss: 1.4836 | Val Acc: 0.3571
2025-06-23 09:29:21,928 [INFO] Epoch 093 | Train Loss: 0.9902 | Val Loss: 1.5613 | Val Acc: 0.3214
2025-06-23 09:29:21,949 [INFO] Epoch 094 | Train Loss: 1.0422 | Val Loss: 1.7056 | Val Acc: 0.3393
2025-06-23 09:29:21,968 [INFO] Epoch 095 | Train Loss: 0.9770 | Val Loss: 1.6169 | Val Acc: 0.3929
2025-06-23 09:29:22,002 [INFO] Epoch 096 | Train Loss: 0.9670 | Val Loss: 2.2113 | Val Acc: 0.3750
2025-06-23 09:29:22,022 [INFO] Epoch 097 | Train Loss: 0.9756 | Val Loss: 1.9753 | Val Acc: 0.3929
2025-06-23 09:29:22,040 [INFO] Epoch 098 | Train Loss: 0.9487 | Val Loss: 1.4904 | Val Acc: 0.3750
2025-06-23 09:29:22,058 [INFO] Epoch 099 | Train Loss: 0.9579 | Val Loss: 1.6542 | Val Acc: 0.4286
2025-06-23 09:29:22,075 [INFO] Epoch 100 | Train Loss: 0.9055 | Val Loss: 1.3447 | Val Acc: 0.4643
2025-06-23 09:29:23,226 [INFO] Epoch 101 | Train Loss: 0.8212 | Val Loss: 1.4677 | Val Acc: 0.4464
2025-06-23 09:29:23,246 [INFO] Epoch 102 | Train Loss: 0.9574 | Val Loss: 1.7297 | Val Acc: 0.3929
2025-06-23 09:29:23,264 [INFO] Epoch 103 | Train Loss: 0.8421 | Val Loss: 1.9514 | Val Acc: 0.4643
2025-06-23 09:29:23,280 [INFO] Epoch 104 | Train Loss: 0.9014 | Val Loss: 1.7864 | Val Acc: 0.4286
2025-06-23 09:29:23,297 [INFO] Epoch 105 | Train Loss: 0.8668 | Val Loss: 1.7285 | Val Acc: 0.3214
2025-06-23 09:29:23,314 [INFO] Epoch 106 | Train Loss: 0.8299 | Val Loss: 1.4531 | Val Acc: 0.2500
2025-06-23 09:29:23,329 [INFO] Epoch 107 | Train Loss: 0.8843 | Val Loss: 1.5595 | Val Acc: 0.3571
2025-06-23 09:29:23,342 [INFO] Epoch 108 | Train Loss: 0.8117 | Val Loss: 1.7499 | Val Acc: 0.3393
2025-06-23 09:29:23,356 [INFO] Epoch 109 | Train Loss: 0.8902 | Val Loss: 1.7035 | Val Acc: 0.3571
2025-06-23 09:29:23,371 [INFO] Epoch 110 | Train Loss: 0.8354 | Val Loss: 1.7264 | Val Acc: 0.3750
2025-06-23 09:29:24,654 [INFO] Epoch 111 | Train Loss: 0.8377 | Val Loss: 1.8692 | Val Acc: 0.4286
2025-06-23 09:29:24,668 [INFO] Epoch 112 | Train Loss: 0.7913 | Val Loss: 1.6435 | Val Acc: 0.3750
2025-06-23 09:29:24,682 [INFO] Epoch 113 | Train Loss: 0.7853 | Val Loss: 1.4689 | Val Acc: 0.3929
2025-06-23 09:29:24,697 [INFO] Epoch 114 | Train Loss: 0.8726 | Val Loss: 1.7887 | Val Acc: 0.3750
2025-06-23 09:29:24,713 [INFO] Epoch 115 | Train Loss: 0.8571 | Val Loss: 2.3376 | Val Acc: 0.4821
2025-06-23 09:29:24,729 [INFO] Epoch 116 | Train Loss: 0.9865 | Val Loss: 1.8012 | Val Acc: 0.3571
2025-06-23 09:29:24,747 [INFO] Epoch 117 | Train Loss: 0.9334 | Val Loss: 1.5525 | Val Acc: 0.4643
2025-06-23 09:29:24,764 [INFO] Epoch 118 | Train Loss: 0.8916 | Val Loss: 1.5977 | Val Acc: 0.4464
2025-06-23 09:29:24,778 [INFO] Epoch 119 | Train Loss: 0.8819 | Val Loss: 1.6462 | Val Acc: 0.4464
2025-06-23 09:29:24,792 [INFO] Epoch 120 | Train Loss: 0.8615 | Val Loss: 1.6202 | Val Acc: 0.4286
2025-06-23 09:29:25,960 [INFO] Epoch 121 | Train Loss: 0.8841 | Val Loss: 1.7723 | Val Acc: 0.4464
2025-06-23 09:29:25,974 [INFO] Epoch 122 | Train Loss: 0.8459 | Val Loss: 1.6711 | Val Acc: 0.4464
2025-06-23 09:29:25,990 [INFO] Epoch 123 | Train Loss: 0.7646 | Val Loss: 1.7280 | Val Acc: 0.3750
2025-06-23 09:29:26,006 [INFO] Epoch 124 | Train Loss: 0.8041 | Val Loss: 1.4919 | Val Acc: 0.3929
2025-06-23 09:29:26,025 [INFO] Epoch 125 | Train Loss: 0.8133 | Val Loss: 1.4863 | Val Acc: 0.4107
2025-06-23 09:29:26,041 [INFO] Epoch 126 | Train Loss: 0.8427 | Val Loss: 1.7208 | Val Acc: 0.3571
2025-06-23 09:29:26,056 [INFO] Epoch 127 | Train Loss: 0.8217 | Val Loss: 1.6113 | Val Acc: 0.4643
2025-06-23 09:29:26,069 [INFO] Epoch 128 | Train Loss: 0.8523 | Val Loss: 1.5164 | Val Acc: 0.4464
2025-06-23 09:29:26,084 [INFO] Epoch 129 | Train Loss: 0.9235 | Val Loss: 1.5269 | Val Acc: 0.3036
2025-06-23 09:29:26,097 [INFO] Epoch 130 | Train Loss: 0.8218 | Val Loss: 1.6556 | Val Acc: 0.3571
2025-06-23 09:29:27,199 [INFO] Epoch 131 | Train Loss: 0.7576 | Val Loss: 1.6370 | Val Acc: 0.4286
2025-06-23 09:29:27,215 [INFO] Epoch 132 | Train Loss: 0.7435 | Val Loss: 1.6136 | Val Acc: 0.4286
2025-06-23 09:29:27,232 [INFO] Epoch 133 | Train Loss: 0.7664 | Val Loss: 1.6162 | Val Acc: 0.4643
2025-06-23 09:29:27,249 [INFO] Epoch 134 | Train Loss: 0.6948 | Val Loss: 1.8424 | Val Acc: 0.4464
2025-06-23 09:29:27,278 [INFO] Epoch 135 | Train Loss: 0.7440 | Val Loss: 1.6898 | Val Acc: 0.4107
2025-06-23 09:29:27,295 [INFO] Epoch 136 | Train Loss: 0.7024 | Val Loss: 1.6821 | Val Acc: 0.3571
2025-06-23 09:29:27,312 [INFO] Epoch 137 | Train Loss: 0.7825 | Val Loss: 1.5566 | Val Acc: 0.4107
2025-06-23 09:29:27,326 [INFO] Epoch 138 | Train Loss: 0.7999 | Val Loss: 1.5572 | Val Acc: 0.4286
2025-06-23 09:43:58,878 [INFO] Epoch 139 | Train Loss: 0.8064 | Val Loss: 1.8109 | Val Acc: 0.4464
2025-06-23 09:43:59,032 [INFO] Epoch 140 | Train Loss: 0.9063 | Val Loss: 1.9550 | Val Acc: 0.4464
2025-06-23 09:44:00,250 [INFO] Epoch 141 | Train Loss: 0.8239 | Val Loss: 1.7474 | Val Acc: 0.3750
2025-06-23 09:44:00,270 [INFO] Epoch 142 | Train Loss: 0.8348 | Val Loss: 1.4016 | Val Acc: 0.4286
2025-06-23 09:44:00,289 [INFO] Epoch 143 | Train Loss: 0.8602 | Val Loss: 1.3501 | Val Acc: 0.4107
2025-06-23 09:44:00,308 [INFO] Epoch 144 | Train Loss: 0.8265 | Val Loss: 1.6968 | Val Acc: 0.3036
2025-06-23 09:44:00,326 [INFO] Epoch 145 | Train Loss: 0.8531 | Val Loss: 1.6233 | Val Acc: 0.5000
2025-06-23 09:44:00,347 [INFO] Epoch 146 | Train Loss: 0.7892 | Val Loss: 1.5961 | Val Acc: 0.4107
2025-06-23 09:44:00,364 [INFO] Epoch 147 | Train Loss: 0.7702 | Val Loss: 1.5275 | Val Acc: 0.5000
2025-06-23 09:44:00,380 [INFO] Epoch 148 | Train Loss: 0.8696 | Val Loss: 1.4446 | Val Acc: 0.5893
2025-06-23 09:44:00,383 [INFO] New best model at epoch 148 (Val Acc: 0.5893)
2025-06-23 09:44:00,398 [INFO] Epoch 149 | Train Loss: 0.7937 | Val Loss: 1.3267 | Val Acc: 0.4821
2025-06-23 09:44:00,415 [INFO] Epoch 150 | Train Loss: 0.7618 | Val Loss: 1.5606 | Val Acc: 0.4286
2025-06-23 09:44:01,537 [INFO] Epoch 151 | Train Loss: 0.7447 | Val Loss: 1.5845 | Val Acc: 0.4107
2025-06-23 09:44:01,555 [INFO] Epoch 152 | Train Loss: 0.7003 | Val Loss: 1.6389 | Val Acc: 0.3929
2025-06-23 09:44:01,573 [INFO] Epoch 153 | Train Loss: 0.7518 | Val Loss: 1.8474 | Val Acc: 0.3214
2025-06-23 09:44:01,590 [INFO] Epoch 154 | Train Loss: 0.8602 | Val Loss: 2.0301 | Val Acc: 0.3929
2025-06-23 09:44:01,611 [INFO] Epoch 155 | Train Loss: 0.8231 | Val Loss: 2.0964 | Val Acc: 0.3393
2025-06-23 09:44:01,630 [INFO] Epoch 156 | Train Loss: 0.7477 | Val Loss: 1.8523 | Val Acc: 0.3571
2025-06-23 09:44:01,649 [INFO] Epoch 157 | Train Loss: 0.8679 | Val Loss: 2.7158 | Val Acc: 0.4464
2025-06-23 09:44:01,670 [INFO] Epoch 158 | Train Loss: 0.9398 | Val Loss: 1.8093 | Val Acc: 0.3929
2025-06-23 09:44:01,690 [INFO] Epoch 159 | Train Loss: 0.7884 | Val Loss: 1.5905 | Val Acc: 0.3750
2025-06-23 09:44:01,706 [INFO] Epoch 160 | Train Loss: 0.7712 | Val Loss: 1.6620 | Val Acc: 0.3929
2025-06-23 09:44:02,806 [INFO] Epoch 161 | Train Loss: 0.8096 | Val Loss: 1.7503 | Val Acc: 0.3571
2025-06-23 09:44:02,822 [INFO] Epoch 162 | Train Loss: 0.8237 | Val Loss: 1.9253 | Val Acc: 0.4286
2025-06-23 09:44:02,839 [INFO] Epoch 163 | Train Loss: 0.7134 | Val Loss: 2.0484 | Val Acc: 0.4643
2025-06-23 09:44:02,857 [INFO] Epoch 164 | Train Loss: 0.8564 | Val Loss: 1.9148 | Val Acc: 0.3393
2025-06-23 09:44:02,875 [INFO] Epoch 165 | Train Loss: 0.6680 | Val Loss: 1.7057 | Val Acc: 0.3929
2025-06-23 09:44:02,893 [INFO] Epoch 166 | Train Loss: 0.7151 | Val Loss: 1.5406 | Val Acc: 0.4643
2025-06-23 09:44:02,911 [INFO] Epoch 167 | Train Loss: 0.7287 | Val Loss: 1.4883 | Val Acc: 0.5179
2025-06-23 09:44:02,928 [INFO] Epoch 168 | Train Loss: 0.7202 | Val Loss: 1.7048 | Val Acc: 0.4821
2025-06-23 09:44:02,945 [INFO] Epoch 169 | Train Loss: 0.7779 | Val Loss: 1.7045 | Val Acc: 0.4643
2025-06-23 09:44:02,961 [INFO] Epoch 170 | Train Loss: 0.6751 | Val Loss: 1.7845 | Val Acc: 0.3571
2025-06-23 09:44:04,155 [INFO] Epoch 171 | Train Loss: 0.8358 | Val Loss: 1.7514 | Val Acc: 0.4286
2025-06-23 09:44:04,172 [INFO] Epoch 172 | Train Loss: 0.8030 | Val Loss: 1.9087 | Val Acc: 0.4464
2025-06-23 09:44:04,189 [INFO] Epoch 173 | Train Loss: 0.8298 | Val Loss: 1.7782 | Val Acc: 0.3750
2025-06-23 09:44:04,205 [INFO] Epoch 174 | Train Loss: 0.8006 | Val Loss: 2.3050 | Val Acc: 0.3929
2025-06-23 09:44:04,223 [INFO] Epoch 175 | Train Loss: 0.8037 | Val Loss: 2.0494 | Val Acc: 0.3571
2025-06-23 09:44:04,240 [INFO] Epoch 176 | Train Loss: 0.7736 | Val Loss: 1.8986 | Val Acc: 0.3750
2025-06-23 09:44:04,259 [INFO] Epoch 177 | Train Loss: 0.7350 | Val Loss: 1.7528 | Val Acc: 0.4107
2025-06-23 09:44:04,274 [INFO] Epoch 178 | Train Loss: 0.6531 | Val Loss: 1.7028 | Val Acc: 0.4286
2025-06-23 09:44:04,290 [INFO] Epoch 179 | Train Loss: 0.7611 | Val Loss: 1.6063 | Val Acc: 0.3214
2025-06-23 09:44:04,305 [INFO] Epoch 180 | Train Loss: 0.7584 | Val Loss: 1.8447 | Val Acc: 0.4286
2025-06-23 09:44:47,119 [INFO] Epoch 181 | Train Loss: 0.7561 | Val Loss: 1.8321 | Val Acc: 0.4643
2025-06-23 09:44:47,136 [INFO] Epoch 182 | Train Loss: 0.7361 | Val Loss: 1.9524 | Val Acc: 0.3929
2025-06-23 09:44:47,153 [INFO] Epoch 183 | Train Loss: 0.7526 | Val Loss: 1.6565 | Val Acc: 0.4821
2025-06-23 09:44:47,169 [INFO] Epoch 184 | Train Loss: 0.7888 | Val Loss: 1.6578 | Val Acc: 0.4821
2025-06-23 09:44:47,190 [INFO] Epoch 185 | Train Loss: 0.7204 | Val Loss: 2.0736 | Val Acc: 0.3929
2025-06-23 09:44:47,210 [INFO] Epoch 186 | Train Loss: 0.6817 | Val Loss: 1.8955 | Val Acc: 0.4464
2025-06-23 09:44:47,228 [INFO] Epoch 187 | Train Loss: 0.7983 | Val Loss: 1.6357 | Val Acc: 0.4464
2025-06-23 09:44:47,241 [INFO] Epoch 188 | Train Loss: 0.6639 | Val Loss: 1.6614 | Val Acc: 0.4107
2025-06-23 09:44:47,255 [INFO] Epoch 189 | Train Loss: 0.7030 | Val Loss: 1.5598 | Val Acc: 0.3929
2025-06-23 09:44:47,270 [INFO] Epoch 190 | Train Loss: 0.7511 | Val Loss: 1.9515 | Val Acc: 0.4464
2025-06-23 09:44:49,026 [INFO] Epoch 191 | Train Loss: 0.7327 | Val Loss: 2.1585 | Val Acc: 0.3214
2025-06-23 09:44:49,043 [INFO] Epoch 192 | Train Loss: 0.7142 | Val Loss: 2.0662 | Val Acc: 0.4464
2025-06-23 09:44:49,059 [INFO] Epoch 193 | Train Loss: 0.7518 | Val Loss: 1.9301 | Val Acc: 0.5357
2025-06-23 09:44:49,076 [INFO] Epoch 194 | Train Loss: 0.7619 | Val Loss: 1.7578 | Val Acc: 0.4821
2025-06-23 09:44:49,094 [INFO] Epoch 195 | Train Loss: 0.7438 | Val Loss: 1.6208 | Val Acc: 0.4464
2025-06-23 09:44:49,110 [INFO] Epoch 196 | Train Loss: 0.7252 | Val Loss: 1.8943 | Val Acc: 0.3750
2025-06-23 09:44:49,125 [INFO] Epoch 197 | Train Loss: 0.6876 | Val Loss: 2.0748 | Val Acc: 0.4107
2025-06-23 09:44:49,140 [INFO] Epoch 198 | Train Loss: 0.7621 | Val Loss: 1.8409 | Val Acc: 0.3393
2025-06-23 09:44:49,173 [INFO] Epoch 199 | Train Loss: 0.7234 | Val Loss: 2.0637 | Val Acc: 0.4464
2025-06-23 09:44:49,192 [INFO] Epoch 200 | Train Loss: 0.7215 | Val Loss: 2.4916 | Val Acc: 0.4464
2025-06-23 09:44:50,261 [INFO] Epoch 201 | Train Loss: 0.7780 | Val Loss: 1.7489 | Val Acc: 0.4643
2025-06-23 09:44:50,280 [INFO] Epoch 202 | Train Loss: 0.8873 | Val Loss: 2.0332 | Val Acc: 0.4821
2025-06-23 09:44:50,300 [INFO] Epoch 203 | Train Loss: 0.7682 | Val Loss: 1.9474 | Val Acc: 0.4821
2025-06-23 09:44:50,319 [INFO] Epoch 204 | Train Loss: 0.8345 | Val Loss: 2.3500 | Val Acc: 0.4107
2025-06-23 09:44:50,337 [INFO] Epoch 205 | Train Loss: 0.7155 | Val Loss: 1.9545 | Val Acc: 0.3393
2025-06-23 09:44:50,353 [INFO] Epoch 206 | Train Loss: 0.7274 | Val Loss: 1.6899 | Val Acc: 0.3393
2025-06-23 09:44:50,369 [INFO] Epoch 207 | Train Loss: 0.7287 | Val Loss: 1.6350 | Val Acc: 0.4286
2025-06-23 09:44:50,384 [INFO] Epoch 208 | Train Loss: 0.6966 | Val Loss: 1.5863 | Val Acc: 0.4107
2025-06-23 09:44:50,402 [INFO] Epoch 209 | Train Loss: 0.6278 | Val Loss: 1.6651 | Val Acc: 0.4643
2025-06-23 09:44:50,426 [INFO] Epoch 210 | Train Loss: 0.6174 | Val Loss: 1.8589 | Val Acc: 0.3929
2025-06-23 09:44:51,508 [INFO] Epoch 211 | Train Loss: 0.6954 | Val Loss: 1.6675 | Val Acc: 0.4286
2025-06-23 09:44:51,525 [INFO] Epoch 212 | Train Loss: 0.6511 | Val Loss: 1.7880 | Val Acc: 0.3929
2025-06-23 09:44:51,542 [INFO] Epoch 213 | Train Loss: 0.6581 | Val Loss: 2.0495 | Val Acc: 0.3929
2025-06-23 09:44:51,559 [INFO] Epoch 214 | Train Loss: 0.7206 | Val Loss: 1.9878 | Val Acc: 0.4107
2025-06-23 09:44:51,579 [INFO] Epoch 215 | Train Loss: 0.6280 | Val Loss: 2.1258 | Val Acc: 0.3036
2025-06-23 09:44:51,596 [INFO] Epoch 216 | Train Loss: 0.8292 | Val Loss: 1.8805 | Val Acc: 0.3929
2025-06-23 09:44:51,612 [INFO] Epoch 217 | Train Loss: 0.9178 | Val Loss: 2.6853 | Val Acc: 0.3750
2025-06-23 09:44:51,627 [INFO] Epoch 218 | Train Loss: 0.9859 | Val Loss: 2.4429 | Val Acc: 0.4643
2025-06-23 09:44:51,640 [INFO] Epoch 219 | Train Loss: 0.8533 | Val Loss: 1.7371 | Val Acc: 0.4464
2025-06-23 09:44:51,654 [INFO] Epoch 220 | Train Loss: 0.8466 | Val Loss: 1.7204 | Val Acc: 0.4107
2025-06-23 09:44:52,891 [INFO] Epoch 221 | Train Loss: 0.8218 | Val Loss: 2.0240 | Val Acc: 0.3750
2025-06-23 09:44:52,908 [INFO] Epoch 222 | Train Loss: 0.7284 | Val Loss: 1.8950 | Val Acc: 0.3750
2025-06-23 09:44:52,929 [INFO] Epoch 223 | Train Loss: 0.7221 | Val Loss: 1.9705 | Val Acc: 0.3750
2025-06-23 09:44:52,950 [INFO] Epoch 224 | Train Loss: 0.7074 | Val Loss: 2.2700 | Val Acc: 0.4464
2025-06-23 09:44:52,967 [INFO] Epoch 225 | Train Loss: 0.7602 | Val Loss: 2.1246 | Val Acc: 0.3571
2025-06-23 09:44:52,986 [INFO] Epoch 226 | Train Loss: 0.7502 | Val Loss: 1.7898 | Val Acc: 0.4107
2025-06-23 09:44:53,001 [INFO] Epoch 227 | Train Loss: 0.7202 | Val Loss: 1.4604 | Val Acc: 0.4643
2025-06-23 09:44:53,015 [INFO] Epoch 228 | Train Loss: 0.8600 | Val Loss: 1.7251 | Val Acc: 0.3036
2025-06-23 09:44:53,029 [INFO] Epoch 229 | Train Loss: 0.8878 | Val Loss: 1.6792 | Val Acc: 0.3571
2025-06-23 09:44:53,042 [INFO] Epoch 230 | Train Loss: 0.8403 | Val Loss: 2.0030 | Val Acc: 0.3571
2025-06-23 09:44:56,071 [INFO] Epoch 231 | Train Loss: 0.6991 | Val Loss: 1.9248 | Val Acc: 0.3393
2025-06-23 09:44:56,091 [INFO] Epoch 232 | Train Loss: 0.7883 | Val Loss: 1.7765 | Val Acc: 0.4107
2025-06-23 09:44:56,106 [INFO] Epoch 233 | Train Loss: 0.7980 | Val Loss: 2.0640 | Val Acc: 0.3571
2025-06-23 09:44:56,133 [INFO] Epoch 234 | Train Loss: 0.7744 | Val Loss: 1.9064 | Val Acc: 0.3393
2025-06-23 09:44:56,149 [INFO] Epoch 235 | Train Loss: 0.6771 | Val Loss: 1.8455 | Val Acc: 0.3571
2025-06-23 09:44:56,163 [INFO] Epoch 236 | Train Loss: 0.6460 | Val Loss: 1.9326 | Val Acc: 0.4107
2025-06-23 09:44:56,178 [INFO] Epoch 237 | Train Loss: 0.6935 | Val Loss: 1.9631 | Val Acc: 0.3929
2025-06-23 09:44:56,191 [INFO] Epoch 238 | Train Loss: 0.6329 | Val Loss: 1.8910 | Val Acc: 0.4643
2025-06-23 09:44:56,205 [INFO] Epoch 239 | Train Loss: 0.7667 | Val Loss: 1.5984 | Val Acc: 0.4821
2025-06-23 09:44:56,221 [INFO] Epoch 240 | Train Loss: 0.6505 | Val Loss: 1.7497 | Val Acc: 0.4107
2025-06-23 09:44:57,274 [INFO] Epoch 241 | Train Loss: 0.7331 | Val Loss: 1.9346 | Val Acc: 0.3929
2025-06-23 09:44:57,295 [INFO] Epoch 242 | Train Loss: 0.7656 | Val Loss: 2.0306 | Val Acc: 0.3929
2025-06-23 09:44:57,319 [INFO] Epoch 243 | Train Loss: 0.6635 | Val Loss: 1.7063 | Val Acc: 0.3750
2025-06-23 09:44:57,342 [INFO] Epoch 244 | Train Loss: 0.7256 | Val Loss: 2.4028 | Val Acc: 0.3750
2025-06-23 09:44:57,365 [INFO] Epoch 245 | Train Loss: 0.6880 | Val Loss: 2.6345 | Val Acc: 0.3393
2025-06-23 09:44:57,382 [INFO] Epoch 246 | Train Loss: 0.7173 | Val Loss: 2.0204 | Val Acc: 0.4286
2025-06-23 09:44:57,395 [INFO] Epoch 247 | Train Loss: 0.6286 | Val Loss: 1.7653 | Val Acc: 0.3929
2025-06-23 09:44:57,409 [INFO] Epoch 248 | Train Loss: 0.6642 | Val Loss: 1.7380 | Val Acc: 0.4107
2025-06-23 09:44:57,423 [INFO] Epoch 249 | Train Loss: 0.7253 | Val Loss: 2.1019 | Val Acc: 0.3929
2025-06-23 09:44:57,436 [INFO] Epoch 250 | Train Loss: 0.6672 | Val Loss: 2.4002 | Val Acc: 0.2857
2025-06-23 09:44:58,452 [INFO] Epoch 251 | Train Loss: 0.6402 | Val Loss: 2.0251 | Val Acc: 0.3750
2025-06-23 09:44:58,471 [INFO] Epoch 252 | Train Loss: 0.6450 | Val Loss: 1.8028 | Val Acc: 0.4286
2025-06-23 09:44:58,487 [INFO] Epoch 253 | Train Loss: 0.6974 | Val Loss: 1.8483 | Val Acc: 0.4464
2025-06-23 09:44:58,503 [INFO] Epoch 254 | Train Loss: 0.6804 | Val Loss: 2.0063 | Val Acc: 0.5000
2025-06-23 09:44:58,520 [INFO] Epoch 255 | Train Loss: 0.7773 | Val Loss: 1.7842 | Val Acc: 0.4821
2025-06-23 09:44:58,536 [INFO] Epoch 256 | Train Loss: 0.6342 | Val Loss: 1.8276 | Val Acc: 0.4464
2025-06-23 09:44:58,550 [INFO] Epoch 257 | Train Loss: 0.6326 | Val Loss: 1.8772 | Val Acc: 0.5179
2025-06-23 09:44:58,564 [INFO] Epoch 258 | Train Loss: 0.6288 | Val Loss: 1.9477 | Val Acc: 0.4821
2025-06-23 09:44:58,577 [INFO] Epoch 259 | Train Loss: 0.7633 | Val Loss: 2.1720 | Val Acc: 0.4107
2025-06-23 09:44:58,591 [INFO] Epoch 260 | Train Loss: 0.6527 | Val Loss: 2.7914 | Val Acc: 0.4821
2025-06-23 09:44:59,725 [INFO] Epoch 261 | Train Loss: 0.6177 | Val Loss: 2.5121 | Val Acc: 0.5179
2025-06-23 09:44:59,740 [INFO] Epoch 262 | Train Loss: 0.7116 | Val Loss: 1.8494 | Val Acc: 0.4643
2025-06-23 09:44:59,757 [INFO] Epoch 263 | Train Loss: 0.5908 | Val Loss: 1.9747 | Val Acc: 0.4643
2025-06-23 09:44:59,775 [INFO] Epoch 264 | Train Loss: 0.6400 | Val Loss: 2.2678 | Val Acc: 0.4107
2025-06-23 09:44:59,794 [INFO] Epoch 265 | Train Loss: 0.6003 | Val Loss: 2.2527 | Val Acc: 0.3750
2025-06-23 09:44:59,812 [INFO] Epoch 266 | Train Loss: 0.6097 | Val Loss: 2.4421 | Val Acc: 0.2857
2025-06-23 09:44:59,827 [INFO] Epoch 267 | Train Loss: 0.5807 | Val Loss: 2.0938 | Val Acc: 0.2857
2025-06-23 09:44:59,843 [INFO] Epoch 268 | Train Loss: 0.6611 | Val Loss: 1.9195 | Val Acc: 0.4107
2025-06-23 09:44:59,859 [INFO] Epoch 269 | Train Loss: 0.6126 | Val Loss: 2.2796 | Val Acc: 0.3750
2025-06-23 09:44:59,878 [INFO] Epoch 270 | Train Loss: 0.7170 | Val Loss: 2.0722 | Val Acc: 0.3929
2025-06-23 09:45:01,087 [INFO] Epoch 271 | Train Loss: 0.7686 | Val Loss: 2.4745 | Val Acc: 0.4107
2025-06-23 09:45:01,102 [INFO] Epoch 272 | Train Loss: 0.7562 | Val Loss: 1.7969 | Val Acc: 0.4643
2025-06-23 09:45:01,117 [INFO] Epoch 273 | Train Loss: 0.6350 | Val Loss: 2.0572 | Val Acc: 0.4286
2025-06-23 09:45:01,133 [INFO] Epoch 274 | Train Loss: 0.7467 | Val Loss: 1.9641 | Val Acc: 0.4643
2025-06-23 09:45:01,150 [INFO] Epoch 275 | Train Loss: 0.5732 | Val Loss: 2.5822 | Val Acc: 0.3750
2025-06-23 09:45:01,166 [INFO] Epoch 276 | Train Loss: 0.7148 | Val Loss: 2.1462 | Val Acc: 0.4821
2025-06-23 09:45:01,181 [INFO] Epoch 277 | Train Loss: 0.7073 | Val Loss: 2.1790 | Val Acc: 0.3929
2025-06-23 09:45:01,198 [INFO] Epoch 278 | Train Loss: 0.6997 | Val Loss: 2.1473 | Val Acc: 0.4643
2025-06-23 09:45:01,212 [INFO] Epoch 279 | Train Loss: 0.7010 | Val Loss: 2.6045 | Val Acc: 0.3929
2025-06-23 09:45:01,225 [INFO] Epoch 280 | Train Loss: 0.6264 | Val Loss: 2.3834 | Val Acc: 0.3036
2025-06-23 09:45:02,762 [INFO] Epoch 281 | Train Loss: 0.7741 | Val Loss: 2.0630 | Val Acc: 0.3393
2025-06-23 09:45:02,777 [INFO] Epoch 282 | Train Loss: 0.6398 | Val Loss: 2.2689 | Val Acc: 0.3393
2025-06-23 09:45:02,793 [INFO] Epoch 283 | Train Loss: 0.7437 | Val Loss: 1.9803 | Val Acc: 0.3929
2025-06-23 09:45:02,808 [INFO] Epoch 284 | Train Loss: 0.6615 | Val Loss: 1.6443 | Val Acc: 0.4821
2025-06-23 09:45:02,825 [INFO] Epoch 285 | Train Loss: 0.7702 | Val Loss: 2.3261 | Val Acc: 0.4107
2025-06-23 09:45:02,845 [INFO] Epoch 286 | Train Loss: 0.7287 | Val Loss: 2.3407 | Val Acc: 0.3571
2025-06-23 09:45:02,864 [INFO] Epoch 287 | Train Loss: 0.6402 | Val Loss: 1.9111 | Val Acc: 0.3929
2025-06-23 09:45:02,885 [INFO] Epoch 288 | Train Loss: 0.7443 | Val Loss: 1.8883 | Val Acc: 0.4464
2025-06-23 09:45:02,903 [INFO] Epoch 289 | Train Loss: 0.6839 | Val Loss: 1.9369 | Val Acc: 0.4286
2025-06-23 09:45:02,917 [INFO] Epoch 290 | Train Loss: 0.6889 | Val Loss: 1.8228 | Val Acc: 0.5000
2025-06-23 09:45:04,075 [INFO] Epoch 291 | Train Loss: 0.6962 | Val Loss: 2.1907 | Val Acc: 0.4107
2025-06-23 09:45:04,090 [INFO] Epoch 292 | Train Loss: 0.6605 | Val Loss: 1.9949 | Val Acc: 0.4821
2025-06-23 09:45:04,108 [INFO] Epoch 293 | Train Loss: 0.6653 | Val Loss: 2.2053 | Val Acc: 0.3929
2025-06-23 09:45:04,125 [INFO] Epoch 294 | Train Loss: 0.6701 | Val Loss: 1.9594 | Val Acc: 0.3929
2025-06-23 09:45:04,144 [INFO] Epoch 295 | Train Loss: 0.7036 | Val Loss: 2.2295 | Val Acc: 0.4286
2025-06-23 09:45:04,163 [INFO] Epoch 296 | Train Loss: 0.6125 | Val Loss: 2.7844 | Val Acc: 0.4286
2025-06-23 09:45:04,179 [INFO] Epoch 297 | Train Loss: 0.7275 | Val Loss: 3.0113 | Val Acc: 0.4464
2025-06-23 09:45:04,192 [INFO] Epoch 298 | Train Loss: 0.8507 | Val Loss: 2.4816 | Val Acc: 0.4107
2025-06-23 09:45:04,193 [INFO] Early stopping at epoch 298 (no improvement in 150 epochs).
2025-06-23 09:45:04,195 [INFO] Best model saved to <built-in function time>/ENZYMES/best/best_source_gin.pth (Val Acc: 0.5893 at epoch 148)
2025-06-23 09:45:04,196 [INFO] Training/validation metrics saved to <built-in function time>/ENZYMES/GIN_0.01/train_metrics.csv
2025-06-23 09:45:06,126 [INFO] Final training curves saved
2025-06-23 09:45:06,126 [INFO] Training completed!
2025-06-23 09:45:06,126 [INFO] Best validation accuracy: 0.5893
2025-06-23 09:45:06,126 [INFO] Best epoch: 148
2025-06-23 09:45:06,126 [INFO] Total epochs trained: 298
2025-06-23 09:45:06,127 [INFO] Starting training with parameters: (0.01, 0.2, 32, 2, 400, 0.0)
