2025-06-22 15:03:58,943 [INFO] Using device: cpu
2025-06-22 15:03:58,944 [INFO] 开始创建数据加载器...
2025-06-22 15:03:58,947 [INFO] Successfully loaded dataset ENZYMES from ./data, total graphs: 600
2025-06-22 15:03:58,948 [INFO] Class allocation analysis:
2025-06-22 15:03:58,948 [INFO]   Source classes: [0, 1, 2, 3]
2025-06-22 15:03:58,948 [INFO]   Target classes: [0, 1, 2, 3, 4, 5]
2025-06-22 15:03:58,948 [INFO]   Overlap classes (to be split): [0, 1, 2, 3]
2025-06-22 15:03:58,948 [INFO]   Target novel classes (unknown): [4, 5]
2025-06-22 15:03:58,965 [INFO]   Class 0: 100 total -> Source: 70, Target: 30
2025-06-22 15:03:58,965 [INFO]   Class 1: 100 total -> Source: 70, Target: 30
2025-06-22 15:03:58,965 [INFO]   Class 2: 100 total -> Source: 70, Target: 30
2025-06-22 15:03:58,966 [INFO]   Class 3: 100 total -> Source: 70, Target: 30
2025-06-22 15:03:58,966 [INFO]   Class 4 (novel/unknown): 100 samples -> Target
2025-06-22 15:03:58,966 [INFO]   Class 5 (novel/unknown): 100 samples -> Target
2025-06-22 15:03:58,966 [INFO] Final allocation:
2025-06-22 15:03:58,966 [INFO]   Source domain: 280 samples
2025-06-22 15:03:58,966 [INFO]   Target domain: 320 samples
2025-06-22 15:03:58,967 [INFO] Source domain setup:
2025-06-22 15:03:58,967 [INFO]   Original classes: [0, 1, 2, 3]
2025-06-22 15:03:58,967 [INFO]   Overlap classes used: [0, 1, 2, 3]
2025-06-22 15:03:58,967 [INFO]   Label mapping: {0: 0, 1: 1, 2: 2, 3: 3}
2025-06-22 15:03:58,967 [INFO]   Total data after allocation: 280
2025-06-22 15:03:58,967 [INFO]   Data split - Train: 224, Val: 56
2025-06-22 15:03:58,967 [INFO]   Train label distribution: {0: 56, 1: 56, 3: 56, 2: 56}
2025-06-22 15:03:58,967 [INFO]   Val label distribution: {1: 14, 2: 14, 0: 14, 3: 14}
2025-06-22 15:03:58,969 [INFO] Successfully loaded dataset ENZYMES from ./data, total graphs: 600
2025-06-22 15:03:58,969 [INFO] Class allocation analysis:
2025-06-22 15:03:58,970 [INFO]   Source classes: [0, 1, 2, 3]
2025-06-22 15:03:58,970 [INFO]   Target classes: [0, 1, 2, 3, 4, 5]
2025-06-22 15:03:58,970 [INFO]   Overlap classes (to be split): [0, 1, 2, 3]
2025-06-22 15:03:58,970 [INFO]   Target novel classes (unknown): [4, 5]
2025-06-22 15:03:59,084 [INFO]   Class 0: 100 total -> Source: 70, Target: 30
2025-06-22 15:03:59,085 [INFO]   Class 1: 100 total -> Source: 70, Target: 30
2025-06-22 15:03:59,085 [INFO]   Class 2: 100 total -> Source: 70, Target: 30
2025-06-22 15:03:59,085 [INFO]   Class 3: 100 total -> Source: 70, Target: 30
2025-06-22 15:03:59,085 [INFO]   Class 4 (novel/unknown): 100 samples -> Target
2025-06-22 15:03:59,085 [INFO]   Class 5 (novel/unknown): 100 samples -> Target
2025-06-22 15:03:59,085 [INFO] Final allocation:
2025-06-22 15:03:59,085 [INFO]   Source domain: 280 samples
2025-06-22 15:03:59,085 [INFO]   Target domain: 320 samples
2025-06-22 15:03:59,087 [INFO] Target domain setup:
2025-06-22 15:03:59,087 [INFO]   Original classes: [0, 1, 2, 3, 4, 5]
2025-06-22 15:03:59,087 [INFO]   Overlap classes: [0, 1, 2, 3]
2025-06-22 15:03:59,087 [INFO]   Novel classes: [4, 5] -> mapped to unknown label 4
2025-06-22 15:03:59,087 [INFO]   Label mapping: {0: 0, 1: 1, 2: 2, 3: 3, 4: 4, 5: 4}
2025-06-22 15:03:59,087 [INFO]   Total data after allocation: 320
2025-06-22 15:03:59,087 [INFO]   Data split - Train: 256, Val: 64
2025-06-22 15:03:59,087 [INFO]   Total count: 320 (known: 120, unknown: 200)
2025-06-22 15:03:59,087 [INFO]   Total label distribution: {4: 200, 3: 30, 0: 30, 1: 30, 2: 30}
2025-06-22 15:03:59,087 [INFO]   Train label distribution: {4: 160, 0: 24, 2: 24, 3: 24, 1: 24}
2025-06-22 15:03:59,087 [INFO]   Val label distribution: {1: 6, 4: 40, 3: 6, 0: 6, 2: 6}
2025-06-22 15:03:59,087 [INFO] 数据加载器创建完成!
2025-06-22 15:03:59,087 [INFO] 源域类别数: 4 (重叠类别)
2025-06-22 15:03:59,087 [INFO] 目标域类别数: 5 (4个重叠类别 + 1个未知类别)
2025-06-22 15:03:59,087 [INFO] 重叠类别: [0, 1, 2, 3]
2025-06-22 15:03:59,087 [INFO] 目标域新类别: [4, 5]
2025-06-22 15:03:59,087 [INFO] Data allocation verification:
2025-06-22 15:03:59,088 [INFO]   Source data samples: 280
2025-06-22 15:03:59,088 [INFO]   Target data samples: 320
2025-06-22 15:03:59,088 [INFO]   Overlapping samples: 0
2025-06-22 15:03:59,088 [INFO]   ✓ Data allocation is correct - no overlapping samples
2025-06-22 15:03:59,088 [INFO] Model initialized with 1444 parameters
2025-06-22 15:03:59,089 [INFO] Previous best validation accuracy read from record.txt: 0.6250
2025-06-22 15:03:59,089 [INFO] Starting training...
2025-06-22 15:03:59,103 [INFO] Epoch 001 | Train Loss: 6.4964 | Val Loss: 5.7337 | Val Acc: 0.3750
2025-06-22 15:04:00,115 [INFO] New best model at epoch 1 (Val Acc: 0.3750)
2025-06-22 15:04:00,126 [INFO] Epoch 002 | Train Loss: 3.3580 | Val Loss: 3.6236 | Val Acc: 0.3929
2025-06-22 15:04:00,127 [INFO] New best model at epoch 2 (Val Acc: 0.3929)
2025-06-22 15:04:00,136 [INFO] Epoch 003 | Train Loss: 3.0717 | Val Loss: 2.0810 | Val Acc: 0.3214
2025-06-22 15:04:00,146 [INFO] Epoch 004 | Train Loss: 2.1966 | Val Loss: 1.8434 | Val Acc: 0.3571
2025-06-22 15:04:00,157 [INFO] Epoch 005 | Train Loss: 2.3905 | Val Loss: 1.7007 | Val Acc: 0.4464
2025-06-22 15:04:00,159 [INFO] New best model at epoch 5 (Val Acc: 0.4464)
2025-06-22 15:04:00,170 [INFO] Epoch 006 | Train Loss: 2.1192 | Val Loss: 1.8502 | Val Acc: 0.2679
2025-06-22 15:04:00,183 [INFO] Epoch 007 | Train Loss: 1.8770 | Val Loss: 1.5689 | Val Acc: 0.3036
2025-06-22 15:04:00,195 [INFO] Epoch 008 | Train Loss: 1.6577 | Val Loss: 1.3751 | Val Acc: 0.4286
2025-06-22 15:04:00,205 [INFO] Epoch 009 | Train Loss: 1.5391 | Val Loss: 1.3802 | Val Acc: 0.3750
2025-06-22 15:04:00,216 [INFO] Epoch 010 | Train Loss: 1.6558 | Val Loss: 1.3471 | Val Acc: 0.3929
2025-06-22 15:04:03,566 [INFO] Epoch 011 | Train Loss: 1.6352 | Val Loss: 1.5943 | Val Acc: 0.3750
2025-06-22 15:04:03,576 [INFO] Epoch 012 | Train Loss: 1.5974 | Val Loss: 1.4105 | Val Acc: 0.3393
2025-06-22 15:04:03,587 [INFO] Epoch 013 | Train Loss: 1.5262 | Val Loss: 1.4578 | Val Acc: 0.3036
2025-06-22 15:04:03,596 [INFO] Epoch 014 | Train Loss: 1.3877 | Val Loss: 1.3371 | Val Acc: 0.3929
2025-06-22 15:04:03,607 [INFO] Epoch 015 | Train Loss: 1.3709 | Val Loss: 1.3561 | Val Acc: 0.3571
2025-06-22 15:04:03,620 [INFO] Epoch 016 | Train Loss: 1.2939 | Val Loss: 1.3028 | Val Acc: 0.3929
2025-06-22 15:04:03,631 [INFO] Epoch 017 | Train Loss: 1.3394 | Val Loss: 1.3056 | Val Acc: 0.3750
2025-06-22 15:04:03,644 [INFO] Epoch 018 | Train Loss: 1.3814 | Val Loss: 1.3581 | Val Acc: 0.3929
2025-06-22 15:04:03,658 [INFO] Epoch 019 | Train Loss: 1.3032 | Val Loss: 1.4462 | Val Acc: 0.3036
2025-06-22 15:04:03,671 [INFO] Epoch 020 | Train Loss: 1.3395 | Val Loss: 1.3548 | Val Acc: 0.4286
2025-06-22 15:04:04,980 [INFO] Epoch 021 | Train Loss: 1.4349 | Val Loss: 1.3140 | Val Acc: 0.4107
2025-06-22 15:04:04,990 [INFO] Epoch 022 | Train Loss: 1.4007 | Val Loss: 1.3388 | Val Acc: 0.3929
2025-06-22 15:04:05,000 [INFO] Epoch 023 | Train Loss: 1.4554 | Val Loss: 1.4467 | Val Acc: 0.4643
2025-06-22 15:04:05,002 [INFO] New best model at epoch 23 (Val Acc: 0.4643)
2025-06-22 15:04:05,010 [INFO] Epoch 024 | Train Loss: 1.6331 | Val Loss: 1.2323 | Val Acc: 0.4286
2025-06-22 15:04:05,020 [INFO] Epoch 025 | Train Loss: 1.3672 | Val Loss: 1.2682 | Val Acc: 0.4464
2025-06-22 15:04:05,031 [INFO] Epoch 026 | Train Loss: 1.2647 | Val Loss: 1.2963 | Val Acc: 0.3929
2025-06-22 15:04:05,040 [INFO] Epoch 027 | Train Loss: 1.3408 | Val Loss: 1.2865 | Val Acc: 0.4821
2025-06-22 15:04:05,042 [INFO] New best model at epoch 27 (Val Acc: 0.4821)
2025-06-22 15:04:05,054 [INFO] Epoch 028 | Train Loss: 1.2558 | Val Loss: 1.2752 | Val Acc: 0.4643
2025-06-22 15:04:05,064 [INFO] Epoch 029 | Train Loss: 1.3749 | Val Loss: 1.4356 | Val Acc: 0.3214
2025-06-22 15:04:05,073 [INFO] Epoch 030 | Train Loss: 1.2988 | Val Loss: 1.2834 | Val Acc: 0.4464
2025-06-22 15:04:06,624 [INFO] Epoch 031 | Train Loss: 1.2915 | Val Loss: 1.2898 | Val Acc: 0.3571
2025-06-22 15:04:06,632 [INFO] Epoch 032 | Train Loss: 1.2625 | Val Loss: 1.2923 | Val Acc: 0.4107
2025-06-22 15:04:06,642 [INFO] Epoch 033 | Train Loss: 1.2308 | Val Loss: 1.2870 | Val Acc: 0.3214
2025-06-22 15:04:06,650 [INFO] Epoch 034 | Train Loss: 1.2372 | Val Loss: 1.4069 | Val Acc: 0.2857
2025-06-22 15:04:06,660 [INFO] Epoch 035 | Train Loss: 1.3017 | Val Loss: 1.3543 | Val Acc: 0.3571
2025-06-22 15:04:06,669 [INFO] Epoch 036 | Train Loss: 1.2414 | Val Loss: 1.4497 | Val Acc: 0.2857
2025-06-22 15:04:06,678 [INFO] Epoch 037 | Train Loss: 1.3292 | Val Loss: 1.3690 | Val Acc: 0.3571
2025-06-22 15:04:06,689 [INFO] Epoch 038 | Train Loss: 1.3020 | Val Loss: 1.3807 | Val Acc: 0.3750
2025-06-22 15:04:06,698 [INFO] Epoch 039 | Train Loss: 1.2895 | Val Loss: 1.3100 | Val Acc: 0.4107
2025-06-22 15:04:06,707 [INFO] Epoch 040 | Train Loss: 1.2105 | Val Loss: 1.3606 | Val Acc: 0.3750
2025-06-22 15:04:07,616 [INFO] Epoch 041 | Train Loss: 1.2440 | Val Loss: 1.3656 | Val Acc: 0.3750
2025-06-22 15:04:07,627 [INFO] Epoch 042 | Train Loss: 1.2524 | Val Loss: 1.3299 | Val Acc: 0.3929
2025-06-22 15:04:07,637 [INFO] Epoch 043 | Train Loss: 1.2134 | Val Loss: 1.3055 | Val Acc: 0.3750
2025-06-22 15:04:07,649 [INFO] Epoch 044 | Train Loss: 1.2054 | Val Loss: 1.2731 | Val Acc: 0.4643
2025-06-22 15:04:07,664 [INFO] Epoch 045 | Train Loss: 1.1450 | Val Loss: 1.2994 | Val Acc: 0.3036
2025-06-22 15:04:07,679 [INFO] Epoch 046 | Train Loss: 1.2182 | Val Loss: 1.2837 | Val Acc: 0.3929
2025-06-22 15:04:07,694 [INFO] Epoch 047 | Train Loss: 1.1788 | Val Loss: 1.3445 | Val Acc: 0.3214
2025-06-22 15:04:07,713 [INFO] Epoch 048 | Train Loss: 1.2235 | Val Loss: 1.4104 | Val Acc: 0.3393
2025-06-22 15:04:07,724 [INFO] Epoch 049 | Train Loss: 1.1420 | Val Loss: 1.3233 | Val Acc: 0.2857
2025-06-22 15:04:07,736 [INFO] Epoch 050 | Train Loss: 1.2205 | Val Loss: 1.2621 | Val Acc: 0.5000
2025-06-22 15:04:08,653 [INFO] New best model at epoch 50 (Val Acc: 0.5000)
2025-06-22 15:04:08,654 [INFO] Best model saved to <built-in function time>/ENZYMES/best/best_source_gin.pth (Val Acc: 0.5000 at epoch 50)
2025-06-22 15:04:08,654 [INFO] Training/validation metrics saved to <built-in function time>/ENZYMES/GIN_0.01/train_metrics.csv
2025-06-22 15:04:09,552 [INFO] Final training curves saved
2025-06-22 15:04:09,552 [INFO] Training completed!
2025-06-22 15:04:09,552 [INFO] Best validation accuracy: 0.5000
2025-06-22 15:04:09,552 [INFO] Best epoch: 50
2025-06-22 15:04:09,552 [INFO] Total epochs trained: 50
2025-06-22 15:04:09,553 [INFO] Starting training with parameters: (0.01, 0.1, 32, 1, 50, 0.0001)
