2025-06-21 18:39:34,701 [INFO] Using device: cpu
2025-06-21 18:39:34,701 [INFO] 开始创建数据加载器...
2025-06-21 18:39:34,704 [INFO] Successfully loaded dataset ENZYMES from ./data, total graphs: 600
2025-06-21 18:39:34,704 [INFO] Class allocation analysis:
2025-06-21 18:39:34,704 [INFO]   Source classes: [0, 1, 2, 3]
2025-06-21 18:39:34,704 [INFO]   Target classes: [0, 1, 2, 3, 4, 5]
2025-06-21 18:39:34,704 [INFO]   Overlap classes (to be split): [0, 1, 2, 3]
2025-06-21 18:39:34,704 [INFO]   Target novel classes (unknown): [4, 5]
2025-06-21 18:39:34,717 [INFO]   Class 0: 100 total -> Source: 70, Target: 30
2025-06-21 18:39:34,718 [INFO]   Class 1: 100 total -> Source: 70, Target: 30
2025-06-21 18:39:34,718 [INFO]   Class 2: 100 total -> Source: 70, Target: 30
2025-06-21 18:39:34,718 [INFO]   Class 3: 100 total -> Source: 70, Target: 30
2025-06-21 18:39:34,718 [INFO]   Class 4 (novel/unknown): 100 samples -> Target
2025-06-21 18:39:34,718 [INFO]   Class 5 (novel/unknown): 100 samples -> Target
2025-06-21 18:39:34,718 [INFO] Final allocation:
2025-06-21 18:39:34,718 [INFO]   Source domain: 280 samples
2025-06-21 18:39:34,718 [INFO]   Target domain: 320 samples
2025-06-21 18:39:34,719 [INFO] Source domain setup:
2025-06-21 18:39:34,719 [INFO]   Original classes: [0, 1, 2, 3]
2025-06-21 18:39:34,719 [INFO]   Overlap classes used: [0, 1, 2, 3]
2025-06-21 18:39:34,719 [INFO]   Label mapping: {0: 0, 1: 1, 2: 2, 3: 3}
2025-06-21 18:39:34,719 [INFO]   Total data after allocation: 280
2025-06-21 18:39:34,720 [INFO]   Data split - Train: 224, Val: 56
2025-06-21 18:39:34,720 [INFO]   Train label distribution: {0: 56, 1: 56, 3: 56, 2: 56}
2025-06-21 18:39:34,720 [INFO]   Val label distribution: {1: 14, 2: 14, 0: 14, 3: 14}
2025-06-21 18:39:34,721 [INFO] Successfully loaded dataset ENZYMES from ./data, total graphs: 600
2025-06-21 18:39:34,721 [INFO] Class allocation analysis:
2025-06-21 18:39:34,721 [INFO]   Source classes: [0, 1, 2, 3]
2025-06-21 18:39:34,721 [INFO]   Target classes: [0, 1, 2, 3, 4, 5]
2025-06-21 18:39:34,721 [INFO]   Overlap classes (to be split): [0, 1, 2, 3]
2025-06-21 18:39:34,721 [INFO]   Target novel classes (unknown): [4, 5]
2025-06-21 18:39:34,734 [INFO]   Class 0: 100 total -> Source: 70, Target: 30
2025-06-21 18:39:34,734 [INFO]   Class 1: 100 total -> Source: 70, Target: 30
2025-06-21 18:39:34,734 [INFO]   Class 2: 100 total -> Source: 70, Target: 30
2025-06-21 18:39:34,734 [INFO]   Class 3: 100 total -> Source: 70, Target: 30
2025-06-21 18:39:34,734 [INFO]   Class 4 (novel/unknown): 100 samples -> Target
2025-06-21 18:39:34,734 [INFO]   Class 5 (novel/unknown): 100 samples -> Target
2025-06-21 18:39:34,735 [INFO] Final allocation:
2025-06-21 18:39:34,735 [INFO]   Source domain: 280 samples
2025-06-21 18:39:34,735 [INFO]   Target domain: 320 samples
2025-06-21 18:39:34,736 [INFO] Target domain setup:
2025-06-21 18:39:34,736 [INFO]   Original classes: [0, 1, 2, 3, 4, 5]
2025-06-21 18:39:34,736 [INFO]   Overlap classes: [0, 1, 2, 3]
2025-06-21 18:39:34,736 [INFO]   Novel classes: [4, 5] -> mapped to unknown label 4
2025-06-21 18:39:34,736 [INFO]   Label mapping: {0: 0, 1: 1, 2: 2, 3: 3, 4: 4, 5: 4}
2025-06-21 18:39:34,736 [INFO]   Total data after allocation: 320
2025-06-21 18:39:34,736 [INFO]   Data split - Train: 256, Val: 64
2025-06-21 18:39:34,736 [INFO]   Total count: 320 (known: 120, unknown: 200)
2025-06-21 18:39:34,736 [INFO]   Total label distribution: {4: 200, 3: 30, 0: 30, 1: 30, 2: 30}
2025-06-21 18:39:34,736 [INFO]   Train label distribution: {4: 160, 0: 24, 2: 24, 3: 24, 1: 24}
2025-06-21 18:39:34,736 [INFO]   Val label distribution: {1: 6, 4: 40, 3: 6, 0: 6, 2: 6}
2025-06-21 18:39:34,736 [INFO] 数据加载器创建完成!
2025-06-21 18:39:34,736 [INFO] 源域类别数: 4 (重叠类别)
2025-06-21 18:39:34,736 [INFO] 目标域类别数: 5 (4个重叠类别 + 1个未知类别)
2025-06-21 18:39:34,736 [INFO] 重叠类别: [0, 1, 2, 3]
2025-06-21 18:39:34,736 [INFO] 目标域新类别: [4, 5]
2025-06-21 18:39:34,737 [INFO] Data allocation verification:
2025-06-21 18:39:34,737 [INFO]   Source data samples: 280
2025-06-21 18:39:34,737 [INFO]   Target data samples: 320
2025-06-21 18:39:34,737 [INFO]   Overlapping samples: 0
2025-06-21 18:39:34,737 [INFO]   ✓ Data allocation is correct - no overlapping samples
2025-06-21 18:39:34,740 [INFO] Model initialized with 796164 parameters
2025-06-21 18:39:34,740 [INFO] Previous best validation accuracy read from record.txt: 0.6250
2025-06-21 18:39:34,740 [INFO] Starting training...
2025-06-21 18:39:34,804 [INFO] Epoch 001 | Train Loss: 10.8941 | Val Loss: 1.9379 | Val Acc: 0.2500
2025-06-21 18:39:35,007 [INFO] New best model at epoch 1 (Val Acc: 0.2500)
2025-06-21 18:39:35,073 [INFO] Epoch 002 | Train Loss: 6.2511 | Val Loss: 2.3914 | Val Acc: 0.2500
2025-06-21 18:39:35,151 [INFO] Epoch 003 | Train Loss: 7.2030 | Val Loss: 2.5969 | Val Acc: 0.2857
2025-06-21 18:39:35,166 [INFO] New best model at epoch 3 (Val Acc: 0.2857)
2025-06-21 18:39:35,224 [INFO] Epoch 004 | Train Loss: 6.5436 | Val Loss: 3.2755 | Val Acc: 0.3036
2025-06-21 18:39:35,238 [INFO] New best model at epoch 4 (Val Acc: 0.3036)
2025-06-21 18:39:35,302 [INFO] Epoch 005 | Train Loss: 5.5168 | Val Loss: 3.8604 | Val Acc: 0.3036
2025-06-21 18:39:35,414 [INFO] Epoch 006 | Train Loss: 5.1906 | Val Loss: 4.4627 | Val Acc: 0.2321
2025-06-21 18:39:35,490 [INFO] Epoch 007 | Train Loss: 3.7453 | Val Loss: 3.1835 | Val Acc: 0.3571
2025-06-21 18:39:35,504 [INFO] New best model at epoch 7 (Val Acc: 0.3571)
2025-06-21 18:39:35,582 [INFO] Epoch 008 | Train Loss: 4.7883 | Val Loss: 2.7622 | Val Acc: 0.4464
2025-06-21 18:39:35,596 [INFO] New best model at epoch 8 (Val Acc: 0.4464)
2025-06-21 18:39:35,660 [INFO] Epoch 009 | Train Loss: 4.6747 | Val Loss: 3.8361 | Val Acc: 0.3929
2025-06-21 18:39:35,745 [INFO] Epoch 010 | Train Loss: 5.7520 | Val Loss: 3.8684 | Val Acc: 0.3214
2025-06-21 18:39:36,056 [INFO] Epoch 011 | Train Loss: 3.9746 | Val Loss: 3.9214 | Val Acc: 0.3393
2025-06-21 18:39:36,158 [INFO] Epoch 012 | Train Loss: 4.2557 | Val Loss: 3.4323 | Val Acc: 0.4107
2025-06-21 18:39:36,247 [INFO] Epoch 013 | Train Loss: 5.2397 | Val Loss: 4.6224 | Val Acc: 0.4821
2025-06-21 18:39:36,260 [INFO] New best model at epoch 13 (Val Acc: 0.4821)
2025-06-21 18:39:36,338 [INFO] Epoch 014 | Train Loss: 4.8953 | Val Loss: 4.3768 | Val Acc: 0.3393
2025-06-21 18:39:36,425 [INFO] Epoch 015 | Train Loss: 3.9600 | Val Loss: 3.8738 | Val Acc: 0.3929
2025-06-21 18:39:36,521 [INFO] Epoch 016 | Train Loss: 3.9716 | Val Loss: 4.0648 | Val Acc: 0.3929
2025-06-21 18:39:36,636 [INFO] Epoch 017 | Train Loss: 3.9607 | Val Loss: 3.6975 | Val Acc: 0.4286
2025-06-21 18:39:36,761 [INFO] Epoch 018 | Train Loss: 3.5490 | Val Loss: 3.8838 | Val Acc: 0.4286
2025-06-21 18:39:36,863 [INFO] Epoch 019 | Train Loss: 4.3987 | Val Loss: 5.6713 | Val Acc: 0.3214
2025-06-21 18:39:36,950 [INFO] Epoch 020 | Train Loss: 3.6068 | Val Loss: 4.1577 | Val Acc: 0.3929
2025-06-21 18:39:37,223 [INFO] Epoch 021 | Train Loss: 4.1119 | Val Loss: 4.9109 | Val Acc: 0.3571
2025-06-21 18:39:37,296 [INFO] Epoch 022 | Train Loss: 4.0186 | Val Loss: 4.1133 | Val Acc: 0.4107
2025-06-21 18:39:37,367 [INFO] Epoch 023 | Train Loss: 4.1919 | Val Loss: 3.3633 | Val Acc: 0.4107
2025-06-21 18:39:37,433 [INFO] Epoch 024 | Train Loss: 3.3212 | Val Loss: 4.4554 | Val Acc: 0.3571
2025-06-21 18:39:37,500 [INFO] Epoch 025 | Train Loss: 3.3950 | Val Loss: 3.7978 | Val Acc: 0.3750
2025-06-21 18:39:37,572 [INFO] Epoch 026 | Train Loss: 4.3156 | Val Loss: 3.3584 | Val Acc: 0.3750
2025-06-21 18:39:37,642 [INFO] Epoch 027 | Train Loss: 3.0035 | Val Loss: 4.1707 | Val Acc: 0.3750
2025-06-21 18:39:37,723 [INFO] Epoch 028 | Train Loss: 3.4499 | Val Loss: 4.5610 | Val Acc: 0.3214
2025-06-21 18:39:37,791 [INFO] Epoch 029 | Train Loss: 3.5340 | Val Loss: 3.4957 | Val Acc: 0.4643
2025-06-21 18:39:37,862 [INFO] Epoch 030 | Train Loss: 3.0464 | Val Loss: 4.3275 | Val Acc: 0.3214
2025-06-21 18:39:38,121 [INFO] Epoch 031 | Train Loss: 3.0817 | Val Loss: 4.9537 | Val Acc: 0.3214
2025-06-21 18:39:38,196 [INFO] Epoch 032 | Train Loss: 3.7899 | Val Loss: 4.0859 | Val Acc: 0.3393
2025-06-21 18:39:38,269 [INFO] Epoch 033 | Train Loss: 3.6816 | Val Loss: 4.0426 | Val Acc: 0.4107
2025-06-21 18:39:38,343 [INFO] Epoch 034 | Train Loss: 3.4298 | Val Loss: 3.6720 | Val Acc: 0.4107
2025-06-21 18:39:38,413 [INFO] Epoch 035 | Train Loss: 2.7346 | Val Loss: 3.4242 | Val Acc: 0.4107
2025-06-21 18:39:38,485 [INFO] Epoch 036 | Train Loss: 2.4756 | Val Loss: 3.1088 | Val Acc: 0.4464
2025-06-21 18:39:38,562 [INFO] Epoch 037 | Train Loss: 3.4149 | Val Loss: 3.0609 | Val Acc: 0.4821
2025-06-21 18:39:38,642 [INFO] Epoch 038 | Train Loss: 2.7320 | Val Loss: 3.0952 | Val Acc: 0.4107
2025-06-21 18:39:38,711 [INFO] Epoch 039 | Train Loss: 3.0110 | Val Loss: 3.2328 | Val Acc: 0.4464
2025-06-21 18:39:38,782 [INFO] Epoch 040 | Train Loss: 2.9111 | Val Loss: 3.7374 | Val Acc: 0.3393
2025-06-21 18:39:39,049 [INFO] Epoch 041 | Train Loss: 2.7113 | Val Loss: 3.9023 | Val Acc: 0.3214
2025-06-21 18:39:39,122 [INFO] Epoch 042 | Train Loss: 2.5087 | Val Loss: 3.4276 | Val Acc: 0.4107
2025-06-21 18:39:39,193 [INFO] Epoch 043 | Train Loss: 3.1337 | Val Loss: 4.7294 | Val Acc: 0.3750
2025-06-21 18:39:39,264 [INFO] Epoch 044 | Train Loss: 2.5655 | Val Loss: 3.2040 | Val Acc: 0.4286
2025-06-21 18:39:39,365 [INFO] Epoch 045 | Train Loss: 3.2118 | Val Loss: 2.8215 | Val Acc: 0.4107
2025-06-21 18:39:39,438 [INFO] Epoch 046 | Train Loss: 2.9211 | Val Loss: 3.3283 | Val Acc: 0.4643
2025-06-21 18:39:39,506 [INFO] Epoch 047 | Train Loss: 3.0297 | Val Loss: 3.4589 | Val Acc: 0.4643
2025-06-21 18:39:39,578 [INFO] Epoch 048 | Train Loss: 2.7409 | Val Loss: 3.4931 | Val Acc: 0.3571
2025-06-21 18:39:39,647 [INFO] Epoch 049 | Train Loss: 2.8668 | Val Loss: 4.2474 | Val Acc: 0.3929
2025-06-21 18:39:39,712 [INFO] Epoch 050 | Train Loss: 2.8814 | Val Loss: 3.2197 | Val Acc: 0.4286
2025-06-21 18:39:39,966 [INFO] Epoch 051 | Train Loss: 2.5543 | Val Loss: 3.1365 | Val Acc: 0.3571
2025-06-21 18:39:40,044 [INFO] Epoch 052 | Train Loss: 3.1233 | Val Loss: 3.1783 | Val Acc: 0.4286
2025-06-21 18:39:40,117 [INFO] Epoch 053 | Train Loss: 2.5067 | Val Loss: 4.1142 | Val Acc: 0.2857
2025-06-21 18:39:40,189 [INFO] Epoch 054 | Train Loss: 2.0673 | Val Loss: 3.8008 | Val Acc: 0.4286
2025-06-21 18:39:40,263 [INFO] Epoch 055 | Train Loss: 2.8334 | Val Loss: 3.5510 | Val Acc: 0.4286
2025-06-21 18:39:40,338 [INFO] Epoch 056 | Train Loss: 2.7596 | Val Loss: 3.7184 | Val Acc: 0.3750
2025-06-21 18:39:40,411 [INFO] Epoch 057 | Train Loss: 2.6083 | Val Loss: 2.9176 | Val Acc: 0.4286
2025-06-21 18:39:40,486 [INFO] Epoch 058 | Train Loss: 2.0711 | Val Loss: 3.1361 | Val Acc: 0.4464
2025-06-21 18:39:40,558 [INFO] Epoch 059 | Train Loss: 2.2621 | Val Loss: 3.4226 | Val Acc: 0.3929
2025-06-21 18:39:40,631 [INFO] Epoch 060 | Train Loss: 1.9071 | Val Loss: 3.5200 | Val Acc: 0.3571
2025-06-21 18:39:40,962 [INFO] Epoch 061 | Train Loss: 2.1518 | Val Loss: 3.7426 | Val Acc: 0.3214
2025-06-21 18:39:42,054 [INFO] Epoch 062 | Train Loss: 2.5511 | Val Loss: 3.9938 | Val Acc: 0.3393
2025-06-21 18:39:42,235 [INFO] Epoch 063 | Train Loss: 2.2000 | Val Loss: 3.7009 | Val Acc: 0.3929
2025-06-21 18:39:42,314 [INFO] Epoch 064 | Train Loss: 2.2534 | Val Loss: 4.1528 | Val Acc: 0.5000
2025-06-21 18:39:42,326 [INFO] New best model at epoch 64 (Val Acc: 0.5000)
2025-06-21 18:39:42,405 [INFO] Epoch 065 | Train Loss: 2.1018 | Val Loss: 3.7901 | Val Acc: 0.4643
2025-06-21 18:39:42,508 [INFO] Epoch 066 | Train Loss: 3.0024 | Val Loss: 4.7158 | Val Acc: 0.4286
2025-06-21 18:39:42,580 [INFO] Epoch 067 | Train Loss: 2.4555 | Val Loss: 4.1426 | Val Acc: 0.4107
2025-06-21 18:39:42,654 [INFO] Epoch 068 | Train Loss: 2.1853 | Val Loss: 3.5410 | Val Acc: 0.3571
2025-06-21 18:39:42,730 [INFO] Epoch 069 | Train Loss: 1.9976 | Val Loss: 3.2125 | Val Acc: 0.4643
2025-06-21 18:39:42,803 [INFO] Epoch 070 | Train Loss: 2.1635 | Val Loss: 3.8883 | Val Acc: 0.3571
2025-06-21 18:39:43,714 [INFO] Epoch 071 | Train Loss: 2.1885 | Val Loss: 3.9021 | Val Acc: 0.3393
2025-06-21 18:39:43,791 [INFO] Epoch 072 | Train Loss: 1.7884 | Val Loss: 3.2485 | Val Acc: 0.4107
2025-06-21 18:39:43,861 [INFO] Epoch 073 | Train Loss: 2.4934 | Val Loss: 3.5394 | Val Acc: 0.3929
2025-06-21 18:39:43,930 [INFO] Epoch 074 | Train Loss: 1.8126 | Val Loss: 3.7060 | Val Acc: 0.3214
2025-06-21 18:39:44,001 [INFO] Epoch 075 | Train Loss: 2.1941 | Val Loss: 4.3816 | Val Acc: 0.3393
2025-06-21 18:39:44,071 [INFO] Epoch 076 | Train Loss: 2.3527 | Val Loss: 4.7077 | Val Acc: 0.3036
2025-06-21 18:39:44,140 [INFO] Epoch 077 | Train Loss: 2.0247 | Val Loss: 3.4644 | Val Acc: 0.3571
2025-06-21 18:39:44,219 [INFO] Epoch 078 | Train Loss: 2.4849 | Val Loss: 3.5268 | Val Acc: 0.4286
2025-06-21 18:39:44,291 [INFO] Epoch 079 | Train Loss: 2.0715 | Val Loss: 3.8537 | Val Acc: 0.4107
2025-06-21 18:39:44,361 [INFO] Epoch 080 | Train Loss: 2.3327 | Val Loss: 3.7383 | Val Acc: 0.4286
2025-06-21 18:39:44,781 [INFO] Epoch 081 | Train Loss: 2.2754 | Val Loss: 4.1864 | Val Acc: 0.3750
2025-06-21 18:39:44,853 [INFO] Epoch 082 | Train Loss: 2.3860 | Val Loss: 3.0530 | Val Acc: 0.4643
2025-06-21 18:39:44,931 [INFO] Epoch 083 | Train Loss: 1.6678 | Val Loss: 3.0748 | Val Acc: 0.4464
2025-06-21 18:39:45,014 [INFO] Epoch 084 | Train Loss: 1.8776 | Val Loss: 3.7765 | Val Acc: 0.3750
2025-06-21 18:39:45,085 [INFO] Epoch 085 | Train Loss: 1.9720 | Val Loss: 3.7631 | Val Acc: 0.3929
2025-06-21 18:39:45,157 [INFO] Epoch 086 | Train Loss: 1.6470 | Val Loss: 3.0649 | Val Acc: 0.3750
2025-06-21 18:39:45,231 [INFO] Epoch 087 | Train Loss: 2.3943 | Val Loss: 3.8230 | Val Acc: 0.3214
2025-06-21 18:39:45,310 [INFO] Epoch 088 | Train Loss: 1.6868 | Val Loss: 3.6934 | Val Acc: 0.3929
2025-06-21 18:39:45,383 [INFO] Epoch 089 | Train Loss: 1.6904 | Val Loss: 3.7901 | Val Acc: 0.4286
2025-06-21 18:39:45,474 [INFO] Epoch 090 | Train Loss: 1.3979 | Val Loss: 3.7752 | Val Acc: 0.4107
2025-06-21 18:39:45,740 [INFO] Epoch 091 | Train Loss: 1.4933 | Val Loss: 3.1748 | Val Acc: 0.4107
2025-06-21 18:39:45,814 [INFO] Epoch 092 | Train Loss: 1.5086 | Val Loss: 4.1307 | Val Acc: 0.3214
2025-06-21 18:39:45,890 [INFO] Epoch 093 | Train Loss: 1.8165 | Val Loss: 3.2247 | Val Acc: 0.4821
2025-06-21 18:39:45,963 [INFO] Epoch 094 | Train Loss: 1.8626 | Val Loss: 2.9708 | Val Acc: 0.4107
2025-06-21 18:39:46,038 [INFO] Epoch 095 | Train Loss: 1.8012 | Val Loss: 3.4674 | Val Acc: 0.4821
2025-06-21 18:39:46,113 [INFO] Epoch 096 | Train Loss: 1.6880 | Val Loss: 4.5253 | Val Acc: 0.3750
2025-06-21 18:39:46,188 [INFO] Epoch 097 | Train Loss: 2.0058 | Val Loss: 3.5951 | Val Acc: 0.4107
2025-06-21 18:39:46,266 [INFO] Epoch 098 | Train Loss: 1.9498 | Val Loss: 3.1989 | Val Acc: 0.3571
2025-06-21 18:39:46,340 [INFO] Epoch 099 | Train Loss: 1.6769 | Val Loss: 3.5296 | Val Acc: 0.3393
2025-06-21 18:39:46,417 [INFO] Epoch 100 | Train Loss: 2.4901 | Val Loss: 2.7212 | Val Acc: 0.3929
2025-06-21 18:39:46,708 [INFO] Epoch 101 | Train Loss: 1.9232 | Val Loss: 2.8734 | Val Acc: 0.4464
2025-06-21 18:39:46,796 [INFO] Epoch 102 | Train Loss: 1.2780 | Val Loss: 3.2111 | Val Acc: 0.4107
2025-06-21 18:39:46,882 [INFO] Epoch 103 | Train Loss: 1.8704 | Val Loss: 3.0810 | Val Acc: 0.4464
2025-06-21 18:39:46,970 [INFO] Epoch 104 | Train Loss: 1.5962 | Val Loss: 3.1712 | Val Acc: 0.4464
2025-06-21 18:39:47,064 [INFO] Epoch 105 | Train Loss: 1.8080 | Val Loss: 3.8797 | Val Acc: 0.3571
2025-06-21 18:39:47,160 [INFO] Epoch 106 | Train Loss: 1.6304 | Val Loss: 3.3913 | Val Acc: 0.3571
2025-06-21 18:39:47,274 [INFO] Epoch 107 | Train Loss: 1.3876 | Val Loss: 2.9656 | Val Acc: 0.4643
2025-06-21 18:39:47,392 [INFO] Epoch 108 | Train Loss: 1.3574 | Val Loss: 3.3725 | Val Acc: 0.3393
2025-06-21 18:39:47,522 [INFO] Epoch 109 | Train Loss: 1.7367 | Val Loss: 3.2965 | Val Acc: 0.4107
2025-06-21 18:39:47,675 [INFO] Epoch 110 | Train Loss: 1.2864 | Val Loss: 3.8124 | Val Acc: 0.3214
2025-06-21 18:39:48,623 [INFO] Epoch 111 | Train Loss: 1.3528 | Val Loss: 3.6577 | Val Acc: 0.3214
2025-06-21 18:39:49,194 [INFO] Epoch 112 | Train Loss: 1.3766 | Val Loss: 2.9616 | Val Acc: 0.3393
2025-06-21 18:39:51,750 [INFO] Epoch 113 | Train Loss: 1.6424 | Val Loss: 3.4473 | Val Acc: 0.3750
2025-06-21 18:39:52,750 [INFO] Epoch 114 | Train Loss: 1.5055 | Val Loss: 3.4909 | Val Acc: 0.3929
2025-06-21 18:39:53,743 [INFO] Epoch 115 | Train Loss: 1.1879 | Val Loss: 3.4137 | Val Acc: 0.4464
2025-06-21 18:39:54,684 [INFO] Epoch 116 | Train Loss: 1.2783 | Val Loss: 3.2523 | Val Acc: 0.4286
2025-06-21 18:39:55,095 [INFO] Epoch 117 | Train Loss: 1.6989 | Val Loss: 3.7887 | Val Acc: 0.3571
2025-06-21 18:39:55,246 [INFO] Epoch 118 | Train Loss: 1.6619 | Val Loss: 3.2523 | Val Acc: 0.4643
2025-06-21 18:39:55,382 [INFO] Epoch 119 | Train Loss: 1.2588 | Val Loss: 3.5199 | Val Acc: 0.4286
2025-06-21 18:39:55,506 [INFO] Epoch 120 | Train Loss: 1.3190 | Val Loss: 3.6977 | Val Acc: 0.4643
2025-06-21 18:39:56,203 [INFO] Epoch 121 | Train Loss: 1.5446 | Val Loss: 3.7779 | Val Acc: 0.4286
2025-06-21 18:39:56,335 [INFO] Epoch 122 | Train Loss: 1.1900 | Val Loss: 3.1207 | Val Acc: 0.4464
2025-06-21 18:39:56,470 [INFO] Epoch 123 | Train Loss: 1.0594 | Val Loss: 3.1861 | Val Acc: 0.4464
2025-06-21 18:39:56,608 [INFO] Epoch 124 | Train Loss: 1.3280 | Val Loss: 3.2542 | Val Acc: 0.3929
2025-06-21 18:39:56,764 [INFO] Epoch 125 | Train Loss: 1.4282 | Val Loss: 3.5382 | Val Acc: 0.3393
2025-06-21 18:39:57,091 [INFO] Epoch 126 | Train Loss: 1.5772 | Val Loss: 3.4926 | Val Acc: 0.4821
2025-06-21 18:39:59,445 [INFO] Epoch 127 | Train Loss: 1.8151 | Val Loss: 3.1932 | Val Acc: 0.3929
2025-06-21 18:40:00,570 [INFO] Epoch 128 | Train Loss: 1.3941 | Val Loss: 3.2119 | Val Acc: 0.4821
2025-06-21 18:40:01,726 [INFO] Epoch 129 | Train Loss: 1.1911 | Val Loss: 3.5527 | Val Acc: 0.4464
2025-06-21 18:40:02,729 [INFO] Epoch 130 | Train Loss: 2.1580 | Val Loss: 3.3485 | Val Acc: 0.4464
2025-06-21 18:40:03,375 [INFO] Epoch 131 | Train Loss: 1.8355 | Val Loss: 2.9496 | Val Acc: 0.4286
2025-06-21 18:40:03,509 [INFO] Epoch 132 | Train Loss: 1.5401 | Val Loss: 2.9441 | Val Acc: 0.4107
2025-06-21 18:40:03,635 [INFO] Epoch 133 | Train Loss: 1.0057 | Val Loss: 3.0336 | Val Acc: 0.4286
2025-06-21 18:40:03,770 [INFO] Epoch 134 | Train Loss: 1.3201 | Val Loss: 3.1084 | Val Acc: 0.4286
2025-06-21 18:40:03,901 [INFO] Epoch 135 | Train Loss: 1.2993 | Val Loss: 3.4942 | Val Acc: 0.3214
2025-06-21 18:40:04,034 [INFO] Epoch 136 | Train Loss: 1.3014 | Val Loss: 3.6796 | Val Acc: 0.3393
2025-06-21 18:40:04,198 [INFO] Epoch 137 | Train Loss: 1.4403 | Val Loss: 4.3089 | Val Acc: 0.3214
2025-06-21 18:40:04,357 [INFO] Epoch 138 | Train Loss: 0.9348 | Val Loss: 4.3214 | Val Acc: 0.3214
2025-06-21 18:40:04,540 [INFO] Epoch 139 | Train Loss: 1.0525 | Val Loss: 3.1976 | Val Acc: 0.3929
2025-06-21 18:40:04,812 [INFO] Epoch 140 | Train Loss: 1.1508 | Val Loss: 3.0423 | Val Acc: 0.4107
2025-06-21 18:40:07,457 [INFO] Epoch 141 | Train Loss: 1.0627 | Val Loss: 3.2457 | Val Acc: 0.4464
2025-06-21 18:40:08,036 [INFO] Epoch 142 | Train Loss: 1.2959 | Val Loss: 3.0927 | Val Acc: 0.4464
2025-06-21 18:40:08,895 [INFO] Epoch 143 | Train Loss: 0.8919 | Val Loss: 3.1987 | Val Acc: 0.3571
2025-06-21 18:40:09,910 [INFO] Epoch 144 | Train Loss: 1.4986 | Val Loss: 3.6213 | Val Acc: 0.3393
2025-06-21 18:40:10,893 [INFO] Epoch 145 | Train Loss: 1.6629 | Val Loss: 3.3050 | Val Acc: 0.3929
2025-06-21 18:40:11,097 [INFO] Epoch 146 | Train Loss: 1.2638 | Val Loss: 3.6369 | Val Acc: 0.4286
2025-06-21 18:40:11,233 [INFO] Epoch 147 | Train Loss: 0.8840 | Val Loss: 3.8497 | Val Acc: 0.4107
2025-06-21 18:40:11,375 [INFO] Epoch 148 | Train Loss: 1.3300 | Val Loss: 3.4717 | Val Acc: 0.3929
2025-06-21 18:40:11,503 [INFO] Epoch 149 | Train Loss: 1.0095 | Val Loss: 3.4204 | Val Acc: 0.4286
2025-06-21 18:40:11,626 [INFO] Epoch 150 | Train Loss: 1.1019 | Val Loss: 3.5610 | Val Acc: 0.4643
2025-06-21 18:40:12,138 [INFO] Epoch 151 | Train Loss: 1.1207 | Val Loss: 3.5865 | Val Acc: 0.4643
2025-06-21 18:40:12,273 [INFO] Epoch 152 | Train Loss: 1.3640 | Val Loss: 3.6210 | Val Acc: 0.3929
2025-06-21 18:40:12,413 [INFO] Epoch 153 | Train Loss: 1.0309 | Val Loss: 3.7298 | Val Acc: 0.3214
2025-06-21 18:40:12,563 [INFO] Epoch 154 | Train Loss: 1.2691 | Val Loss: 3.2725 | Val Acc: 0.3571
2025-06-21 18:40:12,728 [INFO] Epoch 155 | Train Loss: 1.1128 | Val Loss: 2.8317 | Val Acc: 0.4821
2025-06-21 18:40:13,014 [INFO] Epoch 156 | Train Loss: 0.7956 | Val Loss: 2.9761 | Val Acc: 0.5000
2025-06-21 18:40:13,564 [INFO] Epoch 157 | Train Loss: 1.2834 | Val Loss: 2.9391 | Val Acc: 0.4643
2025-06-21 18:40:15,215 [INFO] Epoch 158 | Train Loss: 1.4324 | Val Loss: 2.9069 | Val Acc: 0.3929
2025-06-21 18:40:16,265 [INFO] Epoch 159 | Train Loss: 1.1123 | Val Loss: 3.1647 | Val Acc: 0.4107
2025-06-21 18:40:17,278 [INFO] Epoch 160 | Train Loss: 0.7593 | Val Loss: 4.0281 | Val Acc: 0.3929
2025-06-21 18:40:18,996 [INFO] Epoch 161 | Train Loss: 1.0694 | Val Loss: 3.5926 | Val Acc: 0.3750
2025-06-21 18:40:19,161 [INFO] Epoch 162 | Train Loss: 0.7808 | Val Loss: 3.0888 | Val Acc: 0.4643
2025-06-21 18:40:19,294 [INFO] Epoch 163 | Train Loss: 1.1467 | Val Loss: 3.1822 | Val Acc: 0.4643
2025-06-21 18:40:19,426 [INFO] Epoch 164 | Train Loss: 1.6641 | Val Loss: 3.7067 | Val Acc: 0.3750
2025-06-21 18:40:19,547 [INFO] Epoch 165 | Train Loss: 0.8777 | Val Loss: 4.1009 | Val Acc: 0.3750
2025-06-21 18:40:19,684 [INFO] Epoch 166 | Train Loss: 0.9177 | Val Loss: 4.1281 | Val Acc: 0.3750
2025-06-21 18:40:19,818 [INFO] Epoch 167 | Train Loss: 1.0911 | Val Loss: 4.4266 | Val Acc: 0.4107
2025-06-21 18:40:19,950 [INFO] Epoch 168 | Train Loss: 0.8917 | Val Loss: 4.3232 | Val Acc: 0.4286
2025-06-21 18:40:20,136 [INFO] Epoch 169 | Train Loss: 1.1989 | Val Loss: 4.1119 | Val Acc: 0.4643
2025-06-21 18:40:20,277 [INFO] Epoch 170 | Train Loss: 0.9637 | Val Loss: 3.5274 | Val Acc: 0.3929
2025-06-21 18:40:21,201 [INFO] Epoch 171 | Train Loss: 0.7182 | Val Loss: 2.7398 | Val Acc: 0.4464
2025-06-21 18:40:22,764 [INFO] Epoch 172 | Train Loss: 1.0006 | Val Loss: 2.6236 | Val Acc: 0.4643
2025-06-21 18:40:23,480 [INFO] Epoch 173 | Train Loss: 0.7969 | Val Loss: 2.7917 | Val Acc: 0.5000
2025-06-21 18:40:24,160 [INFO] Epoch 174 | Train Loss: 0.8140 | Val Loss: 3.1952 | Val Acc: 0.4821
2025-06-21 18:40:25,180 [INFO] Epoch 175 | Train Loss: 0.9607 | Val Loss: 3.5034 | Val Acc: 0.4107
2025-06-21 18:40:26,184 [INFO] Epoch 176 | Train Loss: 1.0362 | Val Loss: 3.3379 | Val Acc: 0.3393
2025-06-21 18:40:26,875 [INFO] Epoch 177 | Train Loss: 0.8744 | Val Loss: 2.9565 | Val Acc: 0.4107
2025-06-21 18:40:27,087 [INFO] Epoch 178 | Train Loss: 0.9514 | Val Loss: 3.5583 | Val Acc: 0.4643
2025-06-21 18:40:27,231 [INFO] Epoch 179 | Train Loss: 1.2907 | Val Loss: 3.5595 | Val Acc: 0.3929
2025-06-21 18:40:27,367 [INFO] Epoch 180 | Train Loss: 0.8841 | Val Loss: 3.7493 | Val Acc: 0.3929
2025-06-21 18:40:27,878 [INFO] Epoch 181 | Train Loss: 0.9184 | Val Loss: 3.8492 | Val Acc: 0.4286
2025-06-21 18:40:28,011 [INFO] Epoch 182 | Train Loss: 1.0835 | Val Loss: 4.0076 | Val Acc: 0.3750
2025-06-21 18:40:28,171 [INFO] Epoch 183 | Train Loss: 1.0433 | Val Loss: 4.4191 | Val Acc: 0.3214
2025-06-21 18:40:28,305 [INFO] Epoch 184 | Train Loss: 0.6442 | Val Loss: 3.9903 | Val Acc: 0.3929
2025-06-21 18:40:28,445 [INFO] Epoch 185 | Train Loss: 0.9628 | Val Loss: 3.9286 | Val Acc: 0.4107
2025-06-21 18:40:28,591 [INFO] Epoch 186 | Train Loss: 1.1016 | Val Loss: 4.2538 | Val Acc: 0.3929
2025-06-21 18:40:28,826 [INFO] Epoch 187 | Train Loss: 0.5991 | Val Loss: 4.5409 | Val Acc: 0.3393
2025-06-21 18:40:29,305 [INFO] Epoch 188 | Train Loss: 0.9811 | Val Loss: 3.9804 | Val Acc: 0.3929
2025-06-21 18:40:31,672 [INFO] Epoch 189 | Train Loss: 0.9251 | Val Loss: 3.8069 | Val Acc: 0.4286
2025-06-21 18:40:32,636 [INFO] Epoch 190 | Train Loss: 0.8581 | Val Loss: 3.4036 | Val Acc: 0.4107
2025-06-21 18:40:35,557 [INFO] Epoch 191 | Train Loss: 0.6976 | Val Loss: 3.1148 | Val Acc: 0.4643
2025-06-21 18:40:35,990 [INFO] Epoch 192 | Train Loss: 0.8925 | Val Loss: 3.4099 | Val Acc: 0.3750
2025-06-21 18:40:36,137 [INFO] Epoch 193 | Train Loss: 0.8000 | Val Loss: 3.1573 | Val Acc: 0.4464
2025-06-21 18:40:36,275 [INFO] Epoch 194 | Train Loss: 1.4209 | Val Loss: 3.3954 | Val Acc: 0.4107
2025-06-21 18:40:36,412 [INFO] Epoch 195 | Train Loss: 1.1360 | Val Loss: 4.7366 | Val Acc: 0.4107
2025-06-21 18:40:36,535 [INFO] Epoch 196 | Train Loss: 1.2959 | Val Loss: 3.7832 | Val Acc: 0.3929
2025-06-21 18:40:36,661 [INFO] Epoch 197 | Train Loss: 0.6228 | Val Loss: 3.4370 | Val Acc: 0.4286
2025-06-21 18:40:36,794 [INFO] Epoch 198 | Train Loss: 0.7270 | Val Loss: 3.2884 | Val Acc: 0.4821
2025-06-21 18:40:36,926 [INFO] Epoch 199 | Train Loss: 0.6173 | Val Loss: 3.7743 | Val Acc: 0.4464
2025-06-21 18:40:37,099 [INFO] Epoch 200 | Train Loss: 0.7454 | Val Loss: 3.2567 | Val Acc: 0.5357
2025-06-21 18:40:37,486 [INFO] New best model at epoch 200 (Val Acc: 0.5357)
2025-06-21 18:40:37,775 [INFO] Epoch 201 | Train Loss: 0.7792 | Val Loss: 3.2723 | Val Acc: 0.5000
2025-06-21 18:40:38,108 [INFO] Epoch 202 | Train Loss: 1.1662 | Val Loss: 3.5848 | Val Acc: 0.4643
2025-06-21 18:40:38,736 [INFO] Epoch 203 | Train Loss: 1.3132 | Val Loss: 3.4250 | Val Acc: 0.4464
2025-06-21 18:40:40,276 [INFO] Epoch 204 | Train Loss: 1.2869 | Val Loss: 3.6906 | Val Acc: 0.4107
2025-06-21 18:40:40,860 [INFO] Epoch 205 | Train Loss: 1.2012 | Val Loss: 3.8761 | Val Acc: 0.3929
2025-06-21 18:40:41,744 [INFO] Epoch 206 | Train Loss: 0.8276 | Val Loss: 3.2980 | Val Acc: 0.4821
2025-06-21 18:40:42,764 [INFO] Epoch 207 | Train Loss: 0.5770 | Val Loss: 3.1277 | Val Acc: 0.5000
2025-06-21 18:40:43,639 [INFO] Epoch 208 | Train Loss: 0.7306 | Val Loss: 3.3342 | Val Acc: 0.4286
2025-06-21 18:40:44,034 [INFO] Epoch 209 | Train Loss: 0.5098 | Val Loss: 3.6404 | Val Acc: 0.4821
2025-06-21 18:40:44,177 [INFO] Epoch 210 | Train Loss: 0.5729 | Val Loss: 3.8432 | Val Acc: 0.4464
2025-06-21 18:40:44,640 [INFO] Epoch 211 | Train Loss: 1.3303 | Val Loss: 3.8174 | Val Acc: 0.4286
2025-06-21 18:40:44,761 [INFO] Epoch 212 | Train Loss: 0.7639 | Val Loss: 3.5748 | Val Acc: 0.3929
2025-06-21 18:40:44,889 [INFO] Epoch 213 | Train Loss: 0.7905 | Val Loss: 3.7504 | Val Acc: 0.4107
2025-06-21 18:40:45,017 [INFO] Epoch 214 | Train Loss: 0.9110 | Val Loss: 3.7464 | Val Acc: 0.4107
2025-06-21 18:40:45,192 [INFO] Epoch 215 | Train Loss: 0.9977 | Val Loss: 3.8653 | Val Acc: 0.4107
2025-06-21 18:40:45,325 [INFO] Epoch 216 | Train Loss: 1.1612 | Val Loss: 4.0729 | Val Acc: 0.3750
2025-06-21 18:40:45,460 [INFO] Epoch 217 | Train Loss: 0.9478 | Val Loss: 3.7841 | Val Acc: 0.3571
2025-06-21 18:40:45,672 [INFO] Epoch 218 | Train Loss: 0.7867 | Val Loss: 3.2146 | Val Acc: 0.4107
2025-06-21 18:40:46,010 [INFO] Epoch 219 | Train Loss: 0.6662 | Val Loss: 3.5410 | Val Acc: 0.4643
2025-06-21 18:40:46,507 [INFO] Epoch 220 | Train Loss: 0.7639 | Val Loss: 3.2560 | Val Acc: 0.4464
2025-06-21 18:40:49,319 [INFO] Epoch 221 | Train Loss: 0.6261 | Val Loss: 3.5809 | Val Acc: 0.3571
2025-06-21 18:40:50,564 [INFO] Epoch 222 | Train Loss: 0.6434 | Val Loss: 4.0492 | Val Acc: 0.3214
2025-06-21 18:40:51,618 [INFO] Epoch 223 | Train Loss: 0.5192 | Val Loss: 4.0140 | Val Acc: 0.3393
2025-06-21 18:40:52,046 [INFO] Epoch 224 | Train Loss: 0.4601 | Val Loss: 3.8405 | Val Acc: 0.3750
2025-06-21 18:40:52,188 [INFO] Epoch 225 | Train Loss: 0.6255 | Val Loss: 3.5273 | Val Acc: 0.4464
2025-06-21 18:40:52,327 [INFO] Epoch 226 | Train Loss: 0.8649 | Val Loss: 3.5222 | Val Acc: 0.4286
2025-06-21 18:40:52,463 [INFO] Epoch 227 | Train Loss: 0.5452 | Val Loss: 3.2469 | Val Acc: 0.4286
2025-06-21 18:40:52,590 [INFO] Epoch 228 | Train Loss: 0.6392 | Val Loss: 3.4289 | Val Acc: 0.3929
2025-06-21 18:40:52,730 [INFO] Epoch 229 | Train Loss: 0.4277 | Val Loss: 4.0218 | Val Acc: 0.3929
2025-06-21 18:40:52,868 [INFO] Epoch 230 | Train Loss: 0.7484 | Val Loss: 4.3102 | Val Acc: 0.3929
2025-06-21 18:40:53,378 [INFO] Epoch 231 | Train Loss: 0.5743 | Val Loss: 3.9559 | Val Acc: 0.4286
2025-06-21 18:40:53,534 [INFO] Epoch 232 | Train Loss: 0.8170 | Val Loss: 3.7365 | Val Acc: 0.4107
2025-06-21 18:40:53,741 [INFO] Epoch 233 | Train Loss: 0.5880 | Val Loss: 3.9963 | Val Acc: 0.3393
2025-06-21 18:40:54,087 [INFO] Epoch 234 | Train Loss: 1.2179 | Val Loss: 4.1725 | Val Acc: 0.3929
2025-06-21 18:40:54,648 [INFO] Epoch 235 | Train Loss: 0.5272 | Val Loss: 3.8461 | Val Acc: 0.4107
2025-06-21 18:40:57,404 [INFO] Epoch 236 | Train Loss: 0.5928 | Val Loss: 3.4557 | Val Acc: 0.4464
2025-06-21 18:40:58,215 [INFO] Epoch 237 | Train Loss: 0.6941 | Val Loss: 3.3823 | Val Acc: 0.4286
2025-06-21 18:40:59,177 [INFO] Epoch 238 | Train Loss: 0.9234 | Val Loss: 3.5469 | Val Acc: 0.4643
2025-06-21 18:41:00,308 [INFO] Epoch 239 | Train Loss: 0.5449 | Val Loss: 3.6380 | Val Acc: 0.4286
2025-06-21 18:41:00,926 [INFO] Epoch 240 | Train Loss: 0.5998 | Val Loss: 3.2524 | Val Acc: 0.3929
2025-06-21 18:41:01,436 [INFO] Epoch 241 | Train Loss: 0.8689 | Val Loss: 3.3005 | Val Acc: 0.4107
2025-06-21 18:41:01,562 [INFO] Epoch 242 | Train Loss: 1.0195 | Val Loss: 3.6148 | Val Acc: 0.4286
2025-06-21 18:41:01,674 [INFO] Epoch 243 | Train Loss: 0.6256 | Val Loss: 3.9923 | Val Acc: 0.3750
2025-06-21 18:41:01,801 [INFO] Epoch 244 | Train Loss: 0.5494 | Val Loss: 3.6227 | Val Acc: 0.4107
2025-06-21 18:41:01,934 [INFO] Epoch 245 | Train Loss: 0.3429 | Val Loss: 3.9923 | Val Acc: 0.3929
2025-06-21 18:41:02,070 [INFO] Epoch 246 | Train Loss: 0.4214 | Val Loss: 3.7765 | Val Acc: 0.3750
2025-06-21 18:41:02,216 [INFO] Epoch 247 | Train Loss: 0.3890 | Val Loss: 3.3626 | Val Acc: 0.4464
2025-06-21 18:41:02,390 [INFO] Epoch 248 | Train Loss: 0.4787 | Val Loss: 3.4768 | Val Acc: 0.3929
2025-06-21 18:41:02,555 [INFO] Epoch 249 | Train Loss: 0.6980 | Val Loss: 3.2528 | Val Acc: 0.4107
2025-06-21 18:41:02,798 [INFO] Epoch 250 | Train Loss: 0.3685 | Val Loss: 3.1083 | Val Acc: 0.4464
2025-06-21 18:41:05,402 [INFO] Epoch 251 | Train Loss: 0.7988 | Val Loss: 3.2569 | Val Acc: 0.5000
2025-06-21 18:41:05,954 [INFO] Epoch 252 | Train Loss: 1.0254 | Val Loss: 3.6903 | Val Acc: 0.5000
2025-06-21 18:41:06,932 [INFO] Epoch 253 | Train Loss: 0.7034 | Val Loss: 3.6250 | Val Acc: 0.4107
2025-06-21 18:41:07,898 [INFO] Epoch 254 | Train Loss: 1.0423 | Val Loss: 3.7074 | Val Acc: 0.4464
2025-06-21 18:41:08,742 [INFO] Epoch 255 | Train Loss: 0.4315 | Val Loss: 3.5184 | Val Acc: 0.4464
2025-06-21 18:41:09,091 [INFO] Epoch 256 | Train Loss: 0.8864 | Val Loss: 3.4177 | Val Acc: 0.4643
2025-06-21 18:41:09,237 [INFO] Epoch 257 | Train Loss: 0.5790 | Val Loss: 3.3598 | Val Acc: 0.4464
2025-06-21 18:41:09,373 [INFO] Epoch 258 | Train Loss: 0.4566 | Val Loss: 3.4771 | Val Acc: 0.3929
2025-06-21 18:41:09,498 [INFO] Epoch 259 | Train Loss: 0.3098 | Val Loss: 3.5061 | Val Acc: 0.3750
2025-06-21 18:41:09,616 [INFO] Epoch 260 | Train Loss: 0.4422 | Val Loss: 3.7200 | Val Acc: 0.4643
2025-06-21 18:41:10,110 [INFO] Epoch 261 | Train Loss: 0.8547 | Val Loss: 3.5442 | Val Acc: 0.4107
2025-06-21 18:41:10,283 [INFO] Epoch 262 | Train Loss: 0.7437 | Val Loss: 3.3967 | Val Acc: 0.3750
2025-06-21 18:41:10,418 [INFO] Epoch 263 | Train Loss: 0.4932 | Val Loss: 3.6736 | Val Acc: 0.4464
2025-06-21 18:41:10,580 [INFO] Epoch 264 | Train Loss: 0.5409 | Val Loss: 4.1086 | Val Acc: 0.4107
2025-06-21 18:41:10,770 [INFO] Epoch 265 | Train Loss: 0.5109 | Val Loss: 3.7213 | Val Acc: 0.4286
2025-06-21 18:41:11,100 [INFO] Epoch 266 | Train Loss: 0.4187 | Val Loss: 3.6380 | Val Acc: 0.4107
2025-06-21 18:41:11,606 [INFO] Epoch 267 | Train Loss: 0.7067 | Val Loss: 3.6766 | Val Acc: 0.4107
2025-06-21 18:41:12,705 [INFO] Epoch 268 | Train Loss: 0.5809 | Val Loss: 3.5421 | Val Acc: 0.4464
2025-06-21 18:41:13,525 [INFO] Epoch 269 | Train Loss: 0.9731 | Val Loss: 4.0110 | Val Acc: 0.4107
2025-06-21 18:41:14,425 [INFO] Epoch 270 | Train Loss: 0.6694 | Val Loss: 4.4596 | Val Acc: 0.4107
2025-06-21 18:41:16,463 [INFO] Epoch 271 | Train Loss: 0.6110 | Val Loss: 4.0765 | Val Acc: 0.4107
2025-06-21 18:41:16,950 [INFO] Epoch 272 | Train Loss: 0.6434 | Val Loss: 3.6451 | Val Acc: 0.4464
2025-06-21 18:41:17,100 [INFO] Epoch 273 | Train Loss: 0.7266 | Val Loss: 4.4637 | Val Acc: 0.3750
2025-06-21 18:41:17,249 [INFO] Epoch 274 | Train Loss: 0.6957 | Val Loss: 4.0252 | Val Acc: 0.4286
2025-06-21 18:41:17,385 [INFO] Epoch 275 | Train Loss: 0.7560 | Val Loss: 4.6637 | Val Acc: 0.4464
2025-06-21 18:41:17,506 [INFO] Epoch 276 | Train Loss: 0.5819 | Val Loss: 3.9216 | Val Acc: 0.4107
2025-06-21 18:41:17,669 [INFO] Epoch 277 | Train Loss: 0.7499 | Val Loss: 3.4962 | Val Acc: 0.4286
2025-06-21 18:41:17,807 [INFO] Epoch 278 | Train Loss: 0.4655 | Val Loss: 3.9851 | Val Acc: 0.4107
2025-06-21 18:41:17,939 [INFO] Epoch 279 | Train Loss: 0.6495 | Val Loss: 3.6403 | Val Acc: 0.4643
2025-06-21 18:41:18,076 [INFO] Epoch 280 | Train Loss: 0.4958 | Val Loss: 3.8930 | Val Acc: 0.4464
2025-06-21 18:41:18,708 [INFO] Epoch 281 | Train Loss: 0.6775 | Val Loss: 3.5364 | Val Acc: 0.4464
2025-06-21 18:41:18,950 [INFO] Epoch 282 | Train Loss: 0.4022 | Val Loss: 3.3608 | Val Acc: 0.4643
2025-06-21 18:41:20,291 [INFO] Epoch 283 | Train Loss: 0.3550 | Val Loss: 3.1360 | Val Acc: 0.4464
2025-06-21 18:41:20,961 [INFO] Epoch 284 | Train Loss: 0.4700 | Val Loss: 3.5271 | Val Acc: 0.4286
2025-06-21 18:41:21,846 [INFO] Epoch 285 | Train Loss: 0.3853 | Val Loss: 3.6877 | Val Acc: 0.4464
2025-06-21 18:41:23,060 [INFO] Epoch 286 | Train Loss: 0.3978 | Val Loss: 3.8856 | Val Acc: 0.4464
2025-06-21 18:41:23,837 [INFO] Epoch 287 | Train Loss: 0.3547 | Val Loss: 3.8946 | Val Acc: 0.4464
2025-06-21 18:41:24,125 [INFO] Epoch 288 | Train Loss: 0.9164 | Val Loss: 3.5063 | Val Acc: 0.4464
2025-06-21 18:41:24,263 [INFO] Epoch 289 | Train Loss: 0.4941 | Val Loss: 3.5770 | Val Acc: 0.4286
2025-06-21 18:41:24,399 [INFO] Epoch 290 | Train Loss: 1.0902 | Val Loss: 3.6068 | Val Acc: 0.4286
2025-06-21 18:41:25,177 [INFO] Epoch 291 | Train Loss: 0.6507 | Val Loss: 3.8388 | Val Acc: 0.4286
2025-06-21 18:41:25,299 [INFO] Epoch 292 | Train Loss: 0.4827 | Val Loss: 4.4542 | Val Acc: 0.3393
2025-06-21 18:41:25,420 [INFO] Epoch 293 | Train Loss: 0.5753 | Val Loss: 4.5907 | Val Acc: 0.3571
2025-06-21 18:41:25,551 [INFO] Epoch 294 | Train Loss: 0.4528 | Val Loss: 4.7040 | Val Acc: 0.3393
2025-06-21 18:41:25,691 [INFO] Epoch 295 | Train Loss: 0.6156 | Val Loss: 4.4211 | Val Acc: 0.3929
2025-06-21 18:41:25,833 [INFO] Epoch 296 | Train Loss: 0.4938 | Val Loss: 3.7373 | Val Acc: 0.4286
2025-06-21 18:41:26,063 [INFO] Epoch 297 | Train Loss: 0.4391 | Val Loss: 3.8638 | Val Acc: 0.3929
2025-06-21 18:41:26,572 [INFO] Epoch 298 | Train Loss: 0.4809 | Val Loss: 4.0059 | Val Acc: 0.4286
2025-06-21 18:41:27,128 [INFO] Epoch 299 | Train Loss: 0.5601 | Val Loss: 3.9465 | Val Acc: 0.4286
2025-06-21 18:41:28,181 [INFO] Epoch 300 | Train Loss: 0.3542 | Val Loss: 3.8555 | Val Acc: 0.4464
2025-06-21 18:41:30,732 [INFO] Epoch 301 | Train Loss: 0.4056 | Val Loss: 3.6978 | Val Acc: 0.4464
2025-06-21 18:41:30,854 [INFO] Epoch 302 | Train Loss: 0.5795 | Val Loss: 3.1734 | Val Acc: 0.5000
2025-06-21 18:41:30,983 [INFO] Epoch 303 | Train Loss: 0.7915 | Val Loss: 3.3656 | Val Acc: 0.4286
2025-06-21 18:41:31,073 [INFO] Epoch 304 | Train Loss: 0.7361 | Val Loss: 3.1174 | Val Acc: 0.4821
2025-06-21 18:41:31,190 [INFO] Epoch 305 | Train Loss: 0.3687 | Val Loss: 3.1919 | Val Acc: 0.4643
2025-06-21 18:41:31,289 [INFO] Epoch 306 | Train Loss: 0.5508 | Val Loss: 3.1314 | Val Acc: 0.4286
2025-06-21 18:41:31,380 [INFO] Epoch 307 | Train Loss: 0.3479 | Val Loss: 3.1161 | Val Acc: 0.4286
2025-06-21 18:41:31,470 [INFO] Epoch 308 | Train Loss: 0.7918 | Val Loss: 3.7224 | Val Acc: 0.3750
2025-06-21 18:41:31,572 [INFO] Epoch 309 | Train Loss: 0.6598 | Val Loss: 4.2286 | Val Acc: 0.3214
2025-06-21 18:41:31,661 [INFO] Epoch 310 | Train Loss: 1.0664 | Val Loss: 4.4941 | Val Acc: 0.4107
2025-06-21 18:41:31,979 [INFO] Epoch 311 | Train Loss: 0.4198 | Val Loss: 3.9904 | Val Acc: 0.3929
2025-06-21 18:41:32,066 [INFO] Epoch 312 | Train Loss: 0.6350 | Val Loss: 3.7694 | Val Acc: 0.3929
2025-06-21 18:41:32,171 [INFO] Epoch 313 | Train Loss: 0.2954 | Val Loss: 4.0195 | Val Acc: 0.3929
2025-06-21 18:41:32,257 [INFO] Epoch 314 | Train Loss: 0.4483 | Val Loss: 4.1094 | Val Acc: 0.3929
2025-06-21 18:41:32,337 [INFO] Epoch 315 | Train Loss: 0.7928 | Val Loss: 3.8037 | Val Acc: 0.4107
2025-06-21 18:41:32,411 [INFO] Epoch 316 | Train Loss: 0.3430 | Val Loss: 3.8400 | Val Acc: 0.4107
2025-06-21 18:41:32,491 [INFO] Epoch 317 | Train Loss: 0.3282 | Val Loss: 3.8215 | Val Acc: 0.4464
2025-06-21 18:41:32,564 [INFO] Epoch 318 | Train Loss: 0.5060 | Val Loss: 4.2380 | Val Acc: 0.4286
2025-06-21 18:41:32,632 [INFO] Epoch 319 | Train Loss: 0.4371 | Val Loss: 4.5860 | Val Acc: 0.4464
2025-06-21 18:41:32,722 [INFO] Epoch 320 | Train Loss: 0.3493 | Val Loss: 4.4209 | Val Acc: 0.4286
2025-06-21 18:41:33,008 [INFO] Epoch 321 | Train Loss: 1.0233 | Val Loss: 3.9089 | Val Acc: 0.3929
2025-06-21 18:41:33,082 [INFO] Epoch 322 | Train Loss: 0.4311 | Val Loss: 3.7510 | Val Acc: 0.4107
2025-06-21 18:41:33,157 [INFO] Epoch 323 | Train Loss: 0.3161 | Val Loss: 4.1965 | Val Acc: 0.3750
2025-06-21 18:41:33,231 [INFO] Epoch 324 | Train Loss: 0.4601 | Val Loss: 4.4692 | Val Acc: 0.3571
2025-06-21 18:41:33,357 [INFO] Epoch 325 | Train Loss: 0.4494 | Val Loss: 3.9144 | Val Acc: 0.4464
2025-06-21 18:41:33,500 [INFO] Epoch 326 | Train Loss: 0.5797 | Val Loss: 3.6998 | Val Acc: 0.3393
2025-06-21 18:41:33,588 [INFO] Epoch 327 | Train Loss: 0.4649 | Val Loss: 4.3151 | Val Acc: 0.3750
2025-06-21 18:41:33,669 [INFO] Epoch 328 | Train Loss: 0.4953 | Val Loss: 4.6830 | Val Acc: 0.3750
2025-06-21 18:41:33,769 [INFO] Epoch 329 | Train Loss: 0.6440 | Val Loss: 4.6259 | Val Acc: 0.3929
2025-06-21 18:41:34,653 [INFO] Epoch 330 | Train Loss: 0.5336 | Val Loss: 4.1369 | Val Acc: 0.3929
2025-06-21 18:41:35,084 [INFO] Epoch 331 | Train Loss: 0.3230 | Val Loss: 4.1140 | Val Acc: 0.4107
2025-06-21 18:41:35,177 [INFO] Epoch 332 | Train Loss: 0.4928 | Val Loss: 4.0231 | Val Acc: 0.4107
2025-06-21 18:41:35,263 [INFO] Epoch 333 | Train Loss: 0.3758 | Val Loss: 4.6787 | Val Acc: 0.3393
2025-06-21 18:41:35,354 [INFO] Epoch 334 | Train Loss: 0.5070 | Val Loss: 4.6777 | Val Acc: 0.3929
2025-06-21 18:41:35,453 [INFO] Epoch 335 | Train Loss: 0.4728 | Val Loss: 5.2577 | Val Acc: 0.4286
2025-06-21 18:41:35,561 [INFO] Epoch 336 | Train Loss: 0.4810 | Val Loss: 5.3047 | Val Acc: 0.4107
2025-06-21 18:41:35,673 [INFO] Epoch 337 | Train Loss: 0.4492 | Val Loss: 4.4863 | Val Acc: 0.4107
2025-06-21 18:41:35,765 [INFO] Epoch 338 | Train Loss: 0.4626 | Val Loss: 4.5317 | Val Acc: 0.3929
2025-06-21 18:41:35,854 [INFO] Epoch 339 | Train Loss: 0.5336 | Val Loss: 4.3824 | Val Acc: 0.3929
2025-06-21 18:41:35,929 [INFO] Epoch 340 | Train Loss: 0.2436 | Val Loss: 4.2925 | Val Acc: 0.4643
2025-06-21 18:41:36,228 [INFO] Epoch 341 | Train Loss: 0.3970 | Val Loss: 4.1205 | Val Acc: 0.4286
2025-06-21 18:41:36,333 [INFO] Epoch 342 | Train Loss: 0.6261 | Val Loss: 4.1007 | Val Acc: 0.4286
2025-06-21 18:41:36,422 [INFO] Epoch 343 | Train Loss: 0.2847 | Val Loss: 3.9347 | Val Acc: 0.4643
2025-06-21 18:41:36,504 [INFO] Epoch 344 | Train Loss: 0.3012 | Val Loss: 4.0262 | Val Acc: 0.4643
2025-06-21 18:41:36,574 [INFO] Epoch 345 | Train Loss: 0.4856 | Val Loss: 3.8791 | Val Acc: 0.3929
2025-06-21 18:41:36,669 [INFO] Epoch 346 | Train Loss: 0.3455 | Val Loss: 3.4577 | Val Acc: 0.4643
2025-06-21 18:41:36,794 [INFO] Epoch 347 | Train Loss: 0.6480 | Val Loss: 3.5985 | Val Acc: 0.4821
2025-06-21 18:41:36,868 [INFO] Epoch 348 | Train Loss: 0.3406 | Val Loss: 4.0717 | Val Acc: 0.4464
2025-06-21 18:41:36,941 [INFO] Epoch 349 | Train Loss: 0.3373 | Val Loss: 3.8157 | Val Acc: 0.4286
2025-06-21 18:41:37,019 [INFO] Epoch 350 | Train Loss: 0.6178 | Val Loss: 3.7380 | Val Acc: 0.4643
2025-06-21 18:41:37,209 [INFO] Early stopping at epoch 350 (no improvement in 150 epochs).
2025-06-21 18:41:37,222 [INFO] Best model saved to <built-in function time>/ENZYMES/best/best_source_gin.pth (Val Acc: 0.5357 at epoch 200)
2025-06-21 18:41:37,223 [INFO] Training/validation metrics saved to <built-in function time>/ENZYMES/GIN_0.0001/train_metrics.csv
2025-06-21 18:41:37,806 [INFO] Final training curves saved
2025-06-21 18:41:37,807 [INFO] Training completed!
2025-06-21 18:41:37,807 [INFO] Best validation accuracy: 0.5357
2025-06-21 18:41:37,807 [INFO] Best epoch: 200
2025-06-21 18:41:37,807 [INFO] Total epochs trained: 350
2025-06-21 18:41:37,808 [INFO] Starting training with parameters: (0.0001, 0.3, 512, 2, 400, 0.001)
