2025-06-22 14:49:48,317 [INFO] Using device: cpu
2025-06-22 14:49:48,317 [INFO] 开始创建数据加载器...
2025-06-22 14:49:48,321 [INFO] Successfully loaded dataset ENZYMES from ./data, total graphs: 600
2025-06-22 14:49:48,321 [INFO] Class allocation analysis:
2025-06-22 14:49:48,321 [INFO]   Source classes: [0, 1, 2, 3]
2025-06-22 14:49:48,321 [INFO]   Target classes: [0, 1, 2, 3, 4, 5]
2025-06-22 14:49:48,321 [INFO]   Overlap classes (to be split): [0, 1, 2, 3]
2025-06-22 14:49:48,321 [INFO]   Target novel classes (unknown): [4, 5]
2025-06-22 14:49:48,334 [INFO]   Class 0: 100 total -> Source: 70, Target: 30
2025-06-22 14:49:48,335 [INFO]   Class 1: 100 total -> Source: 70, Target: 30
2025-06-22 14:49:48,335 [INFO]   Class 2: 100 total -> Source: 70, Target: 30
2025-06-22 14:49:48,335 [INFO]   Class 3: 100 total -> Source: 70, Target: 30
2025-06-22 14:49:48,335 [INFO]   Class 4 (novel/unknown): 100 samples -> Target
2025-06-22 14:49:48,335 [INFO]   Class 5 (novel/unknown): 100 samples -> Target
2025-06-22 14:49:48,335 [INFO] Final allocation:
2025-06-22 14:49:48,335 [INFO]   Source domain: 280 samples
2025-06-22 14:49:48,335 [INFO]   Target domain: 320 samples
2025-06-22 14:49:48,336 [INFO] Source domain setup:
2025-06-22 14:49:48,336 [INFO]   Original classes: [0, 1, 2, 3]
2025-06-22 14:49:48,336 [INFO]   Overlap classes used: [0, 1, 2, 3]
2025-06-22 14:49:48,336 [INFO]   Label mapping: {0: 0, 1: 1, 2: 2, 3: 3}
2025-06-22 14:49:48,336 [INFO]   Total data after allocation: 280
2025-06-22 14:49:48,336 [INFO]   Data split - Train: 224, Val: 56
2025-06-22 14:49:48,336 [INFO]   Train label distribution: {0: 56, 1: 56, 3: 56, 2: 56}
2025-06-22 14:49:48,336 [INFO]   Val label distribution: {1: 14, 2: 14, 0: 14, 3: 14}
2025-06-22 14:49:48,337 [INFO] Successfully loaded dataset ENZYMES from ./data, total graphs: 600
2025-06-22 14:49:48,338 [INFO] Class allocation analysis:
2025-06-22 14:49:48,338 [INFO]   Source classes: [0, 1, 2, 3]
2025-06-22 14:49:48,338 [INFO]   Target classes: [0, 1, 2, 3, 4, 5]
2025-06-22 14:49:48,338 [INFO]   Overlap classes (to be split): [0, 1, 2, 3]
2025-06-22 14:49:48,338 [INFO]   Target novel classes (unknown): [4, 5]
2025-06-22 14:49:48,418 [INFO]   Class 0: 100 total -> Source: 70, Target: 30
2025-06-22 14:49:48,418 [INFO]   Class 1: 100 total -> Source: 70, Target: 30
2025-06-22 14:49:48,418 [INFO]   Class 2: 100 total -> Source: 70, Target: 30
2025-06-22 14:49:48,418 [INFO]   Class 3: 100 total -> Source: 70, Target: 30
2025-06-22 14:49:48,418 [INFO]   Class 4 (novel/unknown): 100 samples -> Target
2025-06-22 14:49:48,418 [INFO]   Class 5 (novel/unknown): 100 samples -> Target
2025-06-22 14:49:48,418 [INFO] Final allocation:
2025-06-22 14:49:48,418 [INFO]   Source domain: 280 samples
2025-06-22 14:49:48,418 [INFO]   Target domain: 320 samples
2025-06-22 14:49:48,420 [INFO] Target domain setup:
2025-06-22 14:49:48,420 [INFO]   Original classes: [0, 1, 2, 3, 4, 5]
2025-06-22 14:49:48,420 [INFO]   Overlap classes: [0, 1, 2, 3]
2025-06-22 14:49:48,420 [INFO]   Novel classes: [4, 5] -> mapped to unknown label 4
2025-06-22 14:49:48,420 [INFO]   Label mapping: {0: 0, 1: 1, 2: 2, 3: 3, 4: 4, 5: 4}
2025-06-22 14:49:48,420 [INFO]   Total data after allocation: 320
2025-06-22 14:49:48,420 [INFO]   Data split - Train: 256, Val: 64
2025-06-22 14:49:48,420 [INFO]   Total count: 320 (known: 120, unknown: 200)
2025-06-22 14:49:48,420 [INFO]   Total label distribution: {4: 200, 3: 30, 0: 30, 1: 30, 2: 30}
2025-06-22 14:49:48,420 [INFO]   Train label distribution: {4: 160, 0: 24, 2: 24, 3: 24, 1: 24}
2025-06-22 14:49:48,420 [INFO]   Val label distribution: {1: 6, 4: 40, 3: 6, 0: 6, 2: 6}
2025-06-22 14:49:48,421 [INFO] 数据加载器创建完成!
2025-06-22 14:49:48,421 [INFO] 源域类别数: 4 (重叠类别)
2025-06-22 14:49:48,421 [INFO] 目标域类别数: 5 (4个重叠类别 + 1个未知类别)
2025-06-22 14:49:48,421 [INFO] 重叠类别: [0, 1, 2, 3]
2025-06-22 14:49:48,421 [INFO] 目标域新类别: [4, 5]
2025-06-22 14:49:48,421 [INFO] Data allocation verification:
2025-06-22 14:49:48,421 [INFO]   Source data samples: 280
2025-06-22 14:49:48,421 [INFO]   Target data samples: 320
2025-06-22 14:49:48,421 [INFO]   Overlapping samples: 0
2025-06-22 14:49:48,421 [INFO]   ✓ Data allocation is correct - no overlapping samples
2025-06-22 14:49:48,429 [INFO] Model initialized with 2378244 parameters
2025-06-22 14:49:48,429 [INFO] Previous best validation accuracy read from record.txt: 0.6250
2025-06-22 14:49:48,429 [INFO] Starting training...
2025-06-22 14:49:48,566 [INFO] Epoch 001 | Train Loss: 29.6109 | Val Loss: 301360.4844 | Val Acc: 0.2500
2025-06-22 14:49:49,477 [INFO] New best model at epoch 1 (Val Acc: 0.2500)
2025-06-22 14:49:49,680 [INFO] Epoch 002 | Train Loss: 13.5665 | Val Loss: 11758.4004 | Val Acc: 0.2500
2025-06-22 14:49:49,847 [INFO] Epoch 003 | Train Loss: 10.0786 | Val Loss: 399.3876 | Val Acc: 0.2500
2025-06-22 14:49:50,047 [INFO] Epoch 004 | Train Loss: 8.1073 | Val Loss: 68.7420 | Val Acc: 0.3929
2025-06-22 14:49:50,087 [INFO] New best model at epoch 4 (Val Acc: 0.3929)
2025-06-22 14:49:50,264 [INFO] Epoch 005 | Train Loss: 5.3207 | Val Loss: 24.6174 | Val Acc: 0.2857
2025-06-22 14:49:50,487 [INFO] Epoch 006 | Train Loss: 4.7957 | Val Loss: 13.2222 | Val Acc: 0.2857
2025-06-22 14:49:50,675 [INFO] Epoch 007 | Train Loss: 6.9196 | Val Loss: 7.4103 | Val Acc: 0.2500
2025-06-22 14:49:50,943 [INFO] Epoch 008 | Train Loss: 8.4194 | Val Loss: 2.9881 | Val Acc: 0.3571
2025-06-22 14:49:51,139 [INFO] Epoch 009 | Train Loss: 6.1707 | Val Loss: 2.5888 | Val Acc: 0.3393
2025-06-22 14:49:51,317 [INFO] Epoch 010 | Train Loss: 2.7115 | Val Loss: 3.5909 | Val Acc: 0.2321
2025-06-22 14:49:52,486 [INFO] Epoch 011 | Train Loss: 8.0955 | Val Loss: 3.0626 | Val Acc: 0.2500
2025-06-22 14:49:52,662 [INFO] Epoch 012 | Train Loss: 10.9003 | Val Loss: 4.3875 | Val Acc: 0.3571
2025-06-22 14:49:52,841 [INFO] Epoch 013 | Train Loss: 6.8340 | Val Loss: 2.3141 | Val Acc: 0.3393
2025-06-22 14:49:53,017 [INFO] Epoch 014 | Train Loss: 4.3949 | Val Loss: 3.7750 | Val Acc: 0.3571
2025-06-22 14:49:53,197 [INFO] Epoch 015 | Train Loss: 7.0410 | Val Loss: 3.8926 | Val Acc: 0.2500
2025-06-22 14:49:53,431 [INFO] Epoch 016 | Train Loss: 9.0071 | Val Loss: 13.2178 | Val Acc: 0.2679
2025-06-22 14:49:53,619 [INFO] Epoch 017 | Train Loss: 5.6424 | Val Loss: 7.0765 | Val Acc: 0.3036
2025-06-22 14:49:53,811 [INFO] Epoch 018 | Train Loss: 4.8559 | Val Loss: 3.0912 | Val Acc: 0.4107
2025-06-22 14:49:53,853 [INFO] New best model at epoch 18 (Val Acc: 0.4107)
2025-06-22 14:49:54,010 [INFO] Epoch 019 | Train Loss: 3.8046 | Val Loss: 1.8311 | Val Acc: 0.2679
2025-06-22 14:49:54,204 [INFO] Epoch 020 | Train Loss: 4.8767 | Val Loss: 1.3691 | Val Acc: 0.3393
2025-06-22 14:49:55,310 [INFO] Epoch 021 | Train Loss: 2.1820 | Val Loss: 1.6757 | Val Acc: 0.2857
2025-06-22 14:49:55,487 [INFO] Epoch 022 | Train Loss: 3.1289 | Val Loss: 1.5295 | Val Acc: 0.3393
2025-06-22 14:49:55,676 [INFO] Epoch 023 | Train Loss: 1.2923 | Val Loss: 1.5316 | Val Acc: 0.3929
2025-06-22 14:49:55,852 [INFO] Epoch 024 | Train Loss: 4.3547 | Val Loss: 1.8462 | Val Acc: 0.2321
2025-06-22 14:49:56,035 [INFO] Epoch 025 | Train Loss: 4.4466 | Val Loss: 1.9623 | Val Acc: 0.2679
2025-06-22 14:49:56,221 [INFO] Epoch 026 | Train Loss: 2.7435 | Val Loss: 1.8268 | Val Acc: 0.2679
2025-06-22 14:49:56,405 [INFO] Epoch 027 | Train Loss: 12.0362 | Val Loss: 4.7650 | Val Acc: 0.3214
2025-06-22 14:49:56,587 [INFO] Epoch 028 | Train Loss: 6.5054 | Val Loss: 5.1428 | Val Acc: 0.2679
2025-06-22 14:49:56,780 [INFO] Epoch 029 | Train Loss: 12.0562 | Val Loss: 2.6087 | Val Acc: 0.2679
2025-06-22 14:49:56,971 [INFO] Epoch 030 | Train Loss: 3.2204 | Val Loss: 1.6814 | Val Acc: 0.3214
2025-06-22 14:49:58,158 [INFO] Epoch 031 | Train Loss: 2.5180 | Val Loss: 2.4003 | Val Acc: 0.2321
2025-06-22 14:49:58,343 [INFO] Epoch 032 | Train Loss: 5.6776 | Val Loss: 1.8164 | Val Acc: 0.2321
2025-06-22 14:49:58,526 [INFO] Epoch 033 | Train Loss: 2.1058 | Val Loss: 1.4575 | Val Acc: 0.3929
2025-06-22 14:49:58,701 [INFO] Epoch 034 | Train Loss: 2.2877 | Val Loss: 1.4434 | Val Acc: 0.3571
2025-06-22 14:49:58,886 [INFO] Epoch 035 | Train Loss: 3.9931 | Val Loss: 1.5405 | Val Acc: 0.3750
2025-06-22 14:49:59,072 [INFO] Epoch 036 | Train Loss: 3.0473 | Val Loss: 2.1537 | Val Acc: 0.3393
2025-06-22 14:49:59,256 [INFO] Epoch 037 | Train Loss: 1.8690 | Val Loss: 2.4007 | Val Acc: 0.3571
2025-06-22 14:49:59,455 [INFO] Epoch 038 | Train Loss: 2.2289 | Val Loss: 1.3395 | Val Acc: 0.4107
2025-06-22 14:49:59,655 [INFO] Epoch 039 | Train Loss: 1.1868 | Val Loss: 1.8975 | Val Acc: 0.3750
2025-06-22 14:49:59,857 [INFO] Epoch 040 | Train Loss: 3.8142 | Val Loss: 1.3918 | Val Acc: 0.2500
2025-06-22 14:50:01,107 [INFO] Epoch 041 | Train Loss: 2.3618 | Val Loss: 1.3396 | Val Acc: 0.3214
2025-06-22 14:50:01,286 [INFO] Epoch 042 | Train Loss: 4.2967 | Val Loss: 2.3203 | Val Acc: 0.3750
2025-06-22 14:50:01,468 [INFO] Epoch 043 | Train Loss: 1.1301 | Val Loss: 3.7999 | Val Acc: 0.3929
2025-06-22 14:50:01,652 [INFO] Epoch 044 | Train Loss: 2.5230 | Val Loss: 3.6741 | Val Acc: 0.3571
2025-06-22 14:50:01,840 [INFO] Epoch 045 | Train Loss: 1.2343 | Val Loss: 3.8844 | Val Acc: 0.3929
2025-06-22 14:50:02,030 [INFO] Epoch 046 | Train Loss: 2.8753 | Val Loss: 4.2700 | Val Acc: 0.4464
2025-06-22 14:50:02,081 [INFO] New best model at epoch 46 (Val Acc: 0.4464)
2025-06-22 14:50:02,233 [INFO] Epoch 047 | Train Loss: 2.3914 | Val Loss: 1.3708 | Val Acc: 0.4464
2025-06-22 14:50:02,446 [INFO] Epoch 048 | Train Loss: 1.9225 | Val Loss: 2.2915 | Val Acc: 0.3750
2025-06-22 14:50:02,653 [INFO] Epoch 049 | Train Loss: 1.5274 | Val Loss: 1.9848 | Val Acc: 0.3929
2025-06-22 14:50:02,872 [INFO] Epoch 050 | Train Loss: 1.8777 | Val Loss: 1.3293 | Val Acc: 0.4821
2025-06-22 14:50:06,897 [INFO] New best model at epoch 50 (Val Acc: 0.4821)
2025-06-22 14:50:07,104 [INFO] Epoch 051 | Train Loss: 1.3209 | Val Loss: 1.5652 | Val Acc: 0.4107
2025-06-22 14:50:07,292 [INFO] Epoch 052 | Train Loss: 1.3018 | Val Loss: 2.7356 | Val Acc: 0.3750
2025-06-22 14:50:07,501 [INFO] Epoch 053 | Train Loss: 3.4927 | Val Loss: 1.4861 | Val Acc: 0.3571
2025-06-22 14:50:07,690 [INFO] Epoch 054 | Train Loss: 2.5313 | Val Loss: 2.7345 | Val Acc: 0.3571
2025-06-22 14:50:07,872 [INFO] Epoch 055 | Train Loss: 1.3070 | Val Loss: 4.1836 | Val Acc: 0.4286
2025-06-22 14:50:08,057 [INFO] Epoch 056 | Train Loss: 3.9957 | Val Loss: 2.1919 | Val Acc: 0.3929
2025-06-22 14:50:08,235 [INFO] Epoch 057 | Train Loss: 1.4720 | Val Loss: 1.4601 | Val Acc: 0.3750
2025-06-22 14:50:08,436 [INFO] Epoch 058 | Train Loss: 1.2179 | Val Loss: 1.9546 | Val Acc: 0.2857
2025-06-22 14:50:08,620 [INFO] Epoch 059 | Train Loss: 1.6363 | Val Loss: 1.7853 | Val Acc: 0.3750
2025-06-22 14:50:08,807 [INFO] Epoch 060 | Train Loss: 1.7902 | Val Loss: 1.4424 | Val Acc: 0.3393
2025-06-22 14:50:09,917 [INFO] Epoch 061 | Train Loss: 1.9203 | Val Loss: 3.1728 | Val Acc: 0.3929
2025-06-22 14:50:10,096 [INFO] Epoch 062 | Train Loss: 2.4826 | Val Loss: 2.2751 | Val Acc: 0.3571
2025-06-22 14:50:10,274 [INFO] Epoch 063 | Train Loss: 0.9989 | Val Loss: 2.2274 | Val Acc: 0.3571
2025-06-22 14:50:10,456 [INFO] Epoch 064 | Train Loss: 2.6325 | Val Loss: 1.7869 | Val Acc: 0.3750
2025-06-22 14:50:10,637 [INFO] Epoch 065 | Train Loss: 1.4012 | Val Loss: 1.9768 | Val Acc: 0.3929
2025-06-22 14:50:10,821 [INFO] Epoch 066 | Train Loss: 1.4846 | Val Loss: 2.2121 | Val Acc: 0.4286
2025-06-22 14:50:11,017 [INFO] Epoch 067 | Train Loss: 1.4225 | Val Loss: 2.7553 | Val Acc: 0.3750
2025-06-22 14:50:11,212 [INFO] Epoch 068 | Train Loss: 1.2273 | Val Loss: 2.9970 | Val Acc: 0.3571
2025-06-22 14:50:11,420 [INFO] Epoch 069 | Train Loss: 1.2793 | Val Loss: 3.3829 | Val Acc: 0.3750
2025-06-22 14:50:11,640 [INFO] Epoch 070 | Train Loss: 1.5110 | Val Loss: 2.0593 | Val Acc: 0.3929
2025-06-22 14:50:12,953 [INFO] Epoch 071 | Train Loss: 1.1303 | Val Loss: 1.7509 | Val Acc: 0.3929
2025-06-22 14:50:13,133 [INFO] Epoch 072 | Train Loss: 1.1963 | Val Loss: 4.7873 | Val Acc: 0.3750
2025-06-22 14:50:13,332 [INFO] Epoch 073 | Train Loss: 1.3206 | Val Loss: 3.2685 | Val Acc: 0.3571
2025-06-22 14:50:13,514 [INFO] Epoch 074 | Train Loss: 1.5725 | Val Loss: 1.4414 | Val Acc: 0.4107
2025-06-22 14:50:13,711 [INFO] Epoch 075 | Train Loss: 1.1385 | Val Loss: 7.1525 | Val Acc: 0.4643
2025-06-22 14:50:13,918 [INFO] Epoch 076 | Train Loss: 1.3697 | Val Loss: 6.8998 | Val Acc: 0.4643
2025-06-22 14:50:14,141 [INFO] Epoch 077 | Train Loss: 1.4263 | Val Loss: 2.0372 | Val Acc: 0.4821
2025-06-22 14:50:14,373 [INFO] Epoch 078 | Train Loss: 1.3110 | Val Loss: 2.0128 | Val Acc: 0.5000
2025-06-22 14:50:14,432 [INFO] New best model at epoch 78 (Val Acc: 0.5000)
2025-06-22 14:50:14,623 [INFO] Epoch 079 | Train Loss: 1.2370 | Val Loss: 3.8093 | Val Acc: 0.3929
2025-06-22 14:50:14,872 [INFO] Epoch 080 | Train Loss: 1.2914 | Val Loss: 2.2244 | Val Acc: 0.3929
2025-06-22 14:50:16,247 [INFO] Epoch 081 | Train Loss: 1.1024 | Val Loss: 1.5016 | Val Acc: 0.4821
2025-06-22 14:50:16,417 [INFO] Epoch 082 | Train Loss: 1.2895 | Val Loss: 1.7591 | Val Acc: 0.4107
2025-06-22 14:50:16,603 [INFO] Epoch 083 | Train Loss: 1.1019 | Val Loss: 2.9128 | Val Acc: 0.4286
2025-06-22 14:50:16,803 [INFO] Epoch 084 | Train Loss: 1.9644 | Val Loss: 2.4483 | Val Acc: 0.4643
2025-06-22 14:50:17,007 [INFO] Epoch 085 | Train Loss: 1.2090 | Val Loss: 1.7960 | Val Acc: 0.4286
2025-06-22 14:50:17,228 [INFO] Epoch 086 | Train Loss: 1.2116 | Val Loss: 1.4832 | Val Acc: 0.4821
2025-06-22 14:50:17,457 [INFO] Epoch 087 | Train Loss: 1.0916 | Val Loss: 1.5311 | Val Acc: 0.3214
2025-06-22 14:50:17,697 [INFO] Epoch 088 | Train Loss: 1.0731 | Val Loss: 1.5670 | Val Acc: 0.3393
2025-06-22 14:50:17,942 [INFO] Epoch 089 | Train Loss: 1.1141 | Val Loss: 1.5464 | Val Acc: 0.4286
2025-06-22 14:50:18,187 [INFO] Epoch 090 | Train Loss: 1.3527 | Val Loss: 1.4482 | Val Acc: 0.4464
2025-06-22 14:50:21,474 [INFO] Epoch 091 | Train Loss: 1.3521 | Val Loss: 1.5150 | Val Acc: 0.4643
2025-06-22 14:50:21,659 [INFO] Epoch 092 | Train Loss: 1.2657 | Val Loss: 1.4680 | Val Acc: 0.5000
2025-06-22 14:50:21,867 [INFO] Epoch 093 | Train Loss: 1.1480 | Val Loss: 1.9894 | Val Acc: 0.3929
2025-06-22 14:50:22,101 [INFO] Epoch 094 | Train Loss: 1.1017 | Val Loss: 3.5735 | Val Acc: 0.3393
2025-06-22 14:50:22,322 [INFO] Epoch 095 | Train Loss: 1.0185 | Val Loss: 2.2693 | Val Acc: 0.3036
2025-06-22 14:50:22,510 [INFO] Epoch 096 | Train Loss: 0.9369 | Val Loss: 1.8065 | Val Acc: 0.4107
2025-06-22 14:50:22,702 [INFO] Epoch 097 | Train Loss: 0.9114 | Val Loss: 1.7632 | Val Acc: 0.3750
2025-06-22 14:50:22,892 [INFO] Epoch 098 | Train Loss: 0.9348 | Val Loss: 1.7247 | Val Acc: 0.4464
2025-06-22 14:50:23,082 [INFO] Epoch 099 | Train Loss: 1.2938 | Val Loss: 1.7797 | Val Acc: 0.4286
2025-06-22 14:50:23,293 [INFO] Epoch 100 | Train Loss: 0.9285 | Val Loss: 2.2531 | Val Acc: 0.3571
2025-06-22 14:50:24,539 [INFO] Epoch 101 | Train Loss: 1.2382 | Val Loss: 1.7149 | Val Acc: 0.3929
2025-06-22 14:50:24,706 [INFO] Epoch 102 | Train Loss: 1.3103 | Val Loss: 1.7151 | Val Acc: 0.4107
2025-06-22 14:50:24,882 [INFO] Epoch 103 | Train Loss: 1.0286 | Val Loss: 1.9262 | Val Acc: 0.4821
2025-06-22 14:50:25,070 [INFO] Epoch 104 | Train Loss: 0.8493 | Val Loss: 2.1617 | Val Acc: 0.4464
2025-06-22 14:50:25,264 [INFO] Epoch 105 | Train Loss: 1.1337 | Val Loss: 1.7935 | Val Acc: 0.5000
2025-06-22 14:50:25,469 [INFO] Epoch 106 | Train Loss: 0.9373 | Val Loss: 1.6063 | Val Acc: 0.4107
2025-06-22 14:50:25,746 [INFO] Epoch 107 | Train Loss: 1.0762 | Val Loss: 1.5901 | Val Acc: 0.4107
2025-06-22 14:50:25,997 [INFO] Epoch 108 | Train Loss: 0.8178 | Val Loss: 1.5459 | Val Acc: 0.4286
2025-06-22 14:50:26,264 [INFO] Epoch 109 | Train Loss: 0.8139 | Val Loss: 1.5924 | Val Acc: 0.4107
2025-06-22 14:50:26,515 [INFO] Epoch 110 | Train Loss: 1.1284 | Val Loss: 1.6065 | Val Acc: 0.4107
2025-06-22 14:50:27,919 [INFO] Epoch 111 | Train Loss: 0.9897 | Val Loss: 1.7974 | Val Acc: 0.3929
2025-06-22 14:50:28,081 [INFO] Epoch 112 | Train Loss: 0.9499 | Val Loss: 1.5778 | Val Acc: 0.4107
2025-06-22 14:50:28,258 [INFO] Epoch 113 | Train Loss: 1.1215 | Val Loss: 2.3433 | Val Acc: 0.3750
2025-06-22 14:50:28,460 [INFO] Epoch 114 | Train Loss: 0.8008 | Val Loss: 2.3374 | Val Acc: 0.3750
2025-06-22 14:50:28,669 [INFO] Epoch 115 | Train Loss: 0.9965 | Val Loss: 1.7608 | Val Acc: 0.4643
2025-06-22 14:50:28,894 [INFO] Epoch 116 | Train Loss: 0.8035 | Val Loss: 1.8027 | Val Acc: 0.4643
2025-06-22 14:50:29,135 [INFO] Epoch 117 | Train Loss: 0.7828 | Val Loss: 1.7726 | Val Acc: 0.4107
2025-06-22 14:50:29,383 [INFO] Epoch 118 | Train Loss: 0.7746 | Val Loss: 1.8044 | Val Acc: 0.2857
2025-06-22 14:50:29,636 [INFO] Epoch 119 | Train Loss: 0.7358 | Val Loss: 2.0094 | Val Acc: 0.3393
2025-06-22 14:50:29,885 [INFO] Epoch 120 | Train Loss: 0.7255 | Val Loss: 1.8012 | Val Acc: 0.3393
2025-06-22 14:50:31,310 [INFO] Epoch 121 | Train Loss: 1.0294 | Val Loss: 1.7394 | Val Acc: 0.3929
2025-06-22 14:50:31,478 [INFO] Epoch 122 | Train Loss: 0.8436 | Val Loss: 1.8807 | Val Acc: 0.3393
2025-06-22 14:50:31,661 [INFO] Epoch 123 | Train Loss: 0.8898 | Val Loss: 1.8463 | Val Acc: 0.3571
2025-06-22 14:50:31,852 [INFO] Epoch 124 | Train Loss: 0.8260 | Val Loss: 2.1630 | Val Acc: 0.3750
2025-06-22 14:50:32,052 [INFO] Epoch 125 | Train Loss: 0.7360 | Val Loss: 2.1254 | Val Acc: 0.3393
2025-06-22 14:50:32,276 [INFO] Epoch 126 | Train Loss: 0.9517 | Val Loss: 2.1435 | Val Acc: 0.3214
2025-06-22 14:50:32,505 [INFO] Epoch 127 | Train Loss: 1.0909 | Val Loss: 1.5606 | Val Acc: 0.3214
2025-06-22 14:50:33,011 [INFO] Epoch 128 | Train Loss: 0.7961 | Val Loss: 1.5519 | Val Acc: 0.5179
2025-06-22 14:50:33,120 [INFO] New best model at epoch 128 (Val Acc: 0.5179)
2025-06-22 14:50:33,443 [INFO] Epoch 129 | Train Loss: 0.6905 | Val Loss: 1.8785 | Val Acc: 0.5357
2025-06-22 14:50:33,497 [INFO] New best model at epoch 129 (Val Acc: 0.5357)
2025-06-22 14:50:33,760 [INFO] Epoch 130 | Train Loss: 0.7469 | Val Loss: 1.8984 | Val Acc: 0.4643
2025-06-22 14:50:35,099 [INFO] Epoch 131 | Train Loss: 0.9177 | Val Loss: 1.7458 | Val Acc: 0.3571
2025-06-22 14:50:35,284 [INFO] Epoch 132 | Train Loss: 0.7163 | Val Loss: 1.9034 | Val Acc: 0.3750
2025-06-22 14:50:35,519 [INFO] Epoch 133 | Train Loss: 0.6896 | Val Loss: 1.9324 | Val Acc: 0.4286
2025-06-22 14:50:35,749 [INFO] Epoch 134 | Train Loss: 0.6523 | Val Loss: 2.2151 | Val Acc: 0.4643
2025-06-22 14:50:35,992 [INFO] Epoch 135 | Train Loss: 0.8283 | Val Loss: 1.8510 | Val Acc: 0.4821
2025-06-22 14:50:36,250 [INFO] Epoch 136 | Train Loss: 0.8438 | Val Loss: 1.8218 | Val Acc: 0.4286
2025-06-22 14:50:36,529 [INFO] Epoch 137 | Train Loss: 0.8150 | Val Loss: 2.0969 | Val Acc: 0.5536
2025-06-22 14:50:36,595 [INFO] New best model at epoch 137 (Val Acc: 0.5536)
2025-06-22 14:50:36,863 [INFO] Epoch 138 | Train Loss: 0.8063 | Val Loss: 2.1728 | Val Acc: 0.4821
2025-06-22 14:50:37,154 [INFO] Epoch 139 | Train Loss: 0.6827 | Val Loss: 2.1861 | Val Acc: 0.5179
2025-06-22 14:50:37,420 [INFO] Epoch 140 | Train Loss: 0.6302 | Val Loss: 1.9404 | Val Acc: 0.5000
2025-06-22 14:50:38,568 [INFO] Epoch 141 | Train Loss: 0.7497 | Val Loss: 2.2388 | Val Acc: 0.5536
2025-06-22 14:50:38,764 [INFO] Epoch 142 | Train Loss: 0.6408 | Val Loss: 2.5741 | Val Acc: 0.4107
2025-06-22 14:50:38,982 [INFO] Epoch 143 | Train Loss: 0.8081 | Val Loss: 1.8819 | Val Acc: 0.3750
2025-06-22 14:50:39,192 [INFO] Epoch 144 | Train Loss: 0.6932 | Val Loss: 2.2505 | Val Acc: 0.4107
2025-06-22 14:50:39,448 [INFO] Epoch 145 | Train Loss: 0.7701 | Val Loss: 1.9041 | Val Acc: 0.4286
2025-06-22 14:50:39,812 [INFO] Epoch 146 | Train Loss: 0.7209 | Val Loss: 1.9226 | Val Acc: 0.3929
2025-06-22 14:50:40,164 [INFO] Epoch 147 | Train Loss: 0.7508 | Val Loss: 2.2765 | Val Acc: 0.3214
2025-06-22 14:50:40,476 [INFO] Epoch 148 | Train Loss: 0.7255 | Val Loss: 2.5223 | Val Acc: 0.3571
2025-06-22 14:50:40,778 [INFO] Epoch 149 | Train Loss: 0.8633 | Val Loss: 2.1320 | Val Acc: 0.4643
2025-06-22 14:50:41,089 [INFO] Epoch 150 | Train Loss: 0.6859 | Val Loss: 1.8350 | Val Acc: 0.4643
2025-06-22 14:50:43,403 [INFO] Best model saved to <built-in function time>/ENZYMES/best/best_source_gin.pth (Val Acc: 0.5536 at epoch 137)
2025-06-22 14:50:43,404 [INFO] Training/validation metrics saved to <built-in function time>/ENZYMES/GIN_0.01/train_metrics.csv
2025-06-22 14:50:44,892 [INFO] Final training curves saved
2025-06-22 14:50:44,892 [INFO] Training completed!
2025-06-22 14:50:44,892 [INFO] Best validation accuracy: 0.5536
2025-06-22 14:50:44,892 [INFO] Best epoch: 137
2025-06-22 14:50:44,892 [INFO] Total epochs trained: 150
2025-06-22 14:50:44,894 [INFO] Starting training with parameters: (0.01, 0.0, 512, 5, 150, 0.0001)
