2025-06-22 00:51:36,003 [INFO] Using device: cpu
2025-06-22 00:51:36,003 [INFO] 开始创建数据加载器...
2025-06-22 00:51:36,005 [INFO] Successfully loaded dataset ENZYMES from ./data, total graphs: 600
2025-06-22 00:51:36,005 [INFO] Class allocation analysis:
2025-06-22 00:51:36,005 [INFO]   Source classes: [0, 1, 2, 3]
2025-06-22 00:51:36,005 [INFO]   Target classes: [0, 1, 2, 3, 4, 5]
2025-06-22 00:51:36,005 [INFO]   Overlap classes (to be split): [0, 1, 2, 3]
2025-06-22 00:51:36,005 [INFO]   Target novel classes (unknown): [4, 5]
2025-06-22 00:51:36,019 [INFO]   Class 0: 100 total -> Source: 70, Target: 30
2025-06-22 00:51:36,019 [INFO]   Class 1: 100 total -> Source: 70, Target: 30
2025-06-22 00:51:36,020 [INFO]   Class 2: 100 total -> Source: 70, Target: 30
2025-06-22 00:51:36,020 [INFO]   Class 3: 100 total -> Source: 70, Target: 30
2025-06-22 00:51:36,020 [INFO]   Class 4 (novel/unknown): 100 samples -> Target
2025-06-22 00:51:36,020 [INFO]   Class 5 (novel/unknown): 100 samples -> Target
2025-06-22 00:51:36,020 [INFO] Final allocation:
2025-06-22 00:51:36,020 [INFO]   Source domain: 280 samples
2025-06-22 00:51:36,020 [INFO]   Target domain: 320 samples
2025-06-22 00:51:36,021 [INFO] Source domain setup:
2025-06-22 00:51:36,021 [INFO]   Original classes: [0, 1, 2, 3]
2025-06-22 00:51:36,021 [INFO]   Overlap classes used: [0, 1, 2, 3]
2025-06-22 00:51:36,021 [INFO]   Label mapping: {0: 0, 1: 1, 2: 2, 3: 3}
2025-06-22 00:51:36,021 [INFO]   Total data after allocation: 280
2025-06-22 00:51:36,022 [INFO]   Data split - Train: 224, Val: 56
2025-06-22 00:51:36,022 [INFO]   Train label distribution: {0: 56, 1: 56, 3: 56, 2: 56}
2025-06-22 00:51:36,022 [INFO]   Val label distribution: {1: 14, 2: 14, 0: 14, 3: 14}
2025-06-22 00:51:36,023 [INFO] Successfully loaded dataset ENZYMES from ./data, total graphs: 600
2025-06-22 00:51:36,023 [INFO] Class allocation analysis:
2025-06-22 00:51:36,024 [INFO]   Source classes: [0, 1, 2, 3]
2025-06-22 00:51:36,024 [INFO]   Target classes: [0, 1, 2, 3, 4, 5]
2025-06-22 00:51:36,024 [INFO]   Overlap classes (to be split): [0, 1, 2, 3]
2025-06-22 00:51:36,024 [INFO]   Target novel classes (unknown): [4, 5]
2025-06-22 00:51:36,038 [INFO]   Class 0: 100 total -> Source: 70, Target: 30
2025-06-22 00:51:36,038 [INFO]   Class 1: 100 total -> Source: 70, Target: 30
2025-06-22 00:51:36,038 [INFO]   Class 2: 100 total -> Source: 70, Target: 30
2025-06-22 00:51:36,038 [INFO]   Class 3: 100 total -> Source: 70, Target: 30
2025-06-22 00:51:36,038 [INFO]   Class 4 (novel/unknown): 100 samples -> Target
2025-06-22 00:51:36,038 [INFO]   Class 5 (novel/unknown): 100 samples -> Target
2025-06-22 00:51:36,039 [INFO] Final allocation:
2025-06-22 00:51:36,039 [INFO]   Source domain: 280 samples
2025-06-22 00:51:36,039 [INFO]   Target domain: 320 samples
2025-06-22 00:51:36,040 [INFO] Target domain setup:
2025-06-22 00:51:36,040 [INFO]   Original classes: [0, 1, 2, 3, 4, 5]
2025-06-22 00:51:36,040 [INFO]   Overlap classes: [0, 1, 2, 3]
2025-06-22 00:51:36,040 [INFO]   Novel classes: [4, 5] -> mapped to unknown label 4
2025-06-22 00:51:36,040 [INFO]   Label mapping: {0: 0, 1: 1, 2: 2, 3: 3, 4: 4, 5: 4}
2025-06-22 00:51:36,040 [INFO]   Total data after allocation: 320
2025-06-22 00:51:36,040 [INFO]   Data split - Train: 256, Val: 64
2025-06-22 00:51:36,040 [INFO]   Total count: 320 (known: 120, unknown: 200)
2025-06-22 00:51:36,040 [INFO]   Total label distribution: {4: 200, 3: 30, 0: 30, 1: 30, 2: 30}
2025-06-22 00:51:36,040 [INFO]   Train label distribution: {4: 160, 0: 24, 2: 24, 3: 24, 1: 24}
2025-06-22 00:51:36,040 [INFO]   Val label distribution: {1: 6, 4: 40, 3: 6, 0: 6, 2: 6}
2025-06-22 00:51:36,041 [INFO] 数据加载器创建完成!
2025-06-22 00:51:36,041 [INFO] 源域类别数: 4 (重叠类别)
2025-06-22 00:51:36,041 [INFO] 目标域类别数: 5 (4个重叠类别 + 1个未知类别)
2025-06-22 00:51:36,041 [INFO] 重叠类别: [0, 1, 2, 3]
2025-06-22 00:51:36,041 [INFO] 目标域新类别: [4, 5]
2025-06-22 00:51:36,041 [INFO] Data allocation verification:
2025-06-22 00:51:36,041 [INFO]   Source data samples: 280
2025-06-22 00:51:36,041 [INFO]   Target data samples: 320
2025-06-22 00:51:36,041 [INFO]   Overlapping samples: 0
2025-06-22 00:51:36,041 [INFO]   ✓ Data allocation is correct - no overlapping samples
2025-06-22 00:51:36,042 [INFO] Model initialized with 68868 parameters
2025-06-22 00:51:36,042 [INFO] Previous best validation accuracy read from record.txt: 0.6250
2025-06-22 00:51:36,042 [INFO] Starting training...
2025-06-22 00:51:36,059 [INFO] Epoch 001 | Train Loss: 6.9473 | Val Loss: 3.9749 | Val Acc: 0.2500
2025-06-22 00:51:36,503 [INFO] New best model at epoch 1 (Val Acc: 0.2500)
2025-06-22 00:51:36,519 [INFO] Epoch 002 | Train Loss: 4.7929 | Val Loss: 4.0257 | Val Acc: 0.3214
2025-06-22 00:51:36,521 [INFO] New best model at epoch 2 (Val Acc: 0.3214)
2025-06-22 00:51:36,535 [INFO] Epoch 003 | Train Loss: 4.3898 | Val Loss: 1.9062 | Val Acc: 0.3571
2025-06-22 00:51:36,538 [INFO] New best model at epoch 3 (Val Acc: 0.3571)
2025-06-22 00:51:36,552 [INFO] Epoch 004 | Train Loss: 2.7985 | Val Loss: 2.3914 | Val Acc: 0.3214
2025-06-22 00:51:36,572 [INFO] Epoch 005 | Train Loss: 2.9862 | Val Loss: 1.9470 | Val Acc: 0.4464
2025-06-22 00:51:36,574 [INFO] New best model at epoch 5 (Val Acc: 0.4464)
2025-06-22 00:51:36,594 [INFO] Epoch 006 | Train Loss: 2.7391 | Val Loss: 2.0729 | Val Acc: 0.3571
2025-06-22 00:51:36,613 [INFO] Epoch 007 | Train Loss: 3.0497 | Val Loss: 3.0936 | Val Acc: 0.2857
2025-06-22 00:51:36,632 [INFO] Epoch 008 | Train Loss: 2.5559 | Val Loss: 2.4089 | Val Acc: 0.3393
2025-06-22 00:51:36,647 [INFO] Epoch 009 | Train Loss: 3.0428 | Val Loss: 3.2992 | Val Acc: 0.2857
2025-06-22 00:51:36,662 [INFO] Epoch 010 | Train Loss: 2.7420 | Val Loss: 2.0700 | Val Acc: 0.3214
2025-06-22 00:51:37,202 [INFO] Epoch 011 | Train Loss: 2.7838 | Val Loss: 3.0241 | Val Acc: 0.3393
2025-06-22 00:51:37,218 [INFO] Epoch 012 | Train Loss: 2.9482 | Val Loss: 2.4953 | Val Acc: 0.3571
2025-06-22 00:51:37,235 [INFO] Epoch 013 | Train Loss: 3.2672 | Val Loss: 2.5290 | Val Acc: 0.4464
2025-06-22 00:51:37,252 [INFO] Epoch 014 | Train Loss: 3.0322 | Val Loss: 2.5092 | Val Acc: 0.4107
2025-06-22 00:51:37,271 [INFO] Epoch 015 | Train Loss: 2.6057 | Val Loss: 2.6092 | Val Acc: 0.2679
2025-06-22 00:51:37,287 [INFO] Epoch 016 | Train Loss: 2.7579 | Val Loss: 2.8867 | Val Acc: 0.2321
2025-06-22 00:51:37,302 [INFO] Epoch 017 | Train Loss: 2.2818 | Val Loss: 2.6015 | Val Acc: 0.2679
2025-06-22 00:51:37,317 [INFO] Epoch 018 | Train Loss: 2.3273 | Val Loss: 2.2072 | Val Acc: 0.3929
2025-06-22 00:51:37,332 [INFO] Epoch 019 | Train Loss: 2.3081 | Val Loss: 2.2530 | Val Acc: 0.3929
2025-06-22 00:51:37,346 [INFO] Epoch 020 | Train Loss: 2.3793 | Val Loss: 2.1968 | Val Acc: 0.4286
2025-06-22 00:51:37,801 [INFO] Epoch 021 | Train Loss: 2.4712 | Val Loss: 2.2551 | Val Acc: 0.3929
2025-06-22 00:51:37,817 [INFO] Epoch 022 | Train Loss: 2.4108 | Val Loss: 2.6632 | Val Acc: 0.2500
2025-06-22 00:51:37,831 [INFO] Epoch 023 | Train Loss: 2.2932 | Val Loss: 2.1159 | Val Acc: 0.3929
2025-06-22 00:51:37,846 [INFO] Epoch 024 | Train Loss: 2.4829 | Val Loss: 2.2808 | Val Acc: 0.3750
2025-06-22 00:51:37,861 [INFO] Epoch 025 | Train Loss: 2.4856 | Val Loss: 2.5795 | Val Acc: 0.2500
2025-06-22 00:51:37,876 [INFO] Epoch 026 | Train Loss: 2.0989 | Val Loss: 2.6834 | Val Acc: 0.3036
2025-06-22 00:51:37,890 [INFO] Epoch 027 | Train Loss: 2.5682 | Val Loss: 2.2083 | Val Acc: 0.3036
2025-06-22 00:51:37,904 [INFO] Epoch 028 | Train Loss: 2.3688 | Val Loss: 2.5071 | Val Acc: 0.3393
2025-06-22 00:51:37,920 [INFO] Epoch 029 | Train Loss: 2.2760 | Val Loss: 2.1426 | Val Acc: 0.3929
2025-06-22 00:51:37,936 [INFO] Epoch 030 | Train Loss: 2.5079 | Val Loss: 2.3605 | Val Acc: 0.3571
2025-06-22 00:51:38,404 [INFO] Epoch 031 | Train Loss: 2.5301 | Val Loss: 2.4292 | Val Acc: 0.3214
2025-06-22 00:51:38,419 [INFO] Epoch 032 | Train Loss: 2.2765 | Val Loss: 2.1816 | Val Acc: 0.3036
2025-06-22 00:51:38,434 [INFO] Epoch 033 | Train Loss: 2.6823 | Val Loss: 2.9616 | Val Acc: 0.3571
2025-06-22 00:51:38,460 [INFO] Epoch 034 | Train Loss: 2.1337 | Val Loss: 2.2042 | Val Acc: 0.2857
2025-06-22 00:51:38,481 [INFO] Epoch 035 | Train Loss: 2.0534 | Val Loss: 2.3951 | Val Acc: 0.3571
2025-06-22 00:51:38,500 [INFO] Epoch 036 | Train Loss: 2.1179 | Val Loss: 2.0947 | Val Acc: 0.3214
2025-06-22 00:51:38,520 [INFO] Epoch 037 | Train Loss: 2.1983 | Val Loss: 2.7927 | Val Acc: 0.2321
2025-06-22 00:51:38,542 [INFO] Epoch 038 | Train Loss: 1.9942 | Val Loss: 2.3658 | Val Acc: 0.3036
2025-06-22 00:51:38,566 [INFO] Epoch 039 | Train Loss: 2.3214 | Val Loss: 1.8423 | Val Acc: 0.4286
2025-06-22 00:51:38,584 [INFO] Epoch 040 | Train Loss: 2.0702 | Val Loss: 2.1948 | Val Acc: 0.2679
2025-06-22 00:51:39,207 [INFO] Epoch 041 | Train Loss: 1.9626 | Val Loss: 2.1194 | Val Acc: 0.3571
2025-06-22 00:51:39,223 [INFO] Epoch 042 | Train Loss: 2.2244 | Val Loss: 2.5455 | Val Acc: 0.3036
2025-06-22 00:51:39,239 [INFO] Epoch 043 | Train Loss: 1.9137 | Val Loss: 1.9221 | Val Acc: 0.3929
2025-06-22 00:51:39,253 [INFO] Epoch 044 | Train Loss: 1.9011 | Val Loss: 2.0666 | Val Acc: 0.3214
2025-06-22 00:51:39,268 [INFO] Epoch 045 | Train Loss: 2.1040 | Val Loss: 1.8527 | Val Acc: 0.3571
2025-06-22 00:51:39,283 [INFO] Epoch 046 | Train Loss: 1.8747 | Val Loss: 2.1897 | Val Acc: 0.3393
2025-06-22 00:51:39,298 [INFO] Epoch 047 | Train Loss: 2.1184 | Val Loss: 2.0343 | Val Acc: 0.3214
2025-06-22 00:51:39,313 [INFO] Epoch 048 | Train Loss: 1.9280 | Val Loss: 2.4187 | Val Acc: 0.3036
2025-06-22 00:51:39,328 [INFO] Epoch 049 | Train Loss: 2.1178 | Val Loss: 2.2977 | Val Acc: 0.3929
2025-06-22 00:51:39,344 [INFO] Epoch 050 | Train Loss: 2.1297 | Val Loss: 1.9379 | Val Acc: 0.3571
2025-06-22 00:51:39,845 [INFO] Best model saved to <built-in function time>/ENZYMES/best/best_source_gin.pth (Val Acc: 0.4464 at epoch 5)
2025-06-22 00:51:39,845 [INFO] Training/validation metrics saved to <built-in function time>/ENZYMES/GIN_0.001/train_metrics.csv
2025-06-22 00:51:40,336 [INFO] Final training curves saved
2025-06-22 00:51:40,336 [INFO] Training completed!
2025-06-22 00:51:40,336 [INFO] Best validation accuracy: 0.4464
2025-06-22 00:51:40,336 [INFO] Best epoch: 5
2025-06-22 00:51:40,336 [INFO] Total epochs trained: 50
2025-06-22 00:51:40,337 [INFO] Starting training with parameters: (0.001, 0.1, 256, 1, 100, 0.0)
