2025-06-20 18:28:27,592 [INFO] Using device: cpu
2025-06-20 18:28:27,592 [INFO] 开始创建数据加载器...
2025-06-20 18:28:27,594 [INFO] Successfully loaded dataset ENZYMES from ./data, total graphs: 600
2025-06-20 18:28:27,595 [INFO] Class allocation analysis:
2025-06-20 18:28:27,595 [INFO]   Source classes: [0, 1, 2, 3]
2025-06-20 18:28:27,595 [INFO]   Target classes: [0, 1, 2, 3, 4, 5]
2025-06-20 18:28:27,595 [INFO]   Overlap classes (to be split): [0, 1, 2, 3]
2025-06-20 18:28:27,595 [INFO]   Target novel classes (unknown): [4, 5]
2025-06-20 18:28:27,609 [INFO]   Class 0: 100 total -> Source: 70, Target: 30
2025-06-20 18:28:27,609 [INFO]   Class 1: 100 total -> Source: 70, Target: 30
2025-06-20 18:28:27,609 [INFO]   Class 2: 100 total -> Source: 70, Target: 30
2025-06-20 18:28:27,609 [INFO]   Class 3: 100 total -> Source: 70, Target: 30
2025-06-20 18:28:27,609 [INFO]   Class 4 (novel/unknown): 100 samples -> Target
2025-06-20 18:28:27,610 [INFO]   Class 5 (novel/unknown): 100 samples -> Target
2025-06-20 18:28:27,610 [INFO] Final allocation:
2025-06-20 18:28:27,610 [INFO]   Source domain: 280 samples
2025-06-20 18:28:27,610 [INFO]   Target domain: 320 samples
2025-06-20 18:28:27,611 [INFO] Source domain setup:
2025-06-20 18:28:27,611 [INFO]   Original classes: [0, 1, 2, 3]
2025-06-20 18:28:27,611 [INFO]   Overlap classes used: [0, 1, 2, 3]
2025-06-20 18:28:27,611 [INFO]   Label mapping: {0: 0, 1: 1, 2: 2, 3: 3}
2025-06-20 18:28:27,611 [INFO]   Total data after allocation: 280
2025-06-20 18:28:27,611 [INFO]   Data split - Train: 224, Val: 56
2025-06-20 18:28:27,611 [INFO]   Train label distribution: {0: 56, 1: 56, 3: 56, 2: 56}
2025-06-20 18:28:27,611 [INFO]   Val label distribution: {1: 14, 2: 14, 0: 14, 3: 14}
2025-06-20 18:28:27,613 [INFO] Successfully loaded dataset ENZYMES from ./data, total graphs: 600
2025-06-20 18:28:27,613 [INFO] Class allocation analysis:
2025-06-20 18:28:27,613 [INFO]   Source classes: [0, 1, 2, 3]
2025-06-20 18:28:27,613 [INFO]   Target classes: [0, 1, 2, 3, 4, 5]
2025-06-20 18:28:27,613 [INFO]   Overlap classes (to be split): [0, 1, 2, 3]
2025-06-20 18:28:27,613 [INFO]   Target novel classes (unknown): [4, 5]
2025-06-20 18:28:27,627 [INFO]   Class 0: 100 total -> Source: 70, Target: 30
2025-06-20 18:28:27,627 [INFO]   Class 1: 100 total -> Source: 70, Target: 30
2025-06-20 18:28:27,628 [INFO]   Class 2: 100 total -> Source: 70, Target: 30
2025-06-20 18:28:27,628 [INFO]   Class 3: 100 total -> Source: 70, Target: 30
2025-06-20 18:28:27,628 [INFO]   Class 4 (novel/unknown): 100 samples -> Target
2025-06-20 18:28:27,628 [INFO]   Class 5 (novel/unknown): 100 samples -> Target
2025-06-20 18:28:27,628 [INFO] Final allocation:
2025-06-20 18:28:27,628 [INFO]   Source domain: 280 samples
2025-06-20 18:28:27,628 [INFO]   Target domain: 320 samples
2025-06-20 18:28:27,629 [INFO] Target domain setup:
2025-06-20 18:28:27,629 [INFO]   Original classes: [0, 1, 2, 3, 4, 5]
2025-06-20 18:28:27,629 [INFO]   Overlap classes: [0, 1, 2, 3]
2025-06-20 18:28:27,630 [INFO]   Novel classes: [4, 5] -> mapped to unknown label 4
2025-06-20 18:28:27,630 [INFO]   Label mapping: {0: 0, 1: 1, 2: 2, 3: 3, 4: 4, 5: 4}
2025-06-20 18:28:27,630 [INFO]   Total data after allocation: 320
2025-06-20 18:28:27,630 [INFO]   Data split - Train: 256, Val: 64
2025-06-20 18:28:27,630 [INFO]   Total count: 320 (known: 120, unknown: 200)
2025-06-20 18:28:27,630 [INFO]   Total label distribution: {4: 200, 3: 30, 0: 30, 1: 30, 2: 30}
2025-06-20 18:28:27,630 [INFO]   Train label distribution: {4: 160, 0: 24, 2: 24, 3: 24, 1: 24}
2025-06-20 18:28:27,630 [INFO]   Val label distribution: {1: 6, 4: 40, 3: 6, 0: 6, 2: 6}
2025-06-20 18:28:27,630 [INFO] 数据加载器创建完成!
2025-06-20 18:28:27,630 [INFO] 源域类别数: 4 (重叠类别)
2025-06-20 18:28:27,630 [INFO] 目标域类别数: 5 (4个重叠类别 + 1个未知类别)
2025-06-20 18:28:27,630 [INFO] 重叠类别: [0, 1, 2, 3]
2025-06-20 18:28:27,630 [INFO] 目标域新类别: [4, 5]
2025-06-20 18:28:27,630 [INFO] Data allocation verification:
2025-06-20 18:28:27,630 [INFO]   Source data samples: 280
2025-06-20 18:28:27,630 [INFO]   Target data samples: 320
2025-06-20 18:28:27,630 [INFO]   Overlapping samples: 0
2025-06-20 18:28:27,630 [INFO]   ✓ Data allocation is correct - no overlapping samples
2025-06-20 18:28:27,635 [INFO] Model initialized with 1323524 parameters
2025-06-20 18:28:27,635 [INFO] Previous best validation accuracy read from record.txt: 0.6250
2025-06-20 18:28:27,635 [INFO] Starting training...
2025-06-20 18:28:27,736 [INFO] Epoch 001 | Train Loss: 11.5435 | Val Loss: 1.6186 | Val Acc: 0.2500
2025-06-20 18:28:27,873 [INFO] New best model at epoch 1 (Val Acc: 0.2500)
2025-06-20 18:28:27,973 [INFO] Epoch 002 | Train Loss: 5.6354 | Val Loss: 1.9031 | Val Acc: 0.2857
2025-06-20 18:28:27,996 [INFO] New best model at epoch 2 (Val Acc: 0.2857)
2025-06-20 18:28:28,106 [INFO] Epoch 003 | Train Loss: 4.0637 | Val Loss: 2.1037 | Val Acc: 0.2679
2025-06-20 18:28:28,248 [INFO] Epoch 004 | Train Loss: 3.3897 | Val Loss: 2.1509 | Val Acc: 0.2679
2025-06-20 18:28:28,368 [INFO] Epoch 005 | Train Loss: 2.7906 | Val Loss: 2.4692 | Val Acc: 0.3571
2025-06-20 18:28:28,391 [INFO] New best model at epoch 5 (Val Acc: 0.3571)
2025-06-20 18:28:28,492 [INFO] Epoch 006 | Train Loss: 2.7184 | Val Loss: 2.5321 | Val Acc: 0.4107
2025-06-20 18:28:28,515 [INFO] New best model at epoch 6 (Val Acc: 0.4107)
2025-06-20 18:28:28,622 [INFO] Epoch 007 | Train Loss: 2.4894 | Val Loss: 3.0798 | Val Acc: 0.3929
2025-06-20 18:28:28,757 [INFO] Epoch 008 | Train Loss: 2.9603 | Val Loss: 2.7830 | Val Acc: 0.4107
2025-06-20 18:28:28,879 [INFO] Epoch 009 | Train Loss: 2.5162 | Val Loss: 4.2343 | Val Acc: 0.3214
2025-06-20 18:28:29,025 [INFO] Epoch 010 | Train Loss: 2.4429 | Val Loss: 4.6398 | Val Acc: 0.3393
2025-06-20 18:28:29,363 [INFO] Epoch 011 | Train Loss: 2.7047 | Val Loss: 4.6307 | Val Acc: 0.3750
2025-06-20 18:28:29,515 [INFO] Epoch 012 | Train Loss: 2.4140 | Val Loss: 3.8390 | Val Acc: 0.4107
2025-06-20 18:28:29,669 [INFO] Epoch 013 | Train Loss: 2.0874 | Val Loss: 5.2101 | Val Acc: 0.3571
2025-06-20 18:28:29,819 [INFO] Epoch 014 | Train Loss: 2.5901 | Val Loss: 3.5727 | Val Acc: 0.4286
2025-06-20 18:28:29,843 [INFO] New best model at epoch 14 (Val Acc: 0.4286)
2025-06-20 18:28:29,960 [INFO] Epoch 015 | Train Loss: 1.9552 | Val Loss: 3.9114 | Val Acc: 0.3750
2025-06-20 18:28:30,129 [INFO] Epoch 016 | Train Loss: 1.6643 | Val Loss: 4.5006 | Val Acc: 0.3393
2025-06-20 18:28:30,315 [INFO] Epoch 017 | Train Loss: 1.9110 | Val Loss: 4.2852 | Val Acc: 0.3929
2025-06-20 18:28:30,446 [INFO] Epoch 018 | Train Loss: 2.0094 | Val Loss: 3.3284 | Val Acc: 0.4286
2025-06-20 18:28:30,595 [INFO] Epoch 019 | Train Loss: 1.5908 | Val Loss: 3.1376 | Val Acc: 0.4643
2025-06-20 18:28:30,626 [INFO] New best model at epoch 19 (Val Acc: 0.4643)
2025-06-20 18:28:30,789 [INFO] Epoch 020 | Train Loss: 2.1318 | Val Loss: 3.5450 | Val Acc: 0.3929
2025-06-20 18:28:31,098 [INFO] Epoch 021 | Train Loss: 1.5195 | Val Loss: 4.0954 | Val Acc: 0.3929
2025-06-20 18:28:31,273 [INFO] Epoch 022 | Train Loss: 1.5953 | Val Loss: 4.0876 | Val Acc: 0.3571
2025-06-20 18:28:31,419 [INFO] Epoch 023 | Train Loss: 1.4751 | Val Loss: 3.5305 | Val Acc: 0.5179
2025-06-20 18:28:31,443 [INFO] New best model at epoch 23 (Val Acc: 0.5179)
2025-06-20 18:28:31,581 [INFO] Epoch 024 | Train Loss: 1.2940 | Val Loss: 3.4864 | Val Acc: 0.5179
2025-06-20 18:28:31,721 [INFO] Epoch 025 | Train Loss: 1.3063 | Val Loss: 3.6918 | Val Acc: 0.4643
2025-06-20 18:28:31,861 [INFO] Epoch 026 | Train Loss: 1.1000 | Val Loss: 3.9115 | Val Acc: 0.4464
2025-06-20 18:28:32,023 [INFO] Epoch 027 | Train Loss: 1.3256 | Val Loss: 4.9012 | Val Acc: 0.4821
2025-06-20 18:28:32,181 [INFO] Epoch 028 | Train Loss: 1.8569 | Val Loss: 4.4053 | Val Acc: 0.4643
2025-06-20 18:28:32,321 [INFO] Epoch 029 | Train Loss: 1.0788 | Val Loss: 4.1237 | Val Acc: 0.5000
2025-06-20 18:28:32,472 [INFO] Epoch 030 | Train Loss: 1.1727 | Val Loss: 4.4686 | Val Acc: 0.3571
2025-06-20 18:28:32,752 [INFO] Epoch 031 | Train Loss: 1.0072 | Val Loss: 4.0433 | Val Acc: 0.4464
2025-06-20 18:28:32,887 [INFO] Epoch 032 | Train Loss: 1.2968 | Val Loss: 4.1485 | Val Acc: 0.4643
2025-06-20 18:28:33,015 [INFO] Epoch 033 | Train Loss: 1.3608 | Val Loss: 4.9860 | Val Acc: 0.4464
2025-06-20 18:28:33,143 [INFO] Epoch 034 | Train Loss: 1.2884 | Val Loss: 4.5213 | Val Acc: 0.4464
2025-06-20 18:28:33,270 [INFO] Epoch 035 | Train Loss: 1.1981 | Val Loss: 3.7926 | Val Acc: 0.4643
2025-06-20 18:28:33,402 [INFO] Epoch 036 | Train Loss: 1.3962 | Val Loss: 4.4820 | Val Acc: 0.4464
2025-06-20 18:28:33,534 [INFO] Epoch 037 | Train Loss: 1.3509 | Val Loss: 4.4900 | Val Acc: 0.4464
2025-06-20 18:28:33,665 [INFO] Epoch 038 | Train Loss: 0.9591 | Val Loss: 5.2809 | Val Acc: 0.3571
2025-06-20 18:28:33,801 [INFO] Epoch 039 | Train Loss: 1.0384 | Val Loss: 4.4449 | Val Acc: 0.3929
2025-06-20 18:28:33,944 [INFO] Epoch 040 | Train Loss: 1.3586 | Val Loss: 4.1667 | Val Acc: 0.3929
2025-06-20 18:28:34,246 [INFO] Epoch 041 | Train Loss: 1.1002 | Val Loss: 4.0381 | Val Acc: 0.3929
2025-06-20 18:28:34,380 [INFO] Epoch 042 | Train Loss: 0.7880 | Val Loss: 3.9960 | Val Acc: 0.4107
2025-06-20 18:28:34,525 [INFO] Epoch 043 | Train Loss: 0.8063 | Val Loss: 4.2326 | Val Acc: 0.5179
2025-06-20 18:28:34,681 [INFO] Epoch 044 | Train Loss: 0.9154 | Val Loss: 3.6384 | Val Acc: 0.3929
2025-06-20 18:28:34,804 [INFO] Epoch 045 | Train Loss: 0.9489 | Val Loss: 3.8604 | Val Acc: 0.4643
2025-06-20 18:28:34,926 [INFO] Epoch 046 | Train Loss: 0.8299 | Val Loss: 4.1984 | Val Acc: 0.4286
2025-06-20 18:28:35,076 [INFO] Epoch 047 | Train Loss: 1.5617 | Val Loss: 4.8584 | Val Acc: 0.4464
2025-06-20 18:28:35,217 [INFO] Epoch 048 | Train Loss: 1.1802 | Val Loss: 5.0933 | Val Acc: 0.4107
2025-06-20 18:28:35,339 [INFO] Epoch 049 | Train Loss: 0.8560 | Val Loss: 4.3963 | Val Acc: 0.4643
2025-06-20 18:28:35,485 [INFO] Epoch 050 | Train Loss: 0.9647 | Val Loss: 5.0254 | Val Acc: 0.4464
2025-06-20 18:28:35,844 [INFO] Epoch 051 | Train Loss: 0.9483 | Val Loss: 5.1064 | Val Acc: 0.4464
2025-06-20 18:28:35,983 [INFO] Epoch 052 | Train Loss: 0.9803 | Val Loss: 5.2611 | Val Acc: 0.4643
2025-06-20 18:28:36,113 [INFO] Epoch 053 | Train Loss: 0.8902 | Val Loss: 5.0340 | Val Acc: 0.4286
2025-06-20 18:28:36,282 [INFO] Epoch 054 | Train Loss: 0.9595 | Val Loss: 4.8814 | Val Acc: 0.4286
2025-06-20 18:28:36,446 [INFO] Epoch 055 | Train Loss: 0.6603 | Val Loss: 4.8029 | Val Acc: 0.5536
2025-06-20 18:28:36,472 [INFO] New best model at epoch 55 (Val Acc: 0.5536)
2025-06-20 18:28:36,601 [INFO] Epoch 056 | Train Loss: 0.6847 | Val Loss: 5.1399 | Val Acc: 0.4821
2025-06-20 18:28:36,763 [INFO] Epoch 057 | Train Loss: 0.4897 | Val Loss: 4.7894 | Val Acc: 0.4107
2025-06-20 18:28:36,931 [INFO] Epoch 058 | Train Loss: 0.8818 | Val Loss: 5.1109 | Val Acc: 0.4821
2025-06-20 18:28:37,099 [INFO] Epoch 059 | Train Loss: 0.8681 | Val Loss: 4.7204 | Val Acc: 0.5000
2025-06-20 18:28:37,268 [INFO] Epoch 060 | Train Loss: 1.0026 | Val Loss: 4.3764 | Val Acc: 0.4464
2025-06-20 18:28:37,594 [INFO] Epoch 061 | Train Loss: 0.5587 | Val Loss: 4.0727 | Val Acc: 0.4643
2025-06-20 18:28:37,760 [INFO] Epoch 062 | Train Loss: 0.8080 | Val Loss: 4.6573 | Val Acc: 0.4643
2025-06-20 18:28:37,913 [INFO] Epoch 063 | Train Loss: 0.4479 | Val Loss: 4.6852 | Val Acc: 0.4821
2025-06-20 18:28:38,090 [INFO] Epoch 064 | Train Loss: 0.8354 | Val Loss: 4.4214 | Val Acc: 0.4643
2025-06-20 18:28:38,255 [INFO] Epoch 065 | Train Loss: 0.5724 | Val Loss: 4.6204 | Val Acc: 0.4821
2025-06-20 18:28:38,408 [INFO] Epoch 066 | Train Loss: 0.5722 | Val Loss: 4.9718 | Val Acc: 0.4107
2025-06-20 18:28:38,561 [INFO] Epoch 067 | Train Loss: 0.8014 | Val Loss: 4.8608 | Val Acc: 0.4107
2025-06-20 18:28:38,728 [INFO] Epoch 068 | Train Loss: 0.8727 | Val Loss: 4.8040 | Val Acc: 0.4643
2025-06-20 18:28:38,879 [INFO] Epoch 069 | Train Loss: 0.4542 | Val Loss: 4.8312 | Val Acc: 0.4107
2025-06-20 18:28:39,050 [INFO] Epoch 070 | Train Loss: 0.9292 | Val Loss: 5.2214 | Val Acc: 0.4643
2025-06-20 18:28:39,567 [INFO] Epoch 071 | Train Loss: 0.6102 | Val Loss: 4.9783 | Val Acc: 0.3393
2025-06-20 18:28:39,710 [INFO] Epoch 072 | Train Loss: 0.6969 | Val Loss: 4.4641 | Val Acc: 0.3929
2025-06-20 18:28:39,860 [INFO] Epoch 073 | Train Loss: 0.9014 | Val Loss: 5.0546 | Val Acc: 0.4286
2025-06-20 18:28:40,044 [INFO] Epoch 074 | Train Loss: 0.6118 | Val Loss: 4.6084 | Val Acc: 0.5000
2025-06-20 18:28:40,209 [INFO] Epoch 075 | Train Loss: 0.4401 | Val Loss: 4.5272 | Val Acc: 0.4643
2025-06-20 18:28:40,357 [INFO] Epoch 076 | Train Loss: 0.6628 | Val Loss: 4.5261 | Val Acc: 0.4464
2025-06-20 18:28:40,515 [INFO] Epoch 077 | Train Loss: 0.6121 | Val Loss: 5.3555 | Val Acc: 0.3929
2025-06-20 18:28:40,674 [INFO] Epoch 078 | Train Loss: 0.8163 | Val Loss: 5.7709 | Val Acc: 0.4107
2025-06-20 18:28:40,830 [INFO] Epoch 079 | Train Loss: 0.6215 | Val Loss: 5.7781 | Val Acc: 0.3750
2025-06-20 18:28:40,988 [INFO] Epoch 080 | Train Loss: 0.6993 | Val Loss: 5.0552 | Val Acc: 0.4286
2025-06-20 18:28:41,327 [INFO] Epoch 081 | Train Loss: 0.3682 | Val Loss: 5.0873 | Val Acc: 0.3929
2025-06-20 18:28:41,492 [INFO] Epoch 082 | Train Loss: 0.5297 | Val Loss: 5.4923 | Val Acc: 0.4464
2025-06-20 18:28:41,657 [INFO] Epoch 083 | Train Loss: 0.6180 | Val Loss: 5.2902 | Val Acc: 0.4107
2025-06-20 18:28:41,813 [INFO] Epoch 084 | Train Loss: 0.6079 | Val Loss: 4.9926 | Val Acc: 0.4464
2025-06-20 18:28:41,958 [INFO] Epoch 085 | Train Loss: 0.3062 | Val Loss: 4.9720 | Val Acc: 0.4643
2025-06-20 18:28:42,103 [INFO] Epoch 086 | Train Loss: 0.7346 | Val Loss: 5.9398 | Val Acc: 0.4286
2025-06-20 18:28:42,257 [INFO] Epoch 087 | Train Loss: 0.5534 | Val Loss: 6.8677 | Val Acc: 0.4286
2025-06-20 18:28:42,401 [INFO] Epoch 088 | Train Loss: 0.6249 | Val Loss: 7.1841 | Val Acc: 0.3929
2025-06-20 18:28:42,529 [INFO] Epoch 089 | Train Loss: 0.2624 | Val Loss: 6.2788 | Val Acc: 0.3929
2025-06-20 18:28:42,660 [INFO] Epoch 090 | Train Loss: 0.5626 | Val Loss: 5.5966 | Val Acc: 0.3750
2025-06-20 18:28:42,991 [INFO] Epoch 091 | Train Loss: 0.3835 | Val Loss: 5.0500 | Val Acc: 0.4286
2025-06-20 18:28:43,128 [INFO] Epoch 092 | Train Loss: 0.3849 | Val Loss: 5.2821 | Val Acc: 0.3929
2025-06-20 18:28:43,264 [INFO] Epoch 093 | Train Loss: 0.2898 | Val Loss: 4.9744 | Val Acc: 0.3750
2025-06-20 18:28:43,399 [INFO] Epoch 094 | Train Loss: 0.2654 | Val Loss: 5.0624 | Val Acc: 0.4107
2025-06-20 18:28:43,564 [INFO] Epoch 095 | Train Loss: 0.2872 | Val Loss: 4.6741 | Val Acc: 0.4464
2025-06-20 18:28:43,720 [INFO] Epoch 096 | Train Loss: 0.4256 | Val Loss: 4.6964 | Val Acc: 0.5179
2025-06-20 18:28:43,875 [INFO] Epoch 097 | Train Loss: 0.2166 | Val Loss: 5.3583 | Val Acc: 0.4643
2025-06-20 18:28:44,029 [INFO] Epoch 098 | Train Loss: 0.3307 | Val Loss: 6.2107 | Val Acc: 0.3929
2025-06-20 18:28:44,180 [INFO] Epoch 099 | Train Loss: 0.6050 | Val Loss: 5.0341 | Val Acc: 0.4464
2025-06-20 18:28:44,333 [INFO] Epoch 100 | Train Loss: 0.3943 | Val Loss: 4.9507 | Val Acc: 0.4643
2025-06-20 18:28:44,633 [INFO] Epoch 101 | Train Loss: 0.2517 | Val Loss: 5.4434 | Val Acc: 0.4464
2025-06-20 18:28:44,782 [INFO] Epoch 102 | Train Loss: 0.4521 | Val Loss: 5.0534 | Val Acc: 0.5179
2025-06-20 18:28:44,928 [INFO] Epoch 103 | Train Loss: 0.3889 | Val Loss: 5.3087 | Val Acc: 0.5000
2025-06-20 18:28:45,085 [INFO] Epoch 104 | Train Loss: 0.4909 | Val Loss: 5.2390 | Val Acc: 0.5357
2025-06-20 18:28:45,241 [INFO] Epoch 105 | Train Loss: 0.8459 | Val Loss: 5.0761 | Val Acc: 0.4464
2025-06-20 18:28:45,395 [INFO] Epoch 106 | Train Loss: 0.4488 | Val Loss: 5.8310 | Val Acc: 0.4286
2025-06-20 18:28:45,551 [INFO] Epoch 107 | Train Loss: 0.4457 | Val Loss: 5.9824 | Val Acc: 0.4286
2025-06-20 18:28:45,707 [INFO] Epoch 108 | Train Loss: 0.6450 | Val Loss: 5.2546 | Val Acc: 0.4643
2025-06-20 18:28:45,858 [INFO] Epoch 109 | Train Loss: 0.4013 | Val Loss: 5.3599 | Val Acc: 0.5000
2025-06-20 18:28:46,010 [INFO] Epoch 110 | Train Loss: 0.5237 | Val Loss: 5.4667 | Val Acc: 0.4107
2025-06-20 18:28:46,326 [INFO] Epoch 111 | Train Loss: 0.3390 | Val Loss: 5.9971 | Val Acc: 0.4286
2025-06-20 18:28:46,475 [INFO] Epoch 112 | Train Loss: 0.4192 | Val Loss: 7.4980 | Val Acc: 0.3571
2025-06-20 18:28:46,634 [INFO] Epoch 113 | Train Loss: 0.5561 | Val Loss: 5.8912 | Val Acc: 0.5000
2025-06-20 18:28:46,812 [INFO] Epoch 114 | Train Loss: 0.4948 | Val Loss: 5.8175 | Val Acc: 0.4643
2025-06-20 18:28:46,969 [INFO] Epoch 115 | Train Loss: 0.2357 | Val Loss: 5.4503 | Val Acc: 0.3929
2025-06-20 18:28:47,101 [INFO] Epoch 116 | Train Loss: 0.3051 | Val Loss: 5.3272 | Val Acc: 0.4286
2025-06-20 18:28:47,226 [INFO] Epoch 117 | Train Loss: 0.3741 | Val Loss: 5.0651 | Val Acc: 0.4107
2025-06-20 18:28:47,363 [INFO] Epoch 118 | Train Loss: 0.3801 | Val Loss: 5.8481 | Val Acc: 0.4643
2025-06-20 18:28:47,504 [INFO] Epoch 119 | Train Loss: 0.2505 | Val Loss: 6.0231 | Val Acc: 0.4464
2025-06-20 18:28:47,639 [INFO] Epoch 120 | Train Loss: 0.7540 | Val Loss: 5.8921 | Val Acc: 0.4643
2025-06-20 18:28:47,923 [INFO] Epoch 121 | Train Loss: 0.3762 | Val Loss: 6.0780 | Val Acc: 0.4107
2025-06-20 18:28:48,061 [INFO] Epoch 122 | Train Loss: 0.3818 | Val Loss: 5.4539 | Val Acc: 0.4821
2025-06-20 18:28:48,192 [INFO] Epoch 123 | Train Loss: 0.3336 | Val Loss: 5.1194 | Val Acc: 0.5179
2025-06-20 18:28:48,321 [INFO] Epoch 124 | Train Loss: 0.2112 | Val Loss: 5.1911 | Val Acc: 0.5357
2025-06-20 18:28:48,458 [INFO] Epoch 125 | Train Loss: 0.2294 | Val Loss: 5.5055 | Val Acc: 0.5179
2025-06-20 18:28:48,588 [INFO] Epoch 126 | Train Loss: 0.2796 | Val Loss: 6.1128 | Val Acc: 0.4821
2025-06-20 18:28:48,719 [INFO] Epoch 127 | Train Loss: 0.1757 | Val Loss: 6.6977 | Val Acc: 0.4464
2025-06-20 18:28:48,843 [INFO] Epoch 128 | Train Loss: 0.4052 | Val Loss: 7.2713 | Val Acc: 0.3750
2025-06-20 18:28:48,971 [INFO] Epoch 129 | Train Loss: 0.6941 | Val Loss: 6.6719 | Val Acc: 0.4286
2025-06-20 18:28:49,099 [INFO] Epoch 130 | Train Loss: 0.6634 | Val Loss: 6.6918 | Val Acc: 0.4821
2025-06-20 18:28:49,460 [INFO] Epoch 131 | Train Loss: 0.2935 | Val Loss: 6.2725 | Val Acc: 0.4286
2025-06-20 18:28:49,619 [INFO] Epoch 132 | Train Loss: 0.5499 | Val Loss: 5.8180 | Val Acc: 0.4464
2025-06-20 18:28:49,774 [INFO] Epoch 133 | Train Loss: 0.5562 | Val Loss: 5.6372 | Val Acc: 0.4107
2025-06-20 18:28:49,929 [INFO] Epoch 134 | Train Loss: 0.3098 | Val Loss: 5.9581 | Val Acc: 0.4286
2025-06-20 18:28:50,078 [INFO] Epoch 135 | Train Loss: 0.2325 | Val Loss: 6.0720 | Val Acc: 0.4643
2025-06-20 18:28:50,266 [INFO] Epoch 136 | Train Loss: 0.3516 | Val Loss: 5.9802 | Val Acc: 0.4821
2025-06-20 18:28:50,446 [INFO] Epoch 137 | Train Loss: 0.4859 | Val Loss: 6.1476 | Val Acc: 0.3750
2025-06-20 18:28:50,583 [INFO] Epoch 138 | Train Loss: 0.5420 | Val Loss: 6.3807 | Val Acc: 0.3929
2025-06-20 18:28:50,778 [INFO] Epoch 139 | Train Loss: 0.6260 | Val Loss: 5.9771 | Val Acc: 0.3929
2025-06-20 18:28:50,912 [INFO] Epoch 140 | Train Loss: 0.2634 | Val Loss: 6.2441 | Val Acc: 0.3929
2025-06-20 18:28:51,206 [INFO] Epoch 141 | Train Loss: 0.4581 | Val Loss: 5.9980 | Val Acc: 0.4107
2025-06-20 18:28:51,337 [INFO] Epoch 142 | Train Loss: 0.5059 | Val Loss: 6.0478 | Val Acc: 0.4643
2025-06-20 18:28:51,506 [INFO] Epoch 143 | Train Loss: 0.2209 | Val Loss: 6.3117 | Val Acc: 0.4821
2025-06-20 18:28:51,693 [INFO] Epoch 144 | Train Loss: 0.2127 | Val Loss: 5.8217 | Val Acc: 0.4286
2025-06-20 18:28:51,822 [INFO] Epoch 145 | Train Loss: 0.2469 | Val Loss: 5.5335 | Val Acc: 0.4464
2025-06-20 18:28:51,952 [INFO] Epoch 146 | Train Loss: 0.3881 | Val Loss: 5.8340 | Val Acc: 0.3750
2025-06-20 18:28:52,085 [INFO] Epoch 147 | Train Loss: 0.2716 | Val Loss: 5.6584 | Val Acc: 0.4286
2025-06-20 18:28:52,214 [INFO] Epoch 148 | Train Loss: 0.1454 | Val Loss: 5.8684 | Val Acc: 0.4464
2025-06-20 18:28:52,348 [INFO] Epoch 149 | Train Loss: 0.1242 | Val Loss: 6.0583 | Val Acc: 0.5179
2025-06-20 18:28:52,500 [INFO] Epoch 150 | Train Loss: 0.2324 | Val Loss: 6.0034 | Val Acc: 0.5536
2025-06-20 18:28:52,804 [INFO] Epoch 151 | Train Loss: 0.6255 | Val Loss: 6.7888 | Val Acc: 0.4107
2025-06-20 18:28:52,937 [INFO] Epoch 152 | Train Loss: 0.2265 | Val Loss: 7.2646 | Val Acc: 0.3929
2025-06-20 18:28:53,078 [INFO] Epoch 153 | Train Loss: 0.1237 | Val Loss: 6.4493 | Val Acc: 0.4286
2025-06-20 18:28:53,211 [INFO] Epoch 154 | Train Loss: 0.1895 | Val Loss: 6.0032 | Val Acc: 0.4464
2025-06-20 18:28:53,336 [INFO] Epoch 155 | Train Loss: 0.3469 | Val Loss: 5.9089 | Val Acc: 0.4821
2025-06-20 18:28:53,462 [INFO] Epoch 156 | Train Loss: 0.1718 | Val Loss: 5.9105 | Val Acc: 0.4821
2025-06-20 18:28:53,603 [INFO] Epoch 157 | Train Loss: 0.2622 | Val Loss: 5.9884 | Val Acc: 0.4821
2025-06-20 18:28:53,738 [INFO] Epoch 158 | Train Loss: 0.1541 | Val Loss: 6.0933 | Val Acc: 0.5000
2025-06-20 18:28:53,866 [INFO] Epoch 159 | Train Loss: 0.3979 | Val Loss: 6.1729 | Val Acc: 0.4107
2025-06-20 18:28:53,995 [INFO] Epoch 160 | Train Loss: 0.3657 | Val Loss: 7.3980 | Val Acc: 0.3929
2025-06-20 18:28:54,305 [INFO] Epoch 161 | Train Loss: 0.5742 | Val Loss: 8.7747 | Val Acc: 0.4286
2025-06-20 18:28:54,435 [INFO] Epoch 162 | Train Loss: 0.1560 | Val Loss: 8.1026 | Val Acc: 0.4643
2025-06-20 18:28:54,560 [INFO] Epoch 163 | Train Loss: 0.1654 | Val Loss: 6.8992 | Val Acc: 0.4643
2025-06-20 18:28:54,687 [INFO] Epoch 164 | Train Loss: 0.0677 | Val Loss: 6.2843 | Val Acc: 0.4107
2025-06-20 18:28:54,825 [INFO] Epoch 165 | Train Loss: 0.3608 | Val Loss: 5.9932 | Val Acc: 0.4464
2025-06-20 18:28:54,951 [INFO] Epoch 166 | Train Loss: 0.1549 | Val Loss: 6.0137 | Val Acc: 0.4821
2025-06-20 18:28:55,096 [INFO] Epoch 167 | Train Loss: 0.1189 | Val Loss: 7.1295 | Val Acc: 0.4464
2025-06-20 18:28:55,251 [INFO] Epoch 168 | Train Loss: 0.3844 | Val Loss: 7.8650 | Val Acc: 0.4286
2025-06-20 18:28:55,390 [INFO] Epoch 169 | Train Loss: 0.2540 | Val Loss: 7.5644 | Val Acc: 0.3929
2025-06-20 18:28:55,528 [INFO] Epoch 170 | Train Loss: 0.1943 | Val Loss: 7.0714 | Val Acc: 0.4821
2025-06-20 18:28:55,822 [INFO] Epoch 171 | Train Loss: 0.3577 | Val Loss: 6.9052 | Val Acc: 0.4821
2025-06-20 18:28:55,967 [INFO] Epoch 172 | Train Loss: 0.2046 | Val Loss: 7.1832 | Val Acc: 0.5000
2025-06-20 18:28:56,103 [INFO] Epoch 173 | Train Loss: 0.3044 | Val Loss: 6.9367 | Val Acc: 0.3929
2025-06-20 18:28:56,242 [INFO] Epoch 174 | Train Loss: 0.3096 | Val Loss: 7.1740 | Val Acc: 0.4464
2025-06-20 18:28:56,379 [INFO] Epoch 175 | Train Loss: 0.1356 | Val Loss: 6.9493 | Val Acc: 0.4821
2025-06-20 18:28:56,515 [INFO] Epoch 176 | Train Loss: 0.1709 | Val Loss: 6.3295 | Val Acc: 0.4821
2025-06-20 18:28:56,653 [INFO] Epoch 177 | Train Loss: 0.2356 | Val Loss: 6.5547 | Val Acc: 0.4464
2025-06-20 18:28:56,779 [INFO] Epoch 178 | Train Loss: 0.1624 | Val Loss: 7.0883 | Val Acc: 0.3750
2025-06-20 18:28:56,903 [INFO] Epoch 179 | Train Loss: 0.1798 | Val Loss: 7.2745 | Val Acc: 0.3929
2025-06-20 18:28:57,033 [INFO] Epoch 180 | Train Loss: 0.2863 | Val Loss: 7.5704 | Val Acc: 0.4286
2025-06-20 18:28:57,568 [INFO] Epoch 181 | Train Loss: 0.1770 | Val Loss: 7.5373 | Val Acc: 0.4643
2025-06-20 18:28:57,724 [INFO] Epoch 182 | Train Loss: 0.3953 | Val Loss: 7.4061 | Val Acc: 0.4286
2025-06-20 18:28:57,892 [INFO] Epoch 183 | Train Loss: 0.1587 | Val Loss: 7.5185 | Val Acc: 0.4643
2025-06-20 18:28:58,035 [INFO] Epoch 184 | Train Loss: 0.0901 | Val Loss: 7.6401 | Val Acc: 0.4643
2025-06-20 18:28:58,166 [INFO] Epoch 185 | Train Loss: 0.2021 | Val Loss: 7.2334 | Val Acc: 0.5000
2025-06-20 18:28:58,300 [INFO] Epoch 186 | Train Loss: 0.4727 | Val Loss: 6.9827 | Val Acc: 0.5000
2025-06-20 18:28:58,434 [INFO] Epoch 187 | Train Loss: 0.0998 | Val Loss: 6.9523 | Val Acc: 0.4643
2025-06-20 18:28:58,561 [INFO] Epoch 188 | Train Loss: 0.1018 | Val Loss: 6.8423 | Val Acc: 0.4821
2025-06-20 18:28:58,697 [INFO] Epoch 189 | Train Loss: 0.0813 | Val Loss: 6.9250 | Val Acc: 0.4643
2025-06-20 18:28:58,832 [INFO] Epoch 190 | Train Loss: 0.1297 | Val Loss: 6.9798 | Val Acc: 0.4643
2025-06-20 18:28:59,123 [INFO] Epoch 191 | Train Loss: 0.1127 | Val Loss: 7.0924 | Val Acc: 0.4643
2025-06-20 18:28:59,284 [INFO] Epoch 192 | Train Loss: 0.2531 | Val Loss: 7.6419 | Val Acc: 0.4107
2025-06-20 18:28:59,435 [INFO] Epoch 193 | Train Loss: 0.1140 | Val Loss: 8.3554 | Val Acc: 0.4107
2025-06-20 18:28:59,590 [INFO] Epoch 194 | Train Loss: 0.3324 | Val Loss: 7.4085 | Val Acc: 0.3929
2025-06-20 18:28:59,754 [INFO] Epoch 195 | Train Loss: 0.2223 | Val Loss: 7.3048 | Val Acc: 0.4286
2025-06-20 18:28:59,915 [INFO] Epoch 196 | Train Loss: 0.1692 | Val Loss: 7.6512 | Val Acc: 0.4286
2025-06-20 18:29:00,069 [INFO] Epoch 197 | Train Loss: 0.1906 | Val Loss: 7.9701 | Val Acc: 0.4821
2025-06-20 18:29:00,217 [INFO] Epoch 198 | Train Loss: 0.1068 | Val Loss: 7.8900 | Val Acc: 0.4107
2025-06-20 18:29:00,370 [INFO] Epoch 199 | Train Loss: 0.2815 | Val Loss: 8.2576 | Val Acc: 0.4286
2025-06-20 18:29:00,513 [INFO] Epoch 200 | Train Loss: 0.1543 | Val Loss: 8.0635 | Val Acc: 0.4286
2025-06-20 18:29:00,827 [INFO] Epoch 201 | Train Loss: 0.1748 | Val Loss: 7.5101 | Val Acc: 0.4821
2025-06-20 18:29:00,974 [INFO] Epoch 202 | Train Loss: 0.1828 | Val Loss: 7.2177 | Val Acc: 0.4464
2025-06-20 18:29:01,116 [INFO] Epoch 203 | Train Loss: 0.3888 | Val Loss: 7.9462 | Val Acc: 0.3929
2025-06-20 18:29:01,290 [INFO] Epoch 204 | Train Loss: 0.1973 | Val Loss: 8.0846 | Val Acc: 0.3929
2025-06-20 18:29:01,446 [INFO] Epoch 205 | Train Loss: 0.0742 | Val Loss: 6.8837 | Val Acc: 0.4107
2025-06-20 18:29:01,467 [INFO] Early stopping at epoch 205 (no improvement in 150 epochs).
2025-06-20 18:29:01,488 [INFO] Best model saved to <built-in function time>/ENZYMES/best/best_source_gin.pth (Val Acc: 0.5536 at epoch 55)
2025-06-20 18:29:01,489 [INFO] Training/validation metrics saved to <built-in function time>/ENZYMES/GIN_0.0001/train_metrics.csv
2025-06-20 18:29:01,618 [INFO] Final training curves saved
2025-06-20 18:29:01,618 [INFO] Training completed!
2025-06-20 18:29:01,618 [INFO] Best validation accuracy: 0.5536
2025-06-20 18:29:01,618 [INFO] Best epoch: 55
2025-06-20 18:29:01,618 [INFO] Total epochs trained: 205
2025-06-20 18:29:01,620 [INFO] Starting training with parameters: (0.0001, 0.1, 512, 3, 400, 0.001)
