2025-06-22 00:26:40,562 [INFO] Using device: cpu
2025-06-22 00:26:40,562 [INFO] 开始创建数据加载器...
2025-06-22 00:26:40,565 [INFO] Successfully loaded dataset ENZYMES from ./data, total graphs: 600
2025-06-22 00:26:40,565 [INFO] Class allocation analysis:
2025-06-22 00:26:40,565 [INFO]   Source classes: [0, 1, 2, 3]
2025-06-22 00:26:40,565 [INFO]   Target classes: [0, 1, 2, 3, 4, 5]
2025-06-22 00:26:40,565 [INFO]   Overlap classes (to be split): [0, 1, 2, 3]
2025-06-22 00:26:40,565 [INFO]   Target novel classes (unknown): [4, 5]
2025-06-22 00:26:40,579 [INFO]   Class 0: 100 total -> Source: 70, Target: 30
2025-06-22 00:26:40,579 [INFO]   Class 1: 100 total -> Source: 70, Target: 30
2025-06-22 00:26:40,580 [INFO]   Class 2: 100 total -> Source: 70, Target: 30
2025-06-22 00:26:40,580 [INFO]   Class 3: 100 total -> Source: 70, Target: 30
2025-06-22 00:26:40,580 [INFO]   Class 4 (novel/unknown): 100 samples -> Target
2025-06-22 00:26:40,580 [INFO]   Class 5 (novel/unknown): 100 samples -> Target
2025-06-22 00:26:40,580 [INFO] Final allocation:
2025-06-22 00:26:40,580 [INFO]   Source domain: 280 samples
2025-06-22 00:26:40,580 [INFO]   Target domain: 320 samples
2025-06-22 00:26:40,581 [INFO] Source domain setup:
2025-06-22 00:26:40,581 [INFO]   Original classes: [0, 1, 2, 3]
2025-06-22 00:26:40,581 [INFO]   Overlap classes used: [0, 1, 2, 3]
2025-06-22 00:26:40,581 [INFO]   Label mapping: {0: 0, 1: 1, 2: 2, 3: 3}
2025-06-22 00:26:40,581 [INFO]   Total data after allocation: 280
2025-06-22 00:26:40,581 [INFO]   Data split - Train: 224, Val: 56
2025-06-22 00:26:40,581 [INFO]   Train label distribution: {0: 56, 1: 56, 3: 56, 2: 56}
2025-06-22 00:26:40,581 [INFO]   Val label distribution: {1: 14, 2: 14, 0: 14, 3: 14}
2025-06-22 00:26:40,583 [INFO] Successfully loaded dataset ENZYMES from ./data, total graphs: 600
2025-06-22 00:26:40,583 [INFO] Class allocation analysis:
2025-06-22 00:26:40,583 [INFO]   Source classes: [0, 1, 2, 3]
2025-06-22 00:26:40,583 [INFO]   Target classes: [0, 1, 2, 3, 4, 5]
2025-06-22 00:26:40,583 [INFO]   Overlap classes (to be split): [0, 1, 2, 3]
2025-06-22 00:26:40,583 [INFO]   Target novel classes (unknown): [4, 5]
2025-06-22 00:26:40,596 [INFO]   Class 0: 100 total -> Source: 70, Target: 30
2025-06-22 00:26:40,597 [INFO]   Class 1: 100 total -> Source: 70, Target: 30
2025-06-22 00:26:40,597 [INFO]   Class 2: 100 total -> Source: 70, Target: 30
2025-06-22 00:26:40,597 [INFO]   Class 3: 100 total -> Source: 70, Target: 30
2025-06-22 00:26:40,597 [INFO]   Class 4 (novel/unknown): 100 samples -> Target
2025-06-22 00:26:40,597 [INFO]   Class 5 (novel/unknown): 100 samples -> Target
2025-06-22 00:26:40,597 [INFO] Final allocation:
2025-06-22 00:26:40,597 [INFO]   Source domain: 280 samples
2025-06-22 00:26:40,597 [INFO]   Target domain: 320 samples
2025-06-22 00:26:40,599 [INFO] Target domain setup:
2025-06-22 00:26:40,599 [INFO]   Original classes: [0, 1, 2, 3, 4, 5]
2025-06-22 00:26:40,599 [INFO]   Overlap classes: [0, 1, 2, 3]
2025-06-22 00:26:40,599 [INFO]   Novel classes: [4, 5] -> mapped to unknown label 4
2025-06-22 00:26:40,599 [INFO]   Label mapping: {0: 0, 1: 1, 2: 2, 3: 3, 4: 4, 5: 4}
2025-06-22 00:26:40,599 [INFO]   Total data after allocation: 320
2025-06-22 00:26:40,599 [INFO]   Data split - Train: 256, Val: 64
2025-06-22 00:26:40,599 [INFO]   Total count: 320 (known: 120, unknown: 200)
2025-06-22 00:26:40,599 [INFO]   Total label distribution: {4: 200, 3: 30, 0: 30, 1: 30, 2: 30}
2025-06-22 00:26:40,599 [INFO]   Train label distribution: {4: 160, 0: 24, 2: 24, 3: 24, 1: 24}
2025-06-22 00:26:40,599 [INFO]   Val label distribution: {1: 6, 4: 40, 3: 6, 0: 6, 2: 6}
2025-06-22 00:26:40,599 [INFO] 数据加载器创建完成!
2025-06-22 00:26:40,599 [INFO] 源域类别数: 4 (重叠类别)
2025-06-22 00:26:40,600 [INFO] 目标域类别数: 5 (4个重叠类别 + 1个未知类别)
2025-06-22 00:26:40,600 [INFO] 重叠类别: [0, 1, 2, 3]
2025-06-22 00:26:40,600 [INFO] 目标域新类别: [4, 5]
2025-06-22 00:26:40,600 [INFO] Data allocation verification:
2025-06-22 00:26:40,600 [INFO]   Source data samples: 280
2025-06-22 00:26:40,600 [INFO]   Target data samples: 320
2025-06-22 00:26:40,600 [INFO]   Overlapping samples: 0
2025-06-22 00:26:40,600 [INFO]   ✓ Data allocation is correct - no overlapping samples
2025-06-22 00:26:40,601 [INFO] Model initialized with 22084 parameters
2025-06-22 00:26:40,602 [INFO] Previous best validation accuracy read from record.txt: 0.6250
2025-06-22 00:26:40,602 [INFO] Starting training...
2025-06-22 00:26:40,626 [INFO] Epoch 001 | Train Loss: 8.1508 | Val Loss: 1.6626 | Val Acc: 0.3214
2025-06-22 00:26:41,107 [INFO] New best model at epoch 1 (Val Acc: 0.3214)
2025-06-22 00:26:41,130 [INFO] Epoch 002 | Train Loss: 4.5232 | Val Loss: 1.4762 | Val Acc: 0.3036
2025-06-22 00:26:41,156 [INFO] Epoch 003 | Train Loss: 4.6084 | Val Loss: 1.5845 | Val Acc: 0.2857
2025-06-22 00:26:41,178 [INFO] Epoch 004 | Train Loss: 2.6481 | Val Loss: 1.9537 | Val Acc: 0.2857
2025-06-22 00:26:41,200 [INFO] Epoch 005 | Train Loss: 2.8933 | Val Loss: 2.2981 | Val Acc: 0.2500
2025-06-22 00:26:41,222 [INFO] Epoch 006 | Train Loss: 3.0886 | Val Loss: 2.1219 | Val Acc: 0.2857
2025-06-22 00:26:41,245 [INFO] Epoch 007 | Train Loss: 2.8075 | Val Loss: 2.1708 | Val Acc: 0.2857
2025-06-22 00:26:41,268 [INFO] Epoch 008 | Train Loss: 2.6620 | Val Loss: 2.2351 | Val Acc: 0.3571
2025-06-22 00:26:41,271 [INFO] New best model at epoch 8 (Val Acc: 0.3571)
2025-06-22 00:26:41,292 [INFO] Epoch 009 | Train Loss: 2.4131 | Val Loss: 3.0440 | Val Acc: 0.3036
2025-06-22 00:26:41,315 [INFO] Epoch 010 | Train Loss: 2.5365 | Val Loss: 2.5538 | Val Acc: 0.3036
2025-06-22 00:26:41,810 [INFO] Epoch 011 | Train Loss: 2.0756 | Val Loss: 2.3553 | Val Acc: 0.3214
2025-06-22 00:26:41,842 [INFO] Epoch 012 | Train Loss: 2.0607 | Val Loss: 2.2915 | Val Acc: 0.4286
2025-06-22 00:26:41,845 [INFO] New best model at epoch 12 (Val Acc: 0.4286)
2025-06-22 00:26:41,877 [INFO] Epoch 013 | Train Loss: 2.0230 | Val Loss: 2.1441 | Val Acc: 0.4464
2025-06-22 00:26:41,880 [INFO] New best model at epoch 13 (Val Acc: 0.4464)
2025-06-22 00:26:41,910 [INFO] Epoch 014 | Train Loss: 2.1411 | Val Loss: 2.3785 | Val Acc: 0.4286
2025-06-22 00:26:41,940 [INFO] Epoch 015 | Train Loss: 1.9294 | Val Loss: 2.4755 | Val Acc: 0.3036
2025-06-22 00:26:41,970 [INFO] Epoch 016 | Train Loss: 1.7796 | Val Loss: 2.6369 | Val Acc: 0.3571
2025-06-22 00:26:42,003 [INFO] Epoch 017 | Train Loss: 1.7321 | Val Loss: 2.7696 | Val Acc: 0.3571
2025-06-22 00:26:42,033 [INFO] Epoch 018 | Train Loss: 1.8242 | Val Loss: 2.3777 | Val Acc: 0.4107
2025-06-22 00:26:42,055 [INFO] Epoch 019 | Train Loss: 2.1139 | Val Loss: 2.3824 | Val Acc: 0.3750
2025-06-22 00:26:42,078 [INFO] Epoch 020 | Train Loss: 1.3475 | Val Loss: 2.8268 | Val Acc: 0.3571
2025-06-22 00:26:42,506 [INFO] Epoch 021 | Train Loss: 1.5362 | Val Loss: 2.5171 | Val Acc: 0.3750
2025-06-22 00:26:42,529 [INFO] Epoch 022 | Train Loss: 1.4117 | Val Loss: 2.6845 | Val Acc: 0.4107
2025-06-22 00:26:42,553 [INFO] Epoch 023 | Train Loss: 1.3907 | Val Loss: 3.0096 | Val Acc: 0.3214
2025-06-22 00:26:42,615 [INFO] Epoch 024 | Train Loss: 1.4799 | Val Loss: 2.6523 | Val Acc: 0.4286
2025-06-22 00:26:42,649 [INFO] Epoch 025 | Train Loss: 1.3054 | Val Loss: 2.8868 | Val Acc: 0.3393
2025-06-22 00:26:42,675 [INFO] Epoch 026 | Train Loss: 1.4902 | Val Loss: 2.5826 | Val Acc: 0.3750
2025-06-22 00:26:42,700 [INFO] Epoch 027 | Train Loss: 1.4775 | Val Loss: 2.7348 | Val Acc: 0.4643
2025-06-22 00:26:42,703 [INFO] New best model at epoch 27 (Val Acc: 0.4643)
2025-06-22 00:26:42,724 [INFO] Epoch 028 | Train Loss: 1.6263 | Val Loss: 2.8248 | Val Acc: 0.4821
2025-06-22 00:26:42,728 [INFO] New best model at epoch 28 (Val Acc: 0.4821)
2025-06-22 00:26:42,749 [INFO] Epoch 029 | Train Loss: 1.2499 | Val Loss: 3.1090 | Val Acc: 0.3750
2025-06-22 00:26:42,772 [INFO] Epoch 030 | Train Loss: 1.3264 | Val Loss: 3.1457 | Val Acc: 0.3393
2025-06-22 00:26:43,563 [INFO] Epoch 031 | Train Loss: 1.2147 | Val Loss: 2.8295 | Val Acc: 0.4286
2025-06-22 00:26:43,593 [INFO] Epoch 032 | Train Loss: 1.1101 | Val Loss: 3.1128 | Val Acc: 0.4107
2025-06-22 00:26:43,625 [INFO] Epoch 033 | Train Loss: 1.1929 | Val Loss: 2.9918 | Val Acc: 0.4286
2025-06-22 00:26:43,651 [INFO] Epoch 034 | Train Loss: 0.9397 | Val Loss: 2.5213 | Val Acc: 0.4286
2025-06-22 00:26:43,673 [INFO] Epoch 035 | Train Loss: 1.2313 | Val Loss: 2.9860 | Val Acc: 0.4286
2025-06-22 00:26:43,694 [INFO] Epoch 036 | Train Loss: 1.0865 | Val Loss: 2.8270 | Val Acc: 0.4107
2025-06-22 00:26:43,717 [INFO] Epoch 037 | Train Loss: 1.0298 | Val Loss: 2.2922 | Val Acc: 0.4464
2025-06-22 00:26:43,739 [INFO] Epoch 038 | Train Loss: 1.5285 | Val Loss: 2.5745 | Val Acc: 0.4107
2025-06-22 00:26:43,763 [INFO] Epoch 039 | Train Loss: 0.9315 | Val Loss: 2.6526 | Val Acc: 0.3571
2025-06-22 00:26:43,786 [INFO] Epoch 040 | Train Loss: 1.2631 | Val Loss: 2.6941 | Val Acc: 0.4286
2025-06-22 00:26:44,267 [INFO] Epoch 041 | Train Loss: 1.3131 | Val Loss: 2.6983 | Val Acc: 0.3750
2025-06-22 00:26:44,296 [INFO] Epoch 042 | Train Loss: 1.3552 | Val Loss: 2.5267 | Val Acc: 0.4643
2025-06-22 00:26:44,321 [INFO] Epoch 043 | Train Loss: 1.2197 | Val Loss: 2.5666 | Val Acc: 0.4286
2025-06-22 00:26:44,354 [INFO] Epoch 044 | Train Loss: 1.1361 | Val Loss: 2.5876 | Val Acc: 0.4821
2025-06-22 00:26:44,384 [INFO] Epoch 045 | Train Loss: 1.2882 | Val Loss: 2.4783 | Val Acc: 0.4821
2025-06-22 00:26:44,410 [INFO] Epoch 046 | Train Loss: 1.0545 | Val Loss: 2.3275 | Val Acc: 0.4464
2025-06-22 00:26:44,432 [INFO] Epoch 047 | Train Loss: 1.1366 | Val Loss: 2.3721 | Val Acc: 0.4464
2025-06-22 00:26:44,454 [INFO] Epoch 048 | Train Loss: 1.2679 | Val Loss: 2.7268 | Val Acc: 0.4286
2025-06-22 00:26:44,477 [INFO] Epoch 049 | Train Loss: 0.8567 | Val Loss: 2.8714 | Val Acc: 0.3214
2025-06-22 00:26:44,499 [INFO] Epoch 050 | Train Loss: 1.0816 | Val Loss: 2.9251 | Val Acc: 0.2857
2025-06-22 00:26:44,911 [INFO] Epoch 051 | Train Loss: 1.0720 | Val Loss: 2.5012 | Val Acc: 0.3929
2025-06-22 00:26:44,934 [INFO] Epoch 052 | Train Loss: 1.0423 | Val Loss: 2.4758 | Val Acc: 0.4643
2025-06-22 00:26:44,956 [INFO] Epoch 053 | Train Loss: 0.8079 | Val Loss: 2.9437 | Val Acc: 0.3750
2025-06-22 00:26:44,979 [INFO] Epoch 054 | Train Loss: 1.1296 | Val Loss: 3.2279 | Val Acc: 0.3393
2025-06-22 00:26:45,001 [INFO] Epoch 055 | Train Loss: 0.7219 | Val Loss: 2.7037 | Val Acc: 0.3929
2025-06-22 00:26:45,024 [INFO] Epoch 056 | Train Loss: 0.7850 | Val Loss: 2.5705 | Val Acc: 0.4821
2025-06-22 00:26:45,047 [INFO] Epoch 057 | Train Loss: 1.0513 | Val Loss: 2.5696 | Val Acc: 0.4643
2025-06-22 00:26:45,070 [INFO] Epoch 058 | Train Loss: 0.7965 | Val Loss: 2.6983 | Val Acc: 0.4464
2025-06-22 00:26:45,093 [INFO] Epoch 059 | Train Loss: 0.7874 | Val Loss: 2.4948 | Val Acc: 0.5357
2025-06-22 00:26:45,096 [INFO] New best model at epoch 59 (Val Acc: 0.5357)
2025-06-22 00:26:45,116 [INFO] Epoch 060 | Train Loss: 0.9216 | Val Loss: 2.4463 | Val Acc: 0.4464
2025-06-22 00:26:45,557 [INFO] Epoch 061 | Train Loss: 0.9623 | Val Loss: 2.5469 | Val Acc: 0.4107
2025-06-22 00:26:45,580 [INFO] Epoch 062 | Train Loss: 0.7272 | Val Loss: 3.0357 | Val Acc: 0.3929
2025-06-22 00:26:45,603 [INFO] Epoch 063 | Train Loss: 0.7485 | Val Loss: 2.7950 | Val Acc: 0.3393
2025-06-22 00:26:45,625 [INFO] Epoch 064 | Train Loss: 0.8990 | Val Loss: 2.6653 | Val Acc: 0.3750
2025-06-22 00:26:45,648 [INFO] Epoch 065 | Train Loss: 0.6669 | Val Loss: 2.9632 | Val Acc: 0.4464
2025-06-22 00:26:45,674 [INFO] Epoch 066 | Train Loss: 0.5635 | Val Loss: 2.9552 | Val Acc: 0.4107
2025-06-22 00:26:45,696 [INFO] Epoch 067 | Train Loss: 0.7032 | Val Loss: 2.8879 | Val Acc: 0.4464
2025-06-22 00:26:45,719 [INFO] Epoch 068 | Train Loss: 0.6837 | Val Loss: 2.6888 | Val Acc: 0.4464
2025-06-22 00:26:45,751 [INFO] Epoch 069 | Train Loss: 0.5982 | Val Loss: 2.7523 | Val Acc: 0.3571
2025-06-22 00:26:45,773 [INFO] Epoch 070 | Train Loss: 0.7597 | Val Loss: 3.1784 | Val Acc: 0.3393
2025-06-22 00:26:46,232 [INFO] Epoch 071 | Train Loss: 0.7462 | Val Loss: 3.1882 | Val Acc: 0.4464
2025-06-22 00:26:46,254 [INFO] Epoch 072 | Train Loss: 0.7346 | Val Loss: 3.3147 | Val Acc: 0.3571
2025-06-22 00:26:46,276 [INFO] Epoch 073 | Train Loss: 0.6587 | Val Loss: 3.4608 | Val Acc: 0.3036
2025-06-22 00:26:46,298 [INFO] Epoch 074 | Train Loss: 0.7368 | Val Loss: 3.3268 | Val Acc: 0.4107
2025-06-22 00:26:46,320 [INFO] Epoch 075 | Train Loss: 0.6127 | Val Loss: 3.5504 | Val Acc: 0.4286
2025-06-22 00:26:46,342 [INFO] Epoch 076 | Train Loss: 0.5927 | Val Loss: 3.1339 | Val Acc: 0.3929
2025-06-22 00:26:46,364 [INFO] Epoch 077 | Train Loss: 0.9000 | Val Loss: 3.2698 | Val Acc: 0.3750
2025-06-22 00:26:46,387 [INFO] Epoch 078 | Train Loss: 1.0210 | Val Loss: 3.4947 | Val Acc: 0.3929
2025-06-22 00:26:46,410 [INFO] Epoch 079 | Train Loss: 0.7075 | Val Loss: 3.4388 | Val Acc: 0.4286
2025-06-22 00:26:46,438 [INFO] Epoch 080 | Train Loss: 0.8426 | Val Loss: 3.1161 | Val Acc: 0.3393
2025-06-22 00:26:46,862 [INFO] Epoch 081 | Train Loss: 0.5761 | Val Loss: 3.1222 | Val Acc: 0.3750
2025-06-22 00:26:46,884 [INFO] Epoch 082 | Train Loss: 0.6028 | Val Loss: 3.1095 | Val Acc: 0.3750
2025-06-22 00:26:46,947 [INFO] Epoch 083 | Train Loss: 0.6243 | Val Loss: 3.0540 | Val Acc: 0.3571
2025-06-22 00:26:46,971 [INFO] Epoch 084 | Train Loss: 0.7608 | Val Loss: 2.8206 | Val Acc: 0.3393
2025-06-22 00:26:46,994 [INFO] Epoch 085 | Train Loss: 0.7624 | Val Loss: 3.0298 | Val Acc: 0.3750
2025-06-22 00:26:47,017 [INFO] Epoch 086 | Train Loss: 0.5709 | Val Loss: 3.2789 | Val Acc: 0.3929
2025-06-22 00:26:47,039 [INFO] Epoch 087 | Train Loss: 0.5793 | Val Loss: 3.6300 | Val Acc: 0.4107
2025-06-22 00:26:47,061 [INFO] Epoch 088 | Train Loss: 0.6586 | Val Loss: 3.5521 | Val Acc: 0.3571
2025-06-22 00:26:47,084 [INFO] Epoch 089 | Train Loss: 0.5015 | Val Loss: 3.8760 | Val Acc: 0.3571
2025-06-22 00:26:47,107 [INFO] Epoch 090 | Train Loss: 0.5133 | Val Loss: 3.9492 | Val Acc: 0.2679
2025-06-22 00:26:47,522 [INFO] Epoch 091 | Train Loss: 0.5888 | Val Loss: 3.3897 | Val Acc: 0.3750
2025-06-22 00:26:47,544 [INFO] Epoch 092 | Train Loss: 0.5986 | Val Loss: 3.4280 | Val Acc: 0.4643
2025-06-22 00:26:47,566 [INFO] Epoch 093 | Train Loss: 0.5421 | Val Loss: 3.2831 | Val Acc: 0.3929
2025-06-22 00:26:47,588 [INFO] Epoch 094 | Train Loss: 0.4951 | Val Loss: 3.2933 | Val Acc: 0.3571
2025-06-22 00:26:47,610 [INFO] Epoch 095 | Train Loss: 0.5302 | Val Loss: 3.5266 | Val Acc: 0.4107
2025-06-22 00:26:47,638 [INFO] Epoch 096 | Train Loss: 0.4874 | Val Loss: 3.5098 | Val Acc: 0.4464
2025-06-22 00:26:47,664 [INFO] Epoch 097 | Train Loss: 0.4630 | Val Loss: 3.3366 | Val Acc: 0.4286
2025-06-22 00:26:47,691 [INFO] Epoch 098 | Train Loss: 0.5729 | Val Loss: 3.4800 | Val Acc: 0.3214
2025-06-22 00:26:47,713 [INFO] Epoch 099 | Train Loss: 0.5214 | Val Loss: 3.4022 | Val Acc: 0.3929
2025-06-22 00:26:47,735 [INFO] Epoch 100 | Train Loss: 0.4312 | Val Loss: 4.0181 | Val Acc: 0.4107
2025-06-22 00:26:48,140 [INFO] Epoch 101 | Train Loss: 0.5081 | Val Loss: 3.6996 | Val Acc: 0.4107
2025-06-22 00:26:48,163 [INFO] Epoch 102 | Train Loss: 0.4512 | Val Loss: 3.5484 | Val Acc: 0.3571
2025-06-22 00:26:48,185 [INFO] Epoch 103 | Train Loss: 0.5996 | Val Loss: 3.2574 | Val Acc: 0.4286
2025-06-22 00:26:48,207 [INFO] Epoch 104 | Train Loss: 0.4274 | Val Loss: 3.2432 | Val Acc: 0.4643
2025-06-22 00:26:48,229 [INFO] Epoch 105 | Train Loss: 0.4021 | Val Loss: 3.3164 | Val Acc: 0.4286
2025-06-22 00:26:48,251 [INFO] Epoch 106 | Train Loss: 0.5625 | Val Loss: 3.7817 | Val Acc: 0.4286
2025-06-22 00:26:48,274 [INFO] Epoch 107 | Train Loss: 0.3534 | Val Loss: 4.2817 | Val Acc: 0.3929
2025-06-22 00:26:48,296 [INFO] Epoch 108 | Train Loss: 0.5127 | Val Loss: 3.3964 | Val Acc: 0.3571
2025-06-22 00:26:48,319 [INFO] Epoch 109 | Train Loss: 0.5528 | Val Loss: 3.4165 | Val Acc: 0.3750
2025-06-22 00:26:48,341 [INFO] Epoch 110 | Train Loss: 0.4693 | Val Loss: 3.6042 | Val Acc: 0.4286
2025-06-22 00:26:48,764 [INFO] Epoch 111 | Train Loss: 0.3819 | Val Loss: 3.9113 | Val Acc: 0.4107
2025-06-22 00:26:48,787 [INFO] Epoch 112 | Train Loss: 0.4526 | Val Loss: 4.2939 | Val Acc: 0.3750
2025-06-22 00:26:48,809 [INFO] Epoch 113 | Train Loss: 0.4048 | Val Loss: 3.8364 | Val Acc: 0.4107
2025-06-22 00:26:48,832 [INFO] Epoch 114 | Train Loss: 0.3032 | Val Loss: 3.7072 | Val Acc: 0.4107
2025-06-22 00:26:48,854 [INFO] Epoch 115 | Train Loss: 0.4275 | Val Loss: 3.8385 | Val Acc: 0.3929
2025-06-22 00:26:48,876 [INFO] Epoch 116 | Train Loss: 0.4441 | Val Loss: 3.4511 | Val Acc: 0.4643
2025-06-22 00:26:48,900 [INFO] Epoch 117 | Train Loss: 0.3096 | Val Loss: 3.4948 | Val Acc: 0.4107
2025-06-22 00:26:48,923 [INFO] Epoch 118 | Train Loss: 0.3141 | Val Loss: 3.4255 | Val Acc: 0.3750
2025-06-22 00:26:48,952 [INFO] Epoch 119 | Train Loss: 0.3533 | Val Loss: 3.3190 | Val Acc: 0.4464
2025-06-22 00:26:48,974 [INFO] Epoch 120 | Train Loss: 0.3608 | Val Loss: 3.7405 | Val Acc: 0.4107
2025-06-22 00:26:49,436 [INFO] Epoch 121 | Train Loss: 0.5220 | Val Loss: 3.7170 | Val Acc: 0.3929
2025-06-22 00:26:49,458 [INFO] Epoch 122 | Train Loss: 0.3779 | Val Loss: 3.4748 | Val Acc: 0.3750
2025-06-22 00:26:49,481 [INFO] Epoch 123 | Train Loss: 0.3375 | Val Loss: 3.7377 | Val Acc: 0.4107
2025-06-22 00:26:49,503 [INFO] Epoch 124 | Train Loss: 0.3197 | Val Loss: 4.3898 | Val Acc: 0.3929
2025-06-22 00:26:49,525 [INFO] Epoch 125 | Train Loss: 0.4467 | Val Loss: 4.3610 | Val Acc: 0.4107
2025-06-22 00:26:49,547 [INFO] Epoch 126 | Train Loss: 0.3164 | Val Loss: 3.9581 | Val Acc: 0.3929
2025-06-22 00:26:49,574 [INFO] Epoch 127 | Train Loss: 0.2792 | Val Loss: 3.6020 | Val Acc: 0.4643
2025-06-22 00:26:49,601 [INFO] Epoch 128 | Train Loss: 0.4218 | Val Loss: 3.7084 | Val Acc: 0.3571
2025-06-22 00:26:49,655 [INFO] Epoch 129 | Train Loss: 0.3025 | Val Loss: 3.5909 | Val Acc: 0.3929
2025-06-22 00:26:49,678 [INFO] Epoch 130 | Train Loss: 0.3393 | Val Loss: 3.5500 | Val Acc: 0.3929
2025-06-22 00:26:50,232 [INFO] Epoch 131 | Train Loss: 0.2280 | Val Loss: 3.6719 | Val Acc: 0.3750
2025-06-22 00:26:50,256 [INFO] Epoch 132 | Train Loss: 0.2670 | Val Loss: 3.9321 | Val Acc: 0.3393
2025-06-22 00:26:50,278 [INFO] Epoch 133 | Train Loss: 0.2810 | Val Loss: 3.6958 | Val Acc: 0.3750
2025-06-22 00:26:50,301 [INFO] Epoch 134 | Train Loss: 0.2084 | Val Loss: 4.0956 | Val Acc: 0.3571
2025-06-22 00:26:50,323 [INFO] Epoch 135 | Train Loss: 0.2341 | Val Loss: 4.5590 | Val Acc: 0.3929
2025-06-22 00:26:50,344 [INFO] Epoch 136 | Train Loss: 0.1785 | Val Loss: 4.3204 | Val Acc: 0.3214
2025-06-22 00:26:50,367 [INFO] Epoch 137 | Train Loss: 0.1824 | Val Loss: 3.9510 | Val Acc: 0.3750
2025-06-22 00:26:50,389 [INFO] Epoch 138 | Train Loss: 0.2363 | Val Loss: 4.0262 | Val Acc: 0.4107
2025-06-22 00:26:50,411 [INFO] Epoch 139 | Train Loss: 0.2456 | Val Loss: 4.2583 | Val Acc: 0.3929
2025-06-22 00:26:50,433 [INFO] Epoch 140 | Train Loss: 0.2627 | Val Loss: 3.7931 | Val Acc: 0.4107
2025-06-22 00:26:51,240 [INFO] Epoch 141 | Train Loss: 0.2940 | Val Loss: 4.0537 | Val Acc: 0.3393
2025-06-22 00:26:51,265 [INFO] Epoch 142 | Train Loss: 0.2453 | Val Loss: 4.1560 | Val Acc: 0.4107
2025-06-22 00:26:51,289 [INFO] Epoch 143 | Train Loss: 0.2676 | Val Loss: 4.9854 | Val Acc: 0.3750
2025-06-22 00:26:51,312 [INFO] Epoch 144 | Train Loss: 0.4568 | Val Loss: 4.8211 | Val Acc: 0.4107
2025-06-22 00:26:51,334 [INFO] Epoch 145 | Train Loss: 0.4216 | Val Loss: 4.4193 | Val Acc: 0.3929
2025-06-22 00:26:51,356 [INFO] Epoch 146 | Train Loss: 0.2434 | Val Loss: 4.1097 | Val Acc: 0.3929
2025-06-22 00:26:51,379 [INFO] Epoch 147 | Train Loss: 0.2748 | Val Loss: 4.7495 | Val Acc: 0.3929
2025-06-22 00:26:51,402 [INFO] Epoch 148 | Train Loss: 0.3200 | Val Loss: 4.9861 | Val Acc: 0.3571
2025-06-22 00:26:51,425 [INFO] Epoch 149 | Train Loss: 0.3102 | Val Loss: 4.5645 | Val Acc: 0.3036
2025-06-22 00:26:51,448 [INFO] Epoch 150 | Train Loss: 0.5317 | Val Loss: 4.5484 | Val Acc: 0.3393
2025-06-22 00:26:51,915 [INFO] Epoch 151 | Train Loss: 0.4538 | Val Loss: 4.7658 | Val Acc: 0.3214
2025-06-22 00:26:51,942 [INFO] Epoch 152 | Train Loss: 0.3885 | Val Loss: 4.0988 | Val Acc: 0.3929
2025-06-22 00:26:51,967 [INFO] Epoch 153 | Train Loss: 0.2613 | Val Loss: 3.5171 | Val Acc: 0.3571
2025-06-22 00:26:51,989 [INFO] Epoch 154 | Train Loss: 0.4131 | Val Loss: 4.5839 | Val Acc: 0.4107
2025-06-22 00:26:52,011 [INFO] Epoch 155 | Train Loss: 0.2244 | Val Loss: 4.2611 | Val Acc: 0.3750
2025-06-22 00:26:52,033 [INFO] Epoch 156 | Train Loss: 0.2740 | Val Loss: 4.0406 | Val Acc: 0.3214
2025-06-22 00:26:52,055 [INFO] Epoch 157 | Train Loss: 0.2623 | Val Loss: 4.8000 | Val Acc: 0.3571
2025-06-22 00:26:52,079 [INFO] Epoch 158 | Train Loss: 0.2810 | Val Loss: 4.7225 | Val Acc: 0.2857
2025-06-22 00:26:52,104 [INFO] Epoch 159 | Train Loss: 0.3148 | Val Loss: 4.3067 | Val Acc: 0.3571
2025-06-22 00:26:52,128 [INFO] Epoch 160 | Train Loss: 0.2781 | Val Loss: 3.8634 | Val Acc: 0.3929
2025-06-22 00:26:52,576 [INFO] Epoch 161 | Train Loss: 0.2563 | Val Loss: 4.0756 | Val Acc: 0.3929
2025-06-22 00:26:52,598 [INFO] Epoch 162 | Train Loss: 0.3406 | Val Loss: 4.5371 | Val Acc: 0.3571
2025-06-22 00:26:52,621 [INFO] Epoch 163 | Train Loss: 0.4009 | Val Loss: 5.2577 | Val Acc: 0.4107
2025-06-22 00:26:52,642 [INFO] Epoch 164 | Train Loss: 0.5146 | Val Loss: 4.8420 | Val Acc: 0.4107
2025-06-22 00:26:52,664 [INFO] Epoch 165 | Train Loss: 0.3750 | Val Loss: 3.8993 | Val Acc: 0.4464
2025-06-22 00:26:52,687 [INFO] Epoch 166 | Train Loss: 0.4011 | Val Loss: 3.6512 | Val Acc: 0.3214
2025-06-22 00:26:52,709 [INFO] Epoch 167 | Train Loss: 0.2579 | Val Loss: 4.1071 | Val Acc: 0.3750
2025-06-22 00:26:52,731 [INFO] Epoch 168 | Train Loss: 0.3545 | Val Loss: 4.4274 | Val Acc: 0.3929
2025-06-22 00:26:52,755 [INFO] Epoch 169 | Train Loss: 0.2499 | Val Loss: 4.4732 | Val Acc: 0.4286
2025-06-22 00:26:52,781 [INFO] Epoch 170 | Train Loss: 0.2498 | Val Loss: 4.3958 | Val Acc: 0.3750
2025-06-22 00:26:53,189 [INFO] Epoch 171 | Train Loss: 0.2788 | Val Loss: 3.5689 | Val Acc: 0.4107
2025-06-22 00:26:53,211 [INFO] Epoch 172 | Train Loss: 0.1978 | Val Loss: 3.2122 | Val Acc: 0.4464
2025-06-22 00:26:53,232 [INFO] Epoch 173 | Train Loss: 0.2142 | Val Loss: 4.0671 | Val Acc: 0.4464
2025-06-22 00:26:53,254 [INFO] Epoch 174 | Train Loss: 0.2157 | Val Loss: 4.0307 | Val Acc: 0.3929
2025-06-22 00:26:53,276 [INFO] Epoch 175 | Train Loss: 0.3138 | Val Loss: 3.7883 | Val Acc: 0.4286
2025-06-22 00:26:53,300 [INFO] Epoch 176 | Train Loss: 0.2298 | Val Loss: 3.8201 | Val Acc: 0.4286
2025-06-22 00:26:53,328 [INFO] Epoch 177 | Train Loss: 0.2158 | Val Loss: 4.1963 | Val Acc: 0.4286
2025-06-22 00:26:53,350 [INFO] Epoch 178 | Train Loss: 0.2602 | Val Loss: 4.5970 | Val Acc: 0.4643
2025-06-22 00:26:53,372 [INFO] Epoch 179 | Train Loss: 0.2308 | Val Loss: 4.6032 | Val Acc: 0.3929
2025-06-22 00:26:53,394 [INFO] Epoch 180 | Train Loss: 0.2084 | Val Loss: 4.3993 | Val Acc: 0.4464
2025-06-22 00:26:53,925 [INFO] Epoch 181 | Train Loss: 0.2682 | Val Loss: 4.1886 | Val Acc: 0.4464
2025-06-22 00:26:53,947 [INFO] Epoch 182 | Train Loss: 0.2352 | Val Loss: 4.2400 | Val Acc: 0.4286
2025-06-22 00:26:53,969 [INFO] Epoch 183 | Train Loss: 0.1554 | Val Loss: 4.4422 | Val Acc: 0.4286
2025-06-22 00:26:53,990 [INFO] Epoch 184 | Train Loss: 0.1850 | Val Loss: 4.1523 | Val Acc: 0.4107
2025-06-22 00:26:54,012 [INFO] Epoch 185 | Train Loss: 0.1854 | Val Loss: 3.8588 | Val Acc: 0.4464
2025-06-22 00:26:54,034 [INFO] Epoch 186 | Train Loss: 0.1713 | Val Loss: 3.7156 | Val Acc: 0.4464
2025-06-22 00:26:54,057 [INFO] Epoch 187 | Train Loss: 0.2463 | Val Loss: 4.5879 | Val Acc: 0.4286
2025-06-22 00:26:54,079 [INFO] Epoch 188 | Train Loss: 0.2021 | Val Loss: 4.3135 | Val Acc: 0.4643
2025-06-22 00:26:54,101 [INFO] Epoch 189 | Train Loss: 0.3319 | Val Loss: 4.1418 | Val Acc: 0.4107
2025-06-22 00:26:54,123 [INFO] Epoch 190 | Train Loss: 0.2240 | Val Loss: 3.9257 | Val Acc: 0.4286
2025-06-22 00:26:54,580 [INFO] Epoch 191 | Train Loss: 0.1644 | Val Loss: 4.2654 | Val Acc: 0.4286
2025-06-22 00:26:54,612 [INFO] Epoch 192 | Train Loss: 0.2243 | Val Loss: 4.1536 | Val Acc: 0.4643
2025-06-22 00:26:54,642 [INFO] Epoch 193 | Train Loss: 0.2382 | Val Loss: 4.0985 | Val Acc: 0.4821
2025-06-22 00:26:54,671 [INFO] Epoch 194 | Train Loss: 0.2333 | Val Loss: 4.0684 | Val Acc: 0.4107
2025-06-22 00:26:54,696 [INFO] Epoch 195 | Train Loss: 0.2030 | Val Loss: 3.8401 | Val Acc: 0.4107
2025-06-22 00:26:54,720 [INFO] Epoch 196 | Train Loss: 0.2186 | Val Loss: 4.8275 | Val Acc: 0.3929
2025-06-22 00:26:54,741 [INFO] Epoch 197 | Train Loss: 0.2384 | Val Loss: 4.6130 | Val Acc: 0.3929
2025-06-22 00:26:54,764 [INFO] Epoch 198 | Train Loss: 0.1751 | Val Loss: 3.8344 | Val Acc: 0.4107
2025-06-22 00:26:54,788 [INFO] Epoch 199 | Train Loss: 0.1751 | Val Loss: 3.8478 | Val Acc: 0.4107
2025-06-22 00:26:54,810 [INFO] Epoch 200 | Train Loss: 0.2112 | Val Loss: 4.5199 | Val Acc: 0.4107
2025-06-22 00:26:55,246 [INFO] Epoch 201 | Train Loss: 0.1218 | Val Loss: 4.6701 | Val Acc: 0.3929
2025-06-22 00:26:55,269 [INFO] Epoch 202 | Train Loss: 0.2121 | Val Loss: 4.2937 | Val Acc: 0.4643
2025-06-22 00:26:55,291 [INFO] Epoch 203 | Train Loss: 0.1258 | Val Loss: 4.3229 | Val Acc: 0.4107
2025-06-22 00:26:55,313 [INFO] Epoch 204 | Train Loss: 0.1246 | Val Loss: 4.8715 | Val Acc: 0.4286
2025-06-22 00:26:55,335 [INFO] Epoch 205 | Train Loss: 0.1521 | Val Loss: 4.4465 | Val Acc: 0.4643
2025-06-22 00:26:55,357 [INFO] Epoch 206 | Train Loss: 0.3236 | Val Loss: 3.7844 | Val Acc: 0.4643
2025-06-22 00:26:55,379 [INFO] Epoch 207 | Train Loss: 0.1531 | Val Loss: 3.8735 | Val Acc: 0.4464
2025-06-22 00:26:55,427 [INFO] Epoch 208 | Train Loss: 0.2102 | Val Loss: 4.8381 | Val Acc: 0.3929
2025-06-22 00:26:55,449 [INFO] Epoch 209 | Train Loss: 0.2957 | Val Loss: 5.4613 | Val Acc: 0.4286
2025-06-22 00:26:55,451 [INFO] Early stopping at epoch 209 (no improvement in 150 epochs).
2025-06-22 00:26:55,454 [INFO] Best model saved to <built-in function time>/ENZYMES/best/best_source_gin.pth (Val Acc: 0.5357 at epoch 59)
2025-06-22 00:26:55,454 [INFO] Training/validation metrics saved to <built-in function time>/ENZYMES/GIN_0.001/train_metrics.csv
2025-06-22 00:26:55,832 [INFO] Final training curves saved
2025-06-22 00:26:55,832 [INFO] Training completed!
2025-06-22 00:26:55,832 [INFO] Best validation accuracy: 0.5357
2025-06-22 00:26:55,832 [INFO] Best epoch: 59
2025-06-22 00:26:55,832 [INFO] Total epochs trained: 209
2025-06-22 00:26:55,833 [INFO] Starting training with parameters: (0.001, 0.1, 64, 3, 400, 0.001)
