2025-06-20 20:13:52,100 [INFO] Using device: cpu
2025-06-20 20:13:52,100 [INFO] 开始创建数据加载器...
2025-06-20 20:13:52,104 [INFO] Successfully loaded dataset ENZYMES from ./data, total graphs: 600
2025-06-20 20:13:52,104 [INFO] Class allocation analysis:
2025-06-20 20:13:52,104 [INFO]   Source classes: [0, 1, 2, 3]
2025-06-20 20:13:52,104 [INFO]   Target classes: [0, 1, 2, 3, 4, 5]
2025-06-20 20:13:52,104 [INFO]   Overlap classes (to be split): [0, 1, 2, 3]
2025-06-20 20:13:52,104 [INFO]   Target novel classes (unknown): [4, 5]
2025-06-20 20:13:52,212 [INFO]   Class 0: 100 total -> Source: 70, Target: 30
2025-06-20 20:13:52,212 [INFO]   Class 1: 100 total -> Source: 70, Target: 30
2025-06-20 20:13:52,212 [INFO]   Class 2: 100 total -> Source: 70, Target: 30
2025-06-20 20:13:52,212 [INFO]   Class 3: 100 total -> Source: 70, Target: 30
2025-06-20 20:13:52,212 [INFO]   Class 4 (novel/unknown): 100 samples -> Target
2025-06-20 20:13:52,212 [INFO]   Class 5 (novel/unknown): 100 samples -> Target
2025-06-20 20:13:52,212 [INFO] Final allocation:
2025-06-20 20:13:52,212 [INFO]   Source domain: 280 samples
2025-06-20 20:13:52,212 [INFO]   Target domain: 320 samples
2025-06-20 20:13:52,214 [INFO] Source domain setup:
2025-06-20 20:13:52,214 [INFO]   Original classes: [0, 1, 2, 3]
2025-06-20 20:13:52,214 [INFO]   Overlap classes used: [0, 1, 2, 3]
2025-06-20 20:13:52,214 [INFO]   Label mapping: {0: 0, 1: 1, 2: 2, 3: 3}
2025-06-20 20:13:52,214 [INFO]   Total data after allocation: 280
2025-06-20 20:13:52,214 [INFO]   Data split - Train: 224, Val: 56
2025-06-20 20:13:52,214 [INFO]   Train label distribution: {0: 56, 1: 56, 3: 56, 2: 56}
2025-06-20 20:13:52,214 [INFO]   Val label distribution: {1: 14, 2: 14, 0: 14, 3: 14}
2025-06-20 20:13:52,216 [INFO] Successfully loaded dataset ENZYMES from ./data, total graphs: 600
2025-06-20 20:13:52,216 [INFO] Class allocation analysis:
2025-06-20 20:13:52,216 [INFO]   Source classes: [0, 1, 2, 3]
2025-06-20 20:13:52,216 [INFO]   Target classes: [0, 1, 2, 3, 4, 5]
2025-06-20 20:13:52,216 [INFO]   Overlap classes (to be split): [0, 1, 2, 3]
2025-06-20 20:13:52,216 [INFO]   Target novel classes (unknown): [4, 5]
2025-06-20 20:13:52,230 [INFO]   Class 0: 100 total -> Source: 70, Target: 30
2025-06-20 20:13:52,230 [INFO]   Class 1: 100 total -> Source: 70, Target: 30
2025-06-20 20:13:52,230 [INFO]   Class 2: 100 total -> Source: 70, Target: 30
2025-06-20 20:13:52,230 [INFO]   Class 3: 100 total -> Source: 70, Target: 30
2025-06-20 20:13:52,230 [INFO]   Class 4 (novel/unknown): 100 samples -> Target
2025-06-20 20:13:52,230 [INFO]   Class 5 (novel/unknown): 100 samples -> Target
2025-06-20 20:13:52,230 [INFO] Final allocation:
2025-06-20 20:13:52,230 [INFO]   Source domain: 280 samples
2025-06-20 20:13:52,230 [INFO]   Target domain: 320 samples
2025-06-20 20:13:52,232 [INFO] Target domain setup:
2025-06-20 20:13:52,232 [INFO]   Original classes: [0, 1, 2, 3, 4, 5]
2025-06-20 20:13:52,232 [INFO]   Overlap classes: [0, 1, 2, 3]
2025-06-20 20:13:52,232 [INFO]   Novel classes: [4, 5] -> mapped to unknown label 4
2025-06-20 20:13:52,232 [INFO]   Label mapping: {0: 0, 1: 1, 2: 2, 3: 3, 4: 4, 5: 4}
2025-06-20 20:13:52,232 [INFO]   Total data after allocation: 320
2025-06-20 20:13:52,232 [INFO]   Data split - Train: 256, Val: 64
2025-06-20 20:13:52,232 [INFO]   Total count: 320 (known: 120, unknown: 200)
2025-06-20 20:13:52,232 [INFO]   Total label distribution: {4: 200, 3: 30, 0: 30, 1: 30, 2: 30}
2025-06-20 20:13:52,232 [INFO]   Train label distribution: {4: 160, 0: 24, 2: 24, 3: 24, 1: 24}
2025-06-20 20:13:52,232 [INFO]   Val label distribution: {1: 6, 4: 40, 3: 6, 0: 6, 2: 6}
2025-06-20 20:13:52,233 [INFO] 数据加载器创建完成!
2025-06-20 20:13:52,233 [INFO] 源域类别数: 4 (重叠类别)
2025-06-20 20:13:52,233 [INFO] 目标域类别数: 5 (4个重叠类别 + 1个未知类别)
2025-06-20 20:13:52,233 [INFO] 重叠类别: [0, 1, 2, 3]
2025-06-20 20:13:52,233 [INFO] 目标域新类别: [4, 5]
2025-06-20 20:13:52,233 [INFO] Data allocation verification:
2025-06-20 20:13:52,233 [INFO]   Source data samples: 280
2025-06-20 20:13:52,233 [INFO]   Target data samples: 320
2025-06-20 20:13:52,233 [INFO]   Overlapping samples: 0
2025-06-20 20:13:52,233 [INFO]   ✓ Data allocation is correct - no overlapping samples
2025-06-20 20:13:52,234 [INFO] Model initialized with 1444 parameters
2025-06-20 20:13:52,234 [INFO] Previous best validation accuracy read from record.txt: 0.6250
2025-06-20 20:13:52,234 [INFO] Starting training...
2025-06-20 20:13:52,245 [INFO] Epoch 001 | Train Loss: 12.7925 | Val Loss: 7.4808 | Val Acc: 0.2500
2025-06-20 20:13:52,423 [INFO] New best model at epoch 1 (Val Acc: 0.2500)
2025-06-20 20:13:52,436 [INFO] Epoch 002 | Train Loss: 11.5026 | Val Loss: 5.8634 | Val Acc: 0.2679
2025-06-20 20:13:52,437 [INFO] New best model at epoch 2 (Val Acc: 0.2679)
2025-06-20 20:13:52,450 [INFO] Epoch 003 | Train Loss: 10.6334 | Val Loss: 5.4909 | Val Acc: 0.2321
2025-06-20 20:13:52,464 [INFO] Epoch 004 | Train Loss: 10.1041 | Val Loss: 5.3777 | Val Acc: 0.2679
2025-06-20 20:13:52,476 [INFO] Epoch 005 | Train Loss: 10.5866 | Val Loss: 5.5187 | Val Acc: 0.2679
2025-06-20 20:13:52,487 [INFO] Epoch 006 | Train Loss: 9.0363 | Val Loss: 5.7609 | Val Acc: 0.2679
2025-06-20 20:13:52,500 [INFO] Epoch 007 | Train Loss: 9.9238 | Val Loss: 6.0813 | Val Acc: 0.2679
2025-06-20 20:13:52,512 [INFO] Epoch 008 | Train Loss: 9.0849 | Val Loss: 6.2690 | Val Acc: 0.2679
2025-06-20 20:13:52,522 [INFO] Epoch 009 | Train Loss: 8.6543 | Val Loss: 6.3616 | Val Acc: 0.2679
2025-06-20 20:13:52,534 [INFO] Epoch 010 | Train Loss: 7.7610 | Val Loss: 6.2990 | Val Acc: 0.2679
2025-06-20 20:13:52,742 [INFO] Epoch 011 | Train Loss: 8.9847 | Val Loss: 6.2809 | Val Acc: 0.3036
2025-06-20 20:13:52,743 [INFO] New best model at epoch 11 (Val Acc: 0.3036)
2025-06-20 20:13:52,755 [INFO] Epoch 012 | Train Loss: 7.9663 | Val Loss: 6.0407 | Val Acc: 0.2857
2025-06-20 20:13:52,765 [INFO] Epoch 013 | Train Loss: 8.1084 | Val Loss: 5.8882 | Val Acc: 0.3036
2025-06-20 20:13:52,776 [INFO] Epoch 014 | Train Loss: 7.6493 | Val Loss: 5.6693 | Val Acc: 0.3036
2025-06-20 20:13:52,787 [INFO] Epoch 015 | Train Loss: 7.1414 | Val Loss: 5.4302 | Val Acc: 0.3036
2025-06-20 20:13:52,798 [INFO] Epoch 016 | Train Loss: 6.9720 | Val Loss: 5.1882 | Val Acc: 0.2857
2025-06-20 20:13:52,808 [INFO] Epoch 017 | Train Loss: 7.1749 | Val Loss: 4.9826 | Val Acc: 0.2857
2025-06-20 20:13:52,818 [INFO] Epoch 018 | Train Loss: 6.6652 | Val Loss: 4.7283 | Val Acc: 0.3036
2025-06-20 20:13:52,830 [INFO] Epoch 019 | Train Loss: 6.6599 | Val Loss: 4.5390 | Val Acc: 0.2857
2025-06-20 20:13:52,842 [INFO] Epoch 020 | Train Loss: 6.8732 | Val Loss: 4.3805 | Val Acc: 0.2857
2025-06-20 20:13:53,150 [INFO] Epoch 021 | Train Loss: 6.2985 | Val Loss: 4.2206 | Val Acc: 0.2857
2025-06-20 20:13:53,162 [INFO] Epoch 022 | Train Loss: 6.1180 | Val Loss: 4.0875 | Val Acc: 0.2857
2025-06-20 20:13:53,171 [INFO] Epoch 023 | Train Loss: 5.9325 | Val Loss: 3.9342 | Val Acc: 0.2679
2025-06-20 20:13:53,181 [INFO] Epoch 024 | Train Loss: 6.4296 | Val Loss: 3.8346 | Val Acc: 0.2679
2025-06-20 20:13:53,192 [INFO] Epoch 025 | Train Loss: 7.6833 | Val Loss: 3.7583 | Val Acc: 0.2679
2025-06-20 20:13:53,204 [INFO] Epoch 026 | Train Loss: 6.4513 | Val Loss: 3.6266 | Val Acc: 0.2679
2025-06-20 20:13:53,214 [INFO] Epoch 027 | Train Loss: 6.1525 | Val Loss: 3.4892 | Val Acc: 0.2857
2025-06-20 20:13:53,226 [INFO] Epoch 028 | Train Loss: 6.3428 | Val Loss: 3.3643 | Val Acc: 0.2857
2025-06-20 20:13:53,237 [INFO] Epoch 029 | Train Loss: 5.6870 | Val Loss: 3.2790 | Val Acc: 0.2857
2025-06-20 20:13:53,246 [INFO] Epoch 030 | Train Loss: 5.8825 | Val Loss: 3.2191 | Val Acc: 0.2857
2025-06-20 20:13:53,459 [INFO] Epoch 031 | Train Loss: 6.1617 | Val Loss: 3.1162 | Val Acc: 0.2857
2025-06-20 20:13:53,470 [INFO] Epoch 032 | Train Loss: 5.5971 | Val Loss: 3.0182 | Val Acc: 0.3036
2025-06-20 20:13:53,481 [INFO] Epoch 033 | Train Loss: 6.5679 | Val Loss: 2.9334 | Val Acc: 0.3214
2025-06-20 20:13:53,483 [INFO] New best model at epoch 33 (Val Acc: 0.3214)
2025-06-20 20:13:53,493 [INFO] Epoch 034 | Train Loss: 6.0297 | Val Loss: 2.8704 | Val Acc: 0.3214
2025-06-20 20:13:53,502 [INFO] Epoch 035 | Train Loss: 6.1773 | Val Loss: 2.8088 | Val Acc: 0.3036
2025-06-20 20:13:53,513 [INFO] Epoch 036 | Train Loss: 5.2270 | Val Loss: 2.7352 | Val Acc: 0.3214
2025-06-20 20:13:53,523 [INFO] Epoch 037 | Train Loss: 5.8943 | Val Loss: 2.6897 | Val Acc: 0.2857
2025-06-20 20:13:53,533 [INFO] Epoch 038 | Train Loss: 5.9036 | Val Loss: 2.6374 | Val Acc: 0.2679
2025-06-20 20:13:53,544 [INFO] Epoch 039 | Train Loss: 5.1549 | Val Loss: 2.5823 | Val Acc: 0.2857
2025-06-20 20:13:53,554 [INFO] Epoch 040 | Train Loss: 5.1556 | Val Loss: 2.5494 | Val Acc: 0.2857
2025-06-20 20:13:53,859 [INFO] Epoch 041 | Train Loss: 4.1794 | Val Loss: 2.5395 | Val Acc: 0.2679
2025-06-20 20:13:53,869 [INFO] Epoch 042 | Train Loss: 4.7555 | Val Loss: 2.4916 | Val Acc: 0.2679
2025-06-20 20:13:53,879 [INFO] Epoch 043 | Train Loss: 4.8569 | Val Loss: 2.4592 | Val Acc: 0.2679
2025-06-20 20:13:53,891 [INFO] Epoch 044 | Train Loss: 5.0580 | Val Loss: 2.4227 | Val Acc: 0.2679
2025-06-20 20:13:53,901 [INFO] Epoch 045 | Train Loss: 4.7571 | Val Loss: 2.3537 | Val Acc: 0.2857
2025-06-20 20:13:53,912 [INFO] Epoch 046 | Train Loss: 5.3312 | Val Loss: 2.2946 | Val Acc: 0.2857
2025-06-20 20:13:53,923 [INFO] Epoch 047 | Train Loss: 4.8978 | Val Loss: 2.3118 | Val Acc: 0.2500
2025-06-20 20:13:53,934 [INFO] Epoch 048 | Train Loss: 4.5023 | Val Loss: 2.2725 | Val Acc: 0.2500
2025-06-20 20:13:53,944 [INFO] Epoch 049 | Train Loss: 4.8217 | Val Loss: 2.2485 | Val Acc: 0.2321
2025-06-20 20:13:53,955 [INFO] Epoch 050 | Train Loss: 4.9323 | Val Loss: 2.2274 | Val Acc: 0.2321
2025-06-20 20:13:54,266 [INFO] Epoch 051 | Train Loss: 4.8671 | Val Loss: 2.2065 | Val Acc: 0.2500
2025-06-20 20:13:54,276 [INFO] Epoch 052 | Train Loss: 4.0631 | Val Loss: 2.1862 | Val Acc: 0.2679
2025-06-20 20:13:54,287 [INFO] Epoch 053 | Train Loss: 4.8570 | Val Loss: 2.1746 | Val Acc: 0.3036
2025-06-20 20:13:54,297 [INFO] Epoch 054 | Train Loss: 4.6071 | Val Loss: 2.1345 | Val Acc: 0.2500
2025-06-20 20:13:54,307 [INFO] Epoch 055 | Train Loss: 5.1514 | Val Loss: 2.1579 | Val Acc: 0.3036
2025-06-20 20:13:54,318 [INFO] Epoch 056 | Train Loss: 4.4996 | Val Loss: 2.1350 | Val Acc: 0.3036
2025-06-20 20:13:54,328 [INFO] Epoch 057 | Train Loss: 4.8798 | Val Loss: 2.1474 | Val Acc: 0.3393
2025-06-20 20:13:54,330 [INFO] New best model at epoch 57 (Val Acc: 0.3393)
2025-06-20 20:13:54,339 [INFO] Epoch 058 | Train Loss: 4.4502 | Val Loss: 2.1221 | Val Acc: 0.3214
2025-06-20 20:13:54,348 [INFO] Epoch 059 | Train Loss: 4.9482 | Val Loss: 2.0962 | Val Acc: 0.3214
2025-06-20 20:13:54,357 [INFO] Epoch 060 | Train Loss: 4.8953 | Val Loss: 2.1005 | Val Acc: 0.3393
2025-06-20 20:13:54,548 [INFO] Epoch 061 | Train Loss: 4.4199 | Val Loss: 2.0592 | Val Acc: 0.3214
2025-06-20 20:13:54,569 [INFO] Epoch 062 | Train Loss: 4.6663 | Val Loss: 2.0375 | Val Acc: 0.3571
2025-06-20 20:13:54,571 [INFO] New best model at epoch 62 (Val Acc: 0.3571)
2025-06-20 20:13:54,584 [INFO] Epoch 063 | Train Loss: 4.3429 | Val Loss: 2.0161 | Val Acc: 0.3393
2025-06-20 20:13:54,597 [INFO] Epoch 064 | Train Loss: 3.9167 | Val Loss: 2.0292 | Val Acc: 0.3750
2025-06-20 20:13:54,598 [INFO] New best model at epoch 64 (Val Acc: 0.3750)
2025-06-20 20:13:54,607 [INFO] Epoch 065 | Train Loss: 4.4762 | Val Loss: 2.0317 | Val Acc: 0.3571
2025-06-20 20:13:54,618 [INFO] Epoch 066 | Train Loss: 4.8910 | Val Loss: 2.0071 | Val Acc: 0.3571
2025-06-20 20:13:54,629 [INFO] Epoch 067 | Train Loss: 4.9799 | Val Loss: 1.9946 | Val Acc: 0.3750
2025-06-20 20:13:54,640 [INFO] Epoch 068 | Train Loss: 4.2234 | Val Loss: 2.0043 | Val Acc: 0.3750
2025-06-20 20:13:54,651 [INFO] Epoch 069 | Train Loss: 5.1154 | Val Loss: 2.0051 | Val Acc: 0.3750
2025-06-20 20:13:54,662 [INFO] Epoch 070 | Train Loss: 4.5248 | Val Loss: 1.9916 | Val Acc: 0.3929
2025-06-20 20:13:54,841 [INFO] New best model at epoch 70 (Val Acc: 0.3929)
2025-06-20 20:13:54,851 [INFO] Epoch 071 | Train Loss: 3.3079 | Val Loss: 1.9413 | Val Acc: 0.3929
2025-06-20 20:13:54,863 [INFO] Epoch 072 | Train Loss: 4.2312 | Val Loss: 1.9094 | Val Acc: 0.3750
2025-06-20 20:13:54,872 [INFO] Epoch 073 | Train Loss: 4.3333 | Val Loss: 1.9022 | Val Acc: 0.3929
2025-06-20 20:13:54,882 [INFO] Epoch 074 | Train Loss: 4.2430 | Val Loss: 1.8971 | Val Acc: 0.3929
2025-06-20 20:13:54,893 [INFO] Epoch 075 | Train Loss: 4.2944 | Val Loss: 1.8785 | Val Acc: 0.3929
2025-06-20 20:13:54,904 [INFO] Epoch 076 | Train Loss: 4.3164 | Val Loss: 1.8811 | Val Acc: 0.3750
2025-06-20 20:13:54,915 [INFO] Epoch 077 | Train Loss: 4.3295 | Val Loss: 1.8800 | Val Acc: 0.3750
2025-06-20 20:13:54,926 [INFO] Epoch 078 | Train Loss: 3.8833 | Val Loss: 1.8821 | Val Acc: 0.3571
2025-06-20 20:13:54,940 [INFO] Epoch 079 | Train Loss: 3.1967 | Val Loss: 1.9124 | Val Acc: 0.3214
2025-06-20 20:13:54,952 [INFO] Epoch 080 | Train Loss: 3.1770 | Val Loss: 1.8809 | Val Acc: 0.3750
2025-06-20 20:13:55,157 [INFO] Epoch 081 | Train Loss: 4.7189 | Val Loss: 1.8544 | Val Acc: 0.3750
2025-06-20 20:13:55,167 [INFO] Epoch 082 | Train Loss: 4.7137 | Val Loss: 1.8413 | Val Acc: 0.3750
2025-06-20 20:13:55,178 [INFO] Epoch 083 | Train Loss: 3.9312 | Val Loss: 1.8454 | Val Acc: 0.3750
2025-06-20 20:13:55,189 [INFO] Epoch 084 | Train Loss: 3.8112 | Val Loss: 1.8609 | Val Acc: 0.3750
2025-06-20 20:13:55,201 [INFO] Epoch 085 | Train Loss: 4.9757 | Val Loss: 1.8598 | Val Acc: 0.3571
2025-06-20 20:13:55,211 [INFO] Epoch 086 | Train Loss: 4.2210 | Val Loss: 1.8405 | Val Acc: 0.3571
2025-06-20 20:13:55,222 [INFO] Epoch 087 | Train Loss: 3.7787 | Val Loss: 1.8356 | Val Acc: 0.3571
2025-06-20 20:13:55,232 [INFO] Epoch 088 | Train Loss: 3.2487 | Val Loss: 1.8325 | Val Acc: 0.3393
2025-06-20 20:13:55,242 [INFO] Epoch 089 | Train Loss: 3.7909 | Val Loss: 1.8037 | Val Acc: 0.3571
2025-06-20 20:13:55,253 [INFO] Epoch 090 | Train Loss: 3.8301 | Val Loss: 1.7891 | Val Acc: 0.3571
2025-06-20 20:13:55,527 [INFO] Epoch 091 | Train Loss: 3.9457 | Val Loss: 1.8088 | Val Acc: 0.3750
2025-06-20 20:13:55,538 [INFO] Epoch 092 | Train Loss: 3.6144 | Val Loss: 1.8046 | Val Acc: 0.3929
2025-06-20 20:13:55,550 [INFO] Epoch 093 | Train Loss: 4.0956 | Val Loss: 1.7993 | Val Acc: 0.3750
2025-06-20 20:13:55,562 [INFO] Epoch 094 | Train Loss: 4.3841 | Val Loss: 1.7750 | Val Acc: 0.4107
2025-06-20 20:13:55,564 [INFO] New best model at epoch 94 (Val Acc: 0.4107)
2025-06-20 20:13:55,575 [INFO] Epoch 095 | Train Loss: 3.7707 | Val Loss: 1.7549 | Val Acc: 0.4286
2025-06-20 20:13:55,577 [INFO] New best model at epoch 95 (Val Acc: 0.4286)
2025-06-20 20:13:55,589 [INFO] Epoch 096 | Train Loss: 3.5465 | Val Loss: 1.7680 | Val Acc: 0.3929
2025-06-20 20:13:55,599 [INFO] Epoch 097 | Train Loss: 4.0476 | Val Loss: 1.7506 | Val Acc: 0.4286
2025-06-20 20:13:55,609 [INFO] Epoch 098 | Train Loss: 3.3500 | Val Loss: 1.7719 | Val Acc: 0.3929
2025-06-20 20:13:55,620 [INFO] Epoch 099 | Train Loss: 3.7373 | Val Loss: 1.7841 | Val Acc: 0.3571
2025-06-20 20:13:55,630 [INFO] Epoch 100 | Train Loss: 3.5526 | Val Loss: 1.7919 | Val Acc: 0.3393
2025-06-20 20:13:55,831 [INFO] Epoch 101 | Train Loss: 4.0399 | Val Loss: 1.7839 | Val Acc: 0.3393
2025-06-20 20:13:55,842 [INFO] Epoch 102 | Train Loss: 3.3240 | Val Loss: 1.7544 | Val Acc: 0.3571
2025-06-20 20:13:55,852 [INFO] Epoch 103 | Train Loss: 3.6430 | Val Loss: 1.7198 | Val Acc: 0.3750
2025-06-20 20:13:55,862 [INFO] Epoch 104 | Train Loss: 3.8854 | Val Loss: 1.7451 | Val Acc: 0.3214
2025-06-20 20:13:55,872 [INFO] Epoch 105 | Train Loss: 4.0605 | Val Loss: 1.7343 | Val Acc: 0.3393
2025-06-20 20:13:55,882 [INFO] Epoch 106 | Train Loss: 3.6519 | Val Loss: 1.7544 | Val Acc: 0.3393
2025-06-20 20:13:55,894 [INFO] Epoch 107 | Train Loss: 3.5617 | Val Loss: 1.7433 | Val Acc: 0.3393
2025-06-20 20:13:55,903 [INFO] Epoch 108 | Train Loss: 3.8020 | Val Loss: 1.7406 | Val Acc: 0.3393
2025-06-20 20:13:55,913 [INFO] Epoch 109 | Train Loss: 2.9882 | Val Loss: 1.7537 | Val Acc: 0.3393
2025-06-20 20:13:55,923 [INFO] Epoch 110 | Train Loss: 3.6358 | Val Loss: 1.7046 | Val Acc: 0.3393
2025-06-20 20:13:56,120 [INFO] Epoch 111 | Train Loss: 3.5508 | Val Loss: 1.6823 | Val Acc: 0.3571
2025-06-20 20:13:56,132 [INFO] Epoch 112 | Train Loss: 3.6137 | Val Loss: 1.6617 | Val Acc: 0.3750
2025-06-20 20:13:56,142 [INFO] Epoch 113 | Train Loss: 3.4139 | Val Loss: 1.6457 | Val Acc: 0.3929
2025-06-20 20:13:56,151 [INFO] Epoch 114 | Train Loss: 3.4531 | Val Loss: 1.6360 | Val Acc: 0.3929
2025-06-20 20:13:56,160 [INFO] Epoch 115 | Train Loss: 2.7937 | Val Loss: 1.6354 | Val Acc: 0.3929
2025-06-20 20:13:56,170 [INFO] Epoch 116 | Train Loss: 3.7883 | Val Loss: 1.6417 | Val Acc: 0.3929
2025-06-20 20:13:56,180 [INFO] Epoch 117 | Train Loss: 3.4141 | Val Loss: 1.6605 | Val Acc: 0.3571
2025-06-20 20:13:56,191 [INFO] Epoch 118 | Train Loss: 3.5355 | Val Loss: 1.6627 | Val Acc: 0.3571
2025-06-20 20:13:56,200 [INFO] Epoch 119 | Train Loss: 3.3216 | Val Loss: 1.6299 | Val Acc: 0.3571
2025-06-20 20:13:56,209 [INFO] Epoch 120 | Train Loss: 3.9701 | Val Loss: 1.6276 | Val Acc: 0.3571
2025-06-20 20:13:56,396 [INFO] Epoch 121 | Train Loss: 3.4311 | Val Loss: 1.6136 | Val Acc: 0.3571
2025-06-20 20:13:56,410 [INFO] Epoch 122 | Train Loss: 3.1881 | Val Loss: 1.5954 | Val Acc: 0.3571
2025-06-20 20:13:56,422 [INFO] Epoch 123 | Train Loss: 3.9593 | Val Loss: 1.6016 | Val Acc: 0.3750
2025-06-20 20:13:56,434 [INFO] Epoch 124 | Train Loss: 3.9665 | Val Loss: 1.6115 | Val Acc: 0.3393
2025-06-20 20:13:56,446 [INFO] Epoch 125 | Train Loss: 3.4423 | Val Loss: 1.6355 | Val Acc: 0.3393
2025-06-20 20:13:56,459 [INFO] Epoch 126 | Train Loss: 3.7923 | Val Loss: 1.6230 | Val Acc: 0.3393
2025-06-20 20:13:56,473 [INFO] Epoch 127 | Train Loss: 4.0762 | Val Loss: 1.6057 | Val Acc: 0.3571
2025-06-20 20:13:56,486 [INFO] Epoch 128 | Train Loss: 3.9237 | Val Loss: 1.5759 | Val Acc: 0.4107
2025-06-20 20:13:56,498 [INFO] Epoch 129 | Train Loss: 2.9203 | Val Loss: 1.5921 | Val Acc: 0.3929
2025-06-20 20:13:56,514 [INFO] Epoch 130 | Train Loss: 4.1345 | Val Loss: 1.5592 | Val Acc: 0.4286
2025-06-20 20:13:56,711 [INFO] Epoch 131 | Train Loss: 3.6210 | Val Loss: 1.5818 | Val Acc: 0.3929
2025-06-20 20:13:56,724 [INFO] Epoch 132 | Train Loss: 3.1530 | Val Loss: 1.5952 | Val Acc: 0.4107
2025-06-20 20:13:56,736 [INFO] Epoch 133 | Train Loss: 3.2904 | Val Loss: 1.6263 | Val Acc: 0.3571
2025-06-20 20:13:56,747 [INFO] Epoch 134 | Train Loss: 3.2547 | Val Loss: 1.6460 | Val Acc: 0.3571
2025-06-20 20:13:56,758 [INFO] Epoch 135 | Train Loss: 3.3235 | Val Loss: 1.6460 | Val Acc: 0.4107
2025-06-20 20:13:56,769 [INFO] Epoch 136 | Train Loss: 3.6697 | Val Loss: 1.6167 | Val Acc: 0.3750
2025-06-20 20:13:56,781 [INFO] Epoch 137 | Train Loss: 3.0603 | Val Loss: 1.5984 | Val Acc: 0.3750
2025-06-20 20:13:56,792 [INFO] Epoch 138 | Train Loss: 3.3884 | Val Loss: 1.5720 | Val Acc: 0.4286
2025-06-20 20:13:56,805 [INFO] Epoch 139 | Train Loss: 2.7885 | Val Loss: 1.5952 | Val Acc: 0.4286
2025-06-20 20:13:56,817 [INFO] Epoch 140 | Train Loss: 3.3783 | Val Loss: 1.6039 | Val Acc: 0.3750
2025-06-20 20:13:57,011 [INFO] Epoch 141 | Train Loss: 3.4955 | Val Loss: 1.6252 | Val Acc: 0.3750
2025-06-20 20:13:57,023 [INFO] Epoch 142 | Train Loss: 3.3499 | Val Loss: 1.6267 | Val Acc: 0.3214
2025-06-20 20:13:57,033 [INFO] Epoch 143 | Train Loss: 3.5509 | Val Loss: 1.6120 | Val Acc: 0.3571
2025-06-20 20:13:57,044 [INFO] Epoch 144 | Train Loss: 2.8720 | Val Loss: 1.5773 | Val Acc: 0.3750
2025-06-20 20:13:57,054 [INFO] Epoch 145 | Train Loss: 3.0670 | Val Loss: 1.5651 | Val Acc: 0.3929
2025-06-20 20:13:57,064 [INFO] Epoch 146 | Train Loss: 3.0748 | Val Loss: 1.5710 | Val Acc: 0.4286
2025-06-20 20:13:57,074 [INFO] Epoch 147 | Train Loss: 3.2798 | Val Loss: 1.5834 | Val Acc: 0.4107
2025-06-20 20:13:57,085 [INFO] Epoch 148 | Train Loss: 3.0514 | Val Loss: 1.5755 | Val Acc: 0.4107
2025-06-20 20:13:57,095 [INFO] Epoch 149 | Train Loss: 3.1827 | Val Loss: 1.5525 | Val Acc: 0.4107
2025-06-20 20:13:57,107 [INFO] Epoch 150 | Train Loss: 2.8065 | Val Loss: 1.5395 | Val Acc: 0.4464
2025-06-20 20:13:57,280 [INFO] New best model at epoch 150 (Val Acc: 0.4464)
2025-06-20 20:13:57,295 [INFO] Epoch 151 | Train Loss: 3.6097 | Val Loss: 1.5274 | Val Acc: 0.4464
2025-06-20 20:13:57,324 [INFO] Epoch 152 | Train Loss: 3.5142 | Val Loss: 1.5248 | Val Acc: 0.4286
2025-06-20 20:13:57,337 [INFO] Epoch 153 | Train Loss: 3.5158 | Val Loss: 1.5265 | Val Acc: 0.3750
2025-06-20 20:13:57,351 [INFO] Epoch 154 | Train Loss: 3.2798 | Val Loss: 1.5318 | Val Acc: 0.3929
2025-06-20 20:13:57,365 [INFO] Epoch 155 | Train Loss: 3.2475 | Val Loss: 1.5008 | Val Acc: 0.3929
2025-06-20 20:13:57,380 [INFO] Epoch 156 | Train Loss: 2.7213 | Val Loss: 1.4828 | Val Acc: 0.3929
2025-06-20 20:13:57,393 [INFO] Epoch 157 | Train Loss: 3.1207 | Val Loss: 1.4942 | Val Acc: 0.3929
2025-06-20 20:13:57,407 [INFO] Epoch 158 | Train Loss: 3.0020 | Val Loss: 1.5120 | Val Acc: 0.3750
2025-06-20 20:13:57,422 [INFO] Epoch 159 | Train Loss: 2.9887 | Val Loss: 1.4933 | Val Acc: 0.3750
2025-06-20 20:13:57,436 [INFO] Epoch 160 | Train Loss: 3.2050 | Val Loss: 1.5089 | Val Acc: 0.3750
2025-06-20 20:13:57,732 [INFO] Epoch 161 | Train Loss: 3.2799 | Val Loss: 1.5302 | Val Acc: 0.3393
2025-06-20 20:13:57,744 [INFO] Epoch 162 | Train Loss: 3.0943 | Val Loss: 1.5390 | Val Acc: 0.3750
2025-06-20 20:13:57,756 [INFO] Epoch 163 | Train Loss: 3.1757 | Val Loss: 1.5311 | Val Acc: 0.3571
2025-06-20 20:13:57,767 [INFO] Epoch 164 | Train Loss: 3.3000 | Val Loss: 1.5357 | Val Acc: 0.3571
2025-06-20 20:13:57,778 [INFO] Epoch 165 | Train Loss: 2.8477 | Val Loss: 1.5457 | Val Acc: 0.3750
2025-06-20 20:13:57,789 [INFO] Epoch 166 | Train Loss: 2.7977 | Val Loss: 1.5353 | Val Acc: 0.3750
2025-06-20 20:13:57,801 [INFO] Epoch 167 | Train Loss: 3.6418 | Val Loss: 1.4903 | Val Acc: 0.3750
2025-06-20 20:13:57,812 [INFO] Epoch 168 | Train Loss: 2.5898 | Val Loss: 1.5031 | Val Acc: 0.3750
2025-06-20 20:13:57,824 [INFO] Epoch 169 | Train Loss: 3.2219 | Val Loss: 1.5053 | Val Acc: 0.3750
2025-06-20 20:13:57,837 [INFO] Epoch 170 | Train Loss: 2.8457 | Val Loss: 1.4967 | Val Acc: 0.3750
2025-06-20 20:13:58,070 [INFO] Epoch 171 | Train Loss: 3.0310 | Val Loss: 1.5025 | Val Acc: 0.4107
2025-06-20 20:13:58,080 [INFO] Epoch 172 | Train Loss: 3.1895 | Val Loss: 1.4898 | Val Acc: 0.4107
2025-06-20 20:13:58,090 [INFO] Epoch 173 | Train Loss: 2.9192 | Val Loss: 1.5324 | Val Acc: 0.3750
2025-06-20 20:13:58,101 [INFO] Epoch 174 | Train Loss: 3.2044 | Val Loss: 1.5226 | Val Acc: 0.3929
2025-06-20 20:13:58,111 [INFO] Epoch 175 | Train Loss: 2.9038 | Val Loss: 1.5036 | Val Acc: 0.3750
2025-06-20 20:13:58,121 [INFO] Epoch 176 | Train Loss: 3.0203 | Val Loss: 1.5008 | Val Acc: 0.3571
2025-06-20 20:13:58,130 [INFO] Epoch 177 | Train Loss: 2.9610 | Val Loss: 1.5234 | Val Acc: 0.3571
2025-06-20 20:13:58,139 [INFO] Epoch 178 | Train Loss: 3.2185 | Val Loss: 1.5309 | Val Acc: 0.3571
2025-06-20 20:13:58,149 [INFO] Epoch 179 | Train Loss: 2.6753 | Val Loss: 1.5410 | Val Acc: 0.3750
2025-06-20 20:13:58,159 [INFO] Epoch 180 | Train Loss: 3.4153 | Val Loss: 1.5426 | Val Acc: 0.3571
2025-06-20 20:13:58,337 [INFO] Epoch 181 | Train Loss: 2.5798 | Val Loss: 1.5491 | Val Acc: 0.3571
2025-06-20 20:13:58,348 [INFO] Epoch 182 | Train Loss: 3.1568 | Val Loss: 1.5514 | Val Acc: 0.3571
2025-06-20 20:13:58,359 [INFO] Epoch 183 | Train Loss: 2.5470 | Val Loss: 1.5446 | Val Acc: 0.3571
2025-06-20 20:13:58,370 [INFO] Epoch 184 | Train Loss: 3.2665 | Val Loss: 1.5483 | Val Acc: 0.3393
2025-06-20 20:13:58,379 [INFO] Epoch 185 | Train Loss: 2.8626 | Val Loss: 1.5190 | Val Acc: 0.3571
2025-06-20 20:13:58,389 [INFO] Epoch 186 | Train Loss: 2.8247 | Val Loss: 1.5505 | Val Acc: 0.3571
2025-06-20 20:13:58,398 [INFO] Epoch 187 | Train Loss: 2.7399 | Val Loss: 1.5257 | Val Acc: 0.3750
2025-06-20 20:13:58,410 [INFO] Epoch 188 | Train Loss: 2.8843 | Val Loss: 1.5093 | Val Acc: 0.3750
2025-06-20 20:13:58,420 [INFO] Epoch 189 | Train Loss: 2.8596 | Val Loss: 1.5209 | Val Acc: 0.3571
2025-06-20 20:13:58,431 [INFO] Epoch 190 | Train Loss: 2.8154 | Val Loss: 1.5144 | Val Acc: 0.3571
2025-06-20 20:13:58,667 [INFO] Epoch 191 | Train Loss: 2.7481 | Val Loss: 1.5378 | Val Acc: 0.3393
2025-06-20 20:13:58,677 [INFO] Epoch 192 | Train Loss: 2.7941 | Val Loss: 1.5662 | Val Acc: 0.3571
2025-06-20 20:13:58,687 [INFO] Epoch 193 | Train Loss: 2.8209 | Val Loss: 1.5766 | Val Acc: 0.3571
2025-06-20 20:13:58,697 [INFO] Epoch 194 | Train Loss: 2.9371 | Val Loss: 1.5816 | Val Acc: 0.3571
2025-06-20 20:13:58,707 [INFO] Epoch 195 | Train Loss: 2.9750 | Val Loss: 1.6044 | Val Acc: 0.3571
2025-06-20 20:13:58,721 [INFO] Epoch 196 | Train Loss: 3.1191 | Val Loss: 1.5925 | Val Acc: 0.3750
2025-06-20 20:13:58,730 [INFO] Epoch 197 | Train Loss: 2.4770 | Val Loss: 1.6159 | Val Acc: 0.3571
2025-06-20 20:13:58,740 [INFO] Epoch 198 | Train Loss: 3.2488 | Val Loss: 1.5661 | Val Acc: 0.3750
2025-06-20 20:13:58,749 [INFO] Epoch 199 | Train Loss: 2.4120 | Val Loss: 1.5500 | Val Acc: 0.3929
2025-06-20 20:13:58,759 [INFO] Epoch 200 | Train Loss: 3.0127 | Val Loss: 1.5312 | Val Acc: 0.3929
2025-06-20 20:13:59,035 [INFO] Epoch 201 | Train Loss: 2.4662 | Val Loss: 1.5135 | Val Acc: 0.3929
2025-06-20 20:13:59,046 [INFO] Epoch 202 | Train Loss: 2.8080 | Val Loss: 1.5183 | Val Acc: 0.3929
2025-06-20 20:13:59,057 [INFO] Epoch 203 | Train Loss: 2.6955 | Val Loss: 1.5750 | Val Acc: 0.3571
2025-06-20 20:13:59,067 [INFO] Epoch 204 | Train Loss: 2.8114 | Val Loss: 1.5969 | Val Acc: 0.3750
2025-06-20 20:13:59,077 [INFO] Epoch 205 | Train Loss: 2.4610 | Val Loss: 1.6275 | Val Acc: 0.3750
2025-06-20 20:13:59,087 [INFO] Epoch 206 | Train Loss: 3.0835 | Val Loss: 1.6204 | Val Acc: 0.3571
2025-06-20 20:13:59,098 [INFO] Epoch 207 | Train Loss: 2.7084 | Val Loss: 1.5803 | Val Acc: 0.3750
2025-06-20 20:13:59,109 [INFO] Epoch 208 | Train Loss: 2.7409 | Val Loss: 1.5927 | Val Acc: 0.3571
2025-06-20 20:13:59,121 [INFO] Epoch 209 | Train Loss: 3.0662 | Val Loss: 1.5743 | Val Acc: 0.3750
2025-06-20 20:13:59,132 [INFO] Epoch 210 | Train Loss: 2.7024 | Val Loss: 1.5735 | Val Acc: 0.3571
2025-06-20 20:13:59,303 [INFO] Epoch 211 | Train Loss: 2.5295 | Val Loss: 1.5468 | Val Acc: 0.3571
2025-06-20 20:13:59,314 [INFO] Epoch 212 | Train Loss: 2.8874 | Val Loss: 1.5262 | Val Acc: 0.3571
2025-06-20 20:13:59,328 [INFO] Epoch 213 | Train Loss: 3.1612 | Val Loss: 1.5188 | Val Acc: 0.3571
2025-06-20 20:13:59,338 [INFO] Epoch 214 | Train Loss: 2.7545 | Val Loss: 1.5164 | Val Acc: 0.3571
2025-06-20 20:13:59,347 [INFO] Epoch 215 | Train Loss: 2.6004 | Val Loss: 1.5263 | Val Acc: 0.3750
2025-06-20 20:13:59,357 [INFO] Epoch 216 | Train Loss: 2.9462 | Val Loss: 1.5753 | Val Acc: 0.3750
2025-06-20 20:13:59,367 [INFO] Epoch 217 | Train Loss: 2.4337 | Val Loss: 1.5563 | Val Acc: 0.3750
2025-06-20 20:13:59,378 [INFO] Epoch 218 | Train Loss: 2.7737 | Val Loss: 1.6138 | Val Acc: 0.3750
2025-06-20 20:13:59,388 [INFO] Epoch 219 | Train Loss: 2.9329 | Val Loss: 1.6019 | Val Acc: 0.3750
2025-06-20 20:13:59,398 [INFO] Epoch 220 | Train Loss: 2.5864 | Val Loss: 1.5711 | Val Acc: 0.3929
2025-06-20 20:13:59,572 [INFO] Epoch 221 | Train Loss: 2.7892 | Val Loss: 1.5622 | Val Acc: 0.3929
2025-06-20 20:13:59,582 [INFO] Epoch 222 | Train Loss: 2.7889 | Val Loss: 1.5491 | Val Acc: 0.3929
2025-06-20 20:13:59,594 [INFO] Epoch 223 | Train Loss: 2.8068 | Val Loss: 1.5320 | Val Acc: 0.3929
2025-06-20 20:13:59,605 [INFO] Epoch 224 | Train Loss: 2.8702 | Val Loss: 1.5265 | Val Acc: 0.3929
2025-06-20 20:13:59,614 [INFO] Epoch 225 | Train Loss: 2.6029 | Val Loss: 1.5315 | Val Acc: 0.3929
2025-06-20 20:13:59,625 [INFO] Epoch 226 | Train Loss: 2.6471 | Val Loss: 1.5802 | Val Acc: 0.4107
2025-06-20 20:13:59,636 [INFO] Epoch 227 | Train Loss: 2.5688 | Val Loss: 1.5472 | Val Acc: 0.3929
2025-06-20 20:13:59,647 [INFO] Epoch 228 | Train Loss: 2.6889 | Val Loss: 1.4874 | Val Acc: 0.3750
2025-06-20 20:13:59,657 [INFO] Epoch 229 | Train Loss: 2.5019 | Val Loss: 1.5096 | Val Acc: 0.3929
2025-06-20 20:13:59,667 [INFO] Epoch 230 | Train Loss: 2.4138 | Val Loss: 1.5145 | Val Acc: 0.4107
2025-06-20 20:13:59,842 [INFO] Epoch 231 | Train Loss: 2.8985 | Val Loss: 1.4668 | Val Acc: 0.3750
2025-06-20 20:13:59,853 [INFO] Epoch 232 | Train Loss: 2.3236 | Val Loss: 1.4847 | Val Acc: 0.3750
2025-06-20 20:13:59,863 [INFO] Epoch 233 | Train Loss: 2.7530 | Val Loss: 1.4827 | Val Acc: 0.3750
2025-06-20 20:13:59,873 [INFO] Epoch 234 | Train Loss: 2.6020 | Val Loss: 1.4726 | Val Acc: 0.3750
2025-06-20 20:13:59,884 [INFO] Epoch 235 | Train Loss: 2.2761 | Val Loss: 1.5153 | Val Acc: 0.3750
2025-06-20 20:13:59,893 [INFO] Epoch 236 | Train Loss: 2.4970 | Val Loss: 1.5155 | Val Acc: 0.3929
2025-06-20 20:13:59,903 [INFO] Epoch 237 | Train Loss: 2.3025 | Val Loss: 1.5358 | Val Acc: 0.4107
2025-06-20 20:13:59,915 [INFO] Epoch 238 | Train Loss: 2.3602 | Val Loss: 1.5616 | Val Acc: 0.3929
2025-06-20 20:13:59,925 [INFO] Epoch 239 | Train Loss: 2.5878 | Val Loss: 1.5784 | Val Acc: 0.3929
2025-06-20 20:13:59,935 [INFO] Epoch 240 | Train Loss: 2.1005 | Val Loss: 1.4928 | Val Acc: 0.3571
2025-06-20 20:14:00,104 [INFO] Epoch 241 | Train Loss: 2.4092 | Val Loss: 1.4755 | Val Acc: 0.3571
2025-06-20 20:14:00,115 [INFO] Epoch 242 | Train Loss: 2.5943 | Val Loss: 1.5002 | Val Acc: 0.3571
2025-06-20 20:14:00,125 [INFO] Epoch 243 | Train Loss: 2.5596 | Val Loss: 1.5386 | Val Acc: 0.3750
2025-06-20 20:14:00,134 [INFO] Epoch 244 | Train Loss: 2.6302 | Val Loss: 1.5486 | Val Acc: 0.3750
2025-06-20 20:14:00,145 [INFO] Epoch 245 | Train Loss: 2.4713 | Val Loss: 1.5396 | Val Acc: 0.3571
2025-06-20 20:14:00,154 [INFO] Epoch 246 | Train Loss: 2.5293 | Val Loss: 1.5754 | Val Acc: 0.3929
2025-06-20 20:14:00,164 [INFO] Epoch 247 | Train Loss: 2.6779 | Val Loss: 1.5720 | Val Acc: 0.3750
2025-06-20 20:14:00,174 [INFO] Epoch 248 | Train Loss: 2.2541 | Val Loss: 1.5479 | Val Acc: 0.3929
2025-06-20 20:14:00,183 [INFO] Epoch 249 | Train Loss: 2.6534 | Val Loss: 1.5409 | Val Acc: 0.4107
2025-06-20 20:14:00,192 [INFO] Epoch 250 | Train Loss: 2.3245 | Val Loss: 1.4948 | Val Acc: 0.3750
2025-06-20 20:14:00,371 [INFO] Epoch 251 | Train Loss: 2.6289 | Val Loss: 1.4427 | Val Acc: 0.3750
2025-06-20 20:14:00,382 [INFO] Epoch 252 | Train Loss: 2.6343 | Val Loss: 1.4257 | Val Acc: 0.3929
2025-06-20 20:14:00,393 [INFO] Epoch 253 | Train Loss: 2.3862 | Val Loss: 1.4184 | Val Acc: 0.3750
2025-06-20 20:14:00,403 [INFO] Epoch 254 | Train Loss: 2.1170 | Val Loss: 1.4147 | Val Acc: 0.3750
2025-06-20 20:14:00,413 [INFO] Epoch 255 | Train Loss: 2.0755 | Val Loss: 1.4267 | Val Acc: 0.3571
2025-06-20 20:14:00,424 [INFO] Epoch 256 | Train Loss: 2.6067 | Val Loss: 1.4220 | Val Acc: 0.3750
2025-06-20 20:14:00,435 [INFO] Epoch 257 | Train Loss: 2.8467 | Val Loss: 1.3970 | Val Acc: 0.3750
2025-06-20 20:14:00,445 [INFO] Epoch 258 | Train Loss: 2.0359 | Val Loss: 1.3981 | Val Acc: 0.3750
2025-06-20 20:14:00,455 [INFO] Epoch 259 | Train Loss: 2.4159 | Val Loss: 1.4459 | Val Acc: 0.3929
2025-06-20 20:14:00,465 [INFO] Epoch 260 | Train Loss: 2.3988 | Val Loss: 1.4918 | Val Acc: 0.3750
2025-06-20 20:14:00,727 [INFO] Epoch 261 | Train Loss: 2.2624 | Val Loss: 1.4661 | Val Acc: 0.3929
2025-06-20 20:14:00,738 [INFO] Epoch 262 | Train Loss: 2.1707 | Val Loss: 1.4640 | Val Acc: 0.3929
2025-06-20 20:14:00,749 [INFO] Epoch 263 | Train Loss: 2.3320 | Val Loss: 1.4924 | Val Acc: 0.3750
2025-06-20 20:14:00,759 [INFO] Epoch 264 | Train Loss: 2.7643 | Val Loss: 1.4632 | Val Acc: 0.3929
2025-06-20 20:14:00,769 [INFO] Epoch 265 | Train Loss: 2.4226 | Val Loss: 1.4996 | Val Acc: 0.3750
2025-06-20 20:14:00,778 [INFO] Epoch 266 | Train Loss: 2.1802 | Val Loss: 1.5262 | Val Acc: 0.3929
2025-06-20 20:14:00,788 [INFO] Epoch 267 | Train Loss: 2.5079 | Val Loss: 1.5036 | Val Acc: 0.3750
2025-06-20 20:14:00,798 [INFO] Epoch 268 | Train Loss: 2.3820 | Val Loss: 1.4999 | Val Acc: 0.3929
2025-06-20 20:14:00,808 [INFO] Epoch 269 | Train Loss: 2.7239 | Val Loss: 1.4795 | Val Acc: 0.3929
2025-06-20 20:14:00,819 [INFO] Epoch 270 | Train Loss: 2.2011 | Val Loss: 1.4703 | Val Acc: 0.3929
2025-06-20 20:14:00,992 [INFO] Epoch 271 | Train Loss: 2.2498 | Val Loss: 1.4659 | Val Acc: 0.4107
2025-06-20 20:14:01,003 [INFO] Epoch 272 | Train Loss: 2.4345 | Val Loss: 1.4872 | Val Acc: 0.3929
2025-06-20 20:14:01,015 [INFO] Epoch 273 | Train Loss: 2.2088 | Val Loss: 1.4757 | Val Acc: 0.4107
2025-06-20 20:14:01,025 [INFO] Epoch 274 | Train Loss: 2.2751 | Val Loss: 1.5255 | Val Acc: 0.3929
2025-06-20 20:14:01,036 [INFO] Epoch 275 | Train Loss: 2.6087 | Val Loss: 1.5109 | Val Acc: 0.4107
2025-06-20 20:14:01,046 [INFO] Epoch 276 | Train Loss: 2.2301 | Val Loss: 1.5016 | Val Acc: 0.3929
2025-06-20 20:14:01,055 [INFO] Epoch 277 | Train Loss: 2.0843 | Val Loss: 1.5284 | Val Acc: 0.4107
2025-06-20 20:14:01,065 [INFO] Epoch 278 | Train Loss: 2.3121 | Val Loss: 1.5650 | Val Acc: 0.4107
2025-06-20 20:14:01,075 [INFO] Epoch 279 | Train Loss: 2.0625 | Val Loss: 1.5905 | Val Acc: 0.4107
2025-06-20 20:14:01,084 [INFO] Epoch 280 | Train Loss: 2.4524 | Val Loss: 1.6202 | Val Acc: 0.3929
2025-06-20 20:14:01,279 [INFO] Epoch 281 | Train Loss: 2.3687 | Val Loss: 1.5740 | Val Acc: 0.4107
2025-06-20 20:14:01,289 [INFO] Epoch 282 | Train Loss: 2.4516 | Val Loss: 1.5207 | Val Acc: 0.4286
2025-06-20 20:14:01,300 [INFO] Epoch 283 | Train Loss: 2.7509 | Val Loss: 1.4684 | Val Acc: 0.4107
2025-06-20 20:14:01,311 [INFO] Epoch 284 | Train Loss: 2.4192 | Val Loss: 1.5260 | Val Acc: 0.4107
2025-06-20 20:14:01,320 [INFO] Epoch 285 | Train Loss: 2.4169 | Val Loss: 1.5041 | Val Acc: 0.3929
2025-06-20 20:14:01,330 [INFO] Epoch 286 | Train Loss: 2.0595 | Val Loss: 1.5195 | Val Acc: 0.3929
2025-06-20 20:14:01,340 [INFO] Epoch 287 | Train Loss: 2.1050 | Val Loss: 1.4908 | Val Acc: 0.3929
2025-06-20 20:14:01,350 [INFO] Epoch 288 | Train Loss: 2.2005 | Val Loss: 1.4778 | Val Acc: 0.3750
2025-06-20 20:14:01,360 [INFO] Epoch 289 | Train Loss: 2.3317 | Val Loss: 1.4685 | Val Acc: 0.3750
2025-06-20 20:14:01,369 [INFO] Epoch 290 | Train Loss: 2.2707 | Val Loss: 1.4824 | Val Acc: 0.4107
2025-06-20 20:14:01,546 [INFO] Epoch 291 | Train Loss: 2.1549 | Val Loss: 1.4533 | Val Acc: 0.4107
2025-06-20 20:14:01,557 [INFO] Epoch 292 | Train Loss: 1.9305 | Val Loss: 1.4930 | Val Acc: 0.4107
2025-06-20 20:14:01,566 [INFO] Epoch 293 | Train Loss: 2.4100 | Val Loss: 1.5207 | Val Acc: 0.3929
2025-06-20 20:14:01,576 [INFO] Epoch 294 | Train Loss: 2.4244 | Val Loss: 1.5745 | Val Acc: 0.3929
2025-06-20 20:14:01,585 [INFO] Epoch 295 | Train Loss: 2.2772 | Val Loss: 1.5797 | Val Acc: 0.3571
2025-06-20 20:14:01,594 [INFO] Epoch 296 | Train Loss: 2.4125 | Val Loss: 1.5619 | Val Acc: 0.3393
2025-06-20 20:14:01,603 [INFO] Epoch 297 | Train Loss: 2.0585 | Val Loss: 1.5906 | Val Acc: 0.3571
2025-06-20 20:14:01,612 [INFO] Epoch 298 | Train Loss: 2.3079 | Val Loss: 1.5572 | Val Acc: 0.3750
2025-06-20 20:14:01,620 [INFO] Epoch 299 | Train Loss: 2.3421 | Val Loss: 1.5496 | Val Acc: 0.3571
2025-06-20 20:14:01,629 [INFO] Epoch 300 | Train Loss: 2.4265 | Val Loss: 1.5375 | Val Acc: 0.3571
2025-06-20 20:14:01,807 [INFO] Early stopping at epoch 300 (no improvement in 150 epochs).
2025-06-20 20:14:01,808 [INFO] Best model saved to <built-in function time>/ENZYMES/best/best_source_gin.pth (Val Acc: 0.4464 at epoch 150)
2025-06-20 20:14:01,809 [INFO] Training/validation metrics saved to <built-in function time>/ENZYMES/GIN_0.0001/train_metrics.csv
2025-06-20 20:14:01,969 [INFO] Final training curves saved
2025-06-20 20:14:01,969 [INFO] Training completed!
2025-06-20 20:14:01,969 [INFO] Best validation accuracy: 0.4464
2025-06-20 20:14:01,969 [INFO] Best epoch: 150
2025-06-20 20:14:01,969 [INFO] Total epochs trained: 300
2025-06-20 20:14:01,969 [INFO] Starting training with parameters: (0.0001, 0.3, 32, 1, 400, 0.001)
