2025-06-23 20:53:51,162 [INFO] Using device: cpu
2025-06-23 20:53:51,162 [INFO] 开始创建数据加载器...
2025-06-23 20:53:51,166 [INFO] Successfully loaded dataset ENZYMES from ./data, total graphs: 600
2025-06-23 20:53:51,166 [INFO] Class allocation analysis:
2025-06-23 20:53:51,166 [INFO]   Source classes: [0, 1, 2, 3]
2025-06-23 20:53:51,166 [INFO]   Target classes: [0, 1, 2, 3, 4, 5]
2025-06-23 20:53:51,166 [INFO]   Overlap classes (to be split): [0, 1, 2, 3]
2025-06-23 20:53:51,166 [INFO]   Target novel classes (unknown): [4, 5]
2025-06-23 20:53:51,180 [INFO]   Class 0: 100 total -> Source: 70, Target: 30
2025-06-23 20:53:51,181 [INFO]   Class 1: 100 total -> Source: 70, Target: 30
2025-06-23 20:53:51,181 [INFO]   Class 2: 100 total -> Source: 70, Target: 30
2025-06-23 20:53:51,181 [INFO]   Class 3: 100 total -> Source: 70, Target: 30
2025-06-23 20:53:51,181 [INFO]   Class 4 (novel/unknown): 100 samples -> Target
2025-06-23 20:53:51,181 [INFO]   Class 5 (novel/unknown): 100 samples -> Target
2025-06-23 20:53:51,181 [INFO] Final allocation:
2025-06-23 20:53:51,181 [INFO]   Source domain: 280 samples
2025-06-23 20:53:51,181 [INFO]   Target domain: 320 samples
2025-06-23 20:53:51,183 [INFO] Source domain setup:
2025-06-23 20:53:51,183 [INFO]   Original classes: [0, 1, 2, 3]
2025-06-23 20:53:51,183 [INFO]   Overlap classes used: [0, 1, 2, 3]
2025-06-23 20:53:51,183 [INFO]   Label mapping: {0: 0, 1: 1, 2: 2, 3: 3}
2025-06-23 20:53:51,183 [INFO]   Total data after allocation: 280
2025-06-23 20:53:51,183 [INFO]   Data split - Train: 224, Val: 56
2025-06-23 20:53:51,183 [INFO]   Train label distribution: {0: 56, 1: 56, 3: 56, 2: 56}
2025-06-23 20:53:51,183 [INFO]   Val label distribution: {1: 14, 2: 14, 0: 14, 3: 14}
2025-06-23 20:53:51,185 [INFO] Successfully loaded dataset ENZYMES from ./data, total graphs: 600
2025-06-23 20:53:51,185 [INFO] Class allocation analysis:
2025-06-23 20:53:51,185 [INFO]   Source classes: [0, 1, 2, 3]
2025-06-23 20:53:51,185 [INFO]   Target classes: [0, 1, 2, 3, 4, 5]
2025-06-23 20:53:51,185 [INFO]   Overlap classes (to be split): [0, 1, 2, 3]
2025-06-23 20:53:51,185 [INFO]   Target novel classes (unknown): [4, 5]
2025-06-23 20:53:51,199 [INFO]   Class 0: 100 total -> Source: 70, Target: 30
2025-06-23 20:53:51,199 [INFO]   Class 1: 100 total -> Source: 70, Target: 30
2025-06-23 20:53:51,199 [INFO]   Class 2: 100 total -> Source: 70, Target: 30
2025-06-23 20:53:51,200 [INFO]   Class 3: 100 total -> Source: 70, Target: 30
2025-06-23 20:53:51,200 [INFO]   Class 4 (novel/unknown): 100 samples -> Target
2025-06-23 20:53:51,200 [INFO]   Class 5 (novel/unknown): 100 samples -> Target
2025-06-23 20:53:51,200 [INFO] Final allocation:
2025-06-23 20:53:51,200 [INFO]   Source domain: 280 samples
2025-06-23 20:53:51,200 [INFO]   Target domain: 320 samples
2025-06-23 20:53:51,202 [INFO] Target domain setup:
2025-06-23 20:53:51,202 [INFO]   Original classes: [0, 1, 2, 3, 4, 5]
2025-06-23 20:53:51,202 [INFO]   Overlap classes: [0, 1, 2, 3]
2025-06-23 20:53:51,202 [INFO]   Novel classes: [4, 5] -> mapped to unknown label 4
2025-06-23 20:53:51,202 [INFO]   Label mapping: {0: 0, 1: 1, 2: 2, 3: 3, 4: 4, 5: 4}
2025-06-23 20:53:51,202 [INFO]   Total data after allocation: 320
2025-06-23 20:53:51,202 [INFO]   Data split - Train: 256, Val: 64
2025-06-23 20:53:51,202 [INFO]   Total count: 320 (known: 120, unknown: 200)
2025-06-23 20:53:51,202 [INFO]   Total label distribution: {4: 200, 3: 30, 0: 30, 1: 30, 2: 30}
2025-06-23 20:53:51,203 [INFO]   Train label distribution: {4: 160, 0: 24, 2: 24, 3: 24, 1: 24}
2025-06-23 20:53:51,203 [INFO]   Val label distribution: {1: 6, 4: 40, 3: 6, 0: 6, 2: 6}
2025-06-23 20:53:51,204 [INFO] 数据加载器创建完成!
2025-06-23 20:53:51,204 [INFO] 源域类别数: 4 (重叠类别)
2025-06-23 20:53:51,204 [INFO] 目标域类别数: 5 (4个重叠类别 + 1个未知类别)
2025-06-23 20:53:51,204 [INFO] 重叠类别: [0, 1, 2, 3]
2025-06-23 20:53:51,204 [INFO] 目标域新类别: [4, 5]
2025-06-23 20:53:51,204 [INFO] Data allocation verification:
2025-06-23 20:53:51,204 [INFO]   Source data samples: 280
2025-06-23 20:53:51,204 [INFO]   Target data samples: 320
2025-06-23 20:53:51,204 [INFO]   Overlapping samples: 0
2025-06-23 20:53:51,204 [INFO]   ✓ Data allocation is correct - no overlapping samples
2025-06-23 20:53:51,205 [INFO] Model initialized with 13508 parameters
2025-06-23 20:53:51,206 [INFO] Previous best validation accuracy read from record.txt: 0.6429
2025-06-23 20:53:51,206 [INFO] Starting training...
2025-06-23 20:53:51,241 [INFO] Epoch 001 | Train Loss: 10.2817 | Val Loss: 16.1769 | Val Acc: 0.2679
2025-06-23 20:53:52,610 [INFO] New best model at epoch 1 (Val Acc: 0.2679)
2025-06-23 20:53:52,626 [INFO] Epoch 002 | Train Loss: 5.9395 | Val Loss: 2.8871 | Val Acc: 0.4286
2025-06-23 20:53:52,628 [INFO] New best model at epoch 2 (Val Acc: 0.4286)
2025-06-23 20:53:52,643 [INFO] Epoch 003 | Train Loss: 5.6691 | Val Loss: 4.2136 | Val Acc: 0.2857
2025-06-23 20:53:52,667 [INFO] Epoch 004 | Train Loss: 6.0724 | Val Loss: 2.9291 | Val Acc: 0.3393
2025-06-23 20:53:52,697 [INFO] Epoch 005 | Train Loss: 3.1346 | Val Loss: 1.7940 | Val Acc: 0.3929
2025-06-23 20:53:52,720 [INFO] Epoch 006 | Train Loss: 2.6620 | Val Loss: 2.5663 | Val Acc: 0.2679
2025-06-23 20:53:52,741 [INFO] Epoch 007 | Train Loss: 2.8808 | Val Loss: 1.4532 | Val Acc: 0.3571
2025-06-23 20:53:52,759 [INFO] Epoch 008 | Train Loss: 2.7547 | Val Loss: 1.9131 | Val Acc: 0.3750
2025-06-23 20:53:52,776 [INFO] Epoch 009 | Train Loss: 1.9211 | Val Loss: 1.7615 | Val Acc: 0.3393
2025-06-23 20:53:52,793 [INFO] Epoch 010 | Train Loss: 1.9522 | Val Loss: 1.4130 | Val Acc: 0.3393
2025-06-23 20:53:54,070 [INFO] Epoch 011 | Train Loss: 2.3254 | Val Loss: 1.4475 | Val Acc: 0.3393
2025-06-23 20:53:54,091 [INFO] Epoch 012 | Train Loss: 2.3655 | Val Loss: 1.6808 | Val Acc: 0.3214
2025-06-23 20:53:54,113 [INFO] Epoch 013 | Train Loss: 2.8189 | Val Loss: 1.4938 | Val Acc: 0.3214
2025-06-23 20:53:54,136 [INFO] Epoch 014 | Train Loss: 1.9429 | Val Loss: 1.3065 | Val Acc: 0.4821
2025-06-23 20:53:54,139 [INFO] New best model at epoch 14 (Val Acc: 0.4821)
2025-06-23 20:53:54,160 [INFO] Epoch 015 | Train Loss: 2.1828 | Val Loss: 1.2900 | Val Acc: 0.3214
2025-06-23 20:53:54,176 [INFO] Epoch 016 | Train Loss: 1.6910 | Val Loss: 1.3828 | Val Acc: 0.3393
2025-06-23 20:53:54,192 [INFO] Epoch 017 | Train Loss: 2.3112 | Val Loss: 1.4155 | Val Acc: 0.2857
2025-06-23 20:53:54,207 [INFO] Epoch 018 | Train Loss: 1.8543 | Val Loss: 1.6792 | Val Acc: 0.2857
2025-06-23 20:53:54,224 [INFO] Epoch 019 | Train Loss: 1.9158 | Val Loss: 1.2806 | Val Acc: 0.3036
2025-06-23 20:53:54,245 [INFO] Epoch 020 | Train Loss: 1.5151 | Val Loss: 1.3263 | Val Acc: 0.3036
2025-06-23 20:53:55,591 [INFO] Epoch 021 | Train Loss: 1.7374 | Val Loss: 1.4100 | Val Acc: 0.3214
2025-06-23 20:53:55,616 [INFO] Epoch 022 | Train Loss: 1.8865 | Val Loss: 1.4999 | Val Acc: 0.3750
2025-06-23 20:53:55,646 [INFO] Epoch 023 | Train Loss: 1.8044 | Val Loss: 1.4027 | Val Acc: 0.3036
2025-06-23 20:53:55,673 [INFO] Epoch 024 | Train Loss: 1.6642 | Val Loss: 1.7717 | Val Acc: 0.3214
2025-06-23 20:53:55,694 [INFO] Epoch 025 | Train Loss: 2.1156 | Val Loss: 1.7507 | Val Acc: 0.2143
2025-06-23 20:53:55,716 [INFO] Epoch 026 | Train Loss: 2.0734 | Val Loss: 1.3900 | Val Acc: 0.3750
2025-06-23 20:53:55,737 [INFO] Epoch 027 | Train Loss: 1.4935 | Val Loss: 1.3098 | Val Acc: 0.3750
2025-06-23 20:53:55,758 [INFO] Epoch 028 | Train Loss: 1.7789 | Val Loss: 1.4279 | Val Acc: 0.3929
2025-06-23 20:53:55,777 [INFO] Epoch 029 | Train Loss: 1.7286 | Val Loss: 1.3530 | Val Acc: 0.3571
2025-06-23 20:53:55,796 [INFO] Epoch 030 | Train Loss: 1.4568 | Val Loss: 1.3194 | Val Acc: 0.4643
2025-06-23 20:53:57,138 [INFO] Epoch 031 | Train Loss: 1.4709 | Val Loss: 1.3827 | Val Acc: 0.4286
2025-06-23 20:53:57,157 [INFO] Epoch 032 | Train Loss: 1.2844 | Val Loss: 1.2972 | Val Acc: 0.3929
2025-06-23 20:53:57,176 [INFO] Epoch 033 | Train Loss: 1.4136 | Val Loss: 1.2956 | Val Acc: 0.3929
2025-06-23 20:53:57,203 [INFO] Epoch 034 | Train Loss: 1.2679 | Val Loss: 1.3678 | Val Acc: 0.3571
2025-06-23 20:53:57,232 [INFO] Epoch 035 | Train Loss: 1.3426 | Val Loss: 1.3203 | Val Acc: 0.2857
2025-06-23 20:53:57,252 [INFO] Epoch 036 | Train Loss: 1.2624 | Val Loss: 1.3205 | Val Acc: 0.3214
2025-06-23 20:53:57,272 [INFO] Epoch 037 | Train Loss: 1.4786 | Val Loss: 1.3450 | Val Acc: 0.3393
2025-06-23 20:53:57,293 [INFO] Epoch 038 | Train Loss: 1.3044 | Val Loss: 1.2864 | Val Acc: 0.4464
2025-06-23 20:53:57,316 [INFO] Epoch 039 | Train Loss: 1.3061 | Val Loss: 1.2400 | Val Acc: 0.4286
2025-06-23 20:53:57,340 [INFO] Epoch 040 | Train Loss: 1.2794 | Val Loss: 1.2612 | Val Acc: 0.3929
2025-06-23 20:53:58,668 [INFO] Epoch 041 | Train Loss: 1.6327 | Val Loss: 1.3493 | Val Acc: 0.3036
2025-06-23 20:53:58,686 [INFO] Epoch 042 | Train Loss: 1.3289 | Val Loss: 1.2726 | Val Acc: 0.4643
2025-06-23 20:53:58,706 [INFO] Epoch 043 | Train Loss: 1.2764 | Val Loss: 1.2547 | Val Acc: 0.4286
2025-06-23 20:53:58,731 [INFO] Epoch 044 | Train Loss: 1.5197 | Val Loss: 1.2285 | Val Acc: 0.4821
2025-06-23 20:53:58,754 [INFO] Epoch 045 | Train Loss: 1.2277 | Val Loss: 1.2777 | Val Acc: 0.3929
2025-06-23 20:53:58,772 [INFO] Epoch 046 | Train Loss: 1.2033 | Val Loss: 1.3169 | Val Acc: 0.4821
2025-06-23 20:53:58,788 [INFO] Epoch 047 | Train Loss: 1.3191 | Val Loss: 1.4054 | Val Acc: 0.3929
2025-06-23 20:53:58,804 [INFO] Epoch 048 | Train Loss: 1.2769 | Val Loss: 1.4327 | Val Acc: 0.3036
2025-06-23 20:53:58,820 [INFO] Epoch 049 | Train Loss: 1.2061 | Val Loss: 1.3130 | Val Acc: 0.3214
2025-06-23 20:53:58,836 [INFO] Epoch 050 | Train Loss: 1.1776 | Val Loss: 1.2509 | Val Acc: 0.3929
2025-06-23 20:54:00,147 [INFO] Epoch 051 | Train Loss: 1.2264 | Val Loss: 1.9255 | Val Acc: 0.4643
2025-06-23 20:54:00,168 [INFO] Epoch 052 | Train Loss: 1.2415 | Val Loss: 1.3965 | Val Acc: 0.4464
2025-06-23 20:54:00,189 [INFO] Epoch 053 | Train Loss: 1.3079 | Val Loss: 1.3060 | Val Acc: 0.3929
2025-06-23 20:54:00,209 [INFO] Epoch 054 | Train Loss: 1.1858 | Val Loss: 1.3048 | Val Acc: 0.3929
2025-06-23 20:54:00,230 [INFO] Epoch 055 | Train Loss: 1.2179 | Val Loss: 1.2615 | Val Acc: 0.3571
2025-06-23 20:54:00,247 [INFO] Epoch 056 | Train Loss: 1.1401 | Val Loss: 1.2741 | Val Acc: 0.3929
2025-06-23 20:54:00,263 [INFO] Epoch 057 | Train Loss: 1.1825 | Val Loss: 1.2859 | Val Acc: 0.3750
2025-06-23 20:54:00,279 [INFO] Epoch 058 | Train Loss: 1.1446 | Val Loss: 1.2873 | Val Acc: 0.3750
2025-06-23 20:54:00,295 [INFO] Epoch 059 | Train Loss: 1.1554 | Val Loss: 1.3346 | Val Acc: 0.3750
2025-06-23 20:54:00,312 [INFO] Epoch 060 | Train Loss: 1.1563 | Val Loss: 1.2731 | Val Acc: 0.3929
2025-06-23 20:54:01,608 [INFO] Epoch 061 | Train Loss: 1.1287 | Val Loss: 1.2294 | Val Acc: 0.4286
2025-06-23 20:54:01,632 [INFO] Epoch 062 | Train Loss: 1.1394 | Val Loss: 1.2281 | Val Acc: 0.3750
2025-06-23 20:54:01,654 [INFO] Epoch 063 | Train Loss: 1.1330 | Val Loss: 1.2830 | Val Acc: 0.4107
2025-06-23 20:54:01,690 [INFO] Epoch 064 | Train Loss: 1.0843 | Val Loss: 1.3286 | Val Acc: 0.3750
2025-06-23 20:54:01,711 [INFO] Epoch 065 | Train Loss: 1.1111 | Val Loss: 1.3098 | Val Acc: 0.3393
2025-06-23 20:54:01,738 [INFO] Epoch 066 | Train Loss: 1.1135 | Val Loss: 1.3463 | Val Acc: 0.3393
2025-06-23 20:54:01,759 [INFO] Epoch 067 | Train Loss: 1.1678 | Val Loss: 1.5370 | Val Acc: 0.3929
2025-06-23 20:54:01,777 [INFO] Epoch 068 | Train Loss: 1.1559 | Val Loss: 1.3124 | Val Acc: 0.3750
2025-06-23 20:54:01,793 [INFO] Epoch 069 | Train Loss: 1.1073 | Val Loss: 1.2724 | Val Acc: 0.4107
2025-06-23 20:54:01,811 [INFO] Epoch 070 | Train Loss: 1.0960 | Val Loss: 1.2813 | Val Acc: 0.4107
2025-06-23 20:54:03,092 [INFO] Epoch 071 | Train Loss: 1.1300 | Val Loss: 1.3057 | Val Acc: 0.3929
2025-06-23 20:54:03,108 [INFO] Epoch 072 | Train Loss: 1.0655 | Val Loss: 1.3079 | Val Acc: 0.3214
2025-06-23 20:54:03,127 [INFO] Epoch 073 | Train Loss: 1.0504 | Val Loss: 1.3371 | Val Acc: 0.3571
2025-06-23 20:54:03,147 [INFO] Epoch 074 | Train Loss: 1.0450 | Val Loss: 1.3937 | Val Acc: 0.3571
2025-06-23 20:54:03,169 [INFO] Epoch 075 | Train Loss: 1.0680 | Val Loss: 1.3439 | Val Acc: 0.3393
2025-06-23 20:54:03,187 [INFO] Epoch 076 | Train Loss: 1.1029 | Val Loss: 1.2937 | Val Acc: 0.4464
2025-06-23 20:54:03,203 [INFO] Epoch 077 | Train Loss: 1.0647 | Val Loss: 1.4497 | Val Acc: 0.3750
2025-06-23 20:54:03,219 [INFO] Epoch 078 | Train Loss: 1.1162 | Val Loss: 1.4230 | Val Acc: 0.3571
2025-06-23 20:54:03,235 [INFO] Epoch 079 | Train Loss: 1.0580 | Val Loss: 1.2965 | Val Acc: 0.3571
2025-06-23 20:54:03,251 [INFO] Epoch 080 | Train Loss: 1.0387 | Val Loss: 1.3075 | Val Acc: 0.4107
2025-06-23 20:54:05,999 [INFO] Epoch 081 | Train Loss: 1.0029 | Val Loss: 1.2942 | Val Acc: 0.4464
2025-06-23 20:54:06,019 [INFO] Epoch 082 | Train Loss: 1.0486 | Val Loss: 1.3176 | Val Acc: 0.3750
2025-06-23 20:54:06,044 [INFO] Epoch 083 | Train Loss: 1.0246 | Val Loss: 1.3655 | Val Acc: 0.3929
2025-06-23 20:54:06,066 [INFO] Epoch 084 | Train Loss: 1.0235 | Val Loss: 1.4130 | Val Acc: 0.3929
2025-06-23 20:54:06,085 [INFO] Epoch 085 | Train Loss: 0.9792 | Val Loss: 1.4220 | Val Acc: 0.3393
2025-06-23 20:54:06,101 [INFO] Epoch 086 | Train Loss: 0.9795 | Val Loss: 1.4257 | Val Acc: 0.3929
2025-06-23 20:54:06,117 [INFO] Epoch 087 | Train Loss: 1.0083 | Val Loss: 1.4786 | Val Acc: 0.4107
2025-06-23 20:54:06,139 [INFO] Epoch 088 | Train Loss: 1.0070 | Val Loss: 1.4077 | Val Acc: 0.4643
2025-06-23 20:54:06,154 [INFO] Epoch 089 | Train Loss: 1.0293 | Val Loss: 1.2991 | Val Acc: 0.4643
2025-06-23 20:54:06,170 [INFO] Epoch 090 | Train Loss: 1.0654 | Val Loss: 1.3752 | Val Acc: 0.4107
2025-06-23 20:54:07,439 [INFO] Epoch 091 | Train Loss: 1.0137 | Val Loss: 1.4221 | Val Acc: 0.3929
2025-06-23 20:54:07,461 [INFO] Epoch 092 | Train Loss: 1.0022 | Val Loss: 1.2962 | Val Acc: 0.3750
2025-06-23 20:54:07,484 [INFO] Epoch 093 | Train Loss: 0.9842 | Val Loss: 1.3777 | Val Acc: 0.4643
2025-06-23 20:54:07,505 [INFO] Epoch 094 | Train Loss: 0.9930 | Val Loss: 1.3655 | Val Acc: 0.4286
2025-06-23 20:54:07,527 [INFO] Epoch 095 | Train Loss: 1.0282 | Val Loss: 1.3142 | Val Acc: 0.3929
2025-06-23 20:54:07,543 [INFO] Epoch 096 | Train Loss: 0.9863 | Val Loss: 1.6155 | Val Acc: 0.3214
2025-06-23 20:54:07,559 [INFO] Epoch 097 | Train Loss: 0.9942 | Val Loss: 1.3540 | Val Acc: 0.3929
2025-06-23 20:54:07,576 [INFO] Epoch 098 | Train Loss: 0.9834 | Val Loss: 1.3579 | Val Acc: 0.4107
2025-06-23 20:54:07,592 [INFO] Epoch 099 | Train Loss: 1.0053 | Val Loss: 1.8836 | Val Acc: 0.3750
2025-06-23 20:54:07,608 [INFO] Epoch 100 | Train Loss: 1.0439 | Val Loss: 1.6300 | Val Acc: 0.4464
2025-06-23 20:54:11,870 [INFO] Epoch 101 | Train Loss: 1.0202 | Val Loss: 1.4354 | Val Acc: 0.4286
2025-06-23 20:54:11,909 [INFO] Epoch 102 | Train Loss: 1.0851 | Val Loss: 1.3988 | Val Acc: 0.3571
2025-06-23 20:54:11,940 [INFO] Epoch 103 | Train Loss: 1.0075 | Val Loss: 1.2978 | Val Acc: 0.3929
2025-06-23 20:54:11,961 [INFO] Epoch 104 | Train Loss: 1.0279 | Val Loss: 1.3936 | Val Acc: 0.3929
2025-06-23 20:54:11,976 [INFO] Epoch 105 | Train Loss: 1.0282 | Val Loss: 1.6000 | Val Acc: 0.4107
2025-06-23 20:54:11,992 [INFO] Epoch 106 | Train Loss: 1.0645 | Val Loss: 1.2887 | Val Acc: 0.5000
2025-06-23 20:54:11,995 [INFO] New best model at epoch 106 (Val Acc: 0.5000)
2025-06-23 20:54:12,010 [INFO] Epoch 107 | Train Loss: 1.0224 | Val Loss: 1.3040 | Val Acc: 0.4286
2025-06-23 20:54:12,032 [INFO] Epoch 108 | Train Loss: 1.0337 | Val Loss: 1.3324 | Val Acc: 0.3929
2025-06-23 20:54:12,053 [INFO] Epoch 109 | Train Loss: 1.0188 | Val Loss: 1.2765 | Val Acc: 0.3750
2025-06-23 20:54:12,069 [INFO] Epoch 110 | Train Loss: 0.9856 | Val Loss: 1.2613 | Val Acc: 0.3750
2025-06-23 20:54:13,857 [INFO] Epoch 111 | Train Loss: 1.0881 | Val Loss: 1.2905 | Val Acc: 0.3571
2025-06-23 20:54:13,876 [INFO] Epoch 112 | Train Loss: 0.8864 | Val Loss: 1.3090 | Val Acc: 0.3929
2025-06-23 20:54:13,896 [INFO] Epoch 113 | Train Loss: 0.9947 | Val Loss: 1.8593 | Val Acc: 0.3929
2025-06-23 20:54:13,916 [INFO] Epoch 114 | Train Loss: 0.9948 | Val Loss: 2.9387 | Val Acc: 0.3393
2025-06-23 20:54:13,937 [INFO] Epoch 115 | Train Loss: 0.9569 | Val Loss: 1.5554 | Val Acc: 0.4286
2025-06-23 20:54:13,954 [INFO] Epoch 116 | Train Loss: 0.9087 | Val Loss: 1.3755 | Val Acc: 0.5000
2025-06-23 20:54:13,970 [INFO] Epoch 117 | Train Loss: 0.9708 | Val Loss: 1.3766 | Val Acc: 0.4286
2025-06-23 20:54:13,998 [INFO] Epoch 118 | Train Loss: 0.9821 | Val Loss: 1.3913 | Val Acc: 0.3929
2025-06-23 20:54:14,018 [INFO] Epoch 119 | Train Loss: 0.9850 | Val Loss: 1.2695 | Val Acc: 0.4643
2025-06-23 20:54:14,033 [INFO] Epoch 120 | Train Loss: 0.9511 | Val Loss: 1.3337 | Val Acc: 0.3750
2025-06-23 20:54:15,276 [INFO] Epoch 121 | Train Loss: 0.9492 | Val Loss: 1.3634 | Val Acc: 0.4107
2025-06-23 20:54:15,294 [INFO] Epoch 122 | Train Loss: 0.9235 | Val Loss: 1.3136 | Val Acc: 0.4643
2025-06-23 20:54:15,316 [INFO] Epoch 123 | Train Loss: 0.9101 | Val Loss: 1.3684 | Val Acc: 0.4286
2025-06-23 20:54:15,337 [INFO] Epoch 124 | Train Loss: 0.9304 | Val Loss: 1.4339 | Val Acc: 0.4286
2025-06-23 20:54:15,359 [INFO] Epoch 125 | Train Loss: 0.9422 | Val Loss: 1.3300 | Val Acc: 0.3929
2025-06-23 20:54:15,377 [INFO] Epoch 126 | Train Loss: 0.8894 | Val Loss: 1.4402 | Val Acc: 0.4107
2025-06-23 20:54:15,393 [INFO] Epoch 127 | Train Loss: 0.9981 | Val Loss: 1.4007 | Val Acc: 0.4107
2025-06-23 20:54:15,409 [INFO] Epoch 128 | Train Loss: 0.9858 | Val Loss: 1.3801 | Val Acc: 0.3214
2025-06-23 20:54:15,424 [INFO] Epoch 129 | Train Loss: 0.9029 | Val Loss: 1.4778 | Val Acc: 0.3214
2025-06-23 20:54:15,439 [INFO] Epoch 130 | Train Loss: 0.9501 | Val Loss: 1.2908 | Val Acc: 0.4286
2025-06-23 20:54:16,670 [INFO] Epoch 131 | Train Loss: 0.9688 | Val Loss: 1.2548 | Val Acc: 0.4286
2025-06-23 20:54:16,688 [INFO] Epoch 132 | Train Loss: 0.9262 | Val Loss: 1.3610 | Val Acc: 0.4643
2025-06-23 20:54:16,709 [INFO] Epoch 133 | Train Loss: 0.9112 | Val Loss: 1.3369 | Val Acc: 0.4286
2025-06-23 20:54:16,732 [INFO] Epoch 134 | Train Loss: 0.9195 | Val Loss: 1.5219 | Val Acc: 0.3393
2025-06-23 20:54:16,751 [INFO] Epoch 135 | Train Loss: 0.9281 | Val Loss: 1.8615 | Val Acc: 0.3571
2025-06-23 20:54:16,769 [INFO] Epoch 136 | Train Loss: 0.9051 | Val Loss: 1.7935 | Val Acc: 0.4286
2025-06-23 20:54:16,784 [INFO] Epoch 137 | Train Loss: 0.8788 | Val Loss: 1.6116 | Val Acc: 0.4286
2025-06-23 20:54:16,802 [INFO] Epoch 138 | Train Loss: 0.9334 | Val Loss: 1.7404 | Val Acc: 0.3929
2025-06-23 20:54:16,818 [INFO] Epoch 139 | Train Loss: 0.9250 | Val Loss: 1.6911 | Val Acc: 0.4107
2025-06-23 20:54:16,833 [INFO] Epoch 140 | Train Loss: 0.9374 | Val Loss: 1.4403 | Val Acc: 0.3929
2025-06-23 20:54:18,104 [INFO] Epoch 141 | Train Loss: 0.8759 | Val Loss: 1.3291 | Val Acc: 0.4107
2025-06-23 20:54:18,121 [INFO] Epoch 142 | Train Loss: 0.8753 | Val Loss: 1.3747 | Val Acc: 0.3393
2025-06-23 20:54:18,141 [INFO] Epoch 143 | Train Loss: 0.9029 | Val Loss: 1.3904 | Val Acc: 0.3571
2025-06-23 20:54:18,161 [INFO] Epoch 144 | Train Loss: 0.9547 | Val Loss: 1.4606 | Val Acc: 0.3214
2025-06-23 20:54:18,180 [INFO] Epoch 145 | Train Loss: 0.8828 | Val Loss: 1.4317 | Val Acc: 0.4286
2025-06-23 20:54:18,198 [INFO] Epoch 146 | Train Loss: 0.8652 | Val Loss: 1.3758 | Val Acc: 0.4464
2025-06-23 20:54:18,214 [INFO] Epoch 147 | Train Loss: 0.8619 | Val Loss: 1.6086 | Val Acc: 0.4464
2025-06-23 20:54:18,230 [INFO] Epoch 148 | Train Loss: 0.8721 | Val Loss: 1.7662 | Val Acc: 0.4107
2025-06-23 20:54:18,253 [INFO] Epoch 149 | Train Loss: 0.8567 | Val Loss: 1.6179 | Val Acc: 0.3929
2025-06-23 20:54:18,270 [INFO] Epoch 150 | Train Loss: 0.7567 | Val Loss: 1.5753 | Val Acc: 0.3393
2025-06-23 20:54:21,916 [INFO] Epoch 151 | Train Loss: 0.9058 | Val Loss: 1.5523 | Val Acc: 0.3214
2025-06-23 20:54:21,941 [INFO] Epoch 152 | Train Loss: 0.8948 | Val Loss: 1.4142 | Val Acc: 0.4107
2025-06-23 20:54:21,979 [INFO] Epoch 153 | Train Loss: 0.8304 | Val Loss: 1.4875 | Val Acc: 0.4107
2025-06-23 20:54:22,008 [INFO] Epoch 154 | Train Loss: 0.8695 | Val Loss: 1.5514 | Val Acc: 0.4821
2025-06-23 20:54:22,035 [INFO] Epoch 155 | Train Loss: 0.7980 | Val Loss: 1.5333 | Val Acc: 0.4286
2025-06-23 20:54:22,060 [INFO] Epoch 156 | Train Loss: 0.8265 | Val Loss: 1.4401 | Val Acc: 0.4643
2025-06-23 20:54:22,080 [INFO] Epoch 157 | Train Loss: 0.7890 | Val Loss: 1.2301 | Val Acc: 0.4286
2025-06-23 20:54:22,096 [INFO] Epoch 158 | Train Loss: 0.8368 | Val Loss: 1.3197 | Val Acc: 0.3393
2025-06-23 20:54:22,117 [INFO] Epoch 159 | Train Loss: 0.8034 | Val Loss: 1.4253 | Val Acc: 0.3036
2025-06-23 20:54:22,135 [INFO] Epoch 160 | Train Loss: 0.8253 | Val Loss: 1.5449 | Val Acc: 0.3750
2025-06-23 20:54:23,460 [INFO] Epoch 161 | Train Loss: 0.8590 | Val Loss: 1.6052 | Val Acc: 0.3393
2025-06-23 20:54:23,489 [INFO] Epoch 162 | Train Loss: 0.8209 | Val Loss: 2.5276 | Val Acc: 0.3036
2025-06-23 20:54:23,511 [INFO] Epoch 163 | Train Loss: 0.9655 | Val Loss: 1.9966 | Val Acc: 0.3929
2025-06-23 20:54:23,537 [INFO] Epoch 164 | Train Loss: 0.8509 | Val Loss: 1.7873 | Val Acc: 0.4286
2025-06-23 20:54:23,554 [INFO] Epoch 165 | Train Loss: 0.8938 | Val Loss: 1.8801 | Val Acc: 0.3393
2025-06-23 20:54:23,570 [INFO] Epoch 166 | Train Loss: 0.9134 | Val Loss: 1.6278 | Val Acc: 0.3571
2025-06-23 20:54:23,586 [INFO] Epoch 167 | Train Loss: 0.8052 | Val Loss: 1.5602 | Val Acc: 0.4107
2025-06-23 20:54:23,601 [INFO] Epoch 168 | Train Loss: 0.8812 | Val Loss: 1.9027 | Val Acc: 0.4107
2025-06-23 20:54:23,622 [INFO] Epoch 169 | Train Loss: 0.8539 | Val Loss: 2.1940 | Val Acc: 0.4107
2025-06-23 20:54:23,643 [INFO] Epoch 170 | Train Loss: 0.9096 | Val Loss: 1.8198 | Val Acc: 0.4107
2025-06-23 20:54:24,911 [INFO] Epoch 171 | Train Loss: 0.8538 | Val Loss: 1.7706 | Val Acc: 0.3750
2025-06-23 20:54:24,932 [INFO] Epoch 172 | Train Loss: 0.8606 | Val Loss: 1.6802 | Val Acc: 0.3750
2025-06-23 20:54:24,955 [INFO] Epoch 173 | Train Loss: 0.8385 | Val Loss: 1.5350 | Val Acc: 0.3571
2025-06-23 20:54:24,976 [INFO] Epoch 174 | Train Loss: 0.8243 | Val Loss: 1.5269 | Val Acc: 0.3036
2025-06-23 20:54:24,997 [INFO] Epoch 175 | Train Loss: 0.8825 | Val Loss: 1.5663 | Val Acc: 0.4286
2025-06-23 20:54:25,013 [INFO] Epoch 176 | Train Loss: 0.8352 | Val Loss: 1.4360 | Val Acc: 0.5000
2025-06-23 20:54:25,029 [INFO] Epoch 177 | Train Loss: 0.8808 | Val Loss: 1.3662 | Val Acc: 0.5000
2025-06-23 20:54:25,045 [INFO] Epoch 178 | Train Loss: 0.9381 | Val Loss: 1.4930 | Val Acc: 0.4464
2025-06-23 20:54:25,061 [INFO] Epoch 179 | Train Loss: 0.8596 | Val Loss: 1.7137 | Val Acc: 0.4107
2025-06-23 20:54:25,077 [INFO] Epoch 180 | Train Loss: 0.8164 | Val Loss: 1.6720 | Val Acc: 0.3393
2025-06-23 20:54:26,316 [INFO] Epoch 181 | Train Loss: 0.8067 | Val Loss: 1.6000 | Val Acc: 0.3750
2025-06-23 20:54:26,333 [INFO] Epoch 182 | Train Loss: 0.8548 | Val Loss: 1.7627 | Val Acc: 0.4286
2025-06-23 20:54:26,353 [INFO] Epoch 183 | Train Loss: 0.9035 | Val Loss: 2.0033 | Val Acc: 0.3571
2025-06-23 20:54:26,374 [INFO] Epoch 184 | Train Loss: 0.8179 | Val Loss: 1.6482 | Val Acc: 0.3929
2025-06-23 20:54:26,392 [INFO] Epoch 185 | Train Loss: 0.8446 | Val Loss: 1.7554 | Val Acc: 0.3571
2025-06-23 20:54:26,412 [INFO] Epoch 186 | Train Loss: 0.8526 | Val Loss: 1.8680 | Val Acc: 0.3571
2025-06-23 20:54:26,429 [INFO] Epoch 187 | Train Loss: 0.8333 | Val Loss: 1.8099 | Val Acc: 0.3571
2025-06-23 20:54:26,445 [INFO] Epoch 188 | Train Loss: 0.8476 | Val Loss: 1.6759 | Val Acc: 0.3929
2025-06-23 20:54:26,461 [INFO] Epoch 189 | Train Loss: 0.8155 | Val Loss: 1.5082 | Val Acc: 0.4107
2025-06-23 20:54:26,477 [INFO] Epoch 190 | Train Loss: 0.7325 | Val Loss: 1.3682 | Val Acc: 0.3393
2025-06-23 20:54:29,151 [INFO] Epoch 191 | Train Loss: 0.7427 | Val Loss: 1.5113 | Val Acc: 0.4286
2025-06-23 20:54:29,170 [INFO] Epoch 192 | Train Loss: 0.8965 | Val Loss: 1.4993 | Val Acc: 0.4821
2025-06-23 20:54:29,191 [INFO] Epoch 193 | Train Loss: 0.7523 | Val Loss: 1.5407 | Val Acc: 0.4286
2025-06-23 20:54:29,215 [INFO] Epoch 194 | Train Loss: 0.7415 | Val Loss: 1.5764 | Val Acc: 0.4464
2025-06-23 20:54:29,236 [INFO] Epoch 195 | Train Loss: 0.8132 | Val Loss: 1.7182 | Val Acc: 0.3929
2025-06-23 20:54:29,253 [INFO] Epoch 196 | Train Loss: 0.7973 | Val Loss: 1.9109 | Val Acc: 0.3393
2025-06-23 20:54:29,269 [INFO] Epoch 197 | Train Loss: 0.9114 | Val Loss: 1.6847 | Val Acc: 0.3393
2025-06-23 20:54:29,284 [INFO] Epoch 198 | Train Loss: 0.7801 | Val Loss: 1.7390 | Val Acc: 0.3571
2025-06-23 20:54:29,300 [INFO] Epoch 199 | Train Loss: 0.7562 | Val Loss: 1.5759 | Val Acc: 0.3393
2025-06-23 20:54:29,332 [INFO] Epoch 200 | Train Loss: 0.7711 | Val Loss: 1.6065 | Val Acc: 0.3571
2025-06-23 20:54:30,649 [INFO] Epoch 201 | Train Loss: 0.8519 | Val Loss: 1.9177 | Val Acc: 0.3929
2025-06-23 20:54:30,672 [INFO] Epoch 202 | Train Loss: 0.7451 | Val Loss: 1.6199 | Val Acc: 0.3929
2025-06-23 20:54:30,692 [INFO] Epoch 203 | Train Loss: 0.7494 | Val Loss: 1.4390 | Val Acc: 0.3929
2025-06-23 20:54:30,713 [INFO] Epoch 204 | Train Loss: 0.7741 | Val Loss: 1.4962 | Val Acc: 0.4821
2025-06-23 20:54:30,733 [INFO] Epoch 205 | Train Loss: 0.7747 | Val Loss: 1.5462 | Val Acc: 0.3750
2025-06-23 20:54:30,750 [INFO] Epoch 206 | Train Loss: 0.7877 | Val Loss: 1.7200 | Val Acc: 0.5000
2025-06-23 20:54:30,766 [INFO] Epoch 207 | Train Loss: 0.7683 | Val Loss: 1.4478 | Val Acc: 0.3929
2025-06-23 20:54:30,782 [INFO] Epoch 208 | Train Loss: 0.7428 | Val Loss: 1.4723 | Val Acc: 0.4464
2025-06-23 20:54:30,799 [INFO] Epoch 209 | Train Loss: 0.7966 | Val Loss: 1.6327 | Val Acc: 0.3929
2025-06-23 20:54:30,816 [INFO] Epoch 210 | Train Loss: 0.8004 | Val Loss: 1.5877 | Val Acc: 0.4464
2025-06-23 20:54:32,118 [INFO] Epoch 211 | Train Loss: 0.7955 | Val Loss: 1.5731 | Val Acc: 0.3929
2025-06-23 20:54:32,138 [INFO] Epoch 212 | Train Loss: 0.6822 | Val Loss: 1.6792 | Val Acc: 0.4464
2025-06-23 20:54:32,158 [INFO] Epoch 213 | Train Loss: 0.8662 | Val Loss: 2.2571 | Val Acc: 0.3393
2025-06-23 20:54:32,178 [INFO] Epoch 214 | Train Loss: 0.7430 | Val Loss: 1.8742 | Val Acc: 0.3393
2025-06-23 20:54:32,197 [INFO] Epoch 215 | Train Loss: 0.7697 | Val Loss: 1.5924 | Val Acc: 0.4821
2025-06-23 20:54:32,214 [INFO] Epoch 216 | Train Loss: 0.8015 | Val Loss: 1.5579 | Val Acc: 0.4464
2025-06-23 20:54:32,229 [INFO] Epoch 217 | Train Loss: 0.7647 | Val Loss: 1.5714 | Val Acc: 0.5357
2025-06-23 20:54:32,232 [INFO] New best model at epoch 217 (Val Acc: 0.5357)
2025-06-23 20:54:32,248 [INFO] Epoch 218 | Train Loss: 0.7587 | Val Loss: 1.7541 | Val Acc: 0.3393
2025-06-23 20:54:32,263 [INFO] Epoch 219 | Train Loss: 0.7282 | Val Loss: 2.2412 | Val Acc: 0.4107
2025-06-23 20:54:32,279 [INFO] Epoch 220 | Train Loss: 0.9261 | Val Loss: 1.8297 | Val Acc: 0.4107
2025-06-23 20:54:33,571 [INFO] Epoch 221 | Train Loss: 0.7989 | Val Loss: 1.6571 | Val Acc: 0.4286
2025-06-23 20:54:33,591 [INFO] Epoch 222 | Train Loss: 0.8192 | Val Loss: 1.6985 | Val Acc: 0.4286
2025-06-23 20:54:33,612 [INFO] Epoch 223 | Train Loss: 0.8103 | Val Loss: 1.7202 | Val Acc: 0.5179
2025-06-23 20:54:33,631 [INFO] Epoch 224 | Train Loss: 0.7552 | Val Loss: 1.6403 | Val Acc: 0.4107
2025-06-23 20:54:33,652 [INFO] Epoch 225 | Train Loss: 0.8204 | Val Loss: 1.8538 | Val Acc: 0.3750
2025-06-23 20:54:33,672 [INFO] Epoch 226 | Train Loss: 0.7235 | Val Loss: 1.7407 | Val Acc: 0.3929
2025-06-23 20:54:33,689 [INFO] Epoch 227 | Train Loss: 0.7449 | Val Loss: 1.9774 | Val Acc: 0.3571
2025-06-23 20:54:33,704 [INFO] Epoch 228 | Train Loss: 0.7556 | Val Loss: 1.8459 | Val Acc: 0.4107
2025-06-23 20:54:33,721 [INFO] Epoch 229 | Train Loss: 0.8294 | Val Loss: 1.9688 | Val Acc: 0.4286
2025-06-23 20:54:33,737 [INFO] Epoch 230 | Train Loss: 0.7878 | Val Loss: 2.0916 | Val Acc: 0.4286
2025-06-23 20:54:35,030 [INFO] Epoch 231 | Train Loss: 0.8495 | Val Loss: 1.9035 | Val Acc: 0.4286
2025-06-23 20:54:35,051 [INFO] Epoch 232 | Train Loss: 0.8042 | Val Loss: 1.8640 | Val Acc: 0.4286
2025-06-23 20:54:35,072 [INFO] Epoch 233 | Train Loss: 0.7981 | Val Loss: 1.9118 | Val Acc: 0.3929
2025-06-23 20:54:35,096 [INFO] Epoch 234 | Train Loss: 0.8361 | Val Loss: 2.0191 | Val Acc: 0.3571
2025-06-23 20:54:35,118 [INFO] Epoch 235 | Train Loss: 0.8254 | Val Loss: 2.1986 | Val Acc: 0.3571
2025-06-23 20:54:35,134 [INFO] Epoch 236 | Train Loss: 0.8521 | Val Loss: 1.8197 | Val Acc: 0.4286
2025-06-23 20:54:35,150 [INFO] Epoch 237 | Train Loss: 0.8266 | Val Loss: 1.6653 | Val Acc: 0.4464
2025-06-23 20:54:35,166 [INFO] Epoch 238 | Train Loss: 0.7973 | Val Loss: 1.4768 | Val Acc: 0.4821
2025-06-23 20:54:35,182 [INFO] Epoch 239 | Train Loss: 0.7745 | Val Loss: 1.6125 | Val Acc: 0.4643
2025-06-23 20:54:35,198 [INFO] Epoch 240 | Train Loss: 0.7514 | Val Loss: 1.6829 | Val Acc: 0.4643
2025-06-23 20:54:36,497 [INFO] Epoch 241 | Train Loss: 0.9376 | Val Loss: 1.5320 | Val Acc: 0.4464
2025-06-23 20:54:36,515 [INFO] Epoch 242 | Train Loss: 0.7309 | Val Loss: 1.7513 | Val Acc: 0.3750
2025-06-23 20:54:36,540 [INFO] Epoch 243 | Train Loss: 0.7986 | Val Loss: 1.5506 | Val Acc: 0.4107
2025-06-23 20:54:36,567 [INFO] Epoch 244 | Train Loss: 0.7244 | Val Loss: 1.4076 | Val Acc: 0.4643
2025-06-23 20:54:36,588 [INFO] Epoch 245 | Train Loss: 0.7222 | Val Loss: 1.6162 | Val Acc: 0.4107
2025-06-23 20:54:36,604 [INFO] Epoch 246 | Train Loss: 0.8013 | Val Loss: 2.3498 | Val Acc: 0.3571
2025-06-23 20:54:36,620 [INFO] Epoch 247 | Train Loss: 0.6711 | Val Loss: 1.6560 | Val Acc: 0.3750
2025-06-23 20:54:36,636 [INFO] Epoch 248 | Train Loss: 0.7292 | Val Loss: 1.7745 | Val Acc: 0.3750
2025-06-23 20:54:36,652 [INFO] Epoch 249 | Train Loss: 0.8962 | Val Loss: 1.6531 | Val Acc: 0.4286
2025-06-23 20:54:36,668 [INFO] Epoch 250 | Train Loss: 0.8458 | Val Loss: 1.6999 | Val Acc: 0.3393
2025-06-23 20:54:41,710 [INFO] Epoch 251 | Train Loss: 0.6935 | Val Loss: 1.6787 | Val Acc: 0.3571
2025-06-23 20:54:41,733 [INFO] Epoch 252 | Train Loss: 0.7436 | Val Loss: 1.9187 | Val Acc: 0.4107
2025-06-23 20:54:41,758 [INFO] Epoch 253 | Train Loss: 0.7914 | Val Loss: 1.6914 | Val Acc: 0.3929
2025-06-23 20:54:41,786 [INFO] Epoch 254 | Train Loss: 0.8086 | Val Loss: 1.4169 | Val Acc: 0.4107
2025-06-23 20:54:41,805 [INFO] Epoch 255 | Train Loss: 0.7345 | Val Loss: 1.4677 | Val Acc: 0.3929
2025-06-23 20:54:41,823 [INFO] Epoch 256 | Train Loss: 0.7073 | Val Loss: 1.4956 | Val Acc: 0.4107
2025-06-23 20:54:41,859 [INFO] Epoch 257 | Train Loss: 0.7480 | Val Loss: 1.5589 | Val Acc: 0.4643
2025-06-23 20:54:41,884 [INFO] Epoch 258 | Train Loss: 0.7900 | Val Loss: 1.5518 | Val Acc: 0.5179
2025-06-23 20:54:41,916 [INFO] Epoch 259 | Train Loss: 0.6973 | Val Loss: 1.9681 | Val Acc: 0.5000
2025-06-23 20:54:41,937 [INFO] Epoch 260 | Train Loss: 0.8016 | Val Loss: 2.1798 | Val Acc: 0.4286
2025-06-23 20:54:43,287 [INFO] Epoch 261 | Train Loss: 0.8106 | Val Loss: 1.7022 | Val Acc: 0.5000
2025-06-23 20:54:43,308 [INFO] Epoch 262 | Train Loss: 0.8538 | Val Loss: 1.4899 | Val Acc: 0.5000
2025-06-23 20:54:43,330 [INFO] Epoch 263 | Train Loss: 0.7414 | Val Loss: 1.7110 | Val Acc: 0.4821
2025-06-23 20:54:43,353 [INFO] Epoch 264 | Train Loss: 0.7033 | Val Loss: 1.8175 | Val Acc: 0.4821
2025-06-23 20:54:43,383 [INFO] Epoch 265 | Train Loss: 0.8530 | Val Loss: 1.8328 | Val Acc: 0.3929
2025-06-23 20:54:43,402 [INFO] Epoch 266 | Train Loss: 0.7331 | Val Loss: 2.0187 | Val Acc: 0.4107
2025-06-23 20:54:43,420 [INFO] Epoch 267 | Train Loss: 0.6750 | Val Loss: 1.8786 | Val Acc: 0.3750
2025-06-23 20:54:43,438 [INFO] Epoch 268 | Train Loss: 0.8117 | Val Loss: 1.6150 | Val Acc: 0.4286
2025-06-23 20:54:43,461 [INFO] Epoch 269 | Train Loss: 0.8101 | Val Loss: 1.9802 | Val Acc: 0.4643
2025-06-23 20:54:43,483 [INFO] Epoch 270 | Train Loss: 0.7998 | Val Loss: 2.2884 | Val Acc: 0.4643
2025-06-23 20:54:44,835 [INFO] Epoch 271 | Train Loss: 0.7890 | Val Loss: 1.9071 | Val Acc: 0.3750
2025-06-23 20:54:44,857 [INFO] Epoch 272 | Train Loss: 0.7350 | Val Loss: 1.9314 | Val Acc: 0.4464
2025-06-23 20:54:44,889 [INFO] Epoch 273 | Train Loss: 0.6612 | Val Loss: 1.9080 | Val Acc: 0.4643
2025-06-23 20:54:44,916 [INFO] Epoch 274 | Train Loss: 0.6382 | Val Loss: 1.8257 | Val Acc: 0.4643
2025-06-23 20:54:44,933 [INFO] Epoch 275 | Train Loss: 0.6553 | Val Loss: 1.8213 | Val Acc: 0.4821
2025-06-23 20:54:44,949 [INFO] Epoch 276 | Train Loss: 0.6619 | Val Loss: 1.9343 | Val Acc: 0.4286
2025-06-23 20:54:44,965 [INFO] Epoch 277 | Train Loss: 0.6307 | Val Loss: 2.1642 | Val Acc: 0.3929
2025-06-23 20:54:44,981 [INFO] Epoch 278 | Train Loss: 0.6904 | Val Loss: 2.1588 | Val Acc: 0.3750
2025-06-23 20:54:44,996 [INFO] Epoch 279 | Train Loss: 0.7474 | Val Loss: 2.1901 | Val Acc: 0.4107
2025-06-23 20:54:45,012 [INFO] Epoch 280 | Train Loss: 0.7566 | Val Loss: 2.1938 | Val Acc: 0.3929
2025-06-23 20:54:46,422 [INFO] Epoch 281 | Train Loss: 0.6762 | Val Loss: 1.8765 | Val Acc: 0.3929
2025-06-23 20:54:46,443 [INFO] Epoch 282 | Train Loss: 0.6719 | Val Loss: 1.7388 | Val Acc: 0.4464
2025-06-23 20:54:46,463 [INFO] Epoch 283 | Train Loss: 0.7250 | Val Loss: 1.6993 | Val Acc: 0.5000
2025-06-23 20:54:46,484 [INFO] Epoch 284 | Train Loss: 0.7014 | Val Loss: 2.1827 | Val Acc: 0.4643
2025-06-23 20:54:46,506 [INFO] Epoch 285 | Train Loss: 0.6040 | Val Loss: 2.0507 | Val Acc: 0.4464
2025-06-23 20:54:46,523 [INFO] Epoch 286 | Train Loss: 0.7572 | Val Loss: 2.2291 | Val Acc: 0.4286
2025-06-23 20:54:46,541 [INFO] Epoch 287 | Train Loss: 0.7326 | Val Loss: 2.2531 | Val Acc: 0.3929
2025-06-23 20:54:46,556 [INFO] Epoch 288 | Train Loss: 0.6969 | Val Loss: 1.7921 | Val Acc: 0.4286
2025-06-23 20:54:46,571 [INFO] Epoch 289 | Train Loss: 0.6716 | Val Loss: 1.9537 | Val Acc: 0.3929
2025-06-23 20:54:46,587 [INFO] Epoch 290 | Train Loss: 0.6105 | Val Loss: 2.4367 | Val Acc: 0.4107
2025-06-23 20:54:48,038 [INFO] Epoch 291 | Train Loss: 0.6905 | Val Loss: 1.8024 | Val Acc: 0.4643
2025-06-23 20:54:48,058 [INFO] Epoch 292 | Train Loss: 0.6911 | Val Loss: 1.8864 | Val Acc: 0.4464
2025-06-23 20:54:48,078 [INFO] Epoch 293 | Train Loss: 0.6730 | Val Loss: 1.9395 | Val Acc: 0.4464
2025-06-23 20:54:48,101 [INFO] Epoch 294 | Train Loss: 0.7132 | Val Loss: 2.0542 | Val Acc: 0.4643
2025-06-23 20:54:48,123 [INFO] Epoch 295 | Train Loss: 0.6215 | Val Loss: 1.8828 | Val Acc: 0.4286
2025-06-23 20:54:48,139 [INFO] Epoch 296 | Train Loss: 0.6574 | Val Loss: 2.1017 | Val Acc: 0.4643
2025-06-23 20:54:48,157 [INFO] Epoch 297 | Train Loss: 0.6542 | Val Loss: 1.9052 | Val Acc: 0.5000
2025-06-23 20:54:48,179 [INFO] Epoch 298 | Train Loss: 0.6574 | Val Loss: 1.8614 | Val Acc: 0.5357
2025-06-23 20:54:48,195 [INFO] Epoch 299 | Train Loss: 0.6352 | Val Loss: 1.9019 | Val Acc: 0.5179
2025-06-23 20:54:48,212 [INFO] Epoch 300 | Train Loss: 0.5432 | Val Loss: 1.9361 | Val Acc: 0.4821
2025-06-23 20:54:50,633 [INFO] Best model saved to <built-in function time>/ENZYMES/best/best_source_gin.pth (Val Acc: 0.5357 at epoch 217)
2025-06-23 20:54:50,634 [INFO] Training/validation metrics saved to <built-in function time>/ENZYMES/GIN_0.01/train_metrics.csv
2025-06-23 20:54:51,886 [INFO] Final training curves saved
2025-06-23 20:54:51,886 [INFO] Training completed!
2025-06-23 20:54:51,886 [INFO] Best validation accuracy: 0.5357
2025-06-23 20:54:51,886 [INFO] Best epoch: 217
2025-06-23 20:54:51,886 [INFO] Total epochs trained: 300
2025-06-23 20:54:51,887 [INFO] Starting training with parameters: (0.01, 0.4, 64, 2, 300, 0.001)
