2025-06-20 17:50:29,968 [INFO] Using device: cpu
2025-06-20 17:50:29,968 [INFO] 开始创建数据加载器...
2025-06-20 17:50:29,970 [INFO] Successfully loaded dataset ENZYMES from ./data, total graphs: 600
2025-06-20 17:50:29,970 [INFO] Class allocation analysis:
2025-06-20 17:50:29,970 [INFO]   Source classes: [0, 1, 2, 3]
2025-06-20 17:50:29,970 [INFO]   Target classes: [0, 1, 2, 3, 4, 5]
2025-06-20 17:50:29,970 [INFO]   Overlap classes (to be split): [0, 1, 2, 3]
2025-06-20 17:50:29,970 [INFO]   Target novel classes (unknown): [4, 5]
2025-06-20 17:50:29,984 [INFO]   Class 0: 100 total -> Source: 70, Target: 30
2025-06-20 17:50:29,985 [INFO]   Class 1: 100 total -> Source: 70, Target: 30
2025-06-20 17:50:29,985 [INFO]   Class 2: 100 total -> Source: 70, Target: 30
2025-06-20 17:50:29,985 [INFO]   Class 3: 100 total -> Source: 70, Target: 30
2025-06-20 17:50:29,985 [INFO]   Class 4 (novel/unknown): 100 samples -> Target
2025-06-20 17:50:29,985 [INFO]   Class 5 (novel/unknown): 100 samples -> Target
2025-06-20 17:50:29,985 [INFO] Final allocation:
2025-06-20 17:50:29,985 [INFO]   Source domain: 280 samples
2025-06-20 17:50:29,985 [INFO]   Target domain: 320 samples
2025-06-20 17:50:29,987 [INFO] Source domain setup:
2025-06-20 17:50:29,987 [INFO]   Original classes: [0, 1, 2, 3]
2025-06-20 17:50:29,987 [INFO]   Overlap classes used: [0, 1, 2, 3]
2025-06-20 17:50:29,987 [INFO]   Label mapping: {0: 0, 1: 1, 2: 2, 3: 3}
2025-06-20 17:50:29,987 [INFO]   Total data after allocation: 280
2025-06-20 17:50:29,987 [INFO]   Data split - Train: 224, Val: 56
2025-06-20 17:50:29,987 [INFO]   Train label distribution: {0: 56, 1: 56, 3: 56, 2: 56}
2025-06-20 17:50:29,987 [INFO]   Val label distribution: {1: 14, 2: 14, 0: 14, 3: 14}
2025-06-20 17:50:29,989 [INFO] Successfully loaded dataset ENZYMES from ./data, total graphs: 600
2025-06-20 17:50:29,989 [INFO] Class allocation analysis:
2025-06-20 17:50:29,989 [INFO]   Source classes: [0, 1, 2, 3]
2025-06-20 17:50:29,989 [INFO]   Target classes: [0, 1, 2, 3, 4, 5]
2025-06-20 17:50:29,989 [INFO]   Overlap classes (to be split): [0, 1, 2, 3]
2025-06-20 17:50:29,989 [INFO]   Target novel classes (unknown): [4, 5]
2025-06-20 17:50:30,004 [INFO]   Class 0: 100 total -> Source: 70, Target: 30
2025-06-20 17:50:30,004 [INFO]   Class 1: 100 total -> Source: 70, Target: 30
2025-06-20 17:50:30,004 [INFO]   Class 2: 100 total -> Source: 70, Target: 30
2025-06-20 17:50:30,004 [INFO]   Class 3: 100 total -> Source: 70, Target: 30
2025-06-20 17:50:30,004 [INFO]   Class 4 (novel/unknown): 100 samples -> Target
2025-06-20 17:50:30,004 [INFO]   Class 5 (novel/unknown): 100 samples -> Target
2025-06-20 17:50:30,004 [INFO] Final allocation:
2025-06-20 17:50:30,005 [INFO]   Source domain: 280 samples
2025-06-20 17:50:30,005 [INFO]   Target domain: 320 samples
2025-06-20 17:50:30,006 [INFO] Target domain setup:
2025-06-20 17:50:30,006 [INFO]   Original classes: [0, 1, 2, 3, 4, 5]
2025-06-20 17:50:30,006 [INFO]   Overlap classes: [0, 1, 2, 3]
2025-06-20 17:50:30,006 [INFO]   Novel classes: [4, 5] -> mapped to unknown label 4
2025-06-20 17:50:30,006 [INFO]   Label mapping: {0: 0, 1: 1, 2: 2, 3: 3, 4: 4, 5: 4}
2025-06-20 17:50:30,006 [INFO]   Total data after allocation: 320
2025-06-20 17:50:30,006 [INFO]   Data split - Train: 256, Val: 64
2025-06-20 17:50:30,006 [INFO]   Total count: 320 (known: 120, unknown: 200)
2025-06-20 17:50:30,006 [INFO]   Total label distribution: {4: 200, 3: 30, 0: 30, 1: 30, 2: 30}
2025-06-20 17:50:30,006 [INFO]   Train label distribution: {4: 160, 0: 24, 2: 24, 3: 24, 1: 24}
2025-06-20 17:50:30,006 [INFO]   Val label distribution: {1: 6, 4: 40, 3: 6, 0: 6, 2: 6}
2025-06-20 17:50:30,007 [INFO] 数据加载器创建完成!
2025-06-20 17:50:30,007 [INFO] 源域类别数: 4 (重叠类别)
2025-06-20 17:50:30,007 [INFO] 目标域类别数: 5 (4个重叠类别 + 1个未知类别)
2025-06-20 17:50:30,007 [INFO] 重叠类别: [0, 1, 2, 3]
2025-06-20 17:50:30,007 [INFO] 目标域新类别: [4, 5]
2025-06-20 17:50:30,007 [INFO] Data allocation verification:
2025-06-20 17:50:30,007 [INFO]   Source data samples: 280
2025-06-20 17:50:30,007 [INFO]   Target data samples: 320
2025-06-20 17:50:30,007 [INFO]   Overlapping samples: 0
2025-06-20 17:50:30,007 [INFO]   ✓ Data allocation is correct - no overlapping samples
2025-06-20 17:50:30,008 [INFO] Model initialized with 51588 parameters
2025-06-20 17:50:30,009 [INFO] Previous best validation accuracy read from record.txt: 0.6071
2025-06-20 17:50:30,009 [INFO] Starting training...
2025-06-20 17:50:30,034 [INFO] Epoch 001 | Train Loss: 6.9346 | Val Loss: 2.0588 | Val Acc: 0.3214
2025-06-20 17:50:30,147 [INFO] New best model at epoch 1 (Val Acc: 0.3214)
2025-06-20 17:50:30,172 [INFO] Epoch 002 | Train Loss: 4.6571 | Val Loss: 2.3585 | Val Acc: 0.2500
2025-06-20 17:50:30,234 [INFO] Epoch 003 | Train Loss: 3.7458 | Val Loss: 2.2871 | Val Acc: 0.2857
2025-06-20 17:50:30,261 [INFO] Epoch 004 | Train Loss: 3.0559 | Val Loss: 2.4010 | Val Acc: 0.3214
2025-06-20 17:50:30,285 [INFO] Epoch 005 | Train Loss: 3.8043 | Val Loss: 2.5440 | Val Acc: 0.3571
2025-06-20 17:50:30,288 [INFO] New best model at epoch 5 (Val Acc: 0.3571)
2025-06-20 17:50:30,307 [INFO] Epoch 006 | Train Loss: 3.4054 | Val Loss: 2.2721 | Val Acc: 0.3750
2025-06-20 17:50:30,310 [INFO] New best model at epoch 6 (Val Acc: 0.3750)
2025-06-20 17:50:30,342 [INFO] Epoch 007 | Train Loss: 2.7152 | Val Loss: 2.1260 | Val Acc: 0.3750
2025-06-20 17:50:30,371 [INFO] Epoch 008 | Train Loss: 3.1274 | Val Loss: 2.1875 | Val Acc: 0.3929
2025-06-20 17:50:30,375 [INFO] New best model at epoch 8 (Val Acc: 0.3929)
2025-06-20 17:50:30,406 [INFO] Epoch 009 | Train Loss: 2.8777 | Val Loss: 2.3209 | Val Acc: 0.3929
2025-06-20 17:50:30,436 [INFO] Epoch 010 | Train Loss: 2.8996 | Val Loss: 2.2058 | Val Acc: 0.4107
2025-06-20 17:50:30,568 [INFO] New best model at epoch 10 (Val Acc: 0.4107)
2025-06-20 17:50:30,590 [INFO] Epoch 011 | Train Loss: 2.6506 | Val Loss: 2.3472 | Val Acc: 0.4107
2025-06-20 17:50:30,615 [INFO] Epoch 012 | Train Loss: 2.5425 | Val Loss: 2.7725 | Val Acc: 0.3571
2025-06-20 17:50:30,637 [INFO] Epoch 013 | Train Loss: 2.8619 | Val Loss: 2.6934 | Val Acc: 0.3571
2025-06-20 17:50:30,661 [INFO] Epoch 014 | Train Loss: 2.7645 | Val Loss: 3.0598 | Val Acc: 0.3750
2025-06-20 17:50:30,688 [INFO] Epoch 015 | Train Loss: 2.3790 | Val Loss: 2.4585 | Val Acc: 0.4464
2025-06-20 17:50:30,692 [INFO] New best model at epoch 15 (Val Acc: 0.4464)
2025-06-20 17:50:30,715 [INFO] Epoch 016 | Train Loss: 2.3212 | Val Loss: 2.2313 | Val Acc: 0.4286
2025-06-20 17:50:30,740 [INFO] Epoch 017 | Train Loss: 2.5214 | Val Loss: 2.1101 | Val Acc: 0.3571
2025-06-20 17:50:30,767 [INFO] Epoch 018 | Train Loss: 2.5747 | Val Loss: 2.2402 | Val Acc: 0.3929
2025-06-20 17:50:30,791 [INFO] Epoch 019 | Train Loss: 2.4574 | Val Loss: 2.0542 | Val Acc: 0.4286
2025-06-20 17:50:30,818 [INFO] Epoch 020 | Train Loss: 2.5659 | Val Loss: 2.2724 | Val Acc: 0.4286
2025-06-20 17:50:31,039 [INFO] Epoch 021 | Train Loss: 2.2619 | Val Loss: 2.2187 | Val Acc: 0.3750
2025-06-20 17:50:31,074 [INFO] Epoch 022 | Train Loss: 2.6028 | Val Loss: 2.3183 | Val Acc: 0.3571
2025-06-20 17:50:31,104 [INFO] Epoch 023 | Train Loss: 2.4007 | Val Loss: 2.5010 | Val Acc: 0.3929
2025-06-20 17:50:31,131 [INFO] Epoch 024 | Train Loss: 2.0750 | Val Loss: 2.4642 | Val Acc: 0.3929
2025-06-20 17:50:31,157 [INFO] Epoch 025 | Train Loss: 1.9238 | Val Loss: 2.2393 | Val Acc: 0.4286
2025-06-20 17:50:31,182 [INFO] Epoch 026 | Train Loss: 2.4033 | Val Loss: 2.3626 | Val Acc: 0.5179
2025-06-20 17:50:31,185 [INFO] New best model at epoch 26 (Val Acc: 0.5179)
2025-06-20 17:50:31,208 [INFO] Epoch 027 | Train Loss: 2.0691 | Val Loss: 2.3355 | Val Acc: 0.4643
2025-06-20 17:50:31,242 [INFO] Epoch 028 | Train Loss: 2.2931 | Val Loss: 2.1787 | Val Acc: 0.4643
2025-06-20 17:50:31,282 [INFO] Epoch 029 | Train Loss: 1.9017 | Val Loss: 2.0417 | Val Acc: 0.4107
2025-06-20 17:50:31,342 [INFO] Epoch 030 | Train Loss: 2.1594 | Val Loss: 2.3165 | Val Acc: 0.4286
2025-06-20 17:50:31,511 [INFO] Epoch 031 | Train Loss: 2.1389 | Val Loss: 2.2664 | Val Acc: 0.4821
2025-06-20 17:50:31,560 [INFO] Epoch 032 | Train Loss: 1.9875 | Val Loss: 2.3781 | Val Acc: 0.4286
2025-06-20 17:50:31,613 [INFO] Epoch 033 | Train Loss: 2.2870 | Val Loss: 2.7796 | Val Acc: 0.3929
2025-06-20 17:50:31,657 [INFO] Epoch 034 | Train Loss: 1.9179 | Val Loss: 2.4734 | Val Acc: 0.4107
2025-06-20 17:50:31,698 [INFO] Epoch 035 | Train Loss: 2.3594 | Val Loss: 2.4064 | Val Acc: 0.4107
2025-06-20 17:50:31,747 [INFO] Epoch 036 | Train Loss: 2.0529 | Val Loss: 2.7440 | Val Acc: 0.4107
2025-06-20 17:50:31,793 [INFO] Epoch 037 | Train Loss: 1.8616 | Val Loss: 2.4387 | Val Acc: 0.3571
2025-06-20 17:50:31,834 [INFO] Epoch 038 | Train Loss: 1.9864 | Val Loss: 2.1209 | Val Acc: 0.4821
2025-06-20 17:50:31,877 [INFO] Epoch 039 | Train Loss: 1.8446 | Val Loss: 2.2119 | Val Acc: 0.4821
2025-06-20 17:50:31,927 [INFO] Epoch 040 | Train Loss: 2.2023 | Val Loss: 2.4943 | Val Acc: 0.4821
2025-06-20 17:50:32,140 [INFO] Epoch 041 | Train Loss: 1.8080 | Val Loss: 2.5276 | Val Acc: 0.4643
2025-06-20 17:50:32,191 [INFO] Epoch 042 | Train Loss: 1.7018 | Val Loss: 2.4151 | Val Acc: 0.4643
2025-06-20 17:50:32,246 [INFO] Epoch 043 | Train Loss: 1.8274 | Val Loss: 2.3825 | Val Acc: 0.5000
2025-06-20 17:50:32,288 [INFO] Epoch 044 | Train Loss: 1.7881 | Val Loss: 2.4073 | Val Acc: 0.5357
2025-06-20 17:50:32,292 [INFO] New best model at epoch 44 (Val Acc: 0.5357)
2025-06-20 17:50:32,336 [INFO] Epoch 045 | Train Loss: 1.9004 | Val Loss: 2.3993 | Val Acc: 0.5179
2025-06-20 17:50:32,371 [INFO] Epoch 046 | Train Loss: 1.6085 | Val Loss: 2.3403 | Val Acc: 0.3929
2025-06-20 17:50:32,403 [INFO] Epoch 047 | Train Loss: 2.1658 | Val Loss: 2.3899 | Val Acc: 0.4107
2025-06-20 17:50:32,439 [INFO] Epoch 048 | Train Loss: 2.0316 | Val Loss: 2.3291 | Val Acc: 0.3929
2025-06-20 17:50:32,475 [INFO] Epoch 049 | Train Loss: 1.9510 | Val Loss: 2.3160 | Val Acc: 0.3571
2025-06-20 17:50:32,510 [INFO] Epoch 050 | Train Loss: 1.9583 | Val Loss: 2.1350 | Val Acc: 0.3571
2025-06-20 17:50:32,656 [INFO] Epoch 051 | Train Loss: 1.8828 | Val Loss: 2.1658 | Val Acc: 0.3750
2025-06-20 17:50:32,695 [INFO] Epoch 052 | Train Loss: 1.9015 | Val Loss: 2.3182 | Val Acc: 0.3929
2025-06-20 17:50:32,733 [INFO] Epoch 053 | Train Loss: 1.7360 | Val Loss: 2.3805 | Val Acc: 0.3750
2025-06-20 17:50:32,768 [INFO] Epoch 054 | Train Loss: 1.4825 | Val Loss: 2.4912 | Val Acc: 0.4286
2025-06-20 17:50:32,801 [INFO] Epoch 055 | Train Loss: 1.6622 | Val Loss: 2.2720 | Val Acc: 0.4107
2025-06-20 17:50:32,830 [INFO] Epoch 056 | Train Loss: 2.2146 | Val Loss: 2.3246 | Val Acc: 0.3929
2025-06-20 17:50:32,859 [INFO] Epoch 057 | Train Loss: 2.0076 | Val Loss: 2.2429 | Val Acc: 0.4286
2025-06-20 17:50:32,887 [INFO] Epoch 058 | Train Loss: 2.0631 | Val Loss: 2.3247 | Val Acc: 0.3929
2025-06-20 17:50:32,914 [INFO] Epoch 059 | Train Loss: 1.9981 | Val Loss: 2.1302 | Val Acc: 0.4643
2025-06-20 17:50:32,939 [INFO] Epoch 060 | Train Loss: 1.8721 | Val Loss: 2.2558 | Val Acc: 0.3571
2025-06-20 17:50:33,106 [INFO] Epoch 061 | Train Loss: 1.7875 | Val Loss: 2.4133 | Val Acc: 0.4286
2025-06-20 17:50:33,138 [INFO] Epoch 062 | Train Loss: 1.7693 | Val Loss: 2.1947 | Val Acc: 0.4643
2025-06-20 17:50:33,162 [INFO] Epoch 063 | Train Loss: 1.7351 | Val Loss: 1.9347 | Val Acc: 0.4821
2025-06-20 17:50:33,189 [INFO] Epoch 064 | Train Loss: 1.7505 | Val Loss: 2.0509 | Val Acc: 0.4286
2025-06-20 17:50:33,215 [INFO] Epoch 065 | Train Loss: 1.6884 | Val Loss: 2.0609 | Val Acc: 0.4821
2025-06-20 17:50:33,241 [INFO] Epoch 066 | Train Loss: 1.6955 | Val Loss: 2.1350 | Val Acc: 0.4286
2025-06-20 17:50:33,268 [INFO] Epoch 067 | Train Loss: 1.6632 | Val Loss: 2.1025 | Val Acc: 0.4643
2025-06-20 17:50:33,292 [INFO] Epoch 068 | Train Loss: 1.6507 | Val Loss: 2.1845 | Val Acc: 0.4464
2025-06-20 17:50:33,319 [INFO] Epoch 069 | Train Loss: 1.7758 | Val Loss: 2.1636 | Val Acc: 0.5000
2025-06-20 17:50:33,350 [INFO] Epoch 070 | Train Loss: 1.5111 | Val Loss: 2.2365 | Val Acc: 0.5000
2025-06-20 17:50:33,512 [INFO] Epoch 071 | Train Loss: 1.4142 | Val Loss: 2.3385 | Val Acc: 0.5000
2025-06-20 17:50:33,536 [INFO] Epoch 072 | Train Loss: 1.7826 | Val Loss: 2.6525 | Val Acc: 0.4464
2025-06-20 17:50:33,564 [INFO] Epoch 073 | Train Loss: 1.5199 | Val Loss: 2.6027 | Val Acc: 0.4643
2025-06-20 17:50:33,601 [INFO] Epoch 074 | Train Loss: 1.5461 | Val Loss: 2.4398 | Val Acc: 0.4821
2025-06-20 17:50:33,629 [INFO] Epoch 075 | Train Loss: 1.4421 | Val Loss: 2.3024 | Val Acc: 0.5000
2025-06-20 17:50:33,655 [INFO] Epoch 076 | Train Loss: 1.7029 | Val Loss: 2.1347 | Val Acc: 0.5000
2025-06-20 17:50:33,687 [INFO] Epoch 077 | Train Loss: 1.4483 | Val Loss: 2.0217 | Val Acc: 0.4464
2025-06-20 17:50:33,713 [INFO] Epoch 078 | Train Loss: 1.3579 | Val Loss: 2.2283 | Val Acc: 0.4107
2025-06-20 17:50:33,742 [INFO] Epoch 079 | Train Loss: 1.5047 | Val Loss: 2.0963 | Val Acc: 0.4464
2025-06-20 17:50:33,772 [INFO] Epoch 080 | Train Loss: 1.4180 | Val Loss: 2.2353 | Val Acc: 0.4643
2025-06-20 17:50:33,932 [INFO] Epoch 081 | Train Loss: 1.6643 | Val Loss: 2.2141 | Val Acc: 0.4107
2025-06-20 17:50:33,957 [INFO] Epoch 082 | Train Loss: 1.7163 | Val Loss: 2.0998 | Val Acc: 0.4464
2025-06-20 17:50:33,986 [INFO] Epoch 083 | Train Loss: 1.4479 | Val Loss: 2.3619 | Val Acc: 0.4643
2025-06-20 17:50:34,010 [INFO] Epoch 084 | Train Loss: 1.3097 | Val Loss: 2.2048 | Val Acc: 0.4107
2025-06-20 17:50:34,038 [INFO] Epoch 085 | Train Loss: 1.6308 | Val Loss: 2.0577 | Val Acc: 0.3750
2025-06-20 17:50:34,066 [INFO] Epoch 086 | Train Loss: 1.6053 | Val Loss: 2.0268 | Val Acc: 0.4643
2025-06-20 17:50:34,090 [INFO] Epoch 087 | Train Loss: 1.2878 | Val Loss: 2.2471 | Val Acc: 0.4464
2025-06-20 17:50:34,117 [INFO] Epoch 088 | Train Loss: 1.4171 | Val Loss: 2.3429 | Val Acc: 0.4643
2025-06-20 17:50:34,145 [INFO] Epoch 089 | Train Loss: 1.4536 | Val Loss: 2.4656 | Val Acc: 0.4107
2025-06-20 17:50:34,171 [INFO] Epoch 090 | Train Loss: 1.5491 | Val Loss: 2.0802 | Val Acc: 0.4464
2025-06-20 17:50:34,323 [INFO] Epoch 091 | Train Loss: 1.3986 | Val Loss: 2.0337 | Val Acc: 0.4286
2025-06-20 17:50:34,348 [INFO] Epoch 092 | Train Loss: 1.3893 | Val Loss: 1.9994 | Val Acc: 0.3393
2025-06-20 17:50:34,371 [INFO] Epoch 093 | Train Loss: 1.4732 | Val Loss: 2.1180 | Val Acc: 0.3929
2025-06-20 17:50:34,404 [INFO] Epoch 094 | Train Loss: 1.8011 | Val Loss: 2.2152 | Val Acc: 0.4107
2025-06-20 17:50:34,428 [INFO] Epoch 095 | Train Loss: 1.2000 | Val Loss: 2.4847 | Val Acc: 0.3929
2025-06-20 17:50:34,453 [INFO] Epoch 096 | Train Loss: 1.2821 | Val Loss: 2.4690 | Val Acc: 0.3929
2025-06-20 17:50:34,480 [INFO] Epoch 097 | Train Loss: 1.2895 | Val Loss: 2.1513 | Val Acc: 0.4464
2025-06-20 17:50:34,508 [INFO] Epoch 098 | Train Loss: 1.5323 | Val Loss: 2.1005 | Val Acc: 0.4464
2025-06-20 17:50:34,538 [INFO] Epoch 099 | Train Loss: 1.7122 | Val Loss: 2.0516 | Val Acc: 0.4821
2025-06-20 17:50:34,569 [INFO] Epoch 100 | Train Loss: 1.0637 | Val Loss: 2.2795 | Val Acc: 0.4107
2025-06-20 17:50:34,716 [INFO] Epoch 101 | Train Loss: 1.4754 | Val Loss: 2.6644 | Val Acc: 0.3571
2025-06-20 17:50:34,744 [INFO] Epoch 102 | Train Loss: 1.4694 | Val Loss: 2.4243 | Val Acc: 0.4107
2025-06-20 17:50:34,771 [INFO] Epoch 103 | Train Loss: 1.1172 | Val Loss: 2.0903 | Val Acc: 0.4643
2025-06-20 17:50:34,801 [INFO] Epoch 104 | Train Loss: 1.2715 | Val Loss: 2.1732 | Val Acc: 0.4286
2025-06-20 17:50:34,834 [INFO] Epoch 105 | Train Loss: 1.5264 | Val Loss: 2.2508 | Val Acc: 0.4107
2025-06-20 17:50:34,865 [INFO] Epoch 106 | Train Loss: 1.1468 | Val Loss: 2.2029 | Val Acc: 0.4464
2025-06-20 17:50:34,887 [INFO] Epoch 107 | Train Loss: 1.1440 | Val Loss: 2.2324 | Val Acc: 0.3929
2025-06-20 17:50:34,917 [INFO] Epoch 108 | Train Loss: 1.3100 | Val Loss: 2.1337 | Val Acc: 0.4464
2025-06-20 17:50:34,949 [INFO] Epoch 109 | Train Loss: 1.1715 | Val Loss: 2.1327 | Val Acc: 0.4464
2025-06-20 17:50:34,977 [INFO] Epoch 110 | Train Loss: 1.2889 | Val Loss: 2.4426 | Val Acc: 0.3929
2025-06-20 17:50:35,132 [INFO] Epoch 111 | Train Loss: 1.1834 | Val Loss: 2.2329 | Val Acc: 0.4286
2025-06-20 17:50:35,168 [INFO] Epoch 112 | Train Loss: 1.1980 | Val Loss: 2.2201 | Val Acc: 0.3929
2025-06-20 17:50:35,197 [INFO] Epoch 113 | Train Loss: 1.1194 | Val Loss: 2.3791 | Val Acc: 0.3571
2025-06-20 17:50:35,225 [INFO] Epoch 114 | Train Loss: 1.6249 | Val Loss: 2.4810 | Val Acc: 0.3750
2025-06-20 17:50:35,253 [INFO] Epoch 115 | Train Loss: 1.0578 | Val Loss: 2.4122 | Val Acc: 0.3750
2025-06-20 17:50:35,292 [INFO] Epoch 116 | Train Loss: 1.1168 | Val Loss: 2.1659 | Val Acc: 0.4464
2025-06-20 17:50:35,331 [INFO] Epoch 117 | Train Loss: 1.4120 | Val Loss: 2.2415 | Val Acc: 0.4464
2025-06-20 17:50:35,367 [INFO] Epoch 118 | Train Loss: 1.0696 | Val Loss: 2.2717 | Val Acc: 0.3571
2025-06-20 17:50:35,401 [INFO] Epoch 119 | Train Loss: 1.0420 | Val Loss: 2.1075 | Val Acc: 0.3929
2025-06-20 17:50:35,436 [INFO] Epoch 120 | Train Loss: 1.1106 | Val Loss: 2.0924 | Val Acc: 0.3929
2025-06-20 17:50:35,588 [INFO] Epoch 121 | Train Loss: 1.1757 | Val Loss: 2.0674 | Val Acc: 0.3571
2025-06-20 17:50:35,629 [INFO] Epoch 122 | Train Loss: 1.4975 | Val Loss: 2.3515 | Val Acc: 0.3750
2025-06-20 17:50:35,675 [INFO] Epoch 123 | Train Loss: 1.3122 | Val Loss: 2.3763 | Val Acc: 0.3571
2025-06-20 17:50:35,715 [INFO] Epoch 124 | Train Loss: 1.1393 | Val Loss: 2.2831 | Val Acc: 0.3929
2025-06-20 17:50:35,748 [INFO] Epoch 125 | Train Loss: 1.3745 | Val Loss: 2.1831 | Val Acc: 0.4821
2025-06-20 17:50:35,780 [INFO] Epoch 126 | Train Loss: 1.0221 | Val Loss: 2.0420 | Val Acc: 0.5357
2025-06-20 17:50:35,826 [INFO] Epoch 127 | Train Loss: 1.1559 | Val Loss: 2.1442 | Val Acc: 0.5000
2025-06-20 17:50:35,869 [INFO] Epoch 128 | Train Loss: 1.1876 | Val Loss: 2.0816 | Val Acc: 0.4643
2025-06-20 17:50:35,915 [INFO] Epoch 129 | Train Loss: 1.1586 | Val Loss: 2.1896 | Val Acc: 0.4286
2025-06-20 17:50:35,952 [INFO] Epoch 130 | Train Loss: 1.1872 | Val Loss: 2.2230 | Val Acc: 0.3929
2025-06-20 17:50:36,182 [INFO] Epoch 131 | Train Loss: 1.1821 | Val Loss: 2.1431 | Val Acc: 0.4286
2025-06-20 17:50:36,232 [INFO] Epoch 132 | Train Loss: 1.1673 | Val Loss: 2.0455 | Val Acc: 0.5179
2025-06-20 17:50:36,260 [INFO] Epoch 133 | Train Loss: 1.1354 | Val Loss: 2.1048 | Val Acc: 0.4107
2025-06-20 17:50:36,286 [INFO] Epoch 134 | Train Loss: 1.0070 | Val Loss: 2.1000 | Val Acc: 0.4821
2025-06-20 17:50:36,311 [INFO] Epoch 135 | Train Loss: 1.1888 | Val Loss: 2.1452 | Val Acc: 0.4464
2025-06-20 17:50:36,344 [INFO] Epoch 136 | Train Loss: 1.0838 | Val Loss: 2.5901 | Val Acc: 0.3929
2025-06-20 17:50:36,369 [INFO] Epoch 137 | Train Loss: 1.2432 | Val Loss: 2.5247 | Val Acc: 0.3571
2025-06-20 17:50:36,392 [INFO] Epoch 138 | Train Loss: 1.0327 | Val Loss: 2.2185 | Val Acc: 0.4107
2025-06-20 17:50:36,415 [INFO] Epoch 139 | Train Loss: 1.0835 | Val Loss: 2.0895 | Val Acc: 0.4643
2025-06-20 17:50:36,439 [INFO] Epoch 140 | Train Loss: 1.1250 | Val Loss: 2.2983 | Val Acc: 0.4286
2025-06-20 17:50:36,606 [INFO] Epoch 141 | Train Loss: 0.9071 | Val Loss: 2.2460 | Val Acc: 0.3929
2025-06-20 17:50:36,637 [INFO] Epoch 142 | Train Loss: 1.3956 | Val Loss: 2.0804 | Val Acc: 0.4643
2025-06-20 17:50:36,663 [INFO] Epoch 143 | Train Loss: 1.2349 | Val Loss: 2.0131 | Val Acc: 0.4643
2025-06-20 17:50:36,689 [INFO] Epoch 144 | Train Loss: 1.2066 | Val Loss: 2.1078 | Val Acc: 0.4821
2025-06-20 17:50:36,718 [INFO] Epoch 145 | Train Loss: 0.8467 | Val Loss: 2.1993 | Val Acc: 0.5000
2025-06-20 17:50:36,744 [INFO] Epoch 146 | Train Loss: 0.9623 | Val Loss: 2.4049 | Val Acc: 0.4107
2025-06-20 17:50:36,771 [INFO] Epoch 147 | Train Loss: 1.0150 | Val Loss: 2.3170 | Val Acc: 0.3929
2025-06-20 17:50:36,798 [INFO] Epoch 148 | Train Loss: 1.0475 | Val Loss: 2.1597 | Val Acc: 0.3929
2025-06-20 17:50:36,824 [INFO] Epoch 149 | Train Loss: 0.9064 | Val Loss: 2.2159 | Val Acc: 0.3750
2025-06-20 17:50:36,847 [INFO] Epoch 150 | Train Loss: 0.9631 | Val Loss: 2.3368 | Val Acc: 0.4286
2025-06-20 17:50:37,027 [INFO] Best model saved to <built-in function time>/ENZYMES/best/best_source_gin.pth (Val Acc: 0.5357 at epoch 44)
2025-06-20 17:50:37,027 [INFO] Training/validation metrics saved to <built-in function time>/ENZYMES/GIN_0.0001/train_metrics.csv
2025-06-20 17:50:37,149 [INFO] Final training curves saved
2025-06-20 17:50:37,149 [INFO] Training completed!
2025-06-20 17:50:37,149 [INFO] Best validation accuracy: 0.5357
2025-06-20 17:50:37,149 [INFO] Best epoch: 44
2025-06-20 17:50:37,149 [INFO] Total epochs trained: 150
2025-06-20 17:50:37,149 [INFO] Starting training with parameters: (0.0001, 0.1, 128, 2, 150, 0.001)
