2025-06-23 11:49:42,462 [INFO] Using device: cpu
2025-06-23 11:49:42,462 [INFO] 开始创建数据加载器...
2025-06-23 11:49:42,465 [INFO] Successfully loaded dataset ENZYMES from ./data, total graphs: 600
2025-06-23 11:49:42,465 [INFO] Class allocation analysis:
2025-06-23 11:49:42,465 [INFO]   Source classes: [0, 1, 2, 3]
2025-06-23 11:49:42,465 [INFO]   Target classes: [0, 1, 2, 3, 4, 5]
2025-06-23 11:49:42,465 [INFO]   Overlap classes (to be split): [0, 1, 2, 3]
2025-06-23 11:49:42,465 [INFO]   Target novel classes (unknown): [4, 5]
2025-06-23 11:49:42,585 [INFO]   Class 0: 100 total -> Source: 70, Target: 30
2025-06-23 11:49:42,586 [INFO]   Class 1: 100 total -> Source: 70, Target: 30
2025-06-23 11:49:42,586 [INFO]   Class 2: 100 total -> Source: 70, Target: 30
2025-06-23 11:49:42,586 [INFO]   Class 3: 100 total -> Source: 70, Target: 30
2025-06-23 11:49:42,586 [INFO]   Class 4 (novel/unknown): 100 samples -> Target
2025-06-23 11:49:42,586 [INFO]   Class 5 (novel/unknown): 100 samples -> Target
2025-06-23 11:49:42,586 [INFO] Final allocation:
2025-06-23 11:49:42,586 [INFO]   Source domain: 280 samples
2025-06-23 11:49:42,586 [INFO]   Target domain: 320 samples
2025-06-23 11:49:42,587 [INFO] Source domain setup:
2025-06-23 11:49:42,587 [INFO]   Original classes: [0, 1, 2, 3]
2025-06-23 11:49:42,587 [INFO]   Overlap classes used: [0, 1, 2, 3]
2025-06-23 11:49:42,587 [INFO]   Label mapping: {0: 0, 1: 1, 2: 2, 3: 3}
2025-06-23 11:49:42,587 [INFO]   Total data after allocation: 280
2025-06-23 11:49:42,588 [INFO]   Data split - Train: 224, Val: 56
2025-06-23 11:49:42,588 [INFO]   Train label distribution: {0: 56, 1: 56, 3: 56, 2: 56}
2025-06-23 11:49:42,588 [INFO]   Val label distribution: {1: 14, 2: 14, 0: 14, 3: 14}
2025-06-23 11:49:42,589 [INFO] Successfully loaded dataset ENZYMES from ./data, total graphs: 600
2025-06-23 11:49:42,590 [INFO] Class allocation analysis:
2025-06-23 11:49:42,590 [INFO]   Source classes: [0, 1, 2, 3]
2025-06-23 11:49:42,590 [INFO]   Target classes: [0, 1, 2, 3, 4, 5]
2025-06-23 11:49:42,590 [INFO]   Overlap classes (to be split): [0, 1, 2, 3]
2025-06-23 11:49:42,590 [INFO]   Target novel classes (unknown): [4, 5]
2025-06-23 11:49:42,603 [INFO]   Class 0: 100 total -> Source: 70, Target: 30
2025-06-23 11:49:42,603 [INFO]   Class 1: 100 total -> Source: 70, Target: 30
2025-06-23 11:49:42,603 [INFO]   Class 2: 100 total -> Source: 70, Target: 30
2025-06-23 11:49:42,603 [INFO]   Class 3: 100 total -> Source: 70, Target: 30
2025-06-23 11:49:42,603 [INFO]   Class 4 (novel/unknown): 100 samples -> Target
2025-06-23 11:49:42,603 [INFO]   Class 5 (novel/unknown): 100 samples -> Target
2025-06-23 11:49:42,603 [INFO] Final allocation:
2025-06-23 11:49:42,603 [INFO]   Source domain: 280 samples
2025-06-23 11:49:42,603 [INFO]   Target domain: 320 samples
2025-06-23 11:49:42,605 [INFO] Target domain setup:
2025-06-23 11:49:42,605 [INFO]   Original classes: [0, 1, 2, 3, 4, 5]
2025-06-23 11:49:42,605 [INFO]   Overlap classes: [0, 1, 2, 3]
2025-06-23 11:49:42,605 [INFO]   Novel classes: [4, 5] -> mapped to unknown label 4
2025-06-23 11:49:42,605 [INFO]   Label mapping: {0: 0, 1: 1, 2: 2, 3: 3, 4: 4, 5: 4}
2025-06-23 11:49:42,605 [INFO]   Total data after allocation: 320
2025-06-23 11:49:42,605 [INFO]   Data split - Train: 256, Val: 64
2025-06-23 11:49:42,605 [INFO]   Total count: 320 (known: 120, unknown: 200)
2025-06-23 11:49:42,605 [INFO]   Total label distribution: {4: 200, 3: 30, 0: 30, 1: 30, 2: 30}
2025-06-23 11:49:42,605 [INFO]   Train label distribution: {4: 160, 0: 24, 2: 24, 3: 24, 1: 24}
2025-06-23 11:49:42,605 [INFO]   Val label distribution: {1: 6, 4: 40, 3: 6, 0: 6, 2: 6}
2025-06-23 11:49:42,605 [INFO] 数据加载器创建完成!
2025-06-23 11:49:42,605 [INFO] 源域类别数: 4 (重叠类别)
2025-06-23 11:49:42,605 [INFO] 目标域类别数: 5 (4个重叠类别 + 1个未知类别)
2025-06-23 11:49:42,605 [INFO] 重叠类别: [0, 1, 2, 3]
2025-06-23 11:49:42,605 [INFO] 目标域新类别: [4, 5]
2025-06-23 11:49:42,605 [INFO] Data allocation verification:
2025-06-23 11:49:42,605 [INFO]   Source data samples: 280
2025-06-23 11:49:42,605 [INFO]   Target data samples: 320
2025-06-23 11:49:42,605 [INFO]   Overlapping samples: 0
2025-06-23 11:49:42,605 [INFO]   ✓ Data allocation is correct - no overlapping samples
2025-06-23 11:49:42,607 [INFO] Model initialized with 201476 parameters
2025-06-23 11:49:42,607 [INFO] Previous best validation accuracy read from record.txt: 0.6429
2025-06-23 11:49:42,607 [INFO] Starting training...
2025-06-23 11:49:42,666 [INFO] Epoch 001 | Train Loss: 16.6037 | Val Loss: 334.2906 | Val Acc: 0.2500
2025-06-23 11:49:46,846 [INFO] New best model at epoch 1 (Val Acc: 0.2500)
2025-06-23 11:49:46,907 [INFO] Epoch 002 | Train Loss: 9.1979 | Val Loss: 37.2907 | Val Acc: 0.2321
2025-06-23 11:49:46,955 [INFO] Epoch 003 | Train Loss: 8.1633 | Val Loss: 19.2037 | Val Acc: 0.2679
2025-06-23 11:49:46,962 [INFO] New best model at epoch 3 (Val Acc: 0.2679)
2025-06-23 11:49:46,990 [INFO] Epoch 004 | Train Loss: 6.8904 | Val Loss: 10.4698 | Val Acc: 0.4286
2025-06-23 11:49:46,995 [INFO] New best model at epoch 4 (Val Acc: 0.4286)
2025-06-23 11:49:47,022 [INFO] Epoch 005 | Train Loss: 6.1846 | Val Loss: 12.8372 | Val Acc: 0.3036
2025-06-23 11:49:47,053 [INFO] Epoch 006 | Train Loss: 6.9014 | Val Loss: 7.9845 | Val Acc: 0.3214
2025-06-23 11:49:47,082 [INFO] Epoch 007 | Train Loss: 7.3520 | Val Loss: 6.5642 | Val Acc: 0.3750
2025-06-23 11:49:47,112 [INFO] Epoch 008 | Train Loss: 5.8750 | Val Loss: 4.7309 | Val Acc: 0.1964
2025-06-23 11:49:47,140 [INFO] Epoch 009 | Train Loss: 4.2326 | Val Loss: 5.1814 | Val Acc: 0.3571
2025-06-23 11:49:47,170 [INFO] Epoch 010 | Train Loss: 4.6907 | Val Loss: 6.9197 | Val Acc: 0.2857
2025-06-23 11:49:48,264 [INFO] Epoch 011 | Train Loss: 4.5629 | Val Loss: 5.8746 | Val Acc: 0.3393
2025-06-23 11:49:48,312 [INFO] Epoch 012 | Train Loss: 4.5390 | Val Loss: 3.9593 | Val Acc: 0.1786
2025-06-23 11:49:48,350 [INFO] Epoch 013 | Train Loss: 3.8904 | Val Loss: 2.5112 | Val Acc: 0.3929
2025-06-23 11:49:48,381 [INFO] Epoch 014 | Train Loss: 3.4091 | Val Loss: 4.4316 | Val Acc: 0.2321
2025-06-23 11:49:48,411 [INFO] Epoch 015 | Train Loss: 3.4266 | Val Loss: 3.2958 | Val Acc: 0.3036
2025-06-23 11:49:48,444 [INFO] Epoch 016 | Train Loss: 3.3190 | Val Loss: 2.7369 | Val Acc: 0.3393
2025-06-23 11:49:48,473 [INFO] Epoch 017 | Train Loss: 2.8889 | Val Loss: 2.6509 | Val Acc: 0.3571
2025-06-23 11:49:48,504 [INFO] Epoch 018 | Train Loss: 3.1254 | Val Loss: 3.0307 | Val Acc: 0.3571
2025-06-23 11:49:48,534 [INFO] Epoch 019 | Train Loss: 3.6696 | Val Loss: 3.1472 | Val Acc: 0.2500
2025-06-23 11:49:48,563 [INFO] Epoch 020 | Train Loss: 3.2776 | Val Loss: 4.2831 | Val Acc: 0.2500
2025-06-23 11:49:49,620 [INFO] Epoch 021 | Train Loss: 3.0775 | Val Loss: 2.5249 | Val Acc: 0.2857
2025-06-23 11:49:49,663 [INFO] Epoch 022 | Train Loss: 2.7137 | Val Loss: 2.1296 | Val Acc: 0.3393
2025-06-23 11:49:49,702 [INFO] Epoch 023 | Train Loss: 2.5009 | Val Loss: 1.9208 | Val Acc: 0.2857
2025-06-23 11:49:49,731 [INFO] Epoch 024 | Train Loss: 2.0140 | Val Loss: 2.5189 | Val Acc: 0.3036
2025-06-23 11:49:49,760 [INFO] Epoch 025 | Train Loss: 2.2938 | Val Loss: 1.9598 | Val Acc: 0.2679
2025-06-23 11:49:49,789 [INFO] Epoch 026 | Train Loss: 2.5663 | Val Loss: 1.9329 | Val Acc: 0.2857
2025-06-23 11:49:49,818 [INFO] Epoch 027 | Train Loss: 2.5408 | Val Loss: 2.8811 | Val Acc: 0.2857
2025-06-23 11:49:49,847 [INFO] Epoch 028 | Train Loss: 2.7119 | Val Loss: 2.0999 | Val Acc: 0.3393
2025-06-23 11:49:49,877 [INFO] Epoch 029 | Train Loss: 2.4012 | Val Loss: 3.2126 | Val Acc: 0.2857
2025-06-23 11:49:49,906 [INFO] Epoch 030 | Train Loss: 2.7226 | Val Loss: 2.5104 | Val Acc: 0.3571
2025-06-23 11:49:51,739 [INFO] Epoch 031 | Train Loss: 1.9926 | Val Loss: 2.9684 | Val Acc: 0.2679
2025-06-23 11:49:51,784 [INFO] Epoch 032 | Train Loss: 2.0129 | Val Loss: 2.2014 | Val Acc: 0.2679
2025-06-23 11:49:51,825 [INFO] Epoch 033 | Train Loss: 2.1846 | Val Loss: 2.5079 | Val Acc: 0.3571
2025-06-23 11:49:51,855 [INFO] Epoch 034 | Train Loss: 3.1388 | Val Loss: 2.2798 | Val Acc: 0.3036
2025-06-23 11:49:51,884 [INFO] Epoch 035 | Train Loss: 3.2271 | Val Loss: 3.7724 | Val Acc: 0.2857
2025-06-23 11:49:51,913 [INFO] Epoch 036 | Train Loss: 2.6382 | Val Loss: 3.3661 | Val Acc: 0.2500
2025-06-23 11:49:51,945 [INFO] Epoch 037 | Train Loss: 3.2124 | Val Loss: 2.5859 | Val Acc: 0.3571
2025-06-23 11:49:51,989 [INFO] Epoch 038 | Train Loss: 2.1510 | Val Loss: 2.2156 | Val Acc: 0.4464
2025-06-23 11:49:51,995 [INFO] New best model at epoch 38 (Val Acc: 0.4464)
2025-06-23 11:49:52,021 [INFO] Epoch 039 | Train Loss: 1.9765 | Val Loss: 2.7736 | Val Acc: 0.2500
2025-06-23 11:49:52,051 [INFO] Epoch 040 | Train Loss: 1.6648 | Val Loss: 1.8466 | Val Acc: 0.3393
2025-06-23 11:49:53,167 [INFO] Epoch 041 | Train Loss: 1.9257 | Val Loss: 1.8205 | Val Acc: 0.2143
2025-06-23 11:49:53,211 [INFO] Epoch 042 | Train Loss: 1.8194 | Val Loss: 1.9875 | Val Acc: 0.2143
2025-06-23 11:49:53,436 [INFO] Epoch 043 | Train Loss: 1.8896 | Val Loss: 2.1271 | Val Acc: 0.3214
2025-06-23 11:49:53,628 [INFO] Epoch 044 | Train Loss: 1.2629 | Val Loss: 1.9553 | Val Acc: 0.3036
2025-06-23 11:49:53,678 [INFO] Epoch 045 | Train Loss: 1.5451 | Val Loss: 1.5899 | Val Acc: 0.3036
2025-06-23 11:49:53,732 [INFO] Epoch 046 | Train Loss: 1.6819 | Val Loss: 2.3351 | Val Acc: 0.2857
2025-06-23 11:49:53,789 [INFO] Epoch 047 | Train Loss: 1.4224 | Val Loss: 1.5733 | Val Acc: 0.3571
2025-06-23 11:49:53,850 [INFO] Epoch 048 | Train Loss: 1.4002 | Val Loss: 1.5709 | Val Acc: 0.3393
2025-06-23 11:49:53,929 [INFO] Epoch 049 | Train Loss: 1.8317 | Val Loss: 1.5604 | Val Acc: 0.3214
2025-06-23 11:49:53,966 [INFO] Epoch 050 | Train Loss: 1.4642 | Val Loss: 1.6114 | Val Acc: 0.3036
2025-06-23 11:49:55,103 [INFO] Epoch 051 | Train Loss: 1.5307 | Val Loss: 1.6398 | Val Acc: 0.3393
2025-06-23 11:49:55,159 [INFO] Epoch 052 | Train Loss: 1.2473 | Val Loss: 1.7252 | Val Acc: 0.3036
2025-06-23 11:49:55,194 [INFO] Epoch 053 | Train Loss: 1.1627 | Val Loss: 1.4936 | Val Acc: 0.3571
2025-06-23 11:49:55,223 [INFO] Epoch 054 | Train Loss: 1.3074 | Val Loss: 1.6944 | Val Acc: 0.3571
2025-06-23 11:49:55,252 [INFO] Epoch 055 | Train Loss: 1.1471 | Val Loss: 1.6981 | Val Acc: 0.3750
2025-06-23 11:49:55,282 [INFO] Epoch 056 | Train Loss: 1.5240 | Val Loss: 2.2182 | Val Acc: 0.2500
2025-06-23 11:49:55,311 [INFO] Epoch 057 | Train Loss: 1.6944 | Val Loss: 1.7106 | Val Acc: 0.2500
2025-06-23 11:49:55,340 [INFO] Epoch 058 | Train Loss: 1.2320 | Val Loss: 1.7502 | Val Acc: 0.3750
2025-06-23 11:49:55,369 [INFO] Epoch 059 | Train Loss: 1.5234 | Val Loss: 1.7553 | Val Acc: 0.3214
2025-06-23 11:49:55,399 [INFO] Epoch 060 | Train Loss: 1.2132 | Val Loss: 1.7181 | Val Acc: 0.2857
2025-06-23 11:49:56,472 [INFO] Epoch 061 | Train Loss: 1.1505 | Val Loss: 1.6749 | Val Acc: 0.2500
2025-06-23 11:49:56,519 [INFO] Epoch 062 | Train Loss: 1.4189 | Val Loss: 1.7571 | Val Acc: 0.2500
2025-06-23 11:49:56,560 [INFO] Epoch 063 | Train Loss: 1.3444 | Val Loss: 1.6858 | Val Acc: 0.3750
2025-06-23 11:49:56,589 [INFO] Epoch 064 | Train Loss: 1.0649 | Val Loss: 1.4910 | Val Acc: 0.4464
2025-06-23 11:49:56,619 [INFO] Epoch 065 | Train Loss: 1.0731 | Val Loss: 1.4788 | Val Acc: 0.3214
2025-06-23 11:49:56,648 [INFO] Epoch 066 | Train Loss: 1.1485 | Val Loss: 1.8883 | Val Acc: 0.3036
2025-06-23 11:49:56,676 [INFO] Epoch 067 | Train Loss: 1.3159 | Val Loss: 1.6120 | Val Acc: 0.3393
2025-06-23 11:49:56,705 [INFO] Epoch 068 | Train Loss: 1.1378 | Val Loss: 1.8502 | Val Acc: 0.2679
2025-06-23 11:49:56,734 [INFO] Epoch 069 | Train Loss: 1.2472 | Val Loss: 1.8574 | Val Acc: 0.3571
2025-06-23 11:49:56,763 [INFO] Epoch 070 | Train Loss: 1.2211 | Val Loss: 1.5179 | Val Acc: 0.3571
2025-06-23 11:49:57,879 [INFO] Epoch 071 | Train Loss: 1.2879 | Val Loss: 1.6909 | Val Acc: 0.3214
2025-06-23 11:49:57,938 [INFO] Epoch 072 | Train Loss: 1.0314 | Val Loss: 1.7190 | Val Acc: 0.3036
2025-06-23 11:49:57,993 [INFO] Epoch 073 | Train Loss: 1.1286 | Val Loss: 1.5441 | Val Acc: 0.3393
2025-06-23 11:49:58,041 [INFO] Epoch 074 | Train Loss: 1.0209 | Val Loss: 1.6218 | Val Acc: 0.3036
2025-06-23 11:49:58,085 [INFO] Epoch 075 | Train Loss: 1.0249 | Val Loss: 1.5167 | Val Acc: 0.3036
2025-06-23 11:49:58,130 [INFO] Epoch 076 | Train Loss: 1.0512 | Val Loss: 5.6067 | Val Acc: 0.3571
2025-06-23 11:49:58,176 [INFO] Epoch 077 | Train Loss: 1.1213 | Val Loss: 2.7462 | Val Acc: 0.3214
2025-06-23 11:49:58,225 [INFO] Epoch 078 | Train Loss: 1.0100 | Val Loss: 1.9820 | Val Acc: 0.3214
2025-06-23 11:49:58,272 [INFO] Epoch 079 | Train Loss: 1.1379 | Val Loss: 1.7697 | Val Acc: 0.3571
2025-06-23 11:49:58,319 [INFO] Epoch 080 | Train Loss: 1.0066 | Val Loss: 1.6286 | Val Acc: 0.3214
2025-06-23 11:50:00,774 [INFO] Epoch 081 | Train Loss: 1.1258 | Val Loss: 2.7106 | Val Acc: 0.3571
2025-06-23 11:50:01,119 [INFO] Epoch 082 | Train Loss: 1.0188 | Val Loss: 1.9805 | Val Acc: 0.2857
2025-06-23 11:50:01,667 [INFO] Epoch 083 | Train Loss: 1.2297 | Val Loss: 1.4365 | Val Acc: 0.3036
2025-06-23 11:50:02,566 [INFO] Epoch 084 | Train Loss: 1.1241 | Val Loss: 2.1212 | Val Acc: 0.3393
2025-06-23 11:50:03,915 [INFO] Epoch 085 | Train Loss: 1.0444 | Val Loss: 1.5002 | Val Acc: 0.3393
2025-06-23 11:50:04,408 [INFO] Epoch 086 | Train Loss: 1.0030 | Val Loss: 1.8004 | Val Acc: 0.3393
2025-06-23 11:50:04,464 [INFO] Epoch 087 | Train Loss: 1.0782 | Val Loss: 1.4809 | Val Acc: 0.3571
2025-06-23 11:50:04,512 [INFO] Epoch 088 | Train Loss: 0.9857 | Val Loss: 1.9951 | Val Acc: 0.3036
2025-06-23 11:50:04,559 [INFO] Epoch 089 | Train Loss: 0.9302 | Val Loss: 2.1639 | Val Acc: 0.3214
2025-06-23 11:50:04,610 [INFO] Epoch 090 | Train Loss: 0.9266 | Val Loss: 2.0329 | Val Acc: 0.3571
2025-06-23 11:50:05,762 [INFO] Epoch 091 | Train Loss: 0.9757 | Val Loss: 1.5315 | Val Acc: 0.3929
2025-06-23 11:50:05,811 [INFO] Epoch 092 | Train Loss: 0.9357 | Val Loss: 1.6706 | Val Acc: 0.3571
2025-06-23 11:50:05,847 [INFO] Epoch 093 | Train Loss: 1.0191 | Val Loss: 1.7676 | Val Acc: 0.3393
2025-06-23 11:50:05,876 [INFO] Epoch 094 | Train Loss: 1.0384 | Val Loss: 1.6873 | Val Acc: 0.3214
2025-06-23 11:50:05,906 [INFO] Epoch 095 | Train Loss: 1.1667 | Val Loss: 2.1168 | Val Acc: 0.2857
2025-06-23 11:50:05,935 [INFO] Epoch 096 | Train Loss: 1.0159 | Val Loss: 2.4759 | Val Acc: 0.3036
2025-06-23 11:50:05,963 [INFO] Epoch 097 | Train Loss: 0.9983 | Val Loss: 2.7505 | Val Acc: 0.3036
2025-06-23 11:50:05,991 [INFO] Epoch 098 | Train Loss: 1.0178 | Val Loss: 2.2458 | Val Acc: 0.2321
2025-06-23 11:50:06,020 [INFO] Epoch 099 | Train Loss: 1.1553 | Val Loss: 1.8138 | Val Acc: 0.3571
2025-06-23 11:50:06,051 [INFO] Epoch 100 | Train Loss: 1.0127 | Val Loss: 2.1759 | Val Acc: 0.4464
2025-06-23 11:50:07,098 [INFO] Best model saved to <built-in function time>/ENZYMES/best/best_source_gin.pth (Val Acc: 0.4464 at epoch 38)
2025-06-23 11:50:07,099 [INFO] Training/validation metrics saved to <built-in function time>/ENZYMES/GIN_0.01/train_metrics.csv
2025-06-23 11:50:08,178 [INFO] Final training curves saved
2025-06-23 11:50:08,178 [INFO] Training completed!
2025-06-23 11:50:08,178 [INFO] Best validation accuracy: 0.4464
2025-06-23 11:50:08,178 [INFO] Best epoch: 38
2025-06-23 11:50:08,178 [INFO] Total epochs trained: 100
2025-06-23 11:50:08,179 [INFO] Starting training with parameters: (0.01, 0.2, 256, 2, 100, 0.001)
