2025-06-20 15:38:34,303 [INFO] Using device: cpu
2025-06-20 15:38:34,303 [INFO] 开始创建数据加载器...
2025-06-20 15:38:34,304 [INFO] Successfully loaded dataset ENZYMES from ./data, total graphs: 600
2025-06-20 15:38:34,304 [INFO] Class allocation analysis:
2025-06-20 15:38:34,304 [INFO]   Source classes: [0, 1, 2, 3]
2025-06-20 15:38:34,304 [INFO]   Target classes: [0, 1, 2, 3, 4, 5]
2025-06-20 15:38:34,304 [INFO]   Overlap classes (to be split): [0, 1, 2, 3]
2025-06-20 15:38:34,304 [INFO]   Target novel classes (unknown): [4, 5]
2025-06-20 15:38:34,382 [INFO]   Class 0: 100 total -> Source: 70, Target: 30
2025-06-20 15:38:34,382 [INFO]   Class 1: 100 total -> Source: 70, Target: 30
2025-06-20 15:38:34,382 [INFO]   Class 2: 100 total -> Source: 70, Target: 30
2025-06-20 15:38:34,382 [INFO]   Class 3: 100 total -> Source: 70, Target: 30
2025-06-20 15:38:34,382 [INFO]   Class 4 (novel/unknown): 100 samples -> Target
2025-06-20 15:38:34,382 [INFO]   Class 5 (novel/unknown): 100 samples -> Target
2025-06-20 15:38:34,382 [INFO] Final allocation:
2025-06-20 15:38:34,382 [INFO]   Source domain: 280 samples
2025-06-20 15:38:34,382 [INFO]   Target domain: 320 samples
2025-06-20 15:38:34,384 [INFO] Source domain setup:
2025-06-20 15:38:34,384 [INFO]   Original classes: [0, 1, 2, 3]
2025-06-20 15:38:34,384 [INFO]   Overlap classes used: [0, 1, 2, 3]
2025-06-20 15:38:34,384 [INFO]   Label mapping: {0: 0, 1: 1, 2: 2, 3: 3}
2025-06-20 15:38:34,384 [INFO]   Total data after allocation: 280
2025-06-20 15:38:34,384 [INFO]   Data split - Train: 224, Val: 56
2025-06-20 15:38:34,384 [INFO]   Train label distribution: {0: 56, 1: 56, 3: 56, 2: 56}
2025-06-20 15:38:34,384 [INFO]   Val label distribution: {1: 14, 2: 14, 0: 14, 3: 14}
2025-06-20 15:38:34,385 [INFO] Successfully loaded dataset ENZYMES from ./data, total graphs: 600
2025-06-20 15:38:34,385 [INFO] Class allocation analysis:
2025-06-20 15:38:34,385 [INFO]   Source classes: [0, 1, 2, 3]
2025-06-20 15:38:34,385 [INFO]   Target classes: [0, 1, 2, 3, 4, 5]
2025-06-20 15:38:34,385 [INFO]   Overlap classes (to be split): [0, 1, 2, 3]
2025-06-20 15:38:34,385 [INFO]   Target novel classes (unknown): [4, 5]
2025-06-20 15:38:34,398 [INFO]   Class 0: 100 total -> Source: 70, Target: 30
2025-06-20 15:38:34,398 [INFO]   Class 1: 100 total -> Source: 70, Target: 30
2025-06-20 15:38:34,399 [INFO]   Class 2: 100 total -> Source: 70, Target: 30
2025-06-20 15:38:34,399 [INFO]   Class 3: 100 total -> Source: 70, Target: 30
2025-06-20 15:38:34,399 [INFO]   Class 4 (novel/unknown): 100 samples -> Target
2025-06-20 15:38:34,399 [INFO]   Class 5 (novel/unknown): 100 samples -> Target
2025-06-20 15:38:34,399 [INFO] Final allocation:
2025-06-20 15:38:34,399 [INFO]   Source domain: 280 samples
2025-06-20 15:38:34,399 [INFO]   Target domain: 320 samples
2025-06-20 15:38:34,400 [INFO] Target domain setup:
2025-06-20 15:38:34,400 [INFO]   Original classes: [0, 1, 2, 3, 4, 5]
2025-06-20 15:38:34,400 [INFO]   Overlap classes: [0, 1, 2, 3]
2025-06-20 15:38:34,400 [INFO]   Novel classes: [4, 5] -> mapped to unknown label 4
2025-06-20 15:38:34,400 [INFO]   Label mapping: {0: 0, 1: 1, 2: 2, 3: 3, 4: 4, 5: 4}
2025-06-20 15:38:34,400 [INFO]   Total data after allocation: 320
2025-06-20 15:38:34,400 [INFO]   Data split - Train: 256, Val: 64
2025-06-20 15:38:34,401 [INFO]   Total count: 320 (known: 120, unknown: 200)
2025-06-20 15:38:34,401 [INFO]   Total label distribution: {4: 200, 3: 30, 0: 30, 1: 30, 2: 30}
2025-06-20 15:38:34,401 [INFO]   Train label distribution: {4: 160, 0: 24, 2: 24, 3: 24, 1: 24}
2025-06-20 15:38:34,401 [INFO]   Val label distribution: {1: 6, 4: 40, 3: 6, 0: 6, 2: 6}
2025-06-20 15:38:34,401 [INFO] 数据加载器创建完成!
2025-06-20 15:38:34,401 [INFO] 源域类别数: 4 (重叠类别)
2025-06-20 15:38:34,401 [INFO] 目标域类别数: 5 (4个重叠类别 + 1个未知类别)
2025-06-20 15:38:34,401 [INFO] 重叠类别: [0, 1, 2, 3]
2025-06-20 15:38:34,401 [INFO] 目标域新类别: [4, 5]
2025-06-20 15:38:34,401 [INFO] Data allocation verification:
2025-06-20 15:38:34,401 [INFO]   Source data samples: 280
2025-06-20 15:38:34,401 [INFO]   Target data samples: 320
2025-06-20 15:38:34,401 [INFO]   Overlapping samples: 0
2025-06-20 15:38:34,401 [INFO]   ✓ Data allocation is correct - no overlapping samples
2025-06-20 15:38:34,402 [INFO] Model initialized with 3684 parameters
2025-06-20 15:38:34,402 [INFO] Previous best validation accuracy read from record.txt: 0.3571
2025-06-20 15:38:34,402 [INFO] Starting training...
2025-06-20 15:38:34,416 [INFO] Epoch 001 | Train Loss: 6.7452 | Val Loss: 1.9492 | Val Acc: 0.2679
2025-06-20 15:38:34,492 [INFO] New best model at epoch 1 (Val Acc: 0.2679)
2025-06-20 15:38:34,507 [INFO] Epoch 002 | Train Loss: 5.8635 | Val Loss: 1.7557 | Val Acc: 0.1964
2025-06-20 15:38:34,523 [INFO] Epoch 003 | Train Loss: 4.8053 | Val Loss: 1.9218 | Val Acc: 0.1786
2025-06-20 15:38:34,538 [INFO] Epoch 004 | Train Loss: 4.9163 | Val Loss: 2.1133 | Val Acc: 0.2679
2025-06-20 15:38:34,553 [INFO] Epoch 005 | Train Loss: 4.1962 | Val Loss: 2.3069 | Val Acc: 0.2679
2025-06-20 15:38:34,569 [INFO] Epoch 006 | Train Loss: 4.1998 | Val Loss: 2.4966 | Val Acc: 0.2321
2025-06-20 15:38:34,583 [INFO] Epoch 007 | Train Loss: 4.2446 | Val Loss: 2.6695 | Val Acc: 0.3036
2025-06-20 15:38:34,586 [INFO] New best model at epoch 7 (Val Acc: 0.3036)
2025-06-20 15:38:34,603 [INFO] Epoch 008 | Train Loss: 3.8044 | Val Loss: 2.6480 | Val Acc: 0.3036
2025-06-20 15:38:34,622 [INFO] Epoch 009 | Train Loss: 4.3732 | Val Loss: 2.6268 | Val Acc: 0.3393
2025-06-20 15:38:34,624 [INFO] New best model at epoch 9 (Val Acc: 0.3393)
2025-06-20 15:38:34,637 [INFO] Epoch 010 | Train Loss: 3.9174 | Val Loss: 2.8245 | Val Acc: 0.2857
2025-06-20 15:38:34,732 [INFO] Epoch 011 | Train Loss: 3.6023 | Val Loss: 2.9048 | Val Acc: 0.2857
2025-06-20 15:38:34,747 [INFO] Epoch 012 | Train Loss: 3.5157 | Val Loss: 2.9743 | Val Acc: 0.3036
2025-06-20 15:38:34,764 [INFO] Epoch 013 | Train Loss: 2.9910 | Val Loss: 2.8631 | Val Acc: 0.3214
2025-06-20 15:38:34,790 [INFO] Epoch 014 | Train Loss: 3.1789 | Val Loss: 2.8414 | Val Acc: 0.3036
2025-06-20 15:38:34,818 [INFO] Epoch 015 | Train Loss: 2.7593 | Val Loss: 2.7293 | Val Acc: 0.3214
2025-06-20 15:38:34,834 [INFO] Epoch 016 | Train Loss: 2.9349 | Val Loss: 2.6250 | Val Acc: 0.3393
2025-06-20 15:38:34,850 [INFO] Epoch 017 | Train Loss: 2.6345 | Val Loss: 2.4901 | Val Acc: 0.3393
2025-06-20 15:38:34,866 [INFO] Epoch 018 | Train Loss: 2.6612 | Val Loss: 2.5405 | Val Acc: 0.3036
2025-06-20 15:38:34,881 [INFO] Epoch 019 | Train Loss: 2.8418 | Val Loss: 2.5549 | Val Acc: 0.3036
2025-06-20 15:38:34,897 [INFO] Epoch 020 | Train Loss: 2.5889 | Val Loss: 2.3658 | Val Acc: 0.3036
2025-06-20 15:38:34,999 [INFO] Epoch 021 | Train Loss: 2.5441 | Val Loss: 2.3490 | Val Acc: 0.3036
2025-06-20 15:38:35,015 [INFO] Epoch 022 | Train Loss: 2.4095 | Val Loss: 2.2466 | Val Acc: 0.3036
2025-06-20 15:38:35,031 [INFO] Epoch 023 | Train Loss: 2.5922 | Val Loss: 2.1674 | Val Acc: 0.3393
2025-06-20 15:38:35,047 [INFO] Epoch 024 | Train Loss: 2.4206 | Val Loss: 2.1458 | Val Acc: 0.3214
2025-06-20 15:38:35,069 [INFO] Epoch 025 | Train Loss: 2.0949 | Val Loss: 2.1101 | Val Acc: 0.3036
2025-06-20 15:38:35,092 [INFO] Epoch 026 | Train Loss: 2.7418 | Val Loss: 2.0501 | Val Acc: 0.3214
2025-06-20 15:38:35,111 [INFO] Epoch 027 | Train Loss: 2.5780 | Val Loss: 2.0187 | Val Acc: 0.3393
2025-06-20 15:38:35,128 [INFO] Epoch 028 | Train Loss: 3.0035 | Val Loss: 2.1254 | Val Acc: 0.3393
2025-06-20 15:38:35,144 [INFO] Epoch 029 | Train Loss: 2.2802 | Val Loss: 2.1086 | Val Acc: 0.3214
2025-06-20 15:38:35,160 [INFO] Epoch 030 | Train Loss: 2.2639 | Val Loss: 2.0416 | Val Acc: 0.3214
2025-06-20 15:38:35,262 [INFO] Epoch 031 | Train Loss: 2.2395 | Val Loss: 2.1193 | Val Acc: 0.3036
2025-06-20 15:38:35,278 [INFO] Epoch 032 | Train Loss: 2.1759 | Val Loss: 2.1124 | Val Acc: 0.3036
2025-06-20 15:38:35,294 [INFO] Epoch 033 | Train Loss: 2.0282 | Val Loss: 1.9869 | Val Acc: 0.3214
2025-06-20 15:38:35,309 [INFO] Epoch 034 | Train Loss: 2.4655 | Val Loss: 2.0786 | Val Acc: 0.3036
2025-06-20 15:38:35,324 [INFO] Epoch 035 | Train Loss: 2.1695 | Val Loss: 2.0362 | Val Acc: 0.3036
2025-06-20 15:38:35,338 [INFO] Epoch 036 | Train Loss: 2.5481 | Val Loss: 1.9930 | Val Acc: 0.2857
2025-06-20 15:38:35,353 [INFO] Epoch 037 | Train Loss: 1.9209 | Val Loss: 1.8761 | Val Acc: 0.3036
2025-06-20 15:38:35,368 [INFO] Epoch 038 | Train Loss: 1.7906 | Val Loss: 1.8056 | Val Acc: 0.3214
2025-06-20 15:38:35,384 [INFO] Epoch 039 | Train Loss: 1.9141 | Val Loss: 1.7775 | Val Acc: 0.3214
2025-06-20 15:38:35,399 [INFO] Epoch 040 | Train Loss: 2.2525 | Val Loss: 1.7752 | Val Acc: 0.3393
2025-06-20 15:38:35,504 [INFO] Epoch 041 | Train Loss: 2.0117 | Val Loss: 1.8555 | Val Acc: 0.3393
2025-06-20 15:38:35,520 [INFO] Epoch 042 | Train Loss: 2.1456 | Val Loss: 1.8259 | Val Acc: 0.3393
2025-06-20 15:38:35,538 [INFO] Epoch 043 | Train Loss: 1.7550 | Val Loss: 1.7659 | Val Acc: 0.3393
2025-06-20 15:38:35,556 [INFO] Epoch 044 | Train Loss: 1.7923 | Val Loss: 1.7927 | Val Acc: 0.3393
2025-06-20 15:38:35,574 [INFO] Epoch 045 | Train Loss: 1.7065 | Val Loss: 1.7944 | Val Acc: 0.3214
2025-06-20 15:38:35,596 [INFO] Epoch 046 | Train Loss: 2.0345 | Val Loss: 1.7896 | Val Acc: 0.3393
2025-06-20 15:38:35,611 [INFO] Epoch 047 | Train Loss: 1.6931 | Val Loss: 1.7263 | Val Acc: 0.3393
2025-06-20 15:38:35,626 [INFO] Epoch 048 | Train Loss: 1.6867 | Val Loss: 1.6748 | Val Acc: 0.3393
2025-06-20 15:38:35,640 [INFO] Epoch 049 | Train Loss: 1.6862 | Val Loss: 1.6570 | Val Acc: 0.3393
2025-06-20 15:38:35,655 [INFO] Epoch 050 | Train Loss: 1.6763 | Val Loss: 1.6697 | Val Acc: 0.3571
2025-06-20 15:38:35,739 [INFO] New best model at epoch 50 (Val Acc: 0.3571)
2025-06-20 15:38:35,740 [INFO] Best model saved to ./checkpoints/ENZYMES/GIN_0.0001/ENZYMES/GIN_0.0001/ENZYMES/GIN_0.0001/ENZYMES/GIN_0.0001/ENZYMES/GIN_0.0001/ENZYMES/GIN_0.0001/ENZYMES/GIN_0.0001/ENZYMES/GIN_0.0001/ENZYMES/GIN_0.0001/ENZYMES/GIN_0.0001/ENZYMES/GIN_0.0001/ENZYMES/GIN_0.0001/ENZYMES/GIN_0.0001/ENZYMES/GIN_0.0001/ENZYMES/GIN_0.0001/ENZYMES/GIN_0.0001/ENZYMES/best/best_source_gin.pth (Val Acc: 0.3571 at epoch 50)
2025-06-20 15:38:35,740 [INFO] Updated record.txt with new best validation accuracy: 0.3571
2025-06-20 15:38:35,740 [INFO] Training/validation metrics saved to ./checkpoints/ENZYMES/GIN_0.0001/ENZYMES/GIN_0.0001/ENZYMES/GIN_0.0001/ENZYMES/GIN_0.0001/ENZYMES/GIN_0.0001/ENZYMES/GIN_0.0001/ENZYMES/GIN_0.0001/ENZYMES/GIN_0.0001/ENZYMES/GIN_0.0001/ENZYMES/GIN_0.0001/ENZYMES/GIN_0.0001/ENZYMES/GIN_0.0001/ENZYMES/GIN_0.0001/ENZYMES/GIN_0.0001/ENZYMES/GIN_0.0001/ENZYMES/GIN_0.0001/ENZYMES/GIN_0.0001/train_metrics.csv
2025-06-20 15:38:35,821 [INFO] Final training curves saved
2025-06-20 15:38:35,821 [INFO] Training completed!
2025-06-20 15:38:35,821 [INFO] Best validation accuracy: 0.3571
2025-06-20 15:38:35,821 [INFO] Best epoch: 50
2025-06-20 15:38:35,821 [INFO] Total epochs trained: 50
2025-06-20 15:38:35,822 [INFO] Starting training with parameters: (0.0001, 0.0, 32, 2, 50, 0.001)
