2025-06-20 18:12:20,079 [INFO] Using device: cpu
2025-06-20 18:12:20,079 [INFO] 开始创建数据加载器...
2025-06-20 18:12:20,082 [INFO] Successfully loaded dataset ENZYMES from ./data, total graphs: 600
2025-06-20 18:12:20,082 [INFO] Class allocation analysis:
2025-06-20 18:12:20,082 [INFO]   Source classes: [0, 1, 2, 3]
2025-06-20 18:12:20,082 [INFO]   Target classes: [0, 1, 2, 3, 4, 5]
2025-06-20 18:12:20,082 [INFO]   Overlap classes (to be split): [0, 1, 2, 3]
2025-06-20 18:12:20,082 [INFO]   Target novel classes (unknown): [4, 5]
2025-06-20 18:12:20,097 [INFO]   Class 0: 100 total -> Source: 70, Target: 30
2025-06-20 18:12:20,097 [INFO]   Class 1: 100 total -> Source: 70, Target: 30
2025-06-20 18:12:20,097 [INFO]   Class 2: 100 total -> Source: 70, Target: 30
2025-06-20 18:12:20,098 [INFO]   Class 3: 100 total -> Source: 70, Target: 30
2025-06-20 18:12:20,098 [INFO]   Class 4 (novel/unknown): 100 samples -> Target
2025-06-20 18:12:20,098 [INFO]   Class 5 (novel/unknown): 100 samples -> Target
2025-06-20 18:12:20,098 [INFO] Final allocation:
2025-06-20 18:12:20,098 [INFO]   Source domain: 280 samples
2025-06-20 18:12:20,098 [INFO]   Target domain: 320 samples
2025-06-20 18:12:20,099 [INFO] Source domain setup:
2025-06-20 18:12:20,099 [INFO]   Original classes: [0, 1, 2, 3]
2025-06-20 18:12:20,099 [INFO]   Overlap classes used: [0, 1, 2, 3]
2025-06-20 18:12:20,099 [INFO]   Label mapping: {0: 0, 1: 1, 2: 2, 3: 3}
2025-06-20 18:12:20,099 [INFO]   Total data after allocation: 280
2025-06-20 18:12:20,099 [INFO]   Data split - Train: 224, Val: 56
2025-06-20 18:12:20,099 [INFO]   Train label distribution: {0: 56, 1: 56, 3: 56, 2: 56}
2025-06-20 18:12:20,099 [INFO]   Val label distribution: {1: 14, 2: 14, 0: 14, 3: 14}
2025-06-20 18:12:20,101 [INFO] Successfully loaded dataset ENZYMES from ./data, total graphs: 600
2025-06-20 18:12:20,101 [INFO] Class allocation analysis:
2025-06-20 18:12:20,101 [INFO]   Source classes: [0, 1, 2, 3]
2025-06-20 18:12:20,101 [INFO]   Target classes: [0, 1, 2, 3, 4, 5]
2025-06-20 18:12:20,101 [INFO]   Overlap classes (to be split): [0, 1, 2, 3]
2025-06-20 18:12:20,101 [INFO]   Target novel classes (unknown): [4, 5]
2025-06-20 18:12:20,115 [INFO]   Class 0: 100 total -> Source: 70, Target: 30
2025-06-20 18:12:20,116 [INFO]   Class 1: 100 total -> Source: 70, Target: 30
2025-06-20 18:12:20,116 [INFO]   Class 2: 100 total -> Source: 70, Target: 30
2025-06-20 18:12:20,116 [INFO]   Class 3: 100 total -> Source: 70, Target: 30
2025-06-20 18:12:20,116 [INFO]   Class 4 (novel/unknown): 100 samples -> Target
2025-06-20 18:12:20,116 [INFO]   Class 5 (novel/unknown): 100 samples -> Target
2025-06-20 18:12:20,116 [INFO] Final allocation:
2025-06-20 18:12:20,116 [INFO]   Source domain: 280 samples
2025-06-20 18:12:20,116 [INFO]   Target domain: 320 samples
2025-06-20 18:12:20,118 [INFO] Target domain setup:
2025-06-20 18:12:20,118 [INFO]   Original classes: [0, 1, 2, 3, 4, 5]
2025-06-20 18:12:20,118 [INFO]   Overlap classes: [0, 1, 2, 3]
2025-06-20 18:12:20,118 [INFO]   Novel classes: [4, 5] -> mapped to unknown label 4
2025-06-20 18:12:20,118 [INFO]   Label mapping: {0: 0, 1: 1, 2: 2, 3: 3, 4: 4, 5: 4}
2025-06-20 18:12:20,118 [INFO]   Total data after allocation: 320
2025-06-20 18:12:20,118 [INFO]   Data split - Train: 256, Val: 64
2025-06-20 18:12:20,118 [INFO]   Total count: 320 (known: 120, unknown: 200)
2025-06-20 18:12:20,118 [INFO]   Total label distribution: {4: 200, 3: 30, 0: 30, 1: 30, 2: 30}
2025-06-20 18:12:20,118 [INFO]   Train label distribution: {4: 160, 0: 24, 2: 24, 3: 24, 1: 24}
2025-06-20 18:12:20,118 [INFO]   Val label distribution: {1: 6, 4: 40, 3: 6, 0: 6, 2: 6}
2025-06-20 18:12:20,118 [INFO] 数据加载器创建完成!
2025-06-20 18:12:20,118 [INFO] 源域类别数: 4 (重叠类别)
2025-06-20 18:12:20,118 [INFO] 目标域类别数: 5 (4个重叠类别 + 1个未知类别)
2025-06-20 18:12:20,118 [INFO] 重叠类别: [0, 1, 2, 3]
2025-06-20 18:12:20,118 [INFO] 目标域新类别: [4, 5]
2025-06-20 18:12:20,118 [INFO] Data allocation verification:
2025-06-20 18:12:20,118 [INFO]   Source data samples: 280
2025-06-20 18:12:20,118 [INFO]   Target data samples: 320
2025-06-20 18:12:20,118 [INFO]   Overlapping samples: 0
2025-06-20 18:12:20,118 [INFO]   ✓ Data allocation is correct - no overlapping samples
2025-06-20 18:12:20,121 [INFO] Model initialized with 466692 parameters
2025-06-20 18:12:20,122 [INFO] Previous best validation accuracy read from record.txt: 0.6071
2025-06-20 18:12:20,122 [INFO] Starting training...
2025-06-20 18:12:20,210 [INFO] Epoch 001 | Train Loss: 7.4241 | Val Loss: 1.4482 | Val Acc: 0.2679
2025-06-20 18:12:20,348 [INFO] New best model at epoch 1 (Val Acc: 0.2679)
2025-06-20 18:12:20,425 [INFO] Epoch 002 | Train Loss: 4.9525 | Val Loss: 1.6223 | Val Acc: 0.2500
2025-06-20 18:12:20,521 [INFO] Epoch 003 | Train Loss: 5.3179 | Val Loss: 1.9795 | Val Acc: 0.2857
2025-06-20 18:12:20,532 [INFO] New best model at epoch 3 (Val Acc: 0.2857)
2025-06-20 18:12:20,616 [INFO] Epoch 004 | Train Loss: 4.2733 | Val Loss: 2.5648 | Val Acc: 0.2857
2025-06-20 18:12:20,704 [INFO] Epoch 005 | Train Loss: 3.2088 | Val Loss: 3.0889 | Val Acc: 0.2857
2025-06-20 18:12:20,783 [INFO] Epoch 006 | Train Loss: 3.0515 | Val Loss: 3.3760 | Val Acc: 0.2500
2025-06-20 18:12:20,866 [INFO] Epoch 007 | Train Loss: 2.3948 | Val Loss: 3.0030 | Val Acc: 0.3571
2025-06-20 18:12:20,878 [INFO] New best model at epoch 7 (Val Acc: 0.3571)
2025-06-20 18:12:20,951 [INFO] Epoch 008 | Train Loss: 2.7902 | Val Loss: 3.0415 | Val Acc: 0.3750
2025-06-20 18:12:20,963 [INFO] New best model at epoch 8 (Val Acc: 0.3750)
2025-06-20 18:12:21,035 [INFO] Epoch 009 | Train Loss: 3.0897 | Val Loss: 2.3763 | Val Acc: 0.4107
2025-06-20 18:12:21,047 [INFO] New best model at epoch 9 (Val Acc: 0.4107)
2025-06-20 18:12:21,129 [INFO] Epoch 010 | Train Loss: 2.4187 | Val Loss: 2.5314 | Val Acc: 0.4286
2025-06-20 18:12:21,264 [INFO] New best model at epoch 10 (Val Acc: 0.4286)
2025-06-20 18:12:21,346 [INFO] Epoch 011 | Train Loss: 2.8137 | Val Loss: 2.4322 | Val Acc: 0.4286
2025-06-20 18:12:21,446 [INFO] Epoch 012 | Train Loss: 1.9150 | Val Loss: 2.7860 | Val Acc: 0.4464
2025-06-20 18:12:21,458 [INFO] New best model at epoch 12 (Val Acc: 0.4464)
2025-06-20 18:12:21,561 [INFO] Epoch 013 | Train Loss: 2.0040 | Val Loss: 2.8977 | Val Acc: 0.4643
2025-06-20 18:12:21,573 [INFO] New best model at epoch 13 (Val Acc: 0.4643)
2025-06-20 18:12:21,653 [INFO] Epoch 014 | Train Loss: 3.0567 | Val Loss: 3.1027 | Val Acc: 0.4464
2025-06-20 18:12:21,731 [INFO] Epoch 015 | Train Loss: 2.2622 | Val Loss: 2.9893 | Val Acc: 0.3393
2025-06-20 18:12:21,835 [INFO] Epoch 016 | Train Loss: 2.1009 | Val Loss: 3.3866 | Val Acc: 0.4286
2025-06-20 18:12:21,917 [INFO] Epoch 017 | Train Loss: 1.4660 | Val Loss: 3.7935 | Val Acc: 0.4821
2025-06-20 18:12:21,929 [INFO] New best model at epoch 17 (Val Acc: 0.4821)
2025-06-20 18:12:22,005 [INFO] Epoch 018 | Train Loss: 1.9175 | Val Loss: 3.2134 | Val Acc: 0.5000
2025-06-20 18:12:22,017 [INFO] New best model at epoch 18 (Val Acc: 0.5000)
2025-06-20 18:12:22,092 [INFO] Epoch 019 | Train Loss: 1.7222 | Val Loss: 3.6664 | Val Acc: 0.4286
2025-06-20 18:12:22,216 [INFO] Epoch 020 | Train Loss: 2.1976 | Val Loss: 3.5308 | Val Acc: 0.4643
2025-06-20 18:12:22,442 [INFO] Epoch 021 | Train Loss: 1.7481 | Val Loss: 3.4977 | Val Acc: 0.3929
2025-06-20 18:12:22,537 [INFO] Epoch 022 | Train Loss: 1.5662 | Val Loss: 3.0860 | Val Acc: 0.5179
2025-06-20 18:12:22,548 [INFO] New best model at epoch 22 (Val Acc: 0.5179)
2025-06-20 18:12:22,622 [INFO] Epoch 023 | Train Loss: 1.6250 | Val Loss: 3.0581 | Val Acc: 0.4286
2025-06-20 18:12:22,699 [INFO] Epoch 024 | Train Loss: 1.6760 | Val Loss: 3.5151 | Val Acc: 0.4107
2025-06-20 18:12:22,777 [INFO] Epoch 025 | Train Loss: 1.2860 | Val Loss: 3.3679 | Val Acc: 0.4464
2025-06-20 18:12:22,872 [INFO] Epoch 026 | Train Loss: 1.3189 | Val Loss: 2.7288 | Val Acc: 0.4821
2025-06-20 18:12:22,969 [INFO] Epoch 027 | Train Loss: 1.2717 | Val Loss: 2.9998 | Val Acc: 0.5000
2025-06-20 18:12:23,059 [INFO] Epoch 028 | Train Loss: 1.0908 | Val Loss: 3.2596 | Val Acc: 0.5536
2025-06-20 18:12:23,071 [INFO] New best model at epoch 28 (Val Acc: 0.5536)
2025-06-20 18:12:23,145 [INFO] Epoch 029 | Train Loss: 1.1091 | Val Loss: 3.6569 | Val Acc: 0.4464
2025-06-20 18:12:23,229 [INFO] Epoch 030 | Train Loss: 1.1229 | Val Loss: 3.3297 | Val Acc: 0.4107
2025-06-20 18:12:23,474 [INFO] Epoch 031 | Train Loss: 1.5883 | Val Loss: 2.9939 | Val Acc: 0.4643
2025-06-20 18:12:23,576 [INFO] Epoch 032 | Train Loss: 1.7229 | Val Loss: 3.4363 | Val Acc: 0.5179
2025-06-20 18:12:23,653 [INFO] Epoch 033 | Train Loss: 1.3017 | Val Loss: 4.0025 | Val Acc: 0.3571
2025-06-20 18:12:23,731 [INFO] Epoch 034 | Train Loss: 1.6806 | Val Loss: 3.3671 | Val Acc: 0.4286
2025-06-20 18:12:23,812 [INFO] Epoch 035 | Train Loss: 1.0161 | Val Loss: 2.8421 | Val Acc: 0.4821
2025-06-20 18:12:23,901 [INFO] Epoch 036 | Train Loss: 1.4007 | Val Loss: 2.9362 | Val Acc: 0.4821
2025-06-20 18:12:23,984 [INFO] Epoch 037 | Train Loss: 0.8462 | Val Loss: 3.6041 | Val Acc: 0.4643
2025-06-20 18:12:24,071 [INFO] Epoch 038 | Train Loss: 1.1755 | Val Loss: 4.1994 | Val Acc: 0.4286
2025-06-20 18:12:24,155 [INFO] Epoch 039 | Train Loss: 0.9611 | Val Loss: 4.1554 | Val Acc: 0.4464
2025-06-20 18:12:24,252 [INFO] Epoch 040 | Train Loss: 1.4059 | Val Loss: 3.4440 | Val Acc: 0.4464
2025-06-20 18:12:24,498 [INFO] Epoch 041 | Train Loss: 1.4239 | Val Loss: 3.4087 | Val Acc: 0.4464
2025-06-20 18:12:24,588 [INFO] Epoch 042 | Train Loss: 0.6896 | Val Loss: 3.2341 | Val Acc: 0.4821
2025-06-20 18:12:24,685 [INFO] Epoch 043 | Train Loss: 1.3966 | Val Loss: 3.2795 | Val Acc: 0.4821
2025-06-20 18:12:24,765 [INFO] Epoch 044 | Train Loss: 0.7359 | Val Loss: 3.6526 | Val Acc: 0.4464
2025-06-20 18:12:24,859 [INFO] Epoch 045 | Train Loss: 1.0833 | Val Loss: 3.8601 | Val Acc: 0.4107
2025-06-20 18:12:24,940 [INFO] Epoch 046 | Train Loss: 0.7580 | Val Loss: 3.8445 | Val Acc: 0.4643
2025-06-20 18:12:25,026 [INFO] Epoch 047 | Train Loss: 0.9068 | Val Loss: 4.0152 | Val Acc: 0.4821
2025-06-20 18:12:25,119 [INFO] Epoch 048 | Train Loss: 0.9832 | Val Loss: 3.6558 | Val Acc: 0.5000
2025-06-20 18:12:25,202 [INFO] Epoch 049 | Train Loss: 1.0099 | Val Loss: 3.3403 | Val Acc: 0.4821
2025-06-20 18:12:25,281 [INFO] Epoch 050 | Train Loss: 1.0170 | Val Loss: 3.8307 | Val Acc: 0.4643
2025-06-20 18:12:25,513 [INFO] Epoch 051 | Train Loss: 1.0886 | Val Loss: 3.6895 | Val Acc: 0.4643
2025-06-20 18:12:25,608 [INFO] Epoch 052 | Train Loss: 0.7801 | Val Loss: 3.4154 | Val Acc: 0.4821
2025-06-20 18:12:25,686 [INFO] Epoch 053 | Train Loss: 0.9198 | Val Loss: 3.6520 | Val Acc: 0.4464
2025-06-20 18:12:25,769 [INFO] Epoch 054 | Train Loss: 0.7254 | Val Loss: 3.7143 | Val Acc: 0.5179
2025-06-20 18:12:25,855 [INFO] Epoch 055 | Train Loss: 0.7803 | Val Loss: 3.9112 | Val Acc: 0.5357
2025-06-20 18:12:25,965 [INFO] Epoch 056 | Train Loss: 0.7219 | Val Loss: 4.2352 | Val Acc: 0.4643
2025-06-20 18:12:26,055 [INFO] Epoch 057 | Train Loss: 1.0479 | Val Loss: 4.8025 | Val Acc: 0.4107
2025-06-20 18:12:26,140 [INFO] Epoch 058 | Train Loss: 0.6551 | Val Loss: 4.9499 | Val Acc: 0.4107
2025-06-20 18:12:26,219 [INFO] Epoch 059 | Train Loss: 0.3435 | Val Loss: 4.8576 | Val Acc: 0.4286
2025-06-20 18:12:26,316 [INFO] Epoch 060 | Train Loss: 0.8915 | Val Loss: 4.6744 | Val Acc: 0.4464
2025-06-20 18:12:26,614 [INFO] Epoch 061 | Train Loss: 0.9845 | Val Loss: 3.8155 | Val Acc: 0.5179
2025-06-20 18:12:26,745 [INFO] Epoch 062 | Train Loss: 0.9461 | Val Loss: 3.6554 | Val Acc: 0.5179
2025-06-20 18:12:26,847 [INFO] Epoch 063 | Train Loss: 0.4081 | Val Loss: 4.2027 | Val Acc: 0.4464
2025-06-20 18:12:26,942 [INFO] Epoch 064 | Train Loss: 0.5795 | Val Loss: 4.5620 | Val Acc: 0.3929
2025-06-20 18:12:27,026 [INFO] Epoch 065 | Train Loss: 0.4550 | Val Loss: 5.4634 | Val Acc: 0.3929
2025-06-20 18:12:27,121 [INFO] Epoch 066 | Train Loss: 0.6623 | Val Loss: 4.6007 | Val Acc: 0.4286
2025-06-20 18:12:27,206 [INFO] Epoch 067 | Train Loss: 0.6434 | Val Loss: 4.6714 | Val Acc: 0.4286
2025-06-20 18:12:27,285 [INFO] Epoch 068 | Train Loss: 0.7562 | Val Loss: 4.5006 | Val Acc: 0.4643
2025-06-20 18:12:27,364 [INFO] Epoch 069 | Train Loss: 0.4816 | Val Loss: 4.2752 | Val Acc: 0.4821
2025-06-20 18:12:27,457 [INFO] Epoch 070 | Train Loss: 0.9324 | Val Loss: 4.4788 | Val Acc: 0.5000
2025-06-20 18:12:27,760 [INFO] Epoch 071 | Train Loss: 0.4618 | Val Loss: 4.3300 | Val Acc: 0.5000
2025-06-20 18:12:27,853 [INFO] Epoch 072 | Train Loss: 0.4248 | Val Loss: 4.2991 | Val Acc: 0.5179
2025-06-20 18:12:27,941 [INFO] Epoch 073 | Train Loss: 0.7120 | Val Loss: 4.0790 | Val Acc: 0.4821
2025-06-20 18:12:28,022 [INFO] Epoch 074 | Train Loss: 0.9531 | Val Loss: 4.4644 | Val Acc: 0.4643
2025-06-20 18:12:28,110 [INFO] Epoch 075 | Train Loss: 0.5487 | Val Loss: 4.5288 | Val Acc: 0.4821
2025-06-20 18:12:28,192 [INFO] Epoch 076 | Train Loss: 1.1259 | Val Loss: 4.3697 | Val Acc: 0.5000
2025-06-20 18:12:28,287 [INFO] Epoch 077 | Train Loss: 0.5307 | Val Loss: 4.2093 | Val Acc: 0.5000
2025-06-20 18:12:28,363 [INFO] Epoch 078 | Train Loss: 0.5342 | Val Loss: 4.4233 | Val Acc: 0.5000
2025-06-20 18:12:28,443 [INFO] Epoch 079 | Train Loss: 0.6556 | Val Loss: 4.8829 | Val Acc: 0.5000
2025-06-20 18:12:28,518 [INFO] Epoch 080 | Train Loss: 0.4025 | Val Loss: 5.6212 | Val Acc: 0.5179
2025-06-20 18:12:28,780 [INFO] Epoch 081 | Train Loss: 0.4368 | Val Loss: 4.8718 | Val Acc: 0.4643
2025-06-20 18:12:28,875 [INFO] Epoch 082 | Train Loss: 0.3970 | Val Loss: 4.6385 | Val Acc: 0.4643
2025-06-20 18:12:28,966 [INFO] Epoch 083 | Train Loss: 0.4369 | Val Loss: 4.5282 | Val Acc: 0.5000
2025-06-20 18:12:29,050 [INFO] Epoch 084 | Train Loss: 0.4607 | Val Loss: 4.5916 | Val Acc: 0.5357
2025-06-20 18:12:29,137 [INFO] Epoch 085 | Train Loss: 0.9401 | Val Loss: 4.5072 | Val Acc: 0.5536
2025-06-20 18:12:29,231 [INFO] Epoch 086 | Train Loss: 0.4007 | Val Loss: 4.8343 | Val Acc: 0.5000
2025-06-20 18:12:29,329 [INFO] Epoch 087 | Train Loss: 0.4918 | Val Loss: 4.7364 | Val Acc: 0.5357
2025-06-20 18:12:29,413 [INFO] Epoch 088 | Train Loss: 0.9986 | Val Loss: 4.8851 | Val Acc: 0.4821
2025-06-20 18:12:29,493 [INFO] Epoch 089 | Train Loss: 0.4774 | Val Loss: 4.7191 | Val Acc: 0.4821
2025-06-20 18:12:29,590 [INFO] Epoch 090 | Train Loss: 0.4943 | Val Loss: 4.5286 | Val Acc: 0.4286
2025-06-20 18:12:29,830 [INFO] Epoch 091 | Train Loss: 0.9797 | Val Loss: 4.6915 | Val Acc: 0.4286
2025-06-20 18:12:29,923 [INFO] Epoch 092 | Train Loss: 0.3405 | Val Loss: 5.1064 | Val Acc: 0.3393
2025-06-20 18:12:30,001 [INFO] Epoch 093 | Train Loss: 0.8058 | Val Loss: 4.8851 | Val Acc: 0.3750
2025-06-20 18:12:30,092 [INFO] Epoch 094 | Train Loss: 0.7486 | Val Loss: 4.7856 | Val Acc: 0.4286
2025-06-20 18:12:30,173 [INFO] Epoch 095 | Train Loss: 0.5388 | Val Loss: 5.0601 | Val Acc: 0.4286
2025-06-20 18:12:30,255 [INFO] Epoch 096 | Train Loss: 0.3957 | Val Loss: 4.5644 | Val Acc: 0.4286
2025-06-20 18:12:30,336 [INFO] Epoch 097 | Train Loss: 0.3492 | Val Loss: 4.4520 | Val Acc: 0.4643
2025-06-20 18:12:30,413 [INFO] Epoch 098 | Train Loss: 0.2736 | Val Loss: 4.3208 | Val Acc: 0.4643
2025-06-20 18:12:30,493 [INFO] Epoch 099 | Train Loss: 0.3052 | Val Loss: 4.2138 | Val Acc: 0.5000
2025-06-20 18:12:30,572 [INFO] Epoch 100 | Train Loss: 0.5509 | Val Loss: 4.4024 | Val Acc: 0.5000
2025-06-20 18:12:30,815 [INFO] Epoch 101 | Train Loss: 0.6631 | Val Loss: 4.6509 | Val Acc: 0.4821
2025-06-20 18:12:30,901 [INFO] Epoch 102 | Train Loss: 0.6708 | Val Loss: 4.8636 | Val Acc: 0.4821
2025-06-20 18:12:30,975 [INFO] Epoch 103 | Train Loss: 0.4043 | Val Loss: 5.0052 | Val Acc: 0.4464
2025-06-20 18:12:31,048 [INFO] Epoch 104 | Train Loss: 0.5044 | Val Loss: 4.7079 | Val Acc: 0.4464
2025-06-20 18:12:31,130 [INFO] Epoch 105 | Train Loss: 0.3629 | Val Loss: 4.5994 | Val Acc: 0.4464
2025-06-20 18:12:31,208 [INFO] Epoch 106 | Train Loss: 0.4218 | Val Loss: 4.7642 | Val Acc: 0.4643
2025-06-20 18:12:31,298 [INFO] Epoch 107 | Train Loss: 0.2421 | Val Loss: 4.8211 | Val Acc: 0.4643
2025-06-20 18:12:31,371 [INFO] Epoch 108 | Train Loss: 0.2921 | Val Loss: 4.6483 | Val Acc: 0.4464
2025-06-20 18:12:31,453 [INFO] Epoch 109 | Train Loss: 0.3010 | Val Loss: 4.7202 | Val Acc: 0.4643
2025-06-20 18:12:31,530 [INFO] Epoch 110 | Train Loss: 0.6241 | Val Loss: 5.1926 | Val Acc: 0.4821
2025-06-20 18:12:31,774 [INFO] Epoch 111 | Train Loss: 0.5114 | Val Loss: 5.7331 | Val Acc: 0.4107
2025-06-20 18:12:31,904 [INFO] Epoch 112 | Train Loss: 0.2570 | Val Loss: 5.1278 | Val Acc: 0.4821
2025-06-20 18:12:31,992 [INFO] Epoch 113 | Train Loss: 0.6575 | Val Loss: 5.6430 | Val Acc: 0.3929
2025-06-20 18:12:32,069 [INFO] Epoch 114 | Train Loss: 0.2395 | Val Loss: 5.4029 | Val Acc: 0.4464
2025-06-20 18:12:32,149 [INFO] Epoch 115 | Train Loss: 0.2296 | Val Loss: 5.7621 | Val Acc: 0.4286
2025-06-20 18:12:32,238 [INFO] Epoch 116 | Train Loss: 0.3678 | Val Loss: 5.7939 | Val Acc: 0.4464
2025-06-20 18:12:32,320 [INFO] Epoch 117 | Train Loss: 0.3320 | Val Loss: 5.8718 | Val Acc: 0.4643
2025-06-20 18:12:32,397 [INFO] Epoch 118 | Train Loss: 0.4907 | Val Loss: 5.6049 | Val Acc: 0.4821
2025-06-20 18:12:32,472 [INFO] Epoch 119 | Train Loss: 0.2693 | Val Loss: 5.7263 | Val Acc: 0.4286
2025-06-20 18:12:32,545 [INFO] Epoch 120 | Train Loss: 0.3881 | Val Loss: 5.8023 | Val Acc: 0.4464
2025-06-20 18:12:32,781 [INFO] Epoch 121 | Train Loss: 0.5356 | Val Loss: 5.7331 | Val Acc: 0.3929
2025-06-20 18:12:32,870 [INFO] Epoch 122 | Train Loss: 0.1830 | Val Loss: 5.4891 | Val Acc: 0.4286
2025-06-20 18:12:32,946 [INFO] Epoch 123 | Train Loss: 0.4426 | Val Loss: 5.5932 | Val Acc: 0.4286
2025-06-20 18:12:33,021 [INFO] Epoch 124 | Train Loss: 0.3344 | Val Loss: 5.6278 | Val Acc: 0.5179
2025-06-20 18:12:33,107 [INFO] Epoch 125 | Train Loss: 0.1891 | Val Loss: 5.3415 | Val Acc: 0.5000
2025-06-20 18:12:33,186 [INFO] Epoch 126 | Train Loss: 0.4383 | Val Loss: 5.1639 | Val Acc: 0.5179
2025-06-20 18:12:33,281 [INFO] Epoch 127 | Train Loss: 0.3186 | Val Loss: 4.9288 | Val Acc: 0.4286
2025-06-20 18:12:33,373 [INFO] Epoch 128 | Train Loss: 0.2638 | Val Loss: 5.5371 | Val Acc: 0.4286
2025-06-20 18:12:33,454 [INFO] Epoch 129 | Train Loss: 0.3216 | Val Loss: 5.1125 | Val Acc: 0.4464
2025-06-20 18:12:33,570 [INFO] Epoch 130 | Train Loss: 0.3046 | Val Loss: 5.1055 | Val Acc: 0.4464
2025-06-20 18:12:33,808 [INFO] Epoch 131 | Train Loss: 0.4253 | Val Loss: 5.5532 | Val Acc: 0.4643
2025-06-20 18:12:33,901 [INFO] Epoch 132 | Train Loss: 0.3559 | Val Loss: 5.8222 | Val Acc: 0.4286
2025-06-20 18:12:33,985 [INFO] Epoch 133 | Train Loss: 0.2967 | Val Loss: 5.8714 | Val Acc: 0.4464
2025-06-20 18:12:34,064 [INFO] Epoch 134 | Train Loss: 0.7352 | Val Loss: 5.4797 | Val Acc: 0.5000
2025-06-20 18:12:34,143 [INFO] Epoch 135 | Train Loss: 0.3559 | Val Loss: 5.1727 | Val Acc: 0.4286
2025-06-20 18:12:34,215 [INFO] Epoch 136 | Train Loss: 0.8294 | Val Loss: 5.7514 | Val Acc: 0.4643
2025-06-20 18:12:34,310 [INFO] Epoch 137 | Train Loss: 0.2752 | Val Loss: 5.6321 | Val Acc: 0.4464
2025-06-20 18:12:34,388 [INFO] Epoch 138 | Train Loss: 0.3978 | Val Loss: 5.7014 | Val Acc: 0.4286
2025-06-20 18:12:34,464 [INFO] Epoch 139 | Train Loss: 0.7339 | Val Loss: 5.1338 | Val Acc: 0.3929
2025-06-20 18:12:34,552 [INFO] Epoch 140 | Train Loss: 0.3578 | Val Loss: 5.4683 | Val Acc: 0.4286
2025-06-20 18:12:34,789 [INFO] Epoch 141 | Train Loss: 0.4579 | Val Loss: 5.6217 | Val Acc: 0.4643
2025-06-20 18:12:34,874 [INFO] Epoch 142 | Train Loss: 0.4454 | Val Loss: 5.5101 | Val Acc: 0.4107
2025-06-20 18:12:34,950 [INFO] Epoch 143 | Train Loss: 0.1970 | Val Loss: 5.4043 | Val Acc: 0.3750
2025-06-20 18:12:35,053 [INFO] Epoch 144 | Train Loss: 0.3958 | Val Loss: 5.2050 | Val Acc: 0.4107
2025-06-20 18:12:35,139 [INFO] Epoch 145 | Train Loss: 0.2741 | Val Loss: 5.6347 | Val Acc: 0.4286
2025-06-20 18:12:35,212 [INFO] Epoch 146 | Train Loss: 0.7674 | Val Loss: 4.8399 | Val Acc: 0.4464
2025-06-20 18:12:35,307 [INFO] Epoch 147 | Train Loss: 0.3344 | Val Loss: 4.4583 | Val Acc: 0.3929
2025-06-20 18:12:35,390 [INFO] Epoch 148 | Train Loss: 0.1650 | Val Loss: 4.6474 | Val Acc: 0.3929
2025-06-20 18:12:35,468 [INFO] Epoch 149 | Train Loss: 0.5344 | Val Loss: 5.4416 | Val Acc: 0.4464
2025-06-20 18:12:35,547 [INFO] Epoch 150 | Train Loss: 0.3656 | Val Loss: 5.0608 | Val Acc: 0.4286
2025-06-20 18:12:35,790 [INFO] Epoch 151 | Train Loss: 0.3176 | Val Loss: 5.1479 | Val Acc: 0.4107
2025-06-20 18:12:35,879 [INFO] Epoch 152 | Train Loss: 0.3330 | Val Loss: 5.1471 | Val Acc: 0.4643
2025-06-20 18:12:35,952 [INFO] Epoch 153 | Train Loss: 0.1120 | Val Loss: 5.1135 | Val Acc: 0.4643
2025-06-20 18:12:36,029 [INFO] Epoch 154 | Train Loss: 0.3146 | Val Loss: 5.2733 | Val Acc: 0.4821
2025-06-20 18:12:36,115 [INFO] Epoch 155 | Train Loss: 0.3094 | Val Loss: 5.2812 | Val Acc: 0.4464
2025-06-20 18:12:36,196 [INFO] Epoch 156 | Train Loss: 0.3437 | Val Loss: 5.1495 | Val Acc: 0.4464
2025-06-20 18:12:36,296 [INFO] Epoch 157 | Train Loss: 0.3288 | Val Loss: 5.3286 | Val Acc: 0.4643
2025-06-20 18:12:36,373 [INFO] Epoch 158 | Train Loss: 0.3160 | Val Loss: 5.7886 | Val Acc: 0.4643
2025-06-20 18:12:36,456 [INFO] Epoch 159 | Train Loss: 0.2533 | Val Loss: 6.0527 | Val Acc: 0.4464
2025-06-20 18:12:36,533 [INFO] Epoch 160 | Train Loss: 0.2793 | Val Loss: 6.8574 | Val Acc: 0.4464
2025-06-20 18:12:36,850 [INFO] Epoch 161 | Train Loss: 0.1589 | Val Loss: 6.5296 | Val Acc: 0.5000
2025-06-20 18:12:36,937 [INFO] Epoch 162 | Train Loss: 0.3238 | Val Loss: 6.3054 | Val Acc: 0.4821
2025-06-20 18:12:37,015 [INFO] Epoch 163 | Train Loss: 0.4718 | Val Loss: 6.1428 | Val Acc: 0.4821
2025-06-20 18:12:37,096 [INFO] Epoch 164 | Train Loss: 0.3244 | Val Loss: 5.8440 | Val Acc: 0.4464
2025-06-20 18:12:37,176 [INFO] Epoch 165 | Train Loss: 0.2770 | Val Loss: 6.3664 | Val Acc: 0.4107
2025-06-20 18:12:37,267 [INFO] Epoch 166 | Train Loss: 0.3945 | Val Loss: 6.7321 | Val Acc: 0.3571
2025-06-20 18:12:37,366 [INFO] Epoch 167 | Train Loss: 0.2955 | Val Loss: 6.2006 | Val Acc: 0.3929
2025-06-20 18:12:37,445 [INFO] Epoch 168 | Train Loss: 0.4092 | Val Loss: 5.6466 | Val Acc: 0.3929
2025-06-20 18:12:37,526 [INFO] Epoch 169 | Train Loss: 0.3008 | Val Loss: 5.8381 | Val Acc: 0.4464
2025-06-20 18:12:37,608 [INFO] Epoch 170 | Train Loss: 0.3102 | Val Loss: 5.6406 | Val Acc: 0.4821
2025-06-20 18:12:37,856 [INFO] Epoch 171 | Train Loss: 0.1471 | Val Loss: 5.5047 | Val Acc: 0.4464
2025-06-20 18:12:37,951 [INFO] Epoch 172 | Train Loss: 0.4136 | Val Loss: 6.2548 | Val Acc: 0.5179
2025-06-20 18:12:38,045 [INFO] Epoch 173 | Train Loss: 0.1489 | Val Loss: 6.9080 | Val Acc: 0.5536
2025-06-20 18:12:38,140 [INFO] Epoch 174 | Train Loss: 0.3665 | Val Loss: 7.8809 | Val Acc: 0.5179
2025-06-20 18:12:38,226 [INFO] Epoch 175 | Train Loss: 0.2660 | Val Loss: 7.6659 | Val Acc: 0.5536
2025-06-20 18:12:38,324 [INFO] Epoch 176 | Train Loss: 0.2343 | Val Loss: 7.4379 | Val Acc: 0.4464
2025-06-20 18:12:38,413 [INFO] Epoch 177 | Train Loss: 0.1336 | Val Loss: 6.3549 | Val Acc: 0.4286
2025-06-20 18:12:38,500 [INFO] Epoch 178 | Train Loss: 0.2139 | Val Loss: 5.9602 | Val Acc: 0.4464
2025-06-20 18:12:38,509 [INFO] Early stopping at epoch 178 (no improvement in 150 epochs).
2025-06-20 18:12:38,519 [INFO] Best model saved to <built-in function time>/ENZYMES/best/best_source_gin.pth (Val Acc: 0.5536 at epoch 28)
2025-06-20 18:12:38,520 [INFO] Training/validation metrics saved to <built-in function time>/ENZYMES/GIN_0.0001/train_metrics.csv
2025-06-20 18:12:38,715 [INFO] Final training curves saved
2025-06-20 18:12:38,715 [INFO] Training completed!
2025-06-20 18:12:38,715 [INFO] Best validation accuracy: 0.5536
2025-06-20 18:12:38,715 [INFO] Best epoch: 28
2025-06-20 18:12:38,715 [INFO] Total epochs trained: 178
2025-06-20 18:12:38,717 [INFO] Starting training with parameters: (0.0001, 0.1, 256, 5, 50, 0.0)
