2025-06-22 13:37:19,773 [INFO] Using device: cpu
2025-06-22 13:37:19,773 [INFO] 开始创建数据加载器...
2025-06-22 13:37:19,777 [INFO] Successfully loaded dataset ENZYMES from ./data, total graphs: 600
2025-06-22 13:37:19,777 [INFO] Class allocation analysis:
2025-06-22 13:37:19,778 [INFO]   Source classes: [0, 1, 2, 3]
2025-06-22 13:37:19,778 [INFO]   Target classes: [0, 1, 2, 3, 4, 5]
2025-06-22 13:37:19,778 [INFO]   Overlap classes (to be split): [0, 1, 2, 3]
2025-06-22 13:37:19,778 [INFO]   Target novel classes (unknown): [4, 5]
2025-06-22 13:37:19,794 [INFO]   Class 0: 100 total -> Source: 70, Target: 30
2025-06-22 13:37:19,794 [INFO]   Class 1: 100 total -> Source: 70, Target: 30
2025-06-22 13:37:19,794 [INFO]   Class 2: 100 total -> Source: 70, Target: 30
2025-06-22 13:37:19,794 [INFO]   Class 3: 100 total -> Source: 70, Target: 30
2025-06-22 13:37:19,794 [INFO]   Class 4 (novel/unknown): 100 samples -> Target
2025-06-22 13:37:19,794 [INFO]   Class 5 (novel/unknown): 100 samples -> Target
2025-06-22 13:37:19,794 [INFO] Final allocation:
2025-06-22 13:37:19,794 [INFO]   Source domain: 280 samples
2025-06-22 13:37:19,794 [INFO]   Target domain: 320 samples
2025-06-22 13:37:19,796 [INFO] Source domain setup:
2025-06-22 13:37:19,796 [INFO]   Original classes: [0, 1, 2, 3]
2025-06-22 13:37:19,796 [INFO]   Overlap classes used: [0, 1, 2, 3]
2025-06-22 13:37:19,796 [INFO]   Label mapping: {0: 0, 1: 1, 2: 2, 3: 3}
2025-06-22 13:37:19,796 [INFO]   Total data after allocation: 280
2025-06-22 13:37:19,796 [INFO]   Data split - Train: 224, Val: 56
2025-06-22 13:37:19,796 [INFO]   Train label distribution: {0: 56, 1: 56, 3: 56, 2: 56}
2025-06-22 13:37:19,796 [INFO]   Val label distribution: {1: 14, 2: 14, 0: 14, 3: 14}
2025-06-22 13:37:19,798 [INFO] Successfully loaded dataset ENZYMES from ./data, total graphs: 600
2025-06-22 13:37:19,798 [INFO] Class allocation analysis:
2025-06-22 13:37:19,798 [INFO]   Source classes: [0, 1, 2, 3]
2025-06-22 13:37:19,798 [INFO]   Target classes: [0, 1, 2, 3, 4, 5]
2025-06-22 13:37:19,798 [INFO]   Overlap classes (to be split): [0, 1, 2, 3]
2025-06-22 13:37:19,798 [INFO]   Target novel classes (unknown): [4, 5]
2025-06-22 13:37:19,811 [INFO]   Class 0: 100 total -> Source: 70, Target: 30
2025-06-22 13:37:19,812 [INFO]   Class 1: 100 total -> Source: 70, Target: 30
2025-06-22 13:37:19,812 [INFO]   Class 2: 100 total -> Source: 70, Target: 30
2025-06-22 13:37:19,812 [INFO]   Class 3: 100 total -> Source: 70, Target: 30
2025-06-22 13:37:19,812 [INFO]   Class 4 (novel/unknown): 100 samples -> Target
2025-06-22 13:37:19,812 [INFO]   Class 5 (novel/unknown): 100 samples -> Target
2025-06-22 13:37:19,812 [INFO] Final allocation:
2025-06-22 13:37:19,812 [INFO]   Source domain: 280 samples
2025-06-22 13:37:19,812 [INFO]   Target domain: 320 samples
2025-06-22 13:37:19,814 [INFO] Target domain setup:
2025-06-22 13:37:19,814 [INFO]   Original classes: [0, 1, 2, 3, 4, 5]
2025-06-22 13:37:19,814 [INFO]   Overlap classes: [0, 1, 2, 3]
2025-06-22 13:37:19,814 [INFO]   Novel classes: [4, 5] -> mapped to unknown label 4
2025-06-22 13:37:19,814 [INFO]   Label mapping: {0: 0, 1: 1, 2: 2, 3: 3, 4: 4, 5: 4}
2025-06-22 13:37:19,814 [INFO]   Total data after allocation: 320
2025-06-22 13:37:19,814 [INFO]   Data split - Train: 256, Val: 64
2025-06-22 13:37:19,814 [INFO]   Total count: 320 (known: 120, unknown: 200)
2025-06-22 13:37:19,814 [INFO]   Total label distribution: {4: 200, 3: 30, 0: 30, 1: 30, 2: 30}
2025-06-22 13:37:19,814 [INFO]   Train label distribution: {4: 160, 0: 24, 2: 24, 3: 24, 1: 24}
2025-06-22 13:37:19,814 [INFO]   Val label distribution: {1: 6, 4: 40, 3: 6, 0: 6, 2: 6}
2025-06-22 13:37:19,814 [INFO] 数据加载器创建完成!
2025-06-22 13:37:19,814 [INFO] 源域类别数: 4 (重叠类别)
2025-06-22 13:37:19,814 [INFO] 目标域类别数: 5 (4个重叠类别 + 1个未知类别)
2025-06-22 13:37:19,814 [INFO] 重叠类别: [0, 1, 2, 3]
2025-06-22 13:37:19,814 [INFO] 目标域新类别: [4, 5]
2025-06-22 13:37:19,814 [INFO] Data allocation verification:
2025-06-22 13:37:19,814 [INFO]   Source data samples: 280
2025-06-22 13:37:19,814 [INFO]   Target data samples: 320
2025-06-22 13:37:19,814 [INFO]   Overlapping samples: 0
2025-06-22 13:37:19,814 [INFO]   ✓ Data allocation is correct - no overlapping samples
2025-06-22 13:37:19,816 [INFO] Model initialized with 201476 parameters
2025-06-22 13:37:19,817 [INFO] Previous best validation accuracy read from record.txt: 0.6250
2025-06-22 13:37:19,817 [INFO] Starting training...
2025-06-22 13:37:19,879 [INFO] Epoch 001 | Train Loss: 20.1685 | Val Loss: 177.3009 | Val Acc: 0.2500
2025-06-22 13:37:23,136 [INFO] New best model at epoch 1 (Val Acc: 0.2500)
2025-06-22 13:37:23,237 [INFO] Epoch 002 | Train Loss: 10.5128 | Val Loss: 50.8221 | Val Acc: 0.2321
2025-06-22 13:37:23,292 [INFO] Epoch 003 | Train Loss: 8.3623 | Val Loss: 22.0491 | Val Acc: 0.2321
2025-06-22 13:37:23,326 [INFO] Epoch 004 | Train Loss: 7.3162 | Val Loss: 10.9736 | Val Acc: 0.3393
2025-06-22 13:37:23,332 [INFO] New best model at epoch 4 (Val Acc: 0.3393)
2025-06-22 13:37:23,357 [INFO] Epoch 005 | Train Loss: 3.4059 | Val Loss: 5.1042 | Val Acc: 0.1607
2025-06-22 13:37:23,388 [INFO] Epoch 006 | Train Loss: 3.0251 | Val Loss: 2.3201 | Val Acc: 0.3393
2025-06-22 13:37:23,418 [INFO] Epoch 007 | Train Loss: 2.4627 | Val Loss: 2.0015 | Val Acc: 0.4107
2025-06-22 13:37:23,424 [INFO] New best model at epoch 7 (Val Acc: 0.4107)
2025-06-22 13:37:23,450 [INFO] Epoch 008 | Train Loss: 2.5370 | Val Loss: 1.9699 | Val Acc: 0.3929
2025-06-22 13:37:23,483 [INFO] Epoch 009 | Train Loss: 2.7403 | Val Loss: 2.5743 | Val Acc: 0.3571
2025-06-22 13:37:23,521 [INFO] Epoch 010 | Train Loss: 2.6654 | Val Loss: 2.3717 | Val Acc: 0.3393
2025-06-22 13:37:24,738 [INFO] Epoch 011 | Train Loss: 3.2834 | Val Loss: 3.2182 | Val Acc: 0.3571
2025-06-22 13:37:24,787 [INFO] Epoch 012 | Train Loss: 3.3897 | Val Loss: 2.9316 | Val Acc: 0.3214
2025-06-22 13:37:24,822 [INFO] Epoch 013 | Train Loss: 2.9779 | Val Loss: 3.5240 | Val Acc: 0.3393
2025-06-22 13:37:24,853 [INFO] Epoch 014 | Train Loss: 2.6218 | Val Loss: 3.2298 | Val Acc: 0.3036
2025-06-22 13:37:24,882 [INFO] Epoch 015 | Train Loss: 4.2676 | Val Loss: 4.4053 | Val Acc: 0.3214
2025-06-22 13:37:24,912 [INFO] Epoch 016 | Train Loss: 4.4568 | Val Loss: 2.9772 | Val Acc: 0.3929
2025-06-22 13:37:24,942 [INFO] Epoch 017 | Train Loss: 2.8840 | Val Loss: 3.1817 | Val Acc: 0.2679
2025-06-22 13:37:24,972 [INFO] Epoch 018 | Train Loss: 2.1233 | Val Loss: 3.1097 | Val Acc: 0.3571
2025-06-22 13:37:25,000 [INFO] Epoch 019 | Train Loss: 6.1727 | Val Loss: 4.9811 | Val Acc: 0.3571
2025-06-22 13:37:25,032 [INFO] Epoch 020 | Train Loss: 3.8473 | Val Loss: 4.0465 | Val Acc: 0.2679
2025-06-22 13:37:25,912 [INFO] Epoch 021 | Train Loss: 2.8957 | Val Loss: 2.4094 | Val Acc: 0.2500
2025-06-22 13:37:25,960 [INFO] Epoch 022 | Train Loss: 3.3422 | Val Loss: 2.5040 | Val Acc: 0.3036
2025-06-22 13:37:25,998 [INFO] Epoch 023 | Train Loss: 2.2379 | Val Loss: 2.9402 | Val Acc: 0.2857
2025-06-22 13:37:26,029 [INFO] Epoch 024 | Train Loss: 2.3559 | Val Loss: 2.8422 | Val Acc: 0.2857
2025-06-22 13:37:26,059 [INFO] Epoch 025 | Train Loss: 3.5730 | Val Loss: 2.1467 | Val Acc: 0.2857
2025-06-22 13:37:26,094 [INFO] Epoch 026 | Train Loss: 1.6821 | Val Loss: 1.7196 | Val Acc: 0.3393
2025-06-22 13:37:26,133 [INFO] Epoch 027 | Train Loss: 2.1612 | Val Loss: 1.9477 | Val Acc: 0.1607
2025-06-22 13:37:26,162 [INFO] Epoch 028 | Train Loss: 1.5651 | Val Loss: 2.0995 | Val Acc: 0.2500
2025-06-22 13:37:26,192 [INFO] Epoch 029 | Train Loss: 2.7091 | Val Loss: 1.8688 | Val Acc: 0.3571
2025-06-22 13:37:26,222 [INFO] Epoch 030 | Train Loss: 2.2706 | Val Loss: 2.1929 | Val Acc: 0.2679
2025-06-22 13:37:27,121 [INFO] Epoch 031 | Train Loss: 2.1595 | Val Loss: 1.9658 | Val Acc: 0.4107
2025-06-22 13:37:27,174 [INFO] Epoch 032 | Train Loss: 1.9462 | Val Loss: 1.8798 | Val Acc: 0.3036
2025-06-22 13:37:27,220 [INFO] Epoch 033 | Train Loss: 1.8315 | Val Loss: 2.0603 | Val Acc: 0.3571
2025-06-22 13:37:27,253 [INFO] Epoch 034 | Train Loss: 1.5699 | Val Loss: 1.7857 | Val Acc: 0.3750
2025-06-22 13:37:27,285 [INFO] Epoch 035 | Train Loss: 2.0252 | Val Loss: 2.3271 | Val Acc: 0.3036
2025-06-22 13:37:27,316 [INFO] Epoch 036 | Train Loss: 2.6272 | Val Loss: 2.4686 | Val Acc: 0.2321
2025-06-22 13:37:27,347 [INFO] Epoch 037 | Train Loss: 1.9973 | Val Loss: 1.8230 | Val Acc: 0.3393
2025-06-22 13:37:27,376 [INFO] Epoch 038 | Train Loss: 1.6817 | Val Loss: 2.2730 | Val Acc: 0.2857
2025-06-22 13:37:27,405 [INFO] Epoch 039 | Train Loss: 1.8456 | Val Loss: 1.8517 | Val Acc: 0.2857
2025-06-22 13:37:27,434 [INFO] Epoch 040 | Train Loss: 1.8205 | Val Loss: 2.1279 | Val Acc: 0.2500
2025-06-22 13:37:28,392 [INFO] Epoch 041 | Train Loss: 1.7565 | Val Loss: 1.8475 | Val Acc: 0.2679
2025-06-22 13:37:28,437 [INFO] Epoch 042 | Train Loss: 1.6171 | Val Loss: 1.6689 | Val Acc: 0.3750
2025-06-22 13:37:28,471 [INFO] Epoch 043 | Train Loss: 1.2541 | Val Loss: 1.7201 | Val Acc: 0.3571
2025-06-22 13:37:28,504 [INFO] Epoch 044 | Train Loss: 1.2034 | Val Loss: 1.6914 | Val Acc: 0.3393
2025-06-22 13:37:28,535 [INFO] Epoch 045 | Train Loss: 1.2928 | Val Loss: 1.7121 | Val Acc: 0.3214
2025-06-22 13:37:28,564 [INFO] Epoch 046 | Train Loss: 1.2065 | Val Loss: 1.9474 | Val Acc: 0.3036
2025-06-22 13:37:28,593 [INFO] Epoch 047 | Train Loss: 1.1615 | Val Loss: 1.6816 | Val Acc: 0.3393
2025-06-22 13:37:28,624 [INFO] Epoch 048 | Train Loss: 1.2594 | Val Loss: 1.5884 | Val Acc: 0.3571
2025-06-22 13:37:28,653 [INFO] Epoch 049 | Train Loss: 1.1731 | Val Loss: 1.5120 | Val Acc: 0.2857
2025-06-22 13:37:28,684 [INFO] Epoch 050 | Train Loss: 1.1619 | Val Loss: 1.6442 | Val Acc: 0.3571
2025-06-22 13:37:29,606 [INFO] Epoch 051 | Train Loss: 1.0767 | Val Loss: 1.5957 | Val Acc: 0.3036
2025-06-22 13:37:29,653 [INFO] Epoch 052 | Train Loss: 1.1071 | Val Loss: 1.4563 | Val Acc: 0.3036
2025-06-22 13:37:29,699 [INFO] Epoch 053 | Train Loss: 1.1721 | Val Loss: 1.5683 | Val Acc: 0.3750
2025-06-22 13:37:29,729 [INFO] Epoch 054 | Train Loss: 1.2032 | Val Loss: 1.7519 | Val Acc: 0.3571
2025-06-22 13:37:29,759 [INFO] Epoch 055 | Train Loss: 1.1329 | Val Loss: 1.6643 | Val Acc: 0.3393
2025-06-22 13:37:29,789 [INFO] Epoch 056 | Train Loss: 1.0873 | Val Loss: 1.9047 | Val Acc: 0.3393
2025-06-22 13:37:29,819 [INFO] Epoch 057 | Train Loss: 1.1511 | Val Loss: 2.0448 | Val Acc: 0.3393
2025-06-22 13:37:29,898 [INFO] Epoch 058 | Train Loss: 1.2735 | Val Loss: 1.8852 | Val Acc: 0.3036
2025-06-22 13:37:29,928 [INFO] Epoch 059 | Train Loss: 1.5945 | Val Loss: 1.5586 | Val Acc: 0.4107
2025-06-22 13:37:29,960 [INFO] Epoch 060 | Train Loss: 1.1113 | Val Loss: 1.4794 | Val Acc: 0.3571
2025-06-22 13:37:31,001 [INFO] Epoch 061 | Train Loss: 1.2146 | Val Loss: 1.8207 | Val Acc: 0.3571
2025-06-22 13:37:31,048 [INFO] Epoch 062 | Train Loss: 1.1303 | Val Loss: 1.5969 | Val Acc: 0.3750
2025-06-22 13:37:31,087 [INFO] Epoch 063 | Train Loss: 0.9972 | Val Loss: 1.6916 | Val Acc: 0.3393
2025-06-22 13:37:31,115 [INFO] Epoch 064 | Train Loss: 1.0236 | Val Loss: 1.7641 | Val Acc: 0.2857
2025-06-22 13:37:31,143 [INFO] Epoch 065 | Train Loss: 1.0571 | Val Loss: 1.5098 | Val Acc: 0.3750
2025-06-22 13:37:31,171 [INFO] Epoch 066 | Train Loss: 0.9720 | Val Loss: 1.5442 | Val Acc: 0.3750
2025-06-22 13:37:31,201 [INFO] Epoch 067 | Train Loss: 1.0495 | Val Loss: 1.6798 | Val Acc: 0.3571
2025-06-22 13:37:31,234 [INFO] Epoch 068 | Train Loss: 1.3422 | Val Loss: 1.6186 | Val Acc: 0.3214
2025-06-22 13:37:31,264 [INFO] Epoch 069 | Train Loss: 0.9693 | Val Loss: 1.6992 | Val Acc: 0.3750
2025-06-22 13:37:31,293 [INFO] Epoch 070 | Train Loss: 0.9527 | Val Loss: 1.9889 | Val Acc: 0.3750
2025-06-22 13:37:32,234 [INFO] Epoch 071 | Train Loss: 0.9569 | Val Loss: 1.5416 | Val Acc: 0.3929
2025-06-22 13:37:32,293 [INFO] Epoch 072 | Train Loss: 0.8984 | Val Loss: 1.5690 | Val Acc: 0.3571
2025-06-22 13:37:32,328 [INFO] Epoch 073 | Train Loss: 0.8731 | Val Loss: 1.6601 | Val Acc: 0.4643
2025-06-22 13:37:32,333 [INFO] New best model at epoch 73 (Val Acc: 0.4643)
2025-06-22 13:37:32,360 [INFO] Epoch 074 | Train Loss: 0.8103 | Val Loss: 1.5019 | Val Acc: 0.5179
2025-06-22 13:37:32,365 [INFO] New best model at epoch 74 (Val Acc: 0.5179)
2025-06-22 13:37:32,391 [INFO] Epoch 075 | Train Loss: 0.8577 | Val Loss: 1.9367 | Val Acc: 0.3929
2025-06-22 13:37:32,425 [INFO] Epoch 076 | Train Loss: 0.8354 | Val Loss: 1.7015 | Val Acc: 0.4107
2025-06-22 13:37:32,462 [INFO] Epoch 077 | Train Loss: 0.9296 | Val Loss: 1.9665 | Val Acc: 0.3750
2025-06-22 13:37:32,499 [INFO] Epoch 078 | Train Loss: 0.9672 | Val Loss: 1.8130 | Val Acc: 0.2857
2025-06-22 13:37:32,538 [INFO] Epoch 079 | Train Loss: 0.9301 | Val Loss: 1.9697 | Val Acc: 0.3393
2025-06-22 13:37:32,571 [INFO] Epoch 080 | Train Loss: 0.9658 | Val Loss: 1.7362 | Val Acc: 0.4107
2025-06-22 13:37:33,517 [INFO] Epoch 081 | Train Loss: 0.8740 | Val Loss: 2.8857 | Val Acc: 0.3571
2025-06-22 13:37:33,567 [INFO] Epoch 082 | Train Loss: 0.9038 | Val Loss: 1.8168 | Val Acc: 0.3036
2025-06-22 13:37:33,600 [INFO] Epoch 083 | Train Loss: 0.8545 | Val Loss: 1.8503 | Val Acc: 0.1786
2025-06-22 13:37:33,640 [INFO] Epoch 084 | Train Loss: 0.9909 | Val Loss: 2.1800 | Val Acc: 0.3571
2025-06-22 13:37:33,674 [INFO] Epoch 085 | Train Loss: 1.2107 | Val Loss: 1.9041 | Val Acc: 0.3750
2025-06-22 13:37:33,703 [INFO] Epoch 086 | Train Loss: 0.9679 | Val Loss: 1.9446 | Val Acc: 0.3750
2025-06-22 13:37:33,734 [INFO] Epoch 087 | Train Loss: 1.0308 | Val Loss: 1.9835 | Val Acc: 0.3571
2025-06-22 13:37:33,763 [INFO] Epoch 088 | Train Loss: 0.9773 | Val Loss: 1.6625 | Val Acc: 0.3750
2025-06-22 13:37:33,792 [INFO] Epoch 089 | Train Loss: 0.8923 | Val Loss: 1.7855 | Val Acc: 0.3571
2025-06-22 13:37:33,822 [INFO] Epoch 090 | Train Loss: 0.8351 | Val Loss: 1.7305 | Val Acc: 0.3571
2025-06-22 13:37:35,222 [INFO] Epoch 091 | Train Loss: 0.8989 | Val Loss: 2.2785 | Val Acc: 0.3393
2025-06-22 13:37:35,278 [INFO] Epoch 092 | Train Loss: 0.8312 | Val Loss: 1.3206 | Val Acc: 0.5000
2025-06-22 13:37:35,313 [INFO] Epoch 093 | Train Loss: 0.8284 | Val Loss: 1.9937 | Val Acc: 0.4821
2025-06-22 13:37:35,344 [INFO] Epoch 094 | Train Loss: 0.7850 | Val Loss: 1.8796 | Val Acc: 0.3036
2025-06-22 13:37:35,374 [INFO] Epoch 095 | Train Loss: 0.8679 | Val Loss: 1.8229 | Val Acc: 0.4107
2025-06-22 13:37:35,402 [INFO] Epoch 096 | Train Loss: 0.7583 | Val Loss: 1.7379 | Val Acc: 0.4464
2025-06-22 13:37:35,431 [INFO] Epoch 097 | Train Loss: 0.7053 | Val Loss: 1.5856 | Val Acc: 0.3571
2025-06-22 13:37:35,460 [INFO] Epoch 098 | Train Loss: 0.8029 | Val Loss: 1.8442 | Val Acc: 0.3929
2025-06-22 13:37:35,489 [INFO] Epoch 099 | Train Loss: 0.7061 | Val Loss: 1.7139 | Val Acc: 0.4464
2025-06-22 13:37:35,522 [INFO] Epoch 100 | Train Loss: 0.8132 | Val Loss: 1.7126 | Val Acc: 0.5179
2025-06-22 13:37:36,431 [INFO] Epoch 101 | Train Loss: 0.7766 | Val Loss: 1.9303 | Val Acc: 0.4107
2025-06-22 13:37:36,478 [INFO] Epoch 102 | Train Loss: 0.7076 | Val Loss: 1.8418 | Val Acc: 0.4643
2025-06-22 13:37:36,519 [INFO] Epoch 103 | Train Loss: 0.7167 | Val Loss: 2.0575 | Val Acc: 0.2857
2025-06-22 13:37:36,547 [INFO] Epoch 104 | Train Loss: 0.7085 | Val Loss: 2.2241 | Val Acc: 0.3393
2025-06-22 13:37:36,576 [INFO] Epoch 105 | Train Loss: 0.6741 | Val Loss: 2.4779 | Val Acc: 0.3214
2025-06-22 13:37:36,605 [INFO] Epoch 106 | Train Loss: 0.6105 | Val Loss: 2.3124 | Val Acc: 0.3214
2025-06-22 13:37:36,634 [INFO] Epoch 107 | Train Loss: 0.7275 | Val Loss: 1.7691 | Val Acc: 0.4286
2025-06-22 13:37:36,664 [INFO] Epoch 108 | Train Loss: 0.7028 | Val Loss: 1.8345 | Val Acc: 0.3929
2025-06-22 13:37:36,695 [INFO] Epoch 109 | Train Loss: 0.7250 | Val Loss: 2.7045 | Val Acc: 0.3393
2025-06-22 13:37:36,732 [INFO] Epoch 110 | Train Loss: 0.7104 | Val Loss: 1.9935 | Val Acc: 0.4643
2025-06-22 13:37:37,609 [INFO] Epoch 111 | Train Loss: 0.6942 | Val Loss: 1.9359 | Val Acc: 0.3571
2025-06-22 13:37:37,657 [INFO] Epoch 112 | Train Loss: 0.6260 | Val Loss: 2.3072 | Val Acc: 0.4107
2025-06-22 13:37:37,696 [INFO] Epoch 113 | Train Loss: 0.6677 | Val Loss: 2.1820 | Val Acc: 0.2500
2025-06-22 13:37:37,724 [INFO] Epoch 114 | Train Loss: 0.5978 | Val Loss: 2.7241 | Val Acc: 0.3929
2025-06-22 13:37:37,775 [INFO] Epoch 115 | Train Loss: 0.6158 | Val Loss: 2.0801 | Val Acc: 0.4464
2025-06-22 13:37:37,815 [INFO] Epoch 116 | Train Loss: 0.6731 | Val Loss: 1.6959 | Val Acc: 0.5357
2025-06-22 13:37:37,821 [INFO] New best model at epoch 116 (Val Acc: 0.5357)
2025-06-22 13:37:37,851 [INFO] Epoch 117 | Train Loss: 0.6268 | Val Loss: 2.2711 | Val Acc: 0.4464
2025-06-22 13:37:37,883 [INFO] Epoch 118 | Train Loss: 0.6753 | Val Loss: 2.0108 | Val Acc: 0.3214
2025-06-22 13:37:37,913 [INFO] Epoch 119 | Train Loss: 0.7696 | Val Loss: 2.5358 | Val Acc: 0.3036
2025-06-22 13:37:37,943 [INFO] Epoch 120 | Train Loss: 0.7511 | Val Loss: 1.9124 | Val Acc: 0.4286
2025-06-22 13:37:38,874 [INFO] Epoch 121 | Train Loss: 0.7339 | Val Loss: 1.8143 | Val Acc: 0.3929
2025-06-22 13:37:38,924 [INFO] Epoch 122 | Train Loss: 0.7387 | Val Loss: 2.0492 | Val Acc: 0.4643
2025-06-22 13:37:38,955 [INFO] Epoch 123 | Train Loss: 0.7585 | Val Loss: 2.0457 | Val Acc: 0.4643
2025-06-22 13:37:38,984 [INFO] Epoch 124 | Train Loss: 0.7266 | Val Loss: 4.3367 | Val Acc: 0.3393
2025-06-22 13:37:39,013 [INFO] Epoch 125 | Train Loss: 0.8091 | Val Loss: 2.4432 | Val Acc: 0.3571
2025-06-22 13:37:39,043 [INFO] Epoch 126 | Train Loss: 0.7007 | Val Loss: 1.7371 | Val Acc: 0.4821
2025-06-22 13:37:39,073 [INFO] Epoch 127 | Train Loss: 0.6332 | Val Loss: 1.9236 | Val Acc: 0.3571
2025-06-22 13:37:39,102 [INFO] Epoch 128 | Train Loss: 0.6835 | Val Loss: 2.1155 | Val Acc: 0.3571
2025-06-22 13:37:39,131 [INFO] Epoch 129 | Train Loss: 0.6513 | Val Loss: 2.2998 | Val Acc: 0.4107
2025-06-22 13:37:39,164 [INFO] Epoch 130 | Train Loss: 0.6555 | Val Loss: 2.4250 | Val Acc: 0.3214
2025-06-22 13:37:40,051 [INFO] Epoch 131 | Train Loss: 0.7924 | Val Loss: 2.2307 | Val Acc: 0.3571
2025-06-22 13:37:40,096 [INFO] Epoch 132 | Train Loss: 0.7303 | Val Loss: 2.5750 | Val Acc: 0.3750
2025-06-22 13:37:40,133 [INFO] Epoch 133 | Train Loss: 0.6767 | Val Loss: 2.0111 | Val Acc: 0.4464
2025-06-22 13:37:40,162 [INFO] Epoch 134 | Train Loss: 0.7446 | Val Loss: 1.7258 | Val Acc: 0.3929
2025-06-22 13:37:40,191 [INFO] Epoch 135 | Train Loss: 0.7425 | Val Loss: 1.9280 | Val Acc: 0.4643
2025-06-22 13:37:40,220 [INFO] Epoch 136 | Train Loss: 0.6412 | Val Loss: 2.2776 | Val Acc: 0.3571
2025-06-22 13:37:40,249 [INFO] Epoch 137 | Train Loss: 0.6518 | Val Loss: 2.0483 | Val Acc: 0.4464
2025-06-22 13:37:40,279 [INFO] Epoch 138 | Train Loss: 0.6162 | Val Loss: 1.6230 | Val Acc: 0.4821
2025-06-22 13:37:40,309 [INFO] Epoch 139 | Train Loss: 0.5314 | Val Loss: 1.6994 | Val Acc: 0.4464
2025-06-22 13:37:40,339 [INFO] Epoch 140 | Train Loss: 0.5727 | Val Loss: 1.9213 | Val Acc: 0.4643
2025-06-22 13:37:41,258 [INFO] Epoch 141 | Train Loss: 0.5520 | Val Loss: 2.0049 | Val Acc: 0.4107
2025-06-22 13:37:41,305 [INFO] Epoch 142 | Train Loss: 0.5783 | Val Loss: 2.4247 | Val Acc: 0.3929
2025-06-22 13:37:41,347 [INFO] Epoch 143 | Train Loss: 0.5988 | Val Loss: 1.9070 | Val Acc: 0.4286
2025-06-22 13:37:41,379 [INFO] Epoch 144 | Train Loss: 0.5404 | Val Loss: 1.7311 | Val Acc: 0.3750
2025-06-22 13:37:41,410 [INFO] Epoch 145 | Train Loss: 0.5806 | Val Loss: 1.6850 | Val Acc: 0.4464
2025-06-22 13:37:41,439 [INFO] Epoch 146 | Train Loss: 0.6977 | Val Loss: 2.0401 | Val Acc: 0.4821
2025-06-22 13:37:41,470 [INFO] Epoch 147 | Train Loss: 0.5658 | Val Loss: 2.2749 | Val Acc: 0.4107
2025-06-22 13:37:41,499 [INFO] Epoch 148 | Train Loss: 0.6766 | Val Loss: 2.0650 | Val Acc: 0.4107
2025-06-22 13:37:41,529 [INFO] Epoch 149 | Train Loss: 0.6078 | Val Loss: 3.4631 | Val Acc: 0.2679
2025-06-22 13:37:41,560 [INFO] Epoch 150 | Train Loss: 0.5473 | Val Loss: 2.3618 | Val Acc: 0.3214
2025-06-22 13:37:45,046 [INFO] Epoch 151 | Train Loss: 0.6166 | Val Loss: 2.9459 | Val Acc: 0.3929
2025-06-22 13:37:45,100 [INFO] Epoch 152 | Train Loss: 0.6754 | Val Loss: 2.4499 | Val Acc: 0.3929
2025-06-22 13:37:45,132 [INFO] Epoch 153 | Train Loss: 0.7516 | Val Loss: 2.2433 | Val Acc: 0.4107
2025-06-22 13:37:45,171 [INFO] Epoch 154 | Train Loss: 0.8457 | Val Loss: 3.0521 | Val Acc: 0.2857
2025-06-22 13:37:45,223 [INFO] Epoch 155 | Train Loss: 0.7319 | Val Loss: 3.0553 | Val Acc: 0.3929
2025-06-22 13:37:45,265 [INFO] Epoch 156 | Train Loss: 0.7581 | Val Loss: 2.3044 | Val Acc: 0.3393
2025-06-22 13:37:45,302 [INFO] Epoch 157 | Train Loss: 0.6930 | Val Loss: 2.1877 | Val Acc: 0.3929
2025-06-22 13:37:45,340 [INFO] Epoch 158 | Train Loss: 0.6167 | Val Loss: 1.4696 | Val Acc: 0.4107
2025-06-22 13:37:45,368 [INFO] Epoch 159 | Train Loss: 0.7318 | Val Loss: 1.6648 | Val Acc: 0.4286
2025-06-22 13:37:45,398 [INFO] Epoch 160 | Train Loss: 0.7452 | Val Loss: 1.8708 | Val Acc: 0.4643
2025-06-22 13:37:48,346 [INFO] Epoch 161 | Train Loss: 0.6243 | Val Loss: 2.6000 | Val Acc: 0.4286
2025-06-22 13:37:48,390 [INFO] Epoch 162 | Train Loss: 0.6759 | Val Loss: 1.8828 | Val Acc: 0.4286
2025-06-22 13:37:48,427 [INFO] Epoch 163 | Train Loss: 0.5487 | Val Loss: 2.5872 | Val Acc: 0.4286
2025-06-22 13:37:48,469 [INFO] Epoch 164 | Train Loss: 0.5771 | Val Loss: 2.1149 | Val Acc: 0.3929
2025-06-22 13:37:48,510 [INFO] Epoch 165 | Train Loss: 0.5251 | Val Loss: 2.2266 | Val Acc: 0.3571
2025-06-22 13:37:48,544 [INFO] Epoch 166 | Train Loss: 0.4311 | Val Loss: 1.9978 | Val Acc: 0.3929
2025-06-22 13:37:48,575 [INFO] Epoch 167 | Train Loss: 0.5034 | Val Loss: 2.3402 | Val Acc: 0.4107
2025-06-22 13:37:48,625 [INFO] Epoch 168 | Train Loss: 0.4587 | Val Loss: 2.0469 | Val Acc: 0.4107
2025-06-22 13:37:48,655 [INFO] Epoch 169 | Train Loss: 0.5464 | Val Loss: 2.1472 | Val Acc: 0.3929
2025-06-22 13:37:48,686 [INFO] Epoch 170 | Train Loss: 0.5264 | Val Loss: 1.8721 | Val Acc: 0.5000
2025-06-22 13:37:49,603 [INFO] Epoch 171 | Train Loss: 0.5768 | Val Loss: 1.8009 | Val Acc: 0.3929
2025-06-22 13:37:49,634 [INFO] Epoch 172 | Train Loss: 0.5571 | Val Loss: 1.8686 | Val Acc: 0.3929
2025-06-22 13:37:49,673 [INFO] Epoch 173 | Train Loss: 0.5185 | Val Loss: 2.1409 | Val Acc: 0.4286
2025-06-22 13:37:49,721 [INFO] Epoch 174 | Train Loss: 0.5130 | Val Loss: 2.3215 | Val Acc: 0.4286
2025-06-22 13:37:49,759 [INFO] Epoch 175 | Train Loss: 0.5300 | Val Loss: 2.3907 | Val Acc: 0.3929
2025-06-22 13:37:49,789 [INFO] Epoch 176 | Train Loss: 0.6171 | Val Loss: 2.1387 | Val Acc: 0.4643
2025-06-22 13:37:49,819 [INFO] Epoch 177 | Train Loss: 0.4868 | Val Loss: 1.9230 | Val Acc: 0.4107
2025-06-22 13:37:49,855 [INFO] Epoch 178 | Train Loss: 0.5402 | Val Loss: 2.1339 | Val Acc: 0.3929
2025-06-22 13:37:49,892 [INFO] Epoch 179 | Train Loss: 0.4659 | Val Loss: 1.9696 | Val Acc: 0.4286
2025-06-22 13:37:49,951 [INFO] Epoch 180 | Train Loss: 0.4357 | Val Loss: 2.1022 | Val Acc: 0.4821
2025-06-22 13:37:50,916 [INFO] Epoch 181 | Train Loss: 0.6509 | Val Loss: 4.9020 | Val Acc: 0.3750
2025-06-22 13:37:50,969 [INFO] Epoch 182 | Train Loss: 0.6901 | Val Loss: 2.4135 | Val Acc: 0.4464
2025-06-22 13:37:51,005 [INFO] Epoch 183 | Train Loss: 0.5713 | Val Loss: 2.5338 | Val Acc: 0.4107
2025-06-22 13:37:51,034 [INFO] Epoch 184 | Train Loss: 0.6525 | Val Loss: 3.1465 | Val Acc: 0.3750
2025-06-22 13:37:51,066 [INFO] Epoch 185 | Train Loss: 0.5632 | Val Loss: 1.7232 | Val Acc: 0.4821
2025-06-22 13:37:51,097 [INFO] Epoch 186 | Train Loss: 0.6350 | Val Loss: 1.9859 | Val Acc: 0.4821
2025-06-22 13:37:51,128 [INFO] Epoch 187 | Train Loss: 0.5282 | Val Loss: 3.5870 | Val Acc: 0.3214
2025-06-22 13:37:51,157 [INFO] Epoch 188 | Train Loss: 0.5135 | Val Loss: 2.4076 | Val Acc: 0.3393
2025-06-22 13:37:51,189 [INFO] Epoch 189 | Train Loss: 0.5027 | Val Loss: 2.3352 | Val Acc: 0.4107
2025-06-22 13:37:51,219 [INFO] Epoch 190 | Train Loss: 0.4776 | Val Loss: 1.8720 | Val Acc: 0.4821
2025-06-22 13:37:52,636 [INFO] Epoch 191 | Train Loss: 0.6355 | Val Loss: 2.6001 | Val Acc: 0.3750
2025-06-22 13:37:52,689 [INFO] Epoch 192 | Train Loss: 0.5139 | Val Loss: 1.6783 | Val Acc: 0.4821
2025-06-22 13:37:52,739 [INFO] Epoch 193 | Train Loss: 0.6013 | Val Loss: 2.1818 | Val Acc: 0.4643
2025-06-22 13:37:52,779 [INFO] Epoch 194 | Train Loss: 0.5678 | Val Loss: 2.5385 | Val Acc: 0.3571
2025-06-22 13:37:52,813 [INFO] Epoch 195 | Train Loss: 0.5751 | Val Loss: 2.2885 | Val Acc: 0.3929
2025-06-22 13:37:52,842 [INFO] Epoch 196 | Train Loss: 0.7038 | Val Loss: 4.1362 | Val Acc: 0.4464
2025-06-22 13:37:52,871 [INFO] Epoch 197 | Train Loss: 0.6389 | Val Loss: 3.1026 | Val Acc: 0.3214
2025-06-22 13:37:52,900 [INFO] Epoch 198 | Train Loss: 0.6429 | Val Loss: 2.0708 | Val Acc: 0.3929
2025-06-22 13:37:52,929 [INFO] Epoch 199 | Train Loss: 0.5017 | Val Loss: 1.8668 | Val Acc: 0.5179
2025-06-22 13:37:52,958 [INFO] Epoch 200 | Train Loss: 0.5033 | Val Loss: 2.1433 | Val Acc: 0.5000
2025-06-22 13:37:54,006 [INFO] Epoch 201 | Train Loss: 0.4714 | Val Loss: 2.0851 | Val Acc: 0.4643
2025-06-22 13:37:54,049 [INFO] Epoch 202 | Train Loss: 0.5069 | Val Loss: 2.9645 | Val Acc: 0.3571
2025-06-22 13:37:54,079 [INFO] Epoch 203 | Train Loss: 0.4873 | Val Loss: 2.1928 | Val Acc: 0.3929
2025-06-22 13:37:54,108 [INFO] Epoch 204 | Train Loss: 0.6589 | Val Loss: 2.9323 | Val Acc: 0.4643
2025-06-22 13:37:54,146 [INFO] Epoch 205 | Train Loss: 0.5451 | Val Loss: 2.9285 | Val Acc: 0.5000
2025-06-22 13:37:54,176 [INFO] Epoch 206 | Train Loss: 0.4691 | Val Loss: 2.6584 | Val Acc: 0.4464
2025-06-22 13:37:54,207 [INFO] Epoch 207 | Train Loss: 0.4902 | Val Loss: 1.4177 | Val Acc: 0.5357
2025-06-22 13:37:54,237 [INFO] Epoch 208 | Train Loss: 0.5634 | Val Loss: 2.4022 | Val Acc: 0.4286
2025-06-22 13:37:54,266 [INFO] Epoch 209 | Train Loss: 0.4676 | Val Loss: 2.0457 | Val Acc: 0.4643
2025-06-22 13:37:54,295 [INFO] Epoch 210 | Train Loss: 0.6371 | Val Loss: 1.8303 | Val Acc: 0.4821
2025-06-22 13:37:55,202 [INFO] Epoch 211 | Train Loss: 0.4527 | Val Loss: 1.6489 | Val Acc: 0.5000
2025-06-22 13:37:55,251 [INFO] Epoch 212 | Train Loss: 0.5538 | Val Loss: 1.7073 | Val Acc: 0.3929
2025-06-22 13:37:55,290 [INFO] Epoch 213 | Train Loss: 0.4506 | Val Loss: 2.0997 | Val Acc: 0.5179
2025-06-22 13:37:55,319 [INFO] Epoch 214 | Train Loss: 0.5351 | Val Loss: 2.1932 | Val Acc: 0.4464
2025-06-22 13:37:55,348 [INFO] Epoch 215 | Train Loss: 0.4460 | Val Loss: 2.7207 | Val Acc: 0.4107
2025-06-22 13:37:55,378 [INFO] Epoch 216 | Train Loss: 0.4919 | Val Loss: 2.5933 | Val Acc: 0.3929
2025-06-22 13:37:55,407 [INFO] Epoch 217 | Train Loss: 0.4374 | Val Loss: 3.2966 | Val Acc: 0.4286
2025-06-22 13:37:55,436 [INFO] Epoch 218 | Train Loss: 0.5462 | Val Loss: 3.3436 | Val Acc: 0.3571
2025-06-22 13:37:55,466 [INFO] Epoch 219 | Train Loss: 0.4651 | Val Loss: 3.2183 | Val Acc: 0.3750
2025-06-22 13:37:55,496 [INFO] Epoch 220 | Train Loss: 0.4800 | Val Loss: 2.2820 | Val Acc: 0.4643
2025-06-22 13:37:56,437 [INFO] Epoch 221 | Train Loss: 0.4004 | Val Loss: 2.1077 | Val Acc: 0.4286
2025-06-22 13:37:56,481 [INFO] Epoch 222 | Train Loss: 0.4055 | Val Loss: 2.7441 | Val Acc: 0.4643
2025-06-22 13:37:56,521 [INFO] Epoch 223 | Train Loss: 0.4367 | Val Loss: 3.0177 | Val Acc: 0.3929
2025-06-22 13:37:56,549 [INFO] Epoch 224 | Train Loss: 0.5320 | Val Loss: 2.5996 | Val Acc: 0.3929
2025-06-22 13:37:56,587 [INFO] Epoch 225 | Train Loss: 0.4274 | Val Loss: 3.0729 | Val Acc: 0.3750
2025-06-22 13:37:56,616 [INFO] Epoch 226 | Train Loss: 0.4775 | Val Loss: 2.3832 | Val Acc: 0.4464
2025-06-22 13:37:56,646 [INFO] Epoch 227 | Train Loss: 0.5307 | Val Loss: 2.4593 | Val Acc: 0.4107
2025-06-22 13:37:56,676 [INFO] Epoch 228 | Train Loss: 0.4979 | Val Loss: 2.4678 | Val Acc: 0.4107
2025-06-22 13:37:56,704 [INFO] Epoch 229 | Train Loss: 0.4416 | Val Loss: 3.2121 | Val Acc: 0.3571
2025-06-22 13:37:56,733 [INFO] Epoch 230 | Train Loss: 0.5431 | Val Loss: 3.6861 | Val Acc: 0.3214
2025-06-22 13:37:57,696 [INFO] Epoch 231 | Train Loss: 0.5203 | Val Loss: 1.7667 | Val Acc: 0.4643
2025-06-22 13:37:57,743 [INFO] Epoch 232 | Train Loss: 0.4740 | Val Loss: 2.9791 | Val Acc: 0.4286
2025-06-22 13:37:57,778 [INFO] Epoch 233 | Train Loss: 0.4770 | Val Loss: 2.1266 | Val Acc: 0.4107
2025-06-22 13:37:57,808 [INFO] Epoch 234 | Train Loss: 0.4445 | Val Loss: 2.3826 | Val Acc: 0.4107
2025-06-22 13:37:57,843 [INFO] Epoch 235 | Train Loss: 0.4160 | Val Loss: 3.3778 | Val Acc: 0.5000
2025-06-22 13:37:57,872 [INFO] Epoch 236 | Train Loss: 0.4065 | Val Loss: 3.8793 | Val Acc: 0.3750
2025-06-22 13:37:57,902 [INFO] Epoch 237 | Train Loss: 0.3627 | Val Loss: 3.3321 | Val Acc: 0.3750
2025-06-22 13:37:57,931 [INFO] Epoch 238 | Train Loss: 0.3958 | Val Loss: 2.8418 | Val Acc: 0.3929
2025-06-22 13:37:57,961 [INFO] Epoch 239 | Train Loss: 0.4684 | Val Loss: 3.4592 | Val Acc: 0.3393
2025-06-22 13:37:57,994 [INFO] Epoch 240 | Train Loss: 0.4521 | Val Loss: 4.1631 | Val Acc: 0.3214
2025-06-22 13:37:58,909 [INFO] Epoch 241 | Train Loss: 0.4654 | Val Loss: 2.1611 | Val Acc: 0.4643
2025-06-22 13:37:58,954 [INFO] Epoch 242 | Train Loss: 0.4196 | Val Loss: 2.1257 | Val Acc: 0.5714
2025-06-22 13:37:58,959 [INFO] New best model at epoch 242 (Val Acc: 0.5714)
2025-06-22 13:37:58,997 [INFO] Epoch 243 | Train Loss: 0.4172 | Val Loss: 3.0185 | Val Acc: 0.3393
2025-06-22 13:37:59,025 [INFO] Epoch 244 | Train Loss: 0.5060 | Val Loss: 2.3941 | Val Acc: 0.4821
2025-06-22 13:37:59,059 [INFO] Epoch 245 | Train Loss: 0.4263 | Val Loss: 1.6792 | Val Acc: 0.5714
2025-06-22 13:37:59,118 [INFO] Epoch 246 | Train Loss: 0.6724 | Val Loss: 1.9028 | Val Acc: 0.4107
2025-06-22 13:37:59,157 [INFO] Epoch 247 | Train Loss: 0.4891 | Val Loss: 2.5779 | Val Acc: 0.4643
2025-06-22 13:37:59,188 [INFO] Epoch 248 | Train Loss: 0.5605 | Val Loss: 1.6637 | Val Acc: 0.5000
2025-06-22 13:37:59,218 [INFO] Epoch 249 | Train Loss: 0.5551 | Val Loss: 2.2124 | Val Acc: 0.3929
2025-06-22 13:37:59,255 [INFO] Epoch 250 | Train Loss: 0.6183 | Val Loss: 2.1431 | Val Acc: 0.5000
2025-06-22 13:38:00,164 [INFO] Epoch 251 | Train Loss: 0.7283 | Val Loss: 2.4878 | Val Acc: 0.3750
2025-06-22 13:38:00,219 [INFO] Epoch 252 | Train Loss: 0.4567 | Val Loss: 1.7938 | Val Acc: 0.4464
2025-06-22 13:38:00,252 [INFO] Epoch 253 | Train Loss: 0.4512 | Val Loss: 2.8338 | Val Acc: 0.3750
2025-06-22 13:38:00,283 [INFO] Epoch 254 | Train Loss: 0.4853 | Val Loss: 2.2780 | Val Acc: 0.5000
2025-06-22 13:38:00,312 [INFO] Epoch 255 | Train Loss: 0.4506 | Val Loss: 2.2923 | Val Acc: 0.3750
2025-06-22 13:38:00,341 [INFO] Epoch 256 | Train Loss: 0.5031 | Val Loss: 2.6044 | Val Acc: 0.3571
2025-06-22 13:38:00,370 [INFO] Epoch 257 | Train Loss: 0.5313 | Val Loss: 2.4923 | Val Acc: 0.4643
2025-06-22 13:38:00,400 [INFO] Epoch 258 | Train Loss: 0.4948 | Val Loss: 2.6425 | Val Acc: 0.4107
2025-06-22 13:38:00,430 [INFO] Epoch 259 | Train Loss: 0.6535 | Val Loss: 2.5611 | Val Acc: 0.4464
2025-06-22 13:38:00,460 [INFO] Epoch 260 | Train Loss: 0.5074 | Val Loss: 2.2727 | Val Acc: 0.4464
2025-06-22 13:38:01,382 [INFO] Epoch 261 | Train Loss: 0.6050 | Val Loss: 2.3953 | Val Acc: 0.4821
2025-06-22 13:38:01,432 [INFO] Epoch 262 | Train Loss: 0.4914 | Val Loss: 2.4865 | Val Acc: 0.3750
2025-06-22 13:38:01,467 [INFO] Epoch 263 | Train Loss: 0.4130 | Val Loss: 3.0845 | Val Acc: 0.3393
2025-06-22 13:38:01,496 [INFO] Epoch 264 | Train Loss: 0.3689 | Val Loss: 1.8878 | Val Acc: 0.4107
2025-06-22 13:38:01,525 [INFO] Epoch 265 | Train Loss: 0.5111 | Val Loss: 1.6545 | Val Acc: 0.3750
2025-06-22 13:38:01,554 [INFO] Epoch 266 | Train Loss: 0.4037 | Val Loss: 2.3021 | Val Acc: 0.4821
2025-06-22 13:38:01,585 [INFO] Epoch 267 | Train Loss: 0.4599 | Val Loss: 2.4434 | Val Acc: 0.3750
2025-06-22 13:38:01,615 [INFO] Epoch 268 | Train Loss: 0.5506 | Val Loss: 4.7169 | Val Acc: 0.3393
2025-06-22 13:38:01,645 [INFO] Epoch 269 | Train Loss: 0.4870 | Val Loss: 2.1236 | Val Acc: 0.5000
2025-06-22 13:38:01,683 [INFO] Epoch 270 | Train Loss: 0.3996 | Val Loss: 2.9414 | Val Acc: 0.4107
2025-06-22 13:38:02,697 [INFO] Epoch 271 | Train Loss: 0.4200 | Val Loss: 2.8373 | Val Acc: 0.3750
2025-06-22 13:38:02,748 [INFO] Epoch 272 | Train Loss: 0.3152 | Val Loss: 2.7583 | Val Acc: 0.3750
2025-06-22 13:38:02,800 [INFO] Epoch 273 | Train Loss: 0.3597 | Val Loss: 2.8248 | Val Acc: 0.3571
2025-06-22 13:38:02,870 [INFO] Epoch 274 | Train Loss: 0.3176 | Val Loss: 2.8599 | Val Acc: 0.3750
2025-06-22 13:38:02,918 [INFO] Epoch 275 | Train Loss: 0.3343 | Val Loss: 2.7765 | Val Acc: 0.3750
2025-06-22 13:38:02,966 [INFO] Epoch 276 | Train Loss: 0.3146 | Val Loss: 3.3111 | Val Acc: 0.3393
2025-06-22 13:38:02,996 [INFO] Epoch 277 | Train Loss: 0.3239 | Val Loss: 2.5552 | Val Acc: 0.3571
2025-06-22 13:38:03,027 [INFO] Epoch 278 | Train Loss: 0.2453 | Val Loss: 2.7509 | Val Acc: 0.3929
2025-06-22 13:38:03,057 [INFO] Epoch 279 | Train Loss: 0.3330 | Val Loss: 2.5129 | Val Acc: 0.4107
2025-06-22 13:38:03,087 [INFO] Epoch 280 | Train Loss: 0.3302 | Val Loss: 2.0883 | Val Acc: 0.3929
2025-06-22 13:38:03,976 [INFO] Epoch 281 | Train Loss: 0.4077 | Val Loss: 2.4744 | Val Acc: 0.4107
2025-06-22 13:38:04,025 [INFO] Epoch 282 | Train Loss: 0.3980 | Val Loss: 2.5367 | Val Acc: 0.3571
2025-06-22 13:38:04,061 [INFO] Epoch 283 | Train Loss: 0.3770 | Val Loss: 2.6607 | Val Acc: 0.4643
2025-06-22 13:38:04,091 [INFO] Epoch 284 | Train Loss: 0.3489 | Val Loss: 3.2293 | Val Acc: 0.4286
2025-06-22 13:38:04,120 [INFO] Epoch 285 | Train Loss: 0.4330 | Val Loss: 3.5302 | Val Acc: 0.3393
2025-06-22 13:38:04,150 [INFO] Epoch 286 | Train Loss: 0.3561 | Val Loss: 4.0921 | Val Acc: 0.4464
2025-06-22 13:38:04,179 [INFO] Epoch 287 | Train Loss: 0.3681 | Val Loss: 2.2045 | Val Acc: 0.4286
2025-06-22 13:38:04,209 [INFO] Epoch 288 | Train Loss: 0.4552 | Val Loss: 4.5578 | Val Acc: 0.3036
2025-06-22 13:38:04,238 [INFO] Epoch 289 | Train Loss: 0.3447 | Val Loss: 2.4807 | Val Acc: 0.3929
2025-06-22 13:38:04,270 [INFO] Epoch 290 | Train Loss: 0.4171 | Val Loss: 3.2300 | Val Acc: 0.4107
2025-06-22 13:38:05,179 [INFO] Epoch 291 | Train Loss: 0.2488 | Val Loss: 2.3530 | Val Acc: 0.4643
2025-06-22 13:38:05,229 [INFO] Epoch 292 | Train Loss: 0.2990 | Val Loss: 2.0791 | Val Acc: 0.4821
2025-06-22 13:38:05,269 [INFO] Epoch 293 | Train Loss: 0.2508 | Val Loss: 1.9651 | Val Acc: 0.5357
2025-06-22 13:38:05,298 [INFO] Epoch 294 | Train Loss: 0.3785 | Val Loss: 2.6865 | Val Acc: 0.3571
2025-06-22 13:38:05,327 [INFO] Epoch 295 | Train Loss: 0.3731 | Val Loss: 4.3487 | Val Acc: 0.3036
2025-06-22 13:38:05,356 [INFO] Epoch 296 | Train Loss: 0.2704 | Val Loss: 2.3384 | Val Acc: 0.3571
2025-06-22 13:38:05,385 [INFO] Epoch 297 | Train Loss: 0.3789 | Val Loss: 2.1627 | Val Acc: 0.3571
2025-06-22 13:38:05,417 [INFO] Epoch 298 | Train Loss: 0.2831 | Val Loss: 5.2091 | Val Acc: 0.3214
2025-06-22 13:38:05,453 [INFO] Epoch 299 | Train Loss: 0.4961 | Val Loss: 4.5187 | Val Acc: 0.3750
2025-06-22 13:38:05,494 [INFO] Epoch 300 | Train Loss: 0.5869 | Val Loss: 2.9181 | Val Acc: 0.4286
2025-06-22 13:38:09,455 [INFO] Epoch 301 | Train Loss: 0.5645 | Val Loss: 2.3261 | Val Acc: 0.4107
2025-06-22 13:38:09,508 [INFO] Epoch 302 | Train Loss: 0.5859 | Val Loss: 4.4898 | Val Acc: 0.3214
2025-06-22 13:38:09,549 [INFO] Epoch 303 | Train Loss: 0.4219 | Val Loss: 3.5809 | Val Acc: 0.4464
2025-06-22 13:38:09,581 [INFO] Epoch 304 | Train Loss: 0.6103 | Val Loss: 1.9823 | Val Acc: 0.4643
2025-06-22 13:38:09,613 [INFO] Epoch 305 | Train Loss: 0.4738 | Val Loss: 2.5618 | Val Acc: 0.3214
2025-06-22 13:38:09,644 [INFO] Epoch 306 | Train Loss: 0.3889 | Val Loss: 3.4663 | Val Acc: 0.3393
2025-06-22 13:38:09,673 [INFO] Epoch 307 | Train Loss: 0.4252 | Val Loss: 3.2459 | Val Acc: 0.3571
2025-06-22 13:38:09,711 [INFO] Epoch 308 | Train Loss: 0.3560 | Val Loss: 2.4670 | Val Acc: 0.4107
2025-06-22 13:38:09,740 [INFO] Epoch 309 | Train Loss: 0.5309 | Val Loss: 3.7309 | Val Acc: 0.3571
2025-06-22 13:38:09,770 [INFO] Epoch 310 | Train Loss: 0.4975 | Val Loss: 2.7477 | Val Acc: 0.4464
2025-06-22 13:38:10,658 [INFO] Epoch 311 | Train Loss: 0.4200 | Val Loss: 3.1791 | Val Acc: 0.4643
2025-06-22 13:38:10,707 [INFO] Epoch 312 | Train Loss: 0.3886 | Val Loss: 2.0171 | Val Acc: 0.4107
2025-06-22 13:38:10,761 [INFO] Epoch 313 | Train Loss: 0.3603 | Val Loss: 3.2999 | Val Acc: 0.2679
2025-06-22 13:38:10,798 [INFO] Epoch 314 | Train Loss: 0.4133 | Val Loss: 2.5684 | Val Acc: 0.4286
2025-06-22 13:38:10,838 [INFO] Epoch 315 | Train Loss: 0.4097 | Val Loss: 2.4314 | Val Acc: 0.5179
2025-06-22 13:38:10,874 [INFO] Epoch 316 | Train Loss: 0.4007 | Val Loss: 3.0549 | Val Acc: 0.4643
2025-06-22 13:38:10,905 [INFO] Epoch 317 | Train Loss: 0.3367 | Val Loss: 3.4430 | Val Acc: 0.3750
2025-06-22 13:38:10,935 [INFO] Epoch 318 | Train Loss: 0.3746 | Val Loss: 2.8951 | Val Acc: 0.3571
2025-06-22 13:38:10,966 [INFO] Epoch 319 | Train Loss: 0.3734 | Val Loss: 1.8481 | Val Acc: 0.4821
2025-06-22 13:38:10,997 [INFO] Epoch 320 | Train Loss: 0.3095 | Val Loss: 2.2456 | Val Acc: 0.4464
2025-06-22 13:38:11,925 [INFO] Epoch 321 | Train Loss: 0.2901 | Val Loss: 3.0779 | Val Acc: 0.4286
2025-06-22 13:38:11,985 [INFO] Epoch 322 | Train Loss: 0.2760 | Val Loss: 2.3913 | Val Acc: 0.4821
2025-06-22 13:38:12,017 [INFO] Epoch 323 | Train Loss: 0.3207 | Val Loss: 1.9103 | Val Acc: 0.4821
2025-06-22 13:38:12,047 [INFO] Epoch 324 | Train Loss: 0.4032 | Val Loss: 3.6865 | Val Acc: 0.3393
2025-06-22 13:38:12,094 [INFO] Epoch 325 | Train Loss: 0.3552 | Val Loss: 4.0194 | Val Acc: 0.3571
2025-06-22 13:38:12,122 [INFO] Epoch 326 | Train Loss: 0.4257 | Val Loss: 2.4170 | Val Acc: 0.4464
2025-06-22 13:38:12,151 [INFO] Epoch 327 | Train Loss: 0.3537 | Val Loss: 2.5688 | Val Acc: 0.4643
2025-06-22 13:38:12,181 [INFO] Epoch 328 | Train Loss: 0.3062 | Val Loss: 2.3493 | Val Acc: 0.4821
2025-06-22 13:38:12,211 [INFO] Epoch 329 | Train Loss: 0.2216 | Val Loss: 2.2673 | Val Acc: 0.4821
2025-06-22 13:38:12,242 [INFO] Epoch 330 | Train Loss: 0.2875 | Val Loss: 2.1532 | Val Acc: 0.5893
2025-06-22 13:38:13,148 [INFO] New best model at epoch 330 (Val Acc: 0.5893)
2025-06-22 13:38:13,175 [INFO] Epoch 331 | Train Loss: 0.4049 | Val Loss: 2.4008 | Val Acc: 0.5536
2025-06-22 13:38:13,224 [INFO] Epoch 332 | Train Loss: 0.3375 | Val Loss: 2.2889 | Val Acc: 0.5179
2025-06-22 13:38:13,264 [INFO] Epoch 333 | Train Loss: 0.3268 | Val Loss: 2.9270 | Val Acc: 0.5357
2025-06-22 13:38:13,294 [INFO] Epoch 334 | Train Loss: 0.2955 | Val Loss: 2.4302 | Val Acc: 0.4821
2025-06-22 13:38:13,323 [INFO] Epoch 335 | Train Loss: 0.3485 | Val Loss: 2.5098 | Val Acc: 0.4464
2025-06-22 13:38:13,353 [INFO] Epoch 336 | Train Loss: 0.2954 | Val Loss: 2.9358 | Val Acc: 0.3571
2025-06-22 13:38:13,383 [INFO] Epoch 337 | Train Loss: 0.2248 | Val Loss: 3.3627 | Val Acc: 0.3214
2025-06-22 13:38:13,413 [INFO] Epoch 338 | Train Loss: 0.2728 | Val Loss: 3.0363 | Val Acc: 0.4286
2025-06-22 13:38:13,442 [INFO] Epoch 339 | Train Loss: 0.2010 | Val Loss: 3.3111 | Val Acc: 0.3929
2025-06-22 13:38:13,471 [INFO] Epoch 340 | Train Loss: 0.3598 | Val Loss: 3.0296 | Val Acc: 0.4107
2025-06-22 13:38:16,206 [INFO] Epoch 341 | Train Loss: 0.2572 | Val Loss: 3.8533 | Val Acc: 0.4107
2025-06-22 13:38:16,273 [INFO] Epoch 342 | Train Loss: 0.2458 | Val Loss: 3.6729 | Val Acc: 0.3571
2025-06-22 13:38:16,309 [INFO] Epoch 343 | Train Loss: 0.2516 | Val Loss: 3.2766 | Val Acc: 0.3393
2025-06-22 13:38:16,339 [INFO] Epoch 344 | Train Loss: 0.2081 | Val Loss: 3.1962 | Val Acc: 0.3036
2025-06-22 13:38:16,370 [INFO] Epoch 345 | Train Loss: 0.2461 | Val Loss: 2.7854 | Val Acc: 0.4286
2025-06-22 13:38:16,400 [INFO] Epoch 346 | Train Loss: 0.2930 | Val Loss: 3.6170 | Val Acc: 0.4464
2025-06-22 13:38:16,430 [INFO] Epoch 347 | Train Loss: 0.3932 | Val Loss: 3.6681 | Val Acc: 0.3571
2025-06-22 13:38:16,460 [INFO] Epoch 348 | Train Loss: 0.5853 | Val Loss: 2.9275 | Val Acc: 0.4643
2025-06-22 13:38:16,489 [INFO] Epoch 349 | Train Loss: 0.5622 | Val Loss: 2.9966 | Val Acc: 0.4464
2025-06-22 13:38:16,518 [INFO] Epoch 350 | Train Loss: 0.7754 | Val Loss: 4.6522 | Val Acc: 0.3750
2025-06-22 13:38:17,509 [INFO] Epoch 351 | Train Loss: 0.7368 | Val Loss: 3.7892 | Val Acc: 0.4643
2025-06-22 13:38:17,557 [INFO] Epoch 352 | Train Loss: 0.7325 | Val Loss: 3.9365 | Val Acc: 0.4643
2025-06-22 13:38:17,595 [INFO] Epoch 353 | Train Loss: 0.8092 | Val Loss: 2.6544 | Val Acc: 0.4643
2025-06-22 13:38:17,624 [INFO] Epoch 354 | Train Loss: 0.6473 | Val Loss: 2.8257 | Val Acc: 0.4286
2025-06-22 13:38:17,653 [INFO] Epoch 355 | Train Loss: 0.6219 | Val Loss: 2.9306 | Val Acc: 0.3929
2025-06-22 13:38:17,683 [INFO] Epoch 356 | Train Loss: 0.5332 | Val Loss: 3.5040 | Val Acc: 0.3571
2025-06-22 13:38:17,712 [INFO] Epoch 357 | Train Loss: 0.4547 | Val Loss: 3.2838 | Val Acc: 0.3036
2025-06-22 13:38:17,744 [INFO] Epoch 358 | Train Loss: 0.4415 | Val Loss: 2.1590 | Val Acc: 0.3929
2025-06-22 13:38:17,773 [INFO] Epoch 359 | Train Loss: 0.4136 | Val Loss: 2.2288 | Val Acc: 0.4286
2025-06-22 13:38:17,802 [INFO] Epoch 360 | Train Loss: 0.3011 | Val Loss: 2.7023 | Val Acc: 0.4821
2025-06-22 13:38:18,756 [INFO] Epoch 361 | Train Loss: 0.3842 | Val Loss: 2.3746 | Val Acc: 0.5179
2025-06-22 13:38:18,820 [INFO] Epoch 362 | Train Loss: 0.3642 | Val Loss: 2.9235 | Val Acc: 0.4464
2025-06-22 13:38:18,865 [INFO] Epoch 363 | Train Loss: 0.4472 | Val Loss: 3.1034 | Val Acc: 0.3750
2025-06-22 13:38:18,906 [INFO] Epoch 364 | Train Loss: 0.3352 | Val Loss: 6.2973 | Val Acc: 0.2857
2025-06-22 13:38:18,970 [INFO] Epoch 365 | Train Loss: 0.4042 | Val Loss: 4.1826 | Val Acc: 0.3571
2025-06-22 13:38:19,021 [INFO] Epoch 366 | Train Loss: 0.3912 | Val Loss: 3.2769 | Val Acc: 0.4107
2025-06-22 13:38:19,062 [INFO] Epoch 367 | Train Loss: 0.4989 | Val Loss: 4.5176 | Val Acc: 0.3393
2025-06-22 13:38:19,122 [INFO] Epoch 368 | Train Loss: 0.4728 | Val Loss: 2.8243 | Val Acc: 0.3929
2025-06-22 13:38:19,154 [INFO] Epoch 369 | Train Loss: 0.5030 | Val Loss: 6.0607 | Val Acc: 0.3393
2025-06-22 13:38:19,186 [INFO] Epoch 370 | Train Loss: 0.5254 | Val Loss: 2.7368 | Val Acc: 0.4464
2025-06-22 13:38:20,295 [INFO] Epoch 371 | Train Loss: 0.5694 | Val Loss: 2.0383 | Val Acc: 0.5179
2025-06-22 13:38:20,359 [INFO] Epoch 372 | Train Loss: 0.4262 | Val Loss: 2.5253 | Val Acc: 0.3750
2025-06-22 13:38:20,434 [INFO] Epoch 373 | Train Loss: 0.5014 | Val Loss: 2.4873 | Val Acc: 0.4286
2025-06-22 13:38:20,483 [INFO] Epoch 374 | Train Loss: 0.5337 | Val Loss: 5.2548 | Val Acc: 0.3750
2025-06-22 13:38:20,528 [INFO] Epoch 375 | Train Loss: 0.4757 | Val Loss: 3.2771 | Val Acc: 0.4286
2025-06-22 13:38:20,618 [INFO] Epoch 376 | Train Loss: 0.4093 | Val Loss: 2.6517 | Val Acc: 0.4643
2025-06-22 13:38:20,666 [INFO] Epoch 377 | Train Loss: 0.4888 | Val Loss: 2.2282 | Val Acc: 0.4464
2025-06-22 13:38:20,713 [INFO] Epoch 378 | Train Loss: 0.4576 | Val Loss: 1.7750 | Val Acc: 0.5000
2025-06-22 13:38:20,761 [INFO] Epoch 379 | Train Loss: 0.2970 | Val Loss: 2.3402 | Val Acc: 0.4107
2025-06-22 13:38:20,813 [INFO] Epoch 380 | Train Loss: 0.3012 | Val Loss: 2.8773 | Val Acc: 0.4107
2025-06-22 13:38:21,804 [INFO] Epoch 381 | Train Loss: 0.2947 | Val Loss: 2.9745 | Val Acc: 0.3750
2025-06-22 13:38:21,873 [INFO] Epoch 382 | Train Loss: 0.2265 | Val Loss: 2.8631 | Val Acc: 0.3571
2025-06-22 13:38:21,913 [INFO] Epoch 383 | Train Loss: 0.1515 | Val Loss: 2.6541 | Val Acc: 0.3929
2025-06-22 13:38:21,960 [INFO] Epoch 384 | Train Loss: 0.2089 | Val Loss: 2.7690 | Val Acc: 0.3750
2025-06-22 13:38:22,007 [INFO] Epoch 385 | Train Loss: 0.2067 | Val Loss: 2.4604 | Val Acc: 0.3750
2025-06-22 13:38:22,050 [INFO] Epoch 386 | Train Loss: 0.1853 | Val Loss: 2.1506 | Val Acc: 0.4643
2025-06-22 13:38:22,125 [INFO] Epoch 387 | Train Loss: 0.2062 | Val Loss: 2.5147 | Val Acc: 0.4107
2025-06-22 13:38:22,170 [INFO] Epoch 388 | Train Loss: 0.1866 | Val Loss: 4.2620 | Val Acc: 0.3750
2025-06-22 13:38:22,217 [INFO] Epoch 389 | Train Loss: 0.2635 | Val Loss: 3.9223 | Val Acc: 0.3571
2025-06-22 13:38:22,268 [INFO] Epoch 390 | Train Loss: 0.1830 | Val Loss: 3.7384 | Val Acc: 0.3929
2025-06-22 13:38:23,246 [INFO] Epoch 391 | Train Loss: 0.2653 | Val Loss: 3.5658 | Val Acc: 0.5179
2025-06-22 13:38:23,294 [INFO] Epoch 392 | Train Loss: 0.2436 | Val Loss: 3.5273 | Val Acc: 0.4464
2025-06-22 13:38:23,340 [INFO] Epoch 393 | Train Loss: 0.1738 | Val Loss: 2.9903 | Val Acc: 0.4107
2025-06-22 13:38:23,375 [INFO] Epoch 394 | Train Loss: 0.1871 | Val Loss: 2.4010 | Val Acc: 0.4821
2025-06-22 13:38:23,404 [INFO] Epoch 395 | Train Loss: 0.2065 | Val Loss: 2.9518 | Val Acc: 0.4107
2025-06-22 13:38:23,434 [INFO] Epoch 396 | Train Loss: 0.2975 | Val Loss: 3.7365 | Val Acc: 0.3571
2025-06-22 13:38:23,463 [INFO] Epoch 397 | Train Loss: 0.2100 | Val Loss: 3.1128 | Val Acc: 0.3393
2025-06-22 13:38:23,504 [INFO] Epoch 398 | Train Loss: 0.3625 | Val Loss: 2.4324 | Val Acc: 0.5000
2025-06-22 13:38:23,552 [INFO] Epoch 399 | Train Loss: 0.3183 | Val Loss: 2.4158 | Val Acc: 0.4286
2025-06-22 13:38:23,593 [INFO] Epoch 400 | Train Loss: 0.4674 | Val Loss: 3.8830 | Val Acc: 0.4643
2025-06-22 13:38:25,143 [INFO] Best model saved to <built-in function time>/ENZYMES/best/best_source_gin.pth (Val Acc: 0.5893 at epoch 330)
2025-06-22 13:38:25,144 [INFO] Training/validation metrics saved to <built-in function time>/ENZYMES/GIN_0.01/train_metrics.csv
2025-06-22 13:38:26,590 [INFO] Final training curves saved
2025-06-22 13:38:26,590 [INFO] Training completed!
2025-06-22 13:38:26,590 [INFO] Best validation accuracy: 0.5893
2025-06-22 13:38:26,590 [INFO] Best epoch: 330
2025-06-22 13:38:26,590 [INFO] Total epochs trained: 400
2025-06-22 13:38:26,591 [INFO] Starting training with parameters: (0.01, 0.0, 256, 3, 50, 0.0)
