2025-06-20 17:33:29,255 [INFO] Using device: cpu
2025-06-20 17:33:29,255 [INFO] 开始创建数据加载器...
2025-06-20 17:33:29,256 [INFO] Successfully loaded dataset ENZYMES from ./data, total graphs: 600
2025-06-20 17:33:29,256 [INFO] Class allocation analysis:
2025-06-20 17:33:29,256 [INFO]   Source classes: [0, 1, 2, 3]
2025-06-20 17:33:29,256 [INFO]   Target classes: [0, 1, 2, 3, 4, 5]
2025-06-20 17:33:29,257 [INFO]   Overlap classes (to be split): [0, 1, 2, 3]
2025-06-20 17:33:29,257 [INFO]   Target novel classes (unknown): [4, 5]
2025-06-20 17:33:29,271 [INFO]   Class 0: 100 total -> Source: 70, Target: 30
2025-06-20 17:33:29,271 [INFO]   Class 1: 100 total -> Source: 70, Target: 30
2025-06-20 17:33:29,271 [INFO]   Class 2: 100 total -> Source: 70, Target: 30
2025-06-20 17:33:29,271 [INFO]   Class 3: 100 total -> Source: 70, Target: 30
2025-06-20 17:33:29,271 [INFO]   Class 4 (novel/unknown): 100 samples -> Target
2025-06-20 17:33:29,271 [INFO]   Class 5 (novel/unknown): 100 samples -> Target
2025-06-20 17:33:29,272 [INFO] Final allocation:
2025-06-20 17:33:29,272 [INFO]   Source domain: 280 samples
2025-06-20 17:33:29,272 [INFO]   Target domain: 320 samples
2025-06-20 17:33:29,273 [INFO] Source domain setup:
2025-06-20 17:33:29,273 [INFO]   Original classes: [0, 1, 2, 3]
2025-06-20 17:33:29,273 [INFO]   Overlap classes used: [0, 1, 2, 3]
2025-06-20 17:33:29,273 [INFO]   Label mapping: {0: 0, 1: 1, 2: 2, 3: 3}
2025-06-20 17:33:29,273 [INFO]   Total data after allocation: 280
2025-06-20 17:33:29,273 [INFO]   Data split - Train: 224, Val: 56
2025-06-20 17:33:29,273 [INFO]   Train label distribution: {0: 56, 1: 56, 3: 56, 2: 56}
2025-06-20 17:33:29,273 [INFO]   Val label distribution: {1: 14, 2: 14, 0: 14, 3: 14}
2025-06-20 17:33:29,274 [INFO] Successfully loaded dataset ENZYMES from ./data, total graphs: 600
2025-06-20 17:33:29,274 [INFO] Class allocation analysis:
2025-06-20 17:33:29,274 [INFO]   Source classes: [0, 1, 2, 3]
2025-06-20 17:33:29,275 [INFO]   Target classes: [0, 1, 2, 3, 4, 5]
2025-06-20 17:33:29,275 [INFO]   Overlap classes (to be split): [0, 1, 2, 3]
2025-06-20 17:33:29,275 [INFO]   Target novel classes (unknown): [4, 5]
2025-06-20 17:33:29,289 [INFO]   Class 0: 100 total -> Source: 70, Target: 30
2025-06-20 17:33:29,289 [INFO]   Class 1: 100 total -> Source: 70, Target: 30
2025-06-20 17:33:29,289 [INFO]   Class 2: 100 total -> Source: 70, Target: 30
2025-06-20 17:33:29,289 [INFO]   Class 3: 100 total -> Source: 70, Target: 30
2025-06-20 17:33:29,289 [INFO]   Class 4 (novel/unknown): 100 samples -> Target
2025-06-20 17:33:29,289 [INFO]   Class 5 (novel/unknown): 100 samples -> Target
2025-06-20 17:33:29,289 [INFO] Final allocation:
2025-06-20 17:33:29,290 [INFO]   Source domain: 280 samples
2025-06-20 17:33:29,290 [INFO]   Target domain: 320 samples
2025-06-20 17:33:29,291 [INFO] Target domain setup:
2025-06-20 17:33:29,291 [INFO]   Original classes: [0, 1, 2, 3, 4, 5]
2025-06-20 17:33:29,291 [INFO]   Overlap classes: [0, 1, 2, 3]
2025-06-20 17:33:29,291 [INFO]   Novel classes: [4, 5] -> mapped to unknown label 4
2025-06-20 17:33:29,291 [INFO]   Label mapping: {0: 0, 1: 1, 2: 2, 3: 3, 4: 4, 5: 4}
2025-06-20 17:33:29,291 [INFO]   Total data after allocation: 320
2025-06-20 17:33:29,291 [INFO]   Data split - Train: 256, Val: 64
2025-06-20 17:33:29,291 [INFO]   Total count: 320 (known: 120, unknown: 200)
2025-06-20 17:33:29,291 [INFO]   Total label distribution: {4: 200, 3: 30, 0: 30, 1: 30, 2: 30}
2025-06-20 17:33:29,291 [INFO]   Train label distribution: {4: 160, 0: 24, 2: 24, 3: 24, 1: 24}
2025-06-20 17:33:29,291 [INFO]   Val label distribution: {1: 6, 4: 40, 3: 6, 0: 6, 2: 6}
2025-06-20 17:33:29,292 [INFO] 数据加载器创建完成!
2025-06-20 17:33:29,292 [INFO] 源域类别数: 4 (重叠类别)
2025-06-20 17:33:29,292 [INFO] 目标域类别数: 5 (4个重叠类别 + 1个未知类别)
2025-06-20 17:33:29,292 [INFO] 重叠类别: [0, 1, 2, 3]
2025-06-20 17:33:29,292 [INFO] 目标域新类别: [4, 5]
2025-06-20 17:33:29,292 [INFO] Data allocation verification:
2025-06-20 17:33:29,292 [INFO]   Source data samples: 280
2025-06-20 17:33:29,292 [INFO]   Target data samples: 320
2025-06-20 17:33:29,292 [INFO]   Overlapping samples: 0
2025-06-20 17:33:29,292 [INFO]   ✓ Data allocation is correct - no overlapping samples
2025-06-20 17:33:29,293 [INFO] Model initialized with 3684 parameters
2025-06-20 17:33:29,293 [INFO] Previous best validation accuracy read from record.txt: 0.6071
2025-06-20 17:33:29,293 [INFO] Starting training...
2025-06-20 17:33:29,311 [INFO] Epoch 001 | Train Loss: 7.3393 | Val Loss: 1.9539 | Val Acc: 0.2857
2025-06-20 17:33:29,409 [INFO] New best model at epoch 1 (Val Acc: 0.2857)
2025-06-20 17:33:29,426 [INFO] Epoch 002 | Train Loss: 6.9506 | Val Loss: 1.7510 | Val Acc: 0.1964
2025-06-20 17:33:29,442 [INFO] Epoch 003 | Train Loss: 6.2904 | Val Loss: 1.8981 | Val Acc: 0.1964
2025-06-20 17:33:29,460 [INFO] Epoch 004 | Train Loss: 5.3007 | Val Loss: 2.0569 | Val Acc: 0.2500
2025-06-20 17:33:29,475 [INFO] Epoch 005 | Train Loss: 4.7183 | Val Loss: 2.1918 | Val Acc: 0.2679
2025-06-20 17:33:29,489 [INFO] Epoch 006 | Train Loss: 4.5530 | Val Loss: 2.3369 | Val Acc: 0.3036
2025-06-20 17:33:29,491 [INFO] New best model at epoch 6 (Val Acc: 0.3036)
2025-06-20 17:33:29,506 [INFO] Epoch 007 | Train Loss: 5.3841 | Val Loss: 2.4799 | Val Acc: 0.3214
2025-06-20 17:33:29,508 [INFO] New best model at epoch 7 (Val Acc: 0.3214)
2025-06-20 17:33:29,523 [INFO] Epoch 008 | Train Loss: 5.6155 | Val Loss: 2.6745 | Val Acc: 0.2321
2025-06-20 17:33:29,539 [INFO] Epoch 009 | Train Loss: 4.6648 | Val Loss: 2.8485 | Val Acc: 0.2679
2025-06-20 17:33:29,557 [INFO] Epoch 010 | Train Loss: 4.8501 | Val Loss: 2.9026 | Val Acc: 0.2857
2025-06-20 17:33:29,718 [INFO] Epoch 011 | Train Loss: 4.2917 | Val Loss: 2.9300 | Val Acc: 0.3214
2025-06-20 17:33:29,738 [INFO] Epoch 012 | Train Loss: 4.0595 | Val Loss: 2.8663 | Val Acc: 0.3214
2025-06-20 17:33:29,757 [INFO] Epoch 013 | Train Loss: 4.8091 | Val Loss: 2.8478 | Val Acc: 0.3036
2025-06-20 17:33:29,773 [INFO] Epoch 014 | Train Loss: 3.9586 | Val Loss: 2.8260 | Val Acc: 0.3214
2025-06-20 17:33:29,789 [INFO] Epoch 015 | Train Loss: 4.0171 | Val Loss: 2.8234 | Val Acc: 0.3214
2025-06-20 17:33:29,806 [INFO] Epoch 016 | Train Loss: 3.6631 | Val Loss: 2.7694 | Val Acc: 0.3214
2025-06-20 17:33:29,820 [INFO] Epoch 017 | Train Loss: 3.8145 | Val Loss: 2.6813 | Val Acc: 0.2857
2025-06-20 17:33:29,834 [INFO] Epoch 018 | Train Loss: 3.8305 | Val Loss: 2.5597 | Val Acc: 0.3036
2025-06-20 17:33:29,851 [INFO] Epoch 019 | Train Loss: 3.9999 | Val Loss: 2.4431 | Val Acc: 0.2857
2025-06-20 17:33:29,866 [INFO] Epoch 020 | Train Loss: 3.9176 | Val Loss: 2.3704 | Val Acc: 0.3036
2025-06-20 17:33:29,994 [INFO] Epoch 021 | Train Loss: 4.2027 | Val Loss: 2.2497 | Val Acc: 0.3214
2025-06-20 17:33:30,018 [INFO] Epoch 022 | Train Loss: 4.1753 | Val Loss: 2.1308 | Val Acc: 0.3571
2025-06-20 17:33:30,021 [INFO] New best model at epoch 22 (Val Acc: 0.3571)
2025-06-20 17:33:30,037 [INFO] Epoch 023 | Train Loss: 4.0893 | Val Loss: 2.1176 | Val Acc: 0.3571
2025-06-20 17:33:30,054 [INFO] Epoch 024 | Train Loss: 3.4069 | Val Loss: 2.1267 | Val Acc: 0.3393
2025-06-20 17:33:30,071 [INFO] Epoch 025 | Train Loss: 3.9853 | Val Loss: 2.1975 | Val Acc: 0.3571
2025-06-20 17:33:30,089 [INFO] Epoch 026 | Train Loss: 3.4841 | Val Loss: 2.1064 | Val Acc: 0.3750
2025-06-20 17:33:30,092 [INFO] New best model at epoch 26 (Val Acc: 0.3750)
2025-06-20 17:33:30,108 [INFO] Epoch 027 | Train Loss: 4.3823 | Val Loss: 2.1933 | Val Acc: 0.3571
2025-06-20 17:33:30,127 [INFO] Epoch 028 | Train Loss: 2.8376 | Val Loss: 2.1616 | Val Acc: 0.3750
2025-06-20 17:33:30,144 [INFO] Epoch 029 | Train Loss: 3.2338 | Val Loss: 2.1143 | Val Acc: 0.3571
2025-06-20 17:33:30,164 [INFO] Epoch 030 | Train Loss: 4.1907 | Val Loss: 2.2810 | Val Acc: 0.3214
2025-06-20 17:33:30,288 [INFO] Epoch 031 | Train Loss: 3.4054 | Val Loss: 2.1144 | Val Acc: 0.3393
2025-06-20 17:33:30,310 [INFO] Epoch 032 | Train Loss: 3.2915 | Val Loss: 2.0651 | Val Acc: 0.3571
2025-06-20 17:33:30,328 [INFO] Epoch 033 | Train Loss: 3.0150 | Val Loss: 2.0613 | Val Acc: 0.3750
2025-06-20 17:33:30,344 [INFO] Epoch 034 | Train Loss: 2.8357 | Val Loss: 2.0195 | Val Acc: 0.3393
2025-06-20 17:33:30,358 [INFO] Epoch 035 | Train Loss: 3.7625 | Val Loss: 1.9809 | Val Acc: 0.3929
2025-06-20 17:33:30,360 [INFO] New best model at epoch 35 (Val Acc: 0.3929)
2025-06-20 17:33:30,375 [INFO] Epoch 036 | Train Loss: 3.4443 | Val Loss: 2.0302 | Val Acc: 0.3929
2025-06-20 17:33:30,391 [INFO] Epoch 037 | Train Loss: 3.4134 | Val Loss: 1.9818 | Val Acc: 0.3929
2025-06-20 17:33:30,406 [INFO] Epoch 038 | Train Loss: 3.2784 | Val Loss: 1.9839 | Val Acc: 0.3929
2025-06-20 17:33:30,422 [INFO] Epoch 039 | Train Loss: 3.0212 | Val Loss: 1.9756 | Val Acc: 0.4107
2025-06-20 17:33:30,425 [INFO] New best model at epoch 39 (Val Acc: 0.4107)
2025-06-20 17:33:30,440 [INFO] Epoch 040 | Train Loss: 3.8319 | Val Loss: 1.9839 | Val Acc: 0.3929
2025-06-20 17:33:30,567 [INFO] Epoch 041 | Train Loss: 2.8081 | Val Loss: 1.9799 | Val Acc: 0.3393
2025-06-20 17:33:30,589 [INFO] Epoch 042 | Train Loss: 2.6825 | Val Loss: 1.9864 | Val Acc: 0.3214
2025-06-20 17:33:30,609 [INFO] Epoch 043 | Train Loss: 3.8431 | Val Loss: 1.9241 | Val Acc: 0.3929
2025-06-20 17:33:30,629 [INFO] Epoch 044 | Train Loss: 3.1440 | Val Loss: 1.9146 | Val Acc: 0.3571
2025-06-20 17:33:30,649 [INFO] Epoch 045 | Train Loss: 2.4610 | Val Loss: 1.8598 | Val Acc: 0.4464
2025-06-20 17:33:30,652 [INFO] New best model at epoch 45 (Val Acc: 0.4464)
2025-06-20 17:33:30,667 [INFO] Epoch 046 | Train Loss: 3.4030 | Val Loss: 1.8285 | Val Acc: 0.4107
2025-06-20 17:33:30,684 [INFO] Epoch 047 | Train Loss: 3.2899 | Val Loss: 1.8237 | Val Acc: 0.4286
2025-06-20 17:33:30,705 [INFO] Epoch 048 | Train Loss: 2.7810 | Val Loss: 1.8546 | Val Acc: 0.4107
2025-06-20 17:33:30,721 [INFO] Epoch 049 | Train Loss: 2.8122 | Val Loss: 1.8391 | Val Acc: 0.4107
2025-06-20 17:33:30,736 [INFO] Epoch 050 | Train Loss: 2.6225 | Val Loss: 1.8464 | Val Acc: 0.3929
2025-06-20 17:33:30,858 [INFO] Epoch 051 | Train Loss: 2.9220 | Val Loss: 1.8203 | Val Acc: 0.3929
2025-06-20 17:33:30,880 [INFO] Epoch 052 | Train Loss: 3.3631 | Val Loss: 1.8270 | Val Acc: 0.4107
2025-06-20 17:33:30,895 [INFO] Epoch 053 | Train Loss: 3.2479 | Val Loss: 1.8152 | Val Acc: 0.4107
2025-06-20 17:33:30,910 [INFO] Epoch 054 | Train Loss: 2.7540 | Val Loss: 1.8264 | Val Acc: 0.3929
2025-06-20 17:33:30,924 [INFO] Epoch 055 | Train Loss: 3.0493 | Val Loss: 1.8192 | Val Acc: 0.4286
2025-06-20 17:33:30,941 [INFO] Epoch 056 | Train Loss: 3.3318 | Val Loss: 1.8028 | Val Acc: 0.4464
2025-06-20 17:33:30,958 [INFO] Epoch 057 | Train Loss: 2.7619 | Val Loss: 1.7596 | Val Acc: 0.4464
2025-06-20 17:33:30,974 [INFO] Epoch 058 | Train Loss: 3.2049 | Val Loss: 1.7574 | Val Acc: 0.4643
2025-06-20 17:33:30,976 [INFO] New best model at epoch 58 (Val Acc: 0.4643)
2025-06-20 17:33:30,992 [INFO] Epoch 059 | Train Loss: 2.8501 | Val Loss: 1.7797 | Val Acc: 0.4464
2025-06-20 17:33:31,008 [INFO] Epoch 060 | Train Loss: 2.7477 | Val Loss: 1.7856 | Val Acc: 0.4643
2025-06-20 17:33:31,132 [INFO] Epoch 061 | Train Loss: 2.9712 | Val Loss: 1.8722 | Val Acc: 0.4464
2025-06-20 17:33:31,156 [INFO] Epoch 062 | Train Loss: 2.8163 | Val Loss: 1.7497 | Val Acc: 0.4643
2025-06-20 17:33:31,176 [INFO] Epoch 063 | Train Loss: 2.8954 | Val Loss: 1.7114 | Val Acc: 0.4286
2025-06-20 17:33:31,194 [INFO] Epoch 064 | Train Loss: 3.0633 | Val Loss: 1.7416 | Val Acc: 0.4643
2025-06-20 17:33:31,214 [INFO] Epoch 065 | Train Loss: 3.1470 | Val Loss: 1.7404 | Val Acc: 0.4643
2025-06-20 17:33:31,232 [INFO] Epoch 066 | Train Loss: 2.5148 | Val Loss: 1.7628 | Val Acc: 0.4107
2025-06-20 17:33:31,250 [INFO] Epoch 067 | Train Loss: 2.6784 | Val Loss: 1.7433 | Val Acc: 0.4643
2025-06-20 17:33:31,272 [INFO] Epoch 068 | Train Loss: 2.7269 | Val Loss: 1.6968 | Val Acc: 0.4286
2025-06-20 17:33:31,288 [INFO] Epoch 069 | Train Loss: 2.8623 | Val Loss: 1.6920 | Val Acc: 0.4107
2025-06-20 17:33:31,305 [INFO] Epoch 070 | Train Loss: 2.9999 | Val Loss: 1.6823 | Val Acc: 0.4286
2025-06-20 17:33:31,500 [INFO] Epoch 071 | Train Loss: 2.8095 | Val Loss: 1.6803 | Val Acc: 0.4286
2025-06-20 17:33:31,518 [INFO] Epoch 072 | Train Loss: 2.8923 | Val Loss: 1.7261 | Val Acc: 0.4643
2025-06-20 17:33:31,537 [INFO] Epoch 073 | Train Loss: 3.0910 | Val Loss: 1.7333 | Val Acc: 0.4464
2025-06-20 17:33:31,557 [INFO] Epoch 074 | Train Loss: 2.6254 | Val Loss: 1.7500 | Val Acc: 0.4286
2025-06-20 17:33:31,574 [INFO] Epoch 075 | Train Loss: 3.0674 | Val Loss: 1.7234 | Val Acc: 0.4286
2025-06-20 17:33:31,592 [INFO] Epoch 076 | Train Loss: 2.8544 | Val Loss: 1.7268 | Val Acc: 0.4286
2025-06-20 17:33:31,609 [INFO] Epoch 077 | Train Loss: 2.8644 | Val Loss: 1.7344 | Val Acc: 0.4464
2025-06-20 17:33:31,626 [INFO] Epoch 078 | Train Loss: 2.4077 | Val Loss: 1.7246 | Val Acc: 0.4464
2025-06-20 17:33:31,643 [INFO] Epoch 079 | Train Loss: 2.2534 | Val Loss: 1.7371 | Val Acc: 0.4464
2025-06-20 17:33:31,657 [INFO] Epoch 080 | Train Loss: 2.3681 | Val Loss: 1.7229 | Val Acc: 0.4464
2025-06-20 17:33:31,782 [INFO] Epoch 081 | Train Loss: 2.6581 | Val Loss: 1.7168 | Val Acc: 0.4464
2025-06-20 17:33:31,808 [INFO] Epoch 082 | Train Loss: 2.2888 | Val Loss: 1.7180 | Val Acc: 0.4464
2025-06-20 17:33:31,828 [INFO] Epoch 083 | Train Loss: 2.7042 | Val Loss: 1.7218 | Val Acc: 0.4464
2025-06-20 17:33:31,847 [INFO] Epoch 084 | Train Loss: 2.2693 | Val Loss: 1.6354 | Val Acc: 0.4643
2025-06-20 17:33:31,870 [INFO] Epoch 085 | Train Loss: 2.2457 | Val Loss: 1.6459 | Val Acc: 0.4464
2025-06-20 17:33:31,894 [INFO] Epoch 086 | Train Loss: 2.6252 | Val Loss: 1.6397 | Val Acc: 0.4643
2025-06-20 17:33:31,916 [INFO] Epoch 087 | Train Loss: 2.8169 | Val Loss: 1.6871 | Val Acc: 0.4821
2025-06-20 17:33:31,919 [INFO] New best model at epoch 87 (Val Acc: 0.4821)
2025-06-20 17:33:31,935 [INFO] Epoch 088 | Train Loss: 2.5868 | Val Loss: 1.6635 | Val Acc: 0.5179
2025-06-20 17:33:31,938 [INFO] New best model at epoch 88 (Val Acc: 0.5179)
2025-06-20 17:33:31,955 [INFO] Epoch 089 | Train Loss: 2.3627 | Val Loss: 1.6801 | Val Acc: 0.5000
2025-06-20 17:33:31,973 [INFO] Epoch 090 | Train Loss: 2.7549 | Val Loss: 1.7104 | Val Acc: 0.4821
2025-06-20 17:33:32,092 [INFO] Epoch 091 | Train Loss: 2.1445 | Val Loss: 1.6906 | Val Acc: 0.4821
2025-06-20 17:33:32,115 [INFO] Epoch 092 | Train Loss: 2.6892 | Val Loss: 1.6891 | Val Acc: 0.4643
2025-06-20 17:33:32,133 [INFO] Epoch 093 | Train Loss: 3.0057 | Val Loss: 1.6786 | Val Acc: 0.4643
2025-06-20 17:33:32,150 [INFO] Epoch 094 | Train Loss: 2.4205 | Val Loss: 1.6720 | Val Acc: 0.4821
2025-06-20 17:33:32,167 [INFO] Epoch 095 | Train Loss: 2.6958 | Val Loss: 1.7258 | Val Acc: 0.4821
2025-06-20 17:33:32,184 [INFO] Epoch 096 | Train Loss: 2.4938 | Val Loss: 1.6847 | Val Acc: 0.4286
2025-06-20 17:33:32,201 [INFO] Epoch 097 | Train Loss: 2.5779 | Val Loss: 1.7036 | Val Acc: 0.4643
2025-06-20 17:33:32,220 [INFO] Epoch 098 | Train Loss: 2.3504 | Val Loss: 1.6904 | Val Acc: 0.4643
2025-06-20 17:33:32,237 [INFO] Epoch 099 | Train Loss: 3.0134 | Val Loss: 1.7425 | Val Acc: 0.5000
2025-06-20 17:33:32,255 [INFO] Epoch 100 | Train Loss: 2.2828 | Val Loss: 1.7427 | Val Acc: 0.4821
2025-06-20 17:33:32,383 [INFO] Epoch 101 | Train Loss: 2.5784 | Val Loss: 1.7599 | Val Acc: 0.5000
2025-06-20 17:33:32,401 [INFO] Epoch 102 | Train Loss: 2.1115 | Val Loss: 1.7149 | Val Acc: 0.5179
2025-06-20 17:33:32,415 [INFO] Epoch 103 | Train Loss: 2.3448 | Val Loss: 1.7205 | Val Acc: 0.5000
2025-06-20 17:33:32,432 [INFO] Epoch 104 | Train Loss: 2.1141 | Val Loss: 1.6978 | Val Acc: 0.5000
2025-06-20 17:33:32,446 [INFO] Epoch 105 | Train Loss: 2.5301 | Val Loss: 1.6802 | Val Acc: 0.4643
2025-06-20 17:33:32,460 [INFO] Epoch 106 | Train Loss: 2.4525 | Val Loss: 1.6921 | Val Acc: 0.4821
2025-06-20 17:33:32,474 [INFO] Epoch 107 | Train Loss: 2.6563 | Val Loss: 1.6895 | Val Acc: 0.4821
2025-06-20 17:33:32,488 [INFO] Epoch 108 | Train Loss: 2.1560 | Val Loss: 1.7167 | Val Acc: 0.4821
2025-06-20 17:33:32,503 [INFO] Epoch 109 | Train Loss: 2.4222 | Val Loss: 1.7455 | Val Acc: 0.5000
2025-06-20 17:33:32,519 [INFO] Epoch 110 | Train Loss: 2.3311 | Val Loss: 1.7511 | Val Acc: 0.4821
2025-06-20 17:33:32,642 [INFO] Epoch 111 | Train Loss: 2.2193 | Val Loss: 1.7464 | Val Acc: 0.5000
2025-06-20 17:33:32,664 [INFO] Epoch 112 | Train Loss: 2.0492 | Val Loss: 1.7489 | Val Acc: 0.4643
2025-06-20 17:33:32,681 [INFO] Epoch 113 | Train Loss: 2.4360 | Val Loss: 1.7525 | Val Acc: 0.4821
2025-06-20 17:33:32,700 [INFO] Epoch 114 | Train Loss: 2.2688 | Val Loss: 1.7587 | Val Acc: 0.4821
2025-06-20 17:33:32,717 [INFO] Epoch 115 | Train Loss: 2.2006 | Val Loss: 1.7770 | Val Acc: 0.4821
2025-06-20 17:33:32,733 [INFO] Epoch 116 | Train Loss: 2.0694 | Val Loss: 1.7582 | Val Acc: 0.4821
2025-06-20 17:33:32,747 [INFO] Epoch 117 | Train Loss: 2.1231 | Val Loss: 1.7465 | Val Acc: 0.5000
2025-06-20 17:33:32,762 [INFO] Epoch 118 | Train Loss: 2.3731 | Val Loss: 1.6939 | Val Acc: 0.4821
2025-06-20 17:33:32,776 [INFO] Epoch 119 | Train Loss: 2.0816 | Val Loss: 1.6980 | Val Acc: 0.4643
2025-06-20 17:33:32,790 [INFO] Epoch 120 | Train Loss: 2.2450 | Val Loss: 1.6535 | Val Acc: 0.4821
2025-06-20 17:33:32,947 [INFO] Epoch 121 | Train Loss: 2.3660 | Val Loss: 1.6685 | Val Acc: 0.4286
2025-06-20 17:33:32,961 [INFO] Epoch 122 | Train Loss: 2.4730 | Val Loss: 1.6911 | Val Acc: 0.4286
2025-06-20 17:33:32,979 [INFO] Epoch 123 | Train Loss: 2.4070 | Val Loss: 1.7180 | Val Acc: 0.4286
2025-06-20 17:33:32,997 [INFO] Epoch 124 | Train Loss: 2.2178 | Val Loss: 1.7008 | Val Acc: 0.4286
2025-06-20 17:33:33,013 [INFO] Epoch 125 | Train Loss: 2.7192 | Val Loss: 1.7417 | Val Acc: 0.4286
2025-06-20 17:33:33,030 [INFO] Epoch 126 | Train Loss: 2.1148 | Val Loss: 1.7500 | Val Acc: 0.4107
2025-06-20 17:33:33,046 [INFO] Epoch 127 | Train Loss: 2.1353 | Val Loss: 1.7519 | Val Acc: 0.4464
2025-06-20 17:33:33,060 [INFO] Epoch 128 | Train Loss: 2.2628 | Val Loss: 1.7151 | Val Acc: 0.4286
2025-06-20 17:33:33,075 [INFO] Epoch 129 | Train Loss: 2.5914 | Val Loss: 1.7137 | Val Acc: 0.4286
2025-06-20 17:33:33,091 [INFO] Epoch 130 | Train Loss: 2.2262 | Val Loss: 1.7197 | Val Acc: 0.4643
2025-06-20 17:33:33,218 [INFO] Epoch 131 | Train Loss: 2.3264 | Val Loss: 1.7172 | Val Acc: 0.4464
2025-06-20 17:33:33,239 [INFO] Epoch 132 | Train Loss: 1.7648 | Val Loss: 1.7225 | Val Acc: 0.4464
2025-06-20 17:33:33,256 [INFO] Epoch 133 | Train Loss: 2.1364 | Val Loss: 1.7118 | Val Acc: 0.4643
2025-06-20 17:33:33,271 [INFO] Epoch 134 | Train Loss: 2.2980 | Val Loss: 1.6831 | Val Acc: 0.4464
2025-06-20 17:33:33,285 [INFO] Epoch 135 | Train Loss: 1.8969 | Val Loss: 1.6623 | Val Acc: 0.4643
2025-06-20 17:33:33,301 [INFO] Epoch 136 | Train Loss: 2.0674 | Val Loss: 1.6467 | Val Acc: 0.4643
2025-06-20 17:33:33,316 [INFO] Epoch 137 | Train Loss: 2.3190 | Val Loss: 1.6684 | Val Acc: 0.4643
2025-06-20 17:33:33,332 [INFO] Epoch 138 | Train Loss: 2.2202 | Val Loss: 1.6794 | Val Acc: 0.4643
2025-06-20 17:33:33,347 [INFO] Epoch 139 | Train Loss: 2.0256 | Val Loss: 1.6570 | Val Acc: 0.4821
2025-06-20 17:33:33,362 [INFO] Epoch 140 | Train Loss: 2.0480 | Val Loss: 1.6436 | Val Acc: 0.4821
2025-06-20 17:33:33,491 [INFO] Epoch 141 | Train Loss: 2.5205 | Val Loss: 1.6552 | Val Acc: 0.4643
2025-06-20 17:33:33,511 [INFO] Epoch 142 | Train Loss: 2.2651 | Val Loss: 1.6207 | Val Acc: 0.4643
2025-06-20 17:33:33,528 [INFO] Epoch 143 | Train Loss: 2.1791 | Val Loss: 1.6159 | Val Acc: 0.4643
2025-06-20 17:33:33,545 [INFO] Epoch 144 | Train Loss: 2.0612 | Val Loss: 1.6282 | Val Acc: 0.4821
2025-06-20 17:33:33,562 [INFO] Epoch 145 | Train Loss: 2.1500 | Val Loss: 1.6206 | Val Acc: 0.4821
2025-06-20 17:33:33,582 [INFO] Epoch 146 | Train Loss: 1.7084 | Val Loss: 1.6168 | Val Acc: 0.4821
2025-06-20 17:33:33,600 [INFO] Epoch 147 | Train Loss: 1.7977 | Val Loss: 1.6577 | Val Acc: 0.4643
2025-06-20 17:33:33,616 [INFO] Epoch 148 | Train Loss: 2.1474 | Val Loss: 1.6431 | Val Acc: 0.4643
2025-06-20 17:33:33,632 [INFO] Epoch 149 | Train Loss: 1.7651 | Val Loss: 1.6772 | Val Acc: 0.4464
2025-06-20 17:33:33,647 [INFO] Epoch 150 | Train Loss: 1.9901 | Val Loss: 1.6413 | Val Acc: 0.5000
2025-06-20 17:33:33,771 [INFO] Epoch 151 | Train Loss: 2.1412 | Val Loss: 1.6560 | Val Acc: 0.4821
2025-06-20 17:33:33,791 [INFO] Epoch 152 | Train Loss: 1.9975 | Val Loss: 1.6468 | Val Acc: 0.4286
2025-06-20 17:33:33,808 [INFO] Epoch 153 | Train Loss: 2.0509 | Val Loss: 1.6487 | Val Acc: 0.4643
2025-06-20 17:33:33,823 [INFO] Epoch 154 | Train Loss: 1.9591 | Val Loss: 1.6576 | Val Acc: 0.4643
2025-06-20 17:33:33,840 [INFO] Epoch 155 | Train Loss: 1.9178 | Val Loss: 1.6329 | Val Acc: 0.4643
2025-06-20 17:33:33,857 [INFO] Epoch 156 | Train Loss: 1.9673 | Val Loss: 1.6203 | Val Acc: 0.4643
2025-06-20 17:33:33,871 [INFO] Epoch 157 | Train Loss: 2.1117 | Val Loss: 1.6124 | Val Acc: 0.4643
2025-06-20 17:33:33,887 [INFO] Epoch 158 | Train Loss: 2.1514 | Val Loss: 1.6599 | Val Acc: 0.4286
2025-06-20 17:33:33,903 [INFO] Epoch 159 | Train Loss: 2.5243 | Val Loss: 1.5968 | Val Acc: 0.4643
2025-06-20 17:33:33,917 [INFO] Epoch 160 | Train Loss: 2.4518 | Val Loss: 1.6013 | Val Acc: 0.4643
2025-06-20 17:33:34,046 [INFO] Epoch 161 | Train Loss: 2.4138 | Val Loss: 1.6184 | Val Acc: 0.5000
2025-06-20 17:33:34,069 [INFO] Epoch 162 | Train Loss: 2.3246 | Val Loss: 1.6035 | Val Acc: 0.4286
2025-06-20 17:33:34,088 [INFO] Epoch 163 | Train Loss: 1.9690 | Val Loss: 1.6035 | Val Acc: 0.4643
2025-06-20 17:33:34,103 [INFO] Epoch 164 | Train Loss: 1.9667 | Val Loss: 1.6361 | Val Acc: 0.4464
2025-06-20 17:33:34,119 [INFO] Epoch 165 | Train Loss: 2.0356 | Val Loss: 1.6130 | Val Acc: 0.4286
2025-06-20 17:33:34,134 [INFO] Epoch 166 | Train Loss: 1.6099 | Val Loss: 1.6202 | Val Acc: 0.4286
2025-06-20 17:33:34,148 [INFO] Epoch 167 | Train Loss: 1.8535 | Val Loss: 1.6520 | Val Acc: 0.4286
2025-06-20 17:33:34,163 [INFO] Epoch 168 | Train Loss: 2.0322 | Val Loss: 1.6468 | Val Acc: 0.4286
2025-06-20 17:33:34,181 [INFO] Epoch 169 | Train Loss: 2.0560 | Val Loss: 1.6207 | Val Acc: 0.4107
2025-06-20 17:33:34,196 [INFO] Epoch 170 | Train Loss: 1.7069 | Val Loss: 1.6234 | Val Acc: 0.4286
2025-06-20 17:33:34,326 [INFO] Epoch 171 | Train Loss: 2.1565 | Val Loss: 1.6262 | Val Acc: 0.4643
2025-06-20 17:33:34,349 [INFO] Epoch 172 | Train Loss: 2.3735 | Val Loss: 1.6155 | Val Acc: 0.4643
2025-06-20 17:33:34,364 [INFO] Epoch 173 | Train Loss: 2.0353 | Val Loss: 1.6508 | Val Acc: 0.4643
2025-06-20 17:33:34,378 [INFO] Epoch 174 | Train Loss: 1.9447 | Val Loss: 1.6610 | Val Acc: 0.4464
2025-06-20 17:33:34,394 [INFO] Epoch 175 | Train Loss: 1.7437 | Val Loss: 1.6370 | Val Acc: 0.4286
2025-06-20 17:33:34,410 [INFO] Epoch 176 | Train Loss: 1.8446 | Val Loss: 1.6215 | Val Acc: 0.4821
2025-06-20 17:33:34,424 [INFO] Epoch 177 | Train Loss: 2.1580 | Val Loss: 1.6373 | Val Acc: 0.4821
2025-06-20 17:33:34,439 [INFO] Epoch 178 | Train Loss: 1.5556 | Val Loss: 1.6322 | Val Acc: 0.4821
2025-06-20 17:33:34,457 [INFO] Epoch 179 | Train Loss: 2.2021 | Val Loss: 1.6343 | Val Acc: 0.4464
2025-06-20 17:33:34,477 [INFO] Epoch 180 | Train Loss: 1.9091 | Val Loss: 1.6612 | Val Acc: 0.4464
2025-06-20 17:33:34,672 [INFO] Epoch 181 | Train Loss: 1.8587 | Val Loss: 1.6659 | Val Acc: 0.4643
2025-06-20 17:33:34,687 [INFO] Epoch 182 | Train Loss: 1.7732 | Val Loss: 1.6468 | Val Acc: 0.4286
2025-06-20 17:33:34,702 [INFO] Epoch 183 | Train Loss: 2.2874 | Val Loss: 1.6709 | Val Acc: 0.4643
2025-06-20 17:33:34,721 [INFO] Epoch 184 | Train Loss: 1.9627 | Val Loss: 1.6699 | Val Acc: 0.4821
2025-06-20 17:33:34,738 [INFO] Epoch 185 | Train Loss: 1.6224 | Val Loss: 1.6825 | Val Acc: 0.4286
2025-06-20 17:33:34,753 [INFO] Epoch 186 | Train Loss: 1.7757 | Val Loss: 1.7041 | Val Acc: 0.3929
2025-06-20 17:33:34,767 [INFO] Epoch 187 | Train Loss: 1.6664 | Val Loss: 1.6838 | Val Acc: 0.4107
2025-06-20 17:33:34,781 [INFO] Epoch 188 | Train Loss: 1.7506 | Val Loss: 1.6951 | Val Acc: 0.4286
2025-06-20 17:33:34,801 [INFO] Epoch 189 | Train Loss: 2.1155 | Val Loss: 1.6442 | Val Acc: 0.4464
2025-06-20 17:33:34,818 [INFO] Epoch 190 | Train Loss: 1.7571 | Val Loss: 1.6344 | Val Acc: 0.4286
2025-06-20 17:33:34,952 [INFO] Epoch 191 | Train Loss: 1.8716 | Val Loss: 1.6181 | Val Acc: 0.4286
2025-06-20 17:33:34,977 [INFO] Epoch 192 | Train Loss: 1.8155 | Val Loss: 1.5908 | Val Acc: 0.3929
2025-06-20 17:33:34,995 [INFO] Epoch 193 | Train Loss: 1.9457 | Val Loss: 1.5739 | Val Acc: 0.4286
2025-06-20 17:33:35,012 [INFO] Epoch 194 | Train Loss: 2.4510 | Val Loss: 1.6221 | Val Acc: 0.4286
2025-06-20 17:33:35,029 [INFO] Epoch 195 | Train Loss: 1.7902 | Val Loss: 1.6288 | Val Acc: 0.4286
2025-06-20 17:33:35,045 [INFO] Epoch 196 | Train Loss: 1.9841 | Val Loss: 1.6491 | Val Acc: 0.4107
2025-06-20 17:33:35,063 [INFO] Epoch 197 | Train Loss: 2.0137 | Val Loss: 1.6531 | Val Acc: 0.4286
2025-06-20 17:33:35,080 [INFO] Epoch 198 | Train Loss: 2.1680 | Val Loss: 1.6512 | Val Acc: 0.4107
2025-06-20 17:33:35,097 [INFO] Epoch 199 | Train Loss: 1.9640 | Val Loss: 1.6335 | Val Acc: 0.4107
2025-06-20 17:33:35,114 [INFO] Epoch 200 | Train Loss: 2.2639 | Val Loss: 1.6211 | Val Acc: 0.4286
2025-06-20 17:33:35,243 [INFO] Epoch 201 | Train Loss: 1.7729 | Val Loss: 1.6040 | Val Acc: 0.4286
2025-06-20 17:33:35,265 [INFO] Epoch 202 | Train Loss: 1.5138 | Val Loss: 1.5845 | Val Acc: 0.4107
2025-06-20 17:33:35,281 [INFO] Epoch 203 | Train Loss: 1.5994 | Val Loss: 1.5771 | Val Acc: 0.4464
2025-06-20 17:33:35,298 [INFO] Epoch 204 | Train Loss: 1.8768 | Val Loss: 1.5759 | Val Acc: 0.4286
2025-06-20 17:33:35,314 [INFO] Epoch 205 | Train Loss: 1.7055 | Val Loss: 1.5522 | Val Acc: 0.4643
2025-06-20 17:33:35,333 [INFO] Epoch 206 | Train Loss: 2.6942 | Val Loss: 1.5548 | Val Acc: 0.4464
2025-06-20 17:33:35,352 [INFO] Epoch 207 | Train Loss: 1.9446 | Val Loss: 1.5771 | Val Acc: 0.4286
2025-06-20 17:33:35,372 [INFO] Epoch 208 | Train Loss: 2.6020 | Val Loss: 1.5751 | Val Acc: 0.4286
2025-06-20 17:33:35,394 [INFO] Epoch 209 | Train Loss: 1.8019 | Val Loss: 1.5531 | Val Acc: 0.4464
2025-06-20 17:33:35,411 [INFO] Epoch 210 | Train Loss: 2.1319 | Val Loss: 1.5202 | Val Acc: 0.3929
2025-06-20 17:33:35,532 [INFO] Epoch 211 | Train Loss: 1.5802 | Val Loss: 1.5117 | Val Acc: 0.4107
2025-06-20 17:33:35,553 [INFO] Epoch 212 | Train Loss: 2.2081 | Val Loss: 1.5149 | Val Acc: 0.4107
2025-06-20 17:33:35,570 [INFO] Epoch 213 | Train Loss: 1.9538 | Val Loss: 1.5006 | Val Acc: 0.4286
2025-06-20 17:33:35,590 [INFO] Epoch 214 | Train Loss: 1.6690 | Val Loss: 1.4766 | Val Acc: 0.4643
2025-06-20 17:33:35,606 [INFO] Epoch 215 | Train Loss: 2.0794 | Val Loss: 1.4876 | Val Acc: 0.4464
2025-06-20 17:33:35,623 [INFO] Epoch 216 | Train Loss: 2.1009 | Val Loss: 1.5029 | Val Acc: 0.4107
2025-06-20 17:33:35,640 [INFO] Epoch 217 | Train Loss: 1.7213 | Val Loss: 1.4946 | Val Acc: 0.4107
2025-06-20 17:33:35,654 [INFO] Epoch 218 | Train Loss: 1.6584 | Val Loss: 1.5511 | Val Acc: 0.4464
2025-06-20 17:33:35,671 [INFO] Epoch 219 | Train Loss: 2.0527 | Val Loss: 1.5456 | Val Acc: 0.4286
2025-06-20 17:33:35,691 [INFO] Epoch 220 | Train Loss: 2.1748 | Val Loss: 1.5338 | Val Acc: 0.4464
2025-06-20 17:33:35,848 [INFO] Epoch 221 | Train Loss: 1.8523 | Val Loss: 1.5533 | Val Acc: 0.4643
2025-06-20 17:33:35,868 [INFO] Epoch 222 | Train Loss: 2.1083 | Val Loss: 1.5222 | Val Acc: 0.4464
2025-06-20 17:33:35,883 [INFO] Epoch 223 | Train Loss: 1.8736 | Val Loss: 1.5028 | Val Acc: 0.3929
2025-06-20 17:33:35,898 [INFO] Epoch 224 | Train Loss: 1.7207 | Val Loss: 1.4646 | Val Acc: 0.4464
2025-06-20 17:33:35,913 [INFO] Epoch 225 | Train Loss: 1.8918 | Val Loss: 1.4891 | Val Acc: 0.4107
2025-06-20 17:33:35,927 [INFO] Epoch 226 | Train Loss: 1.5505 | Val Loss: 1.4638 | Val Acc: 0.4464
2025-06-20 17:33:35,945 [INFO] Epoch 227 | Train Loss: 2.1660 | Val Loss: 1.5084 | Val Acc: 0.4107
2025-06-20 17:33:35,961 [INFO] Epoch 228 | Train Loss: 2.3802 | Val Loss: 1.5412 | Val Acc: 0.4107
2025-06-20 17:33:35,979 [INFO] Epoch 229 | Train Loss: 1.8740 | Val Loss: 1.5130 | Val Acc: 0.3929
2025-06-20 17:33:35,996 [INFO] Epoch 230 | Train Loss: 1.8733 | Val Loss: 1.5195 | Val Acc: 0.3929
2025-06-20 17:33:36,117 [INFO] Epoch 231 | Train Loss: 1.9928 | Val Loss: 1.6291 | Val Acc: 0.3929
2025-06-20 17:33:36,139 [INFO] Epoch 232 | Train Loss: 1.6301 | Val Loss: 1.5096 | Val Acc: 0.4107
2025-06-20 17:33:36,155 [INFO] Epoch 233 | Train Loss: 1.6283 | Val Loss: 1.5098 | Val Acc: 0.4107
2025-06-20 17:33:36,172 [INFO] Epoch 234 | Train Loss: 1.7955 | Val Loss: 1.5744 | Val Acc: 0.3571
2025-06-20 17:33:36,189 [INFO] Epoch 235 | Train Loss: 1.8540 | Val Loss: 1.4988 | Val Acc: 0.3929
2025-06-20 17:33:36,206 [INFO] Epoch 236 | Train Loss: 1.5520 | Val Loss: 1.4626 | Val Acc: 0.4643
2025-06-20 17:33:36,224 [INFO] Epoch 237 | Train Loss: 1.5559 | Val Loss: 1.4423 | Val Acc: 0.4643
2025-06-20 17:33:36,243 [INFO] Epoch 238 | Train Loss: 2.0432 | Val Loss: 1.4339 | Val Acc: 0.4643
2025-06-20 17:33:36,244 [INFO] Early stopping at epoch 238 (no improvement in 150 epochs).
2025-06-20 17:33:36,246 [INFO] Best model saved to <built-in function time>/ENZYMES/best/best_source_gin.pth (Val Acc: 0.5179 at epoch 88)
2025-06-20 17:33:36,247 [INFO] Training/validation metrics saved to <built-in function time>/ENZYMES/GIN_0.0001/train_metrics.csv
2025-06-20 17:33:36,353 [INFO] Final training curves saved
2025-06-20 17:33:36,353 [INFO] Training completed!
2025-06-20 17:33:36,353 [INFO] Best validation accuracy: 0.5179
2025-06-20 17:33:36,353 [INFO] Best epoch: 88
2025-06-20 17:33:36,353 [INFO] Total epochs trained: 238
2025-06-20 17:33:36,354 [INFO] Starting training with parameters: (0.0001, 0.1, 32, 2, 300, 0.0001)
