2025-06-16 15:39:00,335 [INFO] Using device: cpu
2025-06-16 15:39:00,335 [INFO] Model/checkpoints will be saved to: ./checkpoints/GIN_0.001_ENZYMES
2025-06-16 15:39:00,335 [INFO] 开始创建数据加载器...
2025-06-16 15:39:00,343 [INFO] Successfully loaded dataset ENZYMES from ./data, total graphs: 600
2025-06-16 15:39:00,343 [INFO] Class allocation analysis:
2025-06-16 15:39:00,343 [INFO]   Source classes: [0, 1, 2, 3]
2025-06-16 15:39:00,343 [INFO]   Target classes: [0, 1, 2, 3, 4, 5]
2025-06-16 15:39:00,343 [INFO]   Overlap classes (to be split): [0, 1, 2, 3]
2025-06-16 15:39:00,343 [INFO]   Target novel classes (unknown): [4, 5]
2025-06-16 15:39:00,358 [INFO]   Class 0: 100 total -> Source: 70, Target: 30
2025-06-16 15:39:00,359 [INFO]   Class 1: 100 total -> Source: 70, Target: 30
2025-06-16 15:39:00,359 [INFO]   Class 2: 100 total -> Source: 70, Target: 30
2025-06-16 15:39:00,359 [INFO]   Class 3: 100 total -> Source: 70, Target: 30
2025-06-16 15:39:00,359 [INFO]   Class 4 (novel/unknown): 100 samples -> Target
2025-06-16 15:39:00,359 [INFO]   Class 5 (novel/unknown): 100 samples -> Target
2025-06-16 15:39:00,359 [INFO] Final allocation:
2025-06-16 15:39:00,359 [INFO]   Source domain: 280 samples
2025-06-16 15:39:00,359 [INFO]   Target domain: 320 samples
2025-06-16 15:39:00,360 [INFO] Source domain setup:
2025-06-16 15:39:00,361 [INFO]   Original classes: [0, 1, 2, 3]
2025-06-16 15:39:00,361 [INFO]   Overlap classes used: [0, 1, 2, 3]
2025-06-16 15:39:00,361 [INFO]   Label mapping: {0: 0, 1: 1, 2: 2, 3: 3}
2025-06-16 15:39:00,361 [INFO]   Total data after allocation: 280
2025-06-16 15:39:00,361 [INFO]   Data split - Train: 224, Val: 56
2025-06-16 15:39:00,361 [INFO]   Train label distribution: {0: 56, 1: 56, 3: 56, 2: 56}
2025-06-16 15:39:00,361 [INFO]   Val label distribution: {1: 14, 2: 14, 0: 14, 3: 14}
2025-06-16 15:39:00,362 [INFO] Successfully loaded dataset ENZYMES from ./data, total graphs: 600
2025-06-16 15:39:00,362 [INFO] Class allocation analysis:
2025-06-16 15:39:00,362 [INFO]   Source classes: [0, 1, 2, 3]
2025-06-16 15:39:00,362 [INFO]   Target classes: [0, 1, 2, 3, 4, 5]
2025-06-16 15:39:00,362 [INFO]   Overlap classes (to be split): [0, 1, 2, 3]
2025-06-16 15:39:00,362 [INFO]   Target novel classes (unknown): [4, 5]
2025-06-16 15:39:00,376 [INFO]   Class 0: 100 total -> Source: 70, Target: 30
2025-06-16 15:39:00,376 [INFO]   Class 1: 100 total -> Source: 70, Target: 30
2025-06-16 15:39:00,376 [INFO]   Class 2: 100 total -> Source: 70, Target: 30
2025-06-16 15:39:00,376 [INFO]   Class 3: 100 total -> Source: 70, Target: 30
2025-06-16 15:39:00,377 [INFO]   Class 4 (novel/unknown): 100 samples -> Target
2025-06-16 15:39:00,377 [INFO]   Class 5 (novel/unknown): 100 samples -> Target
2025-06-16 15:39:00,377 [INFO] Final allocation:
2025-06-16 15:39:00,377 [INFO]   Source domain: 280 samples
2025-06-16 15:39:00,377 [INFO]   Target domain: 320 samples
2025-06-16 15:39:00,378 [INFO] Target domain setup:
2025-06-16 15:39:00,378 [INFO]   Original classes: [0, 1, 2, 3, 4, 5]
2025-06-16 15:39:00,378 [INFO]   Overlap classes: [0, 1, 2, 3]
2025-06-16 15:39:00,378 [INFO]   Novel classes: [4, 5] -> mapped to unknown label 4
2025-06-16 15:39:00,378 [INFO]   Label mapping: {0: 0, 1: 1, 2: 2, 3: 3, 4: 4, 5: 4}
2025-06-16 15:39:00,378 [INFO]   Total data after allocation: 320
2025-06-16 15:39:00,378 [INFO]   Data split - Train: 256, Val: 64
2025-06-16 15:39:00,378 [INFO]   Total count: 320 (known: 120, unknown: 200)
2025-06-16 15:39:00,378 [INFO]   Total label distribution: {4: 200, 3: 30, 0: 30, 1: 30, 2: 30}
2025-06-16 15:39:00,378 [INFO]   Train label distribution: {4: 160, 0: 24, 2: 24, 3: 24, 1: 24}
2025-06-16 15:39:00,378 [INFO]   Val label distribution: {1: 6, 4: 40, 3: 6, 0: 6, 2: 6}
2025-06-16 15:39:00,379 [INFO] 数据加载器创建完成!
2025-06-16 15:39:00,379 [INFO] 源域类别数: 4 (重叠类别)
2025-06-16 15:39:00,379 [INFO] 目标域类别数: 5 (4个重叠类别 + 1个未知类别)
2025-06-16 15:39:00,379 [INFO] 重叠类别: [0, 1, 2, 3]
2025-06-16 15:39:00,379 [INFO] 目标域新类别: [4, 5]
2025-06-16 15:39:00,379 [INFO] Data allocation verification:
2025-06-16 15:39:00,379 [INFO]   Source data samples: 280
2025-06-16 15:39:00,379 [INFO]   Target data samples: 320
2025-06-16 15:39:00,379 [INFO]   Overlapping samples: 0
2025-06-16 15:39:00,379 [INFO]   ✓ Data allocation is correct - no overlapping samples
2025-06-16 15:39:00,379 [INFO] Loaded source data - Train: 224, Val: 56
2025-06-16 15:39:00,379 [INFO] Model config - Features: 3, Classes: 4
2025-06-16 15:39:00,379 [INFO] Source label mapping: {0: 0, 1: 1, 2: 2, 3: 3}
2025-06-16 15:39:00,404 [INFO] Model initialized with 599300 parameters
2025-06-16 15:39:00,404 [INFO] Starting training...
2025-06-16 15:39:00,568 [INFO] Epoch 001 | Train Loss: 12.4736 | Val Loss: 1.5168 | Val Acc: 0.3571
2025-06-16 15:39:00,750 [INFO] New best model at epoch 1 (Val Acc: 0.3571)
2025-06-16 15:39:00,875 [INFO] Epoch 002 | Train Loss: 8.6612 | Val Loss: 1.8137 | Val Acc: 0.2679
2025-06-16 15:39:00,997 [INFO] Epoch 003 | Train Loss: 9.1633 | Val Loss: 3.5059 | Val Acc: 0.3214
2025-06-16 15:39:01,120 [INFO] Epoch 004 | Train Loss: 6.7843 | Val Loss: 7.6858 | Val Acc: 0.3393
2025-06-16 15:39:01,234 [INFO] Epoch 005 | Train Loss: 5.9911 | Val Loss: 5.3642 | Val Acc: 0.3036
2025-06-16 15:39:01,378 [INFO] Epoch 006 | Train Loss: 7.5833 | Val Loss: 4.8266 | Val Acc: 0.3571
2025-06-16 15:39:01,513 [INFO] Epoch 007 | Train Loss: 5.8569 | Val Loss: 3.6070 | Val Acc: 0.3750
2025-06-16 15:39:01,533 [INFO] New best model at epoch 7 (Val Acc: 0.3750)
2025-06-16 15:39:01,644 [INFO] Epoch 008 | Train Loss: 5.6634 | Val Loss: 4.4538 | Val Acc: 0.3929
2025-06-16 15:39:01,659 [INFO] New best model at epoch 8 (Val Acc: 0.3929)
2025-06-16 15:39:01,778 [INFO] Epoch 009 | Train Loss: 5.5142 | Val Loss: 5.3155 | Val Acc: 0.3214
2025-06-16 15:39:01,903 [INFO] Epoch 010 | Train Loss: 4.8002 | Val Loss: 5.4829 | Val Acc: 0.2679
2025-06-16 15:39:02,122 [INFO] Epoch 011 | Train Loss: 4.3302 | Val Loss: 4.9629 | Val Acc: 0.3214
2025-06-16 15:39:02,248 [INFO] Epoch 012 | Train Loss: 4.5767 | Val Loss: 3.6489 | Val Acc: 0.2857
2025-06-16 15:39:02,375 [INFO] Epoch 013 | Train Loss: 4.9709 | Val Loss: 3.2044 | Val Acc: 0.3929
2025-06-16 15:39:02,495 [INFO] Epoch 014 | Train Loss: 4.8794 | Val Loss: 4.3437 | Val Acc: 0.3393
2025-06-16 15:39:02,623 [INFO] Epoch 015 | Train Loss: 4.4390 | Val Loss: 4.7064 | Val Acc: 0.3571
2025-06-16 15:39:02,745 [INFO] Epoch 016 | Train Loss: 4.3221 | Val Loss: 2.7447 | Val Acc: 0.3929
2025-06-16 15:39:02,869 [INFO] Epoch 017 | Train Loss: 3.9128 | Val Loss: 4.6651 | Val Acc: 0.3214
2025-06-16 15:39:02,986 [INFO] Epoch 018 | Train Loss: 3.6646 | Val Loss: 5.3015 | Val Acc: 0.3036
2025-06-16 15:39:03,100 [INFO] Epoch 019 | Train Loss: 3.2909 | Val Loss: 4.4569 | Val Acc: 0.2857
2025-06-16 15:39:03,224 [INFO] Epoch 020 | Train Loss: 2.7688 | Val Loss: 3.3505 | Val Acc: 0.3571
2025-06-16 15:39:03,450 [INFO] Epoch 021 | Train Loss: 2.4619 | Val Loss: 3.9741 | Val Acc: 0.3214
2025-06-16 15:39:03,566 [INFO] Epoch 022 | Train Loss: 2.8549 | Val Loss: 4.6791 | Val Acc: 0.3214
2025-06-16 15:39:03,678 [INFO] Epoch 023 | Train Loss: 4.4400 | Val Loss: 3.4022 | Val Acc: 0.3393
2025-06-16 15:39:03,689 [INFO] Early stopping at epoch 23 (no improvement in 15 epochs).
2025-06-16 15:39:03,699 [INFO] Best model saved to ./checkpoints/GIN_0.001_ENZYMES/best_source_gin.pth (Val Acc: 0.3929 at epoch 8)
2025-06-16 15:39:03,699 [INFO] Training/validation metrics saved to ./checkpoints/GIN_0.001_ENZYMES/train_metrics.csv
2025-06-16 15:39:03,777 [INFO] Final training curves saved
2025-06-16 15:39:03,777 [INFO] Training completed!
2025-06-16 15:39:03,777 [INFO] Best validation accuracy: 0.3929 at epoch 8
2025-06-16 15:39:03,777 [INFO] Total epochs trained: 23
