2025-06-21 21:11:40,589 [INFO] Using device: cpu
2025-06-21 21:11:40,589 [INFO] 开始创建数据加载器...
2025-06-21 21:11:40,590 [INFO] Successfully loaded dataset ENZYMES from ./data, total graphs: 600
2025-06-21 21:11:40,590 [INFO] Class allocation analysis:
2025-06-21 21:11:40,590 [INFO]   Source classes: [0, 1, 2, 3]
2025-06-21 21:11:40,590 [INFO]   Target classes: [0, 1, 2, 3, 4, 5]
2025-06-21 21:11:40,590 [INFO]   Overlap classes (to be split): [0, 1, 2, 3]
2025-06-21 21:11:40,590 [INFO]   Target novel classes (unknown): [4, 5]
2025-06-21 21:11:40,603 [INFO]   Class 0: 100 total -> Source: 70, Target: 30
2025-06-21 21:11:40,604 [INFO]   Class 1: 100 total -> Source: 70, Target: 30
2025-06-21 21:11:40,604 [INFO]   Class 2: 100 total -> Source: 70, Target: 30
2025-06-21 21:11:40,604 [INFO]   Class 3: 100 total -> Source: 70, Target: 30
2025-06-21 21:11:40,604 [INFO]   Class 4 (novel/unknown): 100 samples -> Target
2025-06-21 21:11:40,604 [INFO]   Class 5 (novel/unknown): 100 samples -> Target
2025-06-21 21:11:40,604 [INFO] Final allocation:
2025-06-21 21:11:40,604 [INFO]   Source domain: 280 samples
2025-06-21 21:11:40,604 [INFO]   Target domain: 320 samples
2025-06-21 21:11:40,605 [INFO] Source domain setup:
2025-06-21 21:11:40,605 [INFO]   Original classes: [0, 1, 2, 3]
2025-06-21 21:11:40,605 [INFO]   Overlap classes used: [0, 1, 2, 3]
2025-06-21 21:11:40,605 [INFO]   Label mapping: {0: 0, 1: 1, 2: 2, 3: 3}
2025-06-21 21:11:40,605 [INFO]   Total data after allocation: 280
2025-06-21 21:11:40,605 [INFO]   Data split - Train: 224, Val: 56
2025-06-21 21:11:40,605 [INFO]   Train label distribution: {0: 56, 1: 56, 3: 56, 2: 56}
2025-06-21 21:11:40,605 [INFO]   Val label distribution: {1: 14, 2: 14, 0: 14, 3: 14}
2025-06-21 21:11:40,607 [INFO] Successfully loaded dataset ENZYMES from ./data, total graphs: 600
2025-06-21 21:11:40,607 [INFO] Class allocation analysis:
2025-06-21 21:11:40,607 [INFO]   Source classes: [0, 1, 2, 3]
2025-06-21 21:11:40,607 [INFO]   Target classes: [0, 1, 2, 3, 4, 5]
2025-06-21 21:11:40,607 [INFO]   Overlap classes (to be split): [0, 1, 2, 3]
2025-06-21 21:11:40,607 [INFO]   Target novel classes (unknown): [4, 5]
2025-06-21 21:11:40,620 [INFO]   Class 0: 100 total -> Source: 70, Target: 30
2025-06-21 21:11:40,620 [INFO]   Class 1: 100 total -> Source: 70, Target: 30
2025-06-21 21:11:40,620 [INFO]   Class 2: 100 total -> Source: 70, Target: 30
2025-06-21 21:11:40,620 [INFO]   Class 3: 100 total -> Source: 70, Target: 30
2025-06-21 21:11:40,620 [INFO]   Class 4 (novel/unknown): 100 samples -> Target
2025-06-21 21:11:40,620 [INFO]   Class 5 (novel/unknown): 100 samples -> Target
2025-06-21 21:11:40,621 [INFO] Final allocation:
2025-06-21 21:11:40,621 [INFO]   Source domain: 280 samples
2025-06-21 21:11:40,621 [INFO]   Target domain: 320 samples
2025-06-21 21:11:40,622 [INFO] Target domain setup:
2025-06-21 21:11:40,622 [INFO]   Original classes: [0, 1, 2, 3, 4, 5]
2025-06-21 21:11:40,622 [INFO]   Overlap classes: [0, 1, 2, 3]
2025-06-21 21:11:40,622 [INFO]   Novel classes: [4, 5] -> mapped to unknown label 4
2025-06-21 21:11:40,622 [INFO]   Label mapping: {0: 0, 1: 1, 2: 2, 3: 3, 4: 4, 5: 4}
2025-06-21 21:11:40,622 [INFO]   Total data after allocation: 320
2025-06-21 21:11:40,622 [INFO]   Data split - Train: 256, Val: 64
2025-06-21 21:11:40,622 [INFO]   Total count: 320 (known: 120, unknown: 200)
2025-06-21 21:11:40,622 [INFO]   Total label distribution: {4: 200, 3: 30, 0: 30, 1: 30, 2: 30}
2025-06-21 21:11:40,622 [INFO]   Train label distribution: {4: 160, 0: 24, 2: 24, 3: 24, 1: 24}
2025-06-21 21:11:40,622 [INFO]   Val label distribution: {1: 6, 4: 40, 3: 6, 0: 6, 2: 6}
2025-06-21 21:11:40,622 [INFO] 数据加载器创建完成!
2025-06-21 21:11:40,622 [INFO] 源域类别数: 4 (重叠类别)
2025-06-21 21:11:40,622 [INFO] 目标域类别数: 5 (4个重叠类别 + 1个未知类别)
2025-06-21 21:11:40,623 [INFO] 重叠类别: [0, 1, 2, 3]
2025-06-21 21:11:40,623 [INFO] 目标域新类别: [4, 5]
2025-06-21 21:11:40,623 [INFO] Data allocation verification:
2025-06-21 21:11:40,623 [INFO]   Source data samples: 280
2025-06-21 21:11:40,623 [INFO]   Target data samples: 320
2025-06-21 21:11:40,623 [INFO]   Overlapping samples: 0
2025-06-21 21:11:40,623 [INFO]   ✓ Data allocation is correct - no overlapping samples
2025-06-21 21:11:40,624 [INFO] Model initialized with 85124 parameters
2025-06-21 21:11:40,624 [INFO] Previous best validation accuracy read from record.txt: 0.6250
2025-06-21 21:11:40,624 [INFO] Starting training...
2025-06-21 21:11:40,676 [INFO] Epoch 001 | Train Loss: 9.7268 | Val Loss: 1.8283 | Val Acc: 0.3393
2025-06-21 21:11:41,094 [INFO] New best model at epoch 1 (Val Acc: 0.3393)
2025-06-21 21:11:41,132 [INFO] Epoch 002 | Train Loss: 7.5229 | Val Loss: 2.2018 | Val Acc: 0.3036
2025-06-21 21:11:41,170 [INFO] Epoch 003 | Train Loss: 8.7630 | Val Loss: 2.4703 | Val Acc: 0.3393
2025-06-21 21:11:41,204 [INFO] Epoch 004 | Train Loss: 7.9315 | Val Loss: 2.5078 | Val Acc: 0.3571
2025-06-21 21:11:41,208 [INFO] New best model at epoch 4 (Val Acc: 0.3571)
2025-06-21 21:11:41,232 [INFO] Epoch 005 | Train Loss: 8.0181 | Val Loss: 2.3954 | Val Acc: 0.3750
2025-06-21 21:11:41,237 [INFO] New best model at epoch 5 (Val Acc: 0.3750)
2025-06-21 21:11:41,259 [INFO] Epoch 006 | Train Loss: 8.7911 | Val Loss: 2.3090 | Val Acc: 0.4107
2025-06-21 21:11:41,264 [INFO] New best model at epoch 6 (Val Acc: 0.4107)
2025-06-21 21:11:41,292 [INFO] Epoch 007 | Train Loss: 7.6877 | Val Loss: 2.0722 | Val Acc: 0.3571
2025-06-21 21:11:41,321 [INFO] Epoch 008 | Train Loss: 6.0924 | Val Loss: 1.9284 | Val Acc: 0.4643
2025-06-21 21:11:41,325 [INFO] New best model at epoch 8 (Val Acc: 0.4643)
2025-06-21 21:11:41,350 [INFO] Epoch 009 | Train Loss: 8.8372 | Val Loss: 2.3490 | Val Acc: 0.3929
2025-06-21 21:11:41,381 [INFO] Epoch 010 | Train Loss: 5.7016 | Val Loss: 2.2743 | Val Acc: 0.5179
2025-06-21 21:11:41,691 [INFO] New best model at epoch 10 (Val Acc: 0.5179)
2025-06-21 21:11:41,718 [INFO] Epoch 011 | Train Loss: 6.2232 | Val Loss: 2.4537 | Val Acc: 0.5179
2025-06-21 21:11:41,745 [INFO] Epoch 012 | Train Loss: 5.9281 | Val Loss: 2.6968 | Val Acc: 0.4643
2025-06-21 21:11:41,773 [INFO] Epoch 013 | Train Loss: 5.0738 | Val Loss: 2.8236 | Val Acc: 0.4464
2025-06-21 21:11:41,804 [INFO] Epoch 014 | Train Loss: 5.3547 | Val Loss: 2.7734 | Val Acc: 0.4821
2025-06-21 21:11:41,831 [INFO] Epoch 015 | Train Loss: 6.3202 | Val Loss: 2.9543 | Val Acc: 0.4821
2025-06-21 21:11:41,857 [INFO] Epoch 016 | Train Loss: 5.9283 | Val Loss: 2.8102 | Val Acc: 0.4821
2025-06-21 21:11:41,895 [INFO] Epoch 017 | Train Loss: 6.3007 | Val Loss: 2.5500 | Val Acc: 0.5000
2025-06-21 21:11:41,922 [INFO] Epoch 018 | Train Loss: 5.4552 | Val Loss: 2.5309 | Val Acc: 0.4821
2025-06-21 21:11:41,953 [INFO] Epoch 019 | Train Loss: 4.8799 | Val Loss: 2.3981 | Val Acc: 0.4821
2025-06-21 21:11:42,001 [INFO] Epoch 020 | Train Loss: 6.4842 | Val Loss: 2.8910 | Val Acc: 0.4286
2025-06-21 21:11:42,479 [INFO] Epoch 021 | Train Loss: 5.9259 | Val Loss: 3.4214 | Val Acc: 0.3393
2025-06-21 21:11:42,524 [INFO] Epoch 022 | Train Loss: 4.2326 | Val Loss: 3.6420 | Val Acc: 0.3393
2025-06-21 21:11:42,566 [INFO] Epoch 023 | Train Loss: 5.6212 | Val Loss: 3.7833 | Val Acc: 0.3393
2025-06-21 21:11:42,613 [INFO] Epoch 024 | Train Loss: 4.9936 | Val Loss: 3.7853 | Val Acc: 0.3393
2025-06-21 21:11:42,656 [INFO] Epoch 025 | Train Loss: 4.4997 | Val Loss: 3.3276 | Val Acc: 0.3393
2025-06-21 21:11:42,695 [INFO] Epoch 026 | Train Loss: 4.7206 | Val Loss: 3.3201 | Val Acc: 0.4107
2025-06-21 21:11:42,740 [INFO] Epoch 027 | Train Loss: 5.7794 | Val Loss: 2.6657 | Val Acc: 0.4107
2025-06-21 21:11:42,780 [INFO] Epoch 028 | Train Loss: 4.5765 | Val Loss: 2.6089 | Val Acc: 0.3393
2025-06-21 21:11:42,836 [INFO] Epoch 029 | Train Loss: 4.3925 | Val Loss: 3.0478 | Val Acc: 0.3571
2025-06-21 21:11:42,882 [INFO] Epoch 030 | Train Loss: 3.9617 | Val Loss: 4.0715 | Val Acc: 0.3036
2025-06-21 21:11:43,274 [INFO] Epoch 031 | Train Loss: 5.5742 | Val Loss: 4.0399 | Val Acc: 0.3750
2025-06-21 21:11:43,317 [INFO] Epoch 032 | Train Loss: 4.5321 | Val Loss: 3.4505 | Val Acc: 0.4107
2025-06-21 21:11:43,362 [INFO] Epoch 033 | Train Loss: 3.7585 | Val Loss: 3.4354 | Val Acc: 0.5000
2025-06-21 21:11:43,404 [INFO] Epoch 034 | Train Loss: 4.5608 | Val Loss: 3.2263 | Val Acc: 0.5000
2025-06-21 21:11:43,452 [INFO] Epoch 035 | Train Loss: 4.4579 | Val Loss: 2.7958 | Val Acc: 0.4821
2025-06-21 21:11:43,503 [INFO] Epoch 036 | Train Loss: 4.2041 | Val Loss: 2.5872 | Val Acc: 0.4821
2025-06-21 21:11:43,550 [INFO] Epoch 037 | Train Loss: 4.5056 | Val Loss: 2.6846 | Val Acc: 0.5000
2025-06-21 21:11:43,593 [INFO] Epoch 038 | Train Loss: 4.7129 | Val Loss: 2.7885 | Val Acc: 0.4286
2025-06-21 21:11:43,636 [INFO] Epoch 039 | Train Loss: 4.2662 | Val Loss: 2.6414 | Val Acc: 0.4643
2025-06-21 21:11:43,684 [INFO] Epoch 040 | Train Loss: 5.3384 | Val Loss: 2.6095 | Val Acc: 0.5000
2025-06-21 21:11:44,099 [INFO] Epoch 041 | Train Loss: 5.5714 | Val Loss: 2.7648 | Val Acc: 0.4286
2025-06-21 21:11:44,150 [INFO] Epoch 042 | Train Loss: 5.0575 | Val Loss: 2.9856 | Val Acc: 0.4643
2025-06-21 21:11:44,193 [INFO] Epoch 043 | Train Loss: 5.3989 | Val Loss: 2.9382 | Val Acc: 0.4286
2025-06-21 21:11:44,236 [INFO] Epoch 044 | Train Loss: 4.6999 | Val Loss: 2.4891 | Val Acc: 0.4286
2025-06-21 21:11:44,278 [INFO] Epoch 045 | Train Loss: 3.1415 | Val Loss: 2.5385 | Val Acc: 0.5000
2025-06-21 21:11:44,323 [INFO] Epoch 046 | Train Loss: 4.0609 | Val Loss: 2.7080 | Val Acc: 0.5000
2025-06-21 21:11:44,367 [INFO] Epoch 047 | Train Loss: 3.8278 | Val Loss: 2.5409 | Val Acc: 0.4286
2025-06-21 21:11:44,413 [INFO] Epoch 048 | Train Loss: 4.0231 | Val Loss: 2.5349 | Val Acc: 0.4286
2025-06-21 21:11:44,455 [INFO] Epoch 049 | Train Loss: 4.7794 | Val Loss: 2.3950 | Val Acc: 0.5000
2025-06-21 21:11:44,498 [INFO] Epoch 050 | Train Loss: 3.3085 | Val Loss: 2.4219 | Val Acc: 0.5000
2025-06-21 21:11:44,870 [INFO] Epoch 051 | Train Loss: 3.8405 | Val Loss: 2.3336 | Val Acc: 0.4821
2025-06-21 21:11:44,897 [INFO] Epoch 052 | Train Loss: 3.7029 | Val Loss: 2.2766 | Val Acc: 0.5000
2025-06-21 21:11:44,925 [INFO] Epoch 053 | Train Loss: 4.3134 | Val Loss: 2.4129 | Val Acc: 0.5179
2025-06-21 21:11:44,951 [INFO] Epoch 054 | Train Loss: 4.6634 | Val Loss: 2.1995 | Val Acc: 0.5357
2025-06-21 21:11:44,957 [INFO] New best model at epoch 54 (Val Acc: 0.5357)
2025-06-21 21:11:44,981 [INFO] Epoch 055 | Train Loss: 2.8047 | Val Loss: 2.2447 | Val Acc: 0.5179
2025-06-21 21:11:45,015 [INFO] Epoch 056 | Train Loss: 3.6803 | Val Loss: 2.3489 | Val Acc: 0.4821
2025-06-21 21:11:45,045 [INFO] Epoch 057 | Train Loss: 3.4459 | Val Loss: 2.8534 | Val Acc: 0.5179
2025-06-21 21:11:45,076 [INFO] Epoch 058 | Train Loss: 4.1209 | Val Loss: 3.0560 | Val Acc: 0.5000
2025-06-21 21:11:45,105 [INFO] Epoch 059 | Train Loss: 3.4402 | Val Loss: 2.5685 | Val Acc: 0.4286
2025-06-21 21:11:45,134 [INFO] Epoch 060 | Train Loss: 3.0557 | Val Loss: 2.4655 | Val Acc: 0.4286
2025-06-21 21:11:45,433 [INFO] Epoch 061 | Train Loss: 4.5746 | Val Loss: 2.1794 | Val Acc: 0.4643
2025-06-21 21:11:45,464 [INFO] Epoch 062 | Train Loss: 4.2152 | Val Loss: 2.1936 | Val Acc: 0.4107
2025-06-21 21:11:45,491 [INFO] Epoch 063 | Train Loss: 2.7851 | Val Loss: 2.0178 | Val Acc: 0.4821
2025-06-21 21:11:45,519 [INFO] Epoch 064 | Train Loss: 2.3972 | Val Loss: 2.1034 | Val Acc: 0.4821
2025-06-21 21:11:45,560 [INFO] Epoch 065 | Train Loss: 3.6526 | Val Loss: 1.9669 | Val Acc: 0.5179
2025-06-21 21:11:45,607 [INFO] Epoch 066 | Train Loss: 2.7988 | Val Loss: 1.9551 | Val Acc: 0.5179
2025-06-21 21:11:45,637 [INFO] Epoch 067 | Train Loss: 2.8330 | Val Loss: 2.0464 | Val Acc: 0.4821
2025-06-21 21:11:45,666 [INFO] Epoch 068 | Train Loss: 2.9864 | Val Loss: 2.1324 | Val Acc: 0.4286
2025-06-21 21:11:45,693 [INFO] Epoch 069 | Train Loss: 2.8089 | Val Loss: 2.1849 | Val Acc: 0.4464
2025-06-21 21:11:45,721 [INFO] Epoch 070 | Train Loss: 3.4897 | Val Loss: 2.2355 | Val Acc: 0.4643
2025-06-21 21:11:46,075 [INFO] Epoch 071 | Train Loss: 3.2173 | Val Loss: 2.3127 | Val Acc: 0.4464
2025-06-21 21:11:46,122 [INFO] Epoch 072 | Train Loss: 2.2510 | Val Loss: 2.1085 | Val Acc: 0.4643
2025-06-21 21:11:46,169 [INFO] Epoch 073 | Train Loss: 2.6611 | Val Loss: 2.2937 | Val Acc: 0.4107
2025-06-21 21:11:46,209 [INFO] Epoch 074 | Train Loss: 3.2283 | Val Loss: 2.2388 | Val Acc: 0.4643
2025-06-21 21:11:46,256 [INFO] Epoch 075 | Train Loss: 3.0994 | Val Loss: 1.9779 | Val Acc: 0.4643
2025-06-21 21:11:46,297 [INFO] Epoch 076 | Train Loss: 2.8349 | Val Loss: 1.9361 | Val Acc: 0.4464
2025-06-21 21:11:46,345 [INFO] Epoch 077 | Train Loss: 3.0374 | Val Loss: 1.9453 | Val Acc: 0.4464
2025-06-21 21:11:46,394 [INFO] Epoch 078 | Train Loss: 2.8625 | Val Loss: 1.8956 | Val Acc: 0.4464
2025-06-21 21:11:46,443 [INFO] Epoch 079 | Train Loss: 2.0741 | Val Loss: 1.8451 | Val Acc: 0.4643
2025-06-21 21:11:46,492 [INFO] Epoch 080 | Train Loss: 2.5394 | Val Loss: 1.7939 | Val Acc: 0.4643
2025-06-21 21:11:46,959 [INFO] Epoch 081 | Train Loss: 3.1548 | Val Loss: 1.7119 | Val Acc: 0.4464
2025-06-21 21:11:47,005 [INFO] Epoch 082 | Train Loss: 2.7433 | Val Loss: 1.7394 | Val Acc: 0.4643
2025-06-21 21:11:47,053 [INFO] Epoch 083 | Train Loss: 2.8148 | Val Loss: 1.8852 | Val Acc: 0.4643
2025-06-21 21:11:47,098 [INFO] Epoch 084 | Train Loss: 1.9483 | Val Loss: 1.9198 | Val Acc: 0.4286
2025-06-21 21:11:47,145 [INFO] Epoch 085 | Train Loss: 2.8854 | Val Loss: 2.0324 | Val Acc: 0.4643
2025-06-21 21:11:47,193 [INFO] Epoch 086 | Train Loss: 3.5734 | Val Loss: 1.9487 | Val Acc: 0.4464
2025-06-21 21:11:47,238 [INFO] Epoch 087 | Train Loss: 2.1979 | Val Loss: 1.9181 | Val Acc: 0.4643
2025-06-21 21:11:47,280 [INFO] Epoch 088 | Train Loss: 3.2078 | Val Loss: 1.9330 | Val Acc: 0.4643
2025-06-21 21:11:47,323 [INFO] Epoch 089 | Train Loss: 2.5279 | Val Loss: 2.0507 | Val Acc: 0.5000
2025-06-21 21:11:47,363 [INFO] Epoch 090 | Train Loss: 2.5895 | Val Loss: 1.8691 | Val Acc: 0.5000
2025-06-21 21:11:47,734 [INFO] Epoch 091 | Train Loss: 2.6373 | Val Loss: 1.9499 | Val Acc: 0.4821
2025-06-21 21:11:47,763 [INFO] Epoch 092 | Train Loss: 2.5467 | Val Loss: 2.1878 | Val Acc: 0.4107
2025-06-21 21:11:47,790 [INFO] Epoch 093 | Train Loss: 3.2901 | Val Loss: 2.3330 | Val Acc: 0.4107
2025-06-21 21:11:47,823 [INFO] Epoch 094 | Train Loss: 3.7717 | Val Loss: 2.5456 | Val Acc: 0.4643
2025-06-21 21:11:47,858 [INFO] Epoch 095 | Train Loss: 2.3673 | Val Loss: 2.3428 | Val Acc: 0.4286
2025-06-21 21:11:47,889 [INFO] Epoch 096 | Train Loss: 2.5913 | Val Loss: 2.3239 | Val Acc: 0.4107
2025-06-21 21:11:47,916 [INFO] Epoch 097 | Train Loss: 1.9225 | Val Loss: 1.9379 | Val Acc: 0.4107
2025-06-21 21:11:47,951 [INFO] Epoch 098 | Train Loss: 2.7585 | Val Loss: 1.9855 | Val Acc: 0.3750
2025-06-21 21:11:47,981 [INFO] Epoch 099 | Train Loss: 2.6043 | Val Loss: 2.2129 | Val Acc: 0.3393
2025-06-21 21:11:48,011 [INFO] Epoch 100 | Train Loss: 2.6661 | Val Loss: 2.1631 | Val Acc: 0.3393
2025-06-21 21:11:48,431 [INFO] Best model saved to <built-in function time>/ENZYMES/best/best_source_gin.pth (Val Acc: 0.5357 at epoch 54)
2025-06-21 21:11:48,432 [INFO] Training/validation metrics saved to <built-in function time>/ENZYMES/GIN_0.0001/train_metrics.csv
2025-06-21 21:11:48,685 [INFO] Final training curves saved
2025-06-21 21:11:48,685 [INFO] Training completed!
2025-06-21 21:11:48,685 [INFO] Best validation accuracy: 0.5357
2025-06-21 21:11:48,685 [INFO] Best epoch: 54
2025-06-21 21:11:48,685 [INFO] Total epochs trained: 100
2025-06-21 21:11:48,686 [INFO] Starting training with parameters: (0.0001, 0.5, 128, 3, 100, 0.0001)
