2025-06-20 15:12:56,421 [INFO] Using device: cpu
2025-06-20 15:12:56,421 [INFO] 开始创建数据加载器...
2025-06-20 15:12:56,423 [INFO] Successfully loaded dataset ENZYMES from ./data, total graphs: 600
2025-06-20 15:12:56,423 [INFO] Class allocation analysis:
2025-06-20 15:12:56,423 [INFO]   Source classes: [0, 1, 2, 3]
2025-06-20 15:12:56,423 [INFO]   Target classes: [0, 1, 2, 3, 4, 5]
2025-06-20 15:12:56,423 [INFO]   Overlap classes (to be split): [0, 1, 2, 3]
2025-06-20 15:12:56,423 [INFO]   Target novel classes (unknown): [4, 5]
2025-06-20 15:12:56,503 [INFO]   Class 0: 100 total -> Source: 70, Target: 30
2025-06-20 15:12:56,503 [INFO]   Class 1: 100 total -> Source: 70, Target: 30
2025-06-20 15:12:56,503 [INFO]   Class 2: 100 total -> Source: 70, Target: 30
2025-06-20 15:12:56,503 [INFO]   Class 3: 100 total -> Source: 70, Target: 30
2025-06-20 15:12:56,503 [INFO]   Class 4 (novel/unknown): 100 samples -> Target
2025-06-20 15:12:56,503 [INFO]   Class 5 (novel/unknown): 100 samples -> Target
2025-06-20 15:12:56,504 [INFO] Final allocation:
2025-06-20 15:12:56,504 [INFO]   Source domain: 280 samples
2025-06-20 15:12:56,504 [INFO]   Target domain: 320 samples
2025-06-20 15:12:56,505 [INFO] Source domain setup:
2025-06-20 15:12:56,505 [INFO]   Original classes: [0, 1, 2, 3]
2025-06-20 15:12:56,505 [INFO]   Overlap classes used: [0, 1, 2, 3]
2025-06-20 15:12:56,505 [INFO]   Label mapping: {0: 0, 1: 1, 2: 2, 3: 3}
2025-06-20 15:12:56,505 [INFO]   Total data after allocation: 280
2025-06-20 15:12:56,505 [INFO]   Data split - Train: 224, Val: 56
2025-06-20 15:12:56,505 [INFO]   Train label distribution: {0: 56, 1: 56, 3: 56, 2: 56}
2025-06-20 15:12:56,505 [INFO]   Val label distribution: {1: 14, 2: 14, 0: 14, 3: 14}
2025-06-20 15:12:56,507 [INFO] Successfully loaded dataset ENZYMES from ./data, total graphs: 600
2025-06-20 15:12:56,507 [INFO] Class allocation analysis:
2025-06-20 15:12:56,507 [INFO]   Source classes: [0, 1, 2, 3]
2025-06-20 15:12:56,507 [INFO]   Target classes: [0, 1, 2, 3, 4, 5]
2025-06-20 15:12:56,507 [INFO]   Overlap classes (to be split): [0, 1, 2, 3]
2025-06-20 15:12:56,507 [INFO]   Target novel classes (unknown): [4, 5]
2025-06-20 15:12:56,522 [INFO]   Class 0: 100 total -> Source: 70, Target: 30
2025-06-20 15:12:56,522 [INFO]   Class 1: 100 total -> Source: 70, Target: 30
2025-06-20 15:12:56,522 [INFO]   Class 2: 100 total -> Source: 70, Target: 30
2025-06-20 15:12:56,522 [INFO]   Class 3: 100 total -> Source: 70, Target: 30
2025-06-20 15:12:56,522 [INFO]   Class 4 (novel/unknown): 100 samples -> Target
2025-06-20 15:12:56,522 [INFO]   Class 5 (novel/unknown): 100 samples -> Target
2025-06-20 15:12:56,523 [INFO] Final allocation:
2025-06-20 15:12:56,523 [INFO]   Source domain: 280 samples
2025-06-20 15:12:56,523 [INFO]   Target domain: 320 samples
2025-06-20 15:12:56,524 [INFO] Target domain setup:
2025-06-20 15:12:56,524 [INFO]   Original classes: [0, 1, 2, 3, 4, 5]
2025-06-20 15:12:56,524 [INFO]   Overlap classes: [0, 1, 2, 3]
2025-06-20 15:12:56,524 [INFO]   Novel classes: [4, 5] -> mapped to unknown label 4
2025-06-20 15:12:56,524 [INFO]   Label mapping: {0: 0, 1: 1, 2: 2, 3: 3, 4: 4, 5: 4}
2025-06-20 15:12:56,524 [INFO]   Total data after allocation: 320
2025-06-20 15:12:56,525 [INFO]   Data split - Train: 256, Val: 64
2025-06-20 15:12:56,526 [INFO]   Total count: 320 (known: 120, unknown: 200)
2025-06-20 15:12:56,526 [INFO]   Total label distribution: {4: 200, 3: 30, 0: 30, 1: 30, 2: 30}
2025-06-20 15:12:56,526 [INFO]   Train label distribution: {4: 160, 0: 24, 2: 24, 3: 24, 1: 24}
2025-06-20 15:12:56,526 [INFO]   Val label distribution: {1: 6, 4: 40, 3: 6, 0: 6, 2: 6}
2025-06-20 15:12:56,526 [INFO] 数据加载器创建完成!
2025-06-20 15:12:56,526 [INFO] 源域类别数: 4 (重叠类别)
2025-06-20 15:12:56,526 [INFO] 目标域类别数: 5 (4个重叠类别 + 1个未知类别)
2025-06-20 15:12:56,526 [INFO] 重叠类别: [0, 1, 2, 3]
2025-06-20 15:12:56,526 [INFO] 目标域新类别: [4, 5]
2025-06-20 15:12:56,526 [INFO] Data allocation verification:
2025-06-20 15:12:56,526 [INFO]   Source data samples: 280
2025-06-20 15:12:56,526 [INFO]   Target data samples: 320
2025-06-20 15:12:56,526 [INFO]   Overlapping samples: 0
2025-06-20 15:12:56,526 [INFO]   ✓ Data allocation is correct - no overlapping samples
2025-06-20 15:12:56,528 [INFO] Model initialized with 5924 parameters
2025-06-20 15:12:56,529 [INFO] Previous best validation accuracy read from record.txt: 0.5179
2025-06-20 15:12:56,529 [INFO] Starting training...
2025-06-20 15:12:56,581 [INFO] Epoch 001 | Train Loss: 10.9986 | Val Loss: 2.2308 | Val Acc: 0.2500
2025-06-20 15:12:56,660 [INFO] New best model at epoch 1 (Val Acc: 0.2500)
2025-06-20 15:12:56,679 [INFO] Epoch 002 | Train Loss: 9.9092 | Val Loss: 2.2762 | Val Acc: 0.2679
2025-06-20 15:12:56,683 [INFO] New best model at epoch 2 (Val Acc: 0.2679)
2025-06-20 15:12:56,705 [INFO] Epoch 003 | Train Loss: 9.0322 | Val Loss: 2.6805 | Val Acc: 0.2143
2025-06-20 15:12:56,729 [INFO] Epoch 004 | Train Loss: 9.1106 | Val Loss: 3.3705 | Val Acc: 0.2500
2025-06-20 15:12:56,755 [INFO] Epoch 005 | Train Loss: 7.3877 | Val Loss: 3.9360 | Val Acc: 0.3393
2025-06-20 15:12:56,758 [INFO] New best model at epoch 5 (Val Acc: 0.3393)
2025-06-20 15:12:56,785 [INFO] Epoch 006 | Train Loss: 6.9235 | Val Loss: 4.2971 | Val Acc: 0.3036
2025-06-20 15:12:56,815 [INFO] Epoch 007 | Train Loss: 6.5477 | Val Loss: 4.4813 | Val Acc: 0.2857
2025-06-20 15:12:56,843 [INFO] Epoch 008 | Train Loss: 6.0326 | Val Loss: 5.2112 | Val Acc: 0.2321
2025-06-20 15:12:56,866 [INFO] Epoch 009 | Train Loss: 5.4756 | Val Loss: 5.3430 | Val Acc: 0.2321
2025-06-20 15:12:56,889 [INFO] Epoch 010 | Train Loss: 5.6931 | Val Loss: 4.9804 | Val Acc: 0.2500
2025-06-20 15:12:56,999 [INFO] Epoch 011 | Train Loss: 5.0015 | Val Loss: 4.7767 | Val Acc: 0.2857
2025-06-20 15:12:57,024 [INFO] Epoch 012 | Train Loss: 4.5372 | Val Loss: 4.5493 | Val Acc: 0.3393
2025-06-20 15:12:57,055 [INFO] Epoch 013 | Train Loss: 4.6038 | Val Loss: 4.4292 | Val Acc: 0.3393
2025-06-20 15:12:57,097 [INFO] Epoch 014 | Train Loss: 4.0857 | Val Loss: 4.2346 | Val Acc: 0.3036
2025-06-20 15:12:57,122 [INFO] Epoch 015 | Train Loss: 3.8313 | Val Loss: 4.1045 | Val Acc: 0.3036
2025-06-20 15:12:57,143 [INFO] Epoch 016 | Train Loss: 3.4741 | Val Loss: 3.9065 | Val Acc: 0.2857
2025-06-20 15:12:57,163 [INFO] Epoch 017 | Train Loss: 3.8253 | Val Loss: 3.7750 | Val Acc: 0.2679
2025-06-20 15:12:57,184 [INFO] Epoch 018 | Train Loss: 3.3804 | Val Loss: 3.6645 | Val Acc: 0.3036
2025-06-20 15:12:57,204 [INFO] Epoch 019 | Train Loss: 4.6274 | Val Loss: 3.6334 | Val Acc: 0.2500
2025-06-20 15:12:57,229 [INFO] Epoch 020 | Train Loss: 3.2419 | Val Loss: 3.0560 | Val Acc: 0.2679
2025-06-20 15:12:57,336 [INFO] Epoch 021 | Train Loss: 4.0057 | Val Loss: 3.2258 | Val Acc: 0.2857
2025-06-20 15:12:57,357 [INFO] Epoch 022 | Train Loss: 3.5856 | Val Loss: 3.2293 | Val Acc: 0.2857
2025-06-20 15:12:57,378 [INFO] Epoch 023 | Train Loss: 3.2783 | Val Loss: 2.9379 | Val Acc: 0.3571
2025-06-20 15:12:57,381 [INFO] New best model at epoch 23 (Val Acc: 0.3571)
2025-06-20 15:12:57,401 [INFO] Epoch 024 | Train Loss: 2.6778 | Val Loss: 2.7032 | Val Acc: 0.3393
2025-06-20 15:12:57,420 [INFO] Epoch 025 | Train Loss: 3.1087 | Val Loss: 2.6834 | Val Acc: 0.4107
2025-06-20 15:12:57,424 [INFO] New best model at epoch 25 (Val Acc: 0.4107)
2025-06-20 15:12:57,442 [INFO] Epoch 026 | Train Loss: 2.9670 | Val Loss: 2.5149 | Val Acc: 0.3750
2025-06-20 15:12:57,463 [INFO] Epoch 027 | Train Loss: 2.9530 | Val Loss: 2.5519 | Val Acc: 0.3571
2025-06-20 15:12:57,482 [INFO] Epoch 028 | Train Loss: 2.5779 | Val Loss: 2.3767 | Val Acc: 0.3929
2025-06-20 15:12:57,503 [INFO] Epoch 029 | Train Loss: 2.6461 | Val Loss: 2.3480 | Val Acc: 0.3750
2025-06-20 15:12:57,523 [INFO] Epoch 030 | Train Loss: 2.8413 | Val Loss: 2.3420 | Val Acc: 0.3571
2025-06-20 15:12:57,631 [INFO] Epoch 031 | Train Loss: 2.8502 | Val Loss: 2.3541 | Val Acc: 0.3571
2025-06-20 15:12:57,653 [INFO] Epoch 032 | Train Loss: 2.1711 | Val Loss: 2.2822 | Val Acc: 0.3929
2025-06-20 15:12:57,674 [INFO] Epoch 033 | Train Loss: 2.6651 | Val Loss: 2.1882 | Val Acc: 0.3571
2025-06-20 15:12:57,695 [INFO] Epoch 034 | Train Loss: 2.3188 | Val Loss: 2.0225 | Val Acc: 0.3929
2025-06-20 15:12:57,717 [INFO] Epoch 035 | Train Loss: 2.2029 | Val Loss: 2.1039 | Val Acc: 0.3929
2025-06-20 15:12:57,741 [INFO] Epoch 036 | Train Loss: 2.4547 | Val Loss: 2.0969 | Val Acc: 0.3571
2025-06-20 15:12:57,762 [INFO] Epoch 037 | Train Loss: 2.0989 | Val Loss: 2.1111 | Val Acc: 0.3393
2025-06-20 15:12:57,785 [INFO] Epoch 038 | Train Loss: 2.0362 | Val Loss: 2.0691 | Val Acc: 0.3929
2025-06-20 15:12:57,806 [INFO] Epoch 039 | Train Loss: 2.3770 | Val Loss: 1.9445 | Val Acc: 0.4107
2025-06-20 15:12:57,827 [INFO] Epoch 040 | Train Loss: 2.1147 | Val Loss: 1.9922 | Val Acc: 0.3750
2025-06-20 15:12:57,940 [INFO] Epoch 041 | Train Loss: 1.6601 | Val Loss: 2.0644 | Val Acc: 0.3929
2025-06-20 15:12:57,963 [INFO] Epoch 042 | Train Loss: 2.0255 | Val Loss: 2.0397 | Val Acc: 0.3929
2025-06-20 15:12:57,988 [INFO] Epoch 043 | Train Loss: 2.0055 | Val Loss: 2.0669 | Val Acc: 0.4286
2025-06-20 15:12:57,992 [INFO] New best model at epoch 43 (Val Acc: 0.4286)
2025-06-20 15:12:58,016 [INFO] Epoch 044 | Train Loss: 2.5655 | Val Loss: 1.9819 | Val Acc: 0.4464
2025-06-20 15:12:58,020 [INFO] New best model at epoch 44 (Val Acc: 0.4464)
2025-06-20 15:12:58,043 [INFO] Epoch 045 | Train Loss: 2.2012 | Val Loss: 1.8421 | Val Acc: 0.4107
2025-06-20 15:12:58,063 [INFO] Epoch 046 | Train Loss: 1.9424 | Val Loss: 1.9099 | Val Acc: 0.4286
2025-06-20 15:12:58,084 [INFO] Epoch 047 | Train Loss: 1.7926 | Val Loss: 1.8545 | Val Acc: 0.4286
2025-06-20 15:12:58,106 [INFO] Epoch 048 | Train Loss: 2.1787 | Val Loss: 1.8208 | Val Acc: 0.4464
2025-06-20 15:12:58,127 [INFO] Epoch 049 | Train Loss: 1.8669 | Val Loss: 1.7641 | Val Acc: 0.4464
2025-06-20 15:12:58,148 [INFO] Epoch 050 | Train Loss: 2.0513 | Val Loss: 1.6988 | Val Acc: 0.4643
2025-06-20 15:12:58,234 [INFO] New best model at epoch 50 (Val Acc: 0.4643)
2025-06-20 15:12:58,254 [INFO] Epoch 051 | Train Loss: 1.9690 | Val Loss: 1.7388 | Val Acc: 0.4464
2025-06-20 15:12:58,276 [INFO] Epoch 052 | Train Loss: 1.8751 | Val Loss: 1.7504 | Val Acc: 0.4643
2025-06-20 15:12:58,302 [INFO] Epoch 053 | Train Loss: 2.0684 | Val Loss: 1.8762 | Val Acc: 0.4286
2025-06-20 15:12:58,324 [INFO] Epoch 054 | Train Loss: 2.0657 | Val Loss: 1.9032 | Val Acc: 0.3929
2025-06-20 15:12:58,345 [INFO] Epoch 055 | Train Loss: 1.9933 | Val Loss: 1.9267 | Val Acc: 0.3929
2025-06-20 15:12:58,366 [INFO] Epoch 056 | Train Loss: 1.8563 | Val Loss: 1.8206 | Val Acc: 0.4286
2025-06-20 15:12:58,386 [INFO] Epoch 057 | Train Loss: 2.1007 | Val Loss: 1.7403 | Val Acc: 0.5000
2025-06-20 15:12:58,390 [INFO] New best model at epoch 57 (Val Acc: 0.5000)
2025-06-20 15:12:58,407 [INFO] Epoch 058 | Train Loss: 1.6748 | Val Loss: 1.7941 | Val Acc: 0.4643
2025-06-20 15:12:58,427 [INFO] Epoch 059 | Train Loss: 1.7197 | Val Loss: 1.7787 | Val Acc: 0.4821
2025-06-20 15:12:58,448 [INFO] Epoch 060 | Train Loss: 1.6216 | Val Loss: 1.7713 | Val Acc: 0.4643
2025-06-20 15:12:58,558 [INFO] Epoch 061 | Train Loss: 1.7673 | Val Loss: 1.7942 | Val Acc: 0.4464
2025-06-20 15:12:58,580 [INFO] Epoch 062 | Train Loss: 1.8781 | Val Loss: 1.7404 | Val Acc: 0.4643
2025-06-20 15:12:58,603 [INFO] Epoch 063 | Train Loss: 1.5312 | Val Loss: 1.7032 | Val Acc: 0.4107
2025-06-20 15:12:58,625 [INFO] Epoch 064 | Train Loss: 1.6045 | Val Loss: 1.7311 | Val Acc: 0.4464
2025-06-20 15:12:58,645 [INFO] Epoch 065 | Train Loss: 2.1802 | Val Loss: 1.7492 | Val Acc: 0.4464
2025-06-20 15:12:58,668 [INFO] Epoch 066 | Train Loss: 1.6069 | Val Loss: 1.6748 | Val Acc: 0.4643
2025-06-20 15:12:58,689 [INFO] Epoch 067 | Train Loss: 1.9054 | Val Loss: 1.8406 | Val Acc: 0.4286
2025-06-20 15:12:58,709 [INFO] Epoch 068 | Train Loss: 1.6397 | Val Loss: 1.7983 | Val Acc: 0.4286
2025-06-20 15:12:58,732 [INFO] Epoch 069 | Train Loss: 1.7312 | Val Loss: 1.7561 | Val Acc: 0.5000
2025-06-20 15:12:58,753 [INFO] Epoch 070 | Train Loss: 1.7845 | Val Loss: 1.8106 | Val Acc: 0.4464
2025-06-20 15:12:58,863 [INFO] Epoch 071 | Train Loss: 1.8315 | Val Loss: 1.8621 | Val Acc: 0.4286
2025-06-20 15:12:58,900 [INFO] Epoch 072 | Train Loss: 1.2912 | Val Loss: 1.8715 | Val Acc: 0.4107
2025-06-20 15:12:58,935 [INFO] Epoch 073 | Train Loss: 1.6653 | Val Loss: 1.7529 | Val Acc: 0.4286
2025-06-20 15:12:58,963 [INFO] Epoch 074 | Train Loss: 1.9201 | Val Loss: 1.7853 | Val Acc: 0.4643
2025-06-20 15:12:58,985 [INFO] Epoch 075 | Train Loss: 1.9285 | Val Loss: 1.7417 | Val Acc: 0.5000
2025-06-20 15:12:59,007 [INFO] Epoch 076 | Train Loss: 1.7412 | Val Loss: 1.8316 | Val Acc: 0.5000
2025-06-20 15:12:59,029 [INFO] Epoch 077 | Train Loss: 1.6439 | Val Loss: 1.7032 | Val Acc: 0.5000
2025-06-20 15:12:59,052 [INFO] Epoch 078 | Train Loss: 1.7870 | Val Loss: 1.8141 | Val Acc: 0.4643
2025-06-20 15:12:59,078 [INFO] Epoch 079 | Train Loss: 1.6607 | Val Loss: 1.7538 | Val Acc: 0.5179
2025-06-20 15:12:59,082 [INFO] New best model at epoch 79 (Val Acc: 0.5179)
2025-06-20 15:12:59,104 [INFO] Epoch 080 | Train Loss: 1.7431 | Val Loss: 1.8239 | Val Acc: 0.4464
2025-06-20 15:12:59,217 [INFO] Epoch 081 | Train Loss: 1.3424 | Val Loss: 1.8164 | Val Acc: 0.4643
2025-06-20 15:12:59,242 [INFO] Epoch 082 | Train Loss: 1.4509 | Val Loss: 1.8283 | Val Acc: 0.4107
2025-06-20 15:12:59,265 [INFO] Epoch 083 | Train Loss: 1.4764 | Val Loss: 1.7873 | Val Acc: 0.4286
2025-06-20 15:12:59,287 [INFO] Epoch 084 | Train Loss: 1.3680 | Val Loss: 1.8485 | Val Acc: 0.4464
2025-06-20 15:12:59,307 [INFO] Epoch 085 | Train Loss: 1.4411 | Val Loss: 1.7831 | Val Acc: 0.4643
2025-06-20 15:12:59,330 [INFO] Epoch 086 | Train Loss: 1.2408 | Val Loss: 1.8607 | Val Acc: 0.4286
2025-06-20 15:12:59,353 [INFO] Epoch 087 | Train Loss: 1.5131 | Val Loss: 1.8919 | Val Acc: 0.4464
2025-06-20 15:12:59,380 [INFO] Epoch 088 | Train Loss: 1.6262 | Val Loss: 1.9161 | Val Acc: 0.4107
2025-06-20 15:12:59,405 [INFO] Epoch 089 | Train Loss: 1.4842 | Val Loss: 1.9121 | Val Acc: 0.4464
2025-06-20 15:12:59,436 [INFO] Epoch 090 | Train Loss: 1.4809 | Val Loss: 1.9131 | Val Acc: 0.4464
2025-06-20 15:12:59,542 [INFO] Epoch 091 | Train Loss: 1.5511 | Val Loss: 1.9348 | Val Acc: 0.4464
2025-06-20 15:12:59,565 [INFO] Epoch 092 | Train Loss: 1.2967 | Val Loss: 1.8504 | Val Acc: 0.4107
2025-06-20 15:12:59,586 [INFO] Epoch 093 | Train Loss: 1.4022 | Val Loss: 1.8216 | Val Acc: 0.3929
2025-06-20 15:12:59,607 [INFO] Epoch 094 | Train Loss: 1.2371 | Val Loss: 1.8336 | Val Acc: 0.4107
2025-06-20 15:12:59,628 [INFO] Epoch 095 | Train Loss: 1.2834 | Val Loss: 1.8869 | Val Acc: 0.4107
2025-06-20 15:12:59,714 [INFO] Epoch 096 | Train Loss: 1.3429 | Val Loss: 1.9003 | Val Acc: 0.4286
2025-06-20 15:12:59,735 [INFO] Epoch 097 | Train Loss: 1.3317 | Val Loss: 1.7962 | Val Acc: 0.4464
2025-06-20 15:12:59,756 [INFO] Epoch 098 | Train Loss: 1.1890 | Val Loss: 1.8189 | Val Acc: 0.4464
2025-06-20 15:12:59,780 [INFO] Epoch 099 | Train Loss: 1.2072 | Val Loss: 1.8459 | Val Acc: 0.4107
2025-06-20 15:12:59,807 [INFO] Epoch 100 | Train Loss: 1.2052 | Val Loss: 1.8578 | Val Acc: 0.4286
2025-06-20 15:12:59,910 [INFO] Epoch 101 | Train Loss: 1.2285 | Val Loss: 1.7871 | Val Acc: 0.4643
2025-06-20 15:12:59,932 [INFO] Epoch 102 | Train Loss: 1.4697 | Val Loss: 1.7890 | Val Acc: 0.4464
2025-06-20 15:12:59,952 [INFO] Epoch 103 | Train Loss: 1.1171 | Val Loss: 1.7819 | Val Acc: 0.4464
2025-06-20 15:12:59,973 [INFO] Epoch 104 | Train Loss: 1.4242 | Val Loss: 1.8067 | Val Acc: 0.4643
2025-06-20 15:12:59,993 [INFO] Epoch 105 | Train Loss: 1.1546 | Val Loss: 1.9017 | Val Acc: 0.3750
2025-06-20 15:13:00,014 [INFO] Epoch 106 | Train Loss: 1.2899 | Val Loss: 1.8286 | Val Acc: 0.4286
2025-06-20 15:13:00,036 [INFO] Epoch 107 | Train Loss: 1.5489 | Val Loss: 1.9112 | Val Acc: 0.4643
2025-06-20 15:13:00,057 [INFO] Epoch 108 | Train Loss: 1.2079 | Val Loss: 1.8185 | Val Acc: 0.4643
2025-06-20 15:13:00,077 [INFO] Epoch 109 | Train Loss: 1.3820 | Val Loss: 1.8568 | Val Acc: 0.4286
2025-06-20 15:13:00,104 [INFO] Epoch 110 | Train Loss: 1.2625 | Val Loss: 1.8858 | Val Acc: 0.4821
2025-06-20 15:13:00,210 [INFO] Epoch 111 | Train Loss: 1.2640 | Val Loss: 1.9423 | Val Acc: 0.3929
2025-06-20 15:13:00,233 [INFO] Epoch 112 | Train Loss: 1.2385 | Val Loss: 1.8712 | Val Acc: 0.4286
2025-06-20 15:13:00,255 [INFO] Epoch 113 | Train Loss: 1.2349 | Val Loss: 1.7480 | Val Acc: 0.4821
2025-06-20 15:13:00,279 [INFO] Epoch 114 | Train Loss: 1.3982 | Val Loss: 1.7489 | Val Acc: 0.4286
2025-06-20 15:13:00,304 [INFO] Epoch 115 | Train Loss: 1.2198 | Val Loss: 1.7664 | Val Acc: 0.4286
2025-06-20 15:13:00,329 [INFO] Epoch 116 | Train Loss: 1.2728 | Val Loss: 1.7359 | Val Acc: 0.4286
2025-06-20 15:13:00,354 [INFO] Epoch 117 | Train Loss: 1.3494 | Val Loss: 1.8193 | Val Acc: 0.4286
2025-06-20 15:13:00,380 [INFO] Epoch 118 | Train Loss: 1.5308 | Val Loss: 1.7948 | Val Acc: 0.4107
2025-06-20 15:13:00,403 [INFO] Epoch 119 | Train Loss: 1.2128 | Val Loss: 1.7981 | Val Acc: 0.3929
2025-06-20 15:13:00,426 [INFO] Epoch 120 | Train Loss: 1.1342 | Val Loss: 1.7619 | Val Acc: 0.4107
2025-06-20 15:13:00,536 [INFO] Epoch 121 | Train Loss: 1.2140 | Val Loss: 1.8215 | Val Acc: 0.3571
2025-06-20 15:13:00,560 [INFO] Epoch 122 | Train Loss: 1.1903 | Val Loss: 1.8674 | Val Acc: 0.3929
2025-06-20 15:13:00,581 [INFO] Epoch 123 | Train Loss: 1.3275 | Val Loss: 1.8585 | Val Acc: 0.3929
2025-06-20 15:13:00,603 [INFO] Epoch 124 | Train Loss: 1.2265 | Val Loss: 1.8489 | Val Acc: 0.4286
2025-06-20 15:13:00,625 [INFO] Epoch 125 | Train Loss: 1.3391 | Val Loss: 1.7651 | Val Acc: 0.3750
2025-06-20 15:13:00,650 [INFO] Epoch 126 | Train Loss: 1.1816 | Val Loss: 1.7443 | Val Acc: 0.3929
2025-06-20 15:13:00,675 [INFO] Epoch 127 | Train Loss: 1.1642 | Val Loss: 1.7523 | Val Acc: 0.3750
2025-06-20 15:13:00,701 [INFO] Epoch 128 | Train Loss: 1.3544 | Val Loss: 1.8225 | Val Acc: 0.4107
2025-06-20 15:13:00,724 [INFO] Epoch 129 | Train Loss: 0.9645 | Val Loss: 1.7882 | Val Acc: 0.3929
2025-06-20 15:13:00,745 [INFO] Epoch 130 | Train Loss: 1.1171 | Val Loss: 1.7837 | Val Acc: 0.3750
2025-06-20 15:13:00,864 [INFO] Epoch 131 | Train Loss: 1.0618 | Val Loss: 1.7806 | Val Acc: 0.3750
2025-06-20 15:13:00,921 [INFO] Epoch 132 | Train Loss: 1.2172 | Val Loss: 1.7607 | Val Acc: 0.3571
2025-06-20 15:13:00,945 [INFO] Epoch 133 | Train Loss: 1.0677 | Val Loss: 1.8250 | Val Acc: 0.3750
2025-06-20 15:13:00,970 [INFO] Epoch 134 | Train Loss: 1.0172 | Val Loss: 1.8170 | Val Acc: 0.3929
2025-06-20 15:13:00,992 [INFO] Epoch 135 | Train Loss: 1.4343 | Val Loss: 1.7767 | Val Acc: 0.3929
2025-06-20 15:13:01,015 [INFO] Epoch 136 | Train Loss: 1.0359 | Val Loss: 1.7307 | Val Acc: 0.3571
2025-06-20 15:13:01,038 [INFO] Epoch 137 | Train Loss: 1.3452 | Val Loss: 1.8583 | Val Acc: 0.4107
2025-06-20 15:13:01,062 [INFO] Epoch 138 | Train Loss: 1.1510 | Val Loss: 1.8325 | Val Acc: 0.3750
2025-06-20 15:13:01,087 [INFO] Epoch 139 | Train Loss: 1.3291 | Val Loss: 1.7519 | Val Acc: 0.3571
2025-06-20 15:13:01,111 [INFO] Epoch 140 | Train Loss: 1.1511 | Val Loss: 1.8111 | Val Acc: 0.3750
2025-06-20 15:13:01,222 [INFO] Epoch 141 | Train Loss: 1.0490 | Val Loss: 1.8241 | Val Acc: 0.3750
2025-06-20 15:13:01,245 [INFO] Epoch 142 | Train Loss: 1.1546 | Val Loss: 1.8347 | Val Acc: 0.3929
2025-06-20 15:13:01,266 [INFO] Epoch 143 | Train Loss: 1.2547 | Val Loss: 1.8251 | Val Acc: 0.4107
2025-06-20 15:13:01,288 [INFO] Epoch 144 | Train Loss: 1.0777 | Val Loss: 1.8651 | Val Acc: 0.4107
2025-06-20 15:13:01,309 [INFO] Epoch 145 | Train Loss: 1.0982 | Val Loss: 1.7780 | Val Acc: 0.3571
2025-06-20 15:13:01,330 [INFO] Epoch 146 | Train Loss: 1.0069 | Val Loss: 1.8073 | Val Acc: 0.3750
2025-06-20 15:13:01,352 [INFO] Epoch 147 | Train Loss: 1.1181 | Val Loss: 1.7554 | Val Acc: 0.4107
2025-06-20 15:13:01,373 [INFO] Epoch 148 | Train Loss: 1.2646 | Val Loss: 1.7174 | Val Acc: 0.3929
2025-06-20 15:13:01,394 [INFO] Epoch 149 | Train Loss: 1.0893 | Val Loss: 1.6701 | Val Acc: 0.4286
2025-06-20 15:13:01,415 [INFO] Epoch 150 | Train Loss: 1.0749 | Val Loss: 1.6777 | Val Acc: 0.4464
2025-06-20 15:13:01,506 [INFO] Best model saved to ./checkpoints/ENZYMES/GIN_0.0001/ENZYMES/GIN_0.0001/ENZYMES/GIN_0.0001/ENZYMES/GIN_0.0001/ENZYMES/GIN_0.0001/ENZYMES/GIN_0.0001/ENZYMES/GIN_0.0001/ENZYMES/GIN_0.0001/ENZYMES/GIN_0.0001/ENZYMES/GIN_0.0001/ENZYMES/GIN_0.0001/ENZYMES/GIN_0.0001/ENZYMES/GIN_0.0001/ENZYMES/GIN_0.0001/ENZYMES/GIN_0.0001/ENZYMES/GIN_0.0001/ENZYMES/GIN_0.0001/ENZYMES/GIN_0.0001/ENZYMES/GIN_0.0001/ENZYMES/GIN_0.0001/ENZYMES/GIN_0.0001/ENZYMES/GIN_0.0001/ENZYMES/GIN_0.0001/ENZYMES/GIN_0.0001/ENZYMES/GIN_0.0001/ENZYMES/GIN_0.0001/ENZYMES/GIN_0.0001/ENZYMES/GIN_0.0001/ENZYMES/GIN_0.0001/ENZYMES/GIN_0.0001/ENZYMES/GIN_0.0001/ENZYMES/GIN_0.0001/ENZYMES/GIN_0.0001/ENZYMES/GIN_0.0001/ENZYMES/GIN_0.0001/ENZYMES/GIN_0.0001/ENZYMES/GIN_0.0001/ENZYMES/best/best_source_gin.pth (Val Acc: 0.5179 at epoch 79)
2025-06-20 15:13:01,507 [INFO] Training/validation metrics saved to ./checkpoints/ENZYMES/GIN_0.0001/ENZYMES/GIN_0.0001/ENZYMES/GIN_0.0001/ENZYMES/GIN_0.0001/ENZYMES/GIN_0.0001/ENZYMES/GIN_0.0001/ENZYMES/GIN_0.0001/ENZYMES/GIN_0.0001/ENZYMES/GIN_0.0001/ENZYMES/GIN_0.0001/ENZYMES/GIN_0.0001/ENZYMES/GIN_0.0001/ENZYMES/GIN_0.0001/ENZYMES/GIN_0.0001/ENZYMES/GIN_0.0001/ENZYMES/GIN_0.0001/ENZYMES/GIN_0.0001/ENZYMES/GIN_0.0001/ENZYMES/GIN_0.0001/ENZYMES/GIN_0.0001/ENZYMES/GIN_0.0001/ENZYMES/GIN_0.0001/ENZYMES/GIN_0.0001/ENZYMES/GIN_0.0001/ENZYMES/GIN_0.0001/ENZYMES/GIN_0.0001/ENZYMES/GIN_0.0001/ENZYMES/GIN_0.0001/ENZYMES/GIN_0.0001/ENZYMES/GIN_0.0001/ENZYMES/GIN_0.0001/ENZYMES/GIN_0.0001/ENZYMES/GIN_0.0001/ENZYMES/GIN_0.0001/ENZYMES/GIN_0.0001/ENZYMES/GIN_0.0001/ENZYMES/GIN_0.0001/ENZYMES/GIN_0.0001/train_metrics.csv
2025-06-20 15:13:01,594 [INFO] Final training curves saved
2025-06-20 15:13:01,594 [INFO] Training completed!
2025-06-20 15:13:01,594 [INFO] Best validation accuracy: 0.5179
2025-06-20 15:13:01,594 [INFO] Best epoch: 79
2025-06-20 15:13:01,594 [INFO] Total epochs trained: 150
2025-06-20 15:13:01,595 [INFO] Starting training with parameters: (0.0001, 0.0, 32, 3, 150, 0.001)
