2025-06-22 23:32:36,834 [INFO] Using device: cpu
2025-06-22 23:32:36,834 [INFO] 开始创建数据加载器...
2025-06-22 23:32:36,837 [INFO] Successfully loaded dataset ENZYMES from ./data, total graphs: 600
2025-06-22 23:32:36,838 [INFO] Class allocation analysis:
2025-06-22 23:32:36,838 [INFO]   Source classes: [0, 1, 2, 3]
2025-06-22 23:32:36,838 [INFO]   Target classes: [0, 1, 2, 3, 4, 5]
2025-06-22 23:32:36,838 [INFO]   Overlap classes (to be split): [0, 1, 2, 3]
2025-06-22 23:32:36,838 [INFO]   Target novel classes (unknown): [4, 5]
2025-06-22 23:32:36,853 [INFO]   Class 0: 100 total -> Source: 70, Target: 30
2025-06-22 23:32:36,853 [INFO]   Class 1: 100 total -> Source: 70, Target: 30
2025-06-22 23:32:36,853 [INFO]   Class 2: 100 total -> Source: 70, Target: 30
2025-06-22 23:32:36,854 [INFO]   Class 3: 100 total -> Source: 70, Target: 30
2025-06-22 23:32:36,854 [INFO]   Class 4 (novel/unknown): 100 samples -> Target
2025-06-22 23:32:36,854 [INFO]   Class 5 (novel/unknown): 100 samples -> Target
2025-06-22 23:32:36,854 [INFO] Final allocation:
2025-06-22 23:32:36,854 [INFO]   Source domain: 280 samples
2025-06-22 23:32:36,854 [INFO]   Target domain: 320 samples
2025-06-22 23:32:36,855 [INFO] Source domain setup:
2025-06-22 23:32:36,855 [INFO]   Original classes: [0, 1, 2, 3]
2025-06-22 23:32:36,855 [INFO]   Overlap classes used: [0, 1, 2, 3]
2025-06-22 23:32:36,855 [INFO]   Label mapping: {0: 0, 1: 1, 2: 2, 3: 3}
2025-06-22 23:32:36,855 [INFO]   Total data after allocation: 280
2025-06-22 23:32:36,855 [INFO]   Data split - Train: 224, Val: 56
2025-06-22 23:32:36,855 [INFO]   Train label distribution: {0: 56, 1: 56, 3: 56, 2: 56}
2025-06-22 23:32:36,855 [INFO]   Val label distribution: {1: 14, 2: 14, 0: 14, 3: 14}
2025-06-22 23:32:36,857 [INFO] Successfully loaded dataset ENZYMES from ./data, total graphs: 600
2025-06-22 23:32:36,857 [INFO] Class allocation analysis:
2025-06-22 23:32:36,857 [INFO]   Source classes: [0, 1, 2, 3]
2025-06-22 23:32:36,857 [INFO]   Target classes: [0, 1, 2, 3, 4, 5]
2025-06-22 23:32:36,857 [INFO]   Overlap classes (to be split): [0, 1, 2, 3]
2025-06-22 23:32:36,857 [INFO]   Target novel classes (unknown): [4, 5]
2025-06-22 23:32:36,966 [INFO]   Class 0: 100 total -> Source: 70, Target: 30
2025-06-22 23:32:36,966 [INFO]   Class 1: 100 total -> Source: 70, Target: 30
2025-06-22 23:32:36,966 [INFO]   Class 2: 100 total -> Source: 70, Target: 30
2025-06-22 23:32:36,966 [INFO]   Class 3: 100 total -> Source: 70, Target: 30
2025-06-22 23:32:36,966 [INFO]   Class 4 (novel/unknown): 100 samples -> Target
2025-06-22 23:32:36,966 [INFO]   Class 5 (novel/unknown): 100 samples -> Target
2025-06-22 23:32:36,966 [INFO] Final allocation:
2025-06-22 23:32:36,966 [INFO]   Source domain: 280 samples
2025-06-22 23:32:36,966 [INFO]   Target domain: 320 samples
2025-06-22 23:32:36,968 [INFO] Target domain setup:
2025-06-22 23:32:36,968 [INFO]   Original classes: [0, 1, 2, 3, 4, 5]
2025-06-22 23:32:36,968 [INFO]   Overlap classes: [0, 1, 2, 3]
2025-06-22 23:32:36,968 [INFO]   Novel classes: [4, 5] -> mapped to unknown label 4
2025-06-22 23:32:36,968 [INFO]   Label mapping: {0: 0, 1: 1, 2: 2, 3: 3, 4: 4, 5: 4}
2025-06-22 23:32:36,968 [INFO]   Total data after allocation: 320
2025-06-22 23:32:36,968 [INFO]   Data split - Train: 256, Val: 64
2025-06-22 23:32:36,968 [INFO]   Total count: 320 (known: 120, unknown: 200)
2025-06-22 23:32:36,968 [INFO]   Total label distribution: {4: 200, 3: 30, 0: 30, 1: 30, 2: 30}
2025-06-22 23:32:36,968 [INFO]   Train label distribution: {4: 160, 0: 24, 2: 24, 3: 24, 1: 24}
2025-06-22 23:32:36,968 [INFO]   Val label distribution: {1: 6, 4: 40, 3: 6, 0: 6, 2: 6}
2025-06-22 23:32:36,969 [INFO] 数据加载器创建完成!
2025-06-22 23:32:36,969 [INFO] 源域类别数: 4 (重叠类别)
2025-06-22 23:32:36,969 [INFO] 目标域类别数: 5 (4个重叠类别 + 1个未知类别)
2025-06-22 23:32:36,969 [INFO] 重叠类别: [0, 1, 2, 3]
2025-06-22 23:32:36,969 [INFO] 目标域新类别: [4, 5]
2025-06-22 23:32:36,969 [INFO] Data allocation verification:
2025-06-22 23:32:36,969 [INFO]   Source data samples: 280
2025-06-22 23:32:36,969 [INFO]   Target data samples: 320
2025-06-22 23:32:36,969 [INFO]   Overlapping samples: 0
2025-06-22 23:32:36,969 [INFO]   ✓ Data allocation is correct - no overlapping samples
2025-06-22 23:32:36,970 [INFO] Model initialized with 3684 parameters
2025-06-22 23:32:36,970 [INFO] Previous best validation accuracy read from record.txt: 0.6429
2025-06-22 23:32:36,970 [INFO] Starting training...
2025-06-22 23:32:36,990 [INFO] Epoch 001 | Train Loss: 7.1273 | Val Loss: 3.5645 | Val Acc: 0.3750
2025-06-22 23:32:38,006 [INFO] New best model at epoch 1 (Val Acc: 0.3750)
2025-06-22 23:32:38,024 [INFO] Epoch 002 | Train Loss: 3.7942 | Val Loss: 3.5170 | Val Acc: 0.1964
2025-06-22 23:32:38,039 [INFO] Epoch 003 | Train Loss: 3.9863 | Val Loss: 2.3646 | Val Acc: 0.2143
2025-06-22 23:32:38,052 [INFO] Epoch 004 | Train Loss: 3.7475 | Val Loss: 2.2478 | Val Acc: 0.3393
2025-06-22 23:32:38,069 [INFO] Epoch 005 | Train Loss: 2.7688 | Val Loss: 1.4093 | Val Acc: 0.4107
2025-06-22 23:32:38,071 [INFO] New best model at epoch 5 (Val Acc: 0.4107)
2025-06-22 23:32:38,086 [INFO] Epoch 006 | Train Loss: 1.9164 | Val Loss: 1.3921 | Val Acc: 0.3750
2025-06-22 23:32:38,101 [INFO] Epoch 007 | Train Loss: 1.9505 | Val Loss: 1.7259 | Val Acc: 0.3929
2025-06-22 23:32:38,117 [INFO] Epoch 008 | Train Loss: 1.8705 | Val Loss: 1.6671 | Val Acc: 0.3036
2025-06-22 23:32:38,134 [INFO] Epoch 009 | Train Loss: 1.7745 | Val Loss: 1.4162 | Val Acc: 0.2857
2025-06-22 23:32:38,148 [INFO] Epoch 010 | Train Loss: 1.5555 | Val Loss: 1.4308 | Val Acc: 0.3571
2025-06-22 23:32:39,175 [INFO] Epoch 011 | Train Loss: 1.6711 | Val Loss: 1.4106 | Val Acc: 0.3036
2025-06-22 23:32:39,190 [INFO] Epoch 012 | Train Loss: 1.3483 | Val Loss: 1.2512 | Val Acc: 0.3750
2025-06-22 23:32:39,204 [INFO] Epoch 013 | Train Loss: 1.6797 | Val Loss: 1.2801 | Val Acc: 0.4286
2025-06-22 23:32:39,206 [INFO] New best model at epoch 13 (Val Acc: 0.4286)
2025-06-22 23:32:39,221 [INFO] Epoch 014 | Train Loss: 1.5589 | Val Loss: 1.4658 | Val Acc: 0.4107
2025-06-22 23:32:39,237 [INFO] Epoch 015 | Train Loss: 1.3723 | Val Loss: 1.3648 | Val Acc: 0.3571
2025-06-22 23:32:39,253 [INFO] Epoch 016 | Train Loss: 1.3690 | Val Loss: 1.5800 | Val Acc: 0.3036
2025-06-22 23:32:39,269 [INFO] Epoch 017 | Train Loss: 1.6512 | Val Loss: 1.4100 | Val Acc: 0.3929
2025-06-22 23:32:39,286 [INFO] Epoch 018 | Train Loss: 1.4166 | Val Loss: 1.3088 | Val Acc: 0.3929
2025-06-22 23:32:39,304 [INFO] Epoch 019 | Train Loss: 1.3738 | Val Loss: 1.4077 | Val Acc: 0.3214
2025-06-22 23:32:39,322 [INFO] Epoch 020 | Train Loss: 1.3124 | Val Loss: 1.5545 | Val Acc: 0.3750
2025-06-22 23:32:40,411 [INFO] Epoch 021 | Train Loss: 1.3812 | Val Loss: 1.3741 | Val Acc: 0.3571
2025-06-22 23:32:40,425 [INFO] Epoch 022 | Train Loss: 1.2790 | Val Loss: 1.2932 | Val Acc: 0.4286
2025-06-22 23:32:40,439 [INFO] Epoch 023 | Train Loss: 1.4929 | Val Loss: 1.5144 | Val Acc: 0.4286
2025-06-22 23:32:40,456 [INFO] Epoch 024 | Train Loss: 1.3266 | Val Loss: 1.3783 | Val Acc: 0.4107
2025-06-22 23:32:40,471 [INFO] Epoch 025 | Train Loss: 1.2299 | Val Loss: 1.4988 | Val Acc: 0.3929
2025-06-22 23:32:40,487 [INFO] Epoch 026 | Train Loss: 1.1847 | Val Loss: 1.4611 | Val Acc: 0.3214
2025-06-22 23:32:40,504 [INFO] Epoch 027 | Train Loss: 1.2380 | Val Loss: 1.4466 | Val Acc: 0.3393
2025-06-22 23:32:40,520 [INFO] Epoch 028 | Train Loss: 1.1643 | Val Loss: 1.3383 | Val Acc: 0.4286
2025-06-22 23:32:40,534 [INFO] Epoch 029 | Train Loss: 1.0929 | Val Loss: 1.3786 | Val Acc: 0.3750
2025-06-22 23:32:40,548 [INFO] Epoch 030 | Train Loss: 1.1552 | Val Loss: 1.6008 | Val Acc: 0.3036
2025-06-22 23:32:41,522 [INFO] Epoch 031 | Train Loss: 1.1907 | Val Loss: 1.7254 | Val Acc: 0.3750
2025-06-22 23:32:41,535 [INFO] Epoch 032 | Train Loss: 1.2234 | Val Loss: 1.6347 | Val Acc: 0.3393
2025-06-22 23:32:41,550 [INFO] Epoch 033 | Train Loss: 1.1857 | Val Loss: 1.4547 | Val Acc: 0.3571
2025-06-22 23:32:41,566 [INFO] Epoch 034 | Train Loss: 1.2258 | Val Loss: 1.4937 | Val Acc: 0.3214
2025-06-22 23:32:41,583 [INFO] Epoch 035 | Train Loss: 1.2568 | Val Loss: 1.3407 | Val Acc: 0.4107
2025-06-22 23:32:41,599 [INFO] Epoch 036 | Train Loss: 1.1225 | Val Loss: 1.3190 | Val Acc: 0.3571
2025-06-22 23:32:41,614 [INFO] Epoch 037 | Train Loss: 1.1671 | Val Loss: 2.0750 | Val Acc: 0.3750
2025-06-22 23:32:41,629 [INFO] Epoch 038 | Train Loss: 1.1247 | Val Loss: 2.1565 | Val Acc: 0.2857
2025-06-22 23:32:41,643 [INFO] Epoch 039 | Train Loss: 1.1184 | Val Loss: 1.9639 | Val Acc: 0.2857
2025-06-22 23:32:41,657 [INFO] Epoch 040 | Train Loss: 1.1304 | Val Loss: 1.6993 | Val Acc: 0.3571
2025-06-22 23:32:42,641 [INFO] Epoch 041 | Train Loss: 1.1056 | Val Loss: 1.3284 | Val Acc: 0.3393
2025-06-22 23:32:42,655 [INFO] Epoch 042 | Train Loss: 1.0833 | Val Loss: 1.2507 | Val Acc: 0.3750
2025-06-22 23:32:42,670 [INFO] Epoch 043 | Train Loss: 1.1845 | Val Loss: 1.4140 | Val Acc: 0.3214
2025-06-22 23:32:42,686 [INFO] Epoch 044 | Train Loss: 1.0618 | Val Loss: 1.4599 | Val Acc: 0.3214
2025-06-22 23:32:42,702 [INFO] Epoch 045 | Train Loss: 1.1454 | Val Loss: 1.4253 | Val Acc: 0.4107
2025-06-22 23:32:42,718 [INFO] Epoch 046 | Train Loss: 1.0942 | Val Loss: 1.3902 | Val Acc: 0.3750
2025-06-22 23:32:42,733 [INFO] Epoch 047 | Train Loss: 1.0460 | Val Loss: 1.4365 | Val Acc: 0.4286
2025-06-22 23:32:42,749 [INFO] Epoch 048 | Train Loss: 1.0813 | Val Loss: 1.4116 | Val Acc: 0.4464
2025-06-22 23:32:42,751 [INFO] New best model at epoch 48 (Val Acc: 0.4464)
2025-06-22 23:32:42,764 [INFO] Epoch 049 | Train Loss: 1.0850 | Val Loss: 1.4114 | Val Acc: 0.4643
2025-06-22 23:32:42,766 [INFO] New best model at epoch 49 (Val Acc: 0.4643)
2025-06-22 23:32:42,778 [INFO] Epoch 050 | Train Loss: 1.0993 | Val Loss: 1.3788 | Val Acc: 0.5357
2025-06-22 23:32:43,783 [INFO] New best model at epoch 50 (Val Acc: 0.5357)
2025-06-22 23:32:43,802 [INFO] Epoch 051 | Train Loss: 1.1287 | Val Loss: 1.4220 | Val Acc: 0.4286
2025-06-22 23:32:43,817 [INFO] Epoch 052 | Train Loss: 1.0893 | Val Loss: 1.3328 | Val Acc: 0.5000
2025-06-22 23:32:43,835 [INFO] Epoch 053 | Train Loss: 1.1372 | Val Loss: 1.2669 | Val Acc: 0.4643
2025-06-22 23:32:43,850 [INFO] Epoch 054 | Train Loss: 1.0680 | Val Loss: 1.4032 | Val Acc: 0.3571
2025-06-22 23:32:43,865 [INFO] Epoch 055 | Train Loss: 1.0669 | Val Loss: 1.5333 | Val Acc: 0.4643
2025-06-22 23:32:43,879 [INFO] Epoch 056 | Train Loss: 1.0637 | Val Loss: 1.4257 | Val Acc: 0.4286
2025-06-22 23:32:43,895 [INFO] Epoch 057 | Train Loss: 1.0135 | Val Loss: 1.4501 | Val Acc: 0.4464
2025-06-22 23:32:43,909 [INFO] Epoch 058 | Train Loss: 0.9614 | Val Loss: 1.4953 | Val Acc: 0.4464
2025-06-22 23:32:43,923 [INFO] Epoch 059 | Train Loss: 1.0484 | Val Loss: 1.5558 | Val Acc: 0.3393
2025-06-22 23:32:43,937 [INFO] Epoch 060 | Train Loss: 1.0058 | Val Loss: 1.5290 | Val Acc: 0.3750
2025-06-22 23:32:45,693 [INFO] Epoch 061 | Train Loss: 1.1070 | Val Loss: 1.4853 | Val Acc: 0.4107
2025-06-22 23:32:45,708 [INFO] Epoch 062 | Train Loss: 1.0030 | Val Loss: 1.5755 | Val Acc: 0.4107
2025-06-22 23:32:45,723 [INFO] Epoch 063 | Train Loss: 1.0161 | Val Loss: 1.4457 | Val Acc: 0.4643
2025-06-22 23:32:45,739 [INFO] Epoch 064 | Train Loss: 1.0718 | Val Loss: 1.5727 | Val Acc: 0.3929
2025-06-22 23:32:45,755 [INFO] Epoch 065 | Train Loss: 1.0133 | Val Loss: 1.4391 | Val Acc: 0.3393
2025-06-22 23:32:45,770 [INFO] Epoch 066 | Train Loss: 1.0359 | Val Loss: 1.5112 | Val Acc: 0.3750
2025-06-22 23:32:45,785 [INFO] Epoch 067 | Train Loss: 1.0124 | Val Loss: 1.4395 | Val Acc: 0.3929
2025-06-22 23:32:45,799 [INFO] Epoch 068 | Train Loss: 0.9523 | Val Loss: 1.5746 | Val Acc: 0.3571
2025-06-22 23:32:45,813 [INFO] Epoch 069 | Train Loss: 0.9699 | Val Loss: 1.5509 | Val Acc: 0.3929
2025-06-22 23:32:45,827 [INFO] Epoch 070 | Train Loss: 0.9745 | Val Loss: 1.4900 | Val Acc: 0.3929
2025-06-22 23:32:46,853 [INFO] Epoch 071 | Train Loss: 1.0009 | Val Loss: 1.4307 | Val Acc: 0.5179
2025-06-22 23:32:46,867 [INFO] Epoch 072 | Train Loss: 0.9838 | Val Loss: 1.3885 | Val Acc: 0.4286
2025-06-22 23:32:46,881 [INFO] Epoch 073 | Train Loss: 1.0023 | Val Loss: 2.4824 | Val Acc: 0.3393
2025-06-22 23:32:46,896 [INFO] Epoch 074 | Train Loss: 1.0607 | Val Loss: 1.6440 | Val Acc: 0.3750
2025-06-22 23:32:46,912 [INFO] Epoch 075 | Train Loss: 1.0523 | Val Loss: 2.0369 | Val Acc: 0.3929
2025-06-22 23:32:46,927 [INFO] Epoch 076 | Train Loss: 1.0048 | Val Loss: 1.6258 | Val Acc: 0.3750
2025-06-22 23:32:46,943 [INFO] Epoch 077 | Train Loss: 0.9648 | Val Loss: 1.4943 | Val Acc: 0.3750
2025-06-22 23:32:46,960 [INFO] Epoch 078 | Train Loss: 0.9686 | Val Loss: 1.5734 | Val Acc: 0.4464
2025-06-22 23:32:46,974 [INFO] Epoch 079 | Train Loss: 0.9212 | Val Loss: 1.5432 | Val Acc: 0.4821
2025-06-22 23:32:46,988 [INFO] Epoch 080 | Train Loss: 0.9259 | Val Loss: 1.4029 | Val Acc: 0.3929
2025-06-22 23:32:47,988 [INFO] Epoch 081 | Train Loss: 0.9292 | Val Loss: 1.5907 | Val Acc: 0.5000
2025-06-22 23:32:48,002 [INFO] Epoch 082 | Train Loss: 0.9744 | Val Loss: 1.4073 | Val Acc: 0.3750
2025-06-22 23:32:48,019 [INFO] Epoch 083 | Train Loss: 0.9632 | Val Loss: 1.5359 | Val Acc: 0.3393
2025-06-22 23:32:48,037 [INFO] Epoch 084 | Train Loss: 1.0136 | Val Loss: 1.6169 | Val Acc: 0.4107
2025-06-22 23:32:48,052 [INFO] Epoch 085 | Train Loss: 0.9594 | Val Loss: 1.6709 | Val Acc: 0.4286
2025-06-22 23:32:48,068 [INFO] Epoch 086 | Train Loss: 0.9357 | Val Loss: 1.6109 | Val Acc: 0.4107
2025-06-22 23:32:48,083 [INFO] Epoch 087 | Train Loss: 0.9622 | Val Loss: 1.3387 | Val Acc: 0.4107
2025-06-22 23:32:48,096 [INFO] Epoch 088 | Train Loss: 0.9434 | Val Loss: 1.5741 | Val Acc: 0.3571
2025-06-22 23:32:48,110 [INFO] Epoch 089 | Train Loss: 0.9999 | Val Loss: 1.4906 | Val Acc: 0.3393
2025-06-22 23:32:48,124 [INFO] Epoch 090 | Train Loss: 0.8834 | Val Loss: 1.4685 | Val Acc: 0.4286
2025-06-22 23:32:49,145 [INFO] Epoch 091 | Train Loss: 0.8789 | Val Loss: 1.6726 | Val Acc: 0.3929
2025-06-22 23:32:49,166 [INFO] Epoch 092 | Train Loss: 0.9390 | Val Loss: 1.5990 | Val Acc: 0.3214
2025-06-22 23:32:49,182 [INFO] Epoch 093 | Train Loss: 0.9521 | Val Loss: 1.5851 | Val Acc: 0.4286
2025-06-22 23:32:49,197 [INFO] Epoch 094 | Train Loss: 0.9050 | Val Loss: 1.7712 | Val Acc: 0.5179
2025-06-22 23:32:49,213 [INFO] Epoch 095 | Train Loss: 0.9458 | Val Loss: 1.3941 | Val Acc: 0.4107
2025-06-22 23:32:49,230 [INFO] Epoch 096 | Train Loss: 0.9270 | Val Loss: 1.4654 | Val Acc: 0.4464
2025-06-22 23:32:49,244 [INFO] Epoch 097 | Train Loss: 0.9329 | Val Loss: 1.7705 | Val Acc: 0.3393
2025-06-22 23:32:49,258 [INFO] Epoch 098 | Train Loss: 0.9323 | Val Loss: 1.4483 | Val Acc: 0.3750
2025-06-22 23:32:49,271 [INFO] Epoch 099 | Train Loss: 0.9510 | Val Loss: 1.7012 | Val Acc: 0.5179
2025-06-22 23:32:49,285 [INFO] Epoch 100 | Train Loss: 0.9218 | Val Loss: 1.8068 | Val Acc: 0.4464
2025-06-22 23:32:50,341 [INFO] Best model saved to <built-in function time>/ENZYMES/best/best_source_gin.pth (Val Acc: 0.5357 at epoch 50)
2025-06-22 23:32:50,342 [INFO] Training/validation metrics saved to <built-in function time>/ENZYMES/GIN_0.01/train_metrics.csv
2025-06-22 23:32:53,881 [INFO] Final training curves saved
2025-06-22 23:32:53,882 [INFO] Training completed!
2025-06-22 23:32:53,882 [INFO] Best validation accuracy: 0.5357
2025-06-22 23:32:53,882 [INFO] Best epoch: 50
2025-06-22 23:32:53,882 [INFO] Total epochs trained: 100
2025-06-22 23:32:53,885 [INFO] Starting training with parameters: (0.01, 0.2, 32, 2, 100, 0.0001)
