2025-06-22 04:17:06,871 [INFO] Using device: cpu
2025-06-22 04:17:06,871 [INFO] 开始创建数据加载器...
2025-06-22 04:17:06,874 [INFO] Successfully loaded dataset ENZYMES from ./data, total graphs: 600
2025-06-22 04:17:06,874 [INFO] Class allocation analysis:
2025-06-22 04:17:06,874 [INFO]   Source classes: [0, 1, 2, 3]
2025-06-22 04:17:06,874 [INFO]   Target classes: [0, 1, 2, 3, 4, 5]
2025-06-22 04:17:06,874 [INFO]   Overlap classes (to be split): [0, 1, 2, 3]
2025-06-22 04:17:06,874 [INFO]   Target novel classes (unknown): [4, 5]
2025-06-22 04:17:06,887 [INFO]   Class 0: 100 total -> Source: 70, Target: 30
2025-06-22 04:17:06,887 [INFO]   Class 1: 100 total -> Source: 70, Target: 30
2025-06-22 04:17:06,887 [INFO]   Class 2: 100 total -> Source: 70, Target: 30
2025-06-22 04:17:06,888 [INFO]   Class 3: 100 total -> Source: 70, Target: 30
2025-06-22 04:17:06,888 [INFO]   Class 4 (novel/unknown): 100 samples -> Target
2025-06-22 04:17:06,888 [INFO]   Class 5 (novel/unknown): 100 samples -> Target
2025-06-22 04:17:06,888 [INFO] Final allocation:
2025-06-22 04:17:06,888 [INFO]   Source domain: 280 samples
2025-06-22 04:17:06,888 [INFO]   Target domain: 320 samples
2025-06-22 04:17:06,889 [INFO] Source domain setup:
2025-06-22 04:17:06,889 [INFO]   Original classes: [0, 1, 2, 3]
2025-06-22 04:17:06,889 [INFO]   Overlap classes used: [0, 1, 2, 3]
2025-06-22 04:17:06,889 [INFO]   Label mapping: {0: 0, 1: 1, 2: 2, 3: 3}
2025-06-22 04:17:06,889 [INFO]   Total data after allocation: 280
2025-06-22 04:17:06,889 [INFO]   Data split - Train: 224, Val: 56
2025-06-22 04:17:06,889 [INFO]   Train label distribution: {0: 56, 1: 56, 3: 56, 2: 56}
2025-06-22 04:17:06,889 [INFO]   Val label distribution: {1: 14, 2: 14, 0: 14, 3: 14}
2025-06-22 04:17:06,890 [INFO] Successfully loaded dataset ENZYMES from ./data, total graphs: 600
2025-06-22 04:17:06,890 [INFO] Class allocation analysis:
2025-06-22 04:17:06,890 [INFO]   Source classes: [0, 1, 2, 3]
2025-06-22 04:17:06,890 [INFO]   Target classes: [0, 1, 2, 3, 4, 5]
2025-06-22 04:17:06,890 [INFO]   Overlap classes (to be split): [0, 1, 2, 3]
2025-06-22 04:17:06,890 [INFO]   Target novel classes (unknown): [4, 5]
2025-06-22 04:17:06,904 [INFO]   Class 0: 100 total -> Source: 70, Target: 30
2025-06-22 04:17:06,904 [INFO]   Class 1: 100 total -> Source: 70, Target: 30
2025-06-22 04:17:06,904 [INFO]   Class 2: 100 total -> Source: 70, Target: 30
2025-06-22 04:17:06,904 [INFO]   Class 3: 100 total -> Source: 70, Target: 30
2025-06-22 04:17:06,904 [INFO]   Class 4 (novel/unknown): 100 samples -> Target
2025-06-22 04:17:06,904 [INFO]   Class 5 (novel/unknown): 100 samples -> Target
2025-06-22 04:17:06,905 [INFO] Final allocation:
2025-06-22 04:17:06,905 [INFO]   Source domain: 280 samples
2025-06-22 04:17:06,905 [INFO]   Target domain: 320 samples
2025-06-22 04:17:06,906 [INFO] Target domain setup:
2025-06-22 04:17:06,906 [INFO]   Original classes: [0, 1, 2, 3, 4, 5]
2025-06-22 04:17:06,906 [INFO]   Overlap classes: [0, 1, 2, 3]
2025-06-22 04:17:06,906 [INFO]   Novel classes: [4, 5] -> mapped to unknown label 4
2025-06-22 04:17:06,906 [INFO]   Label mapping: {0: 0, 1: 1, 2: 2, 3: 3, 4: 4, 5: 4}
2025-06-22 04:17:06,906 [INFO]   Total data after allocation: 320
2025-06-22 04:17:06,906 [INFO]   Data split - Train: 256, Val: 64
2025-06-22 04:17:06,906 [INFO]   Total count: 320 (known: 120, unknown: 200)
2025-06-22 04:17:06,906 [INFO]   Total label distribution: {4: 200, 3: 30, 0: 30, 1: 30, 2: 30}
2025-06-22 04:17:06,906 [INFO]   Train label distribution: {4: 160, 0: 24, 2: 24, 3: 24, 1: 24}
2025-06-22 04:17:06,906 [INFO]   Val label distribution: {1: 6, 4: 40, 3: 6, 0: 6, 2: 6}
2025-06-22 04:17:06,907 [INFO] 数据加载器创建完成!
2025-06-22 04:17:06,907 [INFO] 源域类别数: 4 (重叠类别)
2025-06-22 04:17:06,907 [INFO] 目标域类别数: 5 (4个重叠类别 + 1个未知类别)
2025-06-22 04:17:06,907 [INFO] 重叠类别: [0, 1, 2, 3]
2025-06-22 04:17:06,907 [INFO] 目标域新类别: [4, 5]
2025-06-22 04:17:06,907 [INFO] Data allocation verification:
2025-06-22 04:17:06,907 [INFO]   Source data samples: 280
2025-06-22 04:17:06,907 [INFO]   Target data samples: 320
2025-06-22 04:17:06,907 [INFO]   Overlapping samples: 0
2025-06-22 04:17:06,907 [INFO]   ✓ Data allocation is correct - no overlapping samples
2025-06-22 04:17:06,908 [INFO] Model initialized with 4932 parameters
2025-06-22 04:17:06,908 [INFO] Previous best validation accuracy read from record.txt: 0.6250
2025-06-22 04:17:06,908 [INFO] Starting training...
2025-06-22 04:17:06,922 [INFO] Epoch 001 | Train Loss: 6.7892 | Val Loss: 3.9866 | Val Acc: 0.2857
2025-06-22 04:17:07,540 [INFO] New best model at epoch 1 (Val Acc: 0.2857)
2025-06-22 04:17:07,550 [INFO] Epoch 002 | Train Loss: 6.3163 | Val Loss: 2.4783 | Val Acc: 0.2679
2025-06-22 04:17:07,560 [INFO] Epoch 003 | Train Loss: 5.1389 | Val Loss: 2.5597 | Val Acc: 0.2679
2025-06-22 04:17:07,569 [INFO] Epoch 004 | Train Loss: 5.2223 | Val Loss: 2.3835 | Val Acc: 0.3393
2025-06-22 04:17:07,570 [INFO] New best model at epoch 4 (Val Acc: 0.3393)
2025-06-22 04:17:07,579 [INFO] Epoch 005 | Train Loss: 4.5408 | Val Loss: 2.6721 | Val Acc: 0.2143
2025-06-22 04:17:07,590 [INFO] Epoch 006 | Train Loss: 5.0309 | Val Loss: 2.2448 | Val Acc: 0.3214
2025-06-22 04:17:07,599 [INFO] Epoch 007 | Train Loss: 4.6629 | Val Loss: 2.3613 | Val Acc: 0.3393
2025-06-22 04:17:07,608 [INFO] Epoch 008 | Train Loss: 4.7397 | Val Loss: 2.7487 | Val Acc: 0.2500
2025-06-22 04:17:07,618 [INFO] Epoch 009 | Train Loss: 4.8990 | Val Loss: 2.4943 | Val Acc: 0.2857
2025-06-22 04:17:07,634 [INFO] Epoch 010 | Train Loss: 4.3189 | Val Loss: 2.1321 | Val Acc: 0.3214
2025-06-22 04:17:08,219 [INFO] Epoch 011 | Train Loss: 4.6011 | Val Loss: 2.5982 | Val Acc: 0.2143
2025-06-22 04:17:08,232 [INFO] Epoch 012 | Train Loss: 3.7796 | Val Loss: 2.3502 | Val Acc: 0.3393
2025-06-22 04:17:08,241 [INFO] Epoch 013 | Train Loss: 3.8639 | Val Loss: 2.3096 | Val Acc: 0.2857
2025-06-22 04:17:08,251 [INFO] Epoch 014 | Train Loss: 3.6819 | Val Loss: 2.2900 | Val Acc: 0.3036
2025-06-22 04:17:08,262 [INFO] Epoch 015 | Train Loss: 4.4107 | Val Loss: 2.2708 | Val Acc: 0.3393
2025-06-22 04:17:08,272 [INFO] Epoch 016 | Train Loss: 3.2466 | Val Loss: 2.2987 | Val Acc: 0.3571
2025-06-22 04:17:08,273 [INFO] New best model at epoch 16 (Val Acc: 0.3571)
2025-06-22 04:17:08,288 [INFO] Epoch 017 | Train Loss: 3.2542 | Val Loss: 2.7047 | Val Acc: 0.3571
2025-06-22 04:17:08,298 [INFO] Epoch 018 | Train Loss: 3.7638 | Val Loss: 2.1309 | Val Acc: 0.3571
2025-06-22 04:17:08,307 [INFO] Epoch 019 | Train Loss: 2.7472 | Val Loss: 2.0167 | Val Acc: 0.3750
2025-06-22 04:17:08,309 [INFO] New best model at epoch 19 (Val Acc: 0.3750)
2025-06-22 04:17:08,318 [INFO] Epoch 020 | Train Loss: 3.4140 | Val Loss: 2.0902 | Val Acc: 0.3214
2025-06-22 04:17:08,891 [INFO] Epoch 021 | Train Loss: 2.9808 | Val Loss: 2.1974 | Val Acc: 0.2857
2025-06-22 04:17:08,901 [INFO] Epoch 022 | Train Loss: 3.1013 | Val Loss: 2.0728 | Val Acc: 0.2857
2025-06-22 04:17:08,911 [INFO] Epoch 023 | Train Loss: 2.9847 | Val Loss: 1.8185 | Val Acc: 0.3571
2025-06-22 04:17:08,920 [INFO] Epoch 024 | Train Loss: 2.7704 | Val Loss: 1.8921 | Val Acc: 0.3393
2025-06-22 04:17:08,929 [INFO] Epoch 025 | Train Loss: 2.3733 | Val Loss: 2.1685 | Val Acc: 0.4107
2025-06-22 04:17:08,930 [INFO] New best model at epoch 25 (Val Acc: 0.4107)
2025-06-22 04:17:08,939 [INFO] Epoch 026 | Train Loss: 2.3874 | Val Loss: 1.7113 | Val Acc: 0.4643
2025-06-22 04:17:08,940 [INFO] New best model at epoch 26 (Val Acc: 0.4643)
2025-06-22 04:17:08,949 [INFO] Epoch 027 | Train Loss: 2.8667 | Val Loss: 1.9560 | Val Acc: 0.3929
2025-06-22 04:17:08,959 [INFO] Epoch 028 | Train Loss: 2.6005 | Val Loss: 1.8656 | Val Acc: 0.3929
2025-06-22 04:17:08,974 [INFO] Epoch 029 | Train Loss: 2.6700 | Val Loss: 1.8636 | Val Acc: 0.2857
2025-06-22 04:17:08,984 [INFO] Epoch 030 | Train Loss: 2.4384 | Val Loss: 1.7939 | Val Acc: 0.3393
2025-06-22 04:17:09,582 [INFO] Epoch 031 | Train Loss: 2.0258 | Val Loss: 1.6765 | Val Acc: 0.3571
2025-06-22 04:17:09,593 [INFO] Epoch 032 | Train Loss: 2.4275 | Val Loss: 1.6147 | Val Acc: 0.3929
2025-06-22 04:17:09,602 [INFO] Epoch 033 | Train Loss: 1.9881 | Val Loss: 1.6171 | Val Acc: 0.4107
2025-06-22 04:17:09,611 [INFO] Epoch 034 | Train Loss: 2.0794 | Val Loss: 1.7816 | Val Acc: 0.2679
2025-06-22 04:17:09,621 [INFO] Epoch 035 | Train Loss: 2.2648 | Val Loss: 1.6557 | Val Acc: 0.2857
2025-06-22 04:17:09,630 [INFO] Epoch 036 | Train Loss: 2.2330 | Val Loss: 1.8894 | Val Acc: 0.3036
2025-06-22 04:17:09,638 [INFO] Epoch 037 | Train Loss: 2.0611 | Val Loss: 1.9300 | Val Acc: 0.3750
2025-06-22 04:17:09,648 [INFO] Epoch 038 | Train Loss: 2.3787 | Val Loss: 1.7705 | Val Acc: 0.2857
2025-06-22 04:17:09,665 [INFO] Epoch 039 | Train Loss: 1.9559 | Val Loss: 1.6496 | Val Acc: 0.3929
2025-06-22 04:17:09,675 [INFO] Epoch 040 | Train Loss: 1.8597 | Val Loss: 1.6420 | Val Acc: 0.3214
2025-06-22 04:17:10,230 [INFO] Epoch 041 | Train Loss: 1.8376 | Val Loss: 1.5489 | Val Acc: 0.3036
2025-06-22 04:17:10,240 [INFO] Epoch 042 | Train Loss: 2.1323 | Val Loss: 1.5355 | Val Acc: 0.3214
2025-06-22 04:17:10,251 [INFO] Epoch 043 | Train Loss: 1.7619 | Val Loss: 1.4812 | Val Acc: 0.3750
2025-06-22 04:17:10,271 [INFO] Epoch 044 | Train Loss: 2.1650 | Val Loss: 1.5135 | Val Acc: 0.3929
2025-06-22 04:17:10,282 [INFO] Epoch 045 | Train Loss: 1.8335 | Val Loss: 1.5207 | Val Acc: 0.4286
2025-06-22 04:17:10,294 [INFO] Epoch 046 | Train Loss: 1.6986 | Val Loss: 1.4597 | Val Acc: 0.3929
2025-06-22 04:17:10,306 [INFO] Epoch 047 | Train Loss: 1.7351 | Val Loss: 1.4681 | Val Acc: 0.3571
2025-06-22 04:17:10,318 [INFO] Epoch 048 | Train Loss: 1.7083 | Val Loss: 1.5033 | Val Acc: 0.3393
2025-06-22 04:17:10,330 [INFO] Epoch 049 | Train Loss: 1.5631 | Val Loss: 1.5156 | Val Acc: 0.3393
2025-06-22 04:17:10,344 [INFO] Epoch 050 | Train Loss: 1.7867 | Val Loss: 1.5188 | Val Acc: 0.3929
2025-06-22 04:17:10,877 [INFO] Epoch 051 | Train Loss: 1.6934 | Val Loss: 1.6739 | Val Acc: 0.3571
2025-06-22 04:17:10,888 [INFO] Epoch 052 | Train Loss: 1.7297 | Val Loss: 1.5626 | Val Acc: 0.3571
2025-06-22 04:17:10,897 [INFO] Epoch 053 | Train Loss: 1.7444 | Val Loss: 1.5113 | Val Acc: 0.3393
2025-06-22 04:17:10,910 [INFO] Epoch 054 | Train Loss: 1.6270 | Val Loss: 1.4755 | Val Acc: 0.3214
2025-06-22 04:17:10,925 [INFO] Epoch 055 | Train Loss: 1.4412 | Val Loss: 1.4677 | Val Acc: 0.3393
2025-06-22 04:17:10,963 [INFO] Epoch 056 | Train Loss: 1.6301 | Val Loss: 1.4645 | Val Acc: 0.3393
2025-06-22 04:17:10,979 [INFO] Epoch 057 | Train Loss: 1.4758 | Val Loss: 1.4206 | Val Acc: 0.3929
2025-06-22 04:17:10,992 [INFO] Epoch 058 | Train Loss: 1.4155 | Val Loss: 1.4184 | Val Acc: 0.3750
2025-06-22 04:17:11,004 [INFO] Epoch 059 | Train Loss: 1.3692 | Val Loss: 1.4054 | Val Acc: 0.3571
2025-06-22 04:17:11,024 [INFO] Epoch 060 | Train Loss: 1.4230 | Val Loss: 1.3603 | Val Acc: 0.4107
2025-06-22 04:17:11,646 [INFO] Epoch 061 | Train Loss: 1.4550 | Val Loss: 1.3836 | Val Acc: 0.3750
2025-06-22 04:17:11,656 [INFO] Epoch 062 | Train Loss: 1.4182 | Val Loss: 1.3566 | Val Acc: 0.4286
2025-06-22 04:17:11,665 [INFO] Epoch 063 | Train Loss: 1.2746 | Val Loss: 1.3702 | Val Acc: 0.4286
2025-06-22 04:17:11,674 [INFO] Epoch 064 | Train Loss: 1.3735 | Val Loss: 1.4152 | Val Acc: 0.3571
2025-06-22 04:17:11,685 [INFO] Epoch 065 | Train Loss: 1.3629 | Val Loss: 1.3496 | Val Acc: 0.4107
2025-06-22 04:17:11,695 [INFO] Epoch 066 | Train Loss: 1.3628 | Val Loss: 1.3440 | Val Acc: 0.4107
2025-06-22 04:17:11,704 [INFO] Epoch 067 | Train Loss: 1.3182 | Val Loss: 1.3216 | Val Acc: 0.4464
2025-06-22 04:17:11,713 [INFO] Epoch 068 | Train Loss: 1.2616 | Val Loss: 1.3399 | Val Acc: 0.4464
2025-06-22 04:17:11,728 [INFO] Epoch 069 | Train Loss: 1.3887 | Val Loss: 1.3519 | Val Acc: 0.4286
2025-06-22 04:17:11,738 [INFO] Epoch 070 | Train Loss: 1.2387 | Val Loss: 1.3781 | Val Acc: 0.4107
2025-06-22 04:17:13,480 [INFO] Epoch 071 | Train Loss: 1.3302 | Val Loss: 1.3927 | Val Acc: 0.3571
2025-06-22 04:17:13,490 [INFO] Epoch 072 | Train Loss: 1.3780 | Val Loss: 1.3723 | Val Acc: 0.3571
2025-06-22 04:17:13,502 [INFO] Epoch 073 | Train Loss: 1.2125 | Val Loss: 1.3566 | Val Acc: 0.3929
2025-06-22 04:17:13,513 [INFO] Epoch 074 | Train Loss: 1.2986 | Val Loss: 1.3484 | Val Acc: 0.3929
2025-06-22 04:17:13,527 [INFO] Epoch 075 | Train Loss: 1.3711 | Val Loss: 1.3508 | Val Acc: 0.4286
2025-06-22 04:17:13,541 [INFO] Epoch 076 | Train Loss: 1.2642 | Val Loss: 1.3776 | Val Acc: 0.4464
2025-06-22 04:17:13,561 [INFO] Epoch 077 | Train Loss: 1.2868 | Val Loss: 1.3845 | Val Acc: 0.3750
2025-06-22 04:17:13,573 [INFO] Epoch 078 | Train Loss: 1.2802 | Val Loss: 1.3678 | Val Acc: 0.3750
2025-06-22 04:17:13,584 [INFO] Epoch 079 | Train Loss: 1.2917 | Val Loss: 1.3631 | Val Acc: 0.3929
2025-06-22 04:17:13,594 [INFO] Epoch 080 | Train Loss: 1.2778 | Val Loss: 1.3633 | Val Acc: 0.3929
2025-06-22 04:17:14,188 [INFO] Epoch 081 | Train Loss: 1.3236 | Val Loss: 1.3558 | Val Acc: 0.3750
2025-06-22 04:17:14,198 [INFO] Epoch 082 | Train Loss: 1.1929 | Val Loss: 1.3387 | Val Acc: 0.4107
2025-06-22 04:17:14,208 [INFO] Epoch 083 | Train Loss: 1.2499 | Val Loss: 1.3458 | Val Acc: 0.3750
2025-06-22 04:17:14,217 [INFO] Epoch 084 | Train Loss: 1.2526 | Val Loss: 1.3146 | Val Acc: 0.4464
2025-06-22 04:17:14,227 [INFO] Epoch 085 | Train Loss: 1.2729 | Val Loss: 1.3122 | Val Acc: 0.4286
2025-06-22 04:17:14,236 [INFO] Epoch 086 | Train Loss: 1.2617 | Val Loss: 1.3286 | Val Acc: 0.4107
2025-06-22 04:17:14,245 [INFO] Epoch 087 | Train Loss: 1.2412 | Val Loss: 1.3141 | Val Acc: 0.4464
2025-06-22 04:17:14,254 [INFO] Epoch 088 | Train Loss: 1.2422 | Val Loss: 1.3438 | Val Acc: 0.3929
2025-06-22 04:17:14,265 [INFO] Epoch 089 | Train Loss: 1.2290 | Val Loss: 1.3303 | Val Acc: 0.4107
2025-06-22 04:17:14,279 [INFO] Epoch 090 | Train Loss: 1.2542 | Val Loss: 1.3248 | Val Acc: 0.4286
2025-06-22 04:17:14,928 [INFO] Epoch 091 | Train Loss: 1.2305 | Val Loss: 1.3345 | Val Acc: 0.4107
2025-06-22 04:17:14,941 [INFO] Epoch 092 | Train Loss: 1.2316 | Val Loss: 1.3336 | Val Acc: 0.4286
2025-06-22 04:17:14,955 [INFO] Epoch 093 | Train Loss: 1.2106 | Val Loss: 1.3364 | Val Acc: 0.4107
2025-06-22 04:17:14,965 [INFO] Epoch 094 | Train Loss: 1.2640 | Val Loss: 1.3331 | Val Acc: 0.3929
2025-06-22 04:17:14,974 [INFO] Epoch 095 | Train Loss: 1.1736 | Val Loss: 1.3203 | Val Acc: 0.3750
2025-06-22 04:17:14,983 [INFO] Epoch 096 | Train Loss: 1.2563 | Val Loss: 1.3098 | Val Acc: 0.4286
2025-06-22 04:17:14,995 [INFO] Epoch 097 | Train Loss: 1.2039 | Val Loss: 1.3331 | Val Acc: 0.4107
2025-06-22 04:17:15,011 [INFO] Epoch 098 | Train Loss: 1.2459 | Val Loss: 1.3185 | Val Acc: 0.4286
2025-06-22 04:17:15,020 [INFO] Epoch 099 | Train Loss: 1.2660 | Val Loss: 1.3286 | Val Acc: 0.4107
2025-06-22 04:17:15,030 [INFO] Epoch 100 | Train Loss: 1.1149 | Val Loss: 1.3102 | Val Acc: 0.4107
2025-06-22 04:17:15,885 [INFO] Best model saved to <built-in function time>/ENZYMES/best/best_source_gin.pth (Val Acc: 0.4643 at epoch 26)
2025-06-22 04:17:15,886 [INFO] Training/validation metrics saved to <built-in function time>/ENZYMES/GIN_0.001/train_metrics.csv
2025-06-22 04:17:16,483 [INFO] Final training curves saved
2025-06-22 04:17:16,484 [INFO] Training completed!
2025-06-22 04:17:16,484 [INFO] Best validation accuracy: 0.4643
2025-06-22 04:17:16,484 [INFO] Best epoch: 26
2025-06-22 04:17:16,484 [INFO] Total epochs trained: 100
2025-06-22 04:17:16,484 [INFO] Starting training with parameters: (0.001, 0.3, 64, 1, 100, 0.001)
