2025-06-22 12:15:28,442 [INFO] Using device: cpu
2025-06-22 12:15:28,442 [INFO] 开始创建数据加载器...
2025-06-22 12:15:28,445 [INFO] Successfully loaded dataset ENZYMES from ./data, total graphs: 600
2025-06-22 12:15:28,445 [INFO] Class allocation analysis:
2025-06-22 12:15:28,445 [INFO]   Source classes: [0, 1, 2, 3]
2025-06-22 12:15:28,445 [INFO]   Target classes: [0, 1, 2, 3, 4, 5]
2025-06-22 12:15:28,445 [INFO]   Overlap classes (to be split): [0, 1, 2, 3]
2025-06-22 12:15:28,445 [INFO]   Target novel classes (unknown): [4, 5]
2025-06-22 12:15:28,458 [INFO]   Class 0: 100 total -> Source: 70, Target: 30
2025-06-22 12:15:28,459 [INFO]   Class 1: 100 total -> Source: 70, Target: 30
2025-06-22 12:15:28,459 [INFO]   Class 2: 100 total -> Source: 70, Target: 30
2025-06-22 12:15:28,459 [INFO]   Class 3: 100 total -> Source: 70, Target: 30
2025-06-22 12:15:28,459 [INFO]   Class 4 (novel/unknown): 100 samples -> Target
2025-06-22 12:15:28,459 [INFO]   Class 5 (novel/unknown): 100 samples -> Target
2025-06-22 12:15:28,459 [INFO] Final allocation:
2025-06-22 12:15:28,459 [INFO]   Source domain: 280 samples
2025-06-22 12:15:28,459 [INFO]   Target domain: 320 samples
2025-06-22 12:15:28,460 [INFO] Source domain setup:
2025-06-22 12:15:28,460 [INFO]   Original classes: [0, 1, 2, 3]
2025-06-22 12:15:28,460 [INFO]   Overlap classes used: [0, 1, 2, 3]
2025-06-22 12:15:28,460 [INFO]   Label mapping: {0: 0, 1: 1, 2: 2, 3: 3}
2025-06-22 12:15:28,460 [INFO]   Total data after allocation: 280
2025-06-22 12:15:28,460 [INFO]   Data split - Train: 224, Val: 56
2025-06-22 12:15:28,460 [INFO]   Train label distribution: {0: 56, 1: 56, 3: 56, 2: 56}
2025-06-22 12:15:28,460 [INFO]   Val label distribution: {1: 14, 2: 14, 0: 14, 3: 14}
2025-06-22 12:15:28,462 [INFO] Successfully loaded dataset ENZYMES from ./data, total graphs: 600
2025-06-22 12:15:28,462 [INFO] Class allocation analysis:
2025-06-22 12:15:28,462 [INFO]   Source classes: [0, 1, 2, 3]
2025-06-22 12:15:28,462 [INFO]   Target classes: [0, 1, 2, 3, 4, 5]
2025-06-22 12:15:28,462 [INFO]   Overlap classes (to be split): [0, 1, 2, 3]
2025-06-22 12:15:28,462 [INFO]   Target novel classes (unknown): [4, 5]
2025-06-22 12:15:28,475 [INFO]   Class 0: 100 total -> Source: 70, Target: 30
2025-06-22 12:15:28,475 [INFO]   Class 1: 100 total -> Source: 70, Target: 30
2025-06-22 12:15:28,475 [INFO]   Class 2: 100 total -> Source: 70, Target: 30
2025-06-22 12:15:28,475 [INFO]   Class 3: 100 total -> Source: 70, Target: 30
2025-06-22 12:15:28,475 [INFO]   Class 4 (novel/unknown): 100 samples -> Target
2025-06-22 12:15:28,475 [INFO]   Class 5 (novel/unknown): 100 samples -> Target
2025-06-22 12:15:28,475 [INFO] Final allocation:
2025-06-22 12:15:28,475 [INFO]   Source domain: 280 samples
2025-06-22 12:15:28,475 [INFO]   Target domain: 320 samples
2025-06-22 12:15:28,477 [INFO] Target domain setup:
2025-06-22 12:15:28,477 [INFO]   Original classes: [0, 1, 2, 3, 4, 5]
2025-06-22 12:15:28,477 [INFO]   Overlap classes: [0, 1, 2, 3]
2025-06-22 12:15:28,477 [INFO]   Novel classes: [4, 5] -> mapped to unknown label 4
2025-06-22 12:15:28,477 [INFO]   Label mapping: {0: 0, 1: 1, 2: 2, 3: 3, 4: 4, 5: 4}
2025-06-22 12:15:28,477 [INFO]   Total data after allocation: 320
2025-06-22 12:15:28,477 [INFO]   Data split - Train: 256, Val: 64
2025-06-22 12:15:28,477 [INFO]   Total count: 320 (known: 120, unknown: 200)
2025-06-22 12:15:28,477 [INFO]   Total label distribution: {4: 200, 3: 30, 0: 30, 1: 30, 2: 30}
2025-06-22 12:15:28,477 [INFO]   Train label distribution: {4: 160, 0: 24, 2: 24, 3: 24, 1: 24}
2025-06-22 12:15:28,477 [INFO]   Val label distribution: {1: 6, 4: 40, 3: 6, 0: 6, 2: 6}
2025-06-22 12:15:28,477 [INFO] 数据加载器创建完成!
2025-06-22 12:15:28,477 [INFO] 源域类别数: 4 (重叠类别)
2025-06-22 12:15:28,477 [INFO] 目标域类别数: 5 (4个重叠类别 + 1个未知类别)
2025-06-22 12:15:28,477 [INFO] 重叠类别: [0, 1, 2, 3]
2025-06-22 12:15:28,477 [INFO] 目标域新类别: [4, 5]
2025-06-22 12:15:28,477 [INFO] Data allocation verification:
2025-06-22 12:15:28,477 [INFO]   Source data samples: 280
2025-06-22 12:15:28,477 [INFO]   Target data samples: 320
2025-06-22 12:15:28,477 [INFO]   Overlapping samples: 0
2025-06-22 12:15:28,478 [INFO]   ✓ Data allocation is correct - no overlapping samples
2025-06-22 12:15:28,480 [INFO] Model initialized with 10404 parameters
2025-06-22 12:15:28,480 [INFO] Previous best validation accuracy read from record.txt: 0.6250
2025-06-22 12:15:28,480 [INFO] Starting training...
2025-06-22 12:15:28,522 [INFO] Epoch 001 | Train Loss: 5.9284 | Val Loss: 1.4295 | Val Acc: 0.3393
2025-06-22 12:15:29,340 [INFO] New best model at epoch 1 (Val Acc: 0.3393)
2025-06-22 12:15:29,373 [INFO] Epoch 002 | Train Loss: 2.9522 | Val Loss: 1.5360 | Val Acc: 0.2857
2025-06-22 12:15:29,421 [INFO] Epoch 003 | Train Loss: 2.1688 | Val Loss: 1.7378 | Val Acc: 0.3036
2025-06-22 12:15:29,457 [INFO] Epoch 004 | Train Loss: 1.8676 | Val Loss: 1.5059 | Val Acc: 0.3571
2025-06-22 12:15:29,462 [INFO] New best model at epoch 4 (Val Acc: 0.3571)
2025-06-22 12:15:29,488 [INFO] Epoch 005 | Train Loss: 2.2259 | Val Loss: 1.8788 | Val Acc: 0.2500
2025-06-22 12:15:29,516 [INFO] Epoch 006 | Train Loss: 1.9253 | Val Loss: 2.5601 | Val Acc: 0.3750
2025-06-22 12:15:29,521 [INFO] New best model at epoch 6 (Val Acc: 0.3750)
2025-06-22 12:15:29,548 [INFO] Epoch 007 | Train Loss: 1.6208 | Val Loss: 2.2280 | Val Acc: 0.3929
2025-06-22 12:15:29,553 [INFO] New best model at epoch 7 (Val Acc: 0.3929)
2025-06-22 12:15:29,579 [INFO] Epoch 008 | Train Loss: 1.5826 | Val Loss: 2.2673 | Val Acc: 0.2857
2025-06-22 12:15:29,609 [INFO] Epoch 009 | Train Loss: 1.6420 | Val Loss: 2.8270 | Val Acc: 0.3393
2025-06-22 12:15:29,645 [INFO] Epoch 010 | Train Loss: 1.6379 | Val Loss: 2.6559 | Val Acc: 0.3214
2025-06-22 12:15:31,138 [INFO] Epoch 011 | Train Loss: 1.4630 | Val Loss: 2.3579 | Val Acc: 0.3929
2025-06-22 12:15:31,176 [INFO] Epoch 012 | Train Loss: 1.5641 | Val Loss: 1.8986 | Val Acc: 0.3036
2025-06-22 12:15:31,216 [INFO] Epoch 013 | Train Loss: 1.4864 | Val Loss: 2.3902 | Val Acc: 0.3750
2025-06-22 12:15:31,246 [INFO] Epoch 014 | Train Loss: 1.4419 | Val Loss: 1.7284 | Val Acc: 0.3036
2025-06-22 12:15:31,273 [INFO] Epoch 015 | Train Loss: 1.4342 | Val Loss: 1.4717 | Val Acc: 0.3571
2025-06-22 12:15:31,303 [INFO] Epoch 016 | Train Loss: 1.3892 | Val Loss: 1.6332 | Val Acc: 0.3036
2025-06-22 12:15:31,340 [INFO] Epoch 017 | Train Loss: 1.2826 | Val Loss: 2.0064 | Val Acc: 0.2500
2025-06-22 12:15:31,373 [INFO] Epoch 018 | Train Loss: 1.2080 | Val Loss: 1.4598 | Val Acc: 0.3393
2025-06-22 12:15:31,405 [INFO] Epoch 019 | Train Loss: 1.2693 | Val Loss: 1.4296 | Val Acc: 0.2679
2025-06-22 12:15:31,434 [INFO] Epoch 020 | Train Loss: 1.2528 | Val Loss: 1.5571 | Val Acc: 0.2857
2025-06-22 12:15:34,678 [INFO] Epoch 021 | Train Loss: 1.1650 | Val Loss: 1.4387 | Val Acc: 0.2857
2025-06-22 12:15:34,746 [INFO] Epoch 022 | Train Loss: 1.1793 | Val Loss: 1.4867 | Val Acc: 0.3036
2025-06-22 12:15:34,775 [INFO] Epoch 023 | Train Loss: 1.1362 | Val Loss: 1.4652 | Val Acc: 0.3571
2025-06-22 12:15:34,807 [INFO] Epoch 024 | Train Loss: 1.2617 | Val Loss: 1.2645 | Val Acc: 0.3393
2025-06-22 12:15:34,841 [INFO] Epoch 025 | Train Loss: 1.1618 | Val Loss: 1.3506 | Val Acc: 0.3393
2025-06-22 12:15:34,871 [INFO] Epoch 026 | Train Loss: 1.1091 | Val Loss: 1.3290 | Val Acc: 0.3393
2025-06-22 12:15:34,900 [INFO] Epoch 027 | Train Loss: 1.1104 | Val Loss: 1.4287 | Val Acc: 0.3929
2025-06-22 12:15:34,931 [INFO] Epoch 028 | Train Loss: 1.1708 | Val Loss: 1.4869 | Val Acc: 0.3750
2025-06-22 12:15:34,959 [INFO] Epoch 029 | Train Loss: 1.2642 | Val Loss: 1.9333 | Val Acc: 0.2500
2025-06-22 12:15:34,987 [INFO] Epoch 030 | Train Loss: 1.2581 | Val Loss: 1.6086 | Val Acc: 0.2857
2025-06-22 12:15:35,876 [INFO] Epoch 031 | Train Loss: 1.0776 | Val Loss: 1.4184 | Val Acc: 0.3929
2025-06-22 12:15:35,918 [INFO] Epoch 032 | Train Loss: 1.1062 | Val Loss: 1.4140 | Val Acc: 0.3214
2025-06-22 12:15:35,969 [INFO] Epoch 033 | Train Loss: 1.1616 | Val Loss: 1.5535 | Val Acc: 0.3393
2025-06-22 12:15:36,000 [INFO] Epoch 034 | Train Loss: 1.1385 | Val Loss: 1.4375 | Val Acc: 0.3750
2025-06-22 12:15:36,030 [INFO] Epoch 035 | Train Loss: 1.0892 | Val Loss: 1.7381 | Val Acc: 0.2857
2025-06-22 12:15:36,059 [INFO] Epoch 036 | Train Loss: 1.1488 | Val Loss: 1.4524 | Val Acc: 0.3571
2025-06-22 12:15:36,088 [INFO] Epoch 037 | Train Loss: 1.0688 | Val Loss: 1.6164 | Val Acc: 0.2857
2025-06-22 12:15:36,118 [INFO] Epoch 038 | Train Loss: 1.2463 | Val Loss: 2.2536 | Val Acc: 0.2857
2025-06-22 12:15:36,146 [INFO] Epoch 039 | Train Loss: 1.1540 | Val Loss: 2.2749 | Val Acc: 0.3929
2025-06-22 12:15:36,175 [INFO] Epoch 040 | Train Loss: 1.1271 | Val Loss: 1.5242 | Val Acc: 0.4286
2025-06-22 12:15:37,093 [INFO] New best model at epoch 40 (Val Acc: 0.4286)
2025-06-22 12:15:37,125 [INFO] Epoch 041 | Train Loss: 1.0766 | Val Loss: 1.5395 | Val Acc: 0.3750
2025-06-22 12:15:37,164 [INFO] Epoch 042 | Train Loss: 1.0928 | Val Loss: 1.5776 | Val Acc: 0.3214
2025-06-22 12:15:37,203 [INFO] Epoch 043 | Train Loss: 1.1366 | Val Loss: 1.5652 | Val Acc: 0.3929
2025-06-22 12:15:37,233 [INFO] Epoch 044 | Train Loss: 1.1887 | Val Loss: 2.0338 | Val Acc: 0.4286
2025-06-22 12:15:37,261 [INFO] Epoch 045 | Train Loss: 1.0599 | Val Loss: 1.6922 | Val Acc: 0.5000
2025-06-22 12:15:37,266 [INFO] New best model at epoch 45 (Val Acc: 0.5000)
2025-06-22 12:15:37,292 [INFO] Epoch 046 | Train Loss: 1.1863 | Val Loss: 1.8160 | Val Acc: 0.4286
2025-06-22 12:15:37,321 [INFO] Epoch 047 | Train Loss: 1.1370 | Val Loss: 2.4034 | Val Acc: 0.3571
2025-06-22 12:15:37,350 [INFO] Epoch 048 | Train Loss: 1.0887 | Val Loss: 1.5256 | Val Acc: 0.3393
2025-06-22 12:15:37,378 [INFO] Epoch 049 | Train Loss: 1.1913 | Val Loss: 1.4392 | Val Acc: 0.3036
2025-06-22 12:15:37,407 [INFO] Epoch 050 | Train Loss: 1.0414 | Val Loss: 1.5275 | Val Acc: 0.4107
2025-06-22 12:15:38,270 [INFO] Epoch 051 | Train Loss: 1.0396 | Val Loss: 1.4844 | Val Acc: 0.3393
2025-06-22 12:15:38,309 [INFO] Epoch 052 | Train Loss: 1.0438 | Val Loss: 1.5676 | Val Acc: 0.3750
2025-06-22 12:15:38,344 [INFO] Epoch 053 | Train Loss: 1.1434 | Val Loss: 2.1190 | Val Acc: 0.3571
2025-06-22 12:15:38,373 [INFO] Epoch 054 | Train Loss: 1.0163 | Val Loss: 1.4529 | Val Acc: 0.4643
2025-06-22 12:15:38,403 [INFO] Epoch 055 | Train Loss: 1.0632 | Val Loss: 1.4675 | Val Acc: 0.3750
2025-06-22 12:15:38,435 [INFO] Epoch 056 | Train Loss: 1.0334 | Val Loss: 1.4971 | Val Acc: 0.4286
2025-06-22 12:15:38,464 [INFO] Epoch 057 | Train Loss: 1.0025 | Val Loss: 1.5035 | Val Acc: 0.4107
2025-06-22 12:15:38,493 [INFO] Epoch 058 | Train Loss: 1.0316 | Val Loss: 1.3761 | Val Acc: 0.3750
2025-06-22 12:15:38,522 [INFO] Epoch 059 | Train Loss: 0.9898 | Val Loss: 1.4681 | Val Acc: 0.3929
2025-06-22 12:15:38,552 [INFO] Epoch 060 | Train Loss: 1.0007 | Val Loss: 1.5096 | Val Acc: 0.4286
2025-06-22 12:15:39,408 [INFO] Epoch 061 | Train Loss: 1.0847 | Val Loss: 1.6018 | Val Acc: 0.4464
2025-06-22 12:15:39,449 [INFO] Epoch 062 | Train Loss: 1.0455 | Val Loss: 1.3617 | Val Acc: 0.4286
2025-06-22 12:15:39,487 [INFO] Epoch 063 | Train Loss: 1.0296 | Val Loss: 1.2294 | Val Acc: 0.3929
2025-06-22 12:15:39,516 [INFO] Epoch 064 | Train Loss: 1.1289 | Val Loss: 1.3251 | Val Acc: 0.4286
2025-06-22 12:15:39,545 [INFO] Epoch 065 | Train Loss: 0.9365 | Val Loss: 1.2505 | Val Acc: 0.4464
2025-06-22 12:15:39,574 [INFO] Epoch 066 | Train Loss: 0.9997 | Val Loss: 1.3432 | Val Acc: 0.5000
2025-06-22 12:15:39,603 [INFO] Epoch 067 | Train Loss: 0.9646 | Val Loss: 1.9240 | Val Acc: 0.4107
2025-06-22 12:15:39,632 [INFO] Epoch 068 | Train Loss: 0.9738 | Val Loss: 1.5122 | Val Acc: 0.3929
2025-06-22 12:15:39,661 [INFO] Epoch 069 | Train Loss: 0.9579 | Val Loss: 1.7206 | Val Acc: 0.3214
2025-06-22 12:15:39,689 [INFO] Epoch 070 | Train Loss: 1.0700 | Val Loss: 1.5617 | Val Acc: 0.4286
2025-06-22 12:15:40,534 [INFO] Epoch 071 | Train Loss: 1.1913 | Val Loss: 1.9929 | Val Acc: 0.3929
2025-06-22 12:15:40,568 [INFO] Epoch 072 | Train Loss: 1.1234 | Val Loss: 1.7765 | Val Acc: 0.4107
2025-06-22 12:15:40,635 [INFO] Epoch 073 | Train Loss: 0.9782 | Val Loss: 1.7298 | Val Acc: 0.3929
2025-06-22 12:15:40,663 [INFO] Epoch 074 | Train Loss: 0.9202 | Val Loss: 1.6026 | Val Acc: 0.4643
2025-06-22 12:15:40,707 [INFO] Epoch 075 | Train Loss: 1.0300 | Val Loss: 1.7801 | Val Acc: 0.4464
2025-06-22 12:15:40,736 [INFO] Epoch 076 | Train Loss: 1.0600 | Val Loss: 1.7629 | Val Acc: 0.5179
2025-06-22 12:15:40,741 [INFO] New best model at epoch 76 (Val Acc: 0.5179)
2025-06-22 12:15:40,766 [INFO] Epoch 077 | Train Loss: 0.9612 | Val Loss: 1.3930 | Val Acc: 0.3750
2025-06-22 12:15:40,795 [INFO] Epoch 078 | Train Loss: 0.8417 | Val Loss: 1.4862 | Val Acc: 0.4286
2025-06-22 12:15:40,825 [INFO] Epoch 079 | Train Loss: 0.8424 | Val Loss: 1.5235 | Val Acc: 0.3571
2025-06-22 12:15:40,854 [INFO] Epoch 080 | Train Loss: 0.8456 | Val Loss: 1.7666 | Val Acc: 0.4286
2025-06-22 12:15:41,740 [INFO] Epoch 081 | Train Loss: 0.8960 | Val Loss: 1.4944 | Val Acc: 0.4643
2025-06-22 12:15:41,784 [INFO] Epoch 082 | Train Loss: 0.8580 | Val Loss: 1.6372 | Val Acc: 0.3571
2025-06-22 12:15:41,822 [INFO] Epoch 083 | Train Loss: 0.8376 | Val Loss: 1.5722 | Val Acc: 0.4107
2025-06-22 12:15:41,856 [INFO] Epoch 084 | Train Loss: 0.9118 | Val Loss: 1.5246 | Val Acc: 0.4464
2025-06-22 12:15:41,885 [INFO] Epoch 085 | Train Loss: 0.9505 | Val Loss: 1.8670 | Val Acc: 0.3571
2025-06-22 12:15:41,913 [INFO] Epoch 086 | Train Loss: 0.9073 | Val Loss: 1.5458 | Val Acc: 0.5000
2025-06-22 12:15:41,943 [INFO] Epoch 087 | Train Loss: 0.8000 | Val Loss: 2.0846 | Val Acc: 0.4821
2025-06-22 12:15:41,984 [INFO] Epoch 088 | Train Loss: 0.9381 | Val Loss: 1.4592 | Val Acc: 0.4464
2025-06-22 12:15:42,019 [INFO] Epoch 089 | Train Loss: 0.8360 | Val Loss: 1.6461 | Val Acc: 0.3750
2025-06-22 12:15:42,054 [INFO] Epoch 090 | Train Loss: 0.8960 | Val Loss: 1.7782 | Val Acc: 0.4643
2025-06-22 12:15:42,887 [INFO] Epoch 091 | Train Loss: 0.7629 | Val Loss: 1.5214 | Val Acc: 0.4286
2025-06-22 12:15:42,925 [INFO] Epoch 092 | Train Loss: 0.9267 | Val Loss: 1.5463 | Val Acc: 0.3750
2025-06-22 12:15:42,964 [INFO] Epoch 093 | Train Loss: 0.9259 | Val Loss: 1.4031 | Val Acc: 0.5179
2025-06-22 12:15:42,995 [INFO] Epoch 094 | Train Loss: 0.9426 | Val Loss: 1.4547 | Val Acc: 0.4821
2025-06-22 12:15:43,025 [INFO] Epoch 095 | Train Loss: 0.8788 | Val Loss: 1.5531 | Val Acc: 0.5000
2025-06-22 12:15:43,060 [INFO] Epoch 096 | Train Loss: 0.8033 | Val Loss: 1.5813 | Val Acc: 0.4643
2025-06-22 12:15:43,093 [INFO] Epoch 097 | Train Loss: 0.7772 | Val Loss: 2.2942 | Val Acc: 0.4107
2025-06-22 12:15:43,123 [INFO] Epoch 098 | Train Loss: 0.7716 | Val Loss: 1.8281 | Val Acc: 0.3750
2025-06-22 12:15:43,152 [INFO] Epoch 099 | Train Loss: 0.8105 | Val Loss: 1.6209 | Val Acc: 0.3571
2025-06-22 12:15:43,181 [INFO] Epoch 100 | Train Loss: 0.7237 | Val Loss: 1.7163 | Val Acc: 0.3571
2025-06-22 12:15:45,835 [INFO] Epoch 101 | Train Loss: 0.8909 | Val Loss: 1.5504 | Val Acc: 0.4643
2025-06-22 12:15:45,884 [INFO] Epoch 102 | Train Loss: 0.8770 | Val Loss: 1.9244 | Val Acc: 0.4643
2025-06-22 12:15:45,916 [INFO] Epoch 103 | Train Loss: 0.8680 | Val Loss: 1.5542 | Val Acc: 0.5000
2025-06-22 12:15:45,945 [INFO] Epoch 104 | Train Loss: 0.8497 | Val Loss: 1.4630 | Val Acc: 0.5357
2025-06-22 12:15:45,950 [INFO] New best model at epoch 104 (Val Acc: 0.5357)
2025-06-22 12:15:45,983 [INFO] Epoch 105 | Train Loss: 0.7436 | Val Loss: 1.8046 | Val Acc: 0.4643
2025-06-22 12:15:46,019 [INFO] Epoch 106 | Train Loss: 0.8344 | Val Loss: 1.7991 | Val Acc: 0.5000
2025-06-22 12:15:46,047 [INFO] Epoch 107 | Train Loss: 0.8394 | Val Loss: 1.8687 | Val Acc: 0.2857
2025-06-22 12:15:46,079 [INFO] Epoch 108 | Train Loss: 0.7930 | Val Loss: 1.9445 | Val Acc: 0.2857
2025-06-22 12:15:46,109 [INFO] Epoch 109 | Train Loss: 0.8151 | Val Loss: 1.9681 | Val Acc: 0.3393
2025-06-22 12:15:46,138 [INFO] Epoch 110 | Train Loss: 0.9634 | Val Loss: 2.0743 | Val Acc: 0.4821
2025-06-22 12:15:47,042 [INFO] Epoch 111 | Train Loss: 0.8712 | Val Loss: 1.8535 | Val Acc: 0.4464
2025-06-22 12:15:47,079 [INFO] Epoch 112 | Train Loss: 0.8942 | Val Loss: 2.0512 | Val Acc: 0.3929
2025-06-22 12:15:47,148 [INFO] Epoch 113 | Train Loss: 0.8102 | Val Loss: 1.7979 | Val Acc: 0.3750
2025-06-22 12:15:47,179 [INFO] Epoch 114 | Train Loss: 0.8199 | Val Loss: 1.7720 | Val Acc: 0.4464
2025-06-22 12:15:47,208 [INFO] Epoch 115 | Train Loss: 0.7757 | Val Loss: 1.6222 | Val Acc: 0.4107
2025-06-22 12:15:47,255 [INFO] Epoch 116 | Train Loss: 0.7638 | Val Loss: 1.5897 | Val Acc: 0.3750
2025-06-22 12:15:47,284 [INFO] Epoch 117 | Train Loss: 0.8035 | Val Loss: 1.7682 | Val Acc: 0.4286
2025-06-22 12:15:47,315 [INFO] Epoch 118 | Train Loss: 0.7009 | Val Loss: 1.5662 | Val Acc: 0.4643
2025-06-22 12:15:47,353 [INFO] Epoch 119 | Train Loss: 0.8094 | Val Loss: 1.6749 | Val Acc: 0.4107
2025-06-22 12:15:47,389 [INFO] Epoch 120 | Train Loss: 0.7021 | Val Loss: 1.8986 | Val Acc: 0.4821
2025-06-22 12:15:48,858 [INFO] Epoch 121 | Train Loss: 0.7498 | Val Loss: 1.9410 | Val Acc: 0.5000
2025-06-22 12:15:48,897 [INFO] Epoch 122 | Train Loss: 0.7979 | Val Loss: 2.2967 | Val Acc: 0.3393
2025-06-22 12:15:48,938 [INFO] Epoch 123 | Train Loss: 0.6562 | Val Loss: 1.8016 | Val Acc: 0.4464
2025-06-22 12:15:48,967 [INFO] Epoch 124 | Train Loss: 0.7506 | Val Loss: 1.8898 | Val Acc: 0.4464
2025-06-22 12:15:48,997 [INFO] Epoch 125 | Train Loss: 0.6683 | Val Loss: 2.2196 | Val Acc: 0.3929
2025-06-22 12:15:49,025 [INFO] Epoch 126 | Train Loss: 0.7076 | Val Loss: 2.1303 | Val Acc: 0.3571
2025-06-22 12:15:49,055 [INFO] Epoch 127 | Train Loss: 0.7390 | Val Loss: 1.6747 | Val Acc: 0.4286
2025-06-22 12:15:49,086 [INFO] Epoch 128 | Train Loss: 0.8357 | Val Loss: 1.5623 | Val Acc: 0.4643
2025-06-22 12:15:49,115 [INFO] Epoch 129 | Train Loss: 0.6393 | Val Loss: 1.4849 | Val Acc: 0.5179
2025-06-22 12:15:49,144 [INFO] Epoch 130 | Train Loss: 0.6528 | Val Loss: 1.7845 | Val Acc: 0.4107
2025-06-22 12:15:50,016 [INFO] Epoch 131 | Train Loss: 0.6520 | Val Loss: 2.0226 | Val Acc: 0.3750
2025-06-22 12:15:50,055 [INFO] Epoch 132 | Train Loss: 0.8311 | Val Loss: 2.1065 | Val Acc: 0.5179
2025-06-22 12:15:50,091 [INFO] Epoch 133 | Train Loss: 0.6580 | Val Loss: 2.1300 | Val Acc: 0.5357
2025-06-22 12:15:50,123 [INFO] Epoch 134 | Train Loss: 0.5840 | Val Loss: 2.0605 | Val Acc: 0.4643
2025-06-22 12:15:50,152 [INFO] Epoch 135 | Train Loss: 0.5313 | Val Loss: 2.0632 | Val Acc: 0.3750
2025-06-22 12:15:50,201 [INFO] Epoch 136 | Train Loss: 0.5268 | Val Loss: 2.3229 | Val Acc: 0.3929
2025-06-22 12:15:50,234 [INFO] Epoch 137 | Train Loss: 0.6147 | Val Loss: 2.1602 | Val Acc: 0.4286
2025-06-22 12:15:50,262 [INFO] Epoch 138 | Train Loss: 0.5391 | Val Loss: 1.9876 | Val Acc: 0.3929
2025-06-22 12:15:50,292 [INFO] Epoch 139 | Train Loss: 0.6242 | Val Loss: 1.9526 | Val Acc: 0.4107
2025-06-22 12:15:50,321 [INFO] Epoch 140 | Train Loss: 0.6365 | Val Loss: 2.8927 | Val Acc: 0.5000
2025-06-22 12:15:51,290 [INFO] Epoch 141 | Train Loss: 0.7089 | Val Loss: 2.5301 | Val Acc: 0.3929
2025-06-22 12:15:51,330 [INFO] Epoch 142 | Train Loss: 0.7502 | Val Loss: 1.8482 | Val Acc: 0.3571
2025-06-22 12:15:51,368 [INFO] Epoch 143 | Train Loss: 0.6922 | Val Loss: 2.4236 | Val Acc: 0.3571
2025-06-22 12:15:51,397 [INFO] Epoch 144 | Train Loss: 0.8215 | Val Loss: 2.4294 | Val Acc: 0.3750
2025-06-22 12:15:51,426 [INFO] Epoch 145 | Train Loss: 0.7588 | Val Loss: 1.9819 | Val Acc: 0.4286
2025-06-22 12:15:51,454 [INFO] Epoch 146 | Train Loss: 0.7420 | Val Loss: 1.8753 | Val Acc: 0.4821
2025-06-22 12:15:51,484 [INFO] Epoch 147 | Train Loss: 0.6925 | Val Loss: 1.9472 | Val Acc: 0.5536
2025-06-22 12:15:51,489 [INFO] New best model at epoch 147 (Val Acc: 0.5536)
2025-06-22 12:15:51,515 [INFO] Epoch 148 | Train Loss: 0.6781 | Val Loss: 1.7699 | Val Acc: 0.5000
2025-06-22 12:15:51,544 [INFO] Epoch 149 | Train Loss: 0.5761 | Val Loss: 1.7636 | Val Acc: 0.5000
2025-06-22 12:15:51,574 [INFO] Epoch 150 | Train Loss: 0.5869 | Val Loss: 1.8918 | Val Acc: 0.3750
2025-06-22 12:15:52,413 [INFO] Epoch 151 | Train Loss: 0.5527 | Val Loss: 2.1542 | Val Acc: 0.3929
2025-06-22 12:15:52,459 [INFO] Epoch 152 | Train Loss: 0.5580 | Val Loss: 2.5930 | Val Acc: 0.4286
2025-06-22 12:15:52,496 [INFO] Epoch 153 | Train Loss: 0.5482 | Val Loss: 2.0665 | Val Acc: 0.4643
2025-06-22 12:15:52,525 [INFO] Epoch 154 | Train Loss: 0.7161 | Val Loss: 2.1953 | Val Acc: 0.3929
2025-06-22 12:15:52,554 [INFO] Epoch 155 | Train Loss: 0.5331 | Val Loss: 2.3664 | Val Acc: 0.3571
2025-06-22 12:15:52,583 [INFO] Epoch 156 | Train Loss: 0.6200 | Val Loss: 2.4496 | Val Acc: 0.3750
2025-06-22 12:15:52,611 [INFO] Epoch 157 | Train Loss: 0.5931 | Val Loss: 2.0602 | Val Acc: 0.5357
2025-06-22 12:15:52,643 [INFO] Epoch 158 | Train Loss: 0.6179 | Val Loss: 2.2026 | Val Acc: 0.4643
2025-06-22 12:15:52,680 [INFO] Epoch 159 | Train Loss: 0.5712 | Val Loss: 1.9880 | Val Acc: 0.4643
2025-06-22 12:15:52,710 [INFO] Epoch 160 | Train Loss: 0.6395 | Val Loss: 1.7850 | Val Acc: 0.4464
2025-06-22 12:15:55,980 [INFO] Epoch 161 | Train Loss: 0.6065 | Val Loss: 1.8626 | Val Acc: 0.5357
2025-06-22 12:15:56,032 [INFO] Epoch 162 | Train Loss: 0.5748 | Val Loss: 1.9859 | Val Acc: 0.3750
2025-06-22 12:15:56,074 [INFO] Epoch 163 | Train Loss: 0.4237 | Val Loss: 2.0261 | Val Acc: 0.4286
2025-06-22 12:15:56,104 [INFO] Epoch 164 | Train Loss: 0.5650 | Val Loss: 2.2723 | Val Acc: 0.4286
2025-06-22 12:15:56,206 [INFO] Epoch 165 | Train Loss: 0.6737 | Val Loss: 1.9195 | Val Acc: 0.4464
2025-06-22 12:15:56,251 [INFO] Epoch 166 | Train Loss: 0.7280 | Val Loss: 2.0953 | Val Acc: 0.4286
2025-06-22 12:15:56,313 [INFO] Epoch 167 | Train Loss: 0.6387 | Val Loss: 1.8973 | Val Acc: 0.5179
2025-06-22 12:15:56,352 [INFO] Epoch 168 | Train Loss: 0.6460 | Val Loss: 2.2025 | Val Acc: 0.4107
2025-06-22 12:15:56,389 [INFO] Epoch 169 | Train Loss: 0.5887 | Val Loss: 1.7801 | Val Acc: 0.3929
2025-06-22 12:15:56,492 [INFO] Epoch 170 | Train Loss: 0.5357 | Val Loss: 1.9032 | Val Acc: 0.4643
2025-06-22 12:15:57,470 [INFO] Epoch 171 | Train Loss: 0.6449 | Val Loss: 2.1275 | Val Acc: 0.4643
2025-06-22 12:15:57,525 [INFO] Epoch 172 | Train Loss: 0.6343 | Val Loss: 1.9666 | Val Acc: 0.4643
2025-06-22 12:15:57,563 [INFO] Epoch 173 | Train Loss: 0.5915 | Val Loss: 1.6729 | Val Acc: 0.5536
2025-06-22 12:15:57,609 [INFO] Epoch 174 | Train Loss: 0.6459 | Val Loss: 2.4745 | Val Acc: 0.3036
2025-06-22 12:15:57,680 [INFO] Epoch 175 | Train Loss: 0.5038 | Val Loss: 2.0139 | Val Acc: 0.4286
2025-06-22 12:15:57,717 [INFO] Epoch 176 | Train Loss: 0.5904 | Val Loss: 3.3264 | Val Acc: 0.4821
2025-06-22 12:15:57,758 [INFO] Epoch 177 | Train Loss: 0.5964 | Val Loss: 2.0940 | Val Acc: 0.5357
2025-06-22 12:15:57,796 [INFO] Epoch 178 | Train Loss: 0.5604 | Val Loss: 1.5852 | Val Acc: 0.5000
2025-06-22 12:15:57,841 [INFO] Epoch 179 | Train Loss: 0.6151 | Val Loss: 2.2196 | Val Acc: 0.4821
2025-06-22 12:15:57,916 [INFO] Epoch 180 | Train Loss: 0.6284 | Val Loss: 2.7126 | Val Acc: 0.5000
2025-06-22 12:15:58,850 [INFO] Epoch 181 | Train Loss: 0.6839 | Val Loss: 2.2625 | Val Acc: 0.5357
2025-06-22 12:15:58,899 [INFO] Epoch 182 | Train Loss: 0.5924 | Val Loss: 2.0384 | Val Acc: 0.5357
2025-06-22 12:15:58,959 [INFO] Epoch 183 | Train Loss: 0.4983 | Val Loss: 2.1301 | Val Acc: 0.4821
2025-06-22 12:15:58,989 [INFO] Epoch 184 | Train Loss: 0.4571 | Val Loss: 2.0743 | Val Acc: 0.4286
2025-06-22 12:15:59,018 [INFO] Epoch 185 | Train Loss: 0.4314 | Val Loss: 2.1384 | Val Acc: 0.4821
2025-06-22 12:15:59,047 [INFO] Epoch 186 | Train Loss: 0.5247 | Val Loss: 2.2966 | Val Acc: 0.4464
2025-06-22 12:15:59,085 [INFO] Epoch 187 | Train Loss: 0.4919 | Val Loss: 2.6582 | Val Acc: 0.3750
2025-06-22 12:15:59,131 [INFO] Epoch 188 | Train Loss: 0.5104 | Val Loss: 2.2749 | Val Acc: 0.3929
2025-06-22 12:15:59,163 [INFO] Epoch 189 | Train Loss: 0.4720 | Val Loss: 2.0745 | Val Acc: 0.4464
2025-06-22 12:15:59,193 [INFO] Epoch 190 | Train Loss: 0.4093 | Val Loss: 2.0738 | Val Acc: 0.4643
2025-06-22 12:16:00,099 [INFO] Epoch 191 | Train Loss: 0.4608 | Val Loss: 2.0411 | Val Acc: 0.4107
2025-06-22 12:16:00,165 [INFO] Epoch 192 | Train Loss: 0.4664 | Val Loss: 2.9174 | Val Acc: 0.3750
2025-06-22 12:16:00,209 [INFO] Epoch 193 | Train Loss: 0.4028 | Val Loss: 2.5677 | Val Acc: 0.4464
2025-06-22 12:16:00,246 [INFO] Epoch 194 | Train Loss: 0.4267 | Val Loss: 2.0846 | Val Acc: 0.4286
2025-06-22 12:16:00,296 [INFO] Epoch 195 | Train Loss: 0.5083 | Val Loss: 1.9482 | Val Acc: 0.3571
2025-06-22 12:16:00,339 [INFO] Epoch 196 | Train Loss: 0.5530 | Val Loss: 2.4742 | Val Acc: 0.3750
2025-06-22 12:16:00,416 [INFO] Epoch 197 | Train Loss: 0.6863 | Val Loss: 2.3014 | Val Acc: 0.3929
2025-06-22 12:16:00,451 [INFO] Epoch 198 | Train Loss: 0.6535 | Val Loss: 2.5355 | Val Acc: 0.5179
2025-06-22 12:16:00,496 [INFO] Epoch 199 | Train Loss: 0.5495 | Val Loss: 2.9327 | Val Acc: 0.4821
2025-06-22 12:16:00,534 [INFO] Epoch 200 | Train Loss: 0.5176 | Val Loss: 1.9701 | Val Acc: 0.5357
2025-06-22 12:16:01,483 [INFO] Epoch 201 | Train Loss: 0.5177 | Val Loss: 2.0475 | Val Acc: 0.4643
2025-06-22 12:16:01,565 [INFO] Epoch 202 | Train Loss: 0.5542 | Val Loss: 1.8840 | Val Acc: 0.4286
2025-06-22 12:16:01,615 [INFO] Epoch 203 | Train Loss: 0.5070 | Val Loss: 2.1792 | Val Acc: 0.4286
2025-06-22 12:16:01,654 [INFO] Epoch 204 | Train Loss: 0.4527 | Val Loss: 2.0807 | Val Acc: 0.5179
2025-06-22 12:16:01,703 [INFO] Epoch 205 | Train Loss: 0.4871 | Val Loss: 2.4448 | Val Acc: 0.4643
2025-06-22 12:16:01,787 [INFO] Epoch 206 | Train Loss: 0.4048 | Val Loss: 2.2050 | Val Acc: 0.4643
2025-06-22 12:16:01,832 [INFO] Epoch 207 | Train Loss: 0.4301 | Val Loss: 2.0769 | Val Acc: 0.5357
2025-06-22 12:16:01,889 [INFO] Epoch 208 | Train Loss: 0.3628 | Val Loss: 2.3200 | Val Acc: 0.5357
2025-06-22 12:16:01,924 [INFO] Epoch 209 | Train Loss: 0.3645 | Val Loss: 2.2091 | Val Acc: 0.4643
2025-06-22 12:16:01,963 [INFO] Epoch 210 | Train Loss: 0.4040 | Val Loss: 2.4072 | Val Acc: 0.4107
2025-06-22 12:16:03,241 [INFO] Epoch 211 | Train Loss: 0.5135 | Val Loss: 2.3429 | Val Acc: 0.4821
2025-06-22 12:16:03,291 [INFO] Epoch 212 | Train Loss: 0.5280 | Val Loss: 2.4432 | Val Acc: 0.4643
2025-06-22 12:16:03,344 [INFO] Epoch 213 | Train Loss: 0.5528 | Val Loss: 2.3843 | Val Acc: 0.4464
2025-06-22 12:16:03,383 [INFO] Epoch 214 | Train Loss: 0.6177 | Val Loss: 2.4751 | Val Acc: 0.4107
2025-06-22 12:16:03,419 [INFO] Epoch 215 | Train Loss: 0.5757 | Val Loss: 2.3657 | Val Acc: 0.4464
2025-06-22 12:16:03,450 [INFO] Epoch 216 | Train Loss: 0.6144 | Val Loss: 2.4423 | Val Acc: 0.4107
2025-06-22 12:16:03,479 [INFO] Epoch 217 | Train Loss: 0.9487 | Val Loss: 1.6397 | Val Acc: 0.5000
2025-06-22 12:16:03,509 [INFO] Epoch 218 | Train Loss: 0.6171 | Val Loss: 1.8351 | Val Acc: 0.5000
2025-06-22 12:16:03,539 [INFO] Epoch 219 | Train Loss: 0.8470 | Val Loss: 2.3252 | Val Acc: 0.3214
2025-06-22 12:16:03,568 [INFO] Epoch 220 | Train Loss: 0.6275 | Val Loss: 2.1864 | Val Acc: 0.3750
2025-06-22 12:16:04,395 [INFO] Epoch 221 | Train Loss: 0.6804 | Val Loss: 2.1985 | Val Acc: 0.4107
2025-06-22 12:16:04,438 [INFO] Epoch 222 | Train Loss: 0.5511 | Val Loss: 1.8323 | Val Acc: 0.4821
2025-06-22 12:16:04,478 [INFO] Epoch 223 | Train Loss: 0.4780 | Val Loss: 2.0147 | Val Acc: 0.4464
2025-06-22 12:16:04,510 [INFO] Epoch 224 | Train Loss: 0.5499 | Val Loss: 2.2016 | Val Acc: 0.4643
2025-06-22 12:16:04,539 [INFO] Epoch 225 | Train Loss: 0.4823 | Val Loss: 2.1781 | Val Acc: 0.3929
2025-06-22 12:16:04,567 [INFO] Epoch 226 | Train Loss: 0.4160 | Val Loss: 2.1675 | Val Acc: 0.4821
2025-06-22 12:16:04,596 [INFO] Epoch 227 | Train Loss: 0.3786 | Val Loss: 2.1445 | Val Acc: 0.4464
2025-06-22 12:16:04,625 [INFO] Epoch 228 | Train Loss: 0.4784 | Val Loss: 2.3381 | Val Acc: 0.4464
2025-06-22 12:16:04,655 [INFO] Epoch 229 | Train Loss: 0.4439 | Val Loss: 2.3810 | Val Acc: 0.3929
2025-06-22 12:16:04,684 [INFO] Epoch 230 | Train Loss: 0.7162 | Val Loss: 2.2664 | Val Acc: 0.4107
2025-06-22 12:16:05,947 [INFO] Epoch 231 | Train Loss: 0.4937 | Val Loss: 2.5272 | Val Acc: 0.4464
2025-06-22 12:16:05,983 [INFO] Epoch 232 | Train Loss: 0.5253 | Val Loss: 1.9978 | Val Acc: 0.4286
2025-06-22 12:16:06,027 [INFO] Epoch 233 | Train Loss: 0.6332 | Val Loss: 1.8205 | Val Acc: 0.4286
2025-06-22 12:16:06,060 [INFO] Epoch 234 | Train Loss: 0.4192 | Val Loss: 1.9823 | Val Acc: 0.4286
2025-06-22 12:16:06,089 [INFO] Epoch 235 | Train Loss: 0.4133 | Val Loss: 2.0891 | Val Acc: 0.4286
2025-06-22 12:16:06,118 [INFO] Epoch 236 | Train Loss: 0.6155 | Val Loss: 3.0016 | Val Acc: 0.3571
2025-06-22 12:16:06,147 [INFO] Epoch 237 | Train Loss: 0.4753 | Val Loss: 2.8555 | Val Acc: 0.3929
2025-06-22 12:16:06,182 [INFO] Epoch 238 | Train Loss: 0.4877 | Val Loss: 2.8643 | Val Acc: 0.3929
2025-06-22 12:16:06,212 [INFO] Epoch 239 | Train Loss: 0.5404 | Val Loss: 2.7388 | Val Acc: 0.4643
2025-06-22 12:16:06,240 [INFO] Epoch 240 | Train Loss: 0.4324 | Val Loss: 2.4464 | Val Acc: 0.4286
2025-06-22 12:16:07,239 [INFO] Epoch 241 | Train Loss: 0.3900 | Val Loss: 1.9974 | Val Acc: 0.4821
2025-06-22 12:16:07,268 [INFO] Epoch 242 | Train Loss: 0.3162 | Val Loss: 2.4232 | Val Acc: 0.4464
2025-06-22 12:16:07,300 [INFO] Epoch 243 | Train Loss: 0.4426 | Val Loss: 2.2494 | Val Acc: 0.5000
2025-06-22 12:16:07,331 [INFO] Epoch 244 | Train Loss: 0.3808 | Val Loss: 2.7162 | Val Acc: 0.3750
2025-06-22 12:16:07,361 [INFO] Epoch 245 | Train Loss: 0.4147 | Val Loss: 2.7882 | Val Acc: 0.4286
2025-06-22 12:16:07,390 [INFO] Epoch 246 | Train Loss: 0.3612 | Val Loss: 3.3919 | Val Acc: 0.4643
2025-06-22 12:16:07,420 [INFO] Epoch 247 | Train Loss: 0.4015 | Val Loss: 3.0895 | Val Acc: 0.4107
2025-06-22 12:16:07,448 [INFO] Epoch 248 | Train Loss: 0.3596 | Val Loss: 2.5943 | Val Acc: 0.4643
2025-06-22 12:16:07,478 [INFO] Epoch 249 | Train Loss: 0.3693 | Val Loss: 2.6333 | Val Acc: 0.4107
2025-06-22 12:16:07,506 [INFO] Epoch 250 | Train Loss: 0.3509 | Val Loss: 2.8104 | Val Acc: 0.4643
2025-06-22 12:16:08,358 [INFO] Epoch 251 | Train Loss: 0.4479 | Val Loss: 3.4304 | Val Acc: 0.3571
2025-06-22 12:16:08,408 [INFO] Epoch 252 | Train Loss: 0.4834 | Val Loss: 2.3206 | Val Acc: 0.4286
2025-06-22 12:16:08,450 [INFO] Epoch 253 | Train Loss: 0.4800 | Val Loss: 2.1822 | Val Acc: 0.5000
2025-06-22 12:16:08,479 [INFO] Epoch 254 | Train Loss: 0.3224 | Val Loss: 2.7607 | Val Acc: 0.4821
2025-06-22 12:16:08,507 [INFO] Epoch 255 | Train Loss: 0.3358 | Val Loss: 2.8653 | Val Acc: 0.4464
2025-06-22 12:16:08,536 [INFO] Epoch 256 | Train Loss: 0.4101 | Val Loss: 2.5560 | Val Acc: 0.3929
2025-06-22 12:16:08,565 [INFO] Epoch 257 | Train Loss: 0.4447 | Val Loss: 2.1880 | Val Acc: 0.4464
2025-06-22 12:16:08,595 [INFO] Epoch 258 | Train Loss: 0.3953 | Val Loss: 2.5762 | Val Acc: 0.4643
2025-06-22 12:16:08,625 [INFO] Epoch 259 | Train Loss: 0.4166 | Val Loss: 3.5197 | Val Acc: 0.3750
2025-06-22 12:16:08,656 [INFO] Epoch 260 | Train Loss: 0.4595 | Val Loss: 3.0669 | Val Acc: 0.3929
2025-06-22 12:16:09,537 [INFO] Epoch 261 | Train Loss: 0.4407 | Val Loss: 2.7648 | Val Acc: 0.3929
2025-06-22 12:16:09,575 [INFO] Epoch 262 | Train Loss: 0.5916 | Val Loss: 2.2175 | Val Acc: 0.4286
2025-06-22 12:16:09,618 [INFO] Epoch 263 | Train Loss: 0.4055 | Val Loss: 2.7986 | Val Acc: 0.4286
2025-06-22 12:16:09,647 [INFO] Epoch 264 | Train Loss: 0.4321 | Val Loss: 2.6851 | Val Acc: 0.3571
2025-06-22 12:16:09,676 [INFO] Epoch 265 | Train Loss: 0.4235 | Val Loss: 2.4281 | Val Acc: 0.3929
2025-06-22 12:16:09,704 [INFO] Epoch 266 | Train Loss: 0.4891 | Val Loss: 2.2906 | Val Acc: 0.4286
2025-06-22 12:16:09,745 [INFO] Epoch 267 | Train Loss: 0.3722 | Val Loss: 2.4684 | Val Acc: 0.4286
2025-06-22 12:16:09,776 [INFO] Epoch 268 | Train Loss: 0.4231 | Val Loss: 2.3177 | Val Acc: 0.4821
2025-06-22 12:16:09,821 [INFO] Epoch 269 | Train Loss: 0.5017 | Val Loss: 3.1633 | Val Acc: 0.4286
2025-06-22 12:16:09,856 [INFO] Epoch 270 | Train Loss: 0.6453 | Val Loss: 3.1479 | Val Acc: 0.4286
2025-06-22 12:16:10,835 [INFO] Epoch 271 | Train Loss: 0.5164 | Val Loss: 2.8393 | Val Acc: 0.4107
2025-06-22 12:16:10,880 [INFO] Epoch 272 | Train Loss: 0.6051 | Val Loss: 2.6899 | Val Acc: 0.3750
2025-06-22 12:16:10,913 [INFO] Epoch 273 | Train Loss: 0.5034 | Val Loss: 2.4283 | Val Acc: 0.4464
2025-06-22 12:16:10,942 [INFO] Epoch 274 | Train Loss: 0.3859 | Val Loss: 2.1414 | Val Acc: 0.3929
2025-06-22 12:16:10,971 [INFO] Epoch 275 | Train Loss: 0.4070 | Val Loss: 2.1780 | Val Acc: 0.4286
2025-06-22 12:16:11,000 [INFO] Epoch 276 | Train Loss: 0.2399 | Val Loss: 2.3082 | Val Acc: 0.4107
2025-06-22 12:16:11,028 [INFO] Epoch 277 | Train Loss: 0.2713 | Val Loss: 2.4248 | Val Acc: 0.4464
2025-06-22 12:16:11,059 [INFO] Epoch 278 | Train Loss: 0.2447 | Val Loss: 2.2566 | Val Acc: 0.4286
2025-06-22 12:16:11,088 [INFO] Epoch 279 | Train Loss: 0.2714 | Val Loss: 2.7022 | Val Acc: 0.5000
2025-06-22 12:16:11,118 [INFO] Epoch 280 | Train Loss: 0.2361 | Val Loss: 2.8184 | Val Acc: 0.4643
2025-06-22 12:16:13,218 [INFO] Epoch 281 | Train Loss: 0.2333 | Val Loss: 3.2381 | Val Acc: 0.4464
2025-06-22 12:16:13,270 [INFO] Epoch 282 | Train Loss: 0.1769 | Val Loss: 3.0764 | Val Acc: 0.4464
2025-06-22 12:16:13,304 [INFO] Epoch 283 | Train Loss: 0.3637 | Val Loss: 3.5543 | Val Acc: 0.4821
2025-06-22 12:16:13,340 [INFO] Epoch 284 | Train Loss: 0.3172 | Val Loss: 3.9378 | Val Acc: 0.3929
2025-06-22 12:16:13,370 [INFO] Epoch 285 | Train Loss: 0.3656 | Val Loss: 2.8790 | Val Acc: 0.4821
2025-06-22 12:16:13,398 [INFO] Epoch 286 | Train Loss: 0.4063 | Val Loss: 2.5698 | Val Acc: 0.5000
2025-06-22 12:16:13,428 [INFO] Epoch 287 | Train Loss: 0.4401 | Val Loss: 3.3212 | Val Acc: 0.4464
2025-06-22 12:16:13,457 [INFO] Epoch 288 | Train Loss: 0.4384 | Val Loss: 3.3657 | Val Acc: 0.3750
2025-06-22 12:16:13,486 [INFO] Epoch 289 | Train Loss: 0.3863 | Val Loss: 2.5760 | Val Acc: 0.4643
2025-06-22 12:16:13,519 [INFO] Epoch 290 | Train Loss: 0.3781 | Val Loss: 3.4315 | Val Acc: 0.4107
2025-06-22 12:16:14,457 [INFO] Epoch 291 | Train Loss: 0.3873 | Val Loss: 2.7197 | Val Acc: 0.4286
2025-06-22 12:16:14,496 [INFO] Epoch 292 | Train Loss: 0.5485 | Val Loss: 2.7394 | Val Acc: 0.4286
2025-06-22 12:16:14,541 [INFO] Epoch 293 | Train Loss: 0.3920 | Val Loss: 3.8735 | Val Acc: 0.3214
2025-06-22 12:16:14,590 [INFO] Epoch 294 | Train Loss: 0.4966 | Val Loss: 3.0812 | Val Acc: 0.4643
2025-06-22 12:16:14,619 [INFO] Epoch 295 | Train Loss: 0.3762 | Val Loss: 2.6291 | Val Acc: 0.5000
2025-06-22 12:16:14,648 [INFO] Epoch 296 | Train Loss: 0.3849 | Val Loss: 2.6326 | Val Acc: 0.5000
2025-06-22 12:16:14,676 [INFO] Epoch 297 | Train Loss: 0.5647 | Val Loss: 2.8375 | Val Acc: 0.3929
2025-06-22 12:16:14,679 [INFO] Early stopping at epoch 297 (no improvement in 150 epochs).
2025-06-22 12:16:14,682 [INFO] Best model saved to <built-in function time>/ENZYMES/best/best_source_gin.pth (Val Acc: 0.5536 at epoch 147)
2025-06-22 12:16:14,683 [INFO] Training/validation metrics saved to <built-in function time>/ENZYMES/GIN_0.01/train_metrics.csv
2025-06-22 12:16:15,545 [INFO] Final training curves saved
2025-06-22 12:16:15,545 [INFO] Training completed!
2025-06-22 12:16:15,545 [INFO] Best validation accuracy: 0.5536
2025-06-22 12:16:15,545 [INFO] Best epoch: 147
2025-06-22 12:16:15,545 [INFO] Total epochs trained: 297
2025-06-22 12:16:15,546 [INFO] Starting training with parameters: (0.01, 0.0, 64, 1, 50, 0.0)
