2025-06-22 11:50:31,232 [INFO] Using device: cpu
2025-06-22 11:50:31,233 [INFO] 开始创建数据加载器...
2025-06-22 11:50:31,236 [INFO] Successfully loaded dataset ENZYMES from ./data, total graphs: 600
2025-06-22 11:50:31,236 [INFO] Class allocation analysis:
2025-06-22 11:50:31,236 [INFO]   Source classes: [0, 1, 2, 3]
2025-06-22 11:50:31,236 [INFO]   Target classes: [0, 1, 2, 3, 4, 5]
2025-06-22 11:50:31,236 [INFO]   Overlap classes (to be split): [0, 1, 2, 3]
2025-06-22 11:50:31,236 [INFO]   Target novel classes (unknown): [4, 5]
2025-06-22 11:50:31,249 [INFO]   Class 0: 100 total -> Source: 70, Target: 30
2025-06-22 11:50:31,250 [INFO]   Class 1: 100 total -> Source: 70, Target: 30
2025-06-22 11:50:31,250 [INFO]   Class 2: 100 total -> Source: 70, Target: 30
2025-06-22 11:50:31,250 [INFO]   Class 3: 100 total -> Source: 70, Target: 30
2025-06-22 11:50:31,250 [INFO]   Class 4 (novel/unknown): 100 samples -> Target
2025-06-22 11:50:31,250 [INFO]   Class 5 (novel/unknown): 100 samples -> Target
2025-06-22 11:50:31,250 [INFO] Final allocation:
2025-06-22 11:50:31,250 [INFO]   Source domain: 280 samples
2025-06-22 11:50:31,250 [INFO]   Target domain: 320 samples
2025-06-22 11:50:31,251 [INFO] Source domain setup:
2025-06-22 11:50:31,251 [INFO]   Original classes: [0, 1, 2, 3]
2025-06-22 11:50:31,251 [INFO]   Overlap classes used: [0, 1, 2, 3]
2025-06-22 11:50:31,251 [INFO]   Label mapping: {0: 0, 1: 1, 2: 2, 3: 3}
2025-06-22 11:50:31,251 [INFO]   Total data after allocation: 280
2025-06-22 11:50:31,251 [INFO]   Data split - Train: 224, Val: 56
2025-06-22 11:50:31,251 [INFO]   Train label distribution: {0: 56, 1: 56, 3: 56, 2: 56}
2025-06-22 11:50:31,251 [INFO]   Val label distribution: {1: 14, 2: 14, 0: 14, 3: 14}
2025-06-22 11:50:31,253 [INFO] Successfully loaded dataset ENZYMES from ./data, total graphs: 600
2025-06-22 11:50:31,253 [INFO] Class allocation analysis:
2025-06-22 11:50:31,253 [INFO]   Source classes: [0, 1, 2, 3]
2025-06-22 11:50:31,253 [INFO]   Target classes: [0, 1, 2, 3, 4, 5]
2025-06-22 11:50:31,253 [INFO]   Overlap classes (to be split): [0, 1, 2, 3]
2025-06-22 11:50:31,253 [INFO]   Target novel classes (unknown): [4, 5]
2025-06-22 11:50:31,266 [INFO]   Class 0: 100 total -> Source: 70, Target: 30
2025-06-22 11:50:31,266 [INFO]   Class 1: 100 total -> Source: 70, Target: 30
2025-06-22 11:50:31,266 [INFO]   Class 2: 100 total -> Source: 70, Target: 30
2025-06-22 11:50:31,266 [INFO]   Class 3: 100 total -> Source: 70, Target: 30
2025-06-22 11:50:31,266 [INFO]   Class 4 (novel/unknown): 100 samples -> Target
2025-06-22 11:50:31,266 [INFO]   Class 5 (novel/unknown): 100 samples -> Target
2025-06-22 11:50:31,267 [INFO] Final allocation:
2025-06-22 11:50:31,267 [INFO]   Source domain: 280 samples
2025-06-22 11:50:31,267 [INFO]   Target domain: 320 samples
2025-06-22 11:50:31,268 [INFO] Target domain setup:
2025-06-22 11:50:31,268 [INFO]   Original classes: [0, 1, 2, 3, 4, 5]
2025-06-22 11:50:31,268 [INFO]   Overlap classes: [0, 1, 2, 3]
2025-06-22 11:50:31,268 [INFO]   Novel classes: [4, 5] -> mapped to unknown label 4
2025-06-22 11:50:31,268 [INFO]   Label mapping: {0: 0, 1: 1, 2: 2, 3: 3, 4: 4, 5: 4}
2025-06-22 11:50:31,268 [INFO]   Total data after allocation: 320
2025-06-22 11:50:31,268 [INFO]   Data split - Train: 256, Val: 64
2025-06-22 11:50:31,268 [INFO]   Total count: 320 (known: 120, unknown: 200)
2025-06-22 11:50:31,268 [INFO]   Total label distribution: {4: 200, 3: 30, 0: 30, 1: 30, 2: 30}
2025-06-22 11:50:31,268 [INFO]   Train label distribution: {4: 160, 0: 24, 2: 24, 3: 24, 1: 24}
2025-06-22 11:50:31,268 [INFO]   Val label distribution: {1: 6, 4: 40, 3: 6, 0: 6, 2: 6}
2025-06-22 11:50:31,269 [INFO] 数据加载器创建完成!
2025-06-22 11:50:31,269 [INFO] 源域类别数: 4 (重叠类别)
2025-06-22 11:50:31,269 [INFO] 目标域类别数: 5 (4个重叠类别 + 1个未知类别)
2025-06-22 11:50:31,269 [INFO] 重叠类别: [0, 1, 2, 3]
2025-06-22 11:50:31,269 [INFO] 目标域新类别: [4, 5]
2025-06-22 11:50:31,269 [INFO] Data allocation verification:
2025-06-22 11:50:31,269 [INFO]   Source data samples: 280
2025-06-22 11:50:31,269 [INFO]   Target data samples: 320
2025-06-22 11:50:31,269 [INFO]   Overlapping samples: 0
2025-06-22 11:50:31,269 [INFO]   ✓ Data allocation is correct - no overlapping samples
2025-06-22 11:50:31,270 [INFO] Model initialized with 3684 parameters
2025-06-22 11:50:31,270 [INFO] Previous best validation accuracy read from record.txt: 0.6250
2025-06-22 11:50:31,271 [INFO] Starting training...
2025-06-22 11:50:31,287 [INFO] Epoch 001 | Train Loss: 6.3726 | Val Loss: 3.2667 | Val Acc: 0.2500
2025-06-22 11:50:32,089 [INFO] New best model at epoch 1 (Val Acc: 0.2500)
2025-06-22 11:50:32,118 [INFO] Epoch 002 | Train Loss: 3.1393 | Val Loss: 2.6954 | Val Acc: 0.2500
2025-06-22 11:50:32,146 [INFO] Epoch 003 | Train Loss: 2.0712 | Val Loss: 2.2518 | Val Acc: 0.3571
2025-06-22 11:50:32,148 [INFO] New best model at epoch 3 (Val Acc: 0.3571)
2025-06-22 11:50:32,170 [INFO] Epoch 004 | Train Loss: 1.7166 | Val Loss: 1.9282 | Val Acc: 0.4107
2025-06-22 11:50:32,172 [INFO] New best model at epoch 4 (Val Acc: 0.4107)
2025-06-22 11:50:32,193 [INFO] Epoch 005 | Train Loss: 1.5105 | Val Loss: 1.8539 | Val Acc: 0.3750
2025-06-22 11:50:32,213 [INFO] Epoch 006 | Train Loss: 1.6268 | Val Loss: 1.8789 | Val Acc: 0.2321
2025-06-22 11:50:32,226 [INFO] Epoch 007 | Train Loss: 1.5412 | Val Loss: 1.7297 | Val Acc: 0.2321
2025-06-22 11:50:32,240 [INFO] Epoch 008 | Train Loss: 1.6451 | Val Loss: 1.7032 | Val Acc: 0.3750
2025-06-22 11:50:32,253 [INFO] Epoch 009 | Train Loss: 1.9592 | Val Loss: 1.6527 | Val Acc: 0.2857
2025-06-22 11:50:32,267 [INFO] Epoch 010 | Train Loss: 1.8827 | Val Loss: 1.6650 | Val Acc: 0.3393
2025-06-22 11:50:33,080 [INFO] Epoch 011 | Train Loss: 1.7027 | Val Loss: 2.2314 | Val Acc: 0.2321
2025-06-22 11:50:33,102 [INFO] Epoch 012 | Train Loss: 1.6215 | Val Loss: 1.5857 | Val Acc: 0.3929
2025-06-22 11:50:33,120 [INFO] Epoch 013 | Train Loss: 1.4920 | Val Loss: 1.5865 | Val Acc: 0.2500
2025-06-22 11:50:33,137 [INFO] Epoch 014 | Train Loss: 1.4761 | Val Loss: 1.5409 | Val Acc: 0.2679
2025-06-22 11:50:33,152 [INFO] Epoch 015 | Train Loss: 1.3060 | Val Loss: 1.4405 | Val Acc: 0.3571
2025-06-22 11:50:33,169 [INFO] Epoch 016 | Train Loss: 1.3226 | Val Loss: 1.8694 | Val Acc: 0.2857
2025-06-22 11:50:33,182 [INFO] Epoch 017 | Train Loss: 1.3350 | Val Loss: 1.4606 | Val Acc: 0.3571
2025-06-22 11:50:33,197 [INFO] Epoch 018 | Train Loss: 1.4711 | Val Loss: 1.4801 | Val Acc: 0.3571
2025-06-22 11:50:33,213 [INFO] Epoch 019 | Train Loss: 1.3449 | Val Loss: 1.4691 | Val Acc: 0.3571
2025-06-22 11:50:33,230 [INFO] Epoch 020 | Train Loss: 1.2278 | Val Loss: 1.3993 | Val Acc: 0.3036
2025-06-22 11:50:34,053 [INFO] Epoch 021 | Train Loss: 1.3539 | Val Loss: 1.4863 | Val Acc: 0.3393
2025-06-22 11:50:34,067 [INFO] Epoch 022 | Train Loss: 1.1904 | Val Loss: 1.2961 | Val Acc: 0.4107
2025-06-22 11:50:34,083 [INFO] Epoch 023 | Train Loss: 1.2412 | Val Loss: 1.7796 | Val Acc: 0.2321
2025-06-22 11:50:34,101 [INFO] Epoch 024 | Train Loss: 1.2617 | Val Loss: 1.7432 | Val Acc: 0.4286
2025-06-22 11:50:34,103 [INFO] New best model at epoch 24 (Val Acc: 0.4286)
2025-06-22 11:50:34,128 [INFO] Epoch 025 | Train Loss: 1.3934 | Val Loss: 1.5385 | Val Acc: 0.2857
2025-06-22 11:50:34,145 [INFO] Epoch 026 | Train Loss: 1.3565 | Val Loss: 1.6660 | Val Acc: 0.3393
2025-06-22 11:50:34,159 [INFO] Epoch 027 | Train Loss: 1.5202 | Val Loss: 1.4048 | Val Acc: 0.3571
2025-06-22 11:50:34,172 [INFO] Epoch 028 | Train Loss: 1.6016 | Val Loss: 1.8327 | Val Acc: 0.3036
2025-06-22 11:50:34,186 [INFO] Epoch 029 | Train Loss: 1.4858 | Val Loss: 1.4066 | Val Acc: 0.4107
2025-06-22 11:50:34,200 [INFO] Epoch 030 | Train Loss: 1.1289 | Val Loss: 1.5882 | Val Acc: 0.3750
2025-06-22 11:50:35,008 [INFO] Epoch 031 | Train Loss: 1.3181 | Val Loss: 1.3740 | Val Acc: 0.4286
2025-06-22 11:50:35,026 [INFO] Epoch 032 | Train Loss: 1.2254 | Val Loss: 1.4406 | Val Acc: 0.3036
2025-06-22 11:50:35,043 [INFO] Epoch 033 | Train Loss: 1.1834 | Val Loss: 1.4339 | Val Acc: 0.4286
2025-06-22 11:50:35,067 [INFO] Epoch 034 | Train Loss: 1.1116 | Val Loss: 1.4037 | Val Acc: 0.3571
2025-06-22 11:50:35,087 [INFO] Epoch 035 | Train Loss: 1.0980 | Val Loss: 1.4800 | Val Acc: 0.3750
2025-06-22 11:50:35,105 [INFO] Epoch 036 | Train Loss: 1.0705 | Val Loss: 1.4348 | Val Acc: 0.4107
2025-06-22 11:50:35,120 [INFO] Epoch 037 | Train Loss: 1.0741 | Val Loss: 1.4447 | Val Acc: 0.4107
2025-06-22 11:50:35,137 [INFO] Epoch 038 | Train Loss: 1.0321 | Val Loss: 1.4354 | Val Acc: 0.3750
2025-06-22 11:50:35,151 [INFO] Epoch 039 | Train Loss: 1.1907 | Val Loss: 1.4483 | Val Acc: 0.4464
2025-06-22 11:50:35,153 [INFO] New best model at epoch 39 (Val Acc: 0.4464)
2025-06-22 11:50:35,166 [INFO] Epoch 040 | Train Loss: 1.2202 | Val Loss: 1.6310 | Val Acc: 0.3393
2025-06-22 11:50:35,987 [INFO] Epoch 041 | Train Loss: 1.1747 | Val Loss: 1.6066 | Val Acc: 0.3214
2025-06-22 11:50:36,006 [INFO] Epoch 042 | Train Loss: 1.1550 | Val Loss: 1.7331 | Val Acc: 0.3036
2025-06-22 11:50:36,019 [INFO] Epoch 043 | Train Loss: 1.0023 | Val Loss: 1.5600 | Val Acc: 0.3036
2025-06-22 11:50:36,035 [INFO] Epoch 044 | Train Loss: 1.0310 | Val Loss: 1.4318 | Val Acc: 0.5000
2025-06-22 11:50:36,037 [INFO] New best model at epoch 44 (Val Acc: 0.5000)
2025-06-22 11:50:36,054 [INFO] Epoch 045 | Train Loss: 1.0328 | Val Loss: 1.4063 | Val Acc: 0.4464
2025-06-22 11:50:36,072 [INFO] Epoch 046 | Train Loss: 1.1055 | Val Loss: 1.4617 | Val Acc: 0.4107
2025-06-22 11:50:36,088 [INFO] Epoch 047 | Train Loss: 0.9800 | Val Loss: 1.6065 | Val Acc: 0.3214
2025-06-22 11:50:36,103 [INFO] Epoch 048 | Train Loss: 1.0126 | Val Loss: 1.5914 | Val Acc: 0.2857
2025-06-22 11:50:36,117 [INFO] Epoch 049 | Train Loss: 1.0504 | Val Loss: 1.4657 | Val Acc: 0.3571
2025-06-22 11:50:36,131 [INFO] Epoch 050 | Train Loss: 1.0139 | Val Loss: 1.4836 | Val Acc: 0.3929
2025-06-22 11:50:38,587 [INFO] Epoch 051 | Train Loss: 1.0338 | Val Loss: 1.4994 | Val Acc: 0.3750
2025-06-22 11:50:38,604 [INFO] Epoch 052 | Train Loss: 0.9479 | Val Loss: 1.5213 | Val Acc: 0.4286
2025-06-22 11:50:38,619 [INFO] Epoch 053 | Train Loss: 0.9638 | Val Loss: 1.3728 | Val Acc: 0.4464
2025-06-22 11:50:38,634 [INFO] Epoch 054 | Train Loss: 0.9819 | Val Loss: 1.4589 | Val Acc: 0.3393
2025-06-22 11:50:38,659 [INFO] Epoch 055 | Train Loss: 0.9185 | Val Loss: 1.3557 | Val Acc: 0.4464
2025-06-22 11:50:38,684 [INFO] Epoch 056 | Train Loss: 0.9701 | Val Loss: 1.3724 | Val Acc: 0.4286
2025-06-22 11:50:38,701 [INFO] Epoch 057 | Train Loss: 1.0317 | Val Loss: 1.4381 | Val Acc: 0.3929
2025-06-22 11:50:38,715 [INFO] Epoch 058 | Train Loss: 1.0518 | Val Loss: 1.7007 | Val Acc: 0.4643
2025-06-22 11:50:38,729 [INFO] Epoch 059 | Train Loss: 0.9629 | Val Loss: 1.9030 | Val Acc: 0.3036
2025-06-22 11:50:38,743 [INFO] Epoch 060 | Train Loss: 0.9765 | Val Loss: 1.5632 | Val Acc: 0.3929
2025-06-22 11:50:39,566 [INFO] Epoch 061 | Train Loss: 0.9716 | Val Loss: 1.9525 | Val Acc: 0.3214
2025-06-22 11:50:39,593 [INFO] Epoch 062 | Train Loss: 0.9543 | Val Loss: 1.7398 | Val Acc: 0.3571
2025-06-22 11:50:39,614 [INFO] Epoch 063 | Train Loss: 0.9777 | Val Loss: 1.7024 | Val Acc: 0.3393
2025-06-22 11:50:39,634 [INFO] Epoch 064 | Train Loss: 1.0024 | Val Loss: 1.5884 | Val Acc: 0.3571
2025-06-22 11:50:39,665 [INFO] Epoch 065 | Train Loss: 0.9639 | Val Loss: 1.6032 | Val Acc: 0.4643
2025-06-22 11:50:39,679 [INFO] Epoch 066 | Train Loss: 0.9164 | Val Loss: 1.5219 | Val Acc: 0.4286
2025-06-22 11:50:39,692 [INFO] Epoch 067 | Train Loss: 0.9241 | Val Loss: 1.5095 | Val Acc: 0.4107
2025-06-22 11:50:39,706 [INFO] Epoch 068 | Train Loss: 0.8926 | Val Loss: 1.7466 | Val Acc: 0.3929
2025-06-22 11:50:39,719 [INFO] Epoch 069 | Train Loss: 0.9290 | Val Loss: 1.7891 | Val Acc: 0.3750
2025-06-22 11:50:39,732 [INFO] Epoch 070 | Train Loss: 0.8700 | Val Loss: 1.4525 | Val Acc: 0.4107
2025-06-22 11:50:40,521 [INFO] Epoch 071 | Train Loss: 0.8074 | Val Loss: 1.4031 | Val Acc: 0.5000
2025-06-22 11:50:40,536 [INFO] Epoch 072 | Train Loss: 0.9287 | Val Loss: 1.8461 | Val Acc: 0.3750
2025-06-22 11:50:40,549 [INFO] Epoch 073 | Train Loss: 1.0097 | Val Loss: 1.8104 | Val Acc: 0.3393
2025-06-22 11:50:40,566 [INFO] Epoch 074 | Train Loss: 0.8848 | Val Loss: 1.7144 | Val Acc: 0.5179
2025-06-22 11:50:40,568 [INFO] New best model at epoch 74 (Val Acc: 0.5179)
2025-06-22 11:50:40,586 [INFO] Epoch 075 | Train Loss: 0.9072 | Val Loss: 1.6186 | Val Acc: 0.4107
2025-06-22 11:50:40,602 [INFO] Epoch 076 | Train Loss: 0.9342 | Val Loss: 1.6922 | Val Acc: 0.4643
2025-06-22 11:50:40,617 [INFO] Epoch 077 | Train Loss: 0.8742 | Val Loss: 1.6947 | Val Acc: 0.4464
2025-06-22 11:50:40,634 [INFO] Epoch 078 | Train Loss: 0.8308 | Val Loss: 1.7387 | Val Acc: 0.3929
2025-06-22 11:50:40,648 [INFO] Epoch 079 | Train Loss: 0.7584 | Val Loss: 1.7636 | Val Acc: 0.4643
2025-06-22 11:50:40,665 [INFO] Epoch 080 | Train Loss: 0.7822 | Val Loss: 1.7627 | Val Acc: 0.4107
2025-06-22 11:50:41,625 [INFO] Epoch 081 | Train Loss: 0.7400 | Val Loss: 1.5061 | Val Acc: 0.3214
2025-06-22 11:50:41,639 [INFO] Epoch 082 | Train Loss: 0.7351 | Val Loss: 1.7742 | Val Acc: 0.3929
2025-06-22 11:50:41,653 [INFO] Epoch 083 | Train Loss: 0.8860 | Val Loss: 2.3198 | Val Acc: 0.3571
2025-06-22 11:50:41,671 [INFO] Epoch 084 | Train Loss: 0.9094 | Val Loss: 1.7478 | Val Acc: 0.4464
2025-06-22 11:50:41,691 [INFO] Epoch 085 | Train Loss: 0.8208 | Val Loss: 1.9023 | Val Acc: 0.4286
2025-06-22 11:50:41,712 [INFO] Epoch 086 | Train Loss: 0.9412 | Val Loss: 2.0526 | Val Acc: 0.3929
2025-06-22 11:50:41,733 [INFO] Epoch 087 | Train Loss: 0.7610 | Val Loss: 1.8180 | Val Acc: 0.4643
2025-06-22 11:50:41,751 [INFO] Epoch 088 | Train Loss: 0.8531 | Val Loss: 1.6767 | Val Acc: 0.3571
2025-06-22 11:50:41,768 [INFO] Epoch 089 | Train Loss: 0.8224 | Val Loss: 1.7618 | Val Acc: 0.4107
2025-06-22 11:50:41,785 [INFO] Epoch 090 | Train Loss: 0.7750 | Val Loss: 1.9849 | Val Acc: 0.3750
2025-06-22 11:50:42,623 [INFO] Epoch 091 | Train Loss: 0.7496 | Val Loss: 1.7615 | Val Acc: 0.4107
2025-06-22 11:50:42,643 [INFO] Epoch 092 | Train Loss: 0.8702 | Val Loss: 2.1363 | Val Acc: 0.3750
2025-06-22 11:50:42,669 [INFO] Epoch 093 | Train Loss: 0.9497 | Val Loss: 1.8110 | Val Acc: 0.4107
2025-06-22 11:50:42,687 [INFO] Epoch 094 | Train Loss: 0.7823 | Val Loss: 2.0479 | Val Acc: 0.3571
2025-06-22 11:50:42,703 [INFO] Epoch 095 | Train Loss: 0.8354 | Val Loss: 1.5777 | Val Acc: 0.4107
2025-06-22 11:50:42,718 [INFO] Epoch 096 | Train Loss: 0.7865 | Val Loss: 1.7152 | Val Acc: 0.3571
2025-06-22 11:50:42,734 [INFO] Epoch 097 | Train Loss: 0.7484 | Val Loss: 1.6639 | Val Acc: 0.4107
2025-06-22 11:50:42,748 [INFO] Epoch 098 | Train Loss: 0.6414 | Val Loss: 1.6752 | Val Acc: 0.3750
2025-06-22 11:50:42,761 [INFO] Epoch 099 | Train Loss: 0.6526 | Val Loss: 1.9968 | Val Acc: 0.4286
2025-06-22 11:50:42,775 [INFO] Epoch 100 | Train Loss: 0.7064 | Val Loss: 1.8958 | Val Acc: 0.3750
2025-06-22 11:50:44,045 [INFO] Best model saved to <built-in function time>/ENZYMES/best/best_source_gin.pth (Val Acc: 0.5179 at epoch 74)
2025-06-22 11:50:44,045 [INFO] Training/validation metrics saved to <built-in function time>/ENZYMES/GIN_0.01/train_metrics.csv
2025-06-22 11:50:47,264 [INFO] Final training curves saved
2025-06-22 11:50:47,264 [INFO] Training completed!
2025-06-22 11:50:47,264 [INFO] Best validation accuracy: 0.5179
2025-06-22 11:50:47,264 [INFO] Best epoch: 74
2025-06-22 11:50:47,264 [INFO] Total epochs trained: 100
2025-06-22 11:50:47,265 [INFO] Starting training with parameters: (0.01, 0.0, 32, 2, 100, 0.001)
