2025-06-22 05:53:23,372 [INFO] Using device: cpu
2025-06-22 05:53:23,372 [INFO] 开始创建数据加载器...
2025-06-22 05:53:23,376 [INFO] Successfully loaded dataset ENZYMES from ./data, total graphs: 600
2025-06-22 05:53:23,376 [INFO] Class allocation analysis:
2025-06-22 05:53:23,376 [INFO]   Source classes: [0, 1, 2, 3]
2025-06-22 05:53:23,376 [INFO]   Target classes: [0, 1, 2, 3, 4, 5]
2025-06-22 05:53:23,376 [INFO]   Overlap classes (to be split): [0, 1, 2, 3]
2025-06-22 05:53:23,376 [INFO]   Target novel classes (unknown): [4, 5]
2025-06-22 05:53:23,390 [INFO]   Class 0: 100 total -> Source: 70, Target: 30
2025-06-22 05:53:23,390 [INFO]   Class 1: 100 total -> Source: 70, Target: 30
2025-06-22 05:53:23,390 [INFO]   Class 2: 100 total -> Source: 70, Target: 30
2025-06-22 05:53:23,390 [INFO]   Class 3: 100 total -> Source: 70, Target: 30
2025-06-22 05:53:23,390 [INFO]   Class 4 (novel/unknown): 100 samples -> Target
2025-06-22 05:53:23,390 [INFO]   Class 5 (novel/unknown): 100 samples -> Target
2025-06-22 05:53:23,390 [INFO] Final allocation:
2025-06-22 05:53:23,390 [INFO]   Source domain: 280 samples
2025-06-22 05:53:23,390 [INFO]   Target domain: 320 samples
2025-06-22 05:53:23,391 [INFO] Source domain setup:
2025-06-22 05:53:23,391 [INFO]   Original classes: [0, 1, 2, 3]
2025-06-22 05:53:23,392 [INFO]   Overlap classes used: [0, 1, 2, 3]
2025-06-22 05:53:23,392 [INFO]   Label mapping: {0: 0, 1: 1, 2: 2, 3: 3}
2025-06-22 05:53:23,392 [INFO]   Total data after allocation: 280
2025-06-22 05:53:23,392 [INFO]   Data split - Train: 224, Val: 56
2025-06-22 05:53:23,392 [INFO]   Train label distribution: {0: 56, 1: 56, 3: 56, 2: 56}
2025-06-22 05:53:23,392 [INFO]   Val label distribution: {1: 14, 2: 14, 0: 14, 3: 14}
2025-06-22 05:53:23,393 [INFO] Successfully loaded dataset ENZYMES from ./data, total graphs: 600
2025-06-22 05:53:23,393 [INFO] Class allocation analysis:
2025-06-22 05:53:23,393 [INFO]   Source classes: [0, 1, 2, 3]
2025-06-22 05:53:23,393 [INFO]   Target classes: [0, 1, 2, 3, 4, 5]
2025-06-22 05:53:23,393 [INFO]   Overlap classes (to be split): [0, 1, 2, 3]
2025-06-22 05:53:23,393 [INFO]   Target novel classes (unknown): [4, 5]
2025-06-22 05:53:23,406 [INFO]   Class 0: 100 total -> Source: 70, Target: 30
2025-06-22 05:53:23,406 [INFO]   Class 1: 100 total -> Source: 70, Target: 30
2025-06-22 05:53:23,406 [INFO]   Class 2: 100 total -> Source: 70, Target: 30
2025-06-22 05:53:23,406 [INFO]   Class 3: 100 total -> Source: 70, Target: 30
2025-06-22 05:53:23,406 [INFO]   Class 4 (novel/unknown): 100 samples -> Target
2025-06-22 05:53:23,406 [INFO]   Class 5 (novel/unknown): 100 samples -> Target
2025-06-22 05:53:23,406 [INFO] Final allocation:
2025-06-22 05:53:23,406 [INFO]   Source domain: 280 samples
2025-06-22 05:53:23,406 [INFO]   Target domain: 320 samples
2025-06-22 05:53:23,408 [INFO] Target domain setup:
2025-06-22 05:53:23,408 [INFO]   Original classes: [0, 1, 2, 3, 4, 5]
2025-06-22 05:53:23,408 [INFO]   Overlap classes: [0, 1, 2, 3]
2025-06-22 05:53:23,408 [INFO]   Novel classes: [4, 5] -> mapped to unknown label 4
2025-06-22 05:53:23,408 [INFO]   Label mapping: {0: 0, 1: 1, 2: 2, 3: 3, 4: 4, 5: 4}
2025-06-22 05:53:23,408 [INFO]   Total data after allocation: 320
2025-06-22 05:53:23,408 [INFO]   Data split - Train: 256, Val: 64
2025-06-22 05:53:23,408 [INFO]   Total count: 320 (known: 120, unknown: 200)
2025-06-22 05:53:23,408 [INFO]   Total label distribution: {4: 200, 3: 30, 0: 30, 1: 30, 2: 30}
2025-06-22 05:53:23,408 [INFO]   Train label distribution: {4: 160, 0: 24, 2: 24, 3: 24, 1: 24}
2025-06-22 05:53:23,408 [INFO]   Val label distribution: {1: 6, 4: 40, 3: 6, 0: 6, 2: 6}
2025-06-22 05:53:23,408 [INFO] 数据加载器创建完成!
2025-06-22 05:53:23,408 [INFO] 源域类别数: 4 (重叠类别)
2025-06-22 05:53:23,408 [INFO] 目标域类别数: 5 (4个重叠类别 + 1个未知类别)
2025-06-22 05:53:23,408 [INFO] 重叠类别: [0, 1, 2, 3]
2025-06-22 05:53:23,408 [INFO] 目标域新类别: [4, 5]
2025-06-22 05:53:23,408 [INFO] Data allocation verification:
2025-06-22 05:53:23,408 [INFO]   Source data samples: 280
2025-06-22 05:53:23,408 [INFO]   Target data samples: 320
2025-06-22 05:53:23,408 [INFO]   Overlapping samples: 0
2025-06-22 05:53:23,408 [INFO]   ✓ Data allocation is correct - no overlapping samples
2025-06-22 05:53:23,413 [INFO] Model initialized with 1323524 parameters
2025-06-22 05:53:23,413 [INFO] Previous best validation accuracy read from record.txt: 0.6250
2025-06-22 05:53:23,413 [INFO] Starting training...
2025-06-22 05:53:23,506 [INFO] Epoch 001 | Train Loss: 15.7286 | Val Loss: 9.2771 | Val Acc: 0.2500
2025-06-22 05:53:24,149 [INFO] New best model at epoch 1 (Val Acc: 0.2500)
2025-06-22 05:53:24,249 [INFO] Epoch 002 | Train Loss: 8.3917 | Val Loss: 5.6523 | Val Acc: 0.3750
2025-06-22 05:53:24,269 [INFO] New best model at epoch 2 (Val Acc: 0.3750)
2025-06-22 05:53:24,372 [INFO] Epoch 003 | Train Loss: 6.2075 | Val Loss: 8.1842 | Val Acc: 0.2857
2025-06-22 05:53:24,475 [INFO] Epoch 004 | Train Loss: 6.6249 | Val Loss: 3.6631 | Val Acc: 0.3750
2025-06-22 05:53:24,575 [INFO] Epoch 005 | Train Loss: 5.5963 | Val Loss: 7.0088 | Val Acc: 0.2857
2025-06-22 05:53:24,720 [INFO] Epoch 006 | Train Loss: 4.9979 | Val Loss: 3.2403 | Val Acc: 0.3036
2025-06-22 05:53:24,815 [INFO] Epoch 007 | Train Loss: 4.8737 | Val Loss: 5.9733 | Val Acc: 0.4107
2025-06-22 05:53:24,835 [INFO] New best model at epoch 7 (Val Acc: 0.4107)
2025-06-22 05:53:24,914 [INFO] Epoch 008 | Train Loss: 4.0349 | Val Loss: 3.0551 | Val Acc: 0.4107
2025-06-22 05:53:25,037 [INFO] Epoch 009 | Train Loss: 4.3681 | Val Loss: 3.6394 | Val Acc: 0.3393
2025-06-22 05:53:25,147 [INFO] Epoch 010 | Train Loss: 4.0362 | Val Loss: 2.7633 | Val Acc: 0.3750
2025-06-22 05:53:25,933 [INFO] Epoch 011 | Train Loss: 4.3666 | Val Loss: 2.7204 | Val Acc: 0.4107
2025-06-22 05:53:26,029 [INFO] Epoch 012 | Train Loss: 4.5659 | Val Loss: 3.2280 | Val Acc: 0.3571
2025-06-22 05:53:26,142 [INFO] Epoch 013 | Train Loss: 4.9435 | Val Loss: 3.9033 | Val Acc: 0.3393
2025-06-22 05:53:26,262 [INFO] Epoch 014 | Train Loss: 3.4796 | Val Loss: 4.3637 | Val Acc: 0.4107
2025-06-22 05:53:26,489 [INFO] Epoch 015 | Train Loss: 3.9906 | Val Loss: 3.9989 | Val Acc: 0.3214
2025-06-22 05:53:26,590 [INFO] Epoch 016 | Train Loss: 3.6588 | Val Loss: 5.0659 | Val Acc: 0.3393
2025-06-22 05:53:26,693 [INFO] Epoch 017 | Train Loss: 3.2707 | Val Loss: 3.2220 | Val Acc: 0.3214
2025-06-22 05:53:26,809 [INFO] Epoch 018 | Train Loss: 3.8755 | Val Loss: 3.0905 | Val Acc: 0.4107
2025-06-22 05:53:26,919 [INFO] Epoch 019 | Train Loss: 4.4344 | Val Loss: 3.1120 | Val Acc: 0.3929
2025-06-22 05:53:27,017 [INFO] Epoch 020 | Train Loss: 3.2747 | Val Loss: 4.4176 | Val Acc: 0.4643
2025-06-22 05:53:27,671 [INFO] New best model at epoch 20 (Val Acc: 0.4643)
2025-06-22 05:53:27,774 [INFO] Epoch 021 | Train Loss: 3.0030 | Val Loss: 3.1920 | Val Acc: 0.3750
2025-06-22 05:53:27,884 [INFO] Epoch 022 | Train Loss: 3.8507 | Val Loss: 3.5097 | Val Acc: 0.3036
2025-06-22 05:53:27,984 [INFO] Epoch 023 | Train Loss: 3.3915 | Val Loss: 3.1064 | Val Acc: 0.5179
2025-06-22 05:53:28,006 [INFO] New best model at epoch 23 (Val Acc: 0.5179)
2025-06-22 05:53:28,089 [INFO] Epoch 024 | Train Loss: 2.9468 | Val Loss: 3.3303 | Val Acc: 0.4107
2025-06-22 05:53:28,205 [INFO] Epoch 025 | Train Loss: 2.3708 | Val Loss: 3.5110 | Val Acc: 0.4107
2025-06-22 05:53:28,307 [INFO] Epoch 026 | Train Loss: 2.4405 | Val Loss: 2.4698 | Val Acc: 0.4107
2025-06-22 05:53:28,414 [INFO] Epoch 027 | Train Loss: 2.2977 | Val Loss: 2.6728 | Val Acc: 0.4107
2025-06-22 05:53:28,533 [INFO] Epoch 028 | Train Loss: 2.2329 | Val Loss: 3.6719 | Val Acc: 0.3036
2025-06-22 05:53:28,646 [INFO] Epoch 029 | Train Loss: 2.1930 | Val Loss: 2.6419 | Val Acc: 0.4643
2025-06-22 05:53:28,799 [INFO] Epoch 030 | Train Loss: 2.3384 | Val Loss: 3.5952 | Val Acc: 0.3929
2025-06-22 05:53:29,650 [INFO] Epoch 031 | Train Loss: 2.1595 | Val Loss: 2.7844 | Val Acc: 0.4286
2025-06-22 05:53:29,743 [INFO] Epoch 032 | Train Loss: 2.4713 | Val Loss: 3.1528 | Val Acc: 0.3214
2025-06-22 05:53:29,850 [INFO] Epoch 033 | Train Loss: 2.2307 | Val Loss: 3.4185 | Val Acc: 0.4643
2025-06-22 05:53:29,954 [INFO] Epoch 034 | Train Loss: 1.7897 | Val Loss: 2.9172 | Val Acc: 0.4464
2025-06-22 05:53:30,077 [INFO] Epoch 035 | Train Loss: 1.8501 | Val Loss: 3.4058 | Val Acc: 0.3571
2025-06-22 05:53:30,174 [INFO] Epoch 036 | Train Loss: 2.2827 | Val Loss: 2.4866 | Val Acc: 0.5000
2025-06-22 05:53:30,271 [INFO] Epoch 037 | Train Loss: 2.3619 | Val Loss: 2.4387 | Val Acc: 0.3750
2025-06-22 05:53:30,368 [INFO] Epoch 038 | Train Loss: 2.1946 | Val Loss: 3.3519 | Val Acc: 0.5000
2025-06-22 05:53:30,466 [INFO] Epoch 039 | Train Loss: 2.6980 | Val Loss: 2.9339 | Val Acc: 0.4286
2025-06-22 05:53:30,569 [INFO] Epoch 040 | Train Loss: 1.9782 | Val Loss: 1.9758 | Val Acc: 0.5179
2025-06-22 05:53:33,473 [INFO] Epoch 041 | Train Loss: 1.8427 | Val Loss: 2.3165 | Val Acc: 0.3929
2025-06-22 05:53:33,598 [INFO] Epoch 042 | Train Loss: 2.6119 | Val Loss: 1.9200 | Val Acc: 0.4464
2025-06-22 05:53:33,707 [INFO] Epoch 043 | Train Loss: 1.9960 | Val Loss: 2.1377 | Val Acc: 0.4107
2025-06-22 05:53:33,888 [INFO] Epoch 044 | Train Loss: 2.2151 | Val Loss: 2.4451 | Val Acc: 0.4464
2025-06-22 05:53:33,999 [INFO] Epoch 045 | Train Loss: 2.4428 | Val Loss: 3.7240 | Val Acc: 0.3571
2025-06-22 05:53:34,135 [INFO] Epoch 046 | Train Loss: 2.0253 | Val Loss: 3.7440 | Val Acc: 0.4464
2025-06-22 05:53:34,256 [INFO] Epoch 047 | Train Loss: 2.2371 | Val Loss: 2.1199 | Val Acc: 0.4107
2025-06-22 05:53:34,385 [INFO] Epoch 048 | Train Loss: 1.6345 | Val Loss: 2.0924 | Val Acc: 0.4107
2025-06-22 05:53:34,495 [INFO] Epoch 049 | Train Loss: 1.4462 | Val Loss: 2.5020 | Val Acc: 0.3393
2025-06-22 05:53:34,594 [INFO] Epoch 050 | Train Loss: 1.7130 | Val Loss: 2.0013 | Val Acc: 0.3750
2025-06-22 05:53:35,686 [INFO] Epoch 051 | Train Loss: 1.6154 | Val Loss: 2.2623 | Val Acc: 0.4286
2025-06-22 05:53:35,787 [INFO] Epoch 052 | Train Loss: 1.1706 | Val Loss: 2.8593 | Val Acc: 0.4107
2025-06-22 05:53:35,904 [INFO] Epoch 053 | Train Loss: 1.4369 | Val Loss: 2.7623 | Val Acc: 0.3929
2025-06-22 05:53:36,010 [INFO] Epoch 054 | Train Loss: 1.3790 | Val Loss: 2.2042 | Val Acc: 0.5000
2025-06-22 05:53:36,117 [INFO] Epoch 055 | Train Loss: 1.4286 | Val Loss: 1.8254 | Val Acc: 0.5179
2025-06-22 05:53:36,211 [INFO] Epoch 056 | Train Loss: 1.4477 | Val Loss: 3.4373 | Val Acc: 0.3571
2025-06-22 05:53:36,306 [INFO] Epoch 057 | Train Loss: 0.8885 | Val Loss: 2.0212 | Val Acc: 0.4643
2025-06-22 05:53:36,402 [INFO] Epoch 058 | Train Loss: 1.1780 | Val Loss: 2.1679 | Val Acc: 0.4643
2025-06-22 05:53:36,502 [INFO] Epoch 059 | Train Loss: 1.1648 | Val Loss: 2.7091 | Val Acc: 0.4107
2025-06-22 05:53:36,609 [INFO] Epoch 060 | Train Loss: 1.4639 | Val Loss: 2.4865 | Val Acc: 0.4107
2025-06-22 05:53:37,373 [INFO] Epoch 061 | Train Loss: 2.2625 | Val Loss: 2.6080 | Val Acc: 0.4107
2025-06-22 05:53:37,479 [INFO] Epoch 062 | Train Loss: 1.5751 | Val Loss: 2.8939 | Val Acc: 0.3571
2025-06-22 05:53:37,584 [INFO] Epoch 063 | Train Loss: 1.7723 | Val Loss: 3.7277 | Val Acc: 0.4107
2025-06-22 05:53:37,683 [INFO] Epoch 064 | Train Loss: 2.2308 | Val Loss: 3.4132 | Val Acc: 0.3929
2025-06-22 05:53:37,795 [INFO] Epoch 065 | Train Loss: 1.3880 | Val Loss: 3.4963 | Val Acc: 0.3929
2025-06-22 05:53:37,896 [INFO] Epoch 066 | Train Loss: 1.5341 | Val Loss: 5.5194 | Val Acc: 0.4107
2025-06-22 05:53:37,999 [INFO] Epoch 067 | Train Loss: 2.6275 | Val Loss: 3.3251 | Val Acc: 0.4107
2025-06-22 05:53:38,097 [INFO] Epoch 068 | Train Loss: 1.5155 | Val Loss: 2.9591 | Val Acc: 0.3393
2025-06-22 05:53:38,219 [INFO] Epoch 069 | Train Loss: 0.8877 | Val Loss: 3.1001 | Val Acc: 0.4286
2025-06-22 05:53:38,313 [INFO] Epoch 070 | Train Loss: 1.5078 | Val Loss: 2.2461 | Val Acc: 0.4107
2025-06-22 05:53:39,049 [INFO] Epoch 071 | Train Loss: 1.7815 | Val Loss: 3.4976 | Val Acc: 0.3929
2025-06-22 05:53:39,148 [INFO] Epoch 072 | Train Loss: 2.2091 | Val Loss: 3.2134 | Val Acc: 0.4286
2025-06-22 05:53:39,250 [INFO] Epoch 073 | Train Loss: 1.2674 | Val Loss: 2.3956 | Val Acc: 0.3750
2025-06-22 05:53:39,358 [INFO] Epoch 074 | Train Loss: 1.5040 | Val Loss: 2.9091 | Val Acc: 0.3750
2025-06-22 05:53:39,463 [INFO] Epoch 075 | Train Loss: 1.3241 | Val Loss: 2.5742 | Val Acc: 0.4464
2025-06-22 05:53:39,559 [INFO] Epoch 076 | Train Loss: 1.0092 | Val Loss: 2.5059 | Val Acc: 0.4107
2025-06-22 05:53:39,661 [INFO] Epoch 077 | Train Loss: 1.1471 | Val Loss: 2.3404 | Val Acc: 0.3929
2025-06-22 05:53:39,761 [INFO] Epoch 078 | Train Loss: 1.6153 | Val Loss: 2.2641 | Val Acc: 0.4464
2025-06-22 05:53:39,865 [INFO] Epoch 079 | Train Loss: 1.6341 | Val Loss: 2.9265 | Val Acc: 0.4464
2025-06-22 05:53:39,973 [INFO] Epoch 080 | Train Loss: 1.1608 | Val Loss: 4.0716 | Val Acc: 0.4286
2025-06-22 05:53:40,778 [INFO] Epoch 081 | Train Loss: 1.0413 | Val Loss: 3.1154 | Val Acc: 0.4464
2025-06-22 05:53:40,883 [INFO] Epoch 082 | Train Loss: 1.1523 | Val Loss: 2.9734 | Val Acc: 0.4643
2025-06-22 05:53:40,973 [INFO] Epoch 083 | Train Loss: 1.1770 | Val Loss: 2.5996 | Val Acc: 0.3750
2025-06-22 05:53:41,103 [INFO] Epoch 084 | Train Loss: 1.0090 | Val Loss: 3.2317 | Val Acc: 0.5000
2025-06-22 05:53:41,205 [INFO] Epoch 085 | Train Loss: 1.0739 | Val Loss: 3.2903 | Val Acc: 0.4643
2025-06-22 05:53:41,322 [INFO] Epoch 086 | Train Loss: 1.1134 | Val Loss: 2.5570 | Val Acc: 0.4107
2025-06-22 05:53:41,433 [INFO] Epoch 087 | Train Loss: 0.9954 | Val Loss: 2.9475 | Val Acc: 0.3571
2025-06-22 05:53:41,529 [INFO] Epoch 088 | Train Loss: 1.6103 | Val Loss: 3.9380 | Val Acc: 0.4643
2025-06-22 05:53:41,638 [INFO] Epoch 089 | Train Loss: 1.0607 | Val Loss: 3.3569 | Val Acc: 0.4643
2025-06-22 05:53:41,731 [INFO] Epoch 090 | Train Loss: 0.9749 | Val Loss: 1.9183 | Val Acc: 0.5000
2025-06-22 05:53:42,449 [INFO] Epoch 091 | Train Loss: 1.0895 | Val Loss: 2.4851 | Val Acc: 0.3929
2025-06-22 05:53:42,549 [INFO] Epoch 092 | Train Loss: 1.4068 | Val Loss: 3.4559 | Val Acc: 0.3929
2025-06-22 05:53:42,643 [INFO] Epoch 093 | Train Loss: 1.0640 | Val Loss: 2.7309 | Val Acc: 0.3929
2025-06-22 05:53:42,746 [INFO] Epoch 094 | Train Loss: 1.1386 | Val Loss: 2.4015 | Val Acc: 0.4286
2025-06-22 05:53:42,853 [INFO] Epoch 095 | Train Loss: 1.4737 | Val Loss: 2.3000 | Val Acc: 0.4821
2025-06-22 05:53:42,950 [INFO] Epoch 096 | Train Loss: 1.4774 | Val Loss: 2.7917 | Val Acc: 0.4107
2025-06-22 05:53:43,063 [INFO] Epoch 097 | Train Loss: 1.1222 | Val Loss: 2.8869 | Val Acc: 0.4286
2025-06-22 05:53:43,157 [INFO] Epoch 098 | Train Loss: 0.8649 | Val Loss: 3.1127 | Val Acc: 0.4821
2025-06-22 05:53:43,254 [INFO] Epoch 099 | Train Loss: 0.7455 | Val Loss: 3.2793 | Val Acc: 0.3929
2025-06-22 05:53:43,362 [INFO] Epoch 100 | Train Loss: 0.8906 | Val Loss: 2.4946 | Val Acc: 0.3929
2025-06-22 05:53:44,162 [INFO] Epoch 101 | Train Loss: 0.6944 | Val Loss: 2.9799 | Val Acc: 0.3750
2025-06-22 05:53:44,264 [INFO] Epoch 102 | Train Loss: 1.5438 | Val Loss: 2.8663 | Val Acc: 0.4107
2025-06-22 05:53:44,360 [INFO] Epoch 103 | Train Loss: 1.1358 | Val Loss: 3.0204 | Val Acc: 0.3929
2025-06-22 05:53:44,464 [INFO] Epoch 104 | Train Loss: 1.0533 | Val Loss: 3.1104 | Val Acc: 0.3929
2025-06-22 05:53:44,569 [INFO] Epoch 105 | Train Loss: 1.6744 | Val Loss: 2.5230 | Val Acc: 0.3036
2025-06-22 05:53:44,677 [INFO] Epoch 106 | Train Loss: 0.9689 | Val Loss: 2.9211 | Val Acc: 0.4643
2025-06-22 05:53:44,787 [INFO] Epoch 107 | Train Loss: 1.0829 | Val Loss: 3.0798 | Val Acc: 0.3929
2025-06-22 05:53:44,881 [INFO] Epoch 108 | Train Loss: 1.0226 | Val Loss: 3.0756 | Val Acc: 0.4464
2025-06-22 05:53:45,015 [INFO] Epoch 109 | Train Loss: 0.7540 | Val Loss: 2.8832 | Val Acc: 0.3750
2025-06-22 05:53:45,112 [INFO] Epoch 110 | Train Loss: 0.9454 | Val Loss: 3.0699 | Val Acc: 0.4286
2025-06-22 05:53:45,830 [INFO] Epoch 111 | Train Loss: 0.7357 | Val Loss: 3.1967 | Val Acc: 0.3750
2025-06-22 05:53:45,931 [INFO] Epoch 112 | Train Loss: 0.8347 | Val Loss: 2.9363 | Val Acc: 0.4286
2025-06-22 05:53:46,040 [INFO] Epoch 113 | Train Loss: 0.9282 | Val Loss: 2.7015 | Val Acc: 0.4464
2025-06-22 05:53:46,152 [INFO] Epoch 114 | Train Loss: 0.6595 | Val Loss: 3.0063 | Val Acc: 0.3929
2025-06-22 05:53:46,249 [INFO] Epoch 115 | Train Loss: 0.9567 | Val Loss: 3.1505 | Val Acc: 0.4286
2025-06-22 05:53:46,388 [INFO] Epoch 116 | Train Loss: 1.7134 | Val Loss: 3.4564 | Val Acc: 0.4107
2025-06-22 05:53:46,488 [INFO] Epoch 117 | Train Loss: 0.9306 | Val Loss: 4.5126 | Val Acc: 0.4286
2025-06-22 05:53:46,656 [INFO] Epoch 118 | Train Loss: 2.6330 | Val Loss: 2.4552 | Val Acc: 0.3750
2025-06-22 05:53:46,768 [INFO] Epoch 119 | Train Loss: 1.9270 | Val Loss: 3.2164 | Val Acc: 0.3929
2025-06-22 05:53:46,880 [INFO] Epoch 120 | Train Loss: 1.4116 | Val Loss: 3.8850 | Val Acc: 0.3393
2025-06-22 05:53:47,627 [INFO] Epoch 121 | Train Loss: 1.6244 | Val Loss: 3.7092 | Val Acc: 0.4107
2025-06-22 05:53:47,734 [INFO] Epoch 122 | Train Loss: 0.9298 | Val Loss: 3.0362 | Val Acc: 0.3571
2025-06-22 05:53:47,834 [INFO] Epoch 123 | Train Loss: 0.8579 | Val Loss: 3.2999 | Val Acc: 0.4286
2025-06-22 05:53:47,929 [INFO] Epoch 124 | Train Loss: 0.7441 | Val Loss: 3.5118 | Val Acc: 0.4286
2025-06-22 05:53:48,024 [INFO] Epoch 125 | Train Loss: 1.0374 | Val Loss: 4.0636 | Val Acc: 0.4643
2025-06-22 05:53:48,129 [INFO] Epoch 126 | Train Loss: 0.7253 | Val Loss: 4.1387 | Val Acc: 0.4821
2025-06-22 05:53:48,226 [INFO] Epoch 127 | Train Loss: 0.7280 | Val Loss: 3.8528 | Val Acc: 0.4464
2025-06-22 05:53:48,324 [INFO] Epoch 128 | Train Loss: 1.0061 | Val Loss: 3.0007 | Val Acc: 0.4107
2025-06-22 05:53:48,436 [INFO] Epoch 129 | Train Loss: 0.9605 | Val Loss: 2.8654 | Val Acc: 0.3929
2025-06-22 05:53:48,529 [INFO] Epoch 130 | Train Loss: 1.2832 | Val Loss: 3.6449 | Val Acc: 0.4821
2025-06-22 05:53:49,370 [INFO] Epoch 131 | Train Loss: 0.7822 | Val Loss: 3.5222 | Val Acc: 0.4643
2025-06-22 05:53:49,478 [INFO] Epoch 132 | Train Loss: 1.0135 | Val Loss: 3.3116 | Val Acc: 0.4464
2025-06-22 05:53:49,580 [INFO] Epoch 133 | Train Loss: 0.7886 | Val Loss: 2.6365 | Val Acc: 0.4464
2025-06-22 05:53:49,685 [INFO] Epoch 134 | Train Loss: 0.4833 | Val Loss: 3.5737 | Val Acc: 0.4107
2025-06-22 05:53:49,786 [INFO] Epoch 135 | Train Loss: 0.6969 | Val Loss: 2.7416 | Val Acc: 0.3929
2025-06-22 05:53:49,900 [INFO] Epoch 136 | Train Loss: 0.3731 | Val Loss: 2.7019 | Val Acc: 0.4464
2025-06-22 05:53:50,000 [INFO] Epoch 137 | Train Loss: 1.0623 | Val Loss: 2.7005 | Val Acc: 0.3929
2025-06-22 05:53:50,113 [INFO] Epoch 138 | Train Loss: 0.6568 | Val Loss: 3.7458 | Val Acc: 0.4107
2025-06-22 05:53:50,218 [INFO] Epoch 139 | Train Loss: 1.1479 | Val Loss: 3.1335 | Val Acc: 0.3750
2025-06-22 05:53:50,314 [INFO] Epoch 140 | Train Loss: 0.7000 | Val Loss: 3.5995 | Val Acc: 0.3214
2025-06-22 05:53:51,093 [INFO] Epoch 141 | Train Loss: 0.5554 | Val Loss: 3.4204 | Val Acc: 0.3750
2025-06-22 05:53:51,191 [INFO] Epoch 142 | Train Loss: 0.7724 | Val Loss: 3.3856 | Val Acc: 0.4286
2025-06-22 05:53:51,286 [INFO] Epoch 143 | Train Loss: 0.5787 | Val Loss: 3.6006 | Val Acc: 0.4286
2025-06-22 05:53:51,382 [INFO] Epoch 144 | Train Loss: 0.5468 | Val Loss: 3.0452 | Val Acc: 0.4821
2025-06-22 05:53:51,490 [INFO] Epoch 145 | Train Loss: 0.6996 | Val Loss: 3.2468 | Val Acc: 0.4821
2025-06-22 05:53:51,605 [INFO] Epoch 146 | Train Loss: 0.8478 | Val Loss: 3.5193 | Val Acc: 0.4286
2025-06-22 05:53:51,707 [INFO] Epoch 147 | Train Loss: 0.8198 | Val Loss: 3.7915 | Val Acc: 0.3929
2025-06-22 05:53:51,821 [INFO] Epoch 148 | Train Loss: 0.8056 | Val Loss: 3.2731 | Val Acc: 0.4464
2025-06-22 05:53:51,917 [INFO] Epoch 149 | Train Loss: 0.4917 | Val Loss: 3.0775 | Val Acc: 0.4643
2025-06-22 05:53:52,022 [INFO] Epoch 150 | Train Loss: 0.5186 | Val Loss: 2.9064 | Val Acc: 0.3929
2025-06-22 05:53:52,759 [INFO] Epoch 151 | Train Loss: 0.6954 | Val Loss: 3.3960 | Val Acc: 0.3750
2025-06-22 05:53:52,884 [INFO] Epoch 152 | Train Loss: 0.7077 | Val Loss: 3.7507 | Val Acc: 0.4107
2025-06-22 05:53:52,991 [INFO] Epoch 153 | Train Loss: 0.5868 | Val Loss: 4.1256 | Val Acc: 0.4821
2025-06-22 05:53:53,100 [INFO] Epoch 154 | Train Loss: 0.4208 | Val Loss: 4.6966 | Val Acc: 0.4107
2025-06-22 05:53:53,203 [INFO] Epoch 155 | Train Loss: 0.9496 | Val Loss: 3.6351 | Val Acc: 0.4286
2025-06-22 05:53:53,301 [INFO] Epoch 156 | Train Loss: 0.5047 | Val Loss: 3.3832 | Val Acc: 0.4107
2025-06-22 05:53:53,395 [INFO] Epoch 157 | Train Loss: 0.6408 | Val Loss: 4.2258 | Val Acc: 0.4464
2025-06-22 05:53:53,499 [INFO] Epoch 158 | Train Loss: 0.5458 | Val Loss: 4.1432 | Val Acc: 0.4464
2025-06-22 05:53:53,600 [INFO] Epoch 159 | Train Loss: 0.6998 | Val Loss: 2.8057 | Val Acc: 0.4286
2025-06-22 05:53:53,707 [INFO] Epoch 160 | Train Loss: 0.5030 | Val Loss: 2.5659 | Val Acc: 0.4464
2025-06-22 05:53:56,252 [INFO] Epoch 161 | Train Loss: 0.6475 | Val Loss: 2.7832 | Val Acc: 0.4821
2025-06-22 05:53:56,373 [INFO] Epoch 162 | Train Loss: 0.5476 | Val Loss: 2.7646 | Val Acc: 0.4643
2025-06-22 05:53:56,497 [INFO] Epoch 163 | Train Loss: 0.7636 | Val Loss: 2.8818 | Val Acc: 0.4643
2025-06-22 05:53:56,625 [INFO] Epoch 164 | Train Loss: 0.6990 | Val Loss: 3.3696 | Val Acc: 0.4464
2025-06-22 05:53:56,744 [INFO] Epoch 165 | Train Loss: 1.0687 | Val Loss: 3.1958 | Val Acc: 0.4821
2025-06-22 05:53:56,841 [INFO] Epoch 166 | Train Loss: 0.4670 | Val Loss: 3.5500 | Val Acc: 0.4643
2025-06-22 05:53:56,939 [INFO] Epoch 167 | Train Loss: 0.8633 | Val Loss: 4.0433 | Val Acc: 0.4286
2025-06-22 05:53:57,047 [INFO] Epoch 168 | Train Loss: 0.4511 | Val Loss: 3.2878 | Val Acc: 0.4464
2025-06-22 05:53:57,166 [INFO] Epoch 169 | Train Loss: 0.5531 | Val Loss: 3.1321 | Val Acc: 0.4464
2025-06-22 05:53:57,264 [INFO] Epoch 170 | Train Loss: 0.4225 | Val Loss: 3.0128 | Val Acc: 0.4464
2025-06-22 05:53:58,057 [INFO] Epoch 171 | Train Loss: 0.8451 | Val Loss: 3.1336 | Val Acc: 0.5000
2025-06-22 05:53:58,163 [INFO] Epoch 172 | Train Loss: 0.3952 | Val Loss: 3.5720 | Val Acc: 0.4286
2025-06-22 05:53:58,279 [INFO] Epoch 173 | Train Loss: 0.4670 | Val Loss: 5.6973 | Val Acc: 0.4464
2025-06-22 05:53:58,299 [INFO] Early stopping at epoch 173 (no improvement in 150 epochs).
2025-06-22 05:53:58,325 [INFO] Best model saved to <built-in function time>/ENZYMES/best/best_source_gin.pth (Val Acc: 0.5179 at epoch 23)
2025-06-22 05:53:58,326 [INFO] Training/validation metrics saved to <built-in function time>/ENZYMES/GIN_0.001/train_metrics.csv
2025-06-22 05:54:00,939 [INFO] Final training curves saved
2025-06-22 05:54:00,939 [INFO] Training completed!
2025-06-22 05:54:00,939 [INFO] Best validation accuracy: 0.5179
2025-06-22 05:54:00,939 [INFO] Best epoch: 23
2025-06-22 05:54:00,939 [INFO] Total epochs trained: 173
2025-06-22 05:54:00,947 [INFO] Starting training with parameters: (0.001, 0.3, 512, 3, 400, 0.0)
