2025-06-23 18:19:12,794 [INFO] Using device: cpu
2025-06-23 18:19:12,794 [INFO] 开始创建数据加载器...
2025-06-23 18:19:12,797 [INFO] Successfully loaded dataset ENZYMES from ./data, total graphs: 600
2025-06-23 18:19:12,797 [INFO] Class allocation analysis:
2025-06-23 18:19:12,797 [INFO]   Source classes: [0, 1, 2, 3]
2025-06-23 18:19:12,797 [INFO]   Target classes: [0, 1, 2, 3, 4, 5]
2025-06-23 18:19:12,797 [INFO]   Overlap classes (to be split): [0, 1, 2, 3]
2025-06-23 18:19:12,797 [INFO]   Target novel classes (unknown): [4, 5]
2025-06-23 18:19:12,810 [INFO]   Class 0: 100 total -> Source: 70, Target: 30
2025-06-23 18:19:12,811 [INFO]   Class 1: 100 total -> Source: 70, Target: 30
2025-06-23 18:19:12,811 [INFO]   Class 2: 100 total -> Source: 70, Target: 30
2025-06-23 18:19:12,811 [INFO]   Class 3: 100 total -> Source: 70, Target: 30
2025-06-23 18:19:12,811 [INFO]   Class 4 (novel/unknown): 100 samples -> Target
2025-06-23 18:19:12,811 [INFO]   Class 5 (novel/unknown): 100 samples -> Target
2025-06-23 18:19:12,811 [INFO] Final allocation:
2025-06-23 18:19:12,811 [INFO]   Source domain: 280 samples
2025-06-23 18:19:12,811 [INFO]   Target domain: 320 samples
2025-06-23 18:19:12,812 [INFO] Source domain setup:
2025-06-23 18:19:12,812 [INFO]   Original classes: [0, 1, 2, 3]
2025-06-23 18:19:12,812 [INFO]   Overlap classes used: [0, 1, 2, 3]
2025-06-23 18:19:12,812 [INFO]   Label mapping: {0: 0, 1: 1, 2: 2, 3: 3}
2025-06-23 18:19:12,812 [INFO]   Total data after allocation: 280
2025-06-23 18:19:12,812 [INFO]   Data split - Train: 224, Val: 56
2025-06-23 18:19:12,812 [INFO]   Train label distribution: {0: 56, 1: 56, 3: 56, 2: 56}
2025-06-23 18:19:12,812 [INFO]   Val label distribution: {1: 14, 2: 14, 0: 14, 3: 14}
2025-06-23 18:19:12,814 [INFO] Successfully loaded dataset ENZYMES from ./data, total graphs: 600
2025-06-23 18:19:12,814 [INFO] Class allocation analysis:
2025-06-23 18:19:12,814 [INFO]   Source classes: [0, 1, 2, 3]
2025-06-23 18:19:12,814 [INFO]   Target classes: [0, 1, 2, 3, 4, 5]
2025-06-23 18:19:12,814 [INFO]   Overlap classes (to be split): [0, 1, 2, 3]
2025-06-23 18:19:12,814 [INFO]   Target novel classes (unknown): [4, 5]
2025-06-23 18:19:12,827 [INFO]   Class 0: 100 total -> Source: 70, Target: 30
2025-06-23 18:19:12,828 [INFO]   Class 1: 100 total -> Source: 70, Target: 30
2025-06-23 18:19:12,828 [INFO]   Class 2: 100 total -> Source: 70, Target: 30
2025-06-23 18:19:12,828 [INFO]   Class 3: 100 total -> Source: 70, Target: 30
2025-06-23 18:19:12,828 [INFO]   Class 4 (novel/unknown): 100 samples -> Target
2025-06-23 18:19:12,828 [INFO]   Class 5 (novel/unknown): 100 samples -> Target
2025-06-23 18:19:12,828 [INFO] Final allocation:
2025-06-23 18:19:12,828 [INFO]   Source domain: 280 samples
2025-06-23 18:19:12,828 [INFO]   Target domain: 320 samples
2025-06-23 18:19:12,830 [INFO] Target domain setup:
2025-06-23 18:19:12,830 [INFO]   Original classes: [0, 1, 2, 3, 4, 5]
2025-06-23 18:19:12,830 [INFO]   Overlap classes: [0, 1, 2, 3]
2025-06-23 18:19:12,830 [INFO]   Novel classes: [4, 5] -> mapped to unknown label 4
2025-06-23 18:19:12,830 [INFO]   Label mapping: {0: 0, 1: 1, 2: 2, 3: 3, 4: 4, 5: 4}
2025-06-23 18:19:12,830 [INFO]   Total data after allocation: 320
2025-06-23 18:19:12,830 [INFO]   Data split - Train: 256, Val: 64
2025-06-23 18:19:12,830 [INFO]   Total count: 320 (known: 120, unknown: 200)
2025-06-23 18:19:12,830 [INFO]   Total label distribution: {4: 200, 3: 30, 0: 30, 1: 30, 2: 30}
2025-06-23 18:19:12,830 [INFO]   Train label distribution: {4: 160, 0: 24, 2: 24, 3: 24, 1: 24}
2025-06-23 18:19:12,830 [INFO]   Val label distribution: {1: 6, 4: 40, 3: 6, 0: 6, 2: 6}
2025-06-23 18:19:12,830 [INFO] 数据加载器创建完成!
2025-06-23 18:19:12,830 [INFO] 源域类别数: 4 (重叠类别)
2025-06-23 18:19:12,830 [INFO] 目标域类别数: 5 (4个重叠类别 + 1个未知类别)
2025-06-23 18:19:12,830 [INFO] 重叠类别: [0, 1, 2, 3]
2025-06-23 18:19:12,830 [INFO] 目标域新类别: [4, 5]
2025-06-23 18:19:12,830 [INFO] Data allocation verification:
2025-06-23 18:19:12,830 [INFO]   Source data samples: 280
2025-06-23 18:19:12,830 [INFO]   Target data samples: 320
2025-06-23 18:19:12,830 [INFO]   Overlapping samples: 0
2025-06-23 18:19:12,830 [INFO]   ✓ Data allocation is correct - no overlapping samples
2025-06-23 18:19:12,832 [INFO] Model initialized with 5924 parameters
2025-06-23 18:19:12,832 [INFO] Previous best validation accuracy read from record.txt: 0.6429
2025-06-23 18:19:12,832 [INFO] Starting training...
2025-06-23 18:19:12,860 [INFO] Epoch 001 | Train Loss: 8.5072 | Val Loss: 2.5712 | Val Acc: 0.2857
2025-06-23 18:19:14,178 [INFO] New best model at epoch 1 (Val Acc: 0.2857)
2025-06-23 18:19:14,203 [INFO] Epoch 002 | Train Loss: 4.0179 | Val Loss: 3.3465 | Val Acc: 0.3750
2025-06-23 18:19:14,207 [INFO] New best model at epoch 2 (Val Acc: 0.3750)
2025-06-23 18:19:14,236 [INFO] Epoch 003 | Train Loss: 3.4729 | Val Loss: 1.7133 | Val Acc: 0.4107
2025-06-23 18:19:14,239 [INFO] New best model at epoch 3 (Val Acc: 0.4107)
2025-06-23 18:19:14,265 [INFO] Epoch 004 | Train Loss: 3.0083 | Val Loss: 1.9803 | Val Acc: 0.3750
2025-06-23 18:19:14,296 [INFO] Epoch 005 | Train Loss: 2.7085 | Val Loss: 1.6463 | Val Acc: 0.4286
2025-06-23 18:19:14,299 [INFO] New best model at epoch 5 (Val Acc: 0.4286)
2025-06-23 18:19:14,332 [INFO] Epoch 006 | Train Loss: 1.8222 | Val Loss: 1.7497 | Val Acc: 0.3929
2025-06-23 18:19:14,362 [INFO] Epoch 007 | Train Loss: 2.0248 | Val Loss: 1.8460 | Val Acc: 0.2857
2025-06-23 18:19:14,389 [INFO] Epoch 008 | Train Loss: 1.6646 | Val Loss: 1.8111 | Val Acc: 0.3214
2025-06-23 18:19:14,415 [INFO] Epoch 009 | Train Loss: 1.8889 | Val Loss: 1.2736 | Val Acc: 0.3929
2025-06-23 18:19:14,457 [INFO] Epoch 010 | Train Loss: 1.6428 | Val Loss: 2.2436 | Val Acc: 0.3393
2025-06-23 18:19:15,712 [INFO] Epoch 011 | Train Loss: 1.6916 | Val Loss: 1.2755 | Val Acc: 0.3929
2025-06-23 18:19:15,734 [INFO] Epoch 012 | Train Loss: 1.7257 | Val Loss: 1.6563 | Val Acc: 0.3214
2025-06-23 18:19:15,757 [INFO] Epoch 013 | Train Loss: 1.4923 | Val Loss: 1.2735 | Val Acc: 0.4107
2025-06-23 18:19:15,785 [INFO] Epoch 014 | Train Loss: 1.5373 | Val Loss: 1.2957 | Val Acc: 0.4107
2025-06-23 18:19:15,807 [INFO] Epoch 015 | Train Loss: 1.4724 | Val Loss: 1.3971 | Val Acc: 0.2500
2025-06-23 18:19:15,857 [INFO] Epoch 016 | Train Loss: 1.6024 | Val Loss: 1.3373 | Val Acc: 0.2679
2025-06-23 18:19:15,883 [INFO] Epoch 017 | Train Loss: 1.5858 | Val Loss: 1.3256 | Val Acc: 0.3036
2025-06-23 18:19:15,909 [INFO] Epoch 018 | Train Loss: 1.5847 | Val Loss: 1.4114 | Val Acc: 0.3750
2025-06-23 18:19:15,933 [INFO] Epoch 019 | Train Loss: 1.4771 | Val Loss: 1.2886 | Val Acc: 0.4286
2025-06-23 18:19:15,963 [INFO] Epoch 020 | Train Loss: 1.4544 | Val Loss: 1.6113 | Val Acc: 0.2857
2025-06-23 18:19:17,283 [INFO] Epoch 021 | Train Loss: 1.4398 | Val Loss: 1.3906 | Val Acc: 0.4464
2025-06-23 18:19:17,286 [INFO] New best model at epoch 21 (Val Acc: 0.4464)
2025-06-23 18:19:17,305 [INFO] Epoch 022 | Train Loss: 1.4878 | Val Loss: 1.3010 | Val Acc: 0.4107
2025-06-23 18:19:17,329 [INFO] Epoch 023 | Train Loss: 1.3230 | Val Loss: 1.5388 | Val Acc: 0.3036
2025-06-23 18:19:17,355 [INFO] Epoch 024 | Train Loss: 1.3185 | Val Loss: 1.3363 | Val Acc: 0.3750
2025-06-23 18:19:17,378 [INFO] Epoch 025 | Train Loss: 1.3711 | Val Loss: 1.3907 | Val Acc: 0.3750
2025-06-23 18:19:17,399 [INFO] Epoch 026 | Train Loss: 1.3888 | Val Loss: 1.3545 | Val Acc: 0.3750
2025-06-23 18:19:17,418 [INFO] Epoch 027 | Train Loss: 1.3167 | Val Loss: 1.2641 | Val Acc: 0.4464
2025-06-23 18:19:17,438 [INFO] Epoch 028 | Train Loss: 1.2393 | Val Loss: 1.2788 | Val Acc: 0.4464
2025-06-23 18:19:17,458 [INFO] Epoch 029 | Train Loss: 1.3338 | Val Loss: 1.3963 | Val Acc: 0.3571
2025-06-23 18:19:17,479 [INFO] Epoch 030 | Train Loss: 1.3185 | Val Loss: 1.4621 | Val Acc: 0.3036
2025-06-23 18:19:18,720 [INFO] Epoch 031 | Train Loss: 1.2705 | Val Loss: 1.2958 | Val Acc: 0.4107
2025-06-23 18:19:18,742 [INFO] Epoch 032 | Train Loss: 1.2530 | Val Loss: 1.3388 | Val Acc: 0.4821
2025-06-23 18:19:18,746 [INFO] New best model at epoch 32 (Val Acc: 0.4821)
2025-06-23 18:19:18,767 [INFO] Epoch 033 | Train Loss: 1.2598 | Val Loss: 1.3876 | Val Acc: 0.2679
2025-06-23 18:19:18,790 [INFO] Epoch 034 | Train Loss: 1.2455 | Val Loss: 1.5481 | Val Acc: 0.3036
2025-06-23 18:19:18,812 [INFO] Epoch 035 | Train Loss: 1.3000 | Val Loss: 1.3167 | Val Acc: 0.3571
2025-06-23 18:19:18,833 [INFO] Epoch 036 | Train Loss: 1.2667 | Val Loss: 1.3135 | Val Acc: 0.3393
2025-06-23 18:19:18,853 [INFO] Epoch 037 | Train Loss: 1.2380 | Val Loss: 1.4569 | Val Acc: 0.2500
2025-06-23 18:19:18,873 [INFO] Epoch 038 | Train Loss: 1.2558 | Val Loss: 1.3575 | Val Acc: 0.3571
2025-06-23 18:19:18,892 [INFO] Epoch 039 | Train Loss: 1.3070 | Val Loss: 1.3792 | Val Acc: 0.3214
2025-06-23 18:19:18,912 [INFO] Epoch 040 | Train Loss: 1.2237 | Val Loss: 1.3966 | Val Acc: 0.3036
2025-06-23 18:19:23,154 [INFO] Epoch 041 | Train Loss: 1.2513 | Val Loss: 1.3423 | Val Acc: 0.3750
2025-06-23 18:19:23,186 [INFO] Epoch 042 | Train Loss: 1.1862 | Val Loss: 1.3108 | Val Acc: 0.3929
2025-06-23 18:19:23,221 [INFO] Epoch 043 | Train Loss: 1.2202 | Val Loss: 1.3105 | Val Acc: 0.3393
2025-06-23 18:19:23,242 [INFO] Epoch 044 | Train Loss: 1.2738 | Val Loss: 1.2888 | Val Acc: 0.4286
2025-06-23 18:19:23,262 [INFO] Epoch 045 | Train Loss: 1.1836 | Val Loss: 1.3507 | Val Acc: 0.3036
2025-06-23 18:19:23,282 [INFO] Epoch 046 | Train Loss: 1.2085 | Val Loss: 1.3224 | Val Acc: 0.3393
2025-06-23 18:19:23,302 [INFO] Epoch 047 | Train Loss: 1.2483 | Val Loss: 1.3184 | Val Acc: 0.3929
2025-06-23 18:19:23,322 [INFO] Epoch 048 | Train Loss: 1.2272 | Val Loss: 1.3491 | Val Acc: 0.4286
2025-06-23 18:19:23,341 [INFO] Epoch 049 | Train Loss: 1.2103 | Val Loss: 1.3930 | Val Acc: 0.3929
2025-06-23 18:19:23,361 [INFO] Epoch 050 | Train Loss: 1.2046 | Val Loss: 1.3713 | Val Acc: 0.3036
2025-06-23 18:19:24,648 [INFO] Epoch 051 | Train Loss: 1.1844 | Val Loss: 1.3548 | Val Acc: 0.3393
2025-06-23 18:19:24,682 [INFO] Epoch 052 | Train Loss: 1.1974 | Val Loss: 1.3224 | Val Acc: 0.3214
2025-06-23 18:19:24,715 [INFO] Epoch 053 | Train Loss: 1.1545 | Val Loss: 1.3772 | Val Acc: 0.2679
2025-06-23 18:19:24,755 [INFO] Epoch 054 | Train Loss: 1.1483 | Val Loss: 1.3276 | Val Acc: 0.3036
2025-06-23 18:19:24,790 [INFO] Epoch 055 | Train Loss: 1.1432 | Val Loss: 1.3063 | Val Acc: 0.3571
2025-06-23 18:19:24,823 [INFO] Epoch 056 | Train Loss: 1.1199 | Val Loss: 1.3008 | Val Acc: 0.3393
2025-06-23 18:19:24,863 [INFO] Epoch 057 | Train Loss: 1.1840 | Val Loss: 1.3661 | Val Acc: 0.2679
2025-06-23 18:19:24,894 [INFO] Epoch 058 | Train Loss: 1.1275 | Val Loss: 1.4326 | Val Acc: 0.3036
2025-06-23 18:19:24,920 [INFO] Epoch 059 | Train Loss: 1.1453 | Val Loss: 1.4110 | Val Acc: 0.3393
2025-06-23 18:19:24,944 [INFO] Epoch 060 | Train Loss: 1.1018 | Val Loss: 1.4224 | Val Acc: 0.3036
2025-06-23 18:19:26,283 [INFO] Epoch 061 | Train Loss: 1.1233 | Val Loss: 1.5343 | Val Acc: 0.2857
2025-06-23 18:19:26,307 [INFO] Epoch 062 | Train Loss: 1.1044 | Val Loss: 1.4397 | Val Acc: 0.3393
2025-06-23 18:19:26,340 [INFO] Epoch 063 | Train Loss: 1.0458 | Val Loss: 1.4594 | Val Acc: 0.2857
2025-06-23 18:19:26,366 [INFO] Epoch 064 | Train Loss: 1.0935 | Val Loss: 1.3843 | Val Acc: 0.2679
2025-06-23 18:19:26,386 [INFO] Epoch 065 | Train Loss: 1.0766 | Val Loss: 1.3416 | Val Acc: 0.3750
2025-06-23 18:19:26,406 [INFO] Epoch 066 | Train Loss: 1.0987 | Val Loss: 1.2968 | Val Acc: 0.4464
2025-06-23 18:19:26,426 [INFO] Epoch 067 | Train Loss: 1.0806 | Val Loss: 1.3392 | Val Acc: 0.5000
2025-06-23 18:19:26,429 [INFO] New best model at epoch 67 (Val Acc: 0.5000)
2025-06-23 18:19:26,448 [INFO] Epoch 068 | Train Loss: 1.0715 | Val Loss: 1.3393 | Val Acc: 0.4107
2025-06-23 18:19:26,467 [INFO] Epoch 069 | Train Loss: 1.0336 | Val Loss: 1.3403 | Val Acc: 0.3571
2025-06-23 18:19:26,488 [INFO] Epoch 070 | Train Loss: 1.0384 | Val Loss: 1.3241 | Val Acc: 0.3929
2025-06-23 18:19:31,162 [INFO] Epoch 071 | Train Loss: 1.0621 | Val Loss: 1.3280 | Val Acc: 0.4464
2025-06-23 18:19:31,231 [INFO] Epoch 072 | Train Loss: 1.0494 | Val Loss: 1.3768 | Val Acc: 0.4464
2025-06-23 18:19:31,259 [INFO] Epoch 073 | Train Loss: 1.0460 | Val Loss: 1.3571 | Val Acc: 0.3393
2025-06-23 18:19:31,278 [INFO] Epoch 074 | Train Loss: 1.0344 | Val Loss: 1.2463 | Val Acc: 0.4821
2025-06-23 18:19:31,299 [INFO] Epoch 075 | Train Loss: 1.0971 | Val Loss: 1.2460 | Val Acc: 0.3929
2025-06-23 18:19:31,321 [INFO] Epoch 076 | Train Loss: 1.1017 | Val Loss: 1.3182 | Val Acc: 0.3036
2025-06-23 18:19:31,342 [INFO] Epoch 077 | Train Loss: 1.1051 | Val Loss: 1.4786 | Val Acc: 0.3929
2025-06-23 18:19:31,362 [INFO] Epoch 078 | Train Loss: 1.0882 | Val Loss: 1.3268 | Val Acc: 0.5000
2025-06-23 18:19:31,386 [INFO] Epoch 079 | Train Loss: 1.0327 | Val Loss: 1.3609 | Val Acc: 0.3750
2025-06-23 18:19:31,427 [INFO] Epoch 080 | Train Loss: 1.1333 | Val Loss: 1.5615 | Val Acc: 0.3750
2025-06-23 18:19:34,480 [INFO] Epoch 081 | Train Loss: 1.0596 | Val Loss: 1.2895 | Val Acc: 0.3929
2025-06-23 18:19:34,503 [INFO] Epoch 082 | Train Loss: 1.0546 | Val Loss: 1.5119 | Val Acc: 0.4286
2025-06-23 18:19:34,528 [INFO] Epoch 083 | Train Loss: 1.1139 | Val Loss: 1.4122 | Val Acc: 0.4464
2025-06-23 18:19:34,555 [INFO] Epoch 084 | Train Loss: 1.0116 | Val Loss: 1.3417 | Val Acc: 0.3571
2025-06-23 18:19:34,578 [INFO] Epoch 085 | Train Loss: 1.0956 | Val Loss: 1.3226 | Val Acc: 0.3393
2025-06-23 18:19:34,598 [INFO] Epoch 086 | Train Loss: 1.0120 | Val Loss: 1.3116 | Val Acc: 0.4286
2025-06-23 18:19:34,618 [INFO] Epoch 087 | Train Loss: 1.1195 | Val Loss: 1.3316 | Val Acc: 0.4821
2025-06-23 18:19:34,638 [INFO] Epoch 088 | Train Loss: 1.0477 | Val Loss: 1.3406 | Val Acc: 0.4107
2025-06-23 18:19:34,662 [INFO] Epoch 089 | Train Loss: 1.0143 | Val Loss: 1.4663 | Val Acc: 0.3929
2025-06-23 18:19:34,686 [INFO] Epoch 090 | Train Loss: 0.9745 | Val Loss: 1.4972 | Val Acc: 0.3929
2025-06-23 18:19:35,964 [INFO] Epoch 091 | Train Loss: 0.9976 | Val Loss: 1.4316 | Val Acc: 0.3929
2025-06-23 18:19:35,984 [INFO] Epoch 092 | Train Loss: 0.9849 | Val Loss: 1.3698 | Val Acc: 0.3750
2025-06-23 18:19:36,006 [INFO] Epoch 093 | Train Loss: 1.0372 | Val Loss: 1.3216 | Val Acc: 0.3393
2025-06-23 18:19:36,029 [INFO] Epoch 094 | Train Loss: 0.9592 | Val Loss: 1.3681 | Val Acc: 0.3393
2025-06-23 18:19:36,051 [INFO] Epoch 095 | Train Loss: 0.9152 | Val Loss: 1.4179 | Val Acc: 0.4107
2025-06-23 18:19:36,073 [INFO] Epoch 096 | Train Loss: 1.0765 | Val Loss: 1.3882 | Val Acc: 0.4107
2025-06-23 18:19:36,093 [INFO] Epoch 097 | Train Loss: 0.9835 | Val Loss: 1.2883 | Val Acc: 0.4107
2025-06-23 18:19:36,112 [INFO] Epoch 098 | Train Loss: 1.0368 | Val Loss: 1.2693 | Val Acc: 0.4107
2025-06-23 18:19:36,132 [INFO] Epoch 099 | Train Loss: 1.0401 | Val Loss: 1.5446 | Val Acc: 0.4286
2025-06-23 18:19:36,152 [INFO] Epoch 100 | Train Loss: 1.0483 | Val Loss: 1.7417 | Val Acc: 0.4107
2025-06-23 18:19:37,440 [INFO] Best model saved to <built-in function time>/ENZYMES/best/best_source_gin.pth (Val Acc: 0.5000 at epoch 67)
2025-06-23 18:19:37,440 [INFO] Training/validation metrics saved to <built-in function time>/ENZYMES/GIN_0.01/train_metrics.csv
2025-06-23 18:19:38,733 [INFO] Final training curves saved
2025-06-23 18:19:38,733 [INFO] Training completed!
2025-06-23 18:19:38,733 [INFO] Best validation accuracy: 0.5000
2025-06-23 18:19:38,733 [INFO] Best epoch: 67
2025-06-23 18:19:38,733 [INFO] Total epochs trained: 100
2025-06-23 18:19:38,734 [INFO] Starting training with parameters: (0.01, 0.4, 32, 3, 100, 0.001)
