2025-06-21 20:55:42,307 [INFO] Using device: cpu
2025-06-21 20:55:42,307 [INFO] 开始创建数据加载器...
2025-06-21 20:55:42,308 [INFO] Successfully loaded dataset ENZYMES from ./data, total graphs: 600
2025-06-21 20:55:42,308 [INFO] Class allocation analysis:
2025-06-21 20:55:42,308 [INFO]   Source classes: [0, 1, 2, 3]
2025-06-21 20:55:42,308 [INFO]   Target classes: [0, 1, 2, 3, 4, 5]
2025-06-21 20:55:42,308 [INFO]   Overlap classes (to be split): [0, 1, 2, 3]
2025-06-21 20:55:42,308 [INFO]   Target novel classes (unknown): [4, 5]
2025-06-21 20:55:42,322 [INFO]   Class 0: 100 total -> Source: 70, Target: 30
2025-06-21 20:55:42,322 [INFO]   Class 1: 100 total -> Source: 70, Target: 30
2025-06-21 20:55:42,322 [INFO]   Class 2: 100 total -> Source: 70, Target: 30
2025-06-21 20:55:42,322 [INFO]   Class 3: 100 total -> Source: 70, Target: 30
2025-06-21 20:55:42,322 [INFO]   Class 4 (novel/unknown): 100 samples -> Target
2025-06-21 20:55:42,322 [INFO]   Class 5 (novel/unknown): 100 samples -> Target
2025-06-21 20:55:42,323 [INFO] Final allocation:
2025-06-21 20:55:42,323 [INFO]   Source domain: 280 samples
2025-06-21 20:55:42,323 [INFO]   Target domain: 320 samples
2025-06-21 20:55:42,324 [INFO] Source domain setup:
2025-06-21 20:55:42,324 [INFO]   Original classes: [0, 1, 2, 3]
2025-06-21 20:55:42,324 [INFO]   Overlap classes used: [0, 1, 2, 3]
2025-06-21 20:55:42,324 [INFO]   Label mapping: {0: 0, 1: 1, 2: 2, 3: 3}
2025-06-21 20:55:42,324 [INFO]   Total data after allocation: 280
2025-06-21 20:55:42,324 [INFO]   Data split - Train: 224, Val: 56
2025-06-21 20:55:42,324 [INFO]   Train label distribution: {0: 56, 1: 56, 3: 56, 2: 56}
2025-06-21 20:55:42,324 [INFO]   Val label distribution: {1: 14, 2: 14, 0: 14, 3: 14}
2025-06-21 20:55:42,326 [INFO] Successfully loaded dataset ENZYMES from ./data, total graphs: 600
2025-06-21 20:55:42,326 [INFO] Class allocation analysis:
2025-06-21 20:55:42,326 [INFO]   Source classes: [0, 1, 2, 3]
2025-06-21 20:55:42,326 [INFO]   Target classes: [0, 1, 2, 3, 4, 5]
2025-06-21 20:55:42,326 [INFO]   Overlap classes (to be split): [0, 1, 2, 3]
2025-06-21 20:55:42,326 [INFO]   Target novel classes (unknown): [4, 5]
2025-06-21 20:55:42,340 [INFO]   Class 0: 100 total -> Source: 70, Target: 30
2025-06-21 20:55:42,340 [INFO]   Class 1: 100 total -> Source: 70, Target: 30
2025-06-21 20:55:42,340 [INFO]   Class 2: 100 total -> Source: 70, Target: 30
2025-06-21 20:55:42,340 [INFO]   Class 3: 100 total -> Source: 70, Target: 30
2025-06-21 20:55:42,340 [INFO]   Class 4 (novel/unknown): 100 samples -> Target
2025-06-21 20:55:42,340 [INFO]   Class 5 (novel/unknown): 100 samples -> Target
2025-06-21 20:55:42,340 [INFO] Final allocation:
2025-06-21 20:55:42,340 [INFO]   Source domain: 280 samples
2025-06-21 20:55:42,341 [INFO]   Target domain: 320 samples
2025-06-21 20:55:42,342 [INFO] Target domain setup:
2025-06-21 20:55:42,342 [INFO]   Original classes: [0, 1, 2, 3, 4, 5]
2025-06-21 20:55:42,342 [INFO]   Overlap classes: [0, 1, 2, 3]
2025-06-21 20:55:42,342 [INFO]   Novel classes: [4, 5] -> mapped to unknown label 4
2025-06-21 20:55:42,342 [INFO]   Label mapping: {0: 0, 1: 1, 2: 2, 3: 3, 4: 4, 5: 4}
2025-06-21 20:55:42,342 [INFO]   Total data after allocation: 320
2025-06-21 20:55:42,342 [INFO]   Data split - Train: 256, Val: 64
2025-06-21 20:55:42,342 [INFO]   Total count: 320 (known: 120, unknown: 200)
2025-06-21 20:55:42,342 [INFO]   Total label distribution: {4: 200, 3: 30, 0: 30, 1: 30, 2: 30}
2025-06-21 20:55:42,342 [INFO]   Train label distribution: {4: 160, 0: 24, 2: 24, 3: 24, 1: 24}
2025-06-21 20:55:42,342 [INFO]   Val label distribution: {1: 6, 4: 40, 3: 6, 0: 6, 2: 6}
2025-06-21 20:55:42,343 [INFO] 数据加载器创建完成!
2025-06-21 20:55:42,343 [INFO] 源域类别数: 4 (重叠类别)
2025-06-21 20:55:42,343 [INFO] 目标域类别数: 5 (4个重叠类别 + 1个未知类别)
2025-06-21 20:55:42,343 [INFO] 重叠类别: [0, 1, 2, 3]
2025-06-21 20:55:42,343 [INFO] 目标域新类别: [4, 5]
2025-06-21 20:55:42,343 [INFO] Data allocation verification:
2025-06-21 20:55:42,343 [INFO]   Source data samples: 280
2025-06-21 20:55:42,343 [INFO]   Target data samples: 320
2025-06-21 20:55:42,343 [INFO]   Overlapping samples: 0
2025-06-21 20:55:42,343 [INFO]   ✓ Data allocation is correct - no overlapping samples
2025-06-21 20:55:42,344 [INFO] Model initialized with 13508 parameters
2025-06-21 20:55:42,344 [INFO] Previous best validation accuracy read from record.txt: 0.6250
2025-06-21 20:55:42,344 [INFO] Starting training...
2025-06-21 20:55:42,364 [INFO] Epoch 001 | Train Loss: 19.1565 | Val Loss: 2.9642 | Val Acc: 0.2143
2025-06-21 20:55:42,703 [INFO] New best model at epoch 1 (Val Acc: 0.2143)
2025-06-21 20:55:42,721 [INFO] Epoch 002 | Train Loss: 16.1292 | Val Loss: 2.8987 | Val Acc: 0.2679
2025-06-21 20:55:42,724 [INFO] New best model at epoch 2 (Val Acc: 0.2679)
2025-06-21 20:55:42,738 [INFO] Epoch 003 | Train Loss: 15.3422 | Val Loss: 3.2970 | Val Acc: 0.2500
2025-06-21 20:55:42,754 [INFO] Epoch 004 | Train Loss: 13.5872 | Val Loss: 3.7910 | Val Acc: 0.2500
2025-06-21 20:55:42,771 [INFO] Epoch 005 | Train Loss: 13.8633 | Val Loss: 4.0382 | Val Acc: 0.2321
2025-06-21 20:55:42,787 [INFO] Epoch 006 | Train Loss: 11.8998 | Val Loss: 4.3559 | Val Acc: 0.2500
2025-06-21 20:55:42,803 [INFO] Epoch 007 | Train Loss: 11.3522 | Val Loss: 4.8412 | Val Acc: 0.2679
2025-06-21 20:55:42,820 [INFO] Epoch 008 | Train Loss: 12.2567 | Val Loss: 5.1026 | Val Acc: 0.2857
2025-06-21 20:55:42,822 [INFO] New best model at epoch 8 (Val Acc: 0.2857)
2025-06-21 20:55:42,837 [INFO] Epoch 009 | Train Loss: 9.5808 | Val Loss: 5.4263 | Val Acc: 0.3214
2025-06-21 20:55:42,840 [INFO] New best model at epoch 9 (Val Acc: 0.3214)
2025-06-21 20:55:42,854 [INFO] Epoch 010 | Train Loss: 10.3517 | Val Loss: 5.8270 | Val Acc: 0.3036
2025-06-21 20:55:43,186 [INFO] Epoch 011 | Train Loss: 12.0774 | Val Loss: 6.0680 | Val Acc: 0.3571
2025-06-21 20:55:43,189 [INFO] New best model at epoch 11 (Val Acc: 0.3571)
2025-06-21 20:55:43,204 [INFO] Epoch 012 | Train Loss: 9.7045 | Val Loss: 6.1103 | Val Acc: 0.3393
2025-06-21 20:55:43,230 [INFO] Epoch 013 | Train Loss: 8.5343 | Val Loss: 6.0664 | Val Acc: 0.3571
2025-06-21 20:55:43,248 [INFO] Epoch 014 | Train Loss: 9.6514 | Val Loss: 6.0594 | Val Acc: 0.3571
2025-06-21 20:55:43,264 [INFO] Epoch 015 | Train Loss: 10.2874 | Val Loss: 6.0118 | Val Acc: 0.3393
2025-06-21 20:55:43,281 [INFO] Epoch 016 | Train Loss: 9.2408 | Val Loss: 5.7834 | Val Acc: 0.3214
2025-06-21 20:55:43,306 [INFO] Epoch 017 | Train Loss: 8.7616 | Val Loss: 5.6211 | Val Acc: 0.3036
2025-06-21 20:55:43,331 [INFO] Epoch 018 | Train Loss: 9.3572 | Val Loss: 5.2728 | Val Acc: 0.3393
2025-06-21 20:55:43,349 [INFO] Epoch 019 | Train Loss: 7.5317 | Val Loss: 5.1775 | Val Acc: 0.3393
2025-06-21 20:55:43,368 [INFO] Epoch 020 | Train Loss: 8.9319 | Val Loss: 5.4428 | Val Acc: 0.3214
2025-06-21 20:55:43,760 [INFO] Epoch 021 | Train Loss: 8.8725 | Val Loss: 5.3115 | Val Acc: 0.3214
2025-06-21 20:55:43,782 [INFO] Epoch 022 | Train Loss: 9.2859 | Val Loss: 4.9294 | Val Acc: 0.3214
2025-06-21 20:55:43,803 [INFO] Epoch 023 | Train Loss: 8.2478 | Val Loss: 4.8691 | Val Acc: 0.3214
2025-06-21 20:55:43,822 [INFO] Epoch 024 | Train Loss: 9.1349 | Val Loss: 4.8318 | Val Acc: 0.3393
2025-06-21 20:55:43,840 [INFO] Epoch 025 | Train Loss: 8.5103 | Val Loss: 4.7240 | Val Acc: 0.3750
2025-06-21 20:55:43,842 [INFO] New best model at epoch 25 (Val Acc: 0.3750)
2025-06-21 20:55:43,860 [INFO] Epoch 026 | Train Loss: 7.0739 | Val Loss: 4.8502 | Val Acc: 0.3393
2025-06-21 20:55:43,880 [INFO] Epoch 027 | Train Loss: 7.4483 | Val Loss: 4.7078 | Val Acc: 0.3393
2025-06-21 20:55:43,899 [INFO] Epoch 028 | Train Loss: 8.1209 | Val Loss: 4.2927 | Val Acc: 0.3750
2025-06-21 20:55:43,925 [INFO] Epoch 029 | Train Loss: 7.2098 | Val Loss: 3.9598 | Val Acc: 0.4107
2025-06-21 20:55:43,928 [INFO] New best model at epoch 29 (Val Acc: 0.4107)
2025-06-21 20:55:43,943 [INFO] Epoch 030 | Train Loss: 8.1798 | Val Loss: 3.9060 | Val Acc: 0.3929
2025-06-21 20:55:44,841 [INFO] Epoch 031 | Train Loss: 8.3509 | Val Loss: 3.8834 | Val Acc: 0.4107
2025-06-21 20:55:44,861 [INFO] Epoch 032 | Train Loss: 6.7122 | Val Loss: 3.8976 | Val Acc: 0.3929
2025-06-21 20:55:44,880 [INFO] Epoch 033 | Train Loss: 7.4390 | Val Loss: 4.0140 | Val Acc: 0.3929
2025-06-21 20:55:44,900 [INFO] Epoch 034 | Train Loss: 7.3730 | Val Loss: 4.0542 | Val Acc: 0.4286
2025-06-21 20:55:44,902 [INFO] New best model at epoch 34 (Val Acc: 0.4286)
2025-06-21 20:55:44,921 [INFO] Epoch 035 | Train Loss: 6.2130 | Val Loss: 3.9416 | Val Acc: 0.4286
2025-06-21 20:55:44,943 [INFO] Epoch 036 | Train Loss: 7.8010 | Val Loss: 3.8246 | Val Acc: 0.4107
2025-06-21 20:55:44,959 [INFO] Epoch 037 | Train Loss: 6.7454 | Val Loss: 3.6638 | Val Acc: 0.4286
2025-06-21 20:55:44,977 [INFO] Epoch 038 | Train Loss: 7.3824 | Val Loss: 3.4856 | Val Acc: 0.4286
2025-06-21 20:55:44,994 [INFO] Epoch 039 | Train Loss: 6.9149 | Val Loss: 3.5361 | Val Acc: 0.4107
2025-06-21 20:55:45,011 [INFO] Epoch 040 | Train Loss: 5.4754 | Val Loss: 3.5717 | Val Acc: 0.4464
2025-06-21 20:55:45,322 [INFO] New best model at epoch 40 (Val Acc: 0.4464)
2025-06-21 20:55:45,338 [INFO] Epoch 041 | Train Loss: 5.6787 | Val Loss: 3.6289 | Val Acc: 0.3929
2025-06-21 20:55:45,358 [INFO] Epoch 042 | Train Loss: 7.5046 | Val Loss: 3.4858 | Val Acc: 0.4107
2025-06-21 20:55:45,380 [INFO] Epoch 043 | Train Loss: 6.0773 | Val Loss: 3.3847 | Val Acc: 0.4643
2025-06-21 20:55:45,382 [INFO] New best model at epoch 43 (Val Acc: 0.4643)
2025-06-21 20:55:45,403 [INFO] Epoch 044 | Train Loss: 6.7298 | Val Loss: 3.3401 | Val Acc: 0.4464
2025-06-21 20:55:45,424 [INFO] Epoch 045 | Train Loss: 5.9925 | Val Loss: 3.3526 | Val Acc: 0.4464
2025-06-21 20:55:45,440 [INFO] Epoch 046 | Train Loss: 5.7664 | Val Loss: 3.4076 | Val Acc: 0.4107
2025-06-21 20:55:45,455 [INFO] Epoch 047 | Train Loss: 5.8980 | Val Loss: 3.4821 | Val Acc: 0.4107
2025-06-21 20:55:45,527 [INFO] Epoch 048 | Train Loss: 5.1634 | Val Loss: 3.2987 | Val Acc: 0.4107
2025-06-21 20:55:45,586 [INFO] Epoch 049 | Train Loss: 6.4022 | Val Loss: 3.3150 | Val Acc: 0.4107
2025-06-21 20:55:45,614 [INFO] Epoch 050 | Train Loss: 5.9234 | Val Loss: 3.3208 | Val Acc: 0.4107
2025-06-21 20:55:46,277 [INFO] Epoch 051 | Train Loss: 6.6893 | Val Loss: 3.2632 | Val Acc: 0.4643
2025-06-21 20:55:46,302 [INFO] Epoch 052 | Train Loss: 5.9517 | Val Loss: 3.1689 | Val Acc: 0.4464
2025-06-21 20:55:46,329 [INFO] Epoch 053 | Train Loss: 6.0770 | Val Loss: 3.1068 | Val Acc: 0.4107
2025-06-21 20:55:46,352 [INFO] Epoch 054 | Train Loss: 4.9808 | Val Loss: 3.0425 | Val Acc: 0.3929
2025-06-21 20:55:46,371 [INFO] Epoch 055 | Train Loss: 4.8963 | Val Loss: 3.0849 | Val Acc: 0.4286
2025-06-21 20:55:46,389 [INFO] Epoch 056 | Train Loss: 5.1755 | Val Loss: 3.0325 | Val Acc: 0.4107
2025-06-21 20:55:46,406 [INFO] Epoch 057 | Train Loss: 6.0817 | Val Loss: 2.9861 | Val Acc: 0.4107
2025-06-21 20:55:46,423 [INFO] Epoch 058 | Train Loss: 6.2089 | Val Loss: 2.9561 | Val Acc: 0.4107
2025-06-21 20:55:46,441 [INFO] Epoch 059 | Train Loss: 4.7113 | Val Loss: 2.8887 | Val Acc: 0.4107
2025-06-21 20:55:46,460 [INFO] Epoch 060 | Train Loss: 5.7021 | Val Loss: 2.8664 | Val Acc: 0.4464
2025-06-21 20:55:46,790 [INFO] Epoch 061 | Train Loss: 5.9087 | Val Loss: 2.9219 | Val Acc: 0.4464
2025-06-21 20:55:46,814 [INFO] Epoch 062 | Train Loss: 5.3790 | Val Loss: 3.0153 | Val Acc: 0.4107
2025-06-21 20:55:46,832 [INFO] Epoch 063 | Train Loss: 5.9830 | Val Loss: 3.0044 | Val Acc: 0.3929
2025-06-21 20:55:46,853 [INFO] Epoch 064 | Train Loss: 5.5748 | Val Loss: 3.0643 | Val Acc: 0.3750
2025-06-21 20:55:46,876 [INFO] Epoch 065 | Train Loss: 5.2576 | Val Loss: 3.0078 | Val Acc: 0.4464
2025-06-21 20:55:46,895 [INFO] Epoch 066 | Train Loss: 4.9870 | Val Loss: 2.9642 | Val Acc: 0.4107
2025-06-21 20:55:46,914 [INFO] Epoch 067 | Train Loss: 4.7884 | Val Loss: 2.9001 | Val Acc: 0.3929
2025-06-21 20:55:46,931 [INFO] Epoch 068 | Train Loss: 4.4770 | Val Loss: 2.9760 | Val Acc: 0.3750
2025-06-21 20:55:46,950 [INFO] Epoch 069 | Train Loss: 5.2593 | Val Loss: 2.9086 | Val Acc: 0.3393
2025-06-21 20:55:46,968 [INFO] Epoch 070 | Train Loss: 4.8596 | Val Loss: 2.9923 | Val Acc: 0.3571
2025-06-21 20:55:47,329 [INFO] Epoch 071 | Train Loss: 5.2793 | Val Loss: 3.0136 | Val Acc: 0.3750
2025-06-21 20:55:47,348 [INFO] Epoch 072 | Train Loss: 5.4342 | Val Loss: 3.0332 | Val Acc: 0.3750
2025-06-21 20:55:47,367 [INFO] Epoch 073 | Train Loss: 5.2963 | Val Loss: 2.9573 | Val Acc: 0.4107
2025-06-21 20:55:47,391 [INFO] Epoch 074 | Train Loss: 4.3042 | Val Loss: 2.9513 | Val Acc: 0.3929
2025-06-21 20:55:47,406 [INFO] Epoch 075 | Train Loss: 4.5978 | Val Loss: 2.8997 | Val Acc: 0.4107
2025-06-21 20:55:47,423 [INFO] Epoch 076 | Train Loss: 5.2380 | Val Loss: 3.0245 | Val Acc: 0.4107
2025-06-21 20:55:47,440 [INFO] Epoch 077 | Train Loss: 5.0719 | Val Loss: 3.0261 | Val Acc: 0.3929
2025-06-21 20:55:47,454 [INFO] Epoch 078 | Train Loss: 4.6405 | Val Loss: 3.0132 | Val Acc: 0.4107
2025-06-21 20:55:47,469 [INFO] Epoch 079 | Train Loss: 4.4966 | Val Loss: 3.0257 | Val Acc: 0.3929
2025-06-21 20:55:47,486 [INFO] Epoch 080 | Train Loss: 5.2910 | Val Loss: 3.0290 | Val Acc: 0.3929
2025-06-21 20:55:47,810 [INFO] Epoch 081 | Train Loss: 4.3458 | Val Loss: 3.0759 | Val Acc: 0.3929
2025-06-21 20:55:47,827 [INFO] Epoch 082 | Train Loss: 5.0290 | Val Loss: 3.1153 | Val Acc: 0.3929
2025-06-21 20:55:47,844 [INFO] Epoch 083 | Train Loss: 3.5969 | Val Loss: 3.0570 | Val Acc: 0.3929
2025-06-21 20:55:47,860 [INFO] Epoch 084 | Train Loss: 4.1084 | Val Loss: 2.9478 | Val Acc: 0.4286
2025-06-21 20:55:47,876 [INFO] Epoch 085 | Train Loss: 3.7112 | Val Loss: 2.9058 | Val Acc: 0.3750
2025-06-21 20:55:47,891 [INFO] Epoch 086 | Train Loss: 4.6485 | Val Loss: 2.9561 | Val Acc: 0.3750
2025-06-21 20:55:47,907 [INFO] Epoch 087 | Train Loss: 3.9856 | Val Loss: 2.9878 | Val Acc: 0.3750
2025-06-21 20:55:47,921 [INFO] Epoch 088 | Train Loss: 4.3816 | Val Loss: 3.0297 | Val Acc: 0.4107
2025-06-21 20:55:47,942 [INFO] Epoch 089 | Train Loss: 4.3938 | Val Loss: 2.8784 | Val Acc: 0.4107
2025-06-21 20:55:47,965 [INFO] Epoch 090 | Train Loss: 3.8524 | Val Loss: 2.7105 | Val Acc: 0.4286
2025-06-21 20:55:48,255 [INFO] Epoch 091 | Train Loss: 3.8977 | Val Loss: 2.7021 | Val Acc: 0.4107
2025-06-21 20:55:48,274 [INFO] Epoch 092 | Train Loss: 5.0602 | Val Loss: 2.5594 | Val Acc: 0.4464
2025-06-21 20:55:48,291 [INFO] Epoch 093 | Train Loss: 5.0671 | Val Loss: 2.5552 | Val Acc: 0.4464
2025-06-21 20:55:48,311 [INFO] Epoch 094 | Train Loss: 3.9732 | Val Loss: 2.5033 | Val Acc: 0.4643
2025-06-21 20:55:48,334 [INFO] Epoch 095 | Train Loss: 4.0007 | Val Loss: 2.4957 | Val Acc: 0.4286
2025-06-21 20:55:48,349 [INFO] Epoch 096 | Train Loss: 3.9037 | Val Loss: 2.4998 | Val Acc: 0.3929
2025-06-21 20:55:48,363 [INFO] Epoch 097 | Train Loss: 3.7831 | Val Loss: 2.6151 | Val Acc: 0.4107
2025-06-21 20:55:48,378 [INFO] Epoch 098 | Train Loss: 5.1922 | Val Loss: 2.7521 | Val Acc: 0.3929
2025-06-21 20:55:48,393 [INFO] Epoch 099 | Train Loss: 4.1611 | Val Loss: 2.7162 | Val Acc: 0.3571
2025-06-21 20:55:48,408 [INFO] Epoch 100 | Train Loss: 4.6665 | Val Loss: 2.5755 | Val Acc: 0.3571
2025-06-21 20:55:48,681 [INFO] Best model saved to <built-in function time>/ENZYMES/best/best_source_gin.pth (Val Acc: 0.4643 at epoch 43)
2025-06-21 20:55:48,682 [INFO] Training/validation metrics saved to <built-in function time>/ENZYMES/GIN_0.0001/train_metrics.csv
2025-06-21 20:55:49,165 [INFO] Final training curves saved
2025-06-21 20:55:49,166 [INFO] Training completed!
2025-06-21 20:55:49,166 [INFO] Best validation accuracy: 0.4643
2025-06-21 20:55:49,166 [INFO] Best epoch: 43
2025-06-21 20:55:49,166 [INFO] Total epochs trained: 100
2025-06-21 20:55:49,166 [INFO] Starting training with parameters: (0.0001, 0.5, 64, 2, 100, 0.0001)
