2025-06-22 04:58:26,179 [INFO] Using device: cpu
2025-06-22 04:58:26,179 [INFO] 开始创建数据加载器...
2025-06-22 04:58:26,183 [INFO] Successfully loaded dataset ENZYMES from ./data, total graphs: 600
2025-06-22 04:58:26,183 [INFO] Class allocation analysis:
2025-06-22 04:58:26,183 [INFO]   Source classes: [0, 1, 2, 3]
2025-06-22 04:58:26,183 [INFO]   Target classes: [0, 1, 2, 3, 4, 5]
2025-06-22 04:58:26,183 [INFO]   Overlap classes (to be split): [0, 1, 2, 3]
2025-06-22 04:58:26,183 [INFO]   Target novel classes (unknown): [4, 5]
2025-06-22 04:58:26,197 [INFO]   Class 0: 100 total -> Source: 70, Target: 30
2025-06-22 04:58:26,197 [INFO]   Class 1: 100 total -> Source: 70, Target: 30
2025-06-22 04:58:26,197 [INFO]   Class 2: 100 total -> Source: 70, Target: 30
2025-06-22 04:58:26,197 [INFO]   Class 3: 100 total -> Source: 70, Target: 30
2025-06-22 04:58:26,197 [INFO]   Class 4 (novel/unknown): 100 samples -> Target
2025-06-22 04:58:26,197 [INFO]   Class 5 (novel/unknown): 100 samples -> Target
2025-06-22 04:58:26,197 [INFO] Final allocation:
2025-06-22 04:58:26,197 [INFO]   Source domain: 280 samples
2025-06-22 04:58:26,197 [INFO]   Target domain: 320 samples
2025-06-22 04:58:26,199 [INFO] Source domain setup:
2025-06-22 04:58:26,199 [INFO]   Original classes: [0, 1, 2, 3]
2025-06-22 04:58:26,199 [INFO]   Overlap classes used: [0, 1, 2, 3]
2025-06-22 04:58:26,199 [INFO]   Label mapping: {0: 0, 1: 1, 2: 2, 3: 3}
2025-06-22 04:58:26,199 [INFO]   Total data after allocation: 280
2025-06-22 04:58:26,199 [INFO]   Data split - Train: 224, Val: 56
2025-06-22 04:58:26,199 [INFO]   Train label distribution: {0: 56, 1: 56, 3: 56, 2: 56}
2025-06-22 04:58:26,199 [INFO]   Val label distribution: {1: 14, 2: 14, 0: 14, 3: 14}
2025-06-22 04:58:26,200 [INFO] Successfully loaded dataset ENZYMES from ./data, total graphs: 600
2025-06-22 04:58:26,200 [INFO] Class allocation analysis:
2025-06-22 04:58:26,200 [INFO]   Source classes: [0, 1, 2, 3]
2025-06-22 04:58:26,201 [INFO]   Target classes: [0, 1, 2, 3, 4, 5]
2025-06-22 04:58:26,201 [INFO]   Overlap classes (to be split): [0, 1, 2, 3]
2025-06-22 04:58:26,201 [INFO]   Target novel classes (unknown): [4, 5]
2025-06-22 04:58:26,214 [INFO]   Class 0: 100 total -> Source: 70, Target: 30
2025-06-22 04:58:26,214 [INFO]   Class 1: 100 total -> Source: 70, Target: 30
2025-06-22 04:58:26,214 [INFO]   Class 2: 100 total -> Source: 70, Target: 30
2025-06-22 04:58:26,214 [INFO]   Class 3: 100 total -> Source: 70, Target: 30
2025-06-22 04:58:26,214 [INFO]   Class 4 (novel/unknown): 100 samples -> Target
2025-06-22 04:58:26,214 [INFO]   Class 5 (novel/unknown): 100 samples -> Target
2025-06-22 04:58:26,214 [INFO] Final allocation:
2025-06-22 04:58:26,214 [INFO]   Source domain: 280 samples
2025-06-22 04:58:26,214 [INFO]   Target domain: 320 samples
2025-06-22 04:58:26,216 [INFO] Target domain setup:
2025-06-22 04:58:26,216 [INFO]   Original classes: [0, 1, 2, 3, 4, 5]
2025-06-22 04:58:26,216 [INFO]   Overlap classes: [0, 1, 2, 3]
2025-06-22 04:58:26,216 [INFO]   Novel classes: [4, 5] -> mapped to unknown label 4
2025-06-22 04:58:26,216 [INFO]   Label mapping: {0: 0, 1: 1, 2: 2, 3: 3, 4: 4, 5: 4}
2025-06-22 04:58:26,216 [INFO]   Total data after allocation: 320
2025-06-22 04:58:26,216 [INFO]   Data split - Train: 256, Val: 64
2025-06-22 04:58:26,216 [INFO]   Total count: 320 (known: 120, unknown: 200)
2025-06-22 04:58:26,216 [INFO]   Total label distribution: {4: 200, 3: 30, 0: 30, 1: 30, 2: 30}
2025-06-22 04:58:26,216 [INFO]   Train label distribution: {4: 160, 0: 24, 2: 24, 3: 24, 1: 24}
2025-06-22 04:58:26,216 [INFO]   Val label distribution: {1: 6, 4: 40, 3: 6, 0: 6, 2: 6}
2025-06-22 04:58:26,216 [INFO] 数据加载器创建完成!
2025-06-22 04:58:26,216 [INFO] 源域类别数: 4 (重叠类别)
2025-06-22 04:58:26,216 [INFO] 目标域类别数: 5 (4个重叠类别 + 1个未知类别)
2025-06-22 04:58:26,216 [INFO] 重叠类别: [0, 1, 2, 3]
2025-06-22 04:58:26,216 [INFO] 目标域新类别: [4, 5]
2025-06-22 04:58:26,217 [INFO] Data allocation verification:
2025-06-22 04:58:26,217 [INFO]   Source data samples: 280
2025-06-22 04:58:26,217 [INFO]   Target data samples: 320
2025-06-22 04:58:26,217 [INFO]   Overlapping samples: 0
2025-06-22 04:58:26,217 [INFO]   ✓ Data allocation is correct - no overlapping samples
2025-06-22 04:58:26,219 [INFO] Model initialized with 118660 parameters
2025-06-22 04:58:26,220 [INFO] Previous best validation accuracy read from record.txt: 0.6250
2025-06-22 04:58:26,220 [INFO] Starting training...
2025-06-22 04:58:26,297 [INFO] Epoch 001 | Train Loss: 9.3184 | Val Loss: 1.4814 | Val Acc: 0.2143
2025-06-22 04:58:26,978 [INFO] New best model at epoch 1 (Val Acc: 0.2143)
2025-06-22 04:58:27,009 [INFO] Epoch 002 | Train Loss: 6.4892 | Val Loss: 1.4393 | Val Acc: 0.2143
2025-06-22 04:58:27,044 [INFO] Epoch 003 | Train Loss: 4.6342 | Val Loss: 1.6749 | Val Acc: 0.2857
2025-06-22 04:58:27,050 [INFO] New best model at epoch 3 (Val Acc: 0.2857)
2025-06-22 04:58:27,102 [INFO] Epoch 004 | Train Loss: 4.6319 | Val Loss: 1.8861 | Val Acc: 0.3036
2025-06-22 04:58:27,108 [INFO] New best model at epoch 4 (Val Acc: 0.3036)
2025-06-22 04:58:27,139 [INFO] Epoch 005 | Train Loss: 4.7600 | Val Loss: 2.5145 | Val Acc: 0.2679
2025-06-22 04:58:27,177 [INFO] Epoch 006 | Train Loss: 4.8435 | Val Loss: 2.0111 | Val Acc: 0.3393
2025-06-22 04:58:27,183 [INFO] New best model at epoch 6 (Val Acc: 0.3393)
2025-06-22 04:58:27,215 [INFO] Epoch 007 | Train Loss: 3.6418 | Val Loss: 2.7577 | Val Acc: 0.3571
2025-06-22 04:58:27,221 [INFO] New best model at epoch 7 (Val Acc: 0.3571)
2025-06-22 04:58:27,260 [INFO] Epoch 008 | Train Loss: 4.1605 | Val Loss: 2.0328 | Val Acc: 0.3929
2025-06-22 04:58:27,265 [INFO] New best model at epoch 8 (Val Acc: 0.3929)
2025-06-22 04:58:27,314 [INFO] Epoch 009 | Train Loss: 4.2582 | Val Loss: 2.5771 | Val Acc: 0.3571
2025-06-22 04:58:27,366 [INFO] Epoch 010 | Train Loss: 3.5764 | Val Loss: 2.0268 | Val Acc: 0.4643
2025-06-22 04:58:27,935 [INFO] New best model at epoch 10 (Val Acc: 0.4643)
2025-06-22 04:58:27,967 [INFO] Epoch 011 | Train Loss: 4.4249 | Val Loss: 2.2225 | Val Acc: 0.4821
2025-06-22 04:58:27,973 [INFO] New best model at epoch 11 (Val Acc: 0.4821)
2025-06-22 04:58:28,004 [INFO] Epoch 012 | Train Loss: 3.9845 | Val Loss: 2.5515 | Val Acc: 0.3929
2025-06-22 04:58:28,056 [INFO] Epoch 013 | Train Loss: 2.8139 | Val Loss: 2.8068 | Val Acc: 0.4107
2025-06-22 04:58:28,113 [INFO] Epoch 014 | Train Loss: 3.0629 | Val Loss: 2.2203 | Val Acc: 0.5179
2025-06-22 04:58:28,119 [INFO] New best model at epoch 14 (Val Acc: 0.5179)
2025-06-22 04:58:28,197 [INFO] Epoch 015 | Train Loss: 2.9783 | Val Loss: 2.1299 | Val Acc: 0.4286
2025-06-22 04:58:28,275 [INFO] Epoch 016 | Train Loss: 2.0644 | Val Loss: 1.9339 | Val Acc: 0.3929
2025-06-22 04:58:28,371 [INFO] Epoch 017 | Train Loss: 2.2508 | Val Loss: 2.5966 | Val Acc: 0.3929
2025-06-22 04:58:28,437 [INFO] Epoch 018 | Train Loss: 2.2756 | Val Loss: 1.9763 | Val Acc: 0.4643
2025-06-22 04:58:28,531 [INFO] Epoch 019 | Train Loss: 2.3391 | Val Loss: 1.7174 | Val Acc: 0.3929
2025-06-22 04:58:28,567 [INFO] Epoch 020 | Train Loss: 2.9985 | Val Loss: 1.6901 | Val Acc: 0.3929
2025-06-22 04:58:29,207 [INFO] Epoch 021 | Train Loss: 2.8530 | Val Loss: 1.7259 | Val Acc: 0.3929
2025-06-22 04:58:29,274 [INFO] Epoch 022 | Train Loss: 2.4183 | Val Loss: 3.1925 | Val Acc: 0.3393
2025-06-22 04:58:29,335 [INFO] Epoch 023 | Train Loss: 2.7644 | Val Loss: 1.9502 | Val Acc: 0.3214
2025-06-22 04:58:29,370 [INFO] Epoch 024 | Train Loss: 1.9649 | Val Loss: 1.8368 | Val Acc: 0.3214
2025-06-22 04:58:29,405 [INFO] Epoch 025 | Train Loss: 2.1341 | Val Loss: 2.1091 | Val Acc: 0.3393
2025-06-22 04:58:29,441 [INFO] Epoch 026 | Train Loss: 2.1750 | Val Loss: 2.3388 | Val Acc: 0.3750
2025-06-22 04:58:29,477 [INFO] Epoch 027 | Train Loss: 2.3484 | Val Loss: 2.0369 | Val Acc: 0.3929
2025-06-22 04:58:29,513 [INFO] Epoch 028 | Train Loss: 1.5296 | Val Loss: 1.8667 | Val Acc: 0.3571
2025-06-22 04:58:29,548 [INFO] Epoch 029 | Train Loss: 1.8299 | Val Loss: 1.5518 | Val Acc: 0.3750
2025-06-22 04:58:29,584 [INFO] Epoch 030 | Train Loss: 1.3662 | Val Loss: 1.6197 | Val Acc: 0.4464
2025-06-22 04:58:30,181 [INFO] Epoch 031 | Train Loss: 2.5914 | Val Loss: 1.7185 | Val Acc: 0.3929
2025-06-22 04:58:30,245 [INFO] Epoch 032 | Train Loss: 1.8816 | Val Loss: 2.0940 | Val Acc: 0.3571
2025-06-22 04:58:30,280 [INFO] Epoch 033 | Train Loss: 1.8059 | Val Loss: 1.4839 | Val Acc: 0.3571
2025-06-22 04:58:30,315 [INFO] Epoch 034 | Train Loss: 1.6492 | Val Loss: 1.4941 | Val Acc: 0.3750
2025-06-22 04:58:30,357 [INFO] Epoch 035 | Train Loss: 1.3639 | Val Loss: 1.5744 | Val Acc: 0.3571
2025-06-22 04:58:30,392 [INFO] Epoch 036 | Train Loss: 1.5882 | Val Loss: 1.6880 | Val Acc: 0.3750
2025-06-22 04:58:30,426 [INFO] Epoch 037 | Train Loss: 2.2717 | Val Loss: 1.6205 | Val Acc: 0.3750
2025-06-22 04:58:30,461 [INFO] Epoch 038 | Train Loss: 1.5288 | Val Loss: 1.8563 | Val Acc: 0.3393
2025-06-22 04:58:30,497 [INFO] Epoch 039 | Train Loss: 1.3114 | Val Loss: 2.1913 | Val Acc: 0.3393
2025-06-22 04:58:30,539 [INFO] Epoch 040 | Train Loss: 1.8283 | Val Loss: 1.5208 | Val Acc: 0.3750
2025-06-22 04:58:31,148 [INFO] Epoch 041 | Train Loss: 2.0474 | Val Loss: 2.2682 | Val Acc: 0.4643
2025-06-22 04:58:31,217 [INFO] Epoch 042 | Train Loss: 1.8395 | Val Loss: 2.0262 | Val Acc: 0.3393
2025-06-22 04:58:31,261 [INFO] Epoch 043 | Train Loss: 1.4949 | Val Loss: 1.7187 | Val Acc: 0.4107
2025-06-22 04:58:31,296 [INFO] Epoch 044 | Train Loss: 1.6980 | Val Loss: 1.6110 | Val Acc: 0.4643
2025-06-22 04:58:31,338 [INFO] Epoch 045 | Train Loss: 1.6127 | Val Loss: 1.6044 | Val Acc: 0.4821
2025-06-22 04:58:31,377 [INFO] Epoch 046 | Train Loss: 1.3409 | Val Loss: 2.5202 | Val Acc: 0.4286
2025-06-22 04:58:31,412 [INFO] Epoch 047 | Train Loss: 1.1952 | Val Loss: 2.0833 | Val Acc: 0.4464
2025-06-22 04:58:31,448 [INFO] Epoch 048 | Train Loss: 1.7073 | Val Loss: 1.5427 | Val Acc: 0.4464
2025-06-22 04:58:31,484 [INFO] Epoch 049 | Train Loss: 1.1968 | Val Loss: 1.4566 | Val Acc: 0.4107
2025-06-22 04:58:31,519 [INFO] Epoch 050 | Train Loss: 1.1888 | Val Loss: 2.0019 | Val Acc: 0.3929
2025-06-22 04:58:32,121 [INFO] Epoch 051 | Train Loss: 1.3077 | Val Loss: 1.7786 | Val Acc: 0.3571
2025-06-22 04:58:32,192 [INFO] Epoch 052 | Train Loss: 1.4771 | Val Loss: 1.8454 | Val Acc: 0.3571
2025-06-22 04:58:32,244 [INFO] Epoch 053 | Train Loss: 1.3824 | Val Loss: 2.0019 | Val Acc: 0.4107
2025-06-22 04:58:32,298 [INFO] Epoch 054 | Train Loss: 0.9787 | Val Loss: 1.7083 | Val Acc: 0.4464
2025-06-22 04:58:32,333 [INFO] Epoch 055 | Train Loss: 1.0327 | Val Loss: 1.7530 | Val Acc: 0.3929
2025-06-22 04:58:32,368 [INFO] Epoch 056 | Train Loss: 1.0778 | Val Loss: 1.6875 | Val Acc: 0.3929
2025-06-22 04:58:32,403 [INFO] Epoch 057 | Train Loss: 1.5482 | Val Loss: 1.6226 | Val Acc: 0.4464
2025-06-22 04:58:32,438 [INFO] Epoch 058 | Train Loss: 0.9616 | Val Loss: 1.7151 | Val Acc: 0.3750
2025-06-22 04:58:32,473 [INFO] Epoch 059 | Train Loss: 0.7926 | Val Loss: 1.9483 | Val Acc: 0.4464
2025-06-22 04:58:32,512 [INFO] Epoch 060 | Train Loss: 0.9349 | Val Loss: 2.2122 | Val Acc: 0.4643
2025-06-22 04:58:33,116 [INFO] Epoch 061 | Train Loss: 0.7803 | Val Loss: 2.6556 | Val Acc: 0.4643
2025-06-22 04:58:33,175 [INFO] Epoch 062 | Train Loss: 1.1695 | Val Loss: 3.0501 | Val Acc: 0.4643
2025-06-22 04:58:33,209 [INFO] Epoch 063 | Train Loss: 0.9206 | Val Loss: 2.2401 | Val Acc: 0.4286
2025-06-22 04:58:33,245 [INFO] Epoch 064 | Train Loss: 0.9822 | Val Loss: 1.7567 | Val Acc: 0.4107
2025-06-22 04:58:33,287 [INFO] Epoch 065 | Train Loss: 1.3787 | Val Loss: 1.9920 | Val Acc: 0.4286
2025-06-22 04:58:33,329 [INFO] Epoch 066 | Train Loss: 1.3604 | Val Loss: 1.8051 | Val Acc: 0.4107
2025-06-22 04:58:33,375 [INFO] Epoch 067 | Train Loss: 1.3972 | Val Loss: 2.3782 | Val Acc: 0.4286
2025-06-22 04:58:33,410 [INFO] Epoch 068 | Train Loss: 1.6226 | Val Loss: 1.9301 | Val Acc: 0.3929
2025-06-22 04:58:33,445 [INFO] Epoch 069 | Train Loss: 1.2966 | Val Loss: 2.2579 | Val Acc: 0.3393
2025-06-22 04:58:33,481 [INFO] Epoch 070 | Train Loss: 0.8819 | Val Loss: 2.4702 | Val Acc: 0.3929
2025-06-22 04:58:34,068 [INFO] Epoch 071 | Train Loss: 1.0597 | Val Loss: 2.2325 | Val Acc: 0.4464
2025-06-22 04:58:34,146 [INFO] Epoch 072 | Train Loss: 1.1576 | Val Loss: 2.1093 | Val Acc: 0.5000
2025-06-22 04:58:34,181 [INFO] Epoch 073 | Train Loss: 0.8372 | Val Loss: 1.9934 | Val Acc: 0.4821
2025-06-22 04:58:34,216 [INFO] Epoch 074 | Train Loss: 1.1389 | Val Loss: 2.0140 | Val Acc: 0.5893
2025-06-22 04:58:34,221 [INFO] New best model at epoch 74 (Val Acc: 0.5893)
2025-06-22 04:58:34,283 [INFO] Epoch 075 | Train Loss: 0.8874 | Val Loss: 2.0172 | Val Acc: 0.5000
2025-06-22 04:58:34,370 [INFO] Epoch 076 | Train Loss: 0.8733 | Val Loss: 1.9543 | Val Acc: 0.4643
2025-06-22 04:58:34,443 [INFO] Epoch 077 | Train Loss: 1.1474 | Val Loss: 1.7919 | Val Acc: 0.4821
2025-06-22 04:58:34,479 [INFO] Epoch 078 | Train Loss: 0.6476 | Val Loss: 1.9930 | Val Acc: 0.5000
2025-06-22 04:58:34,517 [INFO] Epoch 079 | Train Loss: 0.7074 | Val Loss: 2.1287 | Val Acc: 0.4643
2025-06-22 04:58:34,554 [INFO] Epoch 080 | Train Loss: 0.6714 | Val Loss: 2.1573 | Val Acc: 0.4286
2025-06-22 04:58:37,008 [INFO] Epoch 081 | Train Loss: 0.7255 | Val Loss: 2.2744 | Val Acc: 0.3929
2025-06-22 04:58:37,079 [INFO] Epoch 082 | Train Loss: 0.7346 | Val Loss: 2.2095 | Val Acc: 0.3750
2025-06-22 04:58:37,125 [INFO] Epoch 083 | Train Loss: 0.6053 | Val Loss: 2.1276 | Val Acc: 0.3929
2025-06-22 04:58:37,162 [INFO] Epoch 084 | Train Loss: 0.7229 | Val Loss: 2.1539 | Val Acc: 0.4821
2025-06-22 04:58:37,198 [INFO] Epoch 085 | Train Loss: 0.6347 | Val Loss: 1.9964 | Val Acc: 0.5179
2025-06-22 04:58:37,237 [INFO] Epoch 086 | Train Loss: 0.5519 | Val Loss: 1.9870 | Val Acc: 0.5357
2025-06-22 04:58:37,274 [INFO] Epoch 087 | Train Loss: 0.5922 | Val Loss: 1.8984 | Val Acc: 0.5536
2025-06-22 04:58:37,309 [INFO] Epoch 088 | Train Loss: 0.5112 | Val Loss: 2.1887 | Val Acc: 0.5357
2025-06-22 04:58:37,346 [INFO] Epoch 089 | Train Loss: 0.9591 | Val Loss: 1.9808 | Val Acc: 0.5536
2025-06-22 04:58:37,382 [INFO] Epoch 090 | Train Loss: 0.4772 | Val Loss: 1.9055 | Val Acc: 0.5179
2025-06-22 04:58:38,895 [INFO] Epoch 091 | Train Loss: 0.5800 | Val Loss: 2.2617 | Val Acc: 0.5357
2025-06-22 04:58:38,977 [INFO] Epoch 092 | Train Loss: 0.4828 | Val Loss: 2.4155 | Val Acc: 0.5536
2025-06-22 04:58:39,015 [INFO] Epoch 093 | Train Loss: 0.6510 | Val Loss: 2.6144 | Val Acc: 0.4643
2025-06-22 04:58:39,166 [INFO] Epoch 094 | Train Loss: 0.4494 | Val Loss: 2.2262 | Val Acc: 0.5536
2025-06-22 04:58:39,204 [INFO] Epoch 095 | Train Loss: 0.6325 | Val Loss: 2.2539 | Val Acc: 0.5714
2025-06-22 04:58:39,239 [INFO] Epoch 096 | Train Loss: 0.5949 | Val Loss: 2.3743 | Val Acc: 0.5179
2025-06-22 04:58:39,274 [INFO] Epoch 097 | Train Loss: 0.5546 | Val Loss: 2.2292 | Val Acc: 0.5536
2025-06-22 04:58:39,327 [INFO] Epoch 098 | Train Loss: 0.5645 | Val Loss: 2.4381 | Val Acc: 0.4821
2025-06-22 04:58:39,361 [INFO] Epoch 099 | Train Loss: 0.4479 | Val Loss: 2.4983 | Val Acc: 0.5000
2025-06-22 04:58:39,404 [INFO] Epoch 100 | Train Loss: 1.0147 | Val Loss: 2.5207 | Val Acc: 0.4821
2025-06-22 04:58:40,302 [INFO] Epoch 101 | Train Loss: 0.6646 | Val Loss: 2.6725 | Val Acc: 0.4643
2025-06-22 04:58:40,365 [INFO] Epoch 102 | Train Loss: 0.5692 | Val Loss: 2.6102 | Val Acc: 0.4821
2025-06-22 04:58:40,400 [INFO] Epoch 103 | Train Loss: 0.5622 | Val Loss: 2.5120 | Val Acc: 0.4643
2025-06-22 04:58:40,436 [INFO] Epoch 104 | Train Loss: 0.4458 | Val Loss: 2.6739 | Val Acc: 0.4286
2025-06-22 04:58:40,470 [INFO] Epoch 105 | Train Loss: 0.5206 | Val Loss: 2.4670 | Val Acc: 0.4643
2025-06-22 04:58:40,504 [INFO] Epoch 106 | Train Loss: 0.4914 | Val Loss: 2.4961 | Val Acc: 0.4821
2025-06-22 04:58:40,538 [INFO] Epoch 107 | Train Loss: 0.7424 | Val Loss: 2.5749 | Val Acc: 0.5000
2025-06-22 04:58:40,573 [INFO] Epoch 108 | Train Loss: 0.5696 | Val Loss: 2.7804 | Val Acc: 0.5000
2025-06-22 04:58:40,610 [INFO] Epoch 109 | Train Loss: 0.6056 | Val Loss: 2.7172 | Val Acc: 0.5179
2025-06-22 04:58:40,660 [INFO] Epoch 110 | Train Loss: 0.5273 | Val Loss: 2.9379 | Val Acc: 0.4821
2025-06-22 04:58:41,305 [INFO] Epoch 111 | Train Loss: 0.6650 | Val Loss: 3.1718 | Val Acc: 0.4286
2025-06-22 04:58:41,368 [INFO] Epoch 112 | Train Loss: 0.5775 | Val Loss: 2.4829 | Val Acc: 0.5357
2025-06-22 04:58:41,404 [INFO] Epoch 113 | Train Loss: 0.6204 | Val Loss: 2.2835 | Val Acc: 0.5179
2025-06-22 04:58:41,441 [INFO] Epoch 114 | Train Loss: 0.4588 | Val Loss: 2.1376 | Val Acc: 0.6250
2025-06-22 04:58:41,447 [INFO] New best model at epoch 114 (Val Acc: 0.6250)
2025-06-22 04:58:41,479 [INFO] Epoch 115 | Train Loss: 0.5452 | Val Loss: 2.2985 | Val Acc: 0.5536
2025-06-22 04:58:41,514 [INFO] Epoch 116 | Train Loss: 0.5846 | Val Loss: 2.8620 | Val Acc: 0.5179
2025-06-22 04:58:41,549 [INFO] Epoch 117 | Train Loss: 0.2530 | Val Loss: 2.7744 | Val Acc: 0.5000
2025-06-22 04:58:41,584 [INFO] Epoch 118 | Train Loss: 0.4930 | Val Loss: 2.3329 | Val Acc: 0.5357
2025-06-22 04:58:41,620 [INFO] Epoch 119 | Train Loss: 0.7326 | Val Loss: 2.0907 | Val Acc: 0.5179
2025-06-22 04:58:41,654 [INFO] Epoch 120 | Train Loss: 0.5349 | Val Loss: 2.4305 | Val Acc: 0.5179
2025-06-22 04:58:42,275 [INFO] Epoch 121 | Train Loss: 0.4463 | Val Loss: 2.2206 | Val Acc: 0.4821
2025-06-22 04:58:42,341 [INFO] Epoch 122 | Train Loss: 0.5207 | Val Loss: 2.5032 | Val Acc: 0.5000
2025-06-22 04:58:42,376 [INFO] Epoch 123 | Train Loss: 0.2663 | Val Loss: 2.8887 | Val Acc: 0.5179
2025-06-22 04:58:42,412 [INFO] Epoch 124 | Train Loss: 0.4083 | Val Loss: 3.1124 | Val Acc: 0.5357
2025-06-22 04:58:42,454 [INFO] Epoch 125 | Train Loss: 0.2354 | Val Loss: 3.1714 | Val Acc: 0.5000
2025-06-22 04:58:42,489 [INFO] Epoch 126 | Train Loss: 0.5353 | Val Loss: 2.2628 | Val Acc: 0.5893
2025-06-22 04:58:42,525 [INFO] Epoch 127 | Train Loss: 0.6058 | Val Loss: 2.8444 | Val Acc: 0.5536
2025-06-22 04:58:42,561 [INFO] Epoch 128 | Train Loss: 0.5597 | Val Loss: 2.9090 | Val Acc: 0.5536
2025-06-22 04:58:42,596 [INFO] Epoch 129 | Train Loss: 0.5810 | Val Loss: 3.0316 | Val Acc: 0.5179
2025-06-22 04:58:42,631 [INFO] Epoch 130 | Train Loss: 0.4405 | Val Loss: 2.9341 | Val Acc: 0.4821
2025-06-22 04:58:43,267 [INFO] Epoch 131 | Train Loss: 0.4396 | Val Loss: 2.9036 | Val Acc: 0.4643
2025-06-22 04:58:43,332 [INFO] Epoch 132 | Train Loss: 0.4468 | Val Loss: 3.2009 | Val Acc: 0.5000
2025-06-22 04:58:43,366 [INFO] Epoch 133 | Train Loss: 0.5172 | Val Loss: 3.0053 | Val Acc: 0.5000
2025-06-22 04:58:43,400 [INFO] Epoch 134 | Train Loss: 0.4020 | Val Loss: 2.5829 | Val Acc: 0.5714
2025-06-22 04:58:43,453 [INFO] Epoch 135 | Train Loss: 0.3952 | Val Loss: 2.4010 | Val Acc: 0.5714
2025-06-22 04:58:43,487 [INFO] Epoch 136 | Train Loss: 0.3038 | Val Loss: 2.7239 | Val Acc: 0.6250
2025-06-22 04:58:43,522 [INFO] Epoch 137 | Train Loss: 0.4230 | Val Loss: 2.5448 | Val Acc: 0.5714
2025-06-22 04:58:43,559 [INFO] Epoch 138 | Train Loss: 0.3703 | Val Loss: 2.7648 | Val Acc: 0.5000
2025-06-22 04:58:43,594 [INFO] Epoch 139 | Train Loss: 0.4520 | Val Loss: 2.8280 | Val Acc: 0.5357
2025-06-22 04:58:43,630 [INFO] Epoch 140 | Train Loss: 0.6388 | Val Loss: 3.4447 | Val Acc: 0.4643
2025-06-22 04:58:44,292 [INFO] Epoch 141 | Train Loss: 0.2820 | Val Loss: 4.0072 | Val Acc: 0.4464
2025-06-22 04:58:44,354 [INFO] Epoch 142 | Train Loss: 0.4107 | Val Loss: 4.1411 | Val Acc: 0.4464
2025-06-22 04:58:44,389 [INFO] Epoch 143 | Train Loss: 0.2761 | Val Loss: 3.9387 | Val Acc: 0.3750
2025-06-22 04:58:44,423 [INFO] Epoch 144 | Train Loss: 0.3807 | Val Loss: 3.5586 | Val Acc: 0.3929
2025-06-22 04:58:44,461 [INFO] Epoch 145 | Train Loss: 0.4622 | Val Loss: 3.1022 | Val Acc: 0.4464
2025-06-22 04:58:44,496 [INFO] Epoch 146 | Train Loss: 0.4300 | Val Loss: 3.6024 | Val Acc: 0.4107
2025-06-22 04:58:44,530 [INFO] Epoch 147 | Train Loss: 0.3686 | Val Loss: 4.2812 | Val Acc: 0.4286
2025-06-22 04:58:44,566 [INFO] Epoch 148 | Train Loss: 0.3973 | Val Loss: 3.9926 | Val Acc: 0.5179
2025-06-22 04:58:44,602 [INFO] Epoch 149 | Train Loss: 0.3876 | Val Loss: 3.3696 | Val Acc: 0.4821
2025-06-22 04:58:44,652 [INFO] Epoch 150 | Train Loss: 0.2773 | Val Loss: 3.3816 | Val Acc: 0.4821
2025-06-22 04:58:45,314 [INFO] Epoch 151 | Train Loss: 0.1902 | Val Loss: 3.7482 | Val Acc: 0.4464
2025-06-22 04:58:45,374 [INFO] Epoch 152 | Train Loss: 0.4473 | Val Loss: 4.0194 | Val Acc: 0.4286
2025-06-22 04:58:45,410 [INFO] Epoch 153 | Train Loss: 0.2230 | Val Loss: 4.0983 | Val Acc: 0.4286
2025-06-22 04:58:45,444 [INFO] Epoch 154 | Train Loss: 0.4213 | Val Loss: 5.0380 | Val Acc: 0.4821
2025-06-22 04:58:45,479 [INFO] Epoch 155 | Train Loss: 0.4657 | Val Loss: 4.5477 | Val Acc: 0.4821
2025-06-22 04:58:45,514 [INFO] Epoch 156 | Train Loss: 0.5126 | Val Loss: 3.7908 | Val Acc: 0.4643
2025-06-22 04:58:45,550 [INFO] Epoch 157 | Train Loss: 0.5341 | Val Loss: 3.4205 | Val Acc: 0.5893
2025-06-22 04:58:45,585 [INFO] Epoch 158 | Train Loss: 0.4874 | Val Loss: 4.2199 | Val Acc: 0.4107
2025-06-22 04:58:45,620 [INFO] Epoch 159 | Train Loss: 0.4296 | Val Loss: 4.4543 | Val Acc: 0.4464
2025-06-22 04:58:45,655 [INFO] Epoch 160 | Train Loss: 0.5155 | Val Loss: 4.0771 | Val Acc: 0.3571
2025-06-22 04:58:46,279 [INFO] Epoch 161 | Train Loss: 0.3618 | Val Loss: 3.4990 | Val Acc: 0.4464
2025-06-22 04:58:46,339 [INFO] Epoch 162 | Train Loss: 0.2978 | Val Loss: 3.2130 | Val Acc: 0.4464
2025-06-22 04:58:46,375 [INFO] Epoch 163 | Train Loss: 0.5237 | Val Loss: 3.9097 | Val Acc: 0.4286
2025-06-22 04:58:46,409 [INFO] Epoch 164 | Train Loss: 0.2837 | Val Loss: 3.4709 | Val Acc: 0.5000
2025-06-22 04:58:46,454 [INFO] Epoch 165 | Train Loss: 0.3368 | Val Loss: 3.3996 | Val Acc: 0.5179
2025-06-22 04:58:46,489 [INFO] Epoch 166 | Train Loss: 0.1978 | Val Loss: 3.4939 | Val Acc: 0.5179
2025-06-22 04:58:46,524 [INFO] Epoch 167 | Train Loss: 0.3705 | Val Loss: 3.5805 | Val Acc: 0.5179
2025-06-22 04:58:46,560 [INFO] Epoch 168 | Train Loss: 0.3751 | Val Loss: 3.0273 | Val Acc: 0.5179
2025-06-22 04:58:46,595 [INFO] Epoch 169 | Train Loss: 0.3391 | Val Loss: 3.3461 | Val Acc: 0.5179
2025-06-22 04:58:46,635 [INFO] Epoch 170 | Train Loss: 0.2573 | Val Loss: 3.7518 | Val Acc: 0.5000
2025-06-22 04:58:47,269 [INFO] Epoch 171 | Train Loss: 0.4612 | Val Loss: 3.6822 | Val Acc: 0.4821
2025-06-22 04:58:47,328 [INFO] Epoch 172 | Train Loss: 0.3302 | Val Loss: 3.9549 | Val Acc: 0.3929
2025-06-22 04:58:47,366 [INFO] Epoch 173 | Train Loss: 0.2780 | Val Loss: 4.0004 | Val Acc: 0.4643
2025-06-22 04:58:47,402 [INFO] Epoch 174 | Train Loss: 0.4597 | Val Loss: 4.3227 | Val Acc: 0.5179
2025-06-22 04:58:47,437 [INFO] Epoch 175 | Train Loss: 0.5691 | Val Loss: 3.6672 | Val Acc: 0.5536
2025-06-22 04:58:47,475 [INFO] Epoch 176 | Train Loss: 0.4125 | Val Loss: 4.1181 | Val Acc: 0.4821
2025-06-22 04:58:47,510 [INFO] Epoch 177 | Train Loss: 0.2527 | Val Loss: 4.1803 | Val Acc: 0.4643
2025-06-22 04:58:47,546 [INFO] Epoch 178 | Train Loss: 0.3359 | Val Loss: 4.2737 | Val Acc: 0.4643
2025-06-22 04:58:47,581 [INFO] Epoch 179 | Train Loss: 0.2090 | Val Loss: 4.4483 | Val Acc: 0.4821
2025-06-22 04:58:47,616 [INFO] Epoch 180 | Train Loss: 0.1559 | Val Loss: 4.4715 | Val Acc: 0.5179
2025-06-22 04:58:48,239 [INFO] Epoch 181 | Train Loss: 0.2431 | Val Loss: 3.6156 | Val Acc: 0.5179
2025-06-22 04:58:48,298 [INFO] Epoch 182 | Train Loss: 0.1587 | Val Loss: 3.6692 | Val Acc: 0.4464
2025-06-22 04:58:48,336 [INFO] Epoch 183 | Train Loss: 0.2761 | Val Loss: 4.0482 | Val Acc: 0.4286
2025-06-22 04:58:48,369 [INFO] Epoch 184 | Train Loss: 0.2080 | Val Loss: 4.1060 | Val Acc: 0.3571
2025-06-22 04:58:48,404 [INFO] Epoch 185 | Train Loss: 0.2795 | Val Loss: 4.4732 | Val Acc: 0.4107
2025-06-22 04:58:48,440 [INFO] Epoch 186 | Train Loss: 0.2228 | Val Loss: 4.0278 | Val Acc: 0.4107
2025-06-22 04:58:48,476 [INFO] Epoch 187 | Train Loss: 0.3067 | Val Loss: 3.4885 | Val Acc: 0.4821
2025-06-22 04:58:48,511 [INFO] Epoch 188 | Train Loss: 0.2586 | Val Loss: 4.0280 | Val Acc: 0.4286
2025-06-22 04:58:48,545 [INFO] Epoch 189 | Train Loss: 0.3374 | Val Loss: 3.8964 | Val Acc: 0.4643
2025-06-22 04:58:48,580 [INFO] Epoch 190 | Train Loss: 0.2401 | Val Loss: 3.9695 | Val Acc: 0.4643
2025-06-22 04:58:49,212 [INFO] Epoch 191 | Train Loss: 0.4029 | Val Loss: 4.4572 | Val Acc: 0.4286
2025-06-22 04:58:49,351 [INFO] Epoch 192 | Train Loss: 0.3400 | Val Loss: 3.9636 | Val Acc: 0.4464
2025-06-22 04:58:49,417 [INFO] Epoch 193 | Train Loss: 0.2722 | Val Loss: 3.8957 | Val Acc: 0.5536
2025-06-22 04:58:49,489 [INFO] Epoch 194 | Train Loss: 0.2365 | Val Loss: 4.3947 | Val Acc: 0.5536
2025-06-22 04:58:49,544 [INFO] Epoch 195 | Train Loss: 0.2333 | Val Loss: 4.4914 | Val Acc: 0.5179
2025-06-22 04:58:49,623 [INFO] Epoch 196 | Train Loss: 0.2233 | Val Loss: 4.6942 | Val Acc: 0.4821
2025-06-22 04:58:49,682 [INFO] Epoch 197 | Train Loss: 0.3210 | Val Loss: 4.9313 | Val Acc: 0.4821
2025-06-22 04:58:49,737 [INFO] Epoch 198 | Train Loss: 0.1733 | Val Loss: 4.8859 | Val Acc: 0.5179
2025-06-22 04:58:49,821 [INFO] Epoch 199 | Train Loss: 0.2062 | Val Loss: 4.4550 | Val Acc: 0.4643
2025-06-22 04:58:49,875 [INFO] Epoch 200 | Train Loss: 0.1105 | Val Loss: 4.3785 | Val Acc: 0.4821
2025-06-22 04:58:50,533 [INFO] Epoch 201 | Train Loss: 0.2182 | Val Loss: 4.2601 | Val Acc: 0.5357
2025-06-22 04:58:50,595 [INFO] Epoch 202 | Train Loss: 0.2094 | Val Loss: 4.2460 | Val Acc: 0.4464
2025-06-22 04:58:50,630 [INFO] Epoch 203 | Train Loss: 0.1761 | Val Loss: 4.5582 | Val Acc: 0.4643
2025-06-22 04:58:50,665 [INFO] Epoch 204 | Train Loss: 0.3495 | Val Loss: 4.7024 | Val Acc: 0.5179
2025-06-22 04:58:50,708 [INFO] Epoch 205 | Train Loss: 0.2419 | Val Loss: 4.9289 | Val Acc: 0.5000
2025-06-22 04:58:50,743 [INFO] Epoch 206 | Train Loss: 0.3263 | Val Loss: 5.3082 | Val Acc: 0.4821
2025-06-22 04:58:50,778 [INFO] Epoch 207 | Train Loss: 0.3581 | Val Loss: 4.9762 | Val Acc: 0.5000
2025-06-22 04:58:50,822 [INFO] Epoch 208 | Train Loss: 0.2388 | Val Loss: 3.7192 | Val Acc: 0.5536
2025-06-22 04:58:50,856 [INFO] Epoch 209 | Train Loss: 0.2579 | Val Loss: 3.9176 | Val Acc: 0.5179
2025-06-22 04:58:50,894 [INFO] Epoch 210 | Train Loss: 0.1931 | Val Loss: 3.8882 | Val Acc: 0.4821
2025-06-22 04:58:51,767 [INFO] Epoch 211 | Train Loss: 0.1291 | Val Loss: 4.2648 | Val Acc: 0.4643
2025-06-22 04:58:51,830 [INFO] Epoch 212 | Train Loss: 0.2412 | Val Loss: 3.9840 | Val Acc: 0.4821
2025-06-22 04:58:51,873 [INFO] Epoch 213 | Train Loss: 0.1744 | Val Loss: 3.9814 | Val Acc: 0.5179
2025-06-22 04:58:51,906 [INFO] Epoch 214 | Train Loss: 0.1667 | Val Loss: 4.3424 | Val Acc: 0.4464
2025-06-22 04:58:51,950 [INFO] Epoch 215 | Train Loss: 0.2398 | Val Loss: 4.5635 | Val Acc: 0.4643
2025-06-22 04:58:51,984 [INFO] Epoch 216 | Train Loss: 0.1633 | Val Loss: 4.1530 | Val Acc: 0.4464
2025-06-22 04:58:52,020 [INFO] Epoch 217 | Train Loss: 0.2352 | Val Loss: 4.2121 | Val Acc: 0.4464
2025-06-22 04:58:52,056 [INFO] Epoch 218 | Train Loss: 0.2994 | Val Loss: 4.1788 | Val Acc: 0.4643
2025-06-22 04:58:52,091 [INFO] Epoch 219 | Train Loss: 0.2063 | Val Loss: 4.0099 | Val Acc: 0.5179
2025-06-22 04:58:52,127 [INFO] Epoch 220 | Train Loss: 0.1117 | Val Loss: 4.0740 | Val Acc: 0.4643
2025-06-22 04:58:52,778 [INFO] Epoch 221 | Train Loss: 0.1805 | Val Loss: 4.2128 | Val Acc: 0.4286
2025-06-22 04:58:52,841 [INFO] Epoch 222 | Train Loss: 0.1401 | Val Loss: 4.3840 | Val Acc: 0.4107
2025-06-22 04:58:52,876 [INFO] Epoch 223 | Train Loss: 0.1837 | Val Loss: 3.9071 | Val Acc: 0.4643
2025-06-22 04:58:52,910 [INFO] Epoch 224 | Train Loss: 0.1689 | Val Loss: 3.6307 | Val Acc: 0.3929
2025-06-22 04:58:52,953 [INFO] Epoch 225 | Train Loss: 0.2335 | Val Loss: 3.2988 | Val Acc: 0.5000
2025-06-22 04:58:52,988 [INFO] Epoch 226 | Train Loss: 0.1763 | Val Loss: 3.2084 | Val Acc: 0.5000
2025-06-22 04:58:53,025 [INFO] Epoch 227 | Train Loss: 0.1980 | Val Loss: 3.0933 | Val Acc: 0.5000
2025-06-22 04:58:53,079 [INFO] Epoch 228 | Train Loss: 0.2771 | Val Loss: 3.2144 | Val Acc: 0.5179
2025-06-22 04:58:53,114 [INFO] Epoch 229 | Train Loss: 0.1856 | Val Loss: 3.4550 | Val Acc: 0.5714
2025-06-22 04:58:53,152 [INFO] Epoch 230 | Train Loss: 0.1754 | Val Loss: 3.7529 | Val Acc: 0.4821
2025-06-22 04:58:55,606 [INFO] Epoch 231 | Train Loss: 0.2596 | Val Loss: 3.7683 | Val Acc: 0.4821
2025-06-22 04:58:55,692 [INFO] Epoch 232 | Train Loss: 0.1918 | Val Loss: 4.0347 | Val Acc: 0.4643
2025-06-22 04:58:55,740 [INFO] Epoch 233 | Train Loss: 0.2247 | Val Loss: 3.7075 | Val Acc: 0.4286
2025-06-22 04:58:55,784 [INFO] Epoch 234 | Train Loss: 0.1786 | Val Loss: 3.9858 | Val Acc: 0.4821
2025-06-22 04:58:55,824 [INFO] Epoch 235 | Train Loss: 0.1081 | Val Loss: 4.3375 | Val Acc: 0.4286
2025-06-22 04:58:55,860 [INFO] Epoch 236 | Train Loss: 0.1020 | Val Loss: 4.2356 | Val Acc: 0.4821
2025-06-22 04:58:55,898 [INFO] Epoch 237 | Train Loss: 0.1529 | Val Loss: 3.7960 | Val Acc: 0.4643
2025-06-22 04:58:55,936 [INFO] Epoch 238 | Train Loss: 0.1883 | Val Loss: 4.1311 | Val Acc: 0.3929
2025-06-22 04:58:55,974 [INFO] Epoch 239 | Train Loss: 0.2514 | Val Loss: 3.9669 | Val Acc: 0.4643
2025-06-22 04:58:56,010 [INFO] Epoch 240 | Train Loss: 0.1757 | Val Loss: 4.4674 | Val Acc: 0.4286
2025-06-22 04:58:56,682 [INFO] Epoch 241 | Train Loss: 0.1251 | Val Loss: 4.1977 | Val Acc: 0.5357
2025-06-22 04:58:56,777 [INFO] Epoch 242 | Train Loss: 0.1443 | Val Loss: 3.7982 | Val Acc: 0.4821
2025-06-22 04:58:56,828 [INFO] Epoch 243 | Train Loss: 0.2449 | Val Loss: 3.8980 | Val Acc: 0.5000
2025-06-22 04:58:56,866 [INFO] Epoch 244 | Train Loss: 0.1483 | Val Loss: 4.0611 | Val Acc: 0.4821
2025-06-22 04:58:56,902 [INFO] Epoch 245 | Train Loss: 0.1562 | Val Loss: 3.7086 | Val Acc: 0.5357
2025-06-22 04:58:56,946 [INFO] Epoch 246 | Train Loss: 0.0807 | Val Loss: 3.7934 | Val Acc: 0.5357
2025-06-22 04:58:56,981 [INFO] Epoch 247 | Train Loss: 0.2336 | Val Loss: 3.7815 | Val Acc: 0.5000
2025-06-22 04:58:57,017 [INFO] Epoch 248 | Train Loss: 0.1798 | Val Loss: 4.1664 | Val Acc: 0.4286
2025-06-22 04:58:57,055 [INFO] Epoch 249 | Train Loss: 0.1453 | Val Loss: 4.6240 | Val Acc: 0.4821
2025-06-22 04:58:57,090 [INFO] Epoch 250 | Train Loss: 0.1584 | Val Loss: 4.6969 | Val Acc: 0.4821
2025-06-22 04:58:57,694 [INFO] Epoch 251 | Train Loss: 0.2116 | Val Loss: 4.4720 | Val Acc: 0.4464
2025-06-22 04:58:57,767 [INFO] Epoch 252 | Train Loss: 0.1940 | Val Loss: 3.9757 | Val Acc: 0.4464
2025-06-22 04:58:57,883 [INFO] Epoch 253 | Train Loss: 0.1568 | Val Loss: 4.0386 | Val Acc: 0.4107
2025-06-22 04:58:57,945 [INFO] Epoch 254 | Train Loss: 0.1019 | Val Loss: 4.0701 | Val Acc: 0.4286
2025-06-22 04:58:57,980 [INFO] Epoch 255 | Train Loss: 0.1568 | Val Loss: 4.1533 | Val Acc: 0.4821
2025-06-22 04:58:58,015 [INFO] Epoch 256 | Train Loss: 0.1901 | Val Loss: 3.3258 | Val Acc: 0.5536
2025-06-22 04:58:58,053 [INFO] Epoch 257 | Train Loss: 0.1422 | Val Loss: 2.9532 | Val Acc: 0.5179
2025-06-22 04:58:58,090 [INFO] Epoch 258 | Train Loss: 0.1063 | Val Loss: 3.2910 | Val Acc: 0.4821
2025-06-22 04:58:58,134 [INFO] Epoch 259 | Train Loss: 0.2039 | Val Loss: 3.9435 | Val Acc: 0.3929
2025-06-22 04:58:58,174 [INFO] Epoch 260 | Train Loss: 0.2319 | Val Loss: 4.2153 | Val Acc: 0.4821
2025-06-22 04:58:58,795 [INFO] Epoch 261 | Train Loss: 0.2151 | Val Loss: 4.4793 | Val Acc: 0.5000
2025-06-22 04:58:58,885 [INFO] Epoch 262 | Train Loss: 0.1081 | Val Loss: 4.6454 | Val Acc: 0.5179
2025-06-22 04:58:58,938 [INFO] Epoch 263 | Train Loss: 0.1899 | Val Loss: 5.1059 | Val Acc: 0.4643
2025-06-22 04:58:58,994 [INFO] Epoch 264 | Train Loss: 0.1944 | Val Loss: 4.9833 | Val Acc: 0.5179
2025-06-22 04:58:58,998 [INFO] Early stopping at epoch 264 (no improvement in 150 epochs).
2025-06-22 04:58:59,003 [INFO] Best model saved to <built-in function time>/ENZYMES/best/best_source_gin.pth (Val Acc: 0.6250 at epoch 114)
2025-06-22 04:58:59,004 [INFO] Training/validation metrics saved to <built-in function time>/ENZYMES/GIN_0.001/train_metrics.csv
2025-06-22 04:58:59,580 [INFO] Final training curves saved
2025-06-22 04:58:59,580 [INFO] Training completed!
2025-06-22 04:58:59,580 [INFO] Best validation accuracy: 0.6250
2025-06-22 04:58:59,580 [INFO] Best epoch: 114
2025-06-22 04:58:59,580 [INFO] Total epochs trained: 264
2025-06-22 04:58:59,581 [INFO] Starting training with parameters: (0.001, 0.3, 128, 4, 400, 0.001)
