2025-06-22 09:24:39,712 [INFO] Using device: cpu
2025-06-22 09:24:39,712 [INFO] 开始创建数据加载器...
2025-06-22 09:24:39,715 [INFO] Successfully loaded dataset ENZYMES from ./data, total graphs: 600
2025-06-22 09:24:39,715 [INFO] Class allocation analysis:
2025-06-22 09:24:39,715 [INFO]   Source classes: [0, 1, 2, 3]
2025-06-22 09:24:39,715 [INFO]   Target classes: [0, 1, 2, 3, 4, 5]
2025-06-22 09:24:39,715 [INFO]   Overlap classes (to be split): [0, 1, 2, 3]
2025-06-22 09:24:39,715 [INFO]   Target novel classes (unknown): [4, 5]
2025-06-22 09:24:39,729 [INFO]   Class 0: 100 total -> Source: 70, Target: 30
2025-06-22 09:24:39,729 [INFO]   Class 1: 100 total -> Source: 70, Target: 30
2025-06-22 09:24:39,729 [INFO]   Class 2: 100 total -> Source: 70, Target: 30
2025-06-22 09:24:39,730 [INFO]   Class 3: 100 total -> Source: 70, Target: 30
2025-06-22 09:24:39,730 [INFO]   Class 4 (novel/unknown): 100 samples -> Target
2025-06-22 09:24:39,730 [INFO]   Class 5 (novel/unknown): 100 samples -> Target
2025-06-22 09:24:39,730 [INFO] Final allocation:
2025-06-22 09:24:39,730 [INFO]   Source domain: 280 samples
2025-06-22 09:24:39,730 [INFO]   Target domain: 320 samples
2025-06-22 09:24:39,731 [INFO] Source domain setup:
2025-06-22 09:24:39,731 [INFO]   Original classes: [0, 1, 2, 3]
2025-06-22 09:24:39,731 [INFO]   Overlap classes used: [0, 1, 2, 3]
2025-06-22 09:24:39,731 [INFO]   Label mapping: {0: 0, 1: 1, 2: 2, 3: 3}
2025-06-22 09:24:39,731 [INFO]   Total data after allocation: 280
2025-06-22 09:24:39,731 [INFO]   Data split - Train: 224, Val: 56
2025-06-22 09:24:39,731 [INFO]   Train label distribution: {0: 56, 1: 56, 3: 56, 2: 56}
2025-06-22 09:24:39,731 [INFO]   Val label distribution: {1: 14, 2: 14, 0: 14, 3: 14}
2025-06-22 09:24:39,732 [INFO] Successfully loaded dataset ENZYMES from ./data, total graphs: 600
2025-06-22 09:24:39,732 [INFO] Class allocation analysis:
2025-06-22 09:24:39,732 [INFO]   Source classes: [0, 1, 2, 3]
2025-06-22 09:24:39,732 [INFO]   Target classes: [0, 1, 2, 3, 4, 5]
2025-06-22 09:24:39,732 [INFO]   Overlap classes (to be split): [0, 1, 2, 3]
2025-06-22 09:24:39,733 [INFO]   Target novel classes (unknown): [4, 5]
2025-06-22 09:24:39,827 [INFO]   Class 0: 100 total -> Source: 70, Target: 30
2025-06-22 09:24:39,827 [INFO]   Class 1: 100 total -> Source: 70, Target: 30
2025-06-22 09:24:39,828 [INFO]   Class 2: 100 total -> Source: 70, Target: 30
2025-06-22 09:24:39,828 [INFO]   Class 3: 100 total -> Source: 70, Target: 30
2025-06-22 09:24:39,828 [INFO]   Class 4 (novel/unknown): 100 samples -> Target
2025-06-22 09:24:39,828 [INFO]   Class 5 (novel/unknown): 100 samples -> Target
2025-06-22 09:24:39,828 [INFO] Final allocation:
2025-06-22 09:24:39,828 [INFO]   Source domain: 280 samples
2025-06-22 09:24:39,828 [INFO]   Target domain: 320 samples
2025-06-22 09:24:39,829 [INFO] Target domain setup:
2025-06-22 09:24:39,829 [INFO]   Original classes: [0, 1, 2, 3, 4, 5]
2025-06-22 09:24:39,830 [INFO]   Overlap classes: [0, 1, 2, 3]
2025-06-22 09:24:39,830 [INFO]   Novel classes: [4, 5] -> mapped to unknown label 4
2025-06-22 09:24:39,830 [INFO]   Label mapping: {0: 0, 1: 1, 2: 2, 3: 3, 4: 4, 5: 4}
2025-06-22 09:24:39,830 [INFO]   Total data after allocation: 320
2025-06-22 09:24:39,830 [INFO]   Data split - Train: 256, Val: 64
2025-06-22 09:24:39,830 [INFO]   Total count: 320 (known: 120, unknown: 200)
2025-06-22 09:24:39,830 [INFO]   Total label distribution: {4: 200, 3: 30, 0: 30, 1: 30, 2: 30}
2025-06-22 09:24:39,830 [INFO]   Train label distribution: {4: 160, 0: 24, 2: 24, 3: 24, 1: 24}
2025-06-22 09:24:39,830 [INFO]   Val label distribution: {1: 6, 4: 40, 3: 6, 0: 6, 2: 6}
2025-06-22 09:24:39,830 [INFO] 数据加载器创建完成!
2025-06-22 09:24:39,830 [INFO] 源域类别数: 4 (重叠类别)
2025-06-22 09:24:39,830 [INFO] 目标域类别数: 5 (4个重叠类别 + 1个未知类别)
2025-06-22 09:24:39,830 [INFO] 重叠类别: [0, 1, 2, 3]
2025-06-22 09:24:39,830 [INFO] 目标域新类别: [4, 5]
2025-06-22 09:24:39,830 [INFO] Data allocation verification:
2025-06-22 09:24:39,830 [INFO]   Source data samples: 280
2025-06-22 09:24:39,830 [INFO]   Target data samples: 320
2025-06-22 09:24:39,830 [INFO]   Overlapping samples: 0
2025-06-22 09:24:39,830 [INFO]   ✓ Data allocation is correct - no overlapping samples
2025-06-22 09:24:39,831 [INFO] Model initialized with 4932 parameters
2025-06-22 09:24:39,832 [INFO] Previous best validation accuracy read from record.txt: 0.6250
2025-06-22 09:24:39,832 [INFO] Starting training...
2025-06-22 09:24:39,844 [INFO] Epoch 001 | Train Loss: 9.3983 | Val Loss: 4.3439 | Val Acc: 0.2679
2025-06-22 09:24:40,586 [INFO] New best model at epoch 1 (Val Acc: 0.2679)
2025-06-22 09:24:40,597 [INFO] Epoch 002 | Train Loss: 9.0710 | Val Loss: 2.1498 | Val Acc: 0.3036
2025-06-22 09:24:40,598 [INFO] New best model at epoch 2 (Val Acc: 0.3036)
2025-06-22 09:24:40,607 [INFO] Epoch 003 | Train Loss: 7.5021 | Val Loss: 2.2517 | Val Acc: 0.3393
2025-06-22 09:24:40,608 [INFO] New best model at epoch 3 (Val Acc: 0.3393)
2025-06-22 09:24:40,617 [INFO] Epoch 004 | Train Loss: 7.2775 | Val Loss: 3.1275 | Val Acc: 0.3214
2025-06-22 09:24:40,627 [INFO] Epoch 005 | Train Loss: 5.8863 | Val Loss: 2.7158 | Val Acc: 0.3393
2025-06-22 09:24:40,636 [INFO] Epoch 006 | Train Loss: 6.6701 | Val Loss: 2.4549 | Val Acc: 0.3929
2025-06-22 09:24:40,637 [INFO] New best model at epoch 6 (Val Acc: 0.3929)
2025-06-22 09:24:40,647 [INFO] Epoch 007 | Train Loss: 6.7602 | Val Loss: 2.2090 | Val Acc: 0.3571
2025-06-22 09:24:40,656 [INFO] Epoch 008 | Train Loss: 6.1693 | Val Loss: 2.2774 | Val Acc: 0.3393
2025-06-22 09:24:40,666 [INFO] Epoch 009 | Train Loss: 6.7408 | Val Loss: 2.7872 | Val Acc: 0.3214
2025-06-22 09:24:40,676 [INFO] Epoch 010 | Train Loss: 5.6230 | Val Loss: 2.6953 | Val Acc: 0.3036
2025-06-22 09:24:41,458 [INFO] Epoch 011 | Train Loss: 5.8480 | Val Loss: 2.8887 | Val Acc: 0.2679
2025-06-22 09:24:41,468 [INFO] Epoch 012 | Train Loss: 5.2420 | Val Loss: 2.7181 | Val Acc: 0.2143
2025-06-22 09:24:41,478 [INFO] Epoch 013 | Train Loss: 4.9667 | Val Loss: 2.6814 | Val Acc: 0.2500
2025-06-22 09:24:41,488 [INFO] Epoch 014 | Train Loss: 5.0509 | Val Loss: 2.3023 | Val Acc: 0.2857
2025-06-22 09:24:41,506 [INFO] Epoch 015 | Train Loss: 4.2058 | Val Loss: 2.1420 | Val Acc: 0.3571
2025-06-22 09:24:41,518 [INFO] Epoch 016 | Train Loss: 4.0411 | Val Loss: 2.0930 | Val Acc: 0.4286
2025-06-22 09:24:41,519 [INFO] New best model at epoch 16 (Val Acc: 0.4286)
2025-06-22 09:24:41,530 [INFO] Epoch 017 | Train Loss: 3.7574 | Val Loss: 2.4142 | Val Acc: 0.3571
2025-06-22 09:24:41,545 [INFO] Epoch 018 | Train Loss: 4.3834 | Val Loss: 2.2577 | Val Acc: 0.2679
2025-06-22 09:24:41,578 [INFO] Epoch 019 | Train Loss: 3.8556 | Val Loss: 2.0683 | Val Acc: 0.2500
2025-06-22 09:24:41,588 [INFO] Epoch 020 | Train Loss: 4.0872 | Val Loss: 2.0752 | Val Acc: 0.2679
2025-06-22 09:24:42,348 [INFO] Epoch 021 | Train Loss: 3.4323 | Val Loss: 1.7913 | Val Acc: 0.3214
2025-06-22 09:24:42,358 [INFO] Epoch 022 | Train Loss: 4.2058 | Val Loss: 1.6546 | Val Acc: 0.3929
2025-06-22 09:24:42,366 [INFO] Epoch 023 | Train Loss: 3.4288 | Val Loss: 1.7966 | Val Acc: 0.4107
2025-06-22 09:24:42,375 [INFO] Epoch 024 | Train Loss: 3.2380 | Val Loss: 1.7047 | Val Acc: 0.3393
2025-06-22 09:24:42,388 [INFO] Epoch 025 | Train Loss: 2.8639 | Val Loss: 1.6872 | Val Acc: 0.3393
2025-06-22 09:24:42,398 [INFO] Epoch 026 | Train Loss: 2.7547 | Val Loss: 1.6721 | Val Acc: 0.3036
2025-06-22 09:24:42,413 [INFO] Epoch 027 | Train Loss: 3.3894 | Val Loss: 1.6036 | Val Acc: 0.3750
2025-06-22 09:24:42,424 [INFO] Epoch 028 | Train Loss: 2.8413 | Val Loss: 1.5105 | Val Acc: 0.3571
2025-06-22 09:24:42,435 [INFO] Epoch 029 | Train Loss: 3.0060 | Val Loss: 1.5159 | Val Acc: 0.3214
2025-06-22 09:24:42,446 [INFO] Epoch 030 | Train Loss: 2.4414 | Val Loss: 1.5599 | Val Acc: 0.3393
2025-06-22 09:24:43,199 [INFO] Epoch 031 | Train Loss: 2.2346 | Val Loss: 1.5475 | Val Acc: 0.3750
2025-06-22 09:24:43,210 [INFO] Epoch 032 | Train Loss: 2.3884 | Val Loss: 1.5574 | Val Acc: 0.3571
2025-06-22 09:24:43,220 [INFO] Epoch 033 | Train Loss: 2.5698 | Val Loss: 1.4179 | Val Acc: 0.4107
2025-06-22 09:24:43,229 [INFO] Epoch 034 | Train Loss: 2.3656 | Val Loss: 1.5005 | Val Acc: 0.3750
2025-06-22 09:24:43,239 [INFO] Epoch 035 | Train Loss: 1.9928 | Val Loss: 1.4959 | Val Acc: 0.3571
2025-06-22 09:24:43,248 [INFO] Epoch 036 | Train Loss: 2.0965 | Val Loss: 1.4938 | Val Acc: 0.3393
2025-06-22 09:24:43,257 [INFO] Epoch 037 | Train Loss: 2.1152 | Val Loss: 1.5329 | Val Acc: 0.3036
2025-06-22 09:24:43,269 [INFO] Epoch 038 | Train Loss: 2.0665 | Val Loss: 1.5128 | Val Acc: 0.3214
2025-06-22 09:24:43,279 [INFO] Epoch 039 | Train Loss: 1.9205 | Val Loss: 1.4980 | Val Acc: 0.3571
2025-06-22 09:24:43,290 [INFO] Epoch 040 | Train Loss: 1.6530 | Val Loss: 1.4443 | Val Acc: 0.3571
2025-06-22 09:24:44,029 [INFO] Epoch 041 | Train Loss: 1.7937 | Val Loss: 1.3905 | Val Acc: 0.3929
2025-06-22 09:24:44,038 [INFO] Epoch 042 | Train Loss: 1.8852 | Val Loss: 1.3875 | Val Acc: 0.3571
2025-06-22 09:24:44,049 [INFO] Epoch 043 | Train Loss: 1.5757 | Val Loss: 1.4595 | Val Acc: 0.3214
2025-06-22 09:24:44,059 [INFO] Epoch 044 | Train Loss: 1.8294 | Val Loss: 1.3735 | Val Acc: 0.3929
2025-06-22 09:24:44,069 [INFO] Epoch 045 | Train Loss: 1.7237 | Val Loss: 1.3718 | Val Acc: 0.3929
2025-06-22 09:24:44,081 [INFO] Epoch 046 | Train Loss: 1.6281 | Val Loss: 1.3552 | Val Acc: 0.3214
2025-06-22 09:24:44,090 [INFO] Epoch 047 | Train Loss: 1.5568 | Val Loss: 1.3826 | Val Acc: 0.3929
2025-06-22 09:24:44,101 [INFO] Epoch 048 | Train Loss: 1.5918 | Val Loss: 1.3665 | Val Acc: 0.3929
2025-06-22 09:24:44,113 [INFO] Epoch 049 | Train Loss: 1.6257 | Val Loss: 1.3300 | Val Acc: 0.3929
2025-06-22 09:24:44,125 [INFO] Epoch 050 | Train Loss: 1.4163 | Val Loss: 1.2979 | Val Acc: 0.4464
2025-06-22 09:24:44,879 [INFO] New best model at epoch 50 (Val Acc: 0.4464)
2025-06-22 09:24:44,890 [INFO] Epoch 051 | Train Loss: 1.5130 | Val Loss: 1.3024 | Val Acc: 0.4286
2025-06-22 09:24:44,900 [INFO] Epoch 052 | Train Loss: 1.4624 | Val Loss: 1.3061 | Val Acc: 0.3571
2025-06-22 09:24:44,910 [INFO] Epoch 053 | Train Loss: 1.4236 | Val Loss: 1.3022 | Val Acc: 0.3929
2025-06-22 09:24:44,934 [INFO] Epoch 054 | Train Loss: 1.3457 | Val Loss: 1.3077 | Val Acc: 0.3750
2025-06-22 09:24:44,968 [INFO] Epoch 055 | Train Loss: 1.5769 | Val Loss: 1.3099 | Val Acc: 0.3393
2025-06-22 09:24:44,985 [INFO] Epoch 056 | Train Loss: 1.5248 | Val Loss: 1.3086 | Val Acc: 0.3750
2025-06-22 09:24:44,996 [INFO] Epoch 057 | Train Loss: 1.2966 | Val Loss: 1.3015 | Val Acc: 0.4107
2025-06-22 09:24:45,005 [INFO] Epoch 058 | Train Loss: 1.3602 | Val Loss: 1.2868 | Val Acc: 0.3929
2025-06-22 09:24:45,014 [INFO] Epoch 059 | Train Loss: 1.4387 | Val Loss: 1.3009 | Val Acc: 0.3750
2025-06-22 09:24:45,023 [INFO] Epoch 060 | Train Loss: 1.4607 | Val Loss: 1.3039 | Val Acc: 0.4286
2025-06-22 09:24:45,817 [INFO] Epoch 061 | Train Loss: 1.4748 | Val Loss: 1.3211 | Val Acc: 0.4286
2025-06-22 09:24:45,826 [INFO] Epoch 062 | Train Loss: 1.3631 | Val Loss: 1.3175 | Val Acc: 0.3750
2025-06-22 09:24:45,835 [INFO] Epoch 063 | Train Loss: 1.3633 | Val Loss: 1.3205 | Val Acc: 0.4643
2025-06-22 09:24:45,837 [INFO] New best model at epoch 63 (Val Acc: 0.4643)
2025-06-22 09:24:45,845 [INFO] Epoch 064 | Train Loss: 1.4136 | Val Loss: 1.3151 | Val Acc: 0.4643
2025-06-22 09:24:45,856 [INFO] Epoch 065 | Train Loss: 1.2821 | Val Loss: 1.3098 | Val Acc: 0.4464
2025-06-22 09:24:45,867 [INFO] Epoch 066 | Train Loss: 1.3008 | Val Loss: 1.3032 | Val Acc: 0.4464
2025-06-22 09:24:45,895 [INFO] Epoch 067 | Train Loss: 1.2987 | Val Loss: 1.2963 | Val Acc: 0.4821
2025-06-22 09:24:45,897 [INFO] New best model at epoch 67 (Val Acc: 0.4821)
2025-06-22 09:24:45,907 [INFO] Epoch 068 | Train Loss: 1.3319 | Val Loss: 1.3055 | Val Acc: 0.4464
2025-06-22 09:24:45,920 [INFO] Epoch 069 | Train Loss: 1.3243 | Val Loss: 1.2936 | Val Acc: 0.5000
2025-06-22 09:24:45,921 [INFO] New best model at epoch 69 (Val Acc: 0.5000)
2025-06-22 09:24:45,931 [INFO] Epoch 070 | Train Loss: 1.3171 | Val Loss: 1.3002 | Val Acc: 0.4464
2025-06-22 09:24:47,107 [INFO] Epoch 071 | Train Loss: 1.3193 | Val Loss: 1.3083 | Val Acc: 0.4643
2025-06-22 09:24:47,173 [INFO] Epoch 072 | Train Loss: 1.3704 | Val Loss: 1.3146 | Val Acc: 0.4286
2025-06-22 09:24:47,184 [INFO] Epoch 073 | Train Loss: 1.2871 | Val Loss: 1.3133 | Val Acc: 0.4643
2025-06-22 09:24:47,196 [INFO] Epoch 074 | Train Loss: 1.3127 | Val Loss: 1.2927 | Val Acc: 0.4821
2025-06-22 09:24:47,206 [INFO] Epoch 075 | Train Loss: 1.3127 | Val Loss: 1.3011 | Val Acc: 0.4643
2025-06-22 09:24:47,215 [INFO] Epoch 076 | Train Loss: 1.3111 | Val Loss: 1.3070 | Val Acc: 0.4107
2025-06-22 09:24:47,225 [INFO] Epoch 077 | Train Loss: 1.2935 | Val Loss: 1.3217 | Val Acc: 0.3571
2025-06-22 09:24:47,239 [INFO] Epoch 078 | Train Loss: 1.2681 | Val Loss: 1.3112 | Val Acc: 0.3750
2025-06-22 09:24:47,251 [INFO] Epoch 079 | Train Loss: 1.3260 | Val Loss: 1.2982 | Val Acc: 0.4107
2025-06-22 09:24:47,260 [INFO] Epoch 080 | Train Loss: 1.2591 | Val Loss: 1.3136 | Val Acc: 0.3571
2025-06-22 09:24:49,768 [INFO] Epoch 081 | Train Loss: 1.2665 | Val Loss: 1.3134 | Val Acc: 0.3571
2025-06-22 09:24:49,779 [INFO] Epoch 082 | Train Loss: 1.2696 | Val Loss: 1.2894 | Val Acc: 0.4107
2025-06-22 09:24:49,789 [INFO] Epoch 083 | Train Loss: 1.2692 | Val Loss: 1.2887 | Val Acc: 0.4286
2025-06-22 09:24:49,804 [INFO] Epoch 084 | Train Loss: 1.2920 | Val Loss: 1.2876 | Val Acc: 0.4643
2025-06-22 09:24:49,818 [INFO] Epoch 085 | Train Loss: 1.3116 | Val Loss: 1.2892 | Val Acc: 0.4107
2025-06-22 09:24:49,834 [INFO] Epoch 086 | Train Loss: 1.2524 | Val Loss: 1.2674 | Val Acc: 0.4107
2025-06-22 09:24:49,847 [INFO] Epoch 087 | Train Loss: 1.2637 | Val Loss: 1.2583 | Val Acc: 0.4107
2025-06-22 09:24:49,858 [INFO] Epoch 088 | Train Loss: 1.2791 | Val Loss: 1.2604 | Val Acc: 0.3929
2025-06-22 09:24:49,879 [INFO] Epoch 089 | Train Loss: 1.2725 | Val Loss: 1.2571 | Val Acc: 0.4286
2025-06-22 09:24:49,888 [INFO] Epoch 090 | Train Loss: 1.2971 | Val Loss: 1.2658 | Val Acc: 0.4821
2025-06-22 09:24:51,873 [INFO] Epoch 091 | Train Loss: 1.2497 | Val Loss: 1.2756 | Val Acc: 0.3929
2025-06-22 09:24:51,883 [INFO] Epoch 092 | Train Loss: 1.2443 | Val Loss: 1.2745 | Val Acc: 0.4107
2025-06-22 09:24:51,894 [INFO] Epoch 093 | Train Loss: 1.2961 | Val Loss: 1.2606 | Val Acc: 0.4107
2025-06-22 09:24:51,905 [INFO] Epoch 094 | Train Loss: 1.3081 | Val Loss: 1.2655 | Val Acc: 0.5000
2025-06-22 09:24:51,917 [INFO] Epoch 095 | Train Loss: 1.2212 | Val Loss: 1.2975 | Val Acc: 0.3929
2025-06-22 09:24:51,929 [INFO] Epoch 096 | Train Loss: 1.2628 | Val Loss: 1.2883 | Val Acc: 0.4286
2025-06-22 09:24:51,940 [INFO] Epoch 097 | Train Loss: 1.2732 | Val Loss: 1.2930 | Val Acc: 0.4107
2025-06-22 09:24:51,952 [INFO] Epoch 098 | Train Loss: 1.3531 | Val Loss: 1.2957 | Val Acc: 0.4464
2025-06-22 09:24:51,968 [INFO] Epoch 099 | Train Loss: 1.2975 | Val Loss: 1.3060 | Val Acc: 0.4286
2025-06-22 09:24:51,979 [INFO] Epoch 100 | Train Loss: 1.2056 | Val Loss: 1.2925 | Val Acc: 0.4107
2025-06-22 09:24:52,805 [INFO] Epoch 101 | Train Loss: 1.2392 | Val Loss: 1.2947 | Val Acc: 0.3929
2025-06-22 09:24:52,816 [INFO] Epoch 102 | Train Loss: 1.2538 | Val Loss: 1.2800 | Val Acc: 0.4107
2025-06-22 09:24:52,825 [INFO] Epoch 103 | Train Loss: 1.2413 | Val Loss: 1.2803 | Val Acc: 0.4107
2025-06-22 09:24:52,835 [INFO] Epoch 104 | Train Loss: 1.2831 | Val Loss: 1.2834 | Val Acc: 0.4464
2025-06-22 09:24:52,846 [INFO] Epoch 105 | Train Loss: 1.3105 | Val Loss: 1.2895 | Val Acc: 0.4107
2025-06-22 09:24:52,867 [INFO] Epoch 106 | Train Loss: 1.2696 | Val Loss: 1.2917 | Val Acc: 0.4286
2025-06-22 09:24:52,883 [INFO] Epoch 107 | Train Loss: 1.3078 | Val Loss: 1.2752 | Val Acc: 0.4286
2025-06-22 09:24:52,894 [INFO] Epoch 108 | Train Loss: 1.2221 | Val Loss: 1.2693 | Val Acc: 0.4821
2025-06-22 09:24:52,907 [INFO] Epoch 109 | Train Loss: 1.2822 | Val Loss: 1.2912 | Val Acc: 0.4643
2025-06-22 09:24:52,919 [INFO] Epoch 110 | Train Loss: 1.2425 | Val Loss: 1.3032 | Val Acc: 0.4286
2025-06-22 09:24:53,701 [INFO] Epoch 111 | Train Loss: 1.2041 | Val Loss: 1.3134 | Val Acc: 0.4107
2025-06-22 09:24:53,711 [INFO] Epoch 112 | Train Loss: 1.2711 | Val Loss: 1.2969 | Val Acc: 0.4107
2025-06-22 09:24:53,720 [INFO] Epoch 113 | Train Loss: 1.2346 | Val Loss: 1.2817 | Val Acc: 0.4464
2025-06-22 09:24:53,737 [INFO] Epoch 114 | Train Loss: 1.2747 | Val Loss: 1.2617 | Val Acc: 0.4286
2025-06-22 09:24:53,751 [INFO] Epoch 115 | Train Loss: 1.2608 | Val Loss: 1.2509 | Val Acc: 0.4286
2025-06-22 09:24:53,763 [INFO] Epoch 116 | Train Loss: 1.3067 | Val Loss: 1.2562 | Val Acc: 0.4107
2025-06-22 09:24:53,776 [INFO] Epoch 117 | Train Loss: 1.3307 | Val Loss: 1.2404 | Val Acc: 0.4464
2025-06-22 09:24:53,790 [INFO] Epoch 118 | Train Loss: 1.2471 | Val Loss: 1.2665 | Val Acc: 0.4464
2025-06-22 09:24:53,801 [INFO] Epoch 119 | Train Loss: 1.2602 | Val Loss: 1.2791 | Val Acc: 0.4464
2025-06-22 09:24:53,811 [INFO] Epoch 120 | Train Loss: 1.2268 | Val Loss: 1.2866 | Val Acc: 0.4107
2025-06-22 09:24:54,590 [INFO] Epoch 121 | Train Loss: 1.2457 | Val Loss: 1.2904 | Val Acc: 0.3929
2025-06-22 09:24:54,599 [INFO] Epoch 122 | Train Loss: 1.2396 | Val Loss: 1.2814 | Val Acc: 0.4107
2025-06-22 09:24:54,610 [INFO] Epoch 123 | Train Loss: 1.2833 | Val Loss: 1.2944 | Val Acc: 0.4643
2025-06-22 09:24:54,620 [INFO] Epoch 124 | Train Loss: 1.2872 | Val Loss: 1.2769 | Val Acc: 0.4464
2025-06-22 09:24:54,631 [INFO] Epoch 125 | Train Loss: 1.2963 | Val Loss: 1.2636 | Val Acc: 0.4107
2025-06-22 09:24:54,642 [INFO] Epoch 126 | Train Loss: 1.3006 | Val Loss: 1.2541 | Val Acc: 0.4821
2025-06-22 09:24:54,655 [INFO] Epoch 127 | Train Loss: 1.2247 | Val Loss: 1.2617 | Val Acc: 0.4464
2025-06-22 09:24:54,670 [INFO] Epoch 128 | Train Loss: 1.2903 | Val Loss: 1.2811 | Val Acc: 0.4107
2025-06-22 09:24:54,688 [INFO] Epoch 129 | Train Loss: 1.2248 | Val Loss: 1.2842 | Val Acc: 0.4286
2025-06-22 09:24:54,700 [INFO] Epoch 130 | Train Loss: 1.2416 | Val Loss: 1.2750 | Val Acc: 0.4464
2025-06-22 09:24:55,439 [INFO] Epoch 131 | Train Loss: 1.2544 | Val Loss: 1.2740 | Val Acc: 0.3929
2025-06-22 09:24:55,450 [INFO] Epoch 132 | Train Loss: 1.2597 | Val Loss: 1.2534 | Val Acc: 0.4464
2025-06-22 09:24:55,461 [INFO] Epoch 133 | Train Loss: 1.2385 | Val Loss: 1.2583 | Val Acc: 0.4464
2025-06-22 09:24:55,473 [INFO] Epoch 134 | Train Loss: 1.2786 | Val Loss: 1.2535 | Val Acc: 0.4643
2025-06-22 09:24:55,486 [INFO] Epoch 135 | Train Loss: 1.2640 | Val Loss: 1.2676 | Val Acc: 0.4464
2025-06-22 09:24:55,497 [INFO] Epoch 136 | Train Loss: 1.2795 | Val Loss: 1.2852 | Val Acc: 0.4464
2025-06-22 09:24:55,507 [INFO] Epoch 137 | Train Loss: 1.2377 | Val Loss: 1.2959 | Val Acc: 0.4286
2025-06-22 09:24:55,519 [INFO] Epoch 138 | Train Loss: 1.2853 | Val Loss: 1.2907 | Val Acc: 0.4107
2025-06-22 09:24:55,530 [INFO] Epoch 139 | Train Loss: 1.3119 | Val Loss: 1.2832 | Val Acc: 0.3393
2025-06-22 09:24:55,540 [INFO] Epoch 140 | Train Loss: 1.2928 | Val Loss: 1.2970 | Val Acc: 0.4286
2025-06-22 09:24:56,284 [INFO] Epoch 141 | Train Loss: 1.2643 | Val Loss: 1.3042 | Val Acc: 0.4107
2025-06-22 09:24:56,301 [INFO] Epoch 142 | Train Loss: 1.2447 | Val Loss: 1.2969 | Val Acc: 0.3750
2025-06-22 09:24:56,325 [INFO] Epoch 143 | Train Loss: 1.2567 | Val Loss: 1.3074 | Val Acc: 0.4107
2025-06-22 09:24:56,340 [INFO] Epoch 144 | Train Loss: 1.2671 | Val Loss: 1.3000 | Val Acc: 0.4107
2025-06-22 09:24:56,354 [INFO] Epoch 145 | Train Loss: 1.2775 | Val Loss: 1.3063 | Val Acc: 0.4107
2025-06-22 09:24:56,369 [INFO] Epoch 146 | Train Loss: 1.2939 | Val Loss: 1.2896 | Val Acc: 0.4464
2025-06-22 09:24:56,383 [INFO] Epoch 147 | Train Loss: 1.2627 | Val Loss: 1.2839 | Val Acc: 0.4643
2025-06-22 09:24:56,394 [INFO] Epoch 148 | Train Loss: 1.2650 | Val Loss: 1.2843 | Val Acc: 0.4464
2025-06-22 09:24:56,406 [INFO] Epoch 149 | Train Loss: 1.2623 | Val Loss: 1.3140 | Val Acc: 0.4107
2025-06-22 09:24:56,417 [INFO] Epoch 150 | Train Loss: 1.2554 | Val Loss: 1.3195 | Val Acc: 0.4107
2025-06-22 09:24:57,287 [INFO] Best model saved to <built-in function time>/ENZYMES/best/best_source_gin.pth (Val Acc: 0.5000 at epoch 69)
2025-06-22 09:24:57,288 [INFO] Training/validation metrics saved to <built-in function time>/ENZYMES/GIN_0.001/train_metrics.csv
2025-06-22 09:24:58,007 [INFO] Final training curves saved
2025-06-22 09:24:58,007 [INFO] Training completed!
2025-06-22 09:24:58,007 [INFO] Best validation accuracy: 0.5000
2025-06-22 09:24:58,007 [INFO] Best epoch: 69
2025-06-22 09:24:58,007 [INFO] Total epochs trained: 150
2025-06-22 09:24:58,008 [INFO] Starting training with parameters: (0.001, 0.5, 64, 1, 150, 0.0001)
