2025-06-24 05:34:51,262 [INFO] Using device: cpu
2025-06-24 05:34:51,262 [INFO] 开始创建数据加载器...
2025-06-24 05:34:51,267 [INFO] Successfully loaded dataset ENZYMES from ./data, total graphs: 600
2025-06-24 05:34:51,267 [INFO] Class allocation analysis:
2025-06-24 05:34:51,267 [INFO]   Source classes: [0, 1, 2, 3]
2025-06-24 05:34:51,267 [INFO]   Target classes: [0, 1, 2, 3, 4, 5]
2025-06-24 05:34:51,267 [INFO]   Overlap classes (to be split): [0, 1, 2, 3]
2025-06-24 05:34:51,267 [INFO]   Target novel classes (unknown): [4, 5]
2025-06-24 05:34:51,281 [INFO]   Class 0: 100 total -> Source: 70, Target: 30
2025-06-24 05:34:51,281 [INFO]   Class 1: 100 total -> Source: 70, Target: 30
2025-06-24 05:34:51,282 [INFO]   Class 2: 100 total -> Source: 70, Target: 30
2025-06-24 05:34:51,282 [INFO]   Class 3: 100 total -> Source: 70, Target: 30
2025-06-24 05:34:51,282 [INFO]   Class 4 (novel/unknown): 100 samples -> Target
2025-06-24 05:34:51,282 [INFO]   Class 5 (novel/unknown): 100 samples -> Target
2025-06-24 05:34:51,282 [INFO] Final allocation:
2025-06-24 05:34:51,282 [INFO]   Source domain: 280 samples
2025-06-24 05:34:51,282 [INFO]   Target domain: 320 samples
2025-06-24 05:34:51,283 [INFO] Source domain setup:
2025-06-24 05:34:51,283 [INFO]   Original classes: [0, 1, 2, 3]
2025-06-24 05:34:51,283 [INFO]   Overlap classes used: [0, 1, 2, 3]
2025-06-24 05:34:51,283 [INFO]   Label mapping: {0: 0, 1: 1, 2: 2, 3: 3}
2025-06-24 05:34:51,284 [INFO]   Total data after allocation: 280
2025-06-24 05:34:51,284 [INFO]   Data split - Train: 224, Val: 56
2025-06-24 05:34:51,284 [INFO]   Train label distribution: {0: 56, 1: 56, 3: 56, 2: 56}
2025-06-24 05:34:51,284 [INFO]   Val label distribution: {1: 14, 2: 14, 0: 14, 3: 14}
2025-06-24 05:34:51,286 [INFO] Successfully loaded dataset ENZYMES from ./data, total graphs: 600
2025-06-24 05:34:51,286 [INFO] Class allocation analysis:
2025-06-24 05:34:51,286 [INFO]   Source classes: [0, 1, 2, 3]
2025-06-24 05:34:51,286 [INFO]   Target classes: [0, 1, 2, 3, 4, 5]
2025-06-24 05:34:51,286 [INFO]   Overlap classes (to be split): [0, 1, 2, 3]
2025-06-24 05:34:51,286 [INFO]   Target novel classes (unknown): [4, 5]
2025-06-24 05:34:51,299 [INFO]   Class 0: 100 total -> Source: 70, Target: 30
2025-06-24 05:34:51,299 [INFO]   Class 1: 100 total -> Source: 70, Target: 30
2025-06-24 05:34:51,299 [INFO]   Class 2: 100 total -> Source: 70, Target: 30
2025-06-24 05:34:51,300 [INFO]   Class 3: 100 total -> Source: 70, Target: 30
2025-06-24 05:34:51,300 [INFO]   Class 4 (novel/unknown): 100 samples -> Target
2025-06-24 05:34:51,300 [INFO]   Class 5 (novel/unknown): 100 samples -> Target
2025-06-24 05:34:51,300 [INFO] Final allocation:
2025-06-24 05:34:51,300 [INFO]   Source domain: 280 samples
2025-06-24 05:34:51,300 [INFO]   Target domain: 320 samples
2025-06-24 05:34:51,301 [INFO] Target domain setup:
2025-06-24 05:34:51,301 [INFO]   Original classes: [0, 1, 2, 3, 4, 5]
2025-06-24 05:34:51,301 [INFO]   Overlap classes: [0, 1, 2, 3]
2025-06-24 05:34:51,301 [INFO]   Novel classes: [4, 5] -> mapped to unknown label 4
2025-06-24 05:34:51,301 [INFO]   Label mapping: {0: 0, 1: 1, 2: 2, 3: 3, 4: 4, 5: 4}
2025-06-24 05:34:51,301 [INFO]   Total data after allocation: 320
2025-06-24 05:34:51,301 [INFO]   Data split - Train: 256, Val: 64
2025-06-24 05:34:51,301 [INFO]   Total count: 320 (known: 120, unknown: 200)
2025-06-24 05:34:51,301 [INFO]   Total label distribution: {4: 200, 3: 30, 0: 30, 1: 30, 2: 30}
2025-06-24 05:34:51,301 [INFO]   Train label distribution: {4: 160, 0: 24, 2: 24, 3: 24, 1: 24}
2025-06-24 05:34:51,301 [INFO]   Val label distribution: {1: 6, 4: 40, 3: 6, 0: 6, 2: 6}
2025-06-24 05:34:51,302 [INFO] 数据加载器创建完成!
2025-06-24 05:34:51,302 [INFO] 源域类别数: 4 (重叠类别)
2025-06-24 05:34:51,302 [INFO] 目标域类别数: 5 (4个重叠类别 + 1个未知类别)
2025-06-24 05:34:51,302 [INFO] 重叠类别: [0, 1, 2, 3]
2025-06-24 05:34:51,302 [INFO] 目标域新类别: [4, 5]
2025-06-24 05:34:51,302 [INFO] Data allocation verification:
2025-06-24 05:34:51,302 [INFO]   Source data samples: 280
2025-06-24 05:34:51,302 [INFO]   Target data samples: 320
2025-06-24 05:34:51,302 [INFO]   Overlapping samples: 0
2025-06-24 05:34:51,302 [INFO]   ✓ Data allocation is correct - no overlapping samples
2025-06-24 05:34:51,306 [INFO] Model initialized with 796164 parameters
2025-06-24 05:34:51,306 [INFO] Previous best validation accuracy read from record.txt: 0.6429
2025-06-24 05:34:51,306 [INFO] Starting training...
2025-06-24 05:34:51,420 [INFO] Epoch 001 | Train Loss: 30.0524 | Val Loss: 554.4769 | Val Acc: 0.3750
2025-06-24 05:34:52,730 [INFO] New best model at epoch 1 (Val Acc: 0.3750)
2025-06-24 05:34:52,823 [INFO] Epoch 002 | Train Loss: 22.8230 | Val Loss: 48.9413 | Val Acc: 0.2500
2025-06-24 05:34:52,901 [INFO] Epoch 003 | Train Loss: 17.4812 | Val Loss: 15.6019 | Val Acc: 0.2321
2025-06-24 05:34:52,968 [INFO] Epoch 004 | Train Loss: 12.3708 | Val Loss: 19.6452 | Val Acc: 0.3750
2025-06-24 05:34:53,038 [INFO] Epoch 005 | Train Loss: 12.6643 | Val Loss: 16.9480 | Val Acc: 0.1786
2025-06-24 05:34:53,123 [INFO] Epoch 006 | Train Loss: 11.6275 | Val Loss: 9.7042 | Val Acc: 0.3393
2025-06-24 05:34:53,186 [INFO] Epoch 007 | Train Loss: 8.5585 | Val Loss: 4.7164 | Val Acc: 0.3393
2025-06-24 05:34:53,278 [INFO] Epoch 008 | Train Loss: 8.4294 | Val Loss: 5.6013 | Val Acc: 0.3571
2025-06-24 05:34:53,348 [INFO] Epoch 009 | Train Loss: 8.4782 | Val Loss: 5.8878 | Val Acc: 0.3036
2025-06-24 05:34:53,413 [INFO] Epoch 010 | Train Loss: 6.8009 | Val Loss: 4.8250 | Val Acc: 0.4107
2025-06-24 05:34:59,072 [INFO] New best model at epoch 10 (Val Acc: 0.4107)
2025-06-24 05:34:59,196 [INFO] Epoch 011 | Train Loss: 6.3352 | Val Loss: 4.3585 | Val Acc: 0.3571
2025-06-24 05:34:59,258 [INFO] Epoch 012 | Train Loss: 6.3485 | Val Loss: 2.1133 | Val Acc: 0.3929
2025-06-24 05:34:59,332 [INFO] Epoch 013 | Train Loss: 6.4156 | Val Loss: 2.7070 | Val Acc: 0.2679
2025-06-24 05:34:59,392 [INFO] Epoch 014 | Train Loss: 5.9277 | Val Loss: 4.3044 | Val Acc: 0.2857
2025-06-24 05:34:59,460 [INFO] Epoch 015 | Train Loss: 8.2383 | Val Loss: 4.2660 | Val Acc: 0.2500
2025-06-24 05:34:59,546 [INFO] Epoch 016 | Train Loss: 8.2005 | Val Loss: 4.7067 | Val Acc: 0.3214
2025-06-24 05:34:59,625 [INFO] Epoch 017 | Train Loss: 4.9617 | Val Loss: 4.2393 | Val Acc: 0.2679
2025-06-24 05:34:59,739 [INFO] Epoch 018 | Train Loss: 7.2715 | Val Loss: 3.9375 | Val Acc: 0.3750
2025-06-24 05:34:59,842 [INFO] Epoch 019 | Train Loss: 7.8179 | Val Loss: 3.2734 | Val Acc: 0.1964
2025-06-24 05:34:59,942 [INFO] Epoch 020 | Train Loss: 5.6340 | Val Loss: 3.3817 | Val Acc: 0.3214
2025-06-24 05:35:01,559 [INFO] Epoch 021 | Train Loss: 5.2173 | Val Loss: 3.2282 | Val Acc: 0.3750
2025-06-24 05:35:01,623 [INFO] Epoch 022 | Train Loss: 7.8724 | Val Loss: 4.2260 | Val Acc: 0.3393
2025-06-24 05:35:01,683 [INFO] Epoch 023 | Train Loss: 7.7021 | Val Loss: 1.9384 | Val Acc: 0.3036
2025-06-24 05:35:01,763 [INFO] Epoch 024 | Train Loss: 5.3473 | Val Loss: 2.4368 | Val Acc: 0.2857
2025-06-24 05:35:01,825 [INFO] Epoch 025 | Train Loss: 5.7311 | Val Loss: 3.6426 | Val Acc: 0.3571
2025-06-24 05:35:01,909 [INFO] Epoch 026 | Train Loss: 6.4939 | Val Loss: 4.9305 | Val Acc: 0.2500
2025-06-24 05:35:01,977 [INFO] Epoch 027 | Train Loss: 4.3780 | Val Loss: 2.2493 | Val Acc: 0.3214
2025-06-24 05:35:02,062 [INFO] Epoch 028 | Train Loss: 3.8918 | Val Loss: 2.1875 | Val Acc: 0.3214
2025-06-24 05:35:02,156 [INFO] Epoch 029 | Train Loss: 5.6375 | Val Loss: 2.2174 | Val Acc: 0.2857
2025-06-24 05:35:02,235 [INFO] Epoch 030 | Train Loss: 3.0449 | Val Loss: 1.8323 | Val Acc: 0.2857
2025-06-24 05:35:04,033 [INFO] Epoch 031 | Train Loss: 5.0289 | Val Loss: 1.6436 | Val Acc: 0.3214
2025-06-24 05:35:04,100 [INFO] Epoch 032 | Train Loss: 5.4472 | Val Loss: 2.2519 | Val Acc: 0.2679
2025-06-24 05:35:04,173 [INFO] Epoch 033 | Train Loss: 6.7225 | Val Loss: 2.5071 | Val Acc: 0.2679
2025-06-24 05:35:04,239 [INFO] Epoch 034 | Train Loss: 4.2065 | Val Loss: 2.4016 | Val Acc: 0.3929
2025-06-24 05:35:04,303 [INFO] Epoch 035 | Train Loss: 4.5755 | Val Loss: 2.4544 | Val Acc: 0.3036
2025-06-24 05:35:04,369 [INFO] Epoch 036 | Train Loss: 3.1730 | Val Loss: 2.0804 | Val Acc: 0.4107
2025-06-24 05:35:04,434 [INFO] Epoch 037 | Train Loss: 3.8747 | Val Loss: 1.3935 | Val Acc: 0.4286
2025-06-24 05:35:04,451 [INFO] New best model at epoch 37 (Val Acc: 0.4286)
2025-06-24 05:35:04,524 [INFO] Epoch 038 | Train Loss: 3.5146 | Val Loss: 1.5806 | Val Acc: 0.2857
2025-06-24 05:35:04,597 [INFO] Epoch 039 | Train Loss: 2.6721 | Val Loss: 2.2371 | Val Acc: 0.3214
2025-06-24 05:35:04,672 [INFO] Epoch 040 | Train Loss: 2.0975 | Val Loss: 1.8116 | Val Acc: 0.3214
2025-06-24 05:35:07,278 [INFO] Epoch 041 | Train Loss: 4.0451 | Val Loss: 1.9373 | Val Acc: 0.3393
2025-06-24 05:35:07,344 [INFO] Epoch 042 | Train Loss: 2.1792 | Val Loss: 2.1823 | Val Acc: 0.3571
2025-06-24 05:35:07,407 [INFO] Epoch 043 | Train Loss: 1.9206 | Val Loss: 2.3898 | Val Acc: 0.3929
2025-06-24 05:35:07,470 [INFO] Epoch 044 | Train Loss: 2.2030 | Val Loss: 2.3440 | Val Acc: 0.2857
2025-06-24 05:35:07,540 [INFO] Epoch 045 | Train Loss: 3.5942 | Val Loss: 2.9379 | Val Acc: 0.2857
2025-06-24 05:35:07,607 [INFO] Epoch 046 | Train Loss: 4.4196 | Val Loss: 1.4031 | Val Acc: 0.3571
2025-06-24 05:35:07,673 [INFO] Epoch 047 | Train Loss: 4.6798 | Val Loss: 1.8367 | Val Acc: 0.3393
2025-06-24 05:35:07,739 [INFO] Epoch 048 | Train Loss: 4.1143 | Val Loss: 2.2497 | Val Acc: 0.4286
2025-06-24 05:35:08,013 [INFO] Epoch 049 | Train Loss: 3.2218 | Val Loss: 1.5496 | Val Acc: 0.3929
2025-06-24 05:35:08,535 [INFO] Epoch 050 | Train Loss: 4.1894 | Val Loss: 1.3087 | Val Acc: 0.3750
2025-06-24 05:35:11,986 [INFO] Epoch 051 | Train Loss: 3.3963 | Val Loss: 1.4105 | Val Acc: 0.3750
2025-06-24 05:35:12,357 [INFO] Epoch 052 | Train Loss: 3.2156 | Val Loss: 2.1551 | Val Acc: 0.3036
2025-06-24 05:35:12,692 [INFO] Epoch 053 | Train Loss: 3.0521 | Val Loss: 7.8837 | Val Acc: 0.2679
2025-06-24 05:35:13,006 [INFO] Epoch 054 | Train Loss: 3.3260 | Val Loss: 1.9880 | Val Acc: 0.3214
2025-06-24 05:35:13,360 [INFO] Epoch 055 | Train Loss: 2.8610 | Val Loss: 4.4211 | Val Acc: 0.2679
2025-06-24 05:35:13,685 [INFO] Epoch 056 | Train Loss: 1.7872 | Val Loss: 3.5863 | Val Acc: 0.2321
2025-06-24 05:35:14,228 [INFO] Epoch 057 | Train Loss: 2.0673 | Val Loss: 2.3617 | Val Acc: 0.2679
2025-06-24 05:35:14,579 [INFO] Epoch 058 | Train Loss: 2.1371 | Val Loss: 1.5291 | Val Acc: 0.2857
2025-06-24 05:35:14,918 [INFO] Epoch 059 | Train Loss: 1.7559 | Val Loss: 1.3433 | Val Acc: 0.3571
2025-06-24 05:35:15,364 [INFO] Epoch 060 | Train Loss: 2.5763 | Val Loss: 1.5689 | Val Acc: 0.2679
2025-06-24 05:35:19,162 [INFO] Epoch 061 | Train Loss: 1.7228 | Val Loss: 1.3859 | Val Acc: 0.2857
2025-06-24 05:35:19,500 [INFO] Epoch 062 | Train Loss: 2.8406 | Val Loss: 1.4487 | Val Acc: 0.3214
2025-06-24 05:35:19,830 [INFO] Epoch 063 | Train Loss: 2.1521 | Val Loss: 1.7084 | Val Acc: 0.3393
2025-06-24 05:35:20,182 [INFO] Epoch 064 | Train Loss: 2.0122 | Val Loss: 1.7669 | Val Acc: 0.3214
2025-06-24 05:35:20,537 [INFO] Epoch 065 | Train Loss: 1.6182 | Val Loss: 2.0763 | Val Acc: 0.2500
2025-06-24 05:35:20,986 [INFO] Epoch 066 | Train Loss: 4.2504 | Val Loss: 1.9561 | Val Acc: 0.3214
2025-06-24 05:35:21,429 [INFO] Epoch 067 | Train Loss: 1.9731 | Val Loss: 1.9160 | Val Acc: 0.2679
2025-06-24 05:35:21,930 [INFO] Epoch 068 | Train Loss: 2.0103 | Val Loss: 2.1822 | Val Acc: 0.3036
2025-06-24 05:35:22,370 [INFO] Epoch 069 | Train Loss: 3.5455 | Val Loss: 1.6676 | Val Acc: 0.3214
2025-06-24 05:35:23,026 [INFO] Epoch 070 | Train Loss: 3.9396 | Val Loss: 2.5104 | Val Acc: 0.3036
2025-06-24 05:35:27,152 [INFO] Epoch 071 | Train Loss: 3.4657 | Val Loss: 1.7778 | Val Acc: 0.3929
2025-06-24 05:35:27,513 [INFO] Epoch 072 | Train Loss: 1.6754 | Val Loss: 2.7288 | Val Acc: 0.3214
2025-06-24 05:35:27,918 [INFO] Epoch 073 | Train Loss: 2.4524 | Val Loss: 1.5755 | Val Acc: 0.3750
2025-06-24 05:35:28,284 [INFO] Epoch 074 | Train Loss: 2.1830 | Val Loss: 1.4182 | Val Acc: 0.2679
2025-06-24 05:35:28,647 [INFO] Epoch 075 | Train Loss: 2.8575 | Val Loss: 1.7076 | Val Acc: 0.3571
2025-06-24 05:35:28,985 [INFO] Epoch 076 | Train Loss: 1.8247 | Val Loss: 1.7925 | Val Acc: 0.2321
2025-06-24 05:35:29,472 [INFO] Epoch 077 | Train Loss: 2.0795 | Val Loss: 2.0039 | Val Acc: 0.2321
2025-06-24 05:35:29,964 [INFO] Epoch 078 | Train Loss: 2.4982 | Val Loss: 4.4140 | Val Acc: 0.3750
2025-06-24 05:35:30,319 [INFO] Epoch 079 | Train Loss: 2.4640 | Val Loss: 8.7785 | Val Acc: 0.3929
2025-06-24 05:35:30,666 [INFO] Epoch 080 | Train Loss: 2.9637 | Val Loss: 2.4941 | Val Acc: 0.2679
2025-06-24 05:35:34,192 [INFO] Epoch 081 | Train Loss: 2.6315 | Val Loss: 3.4381 | Val Acc: 0.3571
2025-06-24 05:35:34,541 [INFO] Epoch 082 | Train Loss: 1.9989 | Val Loss: 2.9588 | Val Acc: 0.3571
2025-06-24 05:35:34,899 [INFO] Epoch 083 | Train Loss: 1.9451 | Val Loss: 1.4315 | Val Acc: 0.3929
2025-06-24 05:35:35,282 [INFO] Epoch 084 | Train Loss: 1.9161 | Val Loss: 1.8191 | Val Acc: 0.2679
2025-06-24 05:35:35,623 [INFO] Epoch 085 | Train Loss: 1.3856 | Val Loss: 1.4346 | Val Acc: 0.2500
2025-06-24 05:35:35,958 [INFO] Epoch 086 | Train Loss: 1.4134 | Val Loss: 8.3424 | Val Acc: 0.2500
2025-06-24 05:35:36,372 [INFO] Epoch 087 | Train Loss: 1.3475 | Val Loss: 2.5936 | Val Acc: 0.2679
2025-06-24 05:35:36,727 [INFO] Epoch 088 | Train Loss: 1.6630 | Val Loss: 4.0224 | Val Acc: 0.2679
2025-06-24 05:35:37,118 [INFO] Epoch 089 | Train Loss: 1.6866 | Val Loss: 1.9162 | Val Acc: 0.2679
2025-06-24 05:35:37,475 [INFO] Epoch 090 | Train Loss: 1.4096 | Val Loss: 1.6292 | Val Acc: 0.3036
2025-06-24 05:35:41,050 [INFO] Epoch 091 | Train Loss: 1.4144 | Val Loss: 1.4291 | Val Acc: 0.2857
2025-06-24 05:35:41,575 [INFO] Epoch 092 | Train Loss: 1.5675 | Val Loss: 1.4136 | Val Acc: 0.2500
2025-06-24 05:35:42,060 [INFO] Epoch 093 | Train Loss: 1.4929 | Val Loss: 4.4860 | Val Acc: 0.2500
2025-06-24 05:35:42,602 [INFO] Epoch 094 | Train Loss: 1.1248 | Val Loss: 1.8465 | Val Acc: 0.3036
2025-06-24 05:35:43,062 [INFO] Epoch 095 | Train Loss: 1.2901 | Val Loss: 2.1800 | Val Acc: 0.3393
2025-06-24 05:35:43,458 [INFO] Epoch 096 | Train Loss: 1.2787 | Val Loss: 1.5007 | Val Acc: 0.3214
2025-06-24 05:35:43,927 [INFO] Epoch 097 | Train Loss: 1.1995 | Val Loss: 1.4541 | Val Acc: 0.2500
2025-06-24 05:35:44,463 [INFO] Epoch 098 | Train Loss: 1.3668 | Val Loss: 1.9559 | Val Acc: 0.3214
2025-06-24 05:35:44,868 [INFO] Epoch 099 | Train Loss: 1.1248 | Val Loss: 1.3809 | Val Acc: 0.3750
2025-06-24 05:35:45,355 [INFO] Epoch 100 | Train Loss: 1.2261 | Val Loss: 1.4348 | Val Acc: 0.3036
2025-06-24 05:35:49,197 [INFO] Epoch 101 | Train Loss: 1.2131 | Val Loss: 1.5472 | Val Acc: 0.2321
2025-06-24 05:35:49,683 [INFO] Epoch 102 | Train Loss: 1.0677 | Val Loss: 1.6003 | Val Acc: 0.2679
2025-06-24 05:35:50,158 [INFO] Epoch 103 | Train Loss: 1.1530 | Val Loss: 1.7826 | Val Acc: 0.2500
2025-06-24 05:35:50,640 [INFO] Epoch 104 | Train Loss: 1.1429 | Val Loss: 1.7684 | Val Acc: 0.2321
2025-06-24 05:35:51,038 [INFO] Epoch 105 | Train Loss: 1.2479 | Val Loss: 1.5250 | Val Acc: 0.3393
2025-06-24 05:35:51,473 [INFO] Epoch 106 | Train Loss: 1.6489 | Val Loss: 1.4223 | Val Acc: 0.2679
2025-06-24 05:35:52,001 [INFO] Epoch 107 | Train Loss: 1.2252 | Val Loss: 1.5720 | Val Acc: 0.2321
2025-06-24 05:35:52,455 [INFO] Epoch 108 | Train Loss: 1.1651 | Val Loss: 1.6302 | Val Acc: 0.2143
2025-06-24 05:35:52,859 [INFO] Epoch 109 | Train Loss: 1.1355 | Val Loss: 1.5656 | Val Acc: 0.3036
2025-06-24 05:35:53,361 [INFO] Epoch 110 | Train Loss: 1.0758 | Val Loss: 1.4853 | Val Acc: 0.2857
2025-06-24 05:35:57,090 [INFO] Epoch 111 | Train Loss: 1.0562 | Val Loss: 1.6568 | Val Acc: 0.2679
2025-06-24 05:35:57,491 [INFO] Epoch 112 | Train Loss: 1.0443 | Val Loss: 1.4588 | Val Acc: 0.2679
2025-06-24 05:35:57,919 [INFO] Epoch 113 | Train Loss: 1.1937 | Val Loss: 1.6900 | Val Acc: 0.2857
2025-06-24 05:35:58,317 [INFO] Epoch 114 | Train Loss: 1.0629 | Val Loss: 1.5588 | Val Acc: 0.3214
2025-06-24 05:35:58,701 [INFO] Epoch 115 | Train Loss: 1.0803 | Val Loss: 1.4537 | Val Acc: 0.2857
2025-06-24 05:35:59,159 [INFO] Epoch 116 | Train Loss: 1.0432 | Val Loss: 1.5225 | Val Acc: 0.2500
2025-06-24 05:35:59,606 [INFO] Epoch 117 | Train Loss: 1.1795 | Val Loss: 1.5946 | Val Acc: 0.2857
2025-06-24 05:36:00,196 [INFO] Epoch 118 | Train Loss: 1.1518 | Val Loss: 1.6112 | Val Acc: 0.2857
2025-06-24 05:36:00,652 [INFO] Epoch 119 | Train Loss: 0.9807 | Val Loss: 1.4730 | Val Acc: 0.3036
2025-06-24 05:36:01,105 [INFO] Epoch 120 | Train Loss: 1.0649 | Val Loss: 1.4474 | Val Acc: 0.3036
2025-06-24 05:36:05,014 [INFO] Epoch 121 | Train Loss: 1.1675 | Val Loss: 1.4901 | Val Acc: 0.2500
2025-06-24 05:36:05,553 [INFO] Epoch 122 | Train Loss: 1.0763 | Val Loss: 1.3826 | Val Acc: 0.2679
2025-06-24 05:36:05,993 [INFO] Epoch 123 | Train Loss: 0.9702 | Val Loss: 1.8446 | Val Acc: 0.3393
2025-06-24 05:36:06,430 [INFO] Epoch 124 | Train Loss: 1.1301 | Val Loss: 1.5777 | Val Acc: 0.3393
2025-06-24 05:36:06,911 [INFO] Epoch 125 | Train Loss: 1.1618 | Val Loss: 1.6558 | Val Acc: 0.2143
2025-06-24 05:36:07,372 [INFO] Epoch 126 | Train Loss: 1.1566 | Val Loss: 1.5573 | Val Acc: 0.3929
2025-06-24 05:36:07,871 [INFO] Epoch 127 | Train Loss: 1.0660 | Val Loss: 2.1100 | Val Acc: 0.4107
2025-06-24 05:36:08,403 [INFO] Epoch 128 | Train Loss: 1.0209 | Val Loss: 1.5156 | Val Acc: 0.3214
2025-06-24 05:36:08,853 [INFO] Epoch 129 | Train Loss: 0.9870 | Val Loss: 1.5464 | Val Acc: 0.3036
2025-06-24 05:36:09,295 [INFO] Epoch 130 | Train Loss: 1.1113 | Val Loss: 1.6506 | Val Acc: 0.3571
2025-06-24 05:36:12,995 [INFO] Epoch 131 | Train Loss: 1.0263 | Val Loss: 1.5270 | Val Acc: 0.3571
2025-06-24 05:36:13,372 [INFO] Epoch 132 | Train Loss: 1.0323 | Val Loss: 1.6504 | Val Acc: 0.3214
2025-06-24 05:36:13,786 [INFO] Epoch 133 | Train Loss: 1.0032 | Val Loss: 1.5651 | Val Acc: 0.2500
2025-06-24 05:36:14,209 [INFO] Epoch 134 | Train Loss: 0.9731 | Val Loss: 1.4930 | Val Acc: 0.2679
2025-06-24 05:36:14,597 [INFO] Epoch 135 | Train Loss: 1.2602 | Val Loss: 1.8176 | Val Acc: 0.3571
2025-06-24 05:36:15,127 [INFO] Epoch 136 | Train Loss: 1.1434 | Val Loss: 1.7103 | Val Acc: 0.3929
2025-06-24 05:36:15,496 [INFO] Epoch 137 | Train Loss: 1.1447 | Val Loss: 1.5832 | Val Acc: 0.4107
2025-06-24 05:36:16,010 [INFO] Epoch 138 | Train Loss: 1.0665 | Val Loss: 1.6555 | Val Acc: 0.3571
2025-06-24 05:36:16,499 [INFO] Epoch 139 | Train Loss: 0.9718 | Val Loss: 1.6420 | Val Acc: 0.3929
2025-06-24 05:36:16,990 [INFO] Epoch 140 | Train Loss: 1.0092 | Val Loss: 1.4451 | Val Acc: 0.3929
2025-06-24 05:36:20,534 [INFO] Epoch 141 | Train Loss: 1.0171 | Val Loss: 1.4961 | Val Acc: 0.3393
2025-06-24 05:36:21,089 [INFO] Epoch 142 | Train Loss: 1.0392 | Val Loss: 1.4838 | Val Acc: 0.3214
2025-06-24 05:36:21,569 [INFO] Epoch 143 | Train Loss: 1.0421 | Val Loss: 1.4820 | Val Acc: 0.3393
2025-06-24 05:36:22,002 [INFO] Epoch 144 | Train Loss: 1.0337 | Val Loss: 1.5652 | Val Acc: 0.3750
2025-06-24 05:36:22,476 [INFO] Epoch 145 | Train Loss: 0.9305 | Val Loss: 1.7013 | Val Acc: 0.3393
2025-06-24 05:36:22,932 [INFO] Epoch 146 | Train Loss: 1.0720 | Val Loss: 1.3628 | Val Acc: 0.3393
2025-06-24 05:36:23,347 [INFO] Epoch 147 | Train Loss: 1.0109 | Val Loss: 1.4231 | Val Acc: 0.3393
2025-06-24 05:36:23,826 [INFO] Epoch 148 | Train Loss: 1.0564 | Val Loss: 1.7544 | Val Acc: 0.2679
2025-06-24 05:36:24,318 [INFO] Epoch 149 | Train Loss: 1.0239 | Val Loss: 1.4499 | Val Acc: 0.3750
2025-06-24 05:36:24,804 [INFO] Epoch 150 | Train Loss: 1.0332 | Val Loss: 1.5609 | Val Acc: 0.3036
2025-06-24 05:36:32,951 [INFO] Epoch 151 | Train Loss: 0.9659 | Val Loss: 1.5998 | Val Acc: 0.3036
2025-06-24 05:36:33,341 [INFO] Epoch 152 | Train Loss: 0.9885 | Val Loss: 1.8139 | Val Acc: 0.3214
2025-06-24 05:36:33,746 [INFO] Epoch 153 | Train Loss: 1.0088 | Val Loss: 1.8477 | Val Acc: 0.2500
2025-06-24 05:36:34,207 [INFO] Epoch 154 | Train Loss: 0.9972 | Val Loss: 1.5810 | Val Acc: 0.3036
2025-06-24 05:36:34,556 [INFO] Epoch 155 | Train Loss: 0.9124 | Val Loss: 1.4606 | Val Acc: 0.3929
2025-06-24 05:36:34,904 [INFO] Epoch 156 | Train Loss: 0.9432 | Val Loss: 1.5576 | Val Acc: 0.3929
2025-06-24 05:36:35,282 [INFO] Epoch 157 | Train Loss: 1.0152 | Val Loss: 1.6493 | Val Acc: 0.3036
2025-06-24 05:36:35,667 [INFO] Epoch 158 | Train Loss: 0.9760 | Val Loss: 1.3901 | Val Acc: 0.4107
2025-06-24 05:36:35,984 [INFO] Epoch 159 | Train Loss: 0.9905 | Val Loss: 1.8220 | Val Acc: 0.4464
2025-06-24 05:36:36,057 [INFO] New best model at epoch 159 (Val Acc: 0.4464)
2025-06-24 05:36:36,348 [INFO] Epoch 160 | Train Loss: 0.9253 | Val Loss: 1.7865 | Val Acc: 0.3393
2025-06-24 05:37:05,638 [INFO] Epoch 161 | Train Loss: 0.9656 | Val Loss: 1.5588 | Val Acc: 0.4107
2025-06-24 05:37:06,124 [INFO] Epoch 162 | Train Loss: 1.0411 | Val Loss: 1.4125 | Val Acc: 0.3750
2025-06-24 05:37:06,714 [INFO] Epoch 163 | Train Loss: 1.0518 | Val Loss: 1.7093 | Val Acc: 0.3750
2025-06-24 05:37:07,225 [INFO] Epoch 164 | Train Loss: 1.0894 | Val Loss: 1.5811 | Val Acc: 0.4107
2025-06-24 05:37:07,646 [INFO] Epoch 165 | Train Loss: 1.0552 | Val Loss: 1.5820 | Val Acc: 0.3571
2025-06-24 05:37:08,034 [INFO] Epoch 166 | Train Loss: 0.9912 | Val Loss: 1.5687 | Val Acc: 0.3750
2025-06-24 05:37:08,582 [INFO] Epoch 167 | Train Loss: 0.9661 | Val Loss: 4.1924 | Val Acc: 0.2321
2025-06-24 05:37:08,995 [INFO] Epoch 168 | Train Loss: 0.9420 | Val Loss: 1.5766 | Val Acc: 0.3571
2025-06-24 05:37:09,439 [INFO] Epoch 169 | Train Loss: 0.9689 | Val Loss: 2.1248 | Val Acc: 0.4107
2025-06-24 05:37:09,848 [INFO] Epoch 170 | Train Loss: 1.0002 | Val Loss: 2.0517 | Val Acc: 0.3929
2025-06-24 05:37:13,925 [INFO] Epoch 171 | Train Loss: 1.0095 | Val Loss: 2.7293 | Val Acc: 0.3571
2025-06-24 05:37:14,412 [INFO] Epoch 172 | Train Loss: 0.9515 | Val Loss: 2.5116 | Val Acc: 0.3036
2025-06-24 05:37:14,834 [INFO] Epoch 173 | Train Loss: 0.9244 | Val Loss: 1.5355 | Val Acc: 0.3393
2025-06-24 05:37:15,263 [INFO] Epoch 174 | Train Loss: 0.9078 | Val Loss: 1.7456 | Val Acc: 0.3393
2025-06-24 05:37:15,666 [INFO] Epoch 175 | Train Loss: 0.9002 | Val Loss: 1.6141 | Val Acc: 0.3929
2025-06-24 05:37:16,165 [INFO] Epoch 176 | Train Loss: 1.0468 | Val Loss: 1.5451 | Val Acc: 0.4286
2025-06-24 05:37:16,728 [INFO] Epoch 177 | Train Loss: 0.8854 | Val Loss: 1.9149 | Val Acc: 0.4286
2025-06-24 05:37:17,118 [INFO] Epoch 178 | Train Loss: 1.0183 | Val Loss: 2.0510 | Val Acc: 0.3571
2025-06-24 05:37:17,637 [INFO] Epoch 179 | Train Loss: 0.9791 | Val Loss: 1.6258 | Val Acc: 0.3929
2025-06-24 05:37:18,025 [INFO] Epoch 180 | Train Loss: 0.9579 | Val Loss: 1.2970 | Val Acc: 0.4286
2025-06-24 05:37:21,600 [INFO] Epoch 181 | Train Loss: 0.9610 | Val Loss: 1.8623 | Val Acc: 0.4107
2025-06-24 05:37:22,001 [INFO] Epoch 182 | Train Loss: 1.0193 | Val Loss: 1.7115 | Val Acc: 0.3750
2025-06-24 05:37:22,464 [INFO] Epoch 183 | Train Loss: 0.9904 | Val Loss: 1.2995 | Val Acc: 0.4286
2025-06-24 05:37:22,884 [INFO] Epoch 184 | Train Loss: 1.0110 | Val Loss: 1.6964 | Val Acc: 0.3571
2025-06-24 05:37:23,388 [INFO] Epoch 185 | Train Loss: 0.9629 | Val Loss: 1.6500 | Val Acc: 0.4107
2025-06-24 05:37:23,798 [INFO] Epoch 186 | Train Loss: 0.8942 | Val Loss: 1.4527 | Val Acc: 0.3929
2025-06-24 05:37:24,168 [INFO] Epoch 187 | Train Loss: 0.9398 | Val Loss: 4.4282 | Val Acc: 0.3571
2025-06-24 05:37:24,670 [INFO] Epoch 188 | Train Loss: 0.9375 | Val Loss: 1.9949 | Val Acc: 0.2321
2025-06-24 05:37:25,174 [INFO] Epoch 189 | Train Loss: 0.8754 | Val Loss: 1.7432 | Val Acc: 0.3393
2025-06-24 05:37:25,639 [INFO] Epoch 190 | Train Loss: 0.9730 | Val Loss: 1.6066 | Val Acc: 0.3214
2025-06-24 05:37:29,130 [INFO] Epoch 191 | Train Loss: 0.9563 | Val Loss: 2.5896 | Val Acc: 0.3036
2025-06-24 05:37:29,490 [INFO] Epoch 192 | Train Loss: 0.8621 | Val Loss: 1.8620 | Val Acc: 0.2857
2025-06-24 05:37:29,980 [INFO] Epoch 193 | Train Loss: 0.9177 | Val Loss: 1.6311 | Val Acc: 0.3393
2025-06-24 05:37:30,609 [INFO] Epoch 194 | Train Loss: 0.9263 | Val Loss: 5.4692 | Val Acc: 0.2500
2025-06-24 05:37:31,125 [INFO] Epoch 195 | Train Loss: 0.9388 | Val Loss: 2.4396 | Val Acc: 0.4286
2025-06-24 05:37:31,563 [INFO] Epoch 196 | Train Loss: 0.9186 | Val Loss: 1.9923 | Val Acc: 0.4107
2025-06-24 05:37:32,034 [INFO] Epoch 197 | Train Loss: 0.9175 | Val Loss: 1.5298 | Val Acc: 0.3750
2025-06-24 05:37:32,512 [INFO] Epoch 198 | Train Loss: 0.9296 | Val Loss: 1.6427 | Val Acc: 0.4107
2025-06-24 05:37:32,955 [INFO] Epoch 199 | Train Loss: 0.8527 | Val Loss: 1.6886 | Val Acc: 0.3750
2025-06-24 05:37:33,593 [INFO] Epoch 200 | Train Loss: 0.9615 | Val Loss: 1.6069 | Val Acc: 0.4643
2025-06-24 05:37:36,784 [INFO] New best model at epoch 200 (Val Acc: 0.4643)
2025-06-24 05:37:37,069 [INFO] Epoch 201 | Train Loss: 0.9301 | Val Loss: 1.6408 | Val Acc: 0.3929
2025-06-24 05:37:37,415 [INFO] Epoch 202 | Train Loss: 1.0774 | Val Loss: 2.1190 | Val Acc: 0.3214
2025-06-24 05:37:37,743 [INFO] Epoch 203 | Train Loss: 0.9853 | Val Loss: 1.4721 | Val Acc: 0.3929
2025-06-24 05:37:38,076 [INFO] Epoch 204 | Train Loss: 1.0123 | Val Loss: 1.4273 | Val Acc: 0.3393
2025-06-24 05:37:38,419 [INFO] Epoch 205 | Train Loss: 0.8826 | Val Loss: 1.9252 | Val Acc: 0.3393
2025-06-24 05:37:38,736 [INFO] Epoch 206 | Train Loss: 0.9468 | Val Loss: 1.5594 | Val Acc: 0.3393
2025-06-24 05:37:39,199 [INFO] Epoch 207 | Train Loss: 0.8708 | Val Loss: 1.5843 | Val Acc: 0.3393
2025-06-24 05:37:39,656 [INFO] Epoch 208 | Train Loss: 0.8628 | Val Loss: 1.5454 | Val Acc: 0.2500
2025-06-24 05:37:40,068 [INFO] Epoch 209 | Train Loss: 0.8564 | Val Loss: 1.8651 | Val Acc: 0.3036
2025-06-24 05:37:40,457 [INFO] Epoch 210 | Train Loss: 0.8525 | Val Loss: 1.8104 | Val Acc: 0.4107
2025-06-24 05:37:44,359 [INFO] Epoch 211 | Train Loss: 0.9019 | Val Loss: 2.5459 | Val Acc: 0.3750
2025-06-24 05:37:44,715 [INFO] Epoch 212 | Train Loss: 0.9929 | Val Loss: 1.7805 | Val Acc: 0.4643
2025-06-24 05:37:45,033 [INFO] Epoch 213 | Train Loss: 1.0493 | Val Loss: 2.0757 | Val Acc: 0.3750
2025-06-24 05:37:45,370 [INFO] Epoch 214 | Train Loss: 0.9683 | Val Loss: 1.6758 | Val Acc: 0.3750
2025-06-24 05:37:45,725 [INFO] Epoch 215 | Train Loss: 1.0057 | Val Loss: 47.6513 | Val Acc: 0.2679
2025-06-24 05:37:46,051 [INFO] Epoch 216 | Train Loss: 0.9915 | Val Loss: 1.8221 | Val Acc: 0.3929
2025-06-24 05:37:46,537 [INFO] Epoch 217 | Train Loss: 0.9632 | Val Loss: 1.7886 | Val Acc: 0.3571
2025-06-24 05:37:46,957 [INFO] Epoch 218 | Train Loss: 1.0991 | Val Loss: 1.6193 | Val Acc: 0.3750
2025-06-24 05:37:47,504 [INFO] Epoch 219 | Train Loss: 0.9220 | Val Loss: 1.6236 | Val Acc: 0.3929
2025-06-24 05:37:47,930 [INFO] Epoch 220 | Train Loss: 0.9317 | Val Loss: 1.6633 | Val Acc: 0.3571
2025-06-24 05:37:51,466 [INFO] Epoch 221 | Train Loss: 0.8863 | Val Loss: 3.1130 | Val Acc: 0.3750
2025-06-24 05:37:51,887 [INFO] Epoch 222 | Train Loss: 0.9518 | Val Loss: 3.4808 | Val Acc: 0.3750
2025-06-24 05:37:52,310 [INFO] Epoch 223 | Train Loss: 0.8584 | Val Loss: 1.5353 | Val Acc: 0.4107
2025-06-24 05:37:52,693 [INFO] Epoch 224 | Train Loss: 0.8409 | Val Loss: 9.1005 | Val Acc: 0.3393
2025-06-24 05:37:53,139 [INFO] Epoch 225 | Train Loss: 0.8630 | Val Loss: 1.6627 | Val Acc: 0.3929
2025-06-24 05:37:53,591 [INFO] Epoch 226 | Train Loss: 0.8707 | Val Loss: 2.4714 | Val Acc: 0.3214
2025-06-24 05:37:54,011 [INFO] Epoch 227 | Train Loss: 0.8844 | Val Loss: 1.8929 | Val Acc: 0.4464
2025-06-24 05:37:54,438 [INFO] Epoch 228 | Train Loss: 0.9680 | Val Loss: 100.9807 | Val Acc: 0.2857
2025-06-24 05:37:54,770 [INFO] Epoch 229 | Train Loss: 0.9032 | Val Loss: 2.1125 | Val Acc: 0.3214
2025-06-24 05:37:55,093 [INFO] Epoch 230 | Train Loss: 1.0081 | Val Loss: 1.9689 | Val Acc: 0.2857
2025-06-24 05:37:58,407 [INFO] Epoch 231 | Train Loss: 0.9381 | Val Loss: 1.6244 | Val Acc: 0.3571
2025-06-24 05:37:58,745 [INFO] Epoch 232 | Train Loss: 0.8977 | Val Loss: 1.7128 | Val Acc: 0.4286
2025-06-24 05:37:59,079 [INFO] Epoch 233 | Train Loss: 0.9727 | Val Loss: 1.4416 | Val Acc: 0.3571
2025-06-24 05:37:59,430 [INFO] Epoch 234 | Train Loss: 0.9707 | Val Loss: 1.7074 | Val Acc: 0.5000
2025-06-24 05:37:59,505 [INFO] New best model at epoch 234 (Val Acc: 0.5000)
2025-06-24 05:37:59,784 [INFO] Epoch 235 | Train Loss: 1.0045 | Val Loss: 1.5663 | Val Acc: 0.4107
2025-06-24 05:38:00,143 [INFO] Epoch 236 | Train Loss: 0.8866 | Val Loss: 2.7738 | Val Acc: 0.3214
2025-06-24 05:38:00,498 [INFO] Epoch 237 | Train Loss: 0.8580 | Val Loss: 3.8054 | Val Acc: 0.3750
2025-06-24 05:38:00,896 [INFO] Epoch 238 | Train Loss: 0.9040 | Val Loss: 2.1499 | Val Acc: 0.3571
2025-06-24 05:38:01,285 [INFO] Epoch 239 | Train Loss: 0.8851 | Val Loss: 1.5833 | Val Acc: 0.4464
2025-06-24 05:38:01,602 [INFO] Epoch 240 | Train Loss: 0.9425 | Val Loss: 1.5556 | Val Acc: 0.4643
2025-06-24 05:38:04,998 [INFO] Epoch 241 | Train Loss: 1.0022 | Val Loss: 2.2986 | Val Acc: 0.3750
2025-06-24 05:38:05,334 [INFO] Epoch 242 | Train Loss: 0.9589 | Val Loss: 1.5516 | Val Acc: 0.3571
2025-06-24 05:38:05,651 [INFO] Epoch 243 | Train Loss: 0.9408 | Val Loss: 1.8611 | Val Acc: 0.3214
2025-06-24 05:38:05,996 [INFO] Epoch 244 | Train Loss: 0.8326 | Val Loss: 1.7335 | Val Acc: 0.3750
2025-06-24 05:38:06,412 [INFO] Epoch 245 | Train Loss: 0.8104 | Val Loss: 1.7035 | Val Acc: 0.4107
2025-06-24 05:38:06,737 [INFO] Epoch 246 | Train Loss: 0.8998 | Val Loss: 1.5738 | Val Acc: 0.3393
2025-06-24 05:38:07,108 [INFO] Epoch 247 | Train Loss: 0.8399 | Val Loss: 1.6654 | Val Acc: 0.3393
2025-06-24 05:38:07,447 [INFO] Epoch 248 | Train Loss: 0.8919 | Val Loss: 1.6671 | Val Acc: 0.3750
2025-06-24 05:38:07,769 [INFO] Epoch 249 | Train Loss: 0.9330 | Val Loss: 1.6772 | Val Acc: 0.3929
2025-06-24 05:38:08,119 [INFO] Epoch 250 | Train Loss: 0.8588 | Val Loss: 1.8706 | Val Acc: 0.4643
2025-06-24 05:38:14,642 [INFO] Epoch 251 | Train Loss: 0.8097 | Val Loss: 2.2387 | Val Acc: 0.4821
2025-06-24 05:38:15,238 [INFO] Epoch 252 | Train Loss: 0.9298 | Val Loss: 2.4862 | Val Acc: 0.3393
2025-06-24 05:38:15,611 [INFO] Epoch 253 | Train Loss: 0.9220 | Val Loss: 1.6345 | Val Acc: 0.3929
2025-06-24 05:38:15,967 [INFO] Epoch 254 | Train Loss: 0.9136 | Val Loss: 3.2041 | Val Acc: 0.3214
2025-06-24 05:38:16,470 [INFO] Epoch 255 | Train Loss: 0.7401 | Val Loss: 1.9068 | Val Acc: 0.4643
2025-06-24 05:38:16,805 [INFO] Epoch 256 | Train Loss: 0.7998 | Val Loss: 1.4542 | Val Acc: 0.4464
2025-06-24 05:38:17,128 [INFO] Epoch 257 | Train Loss: 0.9033 | Val Loss: 1.5179 | Val Acc: 0.4643
2025-06-24 05:38:17,507 [INFO] Epoch 258 | Train Loss: 0.8245 | Val Loss: 2.2492 | Val Acc: 0.3393
2025-06-24 05:38:18,018 [INFO] Epoch 259 | Train Loss: 0.7765 | Val Loss: 1.7087 | Val Acc: 0.3929
2025-06-24 05:38:18,433 [INFO] Epoch 260 | Train Loss: 0.8441 | Val Loss: 1.7398 | Val Acc: 0.4286
2025-06-24 05:38:23,418 [INFO] Epoch 261 | Train Loss: 0.9074 | Val Loss: 1.4996 | Val Acc: 0.3750
2025-06-24 05:38:23,784 [INFO] Epoch 262 | Train Loss: 0.7545 | Val Loss: 1.5854 | Val Acc: 0.5357
2025-06-24 05:38:23,863 [INFO] New best model at epoch 262 (Val Acc: 0.5357)
2025-06-24 05:38:24,186 [INFO] Epoch 263 | Train Loss: 0.8405 | Val Loss: 1.3567 | Val Acc: 0.4107
2025-06-24 05:38:24,521 [INFO] Epoch 264 | Train Loss: 0.7832 | Val Loss: 1.3434 | Val Acc: 0.4464
2025-06-24 05:38:24,877 [INFO] Epoch 265 | Train Loss: 0.8590 | Val Loss: 1.5112 | Val Acc: 0.4643
2025-06-24 05:38:25,286 [INFO] Epoch 266 | Train Loss: 0.8255 | Val Loss: 1.5964 | Val Acc: 0.4107
2025-06-24 05:38:25,749 [INFO] Epoch 267 | Train Loss: 0.7749 | Val Loss: 1.7788 | Val Acc: 0.3929
2025-06-24 05:38:26,080 [INFO] Epoch 268 | Train Loss: 0.7518 | Val Loss: 1.4477 | Val Acc: 0.3750
2025-06-24 05:38:26,699 [INFO] Epoch 269 | Train Loss: 0.7746 | Val Loss: 1.9218 | Val Acc: 0.4464
2025-06-24 05:38:27,034 [INFO] Epoch 270 | Train Loss: 0.8319 | Val Loss: 2.8029 | Val Acc: 0.4286
2025-06-24 05:38:30,556 [INFO] Epoch 271 | Train Loss: 0.8841 | Val Loss: 2.0540 | Val Acc: 0.4464
2025-06-24 05:38:30,894 [INFO] Epoch 272 | Train Loss: 0.8697 | Val Loss: 2.8110 | Val Acc: 0.4821
2025-06-24 05:38:31,247 [INFO] Epoch 273 | Train Loss: 0.8694 | Val Loss: 2.2112 | Val Acc: 0.3036
2025-06-24 05:38:31,593 [INFO] Epoch 274 | Train Loss: 0.9255 | Val Loss: 1.4843 | Val Acc: 0.4643
2025-06-24 05:38:31,936 [INFO] Epoch 275 | Train Loss: 0.8359 | Val Loss: 2.4023 | Val Acc: 0.3214
2025-06-24 05:38:32,306 [INFO] Epoch 276 | Train Loss: 0.8147 | Val Loss: 2.1382 | Val Acc: 0.4107
2025-06-24 05:38:32,660 [INFO] Epoch 277 | Train Loss: 0.7393 | Val Loss: 1.6104 | Val Acc: 0.4107
2025-06-24 05:38:33,005 [INFO] Epoch 278 | Train Loss: 0.8137 | Val Loss: 1.4568 | Val Acc: 0.4286
2025-06-24 05:38:33,331 [INFO] Epoch 279 | Train Loss: 0.8380 | Val Loss: 1.4955 | Val Acc: 0.4643
2025-06-24 05:38:33,667 [INFO] Epoch 280 | Train Loss: 0.7802 | Val Loss: 8.9948 | Val Acc: 0.4107
2025-06-24 05:38:37,446 [INFO] Epoch 281 | Train Loss: 0.8197 | Val Loss: 1.9590 | Val Acc: 0.4107
2025-06-24 05:38:37,808 [INFO] Epoch 282 | Train Loss: 0.9314 | Val Loss: 1.5156 | Val Acc: 0.4464
2025-06-24 05:38:38,225 [INFO] Epoch 283 | Train Loss: 0.7680 | Val Loss: 1.6969 | Val Acc: 0.4643
2025-06-24 05:38:38,560 [INFO] Epoch 284 | Train Loss: 0.8204 | Val Loss: 2.2548 | Val Acc: 0.3393
2025-06-24 05:38:38,892 [INFO] Epoch 285 | Train Loss: 0.8946 | Val Loss: 2.3088 | Val Acc: 0.4464
2025-06-24 05:38:39,233 [INFO] Epoch 286 | Train Loss: 0.7852 | Val Loss: 1.8891 | Val Acc: 0.4643
2025-06-24 05:38:39,555 [INFO] Epoch 287 | Train Loss: 0.7982 | Val Loss: 1.8577 | Val Acc: 0.3750
2025-06-24 05:38:39,893 [INFO] Epoch 288 | Train Loss: 0.7769 | Val Loss: 3.2532 | Val Acc: 0.3750
2025-06-24 05:38:40,217 [INFO] Epoch 289 | Train Loss: 0.8284 | Val Loss: 2.0955 | Val Acc: 0.4107
2025-06-24 05:38:40,539 [INFO] Epoch 290 | Train Loss: 0.8242 | Val Loss: 2.2867 | Val Acc: 0.4643
2025-06-24 05:38:43,948 [INFO] Epoch 291 | Train Loss: 0.8214 | Val Loss: 1.9108 | Val Acc: 0.3929
2025-06-24 05:38:44,291 [INFO] Epoch 292 | Train Loss: 0.7969 | Val Loss: 1.6405 | Val Acc: 0.3571
2025-06-24 05:38:44,623 [INFO] Epoch 293 | Train Loss: 0.7980 | Val Loss: 1.9011 | Val Acc: 0.4107
2025-06-24 05:38:44,976 [INFO] Epoch 294 | Train Loss: 0.7967 | Val Loss: 1.9978 | Val Acc: 0.5000
2025-06-24 05:38:45,350 [INFO] Epoch 295 | Train Loss: 0.8159 | Val Loss: 2.2816 | Val Acc: 0.4286
2025-06-24 05:38:45,669 [INFO] Epoch 296 | Train Loss: 0.8148 | Val Loss: 1.9200 | Val Acc: 0.4464
2025-06-24 05:38:46,007 [INFO] Epoch 297 | Train Loss: 0.8269 | Val Loss: 1.6820 | Val Acc: 0.4464
2025-06-24 05:38:46,378 [INFO] Epoch 298 | Train Loss: 0.7849 | Val Loss: 10.1154 | Val Acc: 0.1964
2025-06-24 05:38:46,702 [INFO] Epoch 299 | Train Loss: 0.8937 | Val Loss: 28.3771 | Val Acc: 0.2679
2025-06-24 05:38:47,040 [INFO] Epoch 300 | Train Loss: 0.9696 | Val Loss: 2.0901 | Val Acc: 0.2679
2025-06-24 05:39:03,834 [INFO] Epoch 301 | Train Loss: 0.9561 | Val Loss: 1.6344 | Val Acc: 0.3571
2025-06-24 05:39:04,203 [INFO] Epoch 302 | Train Loss: 0.8575 | Val Loss: 1.5570 | Val Acc: 0.3929
2025-06-24 05:39:04,660 [INFO] Epoch 303 | Train Loss: 0.8996 | Val Loss: 4.4418 | Val Acc: 0.3571
2025-06-24 05:39:05,110 [INFO] Epoch 304 | Train Loss: 0.8450 | Val Loss: 2.4673 | Val Acc: 0.3571
2025-06-24 05:39:05,541 [INFO] Epoch 305 | Train Loss: 0.8778 | Val Loss: 2.3730 | Val Acc: 0.4107
2025-06-24 05:39:05,889 [INFO] Epoch 306 | Train Loss: 0.9041 | Val Loss: 1.5319 | Val Acc: 0.4821
2025-06-24 05:39:06,215 [INFO] Epoch 307 | Train Loss: 0.8349 | Val Loss: 1.9305 | Val Acc: 0.4821
2025-06-24 05:39:06,579 [INFO] Epoch 308 | Train Loss: 0.9490 | Val Loss: 2.0527 | Val Acc: 0.4643
2025-06-24 05:39:06,950 [INFO] Epoch 309 | Train Loss: 0.7809 | Val Loss: 3.2173 | Val Acc: 0.3750
2025-06-24 05:39:07,273 [INFO] Epoch 310 | Train Loss: 0.7728 | Val Loss: 1.6549 | Val Acc: 0.5536
2025-06-24 05:39:12,249 [INFO] New best model at epoch 310 (Val Acc: 0.5536)
2025-06-24 05:39:12,531 [INFO] Epoch 311 | Train Loss: 0.8421 | Val Loss: 1.4776 | Val Acc: 0.4643
2025-06-24 05:39:12,872 [INFO] Epoch 312 | Train Loss: 0.9471 | Val Loss: 2.1343 | Val Acc: 0.5000
2025-06-24 05:39:13,187 [INFO] Epoch 313 | Train Loss: 0.8841 | Val Loss: 1.5999 | Val Acc: 0.5179
2025-06-24 05:39:13,521 [INFO] Epoch 314 | Train Loss: 0.7381 | Val Loss: 1.6609 | Val Acc: 0.4643
2025-06-24 05:39:13,862 [INFO] Epoch 315 | Train Loss: 0.7772 | Val Loss: 7.3092 | Val Acc: 0.2857
2025-06-24 05:39:14,185 [INFO] Epoch 316 | Train Loss: 0.7907 | Val Loss: 2.1113 | Val Acc: 0.4107
2025-06-24 05:39:14,653 [INFO] Epoch 317 | Train Loss: 0.7460 | Val Loss: 1.7751 | Val Acc: 0.4643
2025-06-24 05:39:14,998 [INFO] Epoch 318 | Train Loss: 0.8186 | Val Loss: 2.1102 | Val Acc: 0.4821
2025-06-24 05:39:15,316 [INFO] Epoch 319 | Train Loss: 0.8091 | Val Loss: 1.9255 | Val Acc: 0.3571
2025-06-24 05:39:15,783 [INFO] Epoch 320 | Train Loss: 0.7913 | Val Loss: 1.9287 | Val Acc: 0.3214
2025-06-24 05:39:19,274 [INFO] Epoch 321 | Train Loss: 0.7857 | Val Loss: 2.1071 | Val Acc: 0.3214
2025-06-24 05:39:19,697 [INFO] Epoch 322 | Train Loss: 0.7163 | Val Loss: 4.1051 | Val Acc: 0.2857
2025-06-24 05:39:20,033 [INFO] Epoch 323 | Train Loss: 0.8210 | Val Loss: 1.6460 | Val Acc: 0.4464
2025-06-24 05:39:20,440 [INFO] Epoch 324 | Train Loss: 0.7420 | Val Loss: 1.9749 | Val Acc: 0.4643
2025-06-24 05:39:20,788 [INFO] Epoch 325 | Train Loss: 0.7033 | Val Loss: 2.0031 | Val Acc: 0.3750
2025-06-24 05:39:21,145 [INFO] Epoch 326 | Train Loss: 0.5866 | Val Loss: 1.9670 | Val Acc: 0.3571
2025-06-24 05:39:21,465 [INFO] Epoch 327 | Train Loss: 0.7229 | Val Loss: 1.4439 | Val Acc: 0.4643
2025-06-24 05:39:21,805 [INFO] Epoch 328 | Train Loss: 0.6687 | Val Loss: 2.1340 | Val Acc: 0.4286
2025-06-24 05:39:22,138 [INFO] Epoch 329 | Train Loss: 0.7783 | Val Loss: 1.7098 | Val Acc: 0.3750
2025-06-24 05:39:22,459 [INFO] Epoch 330 | Train Loss: 0.8709 | Val Loss: 1.8950 | Val Acc: 0.3393
2025-06-24 05:39:26,119 [INFO] Epoch 331 | Train Loss: 0.8228 | Val Loss: 1.9360 | Val Acc: 0.4643
2025-06-24 05:39:26,499 [INFO] Epoch 332 | Train Loss: 0.7391 | Val Loss: 1.8130 | Val Acc: 0.4107
2025-06-24 05:39:26,846 [INFO] Epoch 333 | Train Loss: 0.7430 | Val Loss: 1.8947 | Val Acc: 0.4464
2025-06-24 05:39:27,167 [INFO] Epoch 334 | Train Loss: 0.6769 | Val Loss: 2.0668 | Val Acc: 0.4821
2025-06-24 05:39:27,532 [INFO] Epoch 335 | Train Loss: 0.7184 | Val Loss: 1.6597 | Val Acc: 0.5179
2025-06-24 05:39:27,867 [INFO] Epoch 336 | Train Loss: 0.7243 | Val Loss: 1.7522 | Val Acc: 0.4464
2025-06-24 05:39:28,210 [INFO] Epoch 337 | Train Loss: 0.6396 | Val Loss: 2.2957 | Val Acc: 0.4643
2025-06-24 05:39:28,561 [INFO] Epoch 338 | Train Loss: 0.7248 | Val Loss: 2.0117 | Val Acc: 0.4821
2025-06-24 05:39:28,910 [INFO] Epoch 339 | Train Loss: 0.7062 | Val Loss: 1.7980 | Val Acc: 0.4464
2025-06-24 05:39:29,229 [INFO] Epoch 340 | Train Loss: 0.7298 | Val Loss: 2.6000 | Val Acc: 0.3929
2025-06-24 05:39:43,617 [INFO] Epoch 341 | Train Loss: 0.7049 | Val Loss: 1.7321 | Val Acc: 0.3214
2025-06-24 05:39:44,030 [INFO] Epoch 342 | Train Loss: 0.7902 | Val Loss: 1.6760 | Val Acc: 0.3036
2025-06-24 05:39:44,565 [INFO] Epoch 343 | Train Loss: 0.7841 | Val Loss: 1.8248 | Val Acc: 0.4107
2025-06-24 05:39:44,972 [INFO] Epoch 344 | Train Loss: 0.7159 | Val Loss: 2.3960 | Val Acc: 0.4464
2025-06-24 05:39:45,359 [INFO] Epoch 345 | Train Loss: 0.7010 | Val Loss: 2.0781 | Val Acc: 0.4464
2025-06-24 05:39:45,699 [INFO] Epoch 346 | Train Loss: 0.8057 | Val Loss: 1.5952 | Val Acc: 0.5000
2025-06-24 05:39:46,035 [INFO] Epoch 347 | Train Loss: 0.9570 | Val Loss: 1.6775 | Val Acc: 0.4464
2025-06-24 05:39:46,383 [INFO] Epoch 348 | Train Loss: 0.8243 | Val Loss: 2.0672 | Val Acc: 0.5357
2025-06-24 05:39:46,759 [INFO] Epoch 349 | Train Loss: 0.9976 | Val Loss: 4.0457 | Val Acc: 0.4107
2025-06-24 05:39:47,083 [INFO] Epoch 350 | Train Loss: 0.8226 | Val Loss: 2.7710 | Val Acc: 0.4464
2025-06-24 05:39:50,584 [INFO] Epoch 351 | Train Loss: 0.7527 | Val Loss: 3.2654 | Val Acc: 0.4107
2025-06-24 05:39:50,925 [INFO] Epoch 352 | Train Loss: 0.6722 | Val Loss: 1.2915 | Val Acc: 0.4464
2025-06-24 05:39:51,237 [INFO] Epoch 353 | Train Loss: 0.6559 | Val Loss: 2.1985 | Val Acc: 0.3393
2025-06-24 05:39:51,575 [INFO] Epoch 354 | Train Loss: 0.6712 | Val Loss: 1.8867 | Val Acc: 0.3929
2025-06-24 05:39:51,934 [INFO] Epoch 355 | Train Loss: 0.6047 | Val Loss: 1.7262 | Val Acc: 0.4464
2025-06-24 05:39:52,256 [INFO] Epoch 356 | Train Loss: 0.6345 | Val Loss: 1.7424 | Val Acc: 0.4464
2025-06-24 05:39:52,595 [INFO] Epoch 357 | Train Loss: 0.6860 | Val Loss: 2.2633 | Val Acc: 0.3571
2025-06-24 05:39:52,936 [INFO] Epoch 358 | Train Loss: 0.6981 | Val Loss: 1.9657 | Val Acc: 0.3929
2025-06-24 05:39:53,333 [INFO] Epoch 359 | Train Loss: 0.7228 | Val Loss: 1.8942 | Val Acc: 0.4643
2025-06-24 05:39:53,665 [INFO] Epoch 360 | Train Loss: 0.6397 | Val Loss: 1.7100 | Val Acc: 0.4464
2025-06-24 05:39:58,589 [INFO] Epoch 361 | Train Loss: 0.6753 | Val Loss: 3.2167 | Val Acc: 0.3750
2025-06-24 05:39:58,982 [INFO] Epoch 362 | Train Loss: 0.7211 | Val Loss: 2.9928 | Val Acc: 0.3571
2025-06-24 05:39:59,382 [INFO] Epoch 363 | Train Loss: 0.7923 | Val Loss: 2.8280 | Val Acc: 0.4464
2025-06-24 05:39:59,709 [INFO] Epoch 364 | Train Loss: 0.7780 | Val Loss: 2.0136 | Val Acc: 0.3750
2025-06-24 05:40:00,188 [INFO] Epoch 365 | Train Loss: 0.8510 | Val Loss: 2.0548 | Val Acc: 0.3929
2025-06-24 05:40:00,597 [INFO] Epoch 366 | Train Loss: 0.8620 | Val Loss: 5.5027 | Val Acc: 0.3036
2025-06-24 05:40:01,034 [INFO] Epoch 367 | Train Loss: 0.8633 | Val Loss: 2.4645 | Val Acc: 0.5000
2025-06-24 05:40:01,522 [INFO] Epoch 368 | Train Loss: 0.7784 | Val Loss: 1.9969 | Val Acc: 0.3929
2025-06-24 05:40:01,934 [INFO] Epoch 369 | Train Loss: 0.8998 | Val Loss: 2.1434 | Val Acc: 0.3571
2025-06-24 05:40:02,542 [INFO] Epoch 370 | Train Loss: 0.7287 | Val Loss: 3.1557 | Val Acc: 0.4107
2025-06-24 05:40:06,083 [INFO] Epoch 371 | Train Loss: 0.7298 | Val Loss: 1.9387 | Val Acc: 0.4286
2025-06-24 05:40:06,425 [INFO] Epoch 372 | Train Loss: 0.7320 | Val Loss: 1.8588 | Val Acc: 0.4464
2025-06-24 05:40:06,750 [INFO] Epoch 373 | Train Loss: 0.7807 | Val Loss: 2.2362 | Val Acc: 0.4643
2025-06-24 05:40:07,136 [INFO] Epoch 374 | Train Loss: 0.7359 | Val Loss: 1.8508 | Val Acc: 0.4107
2025-06-24 05:40:07,491 [INFO] Epoch 375 | Train Loss: 0.7363 | Val Loss: 1.9640 | Val Acc: 0.3571
2025-06-24 05:40:07,839 [INFO] Epoch 376 | Train Loss: 0.7075 | Val Loss: 1.8332 | Val Acc: 0.4286
2025-06-24 05:40:08,166 [INFO] Epoch 377 | Train Loss: 0.7071 | Val Loss: 1.8097 | Val Acc: 0.4464
2025-06-24 05:40:08,571 [INFO] Epoch 378 | Train Loss: 0.6982 | Val Loss: 2.0298 | Val Acc: 0.3393
2025-06-24 05:40:08,894 [INFO] Epoch 379 | Train Loss: 0.6220 | Val Loss: 1.8247 | Val Acc: 0.4107
2025-06-24 05:40:09,313 [INFO] Epoch 380 | Train Loss: 0.6934 | Val Loss: 1.3830 | Val Acc: 0.4643
2025-06-24 05:40:13,166 [INFO] Epoch 381 | Train Loss: 0.6562 | Val Loss: 1.4434 | Val Acc: 0.5536
2025-06-24 05:40:13,505 [INFO] Epoch 382 | Train Loss: 0.6823 | Val Loss: 1.9805 | Val Acc: 0.3929
2025-06-24 05:40:13,828 [INFO] Epoch 383 | Train Loss: 0.6524 | Val Loss: 1.9837 | Val Acc: 0.3929
2025-06-24 05:40:14,197 [INFO] Epoch 384 | Train Loss: 0.6908 | Val Loss: 2.0462 | Val Acc: 0.4107
2025-06-24 05:40:14,592 [INFO] Epoch 385 | Train Loss: 0.7893 | Val Loss: 2.3698 | Val Acc: 0.3750
2025-06-24 05:40:14,913 [INFO] Epoch 386 | Train Loss: 0.8737 | Val Loss: 3.3988 | Val Acc: 0.3571
2025-06-24 05:40:15,240 [INFO] Epoch 387 | Train Loss: 0.7910 | Val Loss: 1.3345 | Val Acc: 0.5179
2025-06-24 05:40:15,580 [INFO] Epoch 388 | Train Loss: 0.8192 | Val Loss: 1.6574 | Val Acc: 0.4643
2025-06-24 05:40:15,902 [INFO] Epoch 389 | Train Loss: 0.8252 | Val Loss: 2.3570 | Val Acc: 0.4286
2025-06-24 05:40:16,235 [INFO] Epoch 390 | Train Loss: 0.6659 | Val Loss: 2.0200 | Val Acc: 0.4643
2025-06-24 05:40:19,760 [INFO] Epoch 391 | Train Loss: 0.7113 | Val Loss: 1.5530 | Val Acc: 0.5179
2025-06-24 05:40:20,086 [INFO] Epoch 392 | Train Loss: 0.7086 | Val Loss: 2.8718 | Val Acc: 0.4821
2025-06-24 05:40:20,483 [INFO] Epoch 393 | Train Loss: 0.6915 | Val Loss: 2.1221 | Val Acc: 0.3214
2025-06-24 05:40:20,819 [INFO] Epoch 394 | Train Loss: 0.6682 | Val Loss: 1.7774 | Val Acc: 0.3750
2025-06-24 05:40:21,200 [INFO] Epoch 395 | Train Loss: 0.7845 | Val Loss: 1.7652 | Val Acc: 0.5000
2025-06-24 05:40:21,532 [INFO] Epoch 396 | Train Loss: 0.7144 | Val Loss: 2.0853 | Val Acc: 0.4464
2025-06-24 05:40:21,887 [INFO] Epoch 397 | Train Loss: 0.6565 | Val Loss: 1.8699 | Val Acc: 0.3393
2025-06-24 05:40:22,219 [INFO] Epoch 398 | Train Loss: 0.6488 | Val Loss: 1.6124 | Val Acc: 0.5714
2025-06-24 05:40:22,292 [INFO] New best model at epoch 398 (Val Acc: 0.5714)
2025-06-24 05:40:22,545 [INFO] Epoch 399 | Train Loss: 0.7097 | Val Loss: 1.5505 | Val Acc: 0.5179
2025-06-24 05:40:22,884 [INFO] Epoch 400 | Train Loss: 0.6979 | Val Loss: 1.4354 | Val Acc: 0.4821
2025-06-24 05:40:26,266 [INFO] Best model saved to <built-in function time>/ENZYMES/best/best_source_gin.pth (Val Acc: 0.5714 at epoch 398)
2025-06-24 05:40:26,272 [INFO] Training/validation metrics saved to <built-in function time>/ENZYMES/GIN_0.01/train_metrics.csv
2025-06-24 05:40:29,526 [INFO] Final training curves saved
2025-06-24 05:40:29,526 [INFO] Training completed!
2025-06-24 05:40:29,527 [INFO] Best validation accuracy: 0.5714
2025-06-24 05:40:29,527 [INFO] Best epoch: 398
2025-06-24 05:40:29,527 [INFO] Total epochs trained: 400
2025-06-24 05:40:29,530 [INFO] Starting training with parameters: (0.01, 0.4, 512, 3, 50, 0.0)
