2025-06-22 15:23:42,259 [INFO] Using device: cpu
2025-06-22 15:23:42,259 [INFO] 开始创建数据加载器...
2025-06-22 15:23:42,271 [INFO] Successfully loaded dataset ENZYMES from ./data, total graphs: 600
2025-06-22 15:23:42,271 [INFO] Class allocation analysis:
2025-06-22 15:23:42,271 [INFO]   Source classes: [0, 1, 2, 3]
2025-06-22 15:23:42,271 [INFO]   Target classes: [0, 1, 2, 3, 4, 5]
2025-06-22 15:23:42,271 [INFO]   Overlap classes (to be split): [0, 1, 2, 3]
2025-06-22 15:23:42,271 [INFO]   Target novel classes (unknown): [4, 5]
2025-06-22 15:23:42,287 [INFO]   Class 0: 100 total -> Source: 70, Target: 30
2025-06-22 15:23:42,288 [INFO]   Class 1: 100 total -> Source: 70, Target: 30
2025-06-22 15:23:42,288 [INFO]   Class 2: 100 total -> Source: 70, Target: 30
2025-06-22 15:23:42,288 [INFO]   Class 3: 100 total -> Source: 70, Target: 30
2025-06-22 15:23:42,288 [INFO]   Class 4 (novel/unknown): 100 samples -> Target
2025-06-22 15:23:42,288 [INFO]   Class 5 (novel/unknown): 100 samples -> Target
2025-06-22 15:23:42,288 [INFO] Final allocation:
2025-06-22 15:23:42,288 [INFO]   Source domain: 280 samples
2025-06-22 15:23:42,288 [INFO]   Target domain: 320 samples
2025-06-22 15:23:42,290 [INFO] Source domain setup:
2025-06-22 15:23:42,290 [INFO]   Original classes: [0, 1, 2, 3]
2025-06-22 15:23:42,290 [INFO]   Overlap classes used: [0, 1, 2, 3]
2025-06-22 15:23:42,290 [INFO]   Label mapping: {0: 0, 1: 1, 2: 2, 3: 3}
2025-06-22 15:23:42,290 [INFO]   Total data after allocation: 280
2025-06-22 15:23:42,290 [INFO]   Data split - Train: 224, Val: 56
2025-06-22 15:23:42,290 [INFO]   Train label distribution: {0: 56, 1: 56, 3: 56, 2: 56}
2025-06-22 15:23:42,290 [INFO]   Val label distribution: {1: 14, 2: 14, 0: 14, 3: 14}
2025-06-22 15:23:42,292 [INFO] Successfully loaded dataset ENZYMES from ./data, total graphs: 600
2025-06-22 15:23:42,292 [INFO] Class allocation analysis:
2025-06-22 15:23:42,292 [INFO]   Source classes: [0, 1, 2, 3]
2025-06-22 15:23:42,292 [INFO]   Target classes: [0, 1, 2, 3, 4, 5]
2025-06-22 15:23:42,292 [INFO]   Overlap classes (to be split): [0, 1, 2, 3]
2025-06-22 15:23:42,292 [INFO]   Target novel classes (unknown): [4, 5]
2025-06-22 15:23:42,308 [INFO]   Class 0: 100 total -> Source: 70, Target: 30
2025-06-22 15:23:42,308 [INFO]   Class 1: 100 total -> Source: 70, Target: 30
2025-06-22 15:23:42,308 [INFO]   Class 2: 100 total -> Source: 70, Target: 30
2025-06-22 15:23:42,308 [INFO]   Class 3: 100 total -> Source: 70, Target: 30
2025-06-22 15:23:42,308 [INFO]   Class 4 (novel/unknown): 100 samples -> Target
2025-06-22 15:23:42,308 [INFO]   Class 5 (novel/unknown): 100 samples -> Target
2025-06-22 15:23:42,308 [INFO] Final allocation:
2025-06-22 15:23:42,308 [INFO]   Source domain: 280 samples
2025-06-22 15:23:42,308 [INFO]   Target domain: 320 samples
2025-06-22 15:23:42,310 [INFO] Target domain setup:
2025-06-22 15:23:42,310 [INFO]   Original classes: [0, 1, 2, 3, 4, 5]
2025-06-22 15:23:42,310 [INFO]   Overlap classes: [0, 1, 2, 3]
2025-06-22 15:23:42,310 [INFO]   Novel classes: [4, 5] -> mapped to unknown label 4
2025-06-22 15:23:42,310 [INFO]   Label mapping: {0: 0, 1: 1, 2: 2, 3: 3, 4: 4, 5: 4}
2025-06-22 15:23:42,310 [INFO]   Total data after allocation: 320
2025-06-22 15:23:42,310 [INFO]   Data split - Train: 256, Val: 64
2025-06-22 15:23:42,310 [INFO]   Total count: 320 (known: 120, unknown: 200)
2025-06-22 15:23:42,310 [INFO]   Total label distribution: {4: 200, 3: 30, 0: 30, 1: 30, 2: 30}
2025-06-22 15:23:42,310 [INFO]   Train label distribution: {4: 160, 0: 24, 2: 24, 3: 24, 1: 24}
2025-06-22 15:23:42,310 [INFO]   Val label distribution: {1: 6, 4: 40, 3: 6, 0: 6, 2: 6}
2025-06-22 15:23:42,310 [INFO] 数据加载器创建完成!
2025-06-22 15:23:42,310 [INFO] 源域类别数: 4 (重叠类别)
2025-06-22 15:23:42,311 [INFO] 目标域类别数: 5 (4个重叠类别 + 1个未知类别)
2025-06-22 15:23:42,311 [INFO] 重叠类别: [0, 1, 2, 3]
2025-06-22 15:23:42,311 [INFO] 目标域新类别: [4, 5]
2025-06-22 15:23:42,311 [INFO] Data allocation verification:
2025-06-22 15:23:42,311 [INFO]   Source data samples: 280
2025-06-22 15:23:42,311 [INFO]   Target data samples: 320
2025-06-22 15:23:42,311 [INFO]   Overlapping samples: 0
2025-06-22 15:23:42,311 [INFO]   ✓ Data allocation is correct - no overlapping samples
2025-06-22 15:23:42,313 [INFO] Model initialized with 5924 parameters
2025-06-22 15:23:42,313 [INFO] Previous best validation accuracy read from record.txt: 0.6250
2025-06-22 15:23:42,314 [INFO] Starting training...
2025-06-22 15:23:42,353 [INFO] Epoch 001 | Train Loss: 6.9321 | Val Loss: 1.5255 | Val Acc: 0.2679
2025-06-22 15:23:45,379 [INFO] New best model at epoch 1 (Val Acc: 0.2679)
2025-06-22 15:23:45,428 [INFO] Epoch 002 | Train Loss: 2.9889 | Val Loss: 1.6126 | Val Acc: 0.3571
2025-06-22 15:23:45,432 [INFO] New best model at epoch 2 (Val Acc: 0.3571)
2025-06-22 15:23:45,469 [INFO] Epoch 003 | Train Loss: 2.3857 | Val Loss: 1.8522 | Val Acc: 0.2500
2025-06-22 15:23:45,505 [INFO] Epoch 004 | Train Loss: 2.0712 | Val Loss: 1.6097 | Val Acc: 0.3750
2025-06-22 15:23:45,508 [INFO] New best model at epoch 4 (Val Acc: 0.3750)
2025-06-22 15:23:45,530 [INFO] Epoch 005 | Train Loss: 2.4097 | Val Loss: 1.5329 | Val Acc: 0.3036
2025-06-22 15:23:45,552 [INFO] Epoch 006 | Train Loss: 1.7565 | Val Loss: 1.5771 | Val Acc: 0.3393
2025-06-22 15:23:45,575 [INFO] Epoch 007 | Train Loss: 1.7621 | Val Loss: 1.3266 | Val Acc: 0.3393
2025-06-22 15:23:45,598 [INFO] Epoch 008 | Train Loss: 1.5991 | Val Loss: 1.3807 | Val Acc: 0.4107
2025-06-22 15:23:45,601 [INFO] New best model at epoch 8 (Val Acc: 0.4107)
2025-06-22 15:23:45,655 [INFO] Epoch 009 | Train Loss: 1.6910 | Val Loss: 1.5418 | Val Acc: 0.3393
2025-06-22 15:23:45,693 [INFO] Epoch 010 | Train Loss: 1.6244 | Val Loss: 1.2593 | Val Acc: 0.4286
2025-06-22 15:23:47,454 [INFO] New best model at epoch 10 (Val Acc: 0.4286)
2025-06-22 15:23:47,475 [INFO] Epoch 011 | Train Loss: 1.4268 | Val Loss: 1.4788 | Val Acc: 0.4286
2025-06-22 15:23:47,499 [INFO] Epoch 012 | Train Loss: 1.5419 | Val Loss: 1.4346 | Val Acc: 0.4107
2025-06-22 15:23:47,525 [INFO] Epoch 013 | Train Loss: 1.3909 | Val Loss: 1.8638 | Val Acc: 0.2321
2025-06-22 15:23:47,548 [INFO] Epoch 014 | Train Loss: 1.2925 | Val Loss: 1.5081 | Val Acc: 0.3929
2025-06-22 15:23:47,599 [INFO] Epoch 015 | Train Loss: 1.3091 | Val Loss: 1.3622 | Val Acc: 0.4107
2025-06-22 15:23:47,627 [INFO] Epoch 016 | Train Loss: 1.3151 | Val Loss: 1.7176 | Val Acc: 0.2857
2025-06-22 15:23:47,658 [INFO] Epoch 017 | Train Loss: 1.2640 | Val Loss: 1.6271 | Val Acc: 0.3571
2025-06-22 15:23:47,684 [INFO] Epoch 018 | Train Loss: 1.2965 | Val Loss: 1.3911 | Val Acc: 0.3393
2025-06-22 15:23:47,711 [INFO] Epoch 019 | Train Loss: 1.3877 | Val Loss: 1.2564 | Val Acc: 0.4464
2025-06-22 15:23:47,715 [INFO] New best model at epoch 19 (Val Acc: 0.4464)
2025-06-22 15:23:47,738 [INFO] Epoch 020 | Train Loss: 1.2829 | Val Loss: 1.3690 | Val Acc: 0.4464
2025-06-22 15:23:48,881 [INFO] Epoch 021 | Train Loss: 1.3223 | Val Loss: 1.2800 | Val Acc: 0.3929
2025-06-22 15:23:48,910 [INFO] Epoch 022 | Train Loss: 1.3669 | Val Loss: 1.3036 | Val Acc: 0.4107
2025-06-22 15:23:48,934 [INFO] Epoch 023 | Train Loss: 1.2017 | Val Loss: 1.4086 | Val Acc: 0.3929
2025-06-22 15:23:48,958 [INFO] Epoch 024 | Train Loss: 1.2037 | Val Loss: 1.3172 | Val Acc: 0.3929
2025-06-22 15:23:48,989 [INFO] Epoch 025 | Train Loss: 1.2448 | Val Loss: 1.4725 | Val Acc: 0.4286
2025-06-22 15:23:49,013 [INFO] Epoch 026 | Train Loss: 1.3199 | Val Loss: 1.3609 | Val Acc: 0.3750
2025-06-22 15:23:49,036 [INFO] Epoch 027 | Train Loss: 1.2578 | Val Loss: 1.4183 | Val Acc: 0.3750
2025-06-22 15:23:49,061 [INFO] Epoch 028 | Train Loss: 1.1743 | Val Loss: 1.5860 | Val Acc: 0.3750
2025-06-22 15:23:49,084 [INFO] Epoch 029 | Train Loss: 1.3525 | Val Loss: 1.4559 | Val Acc: 0.3214
2025-06-22 15:23:49,108 [INFO] Epoch 030 | Train Loss: 1.2755 | Val Loss: 1.4317 | Val Acc: 0.4643
2025-06-22 15:23:50,288 [INFO] New best model at epoch 30 (Val Acc: 0.4643)
2025-06-22 15:23:50,317 [INFO] Epoch 031 | Train Loss: 1.0631 | Val Loss: 1.5276 | Val Acc: 0.4107
2025-06-22 15:23:50,346 [INFO] Epoch 032 | Train Loss: 1.0704 | Val Loss: 1.6422 | Val Acc: 0.3571
2025-06-22 15:23:50,374 [INFO] Epoch 033 | Train Loss: 1.0605 | Val Loss: 1.6562 | Val Acc: 0.3393
2025-06-22 15:23:50,401 [INFO] Epoch 034 | Train Loss: 1.0389 | Val Loss: 1.5962 | Val Acc: 0.3393
2025-06-22 15:23:50,423 [INFO] Epoch 035 | Train Loss: 1.0523 | Val Loss: 1.5240 | Val Acc: 0.4286
2025-06-22 15:23:50,443 [INFO] Epoch 036 | Train Loss: 1.0242 | Val Loss: 1.6149 | Val Acc: 0.3214
2025-06-22 15:23:50,463 [INFO] Epoch 037 | Train Loss: 0.9951 | Val Loss: 1.7997 | Val Acc: 0.3929
2025-06-22 15:23:50,482 [INFO] Epoch 038 | Train Loss: 0.9390 | Val Loss: 1.7308 | Val Acc: 0.3214
2025-06-22 15:23:50,502 [INFO] Epoch 039 | Train Loss: 0.9721 | Val Loss: 1.8058 | Val Acc: 0.3393
2025-06-22 15:23:50,521 [INFO] Epoch 040 | Train Loss: 0.9710 | Val Loss: 1.6380 | Val Acc: 0.3929
2025-06-22 15:23:51,561 [INFO] Epoch 041 | Train Loss: 0.9751 | Val Loss: 1.5648 | Val Acc: 0.3571
2025-06-22 15:23:51,582 [INFO] Epoch 042 | Train Loss: 0.9302 | Val Loss: 1.5335 | Val Acc: 0.4107
2025-06-22 15:23:51,608 [INFO] Epoch 043 | Train Loss: 0.8746 | Val Loss: 1.6065 | Val Acc: 0.4286
2025-06-22 15:23:51,630 [INFO] Epoch 044 | Train Loss: 1.0672 | Val Loss: 1.9573 | Val Acc: 0.4286
2025-06-22 15:23:51,651 [INFO] Epoch 045 | Train Loss: 0.9505 | Val Loss: 1.8012 | Val Acc: 0.4107
2025-06-22 15:23:51,671 [INFO] Epoch 046 | Train Loss: 0.9699 | Val Loss: 1.9186 | Val Acc: 0.4107
2025-06-22 15:23:51,690 [INFO] Epoch 047 | Train Loss: 0.9170 | Val Loss: 2.0249 | Val Acc: 0.3929
2025-06-22 15:23:51,714 [INFO] Epoch 048 | Train Loss: 0.9208 | Val Loss: 1.6100 | Val Acc: 0.4464
2025-06-22 15:23:51,735 [INFO] Epoch 049 | Train Loss: 0.9259 | Val Loss: 1.6990 | Val Acc: 0.4107
2025-06-22 15:23:51,753 [INFO] Epoch 050 | Train Loss: 0.8521 | Val Loss: 1.7348 | Val Acc: 0.3571
2025-06-22 15:23:52,697 [INFO] Epoch 051 | Train Loss: 0.8663 | Val Loss: 1.5107 | Val Acc: 0.3929
2025-06-22 15:23:52,719 [INFO] Epoch 052 | Train Loss: 0.8137 | Val Loss: 1.6075 | Val Acc: 0.3393
2025-06-22 15:23:52,742 [INFO] Epoch 053 | Train Loss: 0.8646 | Val Loss: 1.7557 | Val Acc: 0.3929
2025-06-22 15:23:52,765 [INFO] Epoch 054 | Train Loss: 0.9204 | Val Loss: 1.9686 | Val Acc: 0.4107
2025-06-22 15:23:52,786 [INFO] Epoch 055 | Train Loss: 0.8876 | Val Loss: 2.7904 | Val Acc: 0.2321
2025-06-22 15:23:52,805 [INFO] Epoch 056 | Train Loss: 1.0192 | Val Loss: 1.6396 | Val Acc: 0.4464
2025-06-22 15:23:52,823 [INFO] Epoch 057 | Train Loss: 0.8784 | Val Loss: 1.7755 | Val Acc: 0.4107
2025-06-22 15:23:52,842 [INFO] Epoch 058 | Train Loss: 0.9644 | Val Loss: 1.6562 | Val Acc: 0.3393
2025-06-22 15:23:52,862 [INFO] Epoch 059 | Train Loss: 0.9533 | Val Loss: 1.6598 | Val Acc: 0.3929
2025-06-22 15:23:52,883 [INFO] Epoch 060 | Train Loss: 0.9345 | Val Loss: 1.8117 | Val Acc: 0.3571
2025-06-22 15:23:53,831 [INFO] Epoch 061 | Train Loss: 0.8553 | Val Loss: 2.1235 | Val Acc: 0.3750
2025-06-22 15:23:53,853 [INFO] Epoch 062 | Train Loss: 0.8611 | Val Loss: 2.1229 | Val Acc: 0.5000
2025-06-22 15:23:53,856 [INFO] New best model at epoch 62 (Val Acc: 0.5000)
2025-06-22 15:23:53,879 [INFO] Epoch 063 | Train Loss: 0.8858 | Val Loss: 1.6080 | Val Acc: 0.4107
2025-06-22 15:23:53,906 [INFO] Epoch 064 | Train Loss: 0.7650 | Val Loss: 1.5024 | Val Acc: 0.4821
2025-06-22 15:23:53,927 [INFO] Epoch 065 | Train Loss: 0.7325 | Val Loss: 1.5011 | Val Acc: 0.5000
2025-06-22 15:23:53,946 [INFO] Epoch 066 | Train Loss: 0.7484 | Val Loss: 1.7105 | Val Acc: 0.4464
2025-06-22 15:23:53,965 [INFO] Epoch 067 | Train Loss: 0.7761 | Val Loss: 1.6824 | Val Acc: 0.3929
2025-06-22 15:23:53,984 [INFO] Epoch 068 | Train Loss: 0.7487 | Val Loss: 1.6525 | Val Acc: 0.3214
2025-06-22 15:23:54,003 [INFO] Epoch 069 | Train Loss: 0.7372 | Val Loss: 1.7796 | Val Acc: 0.4286
2025-06-22 15:23:54,022 [INFO] Epoch 070 | Train Loss: 0.8193 | Val Loss: 1.8392 | Val Acc: 0.3571
2025-06-22 15:23:54,958 [INFO] Epoch 071 | Train Loss: 0.8366 | Val Loss: 1.6060 | Val Acc: 0.4286
2025-06-22 15:23:54,982 [INFO] Epoch 072 | Train Loss: 0.7532 | Val Loss: 2.1224 | Val Acc: 0.4643
2025-06-22 15:23:55,009 [INFO] Epoch 073 | Train Loss: 0.7623 | Val Loss: 2.1899 | Val Acc: 0.4107
2025-06-22 15:23:55,044 [INFO] Epoch 074 | Train Loss: 0.7310 | Val Loss: 1.9411 | Val Acc: 0.3750
2025-06-22 15:23:55,065 [INFO] Epoch 075 | Train Loss: 0.7027 | Val Loss: 2.4341 | Val Acc: 0.4107
2025-06-22 15:23:55,083 [INFO] Epoch 076 | Train Loss: 0.8090 | Val Loss: 1.6680 | Val Acc: 0.4821
2025-06-22 15:23:55,102 [INFO] Epoch 077 | Train Loss: 0.7247 | Val Loss: 2.3253 | Val Acc: 0.3750
2025-06-22 15:23:55,120 [INFO] Epoch 078 | Train Loss: 0.7312 | Val Loss: 2.3002 | Val Acc: 0.3750
2025-06-22 15:23:55,139 [INFO] Epoch 079 | Train Loss: 0.7351 | Val Loss: 2.1256 | Val Acc: 0.3929
2025-06-22 15:23:55,157 [INFO] Epoch 080 | Train Loss: 0.7204 | Val Loss: 2.0024 | Val Acc: 0.3929
2025-06-22 15:23:56,110 [INFO] Epoch 081 | Train Loss: 0.7187 | Val Loss: 1.5588 | Val Acc: 0.3929
2025-06-22 15:23:56,131 [INFO] Epoch 082 | Train Loss: 0.7916 | Val Loss: 2.2395 | Val Acc: 0.4643
2025-06-22 15:23:56,153 [INFO] Epoch 083 | Train Loss: 0.7621 | Val Loss: 2.0817 | Val Acc: 0.4643
2025-06-22 15:23:56,174 [INFO] Epoch 084 | Train Loss: 0.6668 | Val Loss: 1.8428 | Val Acc: 0.3929
2025-06-22 15:23:56,196 [INFO] Epoch 085 | Train Loss: 0.7107 | Val Loss: 2.1280 | Val Acc: 0.4107
2025-06-22 15:23:56,218 [INFO] Epoch 086 | Train Loss: 0.6795 | Val Loss: 2.3264 | Val Acc: 0.4107
2025-06-22 15:23:56,236 [INFO] Epoch 087 | Train Loss: 0.6215 | Val Loss: 2.2356 | Val Acc: 0.3929
2025-06-22 15:23:56,255 [INFO] Epoch 088 | Train Loss: 0.6356 | Val Loss: 2.1850 | Val Acc: 0.3036
2025-06-22 15:23:56,276 [INFO] Epoch 089 | Train Loss: 0.6871 | Val Loss: 2.0076 | Val Acc: 0.3036
2025-06-22 15:23:56,299 [INFO] Epoch 090 | Train Loss: 0.6239 | Val Loss: 2.1041 | Val Acc: 0.4464
2025-06-22 15:23:57,241 [INFO] Epoch 091 | Train Loss: 0.6059 | Val Loss: 2.3243 | Val Acc: 0.3393
2025-06-22 15:23:57,266 [INFO] Epoch 092 | Train Loss: 0.6665 | Val Loss: 2.2470 | Val Acc: 0.4107
2025-06-22 15:23:57,289 [INFO] Epoch 093 | Train Loss: 0.6603 | Val Loss: 2.4597 | Val Acc: 0.3214
2025-06-22 15:23:57,313 [INFO] Epoch 094 | Train Loss: 0.5638 | Val Loss: 2.0800 | Val Acc: 0.4821
2025-06-22 15:23:57,336 [INFO] Epoch 095 | Train Loss: 0.5434 | Val Loss: 2.1800 | Val Acc: 0.5000
2025-06-22 15:23:57,359 [INFO] Epoch 096 | Train Loss: 0.6669 | Val Loss: 2.1084 | Val Acc: 0.4643
2025-06-22 15:23:57,383 [INFO] Epoch 097 | Train Loss: 0.6744 | Val Loss: 2.2362 | Val Acc: 0.4286
2025-06-22 15:23:57,405 [INFO] Epoch 098 | Train Loss: 0.6923 | Val Loss: 2.5631 | Val Acc: 0.3929
2025-06-22 15:23:57,426 [INFO] Epoch 099 | Train Loss: 0.7367 | Val Loss: 2.2812 | Val Acc: 0.4286
2025-06-22 15:23:57,447 [INFO] Epoch 100 | Train Loss: 0.7228 | Val Loss: 1.7640 | Val Acc: 0.4643
2025-06-22 15:23:58,379 [INFO] Epoch 101 | Train Loss: 0.6784 | Val Loss: 2.3691 | Val Acc: 0.3571
2025-06-22 15:23:58,402 [INFO] Epoch 102 | Train Loss: 0.6564 | Val Loss: 2.6260 | Val Acc: 0.4464
2025-06-22 15:23:58,426 [INFO] Epoch 103 | Train Loss: 0.6314 | Val Loss: 2.4481 | Val Acc: 0.3571
2025-06-22 15:23:58,451 [INFO] Epoch 104 | Train Loss: 0.5398 | Val Loss: 1.9937 | Val Acc: 0.5000
2025-06-22 15:23:58,471 [INFO] Epoch 105 | Train Loss: 0.5921 | Val Loss: 1.9356 | Val Acc: 0.4643
2025-06-22 15:23:58,490 [INFO] Epoch 106 | Train Loss: 0.6134 | Val Loss: 2.1481 | Val Acc: 0.5000
2025-06-22 15:23:58,509 [INFO] Epoch 107 | Train Loss: 0.6451 | Val Loss: 2.2774 | Val Acc: 0.4286
2025-06-22 15:23:58,528 [INFO] Epoch 108 | Train Loss: 0.7686 | Val Loss: 2.0406 | Val Acc: 0.4643
2025-06-22 15:23:58,547 [INFO] Epoch 109 | Train Loss: 0.6941 | Val Loss: 2.0313 | Val Acc: 0.4643
2025-06-22 15:23:58,566 [INFO] Epoch 110 | Train Loss: 0.5693 | Val Loss: 2.0743 | Val Acc: 0.3929
2025-06-22 15:23:59,523 [INFO] Epoch 111 | Train Loss: 0.6327 | Val Loss: 1.8761 | Val Acc: 0.4643
2025-06-22 15:23:59,547 [INFO] Epoch 112 | Train Loss: 0.6015 | Val Loss: 2.3328 | Val Acc: 0.4821
2025-06-22 15:23:59,571 [INFO] Epoch 113 | Train Loss: 0.5333 | Val Loss: 2.2701 | Val Acc: 0.5357
2025-06-22 15:23:59,574 [INFO] New best model at epoch 113 (Val Acc: 0.5357)
2025-06-22 15:23:59,596 [INFO] Epoch 114 | Train Loss: 0.5856 | Val Loss: 2.0895 | Val Acc: 0.4821
2025-06-22 15:23:59,619 [INFO] Epoch 115 | Train Loss: 0.5067 | Val Loss: 2.1781 | Val Acc: 0.4464
2025-06-22 15:23:59,640 [INFO] Epoch 116 | Train Loss: 0.6017 | Val Loss: 2.1948 | Val Acc: 0.5179
2025-06-22 15:23:59,661 [INFO] Epoch 117 | Train Loss: 0.4492 | Val Loss: 1.9436 | Val Acc: 0.4464
2025-06-22 15:23:59,682 [INFO] Epoch 118 | Train Loss: 0.4628 | Val Loss: 2.3962 | Val Acc: 0.3929
2025-06-22 15:23:59,702 [INFO] Epoch 119 | Train Loss: 0.6622 | Val Loss: 2.8410 | Val Acc: 0.4643
2025-06-22 15:23:59,722 [INFO] Epoch 120 | Train Loss: 0.7093 | Val Loss: 2.5607 | Val Acc: 0.3929
2025-06-22 15:24:01,201 [INFO] Epoch 121 | Train Loss: 0.7709 | Val Loss: 2.3542 | Val Acc: 0.4464
2025-06-22 15:24:01,220 [INFO] Epoch 122 | Train Loss: 0.6605 | Val Loss: 2.5565 | Val Acc: 0.4464
2025-06-22 15:24:01,246 [INFO] Epoch 123 | Train Loss: 0.5952 | Val Loss: 3.1798 | Val Acc: 0.4643
2025-06-22 15:24:01,270 [INFO] Epoch 124 | Train Loss: 0.6672 | Val Loss: 3.0256 | Val Acc: 0.4643
2025-06-22 15:24:01,292 [INFO] Epoch 125 | Train Loss: 0.6047 | Val Loss: 2.2529 | Val Acc: 0.5000
2025-06-22 15:24:01,311 [INFO] Epoch 126 | Train Loss: 0.4649 | Val Loss: 2.0870 | Val Acc: 0.5179
2025-06-22 15:24:01,337 [INFO] Epoch 127 | Train Loss: 0.5509 | Val Loss: 2.0633 | Val Acc: 0.4643
2025-06-22 15:24:01,361 [INFO] Epoch 128 | Train Loss: 0.7348 | Val Loss: 2.6242 | Val Acc: 0.3929
2025-06-22 15:24:01,382 [INFO] Epoch 129 | Train Loss: 0.6690 | Val Loss: 2.8070 | Val Acc: 0.3571
2025-06-22 15:24:01,404 [INFO] Epoch 130 | Train Loss: 0.5813 | Val Loss: 2.8034 | Val Acc: 0.4821
2025-06-22 15:24:02,471 [INFO] Epoch 131 | Train Loss: 0.5924 | Val Loss: 1.9546 | Val Acc: 0.5536
2025-06-22 15:24:02,474 [INFO] New best model at epoch 131 (Val Acc: 0.5536)
2025-06-22 15:24:02,500 [INFO] Epoch 132 | Train Loss: 0.5365 | Val Loss: 1.9062 | Val Acc: 0.4643
2025-06-22 15:24:02,525 [INFO] Epoch 133 | Train Loss: 0.5885 | Val Loss: 2.1064 | Val Acc: 0.4643
2025-06-22 15:24:02,550 [INFO] Epoch 134 | Train Loss: 0.5178 | Val Loss: 2.6079 | Val Acc: 0.4107
2025-06-22 15:24:02,572 [INFO] Epoch 135 | Train Loss: 0.5680 | Val Loss: 1.9715 | Val Acc: 0.5179
2025-06-22 15:24:02,594 [INFO] Epoch 136 | Train Loss: 0.5089 | Val Loss: 2.1513 | Val Acc: 0.5536
2025-06-22 15:24:02,617 [INFO] Epoch 137 | Train Loss: 0.5586 | Val Loss: 2.6717 | Val Acc: 0.4464
2025-06-22 15:24:02,637 [INFO] Epoch 138 | Train Loss: 0.4276 | Val Loss: 2.9209 | Val Acc: 0.4464
2025-06-22 15:24:02,656 [INFO] Epoch 139 | Train Loss: 0.4363 | Val Loss: 2.9208 | Val Acc: 0.4286
2025-06-22 15:24:02,676 [INFO] Epoch 140 | Train Loss: 0.4598 | Val Loss: 2.3439 | Val Acc: 0.4286
2025-06-22 15:24:06,601 [INFO] Epoch 141 | Train Loss: 0.4617 | Val Loss: 2.4862 | Val Acc: 0.4286
2025-06-22 15:24:06,635 [INFO] Epoch 142 | Train Loss: 0.4445 | Val Loss: 3.1654 | Val Acc: 0.4464
2025-06-22 15:24:06,661 [INFO] Epoch 143 | Train Loss: 0.4143 | Val Loss: 3.2900 | Val Acc: 0.3929
2025-06-22 15:24:06,683 [INFO] Epoch 144 | Train Loss: 0.4655 | Val Loss: 2.9311 | Val Acc: 0.4286
2025-06-22 15:24:06,710 [INFO] Epoch 145 | Train Loss: 0.5870 | Val Loss: 3.3715 | Val Acc: 0.4286
2025-06-22 15:24:06,733 [INFO] Epoch 146 | Train Loss: 0.5341 | Val Loss: 3.3108 | Val Acc: 0.3750
2025-06-22 15:24:06,756 [INFO] Epoch 147 | Train Loss: 0.5018 | Val Loss: 3.3789 | Val Acc: 0.3929
2025-06-22 15:24:06,780 [INFO] Epoch 148 | Train Loss: 0.5926 | Val Loss: 3.3825 | Val Acc: 0.4464
2025-06-22 15:24:06,803 [INFO] Epoch 149 | Train Loss: 0.7952 | Val Loss: 2.6705 | Val Acc: 0.3929
2025-06-22 15:24:06,826 [INFO] Epoch 150 | Train Loss: 0.5061 | Val Loss: 2.0830 | Val Acc: 0.4464
2025-06-22 15:24:07,874 [INFO] Epoch 151 | Train Loss: 0.5428 | Val Loss: 1.7810 | Val Acc: 0.4464
2025-06-22 15:24:07,901 [INFO] Epoch 152 | Train Loss: 0.6073 | Val Loss: 2.5192 | Val Acc: 0.4643
2025-06-22 15:24:07,926 [INFO] Epoch 153 | Train Loss: 0.5143 | Val Loss: 2.6848 | Val Acc: 0.5000
2025-06-22 15:24:07,950 [INFO] Epoch 154 | Train Loss: 0.5172 | Val Loss: 2.3203 | Val Acc: 0.5179
2025-06-22 15:24:07,974 [INFO] Epoch 155 | Train Loss: 0.4161 | Val Loss: 2.4365 | Val Acc: 0.4286
2025-06-22 15:24:07,995 [INFO] Epoch 156 | Train Loss: 0.4829 | Val Loss: 2.5691 | Val Acc: 0.4821
2025-06-22 15:24:08,016 [INFO] Epoch 157 | Train Loss: 0.4408 | Val Loss: 3.2995 | Val Acc: 0.3750
2025-06-22 15:24:08,038 [INFO] Epoch 158 | Train Loss: 0.4216 | Val Loss: 3.2372 | Val Acc: 0.4464
2025-06-22 15:24:08,060 [INFO] Epoch 159 | Train Loss: 0.4357 | Val Loss: 2.5070 | Val Acc: 0.4286
2025-06-22 15:24:08,084 [INFO] Epoch 160 | Train Loss: 0.3773 | Val Loss: 2.5157 | Val Acc: 0.4286
2025-06-22 15:24:09,051 [INFO] Epoch 161 | Train Loss: 0.5051 | Val Loss: 3.4946 | Val Acc: 0.3929
2025-06-22 15:24:09,076 [INFO] Epoch 162 | Train Loss: 0.4095 | Val Loss: 3.5048 | Val Acc: 0.5000
2025-06-22 15:24:09,100 [INFO] Epoch 163 | Train Loss: 0.4796 | Val Loss: 3.6579 | Val Acc: 0.4464
2025-06-22 15:24:09,126 [INFO] Epoch 164 | Train Loss: 0.3921 | Val Loss: 3.5770 | Val Acc: 0.4464
2025-06-22 15:24:09,147 [INFO] Epoch 165 | Train Loss: 0.5464 | Val Loss: 3.4348 | Val Acc: 0.4643
2025-06-22 15:24:09,167 [INFO] Epoch 166 | Train Loss: 0.4132 | Val Loss: 2.3177 | Val Acc: 0.4464
2025-06-22 15:24:09,187 [INFO] Epoch 167 | Train Loss: 0.4333 | Val Loss: 2.6953 | Val Acc: 0.4464
2025-06-22 15:24:09,207 [INFO] Epoch 168 | Train Loss: 0.4575 | Val Loss: 2.9226 | Val Acc: 0.4821
2025-06-22 15:24:09,227 [INFO] Epoch 169 | Train Loss: 0.5991 | Val Loss: 3.0634 | Val Acc: 0.3750
2025-06-22 15:24:09,246 [INFO] Epoch 170 | Train Loss: 0.4842 | Val Loss: 3.9108 | Val Acc: 0.4464
2025-06-22 15:24:10,230 [INFO] Epoch 171 | Train Loss: 0.5750 | Val Loss: 2.8491 | Val Acc: 0.4643
2025-06-22 15:24:10,254 [INFO] Epoch 172 | Train Loss: 0.5457 | Val Loss: 2.4417 | Val Acc: 0.3929
2025-06-22 15:24:10,278 [INFO] Epoch 173 | Train Loss: 0.6703 | Val Loss: 3.1734 | Val Acc: 0.4107
2025-06-22 15:24:10,301 [INFO] Epoch 174 | Train Loss: 0.5407 | Val Loss: 3.0683 | Val Acc: 0.4107
2025-06-22 15:24:10,323 [INFO] Epoch 175 | Train Loss: 0.5449 | Val Loss: 2.7865 | Val Acc: 0.4643
2025-06-22 15:24:10,344 [INFO] Epoch 176 | Train Loss: 0.4468 | Val Loss: 2.6744 | Val Acc: 0.4643
2025-06-22 15:24:10,364 [INFO] Epoch 177 | Train Loss: 0.4108 | Val Loss: 3.0040 | Val Acc: 0.3929
2025-06-22 15:24:10,384 [INFO] Epoch 178 | Train Loss: 0.4498 | Val Loss: 3.0192 | Val Acc: 0.3929
2025-06-22 15:24:10,404 [INFO] Epoch 179 | Train Loss: 0.4916 | Val Loss: 3.3716 | Val Acc: 0.4107
2025-06-22 15:24:10,424 [INFO] Epoch 180 | Train Loss: 0.4427 | Val Loss: 3.3349 | Val Acc: 0.3929
2025-06-22 15:24:11,455 [INFO] Epoch 181 | Train Loss: 0.4261 | Val Loss: 2.7105 | Val Acc: 0.4643
2025-06-22 15:24:11,491 [INFO] Epoch 182 | Train Loss: 0.4285 | Val Loss: 3.0688 | Val Acc: 0.4643
2025-06-22 15:24:11,530 [INFO] Epoch 183 | Train Loss: 0.3973 | Val Loss: 4.3225 | Val Acc: 0.4107
2025-06-22 15:24:11,561 [INFO] Epoch 184 | Train Loss: 0.4700 | Val Loss: 4.3363 | Val Acc: 0.3929
2025-06-22 15:24:11,593 [INFO] Epoch 185 | Train Loss: 0.4155 | Val Loss: 4.1276 | Val Acc: 0.3750
2025-06-22 15:24:11,622 [INFO] Epoch 186 | Train Loss: 0.4363 | Val Loss: 2.9634 | Val Acc: 0.4286
2025-06-22 15:24:11,648 [INFO] Epoch 187 | Train Loss: 0.5787 | Val Loss: 3.3987 | Val Acc: 0.3750
2025-06-22 15:24:11,670 [INFO] Epoch 188 | Train Loss: 0.3620 | Val Loss: 3.1118 | Val Acc: 0.4643
2025-06-22 15:24:11,695 [INFO] Epoch 189 | Train Loss: 0.5359 | Val Loss: 2.8936 | Val Acc: 0.4643
2025-06-22 15:24:11,718 [INFO] Epoch 190 | Train Loss: 0.5508 | Val Loss: 3.5364 | Val Acc: 0.3750
2025-06-22 15:24:15,138 [INFO] Epoch 191 | Train Loss: 0.5281 | Val Loss: 3.4442 | Val Acc: 0.3393
2025-06-22 15:24:15,204 [INFO] Epoch 192 | Train Loss: 0.5694 | Val Loss: 3.4383 | Val Acc: 0.4286
2025-06-22 15:24:15,225 [INFO] Epoch 193 | Train Loss: 0.4791 | Val Loss: 3.2760 | Val Acc: 0.4821
2025-06-22 15:24:15,245 [INFO] Epoch 194 | Train Loss: 0.5171 | Val Loss: 2.2463 | Val Acc: 0.4821
2025-06-22 15:24:15,267 [INFO] Epoch 195 | Train Loss: 0.4385 | Val Loss: 2.5605 | Val Acc: 0.4464
2025-06-22 15:24:15,288 [INFO] Epoch 196 | Train Loss: 0.5384 | Val Loss: 2.6468 | Val Acc: 0.4107
2025-06-22 15:24:15,308 [INFO] Epoch 197 | Train Loss: 0.4116 | Val Loss: 2.9079 | Val Acc: 0.4286
2025-06-22 15:24:15,331 [INFO] Epoch 198 | Train Loss: 0.4148 | Val Loss: 3.5655 | Val Acc: 0.4107
2025-06-22 15:24:15,352 [INFO] Epoch 199 | Train Loss: 0.4052 | Val Loss: 3.1237 | Val Acc: 0.4107
2025-06-22 15:24:15,373 [INFO] Epoch 200 | Train Loss: 0.4289 | Val Loss: 2.9240 | Val Acc: 0.4464
2025-06-22 15:24:16,430 [INFO] Epoch 201 | Train Loss: 0.4654 | Val Loss: 3.1483 | Val Acc: 0.4643
2025-06-22 15:24:16,458 [INFO] Epoch 202 | Train Loss: 0.3721 | Val Loss: 2.9546 | Val Acc: 0.4643
2025-06-22 15:24:16,490 [INFO] Epoch 203 | Train Loss: 0.3898 | Val Loss: 3.0875 | Val Acc: 0.4821
2025-06-22 15:24:16,522 [INFO] Epoch 204 | Train Loss: 0.3508 | Val Loss: 2.9353 | Val Acc: 0.3929
2025-06-22 15:24:16,551 [INFO] Epoch 205 | Train Loss: 0.4201 | Val Loss: 3.2578 | Val Acc: 0.3750
2025-06-22 15:24:16,581 [INFO] Epoch 206 | Train Loss: 0.4443 | Val Loss: 3.2099 | Val Acc: 0.4107
2025-06-22 15:24:16,607 [INFO] Epoch 207 | Train Loss: 0.3884 | Val Loss: 3.2894 | Val Acc: 0.4107
2025-06-22 15:24:16,632 [INFO] Epoch 208 | Train Loss: 0.4130 | Val Loss: 3.3214 | Val Acc: 0.4821
2025-06-22 15:24:16,657 [INFO] Epoch 209 | Train Loss: 0.2869 | Val Loss: 3.9746 | Val Acc: 0.5714
2025-06-22 15:24:16,660 [INFO] New best model at epoch 209 (Val Acc: 0.5714)
2025-06-22 15:24:16,684 [INFO] Epoch 210 | Train Loss: 0.2633 | Val Loss: 3.6259 | Val Acc: 0.5000
2025-06-22 15:24:17,716 [INFO] Epoch 211 | Train Loss: 0.3464 | Val Loss: 3.6215 | Val Acc: 0.4643
2025-06-22 15:24:17,738 [INFO] Epoch 212 | Train Loss: 0.2840 | Val Loss: 3.8758 | Val Acc: 0.4286
2025-06-22 15:24:17,763 [INFO] Epoch 213 | Train Loss: 0.3176 | Val Loss: 4.2659 | Val Acc: 0.4286
2025-06-22 15:24:17,787 [INFO] Epoch 214 | Train Loss: 0.3275 | Val Loss: 4.1755 | Val Acc: 0.3929
2025-06-22 15:24:17,811 [INFO] Epoch 215 | Train Loss: 0.3997 | Val Loss: 3.7095 | Val Acc: 0.5000
2025-06-22 15:24:17,831 [INFO] Epoch 216 | Train Loss: 0.5255 | Val Loss: 4.0991 | Val Acc: 0.4821
2025-06-22 15:24:17,851 [INFO] Epoch 217 | Train Loss: 0.5128 | Val Loss: 4.2456 | Val Acc: 0.4286
2025-06-22 15:24:17,871 [INFO] Epoch 218 | Train Loss: 0.6310 | Val Loss: 3.5272 | Val Acc: 0.3571
2025-06-22 15:24:17,892 [INFO] Epoch 219 | Train Loss: 0.8269 | Val Loss: 3.0018 | Val Acc: 0.4464
2025-06-22 15:24:17,912 [INFO] Epoch 220 | Train Loss: 0.6725 | Val Loss: 2.5250 | Val Acc: 0.4643
2025-06-22 15:24:18,845 [INFO] Epoch 221 | Train Loss: 0.6725 | Val Loss: 3.1839 | Val Acc: 0.3929
2025-06-22 15:24:18,868 [INFO] Epoch 222 | Train Loss: 0.5550 | Val Loss: 3.3945 | Val Acc: 0.4464
2025-06-22 15:24:18,892 [INFO] Epoch 223 | Train Loss: 0.6046 | Val Loss: 2.7745 | Val Acc: 0.4107
2025-06-22 15:24:18,919 [INFO] Epoch 224 | Train Loss: 0.5319 | Val Loss: 2.8124 | Val Acc: 0.4107
2025-06-22 15:24:18,939 [INFO] Epoch 225 | Train Loss: 0.4964 | Val Loss: 2.8740 | Val Acc: 0.4643
2025-06-22 15:24:18,960 [INFO] Epoch 226 | Train Loss: 0.4868 | Val Loss: 2.3710 | Val Acc: 0.4821
2025-06-22 15:24:18,982 [INFO] Epoch 227 | Train Loss: 0.4362 | Val Loss: 2.6955 | Val Acc: 0.4821
2025-06-22 15:24:19,004 [INFO] Epoch 228 | Train Loss: 0.3558 | Val Loss: 2.8003 | Val Acc: 0.4821
2025-06-22 15:24:19,025 [INFO] Epoch 229 | Train Loss: 0.3976 | Val Loss: 2.9299 | Val Acc: 0.4821
2025-06-22 15:24:19,045 [INFO] Epoch 230 | Train Loss: 0.2874 | Val Loss: 2.9130 | Val Acc: 0.5357
2025-06-22 15:24:20,583 [INFO] Epoch 231 | Train Loss: 0.2457 | Val Loss: 3.1324 | Val Acc: 0.5179
2025-06-22 15:24:20,608 [INFO] Epoch 232 | Train Loss: 0.2711 | Val Loss: 3.2709 | Val Acc: 0.4821
2025-06-22 15:24:20,634 [INFO] Epoch 233 | Train Loss: 0.3182 | Val Loss: 3.3221 | Val Acc: 0.5179
2025-06-22 15:24:20,659 [INFO] Epoch 234 | Train Loss: 0.2888 | Val Loss: 3.3195 | Val Acc: 0.4643
2025-06-22 15:24:20,682 [INFO] Epoch 235 | Train Loss: 0.2217 | Val Loss: 3.2270 | Val Acc: 0.4643
2025-06-22 15:24:20,702 [INFO] Epoch 236 | Train Loss: 0.2520 | Val Loss: 3.3790 | Val Acc: 0.4821
2025-06-22 15:24:20,722 [INFO] Epoch 237 | Train Loss: 0.2643 | Val Loss: 3.4400 | Val Acc: 0.5179
2025-06-22 15:24:20,742 [INFO] Epoch 238 | Train Loss: 0.3041 | Val Loss: 4.0146 | Val Acc: 0.4107
2025-06-22 15:24:20,761 [INFO] Epoch 239 | Train Loss: 0.2840 | Val Loss: 4.5710 | Val Acc: 0.4286
2025-06-22 15:24:20,781 [INFO] Epoch 240 | Train Loss: 0.3107 | Val Loss: 4.8424 | Val Acc: 0.4107
2025-06-22 15:24:21,848 [INFO] Epoch 241 | Train Loss: 0.4052 | Val Loss: 3.4608 | Val Acc: 0.4821
2025-06-22 15:24:21,871 [INFO] Epoch 242 | Train Loss: 0.2450 | Val Loss: 3.4245 | Val Acc: 0.4286
2025-06-22 15:24:21,896 [INFO] Epoch 243 | Train Loss: 0.3046 | Val Loss: 3.8786 | Val Acc: 0.3571
2025-06-22 15:24:21,920 [INFO] Epoch 244 | Train Loss: 0.4485 | Val Loss: 4.4817 | Val Acc: 0.4643
2025-06-22 15:24:21,943 [INFO] Epoch 245 | Train Loss: 0.4408 | Val Loss: 4.3779 | Val Acc: 0.5000
2025-06-22 15:24:21,965 [INFO] Epoch 246 | Train Loss: 0.4404 | Val Loss: 3.8393 | Val Acc: 0.3750
2025-06-22 15:24:21,984 [INFO] Epoch 247 | Train Loss: 0.3879 | Val Loss: 3.0645 | Val Acc: 0.4821
2025-06-22 15:24:22,004 [INFO] Epoch 248 | Train Loss: 0.4048 | Val Loss: 2.9441 | Val Acc: 0.4821
2025-06-22 15:24:22,024 [INFO] Epoch 249 | Train Loss: 0.3290 | Val Loss: 3.7317 | Val Acc: 0.4821
2025-06-22 15:24:22,045 [INFO] Epoch 250 | Train Loss: 0.3356 | Val Loss: 3.5397 | Val Acc: 0.4286
2025-06-22 15:24:23,050 [INFO] Epoch 251 | Train Loss: 0.4709 | Val Loss: 3.7218 | Val Acc: 0.3571
2025-06-22 15:24:23,072 [INFO] Epoch 252 | Train Loss: 0.3889 | Val Loss: 4.1449 | Val Acc: 0.3393
2025-06-22 15:24:23,098 [INFO] Epoch 253 | Train Loss: 0.3130 | Val Loss: 4.0992 | Val Acc: 0.4464
2025-06-22 15:24:23,123 [INFO] Epoch 254 | Train Loss: 0.3288 | Val Loss: 3.3680 | Val Acc: 0.3929
2025-06-22 15:24:23,147 [INFO] Epoch 255 | Train Loss: 0.3909 | Val Loss: 3.6493 | Val Acc: 0.4464
2025-06-22 15:24:23,169 [INFO] Epoch 256 | Train Loss: 0.2797 | Val Loss: 3.7615 | Val Acc: 0.4464
2025-06-22 15:24:23,188 [INFO] Epoch 257 | Train Loss: 0.3218 | Val Loss: 3.9044 | Val Acc: 0.4107
2025-06-22 15:24:23,208 [INFO] Epoch 258 | Train Loss: 0.2600 | Val Loss: 4.3284 | Val Acc: 0.3571
2025-06-22 15:24:23,230 [INFO] Epoch 259 | Train Loss: 0.3672 | Val Loss: 3.6116 | Val Acc: 0.4643
2025-06-22 15:24:23,252 [INFO] Epoch 260 | Train Loss: 0.2914 | Val Loss: 3.5385 | Val Acc: 0.4107
2025-06-22 15:24:24,256 [INFO] Epoch 261 | Train Loss: 0.3302 | Val Loss: 4.0198 | Val Acc: 0.3929
2025-06-22 15:24:24,283 [INFO] Epoch 262 | Train Loss: 0.3224 | Val Loss: 4.2679 | Val Acc: 0.3571
2025-06-22 15:24:24,309 [INFO] Epoch 263 | Train Loss: 0.2724 | Val Loss: 3.0730 | Val Acc: 0.3929
2025-06-22 15:24:24,337 [INFO] Epoch 264 | Train Loss: 0.2893 | Val Loss: 2.9756 | Val Acc: 0.4286
2025-06-22 15:24:24,361 [INFO] Epoch 265 | Train Loss: 0.2956 | Val Loss: 3.6573 | Val Acc: 0.3750
2025-06-22 15:24:24,381 [INFO] Epoch 266 | Train Loss: 0.2468 | Val Loss: 3.7163 | Val Acc: 0.4107
2025-06-22 15:24:24,401 [INFO] Epoch 267 | Train Loss: 0.2599 | Val Loss: 3.9038 | Val Acc: 0.4107
2025-06-22 15:24:24,421 [INFO] Epoch 268 | Train Loss: 0.3433 | Val Loss: 4.3684 | Val Acc: 0.3571
2025-06-22 15:24:24,442 [INFO] Epoch 269 | Train Loss: 0.3285 | Val Loss: 3.5703 | Val Acc: 0.4821
2025-06-22 15:24:24,461 [INFO] Epoch 270 | Train Loss: 0.2509 | Val Loss: 3.5388 | Val Acc: 0.3929
2025-06-22 15:24:25,434 [INFO] Epoch 271 | Train Loss: 0.3198 | Val Loss: 4.1764 | Val Acc: 0.3750
2025-06-22 15:24:25,459 [INFO] Epoch 272 | Train Loss: 0.2869 | Val Loss: 3.8422 | Val Acc: 0.4286
2025-06-22 15:24:25,485 [INFO] Epoch 273 | Train Loss: 0.2293 | Val Loss: 3.9908 | Val Acc: 0.4643
2025-06-22 15:24:25,515 [INFO] Epoch 274 | Train Loss: 0.3263 | Val Loss: 3.6895 | Val Acc: 0.4464
2025-06-22 15:24:25,536 [INFO] Epoch 275 | Train Loss: 0.2989 | Val Loss: 4.1536 | Val Acc: 0.4464
2025-06-22 15:24:25,556 [INFO] Epoch 276 | Train Loss: 0.4641 | Val Loss: 5.1295 | Val Acc: 0.4286
2025-06-22 15:24:25,576 [INFO] Epoch 277 | Train Loss: 0.3657 | Val Loss: 5.1232 | Val Acc: 0.4464
2025-06-22 15:24:25,596 [INFO] Epoch 278 | Train Loss: 0.3500 | Val Loss: 4.0580 | Val Acc: 0.4464
2025-06-22 15:24:25,617 [INFO] Epoch 279 | Train Loss: 0.3894 | Val Loss: 4.2244 | Val Acc: 0.4107
2025-06-22 15:24:25,637 [INFO] Epoch 280 | Train Loss: 0.3919 | Val Loss: 4.6617 | Val Acc: 0.4107
2025-06-22 15:24:28,708 [INFO] Epoch 281 | Train Loss: 0.3209 | Val Loss: 4.1438 | Val Acc: 0.4643
2025-06-22 15:24:28,773 [INFO] Epoch 282 | Train Loss: 0.4929 | Val Loss: 3.8994 | Val Acc: 0.4821
2025-06-22 15:24:28,819 [INFO] Epoch 283 | Train Loss: 0.3000 | Val Loss: 4.2314 | Val Acc: 0.4821
2025-06-22 15:24:28,848 [INFO] Epoch 284 | Train Loss: 0.3703 | Val Loss: 4.1162 | Val Acc: 0.4643
2025-06-22 15:24:28,872 [INFO] Epoch 285 | Train Loss: 0.3602 | Val Loss: 3.6111 | Val Acc: 0.4643
2025-06-22 15:24:28,894 [INFO] Epoch 286 | Train Loss: 0.2699 | Val Loss: 3.7053 | Val Acc: 0.3929
2025-06-22 15:24:28,916 [INFO] Epoch 287 | Train Loss: 0.2741 | Val Loss: 3.7424 | Val Acc: 0.4464
2025-06-22 15:24:28,937 [INFO] Epoch 288 | Train Loss: 0.3351 | Val Loss: 3.3455 | Val Acc: 0.3929
2025-06-22 15:24:28,960 [INFO] Epoch 289 | Train Loss: 0.2065 | Val Loss: 3.8458 | Val Acc: 0.3929
2025-06-22 15:24:28,983 [INFO] Epoch 290 | Train Loss: 0.3968 | Val Loss: 4.2747 | Val Acc: 0.5179
2025-06-22 15:24:30,310 [INFO] Epoch 291 | Train Loss: 0.4484 | Val Loss: 4.3038 | Val Acc: 0.4286
2025-06-22 15:24:30,333 [INFO] Epoch 292 | Train Loss: 0.5685 | Val Loss: 4.0088 | Val Acc: 0.4821
2025-06-22 15:24:30,361 [INFO] Epoch 293 | Train Loss: 0.3354 | Val Loss: 4.6790 | Val Acc: 0.4286
2025-06-22 15:24:30,389 [INFO] Epoch 294 | Train Loss: 0.3165 | Val Loss: 4.1876 | Val Acc: 0.4286
2025-06-22 15:24:30,411 [INFO] Epoch 295 | Train Loss: 0.2704 | Val Loss: 3.7697 | Val Acc: 0.4286
2025-06-22 15:24:30,431 [INFO] Epoch 296 | Train Loss: 0.3138 | Val Loss: 3.4986 | Val Acc: 0.4107
2025-06-22 15:24:30,451 [INFO] Epoch 297 | Train Loss: 0.2826 | Val Loss: 3.5362 | Val Acc: 0.4464
2025-06-22 15:24:30,471 [INFO] Epoch 298 | Train Loss: 0.3184 | Val Loss: 3.2125 | Val Acc: 0.4464
2025-06-22 15:24:30,492 [INFO] Epoch 299 | Train Loss: 0.2809 | Val Loss: 2.9909 | Val Acc: 0.4464
2025-06-22 15:24:30,512 [INFO] Epoch 300 | Train Loss: 0.2652 | Val Loss: 4.0939 | Val Acc: 0.4464
2025-06-22 15:24:31,421 [INFO] Epoch 301 | Train Loss: 0.3593 | Val Loss: 4.5841 | Val Acc: 0.4643
2025-06-22 15:24:31,442 [INFO] Epoch 302 | Train Loss: 0.2001 | Val Loss: 3.7192 | Val Acc: 0.4821
2025-06-22 15:24:31,467 [INFO] Epoch 303 | Train Loss: 0.2510 | Val Loss: 2.8715 | Val Acc: 0.4643
2025-06-22 15:24:31,491 [INFO] Epoch 304 | Train Loss: 0.3388 | Val Loss: 3.2741 | Val Acc: 0.4821
2025-06-22 15:24:31,515 [INFO] Epoch 305 | Train Loss: 0.2740 | Val Loss: 3.9394 | Val Acc: 0.4464
2025-06-22 15:24:31,536 [INFO] Epoch 306 | Train Loss: 0.5774 | Val Loss: 4.1533 | Val Acc: 0.4107
2025-06-22 15:24:31,556 [INFO] Epoch 307 | Train Loss: 0.2830 | Val Loss: 3.9296 | Val Acc: 0.4107
2025-06-22 15:24:31,575 [INFO] Epoch 308 | Train Loss: 0.3265 | Val Loss: 3.7806 | Val Acc: 0.4821
2025-06-22 15:24:31,594 [INFO] Epoch 309 | Train Loss: 0.3198 | Val Loss: 3.7551 | Val Acc: 0.4286
2025-06-22 15:24:31,614 [INFO] Epoch 310 | Train Loss: 0.4341 | Val Loss: 3.7115 | Val Acc: 0.4107
2025-06-22 15:24:32,565 [INFO] Epoch 311 | Train Loss: 0.3107 | Val Loss: 4.4426 | Val Acc: 0.4107
2025-06-22 15:24:32,589 [INFO] Epoch 312 | Train Loss: 0.2662 | Val Loss: 4.8850 | Val Acc: 0.3750
2025-06-22 15:24:32,613 [INFO] Epoch 313 | Train Loss: 0.3025 | Val Loss: 4.9264 | Val Acc: 0.3750
2025-06-22 15:24:32,635 [INFO] Epoch 314 | Train Loss: 0.2088 | Val Loss: 4.4198 | Val Acc: 0.4107
2025-06-22 15:24:32,656 [INFO] Epoch 315 | Train Loss: 0.2284 | Val Loss: 4.5193 | Val Acc: 0.4107
2025-06-22 15:24:32,677 [INFO] Epoch 316 | Train Loss: 0.1707 | Val Loss: 4.7734 | Val Acc: 0.3393
2025-06-22 15:24:32,698 [INFO] Epoch 317 | Train Loss: 0.3025 | Val Loss: 4.7204 | Val Acc: 0.3750
2025-06-22 15:24:32,718 [INFO] Epoch 318 | Train Loss: 0.2471 | Val Loss: 4.9002 | Val Acc: 0.4286
2025-06-22 15:24:32,737 [INFO] Epoch 319 | Train Loss: 0.3296 | Val Loss: 5.2191 | Val Acc: 0.3571
2025-06-22 15:24:32,758 [INFO] Epoch 320 | Train Loss: 0.2961 | Val Loss: 4.6559 | Val Acc: 0.4107
2025-06-22 15:24:33,781 [INFO] Epoch 321 | Train Loss: 0.2562 | Val Loss: 4.0531 | Val Acc: 0.4821
2025-06-22 15:24:33,806 [INFO] Epoch 322 | Train Loss: 0.2523 | Val Loss: 3.4858 | Val Acc: 0.4107
2025-06-22 15:24:33,831 [INFO] Epoch 323 | Train Loss: 0.3082 | Val Loss: 4.3920 | Val Acc: 0.4286
2025-06-22 15:24:33,854 [INFO] Epoch 324 | Train Loss: 0.3489 | Val Loss: 4.0965 | Val Acc: 0.4821
2025-06-22 15:24:33,875 [INFO] Epoch 325 | Train Loss: 0.3880 | Val Loss: 4.3693 | Val Acc: 0.5179
2025-06-22 15:24:33,895 [INFO] Epoch 326 | Train Loss: 0.2113 | Val Loss: 4.9095 | Val Acc: 0.4643
2025-06-22 15:24:33,915 [INFO] Epoch 327 | Train Loss: 0.3559 | Val Loss: 4.8431 | Val Acc: 0.4643
2025-06-22 15:24:33,934 [INFO] Epoch 328 | Train Loss: 0.2740 | Val Loss: 5.0183 | Val Acc: 0.4286
2025-06-22 15:24:33,954 [INFO] Epoch 329 | Train Loss: 0.3276 | Val Loss: 4.5482 | Val Acc: 0.3571
2025-06-22 15:24:33,973 [INFO] Epoch 330 | Train Loss: 0.2163 | Val Loss: 4.8109 | Val Acc: 0.4107
2025-06-22 15:24:35,482 [INFO] Epoch 331 | Train Loss: 0.2428 | Val Loss: 5.3076 | Val Acc: 0.4643
2025-06-22 15:24:35,522 [INFO] Epoch 332 | Train Loss: 0.1461 | Val Loss: 5.1349 | Val Acc: 0.4821
2025-06-22 15:24:35,548 [INFO] Epoch 333 | Train Loss: 0.1980 | Val Loss: 4.5884 | Val Acc: 0.4107
2025-06-22 15:24:35,570 [INFO] Epoch 334 | Train Loss: 0.3364 | Val Loss: 4.3487 | Val Acc: 0.3750
2025-06-22 15:24:35,590 [INFO] Epoch 335 | Train Loss: 0.3114 | Val Loss: 4.2110 | Val Acc: 0.3929
2025-06-22 15:24:35,611 [INFO] Epoch 336 | Train Loss: 0.2780 | Val Loss: 5.0552 | Val Acc: 0.3929
2025-06-22 15:24:35,631 [INFO] Epoch 337 | Train Loss: 0.5088 | Val Loss: 4.4637 | Val Acc: 0.4286
2025-06-22 15:24:35,652 [INFO] Epoch 338 | Train Loss: 0.4346 | Val Loss: 3.3575 | Val Acc: 0.4821
2025-06-22 15:24:35,671 [INFO] Epoch 339 | Train Loss: 0.5010 | Val Loss: 3.0516 | Val Acc: 0.3929
2025-06-22 15:24:35,690 [INFO] Epoch 340 | Train Loss: 0.5704 | Val Loss: 3.9306 | Val Acc: 0.4286
2025-06-22 15:24:36,692 [INFO] Epoch 341 | Train Loss: 0.5482 | Val Loss: 4.9868 | Val Acc: 0.4286
2025-06-22 15:24:36,714 [INFO] Epoch 342 | Train Loss: 0.4932 | Val Loss: 4.1433 | Val Acc: 0.4643
2025-06-22 15:24:36,740 [INFO] Epoch 343 | Train Loss: 0.4622 | Val Loss: 2.9215 | Val Acc: 0.4464
2025-06-22 15:24:36,765 [INFO] Epoch 344 | Train Loss: 0.4166 | Val Loss: 2.6982 | Val Acc: 0.4821
2025-06-22 15:24:36,786 [INFO] Epoch 345 | Train Loss: 0.3280 | Val Loss: 4.1458 | Val Acc: 0.4286
2025-06-22 15:24:36,808 [INFO] Epoch 346 | Train Loss: 0.2946 | Val Loss: 4.6924 | Val Acc: 0.4286
2025-06-22 15:24:36,828 [INFO] Epoch 347 | Train Loss: 0.2398 | Val Loss: 3.8714 | Val Acc: 0.4643
2025-06-22 15:24:36,848 [INFO] Epoch 348 | Train Loss: 0.2343 | Val Loss: 3.3019 | Val Acc: 0.4821
2025-06-22 15:24:36,869 [INFO] Epoch 349 | Train Loss: 0.1968 | Val Loss: 3.4056 | Val Acc: 0.5000
2025-06-22 15:24:36,889 [INFO] Epoch 350 | Train Loss: 0.1738 | Val Loss: 4.2241 | Val Acc: 0.3929
2025-06-22 15:24:37,822 [INFO] Epoch 351 | Train Loss: 0.2013 | Val Loss: 4.2915 | Val Acc: 0.3571
2025-06-22 15:24:37,841 [INFO] Epoch 352 | Train Loss: 0.1961 | Val Loss: 3.8008 | Val Acc: 0.3929
2025-06-22 15:24:37,869 [INFO] Epoch 353 | Train Loss: 0.2366 | Val Loss: 3.8608 | Val Acc: 0.5179
2025-06-22 15:24:37,894 [INFO] Epoch 354 | Train Loss: 0.1613 | Val Loss: 4.2003 | Val Acc: 0.4107
2025-06-22 15:24:37,920 [INFO] Epoch 355 | Train Loss: 0.1735 | Val Loss: 4.1941 | Val Acc: 0.3750
2025-06-22 15:24:37,941 [INFO] Epoch 356 | Train Loss: 0.2449 | Val Loss: 4.7009 | Val Acc: 0.4107
2025-06-22 15:24:37,964 [INFO] Epoch 357 | Train Loss: 0.2737 | Val Loss: 4.7773 | Val Acc: 0.3929
2025-06-22 15:24:37,985 [INFO] Epoch 358 | Train Loss: 0.3750 | Val Loss: 4.8847 | Val Acc: 0.4107
2025-06-22 15:24:38,005 [INFO] Epoch 359 | Train Loss: 0.3283 | Val Loss: 4.1377 | Val Acc: 0.3750
2025-06-22 15:24:38,007 [INFO] Early stopping at epoch 359 (no improvement in 150 epochs).
2025-06-22 15:24:38,009 [INFO] Best model saved to <built-in function time>/ENZYMES/best/best_source_gin.pth (Val Acc: 0.5714 at epoch 209)
2025-06-22 15:24:38,010 [INFO] Training/validation metrics saved to <built-in function time>/ENZYMES/GIN_0.01/train_metrics.csv
2025-06-22 15:24:38,988 [INFO] Final training curves saved
2025-06-22 15:24:38,988 [INFO] Training completed!
2025-06-22 15:24:38,988 [INFO] Best validation accuracy: 0.5714
2025-06-22 15:24:38,988 [INFO] Best epoch: 209
2025-06-22 15:24:38,988 [INFO] Total epochs trained: 359
2025-06-22 15:24:38,989 [INFO] Starting training with parameters: (0.01, 0.1, 32, 4, 50, 0.0)
