2025-06-21 21:16:37,758 [INFO] Using device: cpu
2025-06-21 21:16:37,759 [INFO] 开始创建数据加载器...
2025-06-21 21:16:37,762 [INFO] Successfully loaded dataset ENZYMES from ./data, total graphs: 600
2025-06-21 21:16:37,762 [INFO] Class allocation analysis:
2025-06-21 21:16:37,762 [INFO]   Source classes: [0, 1, 2, 3]
2025-06-21 21:16:37,762 [INFO]   Target classes: [0, 1, 2, 3, 4, 5]
2025-06-21 21:16:37,762 [INFO]   Overlap classes (to be split): [0, 1, 2, 3]
2025-06-21 21:16:37,762 [INFO]   Target novel classes (unknown): [4, 5]
2025-06-21 21:16:37,775 [INFO]   Class 0: 100 total -> Source: 70, Target: 30
2025-06-21 21:16:37,776 [INFO]   Class 1: 100 total -> Source: 70, Target: 30
2025-06-21 21:16:37,776 [INFO]   Class 2: 100 total -> Source: 70, Target: 30
2025-06-21 21:16:37,776 [INFO]   Class 3: 100 total -> Source: 70, Target: 30
2025-06-21 21:16:37,776 [INFO]   Class 4 (novel/unknown): 100 samples -> Target
2025-06-21 21:16:37,776 [INFO]   Class 5 (novel/unknown): 100 samples -> Target
2025-06-21 21:16:37,776 [INFO] Final allocation:
2025-06-21 21:16:37,776 [INFO]   Source domain: 280 samples
2025-06-21 21:16:37,776 [INFO]   Target domain: 320 samples
2025-06-21 21:16:37,777 [INFO] Source domain setup:
2025-06-21 21:16:37,777 [INFO]   Original classes: [0, 1, 2, 3]
2025-06-21 21:16:37,777 [INFO]   Overlap classes used: [0, 1, 2, 3]
2025-06-21 21:16:37,777 [INFO]   Label mapping: {0: 0, 1: 1, 2: 2, 3: 3}
2025-06-21 21:16:37,777 [INFO]   Total data after allocation: 280
2025-06-21 21:16:37,777 [INFO]   Data split - Train: 224, Val: 56
2025-06-21 21:16:37,777 [INFO]   Train label distribution: {0: 56, 1: 56, 3: 56, 2: 56}
2025-06-21 21:16:37,777 [INFO]   Val label distribution: {1: 14, 2: 14, 0: 14, 3: 14}
2025-06-21 21:16:37,779 [INFO] Successfully loaded dataset ENZYMES from ./data, total graphs: 600
2025-06-21 21:16:37,779 [INFO] Class allocation analysis:
2025-06-21 21:16:37,779 [INFO]   Source classes: [0, 1, 2, 3]
2025-06-21 21:16:37,779 [INFO]   Target classes: [0, 1, 2, 3, 4, 5]
2025-06-21 21:16:37,779 [INFO]   Overlap classes (to be split): [0, 1, 2, 3]
2025-06-21 21:16:37,779 [INFO]   Target novel classes (unknown): [4, 5]
2025-06-21 21:16:37,792 [INFO]   Class 0: 100 total -> Source: 70, Target: 30
2025-06-21 21:16:37,793 [INFO]   Class 1: 100 total -> Source: 70, Target: 30
2025-06-21 21:16:37,793 [INFO]   Class 2: 100 total -> Source: 70, Target: 30
2025-06-21 21:16:37,793 [INFO]   Class 3: 100 total -> Source: 70, Target: 30
2025-06-21 21:16:37,793 [INFO]   Class 4 (novel/unknown): 100 samples -> Target
2025-06-21 21:16:37,793 [INFO]   Class 5 (novel/unknown): 100 samples -> Target
2025-06-21 21:16:37,793 [INFO] Final allocation:
2025-06-21 21:16:37,793 [INFO]   Source domain: 280 samples
2025-06-21 21:16:37,793 [INFO]   Target domain: 320 samples
2025-06-21 21:16:37,794 [INFO] Target domain setup:
2025-06-21 21:16:37,794 [INFO]   Original classes: [0, 1, 2, 3, 4, 5]
2025-06-21 21:16:37,795 [INFO]   Overlap classes: [0, 1, 2, 3]
2025-06-21 21:16:37,795 [INFO]   Novel classes: [4, 5] -> mapped to unknown label 4
2025-06-21 21:16:37,795 [INFO]   Label mapping: {0: 0, 1: 1, 2: 2, 3: 3, 4: 4, 5: 4}
2025-06-21 21:16:37,795 [INFO]   Total data after allocation: 320
2025-06-21 21:16:37,795 [INFO]   Data split - Train: 256, Val: 64
2025-06-21 21:16:37,795 [INFO]   Total count: 320 (known: 120, unknown: 200)
2025-06-21 21:16:37,795 [INFO]   Total label distribution: {4: 200, 3: 30, 0: 30, 1: 30, 2: 30}
2025-06-21 21:16:37,795 [INFO]   Train label distribution: {4: 160, 0: 24, 2: 24, 3: 24, 1: 24}
2025-06-21 21:16:37,795 [INFO]   Val label distribution: {1: 6, 4: 40, 3: 6, 0: 6, 2: 6}
2025-06-21 21:16:37,795 [INFO] 数据加载器创建完成!
2025-06-21 21:16:37,795 [INFO] 源域类别数: 4 (重叠类别)
2025-06-21 21:16:37,795 [INFO] 目标域类别数: 5 (4个重叠类别 + 1个未知类别)
2025-06-21 21:16:37,795 [INFO] 重叠类别: [0, 1, 2, 3]
2025-06-21 21:16:37,795 [INFO] 目标域新类别: [4, 5]
2025-06-21 21:16:37,795 [INFO] Data allocation verification:
2025-06-21 21:16:37,795 [INFO]   Source data samples: 280
2025-06-21 21:16:37,795 [INFO]   Target data samples: 320
2025-06-21 21:16:37,795 [INFO]   Overlapping samples: 0
2025-06-21 21:16:37,795 [INFO]   ✓ Data allocation is correct - no overlapping samples
2025-06-21 21:16:37,797 [INFO] Model initialized with 118660 parameters
2025-06-21 21:16:37,798 [INFO] Previous best validation accuracy read from record.txt: 0.6250
2025-06-21 21:16:37,798 [INFO] Starting training...
2025-06-21 21:16:37,835 [INFO] Epoch 001 | Train Loss: 15.2078 | Val Loss: 1.6814 | Val Acc: 0.2500
2025-06-21 21:16:38,290 [INFO] New best model at epoch 1 (Val Acc: 0.2500)
2025-06-21 21:16:38,324 [INFO] Epoch 002 | Train Loss: 12.9815 | Val Loss: 1.6010 | Val Acc: 0.2500
2025-06-21 21:16:38,378 [INFO] Epoch 003 | Train Loss: 8.1900 | Val Loss: 1.6301 | Val Acc: 0.2321
2025-06-21 21:16:38,440 [INFO] Epoch 004 | Train Loss: 9.4502 | Val Loss: 1.9282 | Val Acc: 0.2857
2025-06-21 21:16:38,446 [INFO] New best model at epoch 4 (Val Acc: 0.2857)
2025-06-21 21:16:38,481 [INFO] Epoch 005 | Train Loss: 9.7045 | Val Loss: 2.4439 | Val Acc: 0.2857
2025-06-21 21:16:38,522 [INFO] Epoch 006 | Train Loss: 9.1335 | Val Loss: 2.4220 | Val Acc: 0.2321
2025-06-21 21:16:38,562 [INFO] Epoch 007 | Train Loss: 6.4941 | Val Loss: 2.4429 | Val Acc: 0.2500
2025-06-21 21:16:38,601 [INFO] Epoch 008 | Train Loss: 7.3346 | Val Loss: 3.0542 | Val Acc: 0.2679
2025-06-21 21:16:38,640 [INFO] Epoch 009 | Train Loss: 8.1757 | Val Loss: 3.4104 | Val Acc: 0.2857
2025-06-21 21:16:38,680 [INFO] Epoch 010 | Train Loss: 7.5784 | Val Loss: 3.2694 | Val Acc: 0.3214
2025-06-21 21:16:38,948 [INFO] New best model at epoch 10 (Val Acc: 0.3214)
2025-06-21 21:16:38,984 [INFO] Epoch 011 | Train Loss: 7.7805 | Val Loss: 3.5501 | Val Acc: 0.3214
2025-06-21 21:16:39,026 [INFO] Epoch 012 | Train Loss: 7.0630 | Val Loss: 3.5984 | Val Acc: 0.3571
2025-06-21 21:16:39,032 [INFO] New best model at epoch 12 (Val Acc: 0.3571)
2025-06-21 21:16:39,068 [INFO] Epoch 013 | Train Loss: 6.2209 | Val Loss: 3.8756 | Val Acc: 0.3929
2025-06-21 21:16:39,074 [INFO] New best model at epoch 13 (Val Acc: 0.3929)
2025-06-21 21:16:39,111 [INFO] Epoch 014 | Train Loss: 6.6059 | Val Loss: 4.0953 | Val Acc: 0.3214
2025-06-21 21:16:39,149 [INFO] Epoch 015 | Train Loss: 5.4168 | Val Loss: 3.7683 | Val Acc: 0.3214
2025-06-21 21:16:39,189 [INFO] Epoch 016 | Train Loss: 5.8166 | Val Loss: 3.2065 | Val Acc: 0.3393
2025-06-21 21:16:39,234 [INFO] Epoch 017 | Train Loss: 5.8631 | Val Loss: 3.2301 | Val Acc: 0.3393
2025-06-21 21:16:39,294 [INFO] Epoch 018 | Train Loss: 5.3810 | Val Loss: 3.4068 | Val Acc: 0.3571
2025-06-21 21:16:39,337 [INFO] Epoch 019 | Train Loss: 4.9912 | Val Loss: 3.7537 | Val Acc: 0.3571
2025-06-21 21:16:39,378 [INFO] Epoch 020 | Train Loss: 5.6799 | Val Loss: 3.6511 | Val Acc: 0.3214
2025-06-21 21:16:39,685 [INFO] Epoch 021 | Train Loss: 6.0801 | Val Loss: 3.0534 | Val Acc: 0.4107
2025-06-21 21:16:39,691 [INFO] New best model at epoch 21 (Val Acc: 0.4107)
2025-06-21 21:16:39,723 [INFO] Epoch 022 | Train Loss: 4.8893 | Val Loss: 3.2131 | Val Acc: 0.3929
2025-06-21 21:16:39,765 [INFO] Epoch 023 | Train Loss: 4.6068 | Val Loss: 3.5529 | Val Acc: 0.3750
2025-06-21 21:16:39,806 [INFO] Epoch 024 | Train Loss: 5.6872 | Val Loss: 3.8461 | Val Acc: 0.3393
2025-06-21 21:16:39,844 [INFO] Epoch 025 | Train Loss: 4.6764 | Val Loss: 3.8751 | Val Acc: 0.3750
2025-06-21 21:16:39,883 [INFO] Epoch 026 | Train Loss: 4.0218 | Val Loss: 3.4626 | Val Acc: 0.3393
2025-06-21 21:16:39,923 [INFO] Epoch 027 | Train Loss: 3.8564 | Val Loss: 3.2928 | Val Acc: 0.3750
2025-06-21 21:16:39,971 [INFO] Epoch 028 | Train Loss: 3.8584 | Val Loss: 3.3687 | Val Acc: 0.3571
2025-06-21 21:16:40,024 [INFO] Epoch 029 | Train Loss: 4.5978 | Val Loss: 3.3507 | Val Acc: 0.3750
2025-06-21 21:16:40,065 [INFO] Epoch 030 | Train Loss: 3.9867 | Val Loss: 3.4966 | Val Acc: 0.3750
2025-06-21 21:16:40,375 [INFO] Epoch 031 | Train Loss: 3.8078 | Val Loss: 3.4036 | Val Acc: 0.3571
2025-06-21 21:16:40,413 [INFO] Epoch 032 | Train Loss: 4.4258 | Val Loss: 3.9603 | Val Acc: 0.3214
2025-06-21 21:16:40,453 [INFO] Epoch 033 | Train Loss: 4.7985 | Val Loss: 3.9726 | Val Acc: 0.3393
2025-06-21 21:16:40,516 [INFO] Epoch 034 | Train Loss: 3.9878 | Val Loss: 3.4163 | Val Acc: 0.3929
2025-06-21 21:16:40,617 [INFO] Epoch 035 | Train Loss: 3.6045 | Val Loss: 3.1935 | Val Acc: 0.3571
2025-06-21 21:16:40,660 [INFO] Epoch 036 | Train Loss: 3.8116 | Val Loss: 3.0948 | Val Acc: 0.3571
2025-06-21 21:16:40,699 [INFO] Epoch 037 | Train Loss: 4.4478 | Val Loss: 3.0100 | Val Acc: 0.4464
2025-06-21 21:16:40,705 [INFO] New best model at epoch 37 (Val Acc: 0.4464)
2025-06-21 21:16:40,740 [INFO] Epoch 038 | Train Loss: 3.3418 | Val Loss: 3.0567 | Val Acc: 0.3929
2025-06-21 21:16:40,780 [INFO] Epoch 039 | Train Loss: 3.6483 | Val Loss: 3.0147 | Val Acc: 0.3571
2025-06-21 21:16:40,819 [INFO] Epoch 040 | Train Loss: 4.2494 | Val Loss: 2.9356 | Val Acc: 0.4107
2025-06-21 21:16:41,195 [INFO] Epoch 041 | Train Loss: 4.1472 | Val Loss: 2.8934 | Val Acc: 0.4464
2025-06-21 21:16:41,232 [INFO] Epoch 042 | Train Loss: 3.4950 | Val Loss: 3.0756 | Val Acc: 0.4107
2025-06-21 21:16:41,271 [INFO] Epoch 043 | Train Loss: 3.4702 | Val Loss: 3.2919 | Val Acc: 0.4107
2025-06-21 21:16:41,309 [INFO] Epoch 044 | Train Loss: 3.8999 | Val Loss: 3.5416 | Val Acc: 0.4464
2025-06-21 21:16:41,347 [INFO] Epoch 045 | Train Loss: 3.9658 | Val Loss: 3.3872 | Val Acc: 0.4107
2025-06-21 21:16:41,387 [INFO] Epoch 046 | Train Loss: 4.9872 | Val Loss: 3.1596 | Val Acc: 0.4107
2025-06-21 21:16:41,428 [INFO] Epoch 047 | Train Loss: 3.6433 | Val Loss: 3.1540 | Val Acc: 0.4286
2025-06-21 21:16:41,477 [INFO] Epoch 048 | Train Loss: 4.7777 | Val Loss: 2.8041 | Val Acc: 0.4286
2025-06-21 21:16:41,518 [INFO] Epoch 049 | Train Loss: 4.3780 | Val Loss: 2.8119 | Val Acc: 0.4286
2025-06-21 21:16:41,557 [INFO] Epoch 050 | Train Loss: 2.6374 | Val Loss: 2.6384 | Val Acc: 0.4286
2025-06-21 21:16:41,876 [INFO] Epoch 051 | Train Loss: 2.9578 | Val Loss: 2.7516 | Val Acc: 0.3750
2025-06-21 21:16:41,921 [INFO] Epoch 052 | Train Loss: 3.8746 | Val Loss: 3.1257 | Val Acc: 0.3929
2025-06-21 21:16:41,961 [INFO] Epoch 053 | Train Loss: 3.7618 | Val Loss: 2.9850 | Val Acc: 0.3929
2025-06-21 21:16:42,003 [INFO] Epoch 054 | Train Loss: 3.3171 | Val Loss: 3.0368 | Val Acc: 0.3393
2025-06-21 21:16:42,042 [INFO] Epoch 055 | Train Loss: 3.0332 | Val Loss: 2.8548 | Val Acc: 0.3393
2025-06-21 21:16:42,090 [INFO] Epoch 056 | Train Loss: 3.0811 | Val Loss: 2.6240 | Val Acc: 0.3929
2025-06-21 21:16:42,152 [INFO] Epoch 057 | Train Loss: 3.4109 | Val Loss: 2.4688 | Val Acc: 0.4107
2025-06-21 21:16:42,191 [INFO] Epoch 058 | Train Loss: 2.9567 | Val Loss: 2.3640 | Val Acc: 0.3929
2025-06-21 21:16:42,234 [INFO] Epoch 059 | Train Loss: 2.8321 | Val Loss: 2.5559 | Val Acc: 0.4107
2025-06-21 21:16:42,275 [INFO] Epoch 060 | Train Loss: 3.0830 | Val Loss: 2.9748 | Val Acc: 0.4107
2025-06-21 21:16:42,604 [INFO] Epoch 061 | Train Loss: 2.4971 | Val Loss: 2.9409 | Val Acc: 0.4286
2025-06-21 21:16:42,645 [INFO] Epoch 062 | Train Loss: 3.2842 | Val Loss: 3.0615 | Val Acc: 0.4286
2025-06-21 21:16:42,684 [INFO] Epoch 063 | Train Loss: 3.3975 | Val Loss: 2.9557 | Val Acc: 0.4464
2025-06-21 21:16:42,723 [INFO] Epoch 064 | Train Loss: 2.7384 | Val Loss: 2.9038 | Val Acc: 0.4464
2025-06-21 21:16:42,762 [INFO] Epoch 065 | Train Loss: 3.0421 | Val Loss: 2.9763 | Val Acc: 0.4464
2025-06-21 21:16:42,812 [INFO] Epoch 066 | Train Loss: 3.4819 | Val Loss: 3.1860 | Val Acc: 0.4286
2025-06-21 21:16:42,862 [INFO] Epoch 067 | Train Loss: 2.2887 | Val Loss: 3.2017 | Val Acc: 0.4464
2025-06-21 21:16:42,900 [INFO] Epoch 068 | Train Loss: 3.7393 | Val Loss: 3.0231 | Val Acc: 0.3750
2025-06-21 21:16:42,941 [INFO] Epoch 069 | Train Loss: 3.2168 | Val Loss: 2.8454 | Val Acc: 0.4107
2025-06-21 21:16:42,980 [INFO] Epoch 070 | Train Loss: 2.3633 | Val Loss: 2.4043 | Val Acc: 0.4107
2025-06-21 21:16:43,439 [INFO] Epoch 071 | Train Loss: 2.7753 | Val Loss: 2.3609 | Val Acc: 0.4821
2025-06-21 21:16:43,445 [INFO] New best model at epoch 71 (Val Acc: 0.4821)
2025-06-21 21:16:43,480 [INFO] Epoch 072 | Train Loss: 3.4382 | Val Loss: 2.1929 | Val Acc: 0.5179
2025-06-21 21:16:43,490 [INFO] New best model at epoch 72 (Val Acc: 0.5179)
2025-06-21 21:16:43,529 [INFO] Epoch 073 | Train Loss: 4.3008 | Val Loss: 2.2439 | Val Acc: 0.4821
2025-06-21 21:16:43,568 [INFO] Epoch 074 | Train Loss: 2.3389 | Val Loss: 2.3621 | Val Acc: 0.4464
2025-06-21 21:16:43,609 [INFO] Epoch 075 | Train Loss: 2.7770 | Val Loss: 2.3893 | Val Acc: 0.4643
2025-06-21 21:16:43,661 [INFO] Epoch 076 | Train Loss: 2.0989 | Val Loss: 2.5807 | Val Acc: 0.4464
2025-06-21 21:16:43,716 [INFO] Epoch 077 | Train Loss: 2.6661 | Val Loss: 2.8983 | Val Acc: 0.4107
2025-06-21 21:16:43,760 [INFO] Epoch 078 | Train Loss: 2.0714 | Val Loss: 2.7728 | Val Acc: 0.3929
2025-06-21 21:16:43,799 [INFO] Epoch 079 | Train Loss: 2.9646 | Val Loss: 2.8575 | Val Acc: 0.3571
2025-06-21 21:16:43,841 [INFO] Epoch 080 | Train Loss: 2.1873 | Val Loss: 2.6948 | Val Acc: 0.4107
2025-06-21 21:16:44,228 [INFO] Epoch 081 | Train Loss: 2.4806 | Val Loss: 2.7981 | Val Acc: 0.4107
2025-06-21 21:16:44,270 [INFO] Epoch 082 | Train Loss: 2.8661 | Val Loss: 3.0463 | Val Acc: 0.3750
2025-06-21 21:16:44,320 [INFO] Epoch 083 | Train Loss: 2.5420 | Val Loss: 2.8451 | Val Acc: 0.3571
2025-06-21 21:16:44,360 [INFO] Epoch 084 | Train Loss: 2.7762 | Val Loss: 2.7585 | Val Acc: 0.3929
2025-06-21 21:16:44,400 [INFO] Epoch 085 | Train Loss: 1.9814 | Val Loss: 2.5587 | Val Acc: 0.4107
2025-06-21 21:16:44,439 [INFO] Epoch 086 | Train Loss: 2.0285 | Val Loss: 2.6009 | Val Acc: 0.4286
2025-06-21 21:16:44,478 [INFO] Epoch 087 | Train Loss: 1.8026 | Val Loss: 2.6607 | Val Acc: 0.4464
2025-06-21 21:16:44,519 [INFO] Epoch 088 | Train Loss: 2.0725 | Val Loss: 2.6339 | Val Acc: 0.4643
2025-06-21 21:16:44,560 [INFO] Epoch 089 | Train Loss: 2.7333 | Val Loss: 2.9212 | Val Acc: 0.4286
2025-06-21 21:16:44,604 [INFO] Epoch 090 | Train Loss: 2.4606 | Val Loss: 3.3250 | Val Acc: 0.4107
2025-06-21 21:16:44,926 [INFO] Epoch 091 | Train Loss: 2.2768 | Val Loss: 2.7908 | Val Acc: 0.4107
2025-06-21 21:16:44,965 [INFO] Epoch 092 | Train Loss: 2.4573 | Val Loss: 2.6341 | Val Acc: 0.4464
2025-06-21 21:16:45,003 [INFO] Epoch 093 | Train Loss: 2.6270 | Val Loss: 2.5874 | Val Acc: 0.3929
2025-06-21 21:16:45,044 [INFO] Epoch 094 | Train Loss: 1.8580 | Val Loss: 2.5451 | Val Acc: 0.4107
2025-06-21 21:16:45,085 [INFO] Epoch 095 | Train Loss: 2.3976 | Val Loss: 2.4990 | Val Acc: 0.4643
2025-06-21 21:16:45,138 [INFO] Epoch 096 | Train Loss: 2.9964 | Val Loss: 2.6163 | Val Acc: 0.4821
2025-06-21 21:16:45,178 [INFO] Epoch 097 | Train Loss: 1.7908 | Val Loss: 2.7208 | Val Acc: 0.5000
2025-06-21 21:16:45,216 [INFO] Epoch 098 | Train Loss: 2.4780 | Val Loss: 2.6111 | Val Acc: 0.4286
2025-06-21 21:16:45,254 [INFO] Epoch 099 | Train Loss: 1.9131 | Val Loss: 2.5424 | Val Acc: 0.4643
2025-06-21 21:16:45,293 [INFO] Epoch 100 | Train Loss: 2.6505 | Val Loss: 2.4942 | Val Acc: 0.4643
2025-06-21 21:16:45,760 [INFO] Epoch 101 | Train Loss: 1.6373 | Val Loss: 2.5744 | Val Acc: 0.4464
2025-06-21 21:16:45,798 [INFO] Epoch 102 | Train Loss: 1.5053 | Val Loss: 2.5694 | Val Acc: 0.4107
2025-06-21 21:16:45,836 [INFO] Epoch 103 | Train Loss: 2.0343 | Val Loss: 2.5674 | Val Acc: 0.4286
2025-06-21 21:16:45,877 [INFO] Epoch 104 | Train Loss: 1.9290 | Val Loss: 2.6857 | Val Acc: 0.4821
2025-06-21 21:16:45,914 [INFO] Epoch 105 | Train Loss: 1.9646 | Val Loss: 2.6335 | Val Acc: 0.4464
2025-06-21 21:16:45,952 [INFO] Epoch 106 | Train Loss: 1.8816 | Val Loss: 2.6821 | Val Acc: 0.4464
2025-06-21 21:16:45,992 [INFO] Epoch 107 | Train Loss: 2.5856 | Val Loss: 2.4274 | Val Acc: 0.4643
2025-06-21 21:16:46,033 [INFO] Epoch 108 | Train Loss: 1.6481 | Val Loss: 2.4184 | Val Acc: 0.4464
2025-06-21 21:16:46,078 [INFO] Epoch 109 | Train Loss: 2.4126 | Val Loss: 2.4584 | Val Acc: 0.4821
2025-06-21 21:16:46,117 [INFO] Epoch 110 | Train Loss: 1.6161 | Val Loss: 2.4621 | Val Acc: 0.4643
2025-06-21 21:16:46,422 [INFO] Epoch 111 | Train Loss: 1.7237 | Val Loss: 2.4385 | Val Acc: 0.4107
2025-06-21 21:16:46,463 [INFO] Epoch 112 | Train Loss: 2.1542 | Val Loss: 2.6836 | Val Acc: 0.4286
2025-06-21 21:16:46,504 [INFO] Epoch 113 | Train Loss: 2.1753 | Val Loss: 2.7470 | Val Acc: 0.4643
2025-06-21 21:16:46,540 [INFO] Epoch 114 | Train Loss: 1.4239 | Val Loss: 2.5412 | Val Acc: 0.4821
2025-06-21 21:16:46,578 [INFO] Epoch 115 | Train Loss: 2.0939 | Val Loss: 2.5479 | Val Acc: 0.4821
2025-06-21 21:16:46,616 [INFO] Epoch 116 | Train Loss: 1.3312 | Val Loss: 2.5668 | Val Acc: 0.4464
2025-06-21 21:16:46,654 [INFO] Epoch 117 | Train Loss: 1.3412 | Val Loss: 2.7389 | Val Acc: 0.4286
2025-06-21 21:16:46,696 [INFO] Epoch 118 | Train Loss: 2.0275 | Val Loss: 2.9561 | Val Acc: 0.4107
2025-06-21 21:16:46,736 [INFO] Epoch 119 | Train Loss: 2.5509 | Val Loss: 2.9833 | Val Acc: 0.4464
2025-06-21 21:16:46,774 [INFO] Epoch 120 | Train Loss: 1.9943 | Val Loss: 2.9942 | Val Acc: 0.4464
2025-06-21 21:16:47,101 [INFO] Epoch 121 | Train Loss: 2.1756 | Val Loss: 2.8473 | Val Acc: 0.5000
2025-06-21 21:16:47,139 [INFO] Epoch 122 | Train Loss: 1.7740 | Val Loss: 2.7398 | Val Acc: 0.4464
2025-06-21 21:16:47,196 [INFO] Epoch 123 | Train Loss: 1.3142 | Val Loss: 2.3747 | Val Acc: 0.4286
2025-06-21 21:16:47,245 [INFO] Epoch 124 | Train Loss: 1.7438 | Val Loss: 2.4579 | Val Acc: 0.4643
2025-06-21 21:16:47,283 [INFO] Epoch 125 | Train Loss: 1.8803 | Val Loss: 2.2013 | Val Acc: 0.4643
2025-06-21 21:16:47,323 [INFO] Epoch 126 | Train Loss: 2.1824 | Val Loss: 2.2768 | Val Acc: 0.5357
2025-06-21 21:16:47,329 [INFO] New best model at epoch 126 (Val Acc: 0.5357)
2025-06-21 21:16:47,364 [INFO] Epoch 127 | Train Loss: 1.5800 | Val Loss: 2.2762 | Val Acc: 0.4821
2025-06-21 21:16:47,403 [INFO] Epoch 128 | Train Loss: 1.8923 | Val Loss: 2.2595 | Val Acc: 0.4821
2025-06-21 21:16:47,448 [INFO] Epoch 129 | Train Loss: 2.4531 | Val Loss: 2.5115 | Val Acc: 0.4464
2025-06-21 21:16:47,488 [INFO] Epoch 130 | Train Loss: 1.4871 | Val Loss: 2.4789 | Val Acc: 0.4464
2025-06-21 21:16:47,895 [INFO] Epoch 131 | Train Loss: 1.3271 | Val Loss: 2.4908 | Val Acc: 0.4643
2025-06-21 21:16:47,931 [INFO] Epoch 132 | Train Loss: 1.6298 | Val Loss: 2.4138 | Val Acc: 0.5179
2025-06-21 21:16:47,967 [INFO] Epoch 133 | Train Loss: 1.7729 | Val Loss: 2.2422 | Val Acc: 0.4643
2025-06-21 21:16:48,038 [INFO] Epoch 134 | Train Loss: 2.0866 | Val Loss: 2.4690 | Val Acc: 0.4464
2025-06-21 21:16:48,083 [INFO] Epoch 135 | Train Loss: 1.7195 | Val Loss: 2.8614 | Val Acc: 0.4286
2025-06-21 21:16:48,123 [INFO] Epoch 136 | Train Loss: 1.6765 | Val Loss: 2.8746 | Val Acc: 0.4464
2025-06-21 21:16:48,160 [INFO] Epoch 137 | Train Loss: 2.1650 | Val Loss: 2.7366 | Val Acc: 0.4464
2025-06-21 21:16:48,199 [INFO] Epoch 138 | Train Loss: 1.3649 | Val Loss: 2.6007 | Val Acc: 0.4464
2025-06-21 21:16:48,241 [INFO] Epoch 139 | Train Loss: 2.2272 | Val Loss: 2.6705 | Val Acc: 0.4643
2025-06-21 21:16:48,279 [INFO] Epoch 140 | Train Loss: 1.7500 | Val Loss: 2.6182 | Val Acc: 0.4643
2025-06-21 21:16:48,610 [INFO] Epoch 141 | Train Loss: 1.5346 | Val Loss: 2.7393 | Val Acc: 0.4821
2025-06-21 21:16:48,647 [INFO] Epoch 142 | Train Loss: 1.9177 | Val Loss: 2.7169 | Val Acc: 0.4821
2025-06-21 21:16:48,685 [INFO] Epoch 143 | Train Loss: 1.7944 | Val Loss: 3.0408 | Val Acc: 0.4286
2025-06-21 21:16:48,724 [INFO] Epoch 144 | Train Loss: 2.3907 | Val Loss: 2.7134 | Val Acc: 0.4464
2025-06-21 21:16:48,761 [INFO] Epoch 145 | Train Loss: 2.4891 | Val Loss: 2.8592 | Val Acc: 0.4643
2025-06-21 21:16:48,799 [INFO] Epoch 146 | Train Loss: 1.4474 | Val Loss: 3.0865 | Val Acc: 0.4107
2025-06-21 21:16:48,839 [INFO] Epoch 147 | Train Loss: 1.6491 | Val Loss: 2.9811 | Val Acc: 0.3750
2025-06-21 21:16:48,877 [INFO] Epoch 148 | Train Loss: 1.6347 | Val Loss: 2.7539 | Val Acc: 0.3750
2025-06-21 21:16:48,930 [INFO] Epoch 149 | Train Loss: 2.4116 | Val Loss: 2.6113 | Val Acc: 0.4107
2025-06-21 21:16:48,979 [INFO] Epoch 150 | Train Loss: 2.1468 | Val Loss: 2.8944 | Val Acc: 0.4464
2025-06-21 21:16:49,316 [INFO] Epoch 151 | Train Loss: 1.7139 | Val Loss: 2.7991 | Val Acc: 0.4464
2025-06-21 21:16:49,354 [INFO] Epoch 152 | Train Loss: 1.8163 | Val Loss: 2.7054 | Val Acc: 0.5000
2025-06-21 21:16:49,391 [INFO] Epoch 153 | Train Loss: 1.8972 | Val Loss: 2.6511 | Val Acc: 0.5179
2025-06-21 21:16:49,456 [INFO] Epoch 154 | Train Loss: 1.7349 | Val Loss: 2.4364 | Val Acc: 0.4821
2025-06-21 21:16:49,514 [INFO] Epoch 155 | Train Loss: 1.4854 | Val Loss: 2.4430 | Val Acc: 0.3929
2025-06-21 21:16:49,553 [INFO] Epoch 156 | Train Loss: 1.8859 | Val Loss: 2.4270 | Val Acc: 0.4107
2025-06-21 21:16:49,591 [INFO] Epoch 157 | Train Loss: 1.8189 | Val Loss: 2.4113 | Val Acc: 0.4107
2025-06-21 21:16:49,632 [INFO] Epoch 158 | Train Loss: 2.2171 | Val Loss: 2.5587 | Val Acc: 0.4464
2025-06-21 21:16:49,673 [INFO] Epoch 159 | Train Loss: 1.8135 | Val Loss: 2.3377 | Val Acc: 0.5000
2025-06-21 21:16:49,712 [INFO] Epoch 160 | Train Loss: 1.4468 | Val Loss: 2.3626 | Val Acc: 0.4286
2025-06-21 21:16:50,060 [INFO] Epoch 161 | Train Loss: 1.4825 | Val Loss: 2.5139 | Val Acc: 0.4464
2025-06-21 21:16:50,100 [INFO] Epoch 162 | Train Loss: 2.0700 | Val Loss: 2.5534 | Val Acc: 0.4107
2025-06-21 21:16:50,141 [INFO] Epoch 163 | Train Loss: 1.5021 | Val Loss: 2.6065 | Val Acc: 0.4107
2025-06-21 21:16:50,179 [INFO] Epoch 164 | Train Loss: 1.3017 | Val Loss: 2.3984 | Val Acc: 0.4821
2025-06-21 21:16:50,218 [INFO] Epoch 165 | Train Loss: 1.4609 | Val Loss: 2.2445 | Val Acc: 0.4464
2025-06-21 21:16:50,255 [INFO] Epoch 166 | Train Loss: 1.2218 | Val Loss: 2.4163 | Val Acc: 0.4286
2025-06-21 21:16:50,295 [INFO] Epoch 167 | Train Loss: 1.1430 | Val Loss: 2.4636 | Val Acc: 0.4107
2025-06-21 21:16:50,346 [INFO] Epoch 168 | Train Loss: 1.6140 | Val Loss: 2.5070 | Val Acc: 0.4107
2025-06-21 21:16:50,387 [INFO] Epoch 169 | Train Loss: 1.9286 | Val Loss: 2.3801 | Val Acc: 0.4107
2025-06-21 21:16:50,426 [INFO] Epoch 170 | Train Loss: 1.8070 | Val Loss: 2.3859 | Val Acc: 0.4107
2025-06-21 21:16:50,731 [INFO] Epoch 171 | Train Loss: 2.4557 | Val Loss: 2.3655 | Val Acc: 0.4643
2025-06-21 21:16:50,785 [INFO] Epoch 172 | Train Loss: 1.5358 | Val Loss: 2.3703 | Val Acc: 0.4286
2025-06-21 21:16:50,844 [INFO] Epoch 173 | Train Loss: 1.3931 | Val Loss: 2.5058 | Val Acc: 0.3929
2025-06-21 21:16:50,902 [INFO] Epoch 174 | Train Loss: 1.8917 | Val Loss: 2.6275 | Val Acc: 0.3571
2025-06-21 21:16:50,954 [INFO] Epoch 175 | Train Loss: 3.1603 | Val Loss: 2.8191 | Val Acc: 0.3929
2025-06-21 21:16:51,006 [INFO] Epoch 176 | Train Loss: 1.2242 | Val Loss: 2.4815 | Val Acc: 0.4821
2025-06-21 21:16:51,062 [INFO] Epoch 177 | Train Loss: 1.3931 | Val Loss: 2.4622 | Val Acc: 0.4464
2025-06-21 21:16:51,121 [INFO] Epoch 178 | Train Loss: 1.4439 | Val Loss: 2.2505 | Val Acc: 0.4464
2025-06-21 21:16:51,182 [INFO] Epoch 179 | Train Loss: 1.5823 | Val Loss: 2.2166 | Val Acc: 0.4821
2025-06-21 21:16:51,239 [INFO] Epoch 180 | Train Loss: 1.1331 | Val Loss: 2.3067 | Val Acc: 0.4107
2025-06-21 21:16:51,793 [INFO] Epoch 181 | Train Loss: 1.9260 | Val Loss: 2.5375 | Val Acc: 0.3929
2025-06-21 21:16:51,849 [INFO] Epoch 182 | Train Loss: 1.7224 | Val Loss: 2.2444 | Val Acc: 0.3393
2025-06-21 21:16:51,886 [INFO] Epoch 183 | Train Loss: 2.1040 | Val Loss: 2.4308 | Val Acc: 0.3393
2025-06-21 21:16:51,931 [INFO] Epoch 184 | Train Loss: 1.7312 | Val Loss: 2.3278 | Val Acc: 0.3393
2025-06-21 21:16:51,968 [INFO] Epoch 185 | Train Loss: 1.5890 | Val Loss: 2.5306 | Val Acc: 0.3393
2025-06-21 21:16:52,005 [INFO] Epoch 186 | Train Loss: 1.3310 | Val Loss: 2.4658 | Val Acc: 0.4286
2025-06-21 21:16:52,047 [INFO] Epoch 187 | Train Loss: 1.7000 | Val Loss: 2.5062 | Val Acc: 0.4643
2025-06-21 21:16:52,085 [INFO] Epoch 188 | Train Loss: 1.4350 | Val Loss: 2.4013 | Val Acc: 0.5357
2025-06-21 21:16:52,124 [INFO] Epoch 189 | Train Loss: 1.1845 | Val Loss: 2.1793 | Val Acc: 0.5536
2025-06-21 21:16:52,130 [INFO] New best model at epoch 189 (Val Acc: 0.5536)
2025-06-21 21:16:52,163 [INFO] Epoch 190 | Train Loss: 1.8751 | Val Loss: 2.4204 | Val Acc: 0.5000
2025-06-21 21:16:52,499 [INFO] Epoch 191 | Train Loss: 2.0227 | Val Loss: 2.5933 | Val Acc: 0.4464
2025-06-21 21:16:52,537 [INFO] Epoch 192 | Train Loss: 1.4750 | Val Loss: 2.7337 | Val Acc: 0.5000
2025-06-21 21:16:52,575 [INFO] Epoch 193 | Train Loss: 1.6182 | Val Loss: 2.7549 | Val Acc: 0.4643
2025-06-21 21:16:52,615 [INFO] Epoch 194 | Train Loss: 1.8838 | Val Loss: 2.7765 | Val Acc: 0.4821
2025-06-21 21:16:52,655 [INFO] Epoch 195 | Train Loss: 0.8061 | Val Loss: 3.0179 | Val Acc: 0.4286
2025-06-21 21:16:52,695 [INFO] Epoch 196 | Train Loss: 1.2184 | Val Loss: 2.9817 | Val Acc: 0.5000
2025-06-21 21:16:52,755 [INFO] Epoch 197 | Train Loss: 1.5515 | Val Loss: 2.7188 | Val Acc: 0.4821
2025-06-21 21:16:52,800 [INFO] Epoch 198 | Train Loss: 1.4447 | Val Loss: 2.5160 | Val Acc: 0.4286
2025-06-21 21:16:52,860 [INFO] Epoch 199 | Train Loss: 1.6415 | Val Loss: 2.4614 | Val Acc: 0.4464
2025-06-21 21:16:52,926 [INFO] Epoch 200 | Train Loss: 1.1400 | Val Loss: 2.4964 | Val Acc: 0.4286
2025-06-21 21:16:53,323 [INFO] Epoch 201 | Train Loss: 1.7520 | Val Loss: 2.7738 | Val Acc: 0.3929
2025-06-21 21:16:53,362 [INFO] Epoch 202 | Train Loss: 1.5438 | Val Loss: 2.8971 | Val Acc: 0.4107
2025-06-21 21:16:53,402 [INFO] Epoch 203 | Train Loss: 1.3845 | Val Loss: 2.4158 | Val Acc: 0.4107
2025-06-21 21:16:53,441 [INFO] Epoch 204 | Train Loss: 1.2779 | Val Loss: 2.2227 | Val Acc: 0.4643
2025-06-21 21:16:53,478 [INFO] Epoch 205 | Train Loss: 1.2845 | Val Loss: 2.2878 | Val Acc: 0.5179
2025-06-21 21:16:53,527 [INFO] Epoch 206 | Train Loss: 1.3883 | Val Loss: 2.1492 | Val Acc: 0.4643
2025-06-21 21:16:53,583 [INFO] Epoch 207 | Train Loss: 1.4858 | Val Loss: 2.2054 | Val Acc: 0.4821
2025-06-21 21:16:53,623 [INFO] Epoch 208 | Train Loss: 1.2416 | Val Loss: 2.2705 | Val Acc: 0.5357
2025-06-21 21:16:53,660 [INFO] Epoch 209 | Train Loss: 1.2056 | Val Loss: 2.2418 | Val Acc: 0.4821
2025-06-21 21:16:53,699 [INFO] Epoch 210 | Train Loss: 1.3918 | Val Loss: 2.1857 | Val Acc: 0.4464
2025-06-21 21:16:53,996 [INFO] Epoch 211 | Train Loss: 1.3384 | Val Loss: 2.2292 | Val Acc: 0.5000
2025-06-21 21:16:54,043 [INFO] Epoch 212 | Train Loss: 1.3659 | Val Loss: 2.1778 | Val Acc: 0.5357
2025-06-21 21:16:54,086 [INFO] Epoch 213 | Train Loss: 1.4950 | Val Loss: 2.3240 | Val Acc: 0.5000
2025-06-21 21:16:54,123 [INFO] Epoch 214 | Train Loss: 1.4655 | Val Loss: 2.4800 | Val Acc: 0.4107
2025-06-21 21:16:54,163 [INFO] Epoch 215 | Train Loss: 1.7562 | Val Loss: 2.2376 | Val Acc: 0.3929
2025-06-21 21:16:54,205 [INFO] Epoch 216 | Train Loss: 1.1198 | Val Loss: 2.3869 | Val Acc: 0.4286
2025-06-21 21:16:54,244 [INFO] Epoch 217 | Train Loss: 0.8467 | Val Loss: 2.5150 | Val Acc: 0.4643
2025-06-21 21:16:54,291 [INFO] Epoch 218 | Train Loss: 1.5887 | Val Loss: 2.7266 | Val Acc: 0.4821
2025-06-21 21:16:54,334 [INFO] Epoch 219 | Train Loss: 1.6141 | Val Loss: 2.7994 | Val Acc: 0.4286
2025-06-21 21:16:54,374 [INFO] Epoch 220 | Train Loss: 1.3242 | Val Loss: 2.3393 | Val Acc: 0.4464
2025-06-21 21:16:54,719 [INFO] Epoch 221 | Train Loss: 0.8402 | Val Loss: 2.2113 | Val Acc: 0.4821
2025-06-21 21:16:54,757 [INFO] Epoch 222 | Train Loss: 1.4197 | Val Loss: 2.1408 | Val Acc: 0.4643
2025-06-21 21:16:54,796 [INFO] Epoch 223 | Train Loss: 0.9315 | Val Loss: 2.0570 | Val Acc: 0.4464
2025-06-21 21:16:54,836 [INFO] Epoch 224 | Train Loss: 0.9353 | Val Loss: 2.0571 | Val Acc: 0.5000
2025-06-21 21:16:54,876 [INFO] Epoch 225 | Train Loss: 1.4460 | Val Loss: 2.1927 | Val Acc: 0.4643
2025-06-21 21:16:54,913 [INFO] Epoch 226 | Train Loss: 1.3097 | Val Loss: 2.1094 | Val Acc: 0.4821
2025-06-21 21:16:54,950 [INFO] Epoch 227 | Train Loss: 1.0041 | Val Loss: 1.9969 | Val Acc: 0.4821
2025-06-21 21:16:54,995 [INFO] Epoch 228 | Train Loss: 0.9949 | Val Loss: 2.0251 | Val Acc: 0.4821
2025-06-21 21:16:55,039 [INFO] Epoch 229 | Train Loss: 1.1026 | Val Loss: 1.9795 | Val Acc: 0.4821
2025-06-21 21:16:55,081 [INFO] Epoch 230 | Train Loss: 0.7966 | Val Loss: 2.0573 | Val Acc: 0.4464
2025-06-21 21:16:55,397 [INFO] Epoch 231 | Train Loss: 1.1889 | Val Loss: 2.2176 | Val Acc: 0.5357
2025-06-21 21:16:55,541 [INFO] Epoch 232 | Train Loss: 0.8090 | Val Loss: 2.2294 | Val Acc: 0.5179
2025-06-21 21:16:55,581 [INFO] Epoch 233 | Train Loss: 0.9842 | Val Loss: 2.2577 | Val Acc: 0.5000
2025-06-21 21:16:55,619 [INFO] Epoch 234 | Train Loss: 1.9060 | Val Loss: 2.3358 | Val Acc: 0.4821
2025-06-21 21:16:55,659 [INFO] Epoch 235 | Train Loss: 1.7181 | Val Loss: 2.4977 | Val Acc: 0.4821
2025-06-21 21:16:55,697 [INFO] Epoch 236 | Train Loss: 1.1500 | Val Loss: 2.6061 | Val Acc: 0.4464
2025-06-21 21:16:55,736 [INFO] Epoch 237 | Train Loss: 1.8339 | Val Loss: 2.3535 | Val Acc: 0.5179
2025-06-21 21:16:55,777 [INFO] Epoch 238 | Train Loss: 1.4908 | Val Loss: 2.1665 | Val Acc: 0.5179
2025-06-21 21:16:55,818 [INFO] Epoch 239 | Train Loss: 0.9899 | Val Loss: 2.2402 | Val Acc: 0.5179
2025-06-21 21:16:55,858 [INFO] Epoch 240 | Train Loss: 0.9278 | Val Loss: 2.2707 | Val Acc: 0.4821
2025-06-21 21:16:56,194 [INFO] Epoch 241 | Train Loss: 1.0305 | Val Loss: 2.2245 | Val Acc: 0.5000
2025-06-21 21:16:56,238 [INFO] Epoch 242 | Train Loss: 1.1355 | Val Loss: 2.1406 | Val Acc: 0.5179
2025-06-21 21:16:56,294 [INFO] Epoch 243 | Train Loss: 1.0279 | Val Loss: 2.2284 | Val Acc: 0.4821
2025-06-21 21:16:56,333 [INFO] Epoch 244 | Train Loss: 1.0601 | Val Loss: 2.2285 | Val Acc: 0.4643
2025-06-21 21:16:56,372 [INFO] Epoch 245 | Train Loss: 1.1510 | Val Loss: 2.6121 | Val Acc: 0.5000
2025-06-21 21:16:56,412 [INFO] Epoch 246 | Train Loss: 1.1264 | Val Loss: 2.5990 | Val Acc: 0.5179
2025-06-21 21:16:56,450 [INFO] Epoch 247 | Train Loss: 1.3085 | Val Loss: 2.4805 | Val Acc: 0.5179
2025-06-21 21:16:56,489 [INFO] Epoch 248 | Train Loss: 1.7697 | Val Loss: 2.5177 | Val Acc: 0.5536
2025-06-21 21:16:56,529 [INFO] Epoch 249 | Train Loss: 1.1081 | Val Loss: 2.4378 | Val Acc: 0.4821
2025-06-21 21:16:56,568 [INFO] Epoch 250 | Train Loss: 1.4275 | Val Loss: 2.4222 | Val Acc: 0.4464
2025-06-21 21:16:57,015 [INFO] Epoch 251 | Train Loss: 1.0986 | Val Loss: 2.3468 | Val Acc: 0.4464
2025-06-21 21:16:57,057 [INFO] Epoch 252 | Train Loss: 1.4260 | Val Loss: 2.2932 | Val Acc: 0.4643
2025-06-21 21:16:57,107 [INFO] Epoch 253 | Train Loss: 0.7801 | Val Loss: 2.3003 | Val Acc: 0.4821
2025-06-21 21:16:57,159 [INFO] Epoch 254 | Train Loss: 1.2380 | Val Loss: 2.3911 | Val Acc: 0.4643
2025-06-21 21:16:57,197 [INFO] Epoch 255 | Train Loss: 1.3766 | Val Loss: 2.6330 | Val Acc: 0.4821
2025-06-21 21:16:57,237 [INFO] Epoch 256 | Train Loss: 0.9806 | Val Loss: 2.6258 | Val Acc: 0.5179
2025-06-21 21:16:57,275 [INFO] Epoch 257 | Train Loss: 0.8008 | Val Loss: 2.4814 | Val Acc: 0.5179
2025-06-21 21:16:57,314 [INFO] Epoch 258 | Train Loss: 1.0954 | Val Loss: 2.4237 | Val Acc: 0.5179
2025-06-21 21:16:57,354 [INFO] Epoch 259 | Train Loss: 1.5937 | Val Loss: 2.4481 | Val Acc: 0.4821
2025-06-21 21:16:57,394 [INFO] Epoch 260 | Train Loss: 1.1596 | Val Loss: 2.4528 | Val Acc: 0.4464
2025-06-21 21:16:57,735 [INFO] Epoch 261 | Train Loss: 1.1579 | Val Loss: 2.2419 | Val Acc: 0.4821
2025-06-21 21:16:57,774 [INFO] Epoch 262 | Train Loss: 1.4328 | Val Loss: 2.1824 | Val Acc: 0.4643
2025-06-21 21:16:57,813 [INFO] Epoch 263 | Train Loss: 1.1131 | Val Loss: 2.4000 | Val Acc: 0.4821
2025-06-21 21:16:57,852 [INFO] Epoch 264 | Train Loss: 1.1105 | Val Loss: 2.2890 | Val Acc: 0.4821
2025-06-21 21:16:57,894 [INFO] Epoch 265 | Train Loss: 1.2896 | Val Loss: 2.4627 | Val Acc: 0.4643
2025-06-21 21:16:57,942 [INFO] Epoch 266 | Train Loss: 1.9570 | Val Loss: 2.3750 | Val Acc: 0.4643
2025-06-21 21:16:58,000 [INFO] Epoch 267 | Train Loss: 0.9081 | Val Loss: 2.4117 | Val Acc: 0.4464
2025-06-21 21:16:58,048 [INFO] Epoch 268 | Train Loss: 1.1840 | Val Loss: 2.7573 | Val Acc: 0.4464
2025-06-21 21:16:58,086 [INFO] Epoch 269 | Train Loss: 0.9220 | Val Loss: 2.7209 | Val Acc: 0.4821
2025-06-21 21:16:58,130 [INFO] Epoch 270 | Train Loss: 1.1582 | Val Loss: 2.8088 | Val Acc: 0.5357
2025-06-21 21:16:58,451 [INFO] Epoch 271 | Train Loss: 0.8264 | Val Loss: 2.7434 | Val Acc: 0.5000
2025-06-21 21:16:58,500 [INFO] Epoch 272 | Train Loss: 1.4976 | Val Loss: 2.7448 | Val Acc: 0.4643
2025-06-21 21:16:58,538 [INFO] Epoch 273 | Train Loss: 1.3045 | Val Loss: 2.6389 | Val Acc: 0.4821
2025-06-21 21:16:58,577 [INFO] Epoch 274 | Train Loss: 1.3119 | Val Loss: 2.5558 | Val Acc: 0.4286
2025-06-21 21:16:58,619 [INFO] Epoch 275 | Train Loss: 1.6476 | Val Loss: 2.6911 | Val Acc: 0.4286
2025-06-21 21:16:58,660 [INFO] Epoch 276 | Train Loss: 1.2679 | Val Loss: 2.7871 | Val Acc: 0.4821
2025-06-21 21:16:58,698 [INFO] Epoch 277 | Train Loss: 1.1221 | Val Loss: 2.5657 | Val Acc: 0.5000
2025-06-21 21:16:58,740 [INFO] Epoch 278 | Train Loss: 1.4126 | Val Loss: 2.1852 | Val Acc: 0.4821
2025-06-21 21:16:58,792 [INFO] Epoch 279 | Train Loss: 0.8605 | Val Loss: 2.1664 | Val Acc: 0.4286
2025-06-21 21:16:58,849 [INFO] Epoch 280 | Train Loss: 1.1282 | Val Loss: 2.3021 | Val Acc: 0.5000
2025-06-21 21:16:59,184 [INFO] Epoch 281 | Train Loss: 1.2865 | Val Loss: 2.3776 | Val Acc: 0.5000
2025-06-21 21:16:59,316 [INFO] Epoch 282 | Train Loss: 1.1142 | Val Loss: 2.3863 | Val Acc: 0.5179
2025-06-21 21:16:59,356 [INFO] Epoch 283 | Train Loss: 1.3334 | Val Loss: 2.4777 | Val Acc: 0.4821
2025-06-21 21:16:59,397 [INFO] Epoch 284 | Train Loss: 1.1353 | Val Loss: 2.3060 | Val Acc: 0.4643
2025-06-21 21:16:59,437 [INFO] Epoch 285 | Train Loss: 0.8013 | Val Loss: 2.2841 | Val Acc: 0.4821
2025-06-21 21:16:59,481 [INFO] Epoch 286 | Train Loss: 1.0534 | Val Loss: 2.5405 | Val Acc: 0.4464
2025-06-21 21:16:59,522 [INFO] Epoch 287 | Train Loss: 1.2447 | Val Loss: 2.3176 | Val Acc: 0.4464
2025-06-21 21:16:59,564 [INFO] Epoch 288 | Train Loss: 1.0079 | Val Loss: 2.3514 | Val Acc: 0.4643
2025-06-21 21:16:59,612 [INFO] Epoch 289 | Train Loss: 1.2194 | Val Loss: 2.6545 | Val Acc: 0.4643
2025-06-21 21:16:59,666 [INFO] Epoch 290 | Train Loss: 0.6896 | Val Loss: 2.3065 | Val Acc: 0.4821
2025-06-21 21:17:00,110 [INFO] Epoch 291 | Train Loss: 0.9748 | Val Loss: 2.2685 | Val Acc: 0.4821
2025-06-21 21:17:00,155 [INFO] Epoch 292 | Train Loss: 0.9885 | Val Loss: 2.1867 | Val Acc: 0.5000
2025-06-21 21:17:00,192 [INFO] Epoch 293 | Train Loss: 0.6918 | Val Loss: 2.1409 | Val Acc: 0.4821
2025-06-21 21:17:00,231 [INFO] Epoch 294 | Train Loss: 1.0982 | Val Loss: 2.0787 | Val Acc: 0.4643
2025-06-21 21:17:00,271 [INFO] Epoch 295 | Train Loss: 0.8609 | Val Loss: 2.2851 | Val Acc: 0.5000
2025-06-21 21:17:00,312 [INFO] Epoch 296 | Train Loss: 1.0032 | Val Loss: 2.3322 | Val Acc: 0.4643
2025-06-21 21:17:00,350 [INFO] Epoch 297 | Train Loss: 1.2251 | Val Loss: 2.2178 | Val Acc: 0.4286
2025-06-21 21:17:00,389 [INFO] Epoch 298 | Train Loss: 1.2966 | Val Loss: 2.0495 | Val Acc: 0.4286
2025-06-21 21:17:00,429 [INFO] Epoch 299 | Train Loss: 1.0045 | Val Loss: 2.0233 | Val Acc: 0.4464
2025-06-21 21:17:00,467 [INFO] Epoch 300 | Train Loss: 1.3131 | Val Loss: 2.1932 | Val Acc: 0.4286
2025-06-21 21:17:00,798 [INFO] Epoch 301 | Train Loss: 0.6970 | Val Loss: 2.4069 | Val Acc: 0.4643
2025-06-21 21:17:00,837 [INFO] Epoch 302 | Train Loss: 0.7350 | Val Loss: 2.6701 | Val Acc: 0.4643
2025-06-21 21:17:00,878 [INFO] Epoch 303 | Train Loss: 0.8483 | Val Loss: 2.8076 | Val Acc: 0.4643
2025-06-21 21:17:00,916 [INFO] Epoch 304 | Train Loss: 0.8157 | Val Loss: 2.8713 | Val Acc: 0.4643
2025-06-21 21:17:00,957 [INFO] Epoch 305 | Train Loss: 0.7514 | Val Loss: 2.6973 | Val Acc: 0.4643
2025-06-21 21:17:00,997 [INFO] Epoch 306 | Train Loss: 1.1428 | Val Loss: 2.6224 | Val Acc: 0.4286
2025-06-21 21:17:01,045 [INFO] Epoch 307 | Train Loss: 0.7738 | Val Loss: 2.6609 | Val Acc: 0.4464
2025-06-21 21:17:01,088 [INFO] Epoch 308 | Train Loss: 1.0092 | Val Loss: 2.7943 | Val Acc: 0.4464
2025-06-21 21:17:01,125 [INFO] Epoch 309 | Train Loss: 1.0954 | Val Loss: 2.6031 | Val Acc: 0.4821
2025-06-21 21:17:01,165 [INFO] Epoch 310 | Train Loss: 0.7900 | Val Loss: 2.5563 | Val Acc: 0.4821
2025-06-21 21:17:01,477 [INFO] Epoch 311 | Train Loss: 1.2225 | Val Loss: 2.4650 | Val Acc: 0.5179
2025-06-21 21:17:01,516 [INFO] Epoch 312 | Train Loss: 1.2330 | Val Loss: 2.5611 | Val Acc: 0.4643
2025-06-21 21:17:01,556 [INFO] Epoch 313 | Train Loss: 1.1503 | Val Loss: 2.5205 | Val Acc: 0.4286
2025-06-21 21:17:01,594 [INFO] Epoch 314 | Train Loss: 0.7170 | Val Loss: 2.5875 | Val Acc: 0.4643
2025-06-21 21:17:01,635 [INFO] Epoch 315 | Train Loss: 0.7688 | Val Loss: 2.6252 | Val Acc: 0.4286
2025-06-21 21:17:01,674 [INFO] Epoch 316 | Train Loss: 0.7546 | Val Loss: 2.5730 | Val Acc: 0.4464
2025-06-21 21:17:01,713 [INFO] Epoch 317 | Train Loss: 0.7458 | Val Loss: 2.6190 | Val Acc: 0.4286
2025-06-21 21:17:01,752 [INFO] Epoch 318 | Train Loss: 0.6210 | Val Loss: 2.6543 | Val Acc: 0.4286
2025-06-21 21:17:01,792 [INFO] Epoch 319 | Train Loss: 0.8285 | Val Loss: 2.5891 | Val Acc: 0.4643
2025-06-21 21:17:01,833 [INFO] Epoch 320 | Train Loss: 0.6802 | Val Loss: 2.8071 | Val Acc: 0.4643
2025-06-21 21:17:02,163 [INFO] Epoch 321 | Train Loss: 0.7769 | Val Loss: 2.6426 | Val Acc: 0.4643
2025-06-21 21:17:02,204 [INFO] Epoch 322 | Train Loss: 0.8402 | Val Loss: 2.8429 | Val Acc: 0.4821
2025-06-21 21:17:02,241 [INFO] Epoch 323 | Train Loss: 0.6500 | Val Loss: 2.7432 | Val Acc: 0.4821
2025-06-21 21:17:02,286 [INFO] Epoch 324 | Train Loss: 0.9039 | Val Loss: 2.7060 | Val Acc: 0.4643
2025-06-21 21:17:02,348 [INFO] Epoch 325 | Train Loss: 0.8331 | Val Loss: 2.6279 | Val Acc: 0.4821
2025-06-21 21:17:02,386 [INFO] Epoch 326 | Train Loss: 0.7453 | Val Loss: 2.5200 | Val Acc: 0.4464
2025-06-21 21:17:02,423 [INFO] Epoch 327 | Train Loss: 0.9261 | Val Loss: 2.5515 | Val Acc: 0.4107
2025-06-21 21:17:02,464 [INFO] Epoch 328 | Train Loss: 0.7668 | Val Loss: 2.4881 | Val Acc: 0.4464
2025-06-21 21:17:02,506 [INFO] Epoch 329 | Train Loss: 0.7660 | Val Loss: 2.5179 | Val Acc: 0.4464
2025-06-21 21:17:02,545 [INFO] Epoch 330 | Train Loss: 1.6572 | Val Loss: 2.5664 | Val Acc: 0.4821
2025-06-21 21:17:02,866 [INFO] Epoch 331 | Train Loss: 0.7221 | Val Loss: 2.6347 | Val Acc: 0.4643
2025-06-21 21:17:02,903 [INFO] Epoch 332 | Train Loss: 0.7548 | Val Loss: 2.6728 | Val Acc: 0.4464
2025-06-21 21:17:02,943 [INFO] Epoch 333 | Train Loss: 0.5624 | Val Loss: 2.5862 | Val Acc: 0.4643
2025-06-21 21:17:02,982 [INFO] Epoch 334 | Train Loss: 0.8937 | Val Loss: 2.6673 | Val Acc: 0.4643
2025-06-21 21:17:03,020 [INFO] Epoch 335 | Train Loss: 0.7414 | Val Loss: 2.3898 | Val Acc: 0.4464
2025-06-21 21:17:03,120 [INFO] Epoch 336 | Train Loss: 1.1654 | Val Loss: 2.1652 | Val Acc: 0.4643
2025-06-21 21:17:03,163 [INFO] Epoch 337 | Train Loss: 1.1926 | Val Loss: 2.0872 | Val Acc: 0.4821
2025-06-21 21:17:03,200 [INFO] Epoch 338 | Train Loss: 0.7577 | Val Loss: 1.8912 | Val Acc: 0.5179
2025-06-21 21:17:03,241 [INFO] Epoch 339 | Train Loss: 0.8747 | Val Loss: 1.9986 | Val Acc: 0.5179
2025-06-21 21:17:03,245 [INFO] Early stopping at epoch 339 (no improvement in 150 epochs).
2025-06-21 21:17:03,249 [INFO] Best model saved to <built-in function time>/ENZYMES/best/best_source_gin.pth (Val Acc: 0.5536 at epoch 189)
2025-06-21 21:17:03,250 [INFO] Training/validation metrics saved to <built-in function time>/ENZYMES/GIN_0.0001/train_metrics.csv
2025-06-21 21:17:03,544 [INFO] Final training curves saved
2025-06-21 21:17:03,544 [INFO] Training completed!
2025-06-21 21:17:03,544 [INFO] Best validation accuracy: 0.5536
2025-06-21 21:17:03,544 [INFO] Best epoch: 189
2025-06-21 21:17:03,544 [INFO] Total epochs trained: 339
2025-06-21 21:17:03,545 [INFO] Starting training with parameters: (0.0001, 0.5, 128, 4, 400, 0.0001)
