2025-06-20 18:08:07,510 [INFO] Using device: cpu
2025-06-20 18:08:07,510 [INFO] 开始创建数据加载器...
2025-06-20 18:08:07,513 [INFO] Successfully loaded dataset ENZYMES from ./data, total graphs: 600
2025-06-20 18:08:07,513 [INFO] Class allocation analysis:
2025-06-20 18:08:07,513 [INFO]   Source classes: [0, 1, 2, 3]
2025-06-20 18:08:07,514 [INFO]   Target classes: [0, 1, 2, 3, 4, 5]
2025-06-20 18:08:07,514 [INFO]   Overlap classes (to be split): [0, 1, 2, 3]
2025-06-20 18:08:07,514 [INFO]   Target novel classes (unknown): [4, 5]
2025-06-20 18:08:07,528 [INFO]   Class 0: 100 total -> Source: 70, Target: 30
2025-06-20 18:08:07,529 [INFO]   Class 1: 100 total -> Source: 70, Target: 30
2025-06-20 18:08:07,529 [INFO]   Class 2: 100 total -> Source: 70, Target: 30
2025-06-20 18:08:07,529 [INFO]   Class 3: 100 total -> Source: 70, Target: 30
2025-06-20 18:08:07,529 [INFO]   Class 4 (novel/unknown): 100 samples -> Target
2025-06-20 18:08:07,529 [INFO]   Class 5 (novel/unknown): 100 samples -> Target
2025-06-20 18:08:07,529 [INFO] Final allocation:
2025-06-20 18:08:07,529 [INFO]   Source domain: 280 samples
2025-06-20 18:08:07,529 [INFO]   Target domain: 320 samples
2025-06-20 18:08:07,530 [INFO] Source domain setup:
2025-06-20 18:08:07,530 [INFO]   Original classes: [0, 1, 2, 3]
2025-06-20 18:08:07,531 [INFO]   Overlap classes used: [0, 1, 2, 3]
2025-06-20 18:08:07,531 [INFO]   Label mapping: {0: 0, 1: 1, 2: 2, 3: 3}
2025-06-20 18:08:07,531 [INFO]   Total data after allocation: 280
2025-06-20 18:08:07,531 [INFO]   Data split - Train: 224, Val: 56
2025-06-20 18:08:07,531 [INFO]   Train label distribution: {0: 56, 1: 56, 3: 56, 2: 56}
2025-06-20 18:08:07,531 [INFO]   Val label distribution: {1: 14, 2: 14, 0: 14, 3: 14}
2025-06-20 18:08:07,532 [INFO] Successfully loaded dataset ENZYMES from ./data, total graphs: 600
2025-06-20 18:08:07,532 [INFO] Class allocation analysis:
2025-06-20 18:08:07,532 [INFO]   Source classes: [0, 1, 2, 3]
2025-06-20 18:08:07,532 [INFO]   Target classes: [0, 1, 2, 3, 4, 5]
2025-06-20 18:08:07,532 [INFO]   Overlap classes (to be split): [0, 1, 2, 3]
2025-06-20 18:08:07,532 [INFO]   Target novel classes (unknown): [4, 5]
2025-06-20 18:08:07,547 [INFO]   Class 0: 100 total -> Source: 70, Target: 30
2025-06-20 18:08:07,548 [INFO]   Class 1: 100 total -> Source: 70, Target: 30
2025-06-20 18:08:07,548 [INFO]   Class 2: 100 total -> Source: 70, Target: 30
2025-06-20 18:08:07,548 [INFO]   Class 3: 100 total -> Source: 70, Target: 30
2025-06-20 18:08:07,548 [INFO]   Class 4 (novel/unknown): 100 samples -> Target
2025-06-20 18:08:07,548 [INFO]   Class 5 (novel/unknown): 100 samples -> Target
2025-06-20 18:08:07,548 [INFO] Final allocation:
2025-06-20 18:08:07,548 [INFO]   Source domain: 280 samples
2025-06-20 18:08:07,548 [INFO]   Target domain: 320 samples
2025-06-20 18:08:07,550 [INFO] Target domain setup:
2025-06-20 18:08:07,550 [INFO]   Original classes: [0, 1, 2, 3, 4, 5]
2025-06-20 18:08:07,550 [INFO]   Overlap classes: [0, 1, 2, 3]
2025-06-20 18:08:07,550 [INFO]   Novel classes: [4, 5] -> mapped to unknown label 4
2025-06-20 18:08:07,550 [INFO]   Label mapping: {0: 0, 1: 1, 2: 2, 3: 3, 4: 4, 5: 4}
2025-06-20 18:08:07,550 [INFO]   Total data after allocation: 320
2025-06-20 18:08:07,550 [INFO]   Data split - Train: 256, Val: 64
2025-06-20 18:08:07,550 [INFO]   Total count: 320 (known: 120, unknown: 200)
2025-06-20 18:08:07,550 [INFO]   Total label distribution: {4: 200, 3: 30, 0: 30, 1: 30, 2: 30}
2025-06-20 18:08:07,550 [INFO]   Train label distribution: {4: 160, 0: 24, 2: 24, 3: 24, 1: 24}
2025-06-20 18:08:07,550 [INFO]   Val label distribution: {1: 6, 4: 40, 3: 6, 0: 6, 2: 6}
2025-06-20 18:08:07,551 [INFO] 数据加载器创建完成!
2025-06-20 18:08:07,551 [INFO] 源域类别数: 4 (重叠类别)
2025-06-20 18:08:07,551 [INFO] 目标域类别数: 5 (4个重叠类别 + 1个未知类别)
2025-06-20 18:08:07,551 [INFO] 重叠类别: [0, 1, 2, 3]
2025-06-20 18:08:07,551 [INFO] 目标域新类别: [4, 5]
2025-06-20 18:08:07,551 [INFO] Data allocation verification:
2025-06-20 18:08:07,551 [INFO]   Source data samples: 280
2025-06-20 18:08:07,551 [INFO]   Target data samples: 320
2025-06-20 18:08:07,551 [INFO]   Overlapping samples: 0
2025-06-20 18:08:07,551 [INFO]   ✓ Data allocation is correct - no overlapping samples
2025-06-20 18:08:07,554 [INFO] Model initialized with 334084 parameters
2025-06-20 18:08:07,554 [INFO] Previous best validation accuracy read from record.txt: 0.6071
2025-06-20 18:08:07,554 [INFO] Starting training...
2025-06-20 18:08:07,636 [INFO] Epoch 001 | Train Loss: 7.1867 | Val Loss: 1.3688 | Val Acc: 0.2857
2025-06-20 18:08:07,774 [INFO] New best model at epoch 1 (Val Acc: 0.2857)
2025-06-20 18:08:07,846 [INFO] Epoch 002 | Train Loss: 3.9925 | Val Loss: 1.5702 | Val Acc: 0.3036
2025-06-20 18:08:07,855 [INFO] New best model at epoch 2 (Val Acc: 0.3036)
2025-06-20 18:08:07,935 [INFO] Epoch 003 | Train Loss: 4.5669 | Val Loss: 1.8813 | Val Acc: 0.3036
2025-06-20 18:08:08,010 [INFO] Epoch 004 | Train Loss: 3.8432 | Val Loss: 2.1402 | Val Acc: 0.2857
2025-06-20 18:08:08,101 [INFO] Epoch 005 | Train Loss: 3.1084 | Val Loss: 2.6982 | Val Acc: 0.2679
2025-06-20 18:08:08,196 [INFO] Epoch 006 | Train Loss: 2.6373 | Val Loss: 2.5659 | Val Acc: 0.2500
2025-06-20 18:08:08,292 [INFO] Epoch 007 | Train Loss: 2.6423 | Val Loss: 2.8338 | Val Acc: 0.2321
2025-06-20 18:08:08,377 [INFO] Epoch 008 | Train Loss: 2.0992 | Val Loss: 3.8130 | Val Acc: 0.2500
2025-06-20 18:08:08,462 [INFO] Epoch 009 | Train Loss: 2.2518 | Val Loss: 3.4517 | Val Acc: 0.2321
2025-06-20 18:08:08,572 [INFO] Epoch 010 | Train Loss: 2.7507 | Val Loss: 3.1480 | Val Acc: 0.2679
2025-06-20 18:08:08,853 [INFO] Epoch 011 | Train Loss: 1.6623 | Val Loss: 2.9631 | Val Acc: 0.4286
2025-06-20 18:08:08,862 [INFO] New best model at epoch 11 (Val Acc: 0.4286)
2025-06-20 18:08:08,951 [INFO] Epoch 012 | Train Loss: 2.1637 | Val Loss: 3.6964 | Val Acc: 0.3393
2025-06-20 18:08:09,014 [INFO] Epoch 013 | Train Loss: 1.4819 | Val Loss: 3.6874 | Val Acc: 0.3393
2025-06-20 18:08:09,085 [INFO] Epoch 014 | Train Loss: 1.5766 | Val Loss: 4.0720 | Val Acc: 0.3036
2025-06-20 18:08:09,156 [INFO] Epoch 015 | Train Loss: 1.4877 | Val Loss: 4.4863 | Val Acc: 0.3750
2025-06-20 18:08:09,230 [INFO] Epoch 016 | Train Loss: 1.9502 | Val Loss: 5.4916 | Val Acc: 0.2857
2025-06-20 18:08:09,298 [INFO] Epoch 017 | Train Loss: 1.9978 | Val Loss: 5.4292 | Val Acc: 0.3036
2025-06-20 18:08:09,374 [INFO] Epoch 018 | Train Loss: 1.7897 | Val Loss: 3.9697 | Val Acc: 0.4107
2025-06-20 18:08:09,499 [INFO] Epoch 019 | Train Loss: 2.2716 | Val Loss: 3.7105 | Val Acc: 0.4107
2025-06-20 18:08:09,588 [INFO] Epoch 020 | Train Loss: 2.0169 | Val Loss: 3.3543 | Val Acc: 0.3929
2025-06-20 18:08:09,906 [INFO] Epoch 021 | Train Loss: 1.5752 | Val Loss: 3.7448 | Val Acc: 0.2500
2025-06-20 18:08:10,002 [INFO] Epoch 022 | Train Loss: 1.8721 | Val Loss: 4.3751 | Val Acc: 0.3036
2025-06-20 18:08:10,067 [INFO] Epoch 023 | Train Loss: 1.7324 | Val Loss: 4.1712 | Val Acc: 0.4107
2025-06-20 18:08:10,134 [INFO] Epoch 024 | Train Loss: 1.6295 | Val Loss: 3.6012 | Val Acc: 0.4464
2025-06-20 18:08:10,143 [INFO] New best model at epoch 24 (Val Acc: 0.4464)
2025-06-20 18:08:10,226 [INFO] Epoch 025 | Train Loss: 1.3125 | Val Loss: 3.9309 | Val Acc: 0.4821
2025-06-20 18:08:10,235 [INFO] New best model at epoch 25 (Val Acc: 0.4821)
2025-06-20 18:08:10,305 [INFO] Epoch 026 | Train Loss: 1.5407 | Val Loss: 4.0852 | Val Acc: 0.3750
2025-06-20 18:08:10,372 [INFO] Epoch 027 | Train Loss: 1.4571 | Val Loss: 3.5349 | Val Acc: 0.3750
2025-06-20 18:08:10,437 [INFO] Epoch 028 | Train Loss: 1.1274 | Val Loss: 3.5746 | Val Acc: 0.4286
2025-06-20 18:08:10,506 [INFO] Epoch 029 | Train Loss: 1.4542 | Val Loss: 3.3306 | Val Acc: 0.4107
2025-06-20 18:08:10,570 [INFO] Epoch 030 | Train Loss: 1.3387 | Val Loss: 3.7589 | Val Acc: 0.4821
2025-06-20 18:08:10,809 [INFO] Epoch 031 | Train Loss: 1.2804 | Val Loss: 4.0233 | Val Acc: 0.4107
2025-06-20 18:08:10,875 [INFO] Epoch 032 | Train Loss: 1.0706 | Val Loss: 3.8154 | Val Acc: 0.4107
2025-06-20 18:08:10,949 [INFO] Epoch 033 | Train Loss: 1.4231 | Val Loss: 3.7059 | Val Acc: 0.4286
2025-06-20 18:08:11,013 [INFO] Epoch 034 | Train Loss: 1.1638 | Val Loss: 3.9237 | Val Acc: 0.4107
2025-06-20 18:08:11,070 [INFO] Epoch 035 | Train Loss: 1.0818 | Val Loss: 4.2325 | Val Acc: 0.4286
2025-06-20 18:08:11,132 [INFO] Epoch 036 | Train Loss: 1.0806 | Val Loss: 4.5765 | Val Acc: 0.4464
2025-06-20 18:08:11,209 [INFO] Epoch 037 | Train Loss: 0.9965 | Val Loss: 3.8947 | Val Acc: 0.4643
2025-06-20 18:08:11,268 [INFO] Epoch 038 | Train Loss: 1.1364 | Val Loss: 3.3894 | Val Acc: 0.5000
2025-06-20 18:08:11,277 [INFO] New best model at epoch 38 (Val Acc: 0.5000)
2025-06-20 18:08:11,331 [INFO] Epoch 039 | Train Loss: 1.0848 | Val Loss: 3.5343 | Val Acc: 0.4464
2025-06-20 18:08:11,388 [INFO] Epoch 040 | Train Loss: 1.1761 | Val Loss: 3.8126 | Val Acc: 0.3929
2025-06-20 18:08:11,577 [INFO] Epoch 041 | Train Loss: 1.0415 | Val Loss: 3.7219 | Val Acc: 0.4286
2025-06-20 18:08:11,701 [INFO] Epoch 042 | Train Loss: 0.9440 | Val Loss: 3.8935 | Val Acc: 0.4107
2025-06-20 18:08:11,759 [INFO] Epoch 043 | Train Loss: 0.7964 | Val Loss: 3.8670 | Val Acc: 0.4464
2025-06-20 18:08:11,815 [INFO] Epoch 044 | Train Loss: 0.8100 | Val Loss: 3.5230 | Val Acc: 0.3929
2025-06-20 18:08:11,875 [INFO] Epoch 045 | Train Loss: 1.2694 | Val Loss: 4.0132 | Val Acc: 0.3929
2025-06-20 18:08:11,928 [INFO] Epoch 046 | Train Loss: 1.3129 | Val Loss: 4.3679 | Val Acc: 0.4107
2025-06-20 18:08:11,998 [INFO] Epoch 047 | Train Loss: 0.7124 | Val Loss: 4.5627 | Val Acc: 0.3750
2025-06-20 18:08:12,068 [INFO] Epoch 048 | Train Loss: 1.1423 | Val Loss: 4.1412 | Val Acc: 0.3750
2025-06-20 18:08:12,126 [INFO] Epoch 049 | Train Loss: 1.2548 | Val Loss: 3.6854 | Val Acc: 0.4286
2025-06-20 18:08:12,184 [INFO] Epoch 050 | Train Loss: 0.9703 | Val Loss: 4.0070 | Val Acc: 0.4821
2025-06-20 18:08:12,366 [INFO] Epoch 051 | Train Loss: 0.7625 | Val Loss: 4.9000 | Val Acc: 0.3929
2025-06-20 18:08:12,422 [INFO] Epoch 052 | Train Loss: 0.7739 | Val Loss: 4.3314 | Val Acc: 0.3929
2025-06-20 18:08:12,509 [INFO] Epoch 053 | Train Loss: 0.6215 | Val Loss: 4.0676 | Val Acc: 0.4107
2025-06-20 18:08:12,585 [INFO] Epoch 054 | Train Loss: 1.0444 | Val Loss: 4.3543 | Val Acc: 0.3929
2025-06-20 18:08:12,664 [INFO] Epoch 055 | Train Loss: 0.8235 | Val Loss: 4.1832 | Val Acc: 0.3571
2025-06-20 18:08:12,752 [INFO] Epoch 056 | Train Loss: 0.7928 | Val Loss: 4.8783 | Val Acc: 0.3929
2025-06-20 18:08:12,857 [INFO] Epoch 057 | Train Loss: 0.8000 | Val Loss: 4.9440 | Val Acc: 0.3571
2025-06-20 18:08:12,957 [INFO] Epoch 058 | Train Loss: 0.4958 | Val Loss: 4.2824 | Val Acc: 0.3750
2025-06-20 18:08:13,046 [INFO] Epoch 059 | Train Loss: 0.6032 | Val Loss: 4.3348 | Val Acc: 0.4643
2025-06-20 18:08:13,113 [INFO] Epoch 060 | Train Loss: 0.9676 | Val Loss: 4.6321 | Val Acc: 0.4464
2025-06-20 18:08:13,311 [INFO] Epoch 061 | Train Loss: 0.3220 | Val Loss: 3.9808 | Val Acc: 0.4464
2025-06-20 18:08:13,399 [INFO] Epoch 062 | Train Loss: 0.8927 | Val Loss: 3.9171 | Val Acc: 0.4821
2025-06-20 18:08:13,464 [INFO] Epoch 063 | Train Loss: 0.8467 | Val Loss: 4.4186 | Val Acc: 0.4464
2025-06-20 18:08:13,537 [INFO] Epoch 064 | Train Loss: 0.6634 | Val Loss: 3.4436 | Val Acc: 0.4464
2025-06-20 18:08:13,603 [INFO] Epoch 065 | Train Loss: 0.6551 | Val Loss: 3.4305 | Val Acc: 0.4464
2025-06-20 18:08:13,670 [INFO] Epoch 066 | Train Loss: 0.7148 | Val Loss: 3.3715 | Val Acc: 0.4643
2025-06-20 18:08:13,744 [INFO] Epoch 067 | Train Loss: 0.7628 | Val Loss: 4.4788 | Val Acc: 0.4643
2025-06-20 18:08:13,814 [INFO] Epoch 068 | Train Loss: 0.5599 | Val Loss: 4.4177 | Val Acc: 0.4821
2025-06-20 18:08:13,901 [INFO] Epoch 069 | Train Loss: 0.5747 | Val Loss: 3.7591 | Val Acc: 0.4643
2025-06-20 18:08:13,969 [INFO] Epoch 070 | Train Loss: 0.5369 | Val Loss: 3.9589 | Val Acc: 0.4464
2025-06-20 18:08:14,167 [INFO] Epoch 071 | Train Loss: 0.5764 | Val Loss: 4.0932 | Val Acc: 0.4464
2025-06-20 18:08:14,223 [INFO] Epoch 072 | Train Loss: 0.7803 | Val Loss: 4.6494 | Val Acc: 0.4107
2025-06-20 18:08:14,295 [INFO] Epoch 073 | Train Loss: 0.5133 | Val Loss: 4.9307 | Val Acc: 0.3929
2025-06-20 18:08:14,412 [INFO] Epoch 074 | Train Loss: 0.5774 | Val Loss: 4.6584 | Val Acc: 0.4286
2025-06-20 18:08:14,531 [INFO] Epoch 075 | Train Loss: 0.5851 | Val Loss: 4.1284 | Val Acc: 0.4464
2025-06-20 18:08:14,702 [INFO] Epoch 076 | Train Loss: 0.6062 | Val Loss: 4.0295 | Val Acc: 0.4286
2025-06-20 18:08:14,814 [INFO] Epoch 077 | Train Loss: 0.7687 | Val Loss: 4.7885 | Val Acc: 0.4643
2025-06-20 18:08:14,908 [INFO] Epoch 078 | Train Loss: 0.4567 | Val Loss: 4.4306 | Val Acc: 0.4464
2025-06-20 18:08:15,006 [INFO] Epoch 079 | Train Loss: 0.6774 | Val Loss: 4.1933 | Val Acc: 0.4643
2025-06-20 18:08:15,094 [INFO] Epoch 080 | Train Loss: 0.4843 | Val Loss: 4.4893 | Val Acc: 0.4286
2025-06-20 18:08:15,319 [INFO] Epoch 081 | Train Loss: 0.6357 | Val Loss: 4.1630 | Val Acc: 0.4464
2025-06-20 18:08:15,445 [INFO] Epoch 082 | Train Loss: 0.4768 | Val Loss: 4.1587 | Val Acc: 0.4464
2025-06-20 18:08:15,570 [INFO] Epoch 083 | Train Loss: 0.3404 | Val Loss: 4.8762 | Val Acc: 0.4464
2025-06-20 18:08:15,690 [INFO] Epoch 084 | Train Loss: 0.4860 | Val Loss: 4.7519 | Val Acc: 0.4107
2025-06-20 18:08:15,800 [INFO] Epoch 085 | Train Loss: 0.4312 | Val Loss: 4.3284 | Val Acc: 0.3929
2025-06-20 18:08:15,915 [INFO] Epoch 086 | Train Loss: 0.3402 | Val Loss: 4.0259 | Val Acc: 0.4643
2025-06-20 18:08:16,009 [INFO] Epoch 087 | Train Loss: 0.7506 | Val Loss: 4.4864 | Val Acc: 0.4643
2025-06-20 18:08:16,104 [INFO] Epoch 088 | Train Loss: 0.5312 | Val Loss: 5.2007 | Val Acc: 0.4286
2025-06-20 18:08:16,201 [INFO] Epoch 089 | Train Loss: 0.4341 | Val Loss: 4.9163 | Val Acc: 0.4286
2025-06-20 18:08:16,294 [INFO] Epoch 090 | Train Loss: 0.7469 | Val Loss: 4.9020 | Val Acc: 0.4464
2025-06-20 18:08:16,528 [INFO] Epoch 091 | Train Loss: 0.5913 | Val Loss: 4.8097 | Val Acc: 0.4643
2025-06-20 18:08:16,637 [INFO] Epoch 092 | Train Loss: 0.5786 | Val Loss: 4.8822 | Val Acc: 0.4464
2025-06-20 18:08:16,731 [INFO] Epoch 093 | Train Loss: 0.7324 | Val Loss: 4.9540 | Val Acc: 0.4286
2025-06-20 18:08:16,831 [INFO] Epoch 094 | Train Loss: 0.5769 | Val Loss: 4.7608 | Val Acc: 0.4286
2025-06-20 18:08:16,911 [INFO] Epoch 095 | Train Loss: 0.4400 | Val Loss: 4.9877 | Val Acc: 0.4464
2025-06-20 18:08:17,009 [INFO] Epoch 096 | Train Loss: 0.3160 | Val Loss: 4.8819 | Val Acc: 0.4286
2025-06-20 18:08:17,101 [INFO] Epoch 097 | Train Loss: 0.5902 | Val Loss: 4.4372 | Val Acc: 0.4107
2025-06-20 18:08:17,192 [INFO] Epoch 098 | Train Loss: 0.4696 | Val Loss: 4.8592 | Val Acc: 0.4107
2025-06-20 18:08:17,306 [INFO] Epoch 099 | Train Loss: 0.6345 | Val Loss: 5.1792 | Val Acc: 0.3750
2025-06-20 18:08:17,394 [INFO] Epoch 100 | Train Loss: 0.3899 | Val Loss: 5.1386 | Val Acc: 0.3929
2025-06-20 18:08:17,615 [INFO] Epoch 101 | Train Loss: 0.6434 | Val Loss: 5.0931 | Val Acc: 0.3929
2025-06-20 18:08:17,706 [INFO] Epoch 102 | Train Loss: 0.5901 | Val Loss: 4.2917 | Val Acc: 0.4464
2025-06-20 18:08:17,796 [INFO] Epoch 103 | Train Loss: 0.5352 | Val Loss: 3.9435 | Val Acc: 0.4107
2025-06-20 18:08:17,881 [INFO] Epoch 104 | Train Loss: 0.3585 | Val Loss: 4.0346 | Val Acc: 0.4821
2025-06-20 18:08:17,967 [INFO] Epoch 105 | Train Loss: 0.2551 | Val Loss: 4.3883 | Val Acc: 0.4107
2025-06-20 18:08:18,062 [INFO] Epoch 106 | Train Loss: 0.6451 | Val Loss: 4.3764 | Val Acc: 0.5000
2025-06-20 18:08:18,162 [INFO] Epoch 107 | Train Loss: 0.5228 | Val Loss: 4.6890 | Val Acc: 0.4821
2025-06-20 18:08:18,262 [INFO] Epoch 108 | Train Loss: 0.3015 | Val Loss: 4.5712 | Val Acc: 0.5000
2025-06-20 18:08:18,352 [INFO] Epoch 109 | Train Loss: 0.5659 | Val Loss: 4.4273 | Val Acc: 0.4286
2025-06-20 18:08:18,443 [INFO] Epoch 110 | Train Loss: 0.3806 | Val Loss: 4.8795 | Val Acc: 0.4286
2025-06-20 18:08:18,653 [INFO] Epoch 111 | Train Loss: 0.5164 | Val Loss: 4.5006 | Val Acc: 0.4643
2025-06-20 18:08:18,749 [INFO] Epoch 112 | Train Loss: 0.5080 | Val Loss: 4.0616 | Val Acc: 0.4464
2025-06-20 18:08:18,834 [INFO] Epoch 113 | Train Loss: 0.3817 | Val Loss: 4.5087 | Val Acc: 0.3750
2025-06-20 18:08:18,930 [INFO] Epoch 114 | Train Loss: 0.3623 | Val Loss: 4.1181 | Val Acc: 0.4643
2025-06-20 18:08:19,019 [INFO] Epoch 115 | Train Loss: 0.3751 | Val Loss: 4.5149 | Val Acc: 0.5000
2025-06-20 18:08:19,118 [INFO] Epoch 116 | Train Loss: 0.3244 | Val Loss: 5.0470 | Val Acc: 0.4464
2025-06-20 18:08:19,208 [INFO] Epoch 117 | Train Loss: 0.2294 | Val Loss: 4.8210 | Val Acc: 0.4286
2025-06-20 18:08:19,304 [INFO] Epoch 118 | Train Loss: 0.3921 | Val Loss: 5.0703 | Val Acc: 0.5000
2025-06-20 18:08:19,392 [INFO] Epoch 119 | Train Loss: 0.4959 | Val Loss: 4.8769 | Val Acc: 0.4464
2025-06-20 18:08:19,483 [INFO] Epoch 120 | Train Loss: 0.2690 | Val Loss: 4.4559 | Val Acc: 0.4464
2025-06-20 18:08:19,820 [INFO] Epoch 121 | Train Loss: 0.4494 | Val Loss: 4.6209 | Val Acc: 0.4464
2025-06-20 18:08:19,920 [INFO] Epoch 122 | Train Loss: 0.4537 | Val Loss: 4.9964 | Val Acc: 0.4464
2025-06-20 18:08:20,013 [INFO] Epoch 123 | Train Loss: 0.4300 | Val Loss: 4.7188 | Val Acc: 0.4643
2025-06-20 18:08:20,105 [INFO] Epoch 124 | Train Loss: 0.2971 | Val Loss: 4.4158 | Val Acc: 0.4464
2025-06-20 18:08:20,195 [INFO] Epoch 125 | Train Loss: 0.3652 | Val Loss: 4.4592 | Val Acc: 0.4464
2025-06-20 18:08:20,283 [INFO] Epoch 126 | Train Loss: 0.2915 | Val Loss: 4.3311 | Val Acc: 0.4643
2025-06-20 18:08:20,342 [INFO] Epoch 127 | Train Loss: 0.6785 | Val Loss: 4.7560 | Val Acc: 0.4821
2025-06-20 18:08:20,403 [INFO] Epoch 128 | Train Loss: 0.1613 | Val Loss: 5.0453 | Val Acc: 0.4286
2025-06-20 18:08:20,489 [INFO] Epoch 129 | Train Loss: 0.3063 | Val Loss: 5.0062 | Val Acc: 0.4464
2025-06-20 18:08:20,554 [INFO] Epoch 130 | Train Loss: 0.2855 | Val Loss: 5.0864 | Val Acc: 0.4464
2025-06-20 18:08:20,772 [INFO] Epoch 131 | Train Loss: 0.6621 | Val Loss: 5.2259 | Val Acc: 0.4107
2025-06-20 18:08:20,868 [INFO] Epoch 132 | Train Loss: 0.2530 | Val Loss: 4.9407 | Val Acc: 0.4286
2025-06-20 18:08:20,938 [INFO] Epoch 133 | Train Loss: 0.4849 | Val Loss: 4.4960 | Val Acc: 0.5179
2025-06-20 18:08:20,946 [INFO] New best model at epoch 133 (Val Acc: 0.5179)
2025-06-20 18:08:21,011 [INFO] Epoch 134 | Train Loss: 0.2892 | Val Loss: 4.7720 | Val Acc: 0.4643
2025-06-20 18:08:21,083 [INFO] Epoch 135 | Train Loss: 0.4125 | Val Loss: 4.6300 | Val Acc: 0.5179
2025-06-20 18:08:21,155 [INFO] Epoch 136 | Train Loss: 0.2620 | Val Loss: 4.6136 | Val Acc: 0.5179
2025-06-20 18:08:21,219 [INFO] Epoch 137 | Train Loss: 0.3822 | Val Loss: 4.4556 | Val Acc: 0.4643
2025-06-20 18:08:21,295 [INFO] Epoch 138 | Train Loss: 0.2688 | Val Loss: 4.2305 | Val Acc: 0.5000
2025-06-20 18:08:21,380 [INFO] Epoch 139 | Train Loss: 0.2203 | Val Loss: 4.4717 | Val Acc: 0.4821
2025-06-20 18:08:21,508 [INFO] Epoch 140 | Train Loss: 0.4766 | Val Loss: 5.1822 | Val Acc: 0.4821
2025-06-20 18:08:21,787 [INFO] Epoch 141 | Train Loss: 0.3970 | Val Loss: 4.9208 | Val Acc: 0.4821
2025-06-20 18:08:21,882 [INFO] Epoch 142 | Train Loss: 0.4146 | Val Loss: 4.1628 | Val Acc: 0.5357
2025-06-20 18:08:21,890 [INFO] New best model at epoch 142 (Val Acc: 0.5357)
2025-06-20 18:08:21,985 [INFO] Epoch 143 | Train Loss: 0.5288 | Val Loss: 4.7688 | Val Acc: 0.5000
2025-06-20 18:08:22,085 [INFO] Epoch 144 | Train Loss: 0.4749 | Val Loss: 5.0456 | Val Acc: 0.5000
2025-06-20 18:08:22,178 [INFO] Epoch 145 | Train Loss: 0.2720 | Val Loss: 5.2525 | Val Acc: 0.4464
2025-06-20 18:08:22,279 [INFO] Epoch 146 | Train Loss: 0.3660 | Val Loss: 5.5435 | Val Acc: 0.3750
2025-06-20 18:08:22,376 [INFO] Epoch 147 | Train Loss: 0.4059 | Val Loss: 5.1943 | Val Acc: 0.4464
2025-06-20 18:08:22,464 [INFO] Epoch 148 | Train Loss: 0.3557 | Val Loss: 4.9779 | Val Acc: 0.4821
2025-06-20 18:08:22,560 [INFO] Epoch 149 | Train Loss: 0.3189 | Val Loss: 4.9344 | Val Acc: 0.5000
2025-06-20 18:08:22,643 [INFO] Epoch 150 | Train Loss: 0.1897 | Val Loss: 4.8542 | Val Acc: 0.4821
2025-06-20 18:08:22,862 [INFO] Epoch 151 | Train Loss: 0.2837 | Val Loss: 5.3722 | Val Acc: 0.4643
2025-06-20 18:08:22,958 [INFO] Epoch 152 | Train Loss: 0.1901 | Val Loss: 5.8164 | Val Acc: 0.5000
2025-06-20 18:08:23,039 [INFO] Epoch 153 | Train Loss: 0.4273 | Val Loss: 5.6853 | Val Acc: 0.4464
2025-06-20 18:08:23,129 [INFO] Epoch 154 | Train Loss: 0.1959 | Val Loss: 5.5375 | Val Acc: 0.4643
2025-06-20 18:08:23,215 [INFO] Epoch 155 | Train Loss: 0.2855 | Val Loss: 5.4161 | Val Acc: 0.4286
2025-06-20 18:08:23,299 [INFO] Epoch 156 | Train Loss: 0.2387 | Val Loss: 5.2207 | Val Acc: 0.3750
2025-06-20 18:08:23,391 [INFO] Epoch 157 | Train Loss: 0.2495 | Val Loss: 5.2524 | Val Acc: 0.3750
2025-06-20 18:08:23,479 [INFO] Epoch 158 | Train Loss: 0.5020 | Val Loss: 5.4190 | Val Acc: 0.4821
2025-06-20 18:08:23,555 [INFO] Epoch 159 | Train Loss: 0.3222 | Val Loss: 5.0012 | Val Acc: 0.5000
2025-06-20 18:08:23,632 [INFO] Epoch 160 | Train Loss: 0.2863 | Val Loss: 4.8147 | Val Acc: 0.5357
2025-06-20 18:08:23,859 [INFO] Epoch 161 | Train Loss: 0.3758 | Val Loss: 4.9302 | Val Acc: 0.5000
2025-06-20 18:08:23,948 [INFO] Epoch 162 | Train Loss: 0.4782 | Val Loss: 4.9823 | Val Acc: 0.4643
2025-06-20 18:08:24,025 [INFO] Epoch 163 | Train Loss: 0.2931 | Val Loss: 5.3179 | Val Acc: 0.4286
2025-06-20 18:08:24,107 [INFO] Epoch 164 | Train Loss: 0.3283 | Val Loss: 5.3402 | Val Acc: 0.4464
2025-06-20 18:08:24,190 [INFO] Epoch 165 | Train Loss: 0.1689 | Val Loss: 5.1376 | Val Acc: 0.4821
2025-06-20 18:08:24,265 [INFO] Epoch 166 | Train Loss: 0.2730 | Val Loss: 4.8749 | Val Acc: 0.4821
2025-06-20 18:08:24,354 [INFO] Epoch 167 | Train Loss: 0.1284 | Val Loss: 5.0321 | Val Acc: 0.4464
2025-06-20 18:08:24,444 [INFO] Epoch 168 | Train Loss: 0.3137 | Val Loss: 5.2870 | Val Acc: 0.4107
2025-06-20 18:08:24,504 [INFO] Epoch 169 | Train Loss: 0.2496 | Val Loss: 5.2998 | Val Acc: 0.4286
2025-06-20 18:08:24,557 [INFO] Epoch 170 | Train Loss: 0.3816 | Val Loss: 5.0824 | Val Acc: 0.3929
2025-06-20 18:08:24,765 [INFO] Epoch 171 | Train Loss: 0.3466 | Val Loss: 5.2974 | Val Acc: 0.5000
2025-06-20 18:08:24,838 [INFO] Epoch 172 | Train Loss: 0.2737 | Val Loss: 4.9913 | Val Acc: 0.4643
2025-06-20 18:08:24,895 [INFO] Epoch 173 | Train Loss: 0.1706 | Val Loss: 4.7505 | Val Acc: 0.4643
2025-06-20 18:08:24,968 [INFO] Epoch 174 | Train Loss: 0.2822 | Val Loss: 4.8604 | Val Acc: 0.4821
2025-06-20 18:08:25,029 [INFO] Epoch 175 | Train Loss: 0.1020 | Val Loss: 5.1276 | Val Acc: 0.4286
2025-06-20 18:08:25,099 [INFO] Epoch 176 | Train Loss: 0.3933 | Val Loss: 5.4889 | Val Acc: 0.4464
2025-06-20 18:08:25,159 [INFO] Epoch 177 | Train Loss: 0.2297 | Val Loss: 6.1409 | Val Acc: 0.4107
2025-06-20 18:08:25,216 [INFO] Epoch 178 | Train Loss: 0.1825 | Val Loss: 6.0195 | Val Acc: 0.4286
2025-06-20 18:08:25,302 [INFO] Epoch 179 | Train Loss: 0.2908 | Val Loss: 5.8742 | Val Acc: 0.3929
2025-06-20 18:08:25,361 [INFO] Epoch 180 | Train Loss: 0.1819 | Val Loss: 5.8006 | Val Acc: 0.3929
2025-06-20 18:08:25,550 [INFO] Epoch 181 | Train Loss: 0.2891 | Val Loss: 5.6210 | Val Acc: 0.3393
2025-06-20 18:08:25,611 [INFO] Epoch 182 | Train Loss: 0.1517 | Val Loss: 5.4573 | Val Acc: 0.4107
2025-06-20 18:08:25,703 [INFO] Epoch 183 | Train Loss: 0.1328 | Val Loss: 5.5720 | Val Acc: 0.4821
2025-06-20 18:08:25,757 [INFO] Epoch 184 | Train Loss: 0.1861 | Val Loss: 5.5869 | Val Acc: 0.4643
2025-06-20 18:08:25,821 [INFO] Epoch 185 | Train Loss: 0.1881 | Val Loss: 5.4236 | Val Acc: 0.4286
2025-06-20 18:08:25,882 [INFO] Epoch 186 | Train Loss: 0.1878 | Val Loss: 6.0007 | Val Acc: 0.4643
2025-06-20 18:08:25,938 [INFO] Epoch 187 | Train Loss: 0.1753 | Val Loss: 6.1093 | Val Acc: 0.4286
2025-06-20 18:08:25,996 [INFO] Epoch 188 | Train Loss: 0.2428 | Val Loss: 6.0425 | Val Acc: 0.4107
2025-06-20 18:08:26,051 [INFO] Epoch 189 | Train Loss: 0.4602 | Val Loss: 5.7406 | Val Acc: 0.4286
2025-06-20 18:08:26,110 [INFO] Epoch 190 | Train Loss: 0.3748 | Val Loss: 5.8268 | Val Acc: 0.4286
2025-06-20 18:08:26,295 [INFO] Epoch 191 | Train Loss: 0.4175 | Val Loss: 5.6619 | Val Acc: 0.5000
2025-06-20 18:08:26,357 [INFO] Epoch 192 | Train Loss: 0.4843 | Val Loss: 6.0014 | Val Acc: 0.3750
2025-06-20 18:08:26,434 [INFO] Epoch 193 | Train Loss: 0.3720 | Val Loss: 5.7173 | Val Acc: 0.3750
2025-06-20 18:08:26,495 [INFO] Epoch 194 | Train Loss: 0.5243 | Val Loss: 5.6156 | Val Acc: 0.4464
2025-06-20 18:08:26,573 [INFO] Epoch 195 | Train Loss: 0.2145 | Val Loss: 5.5124 | Val Acc: 0.5179
2025-06-20 18:08:26,640 [INFO] Epoch 196 | Train Loss: 0.2757 | Val Loss: 5.2335 | Val Acc: 0.4821
2025-06-20 18:08:26,712 [INFO] Epoch 197 | Train Loss: 0.3934 | Val Loss: 5.4197 | Val Acc: 0.4821
2025-06-20 18:08:26,770 [INFO] Epoch 198 | Train Loss: 0.3375 | Val Loss: 5.8566 | Val Acc: 0.5357
2025-06-20 18:08:26,827 [INFO] Epoch 199 | Train Loss: 0.3247 | Val Loss: 6.3464 | Val Acc: 0.4464
2025-06-20 18:08:26,880 [INFO] Epoch 200 | Train Loss: 0.3005 | Val Loss: 6.0195 | Val Acc: 0.4643
2025-06-20 18:08:27,086 [INFO] Epoch 201 | Train Loss: 0.1273 | Val Loss: 5.7837 | Val Acc: 0.4464
2025-06-20 18:08:27,162 [INFO] Epoch 202 | Train Loss: 0.0961 | Val Loss: 5.5720 | Val Acc: 0.5000
2025-06-20 18:08:27,228 [INFO] Epoch 203 | Train Loss: 0.2251 | Val Loss: 5.6734 | Val Acc: 0.4643
2025-06-20 18:08:27,284 [INFO] Epoch 204 | Train Loss: 0.1432 | Val Loss: 5.8154 | Val Acc: 0.4464
2025-06-20 18:08:27,362 [INFO] Epoch 205 | Train Loss: 0.1490 | Val Loss: 5.8450 | Val Acc: 0.4107
2025-06-20 18:08:27,429 [INFO] Epoch 206 | Train Loss: 0.1798 | Val Loss: 5.8185 | Val Acc: 0.4464
2025-06-20 18:08:27,510 [INFO] Epoch 207 | Train Loss: 0.2199 | Val Loss: 5.8091 | Val Acc: 0.4643
2025-06-20 18:08:27,577 [INFO] Epoch 208 | Train Loss: 0.2654 | Val Loss: 5.8832 | Val Acc: 0.3929
2025-06-20 18:08:27,634 [INFO] Epoch 209 | Train Loss: 0.3186 | Val Loss: 5.3179 | Val Acc: 0.4286
2025-06-20 18:08:27,699 [INFO] Epoch 210 | Train Loss: 0.2153 | Val Loss: 5.6081 | Val Acc: 0.4643
2025-06-20 18:08:27,906 [INFO] Epoch 211 | Train Loss: 0.1316 | Val Loss: 5.9237 | Val Acc: 0.4643
2025-06-20 18:08:27,994 [INFO] Epoch 212 | Train Loss: 0.1122 | Val Loss: 5.6306 | Val Acc: 0.4643
2025-06-20 18:08:28,063 [INFO] Epoch 213 | Train Loss: 0.1164 | Val Loss: 5.4197 | Val Acc: 0.4821
2025-06-20 18:08:28,126 [INFO] Epoch 214 | Train Loss: 0.2855 | Val Loss: 5.2037 | Val Acc: 0.5179
2025-06-20 18:08:28,189 [INFO] Epoch 215 | Train Loss: 0.2189 | Val Loss: 5.1493 | Val Acc: 0.5000
2025-06-20 18:08:28,247 [INFO] Epoch 216 | Train Loss: 0.2387 | Val Loss: 5.0595 | Val Acc: 0.5536
2025-06-20 18:08:28,256 [INFO] New best model at epoch 216 (Val Acc: 0.5536)
2025-06-20 18:08:28,308 [INFO] Epoch 217 | Train Loss: 0.0928 | Val Loss: 5.4151 | Val Acc: 0.5357
2025-06-20 18:08:28,381 [INFO] Epoch 218 | Train Loss: 0.1955 | Val Loss: 5.5358 | Val Acc: 0.5000
2025-06-20 18:08:28,473 [INFO] Epoch 219 | Train Loss: 0.2311 | Val Loss: 5.4353 | Val Acc: 0.4821
2025-06-20 18:08:28,533 [INFO] Epoch 220 | Train Loss: 0.3076 | Val Loss: 5.7205 | Val Acc: 0.4821
2025-06-20 18:08:28,716 [INFO] Epoch 221 | Train Loss: 0.1643 | Val Loss: 5.7267 | Val Acc: 0.4464
2025-06-20 18:08:28,773 [INFO] Epoch 222 | Train Loss: 0.1813 | Val Loss: 5.6313 | Val Acc: 0.5000
2025-06-20 18:08:28,845 [INFO] Epoch 223 | Train Loss: 0.1688 | Val Loss: 5.6291 | Val Acc: 0.5000
2025-06-20 18:08:28,908 [INFO] Epoch 224 | Train Loss: 0.2299 | Val Loss: 6.0316 | Val Acc: 0.4643
2025-06-20 18:08:28,975 [INFO] Epoch 225 | Train Loss: 0.0652 | Val Loss: 5.8183 | Val Acc: 0.5000
2025-06-20 18:08:29,105 [INFO] Epoch 226 | Train Loss: 0.2309 | Val Loss: 5.4790 | Val Acc: 0.4821
2025-06-20 18:08:29,161 [INFO] Epoch 227 | Train Loss: 0.2133 | Val Loss: 5.1348 | Val Acc: 0.5179
2025-06-20 18:08:29,221 [INFO] Epoch 228 | Train Loss: 0.1367 | Val Loss: 5.0157 | Val Acc: 0.5000
2025-06-20 18:08:29,300 [INFO] Epoch 229 | Train Loss: 0.2659 | Val Loss: 5.4058 | Val Acc: 0.5000
2025-06-20 18:08:29,367 [INFO] Epoch 230 | Train Loss: 0.1846 | Val Loss: 5.3583 | Val Acc: 0.5536
2025-06-20 18:08:29,570 [INFO] Epoch 231 | Train Loss: 0.3002 | Val Loss: 5.8539 | Val Acc: 0.5179
2025-06-20 18:08:29,639 [INFO] Epoch 232 | Train Loss: 0.2782 | Val Loss: 6.1427 | Val Acc: 0.5357
2025-06-20 18:08:29,721 [INFO] Epoch 233 | Train Loss: 0.3200 | Val Loss: 5.7111 | Val Acc: 0.4821
2025-06-20 18:08:29,799 [INFO] Epoch 234 | Train Loss: 0.3476 | Val Loss: 5.3355 | Val Acc: 0.4821
2025-06-20 18:08:29,860 [INFO] Epoch 235 | Train Loss: 0.0964 | Val Loss: 6.0526 | Val Acc: 0.4821
2025-06-20 18:08:29,925 [INFO] Epoch 236 | Train Loss: 0.2904 | Val Loss: 6.1592 | Val Acc: 0.4643
2025-06-20 18:08:29,986 [INFO] Epoch 237 | Train Loss: 0.3356 | Val Loss: 6.2281 | Val Acc: 0.4286
2025-06-20 18:08:30,057 [INFO] Epoch 238 | Train Loss: 0.5986 | Val Loss: 6.9060 | Val Acc: 0.4107
2025-06-20 18:08:30,125 [INFO] Epoch 239 | Train Loss: 0.3553 | Val Loss: 6.8529 | Val Acc: 0.4286
2025-06-20 18:08:30,214 [INFO] Epoch 240 | Train Loss: 0.2711 | Val Loss: 6.8038 | Val Acc: 0.4107
2025-06-20 18:08:30,405 [INFO] Epoch 241 | Train Loss: 0.1262 | Val Loss: 6.4484 | Val Acc: 0.3929
2025-06-20 18:08:30,463 [INFO] Epoch 242 | Train Loss: 0.1310 | Val Loss: 6.3028 | Val Acc: 0.4286
2025-06-20 18:08:30,538 [INFO] Epoch 243 | Train Loss: 0.3316 | Val Loss: 5.9432 | Val Acc: 0.4286
2025-06-20 18:08:30,628 [INFO] Epoch 244 | Train Loss: 0.3191 | Val Loss: 5.1223 | Val Acc: 0.4643
2025-06-20 18:08:30,703 [INFO] Epoch 245 | Train Loss: 0.4707 | Val Loss: 4.3217 | Val Acc: 0.4643
2025-06-20 18:08:30,765 [INFO] Epoch 246 | Train Loss: 0.1686 | Val Loss: 5.3562 | Val Acc: 0.4286
2025-06-20 18:08:30,831 [INFO] Epoch 247 | Train Loss: 0.1364 | Val Loss: 5.1693 | Val Acc: 0.4643
2025-06-20 18:08:30,899 [INFO] Epoch 248 | Train Loss: 0.2323 | Val Loss: 5.5100 | Val Acc: 0.4643
2025-06-20 18:08:30,961 [INFO] Epoch 249 | Train Loss: 0.1340 | Val Loss: 5.8495 | Val Acc: 0.4464
2025-06-20 18:08:31,022 [INFO] Epoch 250 | Train Loss: 0.1293 | Val Loss: 6.1591 | Val Acc: 0.4643
2025-06-20 18:08:31,259 [INFO] Epoch 251 | Train Loss: 0.1858 | Val Loss: 6.2461 | Val Acc: 0.4464
2025-06-20 18:08:31,317 [INFO] Epoch 252 | Train Loss: 0.1839 | Val Loss: 6.5500 | Val Acc: 0.4286
2025-06-20 18:08:31,425 [INFO] Epoch 253 | Train Loss: 0.4836 | Val Loss: 6.8883 | Val Acc: 0.4286
2025-06-20 18:08:31,488 [INFO] Epoch 254 | Train Loss: 0.1025 | Val Loss: 7.2847 | Val Acc: 0.4107
2025-06-20 18:08:31,548 [INFO] Epoch 255 | Train Loss: 0.1450 | Val Loss: 6.4664 | Val Acc: 0.4464
2025-06-20 18:08:31,624 [INFO] Epoch 256 | Train Loss: 0.2327 | Val Loss: 6.0520 | Val Acc: 0.4643
2025-06-20 18:08:31,698 [INFO] Epoch 257 | Train Loss: 0.1378 | Val Loss: 5.6239 | Val Acc: 0.4643
2025-06-20 18:08:31,754 [INFO] Epoch 258 | Train Loss: 0.1496 | Val Loss: 5.5203 | Val Acc: 0.4821
2025-06-20 18:08:31,818 [INFO] Epoch 259 | Train Loss: 0.1589 | Val Loss: 6.1975 | Val Acc: 0.4643
2025-06-20 18:08:31,882 [INFO] Epoch 260 | Train Loss: 0.0805 | Val Loss: 6.2443 | Val Acc: 0.4643
2025-06-20 18:08:32,101 [INFO] Epoch 261 | Train Loss: 0.0521 | Val Loss: 6.1639 | Val Acc: 0.4107
2025-06-20 18:08:32,165 [INFO] Epoch 262 | Train Loss: 0.1079 | Val Loss: 6.3265 | Val Acc: 0.4643
2025-06-20 18:08:32,239 [INFO] Epoch 263 | Train Loss: 0.0771 | Val Loss: 6.1449 | Val Acc: 0.4643
2025-06-20 18:08:32,312 [INFO] Epoch 264 | Train Loss: 0.1795 | Val Loss: 6.0922 | Val Acc: 0.4464
2025-06-20 18:08:32,374 [INFO] Epoch 265 | Train Loss: 0.0529 | Val Loss: 5.5685 | Val Acc: 0.4821
2025-06-20 18:08:32,434 [INFO] Epoch 266 | Train Loss: 0.0904 | Val Loss: 5.6327 | Val Acc: 0.4464
2025-06-20 18:08:32,495 [INFO] Epoch 267 | Train Loss: 0.1097 | Val Loss: 5.8835 | Val Acc: 0.4643
2025-06-20 18:08:32,568 [INFO] Epoch 268 | Train Loss: 0.2372 | Val Loss: 6.2481 | Val Acc: 0.5000
2025-06-20 18:08:32,625 [INFO] Epoch 269 | Train Loss: 0.2901 | Val Loss: 6.5043 | Val Acc: 0.5179
2025-06-20 18:08:32,683 [INFO] Epoch 270 | Train Loss: 0.2606 | Val Loss: 7.0946 | Val Acc: 0.5179
2025-06-20 18:08:32,872 [INFO] Epoch 271 | Train Loss: 0.1467 | Val Loss: 6.5817 | Val Acc: 0.4643
2025-06-20 18:08:32,946 [INFO] Epoch 272 | Train Loss: 0.3546 | Val Loss: 6.2701 | Val Acc: 0.5000
2025-06-20 18:08:33,024 [INFO] Epoch 273 | Train Loss: 0.1460 | Val Loss: 6.1854 | Val Acc: 0.4464
2025-06-20 18:08:33,079 [INFO] Epoch 274 | Train Loss: 0.1257 | Val Loss: 5.6658 | Val Acc: 0.4643
2025-06-20 18:08:33,133 [INFO] Epoch 275 | Train Loss: 0.1585 | Val Loss: 5.2583 | Val Acc: 0.4821
2025-06-20 18:08:33,194 [INFO] Epoch 276 | Train Loss: 0.2278 | Val Loss: 5.5486 | Val Acc: 0.5000
2025-06-20 18:08:33,257 [INFO] Epoch 277 | Train Loss: 0.0677 | Val Loss: 5.9807 | Val Acc: 0.5000
2025-06-20 18:08:33,313 [INFO] Epoch 278 | Train Loss: 0.0999 | Val Loss: 5.9229 | Val Acc: 0.4821
2025-06-20 18:08:33,375 [INFO] Epoch 279 | Train Loss: 0.1318 | Val Loss: 6.2152 | Val Acc: 0.4464
2025-06-20 18:08:33,446 [INFO] Epoch 280 | Train Loss: 0.0986 | Val Loss: 6.2156 | Val Acc: 0.4464
2025-06-20 18:08:33,634 [INFO] Epoch 281 | Train Loss: 0.1817 | Val Loss: 6.0726 | Val Acc: 0.4464
2025-06-20 18:08:33,690 [INFO] Epoch 282 | Train Loss: 0.1123 | Val Loss: 6.1152 | Val Acc: 0.5000
2025-06-20 18:08:33,765 [INFO] Epoch 283 | Train Loss: 0.1024 | Val Loss: 6.4986 | Val Acc: 0.4643
2025-06-20 18:08:33,842 [INFO] Epoch 284 | Train Loss: 0.4105 | Val Loss: 6.5292 | Val Acc: 0.4464
2025-06-20 18:08:33,913 [INFO] Epoch 285 | Train Loss: 0.1074 | Val Loss: 5.9559 | Val Acc: 0.3571
2025-06-20 18:08:33,975 [INFO] Epoch 286 | Train Loss: 0.2238 | Val Loss: 6.2774 | Val Acc: 0.4464
2025-06-20 18:08:34,034 [INFO] Epoch 287 | Train Loss: 0.0833 | Val Loss: 6.8782 | Val Acc: 0.4821
2025-06-20 18:08:34,098 [INFO] Epoch 288 | Train Loss: 0.2885 | Val Loss: 6.8124 | Val Acc: 0.5000
2025-06-20 18:08:34,154 [INFO] Epoch 289 | Train Loss: 0.1063 | Val Loss: 6.4384 | Val Acc: 0.4464
2025-06-20 18:08:34,217 [INFO] Epoch 290 | Train Loss: 0.2342 | Val Loss: 6.2590 | Val Acc: 0.4821
2025-06-20 18:08:34,425 [INFO] Epoch 291 | Train Loss: 0.1009 | Val Loss: 6.1030 | Val Acc: 0.5357
2025-06-20 18:08:34,482 [INFO] Epoch 292 | Train Loss: 0.0750 | Val Loss: 5.8206 | Val Acc: 0.5179
2025-06-20 18:08:34,554 [INFO] Epoch 293 | Train Loss: 0.0839 | Val Loss: 5.7036 | Val Acc: 0.4821
2025-06-20 18:08:34,614 [INFO] Epoch 294 | Train Loss: 0.1165 | Val Loss: 5.9951 | Val Acc: 0.4107
2025-06-20 18:08:34,676 [INFO] Epoch 295 | Train Loss: 0.1009 | Val Loss: 6.2153 | Val Acc: 0.4464
2025-06-20 18:08:34,765 [INFO] Epoch 296 | Train Loss: 0.1607 | Val Loss: 6.1436 | Val Acc: 0.4107
2025-06-20 18:08:34,829 [INFO] Epoch 297 | Train Loss: 0.1004 | Val Loss: 6.2167 | Val Acc: 0.4107
2025-06-20 18:08:34,885 [INFO] Epoch 298 | Train Loss: 0.0952 | Val Loss: 6.3436 | Val Acc: 0.4464
2025-06-20 18:08:34,945 [INFO] Epoch 299 | Train Loss: 0.1326 | Val Loss: 6.6101 | Val Acc: 0.4286
2025-06-20 18:08:35,003 [INFO] Epoch 300 | Train Loss: 0.1646 | Val Loss: 6.8458 | Val Acc: 0.4286
2025-06-20 18:08:35,214 [INFO] Epoch 301 | Train Loss: 0.0943 | Val Loss: 6.5396 | Val Acc: 0.4464
2025-06-20 18:08:35,274 [INFO] Epoch 302 | Train Loss: 0.2593 | Val Loss: 6.3007 | Val Acc: 0.4464
2025-06-20 18:08:35,344 [INFO] Epoch 303 | Train Loss: 0.0453 | Val Loss: 6.0110 | Val Acc: 0.3929
2025-06-20 18:08:35,402 [INFO] Epoch 304 | Train Loss: 0.1178 | Val Loss: 6.3025 | Val Acc: 0.4286
2025-06-20 18:08:35,457 [INFO] Epoch 305 | Train Loss: 0.0748 | Val Loss: 6.3043 | Val Acc: 0.4643
2025-06-20 18:08:35,517 [INFO] Epoch 306 | Train Loss: 0.1302 | Val Loss: 6.0702 | Val Acc: 0.4821
2025-06-20 18:08:35,576 [INFO] Epoch 307 | Train Loss: 0.0225 | Val Loss: 6.1023 | Val Acc: 0.4464
2025-06-20 18:08:35,656 [INFO] Epoch 308 | Train Loss: 0.0606 | Val Loss: 6.2938 | Val Acc: 0.4286
2025-06-20 18:08:35,714 [INFO] Epoch 309 | Train Loss: 0.0545 | Val Loss: 6.6192 | Val Acc: 0.4107
2025-06-20 18:08:35,770 [INFO] Epoch 310 | Train Loss: 0.1186 | Val Loss: 6.5984 | Val Acc: 0.4107
2025-06-20 18:08:35,962 [INFO] Epoch 311 | Train Loss: 0.1570 | Val Loss: 6.2557 | Val Acc: 0.4464
2025-06-20 18:08:36,021 [INFO] Epoch 312 | Train Loss: 0.0605 | Val Loss: 6.2788 | Val Acc: 0.4286
2025-06-20 18:08:36,093 [INFO] Epoch 313 | Train Loss: 0.1981 | Val Loss: 6.5044 | Val Acc: 0.4643
2025-06-20 18:08:36,162 [INFO] Epoch 314 | Train Loss: 0.1879 | Val Loss: 6.2705 | Val Acc: 0.4821
2025-06-20 18:08:36,223 [INFO] Epoch 315 | Train Loss: 0.2083 | Val Loss: 6.3605 | Val Acc: 0.4286
2025-06-20 18:08:36,278 [INFO] Epoch 316 | Train Loss: 0.1175 | Val Loss: 6.5252 | Val Acc: 0.4643
2025-06-20 18:08:36,340 [INFO] Epoch 317 | Train Loss: 0.0743 | Val Loss: 6.5445 | Val Acc: 0.4464
2025-06-20 18:08:36,398 [INFO] Epoch 318 | Train Loss: 0.1214 | Val Loss: 6.4377 | Val Acc: 0.4821
2025-06-20 18:08:36,454 [INFO] Epoch 319 | Train Loss: 0.1603 | Val Loss: 6.1392 | Val Acc: 0.4821
2025-06-20 18:08:36,524 [INFO] Epoch 320 | Train Loss: 0.1489 | Val Loss: 6.5057 | Val Acc: 0.4107
2025-06-20 18:08:36,723 [INFO] Epoch 321 | Train Loss: 0.1020 | Val Loss: 6.8145 | Val Acc: 0.4286
2025-06-20 18:08:36,801 [INFO] Epoch 322 | Train Loss: 0.0946 | Val Loss: 6.1775 | Val Acc: 0.5000
2025-06-20 18:08:36,872 [INFO] Epoch 323 | Train Loss: 0.0675 | Val Loss: 5.7706 | Val Acc: 0.5357
2025-06-20 18:08:36,929 [INFO] Epoch 324 | Train Loss: 0.0747 | Val Loss: 5.9505 | Val Acc: 0.5357
2025-06-20 18:08:37,048 [INFO] Epoch 325 | Train Loss: 0.0591 | Val Loss: 6.1878 | Val Acc: 0.4643
2025-06-20 18:08:37,141 [INFO] Epoch 326 | Train Loss: 0.1043 | Val Loss: 6.2312 | Val Acc: 0.4643
2025-06-20 18:08:37,226 [INFO] Epoch 327 | Train Loss: 0.0751 | Val Loss: 6.3632 | Val Acc: 0.4643
2025-06-20 18:08:37,316 [INFO] Epoch 328 | Train Loss: 0.3480 | Val Loss: 6.0459 | Val Acc: 0.4821
2025-06-20 18:08:37,419 [INFO] Epoch 329 | Train Loss: 0.1214 | Val Loss: 5.7553 | Val Acc: 0.4821
2025-06-20 18:08:37,534 [INFO] Epoch 330 | Train Loss: 0.1003 | Val Loss: 5.9819 | Val Acc: 0.5179
2025-06-20 18:08:37,834 [INFO] Epoch 331 | Train Loss: 0.0729 | Val Loss: 6.0346 | Val Acc: 0.4821
2025-06-20 18:08:37,949 [INFO] Epoch 332 | Train Loss: 0.1931 | Val Loss: 6.1033 | Val Acc: 0.4464
2025-06-20 18:08:38,049 [INFO] Epoch 333 | Train Loss: 0.3071 | Val Loss: 6.2092 | Val Acc: 0.4464
2025-06-20 18:08:38,146 [INFO] Epoch 334 | Train Loss: 0.0278 | Val Loss: 6.1258 | Val Acc: 0.4107
2025-06-20 18:08:38,239 [INFO] Epoch 335 | Train Loss: 0.0754 | Val Loss: 5.7780 | Val Acc: 0.4464
2025-06-20 18:08:38,345 [INFO] Epoch 336 | Train Loss: 0.1177 | Val Loss: 5.5429 | Val Acc: 0.5179
2025-06-20 18:08:38,456 [INFO] Epoch 337 | Train Loss: 0.0885 | Val Loss: 5.9241 | Val Acc: 0.5000
2025-06-20 18:08:38,540 [INFO] Epoch 338 | Train Loss: 0.2015 | Val Loss: 6.1034 | Val Acc: 0.5000
2025-06-20 18:08:38,648 [INFO] Epoch 339 | Train Loss: 0.1720 | Val Loss: 6.3134 | Val Acc: 0.4821
2025-06-20 18:08:38,740 [INFO] Epoch 340 | Train Loss: 0.1053 | Val Loss: 6.3695 | Val Acc: 0.4643
2025-06-20 18:08:38,973 [INFO] Epoch 341 | Train Loss: 0.0582 | Val Loss: 6.3064 | Val Acc: 0.4643
2025-06-20 18:08:39,065 [INFO] Epoch 342 | Train Loss: 0.0857 | Val Loss: 6.7849 | Val Acc: 0.3929
2025-06-20 18:08:39,158 [INFO] Epoch 343 | Train Loss: 0.1001 | Val Loss: 6.5908 | Val Acc: 0.4464
2025-06-20 18:08:39,276 [INFO] Epoch 344 | Train Loss: 0.2620 | Val Loss: 6.5222 | Val Acc: 0.4107
2025-06-20 18:08:39,370 [INFO] Epoch 345 | Train Loss: 0.1002 | Val Loss: 6.5296 | Val Acc: 0.4107
2025-06-20 18:08:39,459 [INFO] Epoch 346 | Train Loss: 0.1784 | Val Loss: 6.4288 | Val Acc: 0.4286
2025-06-20 18:08:39,558 [INFO] Epoch 347 | Train Loss: 0.1129 | Val Loss: 6.3851 | Val Acc: 0.4286
2025-06-20 18:08:39,659 [INFO] Epoch 348 | Train Loss: 0.3458 | Val Loss: 6.1985 | Val Acc: 0.4286
2025-06-20 18:08:39,751 [INFO] Epoch 349 | Train Loss: 0.0619 | Val Loss: 5.9553 | Val Acc: 0.4643
2025-06-20 18:08:39,872 [INFO] Epoch 350 | Train Loss: 0.0584 | Val Loss: 6.2365 | Val Acc: 0.4643
2025-06-20 18:08:40,070 [INFO] Epoch 351 | Train Loss: 0.1671 | Val Loss: 6.2832 | Val Acc: 0.4821
2025-06-20 18:08:40,128 [INFO] Epoch 352 | Train Loss: 0.1170 | Val Loss: 6.7035 | Val Acc: 0.4464
2025-06-20 18:08:40,202 [INFO] Epoch 353 | Train Loss: 0.3506 | Val Loss: 6.4774 | Val Acc: 0.4286
2025-06-20 18:08:40,286 [INFO] Epoch 354 | Train Loss: 0.0264 | Val Loss: 6.6250 | Val Acc: 0.3929
2025-06-20 18:08:40,346 [INFO] Epoch 355 | Train Loss: 0.1741 | Val Loss: 7.1968 | Val Acc: 0.3929
2025-06-20 18:08:40,405 [INFO] Epoch 356 | Train Loss: 0.0927 | Val Loss: 7.6079 | Val Acc: 0.4464
2025-06-20 18:08:40,464 [INFO] Epoch 357 | Train Loss: 0.0885 | Val Loss: 7.3729 | Val Acc: 0.4107
2025-06-20 18:08:40,525 [INFO] Epoch 358 | Train Loss: 0.0170 | Val Loss: 7.0978 | Val Acc: 0.3929
2025-06-20 18:08:40,597 [INFO] Epoch 359 | Train Loss: 0.1105 | Val Loss: 7.2421 | Val Acc: 0.4286
2025-06-20 18:08:40,658 [INFO] Epoch 360 | Train Loss: 0.3785 | Val Loss: 7.0223 | Val Acc: 0.4286
2025-06-20 18:08:40,912 [INFO] Epoch 361 | Train Loss: 0.1438 | Val Loss: 6.6439 | Val Acc: 0.4286
2025-06-20 18:08:40,974 [INFO] Epoch 362 | Train Loss: 0.0540 | Val Loss: 6.5694 | Val Acc: 0.5000
2025-06-20 18:08:41,054 [INFO] Epoch 363 | Train Loss: 0.1010 | Val Loss: 7.2360 | Val Acc: 0.4643
2025-06-20 18:08:41,115 [INFO] Epoch 364 | Train Loss: 0.0670 | Val Loss: 7.2045 | Val Acc: 0.4643
2025-06-20 18:08:41,176 [INFO] Epoch 365 | Train Loss: 0.0917 | Val Loss: 6.9494 | Val Acc: 0.4464
2025-06-20 18:08:41,236 [INFO] Epoch 366 | Train Loss: 0.2060 | Val Loss: 6.7261 | Val Acc: 0.4821
2025-06-20 18:08:41,243 [INFO] Early stopping at epoch 366 (no improvement in 150 epochs).
2025-06-20 18:08:41,249 [INFO] Best model saved to <built-in function time>/ENZYMES/best/best_source_gin.pth (Val Acc: 0.5536 at epoch 216)
2025-06-20 18:08:41,250 [INFO] Training/validation metrics saved to <built-in function time>/ENZYMES/GIN_0.0001/train_metrics.csv
2025-06-20 18:08:41,383 [INFO] Final training curves saved
2025-06-20 18:08:41,383 [INFO] Training completed!
2025-06-20 18:08:41,383 [INFO] Best validation accuracy: 0.5536
2025-06-20 18:08:41,383 [INFO] Best epoch: 216
2025-06-20 18:08:41,383 [INFO] Total epochs trained: 366
2025-06-20 18:08:41,384 [INFO] Starting training with parameters: (0.0001, 0.1, 256, 4, 50, 0.0)
