2025-06-20 18:16:31,451 [INFO] Using device: cpu
2025-06-20 18:16:31,451 [INFO] 开始创建数据加载器...
2025-06-20 18:16:31,454 [INFO] Successfully loaded dataset ENZYMES from ./data, total graphs: 600
2025-06-20 18:16:31,454 [INFO] Class allocation analysis:
2025-06-20 18:16:31,454 [INFO]   Source classes: [0, 1, 2, 3]
2025-06-20 18:16:31,454 [INFO]   Target classes: [0, 1, 2, 3, 4, 5]
2025-06-20 18:16:31,454 [INFO]   Overlap classes (to be split): [0, 1, 2, 3]
2025-06-20 18:16:31,454 [INFO]   Target novel classes (unknown): [4, 5]
2025-06-20 18:16:31,469 [INFO]   Class 0: 100 total -> Source: 70, Target: 30
2025-06-20 18:16:31,470 [INFO]   Class 1: 100 total -> Source: 70, Target: 30
2025-06-20 18:16:31,470 [INFO]   Class 2: 100 total -> Source: 70, Target: 30
2025-06-20 18:16:31,470 [INFO]   Class 3: 100 total -> Source: 70, Target: 30
2025-06-20 18:16:31,470 [INFO]   Class 4 (novel/unknown): 100 samples -> Target
2025-06-20 18:16:31,470 [INFO]   Class 5 (novel/unknown): 100 samples -> Target
2025-06-20 18:16:31,470 [INFO] Final allocation:
2025-06-20 18:16:31,470 [INFO]   Source domain: 280 samples
2025-06-20 18:16:31,470 [INFO]   Target domain: 320 samples
2025-06-20 18:16:31,471 [INFO] Source domain setup:
2025-06-20 18:16:31,471 [INFO]   Original classes: [0, 1, 2, 3]
2025-06-20 18:16:31,471 [INFO]   Overlap classes used: [0, 1, 2, 3]
2025-06-20 18:16:31,471 [INFO]   Label mapping: {0: 0, 1: 1, 2: 2, 3: 3}
2025-06-20 18:16:31,471 [INFO]   Total data after allocation: 280
2025-06-20 18:16:31,472 [INFO]   Data split - Train: 224, Val: 56
2025-06-20 18:16:31,472 [INFO]   Train label distribution: {0: 56, 1: 56, 3: 56, 2: 56}
2025-06-20 18:16:31,472 [INFO]   Val label distribution: {1: 14, 2: 14, 0: 14, 3: 14}
2025-06-20 18:16:31,473 [INFO] Successfully loaded dataset ENZYMES from ./data, total graphs: 600
2025-06-20 18:16:31,473 [INFO] Class allocation analysis:
2025-06-20 18:16:31,473 [INFO]   Source classes: [0, 1, 2, 3]
2025-06-20 18:16:31,473 [INFO]   Target classes: [0, 1, 2, 3, 4, 5]
2025-06-20 18:16:31,473 [INFO]   Overlap classes (to be split): [0, 1, 2, 3]
2025-06-20 18:16:31,473 [INFO]   Target novel classes (unknown): [4, 5]
2025-06-20 18:16:31,488 [INFO]   Class 0: 100 total -> Source: 70, Target: 30
2025-06-20 18:16:31,488 [INFO]   Class 1: 100 total -> Source: 70, Target: 30
2025-06-20 18:16:31,488 [INFO]   Class 2: 100 total -> Source: 70, Target: 30
2025-06-20 18:16:31,488 [INFO]   Class 3: 100 total -> Source: 70, Target: 30
2025-06-20 18:16:31,488 [INFO]   Class 4 (novel/unknown): 100 samples -> Target
2025-06-20 18:16:31,488 [INFO]   Class 5 (novel/unknown): 100 samples -> Target
2025-06-20 18:16:31,488 [INFO] Final allocation:
2025-06-20 18:16:31,488 [INFO]   Source domain: 280 samples
2025-06-20 18:16:31,488 [INFO]   Target domain: 320 samples
2025-06-20 18:16:31,490 [INFO] Target domain setup:
2025-06-20 18:16:31,490 [INFO]   Original classes: [0, 1, 2, 3, 4, 5]
2025-06-20 18:16:31,490 [INFO]   Overlap classes: [0, 1, 2, 3]
2025-06-20 18:16:31,490 [INFO]   Novel classes: [4, 5] -> mapped to unknown label 4
2025-06-20 18:16:31,490 [INFO]   Label mapping: {0: 0, 1: 1, 2: 2, 3: 3, 4: 4, 5: 4}
2025-06-20 18:16:31,490 [INFO]   Total data after allocation: 320
2025-06-20 18:16:31,490 [INFO]   Data split - Train: 256, Val: 64
2025-06-20 18:16:31,490 [INFO]   Total count: 320 (known: 120, unknown: 200)
2025-06-20 18:16:31,490 [INFO]   Total label distribution: {4: 200, 3: 30, 0: 30, 1: 30, 2: 30}
2025-06-20 18:16:31,490 [INFO]   Train label distribution: {4: 160, 0: 24, 2: 24, 3: 24, 1: 24}
2025-06-20 18:16:31,490 [INFO]   Val label distribution: {1: 6, 4: 40, 3: 6, 0: 6, 2: 6}
2025-06-20 18:16:31,491 [INFO] 数据加载器创建完成!
2025-06-20 18:16:31,491 [INFO] 源域类别数: 4 (重叠类别)
2025-06-20 18:16:31,491 [INFO] 目标域类别数: 5 (4个重叠类别 + 1个未知类别)
2025-06-20 18:16:31,491 [INFO] 重叠类别: [0, 1, 2, 3]
2025-06-20 18:16:31,491 [INFO] 目标域新类别: [4, 5]
2025-06-20 18:16:31,491 [INFO] Data allocation verification:
2025-06-20 18:16:31,491 [INFO]   Source data samples: 280
2025-06-20 18:16:31,491 [INFO]   Target data samples: 320
2025-06-20 18:16:31,491 [INFO]   Overlapping samples: 0
2025-06-20 18:16:31,491 [INFO]   ✓ Data allocation is correct - no overlapping samples
2025-06-20 18:16:31,494 [INFO] Model initialized with 599300 parameters
2025-06-20 18:16:31,495 [INFO] Previous best validation accuracy read from record.txt: 0.6250
2025-06-20 18:16:31,495 [INFO] Starting training...
2025-06-20 18:16:31,577 [INFO] Epoch 001 | Train Loss: 7.9992 | Val Loss: 1.4010 | Val Acc: 0.2143
2025-06-20 18:16:31,711 [INFO] New best model at epoch 1 (Val Acc: 0.2143)
2025-06-20 18:16:31,801 [INFO] Epoch 002 | Train Loss: 5.6572 | Val Loss: 1.5812 | Val Acc: 0.2500
2025-06-20 18:16:31,815 [INFO] New best model at epoch 2 (Val Acc: 0.2500)
2025-06-20 18:16:31,921 [INFO] Epoch 003 | Train Loss: 4.8062 | Val Loss: 2.0781 | Val Acc: 0.2500
2025-06-20 18:16:32,047 [INFO] Epoch 004 | Train Loss: 3.9089 | Val Loss: 2.2626 | Val Acc: 0.2857
2025-06-20 18:16:32,062 [INFO] New best model at epoch 4 (Val Acc: 0.2857)
2025-06-20 18:16:32,151 [INFO] Epoch 005 | Train Loss: 3.3772 | Val Loss: 2.1267 | Val Acc: 0.2857
2025-06-20 18:16:32,246 [INFO] Epoch 006 | Train Loss: 4.1874 | Val Loss: 2.0201 | Val Acc: 0.2679
2025-06-20 18:16:32,368 [INFO] Epoch 007 | Train Loss: 3.6034 | Val Loss: 2.6025 | Val Acc: 0.2500
2025-06-20 18:16:32,463 [INFO] Epoch 008 | Train Loss: 3.3018 | Val Loss: 3.6900 | Val Acc: 0.3750
2025-06-20 18:16:32,477 [INFO] New best model at epoch 8 (Val Acc: 0.3750)
2025-06-20 18:16:32,565 [INFO] Epoch 009 | Train Loss: 3.4818 | Val Loss: 3.0034 | Val Acc: 0.3929
2025-06-20 18:16:32,580 [INFO] New best model at epoch 9 (Val Acc: 0.3929)
2025-06-20 18:16:32,670 [INFO] Epoch 010 | Train Loss: 3.2646 | Val Loss: 3.1421 | Val Acc: 0.4286
2025-06-20 18:16:32,809 [INFO] New best model at epoch 10 (Val Acc: 0.4286)
2025-06-20 18:16:32,905 [INFO] Epoch 011 | Train Loss: 2.6477 | Val Loss: 3.4846 | Val Acc: 0.3393
2025-06-20 18:16:33,006 [INFO] Epoch 012 | Train Loss: 3.2905 | Val Loss: 3.9099 | Val Acc: 0.3571
2025-06-20 18:16:33,099 [INFO] Epoch 013 | Train Loss: 2.3421 | Val Loss: 3.9915 | Val Acc: 0.3214
2025-06-20 18:16:33,227 [INFO] Epoch 014 | Train Loss: 2.3032 | Val Loss: 4.0422 | Val Acc: 0.4107
2025-06-20 18:16:33,321 [INFO] Epoch 015 | Train Loss: 2.4606 | Val Loss: 3.5497 | Val Acc: 0.3393
2025-06-20 18:16:33,428 [INFO] Epoch 016 | Train Loss: 2.3205 | Val Loss: 4.3392 | Val Acc: 0.3393
2025-06-20 18:16:33,531 [INFO] Epoch 017 | Train Loss: 2.2377 | Val Loss: 4.2138 | Val Acc: 0.3571
2025-06-20 18:16:33,633 [INFO] Epoch 018 | Train Loss: 2.1988 | Val Loss: 3.4152 | Val Acc: 0.3214
2025-06-20 18:16:33,727 [INFO] Epoch 019 | Train Loss: 2.1849 | Val Loss: 3.6747 | Val Acc: 0.3393
2025-06-20 18:16:33,826 [INFO] Epoch 020 | Train Loss: 2.2086 | Val Loss: 3.2359 | Val Acc: 0.3393
2025-06-20 18:16:34,072 [INFO] Epoch 021 | Train Loss: 2.2425 | Val Loss: 3.4600 | Val Acc: 0.4464
2025-06-20 18:16:34,087 [INFO] New best model at epoch 21 (Val Acc: 0.4464)
2025-06-20 18:16:34,187 [INFO] Epoch 022 | Train Loss: 1.7410 | Val Loss: 3.5892 | Val Acc: 0.3214
2025-06-20 18:16:34,283 [INFO] Epoch 023 | Train Loss: 2.5223 | Val Loss: 3.3409 | Val Acc: 0.3214
2025-06-20 18:16:34,381 [INFO] Epoch 024 | Train Loss: 1.9633 | Val Loss: 3.5350 | Val Acc: 0.3929
2025-06-20 18:16:34,474 [INFO] Epoch 025 | Train Loss: 1.9235 | Val Loss: 3.8902 | Val Acc: 0.3750
2025-06-20 18:16:34,589 [INFO] Epoch 026 | Train Loss: 2.2910 | Val Loss: 5.1487 | Val Acc: 0.3571
2025-06-20 18:16:34,676 [INFO] Epoch 027 | Train Loss: 1.6782 | Val Loss: 6.0464 | Val Acc: 0.3393
2025-06-20 18:16:34,771 [INFO] Epoch 028 | Train Loss: 1.8368 | Val Loss: 4.9470 | Val Acc: 0.2500
2025-06-20 18:16:34,867 [INFO] Epoch 029 | Train Loss: 1.8825 | Val Loss: 4.3507 | Val Acc: 0.3750
2025-06-20 18:16:34,970 [INFO] Epoch 030 | Train Loss: 1.6593 | Val Loss: 4.1080 | Val Acc: 0.4107
2025-06-20 18:16:35,216 [INFO] Epoch 031 | Train Loss: 1.4612 | Val Loss: 3.9942 | Val Acc: 0.4107
2025-06-20 18:16:35,319 [INFO] Epoch 032 | Train Loss: 1.5614 | Val Loss: 5.0683 | Val Acc: 0.3393
2025-06-20 18:16:35,414 [INFO] Epoch 033 | Train Loss: 1.7811 | Val Loss: 6.2895 | Val Acc: 0.3750
2025-06-20 18:16:35,508 [INFO] Epoch 034 | Train Loss: 1.8823 | Val Loss: 6.8964 | Val Acc: 0.3393
2025-06-20 18:16:35,619 [INFO] Epoch 035 | Train Loss: 1.2569 | Val Loss: 6.0942 | Val Acc: 0.3750
2025-06-20 18:16:35,726 [INFO] Epoch 036 | Train Loss: 2.2495 | Val Loss: 4.5394 | Val Acc: 0.3929
2025-06-20 18:16:35,823 [INFO] Epoch 037 | Train Loss: 1.5833 | Val Loss: 3.9642 | Val Acc: 0.3929
2025-06-20 18:16:35,916 [INFO] Epoch 038 | Train Loss: 2.4619 | Val Loss: 3.5295 | Val Acc: 0.4286
2025-06-20 18:16:36,012 [INFO] Epoch 039 | Train Loss: 1.3654 | Val Loss: 3.2669 | Val Acc: 0.4286
2025-06-20 18:16:36,110 [INFO] Epoch 040 | Train Loss: 1.3626 | Val Loss: 3.6280 | Val Acc: 0.3929
2025-06-20 18:16:36,483 [INFO] Epoch 041 | Train Loss: 1.3901 | Val Loss: 3.6749 | Val Acc: 0.3750
2025-06-20 18:16:36,594 [INFO] Epoch 042 | Train Loss: 1.5658 | Val Loss: 3.1066 | Val Acc: 0.4286
2025-06-20 18:16:36,689 [INFO] Epoch 043 | Train Loss: 1.1577 | Val Loss: 3.2502 | Val Acc: 0.4643
2025-06-20 18:16:36,704 [INFO] New best model at epoch 43 (Val Acc: 0.4643)
2025-06-20 18:16:36,792 [INFO] Epoch 044 | Train Loss: 1.5360 | Val Loss: 3.7664 | Val Acc: 0.3929
2025-06-20 18:16:36,888 [INFO] Epoch 045 | Train Loss: 0.9151 | Val Loss: 3.7175 | Val Acc: 0.4821
2025-06-20 18:16:36,903 [INFO] New best model at epoch 45 (Val Acc: 0.4821)
2025-06-20 18:16:37,018 [INFO] Epoch 046 | Train Loss: 1.1684 | Val Loss: 3.4029 | Val Acc: 0.4643
2025-06-20 18:16:37,116 [INFO] Epoch 047 | Train Loss: 1.5727 | Val Loss: 3.2958 | Val Acc: 0.4107
2025-06-20 18:16:37,212 [INFO] Epoch 048 | Train Loss: 1.0308 | Val Loss: 3.5237 | Val Acc: 0.4107
2025-06-20 18:16:37,310 [INFO] Epoch 049 | Train Loss: 1.3002 | Val Loss: 4.4376 | Val Acc: 0.3393
2025-06-20 18:16:37,405 [INFO] Epoch 050 | Train Loss: 1.1106 | Val Loss: 4.4729 | Val Acc: 0.3929
2025-06-20 18:16:37,656 [INFO] Epoch 051 | Train Loss: 1.1168 | Val Loss: 3.6701 | Val Acc: 0.4643
2025-06-20 18:16:37,785 [INFO] Epoch 052 | Train Loss: 1.2044 | Val Loss: 3.2658 | Val Acc: 0.4643
2025-06-20 18:16:37,893 [INFO] Epoch 053 | Train Loss: 1.1649 | Val Loss: 3.5053 | Val Acc: 0.4643
2025-06-20 18:16:38,000 [INFO] Epoch 054 | Train Loss: 1.0604 | Val Loss: 4.1161 | Val Acc: 0.4464
2025-06-20 18:16:38,109 [INFO] Epoch 055 | Train Loss: 0.8701 | Val Loss: 4.8064 | Val Acc: 0.3750
2025-06-20 18:16:38,218 [INFO] Epoch 056 | Train Loss: 1.1944 | Val Loss: 4.8683 | Val Acc: 0.3571
2025-06-20 18:16:38,328 [INFO] Epoch 057 | Train Loss: 0.8146 | Val Loss: 4.4417 | Val Acc: 0.3571
2025-06-20 18:16:38,431 [INFO] Epoch 058 | Train Loss: 0.8441 | Val Loss: 3.5048 | Val Acc: 0.3750
2025-06-20 18:16:38,549 [INFO] Epoch 059 | Train Loss: 1.3724 | Val Loss: 3.0938 | Val Acc: 0.4464
2025-06-20 18:16:38,663 [INFO] Epoch 060 | Train Loss: 0.8681 | Val Loss: 3.4675 | Val Acc: 0.3214
2025-06-20 18:16:38,918 [INFO] Epoch 061 | Train Loss: 0.7695 | Val Loss: 4.2442 | Val Acc: 0.3571
2025-06-20 18:16:39,078 [INFO] Epoch 062 | Train Loss: 0.9560 | Val Loss: 4.1341 | Val Acc: 0.3750
2025-06-20 18:16:39,181 [INFO] Epoch 063 | Train Loss: 0.8487 | Val Loss: 3.4862 | Val Acc: 0.3750
2025-06-20 18:16:39,292 [INFO] Epoch 064 | Train Loss: 0.9294 | Val Loss: 3.4658 | Val Acc: 0.3929
2025-06-20 18:16:39,406 [INFO] Epoch 065 | Train Loss: 0.7479 | Val Loss: 3.1072 | Val Acc: 0.4286
2025-06-20 18:16:39,502 [INFO] Epoch 066 | Train Loss: 0.8738 | Val Loss: 3.2868 | Val Acc: 0.4286
2025-06-20 18:16:39,612 [INFO] Epoch 067 | Train Loss: 0.9362 | Val Loss: 3.3516 | Val Acc: 0.3929
2025-06-20 18:16:39,723 [INFO] Epoch 068 | Train Loss: 0.8349 | Val Loss: 3.5738 | Val Acc: 0.4107
2025-06-20 18:16:39,830 [INFO] Epoch 069 | Train Loss: 0.7720 | Val Loss: 4.4159 | Val Acc: 0.4821
2025-06-20 18:16:39,938 [INFO] Epoch 070 | Train Loss: 0.9097 | Val Loss: 3.7910 | Val Acc: 0.5000
2025-06-20 18:16:40,087 [INFO] New best model at epoch 70 (Val Acc: 0.5000)
2025-06-20 18:16:40,203 [INFO] Epoch 071 | Train Loss: 0.5950 | Val Loss: 3.6819 | Val Acc: 0.4821
2025-06-20 18:16:40,316 [INFO] Epoch 072 | Train Loss: 0.8732 | Val Loss: 3.8082 | Val Acc: 0.4821
2025-06-20 18:16:40,412 [INFO] Epoch 073 | Train Loss: 0.9387 | Val Loss: 3.9169 | Val Acc: 0.4464
2025-06-20 18:16:40,536 [INFO] Epoch 074 | Train Loss: 0.6593 | Val Loss: 4.0790 | Val Acc: 0.4286
2025-06-20 18:16:40,657 [INFO] Epoch 075 | Train Loss: 0.7871 | Val Loss: 4.3215 | Val Acc: 0.3929
2025-06-20 18:16:40,754 [INFO] Epoch 076 | Train Loss: 0.9912 | Val Loss: 4.3692 | Val Acc: 0.4286
2025-06-20 18:16:40,856 [INFO] Epoch 077 | Train Loss: 0.7028 | Val Loss: 4.1819 | Val Acc: 0.3929
2025-06-20 18:16:40,953 [INFO] Epoch 078 | Train Loss: 0.8987 | Val Loss: 3.9657 | Val Acc: 0.4464
2025-06-20 18:16:41,055 [INFO] Epoch 079 | Train Loss: 0.8451 | Val Loss: 3.7957 | Val Acc: 0.4464
2025-06-20 18:16:41,152 [INFO] Epoch 080 | Train Loss: 0.9897 | Val Loss: 4.1165 | Val Acc: 0.4286
2025-06-20 18:16:41,440 [INFO] Epoch 081 | Train Loss: 0.7676 | Val Loss: 5.1100 | Val Acc: 0.3571
2025-06-20 18:16:41,539 [INFO] Epoch 082 | Train Loss: 0.8970 | Val Loss: 5.6366 | Val Acc: 0.3750
2025-06-20 18:16:41,633 [INFO] Epoch 083 | Train Loss: 0.9978 | Val Loss: 4.8426 | Val Acc: 0.3750
2025-06-20 18:16:41,729 [INFO] Epoch 084 | Train Loss: 0.6097 | Val Loss: 5.1064 | Val Acc: 0.4107
2025-06-20 18:16:41,825 [INFO] Epoch 085 | Train Loss: 0.6445 | Val Loss: 5.3081 | Val Acc: 0.4286
2025-06-20 18:16:41,935 [INFO] Epoch 086 | Train Loss: 1.0163 | Val Loss: 4.3463 | Val Acc: 0.4643
2025-06-20 18:16:42,044 [INFO] Epoch 087 | Train Loss: 0.8134 | Val Loss: 5.5925 | Val Acc: 0.4286
2025-06-20 18:16:42,138 [INFO] Epoch 088 | Train Loss: 0.7844 | Val Loss: 5.2401 | Val Acc: 0.3750
2025-06-20 18:16:42,235 [INFO] Epoch 089 | Train Loss: 0.4149 | Val Loss: 4.7269 | Val Acc: 0.4286
2025-06-20 18:16:42,327 [INFO] Epoch 090 | Train Loss: 0.6827 | Val Loss: 4.8724 | Val Acc: 0.4286
2025-06-20 18:16:42,595 [INFO] Epoch 091 | Train Loss: 0.3641 | Val Loss: 4.8092 | Val Acc: 0.4107
2025-06-20 18:16:42,717 [INFO] Epoch 092 | Train Loss: 0.9294 | Val Loss: 4.5662 | Val Acc: 0.4107
2025-06-20 18:16:42,813 [INFO] Epoch 093 | Train Loss: 0.7730 | Val Loss: 4.3593 | Val Acc: 0.4464
2025-06-20 18:16:42,931 [INFO] Epoch 094 | Train Loss: 0.6161 | Val Loss: 4.0909 | Val Acc: 0.4286
2025-06-20 18:16:43,071 [INFO] Epoch 095 | Train Loss: 0.7991 | Val Loss: 4.1855 | Val Acc: 0.4107
2025-06-20 18:16:43,174 [INFO] Epoch 096 | Train Loss: 0.4861 | Val Loss: 4.1138 | Val Acc: 0.4643
2025-06-20 18:16:43,287 [INFO] Epoch 097 | Train Loss: 0.7828 | Val Loss: 4.6216 | Val Acc: 0.4464
2025-06-20 18:16:43,393 [INFO] Epoch 098 | Train Loss: 0.8806 | Val Loss: 4.8528 | Val Acc: 0.4107
2025-06-20 18:16:43,494 [INFO] Epoch 099 | Train Loss: 0.8509 | Val Loss: 4.8086 | Val Acc: 0.3929
2025-06-20 18:16:43,595 [INFO] Epoch 100 | Train Loss: 0.7615 | Val Loss: 4.4809 | Val Acc: 0.3750
2025-06-20 18:16:43,852 [INFO] Epoch 101 | Train Loss: 0.5037 | Val Loss: 4.3830 | Val Acc: 0.4821
2025-06-20 18:16:43,959 [INFO] Epoch 102 | Train Loss: 0.5560 | Val Loss: 4.4646 | Val Acc: 0.4107
2025-06-20 18:16:44,051 [INFO] Epoch 103 | Train Loss: 0.7061 | Val Loss: 4.5028 | Val Acc: 0.4464
2025-06-20 18:16:44,147 [INFO] Epoch 104 | Train Loss: 0.8208 | Val Loss: 5.3432 | Val Acc: 0.4464
2025-06-20 18:16:44,257 [INFO] Epoch 105 | Train Loss: 0.5216 | Val Loss: 4.8623 | Val Acc: 0.4464
2025-06-20 18:16:44,388 [INFO] Epoch 106 | Train Loss: 0.8414 | Val Loss: 4.8731 | Val Acc: 0.4821
2025-06-20 18:16:44,499 [INFO] Epoch 107 | Train Loss: 0.8147 | Val Loss: 5.0301 | Val Acc: 0.4464
2025-06-20 18:16:44,604 [INFO] Epoch 108 | Train Loss: 0.5256 | Val Loss: 4.7529 | Val Acc: 0.4643
2025-06-20 18:16:44,703 [INFO] Epoch 109 | Train Loss: 0.7003 | Val Loss: 4.8991 | Val Acc: 0.4821
2025-06-20 18:16:44,802 [INFO] Epoch 110 | Train Loss: 0.5745 | Val Loss: 4.5589 | Val Acc: 0.4821
2025-06-20 18:16:45,060 [INFO] Epoch 111 | Train Loss: 0.5169 | Val Loss: 4.4382 | Val Acc: 0.5000
2025-06-20 18:16:45,171 [INFO] Epoch 112 | Train Loss: 0.1428 | Val Loss: 4.1967 | Val Acc: 0.4821
2025-06-20 18:16:45,270 [INFO] Epoch 113 | Train Loss: 0.8860 | Val Loss: 4.3167 | Val Acc: 0.4464
2025-06-20 18:16:45,363 [INFO] Epoch 114 | Train Loss: 1.2752 | Val Loss: 3.9901 | Val Acc: 0.4286
2025-06-20 18:16:45,460 [INFO] Epoch 115 | Train Loss: 0.5417 | Val Loss: 3.6229 | Val Acc: 0.4643
2025-06-20 18:16:45,568 [INFO] Epoch 116 | Train Loss: 0.4779 | Val Loss: 3.3249 | Val Acc: 0.4643
2025-06-20 18:16:45,662 [INFO] Epoch 117 | Train Loss: 0.4872 | Val Loss: 3.7034 | Val Acc: 0.4821
2025-06-20 18:16:45,760 [INFO] Epoch 118 | Train Loss: 0.4760 | Val Loss: 3.9252 | Val Acc: 0.5000
2025-06-20 18:16:45,862 [INFO] Epoch 119 | Train Loss: 0.4201 | Val Loss: 4.4577 | Val Acc: 0.4821
2025-06-20 18:16:45,963 [INFO] Epoch 120 | Train Loss: 0.4063 | Val Loss: 3.9104 | Val Acc: 0.4643
2025-06-20 18:16:46,232 [INFO] Epoch 121 | Train Loss: 0.3331 | Val Loss: 3.7003 | Val Acc: 0.4464
2025-06-20 18:16:46,335 [INFO] Epoch 122 | Train Loss: 0.4660 | Val Loss: 3.5938 | Val Acc: 0.4643
2025-06-20 18:16:46,430 [INFO] Epoch 123 | Train Loss: 0.4355 | Val Loss: 3.5130 | Val Acc: 0.4821
2025-06-20 18:16:46,525 [INFO] Epoch 124 | Train Loss: 0.6286 | Val Loss: 3.7487 | Val Acc: 0.4643
2025-06-20 18:16:46,622 [INFO] Epoch 125 | Train Loss: 0.7384 | Val Loss: 4.4082 | Val Acc: 0.4821
2025-06-20 18:16:46,739 [INFO] Epoch 126 | Train Loss: 1.0264 | Val Loss: 5.1846 | Val Acc: 0.4643
2025-06-20 18:16:46,832 [INFO] Epoch 127 | Train Loss: 0.2876 | Val Loss: 5.3581 | Val Acc: 0.4107
2025-06-20 18:16:46,926 [INFO] Epoch 128 | Train Loss: 0.3685 | Val Loss: 4.4058 | Val Acc: 0.3750
2025-06-20 18:16:47,042 [INFO] Epoch 129 | Train Loss: 0.6356 | Val Loss: 3.9579 | Val Acc: 0.4464
2025-06-20 18:16:47,138 [INFO] Epoch 130 | Train Loss: 0.3013 | Val Loss: 4.0133 | Val Acc: 0.4643
2025-06-20 18:16:47,395 [INFO] Epoch 131 | Train Loss: 0.4435 | Val Loss: 4.0994 | Val Acc: 0.4643
2025-06-20 18:16:47,501 [INFO] Epoch 132 | Train Loss: 0.2069 | Val Loss: 3.9406 | Val Acc: 0.4464
2025-06-20 18:16:47,597 [INFO] Epoch 133 | Train Loss: 0.8089 | Val Loss: 3.6274 | Val Acc: 0.4643
2025-06-20 18:16:47,696 [INFO] Epoch 134 | Train Loss: 0.3505 | Val Loss: 3.5340 | Val Acc: 0.4464
2025-06-20 18:16:47,797 [INFO] Epoch 135 | Train Loss: 0.3025 | Val Loss: 3.9481 | Val Acc: 0.4107
2025-06-20 18:16:47,904 [INFO] Epoch 136 | Train Loss: 0.5906 | Val Loss: 4.6539 | Val Acc: 0.4464
2025-06-20 18:16:47,997 [INFO] Epoch 137 | Train Loss: 0.2911 | Val Loss: 5.0593 | Val Acc: 0.3929
2025-06-20 18:16:48,095 [INFO] Epoch 138 | Train Loss: 0.9375 | Val Loss: 4.4795 | Val Acc: 0.3750
2025-06-20 18:16:48,205 [INFO] Epoch 139 | Train Loss: 0.6338 | Val Loss: 3.4886 | Val Acc: 0.4107
2025-06-20 18:16:48,301 [INFO] Epoch 140 | Train Loss: 0.3937 | Val Loss: 3.7576 | Val Acc: 0.3929
2025-06-20 18:16:48,652 [INFO] Epoch 141 | Train Loss: 0.4832 | Val Loss: 4.0439 | Val Acc: 0.4286
2025-06-20 18:16:48,772 [INFO] Epoch 142 | Train Loss: 0.4783 | Val Loss: 5.1094 | Val Acc: 0.4464
2025-06-20 18:16:48,887 [INFO] Epoch 143 | Train Loss: 0.6708 | Val Loss: 5.7839 | Val Acc: 0.4286
2025-06-20 18:16:48,986 [INFO] Epoch 144 | Train Loss: 0.4978 | Val Loss: 5.5644 | Val Acc: 0.4464
2025-06-20 18:16:49,112 [INFO] Epoch 145 | Train Loss: 0.4929 | Val Loss: 5.2096 | Val Acc: 0.4643
2025-06-20 18:16:49,228 [INFO] Epoch 146 | Train Loss: 0.4941 | Val Loss: 4.1507 | Val Acc: 0.5000
2025-06-20 18:16:49,336 [INFO] Epoch 147 | Train Loss: 0.6607 | Val Loss: 4.0780 | Val Acc: 0.5179
2025-06-20 18:16:49,350 [INFO] New best model at epoch 147 (Val Acc: 0.5179)
2025-06-20 18:16:49,478 [INFO] Epoch 148 | Train Loss: 0.3997 | Val Loss: 4.8220 | Val Acc: 0.4821
2025-06-20 18:16:49,618 [INFO] Epoch 149 | Train Loss: 0.3314 | Val Loss: 5.0354 | Val Acc: 0.4821
2025-06-20 18:16:49,750 [INFO] Epoch 150 | Train Loss: 0.4635 | Val Loss: 4.6152 | Val Acc: 0.4286
2025-06-20 18:16:50,091 [INFO] Epoch 151 | Train Loss: 0.5742 | Val Loss: 4.3932 | Val Acc: 0.4821
2025-06-20 18:16:50,274 [INFO] Epoch 152 | Train Loss: 0.7573 | Val Loss: 4.1497 | Val Acc: 0.4643
2025-06-20 18:16:50,385 [INFO] Epoch 153 | Train Loss: 0.3655 | Val Loss: 4.1485 | Val Acc: 0.4464
2025-06-20 18:16:50,527 [INFO] Epoch 154 | Train Loss: 0.3928 | Val Loss: 4.1227 | Val Acc: 0.4464
2025-06-20 18:16:50,649 [INFO] Epoch 155 | Train Loss: 0.3855 | Val Loss: 4.1359 | Val Acc: 0.4286
2025-06-20 18:16:50,767 [INFO] Epoch 156 | Train Loss: 0.5683 | Val Loss: 4.1051 | Val Acc: 0.4643
2025-06-20 18:16:50,859 [INFO] Epoch 157 | Train Loss: 0.6350 | Val Loss: 3.9344 | Val Acc: 0.4643
2025-06-20 18:16:50,957 [INFO] Epoch 158 | Train Loss: 0.3459 | Val Loss: 3.9453 | Val Acc: 0.4464
2025-06-20 18:16:51,053 [INFO] Epoch 159 | Train Loss: 0.3600 | Val Loss: 4.4655 | Val Acc: 0.4643
2025-06-20 18:16:51,150 [INFO] Epoch 160 | Train Loss: 0.5019 | Val Loss: 4.8127 | Val Acc: 0.4464
2025-06-20 18:16:51,411 [INFO] Epoch 161 | Train Loss: 0.3361 | Val Loss: 5.1265 | Val Acc: 0.3929
2025-06-20 18:16:51,523 [INFO] Epoch 162 | Train Loss: 0.3462 | Val Loss: 5.2776 | Val Acc: 0.3929
2025-06-20 18:16:51,622 [INFO] Epoch 163 | Train Loss: 0.1807 | Val Loss: 5.2644 | Val Acc: 0.4286
2025-06-20 18:16:51,717 [INFO] Epoch 164 | Train Loss: 0.3463 | Val Loss: 5.1424 | Val Acc: 0.4643
2025-06-20 18:16:51,877 [INFO] Epoch 165 | Train Loss: 0.1813 | Val Loss: 5.0562 | Val Acc: 0.4464
2025-06-20 18:16:51,983 [INFO] Epoch 166 | Train Loss: 0.5477 | Val Loss: 5.2763 | Val Acc: 0.4464
2025-06-20 18:16:52,078 [INFO] Epoch 167 | Train Loss: 0.4710 | Val Loss: 5.2317 | Val Acc: 0.4286
2025-06-20 18:16:52,176 [INFO] Epoch 168 | Train Loss: 0.4093 | Val Loss: 5.0423 | Val Acc: 0.4464
2025-06-20 18:16:52,277 [INFO] Epoch 169 | Train Loss: 0.2518 | Val Loss: 5.2180 | Val Acc: 0.4643
2025-06-20 18:16:52,382 [INFO] Epoch 170 | Train Loss: 0.2889 | Val Loss: 4.9325 | Val Acc: 0.4464
2025-06-20 18:16:52,645 [INFO] Epoch 171 | Train Loss: 0.3683 | Val Loss: 4.7681 | Val Acc: 0.5000
2025-06-20 18:16:52,787 [INFO] Epoch 172 | Train Loss: 0.2201 | Val Loss: 4.9289 | Val Acc: 0.4643
2025-06-20 18:16:52,918 [INFO] Epoch 173 | Train Loss: 0.5805 | Val Loss: 5.3523 | Val Acc: 0.4821
2025-06-20 18:16:53,033 [INFO] Epoch 174 | Train Loss: 0.3986 | Val Loss: 5.9599 | Val Acc: 0.4643
2025-06-20 18:16:53,153 [INFO] Epoch 175 | Train Loss: 0.3464 | Val Loss: 5.7477 | Val Acc: 0.5000
2025-06-20 18:16:53,249 [INFO] Epoch 176 | Train Loss: 0.4289 | Val Loss: 5.5328 | Val Acc: 0.5179
2025-06-20 18:16:53,346 [INFO] Epoch 177 | Train Loss: 0.2688 | Val Loss: 5.3801 | Val Acc: 0.5000
2025-06-20 18:16:53,444 [INFO] Epoch 178 | Train Loss: 0.2355 | Val Loss: 5.3559 | Val Acc: 0.4286
2025-06-20 18:16:53,541 [INFO] Epoch 179 | Train Loss: 0.5368 | Val Loss: 5.4283 | Val Acc: 0.4107
2025-06-20 18:16:53,636 [INFO] Epoch 180 | Train Loss: 0.2028 | Val Loss: 5.2594 | Val Acc: 0.4107
2025-06-20 18:16:53,895 [INFO] Epoch 181 | Train Loss: 0.2577 | Val Loss: 5.1305 | Val Acc: 0.4107
2025-06-20 18:16:54,022 [INFO] Epoch 182 | Train Loss: 0.2055 | Val Loss: 5.6492 | Val Acc: 0.4286
2025-06-20 18:16:54,118 [INFO] Epoch 183 | Train Loss: 0.2393 | Val Loss: 5.8607 | Val Acc: 0.4107
2025-06-20 18:16:54,217 [INFO] Epoch 184 | Train Loss: 0.1725 | Val Loss: 5.6230 | Val Acc: 0.4464
2025-06-20 18:16:54,314 [INFO] Epoch 185 | Train Loss: 0.1455 | Val Loss: 5.0798 | Val Acc: 0.4821
2025-06-20 18:16:54,425 [INFO] Epoch 186 | Train Loss: 0.2840 | Val Loss: 5.1888 | Val Acc: 0.4643
2025-06-20 18:16:54,526 [INFO] Epoch 187 | Train Loss: 0.4178 | Val Loss: 5.3509 | Val Acc: 0.4821
2025-06-20 18:16:54,630 [INFO] Epoch 188 | Train Loss: 0.2027 | Val Loss: 5.3748 | Val Acc: 0.4286
2025-06-20 18:16:54,747 [INFO] Epoch 189 | Train Loss: 0.2249 | Val Loss: 5.1300 | Val Acc: 0.4464
2025-06-20 18:16:54,858 [INFO] Epoch 190 | Train Loss: 0.1452 | Val Loss: 4.8678 | Val Acc: 0.5000
2025-06-20 18:16:55,136 [INFO] Epoch 191 | Train Loss: 0.4467 | Val Loss: 4.7334 | Val Acc: 0.4821
2025-06-20 18:16:55,248 [INFO] Epoch 192 | Train Loss: 0.4452 | Val Loss: 5.1587 | Val Acc: 0.4821
2025-06-20 18:16:55,347 [INFO] Epoch 193 | Train Loss: 0.4824 | Val Loss: 4.8041 | Val Acc: 0.4821
2025-06-20 18:16:55,444 [INFO] Epoch 194 | Train Loss: 0.4281 | Val Loss: 4.4180 | Val Acc: 0.5000
2025-06-20 18:16:55,556 [INFO] Epoch 195 | Train Loss: 0.3230 | Val Loss: 4.2996 | Val Acc: 0.5357
2025-06-20 18:16:55,571 [INFO] New best model at epoch 195 (Val Acc: 0.5357)
2025-06-20 18:16:55,665 [INFO] Epoch 196 | Train Loss: 0.1832 | Val Loss: 4.4959 | Val Acc: 0.5000
2025-06-20 18:16:55,766 [INFO] Epoch 197 | Train Loss: 0.3156 | Val Loss: 4.6482 | Val Acc: 0.5000
2025-06-20 18:16:55,863 [INFO] Epoch 198 | Train Loss: 0.4103 | Val Loss: 4.5871 | Val Acc: 0.5536
2025-06-20 18:16:55,878 [INFO] New best model at epoch 198 (Val Acc: 0.5536)
2025-06-20 18:16:55,963 [INFO] Epoch 199 | Train Loss: 0.2223 | Val Loss: 4.5819 | Val Acc: 0.5179
2025-06-20 18:16:56,068 [INFO] Epoch 200 | Train Loss: 0.1777 | Val Loss: 4.3586 | Val Acc: 0.5179
2025-06-20 18:16:56,342 [INFO] Epoch 201 | Train Loss: 0.2824 | Val Loss: 4.3701 | Val Acc: 0.4643
2025-06-20 18:16:56,454 [INFO] Epoch 202 | Train Loss: 0.2428 | Val Loss: 4.5336 | Val Acc: 0.4464
2025-06-20 18:16:56,553 [INFO] Epoch 203 | Train Loss: 0.1211 | Val Loss: 4.3353 | Val Acc: 0.4643
2025-06-20 18:16:56,662 [INFO] Epoch 204 | Train Loss: 0.4047 | Val Loss: 4.6416 | Val Acc: 0.5000
2025-06-20 18:16:56,771 [INFO] Epoch 205 | Train Loss: 0.2331 | Val Loss: 5.1784 | Val Acc: 0.4821
2025-06-20 18:16:56,907 [INFO] Epoch 206 | Train Loss: 0.3713 | Val Loss: 4.8850 | Val Acc: 0.4821
2025-06-20 18:16:57,118 [INFO] Epoch 207 | Train Loss: 0.3470 | Val Loss: 4.6319 | Val Acc: 0.5179
2025-06-20 18:16:57,232 [INFO] Epoch 208 | Train Loss: 0.2134 | Val Loss: 4.4618 | Val Acc: 0.5000
2025-06-20 18:16:57,350 [INFO] Epoch 209 | Train Loss: 0.1754 | Val Loss: 4.6164 | Val Acc: 0.5179
2025-06-20 18:16:57,477 [INFO] Epoch 210 | Train Loss: 0.2002 | Val Loss: 4.3259 | Val Acc: 0.5357
2025-06-20 18:16:57,744 [INFO] Epoch 211 | Train Loss: 0.2660 | Val Loss: 4.3261 | Val Acc: 0.5000
2025-06-20 18:16:57,862 [INFO] Epoch 212 | Train Loss: 0.1896 | Val Loss: 4.7634 | Val Acc: 0.4464
2025-06-20 18:16:57,971 [INFO] Epoch 213 | Train Loss: 0.3766 | Val Loss: 4.4312 | Val Acc: 0.4464
2025-06-20 18:16:58,082 [INFO] Epoch 214 | Train Loss: 0.3587 | Val Loss: 4.6492 | Val Acc: 0.4464
2025-06-20 18:16:58,199 [INFO] Epoch 215 | Train Loss: 0.1364 | Val Loss: 4.2700 | Val Acc: 0.4821
2025-06-20 18:16:58,309 [INFO] Epoch 216 | Train Loss: 0.4094 | Val Loss: 4.1332 | Val Acc: 0.4286
2025-06-20 18:16:58,418 [INFO] Epoch 217 | Train Loss: 0.2421 | Val Loss: 4.0368 | Val Acc: 0.4821
2025-06-20 18:16:58,524 [INFO] Epoch 218 | Train Loss: 0.2973 | Val Loss: 4.1463 | Val Acc: 0.4464
2025-06-20 18:16:58,669 [INFO] Epoch 219 | Train Loss: 0.3071 | Val Loss: 4.3759 | Val Acc: 0.4643
2025-06-20 18:16:58,775 [INFO] Epoch 220 | Train Loss: 0.2535 | Val Loss: 4.2491 | Val Acc: 0.5000
2025-06-20 18:16:59,087 [INFO] Epoch 221 | Train Loss: 0.1724 | Val Loss: 4.4791 | Val Acc: 0.5000
2025-06-20 18:16:59,206 [INFO] Epoch 222 | Train Loss: 0.1210 | Val Loss: 4.3022 | Val Acc: 0.5179
2025-06-20 18:16:59,328 [INFO] Epoch 223 | Train Loss: 0.1517 | Val Loss: 4.2750 | Val Acc: 0.5536
2025-06-20 18:16:59,441 [INFO] Epoch 224 | Train Loss: 0.4442 | Val Loss: 4.1291 | Val Acc: 0.5357
2025-06-20 18:16:59,564 [INFO] Epoch 225 | Train Loss: 0.1383 | Val Loss: 4.1143 | Val Acc: 0.5000
2025-06-20 18:16:59,669 [INFO] Epoch 226 | Train Loss: 0.1428 | Val Loss: 4.0094 | Val Acc: 0.4821
2025-06-20 18:16:59,779 [INFO] Epoch 227 | Train Loss: 0.2086 | Val Loss: 3.8767 | Val Acc: 0.5000
2025-06-20 18:16:59,889 [INFO] Epoch 228 | Train Loss: 0.5305 | Val Loss: 4.1214 | Val Acc: 0.4643
2025-06-20 18:17:00,000 [INFO] Epoch 229 | Train Loss: 0.1597 | Val Loss: 4.5338 | Val Acc: 0.4464
2025-06-20 18:17:00,116 [INFO] Epoch 230 | Train Loss: 0.2691 | Val Loss: 4.5504 | Val Acc: 0.3929
2025-06-20 18:17:00,393 [INFO] Epoch 231 | Train Loss: 0.1934 | Val Loss: 4.1957 | Val Acc: 0.4286
2025-06-20 18:17:00,568 [INFO] Epoch 232 | Train Loss: 0.1780 | Val Loss: 3.9502 | Val Acc: 0.4821
2025-06-20 18:17:00,669 [INFO] Epoch 233 | Train Loss: 0.2589 | Val Loss: 4.1730 | Val Acc: 0.5000
2025-06-20 18:17:00,766 [INFO] Epoch 234 | Train Loss: 0.0741 | Val Loss: 4.3336 | Val Acc: 0.5000
2025-06-20 18:17:00,880 [INFO] Epoch 235 | Train Loss: 0.3743 | Val Loss: 4.3958 | Val Acc: 0.5179
2025-06-20 18:17:00,984 [INFO] Epoch 236 | Train Loss: 0.2534 | Val Loss: 4.5043 | Val Acc: 0.5000
2025-06-20 18:17:01,088 [INFO] Epoch 237 | Train Loss: 0.2254 | Val Loss: 4.3335 | Val Acc: 0.4821
2025-06-20 18:17:01,191 [INFO] Epoch 238 | Train Loss: 0.4293 | Val Loss: 4.9698 | Val Acc: 0.4643
2025-06-20 18:17:01,294 [INFO] Epoch 239 | Train Loss: 0.2116 | Val Loss: 5.3596 | Val Acc: 0.4643
2025-06-20 18:17:01,391 [INFO] Epoch 240 | Train Loss: 0.1796 | Val Loss: 5.0906 | Val Acc: 0.4821
2025-06-20 18:17:01,658 [INFO] Epoch 241 | Train Loss: 0.1031 | Val Loss: 4.6680 | Val Acc: 0.4286
2025-06-20 18:17:01,767 [INFO] Epoch 242 | Train Loss: 0.1199 | Val Loss: 5.9873 | Val Acc: 0.4107
2025-06-20 18:17:01,867 [INFO] Epoch 243 | Train Loss: 0.2571 | Val Loss: 6.0868 | Val Acc: 0.4107
2025-06-20 18:17:01,988 [INFO] Epoch 244 | Train Loss: 0.1461 | Val Loss: 5.6724 | Val Acc: 0.4286
2025-06-20 18:17:02,101 [INFO] Epoch 245 | Train Loss: 0.2085 | Val Loss: 5.4839 | Val Acc: 0.4107
2025-06-20 18:17:02,200 [INFO] Epoch 246 | Train Loss: 0.2947 | Val Loss: 5.2659 | Val Acc: 0.4464
2025-06-20 18:17:02,297 [INFO] Epoch 247 | Train Loss: 0.3873 | Val Loss: 4.8679 | Val Acc: 0.4464
2025-06-20 18:17:02,389 [INFO] Epoch 248 | Train Loss: 0.1474 | Val Loss: 4.7916 | Val Acc: 0.3929
2025-06-20 18:17:02,486 [INFO] Epoch 249 | Train Loss: 0.1283 | Val Loss: 4.7918 | Val Acc: 0.3750
2025-06-20 18:17:02,575 [INFO] Epoch 250 | Train Loss: 0.0630 | Val Loss: 4.7248 | Val Acc: 0.3571
2025-06-20 18:17:02,837 [INFO] Epoch 251 | Train Loss: 0.3658 | Val Loss: 5.5855 | Val Acc: 0.3929
2025-06-20 18:17:02,946 [INFO] Epoch 252 | Train Loss: 0.4370 | Val Loss: 5.6486 | Val Acc: 0.4286
2025-06-20 18:17:03,054 [INFO] Epoch 253 | Train Loss: 0.0740 | Val Loss: 4.9447 | Val Acc: 0.4107
2025-06-20 18:17:03,150 [INFO] Epoch 254 | Train Loss: 0.2606 | Val Loss: 4.6288 | Val Acc: 0.4464
2025-06-20 18:17:03,245 [INFO] Epoch 255 | Train Loss: 0.2339 | Val Loss: 4.9152 | Val Acc: 0.4464
2025-06-20 18:17:03,354 [INFO] Epoch 256 | Train Loss: 0.1123 | Val Loss: 5.1009 | Val Acc: 0.4464
2025-06-20 18:17:03,460 [INFO] Epoch 257 | Train Loss: 0.1417 | Val Loss: 5.1860 | Val Acc: 0.4821
2025-06-20 18:17:03,558 [INFO] Epoch 258 | Train Loss: 0.2453 | Val Loss: 5.2731 | Val Acc: 0.4643
2025-06-20 18:17:03,712 [INFO] Epoch 259 | Train Loss: 0.1265 | Val Loss: 5.0615 | Val Acc: 0.4464
2025-06-20 18:17:03,858 [INFO] Epoch 260 | Train Loss: 0.3661 | Val Loss: 4.7923 | Val Acc: 0.3750
2025-06-20 18:17:04,176 [INFO] Epoch 261 | Train Loss: 0.2020 | Val Loss: 4.3446 | Val Acc: 0.4643
2025-06-20 18:17:04,314 [INFO] Epoch 262 | Train Loss: 0.2434 | Val Loss: 4.1297 | Val Acc: 0.4821
2025-06-20 18:17:04,416 [INFO] Epoch 263 | Train Loss: 0.1890 | Val Loss: 4.4063 | Val Acc: 0.4643
2025-06-20 18:17:04,530 [INFO] Epoch 264 | Train Loss: 0.0574 | Val Loss: 4.8061 | Val Acc: 0.4107
2025-06-20 18:17:04,652 [INFO] Epoch 265 | Train Loss: 0.1819 | Val Loss: 4.9437 | Val Acc: 0.3929
2025-06-20 18:17:04,747 [INFO] Epoch 266 | Train Loss: 0.1919 | Val Loss: 4.8980 | Val Acc: 0.4286
2025-06-20 18:17:04,889 [INFO] Epoch 267 | Train Loss: 0.0559 | Val Loss: 4.7019 | Val Acc: 0.4464
2025-06-20 18:17:04,985 [INFO] Epoch 268 | Train Loss: 0.0862 | Val Loss: 4.7312 | Val Acc: 0.4643
2025-06-20 18:17:05,109 [INFO] Epoch 269 | Train Loss: 0.1086 | Val Loss: 5.1501 | Val Acc: 0.4643
2025-06-20 18:17:05,213 [INFO] Epoch 270 | Train Loss: 0.1190 | Val Loss: 5.1986 | Val Acc: 0.4643
2025-06-20 18:17:05,496 [INFO] Epoch 271 | Train Loss: 0.2358 | Val Loss: 4.8349 | Val Acc: 0.5000
2025-06-20 18:17:05,607 [INFO] Epoch 272 | Train Loss: 0.0977 | Val Loss: 4.5415 | Val Acc: 0.4643
2025-06-20 18:17:05,722 [INFO] Epoch 273 | Train Loss: 0.0793 | Val Loss: 4.5679 | Val Acc: 0.5000
2025-06-20 18:17:05,826 [INFO] Epoch 274 | Train Loss: 0.0987 | Val Loss: 4.7122 | Val Acc: 0.4821
2025-06-20 18:17:05,947 [INFO] Epoch 275 | Train Loss: 0.0583 | Val Loss: 4.7544 | Val Acc: 0.4821
2025-06-20 18:17:06,049 [INFO] Epoch 276 | Train Loss: 0.1623 | Val Loss: 5.0799 | Val Acc: 0.4821
2025-06-20 18:17:06,159 [INFO] Epoch 277 | Train Loss: 0.0848 | Val Loss: 5.2981 | Val Acc: 0.4821
2025-06-20 18:17:06,277 [INFO] Epoch 278 | Train Loss: 0.4475 | Val Loss: 4.8631 | Val Acc: 0.4821
2025-06-20 18:17:06,380 [INFO] Epoch 279 | Train Loss: 0.1304 | Val Loss: 4.9549 | Val Acc: 0.4643
2025-06-20 18:17:06,477 [INFO] Epoch 280 | Train Loss: 0.1999 | Val Loss: 4.8193 | Val Acc: 0.4464
2025-06-20 18:17:06,733 [INFO] Epoch 281 | Train Loss: 0.1056 | Val Loss: 4.7063 | Val Acc: 0.3571
2025-06-20 18:17:06,844 [INFO] Epoch 282 | Train Loss: 0.2299 | Val Loss: 4.6004 | Val Acc: 0.5000
2025-06-20 18:17:06,942 [INFO] Epoch 283 | Train Loss: 0.3535 | Val Loss: 4.6679 | Val Acc: 0.4821
2025-06-20 18:17:07,054 [INFO] Epoch 284 | Train Loss: 0.1830 | Val Loss: 4.6979 | Val Acc: 0.4643
2025-06-20 18:17:07,159 [INFO] Epoch 285 | Train Loss: 0.1633 | Val Loss: 4.5213 | Val Acc: 0.4643
2025-06-20 18:17:07,283 [INFO] Epoch 286 | Train Loss: 0.3065 | Val Loss: 4.5043 | Val Acc: 0.5000
2025-06-20 18:17:07,382 [INFO] Epoch 287 | Train Loss: 0.1131 | Val Loss: 4.5160 | Val Acc: 0.4643
2025-06-20 18:17:07,487 [INFO] Epoch 288 | Train Loss: 0.1888 | Val Loss: 4.6343 | Val Acc: 0.4821
2025-06-20 18:17:07,595 [INFO] Epoch 289 | Train Loss: 0.1436 | Val Loss: 4.6298 | Val Acc: 0.4286
2025-06-20 18:17:07,694 [INFO] Epoch 290 | Train Loss: 0.2121 | Val Loss: 4.4463 | Val Acc: 0.4643
2025-06-20 18:17:07,956 [INFO] Epoch 291 | Train Loss: 0.1717 | Val Loss: 4.3776 | Val Acc: 0.4643
2025-06-20 18:17:08,078 [INFO] Epoch 292 | Train Loss: 0.3648 | Val Loss: 5.0583 | Val Acc: 0.4107
2025-06-20 18:17:08,177 [INFO] Epoch 293 | Train Loss: 0.1038 | Val Loss: 5.4318 | Val Acc: 0.4107
2025-06-20 18:17:08,274 [INFO] Epoch 294 | Train Loss: 0.1295 | Val Loss: 5.7070 | Val Acc: 0.3929
2025-06-20 18:17:08,375 [INFO] Epoch 295 | Train Loss: 0.2115 | Val Loss: 5.5863 | Val Acc: 0.3929
2025-06-20 18:17:08,492 [INFO] Epoch 296 | Train Loss: 0.1188 | Val Loss: 5.5103 | Val Acc: 0.4107
2025-06-20 18:17:08,597 [INFO] Epoch 297 | Train Loss: 0.2287 | Val Loss: 5.0861 | Val Acc: 0.4286
2025-06-20 18:17:08,700 [INFO] Epoch 298 | Train Loss: 0.0601 | Val Loss: 4.6497 | Val Acc: 0.4286
2025-06-20 18:17:08,808 [INFO] Epoch 299 | Train Loss: 0.2044 | Val Loss: 4.7494 | Val Acc: 0.4286
2025-06-20 18:17:08,925 [INFO] Epoch 300 | Train Loss: 0.0654 | Val Loss: 4.9305 | Val Acc: 0.4464
2025-06-20 18:17:09,189 [INFO] Epoch 301 | Train Loss: 0.1846 | Val Loss: 5.0602 | Val Acc: 0.4286
2025-06-20 18:17:09,309 [INFO] Epoch 302 | Train Loss: 0.1419 | Val Loss: 4.9017 | Val Acc: 0.4464
2025-06-20 18:17:09,413 [INFO] Epoch 303 | Train Loss: 0.3910 | Val Loss: 4.9329 | Val Acc: 0.4286
2025-06-20 18:17:09,512 [INFO] Epoch 304 | Train Loss: 0.3089 | Val Loss: 4.8270 | Val Acc: 0.4464
2025-06-20 18:17:09,626 [INFO] Epoch 305 | Train Loss: 0.1441 | Val Loss: 4.8001 | Val Acc: 0.4464
2025-06-20 18:17:09,724 [INFO] Epoch 306 | Train Loss: 0.1880 | Val Loss: 4.7718 | Val Acc: 0.4464
2025-06-20 18:17:09,823 [INFO] Epoch 307 | Train Loss: 0.1111 | Val Loss: 5.0313 | Val Acc: 0.4821
2025-06-20 18:17:09,920 [INFO] Epoch 308 | Train Loss: 0.0891 | Val Loss: 5.0157 | Val Acc: 0.4821
2025-06-20 18:17:10,015 [INFO] Epoch 309 | Train Loss: 0.1837 | Val Loss: 5.0781 | Val Acc: 0.4286
2025-06-20 18:17:10,115 [INFO] Epoch 310 | Train Loss: 0.1115 | Val Loss: 5.0102 | Val Acc: 0.4821
2025-06-20 18:17:10,383 [INFO] Epoch 311 | Train Loss: 0.2194 | Val Loss: 5.1307 | Val Acc: 0.4464
2025-06-20 18:17:10,510 [INFO] Epoch 312 | Train Loss: 0.2076 | Val Loss: 5.0190 | Val Acc: 0.4464
2025-06-20 18:17:10,610 [INFO] Epoch 313 | Train Loss: 0.3860 | Val Loss: 4.6806 | Val Acc: 0.4821
2025-06-20 18:17:10,716 [INFO] Epoch 314 | Train Loss: 0.1060 | Val Loss: 4.6710 | Val Acc: 0.4643
2025-06-20 18:17:10,833 [INFO] Epoch 315 | Train Loss: 0.3261 | Val Loss: 4.9775 | Val Acc: 0.4464
2025-06-20 18:17:10,942 [INFO] Epoch 316 | Train Loss: 0.1212 | Val Loss: 4.9101 | Val Acc: 0.4464
2025-06-20 18:17:11,052 [INFO] Epoch 317 | Train Loss: 0.2600 | Val Loss: 5.0448 | Val Acc: 0.4286
2025-06-20 18:17:11,148 [INFO] Epoch 318 | Train Loss: 0.1613 | Val Loss: 5.4249 | Val Acc: 0.3750
2025-06-20 18:17:11,248 [INFO] Epoch 319 | Train Loss: 0.3197 | Val Loss: 5.7940 | Val Acc: 0.4107
2025-06-20 18:17:11,343 [INFO] Epoch 320 | Train Loss: 0.3515 | Val Loss: 5.3539 | Val Acc: 0.4464
2025-06-20 18:17:11,611 [INFO] Epoch 321 | Train Loss: 0.0951 | Val Loss: 5.4407 | Val Acc: 0.4286
2025-06-20 18:17:11,720 [INFO] Epoch 322 | Train Loss: 0.0886 | Val Loss: 5.1159 | Val Acc: 0.4286
2025-06-20 18:17:11,816 [INFO] Epoch 323 | Train Loss: 0.1181 | Val Loss: 5.2843 | Val Acc: 0.4286
2025-06-20 18:17:11,911 [INFO] Epoch 324 | Train Loss: 0.0706 | Val Loss: 5.2500 | Val Acc: 0.4643
2025-06-20 18:17:12,031 [INFO] Epoch 325 | Train Loss: 0.3395 | Val Loss: 5.4416 | Val Acc: 0.4643
2025-06-20 18:17:12,132 [INFO] Epoch 326 | Train Loss: 0.1667 | Val Loss: 5.5875 | Val Acc: 0.4286
2025-06-20 18:17:12,239 [INFO] Epoch 327 | Train Loss: 0.2957 | Val Loss: 5.4737 | Val Acc: 0.4643
2025-06-20 18:17:12,334 [INFO] Epoch 328 | Train Loss: 0.0658 | Val Loss: 5.4503 | Val Acc: 0.4464
2025-06-20 18:17:12,432 [INFO] Epoch 329 | Train Loss: 0.2359 | Val Loss: 4.9692 | Val Acc: 0.5000
2025-06-20 18:17:12,544 [INFO] Epoch 330 | Train Loss: 0.2215 | Val Loss: 5.1661 | Val Acc: 0.4286
2025-06-20 18:17:12,878 [INFO] Epoch 331 | Train Loss: 0.1202 | Val Loss: 5.0870 | Val Acc: 0.4464
2025-06-20 18:17:12,994 [INFO] Epoch 332 | Train Loss: 0.0895 | Val Loss: 4.3249 | Val Acc: 0.4821
2025-06-20 18:17:13,090 [INFO] Epoch 333 | Train Loss: 0.1725 | Val Loss: 4.7902 | Val Acc: 0.4464
2025-06-20 18:17:13,207 [INFO] Epoch 334 | Train Loss: 0.1162 | Val Loss: 4.7286 | Val Acc: 0.4464
2025-06-20 18:17:13,340 [INFO] Epoch 335 | Train Loss: 0.1556 | Val Loss: 4.5403 | Val Acc: 0.4643
2025-06-20 18:17:13,455 [INFO] Epoch 336 | Train Loss: 0.0794 | Val Loss: 4.2346 | Val Acc: 0.5000
2025-06-20 18:17:13,560 [INFO] Epoch 337 | Train Loss: 0.1222 | Val Loss: 4.1032 | Val Acc: 0.5000
2025-06-20 18:17:13,669 [INFO] Epoch 338 | Train Loss: 0.1135 | Val Loss: 4.3380 | Val Acc: 0.4821
2025-06-20 18:17:13,781 [INFO] Epoch 339 | Train Loss: 0.0707 | Val Loss: 4.4636 | Val Acc: 0.4643
2025-06-20 18:17:13,887 [INFO] Epoch 340 | Train Loss: 0.1677 | Val Loss: 4.3634 | Val Acc: 0.5000
2025-06-20 18:17:14,155 [INFO] Epoch 341 | Train Loss: 0.0282 | Val Loss: 4.2324 | Val Acc: 0.4643
2025-06-20 18:17:14,269 [INFO] Epoch 342 | Train Loss: 0.0738 | Val Loss: 4.0264 | Val Acc: 0.5000
2025-06-20 18:17:14,408 [INFO] Epoch 343 | Train Loss: 0.1264 | Val Loss: 3.8719 | Val Acc: 0.5000
2025-06-20 18:17:14,522 [INFO] Epoch 344 | Train Loss: 0.1264 | Val Loss: 3.8213 | Val Acc: 0.5536
2025-06-20 18:17:14,640 [INFO] Epoch 345 | Train Loss: 0.0382 | Val Loss: 3.8867 | Val Acc: 0.4643
2025-06-20 18:17:14,736 [INFO] Epoch 346 | Train Loss: 0.2560 | Val Loss: 4.0055 | Val Acc: 0.4821
2025-06-20 18:17:14,840 [INFO] Epoch 347 | Train Loss: 0.1278 | Val Loss: 4.2934 | Val Acc: 0.4643
2025-06-20 18:17:14,957 [INFO] Epoch 348 | Train Loss: 0.1238 | Val Loss: 4.7189 | Val Acc: 0.4643
2025-06-20 18:17:14,969 [INFO] Early stopping at epoch 348 (no improvement in 150 epochs).
2025-06-20 18:17:14,980 [INFO] Best model saved to <built-in function time>/ENZYMES/best/best_source_gin.pth (Val Acc: 0.5536 at epoch 198)
2025-06-20 18:17:14,982 [INFO] Training/validation metrics saved to <built-in function time>/ENZYMES/GIN_0.0001/train_metrics.csv
2025-06-20 18:17:15,121 [INFO] Final training curves saved
2025-06-20 18:17:15,121 [INFO] Training completed!
2025-06-20 18:17:15,121 [INFO] Best validation accuracy: 0.5536
2025-06-20 18:17:15,122 [INFO] Best epoch: 198
2025-06-20 18:17:15,122 [INFO] Total epochs trained: 348
2025-06-20 18:17:15,124 [INFO] Starting training with parameters: (0.0001, 0.1, 256, 5, 400, 0.0001)
