2025-06-21 21:23:12,682 [INFO] Using device: cpu
2025-06-21 21:23:12,682 [INFO] 开始创建数据加载器...
2025-06-21 21:23:12,686 [INFO] Successfully loaded dataset ENZYMES from ./data, total graphs: 600
2025-06-21 21:23:12,686 [INFO] Class allocation analysis:
2025-06-21 21:23:12,686 [INFO]   Source classes: [0, 1, 2, 3]
2025-06-21 21:23:12,686 [INFO]   Target classes: [0, 1, 2, 3, 4, 5]
2025-06-21 21:23:12,686 [INFO]   Overlap classes (to be split): [0, 1, 2, 3]
2025-06-21 21:23:12,686 [INFO]   Target novel classes (unknown): [4, 5]
2025-06-21 21:23:12,699 [INFO]   Class 0: 100 total -> Source: 70, Target: 30
2025-06-21 21:23:12,700 [INFO]   Class 1: 100 total -> Source: 70, Target: 30
2025-06-21 21:23:12,700 [INFO]   Class 2: 100 total -> Source: 70, Target: 30
2025-06-21 21:23:12,700 [INFO]   Class 3: 100 total -> Source: 70, Target: 30
2025-06-21 21:23:12,700 [INFO]   Class 4 (novel/unknown): 100 samples -> Target
2025-06-21 21:23:12,700 [INFO]   Class 5 (novel/unknown): 100 samples -> Target
2025-06-21 21:23:12,700 [INFO] Final allocation:
2025-06-21 21:23:12,700 [INFO]   Source domain: 280 samples
2025-06-21 21:23:12,700 [INFO]   Target domain: 320 samples
2025-06-21 21:23:12,701 [INFO] Source domain setup:
2025-06-21 21:23:12,701 [INFO]   Original classes: [0, 1, 2, 3]
2025-06-21 21:23:12,701 [INFO]   Overlap classes used: [0, 1, 2, 3]
2025-06-21 21:23:12,701 [INFO]   Label mapping: {0: 0, 1: 1, 2: 2, 3: 3}
2025-06-21 21:23:12,701 [INFO]   Total data after allocation: 280
2025-06-21 21:23:12,701 [INFO]   Data split - Train: 224, Val: 56
2025-06-21 21:23:12,701 [INFO]   Train label distribution: {0: 56, 1: 56, 3: 56, 2: 56}
2025-06-21 21:23:12,702 [INFO]   Val label distribution: {1: 14, 2: 14, 0: 14, 3: 14}
2025-06-21 21:23:12,703 [INFO] Successfully loaded dataset ENZYMES from ./data, total graphs: 600
2025-06-21 21:23:12,703 [INFO] Class allocation analysis:
2025-06-21 21:23:12,703 [INFO]   Source classes: [0, 1, 2, 3]
2025-06-21 21:23:12,703 [INFO]   Target classes: [0, 1, 2, 3, 4, 5]
2025-06-21 21:23:12,703 [INFO]   Overlap classes (to be split): [0, 1, 2, 3]
2025-06-21 21:23:12,703 [INFO]   Target novel classes (unknown): [4, 5]
2025-06-21 21:23:12,716 [INFO]   Class 0: 100 total -> Source: 70, Target: 30
2025-06-21 21:23:12,716 [INFO]   Class 1: 100 total -> Source: 70, Target: 30
2025-06-21 21:23:12,717 [INFO]   Class 2: 100 total -> Source: 70, Target: 30
2025-06-21 21:23:12,717 [INFO]   Class 3: 100 total -> Source: 70, Target: 30
2025-06-21 21:23:12,717 [INFO]   Class 4 (novel/unknown): 100 samples -> Target
2025-06-21 21:23:12,717 [INFO]   Class 5 (novel/unknown): 100 samples -> Target
2025-06-21 21:23:12,717 [INFO] Final allocation:
2025-06-21 21:23:12,717 [INFO]   Source domain: 280 samples
2025-06-21 21:23:12,717 [INFO]   Target domain: 320 samples
2025-06-21 21:23:12,718 [INFO] Target domain setup:
2025-06-21 21:23:12,718 [INFO]   Original classes: [0, 1, 2, 3, 4, 5]
2025-06-21 21:23:12,718 [INFO]   Overlap classes: [0, 1, 2, 3]
2025-06-21 21:23:12,719 [INFO]   Novel classes: [4, 5] -> mapped to unknown label 4
2025-06-21 21:23:12,719 [INFO]   Label mapping: {0: 0, 1: 1, 2: 2, 3: 3, 4: 4, 5: 4}
2025-06-21 21:23:12,719 [INFO]   Total data after allocation: 320
2025-06-21 21:23:12,719 [INFO]   Data split - Train: 256, Val: 64
2025-06-21 21:23:12,719 [INFO]   Total count: 320 (known: 120, unknown: 200)
2025-06-21 21:23:12,719 [INFO]   Total label distribution: {4: 200, 3: 30, 0: 30, 1: 30, 2: 30}
2025-06-21 21:23:12,719 [INFO]   Train label distribution: {4: 160, 0: 24, 2: 24, 3: 24, 1: 24}
2025-06-21 21:23:12,719 [INFO]   Val label distribution: {1: 6, 4: 40, 3: 6, 0: 6, 2: 6}
2025-06-21 21:23:12,719 [INFO] 数据加载器创建完成!
2025-06-21 21:23:12,719 [INFO] 源域类别数: 4 (重叠类别)
2025-06-21 21:23:12,719 [INFO] 目标域类别数: 5 (4个重叠类别 + 1个未知类别)
2025-06-21 21:23:12,719 [INFO] 重叠类别: [0, 1, 2, 3]
2025-06-21 21:23:12,719 [INFO] 目标域新类别: [4, 5]
2025-06-21 21:23:12,719 [INFO] Data allocation verification:
2025-06-21 21:23:12,719 [INFO]   Source data samples: 280
2025-06-21 21:23:12,719 [INFO]   Target data samples: 320
2025-06-21 21:23:12,719 [INFO]   Overlapping samples: 0
2025-06-21 21:23:12,719 [INFO]   ✓ Data allocation is correct - no overlapping samples
2025-06-21 21:23:12,720 [INFO] Model initialized with 68868 parameters
2025-06-21 21:23:12,720 [INFO] Previous best validation accuracy read from record.txt: 0.6250
2025-06-21 21:23:12,721 [INFO] Starting training...
2025-06-21 21:23:12,738 [INFO] Epoch 001 | Train Loss: 10.6527 | Val Loss: 3.9510 | Val Acc: 0.2857
2025-06-21 21:23:13,003 [INFO] New best model at epoch 1 (Val Acc: 0.2857)
2025-06-21 21:23:13,022 [INFO] Epoch 002 | Train Loss: 7.7813 | Val Loss: 3.2297 | Val Acc: 0.2500
2025-06-21 21:23:13,038 [INFO] Epoch 003 | Train Loss: 8.8331 | Val Loss: 2.5707 | Val Acc: 0.2857
2025-06-21 21:23:13,055 [INFO] Epoch 004 | Train Loss: 7.2468 | Val Loss: 2.2586 | Val Acc: 0.3036
2025-06-21 21:23:13,058 [INFO] New best model at epoch 4 (Val Acc: 0.3036)
2025-06-21 21:23:13,073 [INFO] Epoch 005 | Train Loss: 6.7853 | Val Loss: 2.4098 | Val Acc: 0.3036
2025-06-21 21:23:13,090 [INFO] Epoch 006 | Train Loss: 8.0838 | Val Loss: 2.7356 | Val Acc: 0.3214
2025-06-21 21:23:13,093 [INFO] New best model at epoch 6 (Val Acc: 0.3214)
2025-06-21 21:23:13,106 [INFO] Epoch 007 | Train Loss: 6.8802 | Val Loss: 2.7020 | Val Acc: 0.3036
2025-06-21 21:23:13,121 [INFO] Epoch 008 | Train Loss: 6.4873 | Val Loss: 2.8883 | Val Acc: 0.3393
2025-06-21 21:23:13,123 [INFO] New best model at epoch 8 (Val Acc: 0.3393)
2025-06-21 21:23:13,138 [INFO] Epoch 009 | Train Loss: 7.4333 | Val Loss: 3.2226 | Val Acc: 0.3393
2025-06-21 21:23:13,152 [INFO] Epoch 010 | Train Loss: 8.1870 | Val Loss: 3.1008 | Val Acc: 0.3571
2025-06-21 21:23:13,490 [INFO] New best model at epoch 10 (Val Acc: 0.3571)
2025-06-21 21:23:13,506 [INFO] Epoch 011 | Train Loss: 6.9652 | Val Loss: 2.7708 | Val Acc: 0.3929
2025-06-21 21:23:13,509 [INFO] New best model at epoch 11 (Val Acc: 0.3929)
2025-06-21 21:23:13,526 [INFO] Epoch 012 | Train Loss: 6.3996 | Val Loss: 2.8080 | Val Acc: 0.3750
2025-06-21 21:23:13,543 [INFO] Epoch 013 | Train Loss: 7.7931 | Val Loss: 2.8407 | Val Acc: 0.3393
2025-06-21 21:23:13,560 [INFO] Epoch 014 | Train Loss: 6.6475 | Val Loss: 2.9410 | Val Acc: 0.3571
2025-06-21 21:23:13,583 [INFO] Epoch 015 | Train Loss: 5.6098 | Val Loss: 2.9025 | Val Acc: 0.4286
2025-06-21 21:23:13,586 [INFO] New best model at epoch 15 (Val Acc: 0.4286)
2025-06-21 21:23:13,604 [INFO] Epoch 016 | Train Loss: 7.1025 | Val Loss: 2.8100 | Val Acc: 0.3750
2025-06-21 21:23:13,624 [INFO] Epoch 017 | Train Loss: 6.7187 | Val Loss: 2.6863 | Val Acc: 0.3571
2025-06-21 21:23:13,639 [INFO] Epoch 018 | Train Loss: 7.2305 | Val Loss: 2.5935 | Val Acc: 0.3571
2025-06-21 21:23:13,656 [INFO] Epoch 019 | Train Loss: 6.1955 | Val Loss: 2.6377 | Val Acc: 0.4286
2025-06-21 21:23:13,671 [INFO] Epoch 020 | Train Loss: 7.2662 | Val Loss: 2.9233 | Val Acc: 0.4286
2025-06-21 21:23:14,333 [INFO] Epoch 021 | Train Loss: 6.5374 | Val Loss: 2.9789 | Val Acc: 0.4107
2025-06-21 21:23:14,363 [INFO] Epoch 022 | Train Loss: 6.5428 | Val Loss: 2.9341 | Val Acc: 0.4286
2025-06-21 21:23:14,385 [INFO] Epoch 023 | Train Loss: 5.4427 | Val Loss: 2.7695 | Val Acc: 0.4107
2025-06-21 21:23:14,404 [INFO] Epoch 024 | Train Loss: 5.9835 | Val Loss: 2.7989 | Val Acc: 0.3929
2025-06-21 21:23:14,424 [INFO] Epoch 025 | Train Loss: 6.8043 | Val Loss: 2.5184 | Val Acc: 0.4464
2025-06-21 21:23:14,427 [INFO] New best model at epoch 25 (Val Acc: 0.4464)
2025-06-21 21:23:14,444 [INFO] Epoch 026 | Train Loss: 6.5241 | Val Loss: 2.9481 | Val Acc: 0.3929
2025-06-21 21:23:14,464 [INFO] Epoch 027 | Train Loss: 6.5298 | Val Loss: 3.2474 | Val Acc: 0.3571
2025-06-21 21:23:14,489 [INFO] Epoch 028 | Train Loss: 5.3405 | Val Loss: 3.1636 | Val Acc: 0.3571
2025-06-21 21:23:14,517 [INFO] Epoch 029 | Train Loss: 5.6224 | Val Loss: 3.1211 | Val Acc: 0.3929
2025-06-21 21:23:14,545 [INFO] Epoch 030 | Train Loss: 5.7768 | Val Loss: 3.1950 | Val Acc: 0.3929
2025-06-21 21:23:14,907 [INFO] Epoch 031 | Train Loss: 6.6331 | Val Loss: 3.0086 | Val Acc: 0.3929
2025-06-21 21:23:14,923 [INFO] Epoch 032 | Train Loss: 5.8609 | Val Loss: 3.2539 | Val Acc: 0.3750
2025-06-21 21:23:14,938 [INFO] Epoch 033 | Train Loss: 5.5541 | Val Loss: 3.2478 | Val Acc: 0.3750
2025-06-21 21:23:14,954 [INFO] Epoch 034 | Train Loss: 6.2941 | Val Loss: 3.1269 | Val Acc: 0.3571
2025-06-21 21:23:14,978 [INFO] Epoch 035 | Train Loss: 5.6445 | Val Loss: 2.8429 | Val Acc: 0.4286
2025-06-21 21:23:14,997 [INFO] Epoch 036 | Train Loss: 5.6275 | Val Loss: 2.7109 | Val Acc: 0.4464
2025-06-21 21:23:15,013 [INFO] Epoch 037 | Train Loss: 5.1768 | Val Loss: 2.6688 | Val Acc: 0.4464
2025-06-21 21:23:15,029 [INFO] Epoch 038 | Train Loss: 5.6636 | Val Loss: 2.6842 | Val Acc: 0.4643
2025-06-21 21:23:15,032 [INFO] New best model at epoch 38 (Val Acc: 0.4643)
2025-06-21 21:23:15,046 [INFO] Epoch 039 | Train Loss: 5.8059 | Val Loss: 2.9511 | Val Acc: 0.4107
2025-06-21 21:23:15,062 [INFO] Epoch 040 | Train Loss: 6.4797 | Val Loss: 3.7091 | Val Acc: 0.3393
2025-06-21 21:23:15,407 [INFO] Epoch 041 | Train Loss: 5.8926 | Val Loss: 3.6042 | Val Acc: 0.2857
2025-06-21 21:23:15,423 [INFO] Epoch 042 | Train Loss: 5.5534 | Val Loss: 3.2629 | Val Acc: 0.4286
2025-06-21 21:23:15,440 [INFO] Epoch 043 | Train Loss: 5.4623 | Val Loss: 3.0119 | Val Acc: 0.4107
2025-06-21 21:23:15,456 [INFO] Epoch 044 | Train Loss: 5.8399 | Val Loss: 2.9729 | Val Acc: 0.3571
2025-06-21 21:23:15,473 [INFO] Epoch 045 | Train Loss: 6.0572 | Val Loss: 3.0133 | Val Acc: 0.4107
2025-06-21 21:23:15,488 [INFO] Epoch 046 | Train Loss: 4.8515 | Val Loss: 3.2087 | Val Acc: 0.3571
2025-06-21 21:23:15,505 [INFO] Epoch 047 | Train Loss: 5.2381 | Val Loss: 3.3270 | Val Acc: 0.4107
2025-06-21 21:23:15,520 [INFO] Epoch 048 | Train Loss: 5.4356 | Val Loss: 2.9809 | Val Acc: 0.4286
2025-06-21 21:23:15,537 [INFO] Epoch 049 | Train Loss: 4.8969 | Val Loss: 3.1112 | Val Acc: 0.3929
2025-06-21 21:23:15,585 [INFO] Epoch 050 | Train Loss: 4.9747 | Val Loss: 3.1050 | Val Acc: 0.3214
2025-06-21 21:23:15,974 [INFO] Epoch 051 | Train Loss: 4.9543 | Val Loss: 2.8494 | Val Acc: 0.4107
2025-06-21 21:23:15,998 [INFO] Epoch 052 | Train Loss: 5.1626 | Val Loss: 2.7944 | Val Acc: 0.4107
2025-06-21 21:23:16,021 [INFO] Epoch 053 | Train Loss: 5.4333 | Val Loss: 2.8489 | Val Acc: 0.3750
2025-06-21 21:23:16,045 [INFO] Epoch 054 | Train Loss: 5.3197 | Val Loss: 2.7368 | Val Acc: 0.4286
2025-06-21 21:23:16,065 [INFO] Epoch 055 | Train Loss: 5.1380 | Val Loss: 2.8555 | Val Acc: 0.3929
2025-06-21 21:23:16,087 [INFO] Epoch 056 | Train Loss: 6.4071 | Val Loss: 2.9017 | Val Acc: 0.3929
2025-06-21 21:23:16,108 [INFO] Epoch 057 | Train Loss: 5.3592 | Val Loss: 3.0766 | Val Acc: 0.3929
2025-06-21 21:23:16,135 [INFO] Epoch 058 | Train Loss: 6.2749 | Val Loss: 2.8321 | Val Acc: 0.3571
2025-06-21 21:23:16,158 [INFO] Epoch 059 | Train Loss: 4.7401 | Val Loss: 2.6432 | Val Acc: 0.4643
2025-06-21 21:23:16,178 [INFO] Epoch 060 | Train Loss: 5.4701 | Val Loss: 2.6291 | Val Acc: 0.4821
2025-06-21 21:23:16,512 [INFO] New best model at epoch 60 (Val Acc: 0.4821)
2025-06-21 21:23:16,531 [INFO] Epoch 061 | Train Loss: 4.9096 | Val Loss: 2.6295 | Val Acc: 0.4821
2025-06-21 21:23:16,555 [INFO] Epoch 062 | Train Loss: 5.2723 | Val Loss: 2.6161 | Val Acc: 0.4464
2025-06-21 21:23:16,575 [INFO] Epoch 063 | Train Loss: 5.2125 | Val Loss: 2.7313 | Val Acc: 0.4286
2025-06-21 21:23:16,597 [INFO] Epoch 064 | Train Loss: 5.1075 | Val Loss: 3.1020 | Val Acc: 0.3571
2025-06-21 21:23:16,619 [INFO] Epoch 065 | Train Loss: 5.5199 | Val Loss: 3.1117 | Val Acc: 0.3750
2025-06-21 21:23:16,639 [INFO] Epoch 066 | Train Loss: 4.9888 | Val Loss: 3.1403 | Val Acc: 0.3393
2025-06-21 21:23:16,660 [INFO] Epoch 067 | Train Loss: 4.9009 | Val Loss: 3.0250 | Val Acc: 0.3393
2025-06-21 21:23:16,679 [INFO] Epoch 068 | Train Loss: 5.5209 | Val Loss: 3.0401 | Val Acc: 0.3571
2025-06-21 21:23:16,701 [INFO] Epoch 069 | Train Loss: 5.4271 | Val Loss: 2.8039 | Val Acc: 0.3393
2025-06-21 21:23:16,721 [INFO] Epoch 070 | Train Loss: 4.6115 | Val Loss: 2.7483 | Val Acc: 0.3929
2025-06-21 21:23:17,152 [INFO] Epoch 071 | Train Loss: 4.4714 | Val Loss: 2.9700 | Val Acc: 0.4107
2025-06-21 21:23:17,172 [INFO] Epoch 072 | Train Loss: 4.8262 | Val Loss: 2.7979 | Val Acc: 0.4464
2025-06-21 21:23:17,192 [INFO] Epoch 073 | Train Loss: 5.0768 | Val Loss: 2.8497 | Val Acc: 0.4107
2025-06-21 21:23:17,242 [INFO] Epoch 074 | Train Loss: 4.5260 | Val Loss: 3.1050 | Val Acc: 0.3750
2025-06-21 21:23:17,266 [INFO] Epoch 075 | Train Loss: 5.2829 | Val Loss: 2.8316 | Val Acc: 0.4464
2025-06-21 21:23:17,285 [INFO] Epoch 076 | Train Loss: 4.7033 | Val Loss: 2.9079 | Val Acc: 0.4464
2025-06-21 21:23:17,304 [INFO] Epoch 077 | Train Loss: 5.0581 | Val Loss: 2.8957 | Val Acc: 0.3750
2025-06-21 21:23:17,323 [INFO] Epoch 078 | Train Loss: 5.1232 | Val Loss: 2.8247 | Val Acc: 0.3750
2025-06-21 21:23:17,344 [INFO] Epoch 079 | Train Loss: 4.4260 | Val Loss: 2.7048 | Val Acc: 0.3929
2025-06-21 21:23:17,364 [INFO] Epoch 080 | Train Loss: 4.9651 | Val Loss: 2.6821 | Val Acc: 0.3750
2025-06-21 21:23:18,717 [INFO] Epoch 081 | Train Loss: 4.1799 | Val Loss: 2.6672 | Val Acc: 0.3929
2025-06-21 21:23:18,737 [INFO] Epoch 082 | Train Loss: 4.2380 | Val Loss: 2.7231 | Val Acc: 0.4107
2025-06-21 21:23:18,755 [INFO] Epoch 083 | Train Loss: 5.1798 | Val Loss: 2.5614 | Val Acc: 0.4286
2025-06-21 21:23:18,773 [INFO] Epoch 084 | Train Loss: 4.0945 | Val Loss: 2.6445 | Val Acc: 0.4286
2025-06-21 21:23:18,790 [INFO] Epoch 085 | Train Loss: 3.8228 | Val Loss: 2.6568 | Val Acc: 0.4643
2025-06-21 21:23:18,806 [INFO] Epoch 086 | Train Loss: 4.0521 | Val Loss: 3.0372 | Val Acc: 0.3036
2025-06-21 21:23:18,826 [INFO] Epoch 087 | Train Loss: 3.8696 | Val Loss: 3.2293 | Val Acc: 0.2857
2025-06-21 21:23:18,848 [INFO] Epoch 088 | Train Loss: 4.0457 | Val Loss: 3.0699 | Val Acc: 0.3571
2025-06-21 21:23:18,868 [INFO] Epoch 089 | Train Loss: 5.3850 | Val Loss: 2.8214 | Val Acc: 0.3929
2025-06-21 21:23:18,888 [INFO] Epoch 090 | Train Loss: 4.2067 | Val Loss: 2.7593 | Val Acc: 0.3571
2025-06-21 21:23:19,374 [INFO] Epoch 091 | Train Loss: 4.3625 | Val Loss: 2.6684 | Val Acc: 0.4286
2025-06-21 21:23:19,389 [INFO] Epoch 092 | Train Loss: 3.7869 | Val Loss: 3.0422 | Val Acc: 0.4107
2025-06-21 21:23:19,405 [INFO] Epoch 093 | Train Loss: 3.7426 | Val Loss: 3.1761 | Val Acc: 0.4107
2025-06-21 21:23:19,422 [INFO] Epoch 094 | Train Loss: 3.6902 | Val Loss: 3.3563 | Val Acc: 0.3571
2025-06-21 21:23:19,437 [INFO] Epoch 095 | Train Loss: 3.8943 | Val Loss: 3.0833 | Val Acc: 0.3929
2025-06-21 21:23:19,453 [INFO] Epoch 096 | Train Loss: 4.1578 | Val Loss: 3.0288 | Val Acc: 0.3929
2025-06-21 21:23:19,468 [INFO] Epoch 097 | Train Loss: 3.8867 | Val Loss: 2.9169 | Val Acc: 0.4643
2025-06-21 21:23:19,483 [INFO] Epoch 098 | Train Loss: 3.5723 | Val Loss: 2.9527 | Val Acc: 0.4821
2025-06-21 21:23:19,504 [INFO] Epoch 099 | Train Loss: 3.4976 | Val Loss: 2.9645 | Val Acc: 0.3750
2025-06-21 21:23:19,523 [INFO] Epoch 100 | Train Loss: 4.9199 | Val Loss: 3.0238 | Val Acc: 0.4107
2025-06-21 21:23:19,868 [INFO] Epoch 101 | Train Loss: 4.0444 | Val Loss: 2.7056 | Val Acc: 0.4464
2025-06-21 21:23:19,887 [INFO] Epoch 102 | Train Loss: 4.2126 | Val Loss: 2.6916 | Val Acc: 0.3750
2025-06-21 21:23:19,906 [INFO] Epoch 103 | Train Loss: 4.4419 | Val Loss: 2.5576 | Val Acc: 0.3571
2025-06-21 21:23:19,926 [INFO] Epoch 104 | Train Loss: 4.4781 | Val Loss: 2.7450 | Val Acc: 0.3214
2025-06-21 21:23:19,947 [INFO] Epoch 105 | Train Loss: 4.3277 | Val Loss: 2.9625 | Val Acc: 0.2857
2025-06-21 21:23:19,967 [INFO] Epoch 106 | Train Loss: 4.0290 | Val Loss: 2.8780 | Val Acc: 0.3750
2025-06-21 21:23:19,989 [INFO] Epoch 107 | Train Loss: 4.8186 | Val Loss: 2.7361 | Val Acc: 0.3393
2025-06-21 21:23:20,016 [INFO] Epoch 108 | Train Loss: 4.2160 | Val Loss: 2.7837 | Val Acc: 0.3750
2025-06-21 21:23:20,043 [INFO] Epoch 109 | Train Loss: 4.0994 | Val Loss: 2.8759 | Val Acc: 0.3393
2025-06-21 21:23:20,063 [INFO] Epoch 110 | Train Loss: 4.6468 | Val Loss: 2.8118 | Val Acc: 0.3036
2025-06-21 21:23:20,422 [INFO] Epoch 111 | Train Loss: 3.6578 | Val Loss: 2.6993 | Val Acc: 0.3571
2025-06-21 21:23:20,477 [INFO] Epoch 112 | Train Loss: 4.3444 | Val Loss: 2.4859 | Val Acc: 0.3750
2025-06-21 21:23:20,501 [INFO] Epoch 113 | Train Loss: 3.1821 | Val Loss: 2.4338 | Val Acc: 0.3929
2025-06-21 21:23:20,521 [INFO] Epoch 114 | Train Loss: 3.6416 | Val Loss: 2.5215 | Val Acc: 0.3393
2025-06-21 21:23:20,541 [INFO] Epoch 115 | Train Loss: 3.6996 | Val Loss: 2.5086 | Val Acc: 0.3929
2025-06-21 21:23:20,562 [INFO] Epoch 116 | Train Loss: 4.0266 | Val Loss: 2.3981 | Val Acc: 0.4286
2025-06-21 21:23:20,581 [INFO] Epoch 117 | Train Loss: 3.2165 | Val Loss: 2.4253 | Val Acc: 0.4286
2025-06-21 21:23:20,601 [INFO] Epoch 118 | Train Loss: 3.4286 | Val Loss: 2.4627 | Val Acc: 0.4286
2025-06-21 21:23:20,623 [INFO] Epoch 119 | Train Loss: 4.0189 | Val Loss: 2.3285 | Val Acc: 0.4107
2025-06-21 21:23:20,649 [INFO] Epoch 120 | Train Loss: 3.5635 | Val Loss: 2.3602 | Val Acc: 0.3929
2025-06-21 21:23:21,304 [INFO] Epoch 121 | Train Loss: 3.7213 | Val Loss: 2.5584 | Val Acc: 0.2857
2025-06-21 21:23:21,327 [INFO] Epoch 122 | Train Loss: 3.9373 | Val Loss: 2.5435 | Val Acc: 0.3214
2025-06-21 21:23:21,353 [INFO] Epoch 123 | Train Loss: 4.2499 | Val Loss: 2.4752 | Val Acc: 0.4464
2025-06-21 21:23:21,378 [INFO] Epoch 124 | Train Loss: 3.3231 | Val Loss: 2.4947 | Val Acc: 0.4643
2025-06-21 21:23:21,399 [INFO] Epoch 125 | Train Loss: 3.2290 | Val Loss: 2.5225 | Val Acc: 0.4286
2025-06-21 21:23:21,417 [INFO] Epoch 126 | Train Loss: 4.1332 | Val Loss: 2.4456 | Val Acc: 0.4286
2025-06-21 21:23:21,437 [INFO] Epoch 127 | Train Loss: 2.6500 | Val Loss: 2.3489 | Val Acc: 0.3929
2025-06-21 21:23:21,457 [INFO] Epoch 128 | Train Loss: 3.3809 | Val Loss: 2.3105 | Val Acc: 0.3393
2025-06-21 21:23:21,476 [INFO] Epoch 129 | Train Loss: 3.6103 | Val Loss: 2.2776 | Val Acc: 0.3929
2025-06-21 21:23:21,496 [INFO] Epoch 130 | Train Loss: 3.7189 | Val Loss: 2.2316 | Val Acc: 0.3929
2025-06-21 21:23:21,878 [INFO] Epoch 131 | Train Loss: 2.7847 | Val Loss: 2.0870 | Val Acc: 0.3750
2025-06-21 21:23:21,898 [INFO] Epoch 132 | Train Loss: 3.3765 | Val Loss: 2.1669 | Val Acc: 0.3214
2025-06-21 21:23:21,914 [INFO] Epoch 133 | Train Loss: 3.6127 | Val Loss: 2.1760 | Val Acc: 0.3393
2025-06-21 21:23:21,930 [INFO] Epoch 134 | Train Loss: 3.4508 | Val Loss: 2.3780 | Val Acc: 0.3750
2025-06-21 21:23:21,946 [INFO] Epoch 135 | Train Loss: 3.0282 | Val Loss: 2.3515 | Val Acc: 0.3571
2025-06-21 21:23:21,964 [INFO] Epoch 136 | Train Loss: 4.5552 | Val Loss: 2.3390 | Val Acc: 0.3750
2025-06-21 21:23:21,982 [INFO] Epoch 137 | Train Loss: 3.3914 | Val Loss: 2.2792 | Val Acc: 0.4286
2025-06-21 21:23:22,003 [INFO] Epoch 138 | Train Loss: 3.5908 | Val Loss: 2.2505 | Val Acc: 0.3571
2025-06-21 21:23:22,023 [INFO] Epoch 139 | Train Loss: 3.6491 | Val Loss: 2.2738 | Val Acc: 0.3929
2025-06-21 21:23:22,043 [INFO] Epoch 140 | Train Loss: 3.3757 | Val Loss: 2.2343 | Val Acc: 0.4286
2025-06-21 21:23:22,357 [INFO] Epoch 141 | Train Loss: 3.8422 | Val Loss: 2.2907 | Val Acc: 0.4464
2025-06-21 21:23:22,372 [INFO] Epoch 142 | Train Loss: 2.8619 | Val Loss: 2.3926 | Val Acc: 0.3929
2025-06-21 21:23:22,386 [INFO] Epoch 143 | Train Loss: 3.7500 | Val Loss: 2.3454 | Val Acc: 0.3036
2025-06-21 21:23:22,402 [INFO] Epoch 144 | Train Loss: 3.7191 | Val Loss: 2.3292 | Val Acc: 0.3393
2025-06-21 21:23:22,417 [INFO] Epoch 145 | Train Loss: 3.3619 | Val Loss: 2.3198 | Val Acc: 0.3214
2025-06-21 21:23:22,432 [INFO] Epoch 146 | Train Loss: 2.9518 | Val Loss: 2.2949 | Val Acc: 0.3214
2025-06-21 21:23:22,447 [INFO] Epoch 147 | Train Loss: 2.8984 | Val Loss: 2.2430 | Val Acc: 0.3214
2025-06-21 21:23:22,461 [INFO] Epoch 148 | Train Loss: 3.2026 | Val Loss: 2.1569 | Val Acc: 0.3750
2025-06-21 21:23:22,477 [INFO] Epoch 149 | Train Loss: 3.6307 | Val Loss: 2.3973 | Val Acc: 0.2857
2025-06-21 21:23:22,500 [INFO] Epoch 150 | Train Loss: 3.1416 | Val Loss: 2.1792 | Val Acc: 0.3393
2025-06-21 21:23:22,832 [INFO] Epoch 151 | Train Loss: 3.1974 | Val Loss: 2.1588 | Val Acc: 0.3929
2025-06-21 21:23:22,848 [INFO] Epoch 152 | Train Loss: 3.8273 | Val Loss: 2.1669 | Val Acc: 0.4107
2025-06-21 21:23:22,863 [INFO] Epoch 153 | Train Loss: 2.9736 | Val Loss: 2.1946 | Val Acc: 0.4107
2025-06-21 21:23:22,879 [INFO] Epoch 154 | Train Loss: 3.5137 | Val Loss: 2.2493 | Val Acc: 0.3750
2025-06-21 21:23:22,893 [INFO] Epoch 155 | Train Loss: 3.5189 | Val Loss: 2.2100 | Val Acc: 0.3214
2025-06-21 21:23:22,909 [INFO] Epoch 156 | Train Loss: 3.4753 | Val Loss: 2.0938 | Val Acc: 0.3036
2025-06-21 21:23:22,924 [INFO] Epoch 157 | Train Loss: 3.0545 | Val Loss: 2.0662 | Val Acc: 0.4107
2025-06-21 21:23:22,938 [INFO] Epoch 158 | Train Loss: 3.2201 | Val Loss: 2.0112 | Val Acc: 0.3929
2025-06-21 21:23:22,953 [INFO] Epoch 159 | Train Loss: 2.6877 | Val Loss: 1.9169 | Val Acc: 0.3929
2025-06-21 21:23:22,968 [INFO] Epoch 160 | Train Loss: 2.9824 | Val Loss: 1.8842 | Val Acc: 0.3750
2025-06-21 21:23:23,283 [INFO] Epoch 161 | Train Loss: 3.8098 | Val Loss: 1.9959 | Val Acc: 0.4107
2025-06-21 21:23:23,300 [INFO] Epoch 162 | Train Loss: 2.7159 | Val Loss: 2.0357 | Val Acc: 0.4464
2025-06-21 21:23:23,317 [INFO] Epoch 163 | Train Loss: 3.1490 | Val Loss: 2.1329 | Val Acc: 0.4107
2025-06-21 21:23:23,333 [INFO] Epoch 164 | Train Loss: 2.8677 | Val Loss: 2.1498 | Val Acc: 0.4286
2025-06-21 21:23:23,348 [INFO] Epoch 165 | Train Loss: 3.1379 | Val Loss: 1.9819 | Val Acc: 0.3929
2025-06-21 21:23:23,362 [INFO] Epoch 166 | Train Loss: 2.9144 | Val Loss: 1.9984 | Val Acc: 0.3393
2025-06-21 21:23:23,380 [INFO] Epoch 167 | Train Loss: 2.6219 | Val Loss: 1.9837 | Val Acc: 0.3571
2025-06-21 21:23:23,395 [INFO] Epoch 168 | Train Loss: 2.6322 | Val Loss: 1.9436 | Val Acc: 0.3929
2025-06-21 21:23:23,411 [INFO] Epoch 169 | Train Loss: 3.2255 | Val Loss: 2.0024 | Val Acc: 0.3929
2025-06-21 21:23:23,425 [INFO] Epoch 170 | Train Loss: 3.0336 | Val Loss: 2.0854 | Val Acc: 0.3750
2025-06-21 21:23:23,786 [INFO] Epoch 171 | Train Loss: 2.8486 | Val Loss: 2.2352 | Val Acc: 0.3571
2025-06-21 21:23:23,802 [INFO] Epoch 172 | Train Loss: 3.3365 | Val Loss: 2.3392 | Val Acc: 0.3214
2025-06-21 21:23:23,818 [INFO] Epoch 173 | Train Loss: 2.7939 | Val Loss: 2.1496 | Val Acc: 0.3571
2025-06-21 21:23:23,833 [INFO] Epoch 174 | Train Loss: 2.5926 | Val Loss: 2.0356 | Val Acc: 0.3214
2025-06-21 21:23:23,848 [INFO] Epoch 175 | Train Loss: 3.0361 | Val Loss: 1.9433 | Val Acc: 0.3036
2025-06-21 21:23:23,862 [INFO] Epoch 176 | Train Loss: 2.8582 | Val Loss: 1.9378 | Val Acc: 0.3571
2025-06-21 21:23:23,877 [INFO] Epoch 177 | Train Loss: 2.6934 | Val Loss: 2.0397 | Val Acc: 0.3214
2025-06-21 21:23:23,892 [INFO] Epoch 178 | Train Loss: 3.3694 | Val Loss: 2.0964 | Val Acc: 0.3571
2025-06-21 21:23:23,906 [INFO] Epoch 179 | Train Loss: 3.0434 | Val Loss: 2.1647 | Val Acc: 0.3750
2025-06-21 21:23:23,921 [INFO] Epoch 180 | Train Loss: 2.9180 | Val Loss: 2.0639 | Val Acc: 0.3393
2025-06-21 21:23:24,234 [INFO] Epoch 181 | Train Loss: 2.9686 | Val Loss: 1.9619 | Val Acc: 0.3571
2025-06-21 21:23:24,248 [INFO] Epoch 182 | Train Loss: 2.6555 | Val Loss: 1.8368 | Val Acc: 0.3929
2025-06-21 21:23:24,264 [INFO] Epoch 183 | Train Loss: 3.1950 | Val Loss: 1.8514 | Val Acc: 0.4107
2025-06-21 21:23:24,278 [INFO] Epoch 184 | Train Loss: 2.8919 | Val Loss: 1.9091 | Val Acc: 0.4107
2025-06-21 21:23:24,294 [INFO] Epoch 185 | Train Loss: 2.6648 | Val Loss: 1.8866 | Val Acc: 0.4286
2025-06-21 21:23:24,310 [INFO] Epoch 186 | Train Loss: 2.9628 | Val Loss: 1.8879 | Val Acc: 0.3750
2025-06-21 21:23:24,325 [INFO] Epoch 187 | Train Loss: 2.5619 | Val Loss: 1.8503 | Val Acc: 0.3750
2025-06-21 21:23:24,340 [INFO] Epoch 188 | Train Loss: 2.8178 | Val Loss: 1.8183 | Val Acc: 0.4107
2025-06-21 21:23:24,356 [INFO] Epoch 189 | Train Loss: 2.4337 | Val Loss: 1.8860 | Val Acc: 0.4107
2025-06-21 21:23:24,370 [INFO] Epoch 190 | Train Loss: 2.4624 | Val Loss: 1.9370 | Val Acc: 0.3929
2025-06-21 21:23:24,785 [INFO] Epoch 191 | Train Loss: 2.8571 | Val Loss: 1.8833 | Val Acc: 0.3929
2025-06-21 21:23:24,800 [INFO] Epoch 192 | Train Loss: 2.3350 | Val Loss: 1.9324 | Val Acc: 0.3750
2025-06-21 21:23:24,815 [INFO] Epoch 193 | Train Loss: 2.9642 | Val Loss: 1.9635 | Val Acc: 0.3750
2025-06-21 21:23:24,830 [INFO] Epoch 194 | Train Loss: 3.0642 | Val Loss: 1.9159 | Val Acc: 0.3929
2025-06-21 21:23:24,845 [INFO] Epoch 195 | Train Loss: 2.4191 | Val Loss: 1.9529 | Val Acc: 0.4286
2025-06-21 21:23:24,861 [INFO] Epoch 196 | Train Loss: 3.1100 | Val Loss: 2.0425 | Val Acc: 0.4286
2025-06-21 21:23:24,900 [INFO] Epoch 197 | Train Loss: 2.4904 | Val Loss: 2.0236 | Val Acc: 0.4107
2025-06-21 21:23:24,918 [INFO] Epoch 198 | Train Loss: 2.5949 | Val Loss: 1.8057 | Val Acc: 0.4107
2025-06-21 21:23:24,935 [INFO] Epoch 199 | Train Loss: 2.0216 | Val Loss: 1.7108 | Val Acc: 0.4286
2025-06-21 21:23:24,952 [INFO] Epoch 200 | Train Loss: 2.6369 | Val Loss: 1.7313 | Val Acc: 0.3929
2025-06-21 21:23:25,352 [INFO] Epoch 201 | Train Loss: 2.8907 | Val Loss: 1.7023 | Val Acc: 0.4464
2025-06-21 21:23:25,373 [INFO] Epoch 202 | Train Loss: 2.3757 | Val Loss: 1.8007 | Val Acc: 0.3036
2025-06-21 21:23:25,394 [INFO] Epoch 203 | Train Loss: 2.1075 | Val Loss: 1.8548 | Val Acc: 0.3036
2025-06-21 21:23:25,414 [INFO] Epoch 204 | Train Loss: 2.6600 | Val Loss: 1.7870 | Val Acc: 0.3571
2025-06-21 21:23:25,436 [INFO] Epoch 205 | Train Loss: 2.5914 | Val Loss: 1.8664 | Val Acc: 0.4107
2025-06-21 21:23:25,459 [INFO] Epoch 206 | Train Loss: 2.3756 | Val Loss: 1.9809 | Val Acc: 0.3750
2025-06-21 21:23:25,481 [INFO] Epoch 207 | Train Loss: 2.3748 | Val Loss: 2.0095 | Val Acc: 0.4286
2025-06-21 21:23:25,506 [INFO] Epoch 208 | Train Loss: 2.9193 | Val Loss: 1.9400 | Val Acc: 0.4464
2025-06-21 21:23:25,527 [INFO] Epoch 209 | Train Loss: 3.1731 | Val Loss: 1.8303 | Val Acc: 0.3929
2025-06-21 21:23:25,551 [INFO] Epoch 210 | Train Loss: 2.6878 | Val Loss: 1.7643 | Val Acc: 0.3929
2025-06-21 21:23:25,859 [INFO] Early stopping at epoch 210 (no improvement in 150 epochs).
2025-06-21 21:23:25,861 [INFO] Best model saved to <built-in function time>/ENZYMES/best/best_source_gin.pth (Val Acc: 0.4821 at epoch 60)
2025-06-21 21:23:25,862 [INFO] Training/validation metrics saved to <built-in function time>/ENZYMES/GIN_0.0001/train_metrics.csv
2025-06-21 21:23:26,953 [INFO] Final training curves saved
2025-06-21 21:23:26,953 [INFO] Training completed!
2025-06-21 21:23:26,953 [INFO] Best validation accuracy: 0.4821
2025-06-21 21:23:26,953 [INFO] Best epoch: 60
2025-06-21 21:23:26,953 [INFO] Total epochs trained: 210
2025-06-21 21:23:26,954 [INFO] Starting training with parameters: (0.0001, 0.5, 256, 1, 400, 0.001)
