2025-06-20 17:48:55,528 [INFO] Using device: cpu
2025-06-20 17:48:55,528 [INFO] 开始创建数据加载器...
2025-06-20 17:48:55,529 [INFO] Successfully loaded dataset ENZYMES from ./data, total graphs: 600
2025-06-20 17:48:55,529 [INFO] Class allocation analysis:
2025-06-20 17:48:55,529 [INFO]   Source classes: [0, 1, 2, 3]
2025-06-20 17:48:55,529 [INFO]   Target classes: [0, 1, 2, 3, 4, 5]
2025-06-20 17:48:55,530 [INFO]   Overlap classes (to be split): [0, 1, 2, 3]
2025-06-20 17:48:55,530 [INFO]   Target novel classes (unknown): [4, 5]
2025-06-20 17:48:55,544 [INFO]   Class 0: 100 total -> Source: 70, Target: 30
2025-06-20 17:48:55,544 [INFO]   Class 1: 100 total -> Source: 70, Target: 30
2025-06-20 17:48:55,544 [INFO]   Class 2: 100 total -> Source: 70, Target: 30
2025-06-20 17:48:55,544 [INFO]   Class 3: 100 total -> Source: 70, Target: 30
2025-06-20 17:48:55,544 [INFO]   Class 4 (novel/unknown): 100 samples -> Target
2025-06-20 17:48:55,544 [INFO]   Class 5 (novel/unknown): 100 samples -> Target
2025-06-20 17:48:55,544 [INFO] Final allocation:
2025-06-20 17:48:55,545 [INFO]   Source domain: 280 samples
2025-06-20 17:48:55,545 [INFO]   Target domain: 320 samples
2025-06-20 17:48:55,546 [INFO] Source domain setup:
2025-06-20 17:48:55,546 [INFO]   Original classes: [0, 1, 2, 3]
2025-06-20 17:48:55,546 [INFO]   Overlap classes used: [0, 1, 2, 3]
2025-06-20 17:48:55,546 [INFO]   Label mapping: {0: 0, 1: 1, 2: 2, 3: 3}
2025-06-20 17:48:55,546 [INFO]   Total data after allocation: 280
2025-06-20 17:48:55,546 [INFO]   Data split - Train: 224, Val: 56
2025-06-20 17:48:55,546 [INFO]   Train label distribution: {0: 56, 1: 56, 3: 56, 2: 56}
2025-06-20 17:48:55,546 [INFO]   Val label distribution: {1: 14, 2: 14, 0: 14, 3: 14}
2025-06-20 17:48:55,547 [INFO] Successfully loaded dataset ENZYMES from ./data, total graphs: 600
2025-06-20 17:48:55,547 [INFO] Class allocation analysis:
2025-06-20 17:48:55,548 [INFO]   Source classes: [0, 1, 2, 3]
2025-06-20 17:48:55,548 [INFO]   Target classes: [0, 1, 2, 3, 4, 5]
2025-06-20 17:48:55,548 [INFO]   Overlap classes (to be split): [0, 1, 2, 3]
2025-06-20 17:48:55,548 [INFO]   Target novel classes (unknown): [4, 5]
2025-06-20 17:48:55,561 [INFO]   Class 0: 100 total -> Source: 70, Target: 30
2025-06-20 17:48:55,561 [INFO]   Class 1: 100 total -> Source: 70, Target: 30
2025-06-20 17:48:55,561 [INFO]   Class 2: 100 total -> Source: 70, Target: 30
2025-06-20 17:48:55,562 [INFO]   Class 3: 100 total -> Source: 70, Target: 30
2025-06-20 17:48:55,562 [INFO]   Class 4 (novel/unknown): 100 samples -> Target
2025-06-20 17:48:55,562 [INFO]   Class 5 (novel/unknown): 100 samples -> Target
2025-06-20 17:48:55,562 [INFO] Final allocation:
2025-06-20 17:48:55,562 [INFO]   Source domain: 280 samples
2025-06-20 17:48:55,562 [INFO]   Target domain: 320 samples
2025-06-20 17:48:55,563 [INFO] Target domain setup:
2025-06-20 17:48:55,563 [INFO]   Original classes: [0, 1, 2, 3, 4, 5]
2025-06-20 17:48:55,563 [INFO]   Overlap classes: [0, 1, 2, 3]
2025-06-20 17:48:55,563 [INFO]   Novel classes: [4, 5] -> mapped to unknown label 4
2025-06-20 17:48:55,563 [INFO]   Label mapping: {0: 0, 1: 1, 2: 2, 3: 3, 4: 4, 5: 4}
2025-06-20 17:48:55,563 [INFO]   Total data after allocation: 320
2025-06-20 17:48:55,563 [INFO]   Data split - Train: 256, Val: 64
2025-06-20 17:48:55,563 [INFO]   Total count: 320 (known: 120, unknown: 200)
2025-06-20 17:48:55,563 [INFO]   Total label distribution: {4: 200, 3: 30, 0: 30, 1: 30, 2: 30}
2025-06-20 17:48:55,563 [INFO]   Train label distribution: {4: 160, 0: 24, 2: 24, 3: 24, 1: 24}
2025-06-20 17:48:55,563 [INFO]   Val label distribution: {1: 6, 4: 40, 3: 6, 0: 6, 2: 6}
2025-06-20 17:48:55,564 [INFO] 数据加载器创建完成!
2025-06-20 17:48:55,564 [INFO] 源域类别数: 4 (重叠类别)
2025-06-20 17:48:55,564 [INFO] 目标域类别数: 5 (4个重叠类别 + 1个未知类别)
2025-06-20 17:48:55,564 [INFO] 重叠类别: [0, 1, 2, 3]
2025-06-20 17:48:55,564 [INFO] 目标域新类别: [4, 5]
2025-06-20 17:48:55,564 [INFO] Data allocation verification:
2025-06-20 17:48:55,564 [INFO]   Source data samples: 280
2025-06-20 17:48:55,564 [INFO]   Target data samples: 320
2025-06-20 17:48:55,564 [INFO]   Overlapping samples: 0
2025-06-20 17:48:55,564 [INFO]   ✓ Data allocation is correct - no overlapping samples
2025-06-20 17:48:55,565 [INFO] Model initialized with 18052 parameters
2025-06-20 17:48:55,565 [INFO] Previous best validation accuracy read from record.txt: 0.6071
2025-06-20 17:48:55,565 [INFO] Starting training...
2025-06-20 17:48:55,580 [INFO] Epoch 001 | Train Loss: 12.0753 | Val Loss: 7.0290 | Val Acc: 0.1607
2025-06-20 17:48:55,686 [INFO] New best model at epoch 1 (Val Acc: 0.1607)
2025-06-20 17:48:55,701 [INFO] Epoch 002 | Train Loss: 9.6196 | Val Loss: 5.1782 | Val Acc: 0.1250
2025-06-20 17:48:55,715 [INFO] Epoch 003 | Train Loss: 7.8269 | Val Loss: 4.8175 | Val Acc: 0.2500
2025-06-20 17:48:55,717 [INFO] New best model at epoch 3 (Val Acc: 0.2500)
2025-06-20 17:48:55,733 [INFO] Epoch 004 | Train Loss: 6.7758 | Val Loss: 4.6281 | Val Acc: 0.2500
2025-06-20 17:48:55,753 [INFO] Epoch 005 | Train Loss: 6.0103 | Val Loss: 4.1597 | Val Acc: 0.2143
2025-06-20 17:48:55,774 [INFO] Epoch 006 | Train Loss: 5.0009 | Val Loss: 3.6609 | Val Acc: 0.2143
2025-06-20 17:48:55,794 [INFO] Epoch 007 | Train Loss: 4.6288 | Val Loss: 3.1055 | Val Acc: 0.2500
2025-06-20 17:48:55,811 [INFO] Epoch 008 | Train Loss: 4.4029 | Val Loss: 2.5044 | Val Acc: 0.1964
2025-06-20 17:48:55,831 [INFO] Epoch 009 | Train Loss: 4.3223 | Val Loss: 2.2160 | Val Acc: 0.2500
2025-06-20 17:48:55,849 [INFO] Epoch 010 | Train Loss: 3.3295 | Val Loss: 2.0550 | Val Acc: 0.2679
2025-06-20 17:48:55,981 [INFO] New best model at epoch 10 (Val Acc: 0.2679)
2025-06-20 17:48:56,000 [INFO] Epoch 011 | Train Loss: 3.6221 | Val Loss: 2.1279 | Val Acc: 0.2679
2025-06-20 17:48:56,017 [INFO] Epoch 012 | Train Loss: 3.2169 | Val Loss: 2.3262 | Val Acc: 0.2857
2025-06-20 17:48:56,019 [INFO] New best model at epoch 12 (Val Acc: 0.2857)
2025-06-20 17:48:56,035 [INFO] Epoch 013 | Train Loss: 3.1852 | Val Loss: 2.4707 | Val Acc: 0.2321
2025-06-20 17:48:56,058 [INFO] Epoch 014 | Train Loss: 3.4508 | Val Loss: 2.2292 | Val Acc: 0.2679
2025-06-20 17:48:56,077 [INFO] Epoch 015 | Train Loss: 3.2390 | Val Loss: 2.0564 | Val Acc: 0.3214
2025-06-20 17:48:56,079 [INFO] New best model at epoch 15 (Val Acc: 0.3214)
2025-06-20 17:48:56,096 [INFO] Epoch 016 | Train Loss: 2.9793 | Val Loss: 2.0001 | Val Acc: 0.3214
2025-06-20 17:48:56,115 [INFO] Epoch 017 | Train Loss: 3.1392 | Val Loss: 2.0347 | Val Acc: 0.2679
2025-06-20 17:48:56,133 [INFO] Epoch 018 | Train Loss: 2.7361 | Val Loss: 2.1665 | Val Acc: 0.3214
2025-06-20 17:48:56,151 [INFO] Epoch 019 | Train Loss: 3.0196 | Val Loss: 2.0718 | Val Acc: 0.3036
2025-06-20 17:48:56,172 [INFO] Epoch 020 | Train Loss: 2.8729 | Val Loss: 2.0972 | Val Acc: 0.3393
2025-06-20 17:48:56,289 [INFO] New best model at epoch 20 (Val Acc: 0.3393)
2025-06-20 17:48:56,317 [INFO] Epoch 021 | Train Loss: 2.9228 | Val Loss: 2.1943 | Val Acc: 0.2857
2025-06-20 17:48:56,337 [INFO] Epoch 022 | Train Loss: 2.6711 | Val Loss: 2.5018 | Val Acc: 0.3393
2025-06-20 17:48:56,356 [INFO] Epoch 023 | Train Loss: 2.7766 | Val Loss: 2.7091 | Val Acc: 0.3036
2025-06-20 17:48:56,373 [INFO] Epoch 024 | Train Loss: 3.1575 | Val Loss: 2.7801 | Val Acc: 0.3214
2025-06-20 17:48:56,393 [INFO] Epoch 025 | Train Loss: 2.5776 | Val Loss: 2.4253 | Val Acc: 0.3571
2025-06-20 17:48:56,395 [INFO] New best model at epoch 25 (Val Acc: 0.3571)
2025-06-20 17:48:56,415 [INFO] Epoch 026 | Train Loss: 3.0403 | Val Loss: 2.3709 | Val Acc: 0.3571
2025-06-20 17:48:56,437 [INFO] Epoch 027 | Train Loss: 3.2821 | Val Loss: 2.2576 | Val Acc: 0.3036
2025-06-20 17:48:56,457 [INFO] Epoch 028 | Train Loss: 2.6861 | Val Loss: 2.1270 | Val Acc: 0.3750
2025-06-20 17:48:56,459 [INFO] New best model at epoch 28 (Val Acc: 0.3750)
2025-06-20 17:48:56,474 [INFO] Epoch 029 | Train Loss: 2.7273 | Val Loss: 2.1250 | Val Acc: 0.3750
2025-06-20 17:48:56,495 [INFO] Epoch 030 | Train Loss: 2.5729 | Val Loss: 2.0741 | Val Acc: 0.3929
2025-06-20 17:48:56,635 [INFO] New best model at epoch 30 (Val Acc: 0.3929)
2025-06-20 17:48:56,653 [INFO] Epoch 031 | Train Loss: 2.6131 | Val Loss: 2.0601 | Val Acc: 0.3750
2025-06-20 17:48:56,674 [INFO] Epoch 032 | Train Loss: 2.5969 | Val Loss: 2.0177 | Val Acc: 0.3929
2025-06-20 17:48:56,695 [INFO] Epoch 033 | Train Loss: 2.5793 | Val Loss: 2.0821 | Val Acc: 0.3571
2025-06-20 17:48:56,720 [INFO] Epoch 034 | Train Loss: 2.8046 | Val Loss: 2.1628 | Val Acc: 0.3393
2025-06-20 17:48:56,746 [INFO] Epoch 035 | Train Loss: 2.9277 | Val Loss: 2.0651 | Val Acc: 0.3929
2025-06-20 17:48:56,780 [INFO] Epoch 036 | Train Loss: 2.6425 | Val Loss: 2.0483 | Val Acc: 0.3750
2025-06-20 17:48:56,803 [INFO] Epoch 037 | Train Loss: 2.6061 | Val Loss: 2.0354 | Val Acc: 0.3750
2025-06-20 17:48:56,826 [INFO] Epoch 038 | Train Loss: 2.3993 | Val Loss: 2.0370 | Val Acc: 0.3571
2025-06-20 17:48:56,850 [INFO] Epoch 039 | Train Loss: 2.6408 | Val Loss: 1.9359 | Val Acc: 0.3393
2025-06-20 17:48:56,872 [INFO] Epoch 040 | Train Loss: 2.7324 | Val Loss: 1.9335 | Val Acc: 0.3750
2025-06-20 17:48:57,045 [INFO] Epoch 041 | Train Loss: 2.5565 | Val Loss: 1.9936 | Val Acc: 0.3571
2025-06-20 17:48:57,086 [INFO] Epoch 042 | Train Loss: 2.4890 | Val Loss: 1.9025 | Val Acc: 0.3571
2025-06-20 17:48:57,109 [INFO] Epoch 043 | Train Loss: 2.8930 | Val Loss: 1.9666 | Val Acc: 0.3750
2025-06-20 17:48:57,129 [INFO] Epoch 044 | Train Loss: 2.6950 | Val Loss: 2.2149 | Val Acc: 0.3571
2025-06-20 17:48:57,150 [INFO] Epoch 045 | Train Loss: 2.4059 | Val Loss: 2.0404 | Val Acc: 0.3929
2025-06-20 17:48:57,168 [INFO] Epoch 046 | Train Loss: 2.5934 | Val Loss: 1.9356 | Val Acc: 0.3750
2025-06-20 17:48:57,189 [INFO] Epoch 047 | Train Loss: 2.6646 | Val Loss: 1.9656 | Val Acc: 0.3929
2025-06-20 17:48:57,212 [INFO] Epoch 048 | Train Loss: 2.5394 | Val Loss: 2.0376 | Val Acc: 0.4107
2025-06-20 17:48:57,214 [INFO] New best model at epoch 48 (Val Acc: 0.4107)
2025-06-20 17:48:57,238 [INFO] Epoch 049 | Train Loss: 2.3490 | Val Loss: 2.0924 | Val Acc: 0.4464
2025-06-20 17:48:57,240 [INFO] New best model at epoch 49 (Val Acc: 0.4464)
2025-06-20 17:48:57,262 [INFO] Epoch 050 | Train Loss: 2.5298 | Val Loss: 1.9842 | Val Acc: 0.4107
2025-06-20 17:48:57,388 [INFO] Best model saved to <built-in function time>/ENZYMES/best/best_source_gin.pth (Val Acc: 0.4464 at epoch 49)
2025-06-20 17:48:57,388 [INFO] Training/validation metrics saved to <built-in function time>/ENZYMES/GIN_0.0001/train_metrics.csv
2025-06-20 17:48:57,507 [INFO] Final training curves saved
2025-06-20 17:48:57,507 [INFO] Training completed!
2025-06-20 17:48:57,507 [INFO] Best validation accuracy: 0.4464
2025-06-20 17:48:57,507 [INFO] Best epoch: 49
2025-06-20 17:48:57,507 [INFO] Total epochs trained: 50
2025-06-20 17:48:57,507 [INFO] Starting training with parameters: (0.0001, 0.1, 128, 1, 100, 0.0)
