2025-06-21 20:14:55,137 [INFO] Using device: cpu
2025-06-21 20:14:55,137 [INFO] 开始创建数据加载器...
2025-06-21 20:14:55,138 [INFO] Successfully loaded dataset ENZYMES from ./data, total graphs: 600
2025-06-21 20:14:55,139 [INFO] Class allocation analysis:
2025-06-21 20:14:55,139 [INFO]   Source classes: [0, 1, 2, 3]
2025-06-21 20:14:55,139 [INFO]   Target classes: [0, 1, 2, 3, 4, 5]
2025-06-21 20:14:55,139 [INFO]   Overlap classes (to be split): [0, 1, 2, 3]
2025-06-21 20:14:55,139 [INFO]   Target novel classes (unknown): [4, 5]
2025-06-21 20:14:55,152 [INFO]   Class 0: 100 total -> Source: 70, Target: 30
2025-06-21 20:14:55,152 [INFO]   Class 1: 100 total -> Source: 70, Target: 30
2025-06-21 20:14:55,152 [INFO]   Class 2: 100 total -> Source: 70, Target: 30
2025-06-21 20:14:55,152 [INFO]   Class 3: 100 total -> Source: 70, Target: 30
2025-06-21 20:14:55,152 [INFO]   Class 4 (novel/unknown): 100 samples -> Target
2025-06-21 20:14:55,152 [INFO]   Class 5 (novel/unknown): 100 samples -> Target
2025-06-21 20:14:55,153 [INFO] Final allocation:
2025-06-21 20:14:55,153 [INFO]   Source domain: 280 samples
2025-06-21 20:14:55,153 [INFO]   Target domain: 320 samples
2025-06-21 20:14:55,154 [INFO] Source domain setup:
2025-06-21 20:14:55,154 [INFO]   Original classes: [0, 1, 2, 3]
2025-06-21 20:14:55,154 [INFO]   Overlap classes used: [0, 1, 2, 3]
2025-06-21 20:14:55,154 [INFO]   Label mapping: {0: 0, 1: 1, 2: 2, 3: 3}
2025-06-21 20:14:55,154 [INFO]   Total data after allocation: 280
2025-06-21 20:14:55,154 [INFO]   Data split - Train: 224, Val: 56
2025-06-21 20:14:55,154 [INFO]   Train label distribution: {0: 56, 1: 56, 3: 56, 2: 56}
2025-06-21 20:14:55,154 [INFO]   Val label distribution: {1: 14, 2: 14, 0: 14, 3: 14}
2025-06-21 20:14:55,155 [INFO] Successfully loaded dataset ENZYMES from ./data, total graphs: 600
2025-06-21 20:14:55,155 [INFO] Class allocation analysis:
2025-06-21 20:14:55,155 [INFO]   Source classes: [0, 1, 2, 3]
2025-06-21 20:14:55,155 [INFO]   Target classes: [0, 1, 2, 3, 4, 5]
2025-06-21 20:14:55,155 [INFO]   Overlap classes (to be split): [0, 1, 2, 3]
2025-06-21 20:14:55,155 [INFO]   Target novel classes (unknown): [4, 5]
2025-06-21 20:14:55,169 [INFO]   Class 0: 100 total -> Source: 70, Target: 30
2025-06-21 20:14:55,169 [INFO]   Class 1: 100 total -> Source: 70, Target: 30
2025-06-21 20:14:55,169 [INFO]   Class 2: 100 total -> Source: 70, Target: 30
2025-06-21 20:14:55,169 [INFO]   Class 3: 100 total -> Source: 70, Target: 30
2025-06-21 20:14:55,169 [INFO]   Class 4 (novel/unknown): 100 samples -> Target
2025-06-21 20:14:55,169 [INFO]   Class 5 (novel/unknown): 100 samples -> Target
2025-06-21 20:14:55,169 [INFO] Final allocation:
2025-06-21 20:14:55,169 [INFO]   Source domain: 280 samples
2025-06-21 20:14:55,169 [INFO]   Target domain: 320 samples
2025-06-21 20:14:55,171 [INFO] Target domain setup:
2025-06-21 20:14:55,171 [INFO]   Original classes: [0, 1, 2, 3, 4, 5]
2025-06-21 20:14:55,171 [INFO]   Overlap classes: [0, 1, 2, 3]
2025-06-21 20:14:55,171 [INFO]   Novel classes: [4, 5] -> mapped to unknown label 4
2025-06-21 20:14:55,171 [INFO]   Label mapping: {0: 0, 1: 1, 2: 2, 3: 3, 4: 4, 5: 4}
2025-06-21 20:14:55,171 [INFO]   Total data after allocation: 320
2025-06-21 20:14:55,171 [INFO]   Data split - Train: 256, Val: 64
2025-06-21 20:14:55,171 [INFO]   Total count: 320 (known: 120, unknown: 200)
2025-06-21 20:14:55,171 [INFO]   Total label distribution: {4: 200, 3: 30, 0: 30, 1: 30, 2: 30}
2025-06-21 20:14:55,171 [INFO]   Train label distribution: {4: 160, 0: 24, 2: 24, 3: 24, 1: 24}
2025-06-21 20:14:55,171 [INFO]   Val label distribution: {1: 6, 4: 40, 3: 6, 0: 6, 2: 6}
2025-06-21 20:14:55,171 [INFO] 数据加载器创建完成!
2025-06-21 20:14:55,171 [INFO] 源域类别数: 4 (重叠类别)
2025-06-21 20:14:55,172 [INFO] 目标域类别数: 5 (4个重叠类别 + 1个未知类别)
2025-06-21 20:14:55,172 [INFO] 重叠类别: [0, 1, 2, 3]
2025-06-21 20:14:55,172 [INFO] 目标域新类别: [4, 5]
2025-06-21 20:14:55,172 [INFO] Data allocation verification:
2025-06-21 20:14:55,172 [INFO]   Source data samples: 280
2025-06-21 20:14:55,172 [INFO]   Target data samples: 320
2025-06-21 20:14:55,172 [INFO]   Overlapping samples: 0
2025-06-21 20:14:55,172 [INFO]   ✓ Data allocation is correct - no overlapping samples
2025-06-21 20:14:55,173 [INFO] Model initialized with 268804 parameters
2025-06-21 20:14:55,173 [INFO] Previous best validation accuracy read from record.txt: 0.6250
2025-06-21 20:14:55,173 [INFO] Starting training...
2025-06-21 20:14:55,200 [INFO] Epoch 001 | Train Loss: 10.5685 | Val Loss: 4.7029 | Val Acc: 0.3393
2025-06-21 20:14:55,441 [INFO] New best model at epoch 1 (Val Acc: 0.3393)
2025-06-21 20:14:55,466 [INFO] Epoch 002 | Train Loss: 6.7959 | Val Loss: 2.5022 | Val Acc: 0.3750
2025-06-21 20:14:55,471 [INFO] New best model at epoch 2 (Val Acc: 0.3750)
2025-06-21 20:14:55,494 [INFO] Epoch 003 | Train Loss: 7.3837 | Val Loss: 2.8803 | Val Acc: 0.3393
2025-06-21 20:14:55,520 [INFO] Epoch 004 | Train Loss: 6.8997 | Val Loss: 3.4402 | Val Acc: 0.3750
2025-06-21 20:14:55,547 [INFO] Epoch 005 | Train Loss: 6.0657 | Val Loss: 3.1651 | Val Acc: 0.3929
2025-06-21 20:14:55,552 [INFO] New best model at epoch 5 (Val Acc: 0.3929)
2025-06-21 20:14:55,576 [INFO] Epoch 006 | Train Loss: 5.5597 | Val Loss: 2.8194 | Val Acc: 0.4107
2025-06-21 20:14:55,581 [INFO] New best model at epoch 6 (Val Acc: 0.4107)
2025-06-21 20:14:55,602 [INFO] Epoch 007 | Train Loss: 5.8969 | Val Loss: 3.2025 | Val Acc: 0.3214
2025-06-21 20:14:55,629 [INFO] Epoch 008 | Train Loss: 6.3077 | Val Loss: 2.7464 | Val Acc: 0.3929
2025-06-21 20:14:55,655 [INFO] Epoch 009 | Train Loss: 6.1897 | Val Loss: 2.8176 | Val Acc: 0.3750
2025-06-21 20:14:55,686 [INFO] Epoch 010 | Train Loss: 4.6805 | Val Loss: 3.0503 | Val Acc: 0.3750
2025-06-21 20:14:56,016 [INFO] Epoch 011 | Train Loss: 6.0383 | Val Loss: 3.7834 | Val Acc: 0.2857
2025-06-21 20:14:56,046 [INFO] Epoch 012 | Train Loss: 6.2889 | Val Loss: 3.7535 | Val Acc: 0.4107
2025-06-21 20:14:56,071 [INFO] Epoch 013 | Train Loss: 6.5291 | Val Loss: 3.2103 | Val Acc: 0.3929
2025-06-21 20:14:56,099 [INFO] Epoch 014 | Train Loss: 5.3307 | Val Loss: 3.2633 | Val Acc: 0.3036
2025-06-21 20:14:56,125 [INFO] Epoch 015 | Train Loss: 7.0859 | Val Loss: 3.3720 | Val Acc: 0.3036
2025-06-21 20:14:56,152 [INFO] Epoch 016 | Train Loss: 6.2151 | Val Loss: 3.2439 | Val Acc: 0.3214
2025-06-21 20:14:56,179 [INFO] Epoch 017 | Train Loss: 5.3994 | Val Loss: 3.7687 | Val Acc: 0.4286
2025-06-21 20:14:56,185 [INFO] New best model at epoch 17 (Val Acc: 0.4286)
2025-06-21 20:14:56,207 [INFO] Epoch 018 | Train Loss: 5.5864 | Val Loss: 4.1887 | Val Acc: 0.3929
2025-06-21 20:14:56,233 [INFO] Epoch 019 | Train Loss: 4.8266 | Val Loss: 3.7333 | Val Acc: 0.3214
2025-06-21 20:14:56,260 [INFO] Epoch 020 | Train Loss: 5.2354 | Val Loss: 4.3572 | Val Acc: 0.3214
2025-06-21 20:14:56,549 [INFO] Epoch 021 | Train Loss: 5.2289 | Val Loss: 4.5382 | Val Acc: 0.3036
2025-06-21 20:14:56,578 [INFO] Epoch 022 | Train Loss: 5.3333 | Val Loss: 2.9590 | Val Acc: 0.3393
2025-06-21 20:14:56,606 [INFO] Epoch 023 | Train Loss: 5.4126 | Val Loss: 3.5670 | Val Acc: 0.3750
2025-06-21 20:14:56,631 [INFO] Epoch 024 | Train Loss: 5.3103 | Val Loss: 3.1045 | Val Acc: 0.3571
2025-06-21 20:14:56,657 [INFO] Epoch 025 | Train Loss: 5.5338 | Val Loss: 3.2921 | Val Acc: 0.3929
2025-06-21 20:14:56,688 [INFO] Epoch 026 | Train Loss: 5.8935 | Val Loss: 3.1631 | Val Acc: 0.4107
2025-06-21 20:14:56,720 [INFO] Epoch 027 | Train Loss: 5.6215 | Val Loss: 3.4037 | Val Acc: 0.4286
2025-06-21 20:14:56,748 [INFO] Epoch 028 | Train Loss: 5.5065 | Val Loss: 3.1096 | Val Acc: 0.3929
2025-06-21 20:14:56,774 [INFO] Epoch 029 | Train Loss: 5.5928 | Val Loss: 3.3352 | Val Acc: 0.4286
2025-06-21 20:14:56,800 [INFO] Epoch 030 | Train Loss: 5.3041 | Val Loss: 3.1932 | Val Acc: 0.3929
2025-06-21 20:14:57,161 [INFO] Epoch 031 | Train Loss: 4.7968 | Val Loss: 3.2075 | Val Acc: 0.4107
2025-06-21 20:14:57,193 [INFO] Epoch 032 | Train Loss: 5.6306 | Val Loss: 3.3445 | Val Acc: 0.3750
2025-06-21 20:14:57,223 [INFO] Epoch 033 | Train Loss: 5.1091 | Val Loss: 3.6032 | Val Acc: 0.3571
2025-06-21 20:14:57,248 [INFO] Epoch 034 | Train Loss: 5.0575 | Val Loss: 3.3080 | Val Acc: 0.3571
2025-06-21 20:14:57,273 [INFO] Epoch 035 | Train Loss: 4.7324 | Val Loss: 3.1206 | Val Acc: 0.4107
2025-06-21 20:14:57,299 [INFO] Epoch 036 | Train Loss: 5.0856 | Val Loss: 3.0693 | Val Acc: 0.3750
2025-06-21 20:14:57,325 [INFO] Epoch 037 | Train Loss: 4.4697 | Val Loss: 4.0698 | Val Acc: 0.2500
2025-06-21 20:14:57,351 [INFO] Epoch 038 | Train Loss: 4.1139 | Val Loss: 3.8545 | Val Acc: 0.2857
2025-06-21 20:14:57,378 [INFO] Epoch 039 | Train Loss: 5.1818 | Val Loss: 3.3122 | Val Acc: 0.4107
2025-06-21 20:14:57,404 [INFO] Epoch 040 | Train Loss: 4.9180 | Val Loss: 3.6153 | Val Acc: 0.3393
2025-06-21 20:14:57,679 [INFO] Epoch 041 | Train Loss: 4.0753 | Val Loss: 2.9674 | Val Acc: 0.3750
2025-06-21 20:14:57,707 [INFO] Epoch 042 | Train Loss: 4.4013 | Val Loss: 3.2988 | Val Acc: 0.2500
2025-06-21 20:14:57,735 [INFO] Epoch 043 | Train Loss: 5.2238 | Val Loss: 2.8627 | Val Acc: 0.3750
2025-06-21 20:14:57,761 [INFO] Epoch 044 | Train Loss: 4.2589 | Val Loss: 2.8568 | Val Acc: 0.3393
2025-06-21 20:14:57,786 [INFO] Epoch 045 | Train Loss: 4.6709 | Val Loss: 2.7973 | Val Acc: 0.4286
2025-06-21 20:14:57,814 [INFO] Epoch 046 | Train Loss: 4.0812 | Val Loss: 2.9349 | Val Acc: 0.4107
2025-06-21 20:14:57,839 [INFO] Epoch 047 | Train Loss: 4.7121 | Val Loss: 3.0766 | Val Acc: 0.3929
2025-06-21 20:14:57,866 [INFO] Epoch 048 | Train Loss: 4.1156 | Val Loss: 3.3109 | Val Acc: 0.3214
2025-06-21 20:14:57,893 [INFO] Epoch 049 | Train Loss: 4.6642 | Val Loss: 3.1058 | Val Acc: 0.3750
2025-06-21 20:14:57,922 [INFO] Epoch 050 | Train Loss: 4.7207 | Val Loss: 3.4032 | Val Acc: 0.3393
2025-06-21 20:14:58,164 [INFO] Best model saved to <built-in function time>/ENZYMES/best/best_source_gin.pth (Val Acc: 0.4286 at epoch 17)
2025-06-21 20:14:58,165 [INFO] Training/validation metrics saved to <built-in function time>/ENZYMES/GIN_0.0001/train_metrics.csv
2025-06-21 20:14:58,447 [INFO] Final training curves saved
2025-06-21 20:14:58,447 [INFO] Training completed!
2025-06-21 20:14:58,447 [INFO] Best validation accuracy: 0.4286
2025-06-21 20:14:58,447 [INFO] Best epoch: 17
2025-06-21 20:14:58,447 [INFO] Total epochs trained: 50
2025-06-21 20:14:58,448 [INFO] Starting training with parameters: (0.0001, 0.4, 512, 1, 100, 0.0)
