2025-06-20 17:53:10,135 [INFO] Using device: cpu
2025-06-20 17:53:10,135 [INFO] 开始创建数据加载器...
2025-06-20 17:53:10,139 [INFO] Successfully loaded dataset ENZYMES from ./data, total graphs: 600
2025-06-20 17:53:10,139 [INFO] Class allocation analysis:
2025-06-20 17:53:10,139 [INFO]   Source classes: [0, 1, 2, 3]
2025-06-20 17:53:10,139 [INFO]   Target classes: [0, 1, 2, 3, 4, 5]
2025-06-20 17:53:10,139 [INFO]   Overlap classes (to be split): [0, 1, 2, 3]
2025-06-20 17:53:10,139 [INFO]   Target novel classes (unknown): [4, 5]
2025-06-20 17:53:10,155 [INFO]   Class 0: 100 total -> Source: 70, Target: 30
2025-06-20 17:53:10,155 [INFO]   Class 1: 100 total -> Source: 70, Target: 30
2025-06-20 17:53:10,156 [INFO]   Class 2: 100 total -> Source: 70, Target: 30
2025-06-20 17:53:10,156 [INFO]   Class 3: 100 total -> Source: 70, Target: 30
2025-06-20 17:53:10,156 [INFO]   Class 4 (novel/unknown): 100 samples -> Target
2025-06-20 17:53:10,156 [INFO]   Class 5 (novel/unknown): 100 samples -> Target
2025-06-20 17:53:10,156 [INFO] Final allocation:
2025-06-20 17:53:10,156 [INFO]   Source domain: 280 samples
2025-06-20 17:53:10,156 [INFO]   Target domain: 320 samples
2025-06-20 17:53:10,157 [INFO] Source domain setup:
2025-06-20 17:53:10,157 [INFO]   Original classes: [0, 1, 2, 3]
2025-06-20 17:53:10,157 [INFO]   Overlap classes used: [0, 1, 2, 3]
2025-06-20 17:53:10,157 [INFO]   Label mapping: {0: 0, 1: 1, 2: 2, 3: 3}
2025-06-20 17:53:10,157 [INFO]   Total data after allocation: 280
2025-06-20 17:53:10,157 [INFO]   Data split - Train: 224, Val: 56
2025-06-20 17:53:10,157 [INFO]   Train label distribution: {0: 56, 1: 56, 3: 56, 2: 56}
2025-06-20 17:53:10,157 [INFO]   Val label distribution: {1: 14, 2: 14, 0: 14, 3: 14}
2025-06-20 17:53:10,159 [INFO] Successfully loaded dataset ENZYMES from ./data, total graphs: 600
2025-06-20 17:53:10,159 [INFO] Class allocation analysis:
2025-06-20 17:53:10,159 [INFO]   Source classes: [0, 1, 2, 3]
2025-06-20 17:53:10,159 [INFO]   Target classes: [0, 1, 2, 3, 4, 5]
2025-06-20 17:53:10,159 [INFO]   Overlap classes (to be split): [0, 1, 2, 3]
2025-06-20 17:53:10,159 [INFO]   Target novel classes (unknown): [4, 5]
2025-06-20 17:53:10,244 [INFO]   Class 0: 100 total -> Source: 70, Target: 30
2025-06-20 17:53:10,244 [INFO]   Class 1: 100 total -> Source: 70, Target: 30
2025-06-20 17:53:10,244 [INFO]   Class 2: 100 total -> Source: 70, Target: 30
2025-06-20 17:53:10,244 [INFO]   Class 3: 100 total -> Source: 70, Target: 30
2025-06-20 17:53:10,244 [INFO]   Class 4 (novel/unknown): 100 samples -> Target
2025-06-20 17:53:10,244 [INFO]   Class 5 (novel/unknown): 100 samples -> Target
2025-06-20 17:53:10,244 [INFO] Final allocation:
2025-06-20 17:53:10,244 [INFO]   Source domain: 280 samples
2025-06-20 17:53:10,245 [INFO]   Target domain: 320 samples
2025-06-20 17:53:10,246 [INFO] Target domain setup:
2025-06-20 17:53:10,246 [INFO]   Original classes: [0, 1, 2, 3, 4, 5]
2025-06-20 17:53:10,246 [INFO]   Overlap classes: [0, 1, 2, 3]
2025-06-20 17:53:10,246 [INFO]   Novel classes: [4, 5] -> mapped to unknown label 4
2025-06-20 17:53:10,246 [INFO]   Label mapping: {0: 0, 1: 1, 2: 2, 3: 3, 4: 4, 5: 4}
2025-06-20 17:53:10,246 [INFO]   Total data after allocation: 320
2025-06-20 17:53:10,246 [INFO]   Data split - Train: 256, Val: 64
2025-06-20 17:53:10,246 [INFO]   Total count: 320 (known: 120, unknown: 200)
2025-06-20 17:53:10,246 [INFO]   Total label distribution: {4: 200, 3: 30, 0: 30, 1: 30, 2: 30}
2025-06-20 17:53:10,246 [INFO]   Train label distribution: {4: 160, 0: 24, 2: 24, 3: 24, 1: 24}
2025-06-20 17:53:10,246 [INFO]   Val label distribution: {1: 6, 4: 40, 3: 6, 0: 6, 2: 6}
2025-06-20 17:53:10,247 [INFO] 数据加载器创建完成!
2025-06-20 17:53:10,247 [INFO] 源域类别数: 4 (重叠类别)
2025-06-20 17:53:10,247 [INFO] 目标域类别数: 5 (4个重叠类别 + 1个未知类别)
2025-06-20 17:53:10,247 [INFO] 重叠类别: [0, 1, 2, 3]
2025-06-20 17:53:10,247 [INFO] 目标域新类别: [4, 5]
2025-06-20 17:53:10,247 [INFO] Data allocation verification:
2025-06-20 17:53:10,247 [INFO]   Source data samples: 280
2025-06-20 17:53:10,247 [INFO]   Target data samples: 320
2025-06-20 17:53:10,247 [INFO]   Overlapping samples: 0
2025-06-20 17:53:10,247 [INFO]   ✓ Data allocation is correct - no overlapping samples
2025-06-20 17:53:10,249 [INFO] Model initialized with 85124 parameters
2025-06-20 17:53:10,250 [INFO] Previous best validation accuracy read from record.txt: 0.6071
2025-06-20 17:53:10,250 [INFO] Starting training...
2025-06-20 17:53:10,289 [INFO] Epoch 001 | Train Loss: 6.5096 | Val Loss: 1.8213 | Val Acc: 0.3036
2025-06-20 17:53:10,422 [INFO] New best model at epoch 1 (Val Acc: 0.3036)
2025-06-20 17:53:10,455 [INFO] Epoch 002 | Train Loss: 4.6127 | Val Loss: 2.2673 | Val Acc: 0.2500
2025-06-20 17:53:10,491 [INFO] Epoch 003 | Train Loss: 3.6342 | Val Loss: 2.6219 | Val Acc: 0.2321
2025-06-20 17:53:10,527 [INFO] Epoch 004 | Train Loss: 3.6245 | Val Loss: 2.7622 | Val Acc: 0.2857
2025-06-20 17:53:10,568 [INFO] Epoch 005 | Train Loss: 3.3491 | Val Loss: 2.4878 | Val Acc: 0.3571
2025-06-20 17:53:10,573 [INFO] New best model at epoch 5 (Val Acc: 0.3571)
2025-06-20 17:53:10,606 [INFO] Epoch 006 | Train Loss: 4.0355 | Val Loss: 2.1152 | Val Acc: 0.3929
2025-06-20 17:53:10,611 [INFO] New best model at epoch 6 (Val Acc: 0.3929)
2025-06-20 17:53:10,643 [INFO] Epoch 007 | Train Loss: 3.0922 | Val Loss: 1.8741 | Val Acc: 0.5000
2025-06-20 17:53:10,648 [INFO] New best model at epoch 7 (Val Acc: 0.5000)
2025-06-20 17:53:10,681 [INFO] Epoch 008 | Train Loss: 3.1536 | Val Loss: 1.8078 | Val Acc: 0.4107
2025-06-20 17:53:10,716 [INFO] Epoch 009 | Train Loss: 2.7310 | Val Loss: 2.3292 | Val Acc: 0.4464
2025-06-20 17:53:10,750 [INFO] Epoch 010 | Train Loss: 2.9515 | Val Loss: 3.0138 | Val Acc: 0.3750
2025-06-20 17:53:10,911 [INFO] Epoch 011 | Train Loss: 3.0451 | Val Loss: 3.5150 | Val Acc: 0.3393
2025-06-20 17:53:10,947 [INFO] Epoch 012 | Train Loss: 2.5514 | Val Loss: 3.1147 | Val Acc: 0.3750
2025-06-20 17:53:10,984 [INFO] Epoch 013 | Train Loss: 2.3071 | Val Loss: 2.9204 | Val Acc: 0.4286
2025-06-20 17:53:11,019 [INFO] Epoch 014 | Train Loss: 2.1970 | Val Loss: 2.7406 | Val Acc: 0.4464
2025-06-20 17:53:11,051 [INFO] Epoch 015 | Train Loss: 2.4368 | Val Loss: 2.6469 | Val Acc: 0.4643
2025-06-20 17:53:11,089 [INFO] Epoch 016 | Train Loss: 2.2236 | Val Loss: 2.5902 | Val Acc: 0.4643
2025-06-20 17:53:11,125 [INFO] Epoch 017 | Train Loss: 2.3191 | Val Loss: 2.2199 | Val Acc: 0.5179
2025-06-20 17:53:11,130 [INFO] New best model at epoch 17 (Val Acc: 0.5179)
2025-06-20 17:53:11,174 [INFO] Epoch 018 | Train Loss: 1.8801 | Val Loss: 2.5438 | Val Acc: 0.4286
2025-06-20 17:53:11,206 [INFO] Epoch 019 | Train Loss: 2.1450 | Val Loss: 2.8301 | Val Acc: 0.4643
2025-06-20 17:53:11,238 [INFO] Epoch 020 | Train Loss: 1.8810 | Val Loss: 3.2326 | Val Acc: 0.4107
2025-06-20 17:53:11,412 [INFO] Epoch 021 | Train Loss: 1.8536 | Val Loss: 3.2674 | Val Acc: 0.4107
2025-06-20 17:53:11,447 [INFO] Epoch 022 | Train Loss: 2.1609 | Val Loss: 3.4456 | Val Acc: 0.3929
2025-06-20 17:53:11,489 [INFO] Epoch 023 | Train Loss: 2.1859 | Val Loss: 3.2951 | Val Acc: 0.3929
2025-06-20 17:53:11,537 [INFO] Epoch 024 | Train Loss: 2.1058 | Val Loss: 3.4951 | Val Acc: 0.4464
2025-06-20 17:53:11,575 [INFO] Epoch 025 | Train Loss: 1.6066 | Val Loss: 3.2136 | Val Acc: 0.4107
2025-06-20 17:53:11,612 [INFO] Epoch 026 | Train Loss: 1.8481 | Val Loss: 2.9185 | Val Acc: 0.3929
2025-06-20 17:53:11,647 [INFO] Epoch 027 | Train Loss: 2.1895 | Val Loss: 2.5997 | Val Acc: 0.4821
2025-06-20 17:53:11,690 [INFO] Epoch 028 | Train Loss: 2.1804 | Val Loss: 2.7523 | Val Acc: 0.4464
2025-06-20 17:53:11,755 [INFO] Epoch 029 | Train Loss: 1.8287 | Val Loss: 2.9081 | Val Acc: 0.3750
2025-06-20 17:53:11,819 [INFO] Epoch 030 | Train Loss: 1.6153 | Val Loss: 2.8418 | Val Acc: 0.4643
2025-06-20 17:53:11,995 [INFO] Epoch 031 | Train Loss: 1.5541 | Val Loss: 2.5061 | Val Acc: 0.4464
2025-06-20 17:53:12,042 [INFO] Epoch 032 | Train Loss: 1.8632 | Val Loss: 2.4657 | Val Acc: 0.4643
2025-06-20 17:53:12,085 [INFO] Epoch 033 | Train Loss: 1.5941 | Val Loss: 2.3224 | Val Acc: 0.4643
2025-06-20 17:53:12,122 [INFO] Epoch 034 | Train Loss: 1.8598 | Val Loss: 2.4922 | Val Acc: 0.4643
2025-06-20 17:53:12,159 [INFO] Epoch 035 | Train Loss: 1.7309 | Val Loss: 2.6354 | Val Acc: 0.4464
2025-06-20 17:53:12,195 [INFO] Epoch 036 | Train Loss: 1.5400 | Val Loss: 2.3239 | Val Acc: 0.5357
2025-06-20 17:53:12,200 [INFO] New best model at epoch 36 (Val Acc: 0.5357)
2025-06-20 17:53:12,228 [INFO] Epoch 037 | Train Loss: 1.4926 | Val Loss: 2.5776 | Val Acc: 0.4821
2025-06-20 17:53:12,270 [INFO] Epoch 038 | Train Loss: 2.0676 | Val Loss: 2.6728 | Val Acc: 0.4821
2025-06-20 17:53:12,314 [INFO] Epoch 039 | Train Loss: 1.4221 | Val Loss: 2.8868 | Val Acc: 0.4107
2025-06-20 17:53:12,351 [INFO] Epoch 040 | Train Loss: 1.7466 | Val Loss: 2.3583 | Val Acc: 0.4464
2025-06-20 17:53:12,514 [INFO] Epoch 041 | Train Loss: 1.7042 | Val Loss: 2.2988 | Val Acc: 0.4286
2025-06-20 17:53:12,551 [INFO] Epoch 042 | Train Loss: 2.0502 | Val Loss: 2.4822 | Val Acc: 0.4107
2025-06-20 17:53:12,589 [INFO] Epoch 043 | Train Loss: 1.7509 | Val Loss: 2.8625 | Val Acc: 0.4107
2025-06-20 17:53:12,622 [INFO] Epoch 044 | Train Loss: 1.7059 | Val Loss: 2.8629 | Val Acc: 0.3929
2025-06-20 17:53:12,667 [INFO] Epoch 045 | Train Loss: 1.5553 | Val Loss: 2.7417 | Val Acc: 0.4286
2025-06-20 17:53:12,721 [INFO] Epoch 046 | Train Loss: 1.7070 | Val Loss: 2.3961 | Val Acc: 0.4643
2025-06-20 17:53:12,759 [INFO] Epoch 047 | Train Loss: 1.4403 | Val Loss: 2.5701 | Val Acc: 0.4821
2025-06-20 17:53:12,796 [INFO] Epoch 048 | Train Loss: 1.7727 | Val Loss: 2.5404 | Val Acc: 0.4464
2025-06-20 17:53:12,841 [INFO] Epoch 049 | Train Loss: 1.3365 | Val Loss: 2.4683 | Val Acc: 0.4464
2025-06-20 17:53:12,877 [INFO] Epoch 050 | Train Loss: 1.4394 | Val Loss: 2.7783 | Val Acc: 0.3929
2025-06-20 17:53:13,036 [INFO] Epoch 051 | Train Loss: 1.6185 | Val Loss: 2.8615 | Val Acc: 0.4286
2025-06-20 17:53:13,072 [INFO] Epoch 052 | Train Loss: 1.5722 | Val Loss: 2.5893 | Val Acc: 0.5179
2025-06-20 17:53:13,117 [INFO] Epoch 053 | Train Loss: 1.6125 | Val Loss: 2.5341 | Val Acc: 0.5536
2025-06-20 17:53:13,122 [INFO] New best model at epoch 53 (Val Acc: 0.5536)
2025-06-20 17:53:13,154 [INFO] Epoch 054 | Train Loss: 1.4164 | Val Loss: 2.7120 | Val Acc: 0.5000
2025-06-20 17:53:13,204 [INFO] Epoch 055 | Train Loss: 1.2744 | Val Loss: 2.4473 | Val Acc: 0.5179
2025-06-20 17:53:13,238 [INFO] Epoch 056 | Train Loss: 1.2829 | Val Loss: 2.3748 | Val Acc: 0.5357
2025-06-20 17:53:13,272 [INFO] Epoch 057 | Train Loss: 1.2506 | Val Loss: 2.6951 | Val Acc: 0.5000
2025-06-20 17:53:13,307 [INFO] Epoch 058 | Train Loss: 1.6934 | Val Loss: 2.7972 | Val Acc: 0.4286
2025-06-20 17:53:13,344 [INFO] Epoch 059 | Train Loss: 1.3722 | Val Loss: 2.6677 | Val Acc: 0.4464
2025-06-20 17:53:13,379 [INFO] Epoch 060 | Train Loss: 1.1293 | Val Loss: 2.7963 | Val Acc: 0.4464
2025-06-20 17:53:13,544 [INFO] Epoch 061 | Train Loss: 1.2437 | Val Loss: 2.6013 | Val Acc: 0.4464
2025-06-20 17:53:13,580 [INFO] Epoch 062 | Train Loss: 1.3507 | Val Loss: 2.5219 | Val Acc: 0.4821
2025-06-20 17:53:13,623 [INFO] Epoch 063 | Train Loss: 1.3184 | Val Loss: 2.3284 | Val Acc: 0.5000
2025-06-20 17:53:13,676 [INFO] Epoch 064 | Train Loss: 1.2503 | Val Loss: 2.5748 | Val Acc: 0.4821
2025-06-20 17:53:13,712 [INFO] Epoch 065 | Train Loss: 1.2980 | Val Loss: 2.7339 | Val Acc: 0.4464
2025-06-20 17:53:13,746 [INFO] Epoch 066 | Train Loss: 1.2047 | Val Loss: 2.5665 | Val Acc: 0.4821
2025-06-20 17:53:13,796 [INFO] Epoch 067 | Train Loss: 1.0081 | Val Loss: 2.4505 | Val Acc: 0.4464
2025-06-20 17:53:13,832 [INFO] Epoch 068 | Train Loss: 1.0525 | Val Loss: 2.4074 | Val Acc: 0.4643
2025-06-20 17:53:13,877 [INFO] Epoch 069 | Train Loss: 1.2340 | Val Loss: 2.4123 | Val Acc: 0.4643
2025-06-20 17:53:13,915 [INFO] Epoch 070 | Train Loss: 1.3480 | Val Loss: 2.3594 | Val Acc: 0.5000
2025-06-20 17:53:14,079 [INFO] Epoch 071 | Train Loss: 0.9876 | Val Loss: 2.2387 | Val Acc: 0.5179
2025-06-20 17:53:14,122 [INFO] Epoch 072 | Train Loss: 0.9499 | Val Loss: 2.2930 | Val Acc: 0.5357
2025-06-20 17:53:14,163 [INFO] Epoch 073 | Train Loss: 0.9536 | Val Loss: 2.4530 | Val Acc: 0.4464
2025-06-20 17:53:14,200 [INFO] Epoch 074 | Train Loss: 1.1694 | Val Loss: 2.4927 | Val Acc: 0.4821
2025-06-20 17:53:14,236 [INFO] Epoch 075 | Train Loss: 1.1016 | Val Loss: 2.4262 | Val Acc: 0.5000
2025-06-20 17:53:14,272 [INFO] Epoch 076 | Train Loss: 0.9912 | Val Loss: 2.7142 | Val Acc: 0.4643
2025-06-20 17:53:14,309 [INFO] Epoch 077 | Train Loss: 1.1881 | Val Loss: 2.8424 | Val Acc: 0.4643
2025-06-20 17:53:14,343 [INFO] Epoch 078 | Train Loss: 1.5215 | Val Loss: 3.0271 | Val Acc: 0.4643
2025-06-20 17:53:14,380 [INFO] Epoch 079 | Train Loss: 0.7787 | Val Loss: 3.0902 | Val Acc: 0.4464
2025-06-20 17:53:14,415 [INFO] Epoch 080 | Train Loss: 0.9259 | Val Loss: 3.0957 | Val Acc: 0.4464
2025-06-20 17:53:14,581 [INFO] Epoch 081 | Train Loss: 1.2627 | Val Loss: 2.9776 | Val Acc: 0.3929
2025-06-20 17:53:14,622 [INFO] Epoch 082 | Train Loss: 0.9448 | Val Loss: 2.8600 | Val Acc: 0.4107
2025-06-20 17:53:14,661 [INFO] Epoch 083 | Train Loss: 0.9047 | Val Loss: 2.7711 | Val Acc: 0.4107
2025-06-20 17:53:14,697 [INFO] Epoch 084 | Train Loss: 0.8608 | Val Loss: 2.6359 | Val Acc: 0.5000
2025-06-20 17:53:14,732 [INFO] Epoch 085 | Train Loss: 1.2103 | Val Loss: 2.6841 | Val Acc: 0.5000
2025-06-20 17:53:14,770 [INFO] Epoch 086 | Train Loss: 1.0982 | Val Loss: 2.8945 | Val Acc: 0.5179
2025-06-20 17:53:14,811 [INFO] Epoch 087 | Train Loss: 0.9332 | Val Loss: 2.9169 | Val Acc: 0.4821
2025-06-20 17:53:14,847 [INFO] Epoch 088 | Train Loss: 0.9787 | Val Loss: 3.4861 | Val Acc: 0.4107
2025-06-20 17:53:14,885 [INFO] Epoch 089 | Train Loss: 0.9235 | Val Loss: 3.1360 | Val Acc: 0.4286
2025-06-20 17:53:14,920 [INFO] Epoch 090 | Train Loss: 1.2842 | Val Loss: 2.7268 | Val Acc: 0.4464
2025-06-20 17:53:15,120 [INFO] Epoch 091 | Train Loss: 0.9963 | Val Loss: 2.8596 | Val Acc: 0.4464
2025-06-20 17:53:15,152 [INFO] Epoch 092 | Train Loss: 0.9271 | Val Loss: 2.7314 | Val Acc: 0.4286
2025-06-20 17:53:15,185 [INFO] Epoch 093 | Train Loss: 0.9557 | Val Loss: 2.7862 | Val Acc: 0.4107
2025-06-20 17:53:15,220 [INFO] Epoch 094 | Train Loss: 1.2794 | Val Loss: 2.6866 | Val Acc: 0.4464
2025-06-20 17:53:15,258 [INFO] Epoch 095 | Train Loss: 0.9835 | Val Loss: 2.4399 | Val Acc: 0.5179
2025-06-20 17:53:15,306 [INFO] Epoch 096 | Train Loss: 1.5083 | Val Loss: 2.5844 | Val Acc: 0.5179
2025-06-20 17:53:15,341 [INFO] Epoch 097 | Train Loss: 0.9388 | Val Loss: 2.5931 | Val Acc: 0.5179
2025-06-20 17:53:15,378 [INFO] Epoch 098 | Train Loss: 1.0268 | Val Loss: 2.7121 | Val Acc: 0.4821
2025-06-20 17:53:15,426 [INFO] Epoch 099 | Train Loss: 0.9238 | Val Loss: 2.7122 | Val Acc: 0.4286
2025-06-20 17:53:15,475 [INFO] Epoch 100 | Train Loss: 0.9445 | Val Loss: 2.9483 | Val Acc: 0.4286
2025-06-20 17:53:15,701 [INFO] Epoch 101 | Train Loss: 0.7437 | Val Loss: 2.7565 | Val Acc: 0.5000
2025-06-20 17:53:15,739 [INFO] Epoch 102 | Train Loss: 1.2249 | Val Loss: 2.7547 | Val Acc: 0.4821
2025-06-20 17:53:15,776 [INFO] Epoch 103 | Train Loss: 0.9497 | Val Loss: 3.0802 | Val Acc: 0.4286
2025-06-20 17:53:15,814 [INFO] Epoch 104 | Train Loss: 1.0672 | Val Loss: 2.8852 | Val Acc: 0.4821
2025-06-20 17:53:15,851 [INFO] Epoch 105 | Train Loss: 0.9107 | Val Loss: 2.8524 | Val Acc: 0.5000
2025-06-20 17:53:15,893 [INFO] Epoch 106 | Train Loss: 0.8044 | Val Loss: 2.7709 | Val Acc: 0.5357
2025-06-20 17:53:15,933 [INFO] Epoch 107 | Train Loss: 0.8096 | Val Loss: 2.4375 | Val Acc: 0.5714
2025-06-20 17:53:15,938 [INFO] New best model at epoch 107 (Val Acc: 0.5714)
2025-06-20 17:53:15,971 [INFO] Epoch 108 | Train Loss: 0.8233 | Val Loss: 2.4697 | Val Acc: 0.5357
2025-06-20 17:53:16,011 [INFO] Epoch 109 | Train Loss: 1.0597 | Val Loss: 2.5764 | Val Acc: 0.4643
2025-06-20 17:53:16,046 [INFO] Epoch 110 | Train Loss: 0.7405 | Val Loss: 2.5992 | Val Acc: 0.4821
2025-06-20 17:53:16,199 [INFO] Epoch 111 | Train Loss: 1.1608 | Val Loss: 2.5761 | Val Acc: 0.5000
2025-06-20 17:53:16,241 [INFO] Epoch 112 | Train Loss: 0.6415 | Val Loss: 2.4248 | Val Acc: 0.4821
2025-06-20 17:53:16,290 [INFO] Epoch 113 | Train Loss: 0.7438 | Val Loss: 2.4415 | Val Acc: 0.4464
2025-06-20 17:53:16,324 [INFO] Epoch 114 | Train Loss: 0.7260 | Val Loss: 2.5448 | Val Acc: 0.5000
2025-06-20 17:53:16,358 [INFO] Epoch 115 | Train Loss: 0.9276 | Val Loss: 2.6061 | Val Acc: 0.4464
2025-06-20 17:53:16,397 [INFO] Epoch 116 | Train Loss: 0.7091 | Val Loss: 2.6553 | Val Acc: 0.4464
2025-06-20 17:53:16,448 [INFO] Epoch 117 | Train Loss: 0.8978 | Val Loss: 2.5109 | Val Acc: 0.4821
2025-06-20 17:53:16,493 [INFO] Epoch 118 | Train Loss: 0.7857 | Val Loss: 2.5832 | Val Acc: 0.5000
2025-06-20 17:53:16,534 [INFO] Epoch 119 | Train Loss: 0.6934 | Val Loss: 2.6192 | Val Acc: 0.4821
2025-06-20 17:53:16,577 [INFO] Epoch 120 | Train Loss: 0.5346 | Val Loss: 2.6825 | Val Acc: 0.5000
2025-06-20 17:53:16,753 [INFO] Epoch 121 | Train Loss: 0.5751 | Val Loss: 2.7459 | Val Acc: 0.4464
2025-06-20 17:53:16,837 [INFO] Epoch 122 | Train Loss: 0.8160 | Val Loss: 2.8072 | Val Acc: 0.4286
2025-06-20 17:53:16,883 [INFO] Epoch 123 | Train Loss: 0.7080 | Val Loss: 2.6531 | Val Acc: 0.4643
2025-06-20 17:53:16,920 [INFO] Epoch 124 | Train Loss: 0.6019 | Val Loss: 2.6998 | Val Acc: 0.4643
2025-06-20 17:53:16,954 [INFO] Epoch 125 | Train Loss: 0.5572 | Val Loss: 2.6762 | Val Acc: 0.5179
2025-06-20 17:53:16,998 [INFO] Epoch 126 | Train Loss: 0.7827 | Val Loss: 2.8945 | Val Acc: 0.4286
2025-06-20 17:53:17,034 [INFO] Epoch 127 | Train Loss: 0.8046 | Val Loss: 2.9927 | Val Acc: 0.4107
2025-06-20 17:53:17,071 [INFO] Epoch 128 | Train Loss: 0.5028 | Val Loss: 2.7786 | Val Acc: 0.4286
2025-06-20 17:53:17,110 [INFO] Epoch 129 | Train Loss: 0.6009 | Val Loss: 2.6880 | Val Acc: 0.5179
2025-06-20 17:53:17,151 [INFO] Epoch 130 | Train Loss: 0.5041 | Val Loss: 2.8370 | Val Acc: 0.5179
2025-06-20 17:53:17,325 [INFO] Epoch 131 | Train Loss: 0.5548 | Val Loss: 3.2193 | Val Acc: 0.4821
2025-06-20 17:53:17,359 [INFO] Epoch 132 | Train Loss: 0.8517 | Val Loss: 3.7416 | Val Acc: 0.3750
2025-06-20 17:53:17,398 [INFO] Epoch 133 | Train Loss: 0.8153 | Val Loss: 3.2990 | Val Acc: 0.4107
2025-06-20 17:53:17,440 [INFO] Epoch 134 | Train Loss: 0.6426 | Val Loss: 2.9662 | Val Acc: 0.5000
2025-06-20 17:53:17,477 [INFO] Epoch 135 | Train Loss: 0.6411 | Val Loss: 2.9119 | Val Acc: 0.5179
2025-06-20 17:53:17,509 [INFO] Epoch 136 | Train Loss: 0.7467 | Val Loss: 2.8078 | Val Acc: 0.5179
2025-06-20 17:53:17,552 [INFO] Epoch 137 | Train Loss: 0.9879 | Val Loss: 2.7703 | Val Acc: 0.5000
2025-06-20 17:53:17,590 [INFO] Epoch 138 | Train Loss: 0.6453 | Val Loss: 3.0531 | Val Acc: 0.5000
2025-06-20 17:53:17,622 [INFO] Epoch 139 | Train Loss: 0.5760 | Val Loss: 2.8044 | Val Acc: 0.5357
2025-06-20 17:53:17,673 [INFO] Epoch 140 | Train Loss: 0.6480 | Val Loss: 2.8237 | Val Acc: 0.5536
2025-06-20 17:53:17,846 [INFO] Epoch 141 | Train Loss: 0.6730 | Val Loss: 2.6581 | Val Acc: 0.5714
2025-06-20 17:53:17,881 [INFO] Epoch 142 | Train Loss: 0.3509 | Val Loss: 2.6176 | Val Acc: 0.5536
2025-06-20 17:53:17,917 [INFO] Epoch 143 | Train Loss: 0.6007 | Val Loss: 2.7402 | Val Acc: 0.5536
2025-06-20 17:53:17,950 [INFO] Epoch 144 | Train Loss: 0.9039 | Val Loss: 2.6313 | Val Acc: 0.5536
2025-06-20 17:53:17,989 [INFO] Epoch 145 | Train Loss: 0.5401 | Val Loss: 2.6670 | Val Acc: 0.5179
2025-06-20 17:53:18,026 [INFO] Epoch 146 | Train Loss: 0.9214 | Val Loss: 2.8389 | Val Acc: 0.4464
2025-06-20 17:53:18,075 [INFO] Epoch 147 | Train Loss: 0.6023 | Val Loss: 3.0703 | Val Acc: 0.4464
2025-06-20 17:53:18,123 [INFO] Epoch 148 | Train Loss: 0.5170 | Val Loss: 2.9741 | Val Acc: 0.4643
2025-06-20 17:53:18,155 [INFO] Epoch 149 | Train Loss: 0.3577 | Val Loss: 2.7823 | Val Acc: 0.5000
2025-06-20 17:53:18,191 [INFO] Epoch 150 | Train Loss: 0.6022 | Val Loss: 2.7921 | Val Acc: 0.5179
2025-06-20 17:53:18,354 [INFO] Epoch 151 | Train Loss: 0.6167 | Val Loss: 2.9296 | Val Acc: 0.5000
2025-06-20 17:53:18,388 [INFO] Epoch 152 | Train Loss: 0.6746 | Val Loss: 3.2027 | Val Acc: 0.4821
2025-06-20 17:53:18,423 [INFO] Epoch 153 | Train Loss: 0.7047 | Val Loss: 3.4899 | Val Acc: 0.5000
2025-06-20 17:53:18,458 [INFO] Epoch 154 | Train Loss: 0.4393 | Val Loss: 3.5246 | Val Acc: 0.4821
2025-06-20 17:53:18,494 [INFO] Epoch 155 | Train Loss: 0.6315 | Val Loss: 3.3034 | Val Acc: 0.5000
2025-06-20 17:53:18,531 [INFO] Epoch 156 | Train Loss: 0.3310 | Val Loss: 3.2209 | Val Acc: 0.5179
2025-06-20 17:53:18,575 [INFO] Epoch 157 | Train Loss: 0.6282 | Val Loss: 3.1245 | Val Acc: 0.5179
2025-06-20 17:53:18,618 [INFO] Epoch 158 | Train Loss: 0.4702 | Val Loss: 3.0714 | Val Acc: 0.5179
2025-06-20 17:53:18,653 [INFO] Epoch 159 | Train Loss: 0.5372 | Val Loss: 3.2226 | Val Acc: 0.5179
2025-06-20 17:53:18,687 [INFO] Epoch 160 | Train Loss: 0.4462 | Val Loss: 3.2151 | Val Acc: 0.4464
2025-06-20 17:53:18,856 [INFO] Epoch 161 | Train Loss: 0.5343 | Val Loss: 3.0317 | Val Acc: 0.4821
2025-06-20 17:53:18,890 [INFO] Epoch 162 | Train Loss: 0.5772 | Val Loss: 2.9403 | Val Acc: 0.5357
2025-06-20 17:53:18,927 [INFO] Epoch 163 | Train Loss: 0.4736 | Val Loss: 2.6362 | Val Acc: 0.5357
2025-06-20 17:53:18,963 [INFO] Epoch 164 | Train Loss: 0.5458 | Val Loss: 2.8064 | Val Acc: 0.5357
2025-06-20 17:53:19,000 [INFO] Epoch 165 | Train Loss: 0.3802 | Val Loss: 2.8721 | Val Acc: 0.5179
2025-06-20 17:53:19,036 [INFO] Epoch 166 | Train Loss: 0.2452 | Val Loss: 2.9052 | Val Acc: 0.5357
2025-06-20 17:53:19,103 [INFO] Epoch 167 | Train Loss: 0.7300 | Val Loss: 2.8753 | Val Acc: 0.5357
2025-06-20 17:53:19,143 [INFO] Epoch 168 | Train Loss: 0.5319 | Val Loss: 3.4036 | Val Acc: 0.5536
2025-06-20 17:53:19,185 [INFO] Epoch 169 | Train Loss: 0.4755 | Val Loss: 3.0420 | Val Acc: 0.5000
2025-06-20 17:53:19,229 [INFO] Epoch 170 | Train Loss: 0.7764 | Val Loss: 3.1689 | Val Acc: 0.4821
2025-06-20 17:53:19,389 [INFO] Epoch 171 | Train Loss: 0.8405 | Val Loss: 3.1902 | Val Acc: 0.4643
2025-06-20 17:53:19,426 [INFO] Epoch 172 | Train Loss: 0.6563 | Val Loss: 3.2829 | Val Acc: 0.5536
2025-06-20 17:53:19,464 [INFO] Epoch 173 | Train Loss: 0.6047 | Val Loss: 3.1977 | Val Acc: 0.5536
2025-06-20 17:53:19,508 [INFO] Epoch 174 | Train Loss: 0.5381 | Val Loss: 3.2671 | Val Acc: 0.5000
2025-06-20 17:53:19,548 [INFO] Epoch 175 | Train Loss: 0.7335 | Val Loss: 3.2365 | Val Acc: 0.5000
2025-06-20 17:53:19,599 [INFO] Epoch 176 | Train Loss: 0.8035 | Val Loss: 3.9525 | Val Acc: 0.5000
2025-06-20 17:53:19,643 [INFO] Epoch 177 | Train Loss: 0.8710 | Val Loss: 3.2133 | Val Acc: 0.4464
2025-06-20 17:53:19,683 [INFO] Epoch 178 | Train Loss: 0.7757 | Val Loss: 2.9032 | Val Acc: 0.5893
2025-06-20 17:53:19,688 [INFO] New best model at epoch 178 (Val Acc: 0.5893)
2025-06-20 17:53:19,733 [INFO] Epoch 179 | Train Loss: 0.4899 | Val Loss: 2.8946 | Val Acc: 0.5536
2025-06-20 17:53:19,767 [INFO] Epoch 180 | Train Loss: 0.6584 | Val Loss: 3.0926 | Val Acc: 0.5179
2025-06-20 17:53:19,950 [INFO] Epoch 181 | Train Loss: 0.3273 | Val Loss: 3.2116 | Val Acc: 0.5179
2025-06-20 17:53:19,988 [INFO] Epoch 182 | Train Loss: 0.3951 | Val Loss: 3.0696 | Val Acc: 0.5179
2025-06-20 17:53:20,023 [INFO] Epoch 183 | Train Loss: 0.3960 | Val Loss: 3.1294 | Val Acc: 0.5357
2025-06-20 17:53:20,056 [INFO] Epoch 184 | Train Loss: 0.5582 | Val Loss: 3.1623 | Val Acc: 0.4821
2025-06-20 17:53:20,091 [INFO] Epoch 185 | Train Loss: 0.4115 | Val Loss: 3.3971 | Val Acc: 0.4643
2025-06-20 17:53:20,141 [INFO] Epoch 186 | Train Loss: 0.4981 | Val Loss: 3.4920 | Val Acc: 0.5000
2025-06-20 17:53:20,186 [INFO] Epoch 187 | Train Loss: 0.6249 | Val Loss: 3.2863 | Val Acc: 0.5179
2025-06-20 17:53:20,222 [INFO] Epoch 188 | Train Loss: 0.7747 | Val Loss: 2.9839 | Val Acc: 0.5000
2025-06-20 17:53:20,264 [INFO] Epoch 189 | Train Loss: 0.5077 | Val Loss: 2.7208 | Val Acc: 0.5714
2025-06-20 17:53:20,297 [INFO] Epoch 190 | Train Loss: 0.4196 | Val Loss: 2.5530 | Val Acc: 0.5714
2025-06-20 17:53:20,459 [INFO] Epoch 191 | Train Loss: 0.5076 | Val Loss: 2.5551 | Val Acc: 0.5714
2025-06-20 17:53:20,493 [INFO] Epoch 192 | Train Loss: 0.4651 | Val Loss: 2.7202 | Val Acc: 0.4643
2025-06-20 17:53:20,527 [INFO] Epoch 193 | Train Loss: 0.3497 | Val Loss: 3.1646 | Val Acc: 0.4643
2025-06-20 17:53:20,581 [INFO] Epoch 194 | Train Loss: 0.3719 | Val Loss: 3.1991 | Val Acc: 0.4821
2025-06-20 17:53:20,667 [INFO] Epoch 195 | Train Loss: 0.3651 | Val Loss: 3.2359 | Val Acc: 0.5000
2025-06-20 17:53:20,710 [INFO] Epoch 196 | Train Loss: 0.2974 | Val Loss: 3.2716 | Val Acc: 0.5000
2025-06-20 17:53:20,744 [INFO] Epoch 197 | Train Loss: 0.3890 | Val Loss: 3.2174 | Val Acc: 0.5179
2025-06-20 17:53:20,781 [INFO] Epoch 198 | Train Loss: 0.3725 | Val Loss: 3.1917 | Val Acc: 0.5179
2025-06-20 17:53:20,823 [INFO] Epoch 199 | Train Loss: 0.3780 | Val Loss: 3.3870 | Val Acc: 0.5357
2025-06-20 17:53:20,860 [INFO] Epoch 200 | Train Loss: 0.4096 | Val Loss: 3.4569 | Val Acc: 0.5357
2025-06-20 17:53:21,053 [INFO] Epoch 201 | Train Loss: 0.5333 | Val Loss: 3.6091 | Val Acc: 0.4821
2025-06-20 17:53:21,099 [INFO] Epoch 202 | Train Loss: 0.4821 | Val Loss: 3.2138 | Val Acc: 0.5000
2025-06-20 17:53:21,150 [INFO] Epoch 203 | Train Loss: 0.4151 | Val Loss: 2.9655 | Val Acc: 0.5536
2025-06-20 17:53:21,198 [INFO] Epoch 204 | Train Loss: 0.3781 | Val Loss: 2.9703 | Val Acc: 0.5357
2025-06-20 17:53:21,234 [INFO] Epoch 205 | Train Loss: 0.2823 | Val Loss: 2.8377 | Val Acc: 0.5000
2025-06-20 17:53:21,280 [INFO] Epoch 206 | Train Loss: 0.1993 | Val Loss: 2.7214 | Val Acc: 0.5000
2025-06-20 17:53:21,324 [INFO] Epoch 207 | Train Loss: 0.7375 | Val Loss: 3.0145 | Val Acc: 0.5000
2025-06-20 17:53:21,358 [INFO] Epoch 208 | Train Loss: 0.4981 | Val Loss: 3.2720 | Val Acc: 0.4643
2025-06-20 17:53:21,391 [INFO] Epoch 209 | Train Loss: 0.5139 | Val Loss: 3.1736 | Val Acc: 0.5179
2025-06-20 17:53:21,434 [INFO] Epoch 210 | Train Loss: 0.5021 | Val Loss: 3.2512 | Val Acc: 0.5000
2025-06-20 17:53:21,664 [INFO] Epoch 211 | Train Loss: 0.3183 | Val Loss: 3.3455 | Val Acc: 0.5000
2025-06-20 17:53:21,704 [INFO] Epoch 212 | Train Loss: 0.3494 | Val Loss: 3.2468 | Val Acc: 0.5179
2025-06-20 17:53:21,745 [INFO] Epoch 213 | Train Loss: 0.4337 | Val Loss: 3.1687 | Val Acc: 0.5000
2025-06-20 17:53:21,788 [INFO] Epoch 214 | Train Loss: 0.4157 | Val Loss: 3.2148 | Val Acc: 0.5536
2025-06-20 17:53:21,826 [INFO] Epoch 215 | Train Loss: 0.3063 | Val Loss: 3.2761 | Val Acc: 0.5357
2025-06-20 17:53:21,865 [INFO] Epoch 216 | Train Loss: 0.3596 | Val Loss: 3.5222 | Val Acc: 0.4643
2025-06-20 17:53:21,905 [INFO] Epoch 217 | Train Loss: 0.3665 | Val Loss: 3.4519 | Val Acc: 0.5000
2025-06-20 17:53:21,944 [INFO] Epoch 218 | Train Loss: 0.3704 | Val Loss: 3.4294 | Val Acc: 0.4821
2025-06-20 17:53:21,981 [INFO] Epoch 219 | Train Loss: 0.3033 | Val Loss: 3.3418 | Val Acc: 0.5179
2025-06-20 17:53:22,018 [INFO] Epoch 220 | Train Loss: 0.4019 | Val Loss: 3.2777 | Val Acc: 0.4643
2025-06-20 17:53:22,182 [INFO] Epoch 221 | Train Loss: 0.3813 | Val Loss: 3.3043 | Val Acc: 0.5000
2025-06-20 17:53:22,221 [INFO] Epoch 222 | Train Loss: 0.3059 | Val Loss: 3.1129 | Val Acc: 0.5179
2025-06-20 17:53:22,261 [INFO] Epoch 223 | Train Loss: 0.3577 | Val Loss: 3.0823 | Val Acc: 0.5000
2025-06-20 17:53:22,297 [INFO] Epoch 224 | Train Loss: 0.2560 | Val Loss: 3.0783 | Val Acc: 0.6071
2025-06-20 17:53:22,302 [INFO] New best model at epoch 224 (Val Acc: 0.6071)
2025-06-20 17:53:22,333 [INFO] Epoch 225 | Train Loss: 0.5133 | Val Loss: 3.2494 | Val Acc: 0.5893
2025-06-20 17:53:22,371 [INFO] Epoch 226 | Train Loss: 0.2084 | Val Loss: 3.2126 | Val Acc: 0.5536
2025-06-20 17:53:22,405 [INFO] Epoch 227 | Train Loss: 0.5340 | Val Loss: 3.4718 | Val Acc: 0.5714
2025-06-20 17:53:22,436 [INFO] Epoch 228 | Train Loss: 0.7199 | Val Loss: 3.7630 | Val Acc: 0.4464
2025-06-20 17:53:22,471 [INFO] Epoch 229 | Train Loss: 0.4642 | Val Loss: 3.6241 | Val Acc: 0.4464
2025-06-20 17:53:22,522 [INFO] Epoch 230 | Train Loss: 0.3273 | Val Loss: 3.4257 | Val Acc: 0.5000
2025-06-20 17:53:22,691 [INFO] Epoch 231 | Train Loss: 0.3028 | Val Loss: 3.1731 | Val Acc: 0.5000
2025-06-20 17:53:22,729 [INFO] Epoch 232 | Train Loss: 0.3445 | Val Loss: 3.3026 | Val Acc: 0.4821
2025-06-20 17:53:22,763 [INFO] Epoch 233 | Train Loss: 0.2474 | Val Loss: 3.8412 | Val Acc: 0.5000
2025-06-20 17:53:22,800 [INFO] Epoch 234 | Train Loss: 0.2475 | Val Loss: 3.8066 | Val Acc: 0.5179
2025-06-20 17:53:22,837 [INFO] Epoch 235 | Train Loss: 0.6556 | Val Loss: 3.9665 | Val Acc: 0.4643
2025-06-20 17:53:22,883 [INFO] Epoch 236 | Train Loss: 0.4257 | Val Loss: 4.0991 | Val Acc: 0.4643
2025-06-20 17:53:22,920 [INFO] Epoch 237 | Train Loss: 0.2834 | Val Loss: 3.6006 | Val Acc: 0.4464
2025-06-20 17:53:22,959 [INFO] Epoch 238 | Train Loss: 0.4430 | Val Loss: 3.4419 | Val Acc: 0.5714
2025-06-20 17:53:23,014 [INFO] Epoch 239 | Train Loss: 0.3123 | Val Loss: 3.4035 | Val Acc: 0.5714
2025-06-20 17:53:23,051 [INFO] Epoch 240 | Train Loss: 0.3736 | Val Loss: 3.3733 | Val Acc: 0.5536
2025-06-20 17:53:23,214 [INFO] Epoch 241 | Train Loss: 0.3097 | Val Loss: 3.3973 | Val Acc: 0.5357
2025-06-20 17:53:23,252 [INFO] Epoch 242 | Train Loss: 0.5689 | Val Loss: 3.4079 | Val Acc: 0.5179
2025-06-20 17:53:23,289 [INFO] Epoch 243 | Train Loss: 0.3075 | Val Loss: 3.5302 | Val Acc: 0.5179
2025-06-20 17:53:23,328 [INFO] Epoch 244 | Train Loss: 0.6265 | Val Loss: 3.7110 | Val Acc: 0.4821
2025-06-20 17:53:23,363 [INFO] Epoch 245 | Train Loss: 0.2072 | Val Loss: 3.7617 | Val Acc: 0.4643
2025-06-20 17:53:23,397 [INFO] Epoch 246 | Train Loss: 0.3784 | Val Loss: 3.6740 | Val Acc: 0.4643
2025-06-20 17:53:23,432 [INFO] Epoch 247 | Train Loss: 0.3139 | Val Loss: 3.2642 | Val Acc: 0.5179
2025-06-20 17:53:23,476 [INFO] Epoch 248 | Train Loss: 0.2650 | Val Loss: 3.2432 | Val Acc: 0.4821
2025-06-20 17:53:23,513 [INFO] Epoch 249 | Train Loss: 0.1905 | Val Loss: 3.4055 | Val Acc: 0.4821
2025-06-20 17:53:23,551 [INFO] Epoch 250 | Train Loss: 0.2650 | Val Loss: 3.5289 | Val Acc: 0.5000
2025-06-20 17:53:23,710 [INFO] Epoch 251 | Train Loss: 0.3518 | Val Loss: 3.5145 | Val Acc: 0.5357
2025-06-20 17:53:23,748 [INFO] Epoch 252 | Train Loss: 0.2529 | Val Loss: 3.6673 | Val Acc: 0.5357
2025-06-20 17:53:23,786 [INFO] Epoch 253 | Train Loss: 0.4147 | Val Loss: 3.6446 | Val Acc: 0.5357
2025-06-20 17:53:23,834 [INFO] Epoch 254 | Train Loss: 0.2090 | Val Loss: 3.5617 | Val Acc: 0.5357
2025-06-20 17:53:23,877 [INFO] Epoch 255 | Train Loss: 0.2583 | Val Loss: 3.4072 | Val Acc: 0.5179
2025-06-20 17:53:23,911 [INFO] Epoch 256 | Train Loss: 0.4397 | Val Loss: 3.4005 | Val Acc: 0.5536
2025-06-20 17:53:23,946 [INFO] Epoch 257 | Train Loss: 0.2435 | Val Loss: 3.2981 | Val Acc: 0.5357
2025-06-20 17:53:23,981 [INFO] Epoch 258 | Train Loss: 0.3046 | Val Loss: 3.2806 | Val Acc: 0.5357
2025-06-20 17:53:24,014 [INFO] Epoch 259 | Train Loss: 0.3305 | Val Loss: 3.3325 | Val Acc: 0.5893
2025-06-20 17:53:24,048 [INFO] Epoch 260 | Train Loss: 0.2829 | Val Loss: 3.2109 | Val Acc: 0.5000
2025-06-20 17:53:24,209 [INFO] Epoch 261 | Train Loss: 0.2029 | Val Loss: 3.2636 | Val Acc: 0.5000
2025-06-20 17:53:24,246 [INFO] Epoch 262 | Train Loss: 0.3893 | Val Loss: 3.7685 | Val Acc: 0.4643
2025-06-20 17:53:24,280 [INFO] Epoch 263 | Train Loss: 0.4477 | Val Loss: 3.4048 | Val Acc: 0.5714
2025-06-20 17:53:24,315 [INFO] Epoch 264 | Train Loss: 0.2338 | Val Loss: 3.5332 | Val Acc: 0.5893
2025-06-20 17:53:24,360 [INFO] Epoch 265 | Train Loss: 0.4883 | Val Loss: 3.5935 | Val Acc: 0.5893
2025-06-20 17:53:24,402 [INFO] Epoch 266 | Train Loss: 0.2610 | Val Loss: 3.5558 | Val Acc: 0.5179
2025-06-20 17:53:24,439 [INFO] Epoch 267 | Train Loss: 0.4093 | Val Loss: 3.4413 | Val Acc: 0.4821
2025-06-20 17:53:24,476 [INFO] Epoch 268 | Train Loss: 0.3346 | Val Loss: 3.7002 | Val Acc: 0.4464
2025-06-20 17:53:24,512 [INFO] Epoch 269 | Train Loss: 0.2360 | Val Loss: 3.7427 | Val Acc: 0.4286
2025-06-20 17:53:24,547 [INFO] Epoch 270 | Train Loss: 0.3254 | Val Loss: 3.7674 | Val Acc: 0.4286
2025-06-20 17:53:24,710 [INFO] Epoch 271 | Train Loss: 0.2723 | Val Loss: 3.7721 | Val Acc: 0.4821
2025-06-20 17:53:24,759 [INFO] Epoch 272 | Train Loss: 0.3355 | Val Loss: 3.4837 | Val Acc: 0.5357
2025-06-20 17:53:24,802 [INFO] Epoch 273 | Train Loss: 0.2051 | Val Loss: 3.5205 | Val Acc: 0.5000
2025-06-20 17:53:24,836 [INFO] Epoch 274 | Train Loss: 0.2115 | Val Loss: 3.5289 | Val Acc: 0.4643
2025-06-20 17:53:24,869 [INFO] Epoch 275 | Train Loss: 0.2511 | Val Loss: 3.5437 | Val Acc: 0.4286
2025-06-20 17:53:24,906 [INFO] Epoch 276 | Train Loss: 0.1150 | Val Loss: 3.4567 | Val Acc: 0.4643
2025-06-20 17:53:24,946 [INFO] Epoch 277 | Train Loss: 0.3508 | Val Loss: 3.6050 | Val Acc: 0.4643
2025-06-20 17:53:24,981 [INFO] Epoch 278 | Train Loss: 0.1885 | Val Loss: 3.5365 | Val Acc: 0.4643
2025-06-20 17:53:25,016 [INFO] Epoch 279 | Train Loss: 0.4196 | Val Loss: 3.7406 | Val Acc: 0.4643
2025-06-20 17:53:25,053 [INFO] Epoch 280 | Train Loss: 0.4189 | Val Loss: 3.6356 | Val Acc: 0.4643
2025-06-20 17:53:25,243 [INFO] Epoch 281 | Train Loss: 0.2751 | Val Loss: 3.4731 | Val Acc: 0.4821
2025-06-20 17:53:25,281 [INFO] Epoch 282 | Train Loss: 0.3842 | Val Loss: 3.9250 | Val Acc: 0.4464
2025-06-20 17:53:25,313 [INFO] Epoch 283 | Train Loss: 0.2429 | Val Loss: 4.2336 | Val Acc: 0.4464
2025-06-20 17:53:25,350 [INFO] Epoch 284 | Train Loss: 0.3347 | Val Loss: 4.1237 | Val Acc: 0.4643
2025-06-20 17:53:25,385 [INFO] Epoch 285 | Train Loss: 0.1454 | Val Loss: 4.1317 | Val Acc: 0.4821
2025-06-20 17:53:25,420 [INFO] Epoch 286 | Train Loss: 0.2572 | Val Loss: 3.9814 | Val Acc: 0.5000
2025-06-20 17:53:25,455 [INFO] Epoch 287 | Train Loss: 0.2042 | Val Loss: 4.0270 | Val Acc: 0.4821
2025-06-20 17:53:25,490 [INFO] Epoch 288 | Train Loss: 0.2517 | Val Loss: 3.9697 | Val Acc: 0.5000
2025-06-20 17:53:25,538 [INFO] Epoch 289 | Train Loss: 0.3386 | Val Loss: 4.0502 | Val Acc: 0.4464
2025-06-20 17:53:25,574 [INFO] Epoch 290 | Train Loss: 0.2263 | Val Loss: 4.1504 | Val Acc: 0.4643
2025-06-20 17:53:25,738 [INFO] Epoch 291 | Train Loss: 0.2865 | Val Loss: 4.0535 | Val Acc: 0.5000
2025-06-20 17:53:25,771 [INFO] Epoch 292 | Train Loss: 0.3149 | Val Loss: 3.7258 | Val Acc: 0.5179
2025-06-20 17:53:25,804 [INFO] Epoch 293 | Train Loss: 0.2732 | Val Loss: 3.6675 | Val Acc: 0.5179
2025-06-20 17:53:25,837 [INFO] Epoch 294 | Train Loss: 0.1688 | Val Loss: 3.6058 | Val Acc: 0.5536
2025-06-20 17:53:25,870 [INFO] Epoch 295 | Train Loss: 0.1740 | Val Loss: 3.6227 | Val Acc: 0.5357
2025-06-20 17:53:25,904 [INFO] Epoch 296 | Train Loss: 0.3217 | Val Loss: 3.8181 | Val Acc: 0.5357
2025-06-20 17:53:25,937 [INFO] Epoch 297 | Train Loss: 0.4143 | Val Loss: 3.9143 | Val Acc: 0.5357
2025-06-20 17:53:25,971 [INFO] Epoch 298 | Train Loss: 0.2913 | Val Loss: 3.6111 | Val Acc: 0.5536
2025-06-20 17:53:26,004 [INFO] Epoch 299 | Train Loss: 0.2848 | Val Loss: 3.5855 | Val Acc: 0.5179
2025-06-20 17:53:26,036 [INFO] Epoch 300 | Train Loss: 0.2485 | Val Loss: 3.5537 | Val Acc: 0.5714
2025-06-20 17:53:26,208 [INFO] Best model saved to <built-in function time>/ENZYMES/best/best_source_gin.pth (Val Acc: 0.6071 at epoch 224)
2025-06-20 17:53:26,208 [INFO] Updated record.txt with new best validation accuracy: 0.6071
2025-06-20 17:53:26,209 [INFO] Training/validation metrics saved to <built-in function time>/ENZYMES/GIN_0.0001/train_metrics.csv
2025-06-20 17:53:26,333 [INFO] Final training curves saved
2025-06-20 17:53:26,333 [INFO] Training completed!
2025-06-20 17:53:26,333 [INFO] Best validation accuracy: 0.6071
2025-06-20 17:53:26,333 [INFO] Best epoch: 224
2025-06-20 17:53:26,333 [INFO] Total epochs trained: 300
2025-06-20 17:53:26,334 [INFO] Starting training with parameters: (0.0001, 0.1, 128, 3, 400, 0.0)
