2025-06-22 15:24:38,990 [INFO] Using device: cpu
2025-06-22 15:24:38,990 [INFO] 开始创建数据加载器...
2025-06-22 15:24:38,994 [INFO] Successfully loaded dataset ENZYMES from ./data, total graphs: 600
2025-06-22 15:24:38,994 [INFO] Class allocation analysis:
2025-06-22 15:24:38,994 [INFO]   Source classes: [0, 1, 2, 3]
2025-06-22 15:24:38,994 [INFO]   Target classes: [0, 1, 2, 3, 4, 5]
2025-06-22 15:24:38,994 [INFO]   Overlap classes (to be split): [0, 1, 2, 3]
2025-06-22 15:24:38,994 [INFO]   Target novel classes (unknown): [4, 5]
2025-06-22 15:24:39,007 [INFO]   Class 0: 100 total -> Source: 70, Target: 30
2025-06-22 15:24:39,007 [INFO]   Class 1: 100 total -> Source: 70, Target: 30
2025-06-22 15:24:39,008 [INFO]   Class 2: 100 total -> Source: 70, Target: 30
2025-06-22 15:24:39,008 [INFO]   Class 3: 100 total -> Source: 70, Target: 30
2025-06-22 15:24:39,008 [INFO]   Class 4 (novel/unknown): 100 samples -> Target
2025-06-22 15:24:39,008 [INFO]   Class 5 (novel/unknown): 100 samples -> Target
2025-06-22 15:24:39,008 [INFO] Final allocation:
2025-06-22 15:24:39,008 [INFO]   Source domain: 280 samples
2025-06-22 15:24:39,008 [INFO]   Target domain: 320 samples
2025-06-22 15:24:39,009 [INFO] Source domain setup:
2025-06-22 15:24:39,009 [INFO]   Original classes: [0, 1, 2, 3]
2025-06-22 15:24:39,009 [INFO]   Overlap classes used: [0, 1, 2, 3]
2025-06-22 15:24:39,009 [INFO]   Label mapping: {0: 0, 1: 1, 2: 2, 3: 3}
2025-06-22 15:24:39,009 [INFO]   Total data after allocation: 280
2025-06-22 15:24:39,009 [INFO]   Data split - Train: 224, Val: 56
2025-06-22 15:24:39,009 [INFO]   Train label distribution: {0: 56, 1: 56, 3: 56, 2: 56}
2025-06-22 15:24:39,009 [INFO]   Val label distribution: {1: 14, 2: 14, 0: 14, 3: 14}
2025-06-22 15:24:39,011 [INFO] Successfully loaded dataset ENZYMES from ./data, total graphs: 600
2025-06-22 15:24:39,011 [INFO] Class allocation analysis:
2025-06-22 15:24:39,011 [INFO]   Source classes: [0, 1, 2, 3]
2025-06-22 15:24:39,011 [INFO]   Target classes: [0, 1, 2, 3, 4, 5]
2025-06-22 15:24:39,011 [INFO]   Overlap classes (to be split): [0, 1, 2, 3]
2025-06-22 15:24:39,011 [INFO]   Target novel classes (unknown): [4, 5]
2025-06-22 15:24:39,024 [INFO]   Class 0: 100 total -> Source: 70, Target: 30
2025-06-22 15:24:39,024 [INFO]   Class 1: 100 total -> Source: 70, Target: 30
2025-06-22 15:24:39,024 [INFO]   Class 2: 100 total -> Source: 70, Target: 30
2025-06-22 15:24:39,024 [INFO]   Class 3: 100 total -> Source: 70, Target: 30
2025-06-22 15:24:39,024 [INFO]   Class 4 (novel/unknown): 100 samples -> Target
2025-06-22 15:24:39,024 [INFO]   Class 5 (novel/unknown): 100 samples -> Target
2025-06-22 15:24:39,024 [INFO] Final allocation:
2025-06-22 15:24:39,025 [INFO]   Source domain: 280 samples
2025-06-22 15:24:39,025 [INFO]   Target domain: 320 samples
2025-06-22 15:24:39,026 [INFO] Target domain setup:
2025-06-22 15:24:39,026 [INFO]   Original classes: [0, 1, 2, 3, 4, 5]
2025-06-22 15:24:39,026 [INFO]   Overlap classes: [0, 1, 2, 3]
2025-06-22 15:24:39,026 [INFO]   Novel classes: [4, 5] -> mapped to unknown label 4
2025-06-22 15:24:39,026 [INFO]   Label mapping: {0: 0, 1: 1, 2: 2, 3: 3, 4: 4, 5: 4}
2025-06-22 15:24:39,026 [INFO]   Total data after allocation: 320
2025-06-22 15:24:39,026 [INFO]   Data split - Train: 256, Val: 64
2025-06-22 15:24:39,026 [INFO]   Total count: 320 (known: 120, unknown: 200)
2025-06-22 15:24:39,026 [INFO]   Total label distribution: {4: 200, 3: 30, 0: 30, 1: 30, 2: 30}
2025-06-22 15:24:39,026 [INFO]   Train label distribution: {4: 160, 0: 24, 2: 24, 3: 24, 1: 24}
2025-06-22 15:24:39,026 [INFO]   Val label distribution: {1: 6, 4: 40, 3: 6, 0: 6, 2: 6}
2025-06-22 15:24:39,027 [INFO] 数据加载器创建完成!
2025-06-22 15:24:39,027 [INFO] 源域类别数: 4 (重叠类别)
2025-06-22 15:24:39,027 [INFO] 目标域类别数: 5 (4个重叠类别 + 1个未知类别)
2025-06-22 15:24:39,027 [INFO] 重叠类别: [0, 1, 2, 3]
2025-06-22 15:24:39,027 [INFO] 目标域新类别: [4, 5]
2025-06-22 15:24:39,027 [INFO] Data allocation verification:
2025-06-22 15:24:39,027 [INFO]   Source data samples: 280
2025-06-22 15:24:39,027 [INFO]   Target data samples: 320
2025-06-22 15:24:39,027 [INFO]   Overlapping samples: 0
2025-06-22 15:24:39,027 [INFO]   ✓ Data allocation is correct - no overlapping samples
2025-06-22 15:24:39,029 [INFO] Model initialized with 8164 parameters
2025-06-22 15:24:39,029 [INFO] Previous best validation accuracy read from record.txt: 0.6250
2025-06-22 15:24:39,029 [INFO] Starting training...
2025-06-22 15:24:39,063 [INFO] Epoch 001 | Train Loss: 8.1681 | Val Loss: 1.7154 | Val Acc: 0.2500
2025-06-22 15:24:41,955 [INFO] New best model at epoch 1 (Val Acc: 0.2500)
2025-06-22 15:24:42,048 [INFO] Epoch 002 | Train Loss: 4.2701 | Val Loss: 1.4961 | Val Acc: 0.2679
2025-06-22 15:24:42,056 [INFO] New best model at epoch 2 (Val Acc: 0.2679)
2025-06-22 15:24:42,089 [INFO] Epoch 003 | Train Loss: 2.9754 | Val Loss: 1.4517 | Val Acc: 0.3214
2025-06-22 15:24:42,094 [INFO] New best model at epoch 3 (Val Acc: 0.3214)
2025-06-22 15:24:42,118 [INFO] Epoch 004 | Train Loss: 2.4141 | Val Loss: 1.6362 | Val Acc: 0.3036
2025-06-22 15:24:42,145 [INFO] Epoch 005 | Train Loss: 2.1702 | Val Loss: 2.3320 | Val Acc: 0.2321
2025-06-22 15:24:42,172 [INFO] Epoch 006 | Train Loss: 1.9477 | Val Loss: 2.0891 | Val Acc: 0.3036
2025-06-22 15:24:42,198 [INFO] Epoch 007 | Train Loss: 1.6595 | Val Loss: 1.6988 | Val Acc: 0.2500
2025-06-22 15:24:42,223 [INFO] Epoch 008 | Train Loss: 1.7936 | Val Loss: 1.3620 | Val Acc: 0.2857
2025-06-22 15:24:42,248 [INFO] Epoch 009 | Train Loss: 1.4740 | Val Loss: 1.6115 | Val Acc: 0.2679
2025-06-22 15:24:42,273 [INFO] Epoch 010 | Train Loss: 1.6179 | Val Loss: 1.5554 | Val Acc: 0.3571
2025-06-22 15:24:43,213 [INFO] New best model at epoch 10 (Val Acc: 0.3571)
2025-06-22 15:24:43,239 [INFO] Epoch 011 | Train Loss: 1.4401 | Val Loss: 1.6193 | Val Acc: 0.2679
2025-06-22 15:24:43,267 [INFO] Epoch 012 | Train Loss: 1.4373 | Val Loss: 1.6786 | Val Acc: 0.2679
2025-06-22 15:24:43,293 [INFO] Epoch 013 | Train Loss: 1.3523 | Val Loss: 1.6671 | Val Acc: 0.2321
2025-06-22 15:24:43,319 [INFO] Epoch 014 | Train Loss: 1.9874 | Val Loss: 2.1333 | Val Acc: 0.1964
2025-06-22 15:24:43,344 [INFO] Epoch 015 | Train Loss: 1.8608 | Val Loss: 1.5827 | Val Acc: 0.2679
2025-06-22 15:24:43,370 [INFO] Epoch 016 | Train Loss: 1.6198 | Val Loss: 1.4385 | Val Acc: 0.2321
2025-06-22 15:24:43,398 [INFO] Epoch 017 | Train Loss: 1.4122 | Val Loss: 1.5253 | Val Acc: 0.3571
2025-06-22 15:24:43,430 [INFO] Epoch 018 | Train Loss: 1.4546 | Val Loss: 1.3851 | Val Acc: 0.3214
2025-06-22 15:24:43,460 [INFO] Epoch 019 | Train Loss: 1.4160 | Val Loss: 1.5675 | Val Acc: 0.2857
2025-06-22 15:24:43,486 [INFO] Epoch 020 | Train Loss: 1.3524 | Val Loss: 1.5220 | Val Acc: 0.3214
2025-06-22 15:24:44,469 [INFO] Epoch 021 | Train Loss: 1.2343 | Val Loss: 1.5883 | Val Acc: 0.3214
2025-06-22 15:24:44,502 [INFO] Epoch 022 | Train Loss: 1.5220 | Val Loss: 1.3441 | Val Acc: 0.3214
2025-06-22 15:24:44,535 [INFO] Epoch 023 | Train Loss: 1.3900 | Val Loss: 1.4368 | Val Acc: 0.2500
2025-06-22 15:24:44,561 [INFO] Epoch 024 | Train Loss: 1.3312 | Val Loss: 1.4227 | Val Acc: 0.3036
2025-06-22 15:24:44,586 [INFO] Epoch 025 | Train Loss: 1.3988 | Val Loss: 1.6260 | Val Acc: 0.2857
2025-06-22 15:24:44,612 [INFO] Epoch 026 | Train Loss: 1.4638 | Val Loss: 1.9122 | Val Acc: 0.3036
2025-06-22 15:24:44,636 [INFO] Epoch 027 | Train Loss: 1.6611 | Val Loss: 1.7345 | Val Acc: 0.2500
2025-06-22 15:24:44,660 [INFO] Epoch 028 | Train Loss: 1.4140 | Val Loss: 1.5637 | Val Acc: 0.2857
2025-06-22 15:24:44,685 [INFO] Epoch 029 | Train Loss: 1.3753 | Val Loss: 1.4570 | Val Acc: 0.3929
2025-06-22 15:24:44,689 [INFO] New best model at epoch 29 (Val Acc: 0.3929)
2025-06-22 15:24:44,711 [INFO] Epoch 030 | Train Loss: 1.2826 | Val Loss: 1.3801 | Val Acc: 0.3929
2025-06-22 15:24:45,656 [INFO] Epoch 031 | Train Loss: 1.3285 | Val Loss: 1.4936 | Val Acc: 0.3929
2025-06-22 15:24:45,685 [INFO] Epoch 032 | Train Loss: 1.3235 | Val Loss: 1.4200 | Val Acc: 0.3036
2025-06-22 15:24:45,716 [INFO] Epoch 033 | Train Loss: 1.3105 | Val Loss: 2.0616 | Val Acc: 0.3214
2025-06-22 15:24:45,744 [INFO] Epoch 034 | Train Loss: 1.2197 | Val Loss: 1.5973 | Val Acc: 0.3393
2025-06-22 15:24:45,769 [INFO] Epoch 035 | Train Loss: 1.1585 | Val Loss: 1.4303 | Val Acc: 0.3571
2025-06-22 15:24:45,794 [INFO] Epoch 036 | Train Loss: 1.1802 | Val Loss: 1.4472 | Val Acc: 0.3036
2025-06-22 15:24:45,819 [INFO] Epoch 037 | Train Loss: 1.0910 | Val Loss: 1.2978 | Val Acc: 0.3750
2025-06-22 15:24:45,844 [INFO] Epoch 038 | Train Loss: 1.0694 | Val Loss: 1.6027 | Val Acc: 0.3929
2025-06-22 15:24:45,868 [INFO] Epoch 039 | Train Loss: 1.0649 | Val Loss: 1.3620 | Val Acc: 0.2679
2025-06-22 15:24:45,894 [INFO] Epoch 040 | Train Loss: 1.1880 | Val Loss: 1.5037 | Val Acc: 0.2679
2025-06-22 15:24:46,797 [INFO] Epoch 041 | Train Loss: 1.1363 | Val Loss: 1.4695 | Val Acc: 0.3036
2025-06-22 15:24:46,827 [INFO] Epoch 042 | Train Loss: 1.0170 | Val Loss: 1.4545 | Val Acc: 0.3571
2025-06-22 15:24:46,863 [INFO] Epoch 043 | Train Loss: 1.1676 | Val Loss: 1.4660 | Val Acc: 0.4286
2025-06-22 15:24:46,867 [INFO] New best model at epoch 43 (Val Acc: 0.4286)
2025-06-22 15:24:46,897 [INFO] Epoch 044 | Train Loss: 1.0943 | Val Loss: 1.3113 | Val Acc: 0.3750
2025-06-22 15:24:46,922 [INFO] Epoch 045 | Train Loss: 1.0763 | Val Loss: 1.2375 | Val Acc: 0.4107
2025-06-22 15:24:46,948 [INFO] Epoch 046 | Train Loss: 1.0180 | Val Loss: 1.3695 | Val Acc: 0.3036
2025-06-22 15:24:46,975 [INFO] Epoch 047 | Train Loss: 1.0345 | Val Loss: 1.4161 | Val Acc: 0.3750
2025-06-22 15:24:46,999 [INFO] Epoch 048 | Train Loss: 1.0839 | Val Loss: 1.4659 | Val Acc: 0.3750
2025-06-22 15:24:47,024 [INFO] Epoch 049 | Train Loss: 1.0725 | Val Loss: 1.6416 | Val Acc: 0.3929
2025-06-22 15:24:47,049 [INFO] Epoch 050 | Train Loss: 0.9997 | Val Loss: 1.7190 | Val Acc: 0.4286
2025-06-22 15:24:47,965 [INFO] Best model saved to <built-in function time>/ENZYMES/best/best_source_gin.pth (Val Acc: 0.4286 at epoch 43)
2025-06-22 15:24:47,966 [INFO] Training/validation metrics saved to <built-in function time>/ENZYMES/GIN_0.01/train_metrics.csv
2025-06-22 15:24:51,645 [INFO] Final training curves saved
2025-06-22 15:24:51,645 [INFO] Training completed!
2025-06-22 15:24:51,645 [INFO] Best validation accuracy: 0.4286
2025-06-22 15:24:51,645 [INFO] Best epoch: 43
2025-06-22 15:24:51,645 [INFO] Total epochs trained: 50
2025-06-22 15:24:51,646 [INFO] Starting training with parameters: (0.01, 0.1, 32, 4, 50, 0.0001)
