2025-06-21 23:12:24,091 [INFO] Using device: cpu
2025-06-21 23:12:24,091 [INFO] 开始创建数据加载器...
2025-06-21 23:12:24,094 [INFO] Successfully loaded dataset ENZYMES from ./data, total graphs: 600
2025-06-21 23:12:24,094 [INFO] Class allocation analysis:
2025-06-21 23:12:24,094 [INFO]   Source classes: [0, 1, 2, 3]
2025-06-21 23:12:24,094 [INFO]   Target classes: [0, 1, 2, 3, 4, 5]
2025-06-21 23:12:24,094 [INFO]   Overlap classes (to be split): [0, 1, 2, 3]
2025-06-21 23:12:24,094 [INFO]   Target novel classes (unknown): [4, 5]
2025-06-21 23:12:24,108 [INFO]   Class 0: 100 total -> Source: 70, Target: 30
2025-06-21 23:12:24,108 [INFO]   Class 1: 100 total -> Source: 70, Target: 30
2025-06-21 23:12:24,108 [INFO]   Class 2: 100 total -> Source: 70, Target: 30
2025-06-21 23:12:24,108 [INFO]   Class 3: 100 total -> Source: 70, Target: 30
2025-06-21 23:12:24,108 [INFO]   Class 4 (novel/unknown): 100 samples -> Target
2025-06-21 23:12:24,108 [INFO]   Class 5 (novel/unknown): 100 samples -> Target
2025-06-21 23:12:24,109 [INFO] Final allocation:
2025-06-21 23:12:24,109 [INFO]   Source domain: 280 samples
2025-06-21 23:12:24,109 [INFO]   Target domain: 320 samples
2025-06-21 23:12:24,110 [INFO] Source domain setup:
2025-06-21 23:12:24,110 [INFO]   Original classes: [0, 1, 2, 3]
2025-06-21 23:12:24,110 [INFO]   Overlap classes used: [0, 1, 2, 3]
2025-06-21 23:12:24,110 [INFO]   Label mapping: {0: 0, 1: 1, 2: 2, 3: 3}
2025-06-21 23:12:24,110 [INFO]   Total data after allocation: 280
2025-06-21 23:12:24,110 [INFO]   Data split - Train: 224, Val: 56
2025-06-21 23:12:24,110 [INFO]   Train label distribution: {0: 56, 1: 56, 3: 56, 2: 56}
2025-06-21 23:12:24,110 [INFO]   Val label distribution: {1: 14, 2: 14, 0: 14, 3: 14}
2025-06-21 23:12:24,111 [INFO] Successfully loaded dataset ENZYMES from ./data, total graphs: 600
2025-06-21 23:12:24,111 [INFO] Class allocation analysis:
2025-06-21 23:12:24,111 [INFO]   Source classes: [0, 1, 2, 3]
2025-06-21 23:12:24,111 [INFO]   Target classes: [0, 1, 2, 3, 4, 5]
2025-06-21 23:12:24,111 [INFO]   Overlap classes (to be split): [0, 1, 2, 3]
2025-06-21 23:12:24,111 [INFO]   Target novel classes (unknown): [4, 5]
2025-06-21 23:12:24,125 [INFO]   Class 0: 100 total -> Source: 70, Target: 30
2025-06-21 23:12:24,125 [INFO]   Class 1: 100 total -> Source: 70, Target: 30
2025-06-21 23:12:24,125 [INFO]   Class 2: 100 total -> Source: 70, Target: 30
2025-06-21 23:12:24,126 [INFO]   Class 3: 100 total -> Source: 70, Target: 30
2025-06-21 23:12:24,126 [INFO]   Class 4 (novel/unknown): 100 samples -> Target
2025-06-21 23:12:24,126 [INFO]   Class 5 (novel/unknown): 100 samples -> Target
2025-06-21 23:12:24,126 [INFO] Final allocation:
2025-06-21 23:12:24,126 [INFO]   Source domain: 280 samples
2025-06-21 23:12:24,126 [INFO]   Target domain: 320 samples
2025-06-21 23:12:24,127 [INFO] Target domain setup:
2025-06-21 23:12:24,127 [INFO]   Original classes: [0, 1, 2, 3, 4, 5]
2025-06-21 23:12:24,127 [INFO]   Overlap classes: [0, 1, 2, 3]
2025-06-21 23:12:24,127 [INFO]   Novel classes: [4, 5] -> mapped to unknown label 4
2025-06-21 23:12:24,127 [INFO]   Label mapping: {0: 0, 1: 1, 2: 2, 3: 3, 4: 4, 5: 4}
2025-06-21 23:12:24,127 [INFO]   Total data after allocation: 320
2025-06-21 23:12:24,127 [INFO]   Data split - Train: 256, Val: 64
2025-06-21 23:12:24,127 [INFO]   Total count: 320 (known: 120, unknown: 200)
2025-06-21 23:12:24,128 [INFO]   Total label distribution: {4: 200, 3: 30, 0: 30, 1: 30, 2: 30}
2025-06-21 23:12:24,128 [INFO]   Train label distribution: {4: 160, 0: 24, 2: 24, 3: 24, 1: 24}
2025-06-21 23:12:24,128 [INFO]   Val label distribution: {1: 6, 4: 40, 3: 6, 0: 6, 2: 6}
2025-06-21 23:12:24,128 [INFO] 数据加载器创建完成!
2025-06-21 23:12:24,128 [INFO] 源域类别数: 4 (重叠类别)
2025-06-21 23:12:24,128 [INFO] 目标域类别数: 5 (4个重叠类别 + 1个未知类别)
2025-06-21 23:12:24,128 [INFO] 重叠类别: [0, 1, 2, 3]
2025-06-21 23:12:24,128 [INFO] 目标域新类别: [4, 5]
2025-06-21 23:12:24,128 [INFO] Data allocation verification:
2025-06-21 23:12:24,128 [INFO]   Source data samples: 280
2025-06-21 23:12:24,128 [INFO]   Target data samples: 320
2025-06-21 23:12:24,128 [INFO]   Overlapping samples: 0
2025-06-21 23:12:24,128 [INFO]   ✓ Data allocation is correct - no overlapping samples
2025-06-21 23:12:24,130 [INFO] Model initialized with 334084 parameters
2025-06-21 23:12:24,131 [INFO] Previous best validation accuracy read from record.txt: 0.6250
2025-06-21 23:12:24,131 [INFO] Starting training...
2025-06-21 23:12:24,197 [INFO] Epoch 001 | Train Loss: 9.9284 | Val Loss: 2.0803 | Val Acc: 0.2679
2025-06-21 23:12:24,525 [INFO] New best model at epoch 1 (Val Acc: 0.2679)
2025-06-21 23:12:24,570 [INFO] Epoch 002 | Train Loss: 5.0472 | Val Loss: 2.6602 | Val Acc: 0.2857
2025-06-21 23:12:24,578 [INFO] New best model at epoch 2 (Val Acc: 0.2857)
2025-06-21 23:12:24,641 [INFO] Epoch 003 | Train Loss: 3.3228 | Val Loss: 2.1654 | Val Acc: 0.3214
2025-06-21 23:12:24,650 [INFO] New best model at epoch 3 (Val Acc: 0.3214)
2025-06-21 23:12:24,698 [INFO] Epoch 004 | Train Loss: 2.8400 | Val Loss: 2.7665 | Val Acc: 0.2679
2025-06-21 23:12:24,749 [INFO] Epoch 005 | Train Loss: 2.3369 | Val Loss: 2.1754 | Val Acc: 0.3571
2025-06-21 23:12:24,758 [INFO] New best model at epoch 5 (Val Acc: 0.3571)
2025-06-21 23:12:24,801 [INFO] Epoch 006 | Train Loss: 2.7837 | Val Loss: 4.3445 | Val Acc: 0.2857
2025-06-21 23:12:24,848 [INFO] Epoch 007 | Train Loss: 2.3689 | Val Loss: 2.2666 | Val Acc: 0.4464
2025-06-21 23:12:24,857 [INFO] New best model at epoch 7 (Val Acc: 0.4464)
2025-06-21 23:12:24,899 [INFO] Epoch 008 | Train Loss: 2.1374 | Val Loss: 3.2924 | Val Acc: 0.4107
2025-06-21 23:12:24,950 [INFO] Epoch 009 | Train Loss: 1.9920 | Val Loss: 2.1163 | Val Acc: 0.4464
2025-06-21 23:12:25,019 [INFO] Epoch 010 | Train Loss: 1.3984 | Val Loss: 2.2209 | Val Acc: 0.3571
2025-06-21 23:12:25,417 [INFO] Epoch 011 | Train Loss: 1.7207 | Val Loss: 2.2630 | Val Acc: 0.3929
2025-06-21 23:12:25,465 [INFO] Epoch 012 | Train Loss: 1.3950 | Val Loss: 2.0632 | Val Acc: 0.4643
2025-06-21 23:12:25,474 [INFO] New best model at epoch 12 (Val Acc: 0.4643)
2025-06-21 23:12:25,527 [INFO] Epoch 013 | Train Loss: 1.6733 | Val Loss: 2.2360 | Val Acc: 0.3929
2025-06-21 23:12:25,575 [INFO] Epoch 014 | Train Loss: 1.7056 | Val Loss: 2.5342 | Val Acc: 0.4107
2025-06-21 23:12:25,625 [INFO] Epoch 015 | Train Loss: 1.3911 | Val Loss: 2.4920 | Val Acc: 0.4107
2025-06-21 23:12:25,673 [INFO] Epoch 016 | Train Loss: 1.1981 | Val Loss: 3.1735 | Val Acc: 0.3036
2025-06-21 23:12:25,723 [INFO] Epoch 017 | Train Loss: 1.4410 | Val Loss: 2.2378 | Val Acc: 0.5000
2025-06-21 23:12:25,731 [INFO] New best model at epoch 17 (Val Acc: 0.5000)
2025-06-21 23:12:25,775 [INFO] Epoch 018 | Train Loss: 1.2254 | Val Loss: 2.1279 | Val Acc: 0.4286
2025-06-21 23:12:25,858 [INFO] Epoch 019 | Train Loss: 1.0176 | Val Loss: 2.1197 | Val Acc: 0.4464
2025-06-21 23:12:25,925 [INFO] Epoch 020 | Train Loss: 1.2686 | Val Loss: 2.6681 | Val Acc: 0.4286
2025-06-21 23:12:26,355 [INFO] Epoch 021 | Train Loss: 1.3288 | Val Loss: 2.6440 | Val Acc: 0.3929
2025-06-21 23:12:26,406 [INFO] Epoch 022 | Train Loss: 1.1359 | Val Loss: 2.6805 | Val Acc: 0.4107
2025-06-21 23:12:26,455 [INFO] Epoch 023 | Train Loss: 1.2240 | Val Loss: 2.8155 | Val Acc: 0.4643
2025-06-21 23:12:26,508 [INFO] Epoch 024 | Train Loss: 1.1475 | Val Loss: 3.0325 | Val Acc: 0.4107
2025-06-21 23:12:26,557 [INFO] Epoch 025 | Train Loss: 1.0856 | Val Loss: 2.7824 | Val Acc: 0.4286
2025-06-21 23:12:26,607 [INFO] Epoch 026 | Train Loss: 0.9886 | Val Loss: 3.1197 | Val Acc: 0.3750
2025-06-21 23:12:26,666 [INFO] Epoch 027 | Train Loss: 1.1624 | Val Loss: 2.7792 | Val Acc: 0.3571
2025-06-21 23:12:26,728 [INFO] Epoch 028 | Train Loss: 0.8202 | Val Loss: 2.3625 | Val Acc: 0.4464
2025-06-21 23:12:26,777 [INFO] Epoch 029 | Train Loss: 0.8665 | Val Loss: 2.7730 | Val Acc: 0.4464
2025-06-21 23:12:26,826 [INFO] Epoch 030 | Train Loss: 0.9438 | Val Loss: 3.1192 | Val Acc: 0.4464
2025-06-21 23:12:27,209 [INFO] Epoch 031 | Train Loss: 1.1325 | Val Loss: 3.1927 | Val Acc: 0.3571
2025-06-21 23:12:27,257 [INFO] Epoch 032 | Train Loss: 0.8182 | Val Loss: 2.8519 | Val Acc: 0.4643
2025-06-21 23:12:27,304 [INFO] Epoch 033 | Train Loss: 1.1622 | Val Loss: 2.8109 | Val Acc: 0.3393
2025-06-21 23:12:27,352 [INFO] Epoch 034 | Train Loss: 0.7462 | Val Loss: 2.5893 | Val Acc: 0.4821
2025-06-21 23:12:27,400 [INFO] Epoch 035 | Train Loss: 0.9154 | Val Loss: 2.7935 | Val Acc: 0.4821
2025-06-21 23:12:27,447 [INFO] Epoch 036 | Train Loss: 0.6954 | Val Loss: 3.2151 | Val Acc: 0.3571
2025-06-21 23:12:27,494 [INFO] Epoch 037 | Train Loss: 0.7255 | Val Loss: 2.4935 | Val Acc: 0.4464
2025-06-21 23:12:27,541 [INFO] Epoch 038 | Train Loss: 0.6558 | Val Loss: 3.4795 | Val Acc: 0.3036
2025-06-21 23:12:27,588 [INFO] Epoch 039 | Train Loss: 0.6829 | Val Loss: 2.5736 | Val Acc: 0.4107
2025-06-21 23:12:27,637 [INFO] Epoch 040 | Train Loss: 0.6591 | Val Loss: 2.5553 | Val Acc: 0.4107
2025-06-21 23:12:28,033 [INFO] Epoch 041 | Train Loss: 0.6524 | Val Loss: 2.9330 | Val Acc: 0.3214
2025-06-21 23:12:28,079 [INFO] Epoch 042 | Train Loss: 0.4869 | Val Loss: 2.3223 | Val Acc: 0.4643
2025-06-21 23:12:28,127 [INFO] Epoch 043 | Train Loss: 0.7901 | Val Loss: 2.4422 | Val Acc: 0.4821
2025-06-21 23:12:28,185 [INFO] Epoch 044 | Train Loss: 0.6591 | Val Loss: 2.8962 | Val Acc: 0.4107
2025-06-21 23:12:28,234 [INFO] Epoch 045 | Train Loss: 0.5695 | Val Loss: 2.7635 | Val Acc: 0.3750
2025-06-21 23:12:28,283 [INFO] Epoch 046 | Train Loss: 0.5101 | Val Loss: 2.6426 | Val Acc: 0.5714
2025-06-21 23:12:28,292 [INFO] New best model at epoch 46 (Val Acc: 0.5714)
2025-06-21 23:12:28,337 [INFO] Epoch 047 | Train Loss: 0.4098 | Val Loss: 2.8285 | Val Acc: 0.4821
2025-06-21 23:12:28,387 [INFO] Epoch 048 | Train Loss: 0.7981 | Val Loss: 2.9330 | Val Acc: 0.5000
2025-06-21 23:12:28,437 [INFO] Epoch 049 | Train Loss: 0.6373 | Val Loss: 2.6880 | Val Acc: 0.5893
2025-06-21 23:12:28,445 [INFO] New best model at epoch 49 (Val Acc: 0.5893)
2025-06-21 23:12:28,501 [INFO] Epoch 050 | Train Loss: 0.7370 | Val Loss: 2.4535 | Val Acc: 0.4464
2025-06-21 23:12:28,884 [INFO] Epoch 051 | Train Loss: 0.8419 | Val Loss: 3.0055 | Val Acc: 0.4286
2025-06-21 23:12:28,931 [INFO] Epoch 052 | Train Loss: 0.6140 | Val Loss: 3.1126 | Val Acc: 0.4464
2025-06-21 23:12:28,979 [INFO] Epoch 053 | Train Loss: 0.7435 | Val Loss: 3.3337 | Val Acc: 0.3929
2025-06-21 23:12:29,035 [INFO] Epoch 054 | Train Loss: 0.7851 | Val Loss: 3.0134 | Val Acc: 0.3929
2025-06-21 23:12:29,082 [INFO] Epoch 055 | Train Loss: 0.7542 | Val Loss: 2.7546 | Val Acc: 0.4643
2025-06-21 23:12:29,131 [INFO] Epoch 056 | Train Loss: 0.7157 | Val Loss: 3.5862 | Val Acc: 0.4464
2025-06-21 23:12:29,180 [INFO] Epoch 057 | Train Loss: 0.7389 | Val Loss: 3.2910 | Val Acc: 0.4464
2025-06-21 23:12:29,229 [INFO] Epoch 058 | Train Loss: 0.7836 | Val Loss: 2.9742 | Val Acc: 0.5000
2025-06-21 23:12:29,277 [INFO] Epoch 059 | Train Loss: 0.5782 | Val Loss: 3.4828 | Val Acc: 0.3571
2025-06-21 23:12:29,323 [INFO] Epoch 060 | Train Loss: 0.8130 | Val Loss: 3.4062 | Val Acc: 0.4107
2025-06-21 23:12:29,711 [INFO] Epoch 061 | Train Loss: 0.9837 | Val Loss: 3.6114 | Val Acc: 0.4643
2025-06-21 23:12:29,759 [INFO] Epoch 062 | Train Loss: 0.3566 | Val Loss: 4.2292 | Val Acc: 0.4286
2025-06-21 23:12:29,806 [INFO] Epoch 063 | Train Loss: 0.4731 | Val Loss: 3.2952 | Val Acc: 0.4464
2025-06-21 23:12:29,866 [INFO] Epoch 064 | Train Loss: 0.4069 | Val Loss: 3.3586 | Val Acc: 0.3929
2025-06-21 23:12:29,912 [INFO] Epoch 065 | Train Loss: 0.5626 | Val Loss: 4.2185 | Val Acc: 0.4286
2025-06-21 23:12:29,959 [INFO] Epoch 066 | Train Loss: 0.4304 | Val Loss: 4.0532 | Val Acc: 0.3571
2025-06-21 23:12:30,008 [INFO] Epoch 067 | Train Loss: 0.4439 | Val Loss: 3.6681 | Val Acc: 0.3571
2025-06-21 23:12:30,058 [INFO] Epoch 068 | Train Loss: 0.4577 | Val Loss: 3.6628 | Val Acc: 0.3929
2025-06-21 23:12:30,107 [INFO] Epoch 069 | Train Loss: 0.5430 | Val Loss: 4.1368 | Val Acc: 0.3929
2025-06-21 23:12:30,158 [INFO] Epoch 070 | Train Loss: 0.4463 | Val Loss: 3.3048 | Val Acc: 0.3929
2025-06-21 23:12:30,564 [INFO] Epoch 071 | Train Loss: 0.6356 | Val Loss: 3.4880 | Val Acc: 0.3929
2025-06-21 23:12:30,611 [INFO] Epoch 072 | Train Loss: 0.5944 | Val Loss: 3.9864 | Val Acc: 0.3571
2025-06-21 23:12:30,661 [INFO] Epoch 073 | Train Loss: 0.5672 | Val Loss: 3.1985 | Val Acc: 0.4107
2025-06-21 23:12:30,721 [INFO] Epoch 074 | Train Loss: 0.6460 | Val Loss: 4.1614 | Val Acc: 0.3214
2025-06-21 23:12:30,771 [INFO] Epoch 075 | Train Loss: 1.0051 | Val Loss: 3.9126 | Val Acc: 0.4643
2025-06-21 23:12:30,824 [INFO] Epoch 076 | Train Loss: 0.5003 | Val Loss: 3.5903 | Val Acc: 0.4464
2025-06-21 23:12:30,875 [INFO] Epoch 077 | Train Loss: 0.5536 | Val Loss: 4.4635 | Val Acc: 0.3750
2025-06-21 23:12:30,923 [INFO] Epoch 078 | Train Loss: 0.8547 | Val Loss: 4.0115 | Val Acc: 0.3929
2025-06-21 23:12:30,973 [INFO] Epoch 079 | Train Loss: 0.6810 | Val Loss: 3.6631 | Val Acc: 0.4107
2025-06-21 23:12:31,022 [INFO] Epoch 080 | Train Loss: 0.6539 | Val Loss: 4.0204 | Val Acc: 0.2500
2025-06-21 23:12:31,501 [INFO] Epoch 081 | Train Loss: 0.6051 | Val Loss: 4.1218 | Val Acc: 0.3750
2025-06-21 23:12:31,546 [INFO] Epoch 082 | Train Loss: 0.4443 | Val Loss: 3.3760 | Val Acc: 0.4286
2025-06-21 23:12:31,603 [INFO] Epoch 083 | Train Loss: 0.4250 | Val Loss: 3.0200 | Val Acc: 0.4464
2025-06-21 23:12:31,688 [INFO] Epoch 084 | Train Loss: 0.6226 | Val Loss: 3.5656 | Val Acc: 0.3750
2025-06-21 23:12:31,735 [INFO] Epoch 085 | Train Loss: 0.6204 | Val Loss: 2.7956 | Val Acc: 0.4286
2025-06-21 23:12:31,782 [INFO] Epoch 086 | Train Loss: 0.5553 | Val Loss: 2.8911 | Val Acc: 0.3929
2025-06-21 23:12:31,831 [INFO] Epoch 087 | Train Loss: 0.5924 | Val Loss: 3.7629 | Val Acc: 0.4107
2025-06-21 23:12:31,879 [INFO] Epoch 088 | Train Loss: 0.2683 | Val Loss: 2.9702 | Val Acc: 0.4821
2025-06-21 23:12:31,927 [INFO] Epoch 089 | Train Loss: 0.3894 | Val Loss: 2.7796 | Val Acc: 0.5000
2025-06-21 23:12:31,974 [INFO] Epoch 090 | Train Loss: 0.5188 | Val Loss: 2.7418 | Val Acc: 0.4286
2025-06-21 23:12:32,405 [INFO] Epoch 091 | Train Loss: 0.4239 | Val Loss: 4.2844 | Val Acc: 0.4286
2025-06-21 23:12:32,456 [INFO] Epoch 092 | Train Loss: 0.3057 | Val Loss: 3.7433 | Val Acc: 0.4643
2025-06-21 23:12:32,505 [INFO] Epoch 093 | Train Loss: 0.3217 | Val Loss: 3.7982 | Val Acc: 0.3571
2025-06-21 23:12:32,557 [INFO] Epoch 094 | Train Loss: 0.3003 | Val Loss: 3.2029 | Val Acc: 0.4464
2025-06-21 23:12:32,614 [INFO] Epoch 095 | Train Loss: 0.1704 | Val Loss: 3.6508 | Val Acc: 0.4464
2025-06-21 23:12:32,662 [INFO] Epoch 096 | Train Loss: 0.4115 | Val Loss: 3.4880 | Val Acc: 0.4643
2025-06-21 23:12:32,726 [INFO] Epoch 097 | Train Loss: 0.2960 | Val Loss: 3.2080 | Val Acc: 0.4821
2025-06-21 23:12:32,774 [INFO] Epoch 098 | Train Loss: 0.2758 | Val Loss: 2.9831 | Val Acc: 0.5000
2025-06-21 23:12:32,825 [INFO] Epoch 099 | Train Loss: 0.3034 | Val Loss: 3.3511 | Val Acc: 0.5000
2025-06-21 23:12:32,872 [INFO] Epoch 100 | Train Loss: 0.3040 | Val Loss: 3.2861 | Val Acc: 0.5179
2025-06-21 23:12:33,532 [INFO] Epoch 101 | Train Loss: 0.3772 | Val Loss: 3.0790 | Val Acc: 0.4821
2025-06-21 23:12:33,580 [INFO] Epoch 102 | Train Loss: 0.3000 | Val Loss: 3.4057 | Val Acc: 0.4286
2025-06-21 23:12:33,629 [INFO] Epoch 103 | Train Loss: 0.4916 | Val Loss: 3.4860 | Val Acc: 0.3571
2025-06-21 23:12:33,681 [INFO] Epoch 104 | Train Loss: 0.5177 | Val Loss: 3.5762 | Val Acc: 0.5000
2025-06-21 23:12:33,730 [INFO] Epoch 105 | Train Loss: 0.5467 | Val Loss: 4.9552 | Val Acc: 0.3571
2025-06-21 23:12:33,781 [INFO] Epoch 106 | Train Loss: 0.3944 | Val Loss: 3.4212 | Val Acc: 0.4464
2025-06-21 23:12:33,831 [INFO] Epoch 107 | Train Loss: 0.6967 | Val Loss: 3.5606 | Val Acc: 0.4643
2025-06-21 23:12:33,897 [INFO] Epoch 108 | Train Loss: 0.3316 | Val Loss: 4.4895 | Val Acc: 0.3750
2025-06-21 23:12:33,951 [INFO] Epoch 109 | Train Loss: 0.4252 | Val Loss: 3.6271 | Val Acc: 0.4464
2025-06-21 23:12:34,002 [INFO] Epoch 110 | Train Loss: 0.3086 | Val Loss: 4.3703 | Val Acc: 0.4286
2025-06-21 23:12:34,381 [INFO] Epoch 111 | Train Loss: 0.3107 | Val Loss: 3.4318 | Val Acc: 0.4643
2025-06-21 23:12:34,428 [INFO] Epoch 112 | Train Loss: 0.3505 | Val Loss: 3.8795 | Val Acc: 0.5000
2025-06-21 23:12:34,478 [INFO] Epoch 113 | Train Loss: 0.2910 | Val Loss: 3.9387 | Val Acc: 0.4821
2025-06-21 23:12:34,525 [INFO] Epoch 114 | Train Loss: 0.2879 | Val Loss: 4.5610 | Val Acc: 0.4107
2025-06-21 23:12:34,575 [INFO] Epoch 115 | Train Loss: 0.2428 | Val Loss: 4.2967 | Val Acc: 0.4464
2025-06-21 23:12:34,634 [INFO] Epoch 116 | Train Loss: 0.2879 | Val Loss: 3.5546 | Val Acc: 0.4821
2025-06-21 23:12:34,681 [INFO] Epoch 117 | Train Loss: 0.2941 | Val Loss: 4.2689 | Val Acc: 0.3929
2025-06-21 23:12:34,750 [INFO] Epoch 118 | Train Loss: 0.2698 | Val Loss: 3.9400 | Val Acc: 0.3571
2025-06-21 23:12:34,800 [INFO] Epoch 119 | Train Loss: 0.1571 | Val Loss: 3.4620 | Val Acc: 0.5000
2025-06-21 23:12:34,850 [INFO] Epoch 120 | Train Loss: 0.2764 | Val Loss: 3.8104 | Val Acc: 0.4286
2025-06-21 23:12:35,267 [INFO] Epoch 121 | Train Loss: 0.2536 | Val Loss: 4.3793 | Val Acc: 0.3750
2025-06-21 23:12:35,312 [INFO] Epoch 122 | Train Loss: 0.3001 | Val Loss: 3.9030 | Val Acc: 0.4464
2025-06-21 23:12:35,358 [INFO] Epoch 123 | Train Loss: 0.6877 | Val Loss: 4.5865 | Val Acc: 0.4107
2025-06-21 23:12:35,406 [INFO] Epoch 124 | Train Loss: 0.4163 | Val Loss: 3.7121 | Val Acc: 0.3750
2025-06-21 23:12:35,455 [INFO] Epoch 125 | Train Loss: 0.3272 | Val Loss: 4.2159 | Val Acc: 0.3214
2025-06-21 23:12:35,504 [INFO] Epoch 126 | Train Loss: 0.5612 | Val Loss: 4.2485 | Val Acc: 0.3750
2025-06-21 23:12:35,552 [INFO] Epoch 127 | Train Loss: 0.3905 | Val Loss: 4.6194 | Val Acc: 0.3929
2025-06-21 23:12:35,601 [INFO] Epoch 128 | Train Loss: 0.4551 | Val Loss: 4.0949 | Val Acc: 0.5000
2025-06-21 23:12:35,723 [INFO] Epoch 129 | Train Loss: 0.3583 | Val Loss: 4.7904 | Val Acc: 0.3750
2025-06-21 23:12:35,771 [INFO] Epoch 130 | Train Loss: 0.2341 | Val Loss: 4.0531 | Val Acc: 0.4464
2025-06-21 23:12:36,164 [INFO] Epoch 131 | Train Loss: 0.2746 | Val Loss: 4.1541 | Val Acc: 0.3929
2025-06-21 23:12:36,209 [INFO] Epoch 132 | Train Loss: 0.3579 | Val Loss: 3.9801 | Val Acc: 0.4464
2025-06-21 23:12:36,257 [INFO] Epoch 133 | Train Loss: 0.4684 | Val Loss: 4.1247 | Val Acc: 0.4286
2025-06-21 23:12:36,304 [INFO] Epoch 134 | Train Loss: 0.3530 | Val Loss: 4.9566 | Val Acc: 0.4107
2025-06-21 23:12:36,353 [INFO] Epoch 135 | Train Loss: 0.3476 | Val Loss: 4.1408 | Val Acc: 0.4821
2025-06-21 23:12:36,401 [INFO] Epoch 136 | Train Loss: 0.3063 | Val Loss: 4.4710 | Val Acc: 0.3214
2025-06-21 23:12:36,451 [INFO] Epoch 137 | Train Loss: 0.2495 | Val Loss: 3.8162 | Val Acc: 0.3571
2025-06-21 23:12:36,502 [INFO] Epoch 138 | Train Loss: 0.7351 | Val Loss: 3.4824 | Val Acc: 0.4821
2025-06-21 23:12:36,572 [INFO] Epoch 139 | Train Loss: 0.4715 | Val Loss: 4.2494 | Val Acc: 0.5000
2025-06-21 23:12:36,621 [INFO] Epoch 140 | Train Loss: 0.2824 | Val Loss: 4.0315 | Val Acc: 0.4643
2025-06-21 23:12:37,445 [INFO] Epoch 141 | Train Loss: 0.4324 | Val Loss: 6.9783 | Val Acc: 0.3214
2025-06-21 23:12:37,500 [INFO] Epoch 142 | Train Loss: 0.3751 | Val Loss: 4.8824 | Val Acc: 0.3750
2025-06-21 23:12:37,572 [INFO] Epoch 143 | Train Loss: 0.4254 | Val Loss: 4.3595 | Val Acc: 0.4643
2025-06-21 23:12:37,619 [INFO] Epoch 144 | Train Loss: 0.2187 | Val Loss: 3.6015 | Val Acc: 0.3393
2025-06-21 23:12:37,666 [INFO] Epoch 145 | Train Loss: 0.3604 | Val Loss: 3.4638 | Val Acc: 0.4286
2025-06-21 23:12:37,714 [INFO] Epoch 146 | Train Loss: 0.2346 | Val Loss: 3.7813 | Val Acc: 0.4821
2025-06-21 23:12:37,761 [INFO] Epoch 147 | Train Loss: 0.3276 | Val Loss: 4.1944 | Val Acc: 0.4107
2025-06-21 23:12:37,809 [INFO] Epoch 148 | Train Loss: 0.1008 | Val Loss: 3.3222 | Val Acc: 0.4107
2025-06-21 23:12:37,859 [INFO] Epoch 149 | Train Loss: 0.1516 | Val Loss: 3.4069 | Val Acc: 0.4643
2025-06-21 23:12:37,906 [INFO] Epoch 150 | Train Loss: 0.1666 | Val Loss: 3.2270 | Val Acc: 0.4643
2025-06-21 23:12:38,411 [INFO] Epoch 151 | Train Loss: 0.2277 | Val Loss: 4.1905 | Val Acc: 0.3929
2025-06-21 23:12:38,483 [INFO] Epoch 152 | Train Loss: 0.2064 | Val Loss: 4.8098 | Val Acc: 0.3750
2025-06-21 23:12:38,530 [INFO] Epoch 153 | Train Loss: 0.2674 | Val Loss: 3.7231 | Val Acc: 0.5000
2025-06-21 23:12:38,578 [INFO] Epoch 154 | Train Loss: 0.1484 | Val Loss: 3.7625 | Val Acc: 0.4464
2025-06-21 23:12:38,626 [INFO] Epoch 155 | Train Loss: 0.1880 | Val Loss: 4.5499 | Val Acc: 0.3929
2025-06-21 23:12:38,674 [INFO] Epoch 156 | Train Loss: 0.2627 | Val Loss: 4.6604 | Val Acc: 0.4107
2025-06-21 23:12:38,745 [INFO] Epoch 157 | Train Loss: 0.1533 | Val Loss: 3.7543 | Val Acc: 0.4286
2025-06-21 23:12:38,796 [INFO] Epoch 158 | Train Loss: 0.1685 | Val Loss: 3.8245 | Val Acc: 0.4643
2025-06-21 23:12:38,845 [INFO] Epoch 159 | Train Loss: 0.1494 | Val Loss: 3.2897 | Val Acc: 0.5357
2025-06-21 23:12:38,893 [INFO] Epoch 160 | Train Loss: 0.1175 | Val Loss: 3.3626 | Val Acc: 0.5000
2025-06-21 23:12:39,303 [INFO] Epoch 161 | Train Loss: 0.1148 | Val Loss: 3.8239 | Val Acc: 0.5000
2025-06-21 23:12:39,356 [INFO] Epoch 162 | Train Loss: 0.1534 | Val Loss: 3.8422 | Val Acc: 0.4643
2025-06-21 23:12:39,426 [INFO] Epoch 163 | Train Loss: 0.2254 | Val Loss: 3.9186 | Val Acc: 0.4286
2025-06-21 23:12:39,474 [INFO] Epoch 164 | Train Loss: 0.3881 | Val Loss: 3.7207 | Val Acc: 0.4821
2025-06-21 23:12:39,520 [INFO] Epoch 165 | Train Loss: 0.2266 | Val Loss: 4.6407 | Val Acc: 0.3214
2025-06-21 23:12:39,568 [INFO] Epoch 166 | Train Loss: 0.3328 | Val Loss: 4.3697 | Val Acc: 0.4821
2025-06-21 23:12:39,620 [INFO] Epoch 167 | Train Loss: 0.3572 | Val Loss: 3.7866 | Val Acc: 0.4464
2025-06-21 23:12:39,676 [INFO] Epoch 168 | Train Loss: 0.3973 | Val Loss: 4.6284 | Val Acc: 0.5000
2025-06-21 23:12:39,724 [INFO] Epoch 169 | Train Loss: 0.2252 | Val Loss: 4.5356 | Val Acc: 0.4464
2025-06-21 23:12:39,771 [INFO] Epoch 170 | Train Loss: 0.3114 | Val Loss: 4.3011 | Val Acc: 0.5000
2025-06-21 23:12:40,171 [INFO] Epoch 171 | Train Loss: 0.2799 | Val Loss: 4.0552 | Val Acc: 0.4286
2025-06-21 23:12:40,218 [INFO] Epoch 172 | Train Loss: 0.1456 | Val Loss: 4.4729 | Val Acc: 0.4286
2025-06-21 23:12:40,270 [INFO] Epoch 173 | Train Loss: 0.2071 | Val Loss: 4.4353 | Val Acc: 0.4464
2025-06-21 23:12:40,335 [INFO] Epoch 174 | Train Loss: 0.1390 | Val Loss: 4.3574 | Val Acc: 0.5000
2025-06-21 23:12:40,381 [INFO] Epoch 175 | Train Loss: 0.1328 | Val Loss: 4.3530 | Val Acc: 0.4821
2025-06-21 23:12:40,427 [INFO] Epoch 176 | Train Loss: 0.1117 | Val Loss: 4.3547 | Val Acc: 0.3929
2025-06-21 23:12:40,475 [INFO] Epoch 177 | Train Loss: 0.1519 | Val Loss: 4.2428 | Val Acc: 0.4286
2025-06-21 23:12:40,520 [INFO] Epoch 178 | Train Loss: 0.1348 | Val Loss: 4.1695 | Val Acc: 0.4464
2025-06-21 23:12:40,568 [INFO] Epoch 179 | Train Loss: 0.1507 | Val Loss: 4.1976 | Val Acc: 0.3929
2025-06-21 23:12:40,615 [INFO] Epoch 180 | Train Loss: 0.1735 | Val Loss: 4.3388 | Val Acc: 0.4107
2025-06-21 23:12:41,040 [INFO] Epoch 181 | Train Loss: 0.1730 | Val Loss: 3.7307 | Val Acc: 0.4821
2025-06-21 23:12:41,089 [INFO] Epoch 182 | Train Loss: 0.1842 | Val Loss: 3.3432 | Val Acc: 0.4821
2025-06-21 23:12:41,144 [INFO] Epoch 183 | Train Loss: 0.1322 | Val Loss: 3.6508 | Val Acc: 0.4821
2025-06-21 23:12:41,210 [INFO] Epoch 184 | Train Loss: 0.1614 | Val Loss: 3.6529 | Val Acc: 0.4643
2025-06-21 23:12:41,257 [INFO] Epoch 185 | Train Loss: 0.1199 | Val Loss: 3.8326 | Val Acc: 0.4464
2025-06-21 23:12:41,306 [INFO] Epoch 186 | Train Loss: 0.1549 | Val Loss: 3.3577 | Val Acc: 0.4286
2025-06-21 23:12:41,354 [INFO] Epoch 187 | Train Loss: 0.1502 | Val Loss: 3.9410 | Val Acc: 0.3750
2025-06-21 23:12:41,400 [INFO] Epoch 188 | Train Loss: 0.1265 | Val Loss: 4.3753 | Val Acc: 0.4286
2025-06-21 23:12:41,450 [INFO] Epoch 189 | Train Loss: 0.1412 | Val Loss: 4.7165 | Val Acc: 0.4464
2025-06-21 23:12:41,497 [INFO] Epoch 190 | Train Loss: 0.1088 | Val Loss: 4.1546 | Val Acc: 0.5000
2025-06-21 23:12:41,950 [INFO] Epoch 191 | Train Loss: 0.2005 | Val Loss: 4.3527 | Val Acc: 0.4643
2025-06-21 23:12:42,004 [INFO] Epoch 192 | Train Loss: 0.1015 | Val Loss: 3.8301 | Val Acc: 0.4286
2025-06-21 23:12:42,073 [INFO] Epoch 193 | Train Loss: 0.0451 | Val Loss: 3.3523 | Val Acc: 0.4464
2025-06-21 23:12:42,121 [INFO] Epoch 194 | Train Loss: 0.0879 | Val Loss: 3.9563 | Val Acc: 0.4286
2025-06-21 23:12:42,170 [INFO] Epoch 195 | Train Loss: 0.0832 | Val Loss: 4.1998 | Val Acc: 0.4464
2025-06-21 23:12:42,218 [INFO] Epoch 196 | Train Loss: 0.1059 | Val Loss: 3.7729 | Val Acc: 0.4107
2025-06-21 23:12:42,267 [INFO] Epoch 197 | Train Loss: 0.1034 | Val Loss: 4.2616 | Val Acc: 0.4286
2025-06-21 23:12:42,316 [INFO] Epoch 198 | Train Loss: 0.0932 | Val Loss: 5.4391 | Val Acc: 0.4643
2025-06-21 23:12:42,365 [INFO] Epoch 199 | Train Loss: 0.1208 | Val Loss: 5.0833 | Val Acc: 0.4286
2025-06-21 23:12:42,371 [INFO] Early stopping at epoch 199 (no improvement in 150 epochs).
2025-06-21 23:12:42,379 [INFO] Best model saved to <built-in function time>/ENZYMES/best/best_source_gin.pth (Val Acc: 0.5893 at epoch 49)
2025-06-21 23:12:42,380 [INFO] Training/validation metrics saved to <built-in function time>/ENZYMES/GIN_0.001/train_metrics.csv
2025-06-21 23:12:42,718 [INFO] Final training curves saved
2025-06-21 23:12:42,718 [INFO] Training completed!
2025-06-21 23:12:42,718 [INFO] Best validation accuracy: 0.5893
2025-06-21 23:12:42,718 [INFO] Best epoch: 49
2025-06-21 23:12:42,718 [INFO] Total epochs trained: 199
2025-06-21 23:12:42,719 [INFO] Starting training with parameters: (0.001, 0.0, 256, 3, 400, 0.001)
