2025-06-22 02:45:44,949 [INFO] Using device: cpu
2025-06-22 02:45:44,949 [INFO] 开始创建数据加载器...
2025-06-22 02:45:44,952 [INFO] Successfully loaded dataset ENZYMES from ./data, total graphs: 600
2025-06-22 02:45:44,952 [INFO] Class allocation analysis:
2025-06-22 02:45:44,952 [INFO]   Source classes: [0, 1, 2, 3]
2025-06-22 02:45:44,952 [INFO]   Target classes: [0, 1, 2, 3, 4, 5]
2025-06-22 02:45:44,953 [INFO]   Overlap classes (to be split): [0, 1, 2, 3]
2025-06-22 02:45:44,953 [INFO]   Target novel classes (unknown): [4, 5]
2025-06-22 02:45:44,966 [INFO]   Class 0: 100 total -> Source: 70, Target: 30
2025-06-22 02:45:44,966 [INFO]   Class 1: 100 total -> Source: 70, Target: 30
2025-06-22 02:45:44,966 [INFO]   Class 2: 100 total -> Source: 70, Target: 30
2025-06-22 02:45:44,966 [INFO]   Class 3: 100 total -> Source: 70, Target: 30
2025-06-22 02:45:44,966 [INFO]   Class 4 (novel/unknown): 100 samples -> Target
2025-06-22 02:45:44,966 [INFO]   Class 5 (novel/unknown): 100 samples -> Target
2025-06-22 02:45:44,966 [INFO] Final allocation:
2025-06-22 02:45:44,966 [INFO]   Source domain: 280 samples
2025-06-22 02:45:44,967 [INFO]   Target domain: 320 samples
2025-06-22 02:45:44,968 [INFO] Source domain setup:
2025-06-22 02:45:44,968 [INFO]   Original classes: [0, 1, 2, 3]
2025-06-22 02:45:44,968 [INFO]   Overlap classes used: [0, 1, 2, 3]
2025-06-22 02:45:44,968 [INFO]   Label mapping: {0: 0, 1: 1, 2: 2, 3: 3}
2025-06-22 02:45:44,968 [INFO]   Total data after allocation: 280
2025-06-22 02:45:44,968 [INFO]   Data split - Train: 224, Val: 56
2025-06-22 02:45:44,968 [INFO]   Train label distribution: {0: 56, 1: 56, 3: 56, 2: 56}
2025-06-22 02:45:44,968 [INFO]   Val label distribution: {1: 14, 2: 14, 0: 14, 3: 14}
2025-06-22 02:45:44,970 [INFO] Successfully loaded dataset ENZYMES from ./data, total graphs: 600
2025-06-22 02:45:44,970 [INFO] Class allocation analysis:
2025-06-22 02:45:44,970 [INFO]   Source classes: [0, 1, 2, 3]
2025-06-22 02:45:44,970 [INFO]   Target classes: [0, 1, 2, 3, 4, 5]
2025-06-22 02:45:44,970 [INFO]   Overlap classes (to be split): [0, 1, 2, 3]
2025-06-22 02:45:44,970 [INFO]   Target novel classes (unknown): [4, 5]
2025-06-22 02:45:44,983 [INFO]   Class 0: 100 total -> Source: 70, Target: 30
2025-06-22 02:45:44,983 [INFO]   Class 1: 100 total -> Source: 70, Target: 30
2025-06-22 02:45:44,984 [INFO]   Class 2: 100 total -> Source: 70, Target: 30
2025-06-22 02:45:44,984 [INFO]   Class 3: 100 total -> Source: 70, Target: 30
2025-06-22 02:45:44,984 [INFO]   Class 4 (novel/unknown): 100 samples -> Target
2025-06-22 02:45:44,984 [INFO]   Class 5 (novel/unknown): 100 samples -> Target
2025-06-22 02:45:44,984 [INFO] Final allocation:
2025-06-22 02:45:44,984 [INFO]   Source domain: 280 samples
2025-06-22 02:45:44,984 [INFO]   Target domain: 320 samples
2025-06-22 02:45:44,985 [INFO] Target domain setup:
2025-06-22 02:45:44,985 [INFO]   Original classes: [0, 1, 2, 3, 4, 5]
2025-06-22 02:45:44,985 [INFO]   Overlap classes: [0, 1, 2, 3]
2025-06-22 02:45:44,985 [INFO]   Novel classes: [4, 5] -> mapped to unknown label 4
2025-06-22 02:45:44,985 [INFO]   Label mapping: {0: 0, 1: 1, 2: 2, 3: 3, 4: 4, 5: 4}
2025-06-22 02:45:44,985 [INFO]   Total data after allocation: 320
2025-06-22 02:45:44,986 [INFO]   Data split - Train: 256, Val: 64
2025-06-22 02:45:44,986 [INFO]   Total count: 320 (known: 120, unknown: 200)
2025-06-22 02:45:44,986 [INFO]   Total label distribution: {4: 200, 3: 30, 0: 30, 1: 30, 2: 30}
2025-06-22 02:45:44,986 [INFO]   Train label distribution: {4: 160, 0: 24, 2: 24, 3: 24, 1: 24}
2025-06-22 02:45:44,986 [INFO]   Val label distribution: {1: 6, 4: 40, 3: 6, 0: 6, 2: 6}
2025-06-22 02:45:44,986 [INFO] 数据加载器创建完成!
2025-06-22 02:45:44,986 [INFO] 源域类别数: 4 (重叠类别)
2025-06-22 02:45:44,986 [INFO] 目标域类别数: 5 (4个重叠类别 + 1个未知类别)
2025-06-22 02:45:44,986 [INFO] 重叠类别: [0, 1, 2, 3]
2025-06-22 02:45:44,986 [INFO] 目标域新类别: [4, 5]
2025-06-22 02:45:44,986 [INFO] Data allocation verification:
2025-06-22 02:45:44,986 [INFO]   Source data samples: 280
2025-06-22 02:45:44,986 [INFO]   Target data samples: 320
2025-06-22 02:45:44,986 [INFO]   Overlapping samples: 0
2025-06-22 02:45:44,986 [INFO]   ✓ Data allocation is correct - no overlapping samples
2025-06-22 02:45:44,988 [INFO] Model initialized with 118660 parameters
2025-06-22 02:45:44,989 [INFO] Previous best validation accuracy read from record.txt: 0.6250
2025-06-22 02:45:44,989 [INFO] Starting training...
2025-06-22 02:45:45,058 [INFO] Epoch 001 | Train Loss: 8.8470 | Val Loss: 1.4747 | Val Acc: 0.2321
2025-06-22 02:45:45,588 [INFO] New best model at epoch 1 (Val Acc: 0.2321)
2025-06-22 02:45:45,626 [INFO] Epoch 002 | Train Loss: 6.9437 | Val Loss: 1.5840 | Val Acc: 0.1964
2025-06-22 02:45:45,661 [INFO] Epoch 003 | Train Loss: 4.1968 | Val Loss: 1.7958 | Val Acc: 0.3036
2025-06-22 02:45:45,666 [INFO] New best model at epoch 3 (Val Acc: 0.3036)
2025-06-22 02:45:45,707 [INFO] Epoch 004 | Train Loss: 4.7794 | Val Loss: 1.5946 | Val Acc: 0.3929
2025-06-22 02:45:45,713 [INFO] New best model at epoch 4 (Val Acc: 0.3929)
2025-06-22 02:45:45,749 [INFO] Epoch 005 | Train Loss: 4.6374 | Val Loss: 2.6061 | Val Acc: 0.3393
2025-06-22 02:45:45,795 [INFO] Epoch 006 | Train Loss: 3.7081 | Val Loss: 2.3880 | Val Acc: 0.3393
2025-06-22 02:45:45,844 [INFO] Epoch 007 | Train Loss: 3.4316 | Val Loss: 2.5456 | Val Acc: 0.3929
2025-06-22 02:45:45,880 [INFO] Epoch 008 | Train Loss: 3.7032 | Val Loss: 1.9766 | Val Acc: 0.3036
2025-06-22 02:45:45,916 [INFO] Epoch 009 | Train Loss: 3.1021 | Val Loss: 4.0408 | Val Acc: 0.2500
2025-06-22 02:45:45,960 [INFO] Epoch 010 | Train Loss: 3.3302 | Val Loss: 2.6998 | Val Acc: 0.3571
2025-06-22 02:45:46,814 [INFO] Epoch 011 | Train Loss: 2.9683 | Val Loss: 2.4190 | Val Acc: 0.3929
2025-06-22 02:45:46,869 [INFO] Epoch 012 | Train Loss: 2.4022 | Val Loss: 1.8554 | Val Acc: 0.3750
2025-06-22 02:45:46,904 [INFO] Epoch 013 | Train Loss: 2.5587 | Val Loss: 2.4978 | Val Acc: 0.3750
2025-06-22 02:45:46,942 [INFO] Epoch 014 | Train Loss: 2.4035 | Val Loss: 3.0992 | Val Acc: 0.4286
2025-06-22 02:45:46,948 [INFO] New best model at epoch 14 (Val Acc: 0.4286)
2025-06-22 02:45:46,985 [INFO] Epoch 015 | Train Loss: 2.1865 | Val Loss: 2.5835 | Val Acc: 0.3036
2025-06-22 02:45:47,046 [INFO] Epoch 016 | Train Loss: 2.0153 | Val Loss: 2.0390 | Val Acc: 0.3214
2025-06-22 02:45:47,083 [INFO] Epoch 017 | Train Loss: 2.0020 | Val Loss: 2.6623 | Val Acc: 0.2679
2025-06-22 02:45:47,119 [INFO] Epoch 018 | Train Loss: 1.7810 | Val Loss: 2.3447 | Val Acc: 0.3214
2025-06-22 02:45:47,156 [INFO] Epoch 019 | Train Loss: 1.9906 | Val Loss: 3.4200 | Val Acc: 0.3393
2025-06-22 02:45:47,191 [INFO] Epoch 020 | Train Loss: 2.9523 | Val Loss: 2.3459 | Val Acc: 0.3750
2025-06-22 02:45:47,741 [INFO] Epoch 021 | Train Loss: 2.5623 | Val Loss: 2.6877 | Val Acc: 0.4286
2025-06-22 02:45:47,802 [INFO] Epoch 022 | Train Loss: 1.9208 | Val Loss: 4.9995 | Val Acc: 0.3929
2025-06-22 02:45:47,837 [INFO] Epoch 023 | Train Loss: 2.4624 | Val Loss: 2.3869 | Val Acc: 0.3214
2025-06-22 02:45:47,878 [INFO] Epoch 024 | Train Loss: 2.1047 | Val Loss: 3.4809 | Val Acc: 0.2679
2025-06-22 02:45:47,936 [INFO] Epoch 025 | Train Loss: 2.2625 | Val Loss: 2.7637 | Val Acc: 0.4107
2025-06-22 02:45:47,976 [INFO] Epoch 026 | Train Loss: 1.8089 | Val Loss: 2.2666 | Val Acc: 0.3929
2025-06-22 02:45:48,011 [INFO] Epoch 027 | Train Loss: 1.7528 | Val Loss: 1.9045 | Val Acc: 0.4643
2025-06-22 02:45:48,017 [INFO] New best model at epoch 27 (Val Acc: 0.4643)
2025-06-22 02:45:48,050 [INFO] Epoch 028 | Train Loss: 1.5495 | Val Loss: 1.8970 | Val Acc: 0.4107
2025-06-22 02:45:48,085 [INFO] Epoch 029 | Train Loss: 1.4719 | Val Loss: 2.1015 | Val Acc: 0.3750
2025-06-22 02:45:48,121 [INFO] Epoch 030 | Train Loss: 1.5572 | Val Loss: 1.8040 | Val Acc: 0.4464
2025-06-22 02:45:48,632 [INFO] Epoch 031 | Train Loss: 2.2593 | Val Loss: 2.2882 | Val Acc: 0.4286
2025-06-22 02:45:48,687 [INFO] Epoch 032 | Train Loss: 1.7756 | Val Loss: 2.4100 | Val Acc: 0.3750
2025-06-22 02:45:48,756 [INFO] Epoch 033 | Train Loss: 2.0568 | Val Loss: 2.3464 | Val Acc: 0.3036
2025-06-22 02:45:48,799 [INFO] Epoch 034 | Train Loss: 1.3693 | Val Loss: 2.9691 | Val Acc: 0.3750
2025-06-22 02:45:48,834 [INFO] Epoch 035 | Train Loss: 1.5752 | Val Loss: 2.2770 | Val Acc: 0.3571
2025-06-22 02:45:48,869 [INFO] Epoch 036 | Train Loss: 1.2837 | Val Loss: 1.6729 | Val Acc: 0.3750
2025-06-22 02:45:48,905 [INFO] Epoch 037 | Train Loss: 1.6238 | Val Loss: 1.5521 | Val Acc: 0.4107
2025-06-22 02:45:48,941 [INFO] Epoch 038 | Train Loss: 1.2809 | Val Loss: 1.7328 | Val Acc: 0.4286
2025-06-22 02:45:48,993 [INFO] Epoch 039 | Train Loss: 1.6302 | Val Loss: 1.8111 | Val Acc: 0.4643
2025-06-22 02:45:49,063 [INFO] Epoch 040 | Train Loss: 1.2877 | Val Loss: 2.4812 | Val Acc: 0.3571
2025-06-22 02:45:49,687 [INFO] Epoch 041 | Train Loss: 1.6338 | Val Loss: 2.0760 | Val Acc: 0.3750
2025-06-22 02:45:49,757 [INFO] Epoch 042 | Train Loss: 1.3730 | Val Loss: 2.7755 | Val Acc: 0.4107
2025-06-22 02:45:49,791 [INFO] Epoch 043 | Train Loss: 1.3613 | Val Loss: 2.0947 | Val Acc: 0.4464
2025-06-22 02:45:49,827 [INFO] Epoch 044 | Train Loss: 1.3602 | Val Loss: 2.0184 | Val Acc: 0.3750
2025-06-22 02:45:49,872 [INFO] Epoch 045 | Train Loss: 1.4980 | Val Loss: 1.6364 | Val Acc: 0.3929
2025-06-22 02:45:49,907 [INFO] Epoch 046 | Train Loss: 1.2392 | Val Loss: 1.7276 | Val Acc: 0.3571
2025-06-22 02:45:49,941 [INFO] Epoch 047 | Train Loss: 0.9609 | Val Loss: 1.8599 | Val Acc: 0.3929
2025-06-22 02:45:49,976 [INFO] Epoch 048 | Train Loss: 1.3188 | Val Loss: 1.9880 | Val Acc: 0.3750
2025-06-22 02:45:50,028 [INFO] Epoch 049 | Train Loss: 1.1387 | Val Loss: 2.1232 | Val Acc: 0.3750
2025-06-22 02:45:50,085 [INFO] Epoch 050 | Train Loss: 0.9251 | Val Loss: 1.9154 | Val Acc: 0.3571
2025-06-22 02:45:50,626 [INFO] Epoch 051 | Train Loss: 1.2355 | Val Loss: 1.7668 | Val Acc: 0.4107
2025-06-22 02:45:50,690 [INFO] Epoch 052 | Train Loss: 1.2311 | Val Loss: 1.7181 | Val Acc: 0.4286
2025-06-22 02:45:50,726 [INFO] Epoch 053 | Train Loss: 1.2078 | Val Loss: 1.9917 | Val Acc: 0.4107
2025-06-22 02:45:50,761 [INFO] Epoch 054 | Train Loss: 0.7798 | Val Loss: 2.3704 | Val Acc: 0.4107
2025-06-22 02:45:50,796 [INFO] Epoch 055 | Train Loss: 1.0228 | Val Loss: 2.2278 | Val Acc: 0.3929
2025-06-22 02:45:50,838 [INFO] Epoch 056 | Train Loss: 1.0109 | Val Loss: 2.2080 | Val Acc: 0.4107
2025-06-22 02:45:50,872 [INFO] Epoch 057 | Train Loss: 1.0468 | Val Loss: 2.2551 | Val Acc: 0.3929
2025-06-22 02:45:50,907 [INFO] Epoch 058 | Train Loss: 1.0271 | Val Loss: 2.4695 | Val Acc: 0.4286
2025-06-22 02:45:50,943 [INFO] Epoch 059 | Train Loss: 0.7278 | Val Loss: 2.4139 | Val Acc: 0.4464
2025-06-22 02:45:50,980 [INFO] Epoch 060 | Train Loss: 0.9125 | Val Loss: 2.2480 | Val Acc: 0.3929
2025-06-22 02:45:51,518 [INFO] Epoch 061 | Train Loss: 0.6354 | Val Loss: 2.0028 | Val Acc: 0.4643
2025-06-22 02:45:51,581 [INFO] Epoch 062 | Train Loss: 0.9925 | Val Loss: 2.2687 | Val Acc: 0.4464
2025-06-22 02:45:51,625 [INFO] Epoch 063 | Train Loss: 1.0299 | Val Loss: 2.1517 | Val Acc: 0.4286
2025-06-22 02:45:51,668 [INFO] Epoch 064 | Train Loss: 0.7611 | Val Loss: 2.0784 | Val Acc: 0.3929
2025-06-22 02:45:51,703 [INFO] Epoch 065 | Train Loss: 1.0997 | Val Loss: 2.1796 | Val Acc: 0.4286
2025-06-22 02:45:51,738 [INFO] Epoch 066 | Train Loss: 1.0036 | Val Loss: 1.9981 | Val Acc: 0.4107
2025-06-22 02:45:51,773 [INFO] Epoch 067 | Train Loss: 1.0457 | Val Loss: 1.9036 | Val Acc: 0.3750
2025-06-22 02:45:51,809 [INFO] Epoch 068 | Train Loss: 1.1866 | Val Loss: 2.7959 | Val Acc: 0.3393
2025-06-22 02:45:51,844 [INFO] Epoch 069 | Train Loss: 1.3148 | Val Loss: 2.6198 | Val Acc: 0.3214
2025-06-22 02:45:51,879 [INFO] Epoch 070 | Train Loss: 0.5585 | Val Loss: 2.1436 | Val Acc: 0.3393
2025-06-22 02:45:52,463 [INFO] Epoch 071 | Train Loss: 0.6959 | Val Loss: 2.5083 | Val Acc: 0.4107
2025-06-22 02:45:52,522 [INFO] Epoch 072 | Train Loss: 0.7360 | Val Loss: 2.8513 | Val Acc: 0.3750
2025-06-22 02:45:52,559 [INFO] Epoch 073 | Train Loss: 0.9792 | Val Loss: 2.7428 | Val Acc: 0.3571
2025-06-22 02:45:52,595 [INFO] Epoch 074 | Train Loss: 0.8289 | Val Loss: 3.1736 | Val Acc: 0.3571
2025-06-22 02:45:52,631 [INFO] Epoch 075 | Train Loss: 0.6148 | Val Loss: 3.4606 | Val Acc: 0.3214
2025-06-22 02:45:52,666 [INFO] Epoch 076 | Train Loss: 0.7087 | Val Loss: 3.2230 | Val Acc: 0.3214
2025-06-22 02:45:52,701 [INFO] Epoch 077 | Train Loss: 0.9848 | Val Loss: 2.9253 | Val Acc: 0.4107
2025-06-22 02:45:52,736 [INFO] Epoch 078 | Train Loss: 0.6175 | Val Loss: 2.6181 | Val Acc: 0.3750
2025-06-22 02:45:52,772 [INFO] Epoch 079 | Train Loss: 0.6493 | Val Loss: 2.6279 | Val Acc: 0.3750
2025-06-22 02:45:52,807 [INFO] Epoch 080 | Train Loss: 0.6218 | Val Loss: 2.4389 | Val Acc: 0.4821
2025-06-22 02:45:53,317 [INFO] New best model at epoch 80 (Val Acc: 0.4821)
2025-06-22 02:45:53,368 [INFO] Epoch 081 | Train Loss: 0.6497 | Val Loss: 2.1279 | Val Acc: 0.4821
2025-06-22 02:45:53,419 [INFO] Epoch 082 | Train Loss: 0.7751 | Val Loss: 2.1973 | Val Acc: 0.4643
2025-06-22 02:45:53,456 [INFO] Epoch 083 | Train Loss: 0.6249 | Val Loss: 2.5104 | Val Acc: 0.4286
2025-06-22 02:45:53,494 [INFO] Epoch 084 | Train Loss: 0.8097 | Val Loss: 2.6012 | Val Acc: 0.3929
2025-06-22 02:45:53,530 [INFO] Epoch 085 | Train Loss: 0.7315 | Val Loss: 2.8219 | Val Acc: 0.3571
2025-06-22 02:45:53,565 [INFO] Epoch 086 | Train Loss: 0.5684 | Val Loss: 2.6269 | Val Acc: 0.3929
2025-06-22 02:45:53,601 [INFO] Epoch 087 | Train Loss: 0.5133 | Val Loss: 2.2798 | Val Acc: 0.3393
2025-06-22 02:45:53,637 [INFO] Epoch 088 | Train Loss: 0.4113 | Val Loss: 2.3247 | Val Acc: 0.4464
2025-06-22 02:45:53,675 [INFO] Epoch 089 | Train Loss: 0.5261 | Val Loss: 2.4020 | Val Acc: 0.4464
2025-06-22 02:45:53,714 [INFO] Epoch 090 | Train Loss: 0.6568 | Val Loss: 2.3088 | Val Acc: 0.4464
2025-06-22 02:45:54,244 [INFO] Epoch 091 | Train Loss: 0.6871 | Val Loss: 2.6086 | Val Acc: 0.5000
2025-06-22 02:45:54,250 [INFO] New best model at epoch 91 (Val Acc: 0.5000)
2025-06-22 02:45:54,316 [INFO] Epoch 092 | Train Loss: 0.5816 | Val Loss: 2.8108 | Val Acc: 0.4643
2025-06-22 02:45:54,371 [INFO] Epoch 093 | Train Loss: 0.9802 | Val Loss: 4.6015 | Val Acc: 0.4286
2025-06-22 02:45:54,410 [INFO] Epoch 094 | Train Loss: 0.5837 | Val Loss: 3.4110 | Val Acc: 0.3929
2025-06-22 02:45:54,445 [INFO] Epoch 095 | Train Loss: 0.5712 | Val Loss: 3.1606 | Val Acc: 0.3571
2025-06-22 02:45:54,483 [INFO] Epoch 096 | Train Loss: 0.7929 | Val Loss: 3.6125 | Val Acc: 0.3750
2025-06-22 02:45:54,519 [INFO] Epoch 097 | Train Loss: 0.7089 | Val Loss: 4.7330 | Val Acc: 0.3571
2025-06-22 02:45:54,554 [INFO] Epoch 098 | Train Loss: 0.5740 | Val Loss: 3.4569 | Val Acc: 0.3750
2025-06-22 02:45:54,591 [INFO] Epoch 099 | Train Loss: 0.5265 | Val Loss: 2.6041 | Val Acc: 0.3036
2025-06-22 02:45:54,626 [INFO] Epoch 100 | Train Loss: 0.7645 | Val Loss: 2.7636 | Val Acc: 0.3214
2025-06-22 02:45:55,186 [INFO] Epoch 101 | Train Loss: 0.5601 | Val Loss: 3.0403 | Val Acc: 0.3214
2025-06-22 02:45:55,259 [INFO] Epoch 102 | Train Loss: 0.5722 | Val Loss: 3.0344 | Val Acc: 0.3750
2025-06-22 02:45:55,302 [INFO] Epoch 103 | Train Loss: 0.4808 | Val Loss: 2.8240 | Val Acc: 0.4107
2025-06-22 02:45:55,338 [INFO] Epoch 104 | Train Loss: 0.3089 | Val Loss: 3.1273 | Val Acc: 0.4643
2025-06-22 02:45:55,377 [INFO] Epoch 105 | Train Loss: 0.4321 | Val Loss: 3.5971 | Val Acc: 0.4821
2025-06-22 02:45:55,424 [INFO] Epoch 106 | Train Loss: 0.5155 | Val Loss: 3.4824 | Val Acc: 0.3571
2025-06-22 02:45:55,471 [INFO] Epoch 107 | Train Loss: 0.5930 | Val Loss: 3.3810 | Val Acc: 0.3750
2025-06-22 02:45:55,508 [INFO] Epoch 108 | Train Loss: 0.5810 | Val Loss: 3.3181 | Val Acc: 0.3214
2025-06-22 02:45:55,546 [INFO] Epoch 109 | Train Loss: 0.5700 | Val Loss: 3.6305 | Val Acc: 0.3036
2025-06-22 02:45:55,582 [INFO] Epoch 110 | Train Loss: 0.3754 | Val Loss: 3.5396 | Val Acc: 0.3929
2025-06-22 02:45:57,162 [INFO] Epoch 111 | Train Loss: 1.0005 | Val Loss: 3.4336 | Val Acc: 0.3750
2025-06-22 02:45:57,231 [INFO] Epoch 112 | Train Loss: 0.5884 | Val Loss: 3.5196 | Val Acc: 0.3929
2025-06-22 02:45:57,266 [INFO] Epoch 113 | Train Loss: 0.6715 | Val Loss: 3.2322 | Val Acc: 0.4286
2025-06-22 02:45:57,302 [INFO] Epoch 114 | Train Loss: 0.6726 | Val Loss: 2.9041 | Val Acc: 0.4464
2025-06-22 02:45:57,366 [INFO] Epoch 115 | Train Loss: 0.4631 | Val Loss: 3.1316 | Val Acc: 0.4107
2025-06-22 02:45:57,436 [INFO] Epoch 116 | Train Loss: 0.4664 | Val Loss: 3.4561 | Val Acc: 0.3750
2025-06-22 02:45:57,529 [INFO] Epoch 117 | Train Loss: 0.3044 | Val Loss: 3.8155 | Val Acc: 0.3393
2025-06-22 02:45:57,597 [INFO] Epoch 118 | Train Loss: 0.5101 | Val Loss: 3.5554 | Val Acc: 0.3393
2025-06-22 02:45:57,635 [INFO] Epoch 119 | Train Loss: 0.7955 | Val Loss: 3.7620 | Val Acc: 0.3929
2025-06-22 02:45:57,671 [INFO] Epoch 120 | Train Loss: 0.5599 | Val Loss: 3.5123 | Val Acc: 0.3393
2025-06-22 02:45:58,235 [INFO] Epoch 121 | Train Loss: 0.5436 | Val Loss: 3.1230 | Val Acc: 0.4107
2025-06-22 02:45:58,304 [INFO] Epoch 122 | Train Loss: 0.4350 | Val Loss: 2.7716 | Val Acc: 0.4286
2025-06-22 02:45:58,348 [INFO] Epoch 123 | Train Loss: 0.2962 | Val Loss: 3.1097 | Val Acc: 0.4286
2025-06-22 02:45:58,385 [INFO] Epoch 124 | Train Loss: 0.5323 | Val Loss: 3.6122 | Val Acc: 0.4286
2025-06-22 02:45:58,421 [INFO] Epoch 125 | Train Loss: 0.3593 | Val Loss: 3.4058 | Val Acc: 0.4286
2025-06-22 02:45:58,455 [INFO] Epoch 126 | Train Loss: 0.5568 | Val Loss: 3.3785 | Val Acc: 0.4107
2025-06-22 02:45:58,490 [INFO] Epoch 127 | Train Loss: 0.6166 | Val Loss: 3.6724 | Val Acc: 0.3929
2025-06-22 02:45:58,526 [INFO] Epoch 128 | Train Loss: 0.6568 | Val Loss: 3.2707 | Val Acc: 0.3929
2025-06-22 02:45:58,561 [INFO] Epoch 129 | Train Loss: 0.4418 | Val Loss: 3.4052 | Val Acc: 0.3393
2025-06-22 02:45:58,609 [INFO] Epoch 130 | Train Loss: 0.6260 | Val Loss: 3.7104 | Val Acc: 0.3929
2025-06-22 02:45:59,171 [INFO] Epoch 131 | Train Loss: 0.2568 | Val Loss: 4.3020 | Val Acc: 0.4464
2025-06-22 02:45:59,232 [INFO] Epoch 132 | Train Loss: 0.5599 | Val Loss: 4.0590 | Val Acc: 0.3571
2025-06-22 02:45:59,271 [INFO] Epoch 133 | Train Loss: 0.7389 | Val Loss: 3.8519 | Val Acc: 0.3750
2025-06-22 02:45:59,307 [INFO] Epoch 134 | Train Loss: 0.4254 | Val Loss: 4.1211 | Val Acc: 0.3929
2025-06-22 02:45:59,340 [INFO] Epoch 135 | Train Loss: 0.4943 | Val Loss: 4.2364 | Val Acc: 0.3393
2025-06-22 02:45:59,375 [INFO] Epoch 136 | Train Loss: 0.2371 | Val Loss: 4.1425 | Val Acc: 0.3929
2025-06-22 02:45:59,410 [INFO] Epoch 137 | Train Loss: 0.4031 | Val Loss: 3.9357 | Val Acc: 0.3036
2025-06-22 02:45:59,444 [INFO] Epoch 138 | Train Loss: 0.3680 | Val Loss: 4.4119 | Val Acc: 0.3393
2025-06-22 02:45:59,484 [INFO] Epoch 139 | Train Loss: 0.4676 | Val Loss: 4.2294 | Val Acc: 0.3929
2025-06-22 02:45:59,518 [INFO] Epoch 140 | Train Loss: 0.3500 | Val Loss: 3.8344 | Val Acc: 0.3750
2025-06-22 02:46:00,787 [INFO] Epoch 141 | Train Loss: 0.3515 | Val Loss: 3.8505 | Val Acc: 0.4464
2025-06-22 02:46:00,946 [INFO] Epoch 142 | Train Loss: 0.3670 | Val Loss: 4.4783 | Val Acc: 0.3929
2025-06-22 02:46:00,982 [INFO] Epoch 143 | Train Loss: 0.2145 | Val Loss: 4.1161 | Val Acc: 0.4107
2025-06-22 02:46:01,069 [INFO] Epoch 144 | Train Loss: 0.2848 | Val Loss: 3.6986 | Val Acc: 0.4107
2025-06-22 02:46:01,119 [INFO] Epoch 145 | Train Loss: 0.4968 | Val Loss: 3.2554 | Val Acc: 0.4821
2025-06-22 02:46:01,156 [INFO] Epoch 146 | Train Loss: 0.4088 | Val Loss: 3.9868 | Val Acc: 0.4286
2025-06-22 02:46:01,192 [INFO] Epoch 147 | Train Loss: 0.2861 | Val Loss: 4.1586 | Val Acc: 0.4464
2025-06-22 02:46:01,235 [INFO] Epoch 148 | Train Loss: 0.3384 | Val Loss: 4.6369 | Val Acc: 0.4286
2025-06-22 02:46:01,269 [INFO] Epoch 149 | Train Loss: 0.5821 | Val Loss: 4.8795 | Val Acc: 0.3393
2025-06-22 02:46:01,318 [INFO] Epoch 150 | Train Loss: 0.2864 | Val Loss: 5.0245 | Val Acc: 0.3571
2025-06-22 02:46:01,875 [INFO] Epoch 151 | Train Loss: 0.4113 | Val Loss: 4.9802 | Val Acc: 0.3929
2025-06-22 02:46:01,939 [INFO] Epoch 152 | Train Loss: 0.3816 | Val Loss: 4.2950 | Val Acc: 0.3571
2025-06-22 02:46:01,975 [INFO] Epoch 153 | Train Loss: 0.2491 | Val Loss: 3.9801 | Val Acc: 0.3929
2025-06-22 02:46:02,013 [INFO] Epoch 154 | Train Loss: 0.3642 | Val Loss: 4.1799 | Val Acc: 0.3750
2025-06-22 02:46:02,047 [INFO] Epoch 155 | Train Loss: 0.4643 | Val Loss: 4.5124 | Val Acc: 0.3929
2025-06-22 02:46:02,087 [INFO] Epoch 156 | Train Loss: 0.2854 | Val Loss: 4.7308 | Val Acc: 0.3929
2025-06-22 02:46:02,123 [INFO] Epoch 157 | Train Loss: 0.4193 | Val Loss: 4.5339 | Val Acc: 0.3750
2025-06-22 02:46:02,158 [INFO] Epoch 158 | Train Loss: 0.3173 | Val Loss: 4.4794 | Val Acc: 0.3571
2025-06-22 02:46:02,194 [INFO] Epoch 159 | Train Loss: 0.2987 | Val Loss: 4.4944 | Val Acc: 0.3750
2025-06-22 02:46:02,231 [INFO] Epoch 160 | Train Loss: 0.3715 | Val Loss: 4.1206 | Val Acc: 0.3571
2025-06-22 02:46:02,766 [INFO] Epoch 161 | Train Loss: 0.1853 | Val Loss: 4.3757 | Val Acc: 0.3929
2025-06-22 02:46:02,842 [INFO] Epoch 162 | Train Loss: 0.1946 | Val Loss: 4.7547 | Val Acc: 0.3393
2025-06-22 02:46:02,896 [INFO] Epoch 163 | Train Loss: 0.3645 | Val Loss: 5.3920 | Val Acc: 0.3571
2025-06-22 02:46:02,940 [INFO] Epoch 164 | Train Loss: 0.1825 | Val Loss: 4.8202 | Val Acc: 0.3571
2025-06-22 02:46:02,977 [INFO] Epoch 165 | Train Loss: 0.2146 | Val Loss: 4.2098 | Val Acc: 0.3750
2025-06-22 02:46:03,012 [INFO] Epoch 166 | Train Loss: 0.1009 | Val Loss: 4.0767 | Val Acc: 0.3571
2025-06-22 02:46:03,047 [INFO] Epoch 167 | Train Loss: 0.2900 | Val Loss: 4.5427 | Val Acc: 0.3750
2025-06-22 02:46:03,082 [INFO] Epoch 168 | Train Loss: 0.3228 | Val Loss: 4.8285 | Val Acc: 0.3750
2025-06-22 02:46:03,118 [INFO] Epoch 169 | Train Loss: 0.1690 | Val Loss: 5.0517 | Val Acc: 0.4286
2025-06-22 02:46:03,154 [INFO] Epoch 170 | Train Loss: 0.2812 | Val Loss: 5.2565 | Val Acc: 0.4107
2025-06-22 02:46:03,688 [INFO] Epoch 171 | Train Loss: 0.3363 | Val Loss: 4.2015 | Val Acc: 0.4286
2025-06-22 02:46:03,770 [INFO] Epoch 172 | Train Loss: 0.3543 | Val Loss: 4.2096 | Val Acc: 0.4286
2025-06-22 02:46:03,812 [INFO] Epoch 173 | Train Loss: 0.2092 | Val Loss: 3.8256 | Val Acc: 0.4464
2025-06-22 02:46:03,847 [INFO] Epoch 174 | Train Loss: 0.3292 | Val Loss: 3.9177 | Val Acc: 0.3929
2025-06-22 02:46:03,882 [INFO] Epoch 175 | Train Loss: 0.5000 | Val Loss: 4.1674 | Val Acc: 0.4464
2025-06-22 02:46:03,930 [INFO] Epoch 176 | Train Loss: 0.2190 | Val Loss: 3.7243 | Val Acc: 0.3929
2025-06-22 02:46:03,978 [INFO] Epoch 177 | Train Loss: 0.1671 | Val Loss: 3.6741 | Val Acc: 0.4286
2025-06-22 02:46:04,015 [INFO] Epoch 178 | Train Loss: 0.4296 | Val Loss: 3.8672 | Val Acc: 0.4107
2025-06-22 02:46:04,064 [INFO] Epoch 179 | Train Loss: 0.3112 | Val Loss: 4.0426 | Val Acc: 0.3929
2025-06-22 02:46:04,099 [INFO] Epoch 180 | Train Loss: 0.1969 | Val Loss: 4.2386 | Val Acc: 0.4464
2025-06-22 02:46:04,626 [INFO] Epoch 181 | Train Loss: 0.2770 | Val Loss: 4.4108 | Val Acc: 0.3571
2025-06-22 02:46:04,688 [INFO] Epoch 182 | Train Loss: 0.2872 | Val Loss: 4.3243 | Val Acc: 0.4286
2025-06-22 02:46:04,722 [INFO] Epoch 183 | Train Loss: 0.2379 | Val Loss: 4.4232 | Val Acc: 0.4286
2025-06-22 02:46:04,764 [INFO] Epoch 184 | Train Loss: 0.2856 | Val Loss: 3.9831 | Val Acc: 0.3750
2025-06-22 02:46:04,799 [INFO] Epoch 185 | Train Loss: 0.2212 | Val Loss: 3.6606 | Val Acc: 0.4464
2025-06-22 02:46:04,834 [INFO] Epoch 186 | Train Loss: 0.1354 | Val Loss: 3.6780 | Val Acc: 0.4821
2025-06-22 02:46:04,870 [INFO] Epoch 187 | Train Loss: 0.3016 | Val Loss: 3.9142 | Val Acc: 0.4643
2025-06-22 02:46:04,906 [INFO] Epoch 188 | Train Loss: 0.3104 | Val Loss: 4.3759 | Val Acc: 0.4286
2025-06-22 02:46:04,941 [INFO] Epoch 189 | Train Loss: 0.2472 | Val Loss: 3.8670 | Val Acc: 0.4107
2025-06-22 02:46:04,987 [INFO] Epoch 190 | Train Loss: 0.3185 | Val Loss: 3.8889 | Val Acc: 0.4286
2025-06-22 02:46:05,523 [INFO] Epoch 191 | Train Loss: 0.3171 | Val Loss: 4.1645 | Val Acc: 0.4464
2025-06-22 02:46:05,590 [INFO] Epoch 192 | Train Loss: 0.2296 | Val Loss: 4.9132 | Val Acc: 0.4286
2025-06-22 02:46:05,635 [INFO] Epoch 193 | Train Loss: 0.3047 | Val Loss: 4.6443 | Val Acc: 0.4643
2025-06-22 02:46:05,669 [INFO] Epoch 194 | Train Loss: 0.2707 | Val Loss: 4.7312 | Val Acc: 0.4464
2025-06-22 02:46:05,705 [INFO] Epoch 195 | Train Loss: 0.2341 | Val Loss: 4.8723 | Val Acc: 0.4464
2025-06-22 02:46:05,739 [INFO] Epoch 196 | Train Loss: 0.1980 | Val Loss: 4.7343 | Val Acc: 0.3929
2025-06-22 02:46:05,774 [INFO] Epoch 197 | Train Loss: 0.3806 | Val Loss: 4.6316 | Val Acc: 0.3750
2025-06-22 02:46:05,810 [INFO] Epoch 198 | Train Loss: 0.2792 | Val Loss: 5.1578 | Val Acc: 0.3929
2025-06-22 02:46:05,844 [INFO] Epoch 199 | Train Loss: 0.2253 | Val Loss: 5.4291 | Val Acc: 0.3571
2025-06-22 02:46:05,878 [INFO] Epoch 200 | Train Loss: 0.0886 | Val Loss: 5.3470 | Val Acc: 0.3750
2025-06-22 02:46:06,420 [INFO] Epoch 201 | Train Loss: 0.2794 | Val Loss: 5.1325 | Val Acc: 0.4643
2025-06-22 02:46:06,482 [INFO] Epoch 202 | Train Loss: 0.1157 | Val Loss: 4.8374 | Val Acc: 0.4286
2025-06-22 02:46:06,522 [INFO] Epoch 203 | Train Loss: 0.1382 | Val Loss: 4.7844 | Val Acc: 0.4464
2025-06-22 02:46:06,563 [INFO] Epoch 204 | Train Loss: 0.1805 | Val Loss: 4.6726 | Val Acc: 0.4821
2025-06-22 02:46:06,599 [INFO] Epoch 205 | Train Loss: 0.1223 | Val Loss: 4.6052 | Val Acc: 0.4821
2025-06-22 02:46:06,634 [INFO] Epoch 206 | Train Loss: 0.2004 | Val Loss: 4.9781 | Val Acc: 0.4286
2025-06-22 02:46:06,669 [INFO] Epoch 207 | Train Loss: 0.2270 | Val Loss: 5.0613 | Val Acc: 0.4464
2025-06-22 02:46:06,706 [INFO] Epoch 208 | Train Loss: 0.2145 | Val Loss: 4.9615 | Val Acc: 0.5179
2025-06-22 02:46:06,712 [INFO] New best model at epoch 208 (Val Acc: 0.5179)
2025-06-22 02:46:06,742 [INFO] Epoch 209 | Train Loss: 0.1984 | Val Loss: 4.5708 | Val Acc: 0.5000
2025-06-22 02:46:06,779 [INFO] Epoch 210 | Train Loss: 0.2618 | Val Loss: 4.7021 | Val Acc: 0.5000
2025-06-22 02:46:07,343 [INFO] Epoch 211 | Train Loss: 0.1561 | Val Loss: 4.8864 | Val Acc: 0.5000
2025-06-22 02:46:07,402 [INFO] Epoch 212 | Train Loss: 0.2108 | Val Loss: 4.6702 | Val Acc: 0.4821
2025-06-22 02:46:07,439 [INFO] Epoch 213 | Train Loss: 0.2533 | Val Loss: 5.1358 | Val Acc: 0.4286
2025-06-22 02:46:07,481 [INFO] Epoch 214 | Train Loss: 0.2665 | Val Loss: 5.7582 | Val Acc: 0.4286
2025-06-22 02:46:07,520 [INFO] Epoch 215 | Train Loss: 0.3273 | Val Loss: 6.3282 | Val Acc: 0.4464
2025-06-22 02:46:07,557 [INFO] Epoch 216 | Train Loss: 0.4058 | Val Loss: 5.5561 | Val Acc: 0.4464
2025-06-22 02:46:07,593 [INFO] Epoch 217 | Train Loss: 0.2219 | Val Loss: 5.0766 | Val Acc: 0.4286
2025-06-22 02:46:07,628 [INFO] Epoch 218 | Train Loss: 0.2506 | Val Loss: 4.4120 | Val Acc: 0.4643
2025-06-22 02:46:07,674 [INFO] Epoch 219 | Train Loss: 0.2037 | Val Loss: 4.3349 | Val Acc: 0.4286
2025-06-22 02:46:07,709 [INFO] Epoch 220 | Train Loss: 0.2136 | Val Loss: 4.3122 | Val Acc: 0.4286
2025-06-22 02:46:08,578 [INFO] Epoch 221 | Train Loss: 0.2180 | Val Loss: 4.5863 | Val Acc: 0.3929
2025-06-22 02:46:08,654 [INFO] Epoch 222 | Train Loss: 0.1933 | Val Loss: 4.6846 | Val Acc: 0.3571
2025-06-22 02:46:08,689 [INFO] Epoch 223 | Train Loss: 0.2361 | Val Loss: 4.8001 | Val Acc: 0.4107
2025-06-22 02:46:08,725 [INFO] Epoch 224 | Train Loss: 0.1729 | Val Loss: 5.5611 | Val Acc: 0.4286
2025-06-22 02:46:08,778 [INFO] Epoch 225 | Train Loss: 0.3070 | Val Loss: 5.8117 | Val Acc: 0.4107
2025-06-22 02:46:08,847 [INFO] Epoch 226 | Train Loss: 0.2409 | Val Loss: 6.4611 | Val Acc: 0.3571
2025-06-22 02:46:08,883 [INFO] Epoch 227 | Train Loss: 0.3133 | Val Loss: 5.6097 | Val Acc: 0.4107
2025-06-22 02:46:08,918 [INFO] Epoch 228 | Train Loss: 0.3087 | Val Loss: 5.6461 | Val Acc: 0.4464
2025-06-22 02:46:08,953 [INFO] Epoch 229 | Train Loss: 0.4726 | Val Loss: 5.2394 | Val Acc: 0.3929
2025-06-22 02:46:08,989 [INFO] Epoch 230 | Train Loss: 0.2427 | Val Loss: 5.6698 | Val Acc: 0.4107
2025-06-22 02:46:09,553 [INFO] Epoch 231 | Train Loss: 0.2065 | Val Loss: 5.3864 | Val Acc: 0.4107
2025-06-22 02:46:09,623 [INFO] Epoch 232 | Train Loss: 0.2627 | Val Loss: 4.8246 | Val Acc: 0.3571
2025-06-22 02:46:09,658 [INFO] Epoch 233 | Train Loss: 0.3060 | Val Loss: 3.8118 | Val Acc: 0.4821
2025-06-22 02:46:09,692 [INFO] Epoch 234 | Train Loss: 0.2560 | Val Loss: 4.1461 | Val Acc: 0.5000
2025-06-22 02:46:09,727 [INFO] Epoch 235 | Train Loss: 0.3622 | Val Loss: 3.9132 | Val Acc: 0.5357
2025-06-22 02:46:09,733 [INFO] New best model at epoch 235 (Val Acc: 0.5357)
2025-06-22 02:46:09,763 [INFO] Epoch 236 | Train Loss: 0.1488 | Val Loss: 4.8419 | Val Acc: 0.5179
2025-06-22 02:46:09,798 [INFO] Epoch 237 | Train Loss: 0.1980 | Val Loss: 5.1008 | Val Acc: 0.5179
2025-06-22 02:46:09,834 [INFO] Epoch 238 | Train Loss: 0.2413 | Val Loss: 5.1959 | Val Acc: 0.4464
2025-06-22 02:46:09,869 [INFO] Epoch 239 | Train Loss: 0.2143 | Val Loss: 5.3424 | Val Acc: 0.4464
2025-06-22 02:46:09,904 [INFO] Epoch 240 | Train Loss: 0.0834 | Val Loss: 6.0420 | Val Acc: 0.4643
2025-06-22 02:46:10,521 [INFO] Epoch 241 | Train Loss: 0.1670 | Val Loss: 5.9974 | Val Acc: 0.4821
2025-06-22 02:46:10,577 [INFO] Epoch 242 | Train Loss: 0.1206 | Val Loss: 5.2363 | Val Acc: 0.4464
2025-06-22 02:46:10,616 [INFO] Epoch 243 | Train Loss: 0.2671 | Val Loss: 4.7771 | Val Acc: 0.4464
2025-06-22 02:46:10,651 [INFO] Epoch 244 | Train Loss: 0.1675 | Val Loss: 4.5169 | Val Acc: 0.4821
2025-06-22 02:46:10,685 [INFO] Epoch 245 | Train Loss: 0.2326 | Val Loss: 4.4462 | Val Acc: 0.4107
2025-06-22 02:46:10,720 [INFO] Epoch 246 | Train Loss: 0.1113 | Val Loss: 4.7340 | Val Acc: 0.3929
2025-06-22 02:46:10,755 [INFO] Epoch 247 | Train Loss: 0.2424 | Val Loss: 5.0500 | Val Acc: 0.4464
2025-06-22 02:46:10,791 [INFO] Epoch 248 | Train Loss: 0.1185 | Val Loss: 5.0817 | Val Acc: 0.3929
2025-06-22 02:46:10,837 [INFO] Epoch 249 | Train Loss: 0.1557 | Val Loss: 5.3315 | Val Acc: 0.4286
2025-06-22 02:46:10,873 [INFO] Epoch 250 | Train Loss: 0.2169 | Val Loss: 5.8857 | Val Acc: 0.3393
2025-06-22 02:46:11,452 [INFO] Epoch 251 | Train Loss: 0.1495 | Val Loss: 4.9955 | Val Acc: 0.4643
2025-06-22 02:46:11,512 [INFO] Epoch 252 | Train Loss: 0.0928 | Val Loss: 4.9529 | Val Acc: 0.4643
2025-06-22 02:46:11,548 [INFO] Epoch 253 | Train Loss: 0.2095 | Val Loss: 4.8199 | Val Acc: 0.4821
2025-06-22 02:46:11,582 [INFO] Epoch 254 | Train Loss: 0.0921 | Val Loss: 4.8293 | Val Acc: 0.4286
2025-06-22 02:46:11,617 [INFO] Epoch 255 | Train Loss: 0.0980 | Val Loss: 5.0113 | Val Acc: 0.4643
2025-06-22 02:46:11,652 [INFO] Epoch 256 | Train Loss: 0.1640 | Val Loss: 4.9739 | Val Acc: 0.4821
2025-06-22 02:46:11,686 [INFO] Epoch 257 | Train Loss: 0.0688 | Val Loss: 4.8716 | Val Acc: 0.4821
2025-06-22 02:46:11,723 [INFO] Epoch 258 | Train Loss: 0.0896 | Val Loss: 4.7340 | Val Acc: 0.4821
2025-06-22 02:46:11,760 [INFO] Epoch 259 | Train Loss: 0.1921 | Val Loss: 5.2963 | Val Acc: 0.4286
2025-06-22 02:46:11,794 [INFO] Epoch 260 | Train Loss: 0.1130 | Val Loss: 4.9482 | Val Acc: 0.4286
2025-06-22 02:46:12,295 [INFO] Epoch 261 | Train Loss: 0.2334 | Val Loss: 5.5283 | Val Acc: 0.4464
2025-06-22 02:46:12,351 [INFO] Epoch 262 | Train Loss: 0.1621 | Val Loss: 5.3723 | Val Acc: 0.4286
2025-06-22 02:46:12,396 [INFO] Epoch 263 | Train Loss: 0.1150 | Val Loss: 5.3722 | Val Acc: 0.4107
2025-06-22 02:46:12,433 [INFO] Epoch 264 | Train Loss: 0.1892 | Val Loss: 5.6886 | Val Acc: 0.3929
2025-06-22 02:46:12,507 [INFO] Epoch 265 | Train Loss: 0.2036 | Val Loss: 5.9979 | Val Acc: 0.4286
2025-06-22 02:46:12,548 [INFO] Epoch 266 | Train Loss: 0.1000 | Val Loss: 5.6564 | Val Acc: 0.4464
2025-06-22 02:46:12,583 [INFO] Epoch 267 | Train Loss: 0.0981 | Val Loss: 5.1283 | Val Acc: 0.4464
2025-06-22 02:46:12,618 [INFO] Epoch 268 | Train Loss: 0.1070 | Val Loss: 5.1101 | Val Acc: 0.4821
2025-06-22 02:46:12,654 [INFO] Epoch 269 | Train Loss: 0.0613 | Val Loss: 5.3748 | Val Acc: 0.4464
2025-06-22 02:46:12,690 [INFO] Epoch 270 | Train Loss: 0.1625 | Val Loss: 5.3318 | Val Acc: 0.4107
2025-06-22 02:46:13,274 [INFO] Epoch 271 | Train Loss: 0.1055 | Val Loss: 5.1609 | Val Acc: 0.4286
2025-06-22 02:46:13,329 [INFO] Epoch 272 | Train Loss: 0.3108 | Val Loss: 4.8911 | Val Acc: 0.4286
2025-06-22 02:46:13,365 [INFO] Epoch 273 | Train Loss: 0.1793 | Val Loss: 4.6241 | Val Acc: 0.4286
2025-06-22 02:46:13,405 [INFO] Epoch 274 | Train Loss: 0.3643 | Val Loss: 4.5488 | Val Acc: 0.4821
2025-06-22 02:46:13,441 [INFO] Epoch 275 | Train Loss: 0.1284 | Val Loss: 5.1425 | Val Acc: 0.3750
2025-06-22 02:46:13,475 [INFO] Epoch 276 | Train Loss: 0.2007 | Val Loss: 5.3826 | Val Acc: 0.3393
2025-06-22 02:46:13,523 [INFO] Epoch 277 | Train Loss: 0.2202 | Val Loss: 5.2790 | Val Acc: 0.3750
2025-06-22 02:46:13,559 [INFO] Epoch 278 | Train Loss: 0.1477 | Val Loss: 5.3502 | Val Acc: 0.4286
2025-06-22 02:46:13,599 [INFO] Epoch 279 | Train Loss: 0.2599 | Val Loss: 5.1253 | Val Acc: 0.5000
2025-06-22 02:46:13,633 [INFO] Epoch 280 | Train Loss: 0.1511 | Val Loss: 4.8385 | Val Acc: 0.4464
2025-06-22 02:46:14,174 [INFO] Epoch 281 | Train Loss: 0.1519 | Val Loss: 4.4025 | Val Acc: 0.4107
2025-06-22 02:46:14,231 [INFO] Epoch 282 | Train Loss: 0.1056 | Val Loss: 4.5669 | Val Acc: 0.3929
2025-06-22 02:46:14,267 [INFO] Epoch 283 | Train Loss: 0.0562 | Val Loss: 4.6298 | Val Acc: 0.4643
2025-06-22 02:46:14,309 [INFO] Epoch 284 | Train Loss: 0.0641 | Val Loss: 4.6134 | Val Acc: 0.4286
2025-06-22 02:46:14,344 [INFO] Epoch 285 | Train Loss: 0.1426 | Val Loss: 4.8724 | Val Acc: 0.4107
2025-06-22 02:46:14,380 [INFO] Epoch 286 | Train Loss: 0.1850 | Val Loss: 5.4918 | Val Acc: 0.3929
2025-06-22 02:46:14,415 [INFO] Epoch 287 | Train Loss: 0.0913 | Val Loss: 5.4991 | Val Acc: 0.3929
2025-06-22 02:46:14,451 [INFO] Epoch 288 | Train Loss: 0.2850 | Val Loss: 5.2328 | Val Acc: 0.3929
2025-06-22 02:46:14,487 [INFO] Epoch 289 | Train Loss: 0.1428 | Val Loss: 5.1061 | Val Acc: 0.4464
2025-06-22 02:46:14,523 [INFO] Epoch 290 | Train Loss: 0.1164 | Val Loss: 5.1833 | Val Acc: 0.3750
2025-06-22 02:46:15,749 [INFO] Epoch 291 | Train Loss: 0.1653 | Val Loss: 5.0553 | Val Acc: 0.4107
2025-06-22 02:46:15,811 [INFO] Epoch 292 | Train Loss: 0.0716 | Val Loss: 5.7962 | Val Acc: 0.3929
2025-06-22 02:46:15,865 [INFO] Epoch 293 | Train Loss: 0.0644 | Val Loss: 5.8434 | Val Acc: 0.4107
2025-06-22 02:46:15,900 [INFO] Epoch 294 | Train Loss: 0.1200 | Val Loss: 5.4247 | Val Acc: 0.4464
2025-06-22 02:46:15,951 [INFO] Epoch 295 | Train Loss: 0.0480 | Val Loss: 5.0503 | Val Acc: 0.4643
2025-06-22 02:46:16,007 [INFO] Epoch 296 | Train Loss: 0.0946 | Val Loss: 5.3133 | Val Acc: 0.4464
2025-06-22 02:46:16,044 [INFO] Epoch 297 | Train Loss: 0.0438 | Val Loss: 5.5357 | Val Acc: 0.3929
2025-06-22 02:46:16,081 [INFO] Epoch 298 | Train Loss: 0.0329 | Val Loss: 5.3145 | Val Acc: 0.4107
2025-06-22 02:46:16,117 [INFO] Epoch 299 | Train Loss: 0.0727 | Val Loss: 5.3279 | Val Acc: 0.3750
2025-06-22 02:46:16,152 [INFO] Epoch 300 | Train Loss: 0.0651 | Val Loss: 5.5315 | Val Acc: 0.4643
2025-06-22 02:46:16,877 [INFO] Best model saved to <built-in function time>/ENZYMES/best/best_source_gin.pth (Val Acc: 0.5357 at epoch 235)
2025-06-22 02:46:16,878 [INFO] Training/validation metrics saved to <built-in function time>/ENZYMES/GIN_0.001/train_metrics.csv
2025-06-22 02:46:17,373 [INFO] Final training curves saved
2025-06-22 02:46:17,373 [INFO] Training completed!
2025-06-22 02:46:17,373 [INFO] Best validation accuracy: 0.5357
2025-06-22 02:46:17,373 [INFO] Best epoch: 235
2025-06-22 02:46:17,373 [INFO] Total epochs trained: 300
2025-06-22 02:46:17,374 [INFO] Starting training with parameters: (0.001, 0.2, 128, 4, 300, 0.001)
